5.69219e-005
0.000109123
0.000158091
0.000204893
0.000250307
0.000294918
0.000339175
0.000383425
0.000427944
0.000472951
0.000518624
0.000565109
0.000612526
0.000660976
0.000710542
0.000761297
0.000813301
0.000866605
0.000921253
0.000977283
0.00103472
0.0010936
0.00115394
0.00121575
0.00127904
0.00134384
0.00141015
0.00147797
0.0015473
0.00161813
0.00169046
0.00176429
0.00183961
0.00191644
0.00199477
0.00207462
0.00215598
0.00223888
0.00232331
0.00240926
0.00249678
0.0025859
0.00267662
0.00276893
0.00286285
0.00295841
0.00305567
0.00315464
0.00325531
0.00335764
0.00346163
0.0035673
0.00367469
0.00378383
0.00389475
0.00400743
0.00412185
0.004238
0.00435586
0.00447542
0.00459671
0.00471977
0.00484461
0.00497124
0.00509968
0.00522991
0.00536191
0.00549568
0.00563117
0.00576837
0.00590726
0.00604781
0.00619004
0.00633398
0.00647964
0.00662707
0.00677629
0.00692733
0.00708022
0.00723495
0.00739153
0.00754997
0.00771027
0.00787241
0.00803639
0.0082022
0.00836982
0.00853924
0.00871045
0.00888342
0.00905814
0.0092346
0.00941277
0.00959263
0.00977418
0.0099574
0.0101423
0.0103289
0.0105172
0.0107071
0.0108988
0.0110923
0.0112874
0.0114844
0.0116831
0.0118836
0.0120859
0.01229
0.0124958
0.0127035
0.012913
0.0131243
0.0133374
0.0135523
0.013769
0.0139875
0.0142078
0.0144299
0.0146538
0.0148796
0.0151071
0.0153364
0.0155676
0.0158006
0.0160353
0.0162719
0.0165103
0.0167505
0.0169924
0.0172362
0.0174818
0.0177293
0.0179785
0.0182295
0.0184823
0.0187369
0.0189933
0.0192515
0.0195115
0.0197732
0.0200368
0.0203021
0.0205692
0.0208381
0.0211088
0.0213811
0.0216553
0.0219312
0.0222088
0.0224881
0.0227692
0.023052
0.0233366
0.0236229
0.0239109
0.0242007
0.0244922
0.0247855
0.0250805
0.0253773
0.025676
0.0259764
0.0262786
0.0265826
0.0268884
0.0271961
0.0275055
0.0278168
0.02813
0.0284449
0.0287617
0.0290803
0.0294008
0.0297231
0.0300472
0.0303732
0.0307011
0.0310308
0.0313623
0.0316957
0.0320309
0.032368
0.0327069
0.0330477
0.0333904
0.0337349
0.0340813
0.0344295
0.0347796
0.0351316
0.0354854
0.0358411
0.0361987
0.0365581
0.0369194
0.0372826
0.0376476
0.0380145
0.0383833
0.038754
