-1426.76
-2615.74
-3621.82
-4484.18
-5231.58
-5885.57
-6462.63
-6975.59
-7434.57
-7847.66
-8221.43
-8561.24
-8871.51
-9155.93
-9417.62
-9659.17
-9882.8
-10090.4
-10283.4
-10463.1
-10630.3
-10785.2
-10927.5
-11056.5
-11171.1
-11270.6
-11354
-11420.8
-11470.7
-11503.9
-11520.8
-11522
-11508.4
-11480.8
-11440.4
-11388
-11324.9
-11251.9
-11170.3
-11080.9
-10984.9
-10883.4
-10777.3
-10667.5
-10554.8
-10440
-10324.1
-10207.2
-10089.6
-9971.52
-9853.45
-9735.97
-9619.63
-9504.78
-9391.52
-9279.73
-9169.21
-9059.79
-8951.45
-8844.32
-8738.67
-8634.74
-8532.76
-8432.85
-8335.06
-8239.36
-8145.69
-8053.93
-7963.94
-7875.58
-7788.74
-7703.31
-7619.27
-7536.61
-7455.36
-7375.56
-7297.22
-7220.36
-7144.96
-7071
-6998.47
-6927.33
-6857.56
-6789.11
-6721.97
-6656.09
-6591.45
-6528.01
-6465.73
-6404.57
-6344.49
-6285.45
-6227.42
-6170.34
-6114.19
-6058.94
-6004.56
-5951.04
-5898.37
-5846.53
-5795.53
-5745.36
-5696.01
-5647.48
-5599.74
-5552.8
-5506.63
-5461.23
-5416.57
-5372.64
-5329.43
-5286.92
-5245.09
-5203.93
-5163.41
-5123.54
-5084.29
-5045.65
-5007.6
-4970.13
-4933.23
-4896.89
-4861.08
-4825.81
-4791.05
-4756.81
-4723.05
-4689.78
-4656.99
-4624.65
-4592.77
-4561.33
-4530.33
-4499.74
-4469.57
-4439.8
-4410.43
-4381.44
-4352.83
-4324.58
-4296.69
-4269.15
-4241.95
-4215.08
-4188.53
-4162.29
-4136.37
-4110.74
-4085.4
-4060.35
-4035.58
-4011.09
-3986.86
-3962.9
-3939.21
-3915.77
-3892.6
-3869.68
-3847.01
-3824.6
-3802.43
-3780.52
-3758.84
-3737.41
-3716.22
-3695.26
-3674.54
-3654.04
-3633.77
-3613.72
-3593.9
-3574.28
-3554.88
-3535.69
-3516.71
-3497.93
-3479.35
-3460.96
-3442.77
-3424.77
-3406.95
-3389.32
-3371.87
-3354.61
-3337.51
-3320.59
-3303.84
-3287.26
-3270.85
-3254.59
-3238.5
-3222.57
-3206.79
-3191.17
-3175.69
-3160.37
-3145.19
-3130.16
-3115.27
-3100.52
