65.0197 0.000977423
117.587 0.00197742
169.334 0.00297742
221.074 0.00397742
272.808 0.00497742
324.536 0.00597742
376.258 0.00697742
399.596 0.00797742
399.294 0.00897742
398.992 0.00997742
398.69 0.0109774
398.388 0.0119774
398.086 0.0129774
397.784 0.0139774
397.482 0.0149774
397.18 0.0159774
396.878 0.0169774
396.576 0.0179774
396.274 0.0189774
395.972 0.0199774
395.67 0.0209774
395.367 0.0219774
395.065 0.0229774
394.763 0.0239774
394.461 0.0249774
394.159 0.0259774
393.857 0.0269774
393.555 0.0279774
393.253 0.0289774
392.951 0.0299774
392.649 0.0309774
392.347 0.0319774
392.045 0.0329774
391.743 0.0339774
391.441 0.0349774
391.139 0.0359774
390.837 0.0369774
390.535 0.0379774
390.233 0.0389774
389.931 0.0399774
389.629 0.0409774
389.327 0.0419774
389.025 0.0429774
388.723 0.0439774
388.421 0.0449774
388.119 0.0459774
387.817 0.0469774
387.515 0.0479774
387.213 0.0489774
386.91 0.0499774
386.608 0.0509774
386.306 0.0519774
386.004 0.0529774
385.702 0.0539774
385.4 0.0549774
385.098 0.0559774
384.796 0.0569774
384.494 0.0579774
384.192 0.0589774
383.89 0.0599774
383.588 0.0609774
383.286 0.0619774
382.984 0.0629774
382.682 0.0639774
382.38 0.0649774
382.078 0.0659774
381.776 0.0669774
381.474 0.0679774
381.172 0.0689774
380.87 0.0699774
380.568 0.0709774
380.266 0.0719774
379.964 0.0729774
379.662 0.0739774
379.36 0.0749774
379.058 0.0759774
378.756 0.0769774
378.453 0.0779774
378.151 0.0789774
377.849 0.0799774
377.547 0.0809774
377.245 0.0819774
376.943 0.0829774
376.641 0.0839774
376.339 0.0849774
376.037 0.0859774
375.735 0.0869774
375.433 0.0879774
375.131 0.0889774
374.829 0.0899774
374.527 0.0909774
374.225 0.0919774
373.923 0.0929774
373.621 0.0939774
373.319 0.0949774
373.017 0.0959774
372.715 0.0969774
372.413 0.0979774
372.111 0.0989774
371.809 0.0999774
371.507 0.100977
371.205 0.101977
370.903 0.102977
370.601 0.103977
370.299 0.104977
369.997 0.105977
369.694 0.106977
369.392 0.107977
369.09 0.108977
368.788 0.109977
368.486 0.110977
368.184 0.111977
367.882 0.112977
367.58 0.113977
367.278 0.114977
366.976 0.115977
366.674 0.116977
366.372 0.117977
366.07 0.118977
365.768 0.119977
365.466 0.120977
365.164 0.121977
364.862 0.122977
364.56 0.123977
364.258 0.124977
363.956 0.125977
363.654 0.126977
363.352 0.127977
363.05 0.128977
362.748 0.129977
362.446 0.130977
362.144 0.131977
361.842 0.132977
361.54 0.133977
361.237 0.134977
360.935 0.135977
360.633 0.136977
360.331 0.137977
360.029 0.138977
359.727 0.139977
359.425 0.140977
359.123 0.141977
358.821 0.142977
358.519 0.143977
358.217 0.144977
357.915 0.145977
357.613 0.146977
357.311 0.147977
357.009 0.148977
356.707 0.149977
356.405 0.150977
356.103 0.151977
355.801 0.152977
355.499 0.153977
355.197 0.154977
354.895 0.155977
354.593 0.156977
354.291 0.157977
353.989 0.158977
353.687 0.159977
353.385 0.160977
353.083 0.161977
352.78 0.162977
352.478 0.163977
352.176 0.164977
351.874 0.165977
351.572 0.166977
351.27 0.167977
350.968 0.168977
350.666 0.169977
350.364 0.170977
350.062 0.171977
349.76 0.172977
349.458 0.173977
349.156 0.174977
348.854 0.175977
348.552 0.176977
348.25 0.177977
347.948 0.178977
347.646 0.179977
347.344 0.180977
347.042 0.181977
346.74 0.182977
346.438 0.183977
346.136 0.184977
345.834 0.185977
345.532 0.186977
345.23 0.187977
344.928 0.188977
344.626 0.189977
344.323 0.190977
344.021 0.191977
343.719 0.192977
343.417 0.193977
343.115 0.194977
342.813 0.195977
342.511 0.196977
342.209 0.197977
341.907 0.198977
341.605 0.199977
