73.2668 -3584.33
-3300.13 -3049.6
-6780.59 -2363.44
-10262.3 -1675.75
-13745.1 -986.535
-17229.2 -295.783
-20714.5 396.503
-22287.6 709.426
-22267.3 705.42
-22247 701.414
-22226.7 697.409
-22206.3 693.403
-22186 689.397
-22165.7 685.391
-22145.4 681.385
-22125.1 677.379
-22104.8 673.373
-22084.5 669.368
-22064.1 665.362
-22043.8 661.356
-22023.5 657.35
-22003.2 653.345
-21982.9 649.339
-21962.6 645.333
-21942.2 641.328
-21921.9 637.322
-21901.6 633.316
-21881.3 629.31
-21861 625.305
-21840.7 621.299
-21820.3 617.294
-21800 613.288
-21779.7 609.282
-21759.4 605.277
-21739.1 601.271
-21718.8 597.266
-21698.5 593.26
-21678.1 589.255
-21657.8 585.249
-21637.5 581.244
-21617.2 577.238
-21596.9 573.233
-21576.6 569.227
-21556.2 565.222
-21535.9 561.216
-21515.6 557.211
-21495.3 553.206
-21475 549.2
-21454.7 545.195
-21434.4 541.19
-21414 537.184
-21393.7 533.179
-21373.4 529.174
-21353.1 525.168
-21332.8 521.163
-21312.5 517.158
-21292.1 513.152
-21271.8 509.147
-21251.5 505.142
-21231.2 501.137
-21210.9 497.132
-21190.6 493.126
-21170.3 489.121
-21149.9 485.116
-21129.6 481.111
-21109.3 477.106
-21089 473.101
-21068.7 469.095
-21048.4 465.09
-21028.1 461.085
-21007.7 457.08
-20987.4 453.075
-20967.1 449.07
-20946.8 445.065
-20926.5 441.06
-20906.2 437.055
-20885.8 433.05
-20865.5 429.045
-20845.2 425.04
-20824.9 421.035
-20804.6 417.03
-20784.3 413.025
-20764 409.021
-20743.6 405.016
-20723.3 401.011
-20703 397.006
-20682.7 393.001
-20662.4 388.996
-20642.1 384.991
-20621.8 380.987
-20601.4 376.982
-20581.1 372.977
-20560.8 368.972
-20540.5 364.968
-20520.2 360.963
-20499.9 356.958
-20479.6 352.953
-20459.2 348.949
-20438.9 344.944
-20418.6 340.939
-20398.3 336.935
-20378 332.93
-20357.7 328.925
-20337.4 324.921
-20317 320.916
-20296.7 316.912
-20276.4 312.907
-20256.1 308.902
-20235.8 304.898
-20215.5 300.893
-20195.2 296.889
-20174.8 292.884
-20154.5 288.88
-20134.2 284.875
-20113.9 280.871
-20093.6 276.867
-20073.3 272.862
-20052.9 268.858
-20032.6 264.853
-20012.3 260.849
-19992 256.845
-19971.7 252.84
-19951.4 248.836
-19931.1 244.831
-19910.7 240.827
-19890.4 236.823
-19870.1 232.819
-19849.8 228.814
-19829.5 224.81
-19809.2 220.806
-19788.9 216.801
-19768.6 212.797
-19748.2 208.793
-19727.9 204.789
-19707.6 200.785
-19687.3 196.781
-19667 192.776
-19646.7 188.772
-19626.4 184.768
-19606 180.764
-19585.7 176.76
-19565.4 172.756
-19545.1 168.752
-19524.8 164.748
-19504.5 160.744
-19484.2 156.74
-19463.8 152.736
-19443.5 148.732
-19423.2 144.728
-19402.9 140.724
-19382.6 136.72
-19362.3 132.716
-19342 128.712
-19321.6 124.708
-19301.3 120.704
-19281 116.7
-19260.7 112.696
-19240.4 108.692
-19220.1 104.688
-19199.8 100.685
-19179.4 96.6807
-19159.1 92.6769
-19138.8 88.6731
-19118.5 84.6693
-19098.2 80.6655
-19077.9 76.6618
-19057.6 72.658
-19037.3 68.6543
-19016.9 64.6506
-18996.6 60.6469
-18976.3 56.6432
-18956 52.6395
-18935.7 48.6359
-18915.4 44.6322
-18895.1 40.6286
-18874.7 36.625
-18854.4 32.6214
-18834.1 28.6178
-18813.8 24.6142
-18793.5 20.6106
-18773.2 16.6071
-18752.9 12.6035
-18732.5 8.60001
-18712.2 4.5965
-18691.9 0.592999
-18671.6 -3.41048
-18651.3 -7.41395
-18631 -11.4174
-18610.7 -15.4208
-18590.4 -19.4243
-18570 -23.4277
-18549.7 -27.4311
-18529.4 -31.4345
-18509.1 -35.4378
-18488.8 -39.4412
-18468.5 -43.4446
-18448.2 -47.4479
-18427.8 -51.4512
-18407.5 -55.4545
-18387.2 -59.4578
