-1968.75
-3937.5
-5906.25
-7875
-9843.75
-11812.5
-13781.2
-15750
-17718.7
-19687.5
-21656.2
-23625
-25593.7
-27562.5
-29531.2
-31500
-33468.7
-35437.5
-37406.2
-39375
-41343.7
-43312.5
-45281.2
-47250
-49218.7
-51187.5
-53156.2
-55125
-57093.7
-59062.5
-61031.2
-63000
-64968.7
-66937.5
-68906.2
-70875
-72843.7
-74812.4
-76781
-78749.7
-80718.2
-82686.6
-84654.9
-86622.9
-88590.5
-90557.6
-92523.9
-94489
-96452.5
-98413.7
-100372
-102325
-104272
-106210
-108137
-110048
-111938
-113800
-115626
-117405
-119127
-120778
-122343
-123808
-125160
-126387
-127484
-128447
-129279
-129987
-130580
-131071
-131473
-131800
-132064
-132276
-132446
-132581
-132689
-132775
-132844
-132899
-132943
-132978
-133006
-133028
-133046
-133061
-133073
-133082
-133090
-133096
-133101
-133105
-133109
-133112
-133114
-133116
-133117
-133119
-133120
-133120
-133121
-133122
-133122
-133123
-133123
-133123
-133124
-133124
-133124
-133124
-133124
-133124
-133124
-133125
-133125
-133125
-133125
-133125
-133125
-133125
-133125
-133125
-133125
-133125
-133125
-133125
-133125
-133125
-133125
-133125
-133125
-133125
-133125
-133125
-133125
-133125
-133125
-133125
-133125
-133125
-133125
-133125
-133125
-133125
-133125
-133125
-133125
-133125
-133125
-133125
-133125
-133125
-133125
-133125
-133125
-133125
-133125
-133125
-133125
-133125
-133125
-133125
-133125
-133125
-133125
-133125
-133125
-133125
-133125
-133125
-133125
-133125
-133125
-133125
-133125
-133125
-133125
-133125
-133125
-133125
-133125
-133125
-133125
-133125
-133125
-133125
-133125
-133125
-133125
-133125
-133125
-133125
-133125
-133125
-133125
-133125
-133125
-133125
-133125
