-1386
-2772
-4158
-5544
-6930
-8316
-9702
-11088
-12474
-13860
-15246
-16632
-18018
-19404
-20790
-22176
-23562
-24948
-26334
-27720
-29106
-30492
-31878
-33264
-34649.9
-36035.9
-37421.8
-38807.5
-40193.1
-41578.3
-42962.8
-44346.1
-45727.5
-47105.5
-48478
-49841.6
-51191.1
-52518.6
-53813.1
-55059.3
-56237.9
-57326.4
-58302.2
-59147.1
-59851.1
-60416
-60853.8
-61183.2
-61425.4
-61600.8
-61726.4
-61815.8
-61879.3
-61924.4
-61956.5
-61979.4
-61995.8
-62007.6
-62016.2
-62022.4
-62026.9
-62030.2
-62032.7
-62034.5
-62035.8
-62036.8
-62037.6
-62038.1
-62038.6
-62038.9
-62039.1
-62039.3
-62039.5
-62039.6
-62039.7
-62039.7
-62039.8
-62039.8
-62039.9
-62039.9
-62039.9
-62039.9
-62039.9
-62040
-62040
-62040
-62040
-62040
-62040
-62040
-62040
-62040
-62040
-62040
-62040
-62040
-62040
-62040
-62040
-62040
-62040
-62040
-62040
-62040
-62040
-62040
-62040
-62040
-62040
-62040
-62040
-62040
-62040
-62040
-62040
-62040
-62040
-62040
-62040
-62040
-62040
-62040
-62040
-62040
-62040
-62040
-62040
-62040
-62040
-62040
-62040
-62040
-62040
-62040
-62040
-62040
-62040
-62040
-62040
-62040
-62040
-62040
-62040
-62040
-62040
-62040
-62040
-62040
-62040
-62040
-62040
-62040
-62040
-62040
-62040
-62040
-62040
-62040
-62040
-62040
-62040
-62040
-62040
-62040
-62040
-62040
-62040
-62040
-62040
-62040
-62040
-62040
-62040
-62040
-62040
-62040
-62040
-62040
-62040
-62040
-62040
-62040
-62040
-62040
-62040
-62040
-62040
-62040
-62040
-62040
-62040
-62040
-62040
-62040
-62040
-62040
-62040
-62040
-62040
-62040
-62040
