3.96011e-005
7.73677e-005
0.000114123
0.000150455
0.000186796
0.000223468
0.000260719
0.000298742
0.000337689
0.000377681
0.000418816
0.000461176
0.000504827
0.000549824
0.000596213
0.000644036
0.000693324
0.000744108
0.000796412
0.000850257
0.000905663
0.000962645
0.00102122
0.0010814
0.00114319
0.0012066
0.00127165
0.00133833
0.00140664
0.00147658
0.00154815
0.00162133
0.00169613
0.00177257
0.00185062
0.00193031
0.00201162
0.00209458
0.00217919
0.00226544
0.00235333
0.00244286
0.00253405
0.00262693
0.00272149
0.00281772
0.0029156
0.00301511
0.00311627
0.00321911
0.00332368
0.00342998
0.00353803
0.00364781
0.0037593
0.00387246
0.00398731
0.00410384
0.0042221
0.00434209
0.00446385
0.00458737
0.00471267
0.00483973
0.00496856
0.00509914
0.00523145
0.00536548
0.00550122
0.00563868
0.00577786
0.00591878
0.00606146
0.00620592
0.00635216
0.0065002
0.00665003
0.00680165
0.00695507
0.00711028
0.00726728
0.00742607
0.00758665
0.007749
0.00791313
0.00807902
0.00824668
0.00841609
0.00858724
0.00876012
0.00893472
0.00911102
0.00928901
0.00946868
0.00965002
0.00983304
0.0100177
0.0102041
0.0103922
0.010582
0.0107735
0.0109668
0.0111618
0.0113586
0.0115573
0.0117577
0.0119599
0.0121639
0.0123697
0.0125774
0.0127869
0.0129982
0.0132114
0.0134264
0.0136432
0.0138619
0.0140824
0.0143048
0.0145289
0.014755
0.0149828
0.0152125
0.015444
0.0156773
0.0159125
0.0161494
0.0163882
0.0166289
0.0168713
0.0171155
0.0173616
0.0176094
0.0178591
0.0181106
0.0183638
0.0186189
0.0188758
0.0191345
0.019395
0.0196574
0.0199215
0.0201874
0.0204552
0.0207247
0.0209961
0.0212693
0.0215442
0.021821
0.0220996
0.02238
0.0226622
0.0229463
0.0232321
0.0235198
0.0238092
0.0241005
0.0243936
0.0246885
0.0249852
0.0252837
0.025584
0.0258861
0.0261901
0.0264958
0.0268034
0.0271128
0.027424
0.0277369
0.0280517
0.0283683
0.0286867
0.0290069
0.029329
0.0296528
0.0299784
0.0303057
0.0306349
0.0309659
0.0312987
0.0316332
0.0319695
0.0323076
0.0326475
0.0329892
0.0333326
0.0336779
0.0340249
0.0343736
0.0347242
0.0350766
0.0354307
0.0357866
0.0361444
0.0365039
0.0368652
0.0372284
0.0375934
0.0379602
0.0383288
0.0386993
