-581.111
-1065.38
-1475.14
-1826.38
-2130.79
-2397.15
-2632.19
-2841.11
-3028.05
-3196.3
-3348.54
-3486.94
-3613.31
-3729.16
-3835.74
-3934.13
-4025.24
-4109.85
-4188.62
-4262.14
-4330.9
-4395.34
-4455.79
-4512.55
-4565.78
-4615.56
-4661.79
-4704.22
-4742.5
-4776.2
-4804.99
-4828.62
-4846.89
-4859.67
-4866.9
-4868.79
-4865.67
-4857.84
-4845.47
-4828.72
-4807.94
-4783.66
-4756.41
-4726.5
-4693.99
-4658.9
-4621.4
-4581.91
-4541.01
-4499.22
-4456.89
-4414.11
-4370.81
-4326.87
-4282.24
-4237.04
-4191.51
-4146
-4100.8
-4056.17
-4012.26
-3969.11
-3926.73
-3885.05
-3843.98
-3803.39
-3763.17
-3723.25
-3683.57
-3644.15
-3605.07
-3566.39
-3528.21
-3490.6
-3453.63
-3417.34
-3381.74
-3346.85
-3312.67
-3279.19
-3246.39
-3214.27
-3182.81
-3151.98
-3121.76
-3092.13
-3063.07
-3034.54
-3006.53
-2979
-2951.93
-2925.28
-2899.03
-2873.16
-2847.65
-2822.48
-2797.66
-2773.17
-2749.02
-2725.23
-2701.78
-2678.69
-2655.96
-2633.58
-2611.56
-2589.88
-2568.55
-2547.55
-2526.88
-2506.54
-2486.5
-2466.77
-2447.34
-2428.2
-2409.34
-2390.76
-2372.45
-2354.41
-2336.63
-2319.1
-2301.82
-2284.79
-2268
-2251.44
-2235.12
-2219.03
-2203.17
-2187.53
-2172.1
-2156.89
-2141.89
-2127.1
-2112.51
-2098.12
-2083.92
-2069.92
-2056.1
-2042.47
-2029.02
-2015.74
-2002.64
-1989.72
-1976.95
-1964.36
-1951.92
-1939.64
-1927.52
-1915.55
-1903.73
-1892.06
-1880.53
-1869.14
-1857.89
-1846.77
-1835.79
-1824.94
-1814.22
-1803.63
-1793.15
-1782.81
-1772.58
-1762.46
-1752.47
-1742.58
-1732.81
-1723.15
-1713.59
-1704.14
-1694.79
-1685.54
-1676.39
-1667.34
-1658.39
-1649.53
-1640.76
-1632.08
-1623.48
-1614.98
-1606.56
-1598.22
-1589.96
-1581.79
-1573.69
-1565.67
-1557.73
-1549.86
-1542.06
-1534.33
-1526.68
-1519.1
-1511.59
-1504.14
-1496.77
-1489.46
-1482.22
-1475.05
-1467.94
-1460.9
-1453.92
-1447.01
