-1.83386
-3.34453
-4.61761
-5.70842
-6.82842
-7.68994
-8.45167
-9.13003
-9.738
-10.286
-10.7825
-11.2344
-11.6476
-12.0267
-12.3758
-12.6984
-12.9973
-13.2751
-13.5339
-13.7757
-14.002
-14.2143
-14.4138
-14.6017
-14.779
-14.9465
-15.105
-15.2553
-15.3979
-15.5334
-15.6624
-15.7853
-15.9024
-16.0144
-16.1213
-16.2237
-16.3217
-16.4157
-16.5058
-16.5924
-16.6756
-16.7556
-16.8326
-16.9068
-16.9783
-17.0472
-17.1138
-17.1781
-17.2402
-17.3002
-17.3583
-17.4145
-17.469
-17.5217
-17.5729
-17.6225
-17.6706
-17.7173
-17.7627
-17.8067
-17.8496
-17.8912
-17.9318
-17.9712
-18.0096
-18.0469
-18.0834
-18.1188
-18.1534
-18.1871
-18.22
-18.2521
-18.2835
-18.314
-18.3439
-18.3731
-18.4016
-18.4295
-18.4567
-18.4833
-18.5094
-18.5349
-18.5598
-18.5842
-18.6081
-18.6315
-18.6544
-18.6769
-18.6989
-18.7205
-18.7416
-18.7623
-18.7826
-18.8026
-18.8221
-18.8413
-18.8602
-18.8786
-18.8968
-18.9146
