2.02821 9.66114e-007
4.05641 1.93223e-006
6.08462 2.89834e-006
8.11283 3.86446e-006
10.141 4.83057e-006
12.1692 5.79669e-006
14.1974 6.7628e-006
16.2257 7.72892e-006
18.2539 8.69503e-006
20.2821 9.66114e-006
22.3103 1.06273e-005
24.3385 1.15934e-005
26.3667 1.25595e-005
28.3949 1.35256e-005
30.4231 1.44917e-005
32.4513 1.54578e-005
34.4795 1.64239e-005
36.5077 1.73901e-005
38.5359 1.83562e-005
40.5641 1.93223e-005
42.5923 2.02884e-005
44.6206 2.12545e-005
46.6488 2.22206e-005
48.677 2.31867e-005
50.7052 2.41529e-005
52.7334 2.5119e-005
54.7616 2.60851e-005
56.7898 2.70512e-005
58.818 2.80173e-005
60.8462 2.89834e-005
62.8744 2.99495e-005
64.9026 3.09157e-005
66.9308 3.18818e-005
68.959 3.28479e-005
70.9872 3.3814e-005
73.0154 3.47801e-005
75.0437 3.57462e-005
77.0719 3.67123e-005
79.1001 3.76785e-005
81.1283 3.86446e-005
83.1565 3.96107e-005
85.1847 4.05768e-005
87.2129 4.15429e-005
89.2411 4.2509e-005
91.2693 4.34751e-005
93.2975 4.44413e-005
95.3257 4.54074e-005
97.3539 4.63735e-005
99.3821 4.73396e-005
101.41 4.83057e-005
