-0.0868953
-0.173791
-0.260686
-0.347581
-0.434476
-0.521372
-0.608267
-0.695162
-0.782057
-0.868952
-0.955848
-1.04274
-1.12964
-1.21653
-1.30343
-1.39032
-1.47722
-1.56411
-1.65101
-1.7379
-1.8248
-1.91169
-1.99859
-2.08548
-2.17238
-2.25927
-2.34617
-2.43306
-2.51996
-2.60685
-2.69375
-2.78065
-2.86754
-2.95444
-3.04133
-3.12823
-3.21512
-3.30202
-3.38891
-3.4758
-3.5627
-3.64959
-3.73649
-3.82338
-3.91028
-3.99717
-4.08407
-4.17096
-4.25786
-4.34475
