-0.0938158
-0.187632
-0.281448
-0.375264
-0.46908
-0.562896
-0.656712
-0.750528
-0.844344
-0.938161
-1.03198
-1.12579
-1.21961
-1.31343
-1.40724
-1.50106
-1.59488
-1.68869
-1.78251
-1.87633
-1.97014
-2.06396
-2.15778
-2.25159
-2.34541
-2.43923
-2.53305
-2.62686
-2.72068
-2.8145
-2.90831
-3.00213
-3.09595
-3.18977
-3.28358
-3.3774
-3.47122
-3.56504
-3.65886
-3.75267
-3.84649
-3.94031
-4.03413
-4.12794
-4.22176
-4.31558
-4.4094
-4.50322
-4.59704
-4.69085
