-0.132553
-0.265106
-0.397659
-0.530212
-0.662765
-0.795318
-0.927871
-1.06042
-1.19298
-1.32553
-1.45808
-1.59064
-1.72319
-1.85574
-1.98829
-2.12085
-2.2534
-2.38595
-2.5185
-2.65106
-2.78361
-2.91616
-3.04871
-3.18127
-3.31382
-3.44637
-3.57892
-3.71147
-3.84403
-3.97658
-4.10913
-4.24168
-4.37423
-4.50679
-4.63934
-4.77189
-4.90444
-5.03699
-5.16955
-5.3021
-5.43465
-5.5672
-5.69975
-5.8323
-5.96485
-6.09741
-6.22996
-6.36251
-6.49506
-6.62761
