-0.171393
-0.342785
-0.514178
-0.685571
-0.856964
-1.02836
-1.19975
-1.37114
-1.54253
-1.71393
-1.88532
-2.05671
-2.22811
-2.3995
-2.57089
-2.74228
-2.91368
-3.08507
-3.25646
-3.42786
-3.59925
-3.77064
-3.94203
-4.11343
-4.28482
-4.45621
-4.62761
-4.799
-4.97039
-5.14178
-5.31318
-5.48457
-5.65596
-5.82736
-5.99875
-6.17014
-6.34154
-6.51293
-6.68432
-6.85571
-7.02711
-7.1985
-7.36989
-7.54129
-7.71268
-7.88407
-8.05547
-8.22686
-8.39825
-8.56964
