-0.136292
-0.272585
-0.408877
-0.54517
-0.681462
-0.817755
-0.954048
-1.09034
-1.22663
-1.36293
-1.49922
-1.63551
-1.7718
-1.9081
-2.04439
-2.18068
-2.31698
-2.45327
-2.58956
-2.72586
-2.86215
-2.99844
-3.13474
-3.27103
-3.40732
-3.54362
-3.67991
-3.8162
-3.9525
-4.08879
-4.22509
-4.36138
-4.49767
-4.63397
-4.77026
-4.90656
-5.04285
-5.17914
-5.31544
-5.45173
-5.58803
-5.72432
-5.86062
-5.99691
-6.1332
-6.2695
-6.40579
-6.54209
-6.67838
-6.81468
