-0.171964
-0.343928
-0.515892
-0.687856
-0.85982
-1.03178
-1.20375
-1.37571
-1.54768
-1.71964
-1.8916
-2.06357
-2.23553
-2.40749
-2.57946
-2.75142
-2.92339
-3.09535
-3.26731
-3.43928
-3.61124
-3.78321
-3.95517
-4.12713
-4.2991
-4.47106
-4.64302
-4.81499
-4.98695
-5.15892
-5.33088
-5.50284
-5.67481
-5.84677
-6.01874
-6.1907
-6.36266
-6.53463
-6.70659
-6.87855
-7.05052
-7.22248
-7.39445
-7.56641
-7.73837
-7.91034
-8.0823
-8.25426
-8.42623
-8.59819
