-0.133112
-0.266224
-0.399335
-0.532447
-0.665559
-0.798671
-0.931783
-1.06489
-1.19801
-1.33112
-1.46423
-1.59734
-1.73046
-1.86357
-1.99668
-2.12979
-2.2629
-2.39602
-2.52913
-2.66224
-2.79535
-2.92847
-3.06158
-3.19469
-3.3278
-3.46092
-3.59403
-3.72714
-3.86026
-3.99337
-4.12648
-4.25959
-4.39271
-4.52582
-4.65893
-4.79205
-4.92516
-5.05827
-5.19139
-5.3245
-5.45761
-5.59073
-5.72384
-5.85695
-5.99007
-6.12318
-6.25629
-6.38941
-6.52252
-6.65563
