-0.169872
-0.339744
-0.509616
-0.679487
-0.849359
-1.01923
-1.1891
-1.35897
-1.52885
-1.69872
-1.86859
-2.03846
-2.20833
-2.37821
-2.54808
-2.71795
-2.88782
-3.05769
-3.22757
-3.39744
-3.56731
-3.73718
-3.90705
-4.07692
-4.2468
-4.41667
-4.58654
-4.75641
-4.92628
-5.09616
-5.26603
-5.4359
-5.60577
-5.77564
-5.94552
-6.11539
-6.28526
-6.45513
-6.625
-6.79487
-6.96475
-7.13462
-7.30449
-7.47436
-7.64423
-7.81411
-7.98398
-8.15385
-8.32372
-8.49359
