-0.130982
-0.261964
-0.392946
-0.523927
-0.654909
-0.785891
-0.916873
-1.04785
-1.17884
-1.30982
-1.4408
-1.57178
-1.70276
-1.83374
-1.96472
-2.09571
-2.22669
-2.35767
-2.48865
-2.61963
-2.75061
-2.88159
-3.01257
-3.14356
-3.27454
-3.40552
-3.5365
-3.66748
-3.79846
-3.92944
-4.06042
-4.1914
-4.32238
-4.45336
-4.58434
-4.71532
-4.84631
-4.97729
-5.10827
-5.23925
-5.37023
-5.50121
-5.63219
-5.76317
-5.89415
-6.02513
-6.15611
-6.28709
-6.41807
-6.54905
