-0.122594
-0.245188
-0.367783
-0.490377
-0.612971
-0.735566
-0.85816
-0.980755
-1.10335
-1.22594
-1.34854
-1.47113
-1.59373
-1.71632
-1.83892
-1.96151
-2.08411
-2.2067
-2.3293
-2.45189
-2.57449
-2.69708
-2.81968
-2.94227
-3.06487
-3.18746
-3.31006
-3.43265
-3.55525
-3.67784
-3.80044
-3.92303
-4.04563
-4.16822
-4.29082
-4.41341
-4.53601
-4.6586
-4.7812
-4.90379
-5.02639
-5.14899
-5.27158
-5.39418
-5.51677
-5.63937
-5.76196
-5.88456
-6.00715
-6.12975
