-0.124401
-0.248802
-0.373204
-0.497605
-0.622006
-0.746407
-0.870808
-0.995209
-1.11961
-1.24401
-1.36841
-1.49281
-1.61721
-1.74161
-1.86601
-1.99042
-2.11482
-2.23922
-2.36362
-2.48802
-2.61242
-2.73682
-2.86122
-2.98562
-3.11002
-3.23442
-3.35882
-3.48322
-3.60762
-3.73202
-3.85642
-3.98082
-4.10522
-4.22962
-4.35402
-4.47842
-4.60282
-4.72722
-4.85162
-4.97602
-5.10042
-5.22482
-5.34922
-5.47362
-5.59802
-5.72242
-5.84682
-5.97122
-6.09562
-6.22002
