-0.158232
-0.316463
-0.474695
-0.632926
-0.791158
-0.94939
-1.10762
-1.26585
-1.42408
-1.58232
-1.74055
-1.89878
-2.05701
-2.21524
-2.37347
-2.53171
-2.68994
-2.84817
-3.0064
-3.16463
-3.32286
-3.48109
-3.63933
-3.79756
-3.95579
-4.11402
-4.27225
-4.43048
-4.58872
-4.74695
-4.90518
-5.06341
-5.22164
-5.37987
-5.5381
-5.69634
-5.85457
-6.0128
-6.17103
-6.32926
-6.48749
-6.64572
-6.80396
-6.96219
-7.12042
-7.27865
-7.43688
-7.59511
-7.75334
-7.91158
