-0.0700639
-0.140128
-0.210192
-0.280255
-0.350319
-0.420383
-0.490446
-0.56051
-0.630573
-0.700637
-0.7707
-0.840764
-0.910827
-0.98089
-1.05095
-1.12102
-1.19108
-1.26114
-1.33121
-1.40127
-1.47133
-1.5414
-1.61146
-1.68152
-1.75158
-1.82165
-1.89171
-1.96177
-2.03184
-2.1019
-2.17196
-2.24202
-2.31209
-2.38215
-2.45221
-2.52227
-2.59233
-2.6624
-2.73246
-2.80252
-2.87258
-2.94265
-3.01271
-3.08277
-3.15283
-3.22289
-3.29296
-3.36302
-3.43308
-3.50314
