-0.0614371
-0.122874
-0.184311
-0.245748
-0.307185
-0.368623
-0.43006
-0.491497
-0.552934
-0.614371
-0.675808
-0.737245
-0.798682
-0.860119
-0.921556
-0.982993
-1.04443
-1.10587
-1.1673
-1.22874
-1.29018
-1.35161
-1.41305
-1.47449
-1.53593
-1.59736
-1.6588
-1.72024
-1.78167
-1.84311
-1.90455
-1.96598
-2.02742
-2.08886
-2.15029
-2.21173
-2.27317
-2.3346
-2.39604
-2.45748
-2.51891
-2.58035
-2.64179
-2.70322
-2.76466
-2.8261
-2.88753
-2.94897
-3.01041
-3.07184
