-86059.16699999999
-172119.73
-258181.6
-344244.20000000007
-430306.2
-516367.6
-602427.7
-688486.1000000002
-774541.5
-860593.4999999999
-946642.0000000001
-1032686.1000000001
-1118724.9
-1204758.2
-1290784.9000000001
-1376805.2999999996
-1462817.5
-1548819.5999999999
-1634814.0999999999
-1720800.9000000001
-1806776.9999999998
-1892741.7000000002
-1978696.9
-2064637.6
-2150565.7
-2236482.1999999997
-2322384.7
-2408272.1999999997
-2494143.0
-2580000.5
-2665841.7
-2751663.6
-2837470.3
-2923258.1
-3009027.5
-3094777.1
-3180506.6
-3266216.3
-3351902.9
-3437568
