-17.09
-25.023
-29.6054
-32.5905
-34.6901
-36.248
-37.4506
-38.4074
-39.1873
-39.8357
-40.3837
-40.8534
-41.2608
-41.6178
-41.9337
-42.2154
-42.4685
-42.6975
-42.9059
-43.0966
-43.2721
-43.4343
-43.585
-43.7254
-43.8569
-43.9805
-44.0971
-44.2073
-44.312
-44.4116
-44.5068
-44.5979
-44.6853
-44.7695
-44.8507
-44.9292
-45.0053
-45.0792
-45.1511
-45.2213
-45.2898
-45.3568
-45.4225
-45.487
-45.5505
-45.613
-45.6747
-45.7356
-45.7958
-45.8555
-45.9146
-45.9733
-46.0317
-46.0897
-46.1475
-46.2051
-46.2626
-46.3199
-46.3773
-46.4346
-46.492
-46.5495
-46.6071
-46.6649
-46.7228
-46.781
-46.8395
-46.8983
-46.9574
-47.0169
-47.0768
-47.1371
-47.1979
-47.2591
-47.3209
-47.3832
-47.4461
-47.5096
-47.5737
-47.6384
-47.7038
-47.7699
-47.8368
-47.9044
-47.9728
-48.042
-48.112
-48.1829
-48.2547
-48.3274
-48.4011
-48.4758
-48.5514
-48.6281
-48.7059
-48.7848
-48.8648
-48.946
-49.0284
-49.112
