-2.29108
-4.20034
-5.81589
-7.20067
-8.40083
-9.451
-10.3776
-11.2014
-11.9384
-12.6017
-13.2019
-13.7476
-14.2458
-14.7025
-15.1228
-15.5107
-15.8699
-16.2035
-16.5141
-16.804
-17.0752
-17.3295
-17.5684
-17.7933
-18.0054
-18.2057
-18.3952
-18.5748
-18.7451
-18.907
-19.061
-19.2077
-19.3476
-19.4812
-19.6088
-19.7309
-19.8479
-19.96
-20.0676
-20.1708
-20.2701
-20.3655
-20.4574
-20.5459
-20.6312
-20.7135
-20.793
-20.8697
-20.9438
-21.0155
-21.0849
-21.152
-21.2171
-21.2801
-21.3412
-21.4005
-21.4581
-21.5139
-21.5682
-21.621
-21.6723
-21.7222
-21.7708
-21.818
-21.8641
-21.9089
-21.9526
-21.9952
-22.0368
-22.0773
-22.1169
-22.1555
-22.1933
-22.2301
-22.2661
-22.3013
-22.3357
-22.3694
-22.4023
-22.4345
-22.4661
-22.497
-22.5272
-22.5568
-22.5858
-22.6143
-22.6422
-22.6695
-22.6963
-22.7226
-22.7484
-22.7737
-22.7986
-22.823
-22.8469
-22.8705
-22.8936
-22.9163
-22.9387
-22.9606
