5.64584e-005
0.000108273
0.000156915
0.000203436
0.000248607
0.000293006
0.000337075
0.000381159
0.000425528
0.000470401
0.000515953
0.000562327
0.000609644
0.000658001
0.000707483
0.00075816
0.000810091
0.000863329
0.000917918
0.000973897
0.0010313
0.00109015
0.00115048
0.00121232
0.00127567
0.00134056
0.00140701
0.00147502
0.00154461
0.00161578
0.00168855
0.00176292
0.00183889
0.00191646
0.00199562
0.00207637
0.00215871
0.00224263
0.00232814
0.00241523
0.00250392
0.0025942
0.00268609
0.00277957
0.00287467
0.00297138
0.00306971
0.00316966
0.00327125
0.00337447
0.00347932
0.00358581
0.00369394
0.00380371
0.00391515
0.00402825
0.00414303
0.0042595
0.00437766
0.00449751
0.00461906
0.00474231
0.00486727
0.00499396
0.00512237
0.00525253
0.00538443
0.00551806
0.00565344
0.00579055
0.00592941
0.00607
0.00621234
0.00635643
0.00650227
0.00664987
0.00679922
0.00695033
0.00710319
0.00725781
0.00741419
0.00757232
0.00773222
0.00789387
0.0080573
0.0082225
0.00838948
0.00855823
0.00872877
0.0089011
0.00907521
0.0092511
0.00942879
0.00960825
0.00978949
0.0099725
0.0101573
0.0103438
0.0105321
0.0107222
0.010914
0.0111076
0.0113029
0.0115
0.0116988
0.0118994
0.0121017
0.0123058
0.0125116
0.0127192
0.0129285
0.0131397
0.0133526
0.0135673
0.0137837
0.014002
0.014222
0.0144439
0.0146675
0.0148929
0.0151202
0.0153492
0.0155801
0.0158128
0.0160473
0.0162836
0.0165217
0.0167617
0.0170035
0.0172471
0.0174925
0.0177397
0.0179887
0.0182395
0.0184922
0.0187466
0.0190029
0.019261
0.0195208
0.0197825
0.020046
0.0203113
0.0205784
0.0208472
0.0211179
0.0213904
0.0216647
0.0219408
0.0222186
0.0224983
0.0227798
0.023063
0.0233481
0.0236349
0.0239235
0.0242139
0.0245062
0.0248002
0.025096
0.0253935
0.0256929
0.0259941
0.0262971
0.0266019
0.0269085
0.0272169
0.0275272
0.0278392
0.0281531
0.0284687
0.0287862
0.0291055
0.0294266
0.0297496
0.0300743
0.0304009
0.0307293
0.0310595
0.0313916
0.0317254
0.0320611
0.0323986
0.032738
0.0330792
0.0334222
0.033767
0.0341137
0.0344622
0.0348125
0.0351647
0.0355188
0.0358746
0.0362324
0.0365919
0.0369534
0.0373167
0.0376818
0.0380488
0.0384177
0.0387884
