-1738.92
-3188.04
-4414.23
-5465.27
-6376.19
-7173.26
-7876.58
-8501.77
-9061.17
-9564.64
-10020.2
-10434.3
-10812.5
-11159.2
-11478.1
-11772.5
-12045.2
-12298.3
-12534.1
-12754.1
-12960
-13152.9
-13334.2
-13504.7
-13665.3
-13816.7
-13959.4
-14093.7
-14219.6
-14337
-14445.4
-14544.2
-14632.8
-14710.4
-14776.4
-14830.1
-14871.2
-14899.6
-14915.3
-14918.6
-14909.8
-14889.5
-14858.5
-14817.1
-14766.1
-14706
-14637.7
-14561.9
-14479.2
-14390.1
-14295.1
-14194.9
-14090.2
-13981.7
-13869.8
-13755.1
-13637.9
-13518.7
-13398
-13276.1
-13153.6
-13030.8
-12908
-12785.3
-12663.1
-12541.2
-12419.9
-12299.2
-12179.2
-12060.2
-11942.2
-11825.5
-11710.2
-11596.4
-11484.1
-11373.3
-11264.1
-11156.5
-11050.2
-10945.4
-10842
-10740
-10639.3
-10540
-10442
-10345.4
-10250.2
-10156.3
-10063.9
-9972.94
-9883.36
-9795.21
-9708.47
-9623.13
-9539.16
-9456.54
-9375.24
-9295.22
-9216.47
-9138.93
-9062.59
-8987.41
-8913.35
-8840.4
-8768.52
-8697.7
-8627.9
-8559.12
-8491.33
-8424.51
-8358.66
-8293.75
-8229.77
-8166.71
-8104.54
-8043.25
-7982.84
-7923.27
-7864.55
-7806.65
-7749.57
-7693.28
-7637.78
-7583.05
-7529.08
-7475.84
-7423.33
-7371.53
-7320.43
-7270.01
-7220.26
-7171.16
-7122.7
-7074.87
-7027.66
-6981.05
-6935.03
-6889.59
-6844.72
-6800.42
-6756.66
-6713.44
-6670.76
-6628.59
-6586.94
-6545.79
-6505.13
-6464.96
-6425.26
-6386.03
-6347.26
-6308.94
-6271.07
-6233.63
-6196.62
-6160.03
-6123.85
-6088.09
-6052.73
-6017.76
-5983.18
-5948.99
-5915.18
-5881.74
-5848.67
-5815.96
-5783.61
-5751.62
-5719.97
-5688.66
-5657.68
-5627.04
-5596.72
-5566.73
-5537.05
-5507.68
-5478.61
-5449.85
-5421.38
-5393.21
-5365.32
-5337.71
-5310.38
-5283.33
-5256.55
-5230.04
-5203.79
-5177.8
-5152.06
-5126.58
-5101.35
-5076.36
-5051.62
-5027.12
-5002.85
-4978.82
-4955.02
-4931.44
-4908.09
-4884.96
