-11551.2
-14744.5
-14492
-14239.5
-13987
-13734.4
-13481.9
-13229.4
-12976.9
-12724.4
-12471.9
-12219.4
-11966.9
-11714.4
-11461.9
-11209.4
-10956.8
-10704.3
-10451.8
-10199.3
-9946.81
-9694.3
-9441.8
-9189.29
-8936.78
-8684.27
-8431.76
-8179.25
-7926.74
-7674.23
-7421.72
-7169.21
-6916.7
-6664.2
-6411.69
-6159.18
-5906.67
-5654.16
-5401.65
-5149.14
-4896.63
-4709.89
-4699.64
-4689.38
-4679.12
-4668.86
-4658.6
-4648.34
-4638.08
-4627.82
-4617.56
-4607.3
-4597.04
-4586.78
-4576.52
-4566.27
-4556.01
-4545.75
-4535.49
-4525.23
-4514.97
-4504.71
-4494.45
-4484.19
-4473.93
-4463.67
-4453.41
-4443.15
-4432.9
-4422.64
-4412.38
-4402.12
-4391.86
-4381.6
-4371.34
-4361.08
-4350.82
-4340.56
-4330.3
-4320.04
-4309.78
-4299.53
-4289.27
-4279.01
-4268.75
-4258.49
-4248.23
-4237.97
-4227.71
-4217.45
-4207.19
-4196.93
-4186.67
-4176.41
-4166.16
-4155.9
-4145.64
-4135.38
-4125.12
-4114.86
-4104.6
-4094.34
-4084.08
-4073.82
-4063.56
-4053.3
-4043.04
-4032.79
-4022.53
-4012.27
-4002.01
-3991.75
-3981.49
-3971.23
-3960.97
-3950.71
-3940.45
-3930.19
-3919.93
-3909.67
-3899.42
-3889.16
-3878.9
-3868.64
-3858.38
-3848.12
-3837.86
-3827.6
-3817.34
-3807.08
-3796.82
-3786.56
-3776.3
-3766.05
-3755.79
-3745.53
-3735.27
-3725.01
-3714.75
-3704.49
-3694.23
-3683.97
-3673.71
-3663.45
-3653.19
-3642.93
-3632.68
-3622.42
-3612.16
-3601.9
-3591.64
-3581.38
-3571.12
-3560.86
-3550.6
-3540.34
-3530.08
-3519.82
-3509.56
-3499.31
-3489.05
-3478.79
-3468.53
-3458.27
-3448.01
-3437.75
-3427.49
-3417.23
-3406.97
-3396.71
-3386.45
-3376.19
-3365.93
-3355.68
-3345.42
-3335.16
-3324.9
-3314.64
-3304.38
-3294.12
-3283.86
-3273.6
-3263.34
-3253.08
-3242.82
-3232.56
-3222.31
-3212.05
-3201.79
-3191.53
-3181.27
-3171.01
-3160.75
-3150.49
-3140.23
-3129.97
-3119.71
-3109.45
-3099.19
-3088.94
-3078.68
-3068.42
-3058.16
-3047.9
-3037.64
-3027.38
-3017.12
-3006.86
-2996.6
-2986.34
-2976.08
-2965.82
-2955.57
-2945.31
-2935.05
-2924.79
-2914.53
-2904.27
-2894.01
-2883.75
-2873.49
-2863.23
-2852.97
-2842.71
-2832.45
-2822.2
-2811.94
-2801.68
-2791.42
-2781.16
-2770.9
-2760.64
-2750.38
-2740.12
-2729.86
-2719.6
-2709.34
-2699.08
-2688.83
-2678.57
-2668.31
-2658.05
-2647.79
-2637.53
-2627.27
-2617.01
-2606.75
-2596.49
-2586.23
-2575.97
-2565.71
-2555.46
-2545.2
-2534.94
-2524.68
-2514.42
-2504.16
-2493.9
-2483.64
-2473.38
-2463.12
-2452.86
-2442.6
-2432.34
-2422.09
-2411.83
-2401.57
-2391.31
-2381.05
-2370.79
-2360.53
-2350.27
-2340.01
-2329.75
-2319.49
-2309.23
-2298.97
-2288.72
-2278.46
-2268.2
-2257.94
-2247.68
-2237.42
-2227.16
-2216.9
-2206.64
-2196.38
-2186.12
-2175.86
-2165.6
-2155.35
-2145.09
-2134.83
-2124.57
-2114.31
-2104.05
-2093.79
-2083.53
-2073.27
-2063.01
-2052.75
-2042.49
-2032.23
-2021.98
-2011.72
-2001.46
-1991.2
-1980.94
-1970.68
-1960.42
-1950.16
-1939.9
-1929.64
-1919.38
-1909.12
-1898.86
-1888.61
-1878.35
-1868.09
-1857.83
-1847.57
-1837.31
-1827.05
-1816.79
-1806.53
-1796.27
-1786.01
-1775.75
-1765.49
-1755.24
-1744.98
-1734.72
-1724.46
-1714.2
-1703.94
-1693.68
-1683.42
-1673.16
-1662.9
-1652.64
-1642.38
-1632.12
-1621.87
-1611.61
-1601.35
-1591.09
-1580.83
-1570.57
-1560.31
-1550.05
-1539.79
-1529.53
-1519.27
-1509.01
-1498.75
-1488.5
-1478.24
-1467.98
-1457.72
-1447.46
-1437.2
-1426.94
-1416.68
-1406.42
-1396.16
-1385.9
-1375.64
-1365.38
-1355.13
-1344.87
-1334.61
-1324.35
-1314.09
-1303.83
-1293.57
-1283.31
-1273.05
-1262.79
-1252.53
-1242.27
-1232.01
-1221.76
-1211.5
-1201.24
-1190.98
-1180.72
-1170.46
-1160.2
-1149.94
-1139.68
-1129.42
-1119.16
-1108.9
-1098.64
-1088.39
-1078.13
-1067.87
-1057.61
-1047.35
-1037.09
