1173.52 0.0005
2346.98 0.001
3520.37 0.0015
4693.66 0.002
5866.83 0.0025
7039.87 0.003
8212.75 0.0035
9385.45 0.004
10558 0.0045
11730.2 0.005
12902.3 0.0055
14074 0.006
15245.5 0.0065
16416.7 0.007
17587.6 0.0075
18758.1 0.008
19928.2 0.0085
21098 0.009
22267.3 0.0095
23436.2 0.01
24604.7 0.0105
25772.6 0.011
26940.1 0.0115
28107.1 0.012
29273.5 0.0125
30439.4 0.013
31604.7 0.0135
32769.3 0.014
33933.4 0.0145
35096.8 0.015
36259.6 0.0155
37421.6 0.016
38583 0.0165
39743.6 0.017
40903.5 0.0175
42062.6 0.018
43220.9 0.0185
44378.4 0.019
45535.1 0.0195
46690.9 0.02
47845.8 0.0205
48999.9 0.021
50153 0.0215
51305.2 0.022
52456.4 0.0225
53606.7 0.023
54755.9 0.0235
55904.1 0.024
57051.3 0.0245
58197.5 0.025
59342.5 0.0255
60486.5 0.026
61629.3 0.0265
62771 0.027
63911.6 0.0275
65050.9 0.028
66189.1 0.0285
67326.1 0.029
68461.8 0.0295
69596.3 0.03
70729.6 0.0305
71861.6 0.031
72992.2 0.0315
74121.6 0.032
75249.6 0.0325
76376.3 0.033
77501.7 0.0335
78625.7 0.034
79748.3 0.0345
80869.5 0.035
81989.3 0.0355
83107.7 0.036
84224.6 0.0365
85340.1 0.037
86454.1 0.0375
87566.7 0.038
88677.8 0.0385
89787.4 0.039
90895.4 0.0395
92001.9 0.04
93106.9 0.0405
94210.2 0.041
95311.9 0.0415
96411.9 0.042
97510.2 0.0425
98606.7 0.043
99701.3 0.0435
100794 0.044
101884 0.0445
102972 0.045
104058 0.0455
105141 0.046
106221 0.0465
107299 0.047
108374 0.0475
109447 0.048
110518 0.0485
111587 0.049
112654 0.0495
113719 0.05
114783 0.0505
115844 0.051
116905 0.0515
117963 0.052
119020 0.0525
120075 0.053
121129 0.0535
122181 0.054
123231 0.0545
124280 0.055
125327 0.0555
126373 0.056
127416 0.0565
128458 0.057
129497 0.0575
130534 0.058
131569 0.0585
132601 0.059
133631 0.0595
134658 0.06
135682 0.0605
136704 0.061
137723 0.0615
138739 0.062
139752 0.0625
140763 0.063
141772 0.0635
142778 0.064
143781 0.0645
144783 0.065
145782 0.0655
146779 0.066
147775 0.0665
148768 0.067
149759 0.0675
150748 0.068
151736 0.0685
152722 0.069
153706 0.0695
154688 0.07
155669 0.0705
156648 0.071
157625 0.0715
158601 0.072
159576 0.0725
160548 0.073
161519 0.0735
162488 0.074
163456 0.0745
164422 0.075
165386 0.0755
166348 0.076
167309 0.0765
168269 0.077
169226 0.0775
170182 0.078
171136 0.0785
172088 0.079
173039 0.0795
173987 0.08
174933 0.0805
175877 0.081
176819 0.0815
177758 0.082
178695 0.0825
179629 0.083
180560 0.0835
181488 0.084
182414 0.0845
183336 0.085
184255 0.0855
185171 0.086
186084 0.0865
186993 0.087
187899 0.0875
188801 0.088
189700 0.0885
190595 0.089
191487 0.0895
192375 0.09
193259 0.0905
194139 0.091
195016 0.0915
195888 0.092
196757 0.0925
197622 0.093
198483 0.0935
199340 0.094
200193 0.0945
201041 0.095
201885 0.0955
202725 0.096
203560 0.0965
204390 0.097
205215 0.0975
206034 0.098
206847 0.0985
207652 0.099
208449 0.0995
209235 0.1
210007 0.1005
210761 0.101
211485 0.1015
212163 0.102
212765 0.1025
213276 0.103
213710 0.1035
214076 0.104
214371 0.1045
214601 0.105
214758 0.1055
214869 0.106
214969 0.1065
215057 0.107
215124 0.1075
215164 0.108
215185 0.1085
215192 0.109
215201 0.1095
215220 0.11
215246 0.1105
215279 0.111
215324 0.1115
215383 0.112
215457 0.1125
215544 0.113
215643 0.1135
215751 0.114
215868 0.1145
215990 0.115
216119 0.1155
216251 0.116
216386 0.1165
216521 0.117
216653 0.1175
216780 0.118
216900 0.1185
217013 0.119
217123 0.1195
217233 0.12
217344 0.1205
217456 0.121
217566 0.1215
217678 0.122
217793 0.1225
217912 0.123
218035 0.1235
218162 0.124
218290 0.1245
218420 0.125
218548 0.1255
218675 0.126
218797 0.1265
218917 0.127
219037 0.1275
219161 0.128
219289 0.1285
219422 0.129
219559 0.1295
219700 0.13
