-51.7937
-103.668
-155.623
-207.658
-259.77
-311.961
-364.227
-416.57
-468.988
-521.479
-574.044
-626.681
-679.39
-732.169
-785.017
-837.935
-890.921
-943.974
-997.094
-1050.28
-1103.53
-1156.85
-1210.23
-1263.67
-1317.17
-1370.74
-1424.37
-1478.06
-1531.81
-1585.62
-1639.49
-1693.41
-1747.4
-1801.44
-1855.55
-1909.71
-1963.92
-2018.19
-2072.52
-2126.91
-2181.35
-2235.84
-2290.39
-2344.99
-2399.65
-2454.36
-2509.13
-2563.95
-2618.82
-2673.74
-2728.72
-2783.75
-2838.83
-2893.96
-2949.15
-3004.38
-3059.66
-3115
-3170.39
-3225.82
-3281.31
-3336.84
-3392.43
-3448.06
-3503.74
-3559.47
-3615.25
-3671.08
-3726.95
-3782.88
-3838.85
-3894.86
-3950.93
-4007.04
-4063.2
-4119.41
-4175.66
-4231.96
-4288.3
-4344.69
-4401.13
-4457.61
-4514.13
-4570.69
-4627.3
-4683.94
-4740.63
-4797.34
-4854.09
-4910.86
-4967.65
-5024.46
-5081.28
-5138.13
-5194.99
-5251.88
-5308.81
-5365.76
-5422.75
-5479.78
-5536.85
-5593.97
-5651.13
-5708.33
-5765.58
-5822.87
-5880.22
-5937.61
-5995.04
-6052.53
-6110.07
-6167.65
-6225.28
-6282.95
-6340.67
-6398.43
-6456.24
-6514.08
-6571.97
-6629.89
-6687.85
-6745.84
-6803.87
-6861.93
-6920.02
-6978.15
-7036.3
-7094.49
-7152.71
-7210.95
-7269.24
-7327.55
-7385.9
-7444.29
-7502.73
-7561.2
-7619.72
-7678.29
-7736.91
-7795.57
-7854.29
-7913.05
-7971.87
-8030.73
-8089.65
-8148.62
-8207.63
-8266.7
-8325.82
-8384.99
-8444.22
-8503.49
-8562.81
-8622.18
-8681.61
-8741.08
-8800.6
-8860.17
-8919.78
-8979.45
-9039.15
-9098.9
-9158.7
-9218.53
-9278.41
-9338.32
-9398.28
-9458.27
-9518.29
-9578.35
-9638.44
-9698.57
-9758.73
-9818.91
-9879.13
-9939.37
-9999.65
-10059.9
-10120.3
-10180.6
-10241
-10301.4
-10361.8
-10422.3
-10482.7
-10543.2
-10603.8
-10664.3
-10724.8
-10785.4
-10846
-10906.6
-10967.2
-11027.9
-11088.5
-11149.1
-11209.7
-11270.4
-11330.9
-11391.5
-11451.9
-11512.3
-11572.4
-11632.2
-11691.4
-11749.9
-11807.6
-11864.4
-11920.2
-11974.5
-12026.7
-12077.4
-12128
-12178.6
-12228.9
-12279.3
-12329.8
-12380.5
-12431.6
-12483
-12534.7
-12586.6
-12638.8
-12691.2
-12743.9
-12796.9
-12850
-12903.4
-12956.9
-13010.5
-13064.3
-13118.1
-13172.1
-13226
-13280
-13333.9
-13387.7
-13441.4
-13495
-13548.7
-13602.5
-13656.3
-13710.3
-13764.4
-13818.6
-13872.9
-13927.4
-13981.9
-14036.5
-14091.2
-14146
-14200.8
-14255.7
-14310.6
-14365.7
-14420.8
-14476.1
-14531.4
-14586.9
-14642.4
