-48.2569
-96.4586
-144.605
-192.694
-240.726
-288.7
-336.616
-384.472
-432.269
-480.004
-527.679
-575.291
-622.841
-670.327
-717.749
-765.107
-812.4
-859.627
-906.787
-953.881
-1000.91
-1047.87
-1094.76
-1141.58
-1188.33
-1235.01
-1281.63
-1328.17
-1374.64
-1421.04
-1467.37
-1513.63
-1559.82
-1605.93
-1651.97
-1697.94
-1743.83
-1789.66
-1835.41
-1881.08
-1926.68
-1972.21
-2017.66
-2063.04
-2108.34
-2153.57
-2198.72
-2243.8
-2288.8
-2333.73
-2378.58
-2423.35
-2468.05
-2512.67
-2557.21
-2601.68
-2646.07
-2690.38
-2734.61
-2778.77
-2822.84
-2866.84
-2910.76
-2954.61
-2998.37
-3042.05
-3085.66
-3129.18
-3172.63
-3215.99
-3259.28
-3302.48
-3345.6
-3388.65
-3431.61
-3474.49
-3517.29
-3560.01
-3602.65
-3645.2
-3687.68
-3730.07
-3772.38
-3814.6
-3856.74
-3898.8
-3940.77
-3982.66
-4024.46
-4066.18
-4107.8
-4149.34
-4190.79
-4232.15
-4273.42
-4314.6
-4355.69
-4396.7
-4437.62
-4478.46
-4519.22
-4559.89
-4600.47
-4640.97
-4681.38
-4721.71
-4761.96
-4802.12
-4842.19
-4882.18
-4922.08
-4961.9
-5001.63
-5041.27
-5080.82
-5120.28
-5159.65
-5198.92
-5238.1
-5277.19
-5316.18
-5355.08
-5393.88
-5432.58
-5471.18
-5509.69
-5548.11
-5586.42
-5624.64
-5662.77
-5700.8
-5738.73
-5776.57
-5814.33
-5851.99
-5889.56
-5927.04
-5964.44
-6001.74
-6038.97
-6076.1
-6113.15
-6150.11
-6186.99
-6223.78
-6260.49
-6297.11
-6333.64
-6370.09
-6406.46
-6442.73
-6478.93
-6515.03
-6551.05
-6586.99
-6622.83
-6658.59
-6694.26
-6729.85
-6765.34
-6800.75
-6836.06
-6871.29
-6906.42
-6941.46
-6976.41
-7011.27
-7046.03
-7080.7
-7115.27
-7149.75
-7184.13
-7218.42
-7252.61
-7286.71
-7320.7
-7354.6
-7388.41
-7422.11
-7455.72
-7489.23
-7522.65
-7555.96
-7589.18
-7622.3
-7655.32
-7688.25
-7721.08
-7753.81
-7786.44
-7818.97
-7851.4
-7883.73
-7915.96
-7948.09
-7980.11
-8012.02
-8043.81
-8075.49
-8107.03
-8138.42
-8169.63
-8200.63
-8231.31
-8261.56
-8291.26
-8320.45
-8349.11
-8377.15
-8404.47
-8430.85
-8456.6
-8482.21
-8507.72
-8533.06
-8558.27
-8583.46
-8608.64
-8633.89
-8659.2
-8684.55
-8709.93
-8735.36
-8760.84
-8786.37
-8811.94
-8837.53
-8863.13
-8888.74
-8914.34
-8939.93
-8965.48
-8991
-9016.47
-9041.87
-9067.17
-9092.35
-9117.43
-9142.42
-9167.35
-9192.26
-9217.14
-9241.98
-9266.8
-9291.6
-9316.37
-9341.12
-9365.85
-9390.55
-9415.21
-9439.84
-9464.42
-9488.94
-9513.42
-9537.86
-9562.28
-9586.67
-9611.04
-9635.38
-9659.69
