-98.5132
-197.028
-295.542
-394.055
-492.566
-591.073
-689.576
-788.073
-886.563
-985.045
-1083.52
-1181.98
-1280.43
-1378.87
-1477.29
-1575.7
-1674.09
-1772.46
-1870.82
-1969.15
-2067.46
-2165.75
-2264.01
-2362.25
-2460.46
-2558.64
-2656.79
-2754.91
-2852.99
-2951.05
-3049.06
-3147.04
-3244.98
-3342.88
-3440.73
-3538.55
-3636.32
-3734.04
-3831.71
-3929.33
-4026.9
-4124.42
-4221.88
-4319.29
-4416.64
-4513.93
-4611.15
-4708.32
-4805.42
-4902.45
-4999.41
-5096.31
-5193.13
-5289.88
-5386.56
-5483.16
-5579.68
-5676.12
-5772.48
-5868.76
-5964.95
-6061.06
-6157.08
-6253.01
-6348.85
-6444.6
-6540.26
-6635.82
-6731.29
-6826.66
-6921.93
-7017.1
-7112.17
-7207.14
-7302
-7396.76
-7491.4
-7585.94
-7680.36
-7774.67
-7868.86
-7962.92
-8056.85
-8150.64
-8244.28
-8337.76
-8431.06
-8524.16
-8617.04
-8709.67
-8802.01
-8894.05
-8985.77
-9077.19
-9168.32
-9259.2
-9349.86
-9440.32
-9530.59
-9620.71
-9710.67
-9800.49
-9890.17
-9979.74
-10069.2
-10158.5
-10247.7
-10336.9
-10425.9
-10514.8
-10603.6
-10692.3
-10780.9
-10869.4
-10957.7
-11045.9
-11134.1
-11222
-11309.8
-11397.5
-11485
-11572.3
-11659.5
-11746.4
-11833.1
-11919.7
-12005.9
-12092
-12177.8
-12263.4
-12348.7
-12433.9
-12518.8
-12603.5
-12688
-12772.4
-12856.6
-12940.6
-13024.5
-13108.2
-13191.8
-13275.2
-13358.5
-13441.6
-13524.7
-13607.6
-13690.3
-13772.9
-13855.4
-13937.8
-14020
-14102
-14183.9
-14265.7
-14347.3
-14428.8
-14510
-14591.1
-14672.1
-14752.8
-14833.3
-14913.6
-14993.7
-15073.6
-15153.3
-15232.6
-15311.8
-15390.6
-15469.2
-15547.5
-15625.4
-15703.1
-15780.5
-15857.5
-15934.3
-16010.7
-16086.7
-16162.5
-16237.8
-16312.9
-16387.5
-16461.8
-16535.8
-16609.4
-16682.6
-16755.4
-16827.9
-16900
-16971.7
-17043
-17113.9
-17184.4
-17254.5
-17324.1
-17393.3
-17462
-17530.1
-17597.7
-17664.6
-17730.8
-17796.1
-17860.4
-17923.4
-17984.9
-18044.3
-18100.8
-18153
-18199
-18235.2
-18254.5
-18247.6
-18223.5
-18197.1
-18170.1
-18140.9
-18112.2
-18086.9
-18065.6
-18047.6
-18032.5
-18019.7
-18008.7
-17999.4
-17991.5
-17984.9
-17979.5
-17975.2
-17971.8
-17969
-17966.9
-17965.2
-17963.7
-17962.3
-17960.7
-17958.5
-17955.3
-17950.6
-17944.3
-17936.8
-17929
-17921.6
-17915
-17909
-17903.7
-17899
-17894.7
-17891
-17887.7
-17884.8
-17882.2
-17880
-17878.2
-17876.8
-17875.7
-17875
-17874.5
-17874.3
-17874.4
-17874.7
-17875.3
