-74.089
-147.99
-221.702
-295.222
-368.549
-441.682
-514.618
-587.356
-659.894
-732.231
-804.365
-876.295
-948.018
-1019.53
-1090.84
-1161.93
-1232.81
-1303.48
-1373.93
-1444.16
-1514.18
-1583.97
-1653.54
-1722.89
-1792.01
-1860.9
-1929.56
-1998
-2066.2
-2134.17
-2201.91
-2269.4
-2336.66
-2403.69
-2470.47
-2537.01
-2603.3
-2669.35
-2735.16
-2800.72
-2866.02
-2931.08
-2995.89
-3060.45
-3124.75
-3188.79
-3252.58
-3316.12
-3379.39
-3442.41
-3505.16
-3567.66
-3629.89
-3691.86
-3753.56
-3815
-3876.18
-3937.09
-3997.73
-4058.1
-4118.2
-4178.04
-4237.61
-4296.9
-4355.93
-4414.69
-4473.17
-4531.38
-4589.32
-4646.99
-4704.39
-4761.52
-4818.37
-4874.95
-4931.25
-4987.29
-5043.05
-5098.53
-5153.74
-5208.68
-5263.33
-5317.71
-5371.81
-5425.62
-5479.14
-5532.36
-5585.28
-5637.89
-5690.17
-5742.1
-5793.68
-5844.89
-5895.73
-5946.21
-5996.33
-6046.13
-6095.61
-6144.79
-6193.69
-6242.32
-6290.68
-6338.77
-6386.62
-6434.22
-6481.57
-6528.69
-6575.57
-6622.21
-6668.62
-6714.81
-6760.76
-6806.49
-6851.99
-6897.26
-6942.29
-6987.1
-7031.67
-7076.01
-7120.11
-7163.97
-7207.58
-7250.93
-7294.04
-7336.88
-7379.45
-7421.76
-7463.8
-7505.57
-7547.06
-7588.28
-7629.23
-7669.92
-7710.36
-7750.55
-7790.51
-7830.23
-7869.73
-7909
-7948.06
-7986.91
-8025.54
-8063.98
-8102.21
-8140.24
-8178.07
-8215.7
-8253.14
-8290.38
-8327.43
-8364.29
-8400.95
-8437.42
-8473.7
-8509.78
-8545.66
-8581.35
-8616.85
-8652.14
-8687.23
-8722.12
-8756.8
-8791.28
-8825.55
-8859.61
-8893.45
-8927.08
-8960.49
-8993.67
-9026.63
-9059.37
-9091.88
-9124.16
-9156.21
-9188.03
-9219.62
-9250.98
-9282.11
-9313
-9343.67
-9374.1
-9404.29
-9434.25
-9463.98
-9493.47
-9522.73
-9551.75
-9580.54
-9609.09
-9637.41
-9665.49
-9693.33
-9720.93
-9748.28
-9775.38
-9802.23
-9828.81
-9855.1
-9881.1
-9906.78
-9932.1
-9957.04
-9981.53
-10005.5
-10028.8
-10051.3
-10072.8
-10092.6
-10110.2
-10124.2
-10131.7
-10129.5
-10120.7
-10111.1
-10101.2
-10090.6
-10080.1
-10070.9
-10063.2
-10056.7
-10051.3
-10046.8
-10043
-10039.8
-10037.1
-10034.9
-10033.2
-10031.8
-10030.8
-10030.1
-10029.6
-10029.2
-10029
-10028.7
-10028.4
-10027.9
-10027
-10025.5
-10023.4
-10020.8
-10018.2
-10015.6
-10013.4
-10011.4
-10009.6
-10008.1
-10006.7
-10005.5
-10004.6
-10003.7
-10002.9
-10002.3
-10001.9
-10001.6
-10001.4
-10001.3
-10001.4
-10001.6
-10001.8
-10002.2
-10002.6
