-76.1526
-152.497
-229.032
-305.755
-382.663
-459.756
-537.031
-614.486
-692.118
-769.927
-847.909
-926.063
-1004.39
-1082.88
-1161.53
-1240.35
-1319.33
-1398.47
-1477.77
-1557.22
-1636.82
-1716.58
-1796.48
-1876.52
-1956.71
-2037.05
-2117.52
-2198.12
-2278.87
-2359.74
-2440.74
-2521.88
-2603.13
-2684.51
-2766.01
-2847.63
-2929.36
-3011.21
-3093.17
-3175.24
-3257.41
-3339.69
-3422.07
-3504.54
-3587.12
-3669.79
-3752.55
-3835.4
-3918.34
-4001.36
-4084.46
-4167.65
-4250.91
-4334.25
-4417.66
-4501.14
-4584.69
-4668.3
-4751.98
-4835.72
-4919.52
-5003.38
-5087.3
-5171.26
-5255.28
-5339.35
-5423.46
-5507.62
-5591.82
-5676.07
-5760.35
-5844.67
-5929.03
-6013.42
-6097.84
-6182.29
-6266.76
-6351.26
-6435.78
-6520.32
-6604.88
-6689.44
-6774.01
-6858.58
-6943.13
-7027.66
-7112.15
-7196.58
-7280.94
-7365.2
-7449.32
-7533.3
-7617.11
-7700.78
-7784.32
-7867.74
-7951.09
-8034.37
-8117.6
-8200.8
-8283.97
-8367.13
-8450.28
-8533.43
-8616.59
-8699.75
-8782.92
-8866.11
-8949.31
-9032.52
-9115.75
-9198.99
-9282.24
-9365.49
-9448.74
-9531.99
-9615.23
-9698.45
-9781.65
-9864.8
-9947.92
-10031
-10114
-10196.9
-10279.7
-10362.5
-10445.1
-10527.6
-10610.1
-10692.4
-10774.6
-10856.7
-10938.7
-11020.7
-11102.5
-11184.4
-11266.1
-11347.8
-11429.5
-11511.1
-11592.7
-11674.3
-11755.9
-11837.4
-11918.9
-12000.3
-12081.8
-12163.2
-12244.6
-12326
-12407.3
-12488.6
-12569.8
-12651
-12732.2
-12813.3
-12894.3
-12975.3
-13056.1
-13136.9
-13217.6
-13298.1
-13378.5
-13458.8
-13538.9
-13618.8
-13698.5
-13778.1
-13857.4
-13936.6
-14015.4
-14094.1
-14172.5
-14250.7
-14328.5
-14406.2
-14483.5
-14560.5
-14637.3
-14713.8
-14789.9
-14865.8
-14941.3
-15016.6
-15091.5
-15166.1
-15240.4
-15314.4
-15388.1
-15461.4
-15534.4
-15607.1
-15679.4
-15751.3
-15822.9
-15894
-15964.7
-16034.8
-16104.4
-16173.2
-16241.3
-16308.3
-16374.2
-16438.4
-16500.5
-16559.5
-16614.2
-16662.2
-16699.9
-16719.6
-16711.4
-16684.6
-16655.5
-16625.4
-16593.1
-16561.1
-16532.6
-16508.4
-16487.7
-16470.1
-16454.9
-16441.7
-16430.2
-16420.2
-16411.7
-16404.4
-16398.2
-16393
-16388.5
-16384.6
-16381.2
-16378
-16375
-16371.7
-16367.8
-16362.9
-16356.5
-16348.5
-16339.2
-16329.7
-16320.6
-16312.3
-16304.7
-16297.7
-16291.4
-16285.6
-16280.4
-16275.6
-16271.3
-16267.3
-16263.8
-16260.7
-16258
-16255.7
-16253.6
-16251.9
-16250.5
-16249.4
-16248.5
-16247.9
