-76.2655
-152.33
-228.192
-303.85
-379.301
-454.544
-529.576
-604.397
-679.003
-753.394
-827.566
-901.52
-975.252
-1048.76
-1122.04
-1195.1
-1267.93
-1340.52
-1412.89
-1485.02
-1556.91
-1628.57
-1699.99
-1771.16
-1842.1
-1912.79
-1983.23
-2053.42
-2123.36
-2193.06
-2262.5
-2331.68
-2400.61
-2469.28
-2537.68
-2605.83
-2673.72
-2741.34
-2808.69
-2875.78
-2942.6
-3009.15
-3075.43
-3141.43
-3207.16
-3272.62
-3337.8
-3402.7
-3467.32
-3531.66
-3595.72
-3659.5
-3722.99
-3786.2
-3849.12
-3911.76
-3974.12
-4036.18
-4097.96
-4159.44
-4220.64
-4281.55
-4342.17
-4402.49
-4462.53
-4522.27
-4581.72
-4640.88
-4699.75
-4758.32
-4816.6
-4874.59
-4932.28
-4989.69
-5046.8
-5103.61
-5160.13
-5216.36
-5272.3
-5327.94
-5383.28
-5438.32
-5493.06
-5547.5
-5601.63
-5655.44
-5708.93
-5762.09
-5814.9
-5867.35
-5919.42
-5971.11
-6022.41
-6073.34
-6123.9
-6174.12
-6224.02
-6273.61
-6322.9
-6371.9
-6420.62
-6469.07
-6517.24
-6565.15
-6612.8
-6660.18
-6707.31
-6754.18
-6800.8
-6847.15
-6893.25
-6939.08
-6984.63
-7029.92
-7074.92
-7119.63
-7164.04
-7208.16
-7251.97
-7295.47
-7338.66
-7381.56
-7424.17
-7466.5
-7508.56
-7550.37
-7591.92
-7633.24
-7674.32
-7715.18
-7755.81
-7796.22
-7836.4
-7876.38
-7916.13
-7955.68
-7995.01
-8034.13
-8073.04
-8111.73
-8150.21
-8188.48
-8226.53
-8264.36
-8301.98
-8339.37
-8376.56
-8413.52
-8450.28
-8486.82
-8523.15
-8559.28
-8595.21
-8630.93
-8666.46
-8701.78
-8736.91
-8771.83
-8806.55
-8841.06
-8875.36
-8909.45
-8943.32
-8976.96
-9010.37
-9043.55
-9076.48
-9109.18
-9141.63
-9173.84
-9205.79
-9237.49
-9268.95
-9300.14
-9331.09
-9361.78
-9392.21
-9422.38
-9452.3
-9481.97
-9511.37
-9540.52
-9569.42
-9598.05
-9626.44
-9654.56
-9682.43
-9710.04
-9737.4
-9764.49
-9791.32
-9817.89
-9844.18
-9870.19
-9895.91
-9921.31
-9946.39
-9971.1
-9995.39
-10019.2
-10042.4
-10064.9
-10086.3
-10106.3
-10123.9
-10137.9
-10145.9
-10146.6
-10141
-10133.1
-10124.8
-10115.9
-10106.7
-10097.8
-10089.8
-10082.9
-10076.9
-10071.8
-10067.4
-10063.7
-10060.4
-10057.7
-10055.3
-10053.4
-10051.8
-10050.5
-10049.5
-10048.7
-10048
-10047.4
-10046.9
-10046.4
-10045.6
-10044.5
-10042.9
-10040.5
-10037.4
-10033.6
-10029.9
-10026.6
-10023.6
-10021
-10018.7
-10016.6
-10014.8
-10013.1
-10011.5
-10010.1
-10008.9
-10007.8
-10006.9
-10006.1
-10005.4
-10004.9
-10004.5
-10004.2
-10004
-10004
-10004
-10004.1
