-76.3922
-152.973
-229.742
-306.695
-383.832
-461.149
-538.646
-616.32
-694.169
-772.19
-850.383
-928.744
-1007.27
-1085.96
-1164.82
-1243.83
-1323.01
-1402.34
-1481.82
-1561.46
-1641.24
-1721.17
-1801.25
-1881.47
-1961.83
-2042.33
-2122.96
-2203.73
-2284.62
-2365.65
-2446.81
-2528.08
-2609.48
-2691
-2772.64
-2854.39
-2936.25
-3018.23
-3100.31
-3182.49
-3264.78
-3347.17
-3429.65
-3512.23
-3594.9
-3677.66
-3760.51
-3843.45
-3926.47
-4009.56
-4092.74
-4175.99
-4259.32
-4342.71
-4426.17
-4509.7
-4593.29
-4676.95
-4760.66
-4844.43
-4928.25
-5012.13
-5096.05
-5180.03
-5264.05
-5348.11
-5432.22
-5516.36
-5600.55
-5684.76
-5769.02
-5853.3
-5937.62
-6021.96
-6106.33
-6190.73
-6275.14
-6359.58
-6444.03
-6528.49
-6612.97
-6697.45
-6781.93
-6866.4
-6950.86
-7035.29
-7119.68
-7204.01
-7288.26
-7372.4
-7456.42
-7540.3
-7624.02
-7707.61
-7791.07
-7874.43
-7957.71
-8040.93
-8124.1
-8207.24
-8290.35
-8373.44
-8456.52
-8539.59
-8622.65
-8705.7
-8788.75
-8871.79
-8954.82
-9037.83
-9120.83
-9203.79
-9286.7
-9369.56
-9452.35
-9535.06
-9617.66
-9700.15
-9782.52
-9864.75
-9946.85
-10028.8
-10110.7
-10192.4
-10274.1
-10355.7
-10437.2
-10518.7
-10600.2
-10681.6
-10763.1
-10844.4
-10925.8
-11007.2
-11088.5
-11169.9
-11251.2
-11332.5
-11413.8
-11495.1
-11576.3
-11657.6
-11738.8
-11819.9
-11901
-11982.1
-12063.1
-12144.1
-12225
-12305.9
-12386.7
-12467.5
-12548.2
-12628.9
-12709.5
-12790.1
-12870.6
-12951
-13031.3
-13111.5
-13191.6
-13271.6
-13351.4
-13431.1
-13510.5
-13589.8
-13668.9
-13747.7
-13826.3
-13904.6
-13982.6
-14060.4
-14137.9
-14215.2
-14292.1
-14368.7
-14445
-14521
-14596.7
-14672.1
-14747.2
-14821.9
-14896.3
-14970.4
-15044.1
-15117.5
-15190.6
-15263.3
-15335.7
-15407.7
-15479.3
-15550.5
-15621.2
-15691.6
-15761.4
-15830.6
-15899.3
-15967.1
-16034.1
-16100
-16164.4
-16227
-16286.8
-16342.6
-16391.9
-16430.8
-16453.2
-16454.1
-16436.8
-16413.3
-16389.3
-16364.3
-16338.1
-16312.8
-16290.4
-16270.9
-16254
-16239.3
-16226.8
-16215.9
-16206.4
-16198.2
-16191.2
-16185.3
-16180.4
-16176.2
-16172.8
-16169.9
-16167.4
-16165.2
-16163.1
-16160.9
-16158.2
-16154.7
-16149.6
-16142.7
-16133.6
-16123
-16112.6
-16103.1
-16094.7
-16087.3
-16080.7
-16074.7
-16069.4
-16064.5
-16060
-16055.9
-16052.2
-16049.1
-16046.3
-16043.9
-16041.9
-16040.3
-16038.9
-16037.8
-16037.1
-16036.6
-16036.3
-16036.3
