-100.895
-201.783
-302.664
-403.536
-504.398
-605.248
-706.086
-806.91
-907.718
-1008.51
-1109.28
-1210.04
-1310.77
-1411.49
-1512.17
-1612.84
-1713.48
-1814.09
-1914.67
-2015.22
-2115.74
-2216.23
-2316.68
-2417.09
-2517.47
-2617.81
-2718.1
-2818.36
-2918.57
-3018.73
-3118.85
-3218.92
-3318.93
-3418.9
-3518.81
-3618.66
-3718.46
-3818.19
-3917.87
-4017.48
-4117.03
-4216.51
-4315.92
-4415.26
-4514.53
-4613.73
-4712.85
-4811.89
-4910.85
-5009.73
-5108.53
-5207.24
-5305.87
-5404.41
-5502.86
-5601.21
-5699.47
-5797.64
-5895.71
-5993.68
-6091.55
-6189.31
-6286.98
-6384.53
-6481.98
-6579.32
-6676.56
-6773.67
-6870.68
-6967.57
-7064.35
-7161.01
-7257.55
-7353.97
-7450.26
-7546.44
-7642.49
-7738.4
-7834.19
-7929.85
-8025.36
-8120.74
-8215.96
-8311.03
-8405.94
-8500.66
-8595.2
-8689.51
-8783.59
-8877.4
-8970.92
-9064.13
-9157.01
-9249.59
-9341.88
-9433.92
-9525.72
-9617.32
-9708.73
-9799.95
-9891.02
-9981.92
-10072.7
-10163.3
-10253.7
-10344.1
-10434.2
-10524.3
-10614.2
-10703.9
-10793.5
-10882.9
-10972.1
-11061.2
-11150
-11238.6
-11326.9
-11415
-11502.8
-11590.4
-11677.6
-11764.6
-11851.3
-11937.8
-12024.1
-12110.2
-12196
-12281.7
-12367.2
-12452.6
-12537.8
-12622.9
-12707.8
-12792.6
-12877.2
-12961.7
-13046
-13130.3
-13214.3
-13298.3
-13382
-13465.6
-13549.1
-13632.4
-13715.5
-13798.4
-13881.2
-13963.7
-14046.1
-14128.4
-14210.4
-14292.3
-14374
-14455.6
-14537
-14618.2
-14699.2
-14780.1
-14860.7
-14941.2
-15021.4
-15101.4
-15181.1
-15260.6
-15339.8
-15418.7
-15497.3
-15575.6
-15653.6
-15731.2
-15808.5
-15885.4
-15961.9
-16038.1
-16113.8
-16189.2
-16264.2
-16338.8
-16413
-16486.8
-16560.2
-16633.2
-16705.8
-16777.9
-16849.6
-16920.9
-16991.8
-17062.2
-17132.2
-17201.7
-17270.7
-17339.3
-17407.3
-17474.9
-17541.8
-17608.1
-17673.8
-17738.6
-17802.5
-17865.3
-17926.6
-17986.1
-18042.9
-18095.8
-18142.5
-18179.1
-18200.2
-18201.4
-18185.9
-18164.3
-18141.8
-18118.2
-18093.4
-18069.6
-18048.5
-18030.1
-18014.2
-18000.5
-17988.7
-17978.7
-17970
-17962.5
-17956.2
-17950.9
-17946.5
-17943
-17940.1
-17937.7
-17935.8
-17934.2
-17932.6
-17931
-17928.9
-17925.9
-17921.5
-17915.2
-17906.9
-17897.1
-17887.4
-17878.6
-17870.7
-17863.8
-17857.7
-17852.3
-17847.4
-17842.9
-17838.6
-17834.8
-17831.5
-17828.6
-17826.1
-17824
-17822.3
-17820.8
-17819.7
-17818.8
-17818.3
-17817.9
-17817.9
-17818.1
