-76.2422
-152.675
-229.297
-306.106
-383.1
-460.277
-537.636
-615.174
-692.889
-770.78
-848.844
-927.08
-1005.49
-1084.06
-1162.8
-1241.7
-1320.76
-1399.99
-1479.37
-1558.9
-1638.59
-1718.43
-1798.42
-1878.56
-1958.84
-2039.27
-2119.83
-2200.54
-2281.38
-2362.35
-2443.46
-2524.7
-2606.06
-2687.55
-2769.17
-2850.9
-2932.76
-3014.73
-3096.81
-3179.01
-3261.31
-3343.73
-3426.25
-3508.87
-3591.59
-3674.42
-3757.33
-3840.35
-3923.45
-4006.64
-4089.92
-4173.29
-4256.74
-4340.27
-4423.88
-4507.56
-4591.32
-4675.15
-4759.05
-4843.01
-4927.05
-5011.14
-5095.3
-5179.52
-5263.79
-5348.12
-5432.5
-5516.94
-5601.43
-5685.96
-5770.54
-5855.16
-5939.83
-6024.54
-6109.29
-6194.08
-6278.9
-6363.76
-6448.65
-6533.57
-6618.53
-6703.51
-6788.52
-6873.55
-6958.61
-7043.69
-7128.78
-7213.89
-7299
-7384.12
-7469.24
-7554.36
-7639.48
-7724.58
-7809.69
-7894.8
-7979.9
-8065.02
-8150.13
-8235.25
-8320.38
-8405.51
-8490.65
-8575.78
-8660.91
-8746.04
-8831.16
-8916.26
-9001.34
-9086.39
-9171.4
-9256.35
-9341.24
-9426.05
-9510.76
-9595.35
-9679.81
-9764.11
-9848.26
-9932.24
-10016
-10099.7
-10183.1
-10266.4
-10349.6
-10432.6
-10515.4
-10598.2
-10680.9
-10763.5
-10846.1
-10928.6
-11011
-11093.4
-11175.7
-11258
-11340.3
-11422.6
-11504.8
-11586.9
-11669.1
-11751.2
-11833.3
-11915.3
-11997.3
-12079.2
-12161.1
-12243
-12324.8
-12406.5
-12488.1
-12569.8
-12651.3
-12732.8
-12814.2
-12895.5
-12976.7
-13057.8
-13138.8
-13219.7
-13300.4
-13381
-13461.4
-13541.5
-13621.5
-13701.3
-13780.8
-13860.1
-13939.1
-14017.9
-14096.4
-14174.6
-14252.6
-14330.3
-14407.6
-14484.7
-14561.5
-14638
-14714.2
-14790.1
-14865.7
-14940.9
-15015.8
-15090.4
-15164.7
-15238.6
-15312.2
-15385.3
-15458.1
-15530.5
-15602.4
-15673.8
-15744.7
-15815
-15884.6
-15953.4
-16021.3
-16088
-16153.2
-16216.3
-16276.5
-16332.2
-16380.4
-16415
-16427
-16413.9
-16390
-16365.5
-16340.4
-16313.7
-16287.5
-16264.4
-16244.6
-16227.7
-16213.4
-16201.2
-16190.8
-16181.9
-16174.2
-16167.7
-16162.4
-16158.1
-16154.7
-16152.2
-16150.3
-16149.2
-16148.7
-16148.7
-16149.3
-16150.2
-16151.6
-16153.3
-16155.3
-16157.5
-16159.8
-16162.1
-16164.4
-16166.3
-16167.5
-16167.7
-16166.2
-16162.5
-16156.7
-16149.7
-16142.7
-16136.4
-16130.9
-16126.2
-16122.1
-16118.6
-16115.5
-16112.8
-16110.4
-16108.5
-16106.9
-16105.4
-16104.4
-16103.7
-16103.2
-16103.1
