-75.9964
-151.797
-227.401
-302.805
-378.008
-453.009
-527.804
-602.393
-676.774
-750.945
-824.903
-898.648
-972.178
-1045.49
-1118.58
-1191.46
-1264.1
-1336.53
-1408.73
-1480.7
-1552.44
-1623.95
-1695.23
-1766.28
-1837.08
-1907.65
-1977.98
-2048.07
-2117.92
-2187.52
-2256.87
-2325.98
-2394.84
-2463.45
-2531.8
-2599.91
-2667.76
-2735.35
-2802.68
-2869.75
-2936.57
-3003.12
-3069.41
-3135.43
-3201.19
-3266.68
-3331.9
-3396.86
-3461.54
-3525.95
-3590.09
-3653.95
-3717.54
-3780.86
-3843.89
-3906.66
-3969.14
-4031.34
-4093.27
-4154.91
-4216.27
-4277.36
-4338.16
-4398.67
-4458.91
-4518.86
-4578.53
-4637.91
-4697.01
-4755.83
-4814.36
-4872.61
-4930.57
-4988.25
-5045.64
-5102.75
-5159.57
-5216.11
-5272.37
-5328.35
-5384.04
-5439.44
-5494.57
-5549.41
-5603.97
-5658.24
-5712.24
-5765.95
-5819.37
-5872.51
-5925.37
-5977.94
-6030.22
-6082.22
-6133.94
-6185.38
-6236.54
-6287.42
-6338.03
-6388.37
-6438.44
-6488.23
-6537.76
-6587.01
-6635.99
-6684.7
-6733.14
-6781.29
-6829.17
-6876.77
-6924.08
-6971.09
-7017.81
-7064.22
-7110.32
-7156.09
-7201.53
-7246.63
-7291.39
-7335.8
-7379.87
-7423.59
-7466.98
-7510.04
-7552.78
-7595.22
-7637.36
-7679.21
-7720.8
-7762.12
-7803.19
-7844.01
-7884.58
-7924.92
-7965.03
-8004.91
-8044.56
-8083.99
-8123.2
-8162.18
-8200.95
-8239.5
-8277.82
-8315.92
-8353.81
-8391.47
-8428.91
-8466.14
-8503.15
-8539.95
-8576.54
-8612.91
-8649.08
-8685.04
-8720.78
-8756.32
-8791.65
-8826.77
-8861.67
-8896.35
-8930.81
-8965.04
-8999.03
-9032.79
-9066.31
-9099.58
-9132.61
-9165.39
-9197.92
-9230.2
-9262.23
-9294
-9325.53
-9356.79
-9387.81
-9418.57
-9449.07
-9479.32
-9509.31
-9539.05
-9568.54
-9597.76
-9626.73
-9655.43
-9683.88
-9712.06
-9739.98
-9767.62
-9795
-9822.09
-9848.9
-9875.41
-9901.61
-9927.49
-9953.01
-9978.14
-10002.8
-10027
-10050.5
-10073.2
-10094.8
-10114.7
-10131.8
-10144
-10148.2
-10143.7
-10135.3
-10126.5
-10117.3
-10107.5
-10098
-10089.5
-10082.3
-10076.1
-10070.9
-10066.5
-10062.9
-10059.8
-10057.3
-10055.1
-10053.5
-10052.1
-10051.2
-10050.5
-10050.1
-10050
-10050.1
-10050.4
-10050.8
-10051.4
-10052.2
-10053.1
-10054.1
-10055.1
-10056.2
-10057.3
-10058.3
-10059.2
-10059.8
-10060
-10059.6
-10058.4
-10056.4
-10054
-10051.5
-10049.3
-10047.4
-10045.8
-10044.4
-10043.2
-10042.2
-10041.3
-10040.6
-10040.1
-10039.6
-10039.2
-10038.9
-10038.7
-10038.6
-10038.7
