-100.933
-201.864
-302.791
-403.715
-504.633
-605.545
-706.449
-807.344
-908.229
-1009.1
-1109.96
-1210.81
-1311.64
-1412.46
-1513.26
-1614.04
-1714.8
-1815.53
-1916.25
-2016.94
-2117.61
-2218.24
-2318.86
-2419.44
-2519.99
-2620.51
-2720.99
-2821.44
-2921.85
-3022.23
-3122.56
-3222.86
-3323.11
-3423.32
-3523.48
-3623.6
-3723.66
-3823.68
-3923.64
-4023.55
-4123.41
-4223.21
-4322.95
-4422.63
-4522.25
-4621.81
-4721.3
-4820.72
-4920.08
-5019.36
-5118.58
-5217.72
-5316.79
-5415.78
-5514.69
-5613.52
-5712.27
-5810.94
-5909.52
-6008.02
-6106.43
-6204.75
-6302.98
-6401.11
-6499.16
-6597.1
-6694.96
-6792.71
-6890.36
-6987.91
-7085.36
-7182.71
-7279.95
-7377.09
-7474.12
-7571.04
-7667.85
-7764.55
-7861.14
-7957.62
-8053.98
-8150.22
-8246.35
-8342.36
-8438.25
-8534.02
-8629.66
-8725.17
-8820.56
-8915.8
-9010.91
-9105.87
-9200.69
-9295.37
-9389.91
-9484.3
-9578.56
-9672.68
-9766.67
-9860.52
-9954.24
-10047.8
-10141.3
-10234.6
-10327.7
-10420.7
-10513.6
-10606.3
-10698.8
-10791.2
-10883.4
-10975.3
-11067.1
-11158.6
-11249.9
-11340.9
-11431.6
-11522
-11612.1
-11701.8
-11791.2
-11880.3
-11969
-12057.4
-12145.6
-12233.4
-12321
-12408.3
-12495.4
-12582.2
-12668.9
-12755.4
-12841.6
-12927.7
-13013.6
-13099.4
-13185
-13270.4
-13355.6
-13440.7
-13525.6
-13610.4
-13694.9
-13779.3
-13863.6
-13947.6
-14031.5
-14115.1
-14198.6
-14281.9
-14365.1
-14448
-14530.8
-14613.3
-14695.7
-14777.9
-14859.9
-14941.7
-15023.2
-15104.5
-15185.6
-15266.4
-15346.9
-15427.2
-15507.1
-15586.7
-15666
-15745
-15823.6
-15901.9
-15979.8
-16057.3
-16134.5
-16211.3
-16287.7
-16363.7
-16439.4
-16514.6
-16589.5
-16663.9
-16738
-16811.6
-16884.8
-16957.6
-17030
-17101.9
-17173.3
-17244.3
-17314.8
-17384.7
-17454.2
-17523
-17591.3
-17658.9
-17725.8
-17791.9
-17856.9
-17920.8
-17983.2
-18043.5
-18101
-18154.2
-18200.3
-18233.4
-18245.3
-18234.1
-18212.6
-18190.2
-18166.9
-18142
-18117.8
-18096.4
-18078
-18062.4
-18049.1
-18037.9
-18028.2
-18019.9
-18012.9
-18006.9
-18002.1
-17998.2
-17995.3
-17993.1
-17991.8
-17991.1
-17991
-17991.4
-17992.4
-17993.7
-17995.5
-17997.5
-17999.9
-18002.5
-18005.2
-18007.9
-18010.4
-18012.6
-18014.2
-18014.8
-18013.7
-18010.6
-18005.5
-17999.2
-17992.9
-17987.2
-17982.4
-17978.2
-17974.6
-17971.6
-17968.9
-17966.7
-17964.8
-17963.2
-17961.9
-17960.8
-17960
-17959.6
-17959.4
-17959.5
