-71.459
-143.086
-214.879
-286.837
-358.958
-431.241
-503.684
-576.287
-649.046
-721.962
-795.032
-868.255
-941.628
-1015.15
-1088.82
-1162.64
-1236.61
-1310.71
-1384.96
-1459.35
-1533.88
-1608.55
-1683.35
-1758.28
-1833.35
-1908.55
-1983.88
-2059.33
-2134.91
-2210.62
-2286.45
-2362.4
-2438.46
-2514.65
-2590.95
-2667.37
-2743.89
-2820.53
-2897.28
-2974.14
-3051.1
-3128.16
-3205.33
-3282.6
-3359.96
-3437.43
-3514.99
-3592.64
-3670.38
-3748.21
-3826.14
-3904.15
-3982.24
-4060.42
-4138.67
-4217.01
-4295.43
-4373.92
-4452.49
-4531.13
-4609.84
-4688.62
-4767.47
-4846.39
-4925.37
-5004.41
-5083.52
-5162.68
-5241.91
-5321.19
-5400.53
-5479.93
-5559.37
-5638.87
-5718.42
-5798.02
-5877.66
-5957.35
-6037.09
-6116.87
-6196.69
-6276.55
-6356.45
-6436.39
-6516.36
-6596.36
-6676.4
-6756.46
-6836.54
-6916.64
-6996.76
-7076.89
-7157.02
-7237.17
-7317.32
-7397.49
-7477.68
-7557.89
-7638.11
-7718.36
-7798.63
-7878.91
-7959.23
-8039.56
-8119.91
-8200.28
-8280.67
-8361.07
-8441.48
-8521.91
-8602.33
-8682.76
-8763.18
-8843.59
-8923.97
-9004.32
-9084.63
-9164.88
-9245.06
-9325.17
-9405.19
-9485.11
-9564.93
-9644.65
-9724.28
-9803.81
-9883.26
-9962.62
-10041.9
-10121.1
-10200.2
-10279.3
-10358.3
-10437.2
-10516
-10594.8
-10673.5
-10752.2
-10830.9
-10909.6
-10988.2
-11066.8
-11145.4
-11224
-11302.5
-11381.1
-11459.7
-11538.2
-11616.7
-11695.3
-11773.8
-11852.3
-11930.8
-12009.3
-12087.8
-12166.2
-12244.7
-12323.1
-12401.6
-12480
-12558.3
-12636.7
-12715
-12793.3
-12871.5
-12949.6
-13027.7
-13105.6
-13183.5
-13261.2
-13338.8
-13416.3
-13493.6
-13570.7
-13647.7
-13724.4
-13801
-13877.3
-13953.4
-14029.3
-14105
-14180.4
-14255.6
-14330.5
-14405.2
-14479.6
-14553.8
-14627.7
-14701.4
-14774.8
-14847.9
-14920.7
-14993.3
-15065.6
-15137.5
-15209.2
-15280.6
-15351.7
-15422.4
-15492.8
-15562.8
-15632.4
-15701.5
-15770.1
-15838
-15905.3
-15971.9
-16037.8
-16102.7
-16166.2
-16227.8
-16286.5
-16340.7
-16387.2
-16421.2
-16438.9
-16439.4
-16425.7
-16406.2
-16384.6
-16360.6
-16335.2
-16311.1
-16289.8
-16271.4
-16255.9
-16242.7
-16231.7
-16222.2
-16214.2
-16207.6
-16202.2
-16197.9
-16194.7
-16192.4
-16190.8
-16190
-16189.9
-16190.4
-16191.4
-16193
-16195
-16197.5
-16200.2
-16203.1
-16206.1
-16209
-16211.6
-16213.7
-16214.8
-16214.4
-16211.6
-16206.2
-16198.6
-16190.4
-16182.7
-16176.1
-16170.6
-16166
-16162.2
