-72.2715
-144.364
-216.275
-288.003
-359.548
-430.907
-502.079
-573.061
-643.854
-714.455
-784.862
-855.075
-925.091
-994.909
-1064.53
-1133.95
-1203.16
-1272.17
-1340.98
-1409.58
-1477.97
-1546.15
-1614.12
-1681.88
-1749.42
-1816.75
-1883.86
-1950.75
-2017.43
-2083.88
-2150.11
-2216.12
-2281.9
-2347.45
-2412.78
-2477.88
-2542.75
-2607.38
-2671.79
-2735.96
-2799.89
-2863.59
-2927.05
-2990.27
-3053.26
-3116
-3178.5
-3240.76
-3302.77
-3364.54
-3426.06
-3487.34
-3548.37
-3609.15
-3669.68
-3729.96
-3789.99
-3849.77
-3909.3
-3968.58
-4027.6
-4086.37
-4144.88
-4203.14
-4261.14
-4318.88
-4376.37
-4433.61
-4490.58
-4547.3
-4603.77
-4659.97
-4715.92
-4771.6
-4827.04
-4882.21
-4937.12
-4991.78
-5046.18
-5100.31
-5154.2
-5207.82
-5261.18
-5314.29
-5367.14
-5419.72
-5472.05
-5524.12
-5575.92
-5627.47
-5678.74
-5729.75
-5780.5
-5830.98
-5881.19
-5931.15
-5980.86
-6030.3
-6079.5
-6128.45
-6177.14
-6225.59
-6273.8
-6321.75
-6369.46
-6416.92
-6464.14
-6511.12
-6557.84
-6604.32
-6650.55
-6696.53
-6742.26
-6787.73
-6832.94
-6877.88
-6922.55
-6966.95
-7011.06
-7054.89
-7098.43
-7141.68
-7184.63
-7227.3
-7269.67
-7311.77
-7353.58
-7395.13
-7436.4
-7477.41
-7518.15
-7558.63
-7598.84
-7638.81
-7678.52
-7717.98
-7757.21
-7796.21
-7834.98
-7873.54
-7911.88
-7950
-7987.93
-8025.64
-8063.15
-8100.46
-8137.56
-8174.47
-8211.17
-8247.67
-8283.98
-8320.09
-8356.01
-8391.73
-8427.26
-8462.61
-8497.77
-8532.75
-8567.55
-8602.16
-8636.59
-8670.84
-8704.9
-8738.78
-8772.46
-8805.96
-8839.27
-8872.37
-8905.28
-8937.98
-8970.48
-9002.76
-9034.83
-9066.68
-9098.31
-9129.71
-9160.89
-9191.84
-9222.56
-9253.06
-9283.32
-9313.35
-9343.16
-9372.73
-9402.07
-9431.18
-9460.06
-9488.71
-9517.13
-9545.31
-9573.27
-9600.99
-9628.48
-9655.74
-9682.76
-9709.55
-9736.1
-9762.41
-9788.47
-9814.28
-9839.82
-9865.06
-9889.96
-9914.44
-9938.39
-9961.75
-9984.67
-10007.3
-10029.4
-10051
-10071.8
-10091.5
-10109.6
-10124.9
-10135.8
-10141
-10140.5
-10135.3
-10128.1
-10120.3
-10111.6
-10102.6
-10094
-10086.5
-10079.9
-10074.4
-10069.7
-10065.8
-10062.4
-10059.5
-10057.1
-10055.2
-10053.6
-10052.5
-10051.6
-10051.1
-10050.8
-10050.7
-10050.9
-10051.2
-10051.7
-10052.4
-10053.2
-10054.1
-10055
-10056
-10057
-10057.9
-10058.6
-10059
-10058.8
-10057.7
-10055.7
-10052.8
-10049.7
-10046.8
-10044.3
-10042.2
-10040.4
-10038.9
