-94.4816
-188.958
-283.429
-377.893
-472.349
-566.797
-661.235
-755.663
-850.08
-944.485
-1038.88
-1133.25
-1227.62
-1321.96
-1416.3
-1510.61
-1604.9
-1699.18
-1793.43
-1887.66
-1981.88
-2076.06
-2170.23
-2264.36
-2358.47
-2452.56
-2546.61
-2640.64
-2734.63
-2828.6
-2922.53
-3016.43
-3110.29
-3204.11
-3297.9
-3391.65
-3485.36
-3579.04
-3672.66
-3766.25
-3859.79
-3953.29
-4046.74
-4140.14
-4233.5
-4326.8
-4420.05
-4513.25
-4606.4
-4699.49
-4792.53
-4885.5
-4978.42
-5071.28
-5164.08
-5256.82
-5349.49
-5442.09
-5534.64
-5627.11
-5719.52
-5811.85
-5904.12
-5996.31
-6088.43
-6180.47
-6272.44
-6364.34
-6456.15
-6547.89
-6639.55
-6731.13
-6822.62
-6914.03
-7005.36
-7096.6
-7187.76
-7278.83
-7369.81
-7460.7
-7551.51
-7642.22
-7732.83
-7823.36
-7913.78
-8004.11
-8094.33
-8184.46
-8274.47
-8364.37
-8454.15
-8543.82
-8633.36
-8722.78
-8812.08
-8901.27
-8990.34
-9079.31
-9168.17
-9256.92
-9345.56
-9434.1
-9522.53
-9610.85
-9699.06
-9787.17
-9875.17
-9963.05
-10050.8
-10138.5
-10226
-10313.4
-10400.6
-10487.7
-10574.7
-10661.4
-10748
-10834.5
-10920.7
-11006.6
-11092.4
-11177.9
-11263.2
-11348.2
-11433
-11517.6
-11601.9
-11686.1
-11770
-11853.7
-11937.2
-12020.4
-12103.5
-12186.4
-12269
-12351.5
-12433.8
-12515.9
-12597.9
-12679.7
-12761.4
-12842.9
-12924.3
-13005.6
-13086.7
-13167.7
-13248.5
-13329.3
-13409.8
-13490.3
-13570.5
-13650.7
-13730.7
-13810.6
-13890.3
-13969.9
-14049.4
-14128.8
-14208
-14287.1
-14366
-14444.8
-14523.4
-14601.9
-14680.2
-14758.4
-14836.3
-14914.1
-14991.6
-15069
-15146.1
-15222.9
-15299.5
-15375.9
-15451.9
-15527.7
-15603.1
-15678.3
-15753.1
-15827.7
-15901.9
-15975.8
-16049.3
-16122.5
-16195.4
-16268
-16340.2
-16412
-16483.5
-16554.6
-16625.4
-16695.8
-16765.8
-16835.5
-16904.7
-16973.6
-17042.1
-17110.1
-17177.8
-17245
-17311.7
-17377.8
-17443.3
-17508
-17571.7
-17634.1
-17695.7
-17756.5
-17816.4
-17874.8
-17931.4
-17985.3
-18034.8
-18077.1
-18107.6
-18123.1
-18123
-18110.1
-18091.9
-18071.8
-18049.6
-18026.3
-18004.2
-17984.7
-17968.1
-17954
-17942.3
-17932.5
-17924.2
-17917.2
-17911.5
-17907
-17903.5
-17901.1
-17899.4
-17898.6
-17898.4
-17898.9
-17899.9
-17901.5
-17903.5
-17905.9
-17908.7
-17911.7
-17914.9
-17918.2
-17921.4
-17924.4
-17927
-17928.6
-17928.7
-17926.6
-17922
-17915.3
-17907.9
-17901.1
-17895.3
-17890.5
-17886.6
-17883.4
