-42.1025
-84.1387
-126.108
-168.011
-209.847
-251.616
-293.316
-334.949
-376.513
-418.009
-459.437
-500.795
-542.084
-583.303
-624.453
-665.533
-706.542
-747.481
-788.35
-829.148
-869.875
-910.531
-951.116
-991.629
-1032.07
-1072.44
-1112.74
-1152.97
-1193.12
-1233.2
-1273.21
-1313.15
-1353.02
-1392.81
-1432.53
-1472.18
-1511.75
-1551.26
-1590.69
-1630.04
-1669.33
-1708.54
-1747.68
-1786.74
-1825.73
-1864.65
-1903.5
-1942.27
-1980.97
-2019.6
-2058.15
-2096.64
-2135.04
-2173.38
-2211.64
-2249.83
-2287.95
-2325.99
-2363.96
-2401.85
-2439.68
-2477.43
-2515.11
-2552.71
-2590.24
-2627.7
-2665.09
-2702.4
-2739.64
-2776.81
-2813.9
-2850.92
-2887.87
-2924.75
-2961.55
-2998.28
-3034.93
-3071.52
-3108.03
-3144.47
-3180.83
-3217.12
-3253.34
-3289.48
-3325.55
-3361.54
-3397.45
-3433.29
-3469.05
-3504.73
-3540.33
-3575.85
-3611.28
-3646.63
-3681.9
-3717.09
-3752.2
-3787.23
-3822.19
-3857.08
-3891.89
-3926.62
-3961.29
-3995.88
-4030.4
-4064.85
-4099.23
-4133.53
-4167.77
-4201.93
-4236.03
-4270.06
-4304.01
-4337.9
-4371.71
-4405.46
-4439.14
-4472.75
-4506.29
-4539.76
-4573.16
-4606.49
-4639.75
-4672.94
-4706.06
-4739.1
-4772.07
-4804.97
-4837.8
-4870.55
-4903.22
-4935.82
-4968.34
-5000.79
-5033.16
-5065.45
-5097.67
-5129.81
-5161.89
-5193.88
-5225.81
-5257.66
-5289.44
-5321.14
-5352.78
-5384.34
-5415.83
-5447.25
-5478.6
-5509.87
-5541.08
-5572.21
-5603.28
-5634.27
-5665.19
-5696.05
-5726.83
-5757.54
-5788.18
-5818.75
-5849.25
-5879.68
-5910.04
-5940.32
-5970.54
-6000.68
-6030.76
-6060.76
-6090.69
-6120.55
-6150.33
-6180.05
-6209.69
-6239.26
-6268.75
-6298.18
-6327.53
-6356.8
-6386.01
-6415.14
-6444.2
-6473.18
-6502.09
-6530.93
-6559.7
-6588.39
-6617.01
-6645.55
-6674.02
-6702.42
-6730.75
-6759
-6787.18
-6815.28
-6843.31
-6871.27
-6899.16
-6926.97
-6954.71
-6982.38
-7009.99
-7037.52
-7065
-7092.42
-7119.8
-7147.16
-7174.52
-7201.88
-7229.25
-7256.56
-7283.79
-7310.91
-7337.87
-7364.6
-7390.98
-7416.93
-7442.42
-7467.49
-7492.34
-7517.05
-7541.63
-7566.11
-7590.55
-7614.98
-7639.42
-7663.84
-7688.26
-7712.66
-7737.04
-7761.39
-7785.7
-7809.99
-7834.24
-7858.46
-7882.64
-7906.79
-7930.89
-7954.96
-7978.99
-8002.97
-8026.9
-8050.78
-8074.62
-8098.4
-8122.13
-8145.81
-8169.42
-8192.97
-8216.44
-8239.84
-8263.15
-8286.35
-8309.44
-8332.44
-8355.36
-8378.25
-8401.1
-8423.93
-8446.72
-8469.47
