-37.6719
-75.3665
-113.084
-150.823
-188.585
-226.368
-264.173
-302
-339.848
-377.717
-415.607
-453.518
-491.45
-529.402
-567.375
-605.368
-643.382
-681.415
-719.469
-757.543
-795.636
-833.75
-871.883
-910.036
-948.209
-986.401
-1024.61
-1062.84
-1101.1
-1139.37
-1177.66
-1215.97
-1254.3
-1292.65
-1331.02
-1369.41
-1407.82
-1446.25
-1484.7
-1523.17
-1561.66
-1600.17
-1638.7
-1677.26
-1715.83
-1754.42
-1793.04
-1831.67
-1870.33
-1909.01
-1947.71
-1986.43
-2025.18
-2063.94
-2102.73
-2141.54
-2180.37
-2219.23
-2258.11
-2297.01
-2335.94
-2374.88
-2413.86
-2452.85
-2491.87
-2530.92
-2569.98
-2609.08
-2648.19
-2687.34
-2726.51
-2765.7
-2804.92
-2844.16
-2883.43
-2922.73
-2962.05
-3001.4
-3040.77
-3080.18
-3119.6
-3159.06
-3198.54
-3238.05
-3277.58
-3317.14
-3356.72
-3396.33
-3435.95
-3475.6
-3515.27
-3554.96
-3594.66
-3634.38
-3674.12
-3713.89
-3753.68
-3793.49
-3833.33
-3873.2
-3913.1
-3953.02
-3992.98
-4032.97
-4072.99
-4113.05
-4153.14
-4193.26
-4233.42
-4273.61
-4313.84
-4354.1
-4394.4
-4434.74
-4475.11
-4515.52
-4555.97
-4596.46
-4636.99
-4677.55
-4718.16
-4758.8
-4799.47
-4840.18
-4880.93
-4921.71
-4962.52
-5003.36
-5044.24
-5085.14
-5126.07
-5167.03
-5208.01
-5249.02
-5290.06
-5331.12
-5372.21
-5413.34
-5454.5
-5495.69
-5536.92
-5578.18
-5619.48
-5660.82
-5702.19
-5743.61
-5785.07
-5826.57
-5868.11
-5909.69
-5951.31
-5992.98
-6034.69
-6076.44
-6118.24
-6160.09
-6201.98
-6243.92
-6285.9
-6327.93
-6370
-6412.13
-6454.3
-6496.51
-6538.78
-6581.09
-6623.45
-6665.86
-6708.32
-6750.83
-6793.38
-6835.99
-6878.64
-6921.34
-6964.09
-7006.9
-7049.74
-7092.64
-7135.59
-7178.59
-7221.63
-7264.72
-7307.87
-7351.06
-7394.3
-7437.59
-7480.92
-7524.31
-7567.74
-7611.22
-7654.75
-7698.32
-7741.95
-7785.62
-7829.33
-7873.1
-7916.91
-7960.78
-8004.69
-8048.65
-8092.67
-8136.74
-8180.88
-8225.1
-8269.42
-8313.86
-8358.45
-8403.25
-8448.22
-8493.29
-8538.45
-8583.65
-8628.87
-8674.05
-8719.14
-8764.08
-8808.88
-8853.52
-8898.08
-8942.63
-8987.16
-9031.7
-9076.28
-9120.91
-9165.6
-9210.35
-9255.17
-9300.04
-9344.96
-9389.94
-9434.97
-9480.05
-9525.18
-9570.37
-9615.61
-9660.91
-9706.26
-9751.66
-9797.12
-9842.61
-9888.15
-9933.73
-9979.35
-10025
-10070.7
-10116.4
-10162.2
-10208
-10253.8
-10299.6
-10345.5
-10391.3
-10437.1
-10482.9
-10528.7
-10574.6
-10620.5
-10666.5
-10712.5
-10758.6
