-1173.5162
-2346.9768
-3520.366
-4693.658
-5866.832999999999
-7039.8730000000005
-8212.752
-9385.455
-10557.955
-11730.233000000002
-12902.270999999997
-14074.044999999998
-15245.542000000003
-16416.719999999998
-17587.574
-18758.092999999997
-19928.225000000002
-21097.967000000004
-22267.319999999996
-23436.212000000003
-24604.671000000002
-25772.650999999998
-26940.148999999998
-28107.094999999998
-29273.508999999995
-30439.401000000005
-31604.660000000007
-32769.35
-33933.4
-35096.829999999994
-36259.58
-37421.65000000001
-38582.99
-39743.619999999995
-40903.48999999999
-42062.62
-43220.909999999996
-44378.43
-45535.090000000004
-46690.899999999994
-47845.83
-48999.88
-50153.0
-51305.17
-52456.40000000001
-53606.66
-54755.9
-55904.149999999994
-57051.33
-58197.439999999995
-59342.5
-60486.469999999994
-61629.31
-62771.020000000004
-63911.55000000001
-65050.93000000001
-66189.12
-67326.09
-68461.86
-69596.34000000001
-70729.59000000001
-71861.55
-72992.26000000001
-74121.59000000001
-75249.64
-76376.32
-77501.68999999999
-78625.66
-79748.26
-80869.47
-81989.29
-83107.66
-84224.59999999998
-85340.11
-86454.14
-87566.73000000001
-88677.75999999998
-89787.34000000001
-90895.39
-92001.90999999999
-93106.87
-94210.19999999998
-95311.90999999999
-96411.95
-97510.26000000001
-98606.73000000001
-99701.33
-100793.91
-101884.31
-102972.4
-104057.98999999999
-105141.02
-106221.33
-107299.11
-108374.37999999999
-109447.39000000001
-110518.26999999999
-111587.14
-112654.11
-113719.31
-114782.76000000001
-115844.46
-116904.66999999998
-117963.13000000002
-119019.89000000001
-120075.21
-121128.87999999999
-122181.09999999998
-123231.5
-124280.35
-125327.47
-126372.69
-127416.07
-128457.58
-129496.90000000001
-130533.91
-131568.72000000003
-132601.05000000002
-133630.77000000002
-134657.78000000003
-135682.05
-136703.67999999996
-137722.52
-138738.49999999997
-139752.13
-140763.28
-141771.41999999998
-142777.61
-143781.46999999997
-144782.9
-145782.31
-146779.50999999998
-147774.50000000003
-148767.79
-149758.63
-150748.23
-151735.65
-152721.50999999998
-153705.62000000002
-154688.07
-155668.80000000002
-156647.99999999997
-157625.59
-158601.34000000003
-159575.61000000002
-160548.06
-161519.00999999998
-162488.17
-163455.65
-164421.84
-165385.86
-166348.51
-167309.31000000003
-168268.62000000002
-169226.18999999997
-170182.00999999998
-171135.97999999998
-172088.28000000003
-173038.50999999998
-173986.86000000002
-174932.91
-175876.97999999998
-176818.52999999997
-177757.91999999998
-178694.58
-179628.56999999998
-180559.91
-181488.33000000002
-182413.76000000004
-183336.28999999998
-184255.28
-185171.24999999997
-186084.0
-186993.46000000002
-187899.11000000002
-188801.48999999996
-189700.19999999998
-190595.28999999998
-191486.85
-192374.83000000002
-193258.98
-194139.22999999998
-195015.71
-195888.44999999998
-196757.22
-197622.05000000002
-198483.19000000003
-199339.9
-200192.80999999997
-201041.26
-201885.49
-202725.13999999998
-203560.11000000002
-204390.46
-205215.14
-206034.18999999997
-206846.98
-207652.37
-208449.12999999998
-209235.24
-210007.43999999997
-210760.77999999997
-211485.26999999996
-212162.77000000005
-212765.17
-213275.93000000002
-213710.29
-214075.94
-214370.91999999998
-214600.52000000002
-214758.49
-214869.36
-214968.85
-215057.27000000002
-215123.37999999998
-215164.47999999998
-215184.86000000002
-215191.64999999997
-215201.40999999997
-215220.47999999998
-215246.04
-215278.64
-215323.59
-215383.13
-215457.09000000003
-215544.43
-215643.06000000006
-215751.63
-215867.74000000002
-215990.27000000002
-216118.60000000003
-216250.92
-216385.52
-216520.6
-216652.92000000004
-216780.17
-216899.99999999997
-217012.95
-217122.92999999996
-217233.43000000002
-217344.31
-217455.55
-217566.45
-217678.10000000003
-217793.23
-217912.18000000002
-218035.24
-218161.52
-218290.09
-218419.55000000002
-218548.38999999998
-218674.37
-218796.88000000003
-218916.65999999997
-219037.02000000002
-219160.53000000003
-219289.17
-219422.27000000002
-219559.30000000002
-219700.26000000004
