-4544.74
-9089.48
-13634.2
-18179
-22723.7
-27268.4
-31813.2
-36357.9
-40902.7
-45447.4
-49992.1
-54536.9
-59081.6
-63626.4
-68171.1
-72715.8
-77260.3
-81804.6
-86348.1
-90889.6
-95426.3
-99952.3
-104455
-108908
-113265
-117439
-121301
-124682
-127427
-129470
-130867
-131761
-132309
-132637
-132831
-132947
-133015
-133057
-133082
-133098
-133108
-133114
-133118
-133120
-133122
-133123
-133124
-133124
-133124
-133125
-133125
-133125
-133125
-133125
-133125
-133125
-133125
-133125
-133125
-133125
-133125
-133125
-133125
-133125
-133125
-133125
-133125
-133125
-133125
-133125
-133125
-133125
-133125
-133125
-133125
-133125
-133125
-133125
-133125
-133125
-133125
-133125
-133125
-133125
-133125
-133125
-133125
-133125
-133125
-133125
-133125
-133125
-133125
-133125
-133125
-133125
-133125
-133125
-133125
-133125
-133125
