-154.343
-155.451
-156.558
-157.666
-158.774
-159.881
-160.989
-162.096
-163.204
-164.311
-165.419
-166.526
-167.634
-168.741
-169.848
-170.956
-172.063
-173.17
-174.277
-175.385
-176.492
-177.599
-178.706
-179.813
-180.92
-182.027
-183.134
-184.241
-185.348
-186.455
-187.561
-188.668
-189.775
-190.882
-191.988
-193.095
-194.202
-195.308
-196.415
-197.521
-198.628
-199.734
-200.841
-201.947
-203.054
-204.16
-205.266
-206.373
-207.479
-208.585
-209.691
-210.798
-211.904
-213.01
-214.116
-215.222
-216.328
-217.434
-218.54
-219.646
-220.752
-221.858
-222.964
-224.069
-225.175
-226.281
-227.387
-228.492
-229.598
-230.704
-231.809
-232.915
-234.02
-235.126
-236.231
-237.337
-238.442
-239.547
-240.653
-241.758
-242.863
-243.969
-245.074
-246.179
-247.284
-248.389
-249.494
-250.599
-251.704
-252.809
-253.914
-255.019
-256.124
-257.229
-258.334
-259.439
-260.543
-261.648
-262.753
-263.858
-264.962
-266.067
-267.171
-268.276
-269.381
-270.485
-271.59
-272.694
-273.798
-274.903
-276.007
-277.111
-278.216
-279.32
-280.424
-281.528
-282.633
-283.737
-284.841
-285.945
-287.049
-288.153
-289.257
-290.361
-291.465
-292.569
-293.672
-294.776
-295.88
-296.984
-298.087
-299.191
-300.295
-301.398
-302.502
-303.606
-304.709
-305.813
-306.916
-308.02
-309.123
-310.226
-311.33
-312.433
-313.536
-314.639
-315.743
-316.846
-317.949
-319.052
-320.155
-321.258
-322.361
-323.464
-324.567
-325.67
-326.773
-327.876
-328.979
-330.082
-331.185
-332.287
-333.39
-334.493
-335.595
-336.698
-337.801
-338.903
-340.006
-341.108
-342.211
-343.313
-344.416
-345.518
-346.62
-347.723
-348.825
-349.927
-351.029
-352.132
-353.234
-354.336
-355.438
-356.54
-357.642
-358.744
-359.846
-360.948
-362.05
-363.152
-364.254
-365.355
-366.457
-367.559
-368.661
-369.762
-370.864
-371.966
-373.067
-374.169
-375.27
-376.372
-377.473
-378.575
-379.676
-380.778
-381.879
-382.98
-384.082
-385.183
-386.284
-387.385
-388.486
-389.588
-390.689
-391.79
-392.891
-393.992
-395.093
-396.194
-397.295
-398.396
-399.496
-400.597
-401.698
-402.799
-403.899
-405
-406.101
-407.201
-408.302
-409.403
-410.503
-411.604
-412.704
-413.805
-414.905
-416.005
-417.106
-418.206
-419.306
-420.407
-421.507
-422.607
-423.707
-424.807
-425.907
-427.008
-428.108
-429.208
-430.308
-431.408
-432.507
-433.607
-434.707
-435.807
-436.907
-438.007
-439.106
-440.206
-441.306
-442.405
-443.505
-444.604
-445.704
-446.804
-447.903
-449.002
-450.102
-451.201
-452.301
-453.4
-454.499
-455.598
-456.698
-457.797
-458.896
-459.995
-461.094
-462.193
-463.292
-464.391
-465.49
-466.589
-467.688
-468.787
-469.886
-470.985
-472.084
-473.182
-474.281
-475.38
-476.479
-477.577
-478.676
-479.774
-480.873
-481.971
-483.07
-484.168
-485.267
-486.365
-487.463
-488.562
-489.66
-490.758
-491.857
-492.955
-494.053
-495.151
-496.249
-497.347
-498.445
-499.543
-500.641
-501.739
-502.837
-503.935
-505.033
-506.131
-507.229
-508.326
-509.424
-510.522
-511.619
-512.717
-513.815
-514.912
-516.01
-517.107
-518.205
-519.302
-520.4
-521.497
-522.594
-523.692
-524.789
-525.886
-526.983
-528.081
-529.178
-530.275
-531.372
-532.469
-533.566
-534.663
-535.76
-536.857
-537.954
-539.051
-540.148
-541.245
-542.341
-543.438
-544.535
-545.632
-546.728
-547.825
-548.921
-550.018
-551.115
-552.211
-553.308
-554.404
-555.5
-556.597
-557.693
-558.789
-559.886
-560.982
-562.078
-563.174
-564.271
-565.367
-566.463
-567.559
-568.655
-569.751
-570.847
-571.943
-573.039
-574.135
-575.231
-576.326
-577.422
-578.518
-579.614
-580.709
-581.805
-582.901
-583.996
-585.092
-586.187
-587.283
-588.378
-589.474
-590.569
-591.665
-592.76
-593.855
-594.951
-596.046
-597.141
-598.236
-599.331
-600.427
-601.522
-602.617
-603.712
-604.807
-605.902
-606.997
-608.092
-609.186
-610.281
-611.376
-612.471
-613.566
-614.66
-615.755
-616.85
-617.944
-619.039
-620.134
-621.228
-622.323
-623.417
-624.512
-625.606
-626.7
-627.795
-628.889
-629.983
-631.078
-632.172
-633.266
-634.36
-635.454
-636.548
-637.642
-638.736
-639.83
-640.924
-642.018
-643.112
-644.206
-645.3
-646.394
-647.488
-648.581
-649.675
-650.769
-651.862
-652.956
-654.05
-655.143
-656.237
-657.33
-658.424
-659.517
-660.611
-661.704
-662.797
-663.891
-664.984
-666.077
-667.17
-668.264
-669.357
-670.45
-671.543
-672.636
-673.729
-674.822
-675.915
-677.008
-678.101
-679.194
-680.287
-681.379
-682.472
-683.565
-684.658
-685.75
-686.843
-687.936
-689.028
-690.121
-691.213
-692.306
-693.398
-694.491
-695.583
-696.676
-697.768
-698.86
-699.952
-701.045
-702.137
-703.229
-704.321
-705.413
-706.506
-707.598
-708.69
-709.782
-710.874
-711.965
-713.057
-714.149
-715.241
-716.333
-717.425
-718.516
-719.608
-720.7
-721.792
-722.883
-723.975
-725.066
-726.158
-727.249
-728.341
-729.432
-730.524
-731.615
-732.706
-733.798
-734.889
-735.98
-737.071
-738.163
-739.254
-740.345
-741.436
-742.527
-743.618
-744.709
-745.8
-746.891
-747.982
-749.073
-750.163
-751.254
-752.345
-753.436
-754.526
-755.617
-756.708
-757.798
-758.889
-759.98
-761.07
-762.161
-763.251
-764.341
-765.432
-766.522
-767.613
-768.703
-769.793
-770.883
-771.974
-773.064
-774.154
-775.244
-776.334
-777.424
-778.514
-779.604
-780.694
-781.784
-782.874
-783.964
-785.054
-786.143
-787.233
-788.323
-789.413
-790.502
-791.592
-792.682
-793.771
-794.861
-795.95
-797.04
-798.129
-799.219
-800.308
-801.397
-802.487
-803.576
-804.665
-805.754
-806.844
-807.933
-809.022
-810.111
-811.2
-812.289
-813.378
-814.467
-815.556
-816.645
-817.734
-818.823
-819.912
-821
-822.089
-823.178
-824.267
-825.355
-826.444
-827.533
-828.621
-829.71
-830.798
-831.887
-832.975
-834.063
-835.152
-836.24
-837.329
-838.417
-839.505
-840.593
-841.682
-842.77
-843.858
-844.946
-846.034
-847.122
-848.21
-849.298
-850.386
-851.474
-852.562
-853.65
-854.737
-855.825
-856.913
-858.001
-859.088
-860.176
-861.264
-862.351
-863.439
-864.526
-865.614
-866.701
-867.789
-868.876
-869.964
-871.051
-872.138
-873.226
-874.313
-875.4
-876.487
-877.574
-878.661
-879.749
-880.836
-881.923
-883.01
-884.097
-885.184
-886.27
-887.357
-888.444
-889.531
-890.618
-891.705
-892.791
-893.878
-894.965
-896.051
-897.138
-898.224
-899.311
-900.397
-901.484
-902.57
-903.657
-904.743
-905.829
-906.916
-908.002
-909.088
-910.174
-911.261
-912.347
-913.433
-914.519
-915.605
-916.691
-917.777
-918.863
-919.949
-921.035
-922.121
-923.207
-924.292
-925.378
-926.464
-927.55
-928.635
-929.721
-930.806
-931.892
-932.978
-934.063
-935.149
-936.234
-937.319
-938.405
-939.49
-940.576
-941.661
-942.746
-943.831
-944.917
-946.002
-947.087
-948.172
-949.257
-950.342
-951.427
-952.512
-953.597
-954.682
-955.767
-956.852
-957.937
-959.021
-960.106
-961.191
-962.276
-963.36
-964.445
-965.529
-966.614
-967.699
-968.783
-969.868
-970.952
-972.036
-973.121
-974.205
-975.289
-976.374
-977.458
-978.542
-979.626
-980.711
-981.795
-982.879
-983.963
-985.047
-986.131
-987.215
-988.299
-989.383
-990.467
-991.55
-992.634
-993.718
-994.802
-995.886
-996.969
-998.053
-999.137
-1000.22
-1001.3
-1002.39
-1003.47
-1004.55
-1005.64
-1006.72
-1007.8
-1008.89
-1009.97
-1011.05
-1012.14
-1013.22
-1014.3
-1015.39
-1016.47
-1017.55
-1018.64
-1019.72
-1020.8
-1021.89
-1022.97
-1024.05
-1025.13
-1026.22
-1027.3
-1028.38
-1029.47
-1030.55
-1031.63
-1032.71
-1033.8
-1034.88
-1035.96
-1037.04
-1038.13
-1039.21
-1040.29
-1041.37
-1042.46
-1043.54
-1044.62
-1045.7
-1046.78
-1047.87
-1048.95
-1050.03
-1051.11
-1052.2
-1053.28
-1054.36
-1055.44
-1056.52
-1057.61
-1058.69
-1059.77
-1060.85
-1061.93
-1063.01
-1064.1
-1065.18
-1066.26
-1067.34
-1068.42
-1069.5
-1070.59
-1071.67
-1072.75
-1073.83
-1074.91
-1075.99
-1077.07
-1078.16
-1079.24
-1080.32
-1081.4
-1082.48
-1083.56
-1084.64
-1085.72
-1086.81
-1087.89
-1088.97
-1090.05
-1091.13
-1092.21
-1093.29
-1094.37
-1095.45
-1096.53
-1097.61
-1098.7
-1099.78
-1100.86
-1101.94
-1103.02
-1104.1
-1105.18
-1106.26
-1107.34
-1108.42
-1109.5
-1110.58
-1111.66
-1112.74
-1113.82
-1114.9
-1115.98
-1117.06
-1118.14
-1119.22
-1120.3
-1121.38
-1122.46
-1123.54
-1124.62
-1125.7
-1126.78
-1127.86
-1128.94
-1130.02
-1131.1
-1132.18
-1133.26
-1134.34
-1135.42
-1136.5
-1137.58
-1138.66
-1139.74
-1140.82
-1141.9
-1142.98
-1144.06
-1145.14
-1146.22
-1147.29
-1148.37
-1149.45
-1150.53
-1151.61
-1152.69
-1153.77
-1154.85
-1155.93
-1157.01
-1158.09
-1159.16
-1160.24
-1161.32
-1162.4
-1163.48
-1164.56
-1165.64
-1166.72
-1167.8
-1168.87
-1169.95
-1171.03
-1172.11
-1173.19
-1174.27
-1175.35
-1176.42
-1177.5
-1178.58
-1179.66
-1180.74
-1181.82
-1182.89
-1183.97
-1185.05
-1186.13
-1187.21
-1188.28
-1189.36
-1190.44
-1191.52
-1192.6
-1193.67
-1194.75
-1195.83
-1196.91
-1197.99
-1199.06
-1200.14
-1201.22
-1202.3
-1203.37
-1204.45
-1205.53
-1206.61
-1207.68
-1208.76
-1209.84
-1210.92
-1211.99
-1213.07
-1214.15
-1215.23
-1216.3
-1217.38
-1218.46
-1219.54
-1220.61
-1221.69
-1222.77
-1223.84
-1224.92
-1226
-1227.07
-1228.15
-1229.23
-1230.31
-1231.38
-1232.46
-1233.54
-1234.61
-1235.69
-1236.77
-1237.84
-1238.92
-1240
-1241.07
-1242.15
-1243.23
-1244.3
-1245.38
-1246.45
-1247.53
-1248.61
-1249.68
-1250.76
-1251.84
-1252.91
-1253.99
-1255.06
-1256.14
-1257.22
-1258.29
-1259.37
-1260.44
-1261.52
-1262.6
-1263.67
-1264.75
-1265.82
-1266.9
-1267.98
-1269.05
-1270.13
-1271.2
-1272.28
-1273.35
-1274.43
-1275.5
-1276.58
-1277.66
-1278.73
-1279.81
-1280.88
-1281.96
-1283.03
-1284.11
-1285.18
-1286.26
-1287.33
-1288.41
-1289.48
-1290.56
-1291.63
-1292.71
-1293.78
-1294.86
-1295.93
-1297.01
-1298.08
-1299.16
-1300.23
-1301.31
-1302.38
-1303.46
-1304.53
-1305.61
-1306.68
-1307.76
-1308.83
-1309.9
-1310.98
-1312.05
-1313.13
-1314.2
-1315.28
-1316.35
-1317.43
-1318.5
-1319.57
-1320.65
-1321.72
-1322.8
-1323.87
-1324.94
-1326.02
-1327.09
-1328.17
-1329.24
-1330.31
-1331.39
-1332.46
-1333.54
-1334.61
-1335.68
-1336.76
-1337.83
-1338.9
-1339.98
-1341.05
-1342.12
-1343.2
-1344.27
-1345.35
-1346.42
-1347.49
-1348.57
-1349.64
-1350.71
-1351.79
-1352.86
-1353.93
-1355.01
-1356.08
-1357.15
-1358.22
-1359.3
-1360.37
-1361.44
-1362.52
-1363.59
-1364.66
-1365.74
-1366.81
-1367.88
-1368.95
-1370.03
-1371.1
-1372.17
-1373.24
-1374.32
-1375.39
-1376.46
-1377.53
-1378.61
-1379.68
-1380.75
-1381.82
-1382.9
-1383.97
-1385.04
-1386.11
-1387.19
-1388.26
-1389.33
-1390.4
-1391.47
-1392.55
-1393.62
-1394.69
-1395.76
-1396.83
-1397.91
-1398.98
-1400.05
-1401.12
-1402.19
-1403.26
-1404.34
-1405.41
-1406.48
-1407.55
-1408.62
-1409.69
-1410.77
-1411.84
-1412.91
-1413.98
-1415.05
-1416.12
-1417.19
-1418.27
-1419.34
-1420.41
-1421.48
-1422.55
-1423.62
-1424.69
-1425.76
-1426.84
-1427.91
-1428.98
-1430.05
-1431.12
-1432.19
-1433.26
-1434.33
-1435.4
-1436.47
-1437.54
-1438.61
-1439.68
-1440.76
-1441.83
-1442.9
-1443.97
-1445.04
-1446.11
-1447.18
-1448.25
-1449.32
-1450.39
-1451.46
-1452.53
-1453.6
-1454.67
-1455.74
-1456.81
-1457.88
-1458.95
-1460.02
-1461.09
-1462.16
-1463.23
-1464.3
-1465.37
-1466.44
-1467.51
-1468.58
-1469.65
-1470.72
-1471.79
-1472.86
-1473.93
-1475
-1476.07
-1477.14
-1478.21
-1479.28
-1480.35
-1481.42
-1482.49
-1483.55
-1484.62
-1485.69
-1486.76
-1487.83
-1488.9
-1489.97
-1491.04
-1492.11
-1493.18
-1494.25
-1495.32
-1496.38
-1497.45
-1498.52
-1499.59
-1500.66
-1501.73
-1502.8
-1503.87
-1504.93
-1506
-1507.07
-1508.14
-1509.21
-1510.28
-1511.35
-1512.41
-1513.48
-1514.55
-1515.62
-1516.69
-1517.76
-1518.83
-1519.89
-1520.96
-1522.03
-1523.1
-1524.17
-1525.23
-1526.3
-1527.37
-1528.44
-1529.51
-1530.57
-1531.64
-1532.71
-1533.78
-1534.85
-1535.91
-1536.98
-1538.05
-1539.12
-1540.18
-1541.25
-1542.32
-1543.39
-1544.45
-1545.52
-1546.59
-1547.66
-1548.72
-1549.79
-1550.86
-1551.93
-1552.99
-1554.06
-1555.13
-1556.2
-1557.26
-1558.33
-1559.4
-1560.46
-1561.53
-1562.6
-1563.66
-1564.73
-1565.8
-1566.87
-1567.93
-1569
-1570.07
-1571.13
-1572.2
-1573.27
-1574.33
-1575.4
-1576.47
-1577.53
-1578.6
-1579.67
-1580.73
-1581.8
-1582.86
-1583.93
-1585
-1586.06
-1587.13
-1588.2
-1589.26
-1590.33
-1591.39
-1592.46
-1593.53
-1594.59
-1595.66
-1596.72
-1597.79
-1598.86
-1599.92
-1600.99
-1602.05
-1603.12
-1604.19
-1605.25
-1606.32
-1607.38
-1608.45
-1609.51
-1610.58
-1611.64
-1612.71
-1613.78
-1614.84
-1615.91
-1616.97
-1618.04
-1619.1
-1620.17
-1621.23
-1622.3
-1623.36
-1624.43
-1625.49
-1626.56
-1627.62
-1628.69
-1629.75
-1630.82
-1631.88
-1632.95
-1634.01
-1635.08
-1636.14
-1637.21
-1638.27
-1639.34
-1640.4
-1641.47
-1642.53
-1643.6
-1644.66
-1645.72
-1646.79
-1647.85
-1648.92
-1649.98
-1651.05
-1652.11
-1653.17
-1654.24
-1655.3
-1656.37
-1657.43
-1658.5
-1659.56
-1660.62
-1661.69
-1662.75
-1663.82
-1664.88
-1665.94
-1667.01
-1668.07
-1669.13
-1670.2
-1671.26
-1672.33
-1673.39
-1674.45
-1675.52
-1676.58
-1677.64
-1678.71
-1679.77
-1680.83
-1681.9
-1682.96
-1684.02
-1685.09
-1686.15
-1687.21
-1688.28
-1689.34
-1690.4
-1691.47
-1692.53
-1693.59
-1694.66
-1695.72
-1696.78
-1697.85
-1698.91
-1699.97
-1701.03
-1702.1
-1703.16
-1704.22
-1705.28
-1706.35
-1707.41
-1708.47
-1709.54
-1710.6
-1711.66
-1712.72
-1713.78
-1714.85
-1715.91
-1716.97
-1718.03
-1719.1
-1720.16
-1721.22
-1722.28
-1723.35
-1724.41
-1725.47
-1726.53
-1727.59
-1728.66
-1729.72
-1730.78
-1731.84
-1732.9
-1733.97
-1735.03
-1736.09
-1737.15
-1738.21
-1739.27
-1740.34
-1741.4
-1742.46
-1743.52
-1744.58
-1745.64
-1746.7
-1747.77
-1748.83
-1749.89
-1750.95
-1752.01
-1753.07
-1754.13
-1755.2
-1756.26
-1757.32
-1758.38
-1759.44
-1760.5
-1761.56
-1762.62
-1763.68
-1764.74
-1765.81
-1766.87
-1767.93
-1768.99
-1770.05
-1771.11
-1772.17
-1773.23
-1774.29
-1775.35
-1776.41
-1777.47
-1778.53
-1779.59
-1780.65
-1781.71
-1782.77
-1783.84
-1784.9
-1785.96
-1787.02
-1788.08
-1789.14
-1790.2
-1791.26
-1792.32
-1793.38
-1794.44
-1795.5
-1796.56
-1797.62
-1798.68
-1799.74
-1800.8
-1801.86
-1802.92
-1803.98
-1805.03
-1806.09
-1807.15
-1808.21
-1809.27
-1810.33
-1811.39
-1812.45
-1813.51
-1814.57
-1815.63
-1816.69
-1817.75
-1818.81
-1819.87
-1820.93
-1821.99
-1823.04
-1824.1
-1825.16
-1826.22
-1827.28
-1828.34
-1829.4
-1830.46
-1831.52
-1832.58
-1833.63
-1834.69
-1835.75
-1836.81
-1837.87
-1838.93
-1839.99
-1841.04
-1842.1
-1843.16
-1844.22
-1845.28
-1846.34
-1847.4
-1848.45
-1849.51
-1850.57
-1851.63
-1852.69
-1853.75
-1854.8
-1855.86
-1856.92
-1857.98
-1859.04
-1860.09
-1861.15
-1862.21
-1863.27
-1864.33
-1865.38
-1866.44
-1867.5
-1868.56
-1869.61
-1870.67
-1871.73
-1872.79
-1873.85
-1874.9
-1875.96
-1877.02
-1878.08
-1879.13
-1880.19
-1881.25
-1882.3
-1883.36
-1884.42
-1885.48
-1886.53
-1887.59
-1888.65
-1889.71
-1890.76
-1891.82
-1892.88
-1893.93
-1894.99
-1896.05
-1897.1
-1898.16
-1899.22
-1900.27
-1901.33
-1902.39
-1903.44
-1904.5
-1905.56
-1906.61
-1907.67
-1908.73
-1909.78
-1910.84
-1911.9
-1912.95
-1914.01
-1915.07
-1916.12
-1917.18
-1918.23
-1919.29
-1920.35
-1921.4
-1922.46
-1923.52
-1924.57
-1925.63
-1926.68
-1927.74
-1928.8
-1929.85
-1930.91
-1931.96
-1933.02
-1934.07
-1935.13
-1936.19
-1937.24
-1938.3
-1939.35
-1940.41
-1941.46
-1942.52
-1943.57
-1944.63
-1945.69
-1946.74
-1947.8
-1948.85
-1949.91
-1950.96
-1952.02
-1953.07
-1954.13
-1955.18
-1956.24
-1957.29
-1958.35
-1959.4
-1960.46
-1961.51
-1962.57
-1963.62
-1964.68
-1965.73
-1966.79
-1967.84
-1968.9
-1969.95
-1971.01
-1972.06
-1973.11
-1974.17
-1975.22
-1976.28
-1977.33
-1978.39
-1979.44
-1980.5
-1981.55
-1982.6
-1983.66
-1984.71
-1985.77
-1986.82
-1987.88
-1988.93
-1989.98
-1991.04
-1992.09
-1993.15
-1994.2
-1995.25
-1996.31
-1997.36
-1998.41
-1999.47
-2000.52
-2001.58
-2002.63
-2003.68
-2004.74
-2005.79
-2006.84
-2007.9
-2008.95
-2010
-2011.06
-2012.11
-2013.16
-2014.22
-2015.27
-2016.32
-2017.38
-2018.43
-2019.48
-2020.54
-2021.59
-2022.64
-2023.7
-2024.75
-2025.8
-2026.85
-2027.91
-2028.96
-2030.01
-2031.07
-2032.12
-2033.17
-2034.22
-2035.28
-2036.33
-2037.38
-2038.43
-2039.49
-2040.54
-2041.59
-2042.64
-2043.7
-2044.75
-2045.8
-2046.85
-2047.91
-2048.96
-2050.01
-2051.06
-2052.11
-2053.17
-2054.22
-2055.27
-2056.32
-2057.37
-2058.43
-2059.48
-2060.53
-2061.58
-2062.63
-2063.69
-2064.74
-2065.79
-2066.84
-2067.89
-2068.94
-2070
-2071.05
-2072.1
-2073.15
-2074.2
-2075.25
-2076.3
-2077.36
-2078.41
-2079.46
-2080.51
-2081.56
-2082.61
-2083.66
-2084.71
-2085.77
-2086.82
-2087.87
-2088.92
-2089.97
-2091.02
-2092.07
-2093.12
-2094.17
-2095.22
-2096.28
-2097.33
-2098.38
-2099.43
-2100.48
-2101.53
-2102.58
-2103.63
-2104.68
-2105.73
-2106.78
-2107.83
-2108.88
-2109.93
-2110.98
-2112.03
-2113.08
-2114.13
-2115.18
-2116.23
-2117.28
-2118.33
-2119.38
-2120.43
-2121.48
-2122.53
-2123.58
-2124.63
-2125.68
-2126.73
-2127.78
-2128.83
-2129.88
-2130.93
-2131.98
-2133.03
-2134.08
-2135.13
-2136.18
-2137.23
-2138.28
-2139.33
-2140.38
-2141.43
-2142.48
-2143.53
-2144.58
-2145.63
-2146.67
-2147.72
-2148.77
-2149.82
-2150.87
-2151.92
-2152.97
-2154.02
-2155.07
-2156.12
-2157.16
-2158.21
-2159.26
-2160.31
-2161.36
-2162.41
-2163.46
-2164.51
-2165.56
-2166.6
-2167.65
-2168.7
-2169.75
-2170.8
-2171.85
-2172.89
-2173.94
-2174.99
-2176.04
-2177.09
-2178.14
-2179.18
-2180.23
-2181.28
-2182.33
-2183.38
-2184.42
-2185.47
-2186.52
-2187.57
-2188.62
-2189.66
-2190.71
-2191.76
-2192.81
-2193.86
-2194.9
-2195.95
-2197
-2198.05
-2199.09
-2200.14
-2201.19
-2202.24
-2203.28
-2204.33
-2205.38
-2206.43
-2207.47
-2208.52
-2209.57
-2210.62
-2211.66
-2212.71
-2213.76
-2214.8
-2215.85
-2216.9
-2217.95
-2218.99
-2220.04
-2221.09
-2222.13
-2223.18
-2224.23
-2225.27
-2226.32
-2227.37
-2228.41
-2229.46
-2230.51
-2231.55
-2232.6
-2233.65
-2234.69
-2235.74
-2236.79
-2237.83
-2238.88
-2239.93
-2240.97
-2242.02
-2243.06
-2244.11
-2245.16
-2246.2
-2247.25
-2248.29
-2249.34
-2250.39
-2251.43
-2252.48
-2253.52
-2254.57
-2255.62
-2256.66
-2257.71
-2258.75
-2259.8
-2260.85
-2261.89
-2262.94
-2263.98
-2265.03
-2266.07
-2267.12
-2268.16
-2269.21
-2270.26
-2271.3
-2272.35
-2273.39
-2274.44
-2275.48
-2276.53
-2277.57
-2278.62
-2279.66
-2280.71
-2281.75
-2282.8
-2283.84
-2284.89
-2285.93
-2286.98
-2288.02
-2289.07
-2290.11
-2291.16
-2292.2
-2293.25
-2294.29
-2295.33
-2296.38
-2297.42
-2298.47
-2299.51
-2300.56
-2301.6
-2302.65
-2303.69
-2304.73
-2305.78
-2306.82
-2307.87
-2308.91
-2309.96
-2311
-2312.04
-2313.09
-2314.13
-2315.18
-2316.22
-2317.26
-2318.31
-2319.35
-2320.4
-2321.44
-2322.48
-2323.53
-2324.57
-2325.61
-2326.66
-2327.7
-2328.75
-2329.79
-2330.83
-2331.88
-2332.92
-2333.96
-2335.01
-2336.05
-2337.09
-2338.14
-2339.18
-2340.22
-2341.27
-2342.31
-2343.35
-2344.39
-2345.44
-2346.48
-2347.52
-2348.57
-2349.61
-2350.65
-2351.7
-2352.74
-2353.78
-2354.82
-2355.87
-2356.91
-2357.95
-2358.99
-2360.04
-2361.08
-2362.12
-2363.16
-2364.21
-2365.25
-2366.29
-2367.33
-2368.38
-2369.42
-2370.46
-2371.5
-2372.55
-2373.59
-2374.63
-2375.67
-2376.71
-2377.76
-2378.8
-2379.84
-2380.88
-2381.92
-2382.97
-2384.01
-2385.05
-2386.09
-2387.13
-2388.17
-2389.22
-2390.26
-2391.3
-2392.34
-2393.38
-2394.42
-2395.47
-2396.51
-2397.55
-2398.59
-2399.63
-2400.67
-2401.71
-2402.76
-2403.8
-2404.84
-2405.88
-2406.92
-2407.96
-2409
-2410.04
-2411.08
-2412.12
-2413.17
-2414.21
-2415.25
-2416.29
-2417.33
-2418.37
-2419.41
-2420.45
-2421.49
-2422.53
-2423.57
-2424.61
-2425.65
-2426.69
-2427.74
-2428.78
-2429.82
-2430.86
-2431.9
-2432.94
-2433.98
-2435.02
-2436.06
-2437.1
-2438.14
-2439.18
-2440.22
-2441.26
-2442.3
-2443.34
-2444.38
-2445.42
-2446.46
-2447.5
-2448.54
-2449.58
-2450.62
-2451.66
-2452.7
-2453.74
-2454.78
-2455.82
-2456.86
-2457.89
-2458.93
-2459.97
-2461.01
-2462.05
-2463.09
-2464.13
-2465.17
-2466.21
-2467.25
-2468.29
-2469.33
-2470.37
-2471.41
-2472.44
-2473.48
-2474.52
-2475.56
-2476.6
-2477.64
-2478.68
-2479.72
-2480.76
-2481.79
-2482.83
-2483.87
-2484.91
-2485.95
-2486.99
-2488.03
-2489.07
-2490.1
-2491.14
-2492.18
-2493.22
-2494.26
-2495.3
-2496.33
-2497.37
-2498.41
-2499.45
-2500.49
-2501.53
-2502.56
-2503.6
-2504.64
-2505.68
-2506.72
-2507.75
-2508.79
-2509.83
-2510.87
-2511.9
-2512.94
-2513.98
-2515.02
-2516.06
-2517.09
-2518.13
-2519.17
-2520.21
-2521.24
-2522.28
-2523.32
-2524.36
-2525.39
-2526.43
-2527.47
-2528.51
-2529.54
-2530.58
-2531.62
-2532.65
-2533.69
-2534.73
-2535.77
-2536.8
-2537.84
-2538.88
-2539.91
-2540.95
-2541.99
-2543.02
-2544.06
-2545.1
-2546.13
-2547.17
-2548.21
-2549.24
-2550.28
-2551.32
-2552.35
-2553.39
-2554.43
-2555.46
-2556.5
-2557.54
-2558.57
-2559.61
-2560.65
-2561.68
-2562.72
-2563.75
-2564.79
-2565.83
-2566.86
-2567.9
-2568.93
-2569.97
-2571.01
-2572.04
-2573.08
-2574.11
-2575.15
-2576.19
-2577.22
-2578.26
-2579.29
-2580.33
-2581.36
-2582.4
-2583.44
-2584.47
-2585.51
-2586.54
-2587.58
-2588.61
-2589.65
-2590.68
-2591.72
-2592.75
-2593.79
-2594.82
-2595.86
-2596.89
-2597.93
-2598.96
-2600
-2601.03
-2602.07
-2603.1
-2604.14
-2605.17
-2606.21
-2607.24
-2608.28
-2609.31
-2610.35
-2611.38
-2612.42
-2613.45
-2614.49
-2615.52
-2616.56
-2617.59
-2618.62
-2619.66
-2620.69
-2621.73
-2622.76
-2623.8
-2624.83
-2625.86
-2626.9
-2627.93
-2628.97
-2630
-2631.04
-2632.07
-2633.1
-2634.14
-2635.17
-2636.21
-2637.24
-2638.27
-2639.31
-2640.34
-2641.37
-2642.41
-2643.44
-2644.48
-2645.51
-2646.54
-2647.58
-2648.61
-2649.64
-2650.68
-2651.71
-2652.74
-2653.78
-2654.81
-2655.84
-2656.88
-2657.91
-2658.94
-2659.98
-2661.01
-2662.04
-2663.07
-2664.11
-2665.14
-2666.17
-2667.21
-2668.24
-2669.27
-2670.3
-2671.34
-2672.37
-2673.4
-2674.44
-2675.47
-2676.5
-2677.53
-2678.57
-2679.6
-2680.63
-2681.66
-2682.7
-2683.73
-2684.76
-2685.79
-2686.83
-2687.86
-2688.89
-2689.92
-2690.95
-2691.99
-2693.02
-2694.05
-2695.08
-2696.11
-2697.15
-2698.18
-2699.21
-2700.24
-2701.27
-2702.31
-2703.34
-2704.37
-2705.4
-2706.43
-2707.46
-2708.5
-2709.53
-2710.56
-2711.59
-2712.62
-2713.65
-2714.68
-2715.72
-2716.75
-2717.78
-2718.81
-2719.84
-2720.87
-2721.9
-2722.93
-2723.97
-2725
-2726.03
-2727.06
-2728.09
-2729.12
-2730.15
-2731.18
-2732.21
-2733.24
-2734.27
-2735.3
-2736.34
-2737.37
-2738.4
-2739.43
-2740.46
-2741.49
-2742.52
-2743.55
-2744.58
-2745.61
-2746.64
-2747.67
-2748.7
-2749.73
-2750.76
-2751.79
-2752.82
-2753.85
-2754.88
-2755.91
-2756.94
-2757.97
-2759
-2760.03
-2761.06
-2762.09
-2763.12
-2764.15
-2765.18
-2766.21
-2767.24
-2768.27
-2769.3
-2770.33
-2771.36
-2772.39
-2773.42
-2774.45
-2775.48
-2776.51
-2777.54
-2778.57
-2779.59
-2780.62
-2781.65
-2782.68
-2783.71
-2784.74
-2785.77
-2786.8
-2787.83
-2788.86
-2789.89
-2790.91
-2791.94
-2792.97
-2794
-2795.03
-2796.06
-2797.09
-2798.12
-2799.15
-2800.17
-2801.2
-2802.23
-2803.26
-2804.29
-2805.32
-2806.35
-2807.37
-2808.4
-2809.43
-2810.46
-2811.49
-2812.52
-2813.54
-2814.57
-2815.6
-2816.63
-2817.66
-2818.68
-2819.71
-2820.74
-2821.77
-2822.8
-2823.82
-2824.85
-2825.88
-2826.91
-2827.93
-2828.96
-2829.99
-2831.02
-2832.05
-2833.07
-2834.1
-2835.13
-2836.16
-2837.18
-2838.21
-2839.24
-2840.27
-2841.29
-2842.32
-2843.35
-2844.37
-2845.4
-2846.43
-2847.46
-2848.48
-2849.51
-2850.54
-2851.56
-2852.59
-2853.62
-2854.64
-2855.67
-2856.7
-2857.73
-2858.75
-2859.78
-2860.81
-2861.83
-2862.86
-2863.89
-2864.91
-2865.94
-2866.96
-2867.99
-2869.02
-2870.04
-2871.07
-2872.1
-2873.12
-2874.15
-2875.18
-2876.2
-2877.23
-2878.25
-2879.28
-2880.31
-2881.33
-2882.36
-2883.38
-2884.41
-2885.44
-2886.46
-2887.49
-2888.51
-2889.54
-2890.57
-2891.59
-2892.62
-2893.64
-2894.67
-2895.69
-2896.72
-2897.74
-2898.77
-2899.8
-2900.82
-2901.85
-2902.87
-2903.9
-2904.92
-2905.95
-2906.97
-2908
-2909.02
-2910.05
-2911.07
-2912.1
-2913.12
-2914.15
-2915.17
-2916.2
-2917.22
-2918.25
-2919.27
-2920.3
-2921.32
-2922.35
-2923.37
-2924.4
-2925.42
-2926.44
-2927.47
-2928.49
-2929.52
-2930.54
-2931.57
-2932.59
-2933.62
-2934.64
-2935.66
-2936.69
-2937.71
-2938.74
-2939.76
-2940.79
-2941.81
-2942.83
-2943.86
-2944.88
-2945.91
-2946.93
-2947.95
-2948.98
-2950
-2951.02
-2952.05
-2953.07
-2954.1
-2955.12
-2956.14
-2957.17
-2958.19
-2959.21
-2960.24
-2961.26
-2962.28
-2963.31
-2964.33
-2965.35
-2966.38
-2967.4
-2968.42
-2969.45
-2970.47
-2971.49
-2972.52
-2973.54
-2974.56
-2975.59
-2976.61
-2977.63
-2978.65
-2979.68
-2980.7
-2981.72
-2982.75
-2983.77
-2984.79
-2985.81
-2986.84
-2987.86
-2988.88
-2989.9
-2990.93
-2991.95
-2992.97
-2993.99
-2995.02
-2996.04
-2997.06
-2998.08
-2999.1
-3000.13
-3001.15
-3002.17
-3003.19
-3004.22
-3005.24
-3006.26
-3007.28
-3008.3
-3009.32
-3010.35
-3011.37
-3012.39
-3013.41
-3014.43
-3015.46
-3016.48
-3017.5
-3018.52
-3019.54
-3020.56
-3021.58
-3022.61
-3023.63
-3024.65
-3025.67
-3026.69
-3027.71
-3028.73
-3029.76
-3030.78
-3031.8
-3032.82
-3033.84
-3034.86
-3035.88
-3036.9
-3037.92
-3038.94
-3039.97
-3040.99
-3042.01
-3043.03
-3044.05
-3045.07
-3046.09
-3047.11
-3048.13
-3049.15
-3050.17
-3051.19
-3052.21
-3053.23
-3054.25
-3055.28
-3056.3
-3057.32
-3058.34
-3059.36
-3060.38
-3061.4
-3062.42
-3063.44
-3064.46
-3065.48
-3066.5
-3067.52
-3068.54
-3069.56
-3070.58
-3071.6
-3072.62
-3073.64
-3074.66
-3075.68
-3076.7
-3077.72
-3078.73
-3079.75
-3080.77
-3081.79
-3082.81
-3083.83
-3084.85
-3085.87
-3086.89
-3087.91
-3088.93
-3089.95
-3090.97
-3091.99
-3093.01
-3094.02
-3095.04
-3096.06
-3097.08
-3098.1
-3099.12
-3100.14
-3101.16
-3102.18
-3103.2
-3104.21
-3105.23
-3106.25
-3107.27
-3108.29
-3109.31
-3110.33
-3111.34
-3112.36
-3113.38
-3114.4
-3115.42
-3116.44
-3117.46
-3118.47
-3119.49
-3120.51
-3121.53
-3122.55
-3123.56
-3124.58
-3125.6
-3126.62
-3127.64
-3128.65
-3129.67
-3130.69
-3131.71
-3132.73
-3133.74
-3134.76
-3135.78
-3136.8
-3137.82
-3138.83
-3139.85
-3140.87
-3141.89
-3142.9
-3143.92
-3144.94
-3145.96
-3146.97
-3147.99
-3149.01
-3150.02
-3151.04
-3152.06
-3153.08
-3154.09
-3155.11
-3156.13
-3157.14
-3158.16
-3159.18
-3160.2
-3161.21
-3162.23
-3163.25
-3164.26
-3165.28
-3166.3
-3167.31
-3168.33
-3169.35
-3170.36
-3171.38
-3172.4
-3173.41
-3174.43
-3175.45
-3176.46
-3177.48
-3178.5
-3179.51
-3180.53
-3181.54
-3182.56
-3183.58
-3184.59
-3185.61
-3186.62
-3187.64
-3188.66
-3189.67
-3190.69
-3191.7
-3192.72
-3193.74
-3194.75
-3195.77
-3196.78
-3197.8
-3198.81
-3199.83
-3200.85
-3201.86
-3202.88
-3203.89
-3204.91
-3205.92
-3206.94
-3207.95
-3208.97
-3209.99
-3211
-3212.02
-3213.03
-3214.05
-3215.06
-3216.08
-3217.09
-3218.11
-3219.12
-3220.14
-3221.15
-3222.17
-3223.18
-3224.2
-3225.21
-3226.23
-3227.24
-3228.25
-3229.27
-3230.28
-3231.3
-3232.31
-3233.33
-3234.34
-3235.36
-3236.37
-3237.39
-3238.4
-3239.41
-3240.43
-3241.44
-3242.46
-3243.47
-3244.49
-3245.5
-3246.51
-3247.53
-3248.54
-3249.56
-3250.57
-3251.58
-3252.6
-3253.61
-3254.63
-3255.64
-3256.65
-3257.67
-3258.68
-3259.69
-3260.71
-3261.72
-3262.73
-3263.75
-3264.76
-3265.78
-3266.79
-3267.8
-3268.82
-3269.83
-3270.84
-3271.86
-3272.87
-3273.88
-3274.89
-3275.91
-3276.92
-3277.93
-3278.95
-3279.96
-3280.97
-3281.99
-3283
-3284.01
-3285.02
-3286.04
-3287.05
-3288.06
-3289.08
-3290.09
-3291.1
-3292.11
-3293.13
-3294.14
-3295.15
-3296.16
-3297.18
-3298.19
-3299.2
-3300.21
-3301.23
-3302.24
-3303.25
-3304.26
-3305.27
-3306.29
-3307.3
-3308.31
-3309.32
-3310.33
-3311.35
-3312.36
-3313.37
-3314.38
-3315.39
-3316.41
-3317.42
-3318.43
-3319.44
-3320.45
-3321.46
-3322.48
-3323.49
-3324.5
-3325.51
-3326.52
-3327.53
-3328.54
-3329.56
-3330.57
-3331.58
-3332.59
-3333.6
-3334.61
-3335.62
-3336.63
-3337.65
-3338.66
-3339.67
-3340.68
-3341.69
-3342.7
-3343.71
-3344.72
-3345.73
-3346.74
-3347.75
-3348.76
-3349.78
-3350.79
-3351.8
-3352.81
-3353.82
-3354.83
-3355.84
-3356.85
-3357.86
-3358.87
-3359.88
-3360.89
-3361.9
-3362.91
-3363.92
-3364.93
-3365.94
-3366.95
-3367.96
-3368.97
-3369.98
-3370.99
-3372
-3373.01
-3374.02
-3375.03
-3376.04
-3377.05
-3378.06
-3379.07
-3380.08
-3381.09
-3382.1
-3383.11
-3384.12
-3385.13
-3386.14
-3387.15
-3388.16
-3389.17
-3390.17
-3391.18
-3392.19
-3393.2
-3394.21
-3395.22
-3396.23
-3397.24
-3398.25
-3399.26
-3400.27
-3401.27
-3402.28
-3403.29
-3404.3
-3405.31
-3406.32
-3407.33
-3408.34
-3409.35
-3410.35
-3411.36
-3412.37
-3413.38
-3414.39
-3415.4
-3416.41
-3417.41
-3418.42
-3419.43
-3420.44
-3421.45
-3422.46
-3423.46
-3424.47
-3425.48
-3426.49
-3427.5
-3428.5
-3429.51
-3430.52
-3431.53
-3432.54
-3433.54
-3434.55
-3435.56
-3436.57
-3437.57
-3438.58
-3439.59
-3440.6
-3441.61
-3442.61
-3443.62
-3444.63
-3445.64
-3446.64
-3447.65
-3448.66
-3449.66
-3450.67
-3451.68
-3452.69
-3453.69
-3454.7
-3455.71
-3456.72
-3457.72
-3458.73
-3459.74
-3460.74
-3461.75
-3462.76
-3463.76
-3464.77
-3465.78
-3466.78
-3467.79
-3468.8
-3469.8
-3470.81
-3471.82
-3472.82
-3473.83
-3474.84
-3475.84
-3476.85
-3477.86
-3478.86
-3479.87
-3480.88
-3481.88
-3482.89
-3483.89
-3484.9
-3485.91
-3486.91
-3487.92
-3488.92
-3489.93
-3490.94
-3491.94
-3492.95
-3493.95
-3494.96
-3495.97
-3496.97
-3497.98
-3498.98
-3499.99
-3500.99
-3502
-3503.01
-3504.01
-3505.02
-3506.02
-3507.03
-3508.03
-3509.04
-3510.04
-3511.05
-3512.05
-3513.06
-3514.06
-3515.07
-3516.07
-3517.08
-3518.08
-3519.09
-3520.09
-3521.1
-3522.1
-3523.11
-3524.11
-3525.12
-3526.12
-3527.13
-3528.13
-3529.14
-3530.14
-3531.15
-3532.15
-3533.16
-3534.16
-3535.16
-3536.17
-3537.17
-3538.18
-3539.18
-3540.19
-3541.19
-3542.19
-3543.2
-3544.2
-3545.21
-3546.21
-3547.22
-3548.22
-3549.22
-3550.23
-3551.23
-3552.23
-3553.24
-3554.24
-3555.25
-3556.25
-3557.25
-3558.26
-3559.26
-3560.26
-3561.27
-3562.27
-3563.28
-3564.28
-3565.28
-3566.29
-3567.29
-3568.29
-3569.3
-3570.3
-3571.3
-3572.31
-3573.31
-3574.31
-3575.31
-3576.32
-3577.32
-3578.32
-3579.33
-3580.33
-3581.33
-3582.34
-3583.34
-3584.34
-3585.34
-3586.35
-3587.35
-3588.35
-3589.35
-3590.36
-3591.36
-3592.36
-3593.36
-3594.37
-3595.37
-3596.37
-3597.37
-3598.38
-3599.38
-3600.38
-3601.38
-3602.39
-3603.39
-3604.39
-3605.39
-3606.39
-3607.4
-3608.4
-3609.4
-3610.4
-3611.4
-3612.41
-3613.41
-3614.41
-3615.41
-3616.41
-3617.41
-3618.42
-3619.42
-3620.42
-3621.42
-3622.42
-3623.42
-3624.42
-3625.43
-3626.43
-3627.43
-3628.43
-3629.43
-3630.43
-3631.43
-3632.43
-3633.44
-3634.44
-3635.44
-3636.44
-3637.44
-3638.44
-3639.44
-3640.44
-3641.44
-3642.44
-3643.45
-3644.45
-3645.45
-3646.45
-3647.45
-3648.45
-3649.45
-3650.45
-3651.45
-3652.45
-3653.45
-3654.45
-3655.45
-3656.45
-3657.45
-3658.45
-3659.45
-3660.45
-3661.45
-3662.45
-3663.45
-3664.45
-3665.45
-3666.45
-3667.45
-3668.45
-3669.45
-3670.45
-3671.45
-3672.45
-3673.45
-3674.45
-3675.45
-3676.45
-3677.45
-3678.45
-3679.45
-3680.45
-3681.45
-3682.45
-3683.45
-3684.45
-3685.45
-3686.45
-3687.45
-3688.45
-3689.44
-3690.44
-3691.44
-3692.44
-3693.44
-3694.44
-3695.44
-3696.44
-3697.44
-3698.44
-3699.43
-3700.43
-3701.43
-3702.43
-3703.43
-3704.43
-3705.43
-3706.43
-3707.42
-3708.42
-3709.42
-3710.42
-3711.42
-3712.42
-3713.42
-3714.41
-3715.41
-3716.41
-3717.41
-3718.41
-3719.41
-3720.4
-3721.4
-3722.4
-3723.4
-3724.4
-3725.39
-3726.39
-3727.39
-3728.39
-3729.39
-3730.38
-3731.38
-3732.38
-3733.38
-3734.37
-3735.37
-3736.37
-3737.37
-3738.36
-3739.36
-3740.36
-3741.36
-3742.35
-3743.35
-3744.35
-3745.35
-3746.34
-3747.34
-3748.34
-3749.33
-3750.33
-3751.33
-3752.33
-3753.32
-3754.32
-3755.32
-3756.31
-3757.31
-3758.31
-3759.3
-3760.3
-3761.3
-3762.29
-3763.29
-3764.29
-3765.28
-3766.28
-3767.28
-3768.27
-3769.27
-3770.27
-3771.26
-3772.26
-3773.26
-3774.25
-3775.25
-3776.25
-3777.24
-3778.24
-3779.23
-3780.23
-3781.23
-3782.22
-3783.22
-3784.21
-3785.21
-3786.21
-3787.2
-3788.2
-3789.19
-3790.19
-3791.18
-3792.18
-3793.18
-3794.17
-3795.17
-3796.16
-3797.16
-3798.15
-3799.15
-3800.14
-3801.14
-3802.14
-3803.13
-3804.13
-3805.12
-3806.12
-3807.11
-3808.11
-3809.1
-3810.1
-3811.09
-3812.09
-3813.08
-3814.08
-3815.07
-3816.07
-3817.06
-3818.06
-3819.05
-3820.05
-3821.04
-3822.04
-3823.03
-3824.02
-3825.02
-3826.01
-3827.01
-3828
-3829
-3829.99
-3830.99
-3831.98
-3832.97
-3833.97
-3834.96
-3835.96
-3836.95
-3837.95
-3838.94
-3839.93
-3840.93
-3841.92
-3842.92
-3843.91
-3844.9
-3845.9
-3846.89
-3847.88
-3848.88
-3849.87
-3850.87
-3851.86
-3852.85
-3853.85
-3854.84
-3855.83
-3856.83
-3857.82
-3858.81
-3859.81
-3860.8
-3861.79
-3862.79
-3863.78
-3864.77
-3865.77
-3866.76
-3867.75
-3868.75
-3869.74
-3870.73
-3871.72
-3872.72
-3873.71
-3874.7
-3875.7
-3876.69
-3877.68
-3878.67
-3879.67
-3880.66
-3881.65
-3882.64
-3883.64
-3884.63
-3885.62
-3886.61
-3887.61
-3888.6
-3889.59
-3890.58
-3891.58
-3892.57
-3893.56
-3894.55
-3895.54
-3896.54
-3897.53
-3898.52
-3899.51
-3900.5
-3901.5
-3902.49
-3903.48
-3904.47
-3905.46
-3906.46
-3907.45
-3908.44
-3909.43
-3910.42
-3911.41
-3912.41
-3913.4
-3914.39
-3915.38
-3916.37
-3917.36
-3918.35
-3919.35
-3920.34
-3921.33
-3922.32
-3923.31
-3924.3
-3925.29
-3926.28
-3927.27
-3928.27
-3929.26
-3930.25
-3931.24
-3932.23
-3933.22
-3934.21
-3935.2
-3936.19
-3937.18
-3938.17
-3939.16
-3940.15
-3941.14
-3942.14
-3943.13
-3944.12
-3945.11
-3946.1
-3947.09
-3948.08
-3949.07
-3950.06
-3951.05
-3952.04
-3953.03
-3954.02
-3955.01
-3956
-3956.99
-3957.98
-3958.97
-3959.96
-3960.95
-3961.94
-3962.93
-3963.92
-3964.91
-3965.9
-3966.89
-3967.88
-3968.87
-3969.86
-3970.84
-3971.83
-3972.82
-3973.81
-3974.8
-3975.79
-3976.78
-3977.77
-3978.76
-3979.75
-3980.74
-3981.73
-3982.72
-3983.71
-3984.69
-3985.68
-3986.67
-3987.66
-3988.65
-3989.64
-3990.63
-3991.62
-3992.61
-3993.59
-3994.58
-3995.57
-3996.56
-3997.55
-3998.54
-3999.53
-4000.51
-4001.5
-4002.49
-4003.48
-4004.47
-4005.46
-4006.44
-4007.43
-4008.42
-4009.41
-4010.4
-4011.38
-4012.37
-4013.36
-4014.35
-4015.34
-4016.32
-4017.31
-4018.3
-4019.29
-4020.28
-4021.26
-4022.25
-4023.24
-4024.23
-4025.21
-4026.2
-4027.19
-4028.18
-4029.16
-4030.15
-4031.14
-4032.13
-4033.11
-4034.1
-4035.09
-4036.08
-4037.06
-4038.05
-4039.04
-4040.02
-4041.01
-4042
-4042.98
-4043.97
-4044.96
-4045.95
-4046.93
-4047.92
-4048.91
-4049.89
-4050.88
-4051.87
-4052.85
-4053.84
-4054.83
-4055.81
-4056.8
-4057.78
-4058.77
-4059.76
-4060.74
-4061.73
-4062.72
-4063.7
-4064.69
-4065.68
-4066.66
-4067.65
-4068.63
-4069.62
-4070.61
-4071.59
-4072.58
-4073.56
-4074.55
-4075.54
-4076.52
-4077.51
-4078.49
-4079.48
-4080.46
-4081.45
-4082.43
-4083.42
-4084.41
-4085.39
-4086.38
-4087.36
-4088.35
-4089.33
-4090.32
-4091.3
-4092.29
-4093.27
-4094.26
-4095.24
-4096.23
-4097.21
-4098.2
-4099.18
-4100.17
-4101.15
-4102.14
-4103.12
-4104.11
-4105.09
-4106.08
-4107.06
-4108.05
-4109.03
-4110.02
-4111
-4111.99
-4112.97
-4113.96
-4114.94
-4115.92
-4116.91
-4117.89
-4118.88
-4119.86
-4120.85
-4121.83
-4122.81
-4123.8
-4124.78
-4125.77
-4126.75
-4127.73
-4128.72
-4129.7
-4130.69
-4131.67
-4132.65
-4133.64
-4134.62
-4135.6
-4136.59
-4137.57
-4138.56
-4139.54
-4140.52
-4141.51
-4142.49
-4143.47
-4144.46
-4145.44
-4146.42
-4147.41
-4148.39
-4149.37
-4150.36
-4151.34
-4152.32
-4153.31
-4154.29
-4155.27
-4156.25
-4157.24
-4158.22
-4159.2
-4160.19
-4161.17
-4162.15
-4163.13
-4164.12
-4165.1
-4166.08
-4167.06
-4168.05
-4169.03
-4170.01
-4170.99
-4171.98
-4172.96
-4173.94
-4174.92
-4175.91
-4176.89
-4177.87
-4178.85
-4179.84
-4180.82
-4181.8
-4182.78
-4183.76
-4184.75
-4185.73
-4186.71
-4187.69
-4188.67
-4189.65
-4190.64
-4191.62
-4192.6
-4193.58
-4194.56
-4195.54
-4196.53
-4197.51
-4198.49
-4199.47
-4200.45
-4201.43
-4202.41
-4203.4
-4204.38
-4205.36
-4206.34
-4207.32
-4208.3
-4209.28
-4210.26
-4211.25
-4212.23
-4213.21
-4214.19
-4215.17
-4216.15
-4217.13
-4218.11
-4219.09
-4220.07
-4221.05
-4222.03
-4223.01
-4224
-4224.98
-4225.96
-4226.94
-4227.92
-4228.9
-4229.88
-4230.86
-4231.84
-4232.82
-4233.8
-4234.78
-4235.76
-4236.74
-4237.72
-4238.7
-4239.68
-4240.66
-4241.64
-4242.62
-4243.6
-4244.58
-4245.56
-4246.54
-4247.52
-4248.5
-4249.48
-4250.46
-4251.44
-4252.42
-4253.4
-4254.38
-4255.35
-4256.33
-4257.31
-4258.29
-4259.27
-4260.25
-4261.23
-4262.21
-4263.19
-4264.17
-4265.15
-4266.13
-4267.11
-4268.08
-4269.06
-4270.04
-4271.02
-4272
-4272.98
-4273.96
-4274.94
-4275.91
-4276.89
-4277.87
-4278.85
-4279.83
-4280.81
-4281.79
-4282.76
-4283.74
-4284.72
-4285.7
-4286.68
-4287.66
-4288.63
-4289.61
-4290.59
-4291.57
-4292.55
-4293.53
-4294.5
-4295.48
-4296.46
-4297.44
-4298.42
-4299.39
-4300.37
-4301.35
-4302.33
-4303.3
-4304.28
-4305.26
-4306.24
-4307.21
-4308.19
-4309.17
-4310.15
-4311.12
-4312.1
-4313.08
-4314.06
-4315.03
-4316.01
-4316.99
-4317.97
-4318.94
-4319.92
-4320.9
-4321.87
-4322.85
-4323.83
-4324.81
-4325.78
-4326.76
-4327.74
-4328.71
-4329.69
-4330.67
-4331.64
-4332.62
-4333.6
-4334.57
-4335.55
-4336.53
-4337.5
-4338.48
-4339.46
-4340.43
-4341.41
-4342.38
-4343.36
-4344.34
-4345.31
-4346.29
-4347.27
-4348.24
-4349.22
-4350.19
-4351.17
-4352.15
-4353.12
-4354.1
-4355.07
-4356.05
-4357.02
-4358
-4358.98
-4359.95
-4360.93
-4361.9
-4362.88
-4363.85
-4364.83
-4365.81
-4366.78
-4367.76
-4368.73
-4369.71
-4370.68
-4371.66
-4372.63
-4373.61
-4374.58
-4375.56
-4376.53
-4377.51
-4378.48
-4379.46
-4380.43
-4381.41
-4382.38
-4383.36
-4384.33
-4385.31
-4386.28
-4387.26
-4388.23
-4389.21
-4390.18
-4391.16
-4392.13
-4393.1
-4394.08
-4395.05
-4396.03
-4397
-4397.98
-4398.95
-4399.92
-4400.9
-4401.87
-4402.85
-4403.82
-4404.8
-4405.77
-4406.74
-4407.72
-4408.69
-4409.67
-4410.64
-4411.61
-4412.59
-4413.56
-4414.53
-4415.51
-4416.48
-4417.45
-4418.43
-4419.4
-4420.38
-4421.35
-4422.32
-4423.3
-4424.27
-4425.24
-4426.22
-4427.19
-4428.16
-4429.14
-4430.11
-4431.08
-4432.05
-4433.03
-4434
-4434.97
-4435.95
-4436.92
-4437.89
-4438.87
-4439.84
-4440.81
-4441.78
-4442.76
-4443.73
-4444.7
-4445.67
-4446.65
-4447.62
-4448.59
-4449.56
-4450.54
-4451.51
-4452.48
-4453.45
-4454.43
-4455.4
-4456.37
-4457.34
-4458.31
-4459.29
-4460.26
-4461.23
-4462.2
-4463.17
-4464.15
-4465.12
-4466.09
-4467.06
-4468.03
-4469.01
-4469.98
-4470.95
-4471.92
-4472.89
-4473.86
-4474.83
-4475.81
-4476.78
-4477.75
-4478.72
-4479.69
-4480.66
-4481.63
-4482.61
-4483.58
-4484.55
-4485.52
-4486.49
-4487.46
-4488.43
-4489.4
-4490.37
-4491.35
-4492.32
-4493.29
-4494.26
-4495.23
-4496.2
-4497.17
-4498.14
-4499.11
-4500.08
-4501.05
-4502.02
-4502.99
-4503.96
-4504.93
-4505.9
-4506.87
-4507.85
-4508.82
-4509.79
-4510.76
-4511.73
-4512.7
-4513.67
-4514.64
-4515.61
-4516.58
-4517.55
-4518.52
-4519.49
-4520.46
-4521.43
-4522.4
-4523.37
-4524.33
-4525.3
-4526.27
-4527.24
-4528.21
-4529.18
-4530.15
-4531.12
-4532.09
-4533.06
-4534.03
-4535
-4535.97
-4536.94
-4537.91
-4538.88
-4539.85
-4540.81
-4541.78
-4542.75
-4543.72
-4544.69
-4545.66
-4546.63
-4547.6
-4548.57
-4549.53
-4550.5
-4551.47
-4552.44
-4553.41
-4554.38
-4555.35
-4556.32
-4557.28
-4558.25
-4559.22
-4560.19
-4561.16
-4562.13
-4563.09
-4564.06
-4565.03
-4566
-4566.97
-4567.93
-4568.9
-4569.87
-4570.84
-4571.81
-4572.77
-4573.74
-4574.71
-4575.68
-4576.65
-4577.61
-4578.58
-4579.55
-4580.52
-4581.48
-4582.45
-4583.42
-4584.39
-4585.35
-4586.32
-4587.29
-4588.26
-4589.22
-4590.19
-4591.16
-4592.13
-4593.09
-4594.06
-4595.03
-4595.99
-4596.96
-4597.93
-4598.9
-4599.86
-4600.83
-4601.8
-4602.76
-4603.73
-4604.7
-4605.66
-4606.63
-4607.6
-4608.56
-4609.53
-4610.5
-4611.46
-4612.43
-4613.4
-4614.36
-4615.33
-4616.29
-4617.26
-4618.23
-4619.19
-4620.16
-4621.13
-4622.09
-4623.06
-4624.02
-4624.99
-4625.96
-4626.92
-4627.89
-4628.85
-4629.82
-4630.78
-4631.75
-4632.72
-4633.68
-4634.65
-4635.61
-4636.58
-4637.54
-4638.51
-4639.48
-4640.44
-4641.41
-4642.37
-4643.34
-4644.3
-4645.27
-4646.23
-4647.2
-4648.16
-4649.13
-4650.09
-4651.06
-4652.02
-4652.99
-4653.95
-4654.92
-4655.88
-4656.85
-4657.81
-4658.78
-4659.74
-4660.71
-4661.67
-4662.64
-4663.6
-4664.56
-4665.53
-4666.49
-4667.46
-4668.42
-4669.39
-4670.35
-4671.32
-4672.28
-4673.24
-4674.21
-4675.17
-4676.14
-4677.1
-4678.06
-4679.03
-4679.99
-4680.96
-4681.92
-4682.88
-4683.85
-4684.81
-4685.78
-4686.74
-4687.7
-4688.67
-4689.63
-4690.59
-4691.56
-4692.52
-4693.48
-4694.45
-4695.41
-4696.37
-4697.34
-4698.3
-4699.26
-4700.23
-4701.19
-4702.15
-4703.12
-4704.08
-4705.04
-4706.01
-4706.97
-4707.93
-4708.89
-4709.86
-4710.82
-4711.78
-4712.75
-4713.71
-4714.67
-4715.63
-4716.6
-4717.56
-4718.52
-4719.48
-4720.45
-4721.41
-4722.37
-4723.33
-4724.3
-4725.26
-4726.22
-4727.18
-4728.14
-4729.11
-4730.07
-4731.03
-4731.99
-4732.95
-4733.92
-4734.88
-4735.84
-4736.8
-4737.76
-4738.73
-4739.69
-4740.65
-4741.61
-4742.57
-4743.53
-4744.5
-4745.46
-4746.42
-4747.38
-4748.34
-4749.3
-4750.26
-4751.23
-4752.19
-4753.15
-4754.11
-4755.07
-4756.03
-4756.99
-4757.95
-4758.91
-4759.88
-4760.84
-4761.8
-4762.76
-4763.72
-4764.68
-4765.64
-4766.6
-4767.56
-4768.52
-4769.48
-4770.44
-4771.4
-4772.36
-4773.33
-4774.29
-4775.25
-4776.21
-4777.17
-4778.13
-4779.09
-4780.05
-4781.01
-4781.97
-4782.93
-4783.89
-4784.85
-4785.81
-4786.77
-4787.73
-4788.69
-4789.65
-4790.61
-4791.57
-4792.53
-4793.49
-4794.45
-4795.41
-4796.37
-4797.32
-4798.28
-4799.24
-4800.2
-4801.16
-4802.12
-4803.08
-4804.04
-4805
-4805.96
-4806.92
-4807.88
-4808.84
-4809.8
-4810.76
-4811.71
-4812.67
-4813.63
-4814.59
-4815.55
-4816.51
-4817.47
-4818.43
-4819.39
-4820.34
-4821.3
-4822.26
-4823.22
-4824.18
-4825.14
-4826.1
-4827.05
-4828.01
-4828.97
-4829.93
-4830.89
-4831.85
-4832.8
-4833.76
-4834.72
-4835.68
-4836.64
-4837.59
-4838.55
-4839.51
-4840.47
-4841.43
-4842.38
-4843.34
-4844.3
-4845.26
-4846.21
-4847.17
-4848.13
-4849.09
-4850.05
-4851
-4851.96
-4852.92
-4853.88
-4854.83
-4855.79
-4856.75
-4857.7
-4858.66
-4859.62
-4860.58
-4861.53
-4862.49
-4863.45
-4864.4
-4865.36
-4866.32
-4867.28
-4868.23
-4869.19
-4870.15
-4871.1
-4872.06
-4873.02
-4873.97
-4874.93
-4875.89
-4876.84
-4877.8
-4878.76
-4879.71
-4880.67
-4881.63
-4882.58
-4883.54
-4884.49
-4885.45
-4886.41
-4887.36
-4888.32
-4889.27
-4890.23
-4891.19
-4892.14
-4893.1
-4894.05
-4895.01
-4895.97
-4896.92
-4897.88
-4898.83
-4899.79
-4900.74
-4901.7
-4902.66
-4903.61
-4904.57
-4905.52
-4906.48
-4907.43
-4908.39
-4909.34
-4910.3
-4911.25
-4912.21
-4913.17
-4914.12
-4915.08
-4916.03
-4916.99
-4917.94
-4918.9
-4919.85
-4920.81
-4921.76
-4922.71
-4923.67
-4924.62
-4925.58
-4926.53
-4927.49
-4928.44
-4929.4
-4930.35
-4931.31
-4932.26
-4933.22
-4934.17
-4935.12
-4936.08
-4937.03
-4937.99
-4938.94
-4939.9
-4940.85
-4941.8
-4942.76
-4943.71
-4944.67
-4945.62
-4946.57
-4947.53
-4948.48
-4949.43
-4950.39
-4951.34
-4952.3
-4953.25
-4954.2
-4955.16
-4956.11
-4957.06
-4958.02
-4958.97
-4959.92
-4960.88
-4961.83
-4962.78
-4963.74
-4964.69
-4965.64
-4966.6
-4967.55
-4968.5
-4969.46
-4970.41
-4971.36
-4972.32
-4973.27
-4974.22
-4975.17
-4976.13
-4977.08
-4978.03
-4978.98
-4979.94
-4980.89
-4981.84
-4982.79
-4983.75
-4984.7
-4985.65
-4986.6
-4987.56
-4988.51
-4989.46
-4990.41
-4991.37
-4992.32
-4993.27
-4994.22
-4995.17
-4996.13
-4997.08
-4998.03
-4998.98
-4999.93
-5000.89
-5001.84
-5002.79
-5003.74
-5004.69
-5005.64
-5006.6
-5007.55
-5008.5
-5009.45
-5010.4
-5011.35
-5012.3
-5013.26
-5014.21
-5015.16
-5016.11
-5017.06
-5018.01
-5018.96
-5019.91
-5020.87
-5021.82
-5022.77
-5023.72
-5024.67
-5025.62
-5026.57
-5027.52
-5028.47
-5029.42
-5030.37
-5031.32
-5032.28
-5033.23
-5034.18
-5035.13
-5036.08
-5037.03
-5037.98
-5038.93
-5039.88
-5040.83
-5041.78
-5042.73
-5043.68
-5044.63
-5045.58
-5046.53
-5047.48
-5048.43
-5049.38
-5050.33
-5051.28
-5052.23
-5053.18
-5054.13
-5055.08
-5056.03
-5056.98
-5057.93
-5058.88
-5059.83
-5060.78
-5061.73
-5062.68
-5063.62
-5064.57
-5065.52
-5066.47
-5067.42
-5068.37
-5069.32
-5070.27
-5071.22
-5072.17
-5073.12
-5074.07
-5075.01
-5075.96
-5076.91
-5077.86
-5078.81
-5079.76
-5080.71
-5081.66
-5082.61
-5083.55
-5084.5
-5085.45
-5086.4
-5087.35
-5088.3
-5089.24
-5090.19
-5091.14
-5092.09
-5093.04
-5093.99
-5094.93
-5095.88
-5096.83
-5097.78
-5098.73
-5099.67
-5100.62
-5101.57
-5102.52
-5103.47
-5104.41
-5105.36
-5106.31
-5107.26
-5108.21
-5109.15
-5110.1
-5111.05
-5112
-5112.94
-5113.89
-5114.84
-5115.79
-5116.73
-5117.68
-5118.63
-5119.57
-5120.52
-5121.47
-5122.42
-5123.36
-5124.31
-5125.26
-5126.2
-5127.15
-5128.1
-5129.04
-5129.99
-5130.94
-5131.89
-5132.83
-5133.78
-5134.73
-5135.67
-5136.62
-5137.56
-5138.51
-5139.46
-5140.4
-5141.35
-5142.3
-5143.24
-5144.19
-5145.14
-5146.08
-5147.03
-5147.97
-5148.92
-5149.87
-5150.81
-5151.76
-5152.7
-5153.65
-5154.6
-5155.54
-5156.49
-5157.43
-5158.38
-5159.32
-5160.27
-5161.22
-5162.16
-5163.11
-5164.05
-5165
-5165.94
-5166.89
-5167.83
-5168.78
-5169.72
-5170.67
-5171.62
-5172.56
-5173.51
-5174.45
-5175.4
-5176.34
-5177.29
-5178.23
-5179.18
-5180.12
-5181.07
-5182.01
-5182.95
-5183.9
-5184.84
-5185.79
-5186.73
-5187.68
-5188.62
-5189.57
-5190.51
-5191.46
-5192.4
-5193.34
-5194.29
-5195.23
-5196.18
-5197.12
-5198.07
-5199.01
-5199.95
-5200.9
-5201.84
-5202.79
-5203.73
-5204.67
-5205.62
-5206.56
-5207.51
-5208.45
-5209.39
-5210.34
-5211.28
-5212.22
-5213.17
-5214.11
-5215.05
-5216
-5216.94
-5217.88
-5218.83
-5219.77
-5220.71
-5221.66
-5222.6
-5223.54
-5224.49
-5225.43
-5226.37
-5227.32
-5228.26
-5229.2
-5230.15
-5231.09
-5232.03
-5232.97
-5233.92
-5234.86
-5235.8
-5236.74
-5237.69
-5238.63
-5239.57
-5240.51
-5241.46
-5242.4
-5243.34
-5244.28
-5245.23
-5246.17
-5247.11
-5248.05
-5249
-5249.94
-5250.88
-5251.82
-5252.76
-5253.71
-5254.65
-5255.59
-5256.53
-5257.47
-5258.41
-5259.36
-5260.3
-5261.24
-5262.18
-5263.12
-5264.06
-5265.01
-5265.95
-5266.89
-5267.83
-5268.77
-5269.71
-5270.65
-5271.6
-5272.54
-5273.48
-5274.42
-5275.36
-5276.3
-5277.24
-5278.18
-5279.12
-5280.07
-5281.01
-5281.95
-5282.89
-5283.83
-5284.77
-5285.71
-5286.65
-5287.59
-5288.53
-5289.47
-5290.41
-5291.35
-5292.29
-5293.23
-5294.17
-5295.12
-5296.06
-5297
-5297.94
-5298.88
-5299.82
-5300.76
-5301.7
-5302.64
-5303.58
-5304.52
-5305.46
-5306.4
-5307.34
-5308.28
-5309.22
-5310.16
-5311.09
-5312.03
-5312.97
-5313.91
-5314.85
-5315.79
-5316.73
-5317.67
-5318.61
-5319.55
-5320.49
-5321.43
-5322.37
-5323.31
-5324.25
-5325.19
-5326.12
-5327.06
-5328
-5328.94
-5329.88
-5330.82
-5331.76
-5332.7
-5333.64
-5334.57
-5335.51
-5336.45
-5337.39
-5338.33
-5339.27
-5340.21
-5341.15
-5342.08
-5343.02
-5343.96
-5344.9
-5345.84
-5346.78
-5347.71
-5348.65
-5349.59
-5350.53
-5351.47
-5352.4
-5353.34
-5354.28
-5355.22
-5356.16
-5357.09
-5358.03
-5358.97
-5359.91
-5360.84
-5361.78
-5362.72
-5363.66
-5364.6
-5365.53
-5366.47
-5367.41
-5368.35
-5369.28
-5370.22
-5371.16
-5372.09
-5373.03
-5373.97
-5374.91
-5375.84
-5376.78
-5377.72
-5378.65
-5379.59
-5380.53
-5381.46
-5382.4
-5383.34
-5384.28
-5385.21
-5386.15
-5387.09
-5388.02
-5388.96
-5389.9
-5390.83
-5391.77
-5392.7
-5393.64
-5394.58
-5395.51
-5396.45
-5397.39
-5398.32
-5399.26
-5400.19
-5401.13
-5402.07
-5403
-5403.94
-5404.87
-5405.81
-5406.75
-5407.68
-5408.62
-5409.55
-5410.49
-5411.43
-5412.36
-5413.3
-5414.23
-5415.17
-5416.1
-5417.04
-5417.97
-5418.91
-5419.84
-5420.78
-5421.72
-5422.65
-5423.59
-5424.52
-5425.46
-5426.39
-5427.33
-5428.26
-5429.2
-5430.13
-5431.07
-5432
-5432.94
-5433.87
-5434.8
-5435.74
-5436.67
-5437.61
-5438.54
-5439.48
-5440.41
-5441.35
-5442.28
-5443.22
-5444.15
-5445.08
-5446.02
-5446.95
-5447.89
-5448.82
-5449.76
-5450.69
-5451.62
-5452.56
-5453.49
-5454.43
-5455.36
-5456.29
-5457.23
-5458.16
-5459.09
-5460.03
-5460.96
-5461.9
-5462.83
-5463.76
-5464.7
-5465.63
-5466.56
-5467.5
-5468.43
-5469.36
-5470.3
-5471.23
-5472.16
-5473.1
-5474.03
-5474.96
-5475.9
-5476.83
-5477.76
-5478.69
-5479.63
-5480.56
-5481.49
-5482.43
-5483.36
-5484.29
-5485.22
-5486.16
-5487.09
-5488.02
-5488.95
-5489.89
-5490.82
-5491.75
-5492.68
-5493.62
-5494.55
-5495.48
-5496.41
-5497.35
-5498.28
-5499.21
-5500.14
-5501.07
-5502.01
-5502.94
-5503.87
-5504.8
-5505.73
-5506.67
-5507.6
-5508.53
-5509.46
-5510.39
-5511.32
-5512.26
-5513.19
-5514.12
-5515.05
-5515.98
-5516.91
-5517.84
-5518.78
-5519.71
-5520.64
-5521.57
-5522.5
-5523.43
-5524.36
-5525.29
-5526.22
-5527.16
-5528.09
-5529.02
-5529.95
-5530.88
-5531.81
-5532.74
-5533.67
-5534.6
-5535.53
-5536.46
-5537.39
-5538.32
-5539.26
-5540.19
-5541.12
-5542.05
-5542.98
-5543.91
-5544.84
-5545.77
-5546.7
-5547.63
-5548.56
-5549.49
-5550.42
-5551.35
-5552.28
-5553.21
-5554.14
-5555.07
-5556
-5556.93
-5557.86
-5558.79
-5559.72
-5560.65
-5561.58
-5562.5
-5563.43
-5564.36
-5565.29
-5566.22
-5567.15
-5568.08
-5569.01
-5569.94
-5570.87
-5571.8
-5572.73
-5573.66
-5574.59
-5575.51
-5576.44
-5577.37
-5578.3
-5579.23
-5580.16
-5581.09
-5582.02
-5582.94
-5583.87
-5584.8
-5585.73
-5586.66
-5587.59
-5588.52
-5589.44
-5590.37
-5591.3
-5592.23
-5593.16
-5594.09
-5595.01
-5595.94
-5596.87
-5597.8
-5598.73
-5599.65
-5600.58
-5601.51
-5602.44
-5603.37
-5604.29
-5605.22
-5606.15
-5607.08
-5608.01
-5608.93
-5609.86
-5610.79
-5611.72
-5612.64
-5613.57
-5614.5
-5615.42
-5616.35
-5617.28
-5618.21
-5619.13
-5620.06
-5620.99
-5621.92
-5622.84
-5623.77
-5624.7
-5625.62
-5626.55
-5627.48
-5628.4
-5629.33
-5630.26
-5631.18
-5632.11
-5633.04
-5633.96
-5634.89
-5635.82
-5636.74
-5637.67
-5638.6
-5639.52
-5640.45
-5641.38
-5642.3
-5643.23
-5644.15
-5645.08
-5646.01
-5646.93
-5647.86
-5648.78
-5649.71
-5650.64
-5651.56
-5652.49
-5653.41
-5654.34
-5655.26
-5656.19
-5657.12
-5658.04
-5658.97
-5659.89
-5660.82
-5661.74
-5662.67
-5663.59
-5664.52
-5665.45
-5666.37
-5667.3
-5668.22
-5669.15
-5670.07
-5671
-5671.92
-5672.85
-5673.77
-5674.7
-5675.62
-5676.55
-5677.47
-5678.4
-5679.32
-5680.24
-5681.17
-5682.09
-5683.02
-5683.94
-5684.87
-5685.79
-5686.72
-5687.64
-5688.56
-5689.49
-5690.41
-5691.34
-5692.26
-5693.19
-5694.11
-5695.03
-5695.96
-5696.88
-5697.81
-5698.73
-5699.65
-5700.58
-5701.5
-5702.42
-5703.35
-5704.27
-5705.2
-5706.12
-5707.04
-5707.97
-5708.89
-5709.81
-5710.74
-5711.66
-5712.58
-5713.51
-5714.43
-5715.35
-5716.28
-5717.2
-5718.12
-5719.05
-5719.97
-5720.89
-5721.81
-5722.74
-5723.66
-5724.58
-5725.51
-5726.43
-5727.35
-5728.27
-5729.2
-5730.12
-5731.04
-5731.96
-5732.89
-5733.81
-5734.73
-5735.65
-5736.58
-5737.5
-5738.42
-5739.34
-5740.26
-5741.19
-5742.11
-5743.03
-5743.95
-5744.88
-5745.8
-5746.72
-5747.64
-5748.56
-5749.48
-5750.41
-5751.33
-5752.25
-5753.17
-5754.09
-5755.01
-5755.94
-5756.86
-5757.78
-5758.7
-5759.62
-5760.54
-5761.46
-5762.38
-5763.31
-5764.23
-5765.15
-5766.07
-5766.99
-5767.91
-5768.83
-5769.75
-5770.67
-5771.6
-5772.52
-5773.44
-5774.36
-5775.28
-5776.2
-5777.12
-5778.04
-5778.96
-5779.88
-5780.8
-5781.72
-5782.64
-5783.56
-5784.48
-5785.4
-5786.32
-5787.24
-5788.16
-5789.08
-5790
-5790.92
-5791.84
-5792.76
-5793.68
-5794.6
-5795.52
-5796.44
-5797.36
-5798.28
-5799.2
-5800.12
-5801.04
-5801.96
-5802.88
-5803.8
-5804.72
-5805.64
-5806.56
-5807.48
-5808.4
-5809.32
-5810.24
-5811.15
-5812.07
-5812.99
-5813.91
-5814.83
-5815.75
-5816.67
-5817.59
-5818.51
-5819.42
-5820.34
-5821.26
-5822.18
-5823.1
-5824.02
-5824.94
-5825.86
-5826.77
-5827.69
-5828.61
-5829.53
-5830.45
-5831.37
-5832.28
-5833.2
-5834.12
-5835.04
-5835.96
-5836.88
-5837.79
-5838.71
-5839.63
-5840.55
-5841.46
-5842.38
-5843.3
-5844.22
-5845.14
-5846.05
-5846.97
-5847.89
-5848.81
-5849.72
-5850.64
-5851.56
-5852.48
-5853.39
-5854.31
-5855.23
-5856.15
-5857.06
-5857.98
-5858.9
-5859.81
-5860.73
-5861.65
-5862.57
-5863.48
-5864.4
-5865.32
-5866.23
-5867.15
-5868.07
-5868.98
-5869.9
-5870.82
-5871.73
-5872.65
-5873.57
-5874.48
-5875.4
-5876.32
-5877.23
-5878.15
-5879.06
-5879.98
-5880.9
-5881.81
-5882.73
-5883.64
-5884.56
-5885.48
-5886.39
-5887.31
-5888.22
-5889.14
-5890.06
-5890.97
-5891.89
-5892.8
-5893.72
-5894.63
-5895.55
-5896.47
-5897.38
-5898.3
-5899.21
-5900.13
-5901.04
-5901.96
-5902.87
-5903.79
-5904.7
-5905.62
-5906.53
-5907.45
-5908.36
-5909.28
-5910.19
-5911.11
-5912.02
-5912.94
-5913.85
-5914.77
-5915.68
-5916.6
-5917.51
-5918.43
-5919.34
-5920.26
-5921.17
-5922.08
-5923
-5923.91
-5924.83
-5925.74
-5926.66
-5927.57
-5928.48
-5929.4
-5930.31
-5931.23
-5932.14
-5933.05
-5933.97
-5934.88
-5935.8
-5936.71
-5937.62
-5938.54
-5939.45
-5940.36
-5941.28
-5942.19
-5943.11
-5944.02
-5944.93
-5945.85
-5946.76
-5947.67
-5948.59
-5949.5
-5950.41
-5951.33
-5952.24
-5953.15
-5954.06
-5954.98
-5955.89
-5956.8
-5957.72
-5958.63
-5959.54
-5960.45
-5961.37
-5962.28
-5963.19
-5964.11
-5965.02
-5965.93
-5966.84
-5967.76
-5968.67
-5969.58
-5970.49
-5971.41
-5972.32
-5973.23
-5974.14
-5975.05
-5975.97
-5976.88
-5977.79
-5978.7
-5979.61
-5980.53
-5981.44
-5982.35
-5983.26
-5984.17
-5985.08
-5986
-5986.91
-5987.82
-5988.73
-5989.64
-5990.55
-5991.47
-5992.38
-5993.29
-5994.2
-5995.11
-5996.02
-5996.93
-5997.84
-5998.76
-5999.67
-6000.58
-6001.49
-6002.4
-6003.31
-6004.22
-6005.13
-6006.04
-6006.95
-6007.86
-6008.78
-6009.69
-6010.6
-6011.51
-6012.42
-6013.33
-6014.24
-6015.15
-6016.06
-6016.97
-6017.88
-6018.79
-6019.7
-6020.61
-6021.52
-6022.43
-6023.34
-6024.25
-6025.16
-6026.07
-6026.98
-6027.89
-6028.8
-6029.71
-6030.62
-6031.53
-6032.44
-6033.35
-6034.26
-6035.17
-6036.08
-6036.99
-6037.9
-6038.8
-6039.71
-6040.62
-6041.53
-6042.44
-6043.35
-6044.26
-6045.17
-6046.08
-6046.99
-6047.9
-6048.81
-6049.71
-6050.62
-6051.53
-6052.44
-6053.35
-6054.26
-6055.17
-6056.08
-6056.98
-6057.89
-6058.8
-6059.71
-6060.62
-6061.53
-6062.43
-6063.34
-6064.25
-6065.16
-6066.07
-6066.98
-6067.88
-6068.79
-6069.7
-6070.61
-6071.52
-6072.42
-6073.33
-6074.24
-6075.15
-6076.05
-6076.96
-6077.87
-6078.78
-6079.68
-6080.59
-6081.5
-6082.41
-6083.31
-6084.22
-6085.13
-6086.04
-6086.94
-6087.85
-6088.76
-6089.67
-6090.57
-6091.48
-6092.39
-6093.29
-6094.2
-6095.11
-6096.01
-6096.92
-6097.83
-6098.73
-6099.64
-6100.55
-6101.45
-6102.36
-6103.27
-6104.17
-6105.08
-6105.99
-6106.89
-6107.8
-6108.71
-6109.61
-6110.52
-6111.42
-6112.33
-6113.24
-6114.14
-6115.05
-6115.95
-6116.86
-6117.77
-6118.67
-6119.58
-6120.48
-6121.39
-6122.3
-6123.2
-6124.11
-6125.01
-6125.92
-6126.82
-6127.73
-6128.63
-6129.54
-6130.44
-6131.35
-6132.26
-6133.16
-6134.07
-6134.97
-6135.88
-6136.78
-6137.69
-6138.59
-6139.5
-6140.4
-6141.31
-6142.21
-6143.11
-6144.02
-6144.92
-6145.83
-6146.73
-6147.64
-6148.54
-6149.45
-6150.35
-6151.26
-6152.16
-6153.06
-6153.97
-6154.87
-6155.78
-6156.68
-6157.59
-6158.49
-6159.39
-6160.3
-6161.2
-6162.11
-6163.01
-6163.91
-6164.82
-6165.72
-6166.62
-6167.53
-6168.43
-6169.34
-6170.24
-6171.14
-6172.05
-6172.95
-6173.85
-6174.76
-6175.66
-6176.56
-6177.47
-6178.37
-6179.27
-6180.18
-6181.08
-6181.98
-6182.88
-6183.79
-6184.69
-6185.59
-6186.5
-6187.4
-6188.3
-6189.2
-6190.11
-6191.01
-6191.91
-6192.81
-6193.72
-6194.62
-6195.52
-6196.42
-6197.33
-6198.23
-6199.13
-6200.03
-6200.94
-6201.84
-6202.74
-6203.64
-6204.54
-6205.45
-6206.35
-6207.25
-6208.15
-6209.05
-6209.96
-6210.86
-6211.76
-6212.66
-6213.56
-6214.46
-6215.37
-6216.27
-6217.17
-6218.07
-6218.97
-6219.87
-6220.77
-6221.67
-6222.58
-6223.48
-6224.38
-6225.28
-6226.18
-6227.08
-6227.98
-6228.88
-6229.78
-6230.68
-6231.59
-6232.49
-6233.39
-6234.29
-6235.19
-6236.09
-6236.99
-6237.89
-6238.79
-6239.69
-6240.59
-6241.49
-6242.39
-6243.29
-6244.19
-6245.09
-6245.99
-6246.89
-6247.79
-6248.69
-6249.59
-6250.49
-6251.39
-6252.29
-6253.19
-6254.09
-6254.99
-6255.89
-6256.79
-6257.69
-6258.59
-6259.49
-6260.39
-6261.29
-6262.19
-6263.09
-6263.99
-6264.89
-6265.79
-6266.69
-6267.58
-6268.48
-6269.38
-6270.28
-6271.18
-6272.08
-6272.98
-6273.88
-6274.78
-6275.68
-6276.57
-6277.47
-6278.37
-6279.27
-6280.17
-6281.07
-6281.97
-6282.86
-6283.76
-6284.66
-6285.56
-6286.46
-6287.36
-6288.25
-6289.15
-6290.05
-6290.95
-6291.85
-6292.74
-6293.64
-6294.54
-6295.44
-6296.34
-6297.23
-6298.13
-6299.03
-6299.93
-6300.83
-6301.72
-6302.62
-6303.52
-6304.42
-6305.31
-6306.21
-6307.11
-6308
-6308.9
-6309.8
-6310.7
-6311.59
-6312.49
-6313.39
-6314.29
-6315.18
-6316.08
-6316.98
-6317.87
-6318.77
-6319.67
-6320.56
-6321.46
-6322.36
-6323.25
-6324.15
-6325.05
-6325.94
-6326.84
-6327.74
-6328.63
-6329.53
-6330.43
-6331.32
-6332.22
-6333.11
-6334.01
-6334.91
-6335.8
-6336.7
-6337.59
-6338.49
-6339.39
-6340.28
-6341.18
-6342.07
-6342.97
-6343.86
-6344.76
-6345.66
-6346.55
-6347.45
-6348.34
-6349.24
-6350.13
-6351.03
-6351.92
-6352.82
-6353.71
-6354.61
-6355.51
-6356.4
-6357.3
-6358.19
-6359.09
-6359.98
-6360.88
-6361.77
-6362.67
-6363.56
-6364.45
-6365.35
-6366.24
-6367.14
-6368.03
-6368.93
-6369.82
-6370.72
-6371.61
-6372.51
-6373.4
-6374.29
-6375.19
-6376.08
-6376.98
-6377.87
-6378.76
-6379.66
-6380.55
-6381.45
-6382.34
-6383.23
-6384.13
-6385.02
-6385.92
-6386.81
-6387.7
-6388.6
-6389.49
-6390.38
-6391.28
-6392.17
-6393.06
-6393.96
-6394.85
-6395.74
-6396.64
-6397.53
-6398.42
-6399.32
-6400.21
-6401.1
-6402
-6402.89
-6403.78
-6404.68
-6405.57
-6406.46
-6407.35
-6408.25
-6409.14
-6410.03
-6410.92
-6411.82
-6412.71
-6413.6
-6414.49
-6415.39
-6416.28
-6417.17
-6418.06
-6418.96
-6419.85
-6420.74
-6421.63
-6422.52
-6423.42
-6424.31
-6425.2
-6426.09
-6426.98
-6427.88
-6428.77
-6429.66
-6430.55
-6431.44
-6432.33
-6433.23
-6434.12
-6435.01
-6435.9
-6436.79
-6437.68
-6438.58
-6439.47
-6440.36
-6441.25
-6442.14
-6443.03
-6443.92
-6444.81
-6445.7
-6446.6
-6447.49
-6448.38
-6449.27
-6450.16
-6451.05
-6451.94
-6452.83
-6453.72
-6454.61
-6455.5
-6456.39
-6457.28
-6458.17
-6459.06
-6459.95
-6460.84
-6461.73
-6462.63
-6463.52
-6464.41
-6465.3
-6466.19
-6467.08
-6467.97
-6468.86
-6469.75
-6470.63
-6471.52
-6472.41
-6473.3
-6474.19
-6475.08
-6475.97
-6476.86
-6477.75
-6478.64
-6479.53
-6480.42
-6481.31
-6482.2
-6483.09
-6483.98
-6484.87
-6485.76
-6486.64
-6487.53
-6488.42
-6489.31
-6490.2
-6491.09
-6491.98
-6492.87
-6493.76
-6494.64
-6495.53
-6496.42
-6497.31
-6498.2
-6499.09
-6499.98
-6500.86
-6501.75
-6502.64
-6503.53
-6504.42
-6505.31
-6506.19
-6507.08
-6507.97
-6508.86
-6509.75
-6510.63
-6511.52
-6512.41
-6513.3
-6514.19
-6515.07
-6515.96
-6516.85
-6517.74
-6518.62
-6519.51
-6520.4
-6521.29
-6522.17
-6523.06
-6523.95
-6524.84
-6525.72
-6526.61
-6527.5
-6528.38
-6529.27
-6530.16
-6531.05
-6531.93
-6532.82
-6533.71
-6534.59
-6535.48
-6536.37
-6537.25
-6538.14
-6539.03
-6539.91
-6540.8
-6541.69
-6542.57
-6543.46
-6544.34
-6545.23
-6546.12
-6547
-6547.89
-6548.78
-6549.66
-6550.55
-6551.43
-6552.32
-6553.21
-6554.09
-6554.98
-6555.86
-6556.75
-6557.63
-6558.52
-6559.41
-6560.29
-6561.18
-6562.06
-6562.95
-6563.83
-6564.72
-6565.6
-6566.49
-6567.37
-6568.26
-6569.15
-6570.03
-6570.92
-6571.8
-6572.69
-6573.57
-6574.46
-6575.34
-6576.23
