-11.7057
-12.1793
-12.6528
-13.1262
-13.5995
-14.0728
-14.5459
-15.019
-15.492
-15.9649
-16.4377
-16.9104
-17.383
-17.8555
-18.328
-18.8004
-19.2726
-19.7448
-20.2169
-20.6889
-21.1609
-21.6327
-22.1045
-22.5761
-23.0477
-23.5192
-23.9906
-24.4619
-24.9332
-25.4043
-25.8754
-26.3464
-26.8172
-27.288
-27.7587
-28.2294
-28.6999
-29.1704
-29.6407
-30.111
-30.5812
-31.0513
-31.5213
-31.9912
-32.4611
-32.9308
-33.4005
-33.87
-34.3395
-34.8089
-35.2783
-35.7475
-36.2166
-36.6857
-37.1546
-37.6235
-38.0923
-38.561
-39.0296
-39.4982
-39.9666
-40.435
-40.9033
-41.3714
-41.8395
-42.3075
-42.7755
-43.2433
-43.711
-44.1787
-44.6463
-45.1138
-45.5812
-46.0485
-46.5157
-46.9828
-47.4499
-47.9168
-48.3837
-48.8505
-49.3172
-49.7838
-50.2504
-50.7168
-51.1832
-51.6494
-52.1156
-52.5817
-53.0477
-53.5136
-53.9794
-54.4452
-54.9108
-55.3764
-55.8419
-56.3073
-56.7726
-57.2378
-57.7029
-58.168
-58.633
-59.0978
-59.5626
-60.0273
-60.4919
-60.9564
-61.4209
-61.8852
-62.3495
-62.8137
-63.2778
-63.7418
-64.2057
-64.6695
-65.1332
-65.5969
-66.0604
-66.5239
-66.9873
-67.4506
-67.9138
-68.377
-68.84
-69.303
-69.7658
-70.2286
-70.6913
-71.1539
-71.6164
-72.0789
-72.5412
-73.0035
-73.4656
-73.9277
-74.3897
-74.8516
-75.3134
-75.7752
-76.2368
-76.6984
-77.1599
-77.6212
-78.0825
-78.5438
-79.0049
-79.4659
-79.9269
-80.3877
-80.8485
-81.3092
-81.7698
-82.2303
-82.6907
-83.1511
-83.6113
-84.0715
-84.5316
-84.9916
-85.4515
-85.9113
-86.371
-86.8307
-87.2902
-87.7497
-88.2091
-88.6684
-89.1276
-89.5867
-90.0457
-90.5047
-90.9635
-91.4223
-91.881
-92.3396
-92.7981
-93.2565
-93.7149
-94.1731
-94.6313
-95.0893
-95.5473
-96.0052
-96.463
-96.9208
-97.3784
-97.836
-98.2934
-98.7508
-99.2081
-99.6653
-100.122
-100.579
-101.036
-101.493
-101.95
-102.407
-102.863
-103.32
-103.776
-104.233
-104.689
-105.145
-105.601
-106.057
-106.513
-106.969
-107.424
-107.88
-108.336
-108.791
-109.246
-109.702
-110.157
-110.612
-111.067
-111.522
-111.977
-112.432
-112.886
-113.341
-113.795
-114.25
-114.704
-115.158
-115.612
-116.067
-116.521
-116.974
-117.428
-117.882
-118.336
-118.789
-119.243
-119.696
-120.149
-120.602
-121.055
-121.509
-121.961
-122.414
-122.867
-123.32
-123.772
-124.225
-124.677
-125.13
-125.582
-126.034
-126.486
-126.938
-127.39
-127.842
-128.293
-128.745
-129.196
-129.648
-130.099
-130.551
-131.002
-131.453
-131.904
-132.355
-132.806
-133.256
-133.707
-134.158
-134.608
-135.059
-135.509
-135.959
-136.409
-136.859
-137.309
-137.759
-138.209
-138.659
-139.108
-139.558
-140.007
-140.457
-140.906
-141.355
-141.804
-142.253
-142.702
-143.151
-143.6
-144.048
-144.497
-144.945
-145.394
-145.842
-146.29
-146.738
-147.186
-147.634
-148.082
-148.53
-148.978
-149.425
-149.873
-150.32
-150.768
-151.215
-151.662
-152.109
-152.556
-153.003
-153.45
-153.897
-154.343
-154.79
-155.236
-155.683
-156.129
-156.575
-157.021
-157.468
-157.913
-158.359
-158.805
-159.251
-159.696
-160.142
-160.587
-161.033
-161.478
-161.923
-162.368
-162.813
-163.258
-163.703
-164.148
-164.592
-165.037
-165.481
-165.926
-166.37
-166.814
-167.258
-167.702
-168.146
-168.59
-169.034
-169.478
-169.921
-170.365
-170.808
-171.252
-171.695
-172.138
-172.581
-173.024
-173.467
-173.91
-174.353
-174.795
-175.238
-175.68
-176.123
-176.565
-177.007
-177.449
-177.891
-178.333
-178.775
-179.217
-179.659
-180.1
-180.542
-180.983
-181.424
-181.866
-182.307
-182.748
-183.189
-183.63
-184.071
-184.511
-184.952
-185.393
-185.833
-186.273
-186.714
-187.154
-187.594
-188.034
-188.474
-188.914
-189.354
-189.793
-190.233
-190.672
-191.112
-191.551
-191.99
-192.429
-192.869
-193.307
-193.746
-194.185
-194.624
-195.063
-195.501
-195.94
-196.378
-196.816
-197.254
-197.693
-198.131
-198.568
-199.006
-199.444
-199.882
-200.319
-200.757
-201.194
-201.632
-202.069
-202.506
-202.943
-203.38
-203.817
-204.254
-204.69
-205.127
-205.564
-206
-206.436
-206.873
-207.309
-207.745
-208.181
-208.617
-209.053
-209.488
-209.924
-210.36
-210.795
-211.231
-211.666
-212.101
-212.536
-212.971
-213.406
-213.841
-214.276
-214.711
-215.145
-215.58
-216.014
-216.449
-216.883
-217.317
-217.751
-218.185
-218.619
-219.053
-219.487
-219.92
-220.354
-220.787
-221.221
-221.654
-222.087
-222.521
-222.954
-223.387
-223.819
-224.252
-224.685
-225.118
-225.55
-225.982
-226.415
-226.847
-227.279
-227.711
-228.143
-228.575
-229.007
-229.439
-229.871
-230.302
-230.734
-231.165
-231.596
-232.027
-232.459
-232.89
-233.321
-233.751
-234.182
-234.613
-235.044
-235.474
-235.905
-236.335
-236.765
-237.195
-237.625
-238.055
-238.485
-238.915
-239.345
-239.774
-240.204
-240.634
-241.063
-241.492
-241.921
-242.351
-242.78
-243.209
-243.637
-244.066
-244.495
-244.923
-245.352
-245.78
-246.209
-246.637
-247.065
-247.493
-247.921
-248.349
-248.777
-249.205
-249.632
-250.06
-250.487
-250.915
-251.342
-251.769
-252.196
-252.623
-253.05
-253.477
-253.904
-254.331
-254.757
-255.184
-255.61
-256.036
-256.463
-256.889
-257.315
-257.741
-258.167
-258.593
-259.018
-259.444
-259.87
-260.295
-260.72
-261.146
-261.571
-261.996
-262.421
-262.846
-263.271
-263.696
-264.12
-264.545
-264.969
-265.394
-265.818
-266.242
-266.666
-267.09
-267.514
-267.938
-268.362
-268.786
-269.209
-269.633
-270.056
-270.48
-270.903
-271.326
-271.749
-272.172
-272.595
-273.018
-273.441
-273.864
-274.286
-274.709
-275.131
-275.553
-275.976
-276.398
-276.82
-277.242
-277.664
-278.086
-278.507
-278.929
-279.35
-279.772
-280.193
-280.614
-281.036
-281.457
-281.878
-282.299
-282.72
-283.14
-283.561
-283.981
-284.402
-284.822
-285.243
-285.663
-286.083
-286.503
-286.923
-287.343
-287.763
-288.182
-288.602
-289.022
-289.441
-289.86
-290.28
-290.699
-291.118
-291.537
-291.956
-292.375
-292.793
-293.212
-293.631
-294.049
-294.467
-294.886
-295.304
-295.722
-296.14
-296.558
-296.976
-297.394
-297.811
-298.229
-298.647
-299.064
-299.481
-299.899
-300.316
-300.733
-301.15
-301.567
-301.984
-302.4
-302.817
-303.234
-303.65
-304.066
-304.483
-304.899
-305.315
-305.731
-306.147
-306.563
-306.979
-307.394
-307.81
-308.225
-308.641
-309.056
-309.471
-309.887
-310.302
-310.717
-311.132
-311.546
-311.961
-312.376
-312.79
-313.205
-313.619
-314.033
-314.448
-314.862
-315.276
-315.69
-316.104
-316.517
-316.931
-317.345
-317.758
-318.172
-318.585
-318.998
-319.411
-319.824
-320.237
-320.65
-321.063
-321.476
-321.888
-322.301
-322.713
-323.126
-323.538
-323.95
-324.362
-324.774
-325.186
-325.598
-326.01
-326.422
-326.833
-327.245
-327.656
-328.067
-328.479
-328.89
-329.301
-329.712
-330.123
-330.534
-330.944
-331.355
-331.765
-332.176
-332.586
-332.996
-333.407
-333.817
-334.227
-334.637
-335.047
-335.456
-335.866
-336.276
-336.685
-337.094
-337.504
-337.913
-338.322
-338.731
-339.14
-339.549
-339.958
-340.367
-340.775
-341.184
-341.592
-342
-342.409
-342.817
-343.225
-343.633
-344.041
-344.449
-344.857
-345.264
-345.672
-346.079
-346.487
-346.894
-347.301
-347.708
-348.115
-348.522
-348.929
-349.336
-349.743
-350.149
-350.556
-350.962
-351.369
-351.775
-352.181
-352.587
-352.993
-353.399
-353.805
-354.211
-354.616
-355.022
-355.427
-355.833
-356.238
-356.643
-357.048
-357.453
-357.858
-358.263
-358.668
-359.073
-359.477
-359.882
-360.286
-360.69
-361.095
-361.499
-361.903
-362.307
-362.711
-363.115
-363.518
-363.922
-364.326
-364.729
-365.132
-365.536
-365.939
-366.342
-366.745
-367.148
-367.551
-367.954
-368.356
-368.759
-369.161
-369.564
-369.966
-370.368
-370.771
-371.173
-371.575
-371.976
-372.378
-372.78
-373.182
-373.583
-373.985
-374.386
-374.787
-375.188
-375.59
-375.991
-376.392
-376.792
-377.193
-377.594
-377.994
-378.395
-378.795
-379.196
-379.596
-379.996
-380.396
-380.796
-381.196
-381.596
-381.995
-382.395
-382.795
-383.194
-383.593
-383.993
-384.392
-384.791
-385.19
-385.589
-385.988
-386.387
-386.785
-387.184
-387.582
-387.981
-388.379
-388.777
-389.175
-389.573
-389.971
-390.369
-390.767
-391.165
-391.562
-391.96
-392.357
-392.755
-393.152
-393.549
-393.946
-394.343
-394.74
-395.137
-395.534
-395.93
-396.327
-396.723
-397.12
-397.516
-397.912
-398.308
-398.704
-399.1
-399.496
-399.892
-400.288
-400.683
-401.079
-401.474
-401.87
-402.265
-402.66
-403.055
-403.45
-403.845
-404.24
-404.635
-405.029
-405.424
-405.818
-406.213
-406.607
-407.001
-407.395
-407.789
-408.183
-408.577
-408.971
-409.365
-409.758
-410.152
-410.545
-410.939
-411.332
-411.725
-412.118
-412.511
-412.904
-413.297
-413.689
-414.082
-414.475
-414.867
-415.259
-415.652
-416.044
-416.436
-416.828
-417.22
-417.612
-418.004
-418.395
-418.787
-419.178
-419.57
-419.961
-420.352
-420.744
-421.135
-421.526
-421.916
-422.307
-422.698
-423.089
-423.479
-423.87
-424.26
-424.65
-425.04
-425.431
-425.821
-426.211
-426.6
-426.99
-427.38
-427.769
-428.159
-428.548
-428.938
-429.327
-429.716
-430.105
-430.494
-430.883
-431.272
-431.66
-432.049
-432.438
-432.826
-433.214
-433.603
-433.991
-434.379
-434.767
-435.155
-435.543
-435.93
-436.318
-436.706
-437.093
-437.481
-437.868
-438.255
-438.642
-439.029
-439.416
-439.803
-440.19
-440.577
-440.963
-441.35
-441.736
-442.122
-442.509
-442.895
-443.281
-443.667
-444.053
-444.439
-444.824
-445.21
-445.596
-445.981
-446.367
-446.752
-447.137
-447.522
-447.907
-448.292
-448.677
-449.062
-449.446
-449.831
-450.216
-450.6
-450.984
-451.369
-451.753
-452.137
-452.521
-452.905
-453.289
-453.672
-454.056
-454.439
-454.823
-455.206
-455.59
-455.973
-456.356
-456.739
-457.122
-457.505
-457.888
-458.27
-458.653
-459.035
-459.418
-459.8
-460.182
-460.564
-460.947
-461.328
-461.71
-462.092
-462.474
-462.856
-463.237
-463.619
-464
-464.381
-464.762
-465.143
-465.524
-465.905
-466.286
-466.667
-467.048
-467.428
-467.809
-468.189
-468.57
-468.95
-469.33
-469.71
-470.09
-470.47
-470.85
-471.229
-471.609
-471.988
-472.368
-472.747
-473.127
-473.506
-473.885
-474.264
-474.643
-475.022
-475.4
-475.779
-476.158
-476.536
-476.914
-477.293
-477.671
-478.049
-478.427
-478.805
-479.183
-479.561
-479.938
-480.316
-480.694
-481.071
-481.448
-481.826
-482.203
-482.58
-482.957
-483.334
-483.711
-484.087
-484.464
-484.841
-485.217
-485.593
-485.97
-486.346
-486.722
-487.098
-487.474
-487.85
-488.226
-488.601
-488.977
-489.353
-489.728
-490.103
-490.479
-490.854
-491.229
-491.604
-491.979
-492.354
-492.728
-493.103
-493.477
-493.852
-494.226
-494.601
-494.975
-495.349
-495.723
-496.097
-496.471
-496.844
-497.218
-497.592
-497.965
-498.339
-498.712
-499.085
-499.458
-499.831
-500.204
-500.577
-500.95
-501.323
-501.695
-502.068
-502.44
-502.813
-503.185
-503.557
-503.929
-504.301
-504.673
-505.045
-505.417
-505.789
-506.16
-506.532
-506.903
-507.274
-507.646
-508.017
-508.388
-508.759
-509.13
-509.501
-509.871
-510.242
-510.612
-510.983
-511.353
-511.723
-512.094
-512.464
-512.834
-513.204
-513.573
-513.943
-514.313
-514.682
-515.052
-515.421
-515.791
-516.16
-516.529
-516.898
-517.267
-517.636
-518.005
-518.373
-518.742
-519.11
-519.479
-519.847
-520.216
-520.584
-520.952
-521.32
-521.688
-522.055
-522.423
-522.791
-523.158
-523.526
-523.893
-524.261
-524.628
-524.995
-525.362
-525.729
-526.096
-526.463
-526.829
-527.196
-527.562
-527.929
-528.295
-528.661
-529.028
-529.394
-529.76
-530.125
-530.491
-530.857
-531.223
-531.588
-531.954
-532.319
-532.684
-533.05
-533.415
-533.78
-534.145
-534.509
-534.874
-535.239
-535.603
-535.968
-536.332
-536.697
-537.061
-537.425
-537.789
-538.153
-538.517
-538.881
-539.245
-539.608
-539.972
-540.335
-540.699
-541.062
-541.425
-541.788
-542.151
-542.514
-542.877
-543.24
-543.602
-543.965
-544.327
-544.69
-545.052
-545.414
-545.776
-546.138
-546.5
-546.862
-547.224
-547.586
-547.947
-548.309
-548.67
-549.032
-549.393
-549.754
-550.115
-550.476
-550.837
-551.198
-551.559
-551.919
-552.28
-552.64
-553.001
-553.361
-553.721
-554.081
-554.442
-554.801
-555.161
-555.521
-555.881
-556.24
-556.6
-556.959
-557.319
-557.678
-558.037
-558.396
-558.755
-559.114
-559.473
-559.832
-560.19
-560.549
-560.907
-561.266
-561.624
-561.982
-562.34
-562.698
-563.056
-563.414
-563.772
-564.13
-564.487
-564.845
-565.202
-565.559
-565.917
-566.274
-566.631
-566.988
-567.345
-567.702
-568.058
-568.415
-568.771
-569.128
-569.484
-569.841
-570.197
-570.553
-570.909
-571.265
-571.621
-571.976
-572.332
-572.688
-573.043
-573.399
-573.754
-574.109
-574.464
-574.819
-575.174
-575.529
-575.884
-576.239
-576.593
-576.948
-577.302
-577.657
-578.011
-578.365
-578.719
-579.073
-579.427
-579.781
-580.135
-580.488
-580.842
-581.195
-581.549
-581.902
-582.255
-582.608
-582.961
-583.314
-583.667
-584.02
-584.373
-584.725
-585.078
-585.43
-585.783
-586.135
-586.487
-586.839
-587.191
-587.543
-587.895
-588.247
-588.598
-588.95
-589.301
-589.653
-590.004
-590.355
-590.706
-591.057
-591.408
-591.759
-592.11
-592.461
-592.811
-593.162
-593.512
-593.862
-594.213
-594.563
-594.913
-595.263
-595.613
-595.963
-596.312
-596.662
-597.012
-597.361
-597.71
-598.06
-598.409
-598.758
-599.107
-599.456
-599.805
-600.154
-600.502
-600.851
-601.199
-601.548
-601.896
-602.244
-602.592
-602.94
-603.288
-603.636
-603.984
-604.332
-604.679
-605.027
-605.374
-605.722
-606.069
-606.416
-606.763
-607.11
-607.457
-607.804
-608.151
-608.498
-608.844
-609.191
-609.537
-609.883
-610.229
-610.576
-610.922
-611.268
-611.614
-611.959
-612.305
-612.651
-612.996
-613.342
-613.687
-614.032
-614.377
-614.722
-615.067
-615.412
-615.757
-616.102
-616.447
-616.791
-617.136
-617.48
-617.824
-618.168
-618.513
-618.857
-619.201
-619.544
-619.888
-620.232
-620.575
-620.919
-621.262
-621.606
-621.949
-622.292
-622.635
-622.978
-623.321
-623.664
-624.007
-624.349
-624.692
-625.034
-625.377
-625.719
-626.061
-626.403
-626.745
-627.087
-627.429
-627.771
-628.112
-628.454
-628.796
-629.137
-629.478
-629.82
-630.161
-630.502
-630.843
-631.184
-631.524
-631.865
-632.206
-632.546
-632.887
-633.227
-633.567
-633.908
-634.248
-634.588
-634.928
-635.267
-635.607
-635.947
-636.286
-636.626
-636.965
-637.305
-637.644
-637.983
-638.322
-638.661
-639
-639.339
-639.677
-640.016
-640.354
-640.693
-641.031
-641.369
-641.708
-642.046
-642.384
-642.722
-643.059
-643.397
-643.735
-644.072
-644.41
-644.747
-645.084
-645.422
-645.759
-646.096
-646.433
-646.77
-647.106
-647.443
-647.78
-648.116
-648.453
-648.789
-649.125
-649.461
-649.797
-650.133
-650.469
-650.805
-651.141
-651.477
-651.812
-652.148
-652.483
-652.818
-653.153
-653.488
-653.823
-654.158
-654.493
-654.828
-655.163
-655.497
-655.832
-656.166
-656.501
-656.835
-657.169
-657.503
-657.837
-658.171
-658.505
-658.838
-659.172
-659.505
-659.839
-660.172
-660.506
-660.839
-661.172
-661.505
-661.838
-662.171
-662.503
-662.836
-663.169
-663.501
-663.833
-664.166
-664.498
-664.83
-665.162
-665.494
-665.826
-666.158
-666.489
-666.821
-667.153
-667.484
-667.815
-668.147
-668.478
-668.809
-669.14
-669.471
-669.802
-670.132
-670.463
-670.794
-671.124
-671.454
-671.785
-672.115
-672.445
-672.775
-673.105
-673.435
-673.765
-674.094
-674.424
-674.753
-675.083
-675.412
-675.741
-676.071
-676.4
-676.729
-677.057
-677.386
-677.715
-678.044
-678.372
-678.701
-679.029
-679.357
-679.685
-680.014
-680.342
-680.67
-680.997
-681.325
-681.653
-681.98
-682.308
-682.635
-682.963
-683.29
-683.617
-683.944
-684.271
-684.598
-684.925
-685.251
-685.578
-685.905
-686.231
-686.557
-686.884
-687.21
-687.536
-687.862
-688.188
-688.514
-688.839
-689.165
-689.491
-689.816
-690.141
-690.467
-690.792
-691.117
-691.442
-691.767
-692.092
-692.417
-692.741
-693.066
-693.391
-693.715
-694.039
-694.364
-694.688
-695.012
-695.336
-695.66
-695.984
-696.307
-696.631
-696.954
-697.278
-697.601
-697.925
-698.248
-698.571
-698.894
-699.217
-699.54
-699.862
-700.185
-700.508
-700.83
-701.153
-701.475
-701.797
-702.119
-702.441
-702.763
-703.085
-703.407
-703.729
-704.05
-704.372
-704.693
-705.015
-705.336
-705.657
-705.978
-706.299
-706.62
-706.941
-707.262
-707.583
-707.903
-708.224
-708.544
-708.864
-709.185
-709.505
-709.825
-710.145
-710.465
-710.784
-711.104
-711.424
-711.743
-712.063
-712.382
-712.701
-713.02
-713.34
-713.659
-713.977
-714.296
-714.615
-714.934
-715.252
-715.571
-715.889
-716.207
-716.526
-716.844
-717.162
-717.48
-717.798
-718.115
-718.433
-718.751
-719.068
-719.386
-719.703
-720.02
-720.337
-720.654
-720.971
-721.288
-721.605
-721.922
-722.238
-722.555
-722.871
-723.188
-723.504
-723.82
-724.136
-724.452
-724.768
-725.084
-725.4
-725.716
-726.031
-726.347
-726.662
-726.977
-727.293
-727.608
-727.923
-728.238
-728.553
-728.867
-729.182
-729.497
-729.811
-730.126
-730.44
-730.754
-731.069
-731.383
-731.697
-732.011
-732.324
-732.638
-732.952
-733.265
-733.579
-733.892
-734.206
-734.519
-734.832
-735.145
-735.458
-735.771
-736.084
-736.396
-736.709
-737.021
-737.334
-737.646
-737.958
-738.271
-738.583
-738.895
-739.207
-739.518
-739.83
-740.142
-740.453
-740.765
-741.076
-741.387
-741.699
-742.01
-742.321
-742.632
-742.943
-743.253
-743.564
-743.875
-744.185
-744.496
-744.806
-745.116
-745.426
-745.736
-746.046
-746.356
-746.666
-746.976
-747.285
-747.595
-747.904
-748.214
-748.523
-748.832
-749.141
-749.45
-749.759
-750.068
-750.377
-750.685
-750.994
-751.303
-751.611
-751.919
-752.227
-752.536
-752.844
-753.152
-753.459
-753.767
-754.075
-754.383
-754.69
-754.998
-755.305
-755.612
-755.919
-756.226
-756.533
-756.84
-757.147
-757.454
-757.761
-758.067
-758.374
-758.68
-758.986
-759.292
-759.599
-759.905
-760.211
-760.516
-760.822
-761.128
-761.433
-761.739
-762.044
-762.35
-762.655
-762.96
-763.265
-763.57
-763.875
-764.18
-764.485
-764.789
-765.094
-765.398
-765.703
-766.007
-766.311
-766.615
-766.919
-767.223
-767.527
-767.831
-768.134
-768.438
-768.741
-769.045
-769.348
-769.651
-769.955
-770.258
-770.561
-770.863
-771.166
-771.469
-771.772
-772.074
-772.377
-772.679
-772.981
-773.283
-773.585
-773.887
-774.189
-774.491
-774.793
-775.095
-775.396
-775.698
-775.999
-776.3
-776.601
-776.903
-777.204
-777.505
-777.805
-778.106
-778.407
-778.708
-779.008
-779.308
-779.609
-779.909
-780.209
-780.509
-780.809
-781.109
-781.409
-781.709
-782.008
-782.308
-782.607
-782.907
-783.206
-783.505
-783.804
-784.103
-784.402
-784.701
-785
-785.299
-785.597
-785.896
-786.194
-786.492
-786.791
-787.089
-787.387
-787.685
-787.983
-788.28
-788.578
-788.876
-789.173
-789.471
-789.768
-790.065
-790.363
-790.66
-790.957
-791.254
-791.55
-791.847
-792.144
-792.44
-792.737
-793.033
-793.33
-793.626
-793.922
-794.218
-794.514
-794.81
-795.106
-795.401
-795.697
-795.992
-796.288
-796.583
-796.878
-797.174
-797.469
-797.764
-798.059
-798.353
-798.648
-798.943
-799.237
-799.532
-799.826
-800.12
-800.415
-800.709
-801.003
-801.297
-801.591
-801.884
-802.178
-802.472
-802.765
-803.058
-803.352
-803.645
-803.938
-804.231
-804.524
-804.817
-805.11
-805.403
-805.695
-805.988
-806.28
-806.573
-806.865
-807.157
-807.449
-807.741
-808.033
-808.325
-808.617
-808.908
-809.2
-809.491
-809.783
-810.074
-810.365
-810.656
-810.947
-811.238
-811.529
-811.82
-812.111
-812.401
-812.692
-812.982
-813.273
-813.563
-813.853
-814.143
-814.433
-814.723
-815.013
-815.303
-815.592
-815.882
-816.171
-816.461
-816.75
-817.039
-817.328
-817.617
-817.906
-818.195
-818.484
-818.773
-819.061
-819.35
-819.638
-819.926
-820.215
-820.503
-820.791
-821.079
-821.367
-821.654
-821.942
-822.23
-822.517
-822.805
-823.092
-823.379
-823.667
-823.954
-824.241
-824.528
-824.815
-825.101
-825.388
-825.674
-825.961
-826.247
-826.534
-826.82
-827.106
-827.392
-827.678
-827.964
-828.25
-828.535
-828.821
-829.107
-829.392
-829.677
-829.963
-830.248
-830.533
-830.818
-831.103
-831.388
-831.672
-831.957
-832.241
-832.526
-832.81
-833.095
-833.379
-833.663
-833.947
-834.231
-834.515
-834.798
-835.082
-835.366
-835.649
-835.933
-836.216
-836.499
-836.782
-837.065
-837.348
-837.631
-837.914
-838.197
-838.479
-838.762
-839.044
-839.327
-839.609
-839.891
-840.173
-840.455
-840.737
-841.019
-841.301
-841.583
-841.864
-842.146
-842.427
-842.708
-842.99
-843.271
-843.552
-843.833
-844.114
-844.394
-844.675
-844.956
-845.236
-845.517
-845.797
-846.077
-846.357
-846.637
-846.917
-847.197
-847.477
-847.757
-848.037
-848.316
-848.596
-848.875
-849.154
-849.433
-849.713
-849.992
-850.271
-850.549
-850.828
-851.107
-851.385
-851.664
-851.942
-852.221
-852.499
-852.777
-853.055
-853.333
-853.611
-853.889
-854.166
-854.444
-854.722
-854.999
-855.276
-855.554
-855.831
-856.108
-856.385
-856.662
-856.939
-857.216
-857.492
-857.769
-858.045
-858.322
-858.598
-858.874
-859.15
-859.426
-859.702
-859.978
-860.254
-860.53
-860.805
-861.081
-861.356
-861.632
-861.907
-862.182
-862.457
-862.732
-863.007
-863.282
-863.557
-863.831
-864.106
-864.38
-864.655
-864.929
-865.203
-865.477
-865.751
-866.025
-866.299
-866.573
-866.846
-867.12
-867.394
-867.667
-867.94
-868.214
-868.487
-868.76
-869.033
-869.306
-869.578
-869.851
-870.124
-870.396
-870.669
-870.941
-871.213
-871.486
-871.758
-872.03
-872.302
-872.573
-872.845
-873.117
-873.388
-873.66
-873.931
-874.203
-874.474
-874.745
-875.016
-875.287
-875.558
-875.829
-876.099
-876.37
-876.64
-876.911
-877.181
-877.451
-877.722
-877.992
-878.262
-878.532
-878.801
-879.071
-879.341
-879.61
-879.88
-880.149
-880.418
-880.688
-880.957
-881.226
-881.495
-881.763
-882.032
-882.301
-882.57
-882.838
-883.106
-883.375
-883.643
-883.911
-884.179
-884.447
-884.715
-884.983
-885.251
-885.518
-885.786
-886.053
-886.321
-886.588
-886.855
-887.122
-887.389
-887.656
-887.923
-888.19
-888.456
-888.723
-888.989
-889.256
-889.522
-889.788
-890.054
-890.32
-890.586
-890.852
-891.118
-891.384
-891.649
-891.915
-892.18
-892.445
-892.711
-892.976
-893.241
-893.506
-893.771
-894.036
-894.3
-894.565
-894.83
-895.094
-895.358
-895.623
-895.887
-896.151
-896.415
-896.679
-896.943
-897.207
-897.47
-897.734
-897.997
-898.261
-898.524
-898.787
-899.05
-899.313
-899.576
-899.839
-900.102
-900.365
-900.627
-900.89
-901.152
-901.415
-901.677
-901.939
-902.201
-902.463
-902.725
-902.987
-903.249
-903.51
-903.772
-904.033
-904.295
-904.556
-904.817
-905.078
-905.34
-905.6
-905.861
-906.122
-906.383
-906.643
-906.904
-907.164
-907.425
-907.685
-907.945
-908.205
-908.465
-908.725
-908.985
-909.245
-909.504
-909.764
-910.023
-910.283
-910.542
-910.801
-911.06
-911.319
-911.578
-911.837
-912.096
-912.354
-912.613
-912.871
-913.13
-913.388
-913.646
-913.904
-914.162
-914.42
-914.678
-914.936
-915.194
-915.451
-915.709
-915.966
-916.224
-916.481
-916.738
-916.995
-917.252
-917.509
-917.766
-918.023
-918.279
-918.536
-918.792
-919.049
-919.305
-919.561
-919.817
-920.073
-920.329
-920.585
-920.841
-921.097
-921.352
-921.608
-921.863
-922.118
-922.374
-922.629
-922.884
-923.139
-923.394
-923.649
-923.903
-924.158
-924.412
-924.667
-924.921
-925.176
-925.43
-925.684
-925.938
-926.192
-926.446
-926.699
-926.953
-927.207
-927.46
-927.713
-927.967
-928.22
-928.473
-928.726
-928.979
-929.232
-929.485
-929.737
-929.99
-930.243
-930.495
-930.747
-931
-931.252
-931.504
-931.756
-932.008
-932.26
-932.511
-932.763
-933.014
-933.266
-933.517
-933.769
-934.02
-934.271
-934.522
-934.773
-935.024
-935.274
-935.525
-935.776
-936.026
-936.277
-936.527
-936.777
-937.027
-937.277
-937.527
-937.777
-938.027
-938.277
-938.526
-938.776
-939.025
-939.275
-939.524
-939.773
-940.022
-940.271
-940.52
-940.769
-941.018
-941.266
-941.515
-941.763
-942.012
-942.26
-942.508
-942.756
-943.004
-943.252
-943.5
-943.748
-943.996
-944.243
-944.491
-944.738
-944.986
-945.233
-945.48
-945.727
-945.974
-946.221
-946.468
-946.714
-946.961
-947.208
-947.454
-947.7
-947.947
-948.193
-948.439
-948.685
-948.931
-949.177
-949.423
-949.668
-949.914
-950.159
-950.405
-950.65
-950.895
-951.14
-951.385
-951.63
-951.875
-952.12
-952.365
-952.609
-952.854
-953.098
-953.343
-953.587
-953.831
-954.075
-954.319
-954.563
-954.807
-955.051
-955.294
-955.538
-955.781
-956.025
-956.268
-956.511
-956.754
-956.997
-957.24
-957.483
-957.726
-957.968
-958.211
-958.454
-958.696
-958.938
-959.181
-959.423
-959.665
-959.907
-960.149
-960.39
-960.632
-960.874
-961.115
-961.357
-961.598
-961.839
-962.081
-962.322
-962.563
-962.804
-963.044
-963.285
-963.526
-963.766
-964.007
-964.247
-964.487
-964.728
-964.968
-965.208
-965.448
-965.688
-965.927
-966.167
-966.407
-966.646
-966.886
-967.125
-967.364
-967.603
-967.842
-968.081
-968.32
-968.559
-968.798
-969.037
-969.275
-969.514
-969.752
-969.99
-970.228
-970.466
-970.704
-970.942
-971.18
-971.418
-971.656
-971.893
-972.131
-972.368
-972.605
-972.843
-973.08
-973.317
-973.554
-973.791
-974.027
-974.264
-974.501
-974.737
-974.974
-975.21
-975.446
-975.683
-975.919
-976.155
-976.391
-976.626
-976.862
-977.098
-977.333
-977.569
-977.804
-978.039
-978.275
-978.51
-978.745
-978.98
-979.215
-979.449
-979.684
-979.919
-980.153
-980.387
-980.622
-980.856
-981.09
-981.324
-981.558
-981.792
-982.026
-982.26
-982.493
-982.727
-982.96
-983.194
-983.427
-983.66
-983.893
-984.126
-984.359
-984.592
-984.825
-985.057
-985.29
-985.522
-985.755
-985.987
-986.219
-986.451
-986.683
-986.915
-987.147
-987.379
-987.611
-987.842
-988.074
-988.305
-988.536
-988.768
-988.999
-989.23
-989.461
-989.692
-989.923
-990.153
-990.384
-990.615
-990.845
-991.075
-991.306
-991.536
-991.766
-991.996
-992.226
-992.456
-992.685
-992.915
-993.145
-993.374
-993.604
-993.833
-994.062
-994.291
-994.52
-994.749
-994.978
-995.207
-995.436
-995.664
-995.893
-996.121
-996.35
-996.578
-996.806
-997.034
-997.262
-997.49
-997.718
-997.945
-998.173
-998.401
-998.628
-998.855
-999.083
-999.31
-999.537
-999.764
-999.991
-1000.22
-1000.44
-1000.67
-1000.9
-1001.12
-1001.35
-1001.58
-1001.8
-1002.03
-1002.26
-1002.48
-1002.71
-1002.93
-1003.16
-1003.38
-1003.61
-1003.84
-1004.06
-1004.29
-1004.51
-1004.74
-1004.96
-1005.19
-1005.41
-1005.64
-1005.86
-1006.09
-1006.31
-1006.53
-1006.76
-1006.98
-1007.21
-1007.43
-1007.65
-1007.88
-1008.1
-1008.33
-1008.55
-1008.77
-1009
-1009.22
-1009.44
-1009.67
-1009.89
-1010.11
-1010.33
-1010.56
-1010.78
-1011
-1011.23
-1011.45
-1011.67
-1011.89
-1012.11
-1012.34
-1012.56
-1012.78
-1013
-1013.22
-1013.45
-1013.67
-1013.89
-1014.11
-1014.33
-1014.55
-1014.77
-1015
-1015.22
-1015.44
-1015.66
-1015.88
-1016.1
-1016.32
-1016.54
-1016.76
-1016.98
-1017.2
-1017.42
-1017.64
-1017.86
-1018.08
-1018.3
-1018.52
-1018.74
-1018.96
-1019.18
-1019.4
-1019.62
-1019.84
-1020.05
-1020.27
-1020.49
-1020.71
-1020.93
-1021.15
-1021.37
-1021.59
-1021.8
-1022.02
-1022.24
-1022.46
-1022.68
-1022.89
-1023.11
-1023.33
-1023.55
-1023.76
-1023.98
-1024.2
-1024.42
-1024.63
-1024.85
-1025.07
-1025.28
-1025.5
-1025.72
-1025.94
-1026.15
-1026.37
-1026.58
-1026.8
-1027.02
-1027.23
-1027.45
-1027.67
-1027.88
-1028.1
-1028.31
-1028.53
-1028.74
-1028.96
-1029.17
-1029.39
-1029.6
-1029.82
-1030.03
-1030.25
-1030.46
-1030.68
-1030.89
-1031.11
-1031.32
-1031.54
-1031.75
-1031.97
-1032.18
-1032.39
-1032.61
-1032.82
-1033.03
-1033.25
-1033.46
-1033.68
-1033.89
-1034.1
-1034.32
-1034.53
-1034.74
-1034.95
-1035.17
-1035.38
-1035.59
-1035.81
-1036.02
-1036.23
-1036.44
-1036.65
-1036.87
-1037.08
-1037.29
-1037.5
-1037.71
-1037.93
-1038.14
-1038.35
-1038.56
-1038.77
-1038.98
-1039.19
-1039.41
-1039.62
-1039.83
-1040.04
-1040.25
-1040.46
-1040.67
-1040.88
-1041.09
-1041.3
-1041.51
-1041.72
-1041.93
-1042.14
-1042.35
-1042.56
-1042.77
-1042.98
-1043.19
-1043.4
-1043.61
-1043.82
-1044.03
-1044.24
-1044.45
-1044.65
-1044.86
-1045.07
-1045.28
-1045.49
-1045.7
-1045.91
-1046.11
-1046.32
-1046.53
-1046.74
-1046.95
-1047.15
-1047.36
-1047.57
-1047.78
-1047.99
-1048.19
-1048.4
-1048.61
-1048.81
-1049.02
-1049.23
-1049.44
-1049.64
-1049.85
-1050.06
-1050.26
-1050.47
-1050.67
-1050.88
-1051.09
-1051.29
-1051.5
-1051.7
-1051.91
-1052.12
-1052.32
-1052.53
-1052.73
-1052.94
-1053.14
-1053.35
-1053.55
-1053.76
-1053.96
-1054.17
-1054.37
-1054.58
-1054.78
-1054.99
-1055.19
-1055.4
-1055.6
-1055.8
-1056.01
-1056.21
-1056.42
-1056.62
-1056.82
-1057.03
-1057.23
-1057.43
-1057.64
-1057.84
-1058.04
-1058.25
-1058.45
-1058.65
-1058.86
-1059.06
-1059.26
-1059.46
-1059.67
-1059.87
-1060.07
-1060.27
-1060.48
-1060.68
-1060.88
-1061.08
-1061.28
-1061.48
-1061.69
-1061.89
-1062.09
-1062.29
-1062.49
-1062.69
-1062.89
-1063.09
-1063.3
-1063.5
-1063.7
-1063.9
-1064.1
-1064.3
-1064.5
-1064.7
-1064.9
-1065.1
-1065.3
-1065.5
-1065.7
-1065.9
-1066.1
-1066.3
-1066.5
-1066.7
-1066.9
-1067.1
-1067.29
-1067.49
-1067.69
-1067.89
-1068.09
-1068.29
-1068.49
-1068.69
-1068.88
-1069.08
-1069.28
-1069.48
-1069.68
-1069.87
-1070.07
-1070.27
-1070.47
-1070.67
-1070.86
-1071.06
-1071.26
-1071.46
-1071.65
-1071.85
-1072.05
-1072.24
-1072.44
-1072.64
-1072.83
-1073.03
-1073.23
-1073.42
-1073.62
-1073.82
-1074.01
-1074.21
-1074.4
-1074.6
-1074.8
-1074.99
-1075.19
-1075.38
-1075.58
-1075.77
-1075.97
-1076.16
-1076.36
-1076.55
-1076.75
-1076.94
-1077.14
-1077.33
-1077.53
-1077.72
-1077.92
-1078.11
-1078.3
-1078.5
-1078.69
-1078.89
-1079.08
-1079.27
-1079.47
-1079.66
-1079.85
-1080.05
-1080.24
-1080.43
-1080.63
-1080.82
-1081.01
-1081.21
-1081.4
-1081.59
-1081.78
-1081.98
-1082.17
-1082.36
-1082.55
-1082.75
-1082.94
-1083.13
-1083.32
-1083.51
-1083.71
-1083.9
-1084.09
-1084.28
-1084.47
-1084.66
-1084.85
-1085.04
-1085.24
-1085.43
-1085.62
-1085.81
-1086
-1086.19
-1086.38
-1086.57
-1086.76
-1086.95
-1087.14
-1087.33
-1087.52
-1087.71
-1087.9
-1088.09
-1088.28
-1088.47
-1088.66
-1088.85
-1089.04
-1089.23
-1089.42
-1089.6
-1089.79
-1089.98
-1090.17
-1090.36
-1090.55
-1090.74
-1090.93
-1091.11
-1091.3
-1091.49
-1091.68
-1091.87
-1092.05
-1092.24
-1092.43
-1092.62
-1092.8
-1092.99
-1093.18
-1093.37
-1093.55
-1093.74
-1093.93
-1094.11
-1094.3
-1094.49
-1094.67
-1094.86
-1095.05
-1095.23
-1095.42
-1095.61
-1095.79
-1095.98
-1096.16
-1096.35
-1096.53
-1096.72
-1096.91
-1097.09
-1097.28
-1097.46
-1097.65
-1097.83
-1098.02
-1098.2
-1098.39
-1098.57
-1098.76
-1098.94
-1099.13
-1099.31
-1099.49
-1099.68
-1099.86
-1100.05
-1100.23
-1100.41
-1100.6
-1100.78
-1100.97
-1101.15
-1101.33
-1101.52
-1101.7
-1101.88
-1102.07
-1102.25
-1102.43
-1102.61
-1102.8
-1102.98
-1103.16
-1103.34
-1103.53
-1103.71
-1103.89
-1104.07
-1104.26
-1104.44
-1104.62
-1104.8
-1104.98
-1105.16
-1105.35
-1105.53
-1105.71
-1105.89
-1106.07
-1106.25
-1106.43
-1106.61
-1106.79
-1106.97
-1107.16
-1107.34
-1107.52
-1107.7
-1107.88
-1108.06
-1108.24
-1108.42
-1108.6
-1108.78
-1108.96
-1109.14
-1109.32
-1109.5
-1109.67
-1109.85
-1110.03
-1110.21
-1110.39
-1110.57
-1110.75
-1110.93
-1111.11
-1111.28
-1111.46
-1111.64
-1111.82
-1112
-1112.18
-1112.35
-1112.53
-1112.71
-1112.89
-1113.07
-1113.24
-1113.42
-1113.6
-1113.78
-1113.95
-1114.13
-1114.31
-1114.48
-1114.66
-1114.84
-1115.01
-1115.19
-1115.37
-1115.54
-1115.72
-1115.9
-1116.07
-1116.25
-1116.43
-1116.6
-1116.78
-1116.95
-1117.13
-1117.3
-1117.48
-1117.65
-1117.83
-1118.01
-1118.18
-1118.36
-1118.53
-1118.71
-1118.88
-1119.05
-1119.23
-1119.4
-1119.58
-1119.75
-1119.93
-1120.1
-1120.27
-1120.45
-1120.62
-1120.8
-1120.97
-1121.14
-1121.32
-1121.49
-1121.66
-1121.84
-1122.01
-1122.18
-1122.36
-1122.53
-1122.7
-1122.88
-1123.05
-1123.22
-1123.39
-1123.57
-1123.74
-1123.91
-1124.08
-1124.25
-1124.43
-1124.6
-1124.77
-1124.94
-1125.11
-1125.28
-1125.46
-1125.63
-1125.8
-1125.97
-1126.14
-1126.31
-1126.48
-1126.65
-1126.82
-1126.99
-1127.17
-1127.34
-1127.51
-1127.68
-1127.85
-1128.02
-1128.19
-1128.36
-1128.53
-1128.7
-1128.87
-1129.04
-1129.2
-1129.37
-1129.54
-1129.71
-1129.88
-1130.05
-1130.22
-1130.39
-1130.56
-1130.73
-1130.89
-1131.06
-1131.23
-1131.4
-1131.57
-1131.74
-1131.9
-1132.07
-1132.24
-1132.41
-1132.58
-1132.74
-1132.91
-1133.08
-1133.25
-1133.41
-1133.58
-1133.75
-1133.91
-1134.08
-1134.25
-1134.41
-1134.58
-1134.75
-1134.91
-1135.08
-1135.25
-1135.41
-1135.58
-1135.75
-1135.91
-1136.08
-1136.24
-1136.41
-1136.57
-1136.74
-1136.91
-1137.07
-1137.24
-1137.4
-1137.57
-1137.73
-1137.9
-1138.06
-1138.23
-1138.39
-1138.55
-1138.72
-1138.88
-1139.05
-1139.21
-1139.38
-1139.54
-1139.7
-1139.87
-1140.03
-1140.2
-1140.36
-1140.52
-1140.69
-1140.85
-1141.01
-1141.18
-1141.34
-1141.5
-1141.66
-1141.83
-1141.99
-1142.15
-1142.31
-1142.48
-1142.64
-1142.8
-1142.96
-1143.13
-1143.29
-1143.45
-1143.61
-1143.77
-1143.93
-1144.1
-1144.26
-1144.42
-1144.58
-1144.74
-1144.9
-1145.06
-1145.22
-1145.39
-1145.55
-1145.71
-1145.87
-1146.03
-1146.19
-1146.35
-1146.51
-1146.67
-1146.83
-1146.99
-1147.15
-1147.31
-1147.47
-1147.63
-1147.79
-1147.95
-1148.11
-1148.26
-1148.42
-1148.58
-1148.74
-1148.9
-1149.06
-1149.22
-1149.38
-1149.54
-1149.69
-1149.85
-1150.01
-1150.17
-1150.33
-1150.48
-1150.64
-1150.8
-1150.96
-1151.12
-1151.27
-1151.43
-1151.59
-1151.75
-1151.9
-1152.06
-1152.22
-1152.37
-1152.53
-1152.69
-1152.84
-1153
-1153.16
-1153.31
-1153.47
-1153.63
-1153.78
-1153.94
-1154.09
-1154.25
-1154.41
-1154.56
-1154.72
-1154.87
-1155.03
-1155.18
-1155.34
-1155.49
-1155.65
-1155.8
-1155.96
-1156.11
-1156.27
-1156.42
-1156.58
-1156.73
-1156.89
-1157.04
-1157.19
-1157.35
-1157.5
-1157.66
-1157.81
-1157.96
-1158.12
-1158.27
-1158.43
-1158.58
-1158.73
-1158.89
-1159.04
-1159.19
-1159.34
-1159.5
-1159.65
-1159.8
-1159.96
-1160.11
-1160.26
-1160.41
-1160.56
-1160.72
-1160.87
-1161.02
-1161.17
-1161.32
-1161.48
-1161.63
-1161.78
-1161.93
-1162.08
-1162.23
-1162.38
-1162.54
-1162.69
-1162.84
-1162.99
-1163.14
-1163.29
-1163.44
-1163.59
-1163.74
-1163.89
-1164.04
-1164.19
-1164.34
-1164.49
-1164.64
-1164.79
-1164.94
-1165.09
-1165.24
-1165.39
-1165.54
-1165.69
-1165.84
-1165.99
-1166.14
-1166.28
-1166.43
-1166.58
-1166.73
-1166.88
-1167.03
-1167.18
-1167.32
-1167.47
-1167.62
-1167.77
-1167.92
-1168.06
-1168.21
-1168.36
-1168.51
-1168.65
-1168.8
-1168.95
-1169.1
-1169.24
-1169.39
-1169.54
-1169.68
-1169.83
-1169.98
-1170.12
-1170.27
-1170.42
-1170.56
-1170.71
-1170.86
-1171
-1171.15
-1171.29
-1171.44
-1171.59
-1171.73
-1171.88
-1172.02
-1172.17
-1172.31
-1172.46
-1172.6
-1172.75
-1172.89
-1173.04
-1173.18
-1173.33
-1173.47
-1173.62
-1173.76
-1173.9
-1174.05
-1174.19
-1174.34
-1174.48
-1174.63
-1174.77
-1174.91
-1175.06
-1175.2
-1175.34
-1175.49
-1175.63
-1175.77
-1175.92
-1176.06
-1176.2
-1176.34
-1176.49
-1176.63
-1176.77
-1176.91
-1177.06
-1177.2
-1177.34
-1177.48
-1177.63
-1177.77
-1177.91
-1178.05
-1178.19
-1178.33
-1178.48
-1178.62
-1178.76
-1178.9
-1179.04
-1179.18
-1179.32
-1179.46
-1179.6
-1179.74
-1179.89
-1180.03
-1180.17
-1180.31
-1180.45
-1180.59
-1180.73
-1180.87
-1181.01
-1181.15
-1181.29
-1181.43
-1181.56
-1181.7
-1181.84
-1181.98
-1182.12
-1182.26
-1182.4
-1182.54
-1182.68
-1182.82
-1182.96
-1183.09
-1183.23
-1183.37
-1183.51
-1183.65
-1183.79
-1183.92
-1184.06
-1184.2
-1184.34
-1184.47
-1184.61
-1184.75
-1184.89
-1185.02
-1185.16
-1185.3
-1185.44
-1185.57
-1185.71
-1185.85
-1185.98
-1186.12
-1186.26
-1186.39
-1186.53
-1186.66
-1186.8
-1186.94
-1187.07
-1187.21
-1187.34
-1187.48
-1187.62
-1187.75
-1187.89
-1188.02
-1188.16
-1188.29
-1188.43
-1188.56
-1188.7
-1188.83
-1188.97
-1189.1
-1189.24
-1189.37
-1189.5
-1189.64
-1189.77
-1189.91
-1190.04
-1190.18
-1190.31
-1190.44
-1190.58
-1190.71
-1190.84
-1190.98
-1191.11
-1191.24
-1191.38
-1191.51
-1191.64
-1191.78
-1191.91
-1192.04
-1192.17
-1192.31
-1192.44
-1192.57
-1192.7
-1192.84
-1192.97
-1193.1
-1193.23
-1193.36
-1193.49
-1193.63
-1193.76
-1193.89
-1194.02
-1194.15
-1194.28
-1194.41
-1194.55
-1194.68
-1194.81
-1194.94
-1195.07
-1195.2
-1195.33
-1195.46
-1195.59
-1195.72
-1195.85
-1195.98
-1196.11
-1196.24
-1196.37
-1196.5
-1196.63
-1196.76
-1196.89
-1197.02
-1197.15
-1197.28
-1197.41
-1197.53
-1197.66
-1197.79
-1197.92
-1198.05
-1198.18
-1198.31
-1198.43
-1198.56
-1198.69
-1198.82
-1198.95
-1199.07
-1199.2
-1199.33
-1199.46
-1199.59
-1199.71
-1199.84
-1199.97
-1200.09
-1200.22
-1200.35
-1200.48
-1200.6
-1200.73
-1200.86
-1200.98
-1201.11
-1201.24
-1201.36
-1201.49
-1201.61
-1201.74
-1201.87
-1201.99
-1202.12
-1202.24
-1202.37
-1202.49
-1202.62
-1202.75
-1202.87
-1203
-1203.12
-1203.25
-1203.37
-1203.5
-1203.62
-1203.75
-1203.87
-1203.99
-1204.12
-1204.24
-1204.37
-1204.49
-1204.62
-1204.74
-1204.86
-1204.99
-1205.11
-1205.23
-1205.36
-1205.48
-1205.6
-1205.73
-1205.85
-1205.97
-1206.1
-1206.22
-1206.34
-1206.46
-1206.59
-1206.71
-1206.83
-1206.95
-1207.08
-1207.2
-1207.32
-1207.44
-1207.56
-1207.69
-1207.81
-1207.93
-1208.05
-1208.17
-1208.29
-1208.42
-1208.54
-1208.66
-1208.78
-1208.9
-1209.02
-1209.14
-1209.26
-1209.38
-1209.5
-1209.62
-1209.74
-1209.86
-1209.98
-1210.1
-1210.22
-1210.34
-1210.46
-1210.58
-1210.7
-1210.82
-1210.94
-1211.06
-1211.18
-1211.3
-1211.42
-1211.54
-1211.66
-1211.77
-1211.89
-1212.01
-1212.13
-1212.25
-1212.37
-1212.49
-1212.6
-1212.72
-1212.84
-1212.96
-1213.08
-1213.19
-1213.31
-1213.43
-1213.55
-1213.66
-1213.78
-1213.9
-1214.01
-1214.13
-1214.25
-1214.37
-1214.48
-1214.6
-1214.71
-1214.83
-1214.95
-1215.06
-1215.18
-1215.3
-1215.41
-1215.53
-1215.64
-1215.76
-1215.88
-1215.99
-1216.11
-1216.22
-1216.34
-1216.45
-1216.57
-1216.68
-1216.8
-1216.91
-1217.03
-1217.14
-1217.26
-1217.37
-1217.49
-1217.6
-1217.71
-1217.83
-1217.94
-1218.06
-1218.17
-1218.28
-1218.4
-1218.51
-1218.63
-1218.74
-1218.85
-1218.97
-1219.08
-1219.19
-1219.3
-1219.42
-1219.53
-1219.64
-1219.76
-1219.87
-1219.98
-1220.09
-1220.21
-1220.32
-1220.43
-1220.54
-1220.65
-1220.77
-1220.88
-1220.99
-1221.1
-1221.21
-1221.32
-1221.43
-1221.55
-1221.66
-1221.77
-1221.88
-1221.99
-1222.1
-1222.21
-1222.32
-1222.43
-1222.54
-1222.65
-1222.76
-1222.87
-1222.98
-1223.09
-1223.2
-1223.31
-1223.42
-1223.53
-1223.64
-1223.75
-1223.86
-1223.97
-1224.08
-1224.19
-1224.3
-1224.41
-1224.52
-1224.62
-1224.73
-1224.84
-1224.95
-1225.06
-1225.17
-1225.28
-1225.38
-1225.49
-1225.6
-1225.71
-1225.81
-1225.92
-1226.03
-1226.14
-1226.25
-1226.35
-1226.46
-1226.57
-1226.67
-1226.78
-1226.89
-1226.99
-1227.1
-1227.21
-1227.31
-1227.42
-1227.53
-1227.63
-1227.74
-1227.85
-1227.95
-1228.06
-1228.16
-1228.27
-1228.37
-1228.48
-1228.59
-1228.69
-1228.8
-1228.9
-1229.01
-1229.11
-1229.22
-1229.32
-1229.43
-1229.53
-1229.64
-1229.74
-1229.84
-1229.95
-1230.05
-1230.16
-1230.26
-1230.36
-1230.47
-1230.57
-1230.68
-1230.78
-1230.88
-1230.99
-1231.09
-1231.19
-1231.3
-1231.4
-1231.5
-1231.61
-1231.71
-1231.81
-1231.91
-1232.02
-1232.12
-1232.22
-1232.32
-1232.43
-1232.53
-1232.63
-1232.73
-1232.83
-1232.93
-1233.04
-1233.14
-1233.24
-1233.34
-1233.44
-1233.54
-1233.64
-1233.75
-1233.85
-1233.95
-1234.05
-1234.15
-1234.25
-1234.35
-1234.45
-1234.55
-1234.65
-1234.75
-1234.85
-1234.95
-1235.05
-1235.15
-1235.25
-1235.35
-1235.45
-1235.55
-1235.65
-1235.75
-1235.85
-1235.95
-1236.04
-1236.14
-1236.24
-1236.34
-1236.44
-1236.54
-1236.64
-1236.73
-1236.83
-1236.93
-1237.03
-1237.13
-1237.23
-1237.32
-1237.42
-1237.52
-1237.62
-1237.71
-1237.81
-1237.91
-1238.01
-1238.1
-1238.2
-1238.3
-1238.39
-1238.49
-1238.59
-1238.68
-1238.78
-1238.88
-1238.97
-1239.07
-1239.16
-1239.26
-1239.36
-1239.45
-1239.55
-1239.64
-1239.74
-1239.83
-1239.93
-1240.03
-1240.12
-1240.22
-1240.31
-1240.41
-1240.5
-1240.6
-1240.69
-1240.79
-1240.88
-1240.97
-1241.07
-1241.16
-1241.26
-1241.35
-1241.44
-1241.54
-1241.63
-1241.73
-1241.82
-1241.91
-1242.01
-1242.1
-1242.19
-1242.29
-1242.38
-1242.47
-1242.57
-1242.66
-1242.75
-1242.84
-1242.94
-1243.03
-1243.12
-1243.21
-1243.31
-1243.4
-1243.49
-1243.58
-1243.67
-1243.77
-1243.86
-1243.95
-1244.04
-1244.13
-1244.22
-1244.31
-1244.41
-1244.5
-1244.59
-1244.68
-1244.77
-1244.86
-1244.95
-1245.04
-1245.13
-1245.22
-1245.31
-1245.4
-1245.49
-1245.58
-1245.67
-1245.76
-1245.85
-1245.94
-1246.03
-1246.12
-1246.21
-1246.3
-1246.39
-1246.48
-1246.57
-1246.66
-1246.74
-1246.83
-1246.92
-1247.01
-1247.1
-1247.19
-1247.28
-1247.36
-1247.45
-1247.54
-1247.63
-1247.72
-1247.8
-1247.89
-1247.98
-1248.07
-1248.15
-1248.24
-1248.33
-1248.42
-1248.5
-1248.59
-1248.68
-1248.76
-1248.85
-1248.94
-1249.02
-1249.11
-1249.2
-1249.28
-1249.37
-1249.45
-1249.54
-1249.63
-1249.71
-1249.8
-1249.88
-1249.97
-1250.05
-1250.14
-1250.22
-1250.31
-1250.4
-1250.48
-1250.57
-1250.65
-1250.73
-1250.82
-1250.9
-1250.99
-1251.07
-1251.16
-1251.24
-1251.33
-1251.41
-1251.49
-1251.58
-1251.66
-1251.74
-1251.83
-1251.91
-1252
-1252.08
-1252.16
-1252.24
-1252.33
-1252.41
-1252.49
-1252.58
-1252.66
-1252.74
-1252.82
-1252.91
-1252.99
-1253.07
-1253.15
-1253.24
-1253.32
-1253.4
-1253.48
-1253.56
-1253.64
-1253.73
-1253.81
-1253.89
-1253.97
-1254.05
-1254.13
-1254.21
-1254.29
-1254.37
-1254.46
-1254.54
-1254.62
-1254.7
-1254.78
-1254.86
-1254.94
-1255.02
-1255.1
-1255.18
-1255.26
-1255.34
-1255.42
-1255.5
-1255.58
-1255.66
-1255.74
-1255.81
-1255.89
-1255.97
-1256.05
-1256.13
-1256.21
-1256.29
-1256.37
-1256.45
-1256.52
-1256.6
-1256.68
-1256.76
-1256.84
-1256.91
-1256.99
-1257.07
-1257.15
-1257.23
-1257.3
-1257.38
-1257.46
-1257.53
-1257.61
-1257.69
-1257.77
-1257.84
-1257.92
-1258
-1258.07
-1258.15
-1258.23
-1258.3
-1258.38
-1258.45
-1258.53
-1258.61
-1258.68
-1258.76
-1258.83
-1258.91
-1258.99
-1259.06
-1259.14
-1259.21
-1259.29
-1259.36
-1259.44
-1259.51
-1259.59
-1259.66
-1259.74
-1259.81
-1259.89
-1259.96
-1260.03
-1260.11
-1260.18
-1260.26
-1260.33
-1260.4
-1260.48
-1260.55
-1260.63
-1260.7
-1260.77
-1260.85
-1260.92
-1260.99
-1261.07
-1261.14
-1261.21
-1261.28
-1261.36
-1261.43
-1261.5
-1261.57
-1261.65
-1261.72
-1261.79
-1261.86
-1261.94
-1262.01
-1262.08
-1262.15
-1262.22
-1262.29
-1262.37
-1262.44
-1262.51
-1262.58
-1262.65
-1262.72
-1262.79
-1262.86
-1262.93
-1263
-1263.07
-1263.15
-1263.22
-1263.29
-1263.36
-1263.43
-1263.5
-1263.57
-1263.64
-1263.71
-1263.78
-1263.85
-1263.91
-1263.98
-1264.05
-1264.12
-1264.19
-1264.26
-1264.33
-1264.4
-1264.47
-1264.54
-1264.6
-1264.67
-1264.74
-1264.81
-1264.88
-1264.95
-1265.01
-1265.08
-1265.15
-1265.22
-1265.29
-1265.35
-1265.42
-1265.49
-1265.56
-1265.62
-1265.69
-1265.76
-1265.82
-1265.89
-1265.96
-1266.02
-1266.09
-1266.16
-1266.22
-1266.29
-1266.36
-1266.42
-1266.49
-1266.56
-1266.62
-1266.69
-1266.75
-1266.82
-1266.88
-1266.95
-1267.02
-1267.08
-1267.15
-1267.21
-1267.28
-1267.34
-1267.41
-1267.47
-1267.54
-1267.6
-1267.66
-1267.73
-1267.79
-1267.86
-1267.92
-1267.99
-1268.05
-1268.11
-1268.18
-1268.24
-1268.3
-1268.37
-1268.43
-1268.49
-1268.56
-1268.62
-1268.68
-1268.75
-1268.81
-1268.87
-1268.94
-1269
-1269.06
-1269.12
-1269.19
-1269.25
-1269.31
-1269.37
-1269.43
-1269.5
-1269.56
-1269.62
-1269.68
-1269.74
-1269.8
-1269.87
-1269.93
-1269.99
-1270.05
-1270.11
-1270.17
-1270.23
-1270.29
-1270.35
-1270.41
-1270.47
-1270.53
-1270.6
-1270.66
-1270.72
-1270.78
-1270.84
-1270.9
-1270.96
-1271.01
-1271.07
-1271.13
-1271.19
-1271.25
-1271.31
-1271.37
-1271.43
-1271.49
-1271.55
-1271.61
-1271.67
-1271.72
-1271.78
-1271.84
-1271.9
-1271.96
-1272.02
-1272.07
-1272.13
-1272.19
-1272.25
-1272.31
-1272.36
-1272.42
-1272.48
-1272.54
-1272.59
-1272.65
-1272.71
-1272.76
-1272.82
-1272.88
-1272.93
-1272.99
-1273.05
-1273.1
-1273.16
-1273.22
-1273.27
-1273.33
-1273.38
-1273.44
-1273.5
-1273.55
-1273.61
-1273.66
-1273.72
-1273.77
-1273.83
-1273.88
-1273.94
-1273.99
-1274.05
-1274.1
-1274.16
-1274.21
-1274.27
-1274.32
-1274.38
-1274.43
-1274.49
-1274.54
-1274.59
-1274.65
-1274.7
-1274.76
-1274.81
-1274.86
-1274.92
-1274.97
-1275.02
-1275.08
-1275.13
-1275.18
-1275.24
-1275.29
-1275.34
-1275.39
-1275.45
-1275.5
-1275.55
-1275.6
-1275.66
-1275.71
-1275.76
-1275.81
-1275.86
-1275.92
-1275.97
-1276.02
-1276.07
-1276.12
-1276.17
-1276.23
-1276.28
-1276.33
-1276.38
-1276.43
-1276.48
-1276.53
-1276.58
-1276.63
-1276.68
-1276.73
-1276.78
-1276.83
-1276.88
-1276.93
-1276.98
-1277.03
-1277.08
-1277.13
-1277.18
-1277.23
-1277.28
-1277.33
-1277.38
-1277.43
-1277.48
-1277.53
-1277.58
-1277.63
-1277.67
-1277.72
-1277.77
-1277.82
-1277.87
-1277.92
-1277.96
-1278.01
-1278.06
-1278.11
-1278.16
-1278.2
-1278.25
-1278.3
-1278.35
-1278.39
-1278.44
-1278.49
-1278.54
-1278.58
-1278.63
-1278.68
-1278.72
-1278.77
-1278.82
-1278.86
-1278.91
-1278.95
-1279
-1279.05
-1279.09
-1279.14
-1279.18
-1279.23
-1279.28
-1279.32
-1279.37
-1279.41
-1279.46
-1279.5
-1279.55
-1279.59
-1279.64
-1279.68
-1279.73
-1279.77
-1279.82
-1279.86
-1279.91
-1279.95
-1279.99
-1280.04
-1280.08
-1280.13
-1280.17
-1280.21
-1280.26
-1280.3
-1280.34
-1280.39
-1280.43
-1280.47
-1280.52
-1280.56
-1280.6
-1280.65
-1280.69
-1280.73
-1280.78
-1280.82
-1280.86
-1280.9
-1280.94
-1280.99
-1281.03
-1281.07
-1281.11
-1281.15
-1281.2
-1281.24
-1281.28
-1281.32
-1281.36
-1281.4
-1281.44
-1281.49
-1281.53
-1281.57
-1281.61
-1281.65
-1281.69
-1281.73
-1281.77
-1281.81
-1281.85
-1281.89
-1281.93
-1281.97
-1282.01
-1282.05
-1282.09
-1282.13
-1282.17
-1282.21
-1282.25
-1282.29
-1282.33
-1282.37
-1282.41
-1282.44
-1282.48
-1282.52
-1282.56
-1282.6
-1282.64
-1282.68
-1282.72
-1282.75
-1282.79
-1282.83
-1282.87
-1282.91
-1282.94
-1282.98
-1283.02
-1283.06
-1283.09
-1283.13
-1283.17
-1283.21
-1283.24
-1283.28
-1283.32
-1283.35
-1283.39
-1283.43
-1283.46
-1283.5
-1283.54
-1283.57
-1283.61
-1283.64
-1283.68
-1283.72
-1283.75
-1283.79
-1283.82
-1283.86
-1283.89
-1283.93
-1283.96
-1284
-1284.03
-1284.07
-1284.1
-1284.14
-1284.17
-1284.21
-1284.24
-1284.28
-1284.31
-1284.35
-1284.38
-1284.42
-1284.45
-1284.48
-1284.52
-1284.55
-1284.58
-1284.62
-1284.65
-1284.68
-1284.72
-1284.75
-1284.78
-1284.82
-1284.85
-1284.88
-1284.92
-1284.95
-1284.98
-1285.01
-1285.05
-1285.08
-1285.11
-1285.14
-1285.18
-1285.21
-1285.24
-1285.27
-1285.3
-1285.33
-1285.37
-1285.4
-1285.43
-1285.46
-1285.49
-1285.52
-1285.55
-1285.58
-1285.61
-1285.65
-1285.68
-1285.71
-1285.74
-1285.77
-1285.8
-1285.83
-1285.86
-1285.89
-1285.92
-1285.95
-1285.98
-1286.01
-1286.04
-1286.07
-1286.1
-1286.12
-1286.15
-1286.18
-1286.21
-1286.24
-1286.27
-1286.3
-1286.33
-1286.36
-1286.38
-1286.41
-1286.44
-1286.47
-1286.5
-1286.53
-1286.55
-1286.58
-1286.61
-1286.64
-1286.66
-1286.69
-1286.72
-1286.75
-1286.77
-1286.8
-1286.83
-1286.85
-1286.88
-1286.91
-1286.94
-1286.96
-1286.99
-1287.01
-1287.04
-1287.07
-1287.09
-1287.12
-1287.15
-1287.17
-1287.2
-1287.22
-1287.25
-1287.27
-1287.3
-1287.32
-1287.35
-1287.38
-1287.4
-1287.43
-1287.45
-1287.48
-1287.5
-1287.52
-1287.55
-1287.57
-1287.6
-1287.62
-1287.65
-1287.67
-1287.69
-1287.72
-1287.74
-1287.77
-1287.79
-1287.81
-1287.84
-1287.86
-1287.88
-1287.91
-1287.93
-1287.95
-1287.98
-1288
-1288.02
-1288.04
-1288.07
-1288.09
-1288.11
-1288.13
-1288.16
-1288.18
-1288.2
-1288.22
-1288.24
-1288.27
-1288.29
-1288.31
-1288.33
-1288.35
-1288.37
-1288.4
-1288.42
-1288.44
-1288.46
-1288.48
-1288.5
-1288.52
-1288.54
-1288.56
-1288.58
-1288.6
-1288.62
-1288.64
-1288.66
-1288.68
-1288.7
-1288.72
-1288.74
-1288.76
-1288.78
-1288.8
-1288.82
-1288.84
-1288.86
-1288.88
-1288.9
-1288.92
-1288.94
-1288.95
-1288.97
-1288.99
-1289.01
-1289.03
-1289.05
-1289.07
-1289.08
-1289.1
-1289.12
-1289.14
-1289.15
-1289.17
-1289.19
-1289.21
-1289.23
-1289.24
-1289.26
-1289.28
-1289.29
-1289.31
-1289.33
-1289.34
-1289.36
-1289.38
-1289.39
-1289.41
-1289.43
-1289.44
-1289.46
-1289.48
-1289.49
-1289.51
-1289.52
-1289.54
-1289.56
-1289.57
-1289.59
-1289.6
-1289.62
-1289.63
-1289.65
-1289.66
-1289.68
-1289.69
-1289.71
-1289.72
-1289.74
-1289.75
-1289.76
-1289.78
-1289.79
-1289.81
-1289.82
-1289.84
-1289.85
-1289.86
-1289.88
-1289.89
-1289.9
-1289.92
-1289.93
-1289.94
-1289.96
-1289.97
-1289.98
-1290
-1290.01
-1290.02
-1290.03
-1290.05
-1290.06
-1290.07
-1290.08
-1290.1
-1290.11
-1290.12
-1290.13
-1290.14
-1290.16
-1290.17
-1290.18
-1290.19
-1290.2
-1290.21
-1290.22
-1290.24
-1290.25
-1290.26
-1290.27
-1290.28
-1290.29
-1290.3
-1290.31
-1290.32
-1290.33
-1290.34
-1290.35
-1290.36
-1290.37
-1290.38
-1290.39
-1290.4
-1290.41
-1290.42
-1290.43
-1290.44
-1290.45
-1290.46
-1290.47
-1290.48
-1290.49
-1290.49
-1290.5
-1290.51
-1290.52
-1290.53
-1290.54
-1290.55
-1290.55
-1290.56
-1290.57
-1290.58
-1290.59
-1290.59
-1290.6
-1290.61
-1290.62
-1290.62
-1290.63
-1290.64
-1290.65
-1290.65
-1290.66
-1290.67
-1290.67
-1290.68
-1290.69
-1290.69
-1290.7
-1290.71
-1290.71
-1290.72
-1290.72
-1290.73
-1290.74
-1290.74
-1290.75
-1290.75
-1290.76
-1290.76
-1290.77
-1290.78
-1290.78
-1290.79
-1290.79
-1290.8
-1290.8
-1290.81
-1290.81
-1290.81
-1290.82
-1290.82
-1290.83
-1290.83
-1290.84
-1290.84
-1290.84
-1290.85
-1290.85
-1290.86
-1290.86
-1290.86
-1290.87
-1290.87
-1290.87
-1290.88
-1290.88
-1290.88
-1290.89
-1290.89
-1290.89
-1290.89
-1290.9
-1290.9
-1290.9
-1290.9
-1290.91
-1290.91
-1290.91
-1290.91
-1290.91
-1290.92
-1290.92
-1290.92
-1290.92
-1290.92
-1290.92
-1290.93
-1290.93
-1290.93
-1290.93
-1290.93
-1290.93
-1290.93
-1290.93
-1290.93
-1290.93
-1290.93
-1290.93
-1290.93
-1290.93
-1290.93
-1290.93
-1290.93
-1290.93
-1290.93
-1290.93
-1290.93
-1290.93
-1290.93
-1290.93
-1290.93
-1290.93
-1290.93
-1290.93
-1290.93
-1290.92
-1290.92
-1290.92
-1290.92
-1290.92
-1290.92
-1290.92
-1290.91
-1290.91
-1290.91
-1290.91
-1290.91
-1290.9
-1290.9
-1290.9
-1290.9
-1290.89
-1290.89
-1290.89
-1290.88
-1290.88
-1290.88
-1290.88
-1290.87
-1290.87
-1290.87
-1290.86
-1290.86
-1290.85
-1290.85
-1290.85
-1290.84
-1290.84
-1290.83
-1290.83
-1290.83
-1290.82
-1290.82
-1290.81
-1290.81
-1290.8
-1290.8
-1290.79
-1290.79
-1290.78
-1290.78
-1290.77
-1290.77
-1290.76
-1290.76
-1290.75
-1290.75
-1290.74
-1290.73
-1290.73
-1290.72
-1290.72
-1290.71
-1290.7
-1290.7
-1290.69
-1290.69
-1290.68
-1290.67
-1290.67
-1290.66
-1290.65
-1290.64
-1290.64
-1290.63
-1290.62
-1290.62
-1290.61
-1290.6
-1290.59
-1290.59
-1290.58
-1290.57
-1290.56
-1290.55
-1290.55
-1290.54
-1290.53
-1290.52
-1290.51
-1290.5
-1290.49
-1290.49
-1290.48
-1290.47
-1290.46
-1290.45
-1290.44
-1290.43
-1290.42
-1290.41
-1290.4
-1290.39
-1290.38
-1290.38
-1290.37
-1290.36
-1290.35
-1290.34
-1290.33
-1290.31
-1290.3
-1290.29
-1290.28
-1290.27
-1290.26
-1290.25
-1290.24
-1290.23
-1290.22
-1290.21
-1290.2
-1290.19
-1290.17
-1290.16
-1290.15
-1290.14
-1290.13
-1290.12
-1290.1
-1290.09
-1290.08
-1290.07
-1290.06
-1290.04
-1290.03
-1290.02
-1290.01
-1289.99
-1289.98
-1289.97
-1289.96
-1289.94
-1289.93
-1289.92
-1289.9
-1289.89
-1289.88
-1289.86
-1289.85
-1289.84
-1289.82
-1289.81
-1289.79
-1289.78
-1289.77
-1289.75
-1289.74
-1289.72
-1289.71
-1289.7
-1289.68
-1289.67
-1289.65
-1289.64
-1289.62
-1289.61
-1289.59
-1289.58
-1289.56
-1289.55
-1289.53
-1289.52
-1289.5
-1289.49
-1289.47
-1289.45
-1289.44
-1289.42
-1289.41
-1289.39
-1289.37
-1289.36
-1289.34
-1289.32
-1289.31
-1289.29
-1289.28
-1289.26
-1289.24
-1289.22
-1289.21
-1289.19
-1289.17
-1289.16
-1289.14
-1289.12
-1289.1
-1289.09
-1289.07
-1289.05
-1289.03
-1289.02
-1289
-1288.98
-1288.96
-1288.94
-1288.93
-1288.91
-1288.89
-1288.87
-1288.85
-1288.83
-1288.81
-1288.8
-1288.78
-1288.76
-1288.74
-1288.72
-1288.7
-1288.68
-1288.66
-1288.64
-1288.62
-1288.6
-1288.58
-1288.56
-1288.54
-1288.52
-1288.5
-1288.48
-1288.46
-1288.44
-1288.42
-1288.4
-1288.38
-1288.36
-1288.34
-1288.32
-1288.3
-1288.28
-1288.26
-1288.24
-1288.21
-1288.19
-1288.17
-1288.15
-1288.13
-1288.11
-1288.09
-1288.06
-1288.04
-1288.02
-1288
-1287.98
-1287.95
-1287.93
-1287.91
-1287.89
-1287.87
-1287.84
-1287.82
-1287.8
-1287.77
-1287.75
-1287.73
-1287.71
-1287.68
-1287.66
-1287.64
-1287.61
-1287.59
-1287.57
-1287.54
-1287.52
-1287.5
-1287.47
-1287.45
-1287.42
-1287.4
-1287.38
-1287.35
-1287.33
-1287.3
-1287.28
-1287.26
-1287.23
-1287.21
-1287.18
-1287.16
-1287.13
-1287.11
-1287.08
-1287.06
-1287.03
-1287.01
-1286.98
-1286.96
-1286.93
-1286.91
-1286.88
-1286.85
-1286.83
-1286.8
-1286.78
-1286.75
-1286.73
-1286.7
-1286.67
-1286.65
-1286.62
-1286.59
-1286.57
-1286.54
-1286.52
-1286.49
-1286.46
-1286.44
-1286.41
-1286.38
-1286.35
-1286.33
-1286.3
-1286.27
-1286.25
-1286.22
-1286.19
-1286.16
-1286.14
-1286.11
-1286.08
-1286.05
-1286.02
-1286
-1285.97
-1285.94
-1285.91
-1285.88
-1285.86
-1285.83
-1285.8
-1285.77
-1285.74
-1285.71
-1285.68
-1285.66
-1285.63
-1285.6
-1285.57
-1285.54
-1285.51
-1285.48
-1285.45
-1285.42
-1285.39
-1285.36
-1285.33
-1285.3
-1285.27
-1285.24
-1285.21
-1285.18
-1285.15
-1285.12
-1285.09
-1285.06
-1285.03
-1285
-1284.97
-1284.94
-1284.91
-1284.88
-1284.85
-1284.82
-1284.79
-1284.76
-1284.73
-1284.7
-1284.66
-1284.63
-1284.6
-1284.57
-1284.54
-1284.51
-1284.48
-1284.44
-1284.41
-1284.38
-1284.35
-1284.32
-1284.29
-1284.25
-1284.22
-1284.19
-1284.16
-1284.12
-1284.09
-1284.06
-1284.03
-1283.99
-1283.96
-1283.93
-1283.9
-1283.86
-1283.83
-1283.8
-1283.77
-1283.73
-1283.7
-1283.67
-1283.63
-1283.6
-1283.57
-1283.53
-1283.5
-1283.47
-1283.43
-1283.4
-1283.36
-1283.33
-1283.3
-1283.26
-1283.23
-1283.19
-1283.16
-1283.13
-1283.09
-1283.06
-1283.02
-1282.99
-1282.95
-1282.92
-1282.89
-1282.85
-1282.82
-1282.78
-1282.75
-1282.71
-1282.68
-1282.64
-1282.61
-1282.57
-1282.54
-1282.5
-1282.47
-1282.43
-1282.39
-1282.36
-1282.32
-1282.29
-1282.25
-1282.22
-1282.18
-1282.14
-1282.11
-1282.07
-1282.04
-1282
-1281.96
-1281.93
-1281.89
-1281.86
-1281.82
-1281.78
-1281.75
-1281.71
-1281.67
-1281.64
-1281.6
-1281.56
-1281.53
-1281.49
-1281.45
-1281.42
-1281.38
-1281.34
-1281.3
-1281.27
-1281.23
-1281.19
-1281.15
-1281.12
-1281.08
-1281.04
-1281
-1280.97
-1280.93
-1280.89
-1280.85
-1280.82
-1280.78
-1280.74
-1280.7
-1280.66
-1280.63
-1280.59
-1280.55
-1280.51
-1280.47
-1280.44
-1280.4
-1280.36
-1280.32
-1280.28
-1280.24
-1280.2
-1280.17
-1280.13
-1280.09
-1280.05
-1280.01
-1279.97
-1279.93
-1279.89
-1279.85
-1279.82
-1279.78
-1279.74
-1279.7
-1279.66
-1279.62
-1279.58
-1279.54
-1279.5
-1279.46
-1279.42
-1279.38
-1279.34
-1279.3
-1279.26
-1279.22
-1279.18
-1279.14
-1279.1
-1279.06
-1279.02
-1278.98
-1278.94
-1278.9
-1278.86
-1278.82
-1278.78
-1278.74
-1278.7
-1278.66
-1278.62
-1278.58
-1278.54
-1278.5
-1278.46
-1278.42
-1278.38
-1278.34
-1278.3
-1278.26
-1278.22
-1278.18
-1278.14
-1278.09
-1278.05
-1278.01
-1277.97
-1277.93
-1277.89
-1277.85
-1277.81
-1277.77
-1277.73
-1277.68
-1277.64
-1277.6
-1277.56
-1277.52
-1277.48
-1277.44
-1277.4
-1277.35
-1277.31
-1277.27
-1277.23
-1277.19
-1277.15
-1277.1
-1277.06
-1277.02
-1276.98
-1276.94
-1276.9
-1276.86
-1276.81
-1276.77
-1276.73
-1276.69
-1276.65
-1276.6
-1276.56
-1276.52
-1276.48
-1276.44
-1276.39
-1276.35
-1276.31
-1276.27
-1276.23
-1276.18
-1276.14
-1276.1
-1276.06
-1276.02
-1275.97
-1275.93
-1275.89
-1275.85
-1275.81
-1275.76
-1275.72
-1275.68
-1275.64
-1275.59
-1275.55
-1275.51
-1275.47
-1275.42
-1275.38
-1275.34
-1275.3
-1275.26
-1275.21
-1275.17
-1275.13
-1275.09
-1275.04
-1275
-1274.96
-1274.92
-1274.87
-1274.83
-1274.79
-1274.75
-1274.7
-1274.66
-1274.62
-1274.58
-1274.53
-1274.49
-1274.45
-1274.41
-1274.36
-1274.32
-1274.28
-1274.24
-1274.19
-1274.15
-1274.11
-1274.07
-1274.02
-1273.98
-1273.94
-1273.9
-1273.85
-1273.81
-1273.77
-1273.73
-1273.68
-1273.64
-1273.6
-1273.56
-1273.52
-1273.47
-1273.43
-1273.39
-1273.35
-1273.3
-1273.26
-1273.22
-1273.18
-1273.13
-1273.09
-1273.05
-1273.01
-1272.97
-1272.92
-1272.88
-1272.84
-1272.8
-1272.76
-1272.71
-1272.67
-1272.63
-1272.59
-1272.55
-1272.5
-1272.46
-1272.42
-1272.38
-1272.34
-1272.3
-1272.25
-1272.21
-1272.17
-1272.13
-1272.09
-1272.05
-1272
-1271.96
-1271.92
-1271.88
-1271.84
-1271.8
-1271.76
-1271.72
-1271.67
-1271.63
-1271.59
-1271.55
-1271.51
-1271.47
-1271.43
-1271.39
-1271.35
-1271.31
-1271.27
-1271.22
-1271.18
-1271.14
-1271.1
-1271.06
-1271.02
-1270.98
-1270.94
-1270.9
-1270.86
-1270.82
-1270.78
-1270.74
-1270.7
-1270.66
-1270.62
-1270.58
-1270.54
-1270.5
-1270.46
-1270.43
-1270.39
-1270.35
-1270.31
-1270.27
-1270.23
-1270.19
-1270.15
-1270.11
-1270.07
-1270.04
-1270
-1269.96
-1269.92
-1269.88
-1269.85
-1269.81
-1269.77
-1269.73
-1269.69
-1269.66
-1269.62
-1269.58
-1269.54
-1269.51
-1269.47
-1269.43
-1269.4
-1269.36
-1269.32
-1269.29
-1269.25
-1269.21
-1269.18
-1269.14
-1269.11
-1269.07
-1269.03
-1269
-1268.96
-1268.93
-1268.89
-1268.86
-1268.82
-1268.79
-1268.75
-1268.72
-1268.68
-1268.65
-1268.62
-1268.58
-1268.55
-1268.52
-1268.48
-1268.45
-1268.42
-1268.38
-1268.35
-1268.32
-1268.29
-1268.25
-1268.22
-1268.19
-1268.16
-1268.13
-1268.09
-1268.06
-1268.03
-1268
-1267.97
-1267.94
-1267.91
-1267.88
-1267.85
-1267.82
-1267.79
-1267.76
-1267.73
-1267.7
-1267.67
-1267.65
-1267.62
-1267.59
-1267.56
-1267.54
-1267.51
-1267.48
-1267.45
-1267.43
-1267.4
-1267.38
-1267.35
-1267.32
-1267.3
-1267.27
-1267.25
-1267.22
-1267.2
-1267.18
-1267.15
-1267.13
-1267.11
-1267.08
-1267.06
-1267.04
-1267.02
-1266.99
-1266.97
-1266.95
-1266.93
-1266.91
-1266.89
-1266.87
-1266.85
-1266.83
-1266.81
-1266.8
-1266.78
-1266.76
-1266.74
-1266.73
-1266.71
-1266.69
-1266.68
-1266.66
-1266.65
-1266.63
-1266.62
-1266.61
-1266.59
-1266.58
-1266.57
-1266.56
-1266.54
-1266.53
-1266.52
-1266.51
-1266.5
-1266.49
-1266.48
-1266.48
-1266.47
-1266.46
-1266.45
-1266.45
-1266.44
-1266.44
-1266.43
-1266.43
-1266.42
-1266.42
-1266.42
-1266.42
-1266.42
-1266.42
-1266.42
-1266.42
-1266.42
-1266.42
-1266.42
-1266.43
-1266.43
-1266.43
-1266.44
-1266.45
-1266.45
-1266.46
-1266.47
-1266.48
-1266.49
-1266.5
-1266.51
-1266.52
-1266.54
-1266.55
-1266.56
-1266.58
-1266.6
-1266.61
-1266.63
-1266.65
-1266.67
-1266.69
-1266.72
-1266.74
-1266.77
-1266.79
-1266.82
-1266.85
-1266.87
-1266.9
-1266.94
-1266.97
-1267
-1267.04
-1267.07
-1267.11
-1267.15
-1267.19
-1267.23
-1267.27
-1267.32
-1267.37
-1267.41
-1267.46
-1267.51
-1267.57
-1267.62
-1267.68
-1267.73
-1267.79
-1267.85
-1267.92
-1267.98
-1268.05
-1268.12
-1268.19
-1268.26
-1268.34
-1268.42
-1268.5
-1268.58
-1268.67
-1268.75
-1268.84
-1268.94
-1269.03
-1269.13
-1269.24
-1269.34
-1269.45
-1269.56
-1269.68
-1269.8
-1269.92
-1270.04
-1270.17
-1270.31
-1270.45
-1270.59
-1270.74
-1270.89
-1271.05
-1271.21
-1271.38
-1271.56
-1271.74
-1271.92
-1272.12
-1272.32
-1272.52
-1272.74
-1272.96
-1273.19
-1273.44
-1273.69
-1273.95
-1274.22
-1274.5
-1274.8
-1275.11
-1275.44
-1275.78
-1276.14
-1276.52
-1276.91
-1277.34
-1277.78
-1278.26
-1278.77
-1279.31
-1279.9
-1280.54
-1281.23
-1282
-1282.87
-1283.84
-1284.99
-1286.37
-1288.18
-1291.11
