-146.125
-148.534
-150.943
-153.351
-155.76
-158.168
-160.577
-162.985
-165.393
-167.801
-170.209
-172.617
-175.025
-177.433
-179.84
-182.248
-184.655
-187.063
-189.47
-191.877
-194.284
-196.691
-199.098
-201.505
-203.911
-206.318
-208.725
-211.131
-213.537
-215.944
-218.35
-220.756
-223.162
-225.568
-227.973
-230.379
-232.785
-235.19
-237.596
-240.001
-242.406
-244.812
-247.217
-249.622
-252.026
-254.431
-256.836
-259.241
-261.645
-264.05
-266.454
-268.858
-271.262
-273.666
-276.07
-278.474
-280.878
-283.282
-285.685
-288.089
-290.492
-292.896
-295.299
-297.702
-300.105
-302.508
-304.911
-307.314
-309.716
-312.119
-314.522
-316.924
-319.326
-321.729
-324.131
-326.533
-328.935
-331.337
-333.738
-336.14
-338.542
-340.943
-343.345
-345.746
-348.147
-350.548
-352.949
-355.35
-357.751
-360.152
-362.553
-364.953
-367.354
-369.754
-372.155
-374.555
-376.955
-379.355
-381.755
-384.155
-386.555
-388.954
-391.354
-393.754
-396.153
-398.552
-400.952
-403.351
-405.75
-408.149
-410.548
-412.946
-415.345
-417.744
-420.142
-422.541
-424.939
-427.337
-429.735
-432.133
-434.531
-436.929
-439.327
-441.725
-444.122
-446.52
-448.917
-451.314
-453.712
-456.109
-458.506
-460.903
-463.3
-465.696
-468.093
-470.49
-472.886
-475.283
-477.679
-480.075
-482.471
-484.867
-487.263
-489.659
-492.055
-494.451
-496.846
-499.242
-501.637
-504.032
-506.428
-508.823
-511.218
-513.613
-516.008
-518.402
-520.797
-523.192
-525.586
-527.98
-530.375
-532.769
-535.163
-537.557
-539.951
-542.345
-544.739
-547.132
-549.526
-551.919
-554.313
-556.706
-559.099
-561.492
-563.885
-566.278
-568.671
-571.064
-573.457
-575.849
-578.242
-580.634
-583.026
-585.419
-587.811
-590.203
-592.595
-594.986
-597.378
-599.77
-602.161
-604.553
-606.944
-609.336
-611.727
-614.118
-616.509
-618.9
-621.291
-623.681
-626.072
-628.463
-630.853
-633.243
-635.634
-638.024
-640.414
-642.804
-645.194
-647.584
-649.973
-652.363
-654.753
-657.142
-659.531
-661.921
-664.31
-666.699
-669.088
-671.477
-673.866
-676.254
-678.643
-681.032
-683.42
-685.808
-688.197
-690.585
-692.973
-695.361
-697.749
-700.137
-702.524
-704.912
-707.3
-709.687
-712.074
-714.462
-716.849
-719.236
-721.623
-724.01
-726.397
-728.783
-731.17
-733.556
-735.943
-738.329
-740.715
-743.102
-745.488
-747.874
-750.259
-752.645
-755.031
-757.417
-759.802
-762.188
-764.573
-766.958
-769.343
-771.728
-774.113
-776.498
-778.883
-781.268
-783.652
-786.037
-788.421
-790.805
-793.19
-795.574
-797.958
-800.342
-802.726
-805.109
-807.493
-809.877
-812.26
-814.644
-817.027
-819.41
-821.793
-824.176
-826.559
-828.942
-831.325
-833.708
-836.09
-838.473
-840.855
-843.237
-845.62
-848.002
-850.384
-852.766
-855.148
-857.529
-859.911
-862.292
-864.674
-867.055
-869.437
-871.818
-874.199
-876.58
-878.961
-881.342
-883.722
-886.103
-888.484
-890.864
-893.245
-895.625
-898.005
-900.385
-902.765
-905.145
-907.525
-909.905
-912.284
-914.664
-917.043
-919.423
-921.802
-924.181
-926.56
-928.939
-931.318
-933.697
-936.076
-938.454
-940.833
-943.211
-945.59
-947.968
-950.346
-952.724
-955.102
-957.48
-959.858
-962.235
-964.613
-966.991
-969.368
-971.745
-974.123
-976.5
-978.877
-981.254
-983.631
-986.007
-988.384
-990.761
-993.137
-995.514
-997.89
-1000.27
-1002.64
-1005.02
-1007.39
-1009.77
-1012.15
-1014.52
-1016.9
-1019.27
-1021.65
-1024.02
-1026.4
-1028.77
-1031.15
-1033.52
-1035.9
-1038.27
-1040.65
-1043.02
-1045.4
-1047.77
-1050.15
-1052.52
-1054.89
-1057.27
-1059.64
-1062.02
-1064.39
-1066.76
-1069.14
-1071.51
-1073.88
-1076.26
-1078.63
-1081
-1083.38
-1085.75
-1088.12
-1090.49
-1092.87
-1095.24
-1097.61
-1099.98
-1102.36
-1104.73
-1107.1
-1109.47
-1111.85
-1114.22
-1116.59
-1118.96
-1121.33
-1123.7
-1126.07
-1128.45
-1130.82
-1133.19
-1135.56
-1137.93
-1140.3
-1142.67
-1145.04
-1147.41
-1149.78
-1152.15
-1154.52
-1156.89
-1159.26
-1161.63
-1164
-1166.37
-1168.74
-1171.11
-1173.48
-1175.85
-1178.22
-1180.59
-1182.96
-1185.33
-1187.7
-1190.07
-1192.44
-1194.8
-1197.17
-1199.54
-1201.91
-1204.28
-1206.65
-1209.01
-1211.38
-1213.75
-1216.12
-1218.49
-1220.85
-1223.22
-1225.59
-1227.96
-1230.32
-1232.69
-1235.06
-1237.42
-1239.79
-1242.16
-1244.52
-1246.89
-1249.26
-1251.62
-1253.99
-1256.36
-1258.72
-1261.09
-1263.45
-1265.82
-1268.19
-1270.55
-1272.92
-1275.28
-1277.65
-1280.01
-1282.38
-1284.74
-1287.11
-1289.47
-1291.84
-1294.2
-1296.57
-1298.93
-1301.3
-1303.66
-1306.03
-1308.39
-1310.76
-1313.12
-1315.48
-1317.85
-1320.21
-1322.57
-1324.94
-1327.3
-1329.67
-1332.03
-1334.39
-1336.75
-1339.12
-1341.48
-1343.84
-1346.21
-1348.57
-1350.93
-1353.29
-1355.66
-1358.02
-1360.38
-1362.74
-1365.1
-1367.47
-1369.83
-1372.19
-1374.55
-1376.91
-1379.27
-1381.64
-1384
-1386.36
-1388.72
-1391.08
-1393.44
-1395.8
-1398.16
-1400.52
-1402.88
-1405.24
-1407.61
-1409.97
-1412.33
-1414.69
-1417.05
-1419.41
-1421.77
-1424.12
-1426.48
-1428.84
-1431.2
-1433.56
-1435.92
-1438.28
-1440.64
-1443
-1445.36
-1447.72
-1450.08
-1452.43
-1454.79
-1457.15
-1459.51
-1461.87
-1464.23
-1466.58
-1468.94
-1471.3
-1473.66
-1476.01
-1478.37
-1480.73
-1483.09
-1485.44
-1487.8
-1490.16
-1492.52
-1494.87
-1497.23
-1499.59
-1501.94
-1504.3
-1506.66
-1509.01
-1511.37
-1513.72
-1516.08
-1518.44
-1520.79
-1523.15
-1525.5
-1527.86
-1530.21
-1532.57
-1534.93
-1537.28
-1539.64
-1541.99
-1544.35
-1546.7
-1549.06
-1551.41
-1553.76
-1556.12
-1558.47
-1560.83
-1563.18
-1565.54
-1567.89
-1570.24
-1572.6
-1574.95
-1577.31
-1579.66
-1582.01
-1584.37
-1586.72
-1589.07
-1591.43
-1593.78
-1596.13
-1598.48
-1600.84
-1603.19
-1605.54
-1607.89
-1610.25
-1612.6
-1614.95
-1617.3
-1619.66
-1622.01
-1624.36
-1626.71
-1629.06
-1631.41
-1633.77
-1636.12
-1638.47
-1640.82
-1643.17
-1645.52
-1647.87
-1650.22
-1652.57
-1654.92
-1657.27
-1659.62
-1661.97
-1664.33
-1666.68
-1669.03
-1671.38
-1673.72
-1676.07
-1678.42
-1680.77
-1683.12
-1685.47
-1687.82
-1690.17
-1692.52
-1694.87
-1697.22
-1699.57
-1701.92
-1704.26
-1706.61
-1708.96
-1711.31
-1713.66
-1716.01
-1718.35
-1720.7
-1723.05
-1725.4
-1727.75
-1730.09
-1732.44
-1734.79
-1737.13
-1739.48
-1741.83
-1744.18
-1746.52
-1748.87
-1751.22
-1753.56
-1755.91
-1758.26
-1760.6
-1762.95
-1765.3
-1767.64
-1769.99
-1772.33
-1774.68
-1777.02
-1779.37
-1781.72
-1784.06
-1786.41
-1788.75
-1791.1
-1793.44
-1795.79
-1798.13
-1800.48
-1802.82
-1805.17
-1807.51
-1809.86
-1812.2
-1814.54
-1816.89
-1819.23
-1821.58
-1823.92
-1826.26
-1828.61
-1830.95
-1833.29
-1835.64
-1837.98
-1840.32
-1842.67
-1845.01
-1847.35
-1849.7
-1852.04
-1854.38
-1856.72
-1859.07
-1861.41
-1863.75
-1866.09
-1868.44
-1870.78
-1873.12
-1875.46
-1877.8
-1880.14
-1882.49
-1884.83
-1887.17
-1889.51
-1891.85
-1894.19
-1896.53
-1898.87
-1901.21
-1903.55
-1905.9
-1908.24
-1910.58
-1912.92
-1915.26
-1917.6
-1919.94
-1922.28
-1924.62
-1926.96
-1929.3
-1931.64
-1933.98
-1936.31
-1938.65
-1940.99
-1943.33
-1945.67
-1948.01
-1950.35
-1952.69
-1955.03
-1957.36
-1959.7
-1962.04
-1964.38
-1966.72
-1969.06
-1971.39
-1973.73
-1976.07
-1978.41
-1980.74
-1983.08
-1985.42
-1987.76
-1990.09
-1992.43
-1994.77
-1997.1
-1999.44
-2001.78
-2004.11
-2006.45
-2008.79
-2011.12
-2013.46
-2015.8
-2018.13
-2020.47
-2022.8
-2025.14
-2027.48
-2029.81
-2032.15
-2034.48
-2036.82
-2039.15
-2041.49
-2043.82
-2046.16
-2048.49
-2050.83
-2053.16
-2055.5
-2057.83
-2060.17
-2062.5
-2064.83
-2067.17
-2069.5
-2071.84
-2074.17
-2076.5
-2078.84
-2081.17
-2083.5
-2085.84
-2088.17
-2090.5
-2092.84
-2095.17
-2097.5
-2099.84
-2102.17
-2104.5
-2106.83
-2109.17
-2111.5
-2113.83
-2116.16
-2118.49
-2120.83
-2123.16
-2125.49
-2127.82
-2130.15
-2132.49
-2134.82
-2137.15
-2139.48
-2141.81
-2144.14
-2146.47
-2148.8
-2151.13
-2153.46
-2155.79
-2158.12
-2160.46
-2162.79
-2165.12
-2167.45
-2169.78
-2172.11
-2174.44
-2176.76
-2179.09
-2181.42
-2183.75
-2186.08
-2188.41
-2190.74
-2193.07
-2195.4
-2197.73
-2200.06
-2202.39
-2204.71
-2207.04
-2209.37
-2211.7
-2214.03
-2216.35
-2218.68
-2221.01
-2223.34
-2225.67
-2227.99
-2230.32
-2232.65
-2234.98
-2237.3
-2239.63
-2241.96
-2244.28
-2246.61
-2248.94
-2251.26
-2253.59
-2255.92
-2258.24
-2260.57
-2262.9
-2265.22
-2267.55
-2269.87
-2272.2
-2274.53
-2276.85
-2279.18
-2281.5
-2283.83
-2286.15
-2288.48
-2290.8
-2293.13
-2295.45
-2297.78
-2300.1
-2302.43
-2304.75
-2307.08
-2309.4
-2311.72
-2314.05
-2316.37
-2318.7
-2321.02
-2323.34
-2325.67
-2327.99
-2330.31
-2332.64
-2334.96
-2337.28
-2339.61
-2341.93
-2344.25
-2346.58
-2348.9
-2351.22
-2353.54
-2355.87
-2358.19
-2360.51
-2362.83
-2365.15
-2367.48
-2369.8
-2372.12
-2374.44
-2376.76
-2379.08
-2381.41
-2383.73
-2386.05
-2388.37
-2390.69
-2393.01
-2395.33
-2397.65
-2399.97
-2402.29
-2404.61
-2406.93
-2409.25
-2411.57
-2413.89
-2416.21
-2418.53
-2420.85
-2423.17
-2425.49
-2427.81
-2430.13
-2432.45
-2434.77
-2437.09
-2439.41
-2441.73
-2444.05
-2446.37
-2448.68
-2451
-2453.32
-2455.64
-2457.96
-2460.28
-2462.59
-2464.91
-2467.23
-2469.55
-2471.86
-2474.18
-2476.5
-2478.82
-2481.13
-2483.45
-2485.77
-2488.09
-2490.4
-2492.72
-2495.04
-2497.35
-2499.67
-2501.99
-2504.3
-2506.62
-2508.93
-2511.25
-2513.57
-2515.88
-2518.2
-2520.51
-2522.83
-2525.14
-2527.46
-2529.78
-2532.09
-2534.41
-2536.72
-2539.04
-2541.35
-2543.66
-2545.98
-2548.29
-2550.61
-2552.92
-2555.24
-2557.55
-2559.86
-2562.18
-2564.49
-2566.81
-2569.12
-2571.43
-2573.75
-2576.06
-2578.37
-2580.69
-2583
-2585.31
-2587.63
-2589.94
-2592.25
-2594.56
-2596.88
-2599.19
-2601.5
-2603.81
-2606.13
-2608.44
-2610.75
-2613.06
-2615.37
-2617.68
-2620
-2622.31
-2624.62
-2626.93
-2629.24
-2631.55
-2633.86
-2636.17
-2638.49
-2640.8
-2643.11
-2645.42
-2647.73
-2650.04
-2652.35
-2654.66
-2656.97
-2659.28
-2661.59
-2663.9
-2666.21
-2668.52
-2670.83
-2673.14
-2675.45
-2677.75
-2680.06
-2682.37
-2684.68
-2686.99
-2689.3
-2691.61
-2693.92
-2696.22
-2698.53
-2700.84
-2703.15
-2705.46
-2707.77
-2710.07
-2712.38
-2714.69
-2717
-2719.3
-2721.61
-2723.92
-2726.23
-2728.53
-2730.84
-2733.15
-2735.45
-2737.76
-2740.07
-2742.37
-2744.68
-2746.99
-2749.29
-2751.6
-2753.9
-2756.21
-2758.52
-2760.82
-2763.13
-2765.43
-2767.74
-2770.04
-2772.35
-2774.65
-2776.96
-2779.26
-2781.57
-2783.87
-2786.18
-2788.48
-2790.79
-2793.09
-2795.4
-2797.7
-2800
-2802.31
-2804.61
-2806.92
-2809.22
-2811.52
-2813.83
-2816.13
-2818.43
-2820.74
-2823.04
-2825.34
-2827.65
-2829.95
-2832.25
-2834.55
-2836.86
-2839.16
-2841.46
-2843.76
-2846.07
-2848.37
-2850.67
-2852.97
-2855.27
-2857.58
-2859.88
-2862.18
-2864.48
-2866.78
-2869.08
-2871.38
-2873.68
-2875.99
-2878.29
-2880.59
-2882.89
-2885.19
-2887.49
-2889.79
-2892.09
-2894.39
-2896.69
-2898.99
-2901.29
-2903.59
-2905.89
-2908.19
-2910.49
-2912.79
-2915.09
-2917.39
-2919.69
-2921.98
-2924.28
-2926.58
-2928.88
-2931.18
-2933.48
-2935.78
-2938.07
-2940.37
-2942.67
-2944.97
-2947.27
-2949.56
-2951.86
-2954.16
-2956.46
-2958.76
-2961.05
-2963.35
-2965.65
-2967.94
-2970.24
-2972.54
-2974.84
-2977.13
-2979.43
-2981.72
-2984.02
-2986.32
-2988.61
-2990.91
-2993.21
-2995.5
-2997.8
-3000.09
-3002.39
-3004.68
-3006.98
-3009.28
-3011.57
-3013.87
-3016.16
-3018.46
-3020.75
-3023.05
-3025.34
-3027.63
-3029.93
-3032.22
-3034.52
-3036.81
-3039.11
-3041.4
-3043.69
-3045.99
-3048.28
-3050.58
-3052.87
-3055.16
-3057.46
-3059.75
-3062.04
-3064.34
-3066.63
-3068.92
-3071.21
-3073.51
-3075.8
-3078.09
-3080.38
-3082.68
-3084.97
-3087.26
-3089.55
-3091.84
-3094.14
-3096.43
-3098.72
-3101.01
-3103.3
-3105.59
-3107.88
-3110.18
-3112.47
-3114.76
-3117.05
-3119.34
-3121.63
-3123.92
-3126.21
-3128.5
-3130.79
-3133.08
-3135.37
-3137.66
-3139.95
-3142.24
-3144.53
-3146.82
-3149.11
-3151.4
-3153.69
-3155.98
-3158.27
-3160.56
-3162.84
-3165.13
-3167.42
-3169.71
-3172
-3174.29
-3176.58
-3178.86
-3181.15
-3183.44
-3185.73
-3188.02
-3190.3
-3192.59
-3194.88
-3197.17
-3199.45
-3201.74
-3204.03
-3206.31
-3208.6
-3210.89
-3213.18
-3215.46
-3217.75
-3220.04
-3222.32
-3224.61
-3226.89
-3229.18
-3231.47
-3233.75
-3236.04
-3238.32
-3240.61
-3242.89
-3245.18
-3247.47
-3249.75
-3252.04
-3254.32
-3256.61
-3258.89
-3261.17
-3263.46
-3265.74
-3268.03
-3270.31
-3272.6
-3274.88
-3277.17
-3279.45
-3281.73
-3284.02
-3286.3
-3288.58
-3290.87
-3293.15
-3295.43
-3297.72
-3300
-3302.28
-3304.57
-3306.85
-3309.13
-3311.41
-3313.7
-3315.98
-3318.26
-3320.54
-3322.83
-3325.11
-3327.39
-3329.67
-3331.95
-3334.23
-3336.52
-3338.8
-3341.08
-3343.36
-3345.64
-3347.92
-3350.2
-3352.48
-3354.76
-3357.04
-3359.33
-3361.61
-3363.89
-3366.17
-3368.45
-3370.73
-3373.01
-3375.29
-3377.57
-3379.85
-3382.13
-3384.4
-3386.68
-3388.96
-3391.24
-3393.52
-3395.8
-3398.08
-3400.36
-3402.64
-3404.92
-3407.19
-3409.47
-3411.75
-3414.03
-3416.31
-3418.58
-3420.86
-3423.14
-3425.42
-3427.7
-3429.97
-3432.25
-3434.53
-3436.81
-3439.08
-3441.36
-3443.64
-3445.91
-3448.19
-3450.47
-3452.74
-3455.02
-3457.3
-3459.57
-3461.85
-3464.12
-3466.4
-3468.68
-3470.95
-3473.23
-3475.5
-3477.78
-3480.05
-3482.33
-3484.6
-3486.88
-3489.15
-3491.43
-3493.7
-3495.98
-3498.25
-3500.53
-3502.8
-3505.08
-3507.35
-3509.62
-3511.9
-3514.17
-3516.45
-3518.72
-3520.99
-3523.27
-3525.54
-3527.81
-3530.09
-3532.36
-3534.63
-3536.91
-3539.18
-3541.45
-3543.72
-3546
-3548.27
-3550.54
-3552.81
-3555.09
-3557.36
-3559.63
-3561.9
-3564.17
-3566.44
-3568.72
-3570.99
-3573.26
-3575.53
-3577.8
-3580.07
-3582.34
-3584.61
-3586.88
-3589.16
-3591.43
-3593.7
-3595.97
-3598.24
-3600.51
-3602.78
-3605.05
-3607.32
-3609.59
-3611.86
-3614.13
-3616.4
-3618.66
-3620.93
-3623.2
-3625.47
-3627.74
-3630.01
-3632.28
-3634.55
-3636.82
-3639.08
-3641.35
-3643.62
-3645.89
-3648.16
-3650.43
-3652.69
-3654.96
-3657.23
-3659.5
-3661.76
-3664.03
-3666.3
-3668.57
-3670.83
-3673.1
-3675.37
-3677.63
-3679.9
-3682.17
-3684.43
-3686.7
-3688.97
-3691.23
-3693.5
-3695.76
-3698.03
-3700.3
-3702.56
-3704.83
-3707.09
-3709.36
-3711.62
-3713.89
-3716.15
-3718.42
-3720.68
-3722.95
-3725.21
-3727.48
-3729.74
-3732.01
-3734.27
-3736.54
-3738.8
-3741.06
-3743.33
-3745.59
-3747.86
-3750.12
-3752.38
-3754.65
-3756.91
-3759.17
-3761.44
-3763.7
-3765.96
-3768.23
-3770.49
-3772.75
-3775.01
-3777.28
-3779.54
-3781.8
-3784.06
-3786.32
-3788.59
-3790.85
-3793.11
-3795.37
-3797.63
-3799.89
-3802.16
-3804.42
-3806.68
-3808.94
-3811.2
-3813.46
-3815.72
-3817.98
-3820.24
-3822.5
-3824.76
-3827.02
-3829.28
-3831.55
-3833.81
-3836.06
-3838.32
-3840.58
-3842.84
-3845.1
-3847.36
-3849.62
-3851.88
-3854.14
-3856.4
-3858.66
-3860.92
-3863.18
-3865.43
-3867.69
-3869.95
-3872.21
-3874.47
-3876.73
-3878.98
-3881.24
-3883.5
-3885.76
-3888.01
-3890.27
-3892.53
-3894.79
-3897.04
-3899.3
-3901.56
-3903.82
-3906.07
-3908.33
-3910.59
-3912.84
-3915.1
-3917.35
-3919.61
-3921.87
-3924.12
-3926.38
-3928.63
-3930.89
-3933.15
-3935.4
-3937.66
-3939.91
-3942.17
-3944.42
-3946.68
-3948.93
-3951.19
-3953.44
-3955.7
-3957.95
-3960.21
-3962.46
-3964.71
-3966.97
-3969.22
-3971.48
-3973.73
-3975.98
-3978.24
-3980.49
-3982.74
-3985
-3987.25
-3989.5
-3991.76
-3994.01
-3996.26
-3998.52
-4000.77
-4003.02
-4005.27
-4007.53
-4009.78
-4012.03
-4014.28
-4016.53
-4018.79
-4021.04
-4023.29
-4025.54
-4027.79
-4030.04
-4032.29
-4034.55
-4036.8
-4039.05
-4041.3
-4043.55
-4045.8
-4048.05
-4050.3
-4052.55
-4054.8
-4057.05
-4059.3
-4061.55
-4063.8
-4066.05
-4068.3
-4070.55
-4072.8
-4075.05
-4077.3
-4079.55
-4081.8
-4084.05
-4086.29
-4088.54
-4090.79
-4093.04
-4095.29
-4097.54
-4099.79
-4102.03
-4104.28
-4106.53
-4108.78
-4111.02
-4113.27
-4115.52
-4117.77
-4120.01
-4122.26
-4124.51
-4126.76
-4129
-4131.25
-4133.5
-4135.74
-4137.99
-4140.24
-4142.48
-4144.73
-4146.97
-4149.22
-4151.47
-4153.71
-4155.96
-4158.2
-4160.45
-4162.69
-4164.94
-4167.19
-4169.43
-4171.68
-4173.92
-4176.17
-4178.41
-4180.65
-4182.9
-4185.14
-4187.39
-4189.63
-4191.88
-4194.12
-4196.36
-4198.61
-4200.85
-4203.1
-4205.34
-4207.58
-4209.83
-4212.07
-4214.31
-4216.55
-4218.8
-4221.04
-4223.28
-4225.53
-4227.77
-4230.01
-4232.25
-4234.5
-4236.74
-4238.98
-4241.22
-4243.46
-4245.7
-4247.95
-4250.19
-4252.43
-4254.67
-4256.91
-4259.15
-4261.39
-4263.63
-4265.88
-4268.12
-4270.36
-4272.6
-4274.84
-4277.08
-4279.32
-4281.56
-4283.8
-4286.04
-4288.28
-4290.52
-4292.76
-4295
-4297.24
-4299.48
-4301.71
-4303.95
-4306.19
-4308.43
-4310.67
-4312.91
-4315.15
-4317.39
-4319.62
-4321.86
-4324.1
-4326.34
-4328.58
-4330.81
-4333.05
-4335.29
-4337.53
-4339.77
-4342
-4344.24
-4346.48
-4348.71
-4350.95
-4353.19
-4355.42
-4357.66
-4359.9
-4362.13
-4364.37
-4366.61
-4368.84
-4371.08
-4373.31
-4375.55
-4377.79
-4380.02
-4382.26
-4384.49
-4386.73
-4388.96
-4391.2
-4393.43
-4395.67
-4397.9
-4400.14
-4402.37
-4404.61
-4406.84
-4409.08
-4411.31
-4413.54
-4415.78
-4418.01
-4420.25
-4422.48
-4424.71
-4426.95
-4429.18
-4431.41
-4433.65
-4435.88
-4438.11
-4440.35
-4442.58
-4444.81
-4447.04
-4449.28
-4451.51
-4453.74
-4455.97
-4458.21
-4460.44
-4462.67
-4464.9
-4467.13
-4469.36
-4471.6
-4473.83
-4476.06
-4478.29
-4480.52
-4482.75
-4484.98
-4487.21
-4489.44
-4491.67
-4493.9
-4496.14
-4498.37
-4500.6
-4502.83
-4505.06
-4507.29
-4509.52
-4511.74
-4513.97
-4516.2
-4518.43
-4520.66
-4522.89
-4525.12
-4527.35
-4529.58
-4531.81
-4534.04
-4536.26
-4538.49
-4540.72
-4542.95
-4545.18
-4547.41
-4549.63
-4551.86
-4554.09
-4556.32
-4558.54
-4560.77
-4563
-4565.23
-4567.45
-4569.68
-4571.91
-4574.13
-4576.36
-4578.59
-4580.81
-4583.04
-4585.27
-4587.49
-4589.72
-4591.94
-4594.17
-4596.4
-4598.62
-4600.85
-4603.07
-4605.3
-4607.52
-4609.75
-4611.97
-4614.2
-4616.42
-4618.65
-4620.87
-4623.1
-4625.32
-4627.55
-4629.77
-4631.99
-4634.22
-4636.44
-4638.67
-4640.89
-4643.11
-4645.34
-4647.56
-4649.78
-4652.01
-4654.23
-4656.45
-4658.67
-4660.9
-4663.12
-4665.34
-4667.57
-4669.79
-4672.01
-4674.23
-4676.45
-4678.68
-4680.9
-4683.12
-4685.34
-4687.56
-4689.78
-4692.01
-4694.23
-4696.45
-4698.67
-4700.89
-4703.11
-4705.33
-4707.55
-4709.77
-4711.99
-4714.21
-4716.43
-4718.65
-4720.87
-4723.09
-4725.31
-4727.53
-4729.75
-4731.97
-4734.19
-4736.41
-4738.63
-4740.85
-4743.07
-4745.29
-4747.51
-4749.72
-4751.94
-4754.16
-4756.38
-4758.6
-4760.82
-4763.03
-4765.25
-4767.47
-4769.69
-4771.91
-4774.12
-4776.34
-4778.56
-4780.77
-4782.99
-4785.21
-4787.43
-4789.64
-4791.86
-4794.08
-4796.29
-4798.51
-4800.73
-4802.94
-4805.16
-4807.37
-4809.59
-4811.81
-4814.02
-4816.24
-4818.45
-4820.67
-4822.88
-4825.1
-4827.31
-4829.53
-4831.74
-4833.96
-4836.17
-4838.39
-4840.6
-4842.82
-4845.03
-4847.24
-4849.46
-4851.67
-4853.89
-4856.1
-4858.31
-4860.53
-4862.74
-4864.95
-4867.17
-4869.38
-4871.59
-4873.8
-4876.02
-4878.23
-4880.44
-4882.66
-4884.87
-4887.08
-4889.29
-4891.5
-4893.72
-4895.93
-4898.14
-4900.35
-4902.56
-4904.77
-4906.99
-4909.2
-4911.41
-4913.62
-4915.83
-4918.04
-4920.25
-4922.46
-4924.67
-4926.88
-4929.09
-4931.3
-4933.51
-4935.72
-4937.93
-4940.14
-4942.35
-4944.56
-4946.77
-4948.98
-4951.19
-4953.4
-4955.61
-4957.82
-4960.03
-4962.23
-4964.44
-4966.65
-4968.86
-4971.07
-4973.28
-4975.48
-4977.69
-4979.9
-4982.11
-4984.32
-4986.52
-4988.73
-4990.94
-4993.15
-4995.35
-4997.56
-4999.77
-5001.97
-5004.18
-5006.39
-5008.59
-5010.8
-5013.01
-5015.21
-5017.42
-5019.62
-5021.83
-5024.04
-5026.24
-5028.45
-5030.65
-5032.86
-5035.06
-5037.27
-5039.47
-5041.68
-5043.88
-5046.09
-5048.29
-5050.5
-5052.7
-5054.91
-5057.11
-5059.31
-5061.52
-5063.72
-5065.93
-5068.13
-5070.33
-5072.54
-5074.74
-5076.94
-5079.15
-5081.35
-5083.55
-5085.75
-5087.96
-5090.16
-5092.36
-5094.57
-5096.77
-5098.97
-5101.17
-5103.37
-5105.58
-5107.78
-5109.98
-5112.18
-5114.38
-5116.58
-5118.79
-5120.99
-5123.19
-5125.39
-5127.59
-5129.79
-5131.99
-5134.19
-5136.39
-5138.59
-5140.79
-5142.99
-5145.19
-5147.39
-5149.59
-5151.79
-5153.99
-5156.19
-5158.39
-5160.59
-5162.79
-5164.99
-5167.19
-5169.39
-5171.58
-5173.78
-5175.98
-5178.18
-5180.38
-5182.58
-5184.77
-5186.97
-5189.17
-5191.37
-5193.57
-5195.76
-5197.96
-5200.16
-5202.36
-5204.55
-5206.75
-5208.95
-5211.14
-5213.34
-5215.54
-5217.73
-5219.93
-5222.13
-5224.32
-5226.52
-5228.71
-5230.91
-5233.11
-5235.3
-5237.5
-5239.69
-5241.89
-5244.08
-5246.28
-5248.47
-5250.67
-5252.86
-5255.06
-5257.25
-5259.45
-5261.64
-5263.84
-5266.03
-5268.22
-5270.42
-5272.61
-5274.81
-5277
-5279.19
-5281.39
-5283.58
-5285.77
-5287.97
-5290.16
-5292.35
-5294.54
-5296.74
-5298.93
-5301.12
-5303.32
-5305.51
-5307.7
-5309.89
-5312.08
-5314.28
-5316.47
-5318.66
-5320.85
-5323.04
-5325.23
-5327.42
-5329.62
-5331.81
-5334
-5336.19
-5338.38
-5340.57
-5342.76
-5344.95
-5347.14
-5349.33
-5351.52
-5353.71
-5355.9
-5358.09
-5360.28
-5362.47
-5364.66
-5366.85
-5369.04
-5371.23
-5373.42
-5375.6
-5377.79
-5379.98
-5382.17
-5384.36
-5386.55
-5388.74
-5390.92
-5393.11
-5395.3
-5397.49
-5399.67
-5401.86
-5404.05
-5406.24
-5408.42
-5410.61
-5412.8
-5414.99
-5417.17
-5419.36
-5421.55
-5423.73
-5425.92
-5428.11
-5430.29
-5432.48
-5434.66
-5436.85
-5439.04
-5441.22
-5443.41
-5445.59
-5447.78
-5449.96
-5452.15
-5454.33
-5456.52
-5458.7
-5460.89
-5463.07
-5465.26
-5467.44
-5469.62
-5471.81
-5473.99
-5476.18
-5478.36
-5480.54
-5482.73
-5484.91
-5487.1
-5489.28
-5491.46
-5493.64
-5495.83
-5498.01
-5500.19
-5502.38
-5504.56
-5506.74
-5508.92
-5511.11
-5513.29
-5515.47
-5517.65
-5519.83
-5522.02
-5524.2
-5526.38
-5528.56
-5530.74
-5532.92
-5535.1
-5537.28
-5539.46
-5541.65
-5543.83
-5546.01
-5548.19
-5550.37
-5552.55
-5554.73
-5556.91
-5559.09
-5561.27
-5563.45
-5565.63
-5567.81
-5569.99
-5572.16
-5574.34
-5576.52
-5578.7
-5580.88
-5583.06
-5585.24
-5587.42
-5589.59
-5591.77
-5593.95
-5596.13
-5598.31
-5600.48
-5602.66
-5604.84
-5607.02
-5609.19
-5611.37
-5613.55
-5615.73
-5617.9
-5620.08
-5622.26
-5624.43
-5626.61
-5628.79
-5630.96
-5633.14
-5635.31
-5637.49
-5639.67
-5641.84
-5644.02
-5646.19
-5648.37
-5650.54
-5652.72
-5654.89
-5657.07
-5659.24
-5661.42
-5663.59
-5665.77
-5667.94
-5670.12
-5672.29
-5674.47
-5676.64
-5678.81
-5680.99
-5683.16
-5685.33
-5687.51
-5689.68
-5691.85
-5694.03
-5696.2
-5698.37
-5700.55
-5702.72
-5704.89
-5707.06
-5709.24
-5711.41
-5713.58
-5715.75
-5717.92
-5720.1
-5722.27
-5724.44
-5726.61
-5728.78
-5730.95
-5733.13
-5735.3
-5737.47
-5739.64
-5741.81
-5743.98
-5746.15
-5748.32
-5750.49
-5752.66
-5754.83
-5757
-5759.17
-5761.34
-5763.51
-5765.68
-5767.85
-5770.02
-5772.19
-5774.36
-5776.53
-5778.69
-5780.86
-5783.03
-5785.2
-5787.37
-5789.54
-5791.71
-5793.87
-5796.04
-5798.21
-5800.38
-5802.54
-5804.71
-5806.88
-5809.05
-5811.21
-5813.38
-5815.55
-5817.72
-5819.88
-5822.05
-5824.22
-5826.38
-5828.55
-5830.71
-5832.88
-5835.05
-5837.21
-5839.38
-5841.54
-5843.71
-5845.88
-5848.04
-5850.21
-5852.37
-5854.54
-5856.7
-5858.87
-5861.03
-5863.2
-5865.36
-5867.52
-5869.69
-5871.85
-5874.02
-5876.18
-5878.34
-5880.51
-5882.67
-5884.83
-5887
-5889.16
-5891.32
-5893.49
-5895.65
-5897.81
-5899.98
-5902.14
-5904.3
-5906.46
-5908.63
-5910.79
-5912.95
-5915.11
-5917.27
-5919.44
-5921.6
-5923.76
-5925.92
-5928.08
-5930.24
-5932.4
-5934.56
-5936.73
-5938.89
-5941.05
-5943.21
-5945.37
-5947.53
-5949.69
-5951.85
-5954.01
-5956.17
-5958.33
-5960.49
-5962.65
-5964.81
-5966.97
-5969.12
-5971.28
-5973.44
-5975.6
-5977.76
-5979.92
-5982.08
-5984.24
-5986.39
-5988.55
-5990.71
-5992.87
-5995.03
-5997.18
-5999.34
-6001.5
-6003.66
-6005.81
-6007.97
-6010.13
-6012.28
-6014.44
-6016.6
-6018.76
-6020.91
-6023.07
-6025.22
-6027.38
-6029.54
-6031.69
-6033.85
-6036
-6038.16
-6040.32
-6042.47
-6044.63
-6046.78
-6048.94
-6051.09
-6053.25
-6055.4
-6057.56
-6059.71
-6061.86
-6064.02
-6066.17
-6068.33
-6070.48
-6072.63
-6074.79
-6076.94
-6079.1
-6081.25
-6083.4
-6085.55
-6087.71
-6089.86
-6092.01
-6094.17
-6096.32
-6098.47
-6100.62
-6102.78
-6104.93
-6107.08
-6109.23
-6111.38
-6113.54
-6115.69
-6117.84
-6119.99
-6122.14
-6124.29
-6126.44
-6128.59
-6130.75
-6132.9
-6135.05
-6137.2
-6139.35
-6141.5
-6143.65
-6145.8
-6147.95
-6150.1
-6152.25
-6154.4
-6156.55
-6158.7
-6160.84
-6162.99
-6165.14
-6167.29
-6169.44
-6171.59
-6173.74
-6175.89
-6178.03
-6180.18
-6182.33
-6184.48
-6186.63
-6188.77
-6190.92
-6193.07
-6195.22
-6197.36
-6199.51
-6201.66
-6203.81
-6205.95
-6208.1
-6210.25
-6212.39
-6214.54
-6216.68
-6218.83
-6220.98
-6223.12
-6225.27
-6227.41
-6229.56
-6231.71
-6233.85
-6236
-6238.14
-6240.29
-6242.43
-6244.58
-6246.72
-6248.87
-6251.01
-6253.15
-6255.3
-6257.44
-6259.59
-6261.73
-6263.87
-6266.02
-6268.16
-6270.31
-6272.45
-6274.59
-6276.73
-6278.88
-6281.02
-6283.16
-6285.31
-6287.45
-6289.59
-6291.73
-6293.88
-6296.02
-6298.16
-6300.3
-6302.44
-6304.58
-6306.73
-6308.87
-6311.01
-6313.15
-6315.29
-6317.43
-6319.57
-6321.71
-6323.85
-6325.99
-6328.14
-6330.28
-6332.42
-6334.56
-6336.7
-6338.84
-6340.98
-6343.11
-6345.25
-6347.39
-6349.53
-6351.67
-6353.81
-6355.95
-6358.09
-6360.23
-6362.37
-6364.5
-6366.64
-6368.78
-6370.92
-6373.06
-6375.19
-6377.33
-6379.47
-6381.61
-6383.75
-6385.88
-6388.02
-6390.16
-6392.29
-6394.43
-6396.57
-6398.7
-6400.84
-6402.98
-6405.11
-6407.25
-6409.39
-6411.52
-6413.66
-6415.79
-6417.93
-6420.06
-6422.2
-6424.33
-6426.47
-6428.6
-6430.74
-6432.87
-6435.01
-6437.14
-6439.28
-6441.41
-6443.55
-6445.68
-6447.81
-6449.95
-6452.08
-6454.22
-6456.35
-6458.48
-6460.62
-6462.75
-6464.88
-6467.01
-6469.15
-6471.28
-6473.41
-6475.54
-6477.68
-6479.81
-6481.94
-6484.07
-6486.21
-6488.34
-6490.47
-6492.6
-6494.73
-6496.86
-6498.99
-6501.13
-6503.26
-6505.39
-6507.52
-6509.65
-6511.78
-6513.91
-6516.04
-6518.17
-6520.3
-6522.43
-6524.56
-6526.69
-6528.82
-6530.95
-6533.08
-6535.21
-6537.34
-6539.46
-6541.59
-6543.72
-6545.85
-6547.98
-6550.11
-6552.24
-6554.36
-6556.49
-6558.62
-6560.75
-6562.88
-6565
-6567.13
-6569.26
-6571.39
-6573.51
-6575.64
-6577.77
-6579.89
-6582.02
-6584.15
-6586.27
-6588.4
-6590.53
-6592.65
-6594.78
-6596.9
-6599.03
-6601.15
-6603.28
-6605.41
-6607.53
-6609.66
-6611.78
-6613.91
-6616.03
-6618.16
-6620.28
-6622.4
-6624.53
-6626.65
-6628.78
-6630.9
-6633.02
-6635.15
-6637.27
-6639.4
-6641.52
-6643.64
-6645.77
-6647.89
-6650.01
-6652.13
-6654.26
-6656.38
-6658.5
-6660.62
-6662.75
-6664.87
-6666.99
-6669.11
-6671.23
-6673.36
-6675.48
-6677.6
-6679.72
-6681.84
-6683.96
-6686.08
-6688.2
-6690.32
-6692.45
-6694.57
-6696.69
-6698.81
-6700.93
-6703.05
-6705.17
-6707.29
-6709.41
-6711.52
-6713.64
-6715.76
-6717.88
-6720
-6722.12
-6724.24
-6726.36
-6728.48
-6730.6
-6732.71
-6734.83
-6736.95
-6739.07
-6741.19
-6743.3
-6745.42
-6747.54
-6749.66
-6751.77
-6753.89
-6756.01
-6758.12
-6760.24
-6762.36
-6764.47
-6766.59
-6768.71
-6770.82
-6772.94
-6775.05
-6777.17
-6779.29
-6781.4
-6783.52
-6785.63
-6787.75
-6789.86
-6791.98
-6794.09
-6796.21
-6798.32
-6800.44
-6802.55
-6804.67
-6806.78
-6808.89
-6811.01
-6813.12
-6815.24
-6817.35
-6819.46
-6821.58
-6823.69
-6825.8
-6827.92
-6830.03
-6832.14
-6834.25
-6836.37
-6838.48
-6840.59
-6842.7
-6844.81
-6846.93
-6849.04
-6851.15
-6853.26
-6855.37
-6857.48
-6859.6
-6861.71
-6863.82
-6865.93
-6868.04
-6870.15
-6872.26
-6874.37
-6876.48
-6878.59
-6880.7
-6882.81
-6884.92
-6887.03
-6889.14
-6891.25
-6893.36
-6895.47
-6897.58
-6899.69
-6901.79
-6903.9
-6906.01
-6908.12
-6910.23
-6912.34
-6914.44
-6916.55
-6918.66
-6920.77
-6922.88
-6924.98
-6927.09
-6929.2
-6931.3
-6933.41
-6935.52
-6937.63
-6939.73
-6941.84
-6943.94
-6946.05
-6948.16
-6950.26
-6952.37
-6954.47
-6956.58
-6958.69
-6960.79
-6962.9
-6965
-6967.11
-6969.21
-6971.32
-6973.42
-6975.53
-6977.63
-6979.73
-6981.84
-6983.94
-6986.05
-6988.15
-6990.25
-6992.36
-6994.46
-6996.57
-6998.67
-7000.77
-7002.87
-7004.98
-7007.08
-7009.18
-7011.29
-7013.39
-7015.49
-7017.59
-7019.69
-7021.8
-7023.9
-7026
-7028.1
-7030.2
-7032.3
-7034.4
-7036.51
-7038.61
-7040.71
-7042.81
-7044.91
-7047.01
-7049.11
-7051.21
-7053.31
-7055.41
-7057.51
-7059.61
-7061.71
-7063.81
-7065.91
-7068.01
-7070.11
-7072.21
-7074.3
-7076.4
-7078.5
-7080.6
-7082.7
-7084.8
-7086.89
-7088.99
-7091.09
-7093.19
-7095.29
-7097.38
-7099.48
-7101.58
-7103.68
-7105.77
-7107.87
-7109.97
-7112.06
-7114.16
-7116.26
-7118.35
-7120.45
-7122.54
-7124.64
-7126.74
-7128.83
-7130.93
-7133.02
-7135.12
-7137.21
-7139.31
-7141.4
-7143.5
-7145.59
-7147.69
-7149.78
-7151.88
-7153.97
-7156.06
-7158.16
-7160.25
-7162.35
-7164.44
-7166.53
-7168.63
-7170.72
-7172.81
-7174.91
-7177
-7179.09
-7181.18
-7183.28
-7185.37
-7187.46
-7189.55
-7191.64
-7193.74
-7195.83
-7197.92
-7200.01
-7202.1
-7204.19
-7206.28
-7208.38
-7210.47
-7212.56
-7214.65
-7216.74
-7218.83
-7220.92
-7223.01
-7225.1
-7227.19
-7229.28
-7231.37
-7233.46
-7235.55
-7237.64
-7239.73
-7241.81
-7243.9
-7245.99
-7248.08
-7250.17
-7252.26
-7254.35
-7256.43
-7258.52
-7260.61
-7262.7
-7264.79
-7266.87
-7268.96
-7271.05
-7273.13
-7275.22
-7277.31
-7279.4
-7281.48
-7283.57
-7285.65
-7287.74
-7289.83
-7291.91
-7294
-7296.08
-7298.17
-7300.26
-7302.34
-7304.43
-7306.51
-7308.6
-7310.68
-7312.77
-7314.85
-7316.94
-7319.02
-7321.1
-7323.19
-7325.27
-7327.36
-7329.44
-7331.52
-7333.61
-7335.69
-7337.77
-7339.86
-7341.94
-7344.02
-7346.11
-7348.19
-7350.27
-7352.35
-7354.44
-7356.52
-7358.6
-7360.68
-7362.76
-7364.84
-7366.93
-7369.01
-7371.09
-7373.17
-7375.25
-7377.33
-7379.41
-7381.49
-7383.57
-7385.65
-7387.73
-7389.81
-7391.89
-7393.97
-7396.05
-7398.13
-7400.21
-7402.29
-7404.37
-7406.45
-7408.53
-7410.61
-7412.69
-7414.77
-7416.84
-7418.92
-7421
-7423.08
-7425.16
-7427.23
-7429.31
-7431.39
-7433.47
-7435.54
-7437.62
-7439.7
-7441.77
-7443.85
-7445.93
-7448
-7450.08
-7452.16
-7454.23
-7456.31
-7458.39
-7460.46
-7462.54
-7464.61
-7466.69
-7468.76
-7470.84
-7472.91
-7474.99
-7477.06
-7479.14
-7481.21
-7483.29
-7485.36
-7487.44
-7489.51
-7491.58
-7493.66
-7495.73
-7497.8
-7499.88
-7501.95
-7504.02
-7506.1
-7508.17
-7510.24
-7512.31
-7514.39
-7516.46
-7518.53
-7520.6
-7522.68
-7524.75
-7526.82
-7528.89
-7530.96
-7533.03
-7535.1
-7537.18
-7539.25
-7541.32
-7543.39
-7545.46
-7547.53
-7549.6
-7551.67
-7553.74
-7555.81
-7557.88
-7559.95
-7562.02
-7564.09
-7566.16
-7568.23
-7570.29
-7572.36
-7574.43
-7576.5
-7578.57
-7580.64
-7582.71
-7584.77
-7586.84
-7588.91
-7590.98
-7593.04
-7595.11
-7597.18
-7599.25
-7601.31
-7603.38
-7605.45
-7607.51
-7609.58
-7611.65
-7613.71
-7615.78
-7617.85
-7619.91
-7621.98
-7624.04
-7626.11
-7628.17
-7630.24
-7632.3
-7634.37
-7636.43
-7638.5
-7640.56
-7642.63
-7644.69
-7646.76
-7648.82
-7650.88
-7652.95
-7655.01
-7657.07
-7659.14
-7661.2
-7663.26
-7665.33
-7667.39
-7669.45
-7671.52
-7673.58
-7675.64
-7677.7
-7679.76
-7681.83
-7683.89
-7685.95
-7688.01
-7690.07
-7692.13
-7694.2
-7696.26
-7698.32
-7700.38
-7702.44
-7704.5
-7706.56
-7708.62
-7710.68
-7712.74
-7714.8
-7716.86
-7718.92
-7720.98
-7723.04
-7725.1
-7727.16
-7729.22
-7731.27
-7733.33
-7735.39
-7737.45
-7739.51
-7741.57
-7743.62
-7745.68
-7747.74
-7749.8
-7751.85
-7753.91
-7755.97
-7758.03
-7760.08
-7762.14
-7764.2
-7766.25
-7768.31
-7770.37
-7772.42
-7774.48
-7776.53
-7778.59
-7780.65
-7782.7
-7784.76
-7786.81
-7788.87
-7790.92
-7792.98
-7795.03
-7797.09
-7799.14
-7801.19
-7803.25
-7805.3
-7807.36
-7809.41
-7811.46
-7813.52
-7815.57
-7817.62
-7819.68
-7821.73
-7823.78
-7825.84
-7827.89
-7829.94
-7831.99
-7834.05
-7836.1
-7838.15
-7840.2
-7842.25
-7844.3
-7846.36
-7848.41
-7850.46
-7852.51
-7854.56
-7856.61
-7858.66
-7860.71
-7862.76
-7864.81
-7866.86
-7868.91
-7870.96
-7873.01
-7875.06
-7877.11
-7879.16
-7881.21
-7883.26
-7885.31
-7887.35
-7889.4
-7891.45
-7893.5
-7895.55
-7897.6
-7899.64
-7901.69
-7903.74
-7905.79
-7907.83
-7909.88
-7911.93
-7913.98
-7916.02
-7918.07
-7920.12
-7922.16
-7924.21
-7926.25
-7928.3
-7930.35
-7932.39
-7934.44
-7936.48
-7938.53
-7940.57
-7942.62
-7944.66
-7946.71
-7948.75
-7950.8
-7952.84
-7954.89
-7956.93
-7958.97
-7961.02
-7963.06
-7965.1
-7967.15
-7969.19
-7971.23
-7973.28
-7975.32
-7977.36
-7979.41
-7981.45
-7983.49
-7985.53
-7987.57
-7989.62
-7991.66
-7993.7
-7995.74
-7997.78
-7999.82
-8001.87
-8003.91
-8005.95
-8007.99
-8010.03
-8012.07
-8014.11
-8016.15
-8018.19
-8020.23
-8022.27
-8024.31
-8026.35
-8028.39
-8030.43
-8032.47
-8034.5
-8036.54
-8038.58
-8040.62
-8042.66
-8044.7
-8046.73
-8048.77
-8050.81
-8052.85
-8054.89
-8056.92
-8058.96
-8061
-8063.03
-8065.07
-8067.11
-8069.14
-8071.18
-8073.22
-8075.25
-8077.29
-8079.33
-8081.36
-8083.4
-8085.43
-8087.47
-8089.5
-8091.54
-8093.57
-8095.61
-8097.64
-8099.68
-8101.71
-8103.74
-8105.78
-8107.81
-8109.85
-8111.88
-8113.91
-8115.95
-8117.98
-8120.01
-8122.05
-8124.08
-8126.11
-8128.14
-8130.18
-8132.21
-8134.24
-8136.27
-8138.31
-8140.34
-8142.37
-8144.4
-8146.43
-8148.46
-8150.49
-8152.52
-8154.55
-8156.59
-8158.62
-8160.65
-8162.68
-8164.71
-8166.74
-8168.77
-8170.8
-8172.83
-8174.85
-8176.88
-8178.91
-8180.94
-8182.97
-8185
-8187.03
-8189.06
-8191.08
-8193.11
-8195.14
-8197.17
-8199.2
-8201.22
-8203.25
-8205.28
-8207.3
-8209.33
-8211.36
-8213.39
-8215.41
-8217.44
-8219.46
-8221.49
-8223.52
-8225.54
-8227.57
-8229.59
-8231.62
-8233.64
-8235.67
-8237.69
-8239.72
-8241.74
-8243.77
-8245.79
-8247.82
-8249.84
-8251.87
-8253.89
-8255.91
-8257.94
-8259.96
-8261.98
-8264.01
-8266.03
-8268.05
-8270.07
-8272.1
-8274.12
-8276.14
-8278.16
-8280.19
-8282.21
-8284.23
-8286.25
-8288.27
-8290.29
-8292.32
-8294.34
-8296.36
-8298.38
-8300.4
-8302.42
-8304.44
-8306.46
-8308.48
-8310.5
-8312.52
-8314.54
-8316.56
-8318.58
-8320.6
-8322.62
-8324.63
-8326.65
-8328.67
-8330.69
-8332.71
-8334.73
-8336.74
-8338.76
-8340.78
-8342.8
-8344.81
-8346.83
-8348.85
-8350.87
-8352.88
-8354.9
-8356.92
-8358.93
-8360.95
-8362.97
-8364.98
-8367
-8369.01
-8371.03
-8373.04
-8375.06
-8377.07
-8379.09
-8381.1
-8383.12
-8385.13
-8387.15
-8389.16
-8391.18
-8393.19
-8395.2
-8397.22
-8399.23
-8401.24
-8403.26
-8405.27
-8407.28
-8409.3
-8411.31
-8413.32
-8415.33
-8417.35
-8419.36
-8421.37
-8423.38
-8425.39
-8427.4
-8429.42
-8431.43
-8433.44
-8435.45
-8437.46
-8439.47
-8441.48
-8443.49
-8445.5
-8447.51
-8449.52
-8451.53
-8453.54
-8455.55
-8457.56
-8459.57
-8461.58
-8463.59
-8465.6
-8467.6
-8469.61
-8471.62
-8473.63
-8475.64
-8477.64
-8479.65
-8481.66
-8483.67
-8485.67
-8487.68
-8489.69
-8491.7
-8493.7
-8495.71
-8497.72
-8499.72
-8501.73
-8503.73
-8505.74
-8507.74
-8509.75
-8511.76
-8513.76
-8515.77
-8517.77
-8519.78
-8521.78
-8523.78
-8525.79
-8527.79
-8529.8
-8531.8
-8533.8
-8535.81
-8537.81
-8539.81
-8541.82
-8543.82
-8545.82
-8547.83
-8549.83
-8551.83
-8553.83
-8555.84
-8557.84
-8559.84
-8561.84
-8563.84
-8565.84
-8567.84
-8569.85
-8571.85
-8573.85
-8575.85
-8577.85
-8579.85
-8581.85
-8583.85
-8585.85
-8587.85
-8589.85
-8591.85
-8593.85
-8595.85
-8597.84
-8599.84
-8601.84
-8603.84
-8605.84
-8607.84
-8609.84
-8611.83
-8613.83
-8615.83
-8617.83
-8619.82
-8621.82
-8623.82
-8625.81
-8627.81
-8629.81
-8631.8
-8633.8
-8635.8
-8637.79
-8639.79
-8641.78
-8643.78
-8645.77
-8647.77
-8649.76
-8651.76
-8653.75
-8655.75
-8657.74
-8659.74
-8661.73
-8663.73
-8665.72
-8667.71
-8669.71
-8671.7
-8673.69
-8675.69
-8677.68
-8679.67
-8681.66
-8683.66
-8685.65
-8687.64
-8689.63
-8691.63
-8693.62
-8695.61
-8697.6
-8699.59
-8701.58
-8703.57
-8705.56
-8707.55
-8709.55
-8711.54
-8713.53
-8715.52
-8717.51
-8719.5
-8721.49
-8723.47
-8725.46
-8727.45
-8729.44
-8731.43
-8733.42
-8735.41
-8737.4
-8739.38
-8741.37
-8743.36
-8745.35
-8747.34
-8749.32
-8751.31
-8753.3
-8755.28
-8757.27
-8759.26
-8761.24
-8763.23
-8765.22
-8767.2
-8769.19
-8771.17
-8773.16
-8775.15
-8777.13
-8779.12
-8781.1
-8783.09
-8785.07
-8787.05
-8789.04
-8791.02
-8793.01
-8794.99
-8796.97
-8798.96
-8800.94
-8802.92
-8804.91
-8806.89
-8808.87
-8810.86
-8812.84
-8814.82
-8816.8
-8818.79
-8820.77
-8822.75
-8824.73
-8826.71
-8828.69
-8830.67
-8832.66
-8834.64
-8836.62
-8838.6
-8840.58
-8842.56
-8844.54
-8846.52
-8848.5
-8850.48
-8852.46
-8854.43
-8856.41
-8858.39
-8860.37
-8862.35
-8864.33
-8866.31
-8868.28
-8870.26
-8872.24
-8874.22
-8876.2
-8878.17
-8880.15
-8882.13
-8884.1
-8886.08
-8888.06
-8890.03
-8892.01
-8893.99
-8895.96
-8897.94
-8899.91
-8901.89
-8903.86
-8905.84
-8907.81
-8909.79
-8911.76
-8913.74
-8915.71
-8917.69
-8919.66
-8921.63
-8923.61
-8925.58
-8927.55
-8929.53
-8931.5
-8933.47
-8935.45
-8937.42
-8939.39
-8941.36
-8943.34
-8945.31
-8947.28
-8949.25
-8951.22
-8953.19
-8955.17
-8957.14
-8959.11
-8961.08
-8963.05
-8965.02
-8966.99
-8968.96
-8970.93
-8972.9
-8974.87
-8976.84
-8978.81
-8980.78
-8982.74
-8984.71
-8986.68
-8988.65
-8990.62
-8992.59
-8994.55
-8996.52
-8998.49
-9000.46
-9002.42
-9004.39
-9006.36
-9008.33
-9010.29
-9012.26
-9014.22
-9016.19
-9018.16
-9020.12
-9022.09
-9024.05
-9026.02
-9027.98
-9029.95
-9031.91
-9033.88
-9035.84
-9037.81
-9039.77
-9041.74
-9043.7
-9045.66
-9047.63
-9049.59
-9051.55
-9053.52
-9055.48
-9057.44
-9059.41
-9061.37
-9063.33
-9065.29
-9067.25
-9069.22
-9071.18
-9073.14
-9075.1
-9077.06
-9079.02
-9080.98
-9082.94
-9084.9
-9086.86
-9088.82
-9090.78
-9092.74
-9094.7
-9096.66
-9098.62
-9100.58
-9102.54
-9104.5
-9106.46
-9108.42
-9110.38
-9112.33
-9114.29
-9116.25
-9118.21
-9120.16
-9122.12
-9124.08
-9126.04
-9127.99
-9129.95
-9131.91
-9133.86
-9135.82
-9137.78
-9139.73
-9141.69
-9143.64
-9145.6
-9147.55
-9149.51
-9151.46
-9153.42
-9155.37
-9157.33
-9159.28
-9161.23
-9163.19
-9165.14
-9167.1
-9169.05
-9171
-9172.96
-9174.91
-9176.86
-9178.81
-9180.77
-9182.72
-9184.67
-9186.62
-9188.57
-9190.53
-9192.48
-9194.43
-9196.38
-9198.33
-9200.28
-9202.23
-9204.18
-9206.13
-9208.08
-9210.03
-9211.98
-9213.93
-9215.88
-9217.83
-9219.78
-9221.73
-9223.68
-9225.62
-9227.57
-9229.52
-9231.47
-9233.42
-9235.36
-9237.31
-9239.26
-9241.21
-9243.15
-9245.1
-9247.05
-9248.99
-9250.94
-9252.89
-9254.83
-9256.78
-9258.72
-9260.67
-9262.61
-9264.56
-9266.5
-9268.45
-9270.39
-9272.34
-9274.28
-9276.23
-9278.17
-9280.11
-9282.06
-9284
-9285.95
-9287.89
-9289.83
-9291.77
-9293.72
-9295.66
-9297.6
-9299.54
-9301.49
-9303.43
-9305.37
-9307.31
-9309.25
-9311.19
-9313.13
-9315.07
-9317.01
-9318.95
-9320.89
-9322.83
-9324.77
-9326.71
-9328.65
-9330.59
-9332.53
-9334.47
-9336.41
-9338.35
-9340.29
-9342.23
-9344.16
-9346.1
-9348.04
-9349.98
-9351.91
-9353.85
-9355.79
-9357.73
-9359.66
-9361.6
-9363.54
-9365.47
-9367.41
-9369.34
-9371.28
-9373.22
-9375.15
-9377.09
-9379.02
-9380.96
-9382.89
-9384.82
-9386.76
-9388.69
-9390.63
-9392.56
-9394.49
-9396.43
-9398.36
-9400.29
-9402.23
-9404.16
-9406.09
-9408.02
-9409.96
-9411.89
-9413.82
-9415.75
-9417.68
-9419.62
-9421.55
-9423.48
-9425.41
-9427.34
-9429.27
-9431.2
-9433.13
-9435.06
-9436.99
-9438.92
-9440.85
-9442.78
-9444.71
-9446.64
-9448.56
-9450.49
-9452.42
-9454.35
-9456.28
-9458.21
-9460.13
-9462.06
-9463.99
-9465.92
-9467.84
-9469.77
-9471.7
-9473.62
-9475.55
-9477.47
-9479.4
-9481.33
-9483.25
-9485.18
-9487.1
-9489.03
-9490.95
-9492.88
-9494.8
-9496.72
-9498.65
-9500.57
-9502.5
-9504.42
-9506.34
-9508.27
-9510.19
-9512.11
-9514.04
-9515.96
-9517.88
-9519.8
-9521.72
-9523.65
-9525.57
-9527.49
-9529.41
-9531.33
-9533.25
-9535.17
-9537.09
-9539.01
-9540.93
-9542.85
-9544.77
-9546.69
-9548.61
-9550.53
-9552.45
-9554.37
-9556.29
-9558.21
-9560.13
-9562.04
-9563.96
-9565.88
-9567.8
-9569.71
-9571.63
-9573.55
-9575.47
-9577.38
-9579.3
-9581.21
-9583.13
-9585.05
-9586.96
-9588.88
-9590.79
-9592.71
-9594.62
-9596.54
-9598.45
-9600.37
-9602.28
-9604.2
-9606.11
-9608.02
-9609.94
-9611.85
-9613.76
-9615.68
-9617.59
-9619.5
-9621.42
-9623.33
-9625.24
-9627.15
-9629.06
-9630.98
-9632.89
-9634.8
-9636.71
-9638.62
-9640.53
-9642.44
-9644.35
-9646.26
-9648.17
-9650.08
-9651.99
-9653.9
-9655.81
-9657.72
-9659.63
-9661.54
-9663.44
-9665.35
-9667.26
-9669.17
-9671.08
-9672.98
-9674.89
-9676.8
-9678.71
-9680.61
-9682.52
-9684.43
-9686.33
-9688.24
-9690.14
-9692.05
-9693.95
-9695.86
-9697.76
-9699.67
-9701.57
-9703.48
-9705.38
-9707.29
-9709.19
-9711.1
-9713
-9714.9
-9716.81
-9718.71
-9720.61
-9722.51
-9724.42
-9726.32
-9728.22
-9730.12
-9732.02
-9733.93
-9735.83
-9737.73
-9739.63
-9741.53
-9743.43
-9745.33
-9747.23
-9749.13
-9751.03
-9752.93
-9754.83
-9756.73
-9758.63
-9760.53
-9762.43
-9764.32
-9766.22
-9768.12
-9770.02
-9771.92
-9773.81
-9775.71
-9777.61
-9779.51
-9781.4
-9783.3
-9785.2
-9787.09
-9788.99
-9790.88
-9792.78
-9794.67
-9796.57
-9798.46
-9800.36
-9802.25
-9804.15
-9806.04
-9807.94
-9809.83
-9811.73
-9813.62
-9815.51
-9817.41
-9819.3
-9821.19
-9823.08
-9824.98
-9826.87
-9828.76
-9830.65
-9832.54
-9834.43
-9836.33
-9838.22
-9840.11
-9842
-9843.89
-9845.78
-9847.67
-9849.56
-9851.45
-9853.34
-9855.23
-9857.12
-9859.01
-9860.89
-9862.78
-9864.67
-9866.56
-9868.45
-9870.33
-9872.22
-9874.11
-9876
-9877.88
-9879.77
-9881.66
-9883.54
-9885.43
-9887.32
-9889.2
-9891.09
-9892.97
-9894.86
-9896.74
-9898.63
-9900.51
-9902.4
-9904.28
-9906.16
-9908.05
-9909.93
-9911.81
-9913.7
-9915.58
-9917.46
-9919.35
-9921.23
-9923.11
-9924.99
-9926.87
-9928.76
-9930.64
-9932.52
-9934.4
-9936.28
-9938.16
-9940.04
-9941.92
-9943.8
-9945.68
-9947.56
-9949.44
-9951.32
-9953.2
-9955.08
-9956.96
-9958.84
-9960.71
-9962.59
-9964.47
-9966.35
-9968.22
-9970.1
-9971.98
-9973.86
-9975.73
-9977.61
-9979.48
-9981.36
-9983.24
-9985.11
-9986.99
-9988.86
-9990.74
-9992.61
-9994.49
-9996.36
-9998.24
-10000.1
-10002
-10003.9
-10005.7
-10007.6
-10009.5
-10011.4
-10013.2
-10015.1
-10017
-10018.8
-10020.7
-10022.6
-10024.5
-10026.3
-10028.2
-10030.1
-10031.9
-10033.8
-10035.7
-10037.5
-10039.4
-10041.3
-10043.2
-10045
-10046.9
-10048.8
-10050.6
-10052.5
-10054.4
-10056.2
-10058.1
-10060
-10061.8
-10063.7
-10065.6
-10067.4
-10069.3
-10071.2
-10073
-10074.9
-10076.8
-10078.6
-10080.5
-10082.4
-10084.2
-10086.1
-10088
-10089.8
-10091.7
-10093.6
-10095.4
-10097.3
-10099.1
-10101
-10102.9
-10104.7
-10106.6
-10108.5
-10110.3
-10112.2
-10114
-10115.9
-10117.8
-10119.6
-10121.5
-10123.3
-10125.2
-10127.1
-10128.9
-10130.8
-10132.6
-10134.5
-10136.4
-10138.2
-10140.1
-10141.9
-10143.8
-10145.7
-10147.5
-10149.4
-10151.2
-10153.1
-10154.9
-10156.8
-10158.7
-10160.5
-10162.4
-10164.2
-10166.1
-10167.9
-10169.8
-10171.6
-10173.5
-10175.4
-10177.2
-10179.1
-10180.9
-10182.8
-10184.6
-10186.5
-10188.3
-10190.2
-10192
-10193.9
-10195.7
-10197.6
-10199.4
-10201.3
-10203.1
-10205
-10206.8
-10208.7
-10210.5
-10212.4
-10214.3
-10216.1
-10217.9
-10219.8
-10221.6
-10223.5
-10225.3
-10227.2
-10229
-10230.9
-10232.7
-10234.6
-10236.4
-10238.3
-10240.1
-10242
-10243.8
-10245.7
-10247.5
-10249.4
-10251.2
-10253.1
-10254.9
-10256.7
-10258.6
-10260.4
-10262.3
-10264.1
-10266
-10267.8
-10269.7
-10271.5
-10273.3
-10275.2
-10277
-10278.9
-10280.7
-10282.6
-10284.4
-10286.2
-10288.1
-10289.9
-10291.8
-10293.6
-10295.4
-10297.3
-10299.1
-10301
-10302.8
-10304.6
-10306.5
-10308.3
-10310.2
-10312
-10313.8
-10315.7
-10317.5
-10319.3
-10321.2
-10323
-10324.9
-10326.7
-10328.5
-10330.4
-10332.2
-10334
-10335.9
-10337.7
-10339.5
-10341.4
-10343.2
-10345.1
-10346.9
-10348.7
-10350.6
-10352.4
-10354.2
-10356.1
-10357.9
-10359.7
-10361.6
-10363.4
-10365.2
-10367.1
-10368.9
-10370.7
-10372.5
-10374.4
-10376.2
-10378
-10379.9
-10381.7
-10383.5
-10385.4
-10387.2
-10389
-10390.8
-10392.7
-10394.5
-10396.3
-10398.2
-10400
-10401.8
-10403.6
-10405.5
-10407.3
-10409.1
-10411
-10412.8
-10414.6
-10416.4
-10418.3
-10420.1
-10421.9
-10423.7
-10425.6
-10427.4
-10429.2
-10431
-10432.9
-10434.7
-10436.5
-10438.3
-10440.1
-10442
-10443.8
-10445.6
-10447.4
-10449.3
-10451.1
-10452.9
-10454.7
-10456.5
-10458.4
-10460.2
-10462
-10463.8
-10465.6
-10467.5
-10469.3
-10471.1
-10472.9
-10474.7
-10476.6
-10478.4
-10480.2
-10482
-10483.8
-10485.6
-10487.5
-10489.3
-10491.1
-10492.9
-10494.7
-10496.5
-10498.4
-10500.2
-10502
-10503.8
-10505.6
-10507.4
-10509.2
-10511.1
-10512.9
-10514.7
-10516.5
-10518.3
-10520.1
-10521.9
-10523.7
-10525.6
-10527.4
-10529.2
-10531
-10532.8
-10534.6
-10536.4
-10538.2
-10540
-10541.9
-10543.7
-10545.5
-10547.3
-10549.1
-10550.9
-10552.7
-10554.5
-10556.3
-10558.1
-10559.9
-10561.7
-10563.6
-10565.4
-10567.2
-10569
-10570.8
-10572.6
-10574.4
-10576.2
-10578
-10579.8
-10581.6
-10583.4
-10585.2
-10587
-10588.8
-10590.6
-10592.4
-10594.2
-10596
-10597.8
-10599.6
-10601.4
-10603.2
-10605
-10606.8
-10608.6
-10610.4
-10612.3
-10614.1
-10615.9
-10617.7
-10619.4
-10621.2
-10623
-10624.8
-10626.6
-10628.4
-10630.2
-10632
-10633.8
-10635.6
-10637.4
-10639.2
-10641
-10642.8
-10644.6
-10646.4
-10648.2
-10650
-10651.8
-10653.6
-10655.4
-10657.2
-10659
-10660.8
-10662.6
-10664.4
-10666.2
-10667.9
-10669.7
-10671.5
-10673.3
-10675.1
-10676.9
-10678.7
-10680.5
-10682.3
-10684.1
-10685.9
-10687.6
-10689.4
-10691.2
-10693
-10694.8
-10696.6
-10698.4
-10700.2
-10702
-10703.7
-10705.5
-10707.3
-10709.1
-10710.9
-10712.7
-10714.5
-10716.3
-10718
-10719.8
-10721.6
-10723.4
-10725.2
-10727
-10728.8
-10730.5
-10732.3
-10734.1
-10735.9
-10737.7
-10739.5
-10741.2
-10743
-10744.8
-10746.6
-10748.4
-10750.1
-10751.9
-10753.7
-10755.5
-10757.3
-10759
-10760.8
-10762.6
-10764.4
-10766.2
-10767.9
-10769.7
-10771.5
-10773.3
-10775.1
-10776.8
-10778.6
-10780.4
-10782.2
-10783.9
-10785.7
-10787.5
-10789.3
-10791
-10792.8
-10794.6
-10796.4
-10798.1
-10799.9
-10801.7
-10803.5
-10805.2
-10807
-10808.8
-10810.6
-10812.3
-10814.1
-10815.9
-10817.6
-10819.4
-10821.2
-10823
-10824.7
-10826.5
-10828.3
-10830
-10831.8
-10833.6
-10835.3
-10837.1
-10838.9
-10840.6
-10842.4
-10844.2
-10846
-10847.7
-10849.5
-10851.3
-10853
-10854.8
-10856.5
-10858.3
-10860.1
-10861.8
-10863.6
-10865.4
-10867.1
-10868.9
-10870.7
-10872.4
-10874.2
-10876
-10877.7
-10879.5
-10881.2
-10883
-10884.8
-10886.5
-10888.3
-10890
-10891.8
-10893.6
-10895.3
-10897.1
-10898.8
-10900.6
-10902.4
-10904.1
-10905.9
-10907.6
-10909.4
-10911.2
-10912.9
-10914.7
-10916.4
-10918.2
-10919.9
-10921.7
-10923.4
-10925.2
-10927
-10928.7
-10930.5
-10932.2
-10934
-10935.7
-10937.5
-10939.2
-10941
-10942.7
-10944.5
-10946.2
-10948
-10949.7
-10951.5
-10953.2
-10955
-10956.7
-10958.5
-10960.2
-10962
-10963.7
-10965.5
-10967.2
-10969
-10970.7
-10972.5
-10974.2
-10976
-10977.7
-10979.5
-10981.2
-10983
-10984.7
-10986.5
-10988.2
-10989.9
-10991.7
-10993.4
-10995.2
-10996.9
-10998.7
-11000.4
-11002.2
-11003.9
-11005.6
-11007.4
-11009.1
-11010.9
-11012.6
-11014.3
-11016.1
-11017.8
-11019.6
-11021.3
-11023
-11024.8
-11026.5
-11028.3
-11030
-11031.7
-11033.5
-11035.2
-11037
-11038.7
-11040.4
-11042.2
-11043.9
-11045.6
-11047.4
-11049.1
-11050.8
-11052.6
-11054.3
-11056
-11057.8
-11059.5
-11061.2
-11063
-11064.7
-11066.4
-11068.2
-11069.9
-11071.6
-11073.4
-11075.1
-11076.8
-11078.6
-11080.3
-11082
-11083.8
-11085.5
-11087.2
-11088.9
-11090.7
-11092.4
-11094.1
-11095.8
-11097.6
-11099.3
-11101
-11102.8
-11104.5
-11106.2
-11107.9
-11109.7
-11111.4
-11113.1
-11114.8
-11116.6
-11118.3
-11120
-11121.7
-11123.4
-11125.2
-11126.9
-11128.6
-11130.3
-11132.1
-11133.8
-11135.5
-11137.2
-11138.9
-11140.7
-11142.4
-11144.1
-11145.8
-11147.5
-11149.2
-11151
-11152.7
-11154.4
-11156.1
-11157.8
-11159.6
-11161.3
-11163
-11164.7
-11166.4
-11168.1
-11169.8
-11171.6
-11173.3
-11175
-11176.7
-11178.4
-11180.1
-11181.8
-11183.5
-11185.3
-11187
-11188.7
-11190.4
-11192.1
-11193.8
-11195.5
-11197.2
-11198.9
-11200.6
-11202.4
-11204.1
-11205.8
-11207.5
-11209.2
-11210.9
-11212.6
-11214.3
-11216
-11217.7
-11219.4
-11221.1
-11222.8
-11224.5
-11226.2
-11227.9
-11229.7
-11231.4
-11233.1
-11234.8
-11236.5
-11238.2
-11239.9
-11241.6
-11243.3
-11245
-11246.7
-11248.4
-11250.1
-11251.8
-11253.5
-11255.2
-11256.9
-11258.6
-11260.3
-11262
-11263.7
-11265.4
-11267.1
-11268.7
-11270.4
-11272.1
-11273.8
-11275.5
-11277.2
-11278.9
-11280.6
-11282.3
-11284
-11285.7
-11287.4
-11289.1
-11290.8
-11292.5
-11294.2
-11295.8
-11297.5
-11299.2
-11300.9
-11302.6
-11304.3
-11306
-11307.7
-11309.4
-11311
-11312.7
-11314.4
-11316.1
-11317.8
-11319.5
-11321.2
-11322.9
-11324.5
-11326.2
-11327.9
-11329.6
-11331.3
-11333
-11334.6
-11336.3
-11338
-11339.7
-11341.4
-11343.1
-11344.7
-11346.4
-11348.1
-11349.8
-11351.5
-11353.1
-11354.8
-11356.5
-11358.2
-11359.9
-11361.5
-11363.2
-11364.9
-11366.6
-11368.2
-11369.9
-11371.6
-11373.3
-11374.9
-11376.6
-11378.3
-11380
-11381.6
-11383.3
-11385
-11386.7
-11388.3
-11390
-11391.7
-11393.3
-11395
-11396.7
-11398.4
-11400
-11401.7
-11403.4
-11405
-11406.7
-11408.4
-11410
-11411.7
-11413.4
-11415
-11416.7
-11418.4
-11420
-11421.7
-11423.4
-11425
-11426.7
-11428.4
-11430
-11431.7
-11433.4
-11435
-11436.7
-11438.3
-11440
-11441.7
-11443.3
-11445
-11446.7
-11448.3
-11450
-11451.6
-11453.3
-11454.9
-11456.6
-11458.3
-11459.9
-11461.6
-11463.2
-11464.9
-11466.5
-11468.2
-11469.9
-11471.5
-11473.2
-11474.8
-11476.5
-11478.1
-11479.8
-11481.4
-11483.1
-11484.7
-11486.4
-11488
-11489.7
-11491.3
-11493
-11494.6
-11496.3
-11497.9
-11499.6
-11501.2
-11502.9
-11504.5
-11506.2
-11507.8
-11509.5
-11511.1
-11512.8
-11514.4
-11516
-11517.7
-11519.3
-11521
-11522.6
-11524.3
-11525.9
-11527.5
-11529.2
-11530.8
-11532.5
-11534.1
-11535.8
-11537.4
-11539
-11540.7
-11542.3
-11543.9
-11545.6
-11547.2
-11548.9
-11550.5
-11552.1
-11553.8
-11555.4
-11557
-11558.7
-11560.3
-11561.9
-11563.6
-11565.2
-11566.8
-11568.5
-11570.1
-11571.7
-11573.4
-11575
-11576.6
-11578.3
-11579.9
-11581.5
-11583.1
-11584.8
-11586.4
-11588
-11589.7
-11591.3
-11592.9
-11594.5
-11596.2
-11597.8
-11599.4
-11601
-11602.7
-11604.3
-11605.9
-11607.5
-11609.1
-11610.8
-11612.4
-11614
-11615.6
-11617.3
-11618.9
-11620.5
-11622.1
-11623.7
-11625.3
-11627
-11628.6
-11630.2
-11631.8
-11633.4
-11635
-11636.7
-11638.3
-11639.9
-11641.5
-11643.1
-11644.7
-11646.3
-11648
-11649.6
-11651.2
-11652.8
-11654.4
-11656
-11657.6
-11659.2
-11660.8
-11662.4
-11664.1
-11665.7
-11667.3
-11668.9
-11670.5
-11672.1
-11673.7
-11675.3
-11676.9
-11678.5
-11680.1
-11681.7
-11683.3
-11684.9
-11686.5
-11688.1
-11689.7
-11691.3
-11692.9
-11694.5
-11696.1
-11697.7
-11699.3
-11700.9
-11702.5
-11704.1
-11705.7
-11707.3
-11708.9
-11710.5
-11712.1
-11713.7
-11715.3
-11716.9
-11718.5
-11720.1
-11721.7
-11723.2
-11724.8
-11726.4
-11728
-11729.6
-11731.2
-11732.8
-11734.4
-11736
-11737.6
-11739.1
-11740.7
-11742.3
-11743.9
-11745.5
-11747.1
-11748.7
-11750.2
-11751.8
-11753.4
-11755
-11756.6
-11758.2
-11759.7
-11761.3
-11762.9
-11764.5
-11766.1
-11767.6
-11769.2
-11770.8
-11772.4
-11773.9
-11775.5
-11777.1
-11778.7
-11780.2
-11781.8
-11783.4
-11785
-11786.5
-11788.1
-11789.7
-11791.3
-11792.8
-11794.4
-11796
-11797.5
-11799.1
-11800.7
-11802.2
-11803.8
-11805.4
-11806.9
-11808.5
-11810.1
-11811.6
-11813.2
-11814.8
-11816.3
-11817.9
-11819.5
-11821
-11822.6
-11824.2
-11825.7
-11827.3
-11828.8
-11830.4
-11832
-11833.5
-11835.1
-11836.6
-11838.2
-11839.7
-11841.3
-11842.8
-11844.4
-11846
-11847.5
-11849.1
-11850.6
-11852.2
-11853.7
-11855.3
-11856.8
-11858.4
-11859.9
-11861.5
-11863
-11864.6
-11866.1
-11867.7
-11869.2
-11870.8
-11872.3
-11873.8
-11875.4
-11876.9
-11878.5
-11880
-11881.6
-11883.1
-11884.6
-11886.2
-11887.7
-11889.3
-11890.8
-11892.3
-11893.9
-11895.4
-11896.9
-11898.5
-11900
-11901.6
-11903.1
-11904.6
-11906.2
-11907.7
-11909.2
-11910.8
-11912.3
-11913.8
-11915.3
-11916.9
-11918.4
-11919.9
-11921.5
-11923
-11924.5
-11926
-11927.6
-11929.1
-11930.6
-11932.1
-11933.7
-11935.2
-11936.7
-11938.2
-11939.7
-11941.3
-11942.8
-11944.3
-11945.8
-11947.3
-11948.9
-11950.4
-11951.9
-11953.4
-11954.9
-11956.4
-11958
-11959.5
-11961
-11962.5
-11964
-11965.5
-11967
-11968.5
-11970
-11971.6
-11973.1
-11974.6
-11976.1
-11977.6
-11979.1
-11980.6
-11982.1
-11983.6
-11985.1
-11986.6
-11988.1
-11989.6
-11991.1
-11992.6
-11994.1
-11995.6
-11997.1
-11998.6
-12000.1
-12001.6
-12003.1
-12004.6
-12006.1
-12007.6
-12009.1
-12010.6
-12012
-12013.5
-12015
-12016.5
-12018
-12019.5
-12021
-12022.5
-12024
-12025.4
-12026.9
-12028.4
-12029.9
-12031.4
-12032.9
-12034.3
-12035.8
-12037.3
-12038.8
-12040.3
-12041.7
-12043.2
-12044.7
-12046.2
-12047.6
-12049.1
-12050.6
-12052.1
-12053.5
-12055
-12056.5
-12058
-12059.4
-12060.9
-12062.4
-12063.8
-12065.3
-12066.8
-12068.2
-12069.7
-12071.2
-12072.6
-12074.1
-12075.6
-12077
-12078.5
-12079.9
-12081.4
-12082.9
-12084.3
-12085.8
-12087.2
-12088.7
-12090.1
-12091.6
-12093
-12094.5
-12096
-12097.4
-12098.9
-12100.3
-12101.8
-12103.2
-12104.7
-12106.1
-12107.5
-12109
-12110.4
-12111.9
-12113.3
-12114.8
-12116.2
-12117.7
-12119.1
-12120.5
-12122
-12123.4
-12124.8
-12126.3
-12127.7
-12129.2
-12130.6
-12132
-12133.5
-12134.9
-12136.3
-12137.7
-12139.2
-12140.6
-12142
-12143.5
-12144.9
-12146.3
-12147.7
-12149.2
-12150.6
-12152
-12153.4
-12154.8
-12156.3
-12157.7
-12159.1
-12160.5
-12161.9
-12163.4
-12164.8
-12166.2
-12167.6
-12169
-12170.4
-12171.8
-12173.2
-12174.6
-12176.1
-12177.5
-12178.9
-12180.3
-12181.7
-12183.1
-12184.5
-12185.9
-12187.3
-12188.7
-12190.1
-12191.5
-12192.9
-12194.3
-12195.7
-12197.1
-12198.5
-12199.9
-12201.3
-12202.6
-12204
-12205.4
-12206.8
-12208.2
-12209.6
-12211
-12212.4
-12213.7
-12215.1
-12216.5
-12217.9
-12219.3
-12220.6
-12222
-12223.4
-12224.8
-12226.2
-12227.5
-12228.9
-12230.3
-12231.7
-12233
-12234.4
-12235.8
-12237.1
-12238.5
-12239.9
-12241.2
-12242.6
-12244
-12245.3
-12246.7
-12248
-12249.4
-12250.8
-12252.1
-12253.5
-12254.8
-12256.2
-12257.5
-12258.9
-12260.2
-12261.6
-12262.9
-12264.3
-12265.6
-12267
-12268.3
-12269.7
-12271
-12272.3
-12273.7
-12275
-12276.4
-12277.7
-12279
-12280.4
-12281.7
-12283
-12284.4
-12285.7
-12287
-12288.4
-12289.7
-12291
-12292.3
-12293.7
-12295
-12296.3
-12297.6
-12299
-12300.3
-12301.6
-12302.9
-12304.2
-12305.5
-12306.9
-12308.2
-12309.5
-12310.8
-12312.1
-12313.4
-12314.7
-12316
-12317.3
-12318.6
-12319.9
-12321.2
-12322.5
-12323.8
-12325.1
-12326.4
-12327.7
-12329
-12330.3
-12331.6
-12332.9
-12334.2
-12335.5
-12336.7
-12338
-12339.3
-12340.6
-12341.9
-12343.2
-12344.4
-12345.7
-12347
-12348.3
-12349.5
-12350.8
-12352.1
-12353.3
-12354.6
-12355.9
-12357.1
-12358.4
-12359.7
-12360.9
-12362.2
-12363.5
-12364.7
-12366
-12367.2
-12368.5
-12369.7
-12371
-12372.2
-12373.5
-12374.7
-12376
-12377.2
-12378.5
-12379.7
-12380.9
-12382.2
-12383.4
-12384.6
-12385.9
-12387.1
-12388.3
-12389.6
-12390.8
-12392
-12393.3
-12394.5
-12395.7
-12396.9
-12398.1
-12399.4
-12400.6
-12401.8
-12403
-12404.2
-12405.4
-12406.6
-12407.8
-12409.1
-12410.3
-12411.5
-12412.7
-12413.9
-12415.1
-12416.3
-12417.5
-12418.6
-12419.8
-12421
-12422.2
-12423.4
-12424.6
-12425.8
-12427
-12428.1
-12429.3
-12430.5
-12431.7
-12432.8
-12434
-12435.2
-12436.4
-12437.5
-12438.7
-12439.8
-12441
-12442.2
-12443.3
-12444.5
-12445.6
-12446.8
-12447.9
-12449.1
-12450.2
-12451.4
-12452.5
-12453.7
-12454.8
-12456
-12457.1
-12458.2
-12459.4
-12460.5
-12461.6
-12462.8
-12463.9
-12465
-12466.1
-12467.3
-12468.4
-12469.5
-12470.6
-12471.7
-12472.8
-12473.9
-12475
-12476.1
-12477.3
-12478.4
-12479.5
-12480.5
-12481.6
-12482.7
-12483.8
-12484.9
-12486
-12487.1
-12488.2
-12489.3
-12490.3
-12491.4
-12492.5
-12493.6
-12494.6
-12495.7
-12496.8
-12497.8
-12498.9
-12499.9
-12501
-12502.1
-12503.1
-12504.2
-12505.2
-12506.3
-12507.3
-12508.3
-12509.4
-12510.4
-12511.5
-12512.5
-12513.5
-12514.6
-12515.6
-12516.6
-12517.6
-12518.6
-12519.7
-12520.7
-12521.7
-12522.7
-12523.7
-12524.7
-12525.7
-12526.7
-12527.7
-12528.7
-12529.7
-12530.7
-12531.7
-12532.6
-12533.6
-12534.6
-12535.6
-12536.6
-12537.5
-12538.5
-12539.5
-12540.4
-12541.4
-12542.3
-12543.3
-12544.3
-12545.2
-12546.2
-12547.1
-12548
-12549
-12549.9
-12550.8
-12551.8
-12552.7
-12553.6
-12554.5
-12555.5
-12556.4
-12557.3
-12558.2
-12559.1
-12560
-12560.9
-12561.8
-12562.7
-12563.6
-12564.5
-12565.4
-12566.3
-12567.1
-12568
-12568.9
-12569.8
-12570.6
-12571.5
-12572.3
-12573.2
-12574.1
-12574.9
-12575.8
-12576.6
-12577.4
-12578.3
-12579.1
-12579.9
-12580.8
-12581.6
-12582.4
-12583.2
-12584
-12584.8
-12585.6
-12586.5
-12587.2
-12588
-12588.8
-12589.6
-12590.4
-12591.2
-12592
-12592.7
-12593.5
-12594.3
-12595
-12595.8
-12596.5
-12597.3
-12598
-12598.8
-12599.5
-12600.2
-12601
-12601.7
-12602.4
-12603.1
-12603.8
-12604.5
-12605.2
-12605.9
-12606.6
-12607.3
-12608
-12608.7
-12609.4
-12610
-12610.7
-12611.4
-12612
-12612.7
-12613.3
-12614
-12614.6
-12615.2
-12615.9
-12616.5
-12617.1
-12617.7
-12618.3
-12618.9
-12619.5
-12620.1
-12620.7
-12621.3
-12621.9
-12622.5
-12623
-12623.6
-12624.2
-12624.7
-12625.3
-12625.8
-12626.3
-12626.9
-12627.4
-12627.9
-12628.4
-12628.9
-12629.4
-12629.9
-12630.4
-12630.9
-12631.4
-12631.8
-12632.3
-12632.8
-12633.2
-12633.7
-12634.1
-12634.5
-12634.9
-12635.4
-12635.8
-12636.2
-12636.6
-12637
-12637.4
-12637.7
-12638.1
-12638.5
-12638.8
-12639.2
-12639.5
-12639.8
-12640.2
-12640.5
-12640.8
-12641.1
-12641.4
-12641.7
-12642
-12642.2
-12642.5
-12642.8
-12643
-12643.2
-12643.5
-12643.7
-12643.9
-12644.1
-12644.3
-12644.5
-12644.6
-12644.8
-12645
-12645.1
-12645.2
-12645.4
-12645.5
-12645.6
-12645.7
-12645.8
-12645.9
-12645.9
-12646
-12646
-12646.1
-12646.1
-12646.1
-12646.1
-12646.1
-12646
-12646
-12646
-12645.9
-12645.8
-12645.7
-12645.6
-12645.5
-12645.4
-12645.3
-12645.1
-12644.9
-12644.8
-12644.6
-12644.4
-12644.1
-12643.9
-12643.6
-12643.4
-12643.1
-12642.8
-12642.5
-12642.1
-12641.8
-12641.4
-12641
-12640.6
-12640.2
-12639.8
-12639.3
-12638.9
-12638.4
-12637.8
-12637.3
-12636.8
-12636.2
-12635.6
-12635
-12634.3
-12633.7
-12633
-12632.3
-12631.5
-12630.8
-12630
-12629.2
-12628.4
-12627.5
-12626.6
-12625.7
-12624.8
-12623.8
-12622.8
-12621.7
-12620.7
-12619.6
-12618.5
-12617.3
-12616.1
-12614.9
-12613.6
-12612.3
-12610.9
-12609.5
-12608.1
-12606.6
-12605.1
-12603.6
-12602
-12600.3
-12598.6
-12596.9
-12595
-12593.2
-12591.3
-12589.3
-12587.3
-12585.2
-12583
-12580.8
-12578.5
-12576.1
-12573.7
-12571.1
-12568.5
-12565.8
-12563
-12560.1
-12557.2
-12554.1
-12550.9
-12547.6
-12544.1
-12540.6
-12536.9
-12533
-12529
-12524.9
-12520.5
-12516
-12511.3
-12506.3
-12501.2
-12495.7
-12490
-12484
-12477.6
-12470.9
-12463.7
-12456
-12447.9
-12439
-12429.5
-12419.1
-12407.6
-12394.8
-12380.3
-12363.3
-12342.9
-12316.2
-12273.4
