-145.323
-146.44
-147.557
-148.674
-149.791
-150.908
-152.025
-153.142
-154.259
-155.376
-156.492
-157.609
-158.726
-159.843
-160.959
-162.076
-163.193
-164.309
-165.426
-166.542
-167.659
-168.775
-169.892
-171.008
-172.125
-173.241
-174.357
-175.473
-176.59
-177.706
-178.822
-179.938
-181.054
-182.171
-183.287
-184.403
-185.519
-186.635
-187.751
-188.867
-189.982
-191.098
-192.214
-193.33
-194.446
-195.561
-196.677
-197.793
-198.908
-200.024
-201.14
-202.255
-203.371
-204.486
-205.602
-206.717
-207.832
-208.948
-210.063
-211.178
-212.294
-213.409
-214.524
-215.639
-216.754
-217.869
-218.985
-220.1
-221.215
-222.33
-223.445
-224.559
-225.674
-226.789
-227.904
-229.019
-230.134
-231.248
-232.363
-233.478
-234.592
-235.707
-236.822
-237.936
-239.051
-240.165
-241.28
-242.394
-243.508
-244.623
-245.737
-246.851
-247.966
-249.08
-250.194
-251.308
-252.423
-253.537
-254.651
-255.765
-256.879
-257.993
-259.107
-260.221
-261.335
-262.449
-263.562
-264.676
-265.79
-266.904
-268.017
-269.131
-270.245
-271.358
-272.472
-273.586
-274.699
-275.813
-276.926
-278.039
-279.153
-280.266
-281.38
-282.493
-283.606
-284.719
-285.833
-286.946
-288.059
-289.172
-290.285
-291.398
-292.511
-293.624
-294.737
-295.85
-296.963
-298.076
-299.189
-300.302
-301.414
-302.527
-303.64
-304.753
-305.865
-306.978
-308.091
-309.203
-310.316
-311.428
-312.541
-313.653
-314.765
-315.878
-316.99
-318.103
-319.215
-320.327
-321.439
-322.551
-323.664
-324.776
-325.888
-327
-328.112
-329.224
-330.336
-331.448
-332.56
-333.672
-334.784
-335.895
-337.007
-338.119
-339.231
-340.342
-341.454
-342.566
-343.677
-344.789
-345.9
-347.012
-348.123
-349.235
-350.346
-351.458
-352.569
-353.68
-354.792
-355.903
-357.014
-358.125
-359.237
-360.348
-361.459
-362.57
-363.681
-364.792
-365.903
-367.014
-368.125
-369.236
-370.347
-371.457
-372.568
-373.679
-374.79
-375.9
-377.011
-378.122
-379.232
-380.343
-381.453
-382.564
-383.674
-384.785
-385.895
-387.006
-388.116
-389.226
-390.337
-391.447
-392.557
-393.667
-394.778
-395.888
-396.998
-398.108
-399.218
-400.328
-401.438
-402.548
-403.658
-404.768
-405.878
-406.987
-408.097
-409.207
-410.317
-411.427
-412.536
-413.646
-414.755
-415.865
-416.975
-418.084
-419.194
-420.303
-421.413
-422.522
-423.631
-424.741
-425.85
-426.959
-428.068
-429.178
-430.287
-431.396
-432.505
-433.614
-434.723
-435.832
-436.941
-438.05
-439.159
-440.268
-441.377
-442.486
-443.595
-444.703
-445.812
-446.921
-448.03
-449.138
-450.247
-451.355
-452.464
-453.572
-454.681
-455.789
-456.898
-458.006
-459.115
-460.223
-461.331
-462.44
-463.548
-464.656
-465.764
-466.872
-467.981
-469.089
-470.197
-471.305
-472.413
-473.521
-474.629
-475.737
-476.844
-477.952
-479.06
-480.168
-481.276
-482.383
-483.491
-484.599
-485.706
-486.814
-487.921
-489.029
-490.136
-491.244
-492.351
-493.459
-494.566
-495.674
-496.781
-497.888
-498.995
-500.103
-501.21
-502.317
-503.424
-504.531
-505.638
-506.745
-507.852
-508.959
-510.066
-511.173
-512.28
-513.387
-514.494
-515.6
-516.707
-517.814
-518.921
-520.027
-521.134
-522.24
-523.347
-524.454
-525.56
-526.667
-527.773
-528.879
-529.986
-531.092
-532.198
-533.305
-534.411
-535.517
-536.623
-537.73
-538.836
-539.942
-541.048
-542.154
-543.26
-544.366
-545.472
-546.578
-547.684
-548.789
-549.895
-551.001
-552.107
-553.213
-554.318
-555.424
-556.53
-557.635
-558.741
-559.846
-560.952
-562.057
-563.163
-564.268
-565.373
-566.479
-567.584
-568.689
-569.795
-570.9
-572.005
-573.11
-574.215
-575.32
-576.426
-577.531
-578.636
-579.741
-580.846
-581.95
-583.055
-584.16
-585.265
-586.37
-587.475
-588.579
-589.684
-590.789
-591.893
-592.998
-594.102
-595.207
-596.311
-597.416
-598.52
-599.625
-600.729
-601.834
-602.938
-604.042
-605.146
-606.251
-607.355
-608.459
-609.563
-610.667
-611.771
-612.875
-613.979
-615.083
-616.187
-617.291
-618.395
-619.499
-620.603
-621.707
-622.81
-623.914
-625.018
-626.121
-627.225
-628.329
-629.432
-630.536
-631.639
-632.743
-633.846
-634.95
-636.053
-637.156
-638.26
-639.363
-640.466
-641.569
-642.673
-643.776
-644.879
-645.982
-647.085
-648.188
-649.291
-650.394
-651.497
-652.6
-653.703
-654.806
-655.909
-657.011
-658.114
-659.217
-660.32
-661.422
-662.525
-663.628
-664.73
-665.833
-666.935
-668.038
-669.14
-670.242
-671.345
-672.447
-673.55
-674.652
-675.754
-676.856
-677.959
-679.061
-680.163
-681.265
-682.367
-683.469
-684.571
-685.673
-686.775
-687.877
-688.979
-690.081
-691.182
-692.284
-693.386
-694.488
-695.589
-696.691
-697.793
-698.894
-699.996
-701.097
-702.199
-703.3
-704.402
-705.503
-706.605
-707.706
-708.807
-709.909
-711.01
-712.111
-713.212
-714.314
-715.415
-716.516
-717.617
-718.718
-719.819
-720.92
-722.021
-723.122
-724.223
-725.323
-726.424
-727.525
-728.626
-729.727
-730.827
-731.928
-733.029
-734.129
-735.23
-736.33
-737.431
-738.531
-739.632
-740.732
-741.833
-742.933
-744.033
-745.133
-746.234
-747.334
-748.434
-749.534
-750.634
-751.735
-752.835
-753.935
-755.035
-756.135
-757.235
-758.335
-759.434
-760.534
-761.634
-762.734
-763.834
-764.933
-766.033
-767.133
-768.232
-769.332
-770.432
-771.531
-772.631
-773.73
-774.829
-775.929
-777.028
-778.128
-779.227
-780.326
-781.425
-782.525
-783.624
-784.723
-785.822
-786.921
-788.02
-789.119
-790.218
-791.317
-792.416
-793.515
-794.614
-795.713
-796.812
-797.911
-799.009
-800.108
-801.207
-802.305
-803.404
-804.503
-805.601
-806.7
-807.798
-808.897
-809.995
-811.094
-812.192
-813.29
-814.389
-815.487
-816.585
-817.683
-818.782
-819.88
-820.978
-822.076
-823.174
-824.272
-825.37
-826.468
-827.566
-828.664
-829.762
-830.86
-831.957
-833.055
-834.153
-835.251
-836.348
-837.446
-838.544
-839.641
-840.739
-841.836
-842.934
-844.031
-845.129
-846.226
-847.324
-848.421
-849.518
-850.616
-851.713
-852.81
-853.907
-855.004
-856.101
-857.199
-858.296
-859.393
-860.49
-861.587
-862.684
-863.78
-864.877
-865.974
-867.071
-868.168
-869.265
-870.361
-871.458
-872.555
-873.651
-874.748
-875.844
-876.941
-878.037
-879.134
-880.23
-881.327
-882.423
-883.519
-884.616
-885.712
-886.808
-887.904
-889.001
-890.097
-891.193
-892.289
-893.385
-894.481
-895.577
-896.673
-897.769
-898.865
-899.961
-901.057
-902.152
-903.248
-904.344
-905.44
-906.535
-907.631
-908.727
-909.822
-910.918
-912.013
-913.109
-914.204
-915.3
-916.395
-917.49
-918.586
-919.681
-920.776
-921.872
-922.967
-924.062
-925.157
-926.252
-927.347
-928.442
-929.537
-930.632
-931.727
-932.822
-933.917
-935.012
-936.107
-937.202
-938.296
-939.391
-940.486
-941.581
-942.675
-943.77
-944.864
-945.959
-947.054
-948.148
-949.242
-950.337
-951.431
-952.526
-953.62
-954.714
-955.809
-956.903
-957.997
-959.091
-960.185
-961.279
-962.374
-963.468
-964.562
-965.656
-966.75
-967.843
-968.937
-970.031
-971.125
-972.219
-973.313
-974.406
-975.5
-976.594
-977.687
-978.781
-979.875
-980.968
-982.062
-983.155
-984.249
-985.342
-986.435
-987.529
-988.622
-989.715
-990.809
-991.902
-992.995
-994.088
-995.181
-996.274
-997.367
-998.461
-999.554
-1000.65
-1001.74
-1002.83
-1003.93
-1005.02
-1006.11
-1007.2
-1008.3
-1009.39
-1010.48
-1011.57
-1012.67
-1013.76
-1014.85
-1015.94
-1017.04
-1018.13
-1019.22
-1020.31
-1021.41
-1022.5
-1023.59
-1024.68
-1025.78
-1026.87
-1027.96
-1029.05
-1030.15
-1031.24
-1032.33
-1033.42
-1034.51
-1035.61
-1036.7
-1037.79
-1038.88
-1039.97
-1041.06
-1042.16
-1043.25
-1044.34
-1045.43
-1046.52
-1047.61
-1048.71
-1049.8
-1050.89
-1051.98
-1053.07
-1054.16
-1055.26
-1056.35
-1057.44
-1058.53
-1059.62
-1060.71
-1061.8
-1062.89
-1063.99
-1065.08
-1066.17
-1067.26
-1068.35
-1069.44
-1070.53
-1071.62
-1072.71
-1073.8
-1074.9
-1075.99
-1077.08
-1078.17
-1079.26
-1080.35
-1081.44
-1082.53
-1083.62
-1084.71
-1085.8
-1086.89
-1087.98
-1089.07
-1090.16
-1091.25
-1092.34
-1093.43
-1094.53
-1095.62
-1096.71
-1097.8
-1098.89
-1099.98
-1101.07
-1102.16
-1103.25
-1104.34
-1105.43
-1106.52
-1107.61
-1108.7
-1109.79
-1110.88
-1111.97
-1113.05
-1114.14
-1115.23
-1116.32
-1117.41
-1118.5
-1119.59
-1120.68
-1121.77
-1122.86
-1123.95
-1125.04
-1126.13
-1127.22
-1128.31
-1129.4
-1130.49
-1131.58
-1132.66
-1133.75
-1134.84
-1135.93
-1137.02
-1138.11
-1139.2
-1140.29
-1141.38
-1142.47
-1143.55
-1144.64
-1145.73
-1146.82
-1147.91
-1149
-1150.09
-1151.18
-1152.26
-1153.35
-1154.44
-1155.53
-1156.62
-1157.71
-1158.8
-1159.88
-1160.97
-1162.06
-1163.15
-1164.24
-1165.33
-1166.41
-1167.5
-1168.59
-1169.68
-1170.77
-1171.85
-1172.94
-1174.03
-1175.12
-1176.21
-1177.29
-1178.38
-1179.47
-1180.56
-1181.64
-1182.73
-1183.82
-1184.91
-1186
-1187.08
-1188.17
-1189.26
-1190.35
-1191.43
-1192.52
-1193.61
-1194.7
-1195.78
-1196.87
-1197.96
-1199.04
-1200.13
-1201.22
-1202.31
-1203.39
-1204.48
-1205.57
-1206.65
-1207.74
-1208.83
-1209.92
-1211
-1212.09
-1213.18
-1214.26
-1215.35
-1216.44
-1217.52
-1218.61
-1219.7
-1220.78
-1221.87
-1222.96
-1224.04
-1225.13
-1226.22
-1227.3
-1228.39
-1229.47
-1230.56
-1231.65
-1232.73
-1233.82
-1234.91
-1235.99
-1237.08
-1238.16
-1239.25
-1240.34
-1241.42
-1242.51
-1243.59
-1244.68
-1245.77
-1246.85
-1247.94
-1249.02
-1250.11
-1251.19
-1252.28
-1253.37
-1254.45
-1255.54
-1256.62
-1257.71
-1258.79
-1259.88
-1260.96
-1262.05
-1263.14
-1264.22
-1265.31
-1266.39
-1267.48
-1268.56
-1269.65
-1270.73
-1271.82
-1272.9
-1273.99
-1275.07
-1276.16
-1277.24
-1278.33
-1279.41
-1280.5
-1281.58
-1282.67
-1283.75
-1284.84
-1285.92
-1287.01
-1288.09
-1289.18
-1290.26
-1291.34
-1292.43
-1293.51
-1294.6
-1295.68
-1296.77
-1297.85
-1298.94
-1300.02
-1301.1
-1302.19
-1303.27
-1304.36
-1305.44
-1306.52
-1307.61
-1308.69
-1309.78
-1310.86
-1311.95
-1313.03
-1314.11
-1315.2
-1316.28
-1317.36
-1318.45
-1319.53
-1320.62
-1321.7
-1322.78
-1323.87
-1324.95
-1326.03
-1327.12
-1328.2
-1329.28
-1330.37
-1331.45
-1332.53
-1333.62
-1334.7
-1335.78
-1336.87
-1337.95
-1339.03
-1340.12
-1341.2
-1342.28
-1343.37
-1344.45
-1345.53
-1346.61
-1347.7
-1348.78
-1349.86
-1350.95
-1352.03
-1353.11
-1354.19
-1355.28
-1356.36
-1357.44
-1358.53
-1359.61
-1360.69
-1361.77
-1362.86
-1363.94
-1365.02
-1366.1
-1367.18
-1368.27
-1369.35
-1370.43
-1371.51
-1372.6
-1373.68
-1374.76
-1375.84
-1376.92
-1378.01
-1379.09
-1380.17
-1381.25
-1382.33
-1383.42
-1384.5
-1385.58
-1386.66
-1387.74
-1388.82
-1389.91
-1390.99
-1392.07
-1393.15
-1394.23
-1395.31
-1396.4
-1397.48
-1398.56
-1399.64
-1400.72
-1401.8
-1402.88
-1403.97
-1405.05
-1406.13
-1407.21
-1408.29
-1409.37
-1410.45
-1411.53
-1412.61
-1413.7
-1414.78
-1415.86
-1416.94
-1418.02
-1419.1
-1420.18
-1421.26
-1422.34
-1423.42
-1424.5
-1425.58
-1426.66
-1427.75
-1428.83
-1429.91
-1430.99
-1432.07
-1433.15
-1434.23
-1435.31
-1436.39
-1437.47
-1438.55
-1439.63
-1440.71
-1441.79
-1442.87
-1443.95
-1445.03
-1446.11
-1447.19
-1448.27
-1449.35
-1450.43
-1451.51
-1452.59
-1453.67
-1454.75
-1455.83
-1456.91
-1457.99
-1459.07
-1460.15
-1461.23
-1462.31
-1463.39
-1464.47
-1465.54
-1466.62
-1467.7
-1468.78
-1469.86
-1470.94
-1472.02
-1473.1
-1474.18
-1475.26
-1476.34
-1477.42
-1478.5
-1479.57
-1480.65
-1481.73
-1482.81
-1483.89
-1484.97
-1486.05
-1487.13
-1488.21
-1489.28
-1490.36
-1491.44
-1492.52
-1493.6
-1494.68
-1495.76
-1496.83
-1497.91
-1498.99
-1500.07
-1501.15
-1502.23
-1503.31
-1504.38
-1505.46
-1506.54
-1507.62
-1508.7
-1509.77
-1510.85
-1511.93
-1513.01
-1514.09
-1515.17
-1516.24
-1517.32
-1518.4
-1519.48
-1520.55
-1521.63
-1522.71
-1523.79
-1524.87
-1525.94
-1527.02
-1528.1
-1529.18
-1530.25
-1531.33
-1532.41
-1533.49
-1534.56
-1535.64
-1536.72
-1537.8
-1538.87
-1539.95
-1541.03
-1542.1
-1543.18
-1544.26
-1545.34
-1546.41
-1547.49
-1548.57
-1549.64
-1550.72
-1551.8
-1552.87
-1553.95
-1555.03
-1556.11
-1557.18
-1558.26
-1559.34
-1560.41
-1561.49
-1562.57
-1563.64
-1564.72
-1565.79
-1566.87
-1567.95
-1569.02
-1570.1
-1571.18
-1572.25
-1573.33
-1574.41
-1575.48
-1576.56
-1577.63
-1578.71
-1579.79
-1580.86
-1581.94
-1583.01
-1584.09
-1585.17
-1586.24
-1587.32
-1588.39
-1589.47
-1590.55
-1591.62
-1592.7
-1593.77
-1594.85
-1595.92
-1597
-1598.07
-1599.15
-1600.23
-1601.3
-1602.38
-1603.45
-1604.53
-1605.6
-1606.68
-1607.75
-1608.83
-1609.9
-1610.98
-1612.05
-1613.13
-1614.2
-1615.28
-1616.35
-1617.43
-1618.5
-1619.58
-1620.65
-1621.73
-1622.8
-1623.88
-1624.95
-1626.03
-1627.1
-1628.18
-1629.25
-1630.33
-1631.4
-1632.47
-1633.55
-1634.62
-1635.7
-1636.77
-1637.85
-1638.92
-1640
-1641.07
-1642.14
-1643.22
-1644.29
-1645.37
-1646.44
-1647.51
-1648.59
-1649.66
-1650.74
-1651.81
-1652.88
-1653.96
-1655.03
-1656.11
-1657.18
-1658.25
-1659.33
-1660.4
-1661.47
-1662.55
-1663.62
-1664.7
-1665.77
-1666.84
-1667.92
-1668.99
-1670.06
-1671.14
-1672.21
-1673.28
-1674.36
-1675.43
-1676.5
-1677.58
-1678.65
-1679.72
-1680.8
-1681.87
-1682.94
-1684.01
-1685.09
-1686.16
-1687.23
-1688.31
-1689.38
-1690.45
-1691.52
-1692.6
-1693.67
-1694.74
-1695.81
-1696.89
-1697.96
-1699.03
-1700.11
-1701.18
-1702.25
-1703.32
-1704.39
-1705.47
-1706.54
-1707.61
-1708.68
-1709.76
-1710.83
-1711.9
-1712.97
-1714.04
-1715.12
-1716.19
-1717.26
-1718.33
-1719.4
-1720.48
-1721.55
-1722.62
-1723.69
-1724.76
-1725.84
-1726.91
-1727.98
-1729.05
-1730.12
-1731.19
-1732.27
-1733.34
-1734.41
-1735.48
-1736.55
-1737.62
-1738.69
-1739.77
-1740.84
-1741.91
-1742.98
-1744.05
-1745.12
-1746.19
-1747.26
-1748.33
-1749.41
-1750.48
-1751.55
-1752.62
-1753.69
-1754.76
-1755.83
-1756.9
-1757.97
-1759.04
-1760.11
-1761.19
-1762.26
-1763.33
-1764.4
-1765.47
-1766.54
-1767.61
-1768.68
-1769.75
-1770.82
-1771.89
-1772.96
-1774.03
-1775.1
-1776.17
-1777.24
-1778.31
-1779.38
-1780.45
-1781.52
-1782.59
-1783.66
-1784.73
-1785.8
-1786.87
-1787.94
-1789.01
-1790.08
-1791.15
-1792.22
-1793.29
-1794.36
-1795.43
-1796.5
-1797.57
-1798.64
-1799.71
-1800.78
-1801.85
-1802.92
-1803.99
-1805.06
-1806.13
-1807.19
-1808.26
-1809.33
-1810.4
-1811.47
-1812.54
-1813.61
-1814.68
-1815.75
-1816.82
-1817.89
-1818.95
-1820.02
-1821.09
-1822.16
-1823.23
-1824.3
-1825.37
-1826.44
-1827.51
-1828.57
-1829.64
-1830.71
-1831.78
-1832.85
-1833.92
-1834.99
-1836.05
-1837.12
-1838.19
-1839.26
-1840.33
-1841.4
-1842.46
-1843.53
-1844.6
-1845.67
-1846.74
-1847.8
-1848.87
-1849.94
-1851.01
-1852.08
-1853.14
-1854.21
-1855.28
-1856.35
-1857.42
-1858.48
-1859.55
-1860.62
-1861.69
-1862.75
-1863.82
-1864.89
-1865.96
-1867.02
-1868.09
-1869.16
-1870.23
-1871.29
-1872.36
-1873.43
-1874.5
-1875.56
-1876.63
-1877.7
-1878.76
-1879.83
-1880.9
-1881.97
-1883.03
-1884.1
-1885.17
-1886.23
-1887.3
-1888.37
-1889.43
-1890.5
-1891.57
-1892.64
-1893.7
-1894.77
-1895.84
-1896.9
-1897.97
-1899.03
-1900.1
-1901.17
-1902.23
-1903.3
-1904.37
-1905.43
-1906.5
-1907.57
-1908.63
-1909.7
-1910.76
-1911.83
-1912.9
-1913.96
-1915.03
-1916.1
-1917.16
-1918.23
-1919.29
-1920.36
-1921.43
-1922.49
-1923.56
-1924.62
-1925.69
-1926.75
-1927.82
-1928.89
-1929.95
-1931.02
-1932.08
-1933.15
-1934.21
-1935.28
-1936.34
-1937.41
-1938.47
-1939.54
-1940.61
-1941.67
-1942.74
-1943.8
-1944.87
-1945.93
-1947
-1948.06
-1949.13
-1950.19
-1951.26
-1952.32
-1953.39
-1954.45
-1955.52
-1956.58
-1957.65
-1958.71
-1959.78
-1960.84
-1961.9
-1962.97
-1964.03
-1965.1
-1966.16
-1967.23
-1968.29
-1969.36
-1970.42
-1971.48
-1972.55
-1973.61
-1974.68
-1975.74
-1976.81
-1977.87
-1978.93
-1980
-1981.06
-1982.13
-1983.19
-1984.25
-1985.32
-1986.38
-1987.45
-1988.51
-1989.57
-1990.64
-1991.7
-1992.77
-1993.83
-1994.89
-1995.96
-1997.02
-1998.08
-1999.15
-2000.21
-2001.27
-2002.34
-2003.4
-2004.46
-2005.53
-2006.59
-2007.65
-2008.72
-2009.78
-2010.84
-2011.91
-2012.97
-2014.03
-2015.1
-2016.16
-2017.22
-2018.29
-2019.35
-2020.41
-2021.47
-2022.54
-2023.6
-2024.66
-2025.72
-2026.79
-2027.85
-2028.91
-2029.98
-2031.04
-2032.1
-2033.16
-2034.23
-2035.29
-2036.35
-2037.41
-2038.48
-2039.54
-2040.6
-2041.66
-2042.72
-2043.79
-2044.85
-2045.91
-2046.97
-2048.03
-2049.1
-2050.16
-2051.22
-2052.28
-2053.34
-2054.41
-2055.47
-2056.53
-2057.59
-2058.65
-2059.72
-2060.78
-2061.84
-2062.9
-2063.96
-2065.02
-2066.08
-2067.15
-2068.21
-2069.27
-2070.33
-2071.39
-2072.45
-2073.51
-2074.58
-2075.64
-2076.7
-2077.76
-2078.82
-2079.88
-2080.94
-2082
-2083.06
-2084.13
-2085.19
-2086.25
-2087.31
-2088.37
-2089.43
-2090.49
-2091.55
-2092.61
-2093.67
-2094.73
-2095.79
-2096.85
-2097.91
-2098.98
-2100.04
-2101.1
-2102.16
-2103.22
-2104.28
-2105.34
-2106.4
-2107.46
-2108.52
-2109.58
-2110.64
-2111.7
-2112.76
-2113.82
-2114.88
-2115.94
-2117
-2118.06
-2119.12
-2120.18
-2121.24
-2122.3
-2123.36
-2124.42
-2125.48
-2126.54
-2127.6
-2128.66
-2129.72
-2130.78
-2131.83
-2132.89
-2133.95
-2135.01
-2136.07
-2137.13
-2138.19
-2139.25
-2140.31
-2141.37
-2142.43
-2143.49
-2144.55
-2145.61
-2146.66
-2147.72
-2148.78
-2149.84
-2150.9
-2151.96
-2153.02
-2154.08
-2155.14
-2156.19
-2157.25
-2158.31
-2159.37
-2160.43
-2161.49
-2162.55
-2163.6
-2164.66
-2165.72
-2166.78
-2167.84
-2168.9
-2169.96
-2171.01
-2172.07
-2173.13
-2174.19
-2175.25
-2176.3
-2177.36
-2178.42
-2179.48
-2180.54
-2181.59
-2182.65
-2183.71
-2184.77
-2185.83
-2186.88
-2187.94
-2189
-2190.06
-2191.12
-2192.17
-2193.23
-2194.29
-2195.35
-2196.4
-2197.46
-2198.52
-2199.58
-2200.63
-2201.69
-2202.75
-2203.8
-2204.86
-2205.92
-2206.98
-2208.03
-2209.09
-2210.15
-2211.21
-2212.26
-2213.32
-2214.38
-2215.43
-2216.49
-2217.55
-2218.6
-2219.66
-2220.72
-2221.77
-2222.83
-2223.89
-2224.94
-2226
-2227.06
-2228.11
-2229.17
-2230.23
-2231.28
-2232.34
-2233.4
-2234.45
-2235.51
-2236.57
-2237.62
-2238.68
-2239.73
-2240.79
-2241.85
-2242.9
-2243.96
-2245.01
-2246.07
-2247.13
-2248.18
-2249.24
-2250.29
-2251.35
-2252.41
-2253.46
-2254.52
-2255.57
-2256.63
-2257.68
-2258.74
-2259.8
-2260.85
-2261.91
-2262.96
-2264.02
-2265.07
-2266.13
-2267.18
-2268.24
-2269.29
-2270.35
-2271.41
-2272.46
-2273.52
-2274.57
-2275.63
-2276.68
-2277.74
-2278.79
-2279.85
-2280.9
-2281.96
-2283.01
-2284.07
-2285.12
-2286.17
-2287.23
-2288.28
-2289.34
-2290.39
-2291.45
-2292.5
-2293.56
-2294.61
-2295.67
-2296.72
-2297.78
-2298.83
-2299.88
-2300.94
-2301.99
-2303.05
-2304.1
-2305.16
-2306.21
-2307.26
-2308.32
-2309.37
-2310.43
-2311.48
-2312.53
-2313.59
-2314.64
-2315.7
-2316.75
-2317.8
-2318.86
-2319.91
-2320.96
-2322.02
-2323.07
-2324.13
-2325.18
-2326.23
-2327.29
-2328.34
-2329.39
-2330.45
-2331.5
-2332.55
-2333.61
-2334.66
-2335.71
-2336.77
-2337.82
-2338.87
-2339.93
-2340.98
-2342.03
-2343.08
-2344.14
-2345.19
-2346.24
-2347.3
-2348.35
-2349.4
-2350.45
-2351.51
-2352.56
-2353.61
-2354.67
-2355.72
-2356.77
-2357.82
-2358.88
-2359.93
-2360.98
-2362.03
-2363.09
-2364.14
-2365.19
-2366.24
-2367.3
-2368.35
-2369.4
-2370.45
-2371.5
-2372.56
-2373.61
-2374.66
-2375.71
-2376.76
-2377.82
-2378.87
-2379.92
-2380.97
-2382.02
-2383.08
-2384.13
-2385.18
-2386.23
-2387.28
-2388.33
-2389.39
-2390.44
-2391.49
-2392.54
-2393.59
-2394.64
-2395.69
-2396.75
-2397.8
-2398.85
-2399.9
-2400.95
-2402
-2403.05
-2404.1
-2405.16
-2406.21
-2407.26
-2408.31
-2409.36
-2410.41
-2411.46
-2412.51
-2413.56
-2414.61
-2415.66
-2416.72
-2417.77
-2418.82
-2419.87
-2420.92
-2421.97
-2423.02
-2424.07
-2425.12
-2426.17
-2427.22
-2428.27
-2429.32
-2430.37
-2431.42
-2432.47
-2433.52
-2434.57
-2435.62
-2436.67
-2437.72
-2438.77
-2439.82
-2440.87
-2441.92
-2442.97
-2444.02
-2445.07
-2446.12
-2447.17
-2448.22
-2449.27
-2450.32
-2451.37
-2452.42
-2453.47
-2454.52
-2455.57
-2456.62
-2457.67
-2458.72
-2459.77
-2460.82
-2461.87
-2462.92
-2463.97
-2465.01
-2466.06
-2467.11
-2468.16
-2469.21
-2470.26
-2471.31
-2472.36
-2473.41
-2474.46
-2475.51
-2476.55
-2477.6
-2478.65
-2479.7
-2480.75
-2481.8
-2482.85
-2483.9
-2484.94
-2485.99
-2487.04
-2488.09
-2489.14
-2490.19
-2491.24
-2492.28
-2493.33
-2494.38
-2495.43
-2496.48
-2497.53
-2498.57
-2499.62
-2500.67
-2501.72
-2502.77
-2503.81
-2504.86
-2505.91
-2506.96
-2508.01
-2509.05
-2510.1
-2511.15
-2512.2
-2513.25
-2514.29
-2515.34
-2516.39
-2517.44
-2518.48
-2519.53
-2520.58
-2521.63
-2522.67
-2523.72
-2524.77
-2525.82
-2526.86
-2527.91
-2528.96
-2530
-2531.05
-2532.1
-2533.15
-2534.19
-2535.24
-2536.29
-2537.33
-2538.38
-2539.43
-2540.48
-2541.52
-2542.57
-2543.62
-2544.66
-2545.71
-2546.76
-2547.8
-2548.85
-2549.9
-2550.94
-2551.99
-2553.04
-2554.08
-2555.13
-2556.17
-2557.22
-2558.27
-2559.31
-2560.36
-2561.41
-2562.45
-2563.5
-2564.55
-2565.59
-2566.64
-2567.68
-2568.73
-2569.78
-2570.82
-2571.87
-2572.91
-2573.96
-2575
-2576.05
-2577.1
-2578.14
-2579.19
-2580.23
-2581.28
-2582.32
-2583.37
-2584.42
-2585.46
-2586.51
-2587.55
-2588.6
-2589.64
-2590.69
-2591.73
-2592.78
-2593.82
-2594.87
-2595.91
-2596.96
-2598
-2599.05
-2600.09
-2601.14
-2602.18
-2603.23
-2604.27
-2605.32
-2606.36
-2607.41
-2608.45
-2609.5
-2610.54
-2611.59
-2612.63
-2613.68
-2614.72
-2615.77
-2616.81
-2617.86
-2618.9
-2619.94
-2620.99
-2622.03
-2623.08
-2624.12
-2625.17
-2626.21
-2627.25
-2628.3
-2629.34
-2630.39
-2631.43
-2632.47
-2633.52
-2634.56
-2635.61
-2636.65
-2637.69
-2638.74
-2639.78
-2640.83
-2641.87
-2642.91
-2643.96
-2645
-2646.04
-2647.09
-2648.13
-2649.17
-2650.22
-2651.26
-2652.31
-2653.35
-2654.39
-2655.44
-2656.48
-2657.52
-2658.56
-2659.61
-2660.65
-2661.69
-2662.74
-2663.78
-2664.82
-2665.87
-2666.91
-2667.95
-2669
-2670.04
-2671.08
-2672.12
-2673.17
-2674.21
-2675.25
-2676.29
-2677.34
-2678.38
-2679.42
-2680.46
-2681.51
-2682.55
-2683.59
-2684.63
-2685.68
-2686.72
-2687.76
-2688.8
-2689.85
-2690.89
-2691.93
-2692.97
-2694.01
-2695.06
-2696.1
-2697.14
-2698.18
-2699.22
-2700.27
-2701.31
-2702.35
-2703.39
-2704.43
-2705.48
-2706.52
-2707.56
-2708.6
-2709.64
-2710.68
-2711.72
-2712.77
-2713.81
-2714.85
-2715.89
-2716.93
-2717.97
-2719.01
-2720.06
-2721.1
-2722.14
-2723.18
-2724.22
-2725.26
-2726.3
-2727.34
-2728.38
-2729.43
-2730.47
-2731.51
-2732.55
-2733.59
-2734.63
-2735.67
-2736.71
-2737.75
-2738.79
-2739.83
-2740.87
-2741.92
-2742.96
-2744
-2745.04
-2746.08
-2747.12
-2748.16
-2749.2
-2750.24
-2751.28
-2752.32
-2753.36
-2754.4
-2755.44
-2756.48
-2757.52
-2758.56
-2759.6
-2760.64
-2761.68
-2762.72
-2763.76
-2764.8
-2765.84
-2766.88
-2767.92
-2768.96
-2770
-2771.04
-2772.08
-2773.12
-2774.16
-2775.2
-2776.24
-2777.28
-2778.31
-2779.35
-2780.39
-2781.43
-2782.47
-2783.51
-2784.55
-2785.59
-2786.63
-2787.67
-2788.71
-2789.75
-2790.79
-2791.82
-2792.86
-2793.9
-2794.94
-2795.98
-2797.02
-2798.06
-2799.1
-2800.14
-2801.17
-2802.21
-2803.25
-2804.29
-2805.33
-2806.37
-2807.41
-2808.44
-2809.48
-2810.52
-2811.56
-2812.6
-2813.64
-2814.67
-2815.71
-2816.75
-2817.79
-2818.83
-2819.87
-2820.9
-2821.94
-2822.98
-2824.02
-2825.06
-2826.09
-2827.13
-2828.17
-2829.21
-2830.24
-2831.28
-2832.32
-2833.36
-2834.4
-2835.43
-2836.47
-2837.51
-2838.55
-2839.58
-2840.62
-2841.66
-2842.7
-2843.73
-2844.77
-2845.81
-2846.84
-2847.88
-2848.92
-2849.96
-2850.99
-2852.03
-2853.07
-2854.1
-2855.14
-2856.18
-2857.22
-2858.25
-2859.29
-2860.33
-2861.36
-2862.4
-2863.44
-2864.47
-2865.51
-2866.55
-2867.58
-2868.62
-2869.66
-2870.69
-2871.73
-2872.77
-2873.8
-2874.84
-2875.87
-2876.91
-2877.95
-2878.98
-2880.02
-2881.06
-2882.09
-2883.13
-2884.16
-2885.2
-2886.24
-2887.27
-2888.31
-2889.34
-2890.38
-2891.42
-2892.45
-2893.49
-2894.52
-2895.56
-2896.59
-2897.63
-2898.67
-2899.7
-2900.74
-2901.77
-2902.81
-2903.84
-2904.88
-2905.91
-2906.95
-2907.98
-2909.02
-2910.05
-2911.09
-2912.13
-2913.16
-2914.2
-2915.23
-2916.27
-2917.3
-2918.34
-2919.37
-2920.41
-2921.44
-2922.48
-2923.51
-2924.54
-2925.58
-2926.61
-2927.65
-2928.68
-2929.72
-2930.75
-2931.79
-2932.82
-2933.86
-2934.89
-2935.93
-2936.96
-2937.99
-2939.03
-2940.06
-2941.1
-2942.13
-2943.17
-2944.2
-2945.23
-2946.27
-2947.3
-2948.34
-2949.37
-2950.4
-2951.44
-2952.47
-2953.51
-2954.54
-2955.57
-2956.61
-2957.64
-2958.67
-2959.71
-2960.74
-2961.78
-2962.81
-2963.84
-2964.88
-2965.91
-2966.94
-2967.98
-2969.01
-2970.04
-2971.08
-2972.11
-2973.14
-2974.18
-2975.21
-2976.24
-2977.28
-2978.31
-2979.34
-2980.37
-2981.41
-2982.44
-2983.47
-2984.51
-2985.54
-2986.57
-2987.6
-2988.64
-2989.67
-2990.7
-2991.73
-2992.77
-2993.8
-2994.83
-2995.87
-2996.9
-2997.93
-2998.96
-2999.99
-3001.03
-3002.06
-3003.09
-3004.12
-3005.16
-3006.19
-3007.22
-3008.25
-3009.28
-3010.32
-3011.35
-3012.38
-3013.41
-3014.44
-3015.48
-3016.51
-3017.54
-3018.57
-3019.6
-3020.64
-3021.67
-3022.7
-3023.73
-3024.76
-3025.79
-3026.82
-3027.86
-3028.89
-3029.92
-3030.95
-3031.98
-3033.01
-3034.04
-3035.08
-3036.11
-3037.14
-3038.17
-3039.2
-3040.23
-3041.26
-3042.29
-3043.32
-3044.36
-3045.39
-3046.42
-3047.45
-3048.48
-3049.51
-3050.54
-3051.57
-3052.6
-3053.63
-3054.66
-3055.69
-3056.72
-3057.75
-3058.79
-3059.82
-3060.85
-3061.88
-3062.91
-3063.94
-3064.97
-3066
-3067.03
-3068.06
-3069.09
-3070.12
-3071.15
-3072.18
-3073.21
-3074.24
-3075.27
-3076.3
-3077.33
-3078.36
-3079.39
-3080.42
-3081.45
-3082.48
-3083.51
-3084.54
-3085.57
-3086.6
-3087.63
-3088.65
-3089.68
-3090.71
-3091.74
-3092.77
-3093.8
-3094.83
-3095.86
-3096.89
-3097.92
-3098.95
-3099.98
-3101.01
-3102.04
-3103.06
-3104.09
-3105.12
-3106.15
-3107.18
-3108.21
-3109.24
-3110.27
-3111.3
-3112.32
-3113.35
-3114.38
-3115.41
-3116.44
-3117.47
-3118.5
-3119.52
-3120.55
-3121.58
-3122.61
-3123.64
-3124.67
-3125.69
-3126.72
-3127.75
-3128.78
-3129.81
-3130.84
-3131.86
-3132.89
-3133.92
-3134.95
-3135.98
-3137
-3138.03
-3139.06
-3140.09
-3141.12
-3142.14
-3143.17
-3144.2
-3145.23
-3146.25
-3147.28
-3148.31
-3149.34
-3150.36
-3151.39
-3152.42
-3153.45
-3154.47
-3155.5
-3156.53
-3157.56
-3158.58
-3159.61
-3160.64
-3161.67
-3162.69
-3163.72
-3164.75
-3165.77
-3166.8
-3167.83
-3168.85
-3169.88
-3170.91
-3171.93
-3172.96
-3173.99
-3175.02
-3176.04
-3177.07
-3178.1
-3179.12
-3180.15
-3181.17
-3182.2
-3183.23
-3184.25
-3185.28
-3186.31
-3187.33
-3188.36
-3189.39
-3190.41
-3191.44
-3192.46
-3193.49
-3194.52
-3195.54
-3196.57
-3197.59
-3198.62
-3199.65
-3200.67
-3201.7
-3202.72
-3203.75
-3204.78
-3205.8
-3206.83
-3207.85
-3208.88
-3209.9
-3210.93
-3211.95
-3212.98
-3214.01
-3215.03
-3216.06
-3217.08
-3218.11
-3219.13
-3220.16
-3221.18
-3222.21
-3223.23
-3224.26
-3225.28
-3226.31
-3227.33
-3228.36
-3229.38
-3230.41
-3231.43
-3232.46
-3233.48
-3234.51
-3235.53
-3236.56
-3237.58
-3238.61
-3239.63
-3240.66
-3241.68
-3242.71
-3243.73
-3244.75
-3245.78
-3246.8
-3247.83
-3248.85
-3249.88
-3250.9
-3251.92
-3252.95
-3253.97
-3255
-3256.02
-3257.04
-3258.07
-3259.09
-3260.12
-3261.14
-3262.16
-3263.19
-3264.21
-3265.24
-3266.26
-3267.28
-3268.31
-3269.33
-3270.35
-3271.38
-3272.4
-3273.43
-3274.45
-3275.47
-3276.5
-3277.52
-3278.54
-3279.57
-3280.59
-3281.61
-3282.64
-3283.66
-3284.68
-3285.7
-3286.73
-3287.75
-3288.77
-3289.8
-3290.82
-3291.84
-3292.87
-3293.89
-3294.91
-3295.93
-3296.96
-3297.98
-3299
-3300.02
-3301.05
-3302.07
-3303.09
-3304.12
-3305.14
-3306.16
-3307.18
-3308.2
-3309.23
-3310.25
-3311.27
-3312.29
-3313.32
-3314.34
-3315.36
-3316.38
-3317.4
-3318.43
-3319.45
-3320.47
-3321.49
-3322.51
-3323.54
-3324.56
-3325.58
-3326.6
-3327.62
-3328.65
-3329.67
-3330.69
-3331.71
-3332.73
-3333.75
-3334.77
-3335.8
-3336.82
-3337.84
-3338.86
-3339.88
-3340.9
-3341.92
-3342.95
-3343.97
-3344.99
-3346.01
-3347.03
-3348.05
-3349.07
-3350.09
-3351.11
-3352.14
-3353.16
-3354.18
-3355.2
-3356.22
-3357.24
-3358.26
-3359.28
-3360.3
-3361.32
-3362.34
-3363.36
-3364.38
-3365.4
-3366.42
-3367.45
-3368.47
-3369.49
-3370.51
-3371.53
-3372.55
-3373.57
-3374.59
-3375.61
-3376.63
-3377.65
-3378.67
-3379.69
-3380.71
-3381.73
-3382.75
-3383.77
-3384.79
-3385.81
-3386.83
-3387.85
-3388.87
-3389.89
-3390.91
-3391.93
-3392.95
-3393.96
-3394.98
-3396
-3397.02
-3398.04
-3399.06
-3400.08
-3401.1
-3402.12
-3403.14
-3404.16
-3405.18
-3406.2
-3407.22
-3408.24
-3409.25
-3410.27
-3411.29
-3412.31
-3413.33
-3414.35
-3415.37
-3416.39
-3417.41
-3418.42
-3419.44
-3420.46
-3421.48
-3422.5
-3423.52
-3424.54
-3425.55
-3426.57
-3427.59
-3428.61
-3429.63
-3430.65
-3431.67
-3432.68
-3433.7
-3434.72
-3435.74
-3436.76
-3437.77
-3438.79
-3439.81
-3440.83
-3441.85
-3442.86
-3443.88
-3444.9
-3445.92
-3446.94
-3447.95
-3448.97
-3449.99
-3451.01
-3452.02
-3453.04
-3454.06
-3455.08
-3456.09
-3457.11
-3458.13
-3459.15
-3460.16
-3461.18
-3462.2
-3463.22
-3464.23
-3465.25
-3466.27
-3467.29
-3468.3
-3469.32
-3470.34
-3471.35
-3472.37
-3473.39
-3474.4
-3475.42
-3476.44
-3477.45
-3478.47
-3479.49
-3480.5
-3481.52
-3482.54
-3483.55
-3484.57
-3485.59
-3486.6
-3487.62
-3488.64
-3489.65
-3490.67
-3491.69
-3492.7
-3493.72
-3494.74
-3495.75
-3496.77
-3497.78
-3498.8
-3499.82
-3500.83
-3501.85
-3502.86
-3503.88
-3504.9
-3505.91
-3506.93
-3507.94
-3508.96
-3509.97
-3510.99
-3512.01
-3513.02
-3514.04
-3515.05
-3516.07
-3517.08
-3518.1
-3519.11
-3520.13
-3521.15
-3522.16
-3523.18
-3524.19
-3525.21
-3526.22
-3527.24
-3528.25
-3529.27
-3530.28
-3531.3
-3532.31
-3533.33
-3534.34
-3535.36
-3536.37
-3537.39
-3538.4
-3539.42
-3540.43
-3541.45
-3542.46
-3543.47
-3544.49
-3545.5
-3546.52
-3547.53
-3548.55
-3549.56
-3550.58
-3551.59
-3552.6
-3553.62
-3554.63
-3555.65
-3556.66
-3557.68
-3558.69
-3559.7
-3560.72
-3561.73
-3562.75
-3563.76
-3564.77
-3565.79
-3566.8
-3567.82
-3568.83
-3569.84
-3570.86
-3571.87
-3572.88
-3573.9
-3574.91
-3575.92
-3576.94
-3577.95
-3578.96
-3579.98
-3580.99
-3582
-3583.02
-3584.03
-3585.04
-3586.06
-3587.07
-3588.08
-3589.1
-3590.11
-3591.12
-3592.14
-3593.15
-3594.16
-3595.17
-3596.19
-3597.2
-3598.21
-3599.23
-3600.24
-3601.25
-3602.26
-3603.28
-3604.29
-3605.3
-3606.31
-3607.33
-3608.34
-3609.35
-3610.36
-3611.38
-3612.39
-3613.4
-3614.41
-3615.43
-3616.44
-3617.45
-3618.46
-3619.47
-3620.49
-3621.5
-3622.51
-3623.52
-3624.53
-3625.55
-3626.56
-3627.57
-3628.58
-3629.59
-3630.6
-3631.62
-3632.63
-3633.64
-3634.65
-3635.66
-3636.67
-3637.69
-3638.7
-3639.71
-3640.72
-3641.73
-3642.74
-3643.75
-3644.76
-3645.78
-3646.79
-3647.8
-3648.81
-3649.82
-3650.83
-3651.84
-3652.85
-3653.86
-3654.88
-3655.89
-3656.9
-3657.91
-3658.92
-3659.93
-3660.94
-3661.95
-3662.96
-3663.97
-3664.98
-3665.99
-3667
-3668.01
-3669.02
-3670.03
-3671.04
-3672.06
-3673.07
-3674.08
-3675.09
-3676.1
-3677.11
-3678.12
-3679.13
-3680.14
-3681.15
-3682.16
-3683.17
-3684.18
-3685.19
-3686.2
-3687.21
-3688.22
-3689.23
-3690.23
-3691.24
-3692.25
-3693.26
-3694.27
-3695.28
-3696.29
-3697.3
-3698.31
-3699.32
-3700.33
-3701.34
-3702.35
-3703.36
-3704.37
-3705.38
-3706.39
-3707.39
-3708.4
-3709.41
-3710.42
-3711.43
-3712.44
-3713.45
-3714.46
-3715.47
-3716.48
-3717.48
-3718.49
-3719.5
-3720.51
-3721.52
-3722.53
-3723.54
-3724.54
-3725.55
-3726.56
-3727.57
-3728.58
-3729.59
-3730.59
-3731.6
-3732.61
-3733.62
-3734.63
-3735.64
-3736.64
-3737.65
-3738.66
-3739.67
-3740.68
-3741.68
-3742.69
-3743.7
-3744.71
-3745.72
-3746.72
-3747.73
-3748.74
-3749.75
-3750.75
-3751.76
-3752.77
-3753.78
-3754.78
-3755.79
-3756.8
-3757.81
-3758.81
-3759.82
-3760.83
-3761.84
-3762.84
-3763.85
-3764.86
-3765.87
-3766.87
-3767.88
-3768.89
-3769.89
-3770.9
-3771.91
-3772.91
-3773.92
-3774.93
-3775.93
-3776.94
-3777.95
-3778.96
-3779.96
-3780.97
-3781.98
-3782.98
-3783.99
-3784.99
-3786
-3787.01
-3788.01
-3789.02
-3790.03
-3791.03
-3792.04
-3793.05
-3794.05
-3795.06
-3796.06
-3797.07
-3798.08
-3799.08
-3800.09
-3801.09
-3802.1
-3803.11
-3804.11
-3805.12
-3806.12
-3807.13
-3808.13
-3809.14
-3810.15
-3811.15
-3812.16
-3813.16
-3814.17
-3815.17
-3816.18
-3817.18
-3818.19
-3819.2
-3820.2
-3821.21
-3822.21
-3823.22
-3824.22
-3825.23
-3826.23
-3827.24
-3828.24
-3829.25
-3830.25
-3831.26
-3832.26
-3833.27
-3834.27
-3835.28
-3836.28
-3837.29
-3838.29
-3839.29
-3840.3
-3841.3
-3842.31
-3843.31
-3844.32
-3845.32
-3846.33
-3847.33
-3848.34
-3849.34
-3850.34
-3851.35
-3852.35
-3853.36
-3854.36
-3855.36
-3856.37
-3857.37
-3858.38
-3859.38
-3860.38
-3861.39
-3862.39
-3863.4
-3864.4
-3865.4
-3866.41
-3867.41
-3868.41
-3869.42
-3870.42
-3871.43
-3872.43
-3873.43
-3874.44
-3875.44
-3876.44
-3877.45
-3878.45
-3879.45
-3880.46
-3881.46
-3882.46
-3883.47
-3884.47
-3885.47
-3886.47
-3887.48
-3888.48
-3889.48
-3890.49
-3891.49
-3892.49
-3893.5
-3894.5
-3895.5
-3896.5
-3897.51
-3898.51
-3899.51
-3900.51
-3901.52
-3902.52
-3903.52
-3904.52
-3905.53
-3906.53
-3907.53
-3908.53
-3909.54
-3910.54
-3911.54
-3912.54
-3913.54
-3914.55
-3915.55
-3916.55
-3917.55
-3918.55
-3919.56
-3920.56
-3921.56
-3922.56
-3923.56
-3924.57
-3925.57
-3926.57
-3927.57
-3928.57
-3929.57
-3930.58
-3931.58
-3932.58
-3933.58
-3934.58
-3935.58
-3936.58
-3937.58
-3938.59
-3939.59
-3940.59
-3941.59
-3942.59
-3943.59
-3944.59
-3945.59
-3946.59
-3947.6
-3948.6
-3949.6
-3950.6
-3951.6
-3952.6
-3953.6
-3954.6
-3955.6
-3956.6
-3957.6
-3958.6
-3959.6
-3960.61
-3961.61
-3962.61
-3963.61
-3964.61
-3965.61
-3966.61
-3967.61
-3968.61
-3969.61
-3970.61
-3971.61
-3972.61
-3973.61
-3974.61
-3975.61
-3976.61
-3977.61
-3978.61
-3979.61
-3980.61
-3981.61
-3982.61
-3983.61
-3984.61
-3985.61
-3986.61
-3987.61
-3988.61
-3989.6
-3990.6
-3991.6
-3992.6
-3993.6
-3994.6
-3995.6
-3996.6
-3997.6
-3998.6
-3999.6
-4000.6
-4001.6
-4002.6
-4003.59
-4004.59
-4005.59
-4006.59
-4007.59
-4008.59
-4009.59
-4010.59
-4011.59
-4012.58
-4013.58
-4014.58
-4015.58
-4016.58
-4017.58
-4018.58
-4019.57
-4020.57
-4021.57
-4022.57
-4023.57
-4024.57
-4025.56
-4026.56
-4027.56
-4028.56
-4029.56
-4030.55
-4031.55
-4032.55
-4033.55
-4034.55
-4035.54
-4036.54
-4037.54
-4038.54
-4039.54
-4040.53
-4041.53
-4042.53
-4043.53
-4044.52
-4045.52
-4046.52
-4047.52
-4048.51
-4049.51
-4050.51
-4051.51
-4052.5
-4053.5
-4054.5
-4055.5
-4056.49
-4057.49
-4058.49
-4059.48
-4060.48
-4061.48
-4062.48
-4063.47
-4064.47
-4065.47
-4066.46
-4067.46
-4068.46
-4069.45
-4070.45
-4071.45
-4072.44
-4073.44
-4074.44
-4075.43
-4076.43
-4077.43
-4078.42
-4079.42
-4080.42
-4081.41
-4082.41
-4083.4
-4084.4
-4085.4
-4086.39
-4087.39
-4088.39
-4089.38
-4090.38
-4091.37
-4092.37
-4093.37
-4094.36
-4095.36
-4096.35
-4097.35
-4098.34
-4099.34
-4100.34
-4101.33
-4102.33
-4103.32
-4104.32
-4105.31
-4106.31
-4107.3
-4108.3
-4109.3
-4110.29
-4111.29
-4112.28
-4113.28
-4114.27
-4115.27
-4116.26
-4117.26
-4118.25
-4119.25
-4120.24
-4121.24
-4122.23
-4123.23
-4124.22
-4125.22
-4126.21
-4127.21
-4128.2
-4129.2
-4130.19
-4131.18
-4132.18
-4133.17
-4134.17
-4135.16
-4136.16
-4137.15
-4138.15
-4139.14
-4140.13
-4141.13
-4142.12
-4143.12
-4144.11
-4145.11
-4146.1
-4147.09
-4148.09
-4149.08
-4150.08
-4151.07
-4152.06
-4153.06
-4154.05
-4155.04
-4156.04
-4157.03
-4158.03
-4159.02
-4160.01
-4161.01
-4162
-4162.99
-4163.99
-4164.98
-4165.97
-4166.97
-4167.96
-4168.95
-4169.95
-4170.94
-4171.93
-4172.93
-4173.92
-4174.91
-4175.91
-4176.9
-4177.89
-4178.88
-4179.88
-4180.87
-4181.86
-4182.86
-4183.85
-4184.84
-4185.83
-4186.83
-4187.82
-4188.81
-4189.8
-4190.8
-4191.79
-4192.78
-4193.77
-4194.77
-4195.76
-4196.75
-4197.74
-4198.74
-4199.73
-4200.72
-4201.71
-4202.7
-4203.7
-4204.69
-4205.68
-4206.67
-4207.66
-4208.66
-4209.65
-4210.64
-4211.63
-4212.62
-4213.62
-4214.61
-4215.6
-4216.59
-4217.58
-4218.57
-4219.57
-4220.56
-4221.55
-4222.54
-4223.53
-4224.52
-4225.51
-4226.51
-4227.5
-4228.49
-4229.48
-4230.47
-4231.46
-4232.45
-4233.44
-4234.43
-4235.42
-4236.42
-4237.41
-4238.4
-4239.39
-4240.38
-4241.37
-4242.36
-4243.35
-4244.34
-4245.33
-4246.32
-4247.31
-4248.3
-4249.29
-4250.29
-4251.28
-4252.27
-4253.26
-4254.25
-4255.24
-4256.23
-4257.22
-4258.21
-4259.2
-4260.19
-4261.18
-4262.17
-4263.16
-4264.15
-4265.14
-4266.13
-4267.12
-4268.11
-4269.1
-4270.09
-4271.08
-4272.07
-4273.06
-4274.05
-4275.03
-4276.02
-4277.01
-4278
-4278.99
-4279.98
-4280.97
-4281.96
-4282.95
-4283.94
-4284.93
-4285.92
-4286.91
-4287.9
-4288.88
-4289.87
-4290.86
-4291.85
-4292.84
-4293.83
-4294.82
-4295.81
-4296.8
-4297.78
-4298.77
-4299.76
-4300.75
-4301.74
-4302.73
-4303.72
-4304.71
-4305.69
-4306.68
-4307.67
-4308.66
-4309.65
-4310.64
-4311.62
-4312.61
-4313.6
-4314.59
-4315.58
-4316.56
-4317.55
-4318.54
-4319.53
-4320.52
-4321.5
-4322.49
-4323.48
-4324.47
-4325.46
-4326.44
-4327.43
-4328.42
-4329.41
-4330.39
-4331.38
-4332.37
-4333.36
-4334.34
-4335.33
-4336.32
-4337.31
-4338.29
-4339.28
-4340.27
-4341.26
-4342.24
-4343.23
-4344.22
-4345.2
-4346.19
-4347.18
-4348.17
-4349.15
-4350.14
-4351.13
-4352.11
-4353.1
-4354.09
-4355.07
-4356.06
-4357.05
-4358.03
-4359.02
-4360.01
-4360.99
-4361.98
-4362.97
-4363.95
-4364.94
-4365.92
-4366.91
-4367.9
-4368.88
-4369.87
-4370.86
-4371.84
-4372.83
-4373.81
-4374.8
-4375.79
-4376.77
-4377.76
-4378.74
-4379.73
-4380.72
-4381.7
-4382.69
-4383.67
-4384.66
-4385.64
-4386.63
-4387.62
-4388.6
-4389.59
-4390.57
-4391.56
-4392.54
-4393.53
-4394.51
-4395.5
-4396.48
-4397.47
-4398.45
-4399.44
-4400.42
-4401.41
-4402.39
-4403.38
-4404.36
-4405.35
-4406.33
-4407.32
-4408.3
-4409.29
-4410.27
-4411.26
-4412.24
-4413.23
-4414.21
-4415.2
-4416.18
-4417.17
-4418.15
-4419.14
-4420.12
-4421.1
-4422.09
-4423.07
-4424.06
-4425.04
-4426.03
-4427.01
-4427.99
-4428.98
-4429.96
-4430.95
-4431.93
-4432.91
-4433.9
-4434.88
-4435.87
-4436.85
-4437.83
-4438.82
-4439.8
-4440.78
-4441.77
-4442.75
-4443.74
-4444.72
-4445.7
-4446.69
-4447.67
-4448.65
-4449.64
-4450.62
-4451.6
-4452.59
-4453.57
-4454.55
-4455.54
-4456.52
-4457.5
-4458.48
-4459.47
-4460.45
-4461.43
-4462.42
-4463.4
-4464.38
-4465.36
-4466.35
-4467.33
-4468.31
-4469.3
-4470.28
-4471.26
-4472.24
-4473.23
-4474.21
-4475.19
-4476.17
-4477.16
-4478.14
-4479.12
-4480.1
-4481.08
-4482.07
-4483.05
-4484.03
-4485.01
-4486
-4486.98
-4487.96
-4488.94
-4489.92
-4490.9
-4491.89
-4492.87
-4493.85
-4494.83
-4495.81
-4496.8
-4497.78
-4498.76
-4499.74
-4500.72
-4501.7
-4502.68
-4503.67
-4504.65
-4505.63
-4506.61
-4507.59
-4508.57
-4509.55
-4510.54
-4511.52
-4512.5
-4513.48
-4514.46
-4515.44
-4516.42
-4517.4
-4518.38
-4519.36
-4520.34
-4521.33
-4522.31
-4523.29
-4524.27
-4525.25
-4526.23
-4527.21
-4528.19
-4529.17
-4530.15
-4531.13
-4532.11
-4533.09
-4534.07
-4535.05
-4536.03
-4537.01
-4537.99
-4538.97
-4539.95
-4540.93
-4541.91
-4542.89
-4543.87
-4544.85
-4545.83
-4546.81
-4547.79
-4548.77
-4549.75
-4550.73
-4551.71
-4552.69
-4553.67
-4554.65
-4555.63
-4556.61
-4557.59
-4558.57
-4559.55
-4560.53
-4561.51
-4562.49
-4563.47
-4564.45
-4565.42
-4566.4
-4567.38
-4568.36
-4569.34
-4570.32
-4571.3
-4572.28
-4573.26
-4574.24
-4575.21
-4576.19
-4577.17
-4578.15
-4579.13
-4580.11
-4581.09
-4582.07
-4583.04
-4584.02
-4585
-4585.98
-4586.96
-4587.94
-4588.91
-4589.89
-4590.87
-4591.85
-4592.83
-4593.81
-4594.78
-4595.76
-4596.74
-4597.72
-4598.7
-4599.67
-4600.65
-4601.63
-4602.61
-4603.59
-4604.56
-4605.54
-4606.52
-4607.5
-4608.47
-4609.45
-4610.43
-4611.41
-4612.38
-4613.36
-4614.34
-4615.32
-4616.29
-4617.27
-4618.25
-4619.23
-4620.2
-4621.18
-4622.16
-4623.13
-4624.11
-4625.09
-4626.06
-4627.04
-4628.02
-4629
-4629.97
-4630.95
-4631.93
-4632.9
-4633.88
-4634.86
-4635.83
-4636.81
-4637.79
-4638.76
-4639.74
-4640.72
-4641.69
-4642.67
-4643.64
-4644.62
-4645.6
-4646.57
-4647.55
-4648.53
-4649.5
-4650.48
-4651.45
-4652.43
-4653.41
-4654.38
-4655.36
-4656.33
-4657.31
-4658.29
-4659.26
-4660.24
-4661.21
-4662.19
-4663.16
-4664.14
-4665.12
-4666.09
-4667.07
-4668.04
-4669.02
-4669.99
-4670.97
-4671.94
-4672.92
-4673.89
-4674.87
-4675.84
-4676.82
-4677.79
-4678.77
-4679.74
-4680.72
-4681.69
-4682.67
-4683.64
-4684.62
-4685.59
-4686.57
-4687.54
-4688.52
-4689.49
-4690.47
-4691.44
-4692.42
-4693.39
-4694.37
-4695.34
-4696.31
-4697.29
-4698.26
-4699.24
-4700.21
-4701.19
-4702.16
-4703.13
-4704.11
-4705.08
-4706.06
-4707.03
-4708
-4708.98
-4709.95
-4710.93
-4711.9
-4712.87
-4713.85
-4714.82
-4715.8
-4716.77
-4717.74
-4718.72
-4719.69
-4720.66
-4721.64
-4722.61
-4723.58
-4724.56
-4725.53
-4726.5
-4727.48
-4728.45
-4729.42
-4730.4
-4731.37
-4732.34
-4733.32
-4734.29
-4735.26
-4736.24
-4737.21
-4738.18
-4739.15
-4740.13
-4741.1
-4742.07
-4743.04
-4744.02
-4744.99
-4745.96
-4746.94
-4747.91
-4748.88
-4749.85
-4750.83
-4751.8
-4752.77
-4753.74
-4754.71
-4755.69
-4756.66
-4757.63
-4758.6
-4759.58
-4760.55
-4761.52
-4762.49
-4763.46
-4764.44
-4765.41
-4766.38
-4767.35
-4768.32
-4769.29
-4770.27
-4771.24
-4772.21
-4773.18
-4774.15
-4775.12
-4776.1
-4777.07
-4778.04
-4779.01
-4779.98
-4780.95
-4781.92
-4782.9
-4783.87
-4784.84
-4785.81
-4786.78
-4787.75
-4788.72
-4789.69
-4790.66
-4791.63
-4792.61
-4793.58
-4794.55
-4795.52
-4796.49
-4797.46
-4798.43
-4799.4
-4800.37
-4801.34
-4802.31
-4803.28
-4804.25
-4805.22
-4806.19
-4807.16
-4808.13
-4809.1
-4810.08
-4811.05
-4812.02
-4812.99
-4813.96
-4814.93
-4815.9
-4816.87
-4817.84
-4818.81
-4819.78
-4820.75
-4821.72
-4822.68
-4823.65
-4824.62
-4825.59
-4826.56
-4827.53
-4828.5
-4829.47
-4830.44
-4831.41
-4832.38
-4833.35
-4834.32
-4835.29
-4836.26
-4837.23
-4838.2
-4839.17
-4840.13
-4841.1
-4842.07
-4843.04
-4844.01
-4844.98
-4845.95
-4846.92
-4847.89
-4848.86
-4849.82
-4850.79
-4851.76
-4852.73
-4853.7
-4854.67
-4855.64
-4856.6
-4857.57
-4858.54
-4859.51
-4860.48
-4861.45
-4862.41
-4863.38
-4864.35
-4865.32
-4866.29
-4867.26
-4868.22
-4869.19
-4870.16
-4871.13
-4872.1
-4873.06
-4874.03
-4875
-4875.97
-4876.93
-4877.9
-4878.87
-4879.84
-4880.81
-4881.77
-4882.74
-4883.71
-4884.68
-4885.64
-4886.61
-4887.58
-4888.54
-4889.51
-4890.48
-4891.45
-4892.41
-4893.38
-4894.35
-4895.31
-4896.28
-4897.25
-4898.22
-4899.18
-4900.15
-4901.12
-4902.08
-4903.05
-4904.02
-4904.98
-4905.95
-4906.92
-4907.88
-4908.85
-4909.82
-4910.78
-4911.75
-4912.72
-4913.68
-4914.65
-4915.61
-4916.58
-4917.55
-4918.51
-4919.48
-4920.45
-4921.41
-4922.38
-4923.34
-4924.31
-4925.28
-4926.24
-4927.21
-4928.17
-4929.14
-4930.11
-4931.07
-4932.04
-4933
-4933.97
-4934.93
-4935.9
-4936.86
-4937.83
-4938.8
-4939.76
-4940.73
-4941.69
-4942.66
-4943.62
-4944.59
-4945.55
-4946.52
-4947.48
-4948.45
-4949.41
-4950.38
-4951.34
-4952.31
-4953.27
-4954.24
-4955.2
-4956.17
-4957.13
-4958.1
-4959.06
-4960.03
-4960.99
-4961.95
-4962.92
-4963.88
-4964.85
-4965.81
-4966.78
-4967.74
-4968.71
-4969.67
-4970.63
-4971.6
-4972.56
-4973.53
-4974.49
-4975.46
-4976.42
-4977.38
-4978.35
-4979.31
-4980.27
-4981.24
-4982.2
-4983.17
-4984.13
-4985.09
-4986.06
-4987.02
-4987.98
-4988.95
-4989.91
-4990.87
-4991.84
-4992.8
-4993.77
-4994.73
-4995.69
-4996.66
-4997.62
-4998.58
-4999.54
-5000.51
-5001.47
-5002.43
-5003.4
-5004.36
-5005.32
-5006.29
-5007.25
-5008.21
-5009.17
-5010.14
-5011.1
-5012.06
-5013.02
-5013.99
-5014.95
-5015.91
-5016.88
-5017.84
-5018.8
-5019.76
-5020.72
-5021.69
-5022.65
-5023.61
-5024.57
-5025.54
-5026.5
-5027.46
-5028.42
-5029.38
-5030.35
-5031.31
-5032.27
-5033.23
-5034.19
-5035.16
-5036.12
-5037.08
-5038.04
-5039
-5039.96
-5040.93
-5041.89
-5042.85
-5043.81
-5044.77
-5045.73
-5046.69
-5047.66
-5048.62
-5049.58
-5050.54
-5051.5
-5052.46
-5053.42
-5054.38
-5055.35
-5056.31
-5057.27
-5058.23
-5059.19
-5060.15
-5061.11
-5062.07
-5063.03
-5063.99
-5064.95
-5065.91
-5066.87
-5067.84
-5068.8
-5069.76
-5070.72
-5071.68
-5072.64
-5073.6
-5074.56
-5075.52
-5076.48
-5077.44
-5078.4
-5079.36
-5080.32
-5081.28
-5082.24
-5083.2
-5084.16
-5085.12
-5086.08
-5087.04
-5088
-5088.96
-5089.92
-5090.88
-5091.84
-5092.8
-5093.76
-5094.72
-5095.68
-5096.64
-5097.59
-5098.55
-5099.51
-5100.47
-5101.43
-5102.39
-5103.35
-5104.31
-5105.27
-5106.23
-5107.19
-5108.15
-5109.1
-5110.06
-5111.02
-5111.98
-5112.94
-5113.9
-5114.86
-5115.82
-5116.78
-5117.73
-5118.69
-5119.65
-5120.61
-5121.57
-5122.53
-5123.49
-5124.44
-5125.4
-5126.36
-5127.32
-5128.28
-5129.24
-5130.19
-5131.15
-5132.11
-5133.07
-5134.03
-5134.98
-5135.94
-5136.9
-5137.86
-5138.82
-5139.77
-5140.73
-5141.69
-5142.65
-5143.6
-5144.56
-5145.52
-5146.48
-5147.43
-5148.39
-5149.35
-5150.31
-5151.26
-5152.22
-5153.18
-5154.14
-5155.09
-5156.05
-5157.01
-5157.96
-5158.92
-5159.88
-5160.84
-5161.79
-5162.75
-5163.71
-5164.66
-5165.62
-5166.58
-5167.53
-5168.49
-5169.45
-5170.4
-5171.36
-5172.32
-5173.27
-5174.23
-5175.19
-5176.14
-5177.1
-5178.06
-5179.01
-5179.97
-5180.92
-5181.88
-5182.84
-5183.79
-5184.75
-5185.7
-5186.66
-5187.62
-5188.57
-5189.53
-5190.48
-5191.44
-5192.4
-5193.35
-5194.31
-5195.26
-5196.22
-5197.17
-5198.13
-5199.09
-5200.04
-5201
-5201.95
-5202.91
-5203.86
-5204.82
-5205.77
-5206.73
-5207.68
-5208.64
-5209.59
-5210.55
-5211.5
-5212.46
-5213.41
-5214.37
-5215.32
-5216.28
-5217.23
-5218.19
-5219.14
-5220.1
-5221.05
-5222.01
-5222.96
-5223.92
-5224.87
-5225.83
-5226.78
-5227.73
-5228.69
-5229.64
-5230.6
-5231.55
-5232.51
-5233.46
-5234.41
-5235.37
-5236.32
-5237.28
-5238.23
-5239.18
-5240.14
-5241.09
-5242.05
-5243
-5243.95
-5244.91
-5245.86
-5246.82
-5247.77
-5248.72
-5249.68
-5250.63
-5251.58
-5252.54
-5253.49
-5254.44
-5255.4
-5256.35
-5257.3
-5258.26
-5259.21
-5260.16
-5261.12
-5262.07
-5263.02
-5263.98
-5264.93
-5265.88
-5266.83
-5267.79
-5268.74
-5269.69
-5270.65
-5271.6
-5272.55
-5273.5
-5274.46
-5275.41
-5276.36
-5277.31
-5278.27
-5279.22
-5280.17
-5281.12
-5282.08
-5283.03
-5283.98
-5284.93
-5285.88
-5286.84
-5287.79
-5288.74
-5289.69
-5290.65
-5291.6
-5292.55
-5293.5
-5294.45
-5295.4
-5296.36
-5297.31
-5298.26
-5299.21
-5300.16
-5301.11
-5302.07
-5303.02
-5303.97
-5304.92
-5305.87
-5306.82
-5307.77
-5308.73
-5309.68
-5310.63
-5311.58
-5312.53
-5313.48
-5314.43
-5315.38
-5316.33
-5317.29
-5318.24
-5319.19
-5320.14
-5321.09
-5322.04
-5322.99
-5323.94
-5324.89
-5325.84
-5326.79
-5327.74
-5328.69
-5329.64
-5330.6
-5331.55
-5332.5
-5333.45
-5334.4
-5335.35
-5336.3
-5337.25
-5338.2
-5339.15
-5340.1
-5341.05
-5342
-5342.95
-5343.9
-5344.85
-5345.8
-5346.75
-5347.7
-5348.65
-5349.6
-5350.55
-5351.5
-5352.44
-5353.39
-5354.34
-5355.29
-5356.24
-5357.19
-5358.14
-5359.09
-5360.04
-5360.99
-5361.94
-5362.89
-5363.84
-5364.79
-5365.73
-5366.68
-5367.63
-5368.58
-5369.53
-5370.48
-5371.43
-5372.38
-5373.33
-5374.27
-5375.22
-5376.17
-5377.12
-5378.07
-5379.02
-5379.97
-5380.91
-5381.86
-5382.81
-5383.76
-5384.71
-5385.66
-5386.6
-5387.55
-5388.5
-5389.45
-5390.4
-5391.34
-5392.29
-5393.24
-5394.19
-5395.14
-5396.08
-5397.03
-5397.98
-5398.93
-5399.88
-5400.82
-5401.77
-5402.72
-5403.67
-5404.61
-5405.56
-5406.51
-5407.46
-5408.4
-5409.35
-5410.3
-5411.25
-5412.19
-5413.14
-5414.09
-5415.03
-5415.98
-5416.93
-5417.87
-5418.82
-5419.77
-5420.72
-5421.66
-5422.61
-5423.56
-5424.5
-5425.45
-5426.4
-5427.34
-5428.29
-5429.24
-5430.18
-5431.13
-5432.08
-5433.02
-5433.97
-5434.91
-5435.86
-5436.81
-5437.75
-5438.7
-5439.65
-5440.59
-5441.54
-5442.48
-5443.43
-5444.38
-5445.32
-5446.27
-5447.21
-5448.16
-5449.1
-5450.05
-5451
-5451.94
-5452.89
-5453.83
-5454.78
-5455.72
-5456.67
-5457.61
-5458.56
-5459.51
-5460.45
-5461.4
-5462.34
-5463.29
-5464.23
-5465.18
-5466.12
-5467.07
-5468.01
-5468.96
-5469.9
-5470.85
-5471.79
-5472.74
-5473.68
-5474.63
-5475.57
-5476.52
-5477.46
-5478.4
-5479.35
-5480.29
-5481.24
-5482.18
-5483.13
-5484.07
-5485.02
-5485.96
-5486.9
-5487.85
-5488.79
-5489.74
-5490.68
-5491.62
-5492.57
-5493.51
-5494.46
-5495.4
-5496.34
-5497.29
-5498.23
-5499.18
-5500.12
-5501.06
-5502.01
-5502.95
-5503.89
-5504.84
-5505.78
-5506.72
-5507.67
-5508.61
-5509.55
-5510.5
-5511.44
-5512.38
-5513.33
-5514.27
-5515.21
-5516.16
-5517.1
-5518.04
-5518.99
-5519.93
-5520.87
-5521.81
-5522.76
-5523.7
-5524.64
-5525.59
-5526.53
-5527.47
-5528.41
-5529.36
-5530.3
-5531.24
-5532.18
-5533.13
-5534.07
-5535.01
-5535.95
-5536.9
-5537.84
-5538.78
-5539.72
-5540.66
-5541.61
-5542.55
-5543.49
-5544.43
-5545.37
-5546.32
-5547.26
-5548.2
-5549.14
-5550.08
-5551.02
-5551.97
-5552.91
-5553.85
-5554.79
-5555.73
-5556.67
-5557.62
-5558.56
-5559.5
-5560.44
-5561.38
-5562.32
-5563.26
-5564.2
-5565.15
-5566.09
-5567.03
-5567.97
-5568.91
-5569.85
-5570.79
-5571.73
-5572.67
-5573.61
-5574.55
-5575.5
-5576.44
-5577.38
-5578.32
-5579.26
-5580.2
-5581.14
-5582.08
-5583.02
-5583.96
-5584.9
-5585.84
-5586.78
-5587.72
-5588.66
-5589.6
-5590.54
-5591.48
-5592.42
-5593.36
-5594.3
-5595.24
-5596.18
-5597.12
-5598.06
-5599
-5599.94
-5600.88
-5601.82
-5602.76
-5603.7
-5604.64
-5605.58
-5606.52
-5607.46
-5608.4
-5609.34
-5610.27
-5611.21
-5612.15
-5613.09
-5614.03
-5614.97
-5615.91
-5616.85
-5617.79
-5618.73
-5619.67
-5620.6
-5621.54
-5622.48
-5623.42
-5624.36
-5625.3
-5626.24
-5627.18
-5628.11
-5629.05
-5629.99
-5630.93
-5631.87
-5632.81
-5633.74
-5634.68
-5635.62
-5636.56
-5637.5
-5638.44
-5639.37
-5640.31
-5641.25
-5642.19
-5643.13
-5644.06
-5645
-5645.94
-5646.88
-5647.82
-5648.75
-5649.69
-5650.63
-5651.57
-5652.5
-5653.44
-5654.38
-5655.32
-5656.25
-5657.19
-5658.13
-5659.07
-5660
-5660.94
-5661.88
-5662.81
-5663.75
-5664.69
-5665.63
-5666.56
-5667.5
-5668.44
-5669.37
-5670.31
-5671.25
-5672.18
-5673.12
-5674.06
-5674.99
-5675.93
-5676.87
-5677.8
-5678.74
-5679.68
-5680.61
-5681.55
-5682.49
-5683.42
-5684.36
-5685.29
-5686.23
-5687.17
-5688.1
-5689.04
-5689.98
-5690.91
-5691.85
-5692.78
-5693.72
-5694.66
-5695.59
-5696.53
-5697.46
-5698.4
-5699.33
-5700.27
-5701.21
-5702.14
-5703.08
-5704.01
-5704.95
-5705.88
-5706.82
-5707.75
-5708.69
-5709.62
-5710.56
-5711.49
-5712.43
-5713.36
-5714.3
-5715.23
-5716.17
-5717.1
-5718.04
-5718.97
-5719.91
-5720.84
-5721.78
-5722.71
-5723.65
-5724.58
-5725.52
-5726.45
-5727.39
-5728.32
-5729.26
-5730.19
-5731.12
-5732.06
-5732.99
-5733.93
-5734.86
-5735.8
-5736.73
-5737.66
-5738.6
-5739.53
-5740.47
-5741.4
-5742.33
-5743.27
-5744.2
-5745.13
-5746.07
-5747
-5747.94
-5748.87
-5749.8
-5750.74
-5751.67
-5752.6
-5753.54
-5754.47
-5755.4
-5756.34
-5757.27
-5758.2
-5759.14
-5760.07
-5761
-5761.94
-5762.87
-5763.8
-5764.74
-5765.67
-5766.6
-5767.53
-5768.47
-5769.4
-5770.33
-5771.27
-5772.2
-5773.13
-5774.06
-5775
-5775.93
-5776.86
-5777.79
-5778.73
-5779.66
-5780.59
-5781.52
-5782.46
-5783.39
-5784.32
-5785.25
-5786.18
-5787.12
-5788.05
-5788.98
-5789.91
-5790.84
-5791.78
-5792.71
-5793.64
-5794.57
-5795.5
-5796.43
-5797.37
-5798.3
-5799.23
-5800.16
-5801.09
-5802.02
-5802.95
-5803.89
-5804.82
-5805.75
-5806.68
-5807.61
-5808.54
-5809.47
-5810.4
-5811.34
-5812.27
-5813.2
-5814.13
-5815.06
-5815.99
-5816.92
-5817.85
-5818.78
-5819.71
-5820.64
-5821.57
-5822.51
-5823.44
-5824.37
-5825.3
-5826.23
-5827.16
-5828.09
-5829.02
-5829.95
-5830.88
-5831.81
-5832.74
-5833.67
-5834.6
-5835.53
-5836.46
-5837.39
-5838.32
-5839.25
-5840.18
-5841.11
-5842.04
-5842.97
-5843.9
-5844.83
-5845.76
-5846.69
-5847.62
-5848.55
-5849.48
-5850.41
-5851.33
-5852.26
-5853.19
-5854.12
-5855.05
-5855.98
-5856.91
-5857.84
-5858.77
-5859.7
-5860.63
-5861.56
-5862.48
-5863.41
-5864.34
-5865.27
-5866.2
-5867.13
-5868.06
-5868.99
-5869.91
-5870.84
-5871.77
-5872.7
-5873.63
-5874.56
-5875.49
-5876.41
-5877.34
-5878.27
-5879.2
-5880.13
-5881.05
-5881.98
-5882.91
-5883.84
-5884.77
-5885.69
-5886.62
-5887.55
-5888.48
-5889.41
-5890.33
-5891.26
-5892.19
-5893.12
-5894.04
-5894.97
-5895.9
-5896.83
-5897.75
-5898.68
-5899.61
-5900.54
-5901.46
-5902.39
-5903.32
-5904.25
-5905.17
-5906.1
-5907.03
-5907.95
-5908.88
-5909.81
-5910.73
-5911.66
-5912.59
-5913.52
-5914.44
-5915.37
-5916.3
-5917.22
-5918.15
-5919.08
-5920
-5920.93
-5921.85
-5922.78
-5923.71
-5924.63
-5925.56
-5926.49
-5927.41
-5928.34
-5929.26
-5930.19
-5931.12
-5932.04
-5932.97
-5933.89
-5934.82
-5935.75
-5936.67
-5937.6
-5938.52
-5939.45
-5940.38
-5941.3
-5942.23
-5943.15
-5944.08
-5945
-5945.93
-5946.85
-5947.78
-5948.7
-5949.63
-5950.55
-5951.48
-5952.41
-5953.33
-5954.26
-5955.18
-5956.11
-5957.03
-5957.96
-5958.88
-5959.8
-5960.73
-5961.65
-5962.58
-5963.5
-5964.43
-5965.35
-5966.28
-5967.2
-5968.13
-5969.05
-5969.98
-5970.9
-5971.82
-5972.75
-5973.67
-5974.6
-5975.52
-5976.45
-5977.37
-5978.29
-5979.22
-5980.14
-5981.07
-5981.99
-5982.91
-5983.84
-5984.76
-5985.68
-5986.61
-5987.53
-5988.46
-5989.38
-5990.3
-5991.23
-5992.15
-5993.07
-5994
-5994.92
-5995.84
-5996.77
-5997.69
-5998.61
-5999.54
-6000.46
-6001.38
-6002.3
-6003.23
-6004.15
-6005.07
-6006
-6006.92
-6007.84
-6008.76
-6009.69
-6010.61
-6011.53
-6012.46
-6013.38
-6014.3
-6015.22
-6016.15
-6017.07
-6017.99
-6018.91
-6019.83
-6020.76
-6021.68
-6022.6
-6023.52
-6024.45
-6025.37
-6026.29
-6027.21
-6028.13
-6029.06
-6029.98
-6030.9
-6031.82
-6032.74
-6033.66
-6034.59
-6035.51
-6036.43
-6037.35
-6038.27
-6039.19
-6040.11
-6041.04
-6041.96
-6042.88
-6043.8
-6044.72
-6045.64
-6046.56
-6047.48
-6048.41
-6049.33
-6050.25
-6051.17
-6052.09
-6053.01
-6053.93
-6054.85
-6055.77
-6056.69
-6057.61
-6058.53
-6059.46
-6060.38
-6061.3
-6062.22
-6063.14
-6064.06
-6064.98
-6065.9
-6066.82
-6067.74
-6068.66
-6069.58
-6070.5
-6071.42
-6072.34
-6073.26
-6074.18
-6075.1
-6076.02
-6076.94
-6077.86
-6078.78
-6079.7
-6080.62
-6081.54
-6082.46
-6083.38
-6084.3
-6085.22
-6086.13
-6087.05
-6087.97
-6088.89
-6089.81
-6090.73
-6091.65
-6092.57
-6093.49
-6094.41
-6095.33
-6096.25
-6097.17
-6098.08
-6099
-6099.92
-6100.84
-6101.76
-6102.68
-6103.6
-6104.52
-6105.43
-6106.35
-6107.27
-6108.19
-6109.11
-6110.03
-6110.94
-6111.86
-6112.78
-6113.7
-6114.62
-6115.54
-6116.45
-6117.37
-6118.29
-6119.21
-6120.13
-6121.04
-6121.96
-6122.88
-6123.8
-6124.72
-6125.63
-6126.55
-6127.47
-6128.39
-6129.3
-6130.22
-6131.14
-6132.06
-6132.97
-6133.89
-6134.81
-6135.73
-6136.64
-6137.56
-6138.48
-6139.39
-6140.31
-6141.23
-6142.15
-6143.06
-6143.98
-6144.9
-6145.81
-6146.73
-6147.65
-6148.56
-6149.48
-6150.4
-6151.31
-6152.23
-6153.15
-6154.06
-6154.98
-6155.9
-6156.81
-6157.73
-6158.64
-6159.56
-6160.48
-6161.39
-6162.31
-6163.23
-6164.14
-6165.06
-6165.97
-6166.89
-6167.81
-6168.72
-6169.64
-6170.55
-6171.47
-6172.38
-6173.3
-6174.22
-6175.13
-6176.05
-6176.96
-6177.88
-6178.79
-6179.71
-6180.62
-6181.54
-6182.45
-6183.37
-6184.28
-6185.2
-6186.11
-6187.03
-6187.94
-6188.86
-6189.77
-6190.69
-6191.6
-6192.52
-6193.43
-6194.35
-6195.26
-6196.18
-6197.09
-6198.01
-6198.92
-6199.84
-6200.75
-6201.67
-6202.58
-6203.49
-6204.41
-6205.32
-6206.24
-6207.15
-6208.07
-6208.98
-6209.89
-6210.81
-6211.72
-6212.64
-6213.55
-6214.46
-6215.38
-6216.29
-6217.2
-6218.12
-6219.03
-6219.95
-6220.86
-6221.77
-6222.69
-6223.6
-6224.51
-6225.43
-6226.34
-6227.25
-6228.17
-6229.08
-6229.99
-6230.91
-6231.82
-6232.73
-6233.64
-6234.56
-6235.47
-6236.38
-6237.3
-6238.21
-6239.12
-6240.03
-6240.95
-6241.86
-6242.77
-6243.68
-6244.6
-6245.51
-6246.42
-6247.33
-6248.25
-6249.16
-6250.07
-6250.98
-6251.9
-6252.81
-6253.72
-6254.63
-6255.54
-6256.46
-6257.37
-6258.28
-6259.19
-6260.1
-6261.02
-6261.93
-6262.84
-6263.75
-6264.66
-6265.57
-6266.49
-6267.4
-6268.31
-6269.22
-6270.13
-6271.04
-6271.95
-6272.87
-6273.78
-6274.69
-6275.6
-6276.51
-6277.42
-6278.33
-6279.24
-6280.15
-6281.07
-6281.98
-6282.89
-6283.8
-6284.71
-6285.62
-6286.53
-6287.44
-6288.35
-6289.26
-6290.17
-6291.08
-6291.99
-6292.9
-6293.81
-6294.72
-6295.63
-6296.54
-6297.45
-6298.36
-6299.27
-6300.18
-6301.09
-6302
-6302.91
-6303.82
-6304.73
-6305.64
-6306.55
-6307.46
-6308.37
-6309.28
-6310.19
-6311.1
-6312.01
-6312.92
-6313.83
-6314.74
-6315.65
-6316.56
-6317.47
-6318.38
-6319.29
-6320.2
-6321.11
-6322.01
-6322.92
-6323.83
-6324.74
-6325.65
-6326.56
-6327.47
-6328.38
-6329.29
-6330.19
-6331.1
-6332.01
-6332.92
-6333.83
-6334.74
-6335.65
-6336.55
-6337.46
-6338.37
-6339.28
-6340.19
-6341.1
-6342
-6342.91
-6343.82
-6344.73
-6345.64
-6346.54
-6347.45
-6348.36
-6349.27
-6350.18
-6351.08
-6351.99
-6352.9
-6353.81
-6354.71
-6355.62
-6356.53
-6357.44
-6358.34
-6359.25
-6360.16
-6361.07
-6361.97
-6362.88
-6363.79
-6364.7
-6365.6
-6366.51
-6367.42
-6368.32
-6369.23
-6370.14
-6371.04
-6371.95
-6372.86
-6373.76
-6374.67
-6375.58
-6376.48
-6377.39
-6378.3
-6379.2
-6380.11
-6381.02
-6381.92
-6382.83
-6383.74
-6384.64
-6385.55
-6386.46
-6387.36
-6388.27
-6389.17
-6390.08
-6390.99
-6391.89
-6392.8
-6393.7
-6394.61
-6395.52
-6396.42
-6397.33
-6398.23
-6399.14
-6400.04
-6400.95
-6401.85
-6402.76
-6403.67
-6404.57
-6405.48
-6406.38
-6407.29
-6408.19
-6409.1
-6410
-6410.91
-6411.81
-6412.72
-6413.62
-6414.53
-6415.43
-6416.34
-6417.24
-6418.15
-6419.05
-6419.96
-6420.86
-6421.77
-6422.67
-6423.57
-6424.48
-6425.38
-6426.29
-6427.19
-6428.1
-6429
-6429.9
-6430.81
-6431.71
-6432.62
-6433.52
-6434.43
-6435.33
-6436.23
-6437.14
-6438.04
-6438.94
-6439.85
-6440.75
-6441.66
-6442.56
-6443.46
-6444.37
-6445.27
-6446.17
-6447.08
-6447.98
-6448.88
-6449.79
-6450.69
-6451.59
-6452.5
-6453.4
-6454.3
-6455.21
-6456.11
-6457.01
-6457.92
-6458.82
-6459.72
-6460.62
-6461.53
-6462.43
-6463.33
-6464.23
-6465.14
-6466.04
-6466.94
-6467.85
-6468.75
-6469.65
-6470.55
-6471.45
-6472.36
-6473.26
-6474.16
-6475.06
-6475.97
-6476.87
-6477.77
-6478.67
-6479.57
-6480.48
-6481.38
-6482.28
-6483.18
-6484.08
-6484.98
-6485.89
-6486.79
-6487.69
-6488.59
-6489.49
-6490.39
-6491.3
-6492.2
-6493.1
-6494
-6494.9
-6495.8
-6496.7
-6497.6
-6498.51
-6499.41
-6500.31
-6501.21
-6502.11
-6503.01
-6503.91
-6504.81
-6505.71
-6506.61
-6507.51
-6508.42
-6509.32
-6510.22
-6511.12
-6512.02
-6512.92
-6513.82
-6514.72
-6515.62
-6516.52
-6517.42
-6518.32
-6519.22
-6520.12
-6521.02
-6521.92
-6522.82
-6523.72
-6524.62
-6525.52
-6526.42
-6527.32
-6528.22
-6529.12
-6530.02
-6530.92
-6531.82
-6532.72
-6533.62
-6534.52
-6535.42
-6536.31
-6537.21
-6538.11
-6539.01
-6539.91
-6540.81
-6541.71
-6542.61
-6543.51
-6544.41
-6545.31
-6546.2
-6547.1
-6548
-6548.9
-6549.8
-6550.7
-6551.6
-6552.5
-6553.39
-6554.29
-6555.19
-6556.09
-6556.99
-6557.89
-6558.78
-6559.68
-6560.58
-6561.48
-6562.38
-6563.28
-6564.17
-6565.07
-6565.97
-6566.87
-6567.77
-6568.66
-6569.56
-6570.46
-6571.36
-6572.25
-6573.15
-6574.05
-6574.95
-6575.85
-6576.74
-6577.64
-6578.54
-6579.43
-6580.33
-6581.23
-6582.13
-6583.02
-6583.92
-6584.82
-6585.72
-6586.61
-6587.51
-6588.41
-6589.3
-6590.2
-6591.1
-6591.99
-6592.89
-6593.79
-6594.68
-6595.58
-6596.48
-6597.37
-6598.27
-6599.17
-6600.06
-6600.96
-6601.86
-6602.75
-6603.65
-6604.54
-6605.44
-6606.34
-6607.23
-6608.13
-6609.02
-6609.92
-6610.82
-6611.71
-6612.61
-6613.5
-6614.4
-6615.29
-6616.19
-6617.09
-6617.98
-6618.88
-6619.77
-6620.67
-6621.56
-6622.46
-6623.35
-6624.25
-6625.14
-6626.04
-6626.93
-6627.83
-6628.73
-6629.62
