142.595
141.473
140.351
139.229
138.108
136.986
135.864
134.742
133.62
132.498
131.376
130.254
129.132
128.01
126.887
125.765
124.643
123.521
122.399
121.276
120.154
119.032
117.909
116.787
115.664
114.542
113.419
112.297
111.174
110.052
108.929
107.806
106.684
105.561
104.438
103.315
102.192
101.07
99.9467
98.8238
97.7009
96.5779
95.4549
94.3319
93.2088
92.0857
90.9626
89.8394
88.7162
87.593
86.4698
85.3465
84.2232
83.0999
81.9765
80.8531
79.7297
78.6062
77.4827
76.3592
75.2356
74.1121
72.9884
71.8648
70.7411
69.6174
68.4937
67.3699
66.2461
65.1223
63.9985
62.8746
61.7507
60.6267
59.5027
58.3787
57.2547
56.1306
55.0065
53.8824
52.7582
51.634
50.5098
49.3856
48.2613
47.137
46.0126
44.8883
43.7638
42.6394
41.5149
40.3905
39.2659
38.1414
37.0168
35.8922
34.7675
33.6428
32.5181
31.3934
30.2686
29.1438
28.019
26.8941
25.7692
24.6443
23.5194
22.3944
21.2694
20.1443
19.0193
17.8941
16.769
15.6438
14.5187
13.3934
12.2682
11.1429
10.0176
8.89222
7.76684
6.64143
5.51599
4.39052
3.26502
2.13949
1.01393
-0.111665
-1.23729
-2.36294
-3.48862
-4.61434
-5.74008
-6.86585
-7.99166
-9.11749
-10.2434
-11.3693
-12.4952
-13.6211
-14.7471
-15.8731
-16.9992
-18.1253
-19.2514
-20.3775
-21.5037
-22.6299
-23.7561
-24.8824
-26.0087
-27.135
-28.2613
-29.3877
-30.5141
-31.6406
-32.7671
-33.8936
-35.0201
-36.1467
-37.2733
-38.3999
-39.5265
-40.6532
-41.7799
-42.9067
-44.0335
-45.1603
-46.2871
-47.414
-48.5409
-49.6678
-50.7948
-51.9218
-53.0488
-54.1758
-55.3029
-56.43
-57.5572
-58.6844
-59.8116
-60.9388
-62.0661
-63.1934
-64.3207
-65.448
-66.5754
-67.7028
-68.8303
-69.9578
-71.0853
-72.2128
-73.3404
-74.468
-75.5956
-76.7233
-77.851
-78.9787
-80.1064
-81.2342
-82.362
-83.4899
-84.6177
-85.7456
-86.8736
-88.0015
-89.1295
-90.2576
-91.3856
-92.5137
-93.6418
-94.77
-95.8981
-97.0263
-98.1546
-99.2828
-100.411
-101.539
-102.668
-103.796
-104.925
-106.053
-107.182
-108.31
-109.439
-110.567
-111.696
-112.824
-113.953
-115.082
-116.211
-117.339
-118.468
-119.597
-120.726
-121.855
-122.983
-124.112
-125.241
-126.37
-127.499
-128.628
-129.758
-130.887
-132.016
-133.145
-134.274
-135.403
-136.533
-137.662
-138.791
-139.921
-141.05
-142.18
-143.309
-144.438
-145.568
-146.698
-147.827
-148.957
-150.086
-151.216
-152.346
-153.475
-154.605
-155.735
-156.865
-157.995
-159.124
-160.254
-161.384
-162.514
-163.644
-164.774
-165.904
-167.034
-168.165
-169.295
-170.425
-171.555
-172.685
-173.816
-174.946
-176.076
-177.207
-178.337
-179.467
-180.598
-181.728
-182.859
-183.989
-185.12
-186.251
-187.381
-188.512
-189.643
-190.773
-191.904
-193.035
-194.166
-195.297
-196.427
-197.558
-198.689
-199.82
-200.951
-202.082
-203.213
-204.344
-205.476
-206.607
-207.738
-208.869
-210
-211.132
-212.263
-213.394
-214.526
-215.657
-216.788
-217.92
-219.051
-220.183
-221.314
-222.446
-223.578
-224.709
-225.841
-226.973
-228.104
-229.236
-230.368
-231.5
-232.632
-233.763
-234.895
-236.027
-237.159
-238.291
-239.423
-240.555
-241.687
-242.82
-243.952
-245.084
-246.216
-247.348
-248.481
-249.613
-250.745
-251.878
-253.01
-254.142
-255.275
-256.407
-257.54
-258.672
-259.805
-260.938
-262.07
-263.203
-264.336
-265.468
-266.601
-267.734
-268.867
-270
-271.132
-272.265
-273.398
-274.531
-275.664
-276.797
-277.93
-279.063
-280.197
-281.33
-282.463
-283.596
-284.729
-285.863
-286.996
-288.129
-289.263
-290.396
-291.529
-292.663
-293.796
-294.93
-296.063
-297.197
-298.331
-299.464
-300.598
-301.732
-302.865
-303.999
-305.133
-306.267
-307.4
-308.534
-309.668
-310.802
-311.936
-313.07
-314.204
-315.338
-316.472
-317.606
-318.741
-319.875
-321.009
-322.143
-323.278
-324.412
-325.546
-326.681
-327.815
-328.949
-330.084
-331.218
-332.353
-333.487
-334.622
-335.756
-336.891
-338.026
-339.16
-340.295
-341.43
-342.565
-343.7
-344.834
-345.969
-347.104
-348.239
-349.374
-350.509
-351.644
-352.779
-353.914
-355.049
-356.185
-357.32
-358.455
-359.59
-360.725
-361.861
-362.996
-364.131
-365.267
-366.402
-367.538
-368.673
-369.809
-370.944
-372.08
-373.215
-374.351
-375.487
-376.622
-377.758
-378.894
-380.03
-381.165
-382.301
-383.437
-384.573
-385.709
-386.845
-387.981
-389.117
-390.253
-391.389
-392.525
-393.661
-394.798
-395.934
-397.07
-398.206
-399.343
-400.479
-401.615
-402.752
-403.888
-405.024
-406.161
-407.297
-408.434
-409.571
-410.707
-411.844
-412.98
-414.117
-415.254
-416.391
-417.527
-418.664
-419.801
-420.938
-422.075
-423.212
-424.349
-425.486
-426.623
-427.76
-428.897
-430.034
-431.171
-432.308
-433.445
-434.583
-435.72
-436.857
-437.995
-439.132
-440.269
-441.407
-442.544
-443.682
-444.819
-445.957
-447.094
-448.232
-449.369
-450.507
-451.645
-452.782
-453.92
-455.058
-456.196
-457.334
-458.472
-459.609
-460.747
-461.885
-463.023
-464.161
-465.299
-466.437
-467.576
-468.714
-469.852
-470.99
-472.128
-473.267
-474.405
-475.543
-476.681
-477.82
-478.958
-480.097
-481.235
-482.374
-483.512
-484.651
-485.789
-486.928
-488.067
-489.205
-490.344
-491.483
-492.622
-493.76
-494.899
-496.038
-497.177
-498.316
-499.455
-500.594
-501.733
-502.872
-504.011
-505.15
-506.289
-507.428
-508.567
-509.707
-510.846
-511.985
-513.125
-514.264
-515.403
-516.543
-517.682
-518.822
-519.961
-521.101
-522.24
-523.38
-524.519
-525.659
-526.799
-527.938
-529.078
-530.218
-531.358
-532.497
-533.637
-534.777
-535.917
-537.057
-538.197
-539.337
-540.477
-541.617
-542.757
-543.897
-545.038
-546.178
-547.318
-548.458
-549.599
-550.739
-551.879
-553.02
-554.16
-555.3
-556.441
-557.581
-558.722
-559.862
-561.003
-562.144
-563.284
-564.425
-565.566
-566.706
-567.847
-568.988
-570.129
-571.27
-572.41
-573.551
-574.692
-575.833
-576.974
-578.115
-579.256
-580.397
-581.539
-582.68
-583.821
-584.962
-586.103
-587.245
-588.386
-589.527
-590.669
-591.81
-592.951
-594.093
-595.234
-596.376
-597.517
-598.659
-599.801
-600.942
-602.084
-603.226
-604.367
-605.509
-606.651
-607.793
-608.934
-610.076
-611.218
-612.36
-613.502
-614.644
-615.786
-616.928
-618.07
-619.212
-620.355
-621.497
-622.639
-623.781
-624.923
-626.066
-627.208
-628.35
-629.493
-630.635
-631.778
-632.92
-634.063
-635.205
-636.348
-637.49
-638.633
-639.776
-640.918
-642.061
-643.204
-644.347
-645.489
-646.632
-647.775
-648.918
-650.061
-651.204
-652.347
-653.49
-654.633
-655.776
-656.919
-658.062
-659.205
-660.349
-661.492
-662.635
-663.778
-664.922
-666.065
-667.208
-668.352
-669.495
-670.639
-671.782
-672.926
-674.069
-675.213
-676.356
-677.5
-678.644
-679.788
-680.931
-682.075
-683.219
-684.363
-685.507
-686.65
-687.794
-688.938
-690.082
-691.226
-692.37
-693.514
-694.658
-695.803
-696.947
-698.091
-699.235
-700.379
-701.524
-702.668
-703.812
-704.957
-706.101
-707.246
-708.39
-709.534
-710.679
-711.824
-712.968
-714.113
-715.257
-716.402
-717.547
-718.691
-719.836
-720.981
-722.126
-723.271
-724.416
-725.56
-726.705
-727.85
-728.995
-730.14
-731.285
-732.431
-733.576
-734.721
-735.866
-737.011
-738.156
-739.302
-740.447
-741.592
-742.738
-743.883
-745.029
-746.174
-747.319
-748.465
-749.611
-750.756
-751.902
-753.047
-754.193
-755.339
-756.484
-757.63
-758.776
-759.922
-761.068
-762.213
-763.359
-764.505
-765.651
-766.797
-767.943
-769.089
-770.235
-771.381
-772.528
-773.674
-774.82
-775.966
-777.113
-778.259
-779.405
-780.551
-781.698
-782.844
-783.991
-785.137
-786.284
-787.43
-788.577
-789.723
-790.87
-792.017
-793.163
-794.31
-795.457
-796.604
-797.75
-798.897
-800.044
-801.191
-802.338
-803.485
-804.632
-805.779
-806.926
-808.073
-809.22
-810.367
-811.514
-812.661
-813.809
-814.956
-816.103
-817.251
-818.398
-819.545
-820.693
-821.84
-822.988
-824.135
-825.283
-826.43
-827.578
-828.725
-829.873
-831.021
-832.168
-833.316
-834.464
-835.612
-836.759
-837.907
-839.055
-840.203
-841.351
-842.499
-843.647
-844.795
-845.943
-847.091
-848.239
-849.387
-850.536
-851.684
-852.832
-853.98
-855.129
-856.277
-857.425
-858.574
-859.722
-860.871
-862.019
-863.167
-864.316
-865.465
-866.613
-867.762
-868.91
-870.059
-871.208
-872.357
-873.505
-874.654
-875.803
-876.952
-878.101
-879.25
-880.399
-881.548
-882.697
-883.846
-884.995
-886.144
-887.293
-888.442
-889.591
-890.741
-891.89
-893.039
-894.189
-895.338
-896.487
-897.637
-898.786
-899.936
-901.085
-902.235
-903.384
-904.534
-905.683
-906.833
-907.983
-909.132
-910.282
-911.432
-912.582
-913.732
-914.881
-916.031
-917.181
-918.331
-919.481
-920.631
-921.781
-922.931
-924.081
-925.231
-926.382
-927.532
-928.682
-929.832
-930.983
-932.133
-933.283
-934.434
-935.584
-936.734
-937.885
-939.035
-940.186
-941.336
-942.487
-943.638
-944.788
-945.939
-947.089
-948.24
-949.391
-950.542
-951.693
-952.843
-953.994
-955.145
-956.296
-957.447
-958.598
-959.749
-960.9
-962.051
-963.202
-964.353
-965.505
-966.656
-967.807
-968.958
-970.11
-971.261
-972.412
-973.564
-974.715
-975.867
-977.018
-978.17
-979.321
-980.473
-981.624
-982.776
-983.927
-985.079
-986.231
-987.383
-988.534
-989.686
-990.838
-991.99
-993.142
-994.294
-995.446
-996.598
-997.75
-998.902
-1000.05
-1001.21
-1002.36
-1003.51
-1004.66
-1005.81
-1006.97
-1008.12
-1009.27
-1010.42
-1011.58
-1012.73
-1013.88
-1015.03
-1016.19
-1017.34
-1018.49
-1019.64
-1020.8
-1021.95
-1023.1
-1024.25
-1025.41
-1026.56
-1027.71
-1028.87
-1030.02
-1031.17
-1032.32
-1033.48
-1034.63
-1035.78
-1036.94
-1038.09
-1039.24
-1040.39
-1041.55
-1042.7
-1043.85
-1045.01
-1046.16
-1047.31
-1048.47
-1049.62
-1050.77
-1051.93
-1053.08
-1054.23
-1055.39
-1056.54
-1057.7
-1058.85
-1060
-1061.16
-1062.31
-1063.46
-1064.62
-1065.77
-1066.92
-1068.08
-1069.23
-1070.39
-1071.54
-1072.69
-1073.85
-1075
-1076.16
-1077.31
-1078.46
-1079.62
-1080.77
-1081.93
-1083.08
-1084.24
-1085.39
-1086.54
-1087.7
-1088.85
-1090.01
-1091.16
-1092.32
-1093.47
-1094.62
-1095.78
-1096.93
-1098.09
-1099.24
-1100.4
-1101.55
-1102.71
-1103.86
-1105.02
-1106.17
-1107.33
-1108.48
-1109.64
-1110.79
-1111.95
-1113.1
-1114.26
-1115.41
-1116.57
-1117.72
-1118.88
-1120.03
-1121.19
-1122.34
-1123.5
-1124.65
-1125.81
-1126.96
-1128.12
-1129.27
-1130.43
-1131.59
-1132.74
-1133.9
-1135.05
-1136.21
-1137.36
-1138.52
-1139.67
-1140.83
-1141.99
-1143.14
-1144.3
-1145.45
-1146.61
-1147.76
-1148.92
-1150.08
-1151.23
-1152.39
-1153.54
-1154.7
-1155.86
-1157.01
-1158.17
-1159.33
-1160.48
-1161.64
-1162.79
-1163.95
-1165.11
-1166.26
-1167.42
-1168.58
-1169.73
-1170.89
-1172.05
-1173.2
-1174.36
-1175.52
-1176.67
-1177.83
-1178.99
-1180.14
-1181.3
-1182.46
-1183.61
-1184.77
-1185.93
-1187.08
-1188.24
-1189.4
-1190.55
-1191.71
-1192.87
-1194.02
-1195.18
-1196.34
-1197.5
-1198.65
-1199.81
-1200.97
-1202.13
-1203.28
-1204.44
-1205.6
-1206.75
-1207.91
-1209.07
-1210.23
-1211.38
-1212.54
-1213.7
-1214.86
-1216.02
-1217.17
-1218.33
-1219.49
-1220.65
-1221.8
-1222.96
-1224.12
-1225.28
-1226.44
-1227.59
-1228.75
-1229.91
-1231.07
-1232.23
-1233.38
-1234.54
-1235.7
-1236.86
-1238.02
-1239.17
-1240.33
-1241.49
-1242.65
-1243.81
-1244.97
-1246.12
-1247.28
-1248.44
-1249.6
-1250.76
-1251.92
-1253.08
-1254.23
-1255.39
-1256.55
-1257.71
-1258.87
-1260.03
-1261.19
-1262.35
-1263.5
-1264.66
-1265.82
-1266.98
-1268.14
-1269.3
-1270.46
-1271.62
-1272.78
-1273.94
-1275.09
-1276.25
-1277.41
-1278.57
-1279.73
-1280.89
-1282.05
-1283.21
-1284.37
-1285.53
-1286.69
-1287.85
-1289.01
-1290.17
-1291.33
-1292.49
-1293.64
-1294.8
-1295.96
-1297.12
-1298.28
-1299.44
-1300.6
-1301.76
-1302.92
-1304.08
-1305.24
-1306.4
-1307.56
-1308.72
-1309.88
-1311.04
-1312.2
-1313.36
-1314.52
-1315.68
-1316.84
-1318
-1319.16
-1320.32
-1321.49
-1322.65
-1323.81
-1324.97
-1326.13
-1327.29
-1328.45
-1329.61
-1330.77
-1331.93
-1333.09
-1334.25
-1335.41
-1336.57
-1337.73
-1338.89
-1340.05
-1341.22
-1342.38
-1343.54
-1344.7
-1345.86
-1347.02
-1348.18
-1349.34
-1350.5
-1351.66
-1352.83
-1353.99
-1355.15
-1356.31
-1357.47
-1358.63
-1359.79
-1360.95
-1362.12
-1363.28
-1364.44
-1365.6
-1366.76
-1367.92
-1369.09
-1370.25
-1371.41
-1372.57
-1373.73
-1374.89
-1376.06
-1377.22
-1378.38
-1379.54
-1380.7
-1381.86
-1383.03
-1384.19
-1385.35
-1386.51
-1387.67
-1388.84
-1390
-1391.16
-1392.32
-1393.48
-1394.65
-1395.81
-1396.97
-1398.13
-1399.3
-1400.46
-1401.62
-1402.78
-1403.95
-1405.11
-1406.27
-1407.43
-1408.6
-1409.76
-1410.92
-1412.08
-1413.25
-1414.41
-1415.57
-1416.73
-1417.9
-1419.06
-1420.22
-1421.39
-1422.55
-1423.71
-1424.88
-1426.04
-1427.2
-1428.36
-1429.53
-1430.69
-1431.85
-1433.02
-1434.18
-1435.34
-1436.51
-1437.67
-1438.83
-1440
-1441.16
-1442.32
-1443.49
-1444.65
-1445.81
-1446.98
-1448.14
-1449.3
-1450.47
-1451.63
-1452.8
-1453.96
-1455.12
-1456.29
-1457.45
-1458.61
-1459.78
-1460.94
-1462.11
-1463.27
-1464.43
-1465.6
-1466.76
-1467.93
-1469.09
-1470.25
-1471.42
-1472.58
-1473.75
-1474.91
-1476.08
-1477.24
-1478.4
-1479.57
-1480.73
-1481.9
-1483.06
-1484.23
-1485.39
-1486.56
-1487.72
-1488.89
-1490.05
-1491.21
-1492.38
-1493.54
-1494.71
-1495.87
-1497.04
-1498.2
-1499.37
-1500.53
-1501.7
-1502.86
-1504.03
-1505.19
-1506.36
-1507.52
-1508.69
-1509.85
-1511.02
-1512.18
-1513.35
-1514.51
-1515.68
-1516.85
-1518.01
-1519.18
-1520.34
-1521.51
-1522.67
-1523.84
-1525
-1526.17
-1527.33
-1528.5
-1529.67
-1530.83
-1532
-1533.16
-1534.33
-1535.49
-1536.66
-1537.83
-1538.99
-1540.16
-1541.32
-1542.49
-1543.66
-1544.82
-1545.99
-1547.15
-1548.32
-1549.49
-1550.65
-1551.82
-1552.98
-1554.15
-1555.32
-1556.48
-1557.65
-1558.82
-1559.98
-1561.15
-1562.32
-1563.48
-1564.65
-1565.82
-1566.98
-1568.15
-1569.32
-1570.48
-1571.65
-1572.82
-1573.98
-1575.15
-1576.32
-1577.48
-1578.65
-1579.82
-1580.98
-1582.15
-1583.32
-1584.48
-1585.65
-1586.82
-1587.99
-1589.15
-1590.32
-1591.49
-1592.66
-1593.82
-1594.99
-1596.16
-1597.32
-1598.49
-1599.66
-1600.83
-1601.99
-1603.16
-1604.33
-1605.5
-1606.66
-1607.83
-1609
-1610.17
-1611.34
-1612.5
-1613.67
-1614.84
-1616.01
-1617.17
-1618.34
-1619.51
-1620.68
-1621.85
-1623.01
-1624.18
-1625.35
-1626.52
-1627.69
-1628.85
-1630.02
-1631.19
-1632.36
-1633.53
-1634.7
-1635.86
-1637.03
-1638.2
-1639.37
-1640.54
-1641.71
-1642.87
-1644.04
-1645.21
-1646.38
-1647.55
-1648.72
-1649.89
-1651.06
-1652.22
-1653.39
-1654.56
-1655.73
-1656.9
-1658.07
-1659.24
-1660.41
-1661.58
-1662.74
-1663.91
-1665.08
-1666.25
-1667.42
-1668.59
-1669.76
-1670.93
-1672.1
-1673.27
-1674.44
-1675.61
-1676.77
-1677.94
-1679.11
-1680.28
-1681.45
-1682.62
-1683.79
-1684.96
-1686.13
-1687.3
-1688.47
-1689.64
-1690.81
-1691.98
-1693.15
-1694.32
-1695.49
-1696.66
-1697.83
-1699
-1700.17
-1701.34
-1702.51
-1703.68
-1704.85
-1706.02
-1707.19
-1708.36
-1709.53
-1710.7
-1711.87
-1713.04
-1714.21
-1715.38
-1716.55
-1717.72
-1718.89
-1720.06
-1721.23
-1722.4
-1723.57
-1724.74
-1725.92
-1727.09
-1728.26
-1729.43
-1730.6
-1731.77
-1732.94
-1734.11
-1735.28
-1736.45
-1737.62
-1738.79
-1739.97
-1741.14
-1742.31
-1743.48
-1744.65
-1745.82
-1746.99
-1748.16
-1749.33
-1750.51
-1751.68
-1752.85
-1754.02
-1755.19
-1756.36
-1757.53
-1758.7
-1759.88
-1761.05
-1762.22
-1763.39
-1764.56
-1765.73
-1766.91
-1768.08
-1769.25
-1770.42
-1771.59
-1772.76
-1773.94
-1775.11
-1776.28
-1777.45
-1778.62
-1779.8
-1780.97
-1782.14
-1783.31
-1784.48
-1785.66
-1786.83
-1788
-1789.17
-1790.34
-1791.52
-1792.69
-1793.86
-1795.03
-1796.21
-1797.38
-1798.55
-1799.72
-1800.9
-1802.07
-1803.24
-1804.41
-1805.59
-1806.76
-1807.93
-1809.1
-1810.28
-1811.45
-1812.62
-1813.8
-1814.97
-1816.14
-1817.31
-1818.49
-1819.66
-1820.83
-1822.01
-1823.18
-1824.35
-1825.53
-1826.7
-1827.87
-1829.04
-1830.22
-1831.39
-1832.56
-1833.74
-1834.91
-1836.08
-1837.26
-1838.43
-1839.61
-1840.78
-1841.95
-1843.13
-1844.3
-1845.47
-1846.65
-1847.82
-1848.99
-1850.17
-1851.34
-1852.52
-1853.69
-1854.86
-1856.04
-1857.21
-1858.38
-1859.56
-1860.73
-1861.91
-1863.08
-1864.25
-1865.43
-1866.6
-1867.78
-1868.95
-1870.13
-1871.3
-1872.47
-1873.65
-1874.82
-1876
-1877.17
-1878.35
-1879.52
-1880.7
-1881.87
-1883.04
-1884.22
-1885.39
-1886.57
-1887.74
-1888.92
-1890.09
-1891.27
-1892.44
-1893.62
-1894.79
-1895.97
-1897.14
-1898.32
-1899.49
-1900.67
-1901.84
-1903.02
-1904.19
-1905.37
-1906.54
-1907.72
-1908.89
-1910.07
-1911.24
-1912.42
-1913.59
-1914.77
-1915.94
-1917.12
-1918.29
-1919.47
-1920.65
-1921.82
-1923
-1924.17
-1925.35
-1926.52
-1927.7
-1928.88
-1930.05
-1931.23
-1932.4
-1933.58
-1934.75
-1935.93
-1937.11
-1938.28
-1939.46
-1940.63
-1941.81
-1942.99
-1944.16
-1945.34
-1946.51
-1947.69
-1948.87
-1950.04
-1951.22
-1952.4
-1953.57
-1954.75
-1955.92
-1957.1
-1958.28
-1959.45
-1960.63
-1961.81
-1962.98
-1964.16
-1965.34
-1966.51
-1967.69
-1968.87
-1970.04
-1971.22
-1972.4
-1973.57
-1974.75
-1975.93
-1977.1
-1978.28
-1979.46
-1980.64
-1981.81
-1982.99
-1984.17
-1985.34
-1986.52
-1987.7
-1988.88
-1990.05
-1991.23
-1992.41
-1993.58
-1994.76
-1995.94
-1997.12
-1998.29
-1999.47
-2000.65
-2001.83
-2003
-2004.18
-2005.36
-2006.54
-2007.71
-2008.89
-2010.07
-2011.25
-2012.43
-2013.6
-2014.78
-2015.96
-2017.14
-2018.31
-2019.49
-2020.67
-2021.85
-2023.03
-2024.2
-2025.38
-2026.56
-2027.74
-2028.92
-2030.1
-2031.27
-2032.45
-2033.63
-2034.81
-2035.99
-2037.17
-2038.34
-2039.52
-2040.7
-2041.88
-2043.06
-2044.24
-2045.42
-2046.59
-2047.77
-2048.95
-2050.13
-2051.31
-2052.49
-2053.67
-2054.85
-2056.02
-2057.2
-2058.38
-2059.56
-2060.74
-2061.92
-2063.1
-2064.28
-2065.46
-2066.64
-2067.81
-2068.99
-2070.17
-2071.35
-2072.53
-2073.71
-2074.89
-2076.07
-2077.25
-2078.43
-2079.61
-2080.79
-2081.97
-2083.15
-2084.33
-2085.51
-2086.68
-2087.86
-2089.04
-2090.22
-2091.4
-2092.58
-2093.76
-2094.94
-2096.12
-2097.3
-2098.48
-2099.66
-2100.84
-2102.02
-2103.2
-2104.38
-2105.56
-2106.74
-2107.92
-2109.1
-2110.28
-2111.46
-2112.64
-2113.82
-2115
-2116.19
-2117.37
-2118.55
-2119.73
-2120.91
-2122.09
-2123.27
-2124.45
-2125.63
-2126.81
-2127.99
-2129.17
-2130.35
-2131.53
-2132.71
-2133.89
-2135.08
-2136.26
-2137.44
-2138.62
-2139.8
-2140.98
-2142.16
-2143.34
-2144.52
-2145.7
-2146.89
-2148.07
-2149.25
-2150.43
-2151.61
-2152.79
-2153.97
-2155.15
-2156.34
-2157.52
-2158.7
-2159.88
-2161.06
-2162.24
-2163.42
-2164.61
-2165.79
-2166.97
-2168.15
-2169.33
-2170.51
-2171.7
-2172.88
-2174.06
-2175.24
-2176.42
-2177.6
-2178.79
-2179.97
-2181.15
-2182.33
-2183.51
-2184.7
-2185.88
-2187.06
-2188.24
-2189.43
-2190.61
-2191.79
-2192.97
-2194.15
-2195.34
-2196.52
-2197.7
-2198.88
-2200.07
-2201.25
-2202.43
-2203.61
-2204.8
-2205.98
-2207.16
-2208.34
-2209.53
-2210.71
-2211.89
-2213.07
-2214.26
-2215.44
-2216.62
-2217.81
-2218.99
-2220.17
-2221.35
-2222.54
-2223.72
-2224.9
-2226.09
-2227.27
-2228.45
-2229.64
-2230.82
-2232
-2233.19
-2234.37
-2235.55
-2236.74
-2237.92
-2239.1
-2240.29
-2241.47
-2242.65
-2243.84
-2245.02
-2246.2
-2247.39
-2248.57
-2249.75
-2250.94
-2252.12
-2253.31
-2254.49
-2255.67
-2256.86
-2258.04
-2259.23
-2260.41
-2261.59
-2262.78
-2263.96
-2265.15
-2266.33
-2267.51
-2268.7
-2269.88
-2271.07
-2272.25
-2273.43
-2274.62
-2275.8
-2276.99
-2278.17
-2279.36
-2280.54
-2281.72
-2282.91
-2284.09
-2285.28
-2286.46
-2287.65
-2288.83
-2290.02
-2291.2
-2292.39
-2293.57
-2294.76
-2295.94
-2297.13
-2298.31
-2299.5
-2300.68
-2301.87
-2303.05
-2304.24
-2305.42
-2306.61
-2307.79
-2308.98
-2310.16
-2311.35
-2312.53
-2313.72
-2314.9
-2316.09
-2317.27
-2318.46
-2319.64
-2320.83
-2322.01
-2323.2
-2324.38
-2325.57
-2326.76
-2327.94
-2329.13
-2330.31
-2331.5
-2332.68
-2333.87
-2335.06
-2336.24
-2337.43
-2338.61
-2339.8
-2340.98
-2342.17
-2343.36
-2344.54
-2345.73
-2346.91
-2348.1
-2349.29
-2350.47
-2351.66
-2352.85
-2354.03
-2355.22
-2356.4
-2357.59
-2358.78
-2359.96
-2361.15
-2362.34
-2363.52
-2364.71
-2365.9
-2367.08
-2368.27
-2369.46
-2370.64
-2371.83
-2373.02
-2374.2
-2375.39
-2376.58
-2377.76
-2378.95
-2380.14
-2381.32
-2382.51
-2383.7
-2384.88
-2386.07
-2387.26
-2388.45
-2389.63
-2390.82
-2392.01
-2393.19
-2394.38
-2395.57
-2396.76
-2397.94
-2399.13
-2400.32
-2401.5
-2402.69
-2403.88
-2405.07
-2406.25
-2407.44
-2408.63
-2409.82
-2411.01
-2412.19
-2413.38
-2414.57
-2415.76
-2416.94
-2418.13
-2419.32
-2420.51
-2421.69
-2422.88
-2424.07
-2425.26
-2426.45
-2427.63
-2428.82
-2430.01
-2431.2
-2432.39
-2433.58
-2434.76
-2435.95
-2437.14
-2438.33
-2439.52
-2440.71
-2441.89
-2443.08
-2444.27
-2445.46
-2446.65
-2447.84
-2449.02
-2450.21
-2451.4
-2452.59
-2453.78
-2454.97
-2456.16
-2457.35
-2458.53
-2459.72
-2460.91
-2462.1
-2463.29
-2464.48
-2465.67
-2466.86
-2468.05
-2469.23
-2470.42
-2471.61
-2472.8
-2473.99
-2475.18
-2476.37
-2477.56
-2478.75
-2479.94
-2481.13
-2482.32
-2483.51
-2484.69
-2485.88
-2487.07
-2488.26
-2489.45
-2490.64
-2491.83
-2493.02
-2494.21
-2495.4
-2496.59
-2497.78
-2498.97
-2500.16
-2501.35
-2502.54
-2503.73
-2504.92
-2506.11
-2507.3
-2508.49
-2509.68
-2510.87
-2512.06
-2513.25
-2514.44
-2515.63
-2516.82
-2518.01
-2519.2
-2520.39
-2521.58
-2522.77
-2523.96
-2525.15
-2526.34
-2527.53
-2528.72
-2529.91
-2531.11
-2532.3
-2533.49
-2534.68
-2535.87
-2537.06
-2538.25
-2539.44
-2540.63
-2541.82
-2543.01
-2544.2
-2545.39
-2546.58
-2547.78
-2548.97
-2550.16
-2551.35
-2552.54
-2553.73
-2554.92
-2556.11
-2557.3
-2558.5
-2559.69
-2560.88
-2562.07
-2563.26
-2564.45
-2565.64
-2566.84
-2568.03
-2569.22
-2570.41
-2571.6
-2572.79
-2573.98
-2575.18
-2576.37
-2577.56
-2578.75
-2579.94
-2581.13
-2582.33
-2583.52
-2584.71
-2585.9
-2587.09
-2588.29
-2589.48
-2590.67
-2591.86
-2593.05
-2594.25
-2595.44
-2596.63
-2597.82
-2599.01
-2600.21
-2601.4
-2602.59
-2603.78
-2604.98
-2606.17
-2607.36
-2608.55
-2609.75
-2610.94
-2612.13
-2613.32
-2614.52
-2615.71
-2616.9
-2618.09
-2619.29
-2620.48
-2621.67
-2622.87
-2624.06
-2625.25
-2626.44
-2627.64
-2628.83
-2630.02
-2631.22
-2632.41
-2633.6
-2634.79
-2635.99
-2637.18
-2638.37
-2639.57
-2640.76
-2641.95
-2643.15
-2644.34
-2645.53
-2646.73
-2647.92
-2649.11
-2650.31
-2651.5
-2652.69
-2653.89
-2655.08
-2656.28
-2657.47
-2658.66
-2659.86
-2661.05
-2662.24
-2663.44
-2664.63
-2665.82
-2667.02
-2668.21
-2669.41
-2670.6
-2671.79
-2672.99
-2674.18
-2675.38
-2676.57
-2677.76
-2678.96
-2680.15
-2681.35
-2682.54
-2683.74
-2684.93
-2686.12
-2687.32
-2688.51
-2689.71
-2690.9
-2692.1
-2693.29
-2694.49
-2695.68
-2696.87
-2698.07
-2699.26
-2700.46
-2701.65
-2702.85
-2704.04
-2705.24
-2706.43
-2707.63
-2708.82
-2710.02
-2711.21
-2712.41
-2713.6
-2714.8
-2715.99
-2717.19
-2718.38
-2719.58
-2720.77
-2721.97
-2723.16
-2724.36
-2725.55
-2726.75
-2727.94
-2729.14
-2730.33
-2731.53
-2732.73
-2733.92
-2735.12
-2736.31
-2737.51
-2738.7
-2739.9
-2741.09
-2742.29
-2743.49
-2744.68
-2745.88
-2747.07
-2748.27
-2749.47
-2750.66
-2751.86
-2753.05
-2754.25
-2755.44
-2756.64
-2757.84
-2759.03
-2760.23
-2761.43
-2762.62
-2763.82
-2765.01
-2766.21
-2767.41
-2768.6
-2769.8
-2771
-2772.19
-2773.39
-2774.58
-2775.78
-2776.98
-2778.17
-2779.37
-2780.57
-2781.76
-2782.96
-2784.16
-2785.35
-2786.55
-2787.75
-2788.94
-2790.14
-2791.34
-2792.54
-2793.73
-2794.93
-2796.13
-2797.32
-2798.52
-2799.72
-2800.91
-2802.11
-2803.31
-2804.51
-2805.7
-2806.9
-2808.1
-2809.29
-2810.49
-2811.69
-2812.89
-2814.08
-2815.28
-2816.48
-2817.68
-2818.87
-2820.07
-2821.27
-2822.47
-2823.66
-2824.86
-2826.06
-2827.26
-2828.46
-2829.65
-2830.85
-2832.05
-2833.25
-2834.44
-2835.64
-2836.84
-2838.04
-2839.24
-2840.43
-2841.63
-2842.83
-2844.03
-2845.23
-2846.43
-2847.62
-2848.82
-2850.02
-2851.22
-2852.42
-2853.61
-2854.81
-2856.01
-2857.21
-2858.41
-2859.61
-2860.81
-2862
-2863.2
-2864.4
-2865.6
-2866.8
-2868
-2869.2
-2870.39
-2871.59
-2872.79
-2873.99
-2875.19
-2876.39
-2877.59
-2878.79
-2879.99
-2881.19
-2882.38
-2883.58
-2884.78
-2885.98
-2887.18
-2888.38
-2889.58
-2890.78
-2891.98
-2893.18
-2894.38
-2895.58
-2896.78
-2897.97
-2899.17
-2900.37
-2901.57
-2902.77
-2903.97
-2905.17
-2906.37
-2907.57
-2908.77
-2909.97
-2911.17
-2912.37
-2913.57
-2914.77
-2915.97
-2917.17
-2918.37
-2919.57
-2920.77
-2921.97
-2923.17
-2924.37
-2925.57
-2926.77
-2927.97
-2929.17
-2930.37
-2931.57
-2932.77
-2933.97
-2935.17
-2936.37
-2937.57
-2938.77
-2939.97
-2941.17
-2942.37
-2943.57
-2944.77
-2945.98
-2947.18
-2948.38
-2949.58
-2950.78
-2951.98
-2953.18
-2954.38
-2955.58
-2956.78
-2957.98
-2959.18
-2960.38
-2961.59
-2962.79
-2963.99
-2965.19
-2966.39
-2967.59
-2968.79
-2969.99
-2971.19
-2972.4
-2973.6
-2974.8
-2976
-2977.2
-2978.4
-2979.6
-2980.8
-2982.01
-2983.21
-2984.41
-2985.61
-2986.81
-2988.01
-2989.22
-2990.42
-2991.62
-2992.82
-2994.02
-2995.22
-2996.43
-2997.63
-2998.83
-3000.03
-3001.23
-3002.43
-3003.64
-3004.84
-3006.04
-3007.24
-3008.44
-3009.65
-3010.85
-3012.05
-3013.25
-3014.46
-3015.66
-3016.86
-3018.06
-3019.26
-3020.47
-3021.67
-3022.87
-3024.07
-3025.28
-3026.48
-3027.68
-3028.88
-3030.09
-3031.29
-3032.49
-3033.7
-3034.9
-3036.1
-3037.3
-3038.51
-3039.71
-3040.91
-3042.11
-3043.32
-3044.52
-3045.72
-3046.93
-3048.13
-3049.33
-3050.54
-3051.74
-3052.94
-3054.14
-3055.35
-3056.55
-3057.75
-3058.96
-3060.16
-3061.36
-3062.57
-3063.77
-3064.97
-3066.18
-3067.38
-3068.59
-3069.79
-3070.99
-3072.2
-3073.4
-3074.6
-3075.81
-3077.01
-3078.21
-3079.42
-3080.62
-3081.83
-3083.03
-3084.23
-3085.44
-3086.64
-3087.85
-3089.05
-3090.25
-3091.46
-3092.66
-3093.87
-3095.07
-3096.27
-3097.48
-3098.68
-3099.89
-3101.09
-3102.29
-3103.5
-3104.7
-3105.91
-3107.11
-3108.32
-3109.52
-3110.73
-3111.93
-3113.13
-3114.34
-3115.54
-3116.75
-3117.95
-3119.16
-3120.36
-3121.57
-3122.77
-3123.98
-3125.18
-3126.39
-3127.59
-3128.8
-3130
-3131.21
-3132.41
-3133.62
-3134.82
-3136.03
-3137.23
-3138.44
-3139.64
-3140.85
-3142.05
-3143.26
-3144.46
-3145.67
-3146.87
-3148.08
-3149.29
-3150.49
-3151.7
-3152.9
-3154.11
-3155.31
-3156.52
-3157.72
-3158.93
-3160.14
-3161.34
-3162.55
-3163.75
-3164.96
-3166.16
-3167.37
-3168.58
-3169.78
-3170.99
-3172.19
-3173.4
-3174.61
-3175.81
-3177.02
-3178.22
-3179.43
-3180.64
-3181.84
-3183.05
-3184.25
-3185.46
-3186.67
-3187.87
-3189.08
-3190.29
-3191.49
-3192.7
-3193.91
-3195.11
-3196.32
-3197.53
-3198.73
-3199.94
-3201.15
-3202.35
-3203.56
-3204.77
-3205.97
-3207.18
-3208.39
-3209.59
-3210.8
-3212.01
-3213.21
-3214.42
-3215.63
-3216.83
-3218.04
-3219.25
-3220.46
-3221.66
-3222.87
-3224.08
-3225.28
-3226.49
-3227.7
-3228.91
-3230.11
-3231.32
-3232.53
-3233.74
-3234.94
-3236.15
-3237.36
-3238.57
-3239.77
-3240.98
-3242.19
-3243.4
-3244.6
-3245.81
-3247.02
-3248.23
-3249.43
-3250.64
-3251.85
-3253.06
-3254.27
-3255.47
-3256.68
-3257.89
-3259.1
-3260.31
-3261.51
-3262.72
-3263.93
-3265.14
-3266.35
-3267.56
-3268.76
-3269.97
-3271.18
-3272.39
-3273.6
-3274.81
-3276.01
-3277.22
-3278.43
-3279.64
-3280.85
-3282.06
-3283.26
-3284.47
-3285.68
-3286.89
-3288.1
-3289.31
-3290.52
-3291.73
-3292.93
-3294.14
-3295.35
-3296.56
-3297.77
-3298.98
-3300.19
-3301.4
-3302.61
-3303.82
-3305.02
-3306.23
-3307.44
-3308.65
-3309.86
-3311.07
-3312.28
-3313.49
-3314.7
-3315.91
-3317.12
-3318.33
-3319.54
-3320.75
-3321.95
-3323.16
-3324.37
-3325.58
-3326.79
-3328
-3329.21
-3330.42
-3331.63
-3332.84
-3334.05
-3335.26
-3336.47
-3337.68
-3338.89
-3340.1
-3341.31
-3342.52
-3343.73
-3344.94
-3346.15
-3347.36
-3348.57
-3349.78
-3350.99
-3352.2
-3353.41
-3354.62
-3355.83
-3357.04
-3358.25
-3359.46
-3360.67
-3361.88
-3363.09
-3364.31
-3365.52
-3366.73
-3367.94
-3369.15
-3370.36
-3371.57
-3372.78
-3373.99
-3375.2
-3376.41
-3377.62
-3378.83
-3380.04
-3381.26
-3382.47
-3383.68
-3384.89
-3386.1
-3387.31
-3388.52
-3389.73
-3390.94
-3392.15
-3393.37
-3394.58
-3395.79
-3397
-3398.21
-3399.42
-3400.63
-3401.85
-3403.06
-3404.27
-3405.48
-3406.69
-3407.9
-3409.11
-3410.33
-3411.54
-3412.75
-3413.96
-3415.17
-3416.38
-3417.6
-3418.81
-3420.02
-3421.23
-3422.44
-3423.65
-3424.87
-3426.08
-3427.29
-3428.5
-3429.71
-3430.93
-3432.14
-3433.35
-3434.56
-3435.78
-3436.99
-3438.2
-3439.41
-3440.62
-3441.84
-3443.05
-3444.26
-3445.47
-3446.69
-3447.9
-3449.11
-3450.32
-3451.54
-3452.75
-3453.96
-3455.17
-3456.39
-3457.6
-3458.81
-3460.02
-3461.24
-3462.45
-3463.66
-3464.88
-3466.09
-3467.3
-3468.51
-3469.73
-3470.94
-3472.15
-3473.37
-3474.58
-3475.79
-3477.01
-3478.22
-3479.43
-3480.65
-3481.86
-3483.07
-3484.29
-3485.5
-3486.71
-3487.93
-3489.14
-3490.35
-3491.57
-3492.78
-3493.99
-3495.21
-3496.42
-3497.63
-3498.85
-3500.06
-3501.27
-3502.49
-3503.7
-3504.92
-3506.13
-3507.34
-3508.56
-3509.77
-3510.99
-3512.2
-3513.41
-3514.63
-3515.84
-3517.06
-3518.27
-3519.48
-3520.7
-3521.91
-3523.13
-3524.34
-3525.56
-3526.77
-3527.98
-3529.2
-3530.41
-3531.63
-3532.84
-3534.06
-3535.27
-3536.48
-3537.7
-3538.91
-3540.13
-3541.34
-3542.56
-3543.77
-3544.99
-3546.2
-3547.42
-3548.63
-3549.85
-3551.06
-3552.28
-3553.49
-3554.71
-3555.92
-3557.14
-3558.35
-3559.57
-3560.78
-3562
-3563.21
-3564.43
-3565.64
-3566.86
-3568.07
-3569.29
-3570.5
-3571.72
-3572.93
-3574.15
-3575.36
-3576.58
-3577.8
-3579.01
-3580.23
-3581.44
-3582.66
-3583.87
-3585.09
-3586.31
-3587.52
-3588.74
-3589.95
-3591.17
-3592.38
-3593.6
-3594.82
-3596.03
-3597.25
-3598.46
-3599.68
-3600.9
-3602.11
-3603.33
-3604.54
-3605.76
-3606.98
-3608.19
-3609.41
-3610.62
-3611.84
-3613.06
-3614.27
-3615.49
-3616.71
-3617.92
-3619.14
-3620.36
-3621.57
-3622.79
-3624.01
-3625.22
-3626.44
-3627.66
-3628.87
-3630.09
-3631.31
-3632.52
-3633.74
-3634.96
-3636.17
-3637.39
-3638.61
-3639.82
-3641.04
-3642.26
-3643.47
-3644.69
-3645.91
-3647.13
-3648.34
-3649.56
-3650.78
-3651.99
-3653.21
-3654.43
-3655.65
-3656.86
-3658.08
-3659.3
-3660.52
-3661.73
-3662.95
-3664.17
-3665.39
-3666.6
-3667.82
-3669.04
-3670.26
-3671.47
-3672.69
-3673.91
-3675.13
-3676.34
-3677.56
-3678.78
-3680
-3681.22
-3682.43
-3683.65
-3684.87
-3686.09
-3687.31
-3688.52
-3689.74
-3690.96
-3692.18
-3693.4
-3694.61
-3695.83
-3697.05
-3698.27
-3699.49
-3700.71
-3701.92
-3703.14
-3704.36
-3705.58
-3706.8
-3708.02
-3709.24
-3710.45
-3711.67
-3712.89
-3714.11
-3715.33
-3716.55
-3717.77
-3718.98
-3720.2
-3721.42
-3722.64
-3723.86
-3725.08
-3726.3
-3727.52
-3728.74
-3729.96
-3731.17
-3732.39
-3733.61
-3734.83
-3736.05
-3737.27
-3738.49
-3739.71
-3740.93
-3742.15
-3743.37
-3744.59
-3745.8
-3747.02
-3748.24
-3749.46
-3750.68
-3751.9
-3753.12
-3754.34
-3755.56
-3756.78
-3758
-3759.22
-3760.44
-3761.66
-3762.88
-3764.1
-3765.32
-3766.54
-3767.76
-3768.98
-3770.2
-3771.42
-3772.64
-3773.86
-3775.08
-3776.3
-3777.52
-3778.74
-3779.96
-3781.18
-3782.4
-3783.62
-3784.84
-3786.06
-3787.28
-3788.5
-3789.72
-3790.94
-3792.16
-3793.38
-3794.6
-3795.82
-3797.04
-3798.27
-3799.49
-3800.71
-3801.93
-3803.15
-3804.37
-3805.59
-3806.81
-3808.03
-3809.25
-3810.47
-3811.69
-3812.91
-3814.14
-3815.36
-3816.58
-3817.8
-3819.02
-3820.24
-3821.46
-3822.68
-3823.9
-3825.13
-3826.35
-3827.57
-3828.79
-3830.01
-3831.23
-3832.45
-3833.67
-3834.9
-3836.12
-3837.34
-3838.56
-3839.78
-3841
-3842.23
-3843.45
-3844.67
-3845.89
-3847.11
-3848.33
-3849.56
-3850.78
-3852
-3853.22
-3854.44
-3855.67
-3856.89
-3858.11
-3859.33
-3860.55
-3861.78
-3863
-3864.22
-3865.44
-3866.66
-3867.89
-3869.11
-3870.33
-3871.55
-3872.77
-3874
-3875.22
-3876.44
-3877.66
-3878.89
-3880.11
-3881.33
-3882.55
-3883.78
-3885
-3886.22
-3887.44
-3888.67
-3889.89
-3891.11
-3892.34
-3893.56
-3894.78
-3896
-3897.23
-3898.45
-3899.67
-3900.9
-3902.12
-3903.34
-3904.56
-3905.79
-3907.01
-3908.23
-3909.46
-3910.68
-3911.9
-3913.13
-3914.35
-3915.57
-3916.8
-3918.02
-3919.24
-3920.47
-3921.69
-3922.91
-3924.14
-3925.36
-3926.58
-3927.81
-3929.03
-3930.26
-3931.48
-3932.7
-3933.93
-3935.15
-3936.37
-3937.6
-3938.82
-3940.05
-3941.27
-3942.49
-3943.72
-3944.94
-3946.16
-3947.39
-3948.61
-3949.84
-3951.06
-3952.29
-3953.51
-3954.73
-3955.96
-3957.18
-3958.41
-3959.63
-3960.86
-3962.08
-3963.3
-3964.53
-3965.75
-3966.98
-3968.2
-3969.43
-3970.65
-3971.88
-3973.1
-3974.32
-3975.55
-3976.77
-3978
-3979.22
-3980.45
-3981.67
-3982.9
-3984.12
-3985.35
-3986.57
-3987.8
-3989.02
-3990.25
-3991.47
-3992.7
-3993.92
-3995.15
-3996.37
-3997.6
-3998.82
-4000.05
-4001.27
-4002.5
-4003.72
-4004.95
-4006.17
-4007.4
-4008.63
-4009.85
-4011.08
-4012.3
-4013.53
-4014.75
-4015.98
-4017.2
-4018.43
-4019.66
-4020.88
-4022.11
-4023.33
-4024.56
-4025.78
-4027.01
-4028.24
-4029.46
-4030.69
-4031.91
-4033.14
-4034.37
-4035.59
-4036.82
-4038.04
-4039.27
-4040.5
-4041.72
-4042.95
-4044.18
-4045.4
-4046.63
-4047.85
-4049.08
-4050.31
-4051.53
-4052.76
-4053.99
-4055.21
-4056.44
-4057.67
-4058.89
-4060.12
-4061.35
-4062.57
-4063.8
-4065.03
-4066.25
-4067.48
-4068.71
-4069.93
-4071.16
-4072.39
-4073.61
-4074.84
-4076.07
-4077.29
-4078.52
-4079.75
-4080.97
-4082.2
-4083.43
-4084.66
-4085.88
-4087.11
-4088.34
-4089.57
-4090.79
-4092.02
-4093.25
-4094.47
-4095.7
-4096.93
-4098.16
-4099.38
-4100.61
-4101.84
-4103.07
-4104.29
-4105.52
-4106.75
-4107.98
-4109.21
-4110.43
-4111.66
-4112.89
-4114.12
-4115.34
-4116.57
-4117.8
-4119.03
-4120.26
-4121.48
-4122.71
-4123.94
-4125.17
-4126.4
-4127.62
-4128.85
-4130.08
-4131.31
-4132.54
-4133.77
-4134.99
-4136.22
-4137.45
-4138.68
-4139.91
-4141.14
-4142.36
-4143.59
-4144.82
-4146.05
-4147.28
-4148.51
-4149.74
-4150.96
-4152.19
-4153.42
-4154.65
-4155.88
-4157.11
-4158.34
-4159.57
-4160.79
-4162.02
-4163.25
-4164.48
-4165.71
-4166.94
-4168.17
-4169.4
-4170.63
-4171.86
-4173.08
-4174.31
-4175.54
-4176.77
-4178
-4179.23
-4180.46
-4181.69
-4182.92
-4184.15
-4185.38
-4186.61
-4187.84
-4189.07
-4190.3
-4191.53
-4192.75
-4193.98
-4195.21
-4196.44
-4197.67
-4198.9
-4200.13
-4201.36
-4202.59
-4203.82
-4205.05
-4206.28
-4207.51
-4208.74
-4209.97
-4211.2
-4212.43
-4213.66
-4214.89
-4216.12
-4217.35
-4218.58
-4219.81
-4221.04
-4222.27
-4223.5
-4224.73
-4225.96
-4227.19
-4228.43
-4229.66
-4230.89
-4232.12
-4233.35
-4234.58
-4235.81
-4237.04
-4238.27
-4239.5
-4240.73
-4241.96
-4243.19
-4244.42
-4245.65
-4246.88
-4248.12
-4249.35
-4250.58
-4251.81
-4253.04
-4254.27
-4255.5
-4256.73
-4257.96
-4259.19
-4260.43
-4261.66
-4262.89
-4264.12
-4265.35
-4266.58
-4267.81
-4269.04
-4270.28
-4271.51
-4272.74
-4273.97
-4275.2
-4276.43
-4277.66
-4278.9
-4280.13
-4281.36
-4282.59
-4283.82
-4285.05
-4286.29
-4287.52
-4288.75
-4289.98
-4291.21
-4292.44
-4293.68
-4294.91
-4296.14
-4297.37
-4298.6
-4299.84
-4301.07
-4302.3
-4303.53
-4304.76
-4306
-4307.23
-4308.46
-4309.69
-4310.93
-4312.16
-4313.39
-4314.62
-4315.85
-4317.09
-4318.32
-4319.55
-4320.78
-4322.02
-4323.25
-4324.48
-4325.71
-4326.95
-4328.18
-4329.41
-4330.65
-4331.88
-4333.11
-4334.34
-4335.58
-4336.81
-4338.04
-4339.28
-4340.51
-4341.74
-4342.97
-4344.21
-4345.44
-4346.67
-4347.91
-4349.14
-4350.37
-4351.61
-4352.84
-4354.07
-4355.31
-4356.54
-4357.77
-4359.01
-4360.24
-4361.47
-4362.71
-4363.94
-4365.17
-4366.41
-4367.64
-4368.87
-4370.11
-4371.34
-4372.57
-4373.81
-4375.04
-4376.28
-4377.51
-4378.74
-4379.98
-4381.21
-4382.44
-4383.68
-4384.91
-4386.15
-4387.38
-4388.61
-4389.85
-4391.08
-4392.32
-4393.55
-4394.78
-4396.02
-4397.25
-4398.49
-4399.72
-4400.96
-4402.19
-4403.42
-4404.66
-4405.89
-4407.13
-4408.36
-4409.6
-4410.83
-4412.07
-4413.3
-4414.53
-4415.77
-4417
-4418.24
-4419.47
-4420.71
-4421.94
-4423.18
-4424.41
-4425.65
-4426.88
-4428.12
-4429.35
-4430.59
-4431.82
-4433.06
-4434.29
-4435.53
-4436.76
-4438
-4439.23
-4440.47
-4441.7
-4442.94
-4444.17
-4445.41
-4446.64
-4447.88
-4449.11
-4450.35
-4451.58
-4452.82
-4454.06
-4455.29
-4456.53
-4457.76
-4459
-4460.23
-4461.47
-4462.7
-4463.94
-4465.18
-4466.41
-4467.65
-4468.88
-4470.12
-4471.36
-4472.59
-4473.83
-4475.06
-4476.3
-4477.53
-4478.77
-4480.01
-4481.24
-4482.48
-4483.72
-4484.95
-4486.19
-4487.42
-4488.66
-4489.9
-4491.13
-4492.37
-4493.61
-4494.84
-4496.08
-4497.31
-4498.55
-4499.79
-4501.02
-4502.26
-4503.5
-4504.73
-4505.97
-4507.21
-4508.44
-4509.68
-4510.92
-4512.15
-4513.39
-4514.63
-4515.86
-4517.1
-4518.34
-4519.57
-4520.81
-4522.05
-4523.29
-4524.52
-4525.76
-4527
-4528.23
-4529.47
-4530.71
-4531.95
-4533.18
-4534.42
-4535.66
-4536.89
-4538.13
-4539.37
-4540.61
-4541.84
-4543.08
-4544.32
-4545.56
-4546.79
-4548.03
-4549.27
-4550.51
-4551.74
-4552.98
-4554.22
-4555.46
-4556.7
-4557.93
-4559.17
-4560.41
-4561.65
-4562.88
-4564.12
-4565.36
-4566.6
-4567.84
-4569.07
-4570.31
-4571.55
-4572.79
-4574.03
-4575.26
-4576.5
-4577.74
-4578.98
-4580.22
-4581.46
-4582.69
-4583.93
-4585.17
-4586.41
-4587.65
-4588.89
-4590.12
-4591.36
-4592.6
-4593.84
-4595.08
-4596.32
-4597.56
-4598.79
-4600.03
-4601.27
-4602.51
-4603.75
-4604.99
-4606.23
-4607.47
-4608.71
-4609.94
-4611.18
-4612.42
-4613.66
-4614.9
-4616.14
-4617.38
-4618.62
-4619.86
-4621.1
-4622.34
-4623.57
-4624.81
-4626.05
-4627.29
-4628.53
-4629.77
-4631.01
-4632.25
-4633.49
-4634.73
-4635.97
-4637.21
-4638.45
-4639.69
-4640.93
-4642.17
-4643.41
-4644.65
-4645.89
-4647.12
-4648.36
-4649.6
-4650.84
-4652.08
-4653.32
-4654.56
-4655.8
-4657.04
-4658.28
-4659.52
-4660.76
-4662
-4663.24
-4664.48
-4665.72
-4666.96
-4668.2
-4669.45
-4670.69
-4671.93
-4673.17
-4674.41
-4675.65
-4676.89
-4678.13
-4679.37
-4680.61
-4681.85
-4683.09
-4684.33
-4685.57
-4686.81
-4688.05
-4689.29
-4690.53
-4691.77
-4693.01
-4694.26
-4695.5
-4696.74
-4697.98
-4699.22
-4700.46
-4701.7
-4702.94
-4704.18
-4705.42
-4706.66
-4707.91
-4709.15
-4710.39
-4711.63
-4712.87
-4714.11
-4715.35
-4716.59
-4717.84
-4719.08
-4720.32
-4721.56
-4722.8
-4724.04
-4725.28
-4726.53
-4727.77
-4729.01
-4730.25
-4731.49
-4732.73
-4733.98
-4735.22
-4736.46
-4737.7
-4738.94
-4740.18
-4741.43
-4742.67
-4743.91
-4745.15
-4746.39
-4747.64
-4748.88
-4750.12
-4751.36
-4752.6
-4753.85
-4755.09
-4756.33
-4757.57
-4758.81
-4760.06
-4761.3
-4762.54
-4763.78
-4765.03
-4766.27
-4767.51
-4768.75
-4770
-4771.24
-4772.48
-4773.72
-4774.97
-4776.21
-4777.45
-4778.69
-4779.94
-4781.18
-4782.42
-4783.66
-4784.91
-4786.15
-4787.39
-4788.64
-4789.88
-4791.12
-4792.36
-4793.61
-4794.85
-4796.09
-4797.34
-4798.58
-4799.82
-4801.07
-4802.31
-4803.55
-4804.79
-4806.04
-4807.28
-4808.52
-4809.77
-4811.01
-4812.25
-4813.5
-4814.74
-4815.99
-4817.23
-4818.47
-4819.72
-4820.96
-4822.2
-4823.45
-4824.69
-4825.93
-4827.18
-4828.42
-4829.66
-4830.91
-4832.15
-4833.4
-4834.64
-4835.88
-4837.13
-4838.37
-4839.62
-4840.86
-4842.1
-4843.35
-4844.59
-4845.84
-4847.08
-4848.32
-4849.57
-4850.81
-4852.06
-4853.3
-4854.55
-4855.79
-4857.03
-4858.28
-4859.52
-4860.77
-4862.01
-4863.26
-4864.5
-4865.75
-4866.99
-4868.23
-4869.48
-4870.72
-4871.97
-4873.21
-4874.46
-4875.7
-4876.95
-4878.19
-4879.44
-4880.68
-4881.93
-4883.17
-4884.42
-4885.66
-4886.91
-4888.15
-4889.4
-4890.64
-4891.89
-4893.13
-4894.38
-4895.62
-4896.87
-4898.11
-4899.36
-4900.6
-4901.85
-4903.09
-4904.34
-4905.59
-4906.83
-4908.08
-4909.32
-4910.57
-4911.81
-4913.06
-4914.3
-4915.55
-4916.8
-4918.04
-4919.29
-4920.53
-4921.78
-4923.02
-4924.27
-4925.52
-4926.76
-4928.01
-4929.25
-4930.5
-4931.75
-4932.99
-4934.24
-4935.48
-4936.73
-4937.98
-4939.22
-4940.47
-4941.71
-4942.96
-4944.21
-4945.45
-4946.7
-4947.95
-4949.19
-4950.44
-4951.68
-4952.93
-4954.18
-4955.42
-4956.67
-4957.92
-4959.16
-4960.41
-4961.66
-4962.9
-4964.15
-4965.4
-4966.64
-4967.89
-4969.14
-4970.38
-4971.63
-4972.88
-4974.12
-4975.37
-4976.62
-4977.87
-4979.11
-4980.36
-4981.61
-4982.85
-4984.1
-4985.35
-4986.6
-4987.84
-4989.09
-4990.34
-4991.58
-4992.83
-4994.08
-4995.33
-4996.57
-4997.82
-4999.07
-5000.32
-5001.56
-5002.81
-5004.06
-5005.31
-5006.55
-5007.8
-5009.05
-5010.3
-5011.54
-5012.79
-5014.04
-5015.29
-5016.54
-5017.78
-5019.03
-5020.28
-5021.53
-5022.77
-5024.02
-5025.27
-5026.52
-5027.77
-5029.01
-5030.26
-5031.51
-5032.76
-5034.01
-5035.26
-5036.5
-5037.75
-5039
-5040.25
-5041.5
-5042.75
-5043.99
-5045.24
-5046.49
-5047.74
-5048.99
-5050.24
-5051.48
-5052.73
-5053.98
-5055.23
-5056.48
-5057.73
-5058.98
-5060.23
-5061.47
-5062.72
-5063.97
-5065.22
-5066.47
-5067.72
-5068.97
-5070.22
-5071.47
-5072.71
-5073.96
-5075.21
-5076.46
-5077.71
-5078.96
-5080.21
-5081.46
-5082.71
-5083.96
-5085.21
-5086.46
-5087.71
-5088.95
-5090.2
-5091.45
-5092.7
-5093.95
-5095.2
-5096.45
-5097.7
-5098.95
-5100.2
-5101.45
-5102.7
-5103.95
-5105.2
-5106.45
-5107.7
-5108.95
-5110.2
-5111.45
-5112.7
-5113.95
-5115.2
-5116.45
-5117.7
-5118.95
-5120.2
-5121.45
-5122.7
-5123.95
-5125.2
-5126.45
-5127.7
-5128.95
-5130.2
-5131.45
-5132.7
-5133.95
-5135.2
-5136.45
-5137.7
-5138.95
-5140.2
-5141.45
-5142.7
-5143.95
-5145.2
-5146.45
-5147.71
-5148.96
-5150.21
-5151.46
-5152.71
-5153.96
-5155.21
-5156.46
-5157.71
-5158.96
-5160.21
-5161.46
-5162.72
-5163.97
-5165.22
-5166.47
-5167.72
-5168.97
-5170.22
-5171.47
-5172.72
-5173.98
-5175.23
-5176.48
-5177.73
-5178.98
-5180.23
-5181.48
-5182.73
-5183.99
-5185.24
-5186.49
-5187.74
-5188.99
-5190.24
-5191.49
-5192.75
-5194
-5195.25
-5196.5
-5197.75
-5199
-5200.26
-5201.51
-5202.76
-5204.01
-5205.26
-5206.52
-5207.77
-5209.02
-5210.27
-5211.52
-5212.78
-5214.03
-5215.28
-5216.53
-5217.78
-5219.04
-5220.29
-5221.54
-5222.79
-5224.05
-5225.3
-5226.55
-5227.8
-5229.05
-5230.31
-5231.56
-5232.81
-5234.06
-5235.32
-5236.57
-5237.82
-5239.07
-5240.33
-5241.58
-5242.83
-5244.09
-5245.34
-5246.59
-5247.84
-5249.1
-5250.35
-5251.6
-5252.85
-5254.11
-5255.36
-5256.61
-5257.87
-5259.12
-5260.37
-5261.63
-5262.88
-5264.13
-5265.39
-5266.64
-5267.89
-5269.14
-5270.4
-5271.65
-5272.9
-5274.16
-5275.41
-5276.66
-5277.92
-5279.17
-5280.43
-5281.68
-5282.93
-5284.19
-5285.44
-5286.69
-5287.95
-5289.2
-5290.45
-5291.71
-5292.96
-5294.21
-5295.47
-5296.72
-5297.98
-5299.23
-5300.48
-5301.74
-5302.99
-5304.25
-5305.5
-5306.75
-5308.01
-5309.26
-5310.52
-5311.77
-5313.02
-5314.28
-5315.53
-5316.79
-5318.04
-5319.3
-5320.55
-5321.8
-5323.06
-5324.31
-5325.57
-5326.82
-5328.08
-5329.33
-5330.59
-5331.84
-5333.09
-5334.35
-5335.6
-5336.86
-5338.11
-5339.37
-5340.62
-5341.88
-5343.13
-5344.39
-5345.64
-5346.9
-5348.15
-5349.41
-5350.66
-5351.92
-5353.17
-5354.43
-5355.68
-5356.94
-5358.19
-5359.45
-5360.7
-5361.96
-5363.21
-5364.47
-5365.72
-5366.98
-5368.23
-5369.49
-5370.74
-5372
-5373.26
-5374.51
-5375.77
-5377.02
-5378.28
-5379.53
-5380.79
-5382.04
-5383.3
-5384.56
-5385.81
-5387.07
-5388.32
-5389.58
-5390.83
-5392.09
-5393.35
-5394.6
-5395.86
-5397.11
-5398.37
-5399.63
-5400.88
-5402.14
-5403.39
-5404.65
-5405.91
-5407.16
-5408.42
-5409.68
-5410.93
-5412.19
-5413.44
-5414.7
-5415.96
-5417.21
-5418.47
-5419.73
-5420.98
-5422.24
-5423.5
-5424.75
-5426.01
-5427.26
-5428.52
-5429.78
-5431.03
-5432.29
-5433.55
-5434.8
-5436.06
-5437.32
-5438.58
-5439.83
-5441.09
-5442.35
-5443.6
-5444.86
-5446.12
-5447.37
-5448.63
-5449.89
-5451.14
-5452.4
-5453.66
-5454.92
-5456.17
-5457.43
-5458.69
-5459.95
-5461.2
-5462.46
-5463.72
-5464.97
-5466.23
-5467.49
-5468.75
-5470
-5471.26
-5472.52
-5473.78
-5475.03
-5476.29
-5477.55
-5478.81
-5480.06
-5481.32
-5482.58
-5483.84
-5485.1
-5486.35
-5487.61
-5488.87
-5490.13
-5491.39
-5492.64
-5493.9
-5495.16
-5496.42
-5497.68
-5498.93
-5500.19
-5501.45
-5502.71
-5503.97
-5505.22
-5506.48
-5507.74
-5509
-5510.26
-5511.52
-5512.77
-5514.03
-5515.29
-5516.55
-5517.81
-5519.07
-5520.32
-5521.58
-5522.84
-5524.1
-5525.36
-5526.62
-5527.88
-5529.14
-5530.39
-5531.65
-5532.91
-5534.17
-5535.43
-5536.69
-5537.95
-5539.21
-5540.47
-5541.72
-5542.98
-5544.24
-5545.5
-5546.76
-5548.02
-5549.28
-5550.54
-5551.8
-5553.06
-5554.32
-5555.57
-5556.83
-5558.09
-5559.35
-5560.61
-5561.87
-5563.13
-5564.39
-5565.65
-5566.91
-5568.17
-5569.43
-5570.69
-5571.95
-5573.21
-5574.47
-5575.73
-5576.99
-5578.25
-5579.51
-5580.77
-5582.03
-5583.29
-5584.54
-5585.8
-5587.06
-5588.32
-5589.58
-5590.84
-5592.1
-5593.36
-5594.62
-5595.89
-5597.15
-5598.41
-5599.67
-5600.93
-5602.19
-5603.45
-5604.71
-5605.97
-5607.23
-5608.49
-5609.75
-5611.01
-5612.27
-5613.53
-5614.79
-5616.05
-5617.31
-5618.57
-5619.83
-5621.09
-5622.35
-5623.61
-5624.87
-5626.14
-5627.4
-5628.66
-5629.92
-5631.18
-5632.44
-5633.7
-5634.96
-5636.22
-5637.48
-5638.74
-5640.01
-5641.27
-5642.53
-5643.79
-5645.05
-5646.31
-5647.57
-5648.83
-5650.09
-5651.36
-5652.62
-5653.88
-5655.14
-5656.4
-5657.66
-5658.92
-5660.19
-5661.45
-5662.71
-5663.97
-5665.23
-5666.49
-5667.75
-5669.02
-5670.28
-5671.54
-5672.8
-5674.06
-5675.32
-5676.59
-5677.85
-5679.11
-5680.37
-5681.63
-5682.9
-5684.16
-5685.42
-5686.68
-5687.94
-5689.21
-5690.47
-5691.73
-5692.99
-5694.25
-5695.52
-5696.78
-5698.04
-5699.3
-5700.57
-5701.83
-5703.09
-5704.35
-5705.61
-5706.88
-5708.14
-5709.4
-5710.66
-5711.93
-5713.19
-5714.45
-5715.71
-5716.98
-5718.24
-5719.5
-5720.77
-5722.03
-5723.29
-5724.55
-5725.82
-5727.08
-5728.34
-5729.61
-5730.87
-5732.13
-5733.39
-5734.66
-5735.92
-5737.18
-5738.45
-5739.71
-5740.97
-5742.24
-5743.5
-5744.76
-5746.02
-5747.29
-5748.55
-5749.81
-5751.08
-5752.34
-5753.6
-5754.87
-5756.13
-5757.4
-5758.66
-5759.92
-5761.19
-5762.45
-5763.71
-5764.98
-5766.24
-5767.5
-5768.77
-5770.03
-5771.29
-5772.56
-5773.82
-5775.09
-5776.35
-5777.61
-5778.88
-5780.14
-5781.41
-5782.67
-5783.93
-5785.2
-5786.46
-5787.73
-5788.99
-5790.25
-5791.52
-5792.78
-5794.05
-5795.31
-5796.58
-5797.84
-5799.1
-5800.37
-5801.63
-5802.9
-5804.16
-5805.43
-5806.69
-5807.95
-5809.22
-5810.48
-5811.75
-5813.01
-5814.28
-5815.54
-5816.81
-5818.07
-5819.34
-5820.6
-5821.87
-5823.13
-5824.4
-5825.66
-5826.93
-5828.19
-5829.45
-5830.72
-5831.98
-5833.25
-5834.51
-5835.78
-5837.05
-5838.31
-5839.58
-5840.84
-5842.11
-5843.37
-5844.64
-5845.9
-5847.17
-5848.43
-5849.7
-5850.96
-5852.23
-5853.49
-5854.76
-5856.02
-5857.29
-5858.56
-5859.82
-5861.09
-5862.35
-5863.62
-5864.88
-5866.15
-5867.42
-5868.68
-5869.95
-5871.21
-5872.48
-5873.74
-5875.01
-5876.28
-5877.54
-5878.81
-5880.07
-5881.34
-5882.61
-5883.87
-5885.14
-5886.4
-5887.67
-5888.94
-5890.2
-5891.47
-5892.73
-5894
-5895.27
-5896.53
-5897.8
-5899.07
-5900.33
-5901.6
-5902.87
-5904.13
-5905.4
-5906.66
-5907.93
-5909.2
-5910.46
-5911.73
-5913
-5914.26
-5915.53
-5916.8
-5918.06
-5919.33
-5920.6
-5921.86
-5923.13
-5924.4
-5925.67
-5926.93
-5928.2
-5929.47
-5930.73
-5932
-5933.27
-5934.53
-5935.8
-5937.07
-5938.34
-5939.6
-5940.87
-5942.14
-5943.4
-5944.67
-5945.94
-5947.21
-5948.47
-5949.74
-5951.01
-5952.28
-5953.54
-5954.81
-5956.08
-5957.35
-5958.61
-5959.88
-5961.15
-5962.42
-5963.68
-5964.95
-5966.22
-5967.49
-5968.76
-5970.02
-5971.29
-5972.56
-5973.83
-5975.09
-5976.36
-5977.63
-5978.9
-5980.17
-5981.43
-5982.7
-5983.97
-5985.24
-5986.51
-5987.78
-5989.04
-5990.31
-5991.58
-5992.85
-5994.12
-5995.38
-5996.65
-5997.92
-5999.19
-6000.46
-6001.73
-6002.99
-6004.26
-6005.53
-6006.8
-6008.07
-6009.34
-6010.61
-6011.87
-6013.14
-6014.41
-6015.68
-6016.95
-6018.22
-6019.49
-6020.76
-6022.02
-6023.29
-6024.56
-6025.83
-6027.1
-6028.37
-6029.64
-6030.91
-6032.18
-6033.45
-6034.71
-6035.98
-6037.25
-6038.52
-6039.79
-6041.06
-6042.33
-6043.6
-6044.87
-6046.14
-6047.41
-6048.68
-6049.95
-6051.22
-6052.49
-6053.75
-6055.02
-6056.29
-6057.56
-6058.83
-6060.1
-6061.37
-6062.64
-6063.91
-6065.18
-6066.45
-6067.72
-6068.99
-6070.26
-6071.53
-6072.8
-6074.07
-6075.34
-6076.61
-6077.88
-6079.15
-6080.42
-6081.69
-6082.96
-6084.23
-6085.5
-6086.77
-6088.04
-6089.31
-6090.58
-6091.85
-6093.12
-6094.39
-6095.66
-6096.93
-6098.2
-6099.47
-6100.74
-6102.01
-6103.28
-6104.56
-6105.83
-6107.1
-6108.37
-6109.64
-6110.91
-6112.18
-6113.45
-6114.72
-6115.99
-6117.26
-6118.53
-6119.8
-6121.07
-6122.34
-6123.62
-6124.89
-6126.16
-6127.43
-6128.7
-6129.97
-6131.24
-6132.51
-6133.78
-6135.05
-6136.33
-6137.6
-6138.87
-6140.14
-6141.41
-6142.68
-6143.95
-6145.22
-6146.5
-6147.77
-6149.04
-6150.31
-6151.58
-6152.85
-6154.12
-6155.4
-6156.67
-6157.94
-6159.21
-6160.48
-6161.75
-6163.03
-6164.3
-6165.57
-6166.84
-6168.11
-6169.38
-6170.66
-6171.93
-6173.2
-6174.47
-6175.74
-6177.02
-6178.29
-6179.56
-6180.83
-6182.1
-6183.38
-6184.65
-6185.92
-6187.19
-6188.46
-6189.74
-6191.01
-6192.28
-6193.55
-6194.83
-6196.1
-6197.37
-6198.64
-6199.92
-6201.19
-6202.46
-6203.73
-6205.01
-6206.28
-6207.55
-6208.82
-6210.1
-6211.37
-6212.64
-6213.91
-6215.19
-6216.46
-6217.73
-6219
-6220.28
-6221.55
-6222.82
-6224.1
-6225.37
-6226.64
-6227.92
-6229.19
-6230.46
-6231.73
-6233.01
-6234.28
-6235.55
-6236.83
-6238.1
-6239.37
-6240.65
-6241.92
-6243.19
-6244.47
-6245.74
-6247.01
-6248.29
-6249.56
-6250.83
-6252.11
-6253.38
-6254.65
-6255.93
-6257.2
-6258.47
-6259.75
-6261.02
-6262.29
-6263.57
-6264.84
-6266.12
-6267.39
-6268.66
-6269.94
-6271.21
-6272.49
-6273.76
-6275.03
-6276.31
-6277.58
-6278.85
-6280.13
-6281.4
-6282.68
-6283.95
-6285.22
-6286.5
-6287.77
-6289.05
-6290.32
-6291.6
-6292.87
-6294.14
-6295.42
-6296.69
-6297.97
-6299.24
-6300.52
-6301.79
-6303.07
-6304.34
-6305.61
-6306.89
-6308.16
-6309.44
-6310.71
-6311.99
-6313.26
-6314.54
-6315.81
-6317.09
-6318.36
-6319.64
-6320.91
-6322.18
-6323.46
-6324.73
-6326.01
-6327.28
-6328.56
-6329.83
-6331.11
-6332.38
-6333.66
-6334.93
-6336.21
-6337.48
-6338.76
-6340.04
-6341.31
-6342.59
-6343.86
-6345.14
-6346.41
-6347.69
-6348.96
-6350.24
-6351.51
-6352.79
-6354.06
-6355.34
-6356.62
-6357.89
-6359.17
-6360.44
-6361.72
-6362.99
-6364.27
-6365.54
-6366.82
-6368.1
-6369.37
-6370.65
-6371.92
-6373.2
-6374.47
-6375.75
-6377.03
-6378.3
-6379.58
-6380.85
-6382.13
-6383.41
-6384.68
-6385.96
-6387.23
-6388.51
-6389.79
-6391.06
-6392.34
-6393.62
-6394.89
-6396.17
-6397.44
-6398.72
-6400
-6401.27
-6402.55
-6403.83
-6405.1
-6406.38
-6407.66
-6408.93
-6410.21
-6411.49
-6412.76
-6414.04
-6415.32
-6416.59
-6417.87
-6419.15
-6420.42
-6421.7
-6422.98
-6424.25
-6425.53
-6426.81
-6428.08
-6429.36
-6430.64
-6431.91
-6433.19
-6434.47
-6435.75
-6437.02
-6438.3
-6439.58
-6440.85
-6442.13
-6443.41
-6444.69
-6445.96
-6447.24
-6448.52
-6449.79
-6451.07
-6452.35
-6453.63
-6454.9
-6456.18
-6457.46
-6458.74
-6460.01
-6461.29
-6462.57
-6463.85
-6465.12
-6466.4
-6467.68
-6468.96
-6470.24
-6471.51
-6472.79
-6474.07
-6475.35
-6476.62
-6477.9
-6479.18
-6480.46
-6481.74
-6483.01
-6484.29
-6485.57
-6486.85
-6488.13
-6489.4
-6490.68
-6491.96
-6493.24
-6494.52
-6495.8
-6497.07
-6498.35
-6499.63
-6500.91
-6502.19
-6503.47
-6504.74
-6506.02
-6507.3
-6508.58
-6509.86
-6511.14
-6512.41
-6513.69
-6514.97
-6516.25
-6517.53
-6518.81
-6520.09
-6521.37
-6522.64
-6523.92
-6525.2
-6526.48
-6527.76
-6529.04
-6530.32
-6531.6
-6532.87
-6534.15
-6535.43
-6536.71
-6537.99
-6539.27
-6540.55
-6541.83
-6543.11
-6544.39
-6545.67
-6546.94
-6548.22
-6549.5
-6550.78
-6552.06
-6553.34
-6554.62
-6555.9
-6557.18
-6558.46
-6559.74
-6561.02
-6562.3
-6563.58
-6564.86
-6566.14
-6567.42
-6568.7
-6569.97
-6571.25
-6572.53
-6573.81
-6575.09
-6576.37
-6577.65
-6578.93
-6580.21
-6581.49
-6582.77
-6584.05
-6585.33
-6586.61
-6587.89
-6589.17
-6590.45
-6591.73
-6593.01
-6594.29
-6595.57
-6596.85
-6598.13
-6599.41
-6600.69
-6601.97
-6603.25
-6604.54
-6605.82
-6607.1
-6608.38
-6609.66
-6610.94
-6612.22
-6613.5
-6614.78
-6616.06
-6617.34
-6618.62
-6619.9
-6621.18
-6622.46
-6623.74
-6625.02
-6626.3
-6627.59
-6628.87
-6630.15
-6631.43
-6632.71
-6633.99
-6635.27
-6636.55
-6637.83
-6639.11
-6640.39
-6641.68
-6642.96
-6644.24
-6645.52
-6646.8
-6648.08
-6649.36
-6650.64
-6651.92
-6653.21
-6654.49
-6655.77
-6657.05
-6658.33
-6659.61
-6660.89
-6662.18
-6663.46
-6664.74
-6666.02
-6667.3
-6668.58
-6669.86
-6671.15
-6672.43
-6673.71
-6674.99
-6676.27
-6677.55
-6678.84
-6680.12
-6681.4
-6682.68
-6683.96
-6685.25
-6686.53
-6687.81
-6689.09
-6690.37
-6691.65
-6692.94
-6694.22
-6695.5
-6696.78
-6698.07
-6699.35
-6700.63
-6701.91
-6703.19
-6704.48
-6705.76
-6707.04
-6708.32
-6709.61
-6710.89
-6712.17
-6713.45
-6714.73
-6716.02
-6717.3
-6718.58
-6719.86
-6721.15
-6722.43
-6723.71
-6725
-6726.28
-6727.56
-6728.84
-6730.13
-6731.41
-6732.69
-6733.97
-6735.26
-6736.54
-6737.82
-6739.11
-6740.39
-6741.67
-6742.95
-6744.24
-6745.52
-6746.8
-6748.09
-6749.37
-6750.65
-6751.94
-6753.22
-6754.5
-6755.79
-6757.07
-6758.35
-6759.64
-6760.92
-6762.2
-6763.49
-6764.77
-6766.05
-6767.34
-6768.62
-6769.9
-6771.19
-6772.47
-6773.75
-6775.04
-6776.32
-6777.6
-6778.89
-6780.17
-6781.45
-6782.74
-6784.02
-6785.31
-6786.59
-6787.87
-6789.16
-6790.44
-6791.73
-6793.01
-6794.29
-6795.58
-6796.86
-6798.14
-6799.43
-6800.71
-6802
-6803.28
-6804.57
-6805.85
-6807.13
-6808.42
-6809.7
-6810.99
-6812.27
-6813.55
-6814.84
-6816.12
-6817.41
-6818.69
-6819.98
-6821.26
-6822.55
-6823.83
-6825.11
-6826.4
-6827.68
-6828.97
-6830.25
-6831.54
-6832.82
-6834.11
-6835.39
-6836.68
-6837.96
-6839.25
-6840.53
-6841.82
-6843.1
-6844.39
-6845.67
-6846.95
-6848.24
-6849.52
-6850.81
-6852.09
-6853.38
-6854.66
-6855.95
-6857.24
-6858.52
-6859.81
-6861.09
-6862.38
-6863.66
-6864.95
-6866.23
-6867.52
-6868.8
-6870.09
-6871.37
-6872.66
-6873.94
-6875.23
-6876.51
-6877.8
-6879.09
-6880.37
-6881.66
-6882.94
-6884.23
-6885.51
-6886.8
-6888.09
-6889.37
-6890.66
-6891.94
-6893.23
-6894.51
-6895.8
-6897.09
-6898.37
-6899.66
-6900.94
-6902.23
-6903.52
-6904.8
-6906.09
-6907.37
-6908.66
-6909.95
-6911.23
-6912.52
-6913.8
-6915.09
-6916.38
-6917.66
-6918.95
-6920.24
-6921.52
-6922.81
-6924.09
-6925.38
-6926.67
-6927.95
-6929.24
-6930.53
-6931.81
-6933.1
-6934.39
-6935.67
-6936.96
-6938.25
-6939.53
-6940.82
-6942.11
-6943.39
-6944.68
-6945.97
-6947.25
-6948.54
-6949.83
-6951.11
-6952.4
-6953.69
-6954.97
-6956.26
-6957.55
-6958.84
-6960.12
-6961.41
-6962.7
-6963.98
-6965.27
-6966.56
-6967.84
-6969.13
-6970.42
-6971.71
-6972.99
-6974.28
-6975.57
-6976.86
-6978.14
-6979.43
-6980.72
-6982.01
-6983.29
-6984.58
-6985.87
-6987.16
-6988.44
-6989.73
-6991.02
-6992.31
-6993.59
-6994.88
-6996.17
-6997.46
-6998.74
-7000.03
-7001.32
-7002.61
-7003.9
-7005.18
-7006.47
-7007.76
-7009.05
-7010.33
-7011.62
-7012.91
-7014.2
-7015.49
-7016.78
-7018.06
-7019.35
-7020.64
-7021.93
-7023.22
-7024.5
-7025.79
-7027.08
-7028.37
-7029.66
-7030.95
-7032.23
-7033.52
-7034.81
-7036.1
-7037.39
-7038.68
-7039.96
-7041.25
-7042.54
-7043.83
-7045.12
-7046.41
-7047.7
-7048.98
-7050.27
-7051.56
-7052.85
-7054.14
-7055.43
-7056.72
-7058.01
-7059.29
-7060.58
-7061.87
-7063.16
-7064.45
-7065.74
-7067.03
-7068.32
-7069.61
-7070.9
-7072.18
-7073.47
-7074.76
-7076.05
-7077.34
-7078.63
-7079.92
-7081.21
-7082.5
-7083.79
-7085.08
-7086.37
-7087.66
-7088.94
-7090.23
-7091.52
-7092.81
-7094.1
-7095.39
-7096.68
-7097.97
-7099.26
-7100.55
-7101.84
-7103.13
-7104.42
-7105.71
-7107
-7108.29
-7109.58
-7110.87
-7112.16
-7113.45
-7114.74
-7116.03
-7117.32
-7118.61
-7119.9
-7121.19
-7122.48
-7123.77
-7125.06
-7126.35
-7127.64
-7128.93
-7130.22
-7131.51
-7132.8
-7134.09
-7135.38
-7136.67
-7137.96
-7139.25
-7140.54
-7141.83
-7143.12
-7144.41
-7145.7
-7146.99
-7148.28
-7149.57
-7150.86
-7152.15
-7153.44
-7154.74
-7156.03
-7157.32
-7158.61
-7159.9
-7161.19
-7162.48
-7163.77
-7165.06
-7166.35
-7167.64
-7168.93
-7170.22
-7171.51
-7172.81
-7174.1
-7175.39
-7176.68
-7177.97
-7179.26
-7180.55
-7181.84
-7183.13
-7184.43
-7185.72
-7187.01
-7188.3
-7189.59
-7190.88
-7192.17
-7193.46
-7194.76
-7196.05
-7197.34
-7198.63
-7199.92
-7201.21
-7202.5
-7203.79
-7205.09
-7206.38
-7207.67
-7208.96
-7210.25
-7211.54
-7212.84
-7214.13
-7215.42
-7216.71
-7218
-7219.29
-7220.59
-7221.88
-7223.17
-7224.46
-7225.75
-7227.05
-7228.34
-7229.63
-7230.92
-7232.21
-7233.51
-7234.8
-7236.09
-7237.38
-7238.67
-7239.97
-7241.26
-7242.55
-7243.84
-7245.13
-7246.43
-7247.72
-7249.01
-7250.3
-7251.6
-7252.89
-7254.18
-7255.47
-7256.77
-7258.06
-7259.35
-7260.64
-7261.94
-7263.23
-7264.52
-7265.81
-7267.11
-7268.4
-7269.69
-7270.98
-7272.28
-7273.57
-7274.86
-7276.15
-7277.45
-7278.74
-7280.03
-7281.33
-7282.62
-7283.91
-7285.2
-7286.5
-7287.79
-7289.08
-7290.38
-7291.67
-7292.96
-7294.26
-7295.55
-7296.84
-7298.13
-7299.43
-7300.72
-7302.01
-7303.31
-7304.6
-7305.89
-7307.19
-7308.48
-7309.77
-7311.07
-7312.36
-7313.65
-7314.95
-7316.24
-7317.53
-7318.83
-7320.12
-7321.42
-7322.71
-7324
-7325.3
-7326.59
-7327.88
-7329.18
-7330.47
-7331.76
-7333.06
-7334.35
-7335.65
-7336.94
-7338.23
-7339.53
-7340.82
-7342.12
-7343.41
-7344.7
-7346
-7347.29
-7348.59
-7349.88
-7351.17
-7352.47
-7353.76
-7355.06
-7356.35
-7357.64
-7358.94
-7360.23
-7361.53
-7362.82
-7364.12
-7365.41
-7366.7
-7368
-7369.29
-7370.59
-7371.88
-7373.18
-7374.47
-7375.77
-7377.06
-7378.35
-7379.65
-7380.94
-7382.24
-7383.53
-7384.83
-7386.12
-7387.42
-7388.71
-7390.01
-7391.3
-7392.6
-7393.89
-7395.19
-7396.48
-7397.78
-7399.07
-7400.37
-7401.66
-7402.96
-7404.25
-7405.55
-7406.84
-7408.14
-7409.43
-7410.73
-7412.02
-7413.32
-7414.61
-7415.91
-7417.2
-7418.5
-7419.79
-7421.09
-7422.38
-7423.68
-7424.97
-7426.27
-7427.57
-7428.86
-7430.16
-7431.45
-7432.75
-7434.04
-7435.34
-7436.63
-7437.93
-7439.22
-7440.52
-7441.82
-7443.11
-7444.41
-7445.7
-7447
-7448.29
-7449.59
-7450.89
-7452.18
-7453.48
-7454.77
-7456.07
-7457.37
-7458.66
-7459.96
-7461.25
-7462.55
-7463.85
-7465.14
-7466.44
-7467.73
-7469.03
-7470.33
-7471.62
-7472.92
-7474.22
-7475.51
-7476.81
-7478.1
-7479.4
-7480.7
-7481.99
-7483.29
-7484.59
-7485.88
-7487.18
-7488.47
-7489.77
-7491.07
-7492.36
-7493.66
-7494.96
-7496.25
-7497.55
-7498.85
-7500.14
-7501.44
-7502.74
-7504.03
-7505.33
-7506.63
-7507.92
-7509.22
-7510.52
-7511.82
-7513.11
-7514.41
-7515.71
-7517
-7518.3
-7519.6
-7520.89
-7522.19
-7523.49
-7524.78
-7526.08
-7527.38
-7528.68
-7529.97
-7531.27
-7532.57
-7533.86
-7535.16
-7536.46
-7537.76
-7539.05
-7540.35
-7541.65
-7542.95
-7544.24
-7545.54
-7546.84
-7548.14
-7549.43
-7550.73
-7552.03
-7553.33
-7554.62
-7555.92
-7557.22
-7558.52
-7559.81
-7561.11
-7562.41
-7563.71
-7565
-7566.3
-7567.6
-7568.9
-7570.2
-7571.49
-7572.79
-7574.09
-7575.39
-7576.68
-7577.98
-7579.28
-7580.58
-7581.88
-7583.17
-7584.47
-7585.77
-7587.07
-7588.37
-7589.66
-7590.96
-7592.26
-7593.56
-7594.86
-7596.16
-7597.45
-7598.75
-7600.05
-7601.35
-7602.65
-7603.94
-7605.24
-7606.54
-7607.84
-7609.14
-7610.44
-7611.73
-7613.03
-7614.33
-7615.63
-7616.93
-7618.23
-7619.53
-7620.82
-7622.12
-7623.42
-7624.72
-7626.02
-7627.32
-7628.61
-7629.91
-7631.21
-7632.51
-7633.81
-7635.11
-7636.41
-7637.7
-7639
-7640.3
-7641.6
-7642.89
