6.01815
5.56637
5.1145
4.66255
4.21051
3.75839
3.30619
2.85391
2.40153
1.94908
1.49654
1.04392
0.591213
0.138423
-0.314451
-0.767408
-1.22045
-1.67358
-2.12678
-2.58008
-3.03345
-3.48692
-3.94046
-4.39409
-4.8478
-5.3016
-5.75548
-6.20944
-6.66349
-7.11762
-7.57184
-8.02614
-8.48052
-8.93499
-9.38954
-9.84417
-10.2989
-10.7537
-11.2086
-11.6636
-12.1186
-12.5737
-13.029
-13.4843
-13.9397
-14.3951
-14.8507
-15.3063
-15.7621
-16.2179
-16.6738
-17.1297
-17.5858
-18.0419
-18.4982
-18.9545
-19.4109
-19.8674
-20.3239
-20.7806
-21.2373
-21.6941
-22.151
-22.608
-23.0651
-23.5222
-23.9794
-24.4368
-24.8942
-25.3517
-25.8092
-26.2669
-26.7246
-27.1824
-27.6403
-28.0983
-28.5564
-29.0146
-29.4728
-29.9311
-30.3895
-30.848
-31.3066
-31.7653
-32.224
-32.6828
-33.1417
-33.6007
-34.0598
-34.519
-34.9782
-35.4376
-35.897
-36.3565
-36.8161
-37.2757
-37.7355
-38.1953
-38.6552
-39.1152
-39.5753
-40.0355
-40.4957
-40.9561
-41.4165
-41.877
-42.3376
-42.7983
-43.259
-43.7199
-44.1808
-44.6418
-45.1029
-45.564
-46.0253
-46.4866
-46.9481
-47.4096
-47.8712
-48.3329
-48.7946
-49.2565
-49.7184
-50.1804
-50.6425
-51.1047
-51.567
-52.0293
-52.4917
-52.9543
-53.4169
-53.8795
-54.3423
-54.8052
-55.2681
-55.7311
-56.1942
-56.6574
-57.1207
-57.584
-58.0475
-58.511
-58.9746
-59.4383
-59.9021
-60.3659
-60.8299
-61.2939
-61.758
-62.2222
-62.6865
-63.1508
-63.6153
-64.0798
-64.5444
-65.0091
-65.4739
-65.9388
-66.4037
-66.8687
-67.3338
-67.799
-68.2643
-68.7297
-69.1951
-69.6607
-70.1263
-70.592
-71.0578
-71.5237
-71.9896
-72.4556
-72.9218
-73.388
-73.8543
-74.3206
-74.7871
-75.2536
-75.7203
-76.187
-76.6538
-77.1206
-77.5876
-78.0546
-78.5218
-78.989
-79.4563
-79.9236
-80.3911
-80.8587
-81.3263
-81.794
-82.2618
-82.7297
-83.1976
-83.6657
-84.1338
-84.602
-85.0703
-85.5387
-86.0072
-86.4757
-86.9444
-87.4131
-87.8819
-88.3508
-88.8198
-89.2888
-89.758
-90.2272
-90.6965
-91.1659
-91.6353
-92.1049
-92.5745
-93.0443
-93.5141
-93.984
-94.454
-94.924
-95.3942
-95.8644
-96.3347
-96.8051
-97.2756
-97.7461
-98.2168
-98.6875
-99.1583
-99.6292
-100.1
-100.571
-101.042
-101.514
-101.985
-102.456
-102.928
-103.399
-103.871
-104.343
-104.815
-105.287
-105.759
-106.231
-106.703
-107.175
-107.647
-108.12
-108.592
-109.065
-109.537
-110.01
-110.483
-110.956
-111.429
-111.902
-112.375
-112.848
-113.322
-113.795
-114.269
-114.742
-115.216
-115.69
-116.163
-116.637
-117.111
-117.585
-118.06
-118.534
-119.008
-119.483
-119.957
-120.432
-120.906
-121.381
-121.856
-122.331
-122.806
-123.281
-123.756
-124.231
-124.707
-125.182
-125.658
-126.133
-126.609
-127.085
-127.561
-128.037
-128.513
-128.989
-129.465
-129.941
-130.417
-130.894
-131.37
-131.847
-132.324
-132.8
-133.277
-133.754
-134.231
-134.708
-135.185
-135.663
-136.14
-136.618
-137.095
-137.573
-138.05
-138.528
-139.006
-139.484
-139.962
-140.44
-140.918
-141.396
-141.875
-142.353
-142.832
-143.31
-143.789
-144.268
-144.747
-145.226
-145.705
-146.184
-146.663
-147.142
-147.622
-148.101
-148.581
-149.06
-149.54
-150.02
-150.5
-150.98
-151.46
-151.94
-152.42
-152.9
-153.381
-153.861
-154.341
-154.822
-155.303
-155.784
-156.264
-156.745
-157.226
-157.708
-158.189
-158.67
-159.151
-159.633
-160.114
-160.596
-161.078
-161.56
-162.041
-162.523
-163.005
-163.488
-163.97
-164.452
-164.934
-165.417
-165.899
-166.382
-166.865
-167.348
-167.83
-168.313
-168.796
-169.28
-169.763
-170.246
-170.73
-171.213
-171.697
-172.18
-172.664
-173.148
-173.632
-174.116
-174.6
-175.084
-175.568
-176.052
-176.537
-177.021
-177.506
-177.99
-178.475
-178.96
-179.445
-179.93
-180.415
-180.9
-181.385
-181.87
-182.356
-182.841
-183.327
-183.813
-184.298
-184.784
-185.27
-185.756
-186.242
-186.728
-187.214
-187.701
-188.187
-188.674
-189.16
-189.647
-190.134
-190.62
-191.107
-191.594
-192.081
-192.568
-193.056
-193.543
-194.03
-194.518
-195.005
-195.493
-195.981
-196.469
-196.957
-197.445
-197.933
-198.421
-198.909
-199.397
-199.886
-200.374
-200.863
-201.352
-201.84
-202.329
-202.818
-203.307
-203.796
-204.285
-204.774
-205.264
-205.753
-206.243
-206.732
-207.222
-207.712
-208.202
-208.691
-209.181
-209.672
-210.162
-210.652
-211.142
-211.633
-212.123
-212.614
-213.104
-213.595
-214.086
-214.577
-215.068
-215.559
-216.05
-216.542
-217.033
-217.524
-218.016
-218.507
-218.999
-219.491
-219.983
-220.475
-220.967
-221.459
-221.951
-222.443
-222.935
-223.428
-223.92
-224.413
-224.906
-225.398
-225.891
-226.384
-226.877
-227.37
-227.863
-228.357
-228.85
-229.344
-229.837
-230.331
-230.824
-231.318
-231.812
-232.306
-232.8
-233.294
-233.788
-234.282
-234.777
-235.271
-235.766
-236.26
-236.755
-237.25
-237.745
-238.24
-238.735
-239.23
-239.725
-240.22
-240.716
-241.211
-241.707
-242.202
-242.698
-243.194
-243.69
-244.185
-244.681
-245.178
-245.674
-246.17
-246.666
-247.163
-247.659
-248.156
-248.653
-249.15
-249.646
-250.143
-250.64
-251.137
-251.635
-252.132
-252.629
-253.127
-253.624
-254.122
-254.62
-255.117
-255.615
-256.113
-256.611
-257.109
-257.608
-258.106
-258.604
-259.103
-259.601
-260.1
-260.599
-261.097
-261.596
-262.095
-262.594
-263.093
-263.593
-264.092
-264.591
-265.091
-265.59
-266.09
-266.59
-267.089
-267.589
-268.089
-268.589
-269.089
-269.59
-270.09
-270.59
-271.091
-271.591
-272.092
-272.593
-273.094
-273.594
-274.095
-274.596
-275.098
-275.599
-276.1
-276.601
-277.103
-277.604
-278.106
-278.608
-279.11
-279.612
-280.114
-280.616
-281.118
-281.62
-282.122
-282.625
-283.127
-283.63
-284.132
-284.635
-285.138
-285.641
-286.144
-286.647
-287.15
-287.653
-288.156
-288.66
-289.163
-289.667
-290.171
-290.674
-291.178
-291.682
-292.186
-292.69
-293.194
-293.698
-294.203
-294.707
-295.212
-295.716
-296.221
-296.726
-297.23
-297.735
-298.24
-298.745
-299.25
-299.756
-300.261
-300.766
-301.272
-301.777
-302.283
-302.789
-303.295
-303.801
-304.307
-304.813
-305.319
-305.825
-306.331
-306.838
-307.344
-307.851
-308.358
-308.864
-309.371
-309.878
-310.385
-310.892
-311.399
-311.906
-312.414
-312.921
-313.429
-313.936
-314.444
-314.952
-315.46
-315.967
-316.475
-316.984
-317.492
-318
-318.508
-319.017
-319.525
-320.034
-320.542
-321.051
-321.56
-322.069
-322.578
-323.087
-323.596
-324.105
-324.615
-325.124
-325.634
-326.143
-326.653
-327.163
-327.673
-328.183
-328.693
-329.203
-329.713
-330.223
-330.733
-331.244
-331.754
-332.265
-332.776
-333.286
-333.797
-334.308
-334.819
-335.33
-335.841
-336.353
-336.864
-337.375
-337.887
-338.399
-338.91
-339.422
-339.934
-340.446
-340.958
-341.47
-341.982
-342.494
-343.007
-343.519
-344.032
-344.544
-345.057
-345.57
-346.083
-346.595
-347.108
-347.622
-348.135
-348.648
-349.161
-349.675
-350.188
-350.702
-351.216
-351.729
-352.243
-352.757
-353.271
-353.785
-354.3
-354.814
-355.328
-355.843
-356.357
-356.872
-357.386
-357.901
-358.416
-358.931
-359.446
-359.961
-360.476
-360.992
-361.507
-362.022
-362.538
-363.054
-363.569
-364.085
-364.601
-365.117
-365.633
-366.149
-366.665
-367.181
-367.698
-368.214
-368.731
-369.247
-369.764
-370.281
-370.798
-371.315
-371.832
-372.349
-372.866
-373.383
-373.901
-374.418
-374.936
-375.453
-375.971
-376.489
-377.007
-377.525
-378.043
-378.561
-379.079
-379.597
-380.116
-380.634
-381.153
-381.671
-382.19
-382.709
-383.228
-383.747
-384.266
-384.785
-385.304
-385.823
-386.343
-386.862
-387.382
-387.901
-388.421
-388.941
-389.461
-389.981
-390.501
-391.021
-391.541
-392.061
-392.582
-393.102
-393.623
-394.143
-394.664
-395.185
-395.706
-396.227
-396.748
-397.269
-397.79
-398.311
-398.833
-399.354
-399.876
-400.398
-400.919
-401.441
-401.963
-402.485
-403.007
-403.529
-404.051
-404.574
-405.096
-405.618
-406.141
-406.664
-407.186
-407.709
-408.232
-408.755
-409.278
-409.801
-410.324
-410.848
-411.371
-411.895
-412.418
-412.942
-413.466
-413.989
-414.513
-415.037
-415.561
-416.085
-416.61
-417.134
-417.658
-418.183
-418.707
-419.232
-419.757
-420.282
-420.807
-421.331
-421.857
-422.382
-422.907
-423.432
-423.958
-424.483
-425.009
-425.534
-426.06
-426.586
-427.112
-427.638
-428.164
-428.69
-429.216
-429.743
-430.269
-430.795
-431.322
-431.849
-432.375
-432.902
-433.429
-433.956
-434.483
-435.01
-435.538
-436.065
-436.592
-437.12
-437.647
-438.175
-438.703
-439.231
-439.758
-440.286
-440.815
-441.343
-441.871
-442.399
-442.928
-443.456
-443.985
-444.513
-445.042
-445.571
-446.1
-446.629
-447.158
-447.687
-448.216
-448.746
-449.275
-449.805
-450.334
-450.864
-451.394
-451.923
-452.453
-452.983
-453.513
-454.044
-454.574
-455.104
-455.635
-456.165
-456.696
-457.226
-457.757
-458.288
-458.819
-459.35
-459.881
-460.412
-460.943
-461.475
-462.006
-462.538
-463.069
-463.601
-464.133
-464.664
-465.196
-465.728
-466.26
-466.793
-467.325
-467.857
-468.39
-468.922
-469.455
-469.987
-470.52
-471.053
-471.586
-472.119
-472.652
-473.185
-473.718
-474.252
-474.785
-475.319
-475.852
-476.386
-476.92
-477.454
-477.988
-478.522
-479.056
-479.59
-480.124
-480.658
-481.193
-481.727
-482.262
-482.797
-483.331
-483.866
-484.401
-484.936
-485.471
-486.006
-486.542
-487.077
-487.612
-488.148
-488.684
-489.219
-489.755
-490.291
-490.827
-491.363
-491.899
-492.435
-492.971
-493.508
-494.044
-494.581
-495.117
-495.654
-496.191
-496.728
-497.265
-497.802
-498.339
-498.876
-499.413
-499.95
-500.488
-501.025
-501.563
-502.101
-502.638
-503.176
-503.714
-504.252
-504.79
-505.329
-505.867
-506.405
-506.944
-507.482
-508.021
-508.559
-509.098
-509.637
-510.176
-510.715
-511.254
-511.793
-512.333
-512.872
-513.411
-513.951
-514.491
-515.03
-515.57
-516.11
-516.65
-517.19
-517.73
-518.27
-518.811
-519.351
-519.891
-520.432
-520.972
-521.513
-522.054
-522.595
-523.136
-523.677
-524.218
-524.759
-525.3
-525.842
-526.383
-526.925
-527.466
-528.008
-528.55
-529.092
-529.634
-530.176
-530.718
-531.26
-531.802
-532.345
-532.887
-533.43
-533.972
-534.515
-535.058
-535.601
-536.144
-536.687
-537.23
-537.773
-538.316
-538.86
-539.403
-539.947
-540.49
-541.034
-541.578
-542.122
-542.666
-543.21
-543.754
-544.298
-544.842
-545.387
-545.931
-546.476
-547.02
-547.565
-548.11
-548.655
-549.199
-549.745
-550.29
-550.835
-551.38
-551.926
-552.471
-553.017
-553.562
-554.108
-554.654
-555.2
-555.746
-556.292
-556.838
-557.384
-557.93
-558.477
-559.023
-559.57
-560.116
-560.663
-561.21
-561.757
-562.304
-562.851
-563.398
-563.945
-564.492
-565.04
-565.587
-566.135
-566.682
-567.23
-567.778
-568.326
-568.874
-569.422
-569.97
-570.518
-571.066
-571.615
-572.163
-572.712
-573.26
-573.809
-574.358
-574.907
-575.456
-576.005
-576.554
-577.103
-577.652
-578.202
-578.751
-579.301
-579.851
-580.4
-580.95
-581.5
-582.05
-582.6
-583.15
-583.7
-584.251
-584.801
-585.351
-585.902
-586.453
-587.003
-587.554
-588.105
-588.656
-589.207
-589.758
-590.31
-590.861
-591.412
-591.964
-592.515
-593.067
-593.619
-594.17
-594.722
-595.274
-595.826
-596.378
-596.931
-597.483
-598.035
-598.588
-599.14
-599.693
-600.246
-600.799
-601.352
-601.905
-602.458
-603.011
-603.564
-604.117
-604.671
-605.224
-605.778
-606.331
-606.885
-607.439
-607.993
-608.547
-609.101
-609.655
-610.209
-610.764
-611.318
-611.872
-612.427
-612.982
-613.536
-614.091
-614.646
-615.201
-615.756
-616.311
-616.867
-617.422
-617.977
-618.533
-619.088
-619.644
-620.2
-620.756
-621.311
-621.867
-622.423
-622.98
-623.536
-624.092
-624.649
-625.205
-625.762
-626.318
-626.875
-627.432
-627.989
-628.546
-629.103
-629.66
-630.217
-630.775
-631.332
-631.889
-632.447
-633.005
-633.562
-634.12
-634.678
-635.236
-635.794
-636.352
-636.911
-637.469
-638.027
-638.586
-639.144
-639.703
-640.262
-640.821
-641.38
-641.938
-642.498
-643.057
-643.616
-644.175
-644.735
-645.294
-645.854
-646.413
-646.973
-647.533
-648.093
-648.653
-649.213
-649.773
-650.333
-650.894
-651.454
-652.015
-652.575
-653.136
-653.697
-654.257
-654.818
-655.379
-655.94
-656.502
-657.063
-657.624
-658.186
-658.747
-659.309
-659.87
-660.432
-660.994
-661.556
-662.118
-662.68
-663.242
-663.804
-664.367
-664.929
-665.492
-666.054
-666.617
-667.18
-667.742
-668.305
-668.868
-669.431
-669.995
-670.558
-671.121
-671.685
-672.248
-672.812
-673.375
-673.939
-674.503
-675.067
-675.631
-676.195
-676.759
-677.323
-677.888
-678.452
-679.017
-679.581
-680.146
-680.711
-681.275
-681.84
-682.405
-682.97
-683.536
-684.101
-684.666
-685.232
-685.797
-686.363
-686.928
-687.494
-688.06
-688.626
-689.192
-689.758
-690.324
-690.89
-691.457
-692.023
-692.59
-693.156
-693.723
-694.29
-694.857
-695.424
-695.991
-696.558
-697.125
-697.692
-698.259
-698.827
-699.394
-699.962
-700.53
-701.097
-701.665
-702.233
-702.801
-703.369
-703.937
-704.506
-705.074
-705.642
-706.211
-706.78
-707.348
-707.917
-708.486
-709.055
-709.624
-710.193
-710.762
-711.331
-711.901
-712.47
-713.04
-713.609
-714.179
-714.749
-715.318
-715.888
-716.458
-717.028
-717.599
-718.169
-718.739
-719.31
-719.88
-720.451
-721.022
-721.592
-722.163
-722.734
-723.305
-723.876
-724.447
-725.019
-725.59
-726.161
-726.733
-727.305
-727.876
-728.448
-729.02
-729.592
-730.164
-730.736
-731.308
-731.88
-732.453
-733.025
-733.598
-734.17
-734.743
-735.316
-735.889
-736.461
-737.034
-737.608
-738.181
-738.754
-739.327
-739.901
-740.474
-741.048
-741.622
-742.195
-742.769
-743.343
-743.917
-744.491
-745.065
-745.64
-746.214
-746.789
-747.363
-747.938
-748.512
-749.087
-749.662
-750.237
-750.812
-751.387
-751.962
-752.537
-753.113
-753.688
-754.264
-754.839
-755.415
-755.991
-756.567
-757.143
-757.719
-758.295
-758.871
-759.447
-760.024
-760.6
-761.177
-761.753
-762.33
-762.907
-763.483
-764.06
-764.637
-765.215
-765.792
-766.369
-766.946
-767.524
-768.101
-768.679
-769.257
-769.834
-770.412
-770.99
-771.568
-772.146
-772.725
-773.303
-773.881
-774.46
-775.038
-775.617
-776.195
-776.774
-777.353
-777.932
-778.511
-779.09
-779.669
-780.249
-780.828
-781.407
-781.987
-782.567
-783.146
-783.726
-784.306
-784.886
-785.466
-786.046
-786.626
-787.206
-787.787
-788.367
-788.948
-789.528
-790.109
-790.69
-791.271
-791.852
-792.433
-793.014
-793.595
-794.176
-794.758
-795.339
-795.921
-796.502
-797.084
-797.666
-798.248
-798.83
-799.412
-799.994
-800.576
-801.158
-801.741
-802.323
-802.906
-803.488
-804.071
-804.654
-805.236
-805.819
-806.402
-806.986
-807.569
-808.152
-808.735
-809.319
-809.902
-810.486
-811.07
-811.653
-812.237
-812.821
-813.405
-813.989
-814.574
-815.158
-815.742
-816.327
-816.911
-817.496
-818.081
-818.665
-819.25
-819.835
-820.42
-821.005
-821.591
-822.176
-822.761
-823.347
-823.932
-824.518
-825.104
-825.689
-826.275
-826.861
-827.447
-828.033
-828.619
-829.206
-829.792
-830.379
-830.965
-831.552
-832.138
-832.725
-833.312
-833.899
-834.486
-835.073
-835.66
-836.248
-836.835
-837.422
-838.01
-838.598
-839.185
-839.773
-840.361
-840.949
-841.537
-842.125
-842.713
-843.302
-843.89
-844.478
-845.067
-845.656
-846.244
-846.833
-847.422
-848.011
-848.6
-849.189
-849.778
-850.368
-850.957
-851.546
-852.136
-852.726
-853.315
-853.905
-854.495
-855.085
-855.675
-856.265
-856.855
-857.446
-858.036
-858.626
-859.217
-859.808
-860.398
-860.989
-861.58
-862.171
-862.762
-863.353
-863.944
-864.535
-865.127
-865.718
-866.31
-866.901
-867.493
-868.085
-868.677
-869.269
-869.861
-870.453
-871.045
-871.637
-872.23
-872.822
-873.415
-874.007
-874.6
-875.193
-875.786
-876.379
-876.972
-877.565
-878.158
-878.751
-879.345
-879.938
-880.532
-881.125
-881.719
-882.313
-882.907
-883.501
-884.095
-884.689
-885.283
-885.877
-886.472
-887.066
-887.661
-888.255
-888.85
-889.445
-890.04
-890.635
-891.23
-891.825
-892.42
-893.015
-893.611
-894.206
-894.802
-895.397
-895.993
-896.589
-897.185
-897.781
-898.377
-898.973
-899.569
-900.165
-900.762
-901.358
-901.955
-902.551
-903.148
-903.745
-904.342
-904.939
-905.536
-906.133
-906.73
-907.328
-907.925
-908.522
-909.12
-909.718
-910.315
-910.913
-911.511
-912.109
-912.707
-913.305
-913.903
-914.502
-915.1
-915.698
-916.297
-916.896
-917.494
-918.093
-918.692
-919.291
-919.89
-920.489
-921.088
-921.688
-922.287
-922.886
-923.486
-924.086
-924.685
-925.285
-925.885
-926.485
-927.085
-927.685
-928.285
-928.886
-929.486
-930.086
-930.687
-931.288
-931.888
-932.489
-933.09
-933.691
-934.292
-934.893
-935.494
-936.096
-936.697
-937.299
-937.9
-938.502
-939.103
-939.705
-940.307
-940.909
-941.511
-942.113
-942.715
-943.318
-943.92
-944.523
-945.125
-945.728
-946.33
-946.933
-947.536
-948.139
-948.742
-949.345
-949.949
-950.552
-951.155
-951.759
-952.362
-952.966
-953.57
-954.173
-954.777
-955.381
-955.985
-956.589
-957.194
-957.798
-958.402
-959.007
-959.611
-960.216
-960.821
-961.425
-962.03
-962.635
-963.24
-963.845
-964.451
-965.056
-965.661
-966.267
-966.872
-967.478
-968.084
-968.689
-969.295
-969.901
-970.507
-971.114
-971.72
-972.326
-972.932
-973.539
-974.145
-974.752
-975.359
-975.966
-976.572
-977.179
-977.786
-978.394
-979.001
-979.608
-980.215
-980.823
-981.431
-982.038
-982.646
-983.254
-983.862
-984.47
-985.078
-985.686
-986.294
-986.902
-987.511
-988.119
-988.728
-989.336
-989.945
-990.554
-991.163
-991.772
-992.381
-992.99
-993.599
-994.208
-994.818
-995.427
-996.037
-996.646
-997.256
-997.866
-998.476
-999.086
-999.696
-1000.31
-1000.92
-1001.53
-1002.14
-1002.75
-1003.36
-1003.97
-1004.58
-1005.19
-1005.8
-1006.41
-1007.02
-1007.63
-1008.25
-1008.86
-1009.47
-1010.08
-1010.69
-1011.3
-1011.91
-1012.53
-1013.14
-1013.75
-1014.36
-1014.97
-1015.59
-1016.2
-1016.81
-1017.42
-1018.04
-1018.65
-1019.26
-1019.87
-1020.49
-1021.1
-1021.71
-1022.33
-1022.94
-1023.55
-1024.17
-1024.78
-1025.39
-1026.01
-1026.62
-1027.23
-1027.85
-1028.46
-1029.08
-1029.69
-1030.3
-1030.92
-1031.53
-1032.15
-1032.76
-1033.38
-1033.99
-1034.61
-1035.22
-1035.84
-1036.45
-1037.07
-1037.68
-1038.3
-1038.91
-1039.53
-1040.14
-1040.76
-1041.37
-1041.99
-1042.61
-1043.22
-1043.84
-1044.45
-1045.07
-1045.69
-1046.3
-1046.92
-1047.54
-1048.15
-1048.77
-1049.39
-1050
-1050.62
-1051.24
-1051.85
-1052.47
-1053.09
-1053.71
-1054.32
-1054.94
-1055.56
-1056.18
-1056.79
-1057.41
-1058.03
-1058.65
-1059.27
-1059.88
-1060.5
-1061.12
-1061.74
-1062.36
-1062.98
-1063.6
-1064.21
-1064.83
-1065.45
-1066.07
-1066.69
-1067.31
-1067.93
-1068.55
-1069.17
-1069.79
-1070.41
-1071.03
-1071.65
-1072.27
-1072.89
-1073.51
-1074.13
-1074.75
-1075.37
-1075.99
-1076.61
-1077.23
-1077.85
-1078.47
-1079.09
-1079.71
-1080.33
-1080.95
-1081.57
-1082.2
-1082.82
-1083.44
-1084.06
-1084.68
-1085.3
-1085.93
-1086.55
-1087.17
-1087.79
-1088.41
-1089.04
-1089.66
-1090.28
-1090.9
-1091.52
-1092.15
-1092.77
-1093.39
-1094.02
-1094.64
-1095.26
-1095.88
-1096.51
-1097.13
-1097.75
-1098.38
-1099
-1099.62
-1100.25
-1100.87
-1101.5
-1102.12
-1102.74
-1103.37
-1103.99
-1104.62
-1105.24
-1105.86
-1106.49
-1107.11
-1107.74
-1108.36
-1108.99
-1109.61
-1110.24
-1110.86
-1111.49
-1112.11
-1112.74
-1113.36
-1113.99
-1114.61
-1115.24
-1115.87
-1116.49
-1117.12
-1117.74
-1118.37
-1119
-1119.62
-1120.25
-1120.87
-1121.5
-1122.13
-1122.75
-1123.38
-1124.01
-1124.63
-1125.26
-1125.89
-1126.52
-1127.14
-1127.77
-1128.4
-1129.02
-1129.65
-1130.28
-1130.91
-1131.54
-1132.16
-1132.79
-1133.42
-1134.05
-1134.68
-1135.3
-1135.93
-1136.56
-1137.19
-1137.82
-1138.45
-1139.08
-1139.7
-1140.33
-1140.96
-1141.59
-1142.22
-1142.85
-1143.48
-1144.11
-1144.74
-1145.37
-1146
-1146.63
-1147.26
-1147.89
-1148.52
-1149.15
-1149.78
-1150.41
-1151.04
-1151.67
-1152.3
-1152.93
-1153.56
-1154.19
-1154.82
-1155.45
-1156.08
-1156.72
-1157.35
-1157.98
-1158.61
-1159.24
-1159.87
-1160.5
-1161.14
-1161.77
-1162.4
-1163.03
-1163.66
-1164.3
-1164.93
-1165.56
-1166.19
-1166.83
-1167.46
-1168.09
-1168.72
-1169.36
-1169.99
-1170.62
-1171.25
-1171.89
-1172.52
-1173.15
-1173.79
-1174.42
-1175.05
-1175.69
-1176.32
-1176.96
-1177.59
-1178.22
-1178.86
-1179.49
-1180.13
-1180.76
-1181.39
-1182.03
-1182.66
-1183.3
-1183.93
-1184.57
-1185.2
-1185.84
-1186.47
-1187.11
-1187.74
-1188.38
-1189.01
-1189.65
-1190.28
-1190.92
-1191.56
-1192.19
-1192.83
-1193.46
-1194.1
-1194.74
-1195.37
-1196.01
-1196.64
-1197.28
-1197.92
-1198.55
-1199.19
-1199.83
-1200.46
-1201.1
-1201.74
-1202.38
-1203.01
-1203.65
-1204.29
-1204.93
-1205.56
-1206.2
-1206.84
-1207.48
-1208.11
-1208.75
-1209.39
-1210.03
-1210.67
-1211.3
-1211.94
-1212.58
-1213.22
-1213.86
-1214.5
-1215.14
-1215.77
-1216.41
-1217.05
-1217.69
-1218.33
-1218.97
-1219.61
-1220.25
-1220.89
-1221.53
-1222.17
-1222.81
-1223.45
-1224.09
-1224.73
-1225.37
-1226.01
-1226.65
-1227.29
-1227.93
-1228.57
-1229.21
-1229.85
-1230.49
-1231.13
-1231.77
-1232.41
-1233.06
-1233.7
-1234.34
-1234.98
-1235.62
-1236.26
-1236.9
-1237.55
-1238.19
-1238.83
-1239.47
-1240.11
-1240.76
-1241.4
-1242.04
-1242.68
-1243.33
-1243.97
-1244.61
-1245.25
-1245.9
-1246.54
-1247.18
-1247.82
-1248.47
-1249.11
-1249.75
-1250.4
-1251.04
-1251.68
-1252.33
-1252.97
-1253.62
-1254.26
-1254.9
-1255.55
-1256.19
-1256.84
-1257.48
-1258.12
-1258.77
-1259.41
-1260.06
-1260.7
-1261.35
-1261.99
-1262.64
-1263.28
-1263.93
-1264.57
-1265.22
-1265.86
-1266.51
-1267.15
-1267.8
-1268.45
-1269.09
-1269.74
-1270.38
-1271.03
-1271.68
-1272.32
-1272.97
-1273.61
-1274.26
-1274.91
-1275.55
-1276.2
-1276.85
-1277.49
-1278.14
-1278.79
-1279.44
-1280.08
-1280.73
-1281.38
-1282.03
-1282.67
-1283.32
-1283.97
-1284.62
-1285.26
-1285.91
-1286.56
-1287.21
-1287.86
-1288.5
-1289.15
-1289.8
-1290.45
-1291.1
-1291.75
-1292.4
-1293.04
-1293.69
-1294.34
-1294.99
-1295.64
-1296.29
-1296.94
-1297.59
-1298.24
-1298.89
-1299.54
-1300.19
-1300.84
-1301.49
-1302.14
-1302.79
-1303.44
-1304.09
-1304.74
-1305.39
-1306.04
-1306.69
-1307.34
-1307.99
-1308.64
-1309.29
-1309.94
-1310.6
-1311.25
-1311.9
-1312.55
-1313.2
-1313.85
-1314.5
-1315.16
-1315.81
-1316.46
-1317.11
-1317.76
-1318.42
-1319.07
-1319.72
-1320.37
-1321.02
-1321.68
-1322.33
-1322.98
-1323.64
-1324.29
-1324.94
-1325.59
-1326.25
-1326.9
-1327.55
-1328.21
-1328.86
-1329.51
-1330.17
-1330.82
-1331.48
-1332.13
-1332.78
-1333.44
-1334.09
-1334.75
-1335.4
-1336.05
-1336.71
-1337.36
-1338.02
-1338.67
-1339.33
-1339.98
-1340.64
-1341.29
-1341.95
-1342.6
-1343.26
-1343.91
-1344.57
-1345.22
-1345.88
-1346.54
-1347.19
-1347.85
-1348.5
-1349.16
-1349.82
-1350.47
-1351.13
-1351.78
-1352.44
-1353.1
-1353.75
-1354.41
-1355.07
-1355.72
-1356.38
-1357.04
-1357.69
-1358.35
-1359.01
-1359.67
-1360.32
-1360.98
-1361.64
-1362.3
-1362.95
-1363.61
-1364.27
-1364.93
-1365.59
-1366.24
-1366.9
-1367.56
-1368.22
-1368.88
-1369.54
-1370.2
-1370.85
-1371.51
-1372.17
-1372.83
-1373.49
-1374.15
-1374.81
-1375.47
-1376.13
-1376.79
-1377.45
-1378.11
-1378.77
-1379.43
-1380.09
-1380.75
-1381.41
-1382.07
-1382.73
-1383.39
-1384.05
-1384.71
-1385.37
-1386.03
-1386.69
-1387.35
-1388.01
-1388.67
-1389.33
-1390
-1390.66
-1391.32
-1391.98
-1392.64
-1393.3
-1393.96
-1394.63
-1395.29
-1395.95
-1396.61
-1397.27
-1397.94
-1398.6
-1399.26
-1399.92
-1400.59
-1401.25
-1401.91
-1402.57
-1403.24
-1403.9
-1404.56
-1405.23
-1405.89
-1406.55
-1407.22
-1407.88
-1408.54
-1409.21
-1409.87
-1410.53
-1411.2
-1411.86
-1412.53
-1413.19
-1413.85
-1414.52
-1415.18
-1415.85
-1416.51
-1417.18
-1417.84
-1418.51
-1419.17
-1419.84
-1420.5
-1421.17
-1421.83
-1422.5
-1423.16
-1423.83
-1424.49
-1425.16
-1425.82
-1426.49
-1427.16
-1427.82
-1428.49
-1429.15
-1429.82
-1430.49
-1431.15
-1431.82
-1432.48
-1433.15
-1433.82
-1434.48
-1435.15
-1435.82
-1436.49
-1437.15
-1437.82
-1438.49
-1439.15
-1439.82
-1440.49
-1441.16
-1441.82
-1442.49
-1443.16
-1443.83
-1444.5
-1445.16
-1445.83
-1446.5
-1447.17
-1447.84
-1448.51
-1449.17
-1449.84
-1450.51
-1451.18
-1451.85
-1452.52
-1453.19
-1453.86
-1454.53
-1455.2
-1455.87
-1456.54
-1457.2
-1457.87
-1458.54
-1459.21
-1459.88
-1460.55
-1461.22
-1461.89
-1462.56
-1463.23
-1463.91
-1464.58
-1465.25
-1465.92
-1466.59
-1467.26
-1467.93
-1468.6
-1469.27
-1469.94
-1470.61
-1471.29
-1471.96
-1472.63
-1473.3
-1473.97
-1474.64
-1475.32
-1475.99
-1476.66
-1477.33
-1478
-1478.68
-1479.35
-1480.02
-1480.69
-1481.37
-1482.04
-1482.71
-1483.38
-1484.06
-1484.73
-1485.4
-1486.08
-1486.75
-1487.42
-1488.1
-1488.77
-1489.44
-1490.12
-1490.79
-1491.46
-1492.14
-1492.81
-1493.49
-1494.16
-1494.84
-1495.51
-1496.18
-1496.86
-1497.53
-1498.21
-1498.88
-1499.56
-1500.23
-1500.91
-1501.58
-1502.26
-1502.93
-1503.61
-1504.28
-1504.96
-1505.63
-1506.31
-1506.99
-1507.66
-1508.34
-1509.01
-1509.69
-1510.37
-1511.04
-1511.72
-1512.4
-1513.07
-1513.75
-1514.43
-1515.1
-1515.78
-1516.46
-1517.13
-1517.81
-1518.49
-1519.16
-1519.84
-1520.52
-1521.2
-1521.87
-1522.55
-1523.23
-1523.91
-1524.59
-1525.26
-1525.94
-1526.62
-1527.3
-1527.98
-1528.65
-1529.33
-1530.01
-1530.69
-1531.37
-1532.05
-1532.73
-1533.41
-1534.09
-1534.76
-1535.44
-1536.12
-1536.8
-1537.48
-1538.16
-1538.84
-1539.52
-1540.2
-1540.88
-1541.56
-1542.24
-1542.92
-1543.6
-1544.28
-1544.96
-1545.64
-1546.32
-1547
-1547.68
-1548.37
-1549.05
-1549.73
-1550.41
-1551.09
-1551.77
-1552.45
-1553.13
-1553.81
-1554.5
-1555.18
-1555.86
-1556.54
-1557.22
-1557.91
-1558.59
-1559.27
-1559.95
-1560.63
-1561.32
-1562
-1562.68
-1563.36
-1564.05
-1564.73
-1565.41
-1566.1
-1566.78
-1567.46
-1568.15
-1568.83
-1569.51
-1570.2
-1570.88
-1571.56
-1572.25
-1572.93
-1573.61
-1574.3
-1574.98
-1575.67
-1576.35
-1577.04
-1577.72
-1578.4
-1579.09
-1579.77
-1580.46
-1581.14
-1581.83
-1582.51
-1583.2
-1583.88
-1584.57
-1585.25
-1585.94
-1586.63
-1587.31
-1588
-1588.68
-1589.37
-1590.05
-1590.74
-1591.43
-1592.11
-1592.8
-1593.48
-1594.17
-1594.86
-1595.54
-1596.23
-1596.92
-1597.6
-1598.29
-1598.98
-1599.67
-1600.35
-1601.04
-1601.73
-1602.41
-1603.1
-1603.79
-1604.48
-1605.17
-1605.85
-1606.54
-1607.23
-1607.92
-1608.61
-1609.29
-1609.98
-1610.67
-1611.36
-1612.05
-1612.74
-1613.42
-1614.11
-1614.8
-1615.49
-1616.18
-1616.87
-1617.56
-1618.25
-1618.94
-1619.63
-1620.32
-1621.01
-1621.7
-1622.39
-1623.08
-1623.77
-1624.46
-1625.15
-1625.84
-1626.53
-1627.22
-1627.91
-1628.6
-1629.29
-1629.98
-1630.67
-1631.36
-1632.05
-1632.74
-1633.43
-1634.13
-1634.82
-1635.51
-1636.2
-1636.89
-1637.58
-1638.28
-1638.97
-1639.66
-1640.35
-1641.04
-1641.74
-1642.43
-1643.12
-1643.81
-1644.5
-1645.2
-1645.89
-1646.58
-1647.28
-1647.97
-1648.66
-1649.35
-1650.05
-1650.74
-1651.43
-1652.13
-1652.82
-1653.52
-1654.21
-1654.9
-1655.6
-1656.29
-1656.98
-1657.68
-1658.37
-1659.07
-1659.76
-1660.46
-1661.15
-1661.84
-1662.54
-1663.23
-1663.93
-1664.62
-1665.32
-1666.01
-1666.71
-1667.4
-1668.1
-1668.79
-1669.49
-1670.19
-1670.88
-1671.58
-1672.27
-1672.97
-1673.67
-1674.36
-1675.06
-1675.75
-1676.45
-1677.15
-1677.84
-1678.54
-1679.24
-1679.93
-1680.63
-1681.33
-1682.02
-1682.72
-1683.42
-1684.12
-1684.81
-1685.51
-1686.21
-1686.9
-1687.6
-1688.3
-1689
-1689.7
-1690.39
-1691.09
-1691.79
-1692.49
-1693.19
-1693.89
-1694.58
-1695.28
-1695.98
-1696.68
-1697.38
-1698.08
-1698.78
-1699.48
-1700.17
-1700.87
-1701.57
-1702.27
-1702.97
-1703.67
-1704.37
-1705.07
-1705.77
-1706.47
-1707.17
-1707.87
-1708.57
-1709.27
-1709.97
-1710.67
-1711.37
-1712.07
-1712.77
-1713.47
-1714.18
-1714.88
-1715.58
-1716.28
-1716.98
-1717.68
-1718.38
-1719.08
-1719.79
-1720.49
-1721.19
-1721.89
-1722.59
-1723.29
-1724
-1724.7
-1725.4
-1726.1
-1726.8
-1727.51
-1728.21
-1728.91
-1729.61
-1730.32
-1731.02
-1731.72
-1732.43
-1733.13
-1733.83
-1734.54
-1735.24
-1735.94
-1736.65
-1737.35
-1738.05
-1738.76
-1739.46
-1740.16
-1740.87
-1741.57
-1742.28
-1742.98
-1743.69
-1744.39
-1745.09
-1745.8
-1746.5
-1747.21
-1747.91
-1748.62
-1749.32
-1750.03
-1750.73
-1751.44
-1752.14
-1752.85
-1753.56
-1754.26
-1754.97
-1755.67
-1756.38
-1757.08
-1757.79
-1758.5
-1759.2
-1759.91
-1760.61
-1761.32
-1762.03
-1762.73
-1763.44
-1764.15
-1764.85
-1765.56
-1766.27
-1766.98
-1767.68
-1768.39
-1769.1
-1769.8
-1770.51
-1771.22
-1771.93
-1772.63
-1773.34
-1774.05
-1774.76
-1775.47
-1776.17
-1776.88
-1777.59
-1778.3
-1779.01
-1779.72
-1780.43
-1781.13
-1781.84
-1782.55
-1783.26
-1783.97
-1784.68
-1785.39
-1786.1
-1786.81
-1787.52
-1788.23
-1788.94
-1789.65
-1790.36
-1791.07
-1791.78
-1792.49
-1793.2
-1793.91
-1794.62
-1795.33
-1796.04
-1796.75
-1797.46
-1798.17
-1798.88
-1799.59
-1800.3
-1801.01
-1801.72
-1802.44
-1803.15
-1803.86
-1804.57
-1805.28
-1805.99
-1806.7
-1807.42
-1808.13
-1808.84
-1809.55
-1810.26
-1810.98
-1811.69
-1812.4
-1813.11
-1813.83
-1814.54
-1815.25
-1815.97
-1816.68
-1817.39
-1818.1
-1818.82
-1819.53
-1820.24
-1820.96
-1821.67
-1822.38
-1823.1
-1823.81
-1824.53
-1825.24
-1825.95
-1826.67
-1827.38
-1828.1
-1828.81
-1829.52
-1830.24
-1830.95
-1831.67
-1832.38
-1833.1
-1833.81
-1834.53
-1835.24
-1835.96
-1836.67
-1837.39
-1838.1
-1838.82
-1839.54
-1840.25
-1840.97
-1841.68
-1842.4
-1843.11
-1843.83
-1844.55
-1845.26
-1845.98
-1846.7
-1847.41
-1848.13
-1848.85
-1849.56
-1850.28
-1851
-1851.71
-1852.43
-1853.15
-1853.86
-1854.58
-1855.3
-1856.02
-1856.73
-1857.45
-1858.17
-1858.89
-1859.61
-1860.32
-1861.04
-1861.76
-1862.48
-1863.2
-1863.91
-1864.63
-1865.35
-1866.07
-1866.79
-1867.51
-1868.23
-1868.95
-1869.67
-1870.38
-1871.1
-1871.82
-1872.54
-1873.26
-1873.98
-1874.7
-1875.42
-1876.14
-1876.86
-1877.58
-1878.3
-1879.02
-1879.74
-1880.46
-1881.18
-1881.9
-1882.62
-1883.34
-1884.06
-1884.79
-1885.51
-1886.23
-1886.95
-1887.67
-1888.39
-1889.11
-1889.83
-1890.55
-1891.28
-1892
-1892.72
-1893.44
-1894.16
-1894.89
-1895.61
-1896.33
-1897.05
-1897.77
-1898.5
-1899.22
-1899.94
-1900.66
-1901.39
-1902.11
-1902.83
-1903.56
-1904.28
-1905
-1905.73
-1906.45
-1907.17
-1907.9
-1908.62
-1909.34
-1910.07
-1910.79
-1911.51
-1912.24
-1912.96
-1913.69
-1914.41
-1915.14
-1915.86
-1916.58
-1917.31
-1918.03
-1918.76
-1919.48
-1920.21
-1920.93
-1921.66
-1922.38
-1923.11
-1923.83
-1924.56
-1925.29
-1926.01
-1926.74
-1927.46
-1928.19
-1928.91
-1929.64
-1930.37
-1931.09
-1931.82
-1932.54
-1933.27
-1934
-1934.72
-1935.45
-1936.18
-1936.9
-1937.63
-1938.36
-1939.09
-1939.81
-1940.54
-1941.27
-1941.99
-1942.72
-1943.45
-1944.18
-1944.91
-1945.63
-1946.36
-1947.09
-1947.82
-1948.55
-1949.27
-1950
-1950.73
-1951.46
-1952.19
-1952.92
-1953.64
-1954.37
-1955.1
-1955.83
-1956.56
-1957.29
-1958.02
-1958.75
-1959.48
-1960.21
-1960.94
-1961.67
-1962.4
-1963.13
-1963.86
-1964.59
-1965.32
-1966.05
-1966.78
-1967.51
-1968.24
-1968.97
-1969.7
-1970.43
-1971.16
-1971.89
-1972.62
-1973.35
-1974.08
-1974.82
-1975.55
-1976.28
-1977.01
-1977.74
-1978.47
-1979.2
-1979.94
-1980.67
-1981.4
-1982.13
-1982.86
-1983.6
-1984.33
-1985.06
-1985.79
-1986.53
-1987.26
-1987.99
-1988.72
-1989.46
-1990.19
-1990.92
-1991.66
-1992.39
-1993.12
-1993.86
-1994.59
-1995.32
-1996.06
-1996.79
-1997.52
-1998.26
-1998.99
-1999.73
-2000.46
-2001.19
-2001.93
-2002.66
-2003.4
-2004.13
-2004.87
-2005.6
-2006.34
-2007.07
-2007.81
-2008.54
-2009.28
-2010.01
-2010.75
-2011.48
-2012.22
-2012.95
-2013.69
-2014.42
-2015.16
-2015.9
-2016.63
-2017.37
-2018.1
-2018.84
-2019.58
-2020.31
-2021.05
-2021.78
-2022.52
-2023.26
-2024
-2024.73
-2025.47
-2026.21
-2026.94
-2027.68
-2028.42
-2029.15
-2029.89
-2030.63
-2031.37
-2032.11
-2032.84
-2033.58
-2034.32
-2035.06
-2035.79
-2036.53
-2037.27
-2038.01
-2038.75
-2039.49
-2040.23
-2040.96
-2041.7
-2042.44
-2043.18
-2043.92
-2044.66
-2045.4
-2046.14
-2046.88
-2047.62
-2048.36
-2049.1
-2049.83
-2050.57
-2051.31
-2052.05
-2052.79
-2053.53
-2054.27
-2055.02
-2055.76
-2056.5
-2057.24
-2057.98
-2058.72
-2059.46
-2060.2
-2060.94
-2061.68
-2062.42
-2063.16
-2063.91
-2064.65
-2065.39
-2066.13
-2066.87
-2067.61
-2068.35
-2069.1
-2069.84
-2070.58
-2071.32
-2072.07
-2072.81
-2073.55
-2074.29
-2075.03
-2075.78
-2076.52
-2077.26
-2078.01
-2078.75
-2079.49
-2080.23
-2080.98
-2081.72
-2082.46
-2083.21
-2083.95
-2084.7
-2085.44
-2086.18
-2086.93
-2087.67
-2088.41
-2089.16
-2089.9
-2090.65
-2091.39
-2092.14
-2092.88
-2093.63
-2094.37
-2095.12
-2095.86
-2096.61
-2097.35
-2098.1
-2098.84
-2099.59
-2100.33
-2101.08
-2101.82
-2102.57
-2103.31
-2104.06
-2104.81
-2105.55
-2106.3
-2107.04
-2107.79
-2108.54
-2109.28
-2110.03
-2110.78
-2111.52
-2112.27
-2113.02
-2113.76
-2114.51
-2115.26
-2116
-2116.75
-2117.5
-2118.25
-2118.99
-2119.74
-2120.49
-2121.24
-2121.98
-2122.73
-2123.48
-2124.23
-2124.98
-2125.72
-2126.47
-2127.22
-2127.97
-2128.72
-2129.47
-2130.22
-2130.96
-2131.71
-2132.46
-2133.21
-2133.96
-2134.71
-2135.46
-2136.21
-2136.96
-2137.71
-2138.46
-2139.21
-2139.96
-2140.71
-2141.46
-2142.21
-2142.96
-2143.71
-2144.46
-2145.21
-2145.96
-2146.71
-2147.46
-2148.21
-2148.96
-2149.71
-2150.46
-2151.21
-2151.97
-2152.72
-2153.47
-2154.22
-2154.97
-2155.72
-2156.47
-2157.23
-2157.98
-2158.73
-2159.48
-2160.23
-2160.99
-2161.74
-2162.49
-2163.24
-2164
-2164.75
-2165.5
-2166.25
-2167.01
-2167.76
-2168.51
-2169.27
-2170.02
-2170.77
-2171.52
-2172.28
-2173.03
-2173.79
-2174.54
-2175.29
-2176.05
-2176.8
-2177.55
-2178.31
-2179.06
-2179.82
-2180.57
-2181.33
-2182.08
-2182.84
-2183.59
-2184.34
-2185.1
-2185.85
-2186.61
-2187.36
-2188.12
-2188.88
-2189.63
-2190.39
-2191.14
-2191.9
-2192.65
-2193.41
-2194.16
-2194.92
-2195.68
-2196.43
-2197.19
-2197.94
-2198.7
-2199.46
-2200.21
-2200.97
-2201.73
-2202.48
-2203.24
-2204
-2204.76
-2205.51
-2206.27
-2207.03
-2207.78
-2208.54
-2209.3
-2210.06
-2210.81
-2211.57
-2212.33
-2213.09
-2213.85
-2214.6
-2215.36
-2216.12
-2216.88
-2217.64
-2218.4
-2219.15
-2219.91
-2220.67
-2221.43
-2222.19
-2222.95
-2223.71
-2224.47
-2225.23
-2225.99
-2226.75
-2227.51
-2228.26
-2229.02
-2229.78
-2230.54
-2231.3
-2232.06
-2232.82
-2233.58
-2234.34
-2235.11
-2235.87
-2236.63
-2237.39
-2238.15
-2238.91
-2239.67
-2240.43
-2241.19
-2241.95
-2242.71
-2243.47
-2244.24
-2245
-2245.76
-2246.52
-2247.28
-2248.04
-2248.81
-2249.57
-2250.33
-2251.09
-2251.85
-2252.62
-2253.38
-2254.14
-2254.9
-2255.67
-2256.43
-2257.19
-2257.96
-2258.72
-2259.48
-2260.24
-2261.01
-2261.77
-2262.53
-2263.3
-2264.06
-2264.83
-2265.59
-2266.35
-2267.12
-2267.88
-2268.65
-2269.41
-2270.17
-2270.94
-2271.7
-2272.47
-2273.23
-2274
-2274.76
-2275.53
-2276.29
-2277.06
-2277.82
-2278.59
-2279.35
-2280.12
-2280.88
-2281.65
-2282.41
-2283.18
-2283.94
-2284.71
-2285.48
-2286.24
-2287.01
-2287.77
-2288.54
-2289.31
-2290.07
-2290.84
-2291.61
-2292.37
-2293.14
-2293.91
-2294.67
-2295.44
-2296.21
-2296.98
-2297.74
-2298.51
-2299.28
-2300.04
-2300.81
-2301.58
-2302.35
-2303.12
-2303.88
-2304.65
-2305.42
-2306.19
-2306.96
-2307.72
-2308.49
-2309.26
-2310.03
-2310.8
-2311.57
-2312.34
-2313.11
-2313.87
-2314.64
-2315.41
-2316.18
-2316.95
-2317.72
-2318.49
-2319.26
-2320.03
-2320.8
-2321.57
-2322.34
-2323.11
-2323.88
-2324.65
-2325.42
-2326.19
-2326.96
-2327.73
-2328.5
-2329.27
-2330.04
-2330.81
-2331.59
-2332.36
-2333.13
-2333.9
-2334.67
-2335.44
-2336.21
-2336.98
-2337.76
-2338.53
-2339.3
-2340.07
-2340.84
-2341.62
-2342.39
-2343.16
-2343.93
-2344.7
-2345.48
-2346.25
-2347.02
-2347.8
-2348.57
-2349.34
-2350.11
-2350.89
-2351.66
-2352.43
-2353.21
-2353.98
-2354.75
-2355.53
-2356.3
-2357.07
-2357.85
-2358.62
-2359.4
-2360.17
-2360.94
-2361.72
-2362.49
-2363.27
-2364.04
-2364.82
-2365.59
-2366.37
-2367.14
-2367.92
-2368.69
-2369.47
-2370.24
-2371.02
-2371.79
-2372.57
-2373.34
-2374.12
-2374.89
-2375.67
-2376.45
-2377.22
-2378
-2378.77
-2379.55
-2380.33
-2381.1
-2381.88
-2382.66
-2383.43
-2384.21
-2384.99
-2385.76
-2386.54
-2387.32
-2388.09
-2388.87
-2389.65
-2390.43
-2391.2
-2391.98
-2392.76
-2393.54
-2394.31
-2395.09
-2395.87
-2396.65
-2397.43
-2398.2
-2398.98
-2399.76
-2400.54
-2401.32
-2402.1
-2402.87
-2403.65
-2404.43
-2405.21
-2405.99
-2406.77
-2407.55
-2408.33
-2409.11
-2409.89
-2410.67
-2411.45
-2412.23
-2413.01
-2413.79
-2414.57
-2415.35
-2416.13
-2416.91
-2417.69
-2418.47
-2419.25
-2420.03
-2420.81
-2421.59
-2422.37
-2423.15
-2423.93
-2424.71
-2425.49
-2426.28
-2427.06
-2427.84
-2428.62
-2429.4
-2430.18
-2430.96
-2431.75
-2432.53
-2433.31
-2434.09
-2434.87
-2435.66
-2436.44
-2437.22
-2438
-2438.79
-2439.57
-2440.35
-2441.13
-2441.92
-2442.7
-2443.48
-2444.27
-2445.05
-2445.83
-2446.62
-2447.4
-2448.18
-2448.97
-2449.75
-2450.54
-2451.32
-2452.1
-2452.89
-2453.67
-2454.46
-2455.24
-2456.02
-2456.81
-2457.59
-2458.38
-2459.16
-2459.95
-2460.73
-2461.52
-2462.3
-2463.09
-2463.87
-2464.66
-2465.44
-2466.23
-2467.02
-2467.8
-2468.59
-2469.37
-2470.16
-2470.95
-2471.73
-2472.52
-2473.3
-2474.09
-2474.88
-2475.66
-2476.45
-2477.24
-2478.02
-2478.81
-2479.6
-2480.38
-2481.17
-2481.96
-2482.75
-2483.53
-2484.32
-2485.11
-2485.9
-2486.68
-2487.47
-2488.26
-2489.05
-2489.84
-2490.62
-2491.41
-2492.2
-2492.99
-2493.78
-2494.57
-2495.36
-2496.14
-2496.93
-2497.72
-2498.51
-2499.3
-2500.09
-2500.88
-2501.67
-2502.46
-2503.25
-2504.04
-2504.83
-2505.62
-2506.41
-2507.2
-2507.99
-2508.78
-2509.57
-2510.36
-2511.15
-2511.94
-2512.73
-2513.52
-2514.31
-2515.1
-2515.89
-2516.68
-2517.47
-2518.26
-2519.05
-2519.85
-2520.64
-2521.43
-2522.22
-2523.01
-2523.8
-2524.6
-2525.39
-2526.18
-2526.97
-2527.76
-2528.56
-2529.35
-2530.14
-2530.93
-2531.73
-2532.52
-2533.31
-2534.1
-2534.9
-2535.69
-2536.48
-2537.28
-2538.07
-2538.86
-2539.66
-2540.45
-2541.24
-2542.04
-2542.83
-2543.62
-2544.42
-2545.21
-2546.01
-2546.8
-2547.59
-2548.39
-2549.18
-2549.98
-2550.77
-2551.57
-2552.36
-2553.16
-2553.95
-2554.75
-2555.54
-2556.34
-2557.13
-2557.93
-2558.72
-2559.52
-2560.31
-2561.11
-2561.91
-2562.7
-2563.5
-2564.29
-2565.09
-2565.89
-2566.68
-2567.48
-2568.28
-2569.07
-2569.87
-2570.67
-2571.46
-2572.26
-2573.06
-2573.85
-2574.65
-2575.45
-2576.24
-2577.04
-2577.84
-2578.64
-2579.44
-2580.23
-2581.03
-2581.83
-2582.63
-2583.42
-2584.22
-2585.02
-2585.82
-2586.62
-2587.42
-2588.21
-2589.01
-2589.81
-2590.61
-2591.41
-2592.21
-2593.01
-2593.81
-2594.61
-2595.41
-2596.21
-2597
-2597.8
-2598.6
-2599.4
-2600.2
-2601
-2601.8
-2602.6
-2603.4
-2604.2
-2605
-2605.81
-2606.61
-2607.41
-2608.21
-2609.01
-2609.81
-2610.61
-2611.41
-2612.21
-2613.01
-2613.81
-2614.62
-2615.42
-2616.22
-2617.02
-2617.82
-2618.62
-2619.43
-2620.23
-2621.03
-2621.83
-2622.63
-2623.44
-2624.24
-2625.04
-2625.84
-2626.65
-2627.45
-2628.25
-2629.06
-2629.86
-2630.66
-2631.46
-2632.27
-2633.07
-2633.87
-2634.68
-2635.48
-2636.29
-2637.09
-2637.89
-2638.7
-2639.5
-2640.31
-2641.11
-2641.91
-2642.72
-2643.52
-2644.33
-2645.13
-2645.94
-2646.74
-2647.55
-2648.35
-2649.16
-2649.96
-2650.77
-2651.57
-2652.38
-2653.18
-2653.99
-2654.79
-2655.6
-2656.41
-2657.21
-2658.02
-2658.82
-2659.63
-2660.44
-2661.24
-2662.05
-2662.86
-2663.66
-2664.47
-2665.28
-2666.08
-2666.89
-2667.7
-2668.5
-2669.31
-2670.12
-2670.93
-2671.73
-2672.54
-2673.35
-2674.16
-2674.96
-2675.77
-2676.58
-2677.39
-2678.2
-2679
-2679.81
-2680.62
-2681.43
-2682.24
-2683.05
-2683.85
-2684.66
-2685.47
-2686.28
-2687.09
-2687.9
-2688.71
-2689.52
-2690.33
-2691.14
-2691.95
-2692.76
-2693.57
-2694.38
-2695.19
-2696
-2696.81
-2697.62
-2698.43
-2699.24
-2700.05
-2700.86
-2701.67
-2702.48
-2703.29
-2704.1
-2704.91
-2705.72
-2706.53
-2707.34
-2708.16
-2708.97
-2709.78
-2710.59
-2711.4
-2712.21
-2713.03
-2713.84
-2714.65
-2715.46
-2716.27
-2717.09
-2717.9
-2718.71
-2719.52
-2720.34
-2721.15
-2721.96
-2722.77
-2723.59
-2724.4
-2725.21
-2726.03
-2726.84
-2727.65
-2728.47
-2729.28
-2730.09
-2730.91
-2731.72
-2732.53
-2733.35
-2734.16
-2734.98
-2735.79
-2736.6
-2737.42
-2738.23
-2739.05
-2739.86
-2740.68
-2741.49
-2742.31
-2743.12
-2743.94
-2744.75
-2745.57
-2746.38
-2747.2
-2748.01
-2748.83
-2749.64
-2750.46
-2751.28
-2752.09
-2752.91
-2753.72
-2754.54
-2755.36
-2756.17
-2756.99
-2757.81
-2758.62
-2759.44
-2760.26
-2761.07
-2761.89
-2762.71
-2763.52
-2764.34
-2765.16
-2765.98
-2766.79
-2767.61
-2768.43
-2769.25
-2770.06
-2770.88
-2771.7
-2772.52
-2773.34
-2774.15
-2774.97
-2775.79
-2776.61
-2777.43
-2778.25
-2779.06
-2779.88
-2780.7
-2781.52
-2782.34
-2783.16
-2783.98
-2784.8
-2785.62
-2786.44
-2787.26
-2788.08
-2788.9
-2789.72
-2790.54
-2791.36
-2792.18
-2793
-2793.82
-2794.64
-2795.46
-2796.28
-2797.1
-2797.92
-2798.74
-2799.56
-2800.38
-2801.2
-2802.02
-2802.85
-2803.67
-2804.49
-2805.31
-2806.13
-2806.95
-2807.77
-2808.6
-2809.42
-2810.24
-2811.06
-2811.88
-2812.71
-2813.53
-2814.35
-2815.17
-2816
-2816.82
-2817.64
-2818.46
-2819.29
-2820.11
-2820.93
-2821.76
-2822.58
-2823.4
-2824.23
-2825.05
-2825.87
-2826.7
-2827.52
-2828.35
-2829.17
-2829.99
-2830.82
-2831.64
-2832.47
-2833.29
-2834.12
-2834.94
-2835.76
-2836.59
-2837.41
-2838.24
-2839.06
-2839.89
-2840.71
-2841.54
-2842.36
-2843.19
-2844.02
-2844.84
-2845.67
-2846.49
-2847.32
-2848.14
-2848.97
-2849.8
-2850.62
-2851.45
-2852.28
-2853.1
-2853.93
-2854.76
-2855.58
-2856.41
-2857.24
-2858.06
-2858.89
-2859.72
-2860.54
-2861.37
-2862.2
-2863.03
-2863.85
-2864.68
-2865.51
-2866.34
-2867.17
-2867.99
-2868.82
-2869.65
-2870.48
-2871.31
-2872.14
-2872.96
-2873.79
-2874.62
-2875.45
-2876.28
-2877.11
-2877.94
-2878.77
-2879.6
-2880.42
-2881.25
-2882.08
-2882.91
-2883.74
-2884.57
-2885.4
-2886.23
-2887.06
-2887.89
-2888.72
-2889.55
-2890.38
-2891.21
-2892.04
-2892.87
-2893.71
-2894.54
-2895.37
-2896.2
-2897.03
-2897.86
-2898.69
-2899.52
-2900.35
-2901.19
-2902.02
-2902.85
-2903.68
-2904.51
-2905.34
-2906.18
-2907.01
-2907.84
-2908.67
-2909.51
-2910.34
-2911.17
-2912
-2912.84
-2913.67
-2914.5
-2915.33
-2916.17
-2917
-2917.83
-2918.67
-2919.5
-2920.33
-2921.17
-2922
-2922.83
-2923.67
-2924.5
-2925.34
-2926.17
-2927
-2927.84
-2928.67
-2929.51
-2930.34
-2931.18
-2932.01
-2932.85
-2933.68
-2934.52
-2935.35
-2936.19
-2937.02
-2937.86
-2938.69
-2939.53
-2940.36
-2941.2
-2942.03
-2942.87
-2943.71
-2944.54
-2945.38
-2946.21
-2947.05
-2947.89
-2948.72
-2949.56
-2950.4
-2951.23
-2952.07
-2952.91
-2953.74
-2954.58
-2955.42
-2956.26
-2957.09
-2957.93
-2958.77
-2959.61
-2960.44
-2961.28
-2962.12
-2962.96
-2963.79
-2964.63
-2965.47
-2966.31
-2967.15
-2967.99
-2968.82
-2969.66
-2970.5
-2971.34
-2972.18
-2973.02
-2973.86
-2974.7
-2975.54
-2976.37
-2977.21
-2978.05
-2978.89
-2979.73
-2980.57
-2981.41
-2982.25
-2983.09
-2983.93
-2984.77
-2985.61
-2986.45
-2987.29
-2988.13
-2988.97
-2989.82
-2990.66
-2991.5
-2992.34
-2993.18
-2994.02
-2994.86
-2995.7
-2996.54
-2997.39
-2998.23
-2999.07
-2999.91
-3000.75
-3001.59
-3002.44
-3003.28
-3004.12
-3004.96
-3005.81
-3006.65
-3007.49
-3008.33
-3009.18
-3010.02
-3010.86
-3011.7
-3012.55
-3013.39
-3014.23
-3015.08
-3015.92
-3016.76
-3017.61
-3018.45
-3019.29
-3020.14
-3020.98
-3021.83
-3022.67
-3023.52
-3024.36
-3025.2
-3026.05
-3026.89
-3027.74
-3028.58
-3029.43
-3030.27
-3031.12
-3031.96
-3032.81
-3033.65
-3034.5
-3035.34
-3036.19
-3037.03
-3037.88
-3038.73
-3039.57
-3040.42
-3041.26
-3042.11
-3042.96
-3043.8
-3044.65
-3045.49
-3046.34
-3047.19
-3048.03
-3048.88
-3049.73
-3050.58
-3051.42
-3052.27
-3053.12
-3053.96
-3054.81
-3055.66
-3056.51
-3057.35
-3058.2
-3059.05
-3059.9
-3060.75
-3061.59
-3062.44
-3063.29
-3064.14
-3064.99
-3065.84
-3066.69
-3067.53
-3068.38
-3069.23
-3070.08
-3070.93
-3071.78
-3072.63
-3073.48
-3074.33
-3075.18
-3076.03
-3076.88
-3077.73
-3078.58
-3079.43
-3080.28
-3081.13
-3081.98
-3082.83
-3083.68
-3084.53
-3085.38
-3086.23
-3087.08
-3087.93
-3088.78
-3089.63
-3090.48
-3091.33
-3092.19
-3093.04
-3093.89
-3094.74
-3095.59
-3096.44
-3097.3
-3098.15
-3099
-3099.85
-3100.7
-3101.56
-3102.41
-3103.26
-3104.11
-3104.97
-3105.82
-3106.67
-3107.52
-3108.38
-3109.23
-3110.08
-3110.94
-3111.79
-3112.64
-3113.5
-3114.35
-3115.2
-3116.06
-3116.91
-3117.77
-3118.62
-3119.47
-3120.33
-3121.18
-3122.04
-3122.89
-3123.75
-3124.6
-3125.46
-3126.31
-3127.17
-3128.02
-3128.88
-3129.73
-3130.59
-3131.44
-3132.3
-3133.15
-3134.01
-3134.86
-3135.72
-3136.58
-3137.43
-3138.29
-3139.14
-3140
-3140.86
-3141.71
-3142.57
-3143.43
-3144.28
-3145.14
-3146
-3146.85
-3147.71
-3148.57
-3149.43
-3150.28
-3151.14
-3152
-3152.86
-3153.71
-3154.57
-3155.43
-3156.29
-3157.14
-3158
-3158.86
-3159.72
-3160.58
-3161.44
-3162.29
-3163.15
-3164.01
-3164.87
-3165.73
-3166.59
-3167.45
-3168.31
-3169.17
-3170.03
-3170.89
-3171.74
-3172.6
-3173.46
-3174.32
-3175.18
-3176.04
-3176.9
-3177.76
-3178.62
-3179.48
-3180.34
-3181.21
-3182.07
-3182.93
-3183.79
-3184.65
-3185.51
-3186.37
-3187.23
-3188.09
-3188.95
-3189.82
-3190.68
-3191.54
-3192.4
-3193.26
-3194.12
-3194.99
-3195.85
-3196.71
-3197.57
-3198.43
-3199.3
-3200.16
-3201.02
-3201.88
-3202.75
-3203.61
-3204.47
-3205.34
-3206.2
-3207.06
-3207.93
-3208.79
-3209.65
-3210.52
-3211.38
-3212.24
-3213.11
-3213.97
-3214.84
-3215.7
-3216.56
-3217.43
-3218.29
-3219.16
-3220.02
-3220.89
-3221.75
-3222.62
-3223.48
-3224.35
-3225.21
-3226.08
-3226.94
-3227.81
-3228.67
-3229.54
-3230.4
-3231.27
-3232.13
-3233
-3233.87
-3234.73
-3235.6
-3236.46
-3237.33
-3238.2
-3239.06
-3239.93
-3240.8
-3241.66
-3242.53
-3243.4
-3244.27
-3245.13
-3246
-3246.87
-3247.73
-3248.6
-3249.47
-3250.34
-3251.2
-3252.07
-3252.94
-3253.81
-3254.68
-3255.55
-3256.41
-3257.28
-3258.15
-3259.02
-3259.89
-3260.76
-3261.63
-3262.49
-3263.36
-3264.23
-3265.1
-3265.97
-3266.84
-3267.71
-3268.58
-3269.45
-3270.32
-3271.19
-3272.06
-3272.93
-3273.8
-3274.67
-3275.54
-3276.41
-3277.28
-3278.15
-3279.02
-3279.89
-3280.76
-3281.63
-3282.51
-3283.38
-3284.25
-3285.12
-3285.99
-3286.86
-3287.73
-3288.6
-3289.48
-3290.35
-3291.22
-3292.09
-3292.96
-3293.84
-3294.71
-3295.58
-3296.45
-3297.33
-3298.2
-3299.07
-3299.94
-3300.82
-3301.69
-3302.56
-3303.44
-3304.31
-3305.18
-3306.06
-3306.93
-3307.8
-3308.68
-3309.55
-3310.43
-3311.3
-3312.17
-3313.05
-3313.92
-3314.8
-3315.67
-3316.55
-3317.42
-3318.3
-3319.17
-3320.04
-3320.92
-3321.79
-3322.67
-3323.55
-3324.42
-3325.3
-3326.17
-3327.05
-3327.92
-3328.8
-3329.67
-3330.55
-3331.43
-3332.3
-3333.18
-3334.06
-3334.93
-3335.81
-3336.69
-3337.56
-3338.44
-3339.32
-3340.19
-3341.07
-3341.95
-3342.82
-3343.7
-3344.58
-3345.46
-3346.33
-3347.21
-3348.09
-3348.97
-3349.85
-3350.72
-3351.6
-3352.48
-3353.36
-3354.24
-3355.12
-3356
-3356.87
-3357.75
-3358.63
-3359.51
-3360.39
-3361.27
-3362.15
-3363.03
-3363.91
-3364.79
-3365.67
-3366.55
-3367.43
-3368.31
-3369.19
-3370.07
-3370.95
-3371.83
-3372.71
-3373.59
-3374.47
-3375.35
-3376.23
-3377.11
-3377.99
-3378.87
-3379.75
-3380.64
-3381.52
-3382.4
-3383.28
-3384.16
-3385.04
-3385.92
-3386.81
-3387.69
-3388.57
-3389.45
-3390.33
-3391.22
-3392.1
-3392.98
-3393.86
-3394.75
-3395.63
-3396.51
-3397.4
-3398.28
-3399.16
-3400.05
-3400.93
-3401.81
-3402.7
-3403.58
-3404.46
-3405.35
-3406.23
-3407.11
-3408
-3408.88
-3409.77
-3410.65
-3411.54
-3412.42
-3413.31
-3414.19
-3415.08
-3415.96
-3416.84
-3417.73
-3418.62
-3419.5
-3420.39
-3421.27
-3422.16
-3423.04
-3423.93
-3424.81
-3425.7
-3426.59
-3427.47
-3428.36
-3429.24
-3430.13
-3431.02
-3431.9
-3432.79
-3433.68
-3434.56
-3435.45
-3436.34
-3437.23
-3438.11
-3439
-3439.89
-3440.78
-3441.66
-3442.55
-3443.44
-3444.33
-3445.21
-3446.1
-3446.99
-3447.88
-3448.77
-3449.66
-3450.54
-3451.43
-3452.32
-3453.21
-3454.1
-3454.99
-3455.88
-3456.77
-3457.66
-3458.55
-3459.44
-3460.32
-3461.21
-3462.1
-3462.99
-3463.88
-3464.77
-3465.66
-3466.55
-3467.44
-3468.34
-3469.23
-3470.12
-3471.01
-3471.9
-3472.79
-3473.68
-3474.57
-3475.46
-3476.35
-3477.24
-3478.14
-3479.03
-3479.92
-3480.81
-3481.7
-3482.59
-3483.49
-3484.38
-3485.27
-3486.16
-3487.06
-3487.95
-3488.84
-3489.73
-3490.63
-3491.52
-3492.41
-3493.3
-3494.2
-3495.09
-3495.98
-3496.88
-3497.77
-3498.67
-3499.56
-3500.45
-3501.35
-3502.24
-3503.13
-3504.03
-3504.92
-3505.82
-3506.71
-3507.61
-3508.5
-3509.4
-3510.29
-3511.19
-3512.08
-3512.98
-3513.87
-3514.77
-3515.66
-3516.56
-3517.45
-3518.35
-3519.24
-3520.14
-3521.04
-3521.93
-3522.83
-3523.72
-3524.62
-3525.52
-3526.41
-3527.31
-3528.21
-3529.1
-3530
-3530.9
-3531.8
-3532.69
-3533.59
-3534.49
-3535.38
-3536.28
-3537.18
-3538.08
-3538.98
-3539.87
-3540.77
-3541.67
-3542.57
-3543.47
-3544.37
-3545.26
-3546.16
-3547.06
-3547.96
-3548.86
-3549.76
-3550.66
-3551.56
-3552.46
-3553.36
-3554.25
-3555.15
-3556.05
-3556.95
-3557.85
-3558.75
-3559.65
-3560.55
-3561.45
-3562.35
-3563.25
-3564.16
-3565.06
-3565.96
-3566.86
-3567.76
-3568.66
-3569.56
-3570.46
-3571.36
-3572.26
-3573.17
-3574.07
-3574.97
-3575.87
-3576.77
-3577.68
-3578.58
-3579.48
-3580.38
-3581.28
-3582.19
-3583.09
-3583.99
-3584.9
-3585.8
-3586.7
-3587.6
-3588.51
-3589.41
-3590.31
-3591.22
-3592.12
-3593.02
-3593.93
-3594.83
-3595.74
-3596.64
-3597.54
-3598.45
-3599.35
-3600.26
-3601.16
-3602.07
-3602.97
-3603.88
-3604.78
-3605.69
-3606.59
-3607.5
-3608.4
-3609.31
-3610.21
-3611.12
-3612.02
-3612.93
-3613.84
-3614.74
-3615.65
-3616.55
-3617.46
-3618.37
-3619.27
-3620.18
-3621.09
-3621.99
-3622.9
-3623.81
-3624.71
-3625.62
-3626.53
-3627.44
-3628.34
-3629.25
-3630.16
-3631.07
-3631.97
-3632.88
-3633.79
-3634.7
-3635.61
-3636.51
-3637.42
-3638.33
-3639.24
-3640.15
-3641.06
-3641.97
-3642.88
-3643.78
-3644.69
-3645.6
-3646.51
-3647.42
-3648.33
-3649.24
-3650.15
-3651.06
-3651.97
-3652.88
-3653.79
-3654.7
-3655.61
-3656.52
-3657.43
-3658.34
-3659.26
-3660.17
-3661.08
-3661.99
-3662.9
-3663.81
-3664.72
-3665.63
-3666.55
-3667.46
-3668.37
-3669.28
-3670.19
-3671.1
-3672.02
-3672.93
-3673.84
-3674.75
-3675.67
-3676.58
-3677.49
-3678.41
-3679.32
-3680.23
-3681.14
-3682.06
-3682.97
-3683.88
-3684.8
-3685.71
-3686.63
-3687.54
-3688.45
-3689.37
-3690.28
-3691.2
-3692.11
-3693.03
-3693.94
-3694.85
-3695.77
-3696.68
-3697.6
-3698.51
-3699.43
-3700.34
-3701.26
-3702.18
-3703.09
-3704.01
-3704.92
-3705.84
-3706.75
-3707.67
-3708.59
-3709.5
-3710.42
-3711.34
-3712.25
-3713.17
-3714.09
-3715
-3715.92
-3716.84
-3717.76
-3718.67
-3719.59
-3720.51
-3721.42
-3722.34
-3723.26
-3724.18
-3725.1
-3726.01
-3726.93
-3727.85
-3728.77
-3729.69
-3730.61
-3731.53
-3732.44
-3733.36
-3734.28
-3735.2
-3736.12
-3737.04
-3737.96
-3738.88
-3739.8
-3740.72
-3741.64
-3742.56
-3743.48
-3744.4
-3745.32
-3746.24
-3747.16
-3748.08
-3749
-3749.92
-3750.84
-3751.76
-3752.69
-3753.61
-3754.53
-3755.45
-3756.37
-3757.29
-3758.21
-3759.14
-3760.06
-3760.98
-3761.9
-3762.83
-3763.75
-3764.67
-3765.59
-3766.52
-3767.44
-3768.36
-3769.28
-3770.21
-3771.13
-3772.05
-3772.98
-3773.9
-3774.82
-3775.75
-3776.67
-3777.6
-3778.52
-3779.44
-3780.37
-3781.29
-3782.22
-3783.14
-3784.07
-3784.99
-3785.92
-3786.84
-3787.77
-3788.69
-3789.62
-3790.54
-3791.47
-3792.39
-3793.32
-3794.24
-3795.17
-3796.1
-3797.02
-3797.95
-3798.88
-3799.8
-3800.73
-3801.66
-3802.58
-3803.51
-3804.44
-3805.36
-3806.29
-3807.22
-3808.15
-3809.07
-3810
-3810.93
-3811.86
-3812.78
-3813.71
-3814.64
-3815.57
-3816.5
-3817.43
-3818.35
-3819.28
-3820.21
-3821.14
-3822.07
-3823
-3823.93
-3824.86
-3825.79
-3826.72
-3827.65
-3828.58
-3829.51
-3830.44
-3831.37
-3832.3
-3833.23
-3834.16
-3835.09
-3836.02
-3836.95
-3837.88
-3838.81
-3839.74
-3840.67
-3841.6
-3842.54
-3843.47
-3844.4
-3845.33
-3846.26
-3847.19
-3848.13
-3849.06
-3849.99
-3850.92
-3851.86
-3852.79
-3853.72
-3854.65
-3855.59
-3856.52
-3857.45
-3858.39
-3859.32
-3860.25
-3861.19
-3862.12
-3863.06
-3863.99
-3864.92
-3865.86
-3866.79
-3867.73
-3868.66
-3869.6
-3870.53
-3871.46
-3872.4
-3873.33
-3874.27
-3875.21
-3876.14
-3877.08
-3878.01
-3878.95
-3879.88
-3880.82
-3881.76
-3882.69
-3883.63
-3884.56
-3885.5
-3886.44
-3887.37
-3888.31
-3889.25
-3890.19
-3891.12
-3892.06
-3893
-3893.93
-3894.87
-3895.81
-3896.75
-3897.69
-3898.62
-3899.56
-3900.5
-3901.44
-3902.38
-3903.32
-3904.26
-3905.19
-3906.13
-3907.07
-3908.01
-3908.95
-3909.89
-3910.83
-3911.77
-3912.71
-3913.65
-3914.59
-3915.53
-3916.47
-3917.41
-3918.35
-3919.29
-3920.23
-3921.17
-3922.11
-3923.06
-3924
-3924.94
-3925.88
-3926.82
-3927.76
-3928.7
-3929.65
-3930.59
-3931.53
-3932.47
-3933.41
-3934.36
-3935.3
-3936.24
-3937.19
-3938.13
-3939.07
-3940.01
-3940.96
-3941.9
-3942.85
-3943.79
-3944.73
-3945.68
-3946.62
-3947.56
-3948.51
-3949.45
-3950.4
-3951.34
-3952.29
-3953.23
-3954.18
-3955.12
-3956.07
-3957.01
-3957.96
-3958.9
-3959.85
-3960.8
-3961.74
-3962.69
-3963.63
-3964.58
-3965.53
-3966.47
-3967.42
-3968.37
-3969.31
-3970.26
-3971.21
-3972.15
-3973.1
-3974.05
-3975
-3975.94
-3976.89
-3977.84
-3978.79
-3979.74
-3980.69
-3981.63
-3982.58
-3983.53
-3984.48
-3985.43
-3986.38
-3987.33
-3988.28
-3989.23
-3990.18
-3991.13
-3992.08
-3993.03
-3993.98
-3994.93
-3995.88
-3996.83
-3997.78
-3998.73
-3999.68
-4000.63
-4001.58
-4002.53
-4003.48
-4004.43
-4005.39
-4006.34
-4007.29
-4008.24
-4009.19
-4010.15
-4011.1
-4012.05
-4013
-4013.96
-4014.91
-4015.86
-4016.82
-4017.77
-4018.72
-4019.68
-4020.63
-4021.58
-4022.54
-4023.49
-4024.45
-4025.4
-4026.35
-4027.31
-4028.26
-4029.22
-4030.17
-4031.13
-4032.08
-4033.04
-4033.99
-4034.95
-4035.91
-4036.86
-4037.82
-4038.77
-4039.73
-4040.69
-4041.64
-4042.6
-4043.56
-4044.51
-4045.47
-4046.43
-4047.38
-4048.34
-4049.3
-4050.26
-4051.21
-4052.17
-4053.13
-4054.09
-4055.05
-4056.01
-4056.96
-4057.92
-4058.88
-4059.84
-4060.8
-4061.76
-4062.72
-4063.68
-4064.64
-4065.6
-4066.56
-4067.52
-4068.48
-4069.44
-4070.4
-4071.36
-4072.32
-4073.28
-4074.24
-4075.2
-4076.17
-4077.13
-4078.09
-4079.05
-4080.01
-4080.97
-4081.94
-4082.9
-4083.86
-4084.82
-4085.79
-4086.75
-4087.71
-4088.68
-4089.64
-4090.6
-4091.57
-4092.53
-4093.49
-4094.46
-4095.42
-4096.39
-4097.35
-4098.32
-4099.28
-4100.25
-4101.21
-4102.18
-4103.14
-4104.11
-4105.07
-4106.04
-4107
-4107.97
-4108.94
-4109.9
-4110.87
-4111.84
-4112.8
-4113.77
-4114.74
-4115.7
-4116.67
-4117.64
-4118.61
-4119.57
-4120.54
-4121.51
-4122.48
-4123.45
-4124.42
-4125.38
-4126.35
-4127.32
-4128.29
-4129.26
-4130.23
-4131.2
-4132.17
-4133.14
-4134.11
-4135.08
-4136.05
-4137.02
-4137.99
-4138.96
-4139.93
-4140.9
-4141.87
-4142.85
-4143.82
-4144.79
-4145.76
-4146.73
-4147.71
-4148.68
-4149.65
-4150.62
-4151.6
-4152.57
-4153.54
-4154.52
-4155.49
-4156.46
-4157.44
-4158.41
-4159.38
-4160.36
-4161.33
-4162.31
-4163.28
-4164.26
-4165.23
-4166.21
-4167.18
-4168.16
-4169.13
-4170.11
-4171.09
-4172.06
-4173.04
-4174.02
-4174.99
-4175.97
-4176.95
-4177.92
-4178.9
-4179.88
-4180.86
-4181.83
-4182.81
-4183.79
-4184.77
-4185.75
-4186.72
-4187.7
-4188.68
-4189.66
-4190.64
-4191.62
-4192.6
-4193.58
-4194.56
-4195.54
-4196.52
-4197.5
-4198.48
-4199.46
-4200.44
-4201.43
-4202.41
-4203.39
-4204.37
-4205.35
-4206.33
-4207.32
-4208.3
-4209.28
-4210.26
-4211.25
-4212.23
-4213.21
-4214.2
-4215.18
-4216.17
-4217.15
-4218.13
-4219.12
-4220.1
-4221.09
-4222.07
-4223.06
-4224.04
-4225.03
-4226.01
-4227
-4227.99
-4228.97
-4229.96
-4230.95
-4231.93
-4232.92
-4233.91
-4234.89
-4235.88
-4236.87
-4237.86
-4238.85
-4239.83
-4240.82
-4241.81
-4242.8
-4243.79
-4244.78
-4245.77
-4246.76
-4247.75
-4248.74
-4249.73
-4250.72
-4251.71
-4252.7
-4253.69
-4254.68
-4255.67
-4256.66
-4257.66
-4258.65
-4259.64
-4260.63
-4261.63
-4262.62
-4263.61
-4264.61
-4265.6
-4266.59
-4267.59
-4268.58
-4269.57
-4270.57
-4271.56
-4272.56
-4273.55
-4274.55
-4275.54
-4276.54
-4277.54
-4278.53
-4279.53
-4280.53
-4281.52
-4282.52
-4283.52
-4284.51
-4285.51
-4286.51
-4287.51
-4288.51
-4289.5
-4290.5
-4291.5
-4292.5
-4293.5
-4294.5
-4295.5
-4296.5
-4297.5
-4298.5
-4299.5
-4300.5
-4301.5
-4302.51
-4303.51
-4304.51
-4305.51
-4306.51
-4307.52
-4308.52
-4309.52
-4310.53
-4311.53
-4312.53
-4313.54
-4314.54
-4315.55
-4316.55
-4317.56
-4318.56
-4319.57
-4320.57
-4321.58
-4322.58
-4323.59
-4324.6
-4325.6
-4326.61
-4327.62
-4328.63
-4329.63
-4330.64
-4331.65
-4332.66
-4333.67
-4334.68
-4335.69
-4336.7
-4337.71
-4338.72
-4339.73
-4340.74
-4341.75
-4342.76
-4343.77
-4344.78
-4345.8
-4346.81
-4347.82
-4348.83
-4349.85
-4350.86
-4351.87
-4352.89
-4353.9
-4354.92
-4355.93
-4356.95
-4357.96
-4358.98
-4359.99
-4361.01
-4362.03
-4363.04
-4364.06
-4365.08
-4366.09
-4367.11
-4368.13
-4369.15
-4370.17
-4371.19
-4372.21
-4373.23
-4374.25
-4375.27
-4376.29
-4377.31
-4378.33
-4379.35
-4380.37
-4381.39
-4382.42
-4383.44
-4384.46
-4385.49
-4386.51
-4387.53
-4388.56
-4389.58
-4390.61
-4391.63
-4392.66
-4393.69
-4394.71
-4395.74
-4396.77
-4397.79
-4398.82
-4399.85
-4400.88
-4401.9
-4402.93
-4403.96
-4404.99
-4406.02
-4407.05
-4408.08
-4409.12
-4410.15
-4411.18
-4412.21
-4413.24
-4414.28
-4415.31
-4416.34
-4417.38
-4418.41
-4419.45
-4420.48
-4421.52
-4422.55
-4423.59
-4424.63
-4425.66
-4426.7
-4427.74
-4428.78
-4429.82
-4430.85
-4431.89
-4432.93
-4433.97
-4435.01
-4436.06
-4437.1
-4438.14
-4439.18
-4440.22
-4441.27
-4442.31
-4443.36
-4444.4
-4445.45
-4446.49
-4447.54
-4448.58
-4449.63
-4450.68
-4451.72
-4452.77
-4453.82
-4454.87
-4455.92
-4456.97
-4458.02
-4459.07
-4460.12
-4461.18
-4462.23
-4463.28
-4464.33
-4465.39
-4466.44
-4467.5
-4468.55
-4469.61
-4470.67
-4471.72
-4472.78
-4473.84
-4474.9
-4475.96
-4477.02
-4478.08
-4479.14
-4480.2
-4481.26
-4482.32
-4483.39
-4484.45
-4485.52
-4486.58
-4487.65
-4488.71
-4489.78
-4490.85
-4491.92
-4492.99
-4494.05
-4495.12
-4496.2
-4497.27
-4498.34
-4499.41
-4500.49
-4501.56
-4502.63
-4503.71
-4504.79
-4505.86
-4506.94
-4508.02
-4509.1
-4510.18
-4511.26
-4512.34
-4513.42
-4514.51
-4515.59
-4516.67
-4517.76
-4518.85
-4519.93
-4521.02
-4522.11
-4523.2
-4524.29
-4525.38
-4526.48
-4527.57
-4528.66
-4529.76
-4530.85
-4531.95
-4533.05
-4534.15
-4535.25
-4536.35
-4537.45
-4538.56
-4539.66
-4540.76
-4541.87
-4542.98
-4544.09
-4545.2
-4546.31
-4547.42
-4548.53
-4549.65
-4550.77
-4551.88
-4553
-4554.12
-4555.24
-4556.36
-4557.49
-4558.61
-4559.74
-4560.87
-4562
-4563.13
-4564.26
-4565.4
-4566.53
-4567.67
-4568.81
-4569.95
-4571.09
-4572.24
-4573.39
-4574.53
-4575.68
-4576.84
-4577.99
-4579.15
-4580.31
-4581.47
-4582.63
-4583.79
-4584.96
-4586.13
-4587.3
-4588.48
-4589.66
-4590.84
-4592.02
-4593.21
-4594.39
-4595.59
-4596.78
-4597.98
-4599.18
-4600.38
-4601.59
-4602.8
-4604.02
-4605.24
-4606.46
-4607.69
-4608.92
-4610.16
-4611.4
-4612.64
-4613.89
-4615.15
-4616.41
-4617.68
-4618.95
-4620.23
-4621.52
-4622.81
-4624.11
-4625.42
-4626.74
-4628.07
-4629.4
-4630.75
-4632.1
-4633.47
-4634.85
-4636.24
-4637.64
-4639.06
-4640.5
-4641.96
-4643.43
-4644.93
-4646.45
-4647.99
-4649.57
-4651.19
-4652.84
-4654.54
-4656.29
-4658.11
-4660.02
-4662.04
-4664.2
-4666.59
-4669.37
-4673.17
