160.644
158.246
155.848
153.45
151.052
148.653
146.255
143.856
141.458
139.059
136.66
134.261
131.862
129.463
127.064
124.665
122.265
119.866
117.466
115.067
112.667
110.267
107.867
105.467
103.067
100.667
98.267
95.8666
93.4662
91.0656
88.665
86.2643
83.8635
81.4626
79.0616
76.6606
74.2594
71.8581
69.4568
67.0554
64.6538
62.2522
59.8505
57.4487
55.0468
52.6448
50.2427
47.8406
45.4383
43.036
40.6335
38.231
35.8284
33.4257
31.0229
28.62
26.217
23.8139
21.4107
19.0075
16.6041
14.2007
11.7972
9.39353
6.98982
4.58601
2.18212
-0.221869
-2.62595
-5.03011
-7.43437
-9.83872
-12.2432
-14.6477
-17.0523
-19.457
-21.8618
-24.2667
-26.6717
-29.0768
-31.482
-33.8872
-36.2926
-38.698
-41.1035
-43.5092
-45.9149
-48.3207
-50.7266
-53.1326
-55.5386
-57.9448
-60.3511
-62.7574
-65.1639
-67.5704
-69.977
-72.3837
-74.7905
-77.1974
-79.6044
-82.0115
-84.4187
-86.8259
-89.2333
-91.6407
-94.0482
-96.4559
-98.8636
-101.271
-103.679
-106.087
-108.495
-110.903
-113.312
-115.72
-118.129
-120.537
-122.946
-125.354
-127.763
-130.172
-132.581
-134.99
-137.399
-139.809
-142.218
-144.627
-147.037
-149.447
-151.856
-154.266
-156.676
-159.086
-161.496
-163.906
-166.316
-168.727
-171.137
-173.548
-175.958
-178.369
-180.78
-183.191
-185.602
-188.013
-190.424
-192.835
-195.247
-197.658
-200.069
-202.481
-204.893
-207.305
-209.717
-212.128
-214.541
-216.953
-219.365
-221.777
-224.19
-226.602
-229.015
-231.428
-233.84
-236.253
-238.666
-241.079
-243.492
-245.906
-248.319
-250.732
-253.146
-255.56
-257.973
-260.387
-262.801
-265.215
-267.629
-270.043
-272.457
-274.872
-277.286
-279.701
-282.115
-284.53
-286.945
-289.36
-291.775
-294.19
-296.605
-299.02
-301.435
-303.851
-306.266
-308.682
-311.098
-313.513
-315.929
-318.345
-320.761
-323.178
-325.594
-328.01
-330.426
-332.843
-335.26
-337.676
-340.093
-342.51
-344.927
-347.344
-349.761
-352.178
-354.596
-357.013
-359.431
-361.848
-364.266
-366.684
-369.102
-371.519
-373.938
-376.356
-378.774
-381.192
-383.611
-386.029
-388.448
-390.866
-393.285
-395.704
-398.123
-400.542
-402.961
-405.38
-407.8
-410.219
-412.639
-415.058
-417.478
-419.898
-422.318
-424.738
-427.158
-429.578
-431.998
-434.418
-436.839
-439.259
-441.68
-444.1
-446.521
-448.942
-451.363
-453.784
-456.205
-458.626
-461.048
-463.469
-465.891
-468.312
-470.734
-473.156
-475.577
-477.999
-480.421
-482.843
-485.266
-487.688
-490.11
-492.533
-494.955
-497.378
-499.801
-502.224
-504.647
-507.07
-509.493
-511.916
-514.339
-516.763
-519.186
-521.61
-524.033
-526.457
-528.881
-531.305
-533.729
-536.153
-538.577
-541.001
-543.426
-545.85
-548.275
-550.7
-553.124
-555.549
-557.974
-560.399
-562.824
-565.249
-567.675
-570.1
-572.525
-574.951
-577.377
-579.802
-582.228
-584.654
-587.08
-589.506
-591.932
-594.359
-596.785
-599.212
-601.638
-604.065
-606.491
-608.918
-611.345
-613.772
-616.199
-618.626
-621.054
-623.481
-625.909
-628.336
-630.764
-633.191
-635.619
-638.047
-640.475
-642.903
-645.331
-647.76
-650.188
-652.617
-655.045
-657.474
-659.902
-662.331
-664.76
-667.189
-669.618
-672.047
-674.477
-676.906
-679.335
-681.765
-684.195
-686.624
-689.054
-691.484
-693.914
-696.344
-698.774
-701.204
-703.635
-706.065
-708.496
-710.926
-713.357
-715.788
-718.219
-720.65
-723.081
-725.512
-727.943
-730.374
-732.806
-735.237
-737.669
-740.101
-742.532
-744.964
-747.396
-749.828
-752.26
-754.693
-757.125
-759.557
-761.99
-764.422
-766.855
-769.288
-771.721
-774.154
-776.587
-779.02
-781.453
-783.886
-786.32
-788.753
-791.187
-793.621
-796.054
-798.488
-800.922
-803.356
-805.79
-808.225
-810.659
-813.093
-815.528
-817.962
-820.397
-822.832
-825.267
-827.702
-830.137
-832.572
-835.007
-837.442
-839.878
-842.313
-844.749
-847.184
-849.62
-852.056
-854.492
-856.928
-859.364
-861.8
-864.236
-866.673
-869.109
-871.546
-873.982
-876.419
-878.856
-881.293
-883.73
-886.167
-888.604
-891.042
-893.479
-895.916
-898.354
-900.792
-903.229
-905.667
-908.105
-910.543
-912.981
-915.419
-917.858
-920.296
-922.734
-925.173
-927.612
-930.05
-932.489
-934.928
-937.367
-939.806
-942.245
-944.684
-947.124
-949.563
-952.003
-954.442
-956.882
-959.322
-961.762
-964.202
-966.642
-969.082
-971.522
-973.963
-976.403
-978.843
-981.284
-983.725
-986.166
-988.606
-991.047
-993.488
-995.93
-998.371
-1000.81
-1003.25
-1005.7
-1008.14
-1010.58
-1013.02
-1015.46
-1017.9
-1020.35
-1022.79
-1025.23
-1027.67
-1030.12
-1032.56
-1035
-1037.44
-1039.89
-1042.33
-1044.77
-1047.21
-1049.66
-1052.1
-1054.54
-1056.99
-1059.43
-1061.87
-1064.32
-1066.76
-1069.21
-1071.65
-1074.09
-1076.54
-1078.98
-1081.43
-1083.87
-1086.32
-1088.76
-1091.2
-1093.65
-1096.09
-1098.54
-1100.98
-1103.43
-1105.87
-1108.32
-1110.76
-1113.21
-1115.66
-1118.1
-1120.55
-1122.99
-1125.44
-1127.89
-1130.33
-1132.78
-1135.22
-1137.67
-1140.12
-1142.56
-1145.01
-1147.46
-1149.9
-1152.35
-1154.8
-1157.24
-1159.69
-1162.14
-1164.59
-1167.03
-1169.48
-1171.93
-1174.38
-1176.82
-1179.27
-1181.72
-1184.17
-1186.62
-1189.06
-1191.51
-1193.96
-1196.41
-1198.86
-1201.31
-1203.76
-1206.2
-1208.65
-1211.1
-1213.55
-1216
-1218.45
-1220.9
-1223.35
-1225.8
-1228.25
-1230.7
-1233.15
-1235.6
-1238.05
-1240.5
-1242.95
-1245.4
-1247.85
-1250.3
-1252.75
-1255.2
-1257.65
-1260.1
-1262.55
-1265
-1267.46
-1269.91
-1272.36
-1274.81
-1277.26
-1279.71
-1282.16
-1284.62
-1287.07
-1289.52
-1291.97
-1294.42
-1296.88
-1299.33
-1301.78
-1304.23
-1306.69
-1309.14
-1311.59
-1314.04
-1316.5
-1318.95
-1321.4
-1323.86
-1326.31
-1328.76
-1331.22
-1333.67
-1336.12
-1338.58
-1341.03
-1343.48
-1345.94
-1348.39
-1350.85
-1353.3
-1355.76
-1358.21
-1360.66
-1363.12
-1365.57
-1368.03
-1370.48
-1372.94
-1375.39
-1377.85
-1380.3
-1382.76
-1385.21
-1387.67
-1390.13
-1392.58
-1395.04
-1397.49
-1399.95
-1402.41
-1404.86
-1407.32
-1409.77
-1412.23
-1414.69
-1417.14
-1419.6
-1422.06
-1424.51
-1426.97
-1429.43
-1431.88
-1434.34
-1436.8
-1439.26
-1441.71
-1444.17
-1446.63
-1449.09
-1451.54
-1454
-1456.46
-1458.92
-1461.38
-1463.84
-1466.29
-1468.75
-1471.21
-1473.67
-1476.13
-1478.59
-1481.05
-1483.51
-1485.96
-1488.42
-1490.88
-1493.34
-1495.8
-1498.26
-1500.72
-1503.18
-1505.64
-1508.1
-1510.56
-1513.02
-1515.48
-1517.94
-1520.4
-1522.86
-1525.32
-1527.78
-1530.24
-1532.7
-1535.16
-1537.63
-1540.09
-1542.55
-1545.01
-1547.47
-1549.93
-1552.39
-1554.86
-1557.32
-1559.78
-1562.24
-1564.7
-1567.16
-1569.63
-1572.09
-1574.55
-1577.01
-1579.48
-1581.94
-1584.4
-1586.86
-1589.33
-1591.79
-1594.25
-1596.72
-1599.18
-1601.64
-1604.11
-1606.57
-1609.03
-1611.5
-1613.96
-1616.42
-1618.89
-1621.35
-1623.82
-1626.28
-1628.74
-1631.21
-1633.67
-1636.14
-1638.6
-1641.07
-1643.53
-1646
-1648.46
-1650.93
-1653.39
-1655.86
-1658.32
-1660.79
-1663.25
-1665.72
-1668.19
-1670.65
-1673.12
-1675.58
-1678.05
-1680.52
-1682.98
-1685.45
-1687.91
-1690.38
-1692.85
-1695.31
-1697.78
-1700.25
-1702.71
-1705.18
-1707.65
-1710.12
-1712.58
-1715.05
-1717.52
-1719.99
-1722.45
-1724.92
-1727.39
-1729.86
-1732.33
-1734.79
-1737.26
-1739.73
-1742.2
-1744.67
-1747.14
-1749.6
-1752.07
-1754.54
-1757.01
-1759.48
-1761.95
-1764.42
-1766.89
-1769.36
-1771.83
-1774.3
-1776.77
-1779.24
-1781.71
-1784.18
-1786.65
-1789.12
-1791.59
-1794.06
-1796.53
-1799
-1801.47
-1803.94
-1806.41
-1808.88
-1811.35
-1813.82
-1816.29
-1818.76
-1821.23
-1823.71
-1826.18
-1828.65
-1831.12
-1833.59
-1836.06
-1838.54
-1841.01
-1843.48
-1845.95
-1848.42
-1850.9
-1853.37
-1855.84
-1858.31
-1860.79
-1863.26
-1865.73
-1868.21
-1870.68
-1873.15
-1875.62
-1878.1
-1880.57
-1883.05
-1885.52
-1887.99
-1890.47
-1892.94
-1895.41
-1897.89
-1900.36
-1902.84
-1905.31
-1907.78
-1910.26
-1912.73
-1915.21
-1917.68
-1920.16
-1922.63
-1925.11
-1927.58
-1930.06
-1932.53
-1935.01
-1937.48
-1939.96
-1942.44
-1944.91
-1947.39
-1949.86
-1952.34
-1954.82
-1957.29
-1959.77
-1962.24
-1964.72
-1967.2
-1969.67
-1972.15
-1974.63
-1977.1
-1979.58
-1982.06
-1984.53
-1987.01
-1989.49
-1991.97
-1994.44
-1996.92
-1999.4
-2001.88
-2004.36
-2006.83
-2009.31
-2011.79
-2014.27
-2016.75
-2019.22
-2021.7
-2024.18
-2026.66
-2029.14
-2031.62
-2034.1
-2036.58
-2039.05
-2041.53
-2044.01
-2046.49
-2048.97
-2051.45
-2053.93
-2056.41
-2058.89
-2061.37
-2063.85
-2066.33
-2068.81
-2071.29
-2073.77
-2076.25
-2078.73
-2081.21
-2083.69
-2086.17
-2088.66
-2091.14
-2093.62
-2096.1
-2098.58
-2101.06
-2103.54
-2106.02
-2108.51
-2110.99
-2113.47
-2115.95
-2118.43
-2120.92
-2123.4
-2125.88
-2128.36
-2130.84
-2133.33
-2135.81
-2138.29
-2140.78
-2143.26
-2145.74
-2148.22
-2150.71
-2153.19
-2155.67
-2158.16
-2160.64
-2163.12
-2165.61
-2168.09
-2170.58
-2173.06
-2175.54
-2178.03
-2180.51
-2183
-2185.48
-2187.96
-2190.45
-2192.93
-2195.42
-2197.9
-2200.39
-2202.87
-2205.36
-2207.84
-2210.33
-2212.81
-2215.3
-2217.79
-2220.27
-2222.76
-2225.24
-2227.73
-2230.21
-2232.7
-2235.19
-2237.67
-2240.16
-2242.65
-2245.13
-2247.62
-2250.11
-2252.59
-2255.08
-2257.57
-2260.05
-2262.54
-2265.03
-2267.51
-2270
-2272.49
-2274.98
-2277.46
-2279.95
-2282.44
-2284.93
-2287.42
-2289.9
-2292.39
-2294.88
-2297.37
-2299.86
-2302.35
-2304.83
-2307.32
-2309.81
-2312.3
-2314.79
-2317.28
-2319.77
-2322.26
-2324.75
-2327.24
-2329.73
-2332.22
-2334.71
-2337.2
-2339.69
-2342.18
-2344.67
-2347.16
-2349.65
-2352.14
-2354.63
-2357.12
-2359.61
-2362.1
-2364.59
-2367.08
-2369.57
-2372.06
-2374.55
-2377.04
-2379.54
-2382.03
-2384.52
-2387.01
-2389.5
-2391.99
-2394.49
-2396.98
-2399.47
-2401.96
-2404.45
-2406.95
-2409.44
-2411.93
-2414.42
-2416.92
-2419.41
-2421.9
-2424.39
-2426.89
-2429.38
-2431.87
-2434.37
-2436.86
-2439.35
-2441.85
-2444.34
-2446.84
-2449.33
-2451.82
-2454.32
-2456.81
-2459.31
-2461.8
-2464.29
-2466.79
-2469.28
-2471.78
-2474.27
-2476.77
-2479.26
-2481.76
-2484.25
-2486.75
-2489.24
-2491.74
-2494.23
-2496.73
-2499.22
-2501.72
-2504.22
-2506.71
-2509.21
-2511.7
-2514.2
-2516.7
-2519.19
-2521.69
-2524.18
-2526.68
-2529.18
-2531.67
-2534.17
-2536.67
-2539.17
-2541.66
-2544.16
-2546.66
-2549.15
-2551.65
-2554.15
-2556.65
-2559.14
-2561.64
-2564.14
-2566.64
-2569.14
-2571.63
-2574.13
-2576.63
-2579.13
-2581.63
-2584.13
-2586.63
-2589.12
-2591.62
-2594.12
-2596.62
-2599.12
-2601.62
-2604.12
-2606.62
-2609.12
-2611.62
-2614.12
-2616.62
-2619.12
-2621.62
-2624.12
-2626.62
-2629.12
-2631.62
-2634.12
-2636.62
-2639.12
-2641.62
-2644.12
-2646.62
-2649.12
-2651.62
-2654.12
-2656.63
-2659.13
-2661.63
-2664.13
-2666.63
-2669.13
-2671.63
-2674.14
-2676.64
-2679.14
-2681.64
-2684.14
-2686.65
-2689.15
-2691.65
-2694.15
-2696.66
-2699.16
-2701.66
-2704.16
-2706.67
-2709.17
-2711.67
-2714.18
-2716.68
-2719.18
-2721.69
-2724.19
-2726.69
-2729.2
-2731.7
-2734.21
-2736.71
-2739.21
-2741.72
-2744.22
-2746.73
-2749.23
-2751.74
-2754.24
-2756.75
-2759.25
-2761.76
-2764.26
-2766.77
-2769.27
-2771.78
-2774.28
-2776.79
-2779.29
-2781.8
-2784.3
-2786.81
-2789.32
-2791.82
-2794.33
-2796.83
-2799.34
-2801.85
-2804.35
-2806.86
-2809.37
-2811.87
-2814.38
-2816.89
-2819.39
-2821.9
-2824.41
-2826.91
-2829.42
-2831.93
-2834.44
-2836.94
-2839.45
-2841.96
-2844.47
-2846.98
-2849.48
-2851.99
-2854.5
-2857.01
-2859.52
-2862.03
-2864.53
-2867.04
-2869.55
-2872.06
-2874.57
-2877.08
-2879.59
-2882.1
-2884.61
-2887.12
-2889.62
-2892.13
-2894.64
-2897.15
-2899.66
-2902.17
-2904.68
-2907.19
-2909.7
-2912.21
-2914.72
-2917.23
-2919.75
-2922.26
-2924.77
-2927.28
-2929.79
-2932.3
-2934.81
-2937.32
-2939.83
-2942.34
-2944.86
-2947.37
-2949.88
-2952.39
-2954.9
-2957.41
-2959.93
-2962.44
-2964.95
-2967.46
-2969.97
-2972.49
-2975
-2977.51
-2980.02
-2982.54
-2985.05
-2987.56
-2990.08
-2992.59
-2995.1
-2997.62
-3000.13
-3002.64
-3005.16
-3007.67
-3010.18
-3012.7
-3015.21
-3017.72
-3020.24
-3022.75
-3025.27
-3027.78
-3030.3
-3032.81
-3035.33
-3037.84
-3040.35
-3042.87
-3045.38
-3047.9
-3050.41
-3052.93
-3055.45
-3057.96
-3060.48
-3062.99
-3065.51
-3068.02
-3070.54
-3073.05
-3075.57
-3078.09
-3080.6
-3083.12
-3085.64
-3088.15
-3090.67
-3093.19
-3095.7
-3098.22
-3100.74
-3103.25
-3105.77
-3108.29
-3110.8
-3113.32
-3115.84
-3118.36
-3120.87
-3123.39
-3125.91
-3128.43
-3130.95
-3133.46
-3135.98
-3138.5
-3141.02
-3143.54
-3146.06
-3148.57
-3151.09
-3153.61
-3156.13
-3158.65
-3161.17
-3163.69
-3166.21
-3168.73
-3171.25
-3173.77
-3176.28
-3178.8
-3181.32
-3183.84
-3186.36
-3188.88
-3191.4
-3193.92
-3196.44
-3198.96
-3201.49
-3204.01
-3206.53
-3209.05
-3211.57
-3214.09
-3216.61
-3219.13
-3221.65
-3224.17
-3226.69
-3229.22
-3231.74
-3234.26
-3236.78
-3239.3
-3241.82
-3244.35
-3246.87
-3249.39
-3251.91
-3254.44
-3256.96
-3259.48
-3262
-3264.53
-3267.05
-3269.57
-3272.09
-3274.62
-3277.14
-3279.66
-3282.19
-3284.71
-3287.23
-3289.76
-3292.28
-3294.8
-3297.33
-3299.85
-3302.38
-3304.9
-3307.42
-3309.95
-3312.47
-3315
-3317.52
-3320.05
-3322.57
-3325.1
-3327.62
-3330.15
-3332.67
-3335.2
-3337.72
-3340.25
-3342.77
-3345.3
-3347.82
-3350.35
-3352.88
-3355.4
-3357.93
-3360.45
-3362.98
-3365.51
-3368.03
-3370.56
-3373.08
-3375.61
-3378.14
-3380.66
-3383.19
-3385.72
-3388.25
-3390.77
-3393.3
-3395.83
-3398.35
-3400.88
-3403.41
-3405.94
-3408.47
-3410.99
-3413.52
-3416.05
-3418.58
-3421.11
-3423.63
-3426.16
-3428.69
-3431.22
-3433.75
-3436.28
-3438.8
-3441.33
-3443.86
-3446.39
-3448.92
-3451.45
-3453.98
-3456.51
-3459.04
-3461.57
-3464.1
-3466.63
-3469.16
-3471.69
-3474.22
-3476.75
-3479.28
-3481.81
-3484.34
-3486.87
-3489.4
-3491.93
-3494.46
-3496.99
-3499.52
-3502.05
-3504.58
-3507.12
-3509.65
-3512.18
-3514.71
-3517.24
-3519.77
-3522.3
-3524.84
-3527.37
-3529.9
-3532.43
-3534.96
-3537.5
-3540.03
-3542.56
-3545.09
-3547.63
-3550.16
-3552.69
-3555.23
-3557.76
-3560.29
-3562.82
-3565.36
-3567.89
-3570.42
-3572.96
-3575.49
-3578.03
-3580.56
-3583.09
-3585.63
-3588.16
-3590.7
-3593.23
-3595.76
-3598.3
-3600.83
-3603.37
-3605.9
-3608.44
-3610.97
-3613.51
-3616.04
-3618.58
-3621.11
-3623.65
-3626.18
-3628.72
-3631.25
-3633.79
-3636.32
-3638.86
-3641.4
-3643.93
-3646.47
-3649
-3651.54
-3654.08
-3656.61
-3659.15
-3661.69
-3664.22
-3666.76
-3669.3
-3671.83
-3674.37
-3676.91
-3679.45
-3681.98
-3684.52
-3687.06
-3689.59
-3692.13
-3694.67
-3697.21
-3699.75
-3702.28
-3704.82
-3707.36
-3709.9
-3712.44
-3714.98
-3717.51
-3720.05
-3722.59
-3725.13
-3727.67
-3730.21
-3732.75
-3735.29
-3737.83
-3740.37
-3742.9
-3745.44
-3747.98
-3750.52
-3753.06
-3755.6
-3758.14
-3760.68
-3763.22
-3765.76
-3768.3
-3770.84
-3773.38
-3775.93
-3778.47
-3781.01
-3783.55
-3786.09
-3788.63
-3791.17
-3793.71
-3796.25
-3798.79
-3801.34
-3803.88
-3806.42
-3808.96
-3811.5
-3814.04
-3816.59
-3819.13
-3821.67
-3824.21
-3826.76
-3829.3
-3831.84
-3834.38
-3836.93
-3839.47
-3842.01
-3844.55
-3847.1
-3849.64
-3852.18
-3854.73
-3857.27
-3859.81
-3862.36
-3864.9
-3867.45
-3869.99
-3872.53
-3875.08
-3877.62
-3880.17
-3882.71
-3885.25
-3887.8
-3890.34
-3892.89
-3895.43
-3897.98
-3900.52
-3903.07
-3905.61
-3908.16
-3910.7
-3913.25
-3915.79
-3918.34
-3920.89
-3923.43
-3925.98
-3928.52
-3931.07
-3933.61
-3936.16
-3938.71
-3941.25
-3943.8
-3946.35
-3948.89
-3951.44
-3953.99
-3956.53
-3959.08
-3961.63
-3964.17
-3966.72
-3969.27
-3971.82
-3974.36
-3976.91
-3979.46
-3982.01
-3984.56
-3987.1
-3989.65
-3992.2
-3994.75
-3997.3
-3999.84
-4002.39
-4004.94
-4007.49
-4010.04
-4012.59
-4015.14
-4017.69
-4020.23
-4022.78
-4025.33
-4027.88
-4030.43
-4032.98
-4035.53
-4038.08
-4040.63
-4043.18
-4045.73
-4048.28
-4050.83
-4053.38
-4055.93
-4058.48
-4061.03
-4063.58
-4066.13
-4068.68
-4071.24
-4073.79
-4076.34
-4078.89
-4081.44
-4083.99
-4086.54
-4089.09
-4091.65
-4094.2
-4096.75
-4099.3
-4101.85
-4104.4
-4106.96
-4109.51
-4112.06
-4114.61
-4117.17
-4119.72
-4122.27
-4124.82
-4127.38
-4129.93
-4132.48
-4135.04
-4137.59
-4140.14
-4142.7
-4145.25
-4147.8
-4150.36
-4152.91
-4155.46
-4158.02
-4160.57
-4163.13
-4165.68
-4168.23
-4170.79
-4173.34
-4175.9
-4178.45
-4181.01
-4183.56
-4186.12
-4188.67
-4191.23
-4193.78
-4196.34
-4198.89
-4201.45
-4204
-4206.56
-4209.11
-4211.67
-4214.23
-4216.78
-4219.34
-4221.89
-4224.45
-4227.01
-4229.56
-4232.12
-4234.68
-4237.23
-4239.79
-4242.35
-4244.9
-4247.46
-4250.02
-4252.57
-4255.13
-4257.69
-4260.25
-4262.8
-4265.36
-4267.92
-4270.48
-4273.03
-4275.59
-4278.15
-4280.71
-4283.27
-4285.82
-4288.38
-4290.94
-4293.5
-4296.06
-4298.62
-4301.18
-4303.74
-4306.29
-4308.85
-4311.41
-4313.97
-4316.53
-4319.09
-4321.65
-4324.21
-4326.77
-4329.33
-4331.89
-4334.45
-4337.01
-4339.57
-4342.13
-4344.69
-4347.25
-4349.81
-4352.37
-4354.93
-4357.49
-4360.05
-4362.62
-4365.18
-4367.74
-4370.3
-4372.86
-4375.42
-4377.98
-4380.54
-4383.11
-4385.67
-4388.23
-4390.79
-4393.35
-4395.92
-4398.48
-4401.04
-4403.6
-4406.17
-4408.73
-4411.29
-4413.85
-4416.42
-4418.98
-4421.54
-4424.11
-4426.67
-4429.23
-4431.79
-4434.36
-4436.92
-4439.49
-4442.05
-4444.61
-4447.18
-4449.74
-4452.31
-4454.87
-4457.43
-4460
-4462.56
-4465.13
-4467.69
-4470.26
-4472.82
-4475.39
-4477.95
-4480.52
-4483.08
-4485.65
-4488.21
-4490.78
-4493.34
-4495.91
-4498.47
-4501.04
-4503.61
-4506.17
-4508.74
-4511.3
-4513.87
-4516.44
-4519
-4521.57
-4524.14
-4526.7
-4529.27
-4531.84
-4534.4
-4536.97
-4539.54
-4542.1
-4544.67
-4547.24
-4549.81
-4552.37
-4554.94
-4557.51
-4560.08
-4562.64
-4565.21
-4567.78
-4570.35
-4572.92
-4575.48
-4578.05
-4580.62
-4583.19
-4585.76
-4588.33
-4590.9
-4593.47
-4596.03
-4598.6
-4601.17
-4603.74
-4606.31
-4608.88
-4611.45
-4614.02
-4616.59
-4619.16
-4621.73
-4624.3
-4626.87
-4629.44
-4632.01
-4634.58
-4637.15
-4639.72
-4642.29
-4644.86
-4647.43
-4650.01
-4652.58
-4655.15
-4657.72
-4660.29
-4662.86
-4665.43
-4668
-4670.58
-4673.15
-4675.72
-4678.29
-4680.86
-4683.44
-4686.01
-4688.58
-4691.15
-4693.72
-4696.3
-4698.87
-4701.44
-4704.01
-4706.59
-4709.16
-4711.73
-4714.31
-4716.88
-4719.45
-4722.03
-4724.6
-4727.17
-4729.75
-4732.32
-4734.89
-4737.47
-4740.04
-4742.62
-4745.19
-4747.77
-4750.34
-4752.91
-4755.49
-4758.06
-4760.64
-4763.21
-4765.79
-4768.36
-4770.94
-4773.51
-4776.09
-4778.66
-4781.24
-4783.81
-4786.39
-4788.97
-4791.54
-4794.12
-4796.69
-4799.27
-4801.85
-4804.42
-4807
-4809.57
-4812.15
-4814.73
-4817.3
-4819.88
-4822.46
-4825.03
-4827.61
-4830.19
-4832.77
-4835.34
-4837.92
-4840.5
-4843.08
-4845.65
-4848.23
-4850.81
-4853.39
-4855.96
-4858.54
-4861.12
-4863.7
-4866.28
-4868.86
-4871.43
-4874.01
-4876.59
-4879.17
-4881.75
-4884.33
-4886.91
-4889.49
-4892.07
-4894.65
-4897.23
-4899.8
-4902.38
-4904.96
-4907.54
-4910.12
-4912.7
-4915.28
-4917.86
-4920.44
-4923.02
-4925.6
-4928.19
-4930.77
-4933.35
-4935.93
-4938.51
-4941.09
-4943.67
-4946.25
-4948.83
-4951.41
-4953.99
-4956.58
-4959.16
-4961.74
-4964.32
-4966.9
-4969.48
-4972.07
-4974.65
-4977.23
-4979.81
-4982.4
-4984.98
-4987.56
-4990.14
-4992.73
-4995.31
-4997.89
-5000.47
-5003.06
-5005.64
-5008.22
-5010.81
-5013.39
-5015.97
-5018.56
-5021.14
-5023.73
-5026.31
-5028.89
-5031.48
-5034.06
-5036.65
-5039.23
-5041.81
-5044.4
-5046.98
-5049.57
-5052.15
-5054.74
-5057.32
-5059.91
-5062.49
-5065.08
-5067.66
-5070.25
-5072.83
-5075.42
-5078.01
-5080.59
-5083.18
-5085.76
-5088.35
-5090.93
-5093.52
-5096.11
-5098.69
-5101.28
-5103.87
-5106.45
-5109.04
-5111.63
-5114.21
-5116.8
-5119.39
-5121.97
-5124.56
-5127.15
-5129.74
-5132.32
-5134.91
-5137.5
-5140.09
-5142.68
-5145.26
-5147.85
-5150.44
-5153.03
-5155.62
-5158.2
-5160.79
-5163.38
-5165.97
-5168.56
-5171.15
-5173.74
-5176.33
-5178.91
-5181.5
-5184.09
-5186.68
-5189.27
-5191.86
-5194.45
-5197.04
-5199.63
-5202.22
-5204.81
-5207.4
-5209.99
-5212.58
-5215.17
-5217.76
-5220.35
-5222.94
-5225.53
-5228.12
-5230.72
-5233.31
-5235.9
-5238.49
-5241.08
-5243.67
-5246.26
-5248.85
-5251.45
-5254.04
-5256.63
-5259.22
-5261.81
-5264.4
-5267
-5269.59
-5272.18
-5274.77
-5277.37
-5279.96
-5282.55
-5285.14
-5287.74
-5290.33
-5292.92
-5295.52
-5298.11
-5300.7
-5303.3
-5305.89
-5308.48
-5311.08
-5313.67
-5316.26
-5318.86
-5321.45
-5324.05
-5326.64
-5329.23
-5331.83
-5334.42
-5337.02
-5339.61
-5342.21
-5344.8
-5347.4
-5349.99
-5352.59
-5355.18
-5357.78
-5360.37
-5362.97
-5365.56
-5368.16
-5370.75
-5373.35
-5375.95
-5378.54
-5381.14
-5383.73
-5386.33
-5388.93
-5391.52
-5394.12
-5396.72
-5399.31
-5401.91
-5404.51
-5407.1
-5409.7
-5412.3
-5414.9
-5417.49
-5420.09
-5422.69
-5425.28
-5427.88
-5430.48
-5433.08
-5435.68
-5438.27
-5440.87
-5443.47
-5446.07
-5448.67
-5451.27
-5453.86
-5456.46
-5459.06
-5461.66
-5464.26
-5466.86
-5469.46
-5472.06
-5474.66
-5477.25
-5479.85
-5482.45
-5485.05
-5487.65
-5490.25
-5492.85
-5495.45
-5498.05
-5500.65
-5503.25
-5505.85
-5508.45
-5511.05
-5513.65
-5516.26
-5518.86
-5521.46
-5524.06
-5526.66
-5529.26
-5531.86
-5534.46
-5537.06
-5539.67
-5542.27
-5544.87
-5547.47
-5550.07
-5552.67
-5555.28
-5557.88
-5560.48
-5563.08
-5565.68
-5568.29
-5570.89
-5573.49
-5576.1
-5578.7
-5581.3
-5583.9
-5586.51
-5589.11
-5591.71
-5594.32
-5596.92
-5599.52
-5602.13
-5604.73
-5607.33
-5609.94
-5612.54
-5615.15
-5617.75
-5620.35
-5622.96
-5625.56
-5628.17
-5630.77
-5633.38
-5635.98
-5638.59
-5641.19
-5643.8
-5646.4
-5649.01
-5651.61
-5654.22
-5656.82
-5659.43
-5662.03
-5664.64
-5667.25
-5669.85
-5672.46
-5675.06
-5677.67
-5680.28
-5682.88
-5685.49
-5688.1
-5690.7
-5693.31
-5695.92
-5698.52
-5701.13
-5703.74
-5706.34
-5708.95
-5711.56
-5714.17
-5716.77
-5719.38
-5721.99
-5724.6
-5727.21
-5729.81
-5732.42
-5735.03
-5737.64
-5740.25
-5742.85
-5745.46
-5748.07
-5750.68
-5753.29
-5755.9
-5758.51
-5761.12
-5763.73
-5766.33
-5768.94
-5771.55
-5774.16
-5776.77
-5779.38
-5781.99
-5784.6
-5787.21
-5789.82
-5792.43
-5795.04
-5797.65
-5800.26
-5802.87
-5805.48
-5808.09
-5810.7
-5813.32
-5815.93
-5818.54
-5821.15
-5823.76
-5826.37
-5828.98
-5831.59
-5834.21
-5836.82
-5839.43
-5842.04
-5844.65
-5847.26
-5849.88
-5852.49
-5855.1
-5857.71
-5860.33
-5862.94
-5865.55
-5868.16
-5870.78
-5873.39
-5876
-5878.62
-5881.23
-5883.84
-5886.46
-5889.07
-5891.68
-5894.3
-5896.91
-5899.52
-5902.14
-5904.75
-5907.36
-5909.98
-5912.59
-5915.21
-5917.82
-5920.44
-5923.05
-5925.67
-5928.28
-5930.9
-5933.51
-5936.13
-5938.74
-5941.36
-5943.97
-5946.59
-5949.2
-5951.82
-5954.43
-5957.05
-5959.66
-5962.28
-5964.9
-5967.51
-5970.13
-5972.75
-5975.36
-5977.98
-5980.59
-5983.21
-5985.83
-5988.44
-5991.06
-5993.68
-5996.3
-5998.91
-6001.53
-6004.15
-6006.76
-6009.38
-6012
-6014.62
-6017.24
-6019.85
-6022.47
-6025.09
-6027.71
-6030.33
-6032.94
-6035.56
-6038.18
-6040.8
-6043.42
-6046.04
-6048.66
-6051.28
-6053.89
-6056.51
-6059.13
-6061.75
-6064.37
-6066.99
-6069.61
-6072.23
-6074.85
-6077.47
-6080.09
-6082.71
-6085.33
-6087.95
-6090.57
-6093.19
-6095.81
-6098.43
-6101.05
-6103.67
-6106.29
-6108.92
-6111.54
-6114.16
-6116.78
-6119.4
-6122.02
-6124.64
-6127.26
-6129.89
-6132.51
-6135.13
-6137.75
-6140.37
-6143
-6145.62
-6148.24
-6150.86
-6153.48
-6156.11
-6158.73
-6161.35
-6163.98
-6166.6
-6169.22
-6171.84
-6174.47
-6177.09
-6179.71
-6182.34
-6184.96
-6187.58
-6190.21
-6192.83
-6195.46
-6198.08
-6200.7
-6203.33
-6205.95
-6208.58
-6211.2
-6213.83
-6216.45
-6219.08
-6221.7
-6224.32
-6226.95
-6229.57
-6232.2
-6234.83
-6237.45
-6240.08
-6242.7
-6245.33
-6247.95
-6250.58
-6253.2
-6255.83
-6258.46
-6261.08
-6263.71
-6266.33
-6268.96
-6271.59
-6274.21
-6276.84
-6279.47
-6282.09
-6284.72
-6287.35
-6289.98
-6292.6
-6295.23
-6297.86
-6300.48
-6303.11
-6305.74
-6308.37
-6311
-6313.62
-6316.25
-6318.88
-6321.51
-6324.14
-6326.76
-6329.39
-6332.02
-6334.65
-6337.28
-6339.91
-6342.54
-6345.17
-6347.79
-6350.42
-6353.05
-6355.68
-6358.31
-6360.94
-6363.57
-6366.2
-6368.83
-6371.46
-6374.09
-6376.72
-6379.35
-6381.98
-6384.61
-6387.24
-6389.87
-6392.5
-6395.13
-6397.76
-6400.4
-6403.03
-6405.66
-6408.29
-6410.92
-6413.55
-6416.18
-6418.81
-6421.45
-6424.08
-6426.71
-6429.34
-6431.97
-6434.61
-6437.24
-6439.87
-6442.5
-6445.13
-6447.77
-6450.4
-6453.03
-6455.66
-6458.3
-6460.93
-6463.56
-6466.2
-6468.83
-6471.46
-6474.1
-6476.73
-6479.36
-6482
-6484.63
-6487.27
-6489.9
-6492.53
-6495.17
-6497.8
-6500.44
-6503.07
-6505.7
-6508.34
-6510.97
-6513.61
-6516.24
-6518.88
-6521.51
-6524.15
-6526.78
-6529.42
-6532.05
-6534.69
-6537.33
-6539.96
-6542.6
-6545.23
-6547.87
-6550.5
-6553.14
-6555.78
-6558.41
-6561.05
-6563.69
-6566.32
-6568.96
-6571.6
-6574.23
-6576.87
-6579.51
-6582.14
-6584.78
-6587.42
-6590.06
-6592.69
-6595.33
-6597.97
-6600.61
-6603.24
-6605.88
-6608.52
-6611.16
-6613.8
-6616.43
-6619.07
-6621.71
-6624.35
-6626.99
-6629.63
-6632.27
-6634.9
-6637.54
-6640.18
-6642.82
-6645.46
-6648.1
-6650.74
-6653.38
-6656.02
-6658.66
-6661.3
-6663.94
-6666.58
-6669.22
-6671.86
-6674.5
-6677.14
-6679.78
-6682.42
-6685.06
-6687.7
-6690.34
-6692.98
-6695.62
-6698.26
-6700.91
-6703.55
-6706.19
-6708.83
-6711.47
-6714.11
-6716.75
-6719.4
-6722.04
-6724.68
-6727.32
-6729.96
-6732.61
-6735.25
-6737.89
-6740.53
-6743.18
-6745.82
-6748.46
-6751.1
-6753.75
-6756.39
-6759.03
-6761.68
-6764.32
-6766.96
-6769.61
-6772.25
-6774.89
-6777.54
-6780.18
-6782.83
-6785.47
-6788.11
-6790.76
-6793.4
-6796.05
-6798.69
-6801.34
-6803.98
-6806.63
-6809.27
-6811.92
-6814.56
-6817.21
-6819.85
-6822.5
-6825.14
-6827.79
-6830.43
-6833.08
-6835.72
-6838.37
-6841.02
-6843.66
-6846.31
-6848.95
-6851.6
-6854.25
-6856.89
-6859.54
-6862.19
-6864.83
-6867.48
-6870.13
-6872.77
-6875.42
-6878.07
-6880.71
-6883.36
-6886.01
-6888.66
-6891.31
-6893.95
-6896.6
-6899.25
-6901.9
-6904.54
-6907.19
-6909.84
-6912.49
-6915.14
-6917.79
-6920.44
-6923.08
-6925.73
-6928.38
-6931.03
-6933.68
-6936.33
-6938.98
-6941.63
-6944.28
-6946.93
-6949.58
-6952.23
-6954.88
-6957.53
-6960.18
-6962.83
-6965.48
-6968.13
-6970.78
-6973.43
-6976.08
-6978.73
-6981.38
-6984.03
-6986.68
-6989.33
-6991.98
-6994.63
-6997.28
-6999.94
-7002.59
-7005.24
-7007.89
-7010.54
-7013.19
-7015.85
-7018.5
-7021.15
-7023.8
-7026.45
-7029.11
-7031.76
-7034.41
-7037.06
-7039.72
-7042.37
-7045.02
-7047.68
-7050.33
-7052.98
-7055.64
-7058.29
-7060.94
-7063.6
-7066.25
-7068.9
-7071.56
-7074.21
-7076.87
-7079.52
-7082.17
-7084.83
-7087.48
-7090.14
-7092.79
-7095.45
-7098.1
-7100.75
-7103.41
-7106.06
-7108.72
-7111.38
-7114.03
-7116.69
-7119.34
-7122
-7124.65
-7127.31
-7129.96
-7132.62
-7135.28
-7137.93
-7140.59
-7143.24
-7145.9
-7148.56
-7151.21
-7153.87
-7156.53
-7159.18
-7161.84
-7164.5
-7167.15
-7169.81
-7172.47
-7175.13
-7177.78
-7180.44
-7183.1
-7185.76
-7188.41
-7191.07
-7193.73
-7196.39
-7199.05
-7201.7
-7204.36
-7207.02
-7209.68
-7212.34
-7215
-7217.66
-7220.31
-7222.97
-7225.63
-7228.29
-7230.95
-7233.61
-7236.27
-7238.93
-7241.59
-7244.25
-7246.91
-7249.57
-7252.23
-7254.89
-7257.55
-7260.21
-7262.87
-7265.53
-7268.19
-7270.85
-7273.51
-7276.17
-7278.83
-7281.49
-7284.16
-7286.82
-7289.48
-7292.14
-7294.8
-7297.46
-7300.12
-7302.79
-7305.45
-7308.11
-7310.77
-7313.43
-7316.1
-7318.76
-7321.42
-7324.08
-7326.75
-7329.41
-7332.07
-7334.73
-7337.4
-7340.06
-7342.72
-7345.39
-7348.05
-7350.71
-7353.38
-7356.04
-7358.7
-7361.37
-7364.03
-7366.69
-7369.36
-7372.02
-7374.69
-7377.35
-7380.01
-7382.68
-7385.34
-7388.01
-7390.67
-7393.34
-7396
-7398.67
-7401.33
-7404
-7406.66
-7409.33
-7411.99
-7414.66
-7417.33
-7419.99
-7422.66
-7425.32
-7427.99
-7430.66
-7433.32
-7435.99
-7438.65
-7441.32
-7443.99
-7446.65
-7449.32
-7451.99
-7454.65
-7457.32
-7459.99
-7462.66
-7465.32
-7467.99
-7470.66
-7473.32
-7475.99
-7478.66
-7481.33
-7484
-7486.66
-7489.33
-7492
-7494.67
-7497.34
-7500.01
-7502.67
-7505.34
-7508.01
-7510.68
-7513.35
-7516.02
-7518.69
-7521.36
-7524.03
-7526.7
-7529.36
-7532.03
-7534.7
-7537.37
-7540.04
-7542.71
-7545.38
-7548.05
-7550.72
-7553.39
-7556.06
-7558.73
-7561.41
-7564.08
-7566.75
-7569.42
-7572.09
-7574.76
-7577.43
-7580.1
-7582.77
-7585.44
-7588.12
-7590.79
-7593.46
-7596.13
-7598.8
-7601.48
-7604.15
-7606.82
-7609.49
-7612.16
-7614.84
-7617.51
-7620.18
-7622.85
-7625.53
-7628.2
-7630.87
-7633.55
-7636.22
-7638.89
-7641.57
-7644.24
-7646.91
-7649.59
-7652.26
-7654.93
-7657.61
-7660.28
-7662.96
-7665.63
-7668.3
-7670.98
-7673.65
-7676.33
-7679
-7681.68
-7684.35
-7687.03
-7689.7
-7692.38
-7695.05
-7697.73
-7700.4
-7703.08
-7705.75
-7708.43
-7711.1
-7713.78
-7716.46
-7719.13
-7721.81
-7724.48
-7727.16
-7729.84
-7732.51
-7735.19
-7737.87
-7740.54
-7743.22
-7745.9
-7748.57
-7751.25
-7753.93
-7756.6
-7759.28
-7761.96
-7764.64
-7767.32
-7769.99
-7772.67
-7775.35
-7778.03
-7780.7
-7783.38
-7786.06
-7788.74
-7791.42
-7794.1
-7796.78
-7799.45
-7802.13
-7804.81
-7807.49
-7810.17
-7812.85
-7815.53
-7818.21
-7820.89
-7823.57
-7826.25
-7828.93
-7831.61
-7834.29
-7836.97
-7839.65
-7842.33
-7845.01
-7847.69
-7850.37
-7853.05
-7855.73
-7858.41
-7861.09
-7863.77
-7866.45
-7869.13
-7871.81
-7874.5
-7877.18
-7879.86
-7882.54
-7885.22
-7887.9
-7890.59
-7893.27
-7895.95
-7898.63
-7901.31
-7904
-7906.68
-7909.36
-7912.04
-7914.73
-7917.41
-7920.09
-7922.78
-7925.46
-7928.14
-7930.83
-7933.51
-7936.19
-7938.88
-7941.56
-7944.24
-7946.93
-7949.61
-7952.29
-7954.98
-7957.66
-7960.35
-7963.03
-7965.72
-7968.4
-7971.09
-7973.77
-7976.46
-7979.14
-7981.83
-7984.51
-7987.2
-7989.88
-7992.57
-7995.25
-7997.94
-8000.62
-8003.31
-8005.99
-8008.68
-8011.37
-8014.05
-8016.74
-8019.43
-8022.11
-8024.8
-8027.48
-8030.17
-8032.86
-8035.55
-8038.23
-8040.92
-8043.61
-8046.29
-8048.98
-8051.67
-8054.36
-8057.04
-8059.73
-8062.42
-8065.11
-8067.79
-8070.48
-8073.17
-8075.86
-8078.55
-8081.24
-8083.92
-8086.61
-8089.3
-8091.99
-8094.68
-8097.37
-8100.06
-8102.75
-8105.44
-8108.13
-8110.82
-8113.5
-8116.19
-8118.88
-8121.57
-8124.26
-8126.95
-8129.64
-8132.33
-8135.02
-8137.72
-8140.41
-8143.1
-8145.79
-8148.48
-8151.17
-8153.86
-8156.55
-8159.24
-8161.93
-8164.62
-8167.32
-8170.01
-8172.7
-8175.39
-8178.08
-8180.77
-8183.47
-8186.16
-8188.85
-8191.54
-8194.24
-8196.93
-8199.62
-8202.31
-8205.01
-8207.7
-8210.39
-8213.08
-8215.78
-8218.47
-8221.16
-8223.86
-8226.55
-8229.24
-8231.94
-8234.63
-8237.33
-8240.02
-8242.71
-8245.41
-8248.1
-8250.8
-8253.49
-8256.19
-8258.88
-8261.57
-8264.27
-8266.96
-8269.66
-8272.35
-8275.05
-8277.74
-8280.44
-8283.14
-8285.83
-8288.53
-8291.22
-8293.92
-8296.61
-8299.31
-8302.01
-8304.7
-8307.4
-8310.09
-8312.79
-8315.49
-8318.18
-8320.88
-8323.58
-8326.28
-8328.97
-8331.67
-8334.37
-8337.06
-8339.76
-8342.46
-8345.16
-8347.85
-8350.55
-8353.25
-8355.95
-8358.65
-8361.34
-8364.04
-8366.74
-8369.44
-8372.14
-8374.84
-8377.53
-8380.23
-8382.93
-8385.63
-8388.33
-8391.03
-8393.73
-8396.43
-8399.13
-8401.83
-8404.53
-8407.23
-8409.93
-8412.63
-8415.33
-8418.03
-8420.73
-8423.43
-8426.13
-8428.83
-8431.53
-8434.23
-8436.93
-8439.63
-8442.33
-8445.03
-8447.73
-8450.44
-8453.14
-8455.84
-8458.54
-8461.24
-8463.94
-8466.64
-8469.35
-8472.05
-8474.75
-8477.45
-8480.15
-8482.86
-8485.56
-8488.26
-8490.96
-8493.67
-8496.37
-8499.07
-8501.78
-8504.48
-8507.18
-8509.89
-8512.59
-8515.29
-8518
-8520.7
-8523.4
-8526.11
-8528.81
-8531.52
-8534.22
-8536.92
-8539.63
-8542.33
-8545.04
-8547.74
-8550.45
-8553.15
-8555.86
-8558.56
-8561.27
-8563.97
-8566.68
-8569.38
-8572.09
-8574.79
-8577.5
-8580.21
-8582.91
-8585.62
-8588.32
-8591.03
-8593.74
-8596.44
-8599.15
-8601.85
-8604.56
-8607.27
-8609.97
-8612.68
-8615.39
-8618.1
-8620.8
-8623.51
-8626.22
-8628.92
-8631.63
-8634.34
-8637.05
-8639.76
-8642.46
-8645.17
-8647.88
-8650.59
-8653.3
-8656
-8658.71
-8661.42
-8664.13
-8666.84
-8669.55
-8672.26
-8674.97
-8677.68
-8680.38
-8683.09
-8685.8
-8688.51
-8691.22
-8693.93
-8696.64
-8699.35
-8702.06
-8704.77
-8707.48
-8710.19
-8712.9
-8715.61
-8718.32
-8721.03
-8723.75
-8726.46
-8729.17
-8731.88
-8734.59
-8737.3
-8740.01
-8742.72
-8745.43
-8748.15
-8750.86
-8753.57
-8756.28
-8758.99
-8761.71
-8764.42
-8767.13
-8769.84
-8772.56
-8775.27
-8777.98
-8780.69
-8783.41
-8786.12
-8788.83
-8791.55
-8794.26
-8796.97
-8799.69
-8802.4
-8805.11
-8807.83
-8810.54
-8813.25
-8815.97
-8818.68
-8821.4
-8824.11
-8826.82
-8829.54
-8832.25
-8834.97
-8837.68
-8840.4
-8843.11
-8845.83
-8848.54
-8851.26
-8853.97
-8856.69
-8859.4
-8862.12
-8864.84
-8867.55
-8870.27
-8872.98
-8875.7
-8878.42
-8881.13
-8883.85
-8886.56
-8889.28
-8892
-8894.71
-8897.43
-8900.15
-8902.87
-8905.58
-8908.3
-8911.02
-8913.73
-8916.45
-8919.17
-8921.89
-8924.61
-8927.32
-8930.04
-8932.76
-8935.48
-8938.2
-8940.91
-8943.63
-8946.35
-8949.07
-8951.79
-8954.51
-8957.23
-8959.95
-8962.66
-8965.38
-8968.1
-8970.82
-8973.54
-8976.26
-8978.98
-8981.7
-8984.42
-8987.14
-8989.86
-8992.58
-8995.3
-8998.02
-9000.74
-9003.46
-9006.18
-9008.9
-9011.63
-9014.35
-9017.07
-9019.79
-9022.51
-9025.23
-9027.95
-9030.67
-9033.4
-9036.12
-9038.84
-9041.56
-9044.28
-9047.01
-9049.73
-9052.45
-9055.17
-9057.89
-9060.62
-9063.34
-9066.06
-9068.79
-9071.51
-9074.23
-9076.95
-9079.68
-9082.4
-9085.12
-9087.85
-9090.57
-9093.3
-9096.02
-9098.74
-9101.47
-9104.19
-9106.92
-9109.64
-9112.36
-9115.09
-9117.81
-9120.54
-9123.26
-9125.99
-9128.71
-9131.44
-9134.16
-9136.89
-9139.61
-9142.34
-9145.07
-9147.79
-9150.52
-9153.24
-9155.97
-9158.69
-9161.42
-9164.15
-9166.87
-9169.6
-9172.33
-9175.05
-9177.78
-9180.51
-9183.23
-9185.96
-9188.69
-9191.41
-9194.14
-9196.87
-9199.6
-9202.32
-9205.05
-9207.78
-9210.51
-9213.24
-9215.96
-9218.69
-9221.42
-9224.15
-9226.88
-9229.61
-9232.33
-9235.06
-9237.79
-9240.52
-9243.25
-9245.98
-9248.71
-9251.44
-9254.17
-9256.9
-9259.63
-9262.36
-9265.09
-9267.82
-9270.55
-9273.28
-9276.01
-9278.74
-9281.47
-9284.2
-9286.93
-9289.66
-9292.39
-9295.12
-9297.85
-9300.58
-9303.31
-9306.04
-9308.78
-9311.51
-9314.24
-9316.97
-9319.7
-9322.43
-9325.17
-9327.9
-9330.63
-9333.36
-9336.09
-9338.83
-9341.56
-9344.29
-9347.03
-9349.76
-9352.49
-9355.22
-9357.96
-9360.69
-9363.42
-9366.16
-9368.89
-9371.62
-9374.36
-9377.09
-9379.83
-9382.56
-9385.29
-9388.03
-9390.76
-9393.5
-9396.23
-9398.97
-9401.7
-9404.44
-9407.17
-9409.9
-9412.64
-9415.38
-9418.11
-9420.85
-9423.58
-9426.32
-9429.05
-9431.79
-9434.52
-9437.26
-9440
-9442.73
-9445.47
-9448.2
-9450.94
-9453.68
-9456.41
-9459.15
-9461.89
-9464.62
-9467.36
-9470.1
-9472.84
-9475.57
-9478.31
-9481.05
-9483.79
-9486.52
-9489.26
-9492
-9494.74
-9497.48
-9500.21
-9502.95
-9505.69
-9508.43
-9511.17
-9513.91
-9516.64
-9519.38
-9522.12
-9524.86
-9527.6
-9530.34
-9533.08
-9535.82
-9538.56
-9541.3
-9544.04
-9546.78
-9549.52
-9552.26
-9555
-9557.74
-9560.48
-9563.22
-9565.96
-9568.7
-9571.44
-9574.18
-9576.92
-9579.66
-9582.41
-9585.15
-9587.89
-9590.63
-9593.37
-9596.11
-9598.85
-9601.6
-9604.34
-9607.08
-9609.82
-9612.56
-9615.31
-9618.05
-9620.79
-9623.53
-9626.28
-9629.02
-9631.76
-9634.51
-9637.25
-9639.99
-9642.74
-9645.48
-9648.22
-9650.97
-9653.71
-9656.45
-9659.2
-9661.94
-9664.69
-9667.43
-9670.17
-9672.92
-9675.66
-9678.41
-9681.15
-9683.9
-9686.64
-9689.39
-9692.13
-9694.88
-9697.62
-9700.37
-9703.11
-9705.86
-9708.6
-9711.35
-9714.1
-9716.84
-9719.59
-9722.33
-9725.08
-9727.83
-9730.57
-9733.32
-9736.07
-9738.81
-9741.56
-9744.31
-9747.05
-9749.8
-9752.55
-9755.3
-9758.04
-9760.79
-9763.54
-9766.29
-9769.03
-9771.78
-9774.53
-9777.28
-9780.03
-9782.77
-9785.52
-9788.27
-9791.02
-9793.77
-9796.52
-9799.27
-9802.02
-9804.77
-9807.51
-9810.26
-9813.01
-9815.76
-9818.51
-9821.26
-9824.01
-9826.76
-9829.51
-9832.26
-9835.01
-9837.76
-9840.51
-9843.26
-9846.01
-9848.77
-9851.52
-9854.27
-9857.02
-9859.77
-9862.52
-9865.27
-9868.02
-9870.77
-9873.53
-9876.28
-9879.03
-9881.78
-9884.53
-9887.29
-9890.04
-9892.79
-9895.54
-9898.3
-9901.05
-9903.8
-9906.55
-9909.31
-9912.06
-9914.81
-9917.57
-9920.32
-9923.07
-9925.83
-9928.58
-9931.33
-9934.09
-9936.84
-9939.6
-9942.35
-9945.1
-9947.86
-9950.61
-9953.37
-9956.12
-9958.88
-9961.63
-9964.39
-9967.14
-9969.9
-9972.65
-9975.41
-9978.16
-9980.92
-9983.67
-9986.43
-9989.19
-9991.94
-9994.7
-9997.45
-10000.2
-10003
-10005.7
-10008.5
-10011.2
-10014
-10016.7
-10019.5
-10022.3
-10025
-10027.8
-10030.5
-10033.3
-10036.1
-10038.8
-10041.6
-10044.3
-10047.1
-10049.8
-10052.6
-10055.4
-10058.1
-10060.9
-10063.6
-10066.4
-10069.1
-10071.9
-10074.7
-10077.4
-10080.2
-10082.9
-10085.7
-10088.5
-10091.2
-10094
-10096.7
-10099.5
-10102.3
-10105
-10107.8
-10110.5
-10113.3
-10116.1
-10118.8
-10121.6
-10124.3
-10127.1
-10129.9
-10132.6
-10135.4
-10138.2
-10140.9
-10143.7
-10146.4
-10149.2
-10152
-10154.7
-10157.5
-10160.2
-10163
-10165.8
-10168.5
-10171.3
-10174.1
-10176.8
-10179.6
-10182.3
-10185.1
-10187.9
-10190.6
-10193.4
-10196.2
-10198.9
-10201.7
-10204.5
-10207.2
-10210
-10212.7
-10215.5
-10218.3
-10221
-10223.8
-10226.6
-10229.3
-10232.1
-10234.9
-10237.6
-10240.4
-10243.2
-10245.9
-10248.7
-10251.5
-10254.2
-10257
-10259.7
-10262.5
-10265.3
-10268
-10270.8
-10273.6
-10276.3
-10279.1
-10281.9
-10284.6
-10287.4
-10290.2
-10292.9
-10295.7
-10298.5
-10301.2
-10304
-10306.8
-10309.6
-10312.3
-10315.1
-10317.9
-10320.6
-10323.4
-10326.2
-10328.9
-10331.7
-10334.5
-10337.2
-10340
-10342.8
-10345.5
-10348.3
-10351.1
-10353.8
-10356.6
-10359.4
-10362.2
-10364.9
-10367.7
-10370.5
-10373.2
-10376
-10378.8
-10381.5
-10384.3
-10387.1
-10389.9
-10392.6
-10395.4
-10398.2
-10400.9
-10403.7
-10406.5
-10409.3
-10412
-10414.8
-10417.6
-10420.3
-10423.1
-10425.9
-10428.7
-10431.4
-10434.2
-10437
-10439.7
-10442.5
-10445.3
-10448.1
-10450.8
-10453.6
-10456.4
-10459.2
-10461.9
-10464.7
-10467.5
-10470.2
-10473
-10475.8
-10478.6
-10481.3
-10484.1
-10486.9
-10489.7
-10492.4
-10495.2
-10498
-10500.8
-10503.5
-10506.3
-10509.1
-10511.9
-10514.6
-10517.4
-10520.2
-10523
-10525.7
-10528.5
-10531.3
-10534.1
-10536.8
-10539.6
-10542.4
-10545.2
-10548
-10550.7
-10553.5
-10556.3
-10559.1
-10561.8
-10564.6
-10567.4
-10570.2
-10572.9
-10575.7
-10578.5
-10581.3
-10584.1
-10586.8
-10589.6
-10592.4
-10595.2
-10597.9
-10600.7
-10603.5
-10606.3
-10609.1
-10611.8
-10614.6
-10617.4
-10620.2
-10623
-10625.7
-10628.5
-10631.3
-10634.1
-10636.9
-10639.6
-10642.4
-10645.2
-10648
-10650.8
-10653.5
-10656.3
-10659.1
-10661.9
-10664.7
-10667.4
-10670.2
-10673
-10675.8
-10678.6
-10681.3
-10684.1
-10686.9
-10689.7
-10692.5
-10695.3
-10698
-10700.8
-10703.6
-10706.4
-10709.2
-10712
-10714.7
-10717.5
-10720.3
-10723.1
-10725.9
-10728.7
-10731.4
-10734.2
-10737
-10739.8
-10742.6
-10745.4
-10748.1
-10750.9
-10753.7
-10756.5
-10759.3
-10762.1
-10764.8
-10767.6
-10770.4
-10773.2
-10776
-10778.8
-10781.6
-10784.3
-10787.1
-10789.9
-10792.7
-10795.5
-10798.3
-10801.1
-10803.8
-10806.6
-10809.4
-10812.2
-10815
-10817.8
-10820.6
-10823.3
-10826.1
-10828.9
-10831.7
-10834.5
-10837.3
-10840.1
-10842.9
-10845.6
-10848.4
-10851.2
-10854
-10856.8
-10859.6
-10862.4
-10865.2
-10868
-10870.7
-10873.5
-10876.3
-10879.1
-10881.9
-10884.7
-10887.5
-10890.3
-10893.1
-10895.8
-10898.6
-10901.4
-10904.2
-10907
-10909.8
-10912.6
-10915.4
-10918.2
-10921
-10923.7
-10926.5
-10929.3
-10932.1
-10934.9
-10937.7
-10940.5
-10943.3
-10946.1
-10948.9
-10951.7
-10954.5
-10957.2
-10960
-10962.8
-10965.6
-10968.4
-10971.2
-10974
-10976.8
-10979.6
-10982.4
-10985.2
-10988
-10990.8
-10993.6
-10996.3
-10999.1
-11001.9
-11004.7
-11007.5
-11010.3
-11013.1
-11015.9
-11018.7
-11021.5
-11024.3
-11027.1
-11029.9
-11032.7
-11035.5
-11038.3
-11041.1
-11043.9
-11046.6
-11049.4
-11052.2
-11055
-11057.8
-11060.6
-11063.4
-11066.2
-11069
-11071.8
-11074.6
-11077.4
-11080.2
-11083
-11085.8
-11088.6
-11091.4
-11094.2
-11097
-11099.8
-11102.6
-11105.4
-11108.2
-11111
-11113.8
-11116.6
-11119.4
-11122.2
-11125
-11127.8
-11130.6
-11133.4
-11136.2
-11139
-11141.8
-11144.6
-11147.4
-11150.2
-11153
-11155.8
-11158.6
-11161.4
-11164.2
-11167
-11169.8
-11172.6
-11175.4
-11178.2
-11181
-11183.8
-11186.6
-11189.4
-11192.2
-11195
-11197.8
-11200.6
-11203.4
-11206.2
-11209
-11211.8
-11214.6
-11217.4
-11220.2
-11223
-11225.8
-11228.6
-11231.4
-11234.2
-11237
-11239.8
-11242.6
-11245.4
-11248.2
-11251
-11253.8
-11256.6
-11259.4
-11262.2
-11265
-11267.8
-11270.6
-11273.4
-11276.3
-11279.1
-11281.9
-11284.7
-11287.5
-11290.3
-11293.1
-11295.9
-11298.7
-11301.5
-11304.3
-11307.1
-11309.9
-11312.7
-11315.5
-11318.3
-11321.1
-11323.9
-11326.8
-11329.6
-11332.4
-11335.2
-11338
-11340.8
-11343.6
-11346.4
-11349.2
-11352
-11354.8
-11357.6
-11360.4
-11363.2
-11366.1
-11368.9
-11371.7
-11374.5
-11377.3
-11380.1
-11382.9
-11385.7
-11388.5
-11391.3
-11394.1
-11397
-11399.8
-11402.6
-11405.4
-11408.2
-11411
-11413.8
-11416.6
-11419.4
-11422.2
-11425.1
-11427.9
-11430.7
-11433.5
-11436.3
-11439.1
-11441.9
-11444.7
-11447.5
-11450.3
-11453.2
-11456
-11458.8
-11461.6
-11464.4
-11467.2
-11470
-11472.8
-11475.7
-11478.5
-11481.3
-11484.1
-11486.9
-11489.7
-11492.5
-11495.3
-11498.2
-11501
-11503.8
-11506.6
-11509.4
-11512.2
-11515
-11517.9
-11520.7
-11523.5
-11526.3
-11529.1
-11531.9
-11534.7
-11537.6
-11540.4
-11543.2
-11546
-11548.8
-11551.6
-11554.5
-11557.3
-11560.1
-11562.9
-11565.7
-11568.5
-11571.3
-11574.2
-11577
-11579.8
-11582.6
-11585.4
-11588.2
-11591.1
-11593.9
-11596.7
-11599.5
-11602.3
-11605.2
-11608
-11610.8
-11613.6
-11616.4
-11619.2
-11622.1
-11624.9
-11627.7
-11630.5
-11633.3
-11636.2
-11639
-11641.8
-11644.6
-11647.4
-11650.2
-11653.1
-11655.9
-11658.7
-11661.5
-11664.3
-11667.2
-11670
-11672.8
-11675.6
-11678.4
-11681.3
-11684.1
-11686.9
-11689.7
-11692.6
-11695.4
-11698.2
-11701
-11703.8
-11706.7
-11709.5
-11712.3
-11715.1
-11717.9
-11720.8
-11723.6
-11726.4
-11729.2
-11732.1
-11734.9
-11737.7
-11740.5
-11743.4
-11746.2
-11749
-11751.8
-11754.6
-11757.5
-11760.3
-11763.1
-11765.9
-11768.8
-11771.6
-11774.4
-11777.2
-11780.1
-11782.9
-11785.7
-11788.5
-11791.4
-11794.2
-11797
-11799.8
-11802.7
-11805.5
-11808.3
-11811.1
-11814
-11816.8
-11819.6
-11822.5
-11825.3
-11828.1
-11830.9
-11833.8
-11836.6
-11839.4
-11842.2
-11845.1
-11847.9
-11850.7
-11853.6
-11856.4
-11859.2
-11862
-11864.9
-11867.7
-11870.5
-11873.3
-11876.2
-11879
-11881.8
-11884.7
-11887.5
-11890.3
-11893.2
-11896
-11898.8
-11901.6
-11904.5
-11907.3
-11910.1
-11913
-11915.8
-11918.6
-11921.5
-11924.3
-11927.1
-11929.9
-11932.8
-11935.6
-11938.4
-11941.3
-11944.1
-11946.9
-11949.8
-11952.6
-11955.4
-11958.3
-11961.1
-11963.9
-11966.8
-11969.6
-11972.4
-11975.3
-11978.1
-11980.9
-11983.8
-11986.6
-11989.4
-11992.3
-11995.1
-11997.9
-12000.8
-12003.6
-12006.4
-12009.3
-12012.1
-12014.9
-12017.8
-12020.6
-12023.4
-12026.3
-12029.1
-12031.9
-12034.8
-12037.6
-12040.4
-12043.3
-12046.1
-12049
-12051.8
-12054.6
-12057.5
-12060.3
-12063.1
-12066
-12068.8
-12071.6
-12074.5
-12077.3
-12080.2
-12083
-12085.8
-12088.7
-12091.5
-12094.3
-12097.2
-12100
-12102.9
-12105.7
-12108.5
-12111.4
-12114.2
-12117.1
-12119.9
-12122.7
-12125.6
-12128.4
-12131.2
-12134.1
-12136.9
-12139.8
-12142.6
-12145.4
-12148.3
-12151.1
-12154
-12156.8
-12159.7
-12162.5
-12165.3
-12168.2
-12171
-12173.9
-12176.7
-12179.5
-12182.4
-12185.2
-12188.1
-12190.9
-12193.7
-12196.6
-12199.4
-12202.3
-12205.1
-12208
-12210.8
-12213.6
-12216.5
-12219.3
-12222.2
-12225
-12227.9
-12230.7
-12233.5
-12236.4
-12239.2
-12242.1
-12244.9
-12247.8
-12250.6
-12253.5
-12256.3
-12259.1
-12262
-12264.8
-12267.7
-12270.5
-12273.4
-12276.2
-12279.1
-12281.9
-12284.8
-12287.6
-12290.5
-12293.3
-12296.1
-12299
-12301.8
-12304.7
-12307.5
-12310.4
-12313.2
-12316.1
-12318.9
-12321.8
-12324.6
-12327.5
-12330.3
-12333.2
-12336
-12338.9
-12341.7
-12344.6
-12347.4
-12350.3
-12353.1
-12356
-12358.8
-12361.6
-12364.5
-12367.3
-12370.2
-12373
-12375.9
-12378.7
-12381.6
-12384.4
-12387.3
-12390.1
-12393
-12395.9
-12398.7
-12401.6
-12404.4
-12407.3
-12410.1
-12413
-12415.8
-12418.7
-12421.5
-12424.4
-12427.2
-12430.1
-12432.9
-12435.8
-12438.6
-12441.5
-12444.3
-12447.2
-12450
-12452.9
-12455.7
-12458.6
-12461.5
-12464.3
-12467.2
-12470
-12472.9
-12475.7
-12478.6
-12481.4
-12484.3
-12487.1
-12490
-12492.9
-12495.7
-12498.6
-12501.4
-12504.3
-12507.1
-12510
-12512.8
-12515.7
-12518.6
-12521.4
-12524.3
-12527.1
-12530
-12532.8
-12535.7
-12538.6
-12541.4
-12544.3
-12547.1
-12550
-12552.8
-12555.7
-12558.6
-12561.4
-12564.3
-12567.1
-12570
-12572.9
-12575.7
-12578.6
-12581.4
-12584.3
-12587.1
-12590
-12592.9
-12595.7
-12598.6
-12601.4
-12604.3
-12607.2
-12610
-12612.9
-12615.7
-12618.6
-12621.5
-12624.3
-12627.2
-12630.1
-12632.9
-12635.8
-12638.6
-12641.5
-12644.4
-12647.2
-12650.1
-12652.9
-12655.8
-12658.7
-12661.5
-12664.4
-12667.3
-12670.1
-12673
-12675.9
-12678.7
-12681.6
-12684.4
-12687.3
-12690.2
-12693
-12695.9
-12698.8
-12701.6
-12704.5
-12707.4
-12710.2
-12713.1
-12716
-12718.8
-12721.7
-12724.5
-12727.4
-12730.3
-12733.1
-12736
-12738.9
-12741.7
-12744.6
-12747.5
-12750.3
-12753.2
-12756.1
-12758.9
-12761.8
-12764.7
-12767.5
-12770.4
-12773.3
-12776.2
-12779
-12781.9
-12784.8
-12787.6
-12790.5
-12793.4
-12796.2
-12799.1
-12802
-12804.8
-12807.7
-12810.6
-12813.4
-12816.3
-12819.2
-12822.1
-12824.9
-12827.8
-12830.7
-12833.5
-12836.4
-12839.3
-12842.2
-12845
-12847.9
-12850.8
-12853.6
-12856.5
-12859.4
-12862.3
-12865.1
-12868
-12870.9
-12873.7
-12876.6
-12879.5
-12882.4
-12885.2
-12888.1
-12891
-12893.9
-12896.7
-12899.6
-12902.5
-12905.3
-12908.2
-12911.1
-12914
-12916.8
-12919.7
-12922.6
-12925.5
-12928.3
-12931.2
-12934.1
-12937
-12939.8
-12942.7
-12945.6
-12948.5
-12951.3
-12954.2
-12957.1
-12960
-12962.9
-12965.7
-12968.6
-12971.5
-12974.4
-12977.2
-12980.1
-12983
-12985.9
-12988.8
-12991.6
-12994.5
-12997.4
-13000.3
-13003.1
-13006
-13008.9
-13011.8
-13014.7
-13017.5
-13020.4
-13023.3
-13026.2
-13029.1
-13031.9
-13034.8
-13037.7
-13040.6
-13043.5
-13046.3
-13049.2
-13052.1
-13055
-13057.9
-13060.7
-13063.6
-13066.5
-13069.4
-13072.3
-13075.2
-13078
-13080.9
-13083.8
-13086.7
-13089.6
-13092.4
-13095.3
-13098.2
-13101.1
-13104
-13106.9
-13109.7
-13112.6
-13115.5
-13118.4
-13121.3
-13124.2
-13127.1
-13129.9
-13132.8
-13135.7
-13138.6
-13141.5
-13144.4
-13147.2
-13150.1
-13153
-13155.9
-13158.8
-13161.7
-13164.6
-13167.5
-13170.3
-13173.2
-13176.1
-13179
-13181.9
-13184.8
-13187.7
-13190.6
-13193.4
-13196.3
-13199.2
-13202.1
-13205
-13207.9
-13210.8
-13213.7
-13216.5
-13219.4
-13222.3
-13225.2
-13228.1
-13231
-13233.9
-13236.8
-13239.7
-13242.6
-13245.4
-13248.3
-13251.2
-13254.1
-13257
-13259.9
-13262.8
-13265.7
-13268.6
-13271.5
-13274.4
-13277.2
-13280.1
-13283
-13285.9
-13288.8
-13291.7
-13294.6
-13297.5
-13300.4
-13303.3
-13306.2
-13309.1
-13312
-13314.9
-13317.8
-13320.6
-13323.5
-13326.4
-13329.3
-13332.2
-13335.1
-13338
-13340.9
-13343.8
-13346.7
-13349.6
-13352.5
-13355.4
-13358.3
-13361.2
-13364.1
-13367
-13369.9
-13372.8
-13375.7
-13378.6
-13381.5
-13384.4
-13387.3
-13390.2
-13393
-13395.9
-13398.8
-13401.7
-13404.6
-13407.5
-13410.4
-13413.3
-13416.2
-13419.1
-13422
-13424.9
-13427.8
-13430.7
-13433.6
-13436.5
-13439.4
-13442.3
-13445.2
-13448.1
-13451
-13453.9
-13456.8
-13459.7
-13462.6
-13465.5
-13468.4
-13471.3
-13474.3
-13477.2
-13480.1
-13483
-13485.9
-13488.8
-13491.7
-13494.6
-13497.5
-13500.4
-13503.3
-13506.2
-13509.1
-13512
-13514.9
-13517.8
-13520.7
-13523.6
-13526.5
-13529.4
-13532.3
-13535.2
-13538.1
-13541
-13543.9
-13546.9
-13549.8
-13552.7
-13555.6
-13558.5
-13561.4
-13564.3
-13567.2
-13570.1
-13573
-13575.9
-13578.8
-13581.7
-13584.6
-13587.6
-13590.5
-13593.4
-13596.3
-13599.2
-13602.1
-13605
-13607.9
-13610.8
-13613.7
-13616.6
-13619.6
-13622.5
-13625.4
-13628.3
-13631.2
-13634.1
-13637
-13639.9
-13642.8
-13645.7
-13648.7
-13651.6
-13654.5
-13657.4
-13660.3
-13663.2
-13666.1
-13669
-13672
-13674.9
-13677.8
-13680.7
-13683.6
-13686.5
-13689.4
-13692.3
-13695.3
-13698.2
-13701.1
-13704
-13706.9
-13709.8
-13712.8
-13715.7
-13718.6
-13721.5
-13724.4
-13727.3
-13730.2
-13733.2
-13736.1
-13739
-13741.9
-13744.8
-13747.7
-13750.7
-13753.6
-13756.5
-13759.4
-13762.3
-13765.2
-13768.2
-13771.1
-13774
-13776.9
-13779.8
-13782.8
-13785.7
-13788.6
-13791.5
-13794.4
-13797.4
-13800.3
-13803.2
-13806.1
-13809
-13812
-13814.9
-13817.8
-13820.7
-13823.6
-13826.6
-13829.5
-13832.4
-13835.3
-13838.2
-13841.2
-13844.1
-13847
-13849.9
-13852.9
-13855.8
-13858.7
-13861.6
-13864.6
-13867.5
-13870.4
-13873.3
-13876.2
-13879.2
-13882.1
-13885
-13887.9
-13890.9
-13893.8
-13896.7
-13899.6
-13902.6
-13905.5
-13908.4
-13911.4
-13914.3
-13917.2
-13920.1
-13923.1
-13926
-13928.9
-13931.8
-13934.8
-13937.7
-13940.6
-13943.6
-13946.5
-13949.4
-13952.3
-13955.3
-13958.2
-13961.1
-13964.1
-13967
-13969.9
-13972.8
-13975.8
-13978.7
-13981.6
-13984.6
-13987.5
-13990.4
-13993.4
-13996.3
-13999.2
-14002.2
-14005.1
-14008
-14010.9
-14013.9
-14016.8
-14019.7
-14022.7
-14025.6
-14028.5
-14031.5
-14034.4
-14037.3
-14040.3
-14043.2
-14046.1
-14049.1
-14052
-14055
-14057.9
-14060.8
-14063.8
-14066.7
-14069.6
-14072.6
-14075.5
-14078.4
-14081.4
-14084.3
-14087.2
-14090.2
-14093.1
-14096.1
-14099
-14101.9
-14104.9
-14107.8
-14110.8
-14113.7
-14116.6
-14119.6
-14122.5
-14125.4
-14128.4
-14131.3
-14134.3
-14137.2
-14140.1
-14143.1
-14146
-14149
-14151.9
-14154.8
-14157.8
-14160.7
-14163.7
-14166.6
-14169.6
-14172.5
-14175.4
-14178.4
-14181.3
-14184.3
-14187.2
-14190.2
-14193.1
-14196
-14199
-14201.9
-14204.9
-14207.8
-14210.8
-14213.7
-14216.7
-14219.6
-14222.5
-14225.5
-14228.4
-14231.4
-14234.3
-14237.3
-14240.2
-14243.2
-14246.1
-14249.1
-14252
-14255
-14257.9
-14260.9
-14263.8
-14266.8
-14269.7
-14272.7
-14275.6
-14278.6
-14281.5
-14284.5
-14287.4
-14290.3
-14293.3
-14296.3
-14299.2
-14302.2
-14305.1
-14308.1
-14311
-14314
-14316.9
-14319.9
-14322.8
-14325.8
-14328.7
-14331.7
-14334.6
-14337.6
-14340.5
-14343.5
-14346.4
-14349.4
-14352.3
-14355.3
-14358.3
-14361.2
-14364.2
-14367.1
-14370.1
-14373
-14376
-14378.9
-14381.9
-14384.9
-14387.8
-14390.8
-14393.7
-14396.7
-14399.6
-14402.6
-14405.6
-14408.5
-14411.5
-14414.4
-14417.4
-14420.4
-14423.3
-14426.3
-14429.2
-14432.2
-14435.2
-14438.1
-14441.1
-14444
-14447
-14450
-14452.9
-14455.9
-14458.8
-14461.8
-14464.8
-14467.7
-14470.7
-14473.7
-14476.6
-14479.6
-14482.5
-14485.5
-14488.5
-14491.4
-14494.4
-14497.4
-14500.3
-14503.3
-14506.3
-14509.2
-14512.2
-14515.2
-14518.1
-14521.1
-14524.1
-14527
-14530
-14533
-14535.9
-14538.9
-14541.9
-14544.8
-14547.8
-14550.8
-14553.7
-14556.7
-14559.7
-14562.6
-14565.6
-14568.6
-14571.6
-14574.5
-14577.5
-14580.5
-14583.4
-14586.4
-14589.4
-14592.4
-14595.3
-14598.3
-14601.3
-14604.2
-14607.2
-14610.2
-14613.2
-14616.1
-14619.1
-14622.1
-14625.1
-14628
-14631
-14634
-14637
-14639.9
-14642.9
-14645.9
-14648.9
-14651.8
-14654.8
-14657.8
-14660.8
-14663.7
-14666.7
-14669.7
-14672.7
-14675.7
-14678.6
-14681.6
-14684.6
-14687.6
-14690.6
-14693.5
-14696.5
-14699.5
-14702.5
-14705.5
-14708.4
-14711.4
-14714.4
-14717.4
-14720.4
-14723.4
-14726.3
-14729.3
-14732.3
-14735.3
-14738.3
-14741.3
-14744.2
-14747.2
-14750.2
-14753.2
-14756.2
-14759.2
-14762.1
-14765.1
-14768.1
-14771.1
-14774.1
-14777.1
-14780.1
-14783.1
-14786
-14789
-14792
-14795
-14798
-14801
-14804
-14807
-14810
-14812.9
-14815.9
-14818.9
-14821.9
-14824.9
-14827.9
-14830.9
-14833.9
-14836.9
-14839.9
-14842.9
-14845.9
-14848.8
-14851.8
-14854.8
-14857.8
-14860.8
-14863.8
-14866.8
-14869.8
-14872.8
-14875.8
-14878.8
-14881.8
-14884.8
-14887.8
-14890.8
-14893.8
-14896.8
-14899.8
-14902.8
-14905.8
-14908.8
-14911.8
-14914.8
-14917.8
-14920.8
-14923.8
-14926.8
-14929.8
-14932.8
-14935.8
-14938.8
-14941.8
-14944.8
-14947.8
-14950.8
-14953.8
-14956.8
-14959.8
-14962.8
-14965.8
-14968.8
-14971.8
-14974.8
-14977.8
-14980.8
-14983.8
-14986.8
-14989.8
-14992.9
-14995.9
-14998.9
-15001.9
-15004.9
-15007.9
-15010.9
-15013.9
-15016.9
-15019.9
-15022.9
-15026
-15029
-15032
-15035
-15038
-15041
-15044
-15047
-15050
-15053.1
-15056.1
-15059.1
-15062.1
-15065.1
-15068.1
-15071.1
-15074.2
-15077.2
-15080.2
-15083.2
-15086.2
-15089.2
-15092.3
-15095.3
-15098.3
-15101.3
-15104.3
-15107.4
-15110.4
-15113.4
-15116.4
-15119.4
-15122.5
-15125.5
-15128.5
-15131.5
-15134.5
-15137.6
-15140.6
-15143.6
-15146.6
-15149.7
-15152.7
-15155.7
-15158.7
-15161.7
-15164.8
-15167.8
-15170.8
-15173.9
-15176.9
-15179.9
-15182.9
-15186
-15189
-15192
-15195
-15198.1
-15201.1
-15204.1
-15207.2
-15210.2
-15213.2
-15216.3
-15219.3
-15222.3
-15225.4
-15228.4
-15231.4
-15234.5
-15237.5
-15240.5
-15243.6
-15246.6
-15249.6
-15252.7
-15255.7
-15258.7
-15261.8
-15264.8
-15267.8
-15270.9
-15273.9
-15277
-15280
-15283
-15286.1
-15289.1
-15292.2
-15295.2
-15298.2
-15301.3
-15304.3
-15307.4
-15310.4
-15313.4
-15316.5
-15319.5
-15322.6
-15325.6
-15328.7
-15331.7
-15334.8
-15337.8
-15340.9
-15343.9
-15346.9
-15350
-15353
-15356.1
-15359.1
-15362.2
-15365.2
-15368.3
-15371.3
-15374.4
-15377.4
-15380.5
-15383.5
-15386.6
-15389.7
-15392.7
-15395.8
-15398.8
-15401.9
-15404.9
-15408
-15411
-15414.1
-15417.2
-15420.2
-15423.3
-15426.3
-15429.4
-15432.4
-15435.5
-15438.6
-15441.6
-15444.7
-15447.7
-15450.8
-15453.9
-15456.9
-15460
-15463.1
-15466.1
-15469.2
-15472.3
-15475.3
-15478.4
-15481.5
-15484.5
-15487.6
-15490.7
-15493.7
-15496.8
-15499.9
-15502.9
-15506
-15509.1
-15512.1
-15515.2
-15518.3
-15521.4
-15524.4
-15527.5
-15530.6
-15533.6
-15536.7
-15539.8
-15542.9
-15545.9
-15549
-15552.1
-15555.2
-15558.3
-15561.3
-15564.4
-15567.5
-15570.6
-15573.7
-15576.7
-15579.8
-15582.9
-15586
-15589.1
-15592.2
-15595.2
-15598.3
-15601.4
-15604.5
-15607.6
-15610.7
-15613.8
-15616.8
-15619.9
-15623
-15626.1
-15629.2
-15632.3
-15635.4
-15638.5
-15641.6
-15644.7
-15647.7
-15650.8
-15653.9
-15657
-15660.1
-15663.2
-15666.3
-15669.4
-15672.5
-15675.6
-15678.7
-15681.8
-15684.9
-15688
-15691.1
-15694.2
-15697.3
-15700.4
-15703.5
-15706.6
-15709.7
-15712.8
-15715.9
-15719
-15722.1
-15725.3
-15728.4
-15731.5
-15734.6
-15737.7
-15740.8
-15743.9
-15747
-15750.1
-15753.2
-15756.4
-15759.5
-15762.6
-15765.7
-15768.8
-15771.9
-15775
-15778.2
-15781.3
-15784.4
-15787.5
-15790.6
-15793.8
-15796.9
-15800
-15803.1
-15806.3
-15809.4
-15812.5
-15815.6
-15818.8
-15821.9
-15825
-15828.1
-15831.3
-15834.4
-15837.5
-15840.7
-15843.8
-15846.9
-15850
-15853.2
-15856.3
-15859.4
-15862.6
-15865.7
-15868.9
-15872
-15875.1
-15878.3
-15881.4
-15884.6
-15887.7
-15890.8
-15894
-15897.1
-15900.3
-15903.4
-15906.6
-15909.7
-15912.8
-15916
-15919.1
-15922.3
-15925.4
-15928.6
-15931.7
-15934.9
-15938
-15941.2
-15944.4
-15947.5
-15950.7
-15953.8
-15957
-15960.1
-15963.3
-15966.5
-15969.6
-15972.8
-15975.9
-15979.1
-15982.3
-15985.4
-15988.6
-15991.8
-15994.9
-15998.1
-16001.3
-16004.4
-16007.6
-16010.8
-16014
-16017.1
-16020.3
-16023.5
-16026.6
-16029.8
-16033
-16036.2
-16039.4
-16042.5
-16045.7
-16048.9
-16052.1
-16055.3
-16058.5
-16061.6
-16064.8
-16068
-16071.2
-16074.4
-16077.6
-16080.8
-16084
-16087.2
-16090.3
-16093.5
-16096.7
-16099.9
-16103.1
-16106.3
-16109.5
-16112.7
-16115.9
-16119.1
-16122.3
-16125.5
-16128.7
-16131.9
-16135.2
-16138.4
-16141.6
-16144.8
-16148
-16151.2
-16154.4
-16157.6
-16160.8
-16164.1
-16167.3
-16170.5
-16173.7
-16176.9
-16180.2
-16183.4
-16186.6
-16189.8
-16193.1
-16196.3
-16199.5
-16202.7
-16206
-16209.2
-16212.4
-16215.7
-16218.9
-16222.1
-16225.4
-16228.6
-16231.8
-16235.1
-16238.3
-16241.6
-16244.8
-16248.1
-16251.3
-16254.6
-16257.8
-16261.1
-16264.3
-16267.6
-16270.8
-16274.1
-16277.3
-16280.6
-16283.8
-16287.1
-16290.4
-16293.6
-16296.9
-16300.2
-16303.4
-16306.7
-16310
-16313.2
-16316.5
-16319.8
-16323
-16326.3
-16329.6
-16332.9
-16336.2
-16339.4
-16342.7
-16346
-16349.3
-16352.6
-16355.9
-16359.1
-16362.4
-16365.7
-16369
-16372.3
-16375.6
-16378.9
-16382.2
-16385.5
-16388.8
-16392.1
-16395.4
-16398.7
-16402
-16405.3
-16408.7
-16412
-16415.3
-16418.6
-16421.9
-16425.2
-16428.6
-16431.9
-16435.2
-16438.5
-16441.9
-16445.2
-16448.5
-16451.9
-16455.2
-16458.5
-16461.9
-16465.2
-16468.5
-16471.9
-16475.2
-16478.6
-16481.9
-16485.3
-16488.6
-16492
-16495.3
-16498.7
-16502.1
-16505.4
-16508.8
-16512.1
-16515.5
-16518.9
-16522.3
-16525.6
-16529
-16532.4
-16535.8
-16539.1
-16542.5
-16545.9
-16549.3
-16552.7
-16556.1
-16559.5
-16562.9
-16566.2
-16569.6
-16573
-16576.5
-16579.9
-16583.3
-16586.7
-16590.1
-16593.5
-16596.9
-16600.3
-16603.8
-16607.2
-16610.6
-16614
-16617.5
-16620.9
-16624.3
-16627.8
-16631.2
-16634.7
-16638.1
-16641.5
-16645
-16648.4
-16651.9
-16655.4
-16658.8
-16662.3
-16665.7
-16669.2
-16672.7
-16676.2
-16679.6
-16683.1
-16686.6
-16690.1
-16693.6
-16697.1
-16700.6
-16704
-16707.5
-16711
-16714.6
-16718.1
-16721.6
-16725.1
-16728.6
-16732.1
-16735.6
-16739.2
-16742.7
-16746.2
-16749.8
-16753.3
-16756.9
-16760.4
-16763.9
-16767.5
-16771.1
-16774.6
-16778.2
-16781.7
-16785.3
-16788.9
-16792.5
-16796
-16799.6
-16803.2
-16806.8
-16810.4
-16814
-16817.6
-16821.2
-16824.8
-16828.5
-16832.1
-16835.7
-16839.3
-16843
-16846.6
-16850.2
-16853.9
-16857.5
-16861.2
-16864.9
-16868.5
-16872.2
-16875.9
-16879.5
-16883.2
-16886.9
-16890.6
-16894.3
-16898
-16901.7
-16905.4
-16909.1
-16912.9
-16916.6
-16920.3
-16924.1
-16927.8
-16931.6
-16935.3
-16939.1
-16942.9
-16946.6
-16950.4
-16954.2
-16958
-16961.8
-16965.6
-16969.4
-16973.3
-16977.1
-16980.9
-16984.8
-16988.6
-16992.5
-16996.3
-17000.2
-17004.1
-17008
-17011.9
-17015.8
-17019.7
-17023.6
-17027.5
-17031.5
-17035.4
-17039.4
-17043.3
-17047.3
-17051.3
-17055.3
-17059.3
-17063.3
-17067.3
-17071.3
-17075.4
-17079.4
-17083.5
-17087.5
-17091.6
-17095.7
-17099.8
-17104
-17108.1
-17112.2
-17116.4
-17120.6
-17124.8
-17129
-17133.2
-17137.4
-17141.7
-17145.9
-17150.2
-17154.5
-17158.8
-17163.1
-17167.5
-17171.8
-17176.2
-17180.6
-17185
-17189.5
-17193.9
-17198.4
-17202.9
-17207.4
-17212
-17216.6
-17221.2
-17225.8
-17230.5
-17235.2
-17239.9
-17244.6
-17249.4
-17254.2
-17259
-17263.9
-17268.8
-17273.8
-17278.8
-17283.8
-17288.9
-17294.1
-17299.2
-17304.5
-17309.8
-17315.1
-17320.5
-17326
-17331.6
-17337.2
-17342.9
-17348.7
-17354.6
-17360.6
-17366.7
-17372.9
-17379.3
-17385.8
-17392.4
-17399.3
-17406.3
-17413.6
-17421.1
-17429
-17437.2
-17445.9
-17455.2
-17465.2
-17476.2
-17488.7
-17503.9
-17526.1
