-148.701
-151.096
-153.491
-155.887
-158.282
-160.677
-163.072
-165.467
-167.862
-170.256
-172.651
-175.046
-177.44
-179.834
-182.229
-184.623
-187.017
-189.411
-191.805
-194.199
-196.592
-198.986
-201.379
-203.773
-206.166
-208.56
-210.953
-213.346
-215.739
-218.132
-220.525
-222.917
-225.31
-227.702
-230.095
-232.487
-234.88
-237.272
-239.664
-242.056
-244.448
-246.84
-249.231
-251.623
-254.014
-256.406
-258.797
-261.188
-263.58
-265.971
-268.362
-270.753
-273.143
-275.534
-277.925
-280.315
-282.706
-285.096
-287.486
-289.877
-292.267
-294.657
-297.047
-299.436
-301.826
-304.216
-306.605
-308.995
-311.384
-313.773
-316.163
-318.552
-320.941
-323.33
-325.718
-328.107
-330.496
-332.884
-335.273
-337.661
-340.049
-342.437
-344.826
-347.214
-349.601
-351.989
-354.377
-356.765
-359.152
-361.54
-363.927
-366.314
-368.701
-371.088
-373.475
-375.862
-378.249
-380.636
-383.022
-385.409
-387.795
-390.182
-392.568
-394.954
-397.34
-399.726
-402.112
-404.498
-406.884
-409.269
-411.655
-414.04
-416.426
-418.811
-421.196
-423.581
-425.966
-428.351
-430.736
-433.121
-435.505
-437.89
-440.274
-442.658
-445.043
-447.427
-449.811
-452.195
-454.579
-456.963
-459.346
-461.73
-464.113
-466.497
-468.88
-471.264
-473.647
-476.03
-478.413
-480.796
-483.178
-485.561
-487.944
-490.326
-492.709
-495.091
-497.473
-499.855
-502.237
-504.619
-507.001
-509.383
-511.765
-514.146
-516.528
-518.909
-521.291
-523.672
-526.053
-528.434
-530.815
-533.196
-535.577
-537.958
-540.338
-542.719
-545.099
-547.479
-549.86
-552.24
-554.62
-557
-559.38
-561.759
-564.139
-566.519
-568.898
-571.278
-573.657
-576.036
-578.415
-580.794
-583.173
-585.552
-587.931
-590.31
-592.688
-595.067
-597.445
-599.824
-602.202
-604.58
-606.958
-609.336
-611.714
-614.092
-616.469
-618.847
-621.224
-623.602
-625.979
-628.356
-630.733
-633.11
-635.487
-637.864
-640.241
-642.618
-644.994
-647.371
-649.747
-652.123
-654.5
-656.876
-659.252
-661.628
-664.004
-666.379
-668.755
-671.131
-673.506
-675.882
-678.257
-680.632
-683.007
-685.382
-687.757
-690.132
-692.507
-694.881
-697.256
-699.63
-702.005
-704.379
-706.753
-709.127
-711.501
-713.875
-716.249
-718.623
-720.997
-723.37
-725.744
-728.117
-730.49
-732.864
-735.237
-737.61
-739.983
-742.355
-744.728
-747.101
-749.473
-751.846
-754.218
-756.59
-758.963
-761.335
-763.707
-766.079
-768.451
-770.822
-773.194
-775.565
-777.937
-780.308
-782.68
-785.051
-787.422
-789.793
-792.164
-794.535
-796.905
-799.276
-801.646
-804.017
-806.387
-808.757
-811.128
-813.498
-815.868
-818.238
-820.607
-822.977
-825.347
-827.716
-830.086
-832.455
-834.824
-837.193
-839.563
-841.932
-844.3
-846.669
-849.038
-851.407
-853.775
-856.143
-858.512
-860.88
-863.248
-865.616
-867.984
-870.352
-872.72
-875.088
-877.455
-879.823
-882.19
-884.557
-886.925
-889.292
-891.659
-894.026
-896.393
-898.76
-901.126
-903.493
-905.859
-908.226
-910.592
-912.958
-915.324
-917.69
-920.056
-922.422
-924.788
-927.154
-929.519
-931.885
-934.25
-936.615
-938.981
-941.346
-943.711
-946.076
-948.441
-950.805
-953.17
-955.535
-957.899
-960.263
-962.628
-964.992
-967.356
-969.72
-972.084
-974.448
-976.812
-979.175
-981.539
-983.902
-986.266
-988.629
-990.992
-993.355
-995.718
-998.081
-1000.44
-1002.81
-1005.17
-1007.53
-1009.89
-1012.26
-1014.62
-1016.98
-1019.34
-1021.71
-1024.07
-1026.43
-1028.79
-1031.15
-1033.51
-1035.88
-1038.24
-1040.6
-1042.96
-1045.32
-1047.68
-1050.04
-1052.4
-1054.76
-1057.12
-1059.48
-1061.85
-1064.21
-1066.57
-1068.93
-1071.29
-1073.65
-1076.01
-1078.37
-1080.73
-1083.08
-1085.44
-1087.8
-1090.16
-1092.52
-1094.88
-1097.24
-1099.6
-1101.96
-1104.32
-1106.68
-1109.03
-1111.39
-1113.75
-1116.11
-1118.47
-1120.83
-1123.18
-1125.54
-1127.9
-1130.26
-1132.62
-1134.97
-1137.33
-1139.69
-1142.05
-1144.4
-1146.76
-1149.12
-1151.47
-1153.83
-1156.19
-1158.54
-1160.9
-1163.26
-1165.61
-1167.97
-1170.33
-1172.68
-1175.04
-1177.39
-1179.75
-1182.1
-1184.46
-1186.82
-1189.17
-1191.53
-1193.88
-1196.24
-1198.59
-1200.95
-1203.3
-1205.66
-1208.01
-1210.37
-1212.72
-1215.08
-1217.43
-1219.78
-1222.14
-1224.49
-1226.85
-1229.2
-1231.55
-1233.91
-1236.26
-1238.61
-1240.97
-1243.32
-1245.67
-1248.03
-1250.38
-1252.73
-1255.09
-1257.44
-1259.79
-1262.14
-1264.5
-1266.85
-1269.2
-1271.55
-1273.91
-1276.26
-1278.61
-1280.96
-1283.31
-1285.67
-1288.02
-1290.37
-1292.72
-1295.07
-1297.42
-1299.77
-1302.12
-1304.48
-1306.83
-1309.18
-1311.53
-1313.88
-1316.23
-1318.58
-1320.93
-1323.28
-1325.63
-1327.98
-1330.33
-1332.68
-1335.03
-1337.38
-1339.73
-1342.08
-1344.43
-1346.78
-1349.13
-1351.47
-1353.82
-1356.17
-1358.52
-1360.87
-1363.22
-1365.57
-1367.92
-1370.26
-1372.61
-1374.96
-1377.31
-1379.66
-1382
-1384.35
-1386.7
-1389.05
-1391.39
-1393.74
-1396.09
-1398.44
-1400.78
-1403.13
-1405.48
-1407.82
-1410.17
-1412.52
-1414.86
-1417.21
-1419.56
-1421.9
-1424.25
-1426.6
-1428.94
-1431.29
-1433.63
-1435.98
-1438.33
-1440.67
-1443.02
-1445.36
-1447.71
-1450.05
-1452.4
-1454.74
-1457.09
-1459.43
-1461.78
-1464.12
-1466.47
-1468.81
-1471.15
-1473.5
-1475.84
-1478.19
-1480.53
-1482.88
-1485.22
-1487.56
-1489.91
-1492.25
-1494.59
-1496.94
-1499.28
-1501.62
-1503.97
-1506.31
-1508.65
-1510.99
-1513.34
-1515.68
-1518.02
-1520.36
-1522.71
-1525.05
-1527.39
-1529.73
-1532.08
-1534.42
-1536.76
-1539.1
-1541.44
-1543.78
-1546.12
-1548.47
-1550.81
-1553.15
-1555.49
-1557.83
-1560.17
-1562.51
-1564.85
-1567.19
-1569.53
-1571.87
-1574.21
-1576.55
-1578.89
-1581.23
-1583.57
-1585.91
-1588.25
-1590.59
-1592.93
-1595.27
-1597.61
-1599.95
-1602.29
-1604.63
-1606.97
-1609.31
-1611.65
-1613.98
-1616.32
-1618.66
-1621
-1623.34
-1625.68
-1628.01
-1630.35
-1632.69
-1635.03
-1637.37
-1639.7
-1642.04
-1644.38
-1646.72
-1649.05
-1651.39
-1653.73
-1656.06
-1658.4
-1660.74
-1663.08
-1665.41
-1667.75
-1670.08
-1672.42
-1674.76
-1677.09
-1679.43
-1681.77
-1684.1
-1686.44
-1688.77
-1691.11
-1693.44
-1695.78
-1698.12
-1700.45
-1702.79
-1705.12
-1707.46
-1709.79
-1712.13
-1714.46
-1716.79
-1719.13
-1721.46
-1723.8
-1726.13
-1728.47
-1730.8
-1733.13
-1735.47
-1737.8
-1740.14
-1742.47
-1744.8
-1747.14
-1749.47
-1751.8
-1754.13
-1756.47
-1758.8
-1761.13
-1763.47
-1765.8
-1768.13
-1770.46
-1772.8
-1775.13
-1777.46
-1779.79
-1782.12
-1784.46
-1786.79
-1789.12
-1791.45
-1793.78
-1796.11
-1798.45
-1800.78
-1803.11
-1805.44
-1807.77
-1810.1
-1812.43
-1814.76
-1817.09
-1819.42
-1821.75
-1824.08
-1826.41
-1828.74
-1831.07
-1833.4
-1835.73
-1838.06
-1840.39
-1842.72
-1845.05
-1847.38
-1849.71
-1852.04
-1854.37
-1856.7
-1859.03
-1861.36
-1863.68
-1866.01
-1868.34
-1870.67
-1873
-1875.33
-1877.66
-1879.98
-1882.31
-1884.64
-1886.97
-1889.29
-1891.62
-1893.95
-1896.28
-1898.6
-1900.93
-1903.26
-1905.59
-1907.91
-1910.24
-1912.57
-1914.89
-1917.22
-1919.55
-1921.87
-1924.2
-1926.52
-1928.85
-1931.18
-1933.5
-1935.83
-1938.15
-1940.48
-1942.8
-1945.13
-1947.46
-1949.78
-1952.11
-1954.43
-1956.76
-1959.08
-1961.41
-1963.73
-1966.05
-1968.38
-1970.7
-1973.03
-1975.35
-1977.68
-1980
-1982.32
-1984.65
-1986.97
-1989.3
-1991.62
-1993.94
-1996.27
-1998.59
-2000.91
-2003.24
-2005.56
-2007.88
-2010.2
-2012.53
-2014.85
-2017.17
-2019.49
-2021.82
-2024.14
-2026.46
-2028.78
-2031.11
-2033.43
-2035.75
-2038.07
-2040.39
-2042.71
-2045.03
-2047.36
-2049.68
-2052
-2054.32
-2056.64
-2058.96
-2061.28
-2063.6
-2065.92
-2068.24
-2070.56
-2072.88
-2075.2
-2077.52
-2079.84
-2082.16
-2084.48
-2086.8
-2089.12
-2091.44
-2093.76
-2096.08
-2098.4
-2100.72
-2103.04
-2105.36
-2107.68
-2110
-2112.31
-2114.63
-2116.95
-2119.27
-2121.59
-2123.91
-2126.22
-2128.54
-2130.86
-2133.18
-2135.5
-2137.81
-2140.13
-2142.45
-2144.77
-2147.08
-2149.4
-2151.72
-2154.03
-2156.35
-2158.67
-2160.98
-2163.3
-2165.62
-2167.93
-2170.25
-2172.57
-2174.88
-2177.2
-2179.51
-2181.83
-2184.15
-2186.46
-2188.78
-2191.09
-2193.41
-2195.72
-2198.04
-2200.35
-2202.67
-2204.98
-2207.3
-2209.61
-2211.93
-2214.24
-2216.56
-2218.87
-2221.19
-2223.5
-2225.81
-2228.13
-2230.44
-2232.76
-2235.07
-2237.38
-2239.7
-2242.01
-2244.32
-2246.64
-2248.95
-2251.26
-2253.57
-2255.89
-2258.2
-2260.51
-2262.83
-2265.14
-2267.45
-2269.76
-2272.07
-2274.39
-2276.7
-2279.01
-2281.32
-2283.63
-2285.95
-2288.26
-2290.57
-2292.88
-2295.19
-2297.5
-2299.81
-2302.12
-2304.44
-2306.75
-2309.06
-2311.37
-2313.68
-2315.99
-2318.3
-2320.61
-2322.92
-2325.23
-2327.54
-2329.85
-2332.16
-2334.47
-2336.78
-2339.09
-2341.4
-2343.7
-2346.01
-2348.32
-2350.63
-2352.94
-2355.25
-2357.56
-2359.87
-2362.18
-2364.48
-2366.79
-2369.1
-2371.41
-2373.72
-2376.02
-2378.33
-2380.64
-2382.95
-2385.25
-2387.56
-2389.87
-2392.18
-2394.48
-2396.79
-2399.1
-2401.4
-2403.71
-2406.02
-2408.32
-2410.63
-2412.94
-2415.24
-2417.55
-2419.86
-2422.16
-2424.47
-2426.77
-2429.08
-2431.39
-2433.69
-2436
-2438.3
-2440.61
-2442.91
-2445.22
-2447.52
-2449.83
-2452.13
-2454.44
-2456.74
-2459.05
-2461.35
-2463.65
-2465.96
-2468.26
-2470.57
-2472.87
-2475.17
-2477.48
-2479.78
-2482.09
-2484.39
-2486.69
-2489
-2491.3
-2493.6
-2495.9
-2498.21
-2500.51
-2502.81
-2505.12
-2507.42
-2509.72
-2512.02
-2514.33
-2516.63
-2518.93
-2521.23
-2523.53
-2525.83
-2528.14
-2530.44
-2532.74
-2535.04
-2537.34
-2539.64
-2541.94
-2544.25
-2546.55
-2548.85
-2551.15
-2553.45
-2555.75
-2558.05
-2560.35
-2562.65
-2564.95
-2567.25
-2569.55
-2571.85
-2574.15
-2576.45
-2578.75
-2581.05
-2583.35
-2585.65
-2587.95
-2590.25
-2592.54
-2594.84
-2597.14
-2599.44
-2601.74
-2604.04
-2606.34
-2608.63
-2610.93
-2613.23
-2615.53
-2617.83
-2620.12
-2622.42
-2624.72
-2627.02
-2629.31
-2631.61
-2633.91
-2636.21
-2638.5
-2640.8
-2643.1
-2645.39
-2647.69
-2649.99
-2652.28
-2654.58
-2656.88
-2659.17
-2661.47
-2663.77
-2666.06
-2668.36
-2670.65
-2672.95
-2675.24
-2677.54
-2679.83
-2682.13
-2684.43
-2686.72
-2689.02
-2691.31
-2693.6
-2695.9
-2698.19
-2700.49
-2702.78
-2705.08
-2707.37
-2709.67
-2711.96
-2714.25
-2716.55
-2718.84
-2721.14
-2723.43
-2725.72
-2728.02
-2730.31
-2732.6
-2734.89
-2737.19
-2739.48
-2741.77
-2744.07
-2746.36
-2748.65
-2750.94
-2753.24
-2755.53
-2757.82
-2760.11
-2762.4
-2764.7
-2766.99
-2769.28
-2771.57
-2773.86
-2776.15
-2778.45
-2780.74
-2783.03
-2785.32
-2787.61
-2789.9
-2792.19
-2794.48
-2796.77
-2799.06
-2801.35
-2803.64
-2805.93
-2808.22
-2810.51
-2812.8
-2815.09
-2817.38
-2819.67
-2821.96
-2824.25
-2826.54
-2828.83
-2831.12
-2833.41
-2835.7
-2837.98
-2840.27
-2842.56
-2844.85
-2847.14
-2849.43
-2851.71
-2854
-2856.29
-2858.58
-2860.87
-2863.15
-2865.44
-2867.73
-2870.02
-2872.3
-2874.59
-2876.88
-2879.17
-2881.45
-2883.74
-2886.03
-2888.31
-2890.6
-2892.89
-2895.17
-2897.46
-2899.74
-2902.03
-2904.32
-2906.6
-2908.89
-2911.17
-2913.46
-2915.75
-2918.03
-2920.32
-2922.6
-2924.89
-2927.17
-2929.46
-2931.74
-2934.03
-2936.31
-2938.59
-2940.88
-2943.16
-2945.45
-2947.73
-2950.02
-2952.3
-2954.58
-2956.87
-2959.15
-2961.43
-2963.72
-2966
-2968.29
-2970.57
-2972.85
-2975.13
-2977.42
-2979.7
-2981.98
-2984.27
-2986.55
-2988.83
-2991.11
-2993.39
-2995.68
-2997.96
-3000.24
-3002.52
-3004.8
-3007.09
-3009.37
-3011.65
-3013.93
-3016.21
-3018.49
-3020.77
-3023.06
-3025.34
-3027.62
-3029.9
-3032.18
-3034.46
-3036.74
-3039.02
-3041.3
-3043.58
-3045.86
-3048.14
-3050.42
-3052.7
-3054.98
-3057.26
-3059.54
-3061.82
-3064.1
-3066.38
-3068.65
-3070.93
-3073.21
-3075.49
-3077.77
-3080.05
-3082.33
-3084.61
-3086.88
-3089.16
-3091.44
-3093.72
-3096
-3098.27
-3100.55
-3102.83
-3105.11
-3107.38
-3109.66
-3111.94
-3114.22
-3116.49
-3118.77
-3121.05
-3123.32
-3125.6
-3127.88
-3130.15
-3132.43
-3134.71
-3136.98
-3139.26
-3141.53
-3143.81
-3146.08
-3148.36
-3150.64
-3152.91
-3155.19
-3157.46
-3159.74
-3162.01
-3164.29
-3166.56
-3168.84
-3171.11
-3173.39
-3175.66
-3177.94
-3180.21
-3182.48
-3184.76
-3187.03
-3189.31
-3191.58
-3193.85
-3196.13
-3198.4
-3200.67
-3202.95
-3205.22
-3207.49
-3209.77
-3212.04
-3214.31
-3216.59
-3218.86
-3221.13
-3223.4
-3225.68
-3227.95
-3230.22
-3232.49
-3234.76
-3237.04
-3239.31
-3241.58
-3243.85
-3246.12
-3248.39
-3250.67
-3252.94
-3255.21
-3257.48
-3259.75
-3262.02
-3264.29
-3266.56
-3268.83
-3271.1
-3273.37
-3275.64
-3277.91
-3280.18
-3282.45
-3284.72
-3286.99
-3289.26
-3291.53
-3293.8
-3296.07
-3298.34
-3300.61
-3302.88
-3305.15
-3307.42
-3309.69
-3311.95
-3314.22
-3316.49
-3318.76
-3321.03
-3323.3
-3325.56
-3327.83
-3330.1
-3332.37
-3334.64
-3336.9
-3339.17
-3341.44
-3343.71
-3345.97
-3348.24
-3350.51
-3352.77
-3355.04
-3357.31
-3359.57
-3361.84
-3364.11
-3366.37
-3368.64
-3370.91
-3373.17
-3375.44
-3377.7
-3379.97
-3382.24
-3384.5
-3386.77
-3389.03
-3391.3
-3393.56
-3395.83
-3398.09
-3400.36
-3402.62
-3404.89
-3407.15
-3409.42
-3411.68
-3413.94
-3416.21
-3418.47
-3420.74
-3423
-3425.26
-3427.53
-3429.79
-3432.06
-3434.32
-3436.58
-3438.85
-3441.11
-3443.37
-3445.63
-3447.9
-3450.16
-3452.42
-3454.69
-3456.95
-3459.21
-3461.47
-3463.73
-3466
-3468.26
-3470.52
-3472.78
-3475.04
-3477.31
-3479.57
-3481.83
-3484.09
-3486.35
-3488.61
-3490.87
-3493.13
-3495.39
-3497.65
-3499.92
-3502.18
-3504.44
-3506.7
-3508.96
-3511.22
-3513.48
-3515.74
-3518
-3520.26
-3522.52
-3524.78
-3527.03
-3529.29
-3531.55
-3533.81
-3536.07
-3538.33
-3540.59
-3542.85
-3545.11
-3547.37
-3549.62
-3551.88
-3554.14
-3556.4
-3558.66
-3560.91
-3563.17
-3565.43
-3567.69
-3569.95
-3572.2
-3574.46
-3576.72
-3578.97
-3581.23
-3583.49
-3585.75
-3588
-3590.26
-3592.52
-3594.77
-3597.03
-3599.28
-3601.54
-3603.8
-3606.05
-3608.31
-3610.56
-3612.82
-3615.08
-3617.33
-3619.59
-3621.84
-3624.1
-3626.35
-3628.61
-3630.86
-3633.12
-3635.37
-3637.63
-3639.88
-3642.14
-3644.39
-3646.64
-3648.9
-3651.15
-3653.41
-3655.66
-3657.91
-3660.17
-3662.42
-3664.67
-3666.93
-3669.18
-3671.43
-3673.69
-3675.94
-3678.19
-3680.44
-3682.7
-3684.95
-3687.2
-3689.45
-3691.71
-3693.96
-3696.21
-3698.46
-3700.72
-3702.97
-3705.22
-3707.47
-3709.72
-3711.97
-3714.22
-3716.48
-3718.73
-3720.98
-3723.23
-3725.48
-3727.73
-3729.98
-3732.23
-3734.48
-3736.73
-3738.98
-3741.23
-3743.48
-3745.73
-3747.98
-3750.23
-3752.48
-3754.73
-3756.98
-3759.23
-3761.48
-3763.73
-3765.98
-3768.22
-3770.47
-3772.72
-3774.97
-3777.22
-3779.47
-3781.72
-3783.96
-3786.21
-3788.46
-3790.71
-3792.96
-3795.2
-3797.45
-3799.7
-3801.95
-3804.19
-3806.44
-3808.69
-3810.93
-3813.18
-3815.43
-3817.68
-3819.92
-3822.17
-3824.41
-3826.66
-3828.91
-3831.15
-3833.4
-3835.65
-3837.89
-3840.14
-3842.38
-3844.63
-3846.87
-3849.12
-3851.36
-3853.61
-3855.85
-3858.1
-3860.34
-3862.59
-3864.83
-3867.08
-3869.32
-3871.57
-3873.81
-3876.06
-3878.3
-3880.54
-3882.79
-3885.03
-3887.27
-3889.52
-3891.76
-3894
-3896.25
-3898.49
-3900.73
-3902.98
-3905.22
-3907.46
-3909.71
-3911.95
-3914.19
-3916.43
-3918.67
-3920.92
-3923.16
-3925.4
-3927.64
-3929.88
-3932.13
-3934.37
-3936.61
-3938.85
-3941.09
-3943.33
-3945.57
-3947.81
-3950.06
-3952.3
-3954.54
-3956.78
-3959.02
-3961.26
-3963.5
-3965.74
-3967.98
-3970.22
-3972.46
-3974.7
-3976.94
-3979.18
-3981.42
-3983.66
-3985.9
-3988.14
-3990.37
-3992.61
-3994.85
-3997.09
-3999.33
-4001.57
-4003.81
-4006.04
-4008.28
-4010.52
-4012.76
-4015
-4017.24
-4019.47
-4021.71
-4023.95
-4026.19
-4028.42
-4030.66
-4032.9
-4035.13
-4037.37
-4039.61
-4041.85
-4044.08
-4046.32
-4048.55
-4050.79
-4053.03
-4055.26
-4057.5
-4059.74
-4061.97
-4064.21
-4066.44
-4068.68
-4070.91
-4073.15
-4075.38
-4077.62
-4079.86
-4082.09
-4084.32
-4086.56
-4088.79
-4091.03
-4093.26
-4095.5
-4097.73
-4099.97
-4102.2
-4104.43
-4106.67
-4108.9
-4111.14
-4113.37
-4115.6
-4117.84
-4120.07
-4122.3
-4124.54
-4126.77
-4129
-4131.23
-4133.47
-4135.7
-4137.93
-4140.16
-4142.4
-4144.63
-4146.86
-4149.09
-4151.32
-4153.56
-4155.79
-4158.02
-4160.25
-4162.48
-4164.71
-4166.94
-4169.18
-4171.41
-4173.64
-4175.87
-4178.1
-4180.33
-4182.56
-4184.79
-4187.02
-4189.25
-4191.48
-4193.71
-4195.94
-4198.17
-4200.4
-4202.63
-4204.86
-4207.09
-4209.32
-4211.55
-4213.78
-4216
-4218.23
-4220.46
-4222.69
-4224.92
-4227.15
-4229.38
-4231.6
-4233.83
-4236.06
-4238.29
-4240.52
-4242.74
-4244.97
-4247.2
-4249.43
-4251.65
-4253.88
-4256.11
-4258.34
-4260.56
-4262.79
-4265.02
-4267.24
-4269.47
-4271.7
-4273.92
-4276.15
-4278.37
-4280.6
-4282.83
-4285.05
-4287.28
-4289.5
-4291.73
-4293.95
-4296.18
-4298.41
-4300.63
-4302.86
-4305.08
-4307.31
-4309.53
-4311.75
-4313.98
-4316.2
-4318.43
-4320.65
-4322.88
-4325.1
-4327.32
-4329.55
-4331.77
-4334
-4336.22
-4338.44
-4340.67
-4342.89
-4345.11
-4347.33
-4349.56
-4351.78
-4354
-4356.23
-4358.45
-4360.67
-4362.89
-4365.11
-4367.34
-4369.56
-4371.78
-4374
-4376.22
-4378.45
-4380.67
-4382.89
-4385.11
-4387.33
-4389.55
-4391.77
-4393.99
-4396.21
-4398.44
-4400.66
-4402.88
-4405.1
-4407.32
-4409.54
-4411.76
-4413.98
-4416.2
-4418.42
-4420.64
-4422.86
-4425.08
-4427.3
-4429.51
-4431.73
-4433.95
-4436.17
-4438.39
-4440.61
-4442.83
-4445.05
-4447.26
-4449.48
-4451.7
-4453.92
-4456.14
-4458.36
-4460.57
-4462.79
-4465.01
-4467.23
-4469.44
-4471.66
-4473.88
-4476.1
-4478.31
-4480.53
-4482.75
-4484.96
-4487.18
-4489.4
-4491.61
-4493.83
-4496.04
-4498.26
-4500.48
-4502.69
-4504.91
-4507.12
-4509.34
-4511.56
-4513.77
-4515.99
-4518.2
-4520.42
-4522.63
-4524.85
-4527.06
-4529.28
-4531.49
-4533.7
-4535.92
-4538.13
-4540.35
-4542.56
-4544.78
-4546.99
-4549.2
-4551.42
-4553.63
-4555.84
-4558.06
-4560.27
-4562.48
-4564.7
-4566.91
-4569.12
-4571.33
-4573.55
-4575.76
-4577.97
-4580.18
-4582.4
-4584.61
-4586.82
-4589.03
-4591.24
-4593.46
-4595.67
-4597.88
-4600.09
-4602.3
-4604.51
-4606.72
-4608.94
-4611.15
-4613.36
-4615.57
-4617.78
-4619.99
-4622.2
-4624.41
-4626.62
-4628.83
-4631.04
-4633.25
-4635.46
-4637.67
-4639.88
-4642.09
-4644.3
-4646.51
-4648.72
-4650.92
-4653.13
-4655.34
-4657.55
-4659.76
-4661.97
-4664.18
-4666.39
-4668.59
-4670.8
-4673.01
-4675.22
-4677.43
-4679.63
-4681.84
-4684.05
-4686.26
-4688.46
-4690.67
-4692.88
-4695.08
-4697.29
-4699.5
-4701.7
-4703.91
-4706.12
-4708.32
-4710.53
-4712.74
-4714.94
-4717.15
-4719.35
-4721.56
-4723.77
-4725.97
-4728.18
-4730.38
-4732.59
-4734.79
-4737
-4739.2
-4741.41
-4743.61
-4745.82
-4748.02
-4750.23
-4752.43
-4754.63
-4756.84
-4759.04
-4761.25
-4763.45
-4765.65
-4767.86
-4770.06
-4772.26
-4774.47
-4776.67
-4778.87
-4781.08
-4783.28
-4785.48
-4787.68
-4789.89
-4792.09
-4794.29
-4796.49
-4798.7
-4800.9
-4803.1
-4805.3
-4807.5
-4809.71
-4811.91
-4814.11
-4816.31
-4818.51
-4820.71
-4822.91
-4825.11
-4827.31
-4829.52
-4831.72
-4833.92
-4836.12
-4838.32
-4840.52
-4842.72
-4844.92
-4847.12
-4849.32
-4851.52
-4853.72
-4855.92
-4858.11
-4860.31
-4862.51
-4864.71
-4866.91
-4869.11
-4871.31
-4873.51
-4875.71
-4877.9
-4880.1
-4882.3
-4884.5
-4886.7
-4888.89
-4891.09
-4893.29
-4895.49
-4897.69
-4899.88
-4902.08
-4904.28
-4906.47
-4908.67
-4910.87
-4913.06
-4915.26
-4917.46
-4919.65
-4921.85
-4924.05
-4926.24
-4928.44
-4930.63
-4932.83
-4935.03
-4937.22
-4939.42
-4941.61
-4943.81
-4946
-4948.2
-4950.39
-4952.59
-4954.78
-4956.98
-4959.17
-4961.37
-4963.56
-4965.76
-4967.95
-4970.14
-4972.34
-4974.53
-4976.72
-4978.92
-4981.11
-4983.31
-4985.5
-4987.69
-4989.89
-4992.08
-4994.27
-4996.46
-4998.66
-5000.85
-5003.04
-5005.23
-5007.43
-5009.62
-5011.81
-5014
-5016.19
-5018.39
-5020.58
-5022.77
-5024.96
-5027.15
-5029.34
-5031.53
-5033.73
-5035.92
-5038.11
-5040.3
-5042.49
-5044.68
-5046.87
-5049.06
-5051.25
-5053.44
-5055.63
-5057.82
-5060.01
-5062.2
-5064.39
-5066.58
-5068.77
-5070.96
-5073.15
-5075.33
-5077.52
-5079.71
-5081.9
-5084.09
-5086.28
-5088.47
-5090.65
-5092.84
-5095.03
-5097.22
-5099.41
-5101.59
-5103.78
-5105.97
-5108.16
-5110.34
-5112.53
-5114.72
-5116.91
-5119.09
-5121.28
-5123.47
-5125.65
-5127.84
-5130.03
-5132.21
-5134.4
-5136.58
-5138.77
-5140.96
-5143.14
-5145.33
-5147.51
-5149.7
-5151.88
-5154.07
-5156.25
-5158.44
-5160.62
-5162.81
-5164.99
-5167.18
-5169.36
-5171.55
-5173.73
-5175.92
-5178.1
-5180.28
-5182.47
-5184.65
-5186.83
-5189.02
-5191.2
-5193.39
-5195.57
-5197.75
-5199.93
-5202.12
-5204.3
-5206.48
-5208.67
-5210.85
-5213.03
-5215.21
-5217.4
-5219.58
-5221.76
-5223.94
-5226.12
-5228.3
-5230.49
-5232.67
-5234.85
-5237.03
-5239.21
-5241.39
-5243.57
-5245.75
-5247.93
-5250.11
-5252.3
-5254.48
-5256.66
-5258.84
-5261.02
-5263.2
-5265.38
-5267.56
-5269.74
-5271.91
-5274.09
-5276.27
-5278.45
-5280.63
-5282.81
-5284.99
-5287.17
-5289.35
-5291.53
-5293.7
-5295.88
-5298.06
-5300.24
-5302.42
-5304.6
-5306.77
-5308.95
-5311.13
-5313.31
-5315.48
-5317.66
-5319.84
-5322.01
-5324.19
-5326.37
-5328.55
-5330.72
-5332.9
-5335.07
-5337.25
-5339.43
-5341.6
-5343.78
-5345.96
-5348.13
-5350.31
-5352.48
-5354.66
-5356.83
-5359.01
-5361.18
-5363.36
-5365.53
-5367.71
-5369.88
-5372.06
-5374.23
-5376.41
-5378.58
-5380.76
-5382.93
-5385.1
-5387.28
-5389.45
-5391.62
-5393.8
-5395.97
-5398.15
-5400.32
-5402.49
-5404.66
-5406.84
-5409.01
-5411.18
-5413.36
-5415.53
-5417.7
-5419.87
-5422.05
-5424.22
-5426.39
-5428.56
-5430.73
-5432.9
-5435.08
-5437.25
-5439.42
-5441.59
-5443.76
-5445.93
-5448.1
-5450.27
-5452.44
-5454.61
-5456.79
-5458.96
-5461.13
-5463.3
-5465.47
-5467.64
-5469.81
-5471.98
-5474.14
-5476.31
-5478.48
-5480.65
-5482.82
-5484.99
-5487.16
-5489.33
-5491.5
-5493.67
-5495.83
-5498
-5500.17
-5502.34
-5504.51
-5506.68
-5508.84
-5511.01
-5513.18
-5515.35
-5517.51
-5519.68
-5521.85
-5524.02
-5526.18
-5528.35
-5530.52
-5532.68
-5534.85
-5537.02
-5539.18
-5541.35
-5543.52
-5545.68
-5547.85
-5550.01
-5552.18
-5554.34
-5556.51
-5558.68
-5560.84
-5563.01
-5565.17
-5567.34
-5569.5
-5571.67
-5573.83
-5575.99
-5578.16
-5580.32
-5582.49
-5584.65
-5586.82
-5588.98
-5591.14
-5593.31
-5595.47
-5597.63
-5599.8
-5601.96
-5604.12
-5606.29
-5608.45
-5610.61
-5612.77
-5614.94
-5617.1
-5619.26
-5621.42
-5623.59
-5625.75
-5627.91
-5630.07
-5632.23
-5634.4
-5636.56
-5638.72
-5640.88
-5643.04
-5645.2
-5647.36
-5649.52
-5651.68
-5653.85
-5656.01
-5658.17
-5660.33
-5662.49
-5664.65
-5666.81
-5668.97
-5671.13
-5673.29
-5675.45
-5677.61
-5679.76
-5681.92
-5684.08
-5686.24
-5688.4
-5690.56
-5692.72
-5694.88
-5697.04
-5699.19
-5701.35
-5703.51
-5705.67
-5707.83
-5709.98
-5712.14
-5714.3
-5716.46
-5718.61
-5720.77
-5722.93
-5725.09
-5727.24
-5729.4
-5731.56
-5733.71
-5735.87
-5738.03
-5740.18
-5742.34
-5744.49
-5746.65
-5748.81
-5750.96
-5753.12
-5755.27
-5757.43
-5759.58
-5761.74
-5763.89
-5766.05
-5768.2
-5770.36
-5772.51
-5774.67
-5776.82
-5778.98
-5781.13
-5783.28
-5785.44
-5787.59
-5789.75
-5791.9
-5794.05
-5796.21
-5798.36
-5800.51
-5802.67
-5804.82
-5806.97
-5809.12
-5811.28
-5813.43
-5815.58
-5817.73
-5819.89
-5822.04
-5824.19
-5826.34
-5828.49
-5830.65
-5832.8
-5834.95
-5837.1
-5839.25
-5841.4
-5843.55
-5845.7
-5847.86
-5850.01
-5852.16
-5854.31
-5856.46
-5858.61
-5860.76
-5862.91
-5865.06
-5867.21
-5869.36
-5871.51
-5873.66
-5875.81
-5877.95
-5880.1
-5882.25
-5884.4
-5886.55
-5888.7
-5890.85
-5893
-5895.14
-5897.29
-5899.44
-5901.59
-5903.74
-5905.88
-5908.03
-5910.18
-5912.33
-5914.47
-5916.62
-5918.77
-5920.92
-5923.06
-5925.21
-5927.36
-5929.5
-5931.65
-5933.8
-5935.94
-5938.09
-5940.23
-5942.38
-5944.53
-5946.67
-5948.82
-5950.96
-5953.11
-5955.25
-5957.4
-5959.54
-5961.69
-5963.83
-5965.98
-5968.12
-5970.27
-5972.41
-5974.56
-5976.7
-5978.84
-5980.99
-5983.13
-5985.28
-5987.42
-5989.56
-5991.71
-5993.85
-5995.99
-5998.14
-6000.28
-6002.42
-6004.56
-6006.71
-6008.85
-6010.99
-6013.13
-6015.28
-6017.42
-6019.56
-6021.7
-6023.84
-6025.98
-6028.13
-6030.27
-6032.41
-6034.55
-6036.69
-6038.83
-6040.97
-6043.11
-6045.25
-6047.39
-6049.53
-6051.67
-6053.81
-6055.95
-6058.09
-6060.23
-6062.37
-6064.51
-6066.65
-6068.79
-6070.93
-6073.07
-6075.21
-6077.35
-6079.49
-6081.63
-6083.77
-6085.9
-6088.04
-6090.18
-6092.32
-6094.46
-6096.59
-6098.73
-6100.87
-6103.01
-6105.14
-6107.28
-6109.42
-6111.56
-6113.69
-6115.83
-6117.97
-6120.1
-6122.24
-6124.38
-6126.51
-6128.65
-6130.79
-6132.92
-6135.06
-6137.19
-6139.33
-6141.46
-6143.6
-6145.73
-6147.87
-6150
-6152.14
-6154.27
-6156.41
-6158.54
-6160.68
-6162.81
-6164.95
-6167.08
-6169.22
-6171.35
-6173.48
-6175.62
-6177.75
-6179.88
-6182.02
-6184.15
-6186.28
-6188.42
-6190.55
-6192.68
-6194.82
-6196.95
-6199.08
-6201.21
-6203.35
-6205.48
-6207.61
-6209.74
-6211.87
-6214
-6216.14
-6218.27
-6220.4
-6222.53
-6224.66
-6226.79
-6228.92
-6231.05
-6233.19
-6235.32
-6237.45
-6239.58
-6241.71
-6243.84
-6245.97
-6248.1
-6250.23
-6252.36
-6254.49
-6256.62
-6258.74
-6260.87
-6263
-6265.13
-6267.26
-6269.39
-6271.52
-6273.65
-6275.77
-6277.9
-6280.03
-6282.16
-6284.29
-6286.42
-6288.54
-6290.67
-6292.8
-6294.93
-6297.05
-6299.18
-6301.31
-6303.43
-6305.56
-6307.69
-6309.81
-6311.94
-6314.07
-6316.19
-6318.32
-6320.44
-6322.57
-6324.7
-6326.82
-6328.95
-6331.07
-6333.2
-6335.32
-6337.45
-6339.57
-6341.7
-6343.82
-6345.95
-6348.07
-6350.2
-6352.32
-6354.45
-6356.57
-6358.69
-6360.82
-6362.94
-6365.06
-6367.19
-6369.31
-6371.43
-6373.56
-6375.68
-6377.8
-6379.93
-6382.05
-6384.17
-6386.29
-6388.42
-6390.54
-6392.66
-6394.78
-6396.91
-6399.03
-6401.15
-6403.27
-6405.39
-6407.51
-6409.63
-6411.76
-6413.88
-6416
-6418.12
-6420.24
-6422.36
-6424.48
-6426.6
-6428.72
-6430.84
-6432.96
-6435.08
-6437.2
-6439.32
-6441.44
-6443.56
-6445.68
-6447.8
-6449.92
-6452.03
-6454.15
-6456.27
-6458.39
-6460.51
-6462.63
-6464.74
-6466.86
-6468.98
-6471.1
-6473.22
-6475.33
-6477.45
-6479.57
-6481.69
-6483.8
-6485.92
-6488.04
-6490.15
-6492.27
-6494.39
-6496.5
-6498.62
-6500.74
-6502.85
-6504.97
-6507.08
-6509.2
-6511.32
-6513.43
-6515.55
-6517.66
-6519.78
-6521.89
-6524.01
-6526.12
-6528.24
-6530.35
-6532.47
-6534.58
-6536.69
-6538.81
-6540.92
-6543.04
-6545.15
-6547.26
-6549.38
-6551.49
-6553.6
-6555.72
-6557.83
-6559.94
-6562.06
-6564.17
-6566.28
-6568.39
-6570.51
-6572.62
-6574.73
-6576.84
-6578.96
-6581.07
-6583.18
-6585.29
-6587.4
-6589.51
-6591.62
-6593.74
-6595.85
-6597.96
-6600.07
-6602.18
-6604.29
-6606.4
-6608.51
-6610.62
-6612.73
-6614.84
-6616.95
-6619.06
-6621.17
-6623.28
-6625.39
-6627.5
-6629.61
-6631.72
-6633.82
-6635.93
-6638.04
-6640.15
-6642.26
-6644.37
-6646.48
-6648.58
-6650.69
-6652.8
-6654.91
-6657.01
-6659.12
-6661.23
-6663.34
-6665.44
-6667.55
-6669.66
-6671.76
-6673.87
-6675.98
-6678.08
-6680.19
-6682.3
-6684.4
-6686.51
-6688.61
-6690.72
-6692.83
-6694.93
-6697.04
-6699.14
-6701.25
-6703.35
-6705.46
-6707.56
-6709.67
-6711.77
-6713.88
-6715.98
-6718.08
-6720.19
-6722.29
-6724.4
-6726.5
-6728.6
-6730.71
-6732.81
-6734.91
-6737.02
-6739.12
-6741.22
-6743.32
-6745.43
-6747.53
-6749.63
-6751.73
-6753.84
-6755.94
-6758.04
-6760.14
-6762.24
-6764.35
-6766.45
-6768.55
-6770.65
-6772.75
-6774.85
-6776.95
-6779.05
-6781.15
-6783.25
-6785.35
-6787.46
-6789.56
-6791.66
-6793.76
-6795.85
-6797.95
-6800.05
-6802.15
-6804.25
-6806.35
-6808.45
-6810.55
-6812.65
-6814.75
-6816.85
-6818.94
-6821.04
-6823.14
-6825.24
-6827.34
-6829.44
-6831.53
-6833.63
-6835.73
-6837.83
-6839.92
-6842.02
-6844.12
-6846.21
-6848.31
-6850.41
-6852.5
-6854.6
-6856.7
-6858.79
-6860.89
-6862.99
-6865.08
-6867.18
-6869.27
-6871.37
-6873.46
-6875.56
-6877.65
-6879.75
-6881.84
-6883.94
-6886.03
-6888.13
-6890.22
-6892.32
-6894.41
-6896.5
-6898.6
-6900.69
-6902.79
-6904.88
-6906.97
-6909.07
-6911.16
-6913.25
-6915.35
-6917.44
-6919.53
-6921.62
-6923.72
-6925.81
-6927.9
-6929.99
-6932.08
-6934.18
-6936.27
-6938.36
-6940.45
-6942.54
-6944.63
-6946.73
-6948.82
-6950.91
-6953
-6955.09
-6957.18
-6959.27
-6961.36
-6963.45
-6965.54
-6967.63
-6969.72
-6971.81
-6973.9
-6975.99
-6978.08
-6980.17
-6982.26
-6984.35
-6986.43
-6988.52
-6990.61
-6992.7
-6994.79
-6996.88
-6998.96
-7001.05
-7003.14
-7005.23
-7007.32
-7009.4
-7011.49
-7013.58
-7015.67
-7017.75
-7019.84
-7021.93
-7024.01
-7026.1
-7028.19
-7030.27
-7032.36
-7034.44
-7036.53
-7038.62
-7040.7
-7042.79
-7044.87
-7046.96
-7049.04
-7051.13
-7053.21
-7055.3
-7057.38
-7059.47
-7061.55
-7063.64
-7065.72
-7067.8
-7069.89
-7071.97
-7074.06
-7076.14
-7078.22
-7080.31
-7082.39
-7084.47
-7086.56
-7088.64
-7090.72
-7092.8
-7094.89
-7096.97
-7099.05
-7101.13
-7103.21
-7105.3
-7107.38
-7109.46
-7111.54
-7113.62
-7115.7
-7117.79
-7119.87
-7121.95
-7124.03
-7126.11
-7128.19
-7130.27
-7132.35
-7134.43
-7136.51
-7138.59
-7140.67
-7142.75
-7144.83
-7146.91
-7148.99
-7151.07
-7153.15
-7155.23
-7157.3
-7159.38
-7161.46
-7163.54
-7165.62
-7167.7
-7169.77
-7171.85
-7173.93
-7176.01
-7178.09
-7180.16
-7182.24
-7184.32
-7186.39
-7188.47
-7190.55
-7192.62
-7194.7
-7196.78
-7198.85
-7200.93
-7203.01
-7205.08
-7207.16
-7209.23
-7211.31
-7213.39
-7215.46
-7217.54
-7219.61
-7221.69
-7223.76
-7225.84
-7227.91
-7229.98
-7232.06
-7234.13
-7236.21
-7238.28
-7240.35
-7242.43
-7244.5
-7246.58
-7248.65
-7250.72
-7252.8
-7254.87
-7256.94
-7259.01
-7261.09
-7263.16
-7265.23
-7267.3
-7269.38
-7271.45
-7273.52
-7275.59
-7277.66
-7279.73
-7281.81
-7283.88
-7285.95
-7288.02
-7290.09
-7292.16
-7294.23
-7296.3
-7298.37
-7300.44
-7302.51
-7304.58
-7306.65
-7308.72
-7310.79
-7312.86
-7314.93
-7317
-7319.07
-7321.14
-7323.21
-7325.27
-7327.34
-7329.41
-7331.48
-7333.55
-7335.62
-7337.68
-7339.75
-7341.82
-7343.89
-7345.95
-7348.02
-7350.09
-7352.16
-7354.22
-7356.29
-7358.36
-7360.42
-7362.49
-7364.56
-7366.62
-7368.69
-7370.75
-7372.82
-7374.89
-7376.95
-7379.02
-7381.08
-7383.15
-7385.21
-7387.28
-7389.34
-7391.41
-7393.47
-7395.54
-7397.6
-7399.66
-7401.73
-7403.79
-7405.86
-7407.92
-7409.98
-7412.05
-7414.11
-7416.17
-7418.24
-7420.3
-7422.36
-7424.42
-7426.49
-7428.55
-7430.61
-7432.67
-7434.74
-7436.8
-7438.86
-7440.92
-7442.98
-7445.04
-7447.1
-7449.17
-7451.23
-7453.29
-7455.35
-7457.41
-7459.47
-7461.53
-7463.59
-7465.65
-7467.71
-7469.77
-7471.83
-7473.89
-7475.95
-7478.01
-7480.07
-7482.13
-7484.18
-7486.24
-7488.3
-7490.36
-7492.42
-7494.48
-7496.54
-7498.59
-7500.65
-7502.71
-7504.77
-7506.82
-7508.88
-7510.94
-7513
-7515.05
-7517.11
-7519.17
-7521.22
-7523.28
-7525.34
-7527.39
-7529.45
-7531.5
-7533.56
-7535.62
-7537.67
-7539.73
-7541.78
-7543.84
-7545.89
-7547.95
-7550
-7552.06
-7554.11
-7556.17
-7558.22
-7560.27
-7562.33
-7564.38
-7566.44
-7568.49
-7570.54
-7572.6
-7574.65
-7576.7
-7578.76
-7580.81
-7582.86
-7584.91
-7586.97
-7589.02
-7591.07
-7593.12
-7595.18
-7597.23
-7599.28
-7601.33
-7603.38
-7605.43
-7607.48
-7609.54
-7611.59
-7613.64
-7615.69
-7617.74
-7619.79
-7621.84
-7623.89
-7625.94
-7627.99
-7630.04
-7632.09
-7634.14
-7636.19
-7638.24
-7640.29
-7642.33
-7644.38
-7646.43
-7648.48
-7650.53
-7652.58
-7654.63
-7656.67
-7658.72
-7660.77
-7662.82
-7664.86
-7666.91
-7668.96
-7671.01
-7673.05
-7675.1
-7677.15
-7679.19
-7681.24
-7683.29
-7685.33
-7687.38
-7689.42
-7691.47
-7693.52
-7695.56
-7697.61
-7699.65
-7701.7
-7703.74
-7705.79
-7707.83
-7709.88
-7711.92
-7713.97
-7716.01
-7718.05
-7720.1
-7722.14
-7724.19
-7726.23
-7728.27
-7730.32
-7732.36
-7734.4
-7736.44
-7738.49
-7740.53
-7742.57
-7744.62
-7746.66
-7748.7
-7750.74
-7752.78
-7754.83
-7756.87
-7758.91
-7760.95
-7762.99
-7765.03
-7767.07
-7769.11
-7771.15
-7773.19
-7775.23
-7777.28
-7779.32
-7781.36
-7783.4
-7785.43
-7787.47
-7789.51
-7791.55
-7793.59
-7795.63
-7797.67
-7799.71
-7801.75
-7803.79
-7805.82
-7807.86
-7809.9
-7811.94
-7813.98
-7816.01
-7818.05
-7820.09
-7822.13
-7824.16
-7826.2
-7828.24
-7830.27
-7832.31
-7834.35
-7836.38
-7838.42
-7840.46
-7842.49
-7844.53
-7846.56
-7848.6
-7850.64
-7852.67
-7854.71
-7856.74
-7858.78
-7860.81
-7862.85
-7864.88
-7866.91
-7868.95
-7870.98
-7873.02
-7875.05
-7877.08
-7879.12
-7881.15
-7883.18
-7885.22
-7887.25
-7889.28
-7891.32
-7893.35
-7895.38
-7897.41
-7899.45
-7901.48
-7903.51
-7905.54
-7907.57
-7909.6
-7911.64
-7913.67
-7915.7
-7917.73
-7919.76
-7921.79
-7923.82
-7925.85
-7927.88
-7929.91
-7931.94
-7933.97
-7936
-7938.03
-7940.06
-7942.09
-7944.12
-7946.15
-7948.18
-7950.21
-7952.24
-7954.26
-7956.29
-7958.32
-7960.35
-7962.38
-7964.4
-7966.43
-7968.46
-7970.49
-7972.51
-7974.54
-7976.57
-7978.6
-7980.62
-7982.65
-7984.68
-7986.7
-7988.73
-7990.75
-7992.78
-7994.81
-7996.83
-7998.86
-8000.88
-8002.91
-8004.93
-8006.96
-8008.98
-8011.01
-8013.03
-8015.06
-8017.08
-8019.11
-8021.13
-8023.15
-8025.18
-8027.2
-8029.22
-8031.25
-8033.27
-8035.29
-8037.32
-8039.34
-8041.36
-8043.38
-8045.41
-8047.43
-8049.45
-8051.47
-8053.49
-8055.52
-8057.54
-8059.56
-8061.58
-8063.6
-8065.62
-8067.64
-8069.66
-8071.68
-8073.71
-8075.73
-8077.75
-8079.77
-8081.79
-8083.81
-8085.83
-8087.84
-8089.86
-8091.88
-8093.9
-8095.92
-8097.94
-8099.96
-8101.98
-8104
-8106.01
-8108.03
-8110.05
-8112.07
-8114.08
-8116.1
-8118.12
-8120.14
-8122.15
-8124.17
-8126.19
-8128.2
-8130.22
-8132.24
-8134.25
-8136.27
-8138.29
-8140.3
-8142.32
-8144.33
-8146.35
-8148.36
-8150.38
-8152.39
-8154.41
-8156.42
-8158.44
-8160.45
-8162.47
-8164.48
-8166.49
-8168.51
-8170.52
-8172.54
-8174.55
-8176.56
-8178.58
-8180.59
-8182.6
-8184.61
-8186.63
-8188.64
-8190.65
-8192.66
-8194.68
-8196.69
-8198.7
-8200.71
-8202.72
-8204.73
-8206.75
-8208.76
-8210.77
-8212.78
-8214.79
-8216.8
-8218.81
-8220.82
-8222.83
-8224.84
-8226.85
-8228.86
-8230.87
-8232.88
-8234.89
-8236.9
-8238.91
-8240.91
-8242.92
-8244.93
-8246.94
-8248.95
-8250.96
-8252.96
-8254.97
-8256.98
-8258.99
-8260.99
-8263
-8265.01
-8267.02
-8269.02
-8271.03
-8273.04
-8275.04
-8277.05
-8279.05
-8281.06
-8283.07
-8285.07
-8287.08
-8289.08
-8291.09
-8293.09
-8295.1
-8297.1
-8299.11
-8301.11
-8303.12
-8305.12
-8307.12
-8309.13
-8311.13
-8313.14
-8315.14
-8317.14
-8319.15
-8321.15
-8323.15
-8325.15
-8327.16
-8329.16
-8331.16
-8333.16
-8335.17
-8337.17
-8339.17
-8341.17
-8343.17
-8345.17
-8347.18
-8349.18
-8351.18
-8353.18
-8355.18
-8357.18
-8359.18
-8361.18
-8363.18
-8365.18
-8367.18
-8369.18
-8371.18
-8373.18
-8375.18
-8377.18
-8379.18
-8381.17
-8383.17
-8385.17
-8387.17
-8389.17
-8391.17
-8393.16
-8395.16
-8397.16
-8399.16
-8401.15
-8403.15
-8405.15
-8407.14
-8409.14
-8411.14
-8413.13
-8415.13
-8417.13
-8419.12
-8421.12
-8423.11
-8425.11
-8427.1
-8429.1
-8431.09
-8433.09
-8435.08
-8437.08
-8439.07
-8441.07
-8443.06
-8445.06
-8447.05
-8449.04
-8451.04
-8453.03
-8455.02
-8457.02
-8459.01
-8461
-8463
-8464.99
-8466.98
-8468.97
-8470.97
-8472.96
-8474.95
-8476.94
-8478.93
-8480.92
-8482.92
-8484.91
-8486.9
-8488.89
-8490.88
-8492.87
-8494.86
-8496.85
-8498.84
-8500.83
-8502.82
-8504.81
-8506.8
-8508.79
-8510.78
-8512.77
-8514.76
-8516.74
-8518.73
-8520.72
-8522.71
-8524.7
-8526.69
-8528.67
-8530.66
-8532.65
-8534.64
-8536.62
-8538.61
-8540.6
-8542.58
-8544.57
-8546.56
-8548.54
-8550.53
-8552.52
-8554.5
-8556.49
-8558.47
-8560.46
-8562.44
-8564.43
-8566.41
-8568.4
-8570.38
-8572.37
-8574.35
-8576.34
-8578.32
-8580.31
-8582.29
-8584.27
-8586.26
-8588.24
-8590.22
-8592.21
-8594.19
-8596.17
-8598.15
-8600.14
-8602.12
-8604.1
-8606.08
-8608.07
-8610.05
-8612.03
-8614.01
-8615.99
-8617.97
-8619.95
-8621.93
-8623.91
-8625.9
-8627.88
-8629.86
-8631.84
-8633.82
-8635.8
-8637.77
-8639.75
-8641.73
-8643.71
-8645.69
-8647.67
-8649.65
-8651.63
-8653.61
-8655.58
-8657.56
-8659.54
-8661.52
-8663.5
-8665.47
-8667.45
-8669.43
-8671.4
-8673.38
-8675.36
-8677.33
-8679.31
-8681.29
-8683.26
-8685.24
-8687.22
-8689.19
-8691.17
-8693.14
-8695.12
-8697.09
-8699.07
-8701.04
-8703.02
-8704.99
-8706.96
-8708.94
-8710.91
-8712.89
-8714.86
-8716.83
-8718.81
-8720.78
-8722.75
-8724.73
-8726.7
-8728.67
-8730.64
-8732.62
-8734.59
-8736.56
-8738.53
-8740.5
-8742.48
-8744.45
-8746.42
-8748.39
-8750.36
-8752.33
-8754.3
-8756.27
-8758.24
-8760.21
-8762.18
-8764.15
-8766.12
-8768.09
-8770.06
-8772.03
-8774
-8775.97
-8777.94
-8779.9
-8781.87
-8783.84
-8785.81
-8787.78
-8789.74
-8791.71
-8793.68
-8795.65
-8797.61
-8799.58
-8801.55
-8803.51
-8805.48
-8807.45
-8809.41
-8811.38
-8813.35
-8815.31
-8817.28
-8819.24
-8821.21
-8823.17
-8825.14
-8827.1
-8829.07
-8831.03
-8833
-8834.96
-8836.92
-8838.89
-8840.85
-8842.81
-8844.78
-8846.74
-8848.7
-8850.67
-8852.63
-8854.59
-8856.55
-8858.52
-8860.48
-8862.44
-8864.4
-8866.36
-8868.33
-8870.29
-8872.25
-8874.21
-8876.17
-8878.13
-8880.09
-8882.05
-8884.01
-8885.97
-8887.93
-8889.89
-8891.85
-8893.81
-8895.77
-8897.73
-8899.69
-8901.65
-8903.61
-8905.56
-8907.52
-8909.48
-8911.44
-8913.4
-8915.35
-8917.31
-8919.27
-8921.23
-8923.18
-8925.14
-8927.1
-8929.05
-8931.01
-8932.97
-8934.92
-8936.88
-8938.83
-8940.79
-8942.74
-8944.7
-8946.66
-8948.61
-8950.57
-8952.52
-8954.47
-8956.43
-8958.38
-8960.34
-8962.29
-8964.24
-8966.2
-8968.15
-8970.1
-8972.06
-8974.01
-8975.96
-8977.92
-8979.87
-8981.82
-8983.77
-8985.72
-8987.68
-8989.63
-8991.58
-8993.53
-8995.48
-8997.43
-8999.38
-9001.33
-9003.28
-9005.23
-9007.18
-9009.13
-9011.08
-9013.03
-9014.98
-9016.93
-9018.88
-9020.83
-9022.78
-9024.73
-9026.68
-9028.62
-9030.57
-9032.52
-9034.47
-9036.42
-9038.36
-9040.31
-9042.26
-9044.21
-9046.15
-9048.1
-9050.05
-9051.99
-9053.94
-9055.88
-9057.83
-9059.78
-9061.72
-9063.67
-9065.61
-9067.56
-9069.5
-9071.45
-9073.39
-9075.34
-9077.28
-9079.22
-9081.17
-9083.11
-9085.05
-9087
-9088.94
-9090.88
-9092.83
-9094.77
-9096.71
-9098.66
-9100.6
-9102.54
-9104.48
-9106.42
-9108.36
-9110.31
-9112.25
-9114.19
-9116.13
-9118.07
-9120.01
-9121.95
-9123.89
-9125.83
-9127.77
-9129.71
-9131.65
-9133.59
-9135.53
-9137.47
-9139.41
-9141.35
-9143.28
-9145.22
-9147.16
-9149.1
-9151.04
-9152.98
-9154.91
-9156.85
-9158.79
-9160.72
-9162.66
-9164.6
-9166.53
-9168.47
-9170.41
-9172.34
-9174.28
-9176.22
-9178.15
-9180.09
-9182.02
-9183.96
-9185.89
-9187.83
-9189.76
-9191.7
-9193.63
-9195.56
-9197.5
-9199.43
-9201.36
-9203.3
-9205.23
-9207.16
-9209.1
-9211.03
-9212.96
-9214.89
-9216.83
-9218.76
-9220.69
-9222.62
-9224.55
-9226.49
-9228.42
-9230.35
-9232.28
-9234.21
-9236.14
-9238.07
-9240
-9241.93
-9243.86
-9245.79
-9247.72
-9249.65
-9251.58
-9253.51
-9255.44
-9257.36
-9259.29
-9261.22
-9263.15
-9265.08
-9267
-9268.93
-9270.86
-9272.79
-9274.71
-9276.64
-9278.57
-9280.49
-9282.42
-9284.35
-9286.27
-9288.2
-9290.12
-9292.05
-9293.98
-9295.9
-9297.83
-9299.75
-9301.68
-9303.6
-9305.52
-9307.45
-9309.37
-9311.3
-9313.22
-9315.14
-9317.07
-9318.99
-9320.91
-9322.84
-9324.76
-9326.68
-9328.6
-9330.53
-9332.45
-9334.37
-9336.29
-9338.21
-9340.13
-9342.05
-9343.97
-9345.9
-9347.82
-9349.74
-9351.66
-9353.58
-9355.5
-9357.42
-9359.34
-9361.25
-9363.17
-9365.09
-9367.01
-9368.93
-9370.85
-9372.77
-9374.69
-9376.6
-9378.52
-9380.44
-9382.36
-9384.27
-9386.19
-9388.11
-9390.02
-9391.94
-9393.86
-9395.77
-9397.69
-9399.6
-9401.52
-9403.44
-9405.35
-9407.27
-9409.18
-9411.1
-9413.01
-9414.92
-9416.84
-9418.75
-9420.67
-9422.58
-9424.49
-9426.41
-9428.32
-9430.23
-9432.15
-9434.06
-9435.97
-9437.88
-9439.8
-9441.71
-9443.62
-9445.53
-9447.44
-9449.35
-9451.26
-9453.17
-9455.09
-9457
-9458.91
-9460.82
-9462.73
-9464.64
-9466.55
-9468.46
-9470.36
-9472.27
-9474.18
-9476.09
-9478
-9479.91
-9481.82
-9483.72
-9485.63
-9487.54
-9489.45
-9491.35
-9493.26
-9495.17
-9497.07
-9498.98
-9500.89
-9502.79
-9504.7
-9506.61
-9508.51
-9510.42
-9512.32
-9514.23
-9516.13
-9518.04
-9519.94
-9521.85
-9523.75
-9525.65
-9527.56
-9529.46
-9531.36
-9533.27
-9535.17
-9537.07
-9538.98
-9540.88
-9542.78
-9544.68
-9546.59
-9548.49
-9550.39
-9552.29
-9554.19
-9556.09
-9557.99
-9559.89
-9561.8
-9563.7
-9565.6
-9567.5
-9569.4
-9571.3
-9573.19
-9575.09
-9576.99
-9578.89
-9580.79
-9582.69
-9584.59
-9586.49
-9588.38
-9590.28
-9592.18
-9594.08
-9595.97
-9597.87
-9599.77
-9601.66
-9603.56
-9605.46
-9607.35
-9609.25
-9611.14
-9613.04
-9614.94
-9616.83
-9618.73
-9620.62
-9622.52
-9624.41
-9626.3
-9628.2
-9630.09
-9631.99
-9633.88
-9635.77
-9637.67
-9639.56
-9641.45
-9643.34
-9645.24
-9647.13
-9649.02
-9650.91
-9652.8
-9654.7
-9656.59
-9658.48
-9660.37
-9662.26
-9664.15
-9666.04
-9667.93
-9669.82
-9671.71
-9673.6
-9675.49
-9677.38
-9679.27
-9681.16
-9683.05
-9684.93
-9686.82
-9688.71
-9690.6
-9692.49
-9694.37
-9696.26
-9698.15
-9700.04
-9701.92
-9703.81
-9705.7
-9707.58
-9709.47
-9711.35
-9713.24
-9715.12
-9717.01
-9718.89
-9720.78
-9722.66
-9724.55
-9726.43
-9728.32
-9730.2
-9732.09
-9733.97
-9735.85
-9737.74
-9739.62
-9741.5
-9743.38
-9745.27
-9747.15
-9749.03
-9750.91
-9752.79
-9754.68
-9756.56
-9758.44
-9760.32
-9762.2
-9764.08
-9765.96
-9767.84
-9769.72
-9771.6
-9773.48
-9775.36
-9777.24
-9779.12
-9781
-9782.87
-9784.75
-9786.63
-9788.51
-9790.39
-9792.26
-9794.14
-9796.02
-9797.9
-9799.77
-9801.65
-9803.53
-9805.4
-9807.28
-9809.15
-9811.03
-9812.9
-9814.78
-9816.66
-9818.53
-9820.4
-9822.28
-9824.15
-9826.03
-9827.9
-9829.78
-9831.65
-9833.52
-9835.4
-9837.27
-9839.14
-9841.01
-9842.89
-9844.76
-9846.63
-9848.5
-9850.37
-9852.24
-9854.12
-9855.99
-9857.86
-9859.73
-9861.6
-9863.47
-9865.34
-9867.21
-9869.08
-9870.95
-9872.82
-9874.69
-9876.55
-9878.42
-9880.29
-9882.16
-9884.03
-9885.9
-9887.76
-9889.63
-9891.5
-9893.36
-9895.23
-9897.1
-9898.96
-9900.83
-9902.7
-9904.56
-9906.43
-9908.29
-9910.16
-9912.02
-9913.89
-9915.75
-9917.62
-9919.48
-9921.35
-9923.21
-9925.07
-9926.94
-9928.8
-9930.66
-9932.53
-9934.39
-9936.25
-9938.11
-9939.98
-9941.84
-9943.7
-9945.56
-9947.42
-9949.28
-9951.14
-9953
-9954.86
-9956.73
-9958.59
-9960.44
-9962.3
-9964.16
-9966.02
-9967.88
-9969.74
-9971.6
-9973.46
-9975.32
-9977.17
-9979.03
-9980.89
-9982.75
-9984.6
-9986.46
-9988.32
-9990.17
-9992.03
-9993.89
-9995.74
-9997.6
-9999.45
-10001.3
-10003.2
-10005
-10006.9
-10008.7
-10010.6
-10012.4
-10014.3
-10016.1
-10018
-10019.9
-10021.7
-10023.6
-10025.4
-10027.3
-10029.1
-10031
-10032.8
-10034.7
-10036.5
-10038.4
-10040.2
-10042.1
-10043.9
-10045.8
-10047.6
-10049.5
-10051.3
-10053.2
-10055
-10056.9
-10058.7
-10060.6
-10062.4
-10064.3
-10066.1
-10068
-10069.8
-10071.7
-10073.5
-10075.4
-10077.2
-10079
-10080.9
-10082.7
-10084.6
-10086.4
-10088.3
-10090.1
-10092
-10093.8
-10095.7
-10097.5
-10099.3
-10101.2
-10103
-10104.9
-10106.7
-10108.6
-10110.4
-10112.3
-10114.1
-10115.9
-10117.8
-10119.6
-10121.5
-10123.3
-10125.1
-10127
-10128.8
-10130.7
-10132.5
-10134.4
-10136.2
-10138
-10139.9
-10141.7
-10143.5
-10145.4
-10147.2
-10149.1
-10150.9
-10152.7
-10154.6
-10156.4
-10158.3
-10160.1
-10161.9
-10163.8
-10165.6
-10167.4
-10169.3
-10171.1
-10172.9
-10174.8
-10176.6
-10178.5
-10180.3
-10182.1
-10184
-10185.8
-10187.6
-10189.5
-10191.3
-10193.1
-10195
-10196.8
-10198.6
-10200.5
-10202.3
-10204.1
-10206
-10207.8
-10209.6
-10211.5
-10213.3
-10215.1
-10216.9
-10218.8
-10220.6
-10222.4
-10224.3
-10226.1
-10227.9
-10229.8
-10231.6
-10233.4
-10235.2
-10237.1
-10238.9
-10240.7
-10242.6
-10244.4
-10246.2
-10248
-10249.9
-10251.7
-10253.5
-10255.3
-10257.2
-10259
-10260.8
-10262.6
-10264.5
-10266.3
-10268.1
-10269.9
-10271.8
-10273.6
-10275.4
-10277.2
-10279.1
-10280.9
-10282.7
-10284.5
-10286.3
-10288.2
-10290
-10291.8
-10293.6
-10295.5
-10297.3
-10299.1
-10300.9
-10302.7
-10304.6
-10306.4
-10308.2
-10310
-10311.8
-10313.7
-10315.5
-10317.3
-10319.1
-10320.9
-10322.8
-10324.6
-10326.4
-10328.2
-10330
-10331.8
-10333.7
-10335.5
-10337.3
-10339.1
-10340.9
-10342.7
-10344.5
-10346.4
-10348.2
-10350
-10351.8
-10353.6
-10355.4
-10357.2
-10359.1
-10360.9
-10362.7
-10364.5
-10366.3
-10368.1
-10369.9
-10371.7
-10373.6
-10375.4
-10377.2
-10379
-10380.8
-10382.6
-10384.4
-10386.2
-10388
-10389.9
-10391.7
-10393.5
-10395.3
-10397.1
-10398.9
-10400.7
-10402.5
-10404.3
-10406.1
-10407.9
-10409.7
-10411.5
-10413.4
-10415.2
-10417
-10418.8
-10420.6
-10422.4
-10424.2
-10426
-10427.8
-10429.6
-10431.4
-10433.2
-10435
-10436.8
-10438.6
-10440.4
-10442.2
-10444
-10445.8
-10447.6
-10449.4
-10451.2
-10453
-10454.8
-10456.6
-10458.4
-10460.2
-10462
-10463.8
-10465.6
-10467.4
-10469.2
-10471
-10472.8
-10474.6
-10476.4
-10478.2
-10480
-10481.8
-10483.6
-10485.4
-10487.2
-10489
-10490.8
-10492.6
-10494.4
-10496.2
-10498
-10499.8
-10501.6
-10503.4
-10505.2
-10507
-10508.8
-10510.6
-10512.4
-10514.1
-10515.9
-10517.7
-10519.5
-10521.3
-10523.1
-10524.9
-10526.7
-10528.5
-10530.3
-10532.1
-10533.9
-10535.7
-10537.4
-10539.2
-10541
-10542.8
-10544.6
-10546.4
-10548.2
-10550
-10551.8
-10553.5
-10555.3
-10557.1
-10558.9
-10560.7
-10562.5
-10564.3
-10566.1
-10567.8
-10569.6
-10571.4
-10573.2
-10575
-10576.8
-10578.5
-10580.3
-10582.1
-10583.9
-10585.7
-10587.5
-10589.3
-10591
-10592.8
-10594.6
-10596.4
-10598.2
-10599.9
-10601.7
-10603.5
-10605.3
-10607.1
-10608.9
-10610.6
-10612.4
-10614.2
-10616
-10617.8
-10619.5
-10621.3
-10623.1
-10624.9
-10626.6
-10628.4
-10630.2
-10632
-10633.8
-10635.5
-10637.3
-10639.1
-10640.9
-10642.6
-10644.4
-10646.2
-10648
-10649.7
-10651.5
-10653.3
-10655.1
-10656.8
-10658.6
-10660.4
-10662.2
-10663.9
-10665.7
-10667.5
-10669.2
-10671
-10672.8
-10674.6
-10676.3
-10678.1
-10679.9
-10681.6
-10683.4
-10685.2
-10686.9
-10688.7
-10690.5
-10692.3
-10694
-10695.8
-10697.6
-10699.3
-10701.1
-10702.9
-10704.6
-10706.4
-10708.2
-10709.9
-10711.7
-10713.5
-10715.2
-10717
-10718.8
-10720.5
-10722.3
-10724
-10725.8
-10727.6
-10729.3
-10731.1
-10732.9
-10734.6
-10736.4
-10738.2
-10739.9
-10741.7
-10743.4
-10745.2
-10747
-10748.7
-10750.5
-10752.2
-10754
-10755.8
-10757.5
-10759.3
-10761
-10762.8
-10764.6
-10766.3
-10768.1
-10769.8
-10771.6
-10773.3
-10775.1
-10776.9
-10778.6
-10780.4
-10782.1
-10783.9
-10785.6
-10787.4
-10789.1
-10790.9
-10792.6
-10794.4
-10796.2
-10797.9
-10799.7
-10801.4
-10803.2
-10804.9
-10806.7
-10808.4
-10810.2
-10811.9
-10813.7
-10815.4
-10817.2
-10818.9
-10820.7
-10822.4
-10824.2
-10825.9
-10827.7
-10829.4
-10831.2
-10832.9
-10834.7
-10836.4
-10838.2
-10839.9
-10841.7
-10843.4
-10845.1
-10846.9
-10848.6
-10850.4
-10852.1
-10853.9
-10855.6
-10857.4
-10859.1
-10860.8
-10862.6
-10864.3
-10866.1
-10867.8
-10869.6
-10871.3
-10873
-10874.8
-10876.5
-10878.3
-10880
-10881.7
-10883.5
-10885.2
-10887
-10888.7
-10890.4
-10892.2
-10893.9
-10895.7
-10897.4
-10899.1
-10900.9
-10902.6
-10904.3
-10906.1
-10907.8
-10909.6
-10911.3
-10913
-10914.8
-10916.5
-10918.2
-10920
-10921.7
-10923.4
-10925.2
-10926.9
-10928.6
-10930.4
-10932.1
-10933.8
-10935.6
-10937.3
-10939
-10940.8
-10942.5
-10944.2
-10945.9
-10947.7
-10949.4
-10951.1
-10952.9
-10954.6
-10956.3
-10958
-10959.8
-10961.5
-10963.2
-10965
-10966.7
-10968.4
-10970.1
-10971.9
-10973.6
-10975.3
-10977
-10978.8
-10980.5
-10982.2
-10983.9
-10985.7
-10987.4
-10989.1
-10990.8
-10992.5
-10994.3
-10996
-10997.7
-10999.4
-11001.1
-11002.9
-11004.6
-11006.3
-11008
-11009.7
-11011.5
-11013.2
-11014.9
-11016.6
-11018.3
-11020.1
-11021.8
-11023.5
-11025.2
-11026.9
-11028.6
-11030.4
-11032.1
-11033.8
-11035.5
-11037.2
-11038.9
-11040.6
-11042.4
-11044.1
-11045.8
-11047.5
-11049.2
-11050.9
-11052.6
-11054.4
-11056.1
-11057.8
-11059.5
-11061.2
-11062.9
-11064.6
-11066.3
-11068
-11069.7
-11071.5
-11073.2
-11074.9
-11076.6
-11078.3
-11080
-11081.7
-11083.4
-11085.1
-11086.8
-11088.5
-11090.2
-11091.9
-11093.6
-11095.3
-11097
-11098.8
-11100.5
-11102.2
-11103.9
-11105.6
-11107.3
-11109
-11110.7
-11112.4
-11114.1
-11115.8
-11117.5
-11119.2
-11120.9
-11122.6
-11124.3
-11126
-11127.7
-11129.4
-11131.1
-11132.8
-11134.5
-11136.2
-11137.9
-11139.6
-11141.3
-11142.9
-11144.6
-11146.3
-11148
-11149.7
-11151.4
-11153.1
-11154.8
-11156.5
-11158.2
-11159.9
-11161.6
-11163.3
-11165
-11166.7
-11168.4
-11170
-11171.7
-11173.4
-11175.1
-11176.8
-11178.5
-11180.2
-11181.9
-11183.6
-11185.2
-11186.9
-11188.6
-11190.3
-11192
-11193.7
-11195.4
-11197.1
-11198.7
-11200.4
-11202.1
-11203.8
-11205.5
-11207.2
-11208.8
-11210.5
-11212.2
-11213.9
-11215.6
-11217.3
-11218.9
-11220.6
-11222.3
-11224
-11225.7
-11227.3
-11229
-11230.7
-11232.4
-11234.1
-11235.7
-11237.4
-11239.1
-11240.8
-11242.5
-11244.1
-11245.8
-11247.5
-11249.2
-11250.8
-11252.5
-11254.2
-11255.9
-11257.5
-11259.2
-11260.9
-11262.6
-11264.2
-11265.9
-11267.6
-11269.2
-11270.9
-11272.6
-11274.3
-11275.9
-11277.6
-11279.3
-11280.9
-11282.6
-11284.3
-11285.9
-11287.6
-11289.3
-11291
-11292.6
-11294.3
-11296
-11297.6
-11299.3
-11300.9
-11302.6
-11304.3
-11305.9
-11307.6
-11309.3
-11310.9
-11312.6
-11314.3
-11315.9
-11317.6
-11319.2
-11320.9
-11322.6
-11324.2
-11325.9
-11327.6
-11329.2
-11330.9
-11332.5
-11334.2
-11335.8
-11337.5
-11339.2
-11340.8
-11342.5
-11344.1
-11345.8
-11347.4
-11349.1
-11350.8
-11352.4
-11354.1
-11355.7
-11357.4
-11359
-11360.7
-11362.3
-11364
-11365.6
-11367.3
-11368.9
-11370.6
-11372.2
-11373.9
-11375.5
-11377.2
-11378.8
-11380.5
-11382.1
-11383.8
-11385.4
-11387.1
-11388.7
-11390.4
-11392
-11393.7
-11395.3
-11397
-11398.6
-11400.2
-11401.9
-11403.5
-11405.2
-11406.8
-11408.5
-11410.1
-11411.8
-11413.4
-11415
-11416.7
-11418.3
-11420
-11421.6
-11423.2
-11424.9
-11426.5
-11428.2
-11429.8
-11431.4
-11433.1
-11434.7
-11436.3
-11438
-11439.6
-11441.2
-11442.9
-11444.5
-11446.1
-11447.8
-11449.4
-11451
-11452.7
-11454.3
-11455.9
-11457.6
-11459.2
-11460.8
-11462.5
-11464.1
-11465.7
-11467.4
-11469
-11470.6
-11472.2
-11473.9
-11475.5
-11477.1
-11478.8
-11480.4
-11482
-11483.6
-11485.3
-11486.9
-11488.5
-11490.1
-11491.8
-11493.4
-11495
-11496.6
-11498.2
-11499.9
-11501.5
-11503.1
-11504.7
-11506.3
-11508
-11509.6
-11511.2
-11512.8
-11514.4
-11516.1
-11517.7
-11519.3
-11520.9
-11522.5
-11524.1
-11525.8
-11527.4
-11529
-11530.6
-11532.2
-11533.8
-11535.4
-11537.1
-11538.7
-11540.3
-11541.9
-11543.5
-11545.1
-11546.7
-11548.3
-11549.9
-11551.6
-11553.2
-11554.8
-11556.4
-11558
-11559.6
-11561.2
-11562.8
-11564.4
-11566
-11567.6
-11569.2
-11570.8
-11572.4
-11574
-11575.6
-11577.2
-11578.8
-11580.4
-11582
-11583.6
-11585.2
-11586.8
-11588.4
-11590
-11591.6
-11593.2
-11594.8
-11596.4
-11598
-11599.6
-11601.2
-11602.8
-11604.4
-11606
-11607.6
-11609.2
-11610.8
-11612.4
-11614
-11615.6
-11617.2
-11618.8
-11620.3
-11621.9
-11623.5
-11625.1
-11626.7
-11628.3
-11629.9
-11631.5
-11633.1
-11634.6
-11636.2
-11637.8
-11639.4
-11641
-11642.6
-11644.2
-11645.7
-11647.3
-11648.9
-11650.5
-11652.1
-11653.7
-11655.2
-11656.8
-11658.4
-11660
-11661.6
-11663.1
-11664.7
-11666.3
-11667.9
-11669.4
-11671
-11672.6
-11674.2
-11675.7
-11677.3
-11678.9
-11680.5
-11682
-11683.6
-11685.2
-11686.8
-11688.3
-11689.9
-11691.5
-11693
-11694.6
-11696.2
-11697.8
-11699.3
-11700.9
-11702.5
-11704
-11705.6
-11707.2
-11708.7
-11710.3
-11711.9
-11713.4
-11715
-11716.5
-11718.1
-11719.7
-11721.2
-11722.8
-11724.4
-11725.9
-11727.5
-11729
-11730.6
-11732.2
-11733.7
-11735.3
-11736.8
-11738.4
-11739.9
-11741.5
-11743.1
-11744.6
-11746.2
-11747.7
-11749.3
-11750.8
-11752.4
-11753.9
-11755.5
-11757
-11758.6
-11760.1
-11761.7
-11763.2
-11764.8
-11766.3
-11767.9
-11769.4
-11771
-11772.5
-11774.1
-11775.6
-11777.1
-11778.7
-11780.2
-11781.8
-11783.3
-11784.9
-11786.4
-11787.9
-11789.5
-11791
-11792.6
-11794.1
-11795.6
-11797.2
-11798.7
-11800.2
-11801.8
-11803.3
-11804.9
-11806.4
-11807.9
-11809.5
-11811
-11812.5
-11814
-11815.6
-11817.1
-11818.6
-11820.2
-11821.7
-11823.2
-11824.8
-11826.3
-11827.8
-11829.3
-11830.9
-11832.4
-11833.9
-11835.4
-11837
-11838.5
-11840
-11841.5
-11843.1
-11844.6
-11846.1
-11847.6
-11849.1
-11850.6
-11852.2
-11853.7
-11855.2
-11856.7
-11858.2
-11859.8
-11861.3
-11862.8
-11864.3
-11865.8
-11867.3
-11868.8
-11870.3
-11871.9
-11873.4
-11874.9
-11876.4
-11877.9
-11879.4
-11880.9
-11882.4
-11883.9
-11885.4
-11886.9
-11888.4
-11889.9
-11891.4
-11892.9
-11894.4
-11895.9
-11897.5
-11899
-11900.5
-11901.9
-11903.4
-11904.9
-11906.4
-11907.9
-11909.4
-11910.9
-11912.4
-11913.9
-11915.4
-11916.9
-11918.4
-11919.9
-11921.4
-11922.9
-11924.4
-11925.9
-11927.3
-11928.8
-11930.3
-11931.8
-11933.3
-11934.8
-11936.3
-11937.7
-11939.2
-11940.7
-11942.2
-11943.7
-11945.2
-11946.6
-11948.1
-11949.6
-11951.1
-11952.6
-11954
-11955.5
-11957
-11958.5
-11959.9
-11961.4
-11962.9
-11964.4
-11965.8
-11967.3
-11968.8
-11970.2
-11971.7
-11973.2
-11974.7
-11976.1
-11977.6
-11979.1
-11980.5
-11982
-11983.5
-11984.9
-11986.4
-11987.8
-11989.3
-11990.8
-11992.2
-11993.7
-11995.1
-11996.6
-11998.1
-11999.5
-12001
-12002.4
-12003.9
-12005.3
-12006.8
-12008.2
-12009.7
-12011.1
-12012.6
-12014.1
-12015.5
-12016.9
-12018.4
-12019.8
-12021.3
-12022.7
-12024.2
-12025.6
-12027.1
-12028.5
-12030
-12031.4
-12032.8
-12034.3
-12035.7
-12037.2
-12038.6
-12040
-12041.5
-12042.9
-12044.3
-12045.8
-12047.2
-12048.6
-12050.1
-12051.5
-12052.9
-12054.4
-12055.8
-12057.2
-12058.6
-12060.1
-12061.5
-12062.9
-12064.3
-12065.8
-12067.2
-12068.6
-12070
-12071.5
-12072.9
-12074.3
-12075.7
-12077.1
-12078.5
-12080
-12081.4
-12082.8
-12084.2
-12085.6
-12087
-12088.4
-12089.8
-12091.3
-12092.7
-12094.1
-12095.5
-12096.9
-12098.3
-12099.7
-12101.1
-12102.5
-12103.9
-12105.3
-12106.7
-12108.1
-12109.5
-12110.9
-12112.3
-12113.7
-12115.1
-12116.5
-12117.9
-12119.3
-12120.7
-12122
-12123.4
-12124.8
-12126.2
-12127.6
-12129
-12130.4
-12131.8
-12133.1
-12134.5
-12135.9
-12137.3
-12138.7
-12140
-12141.4
-12142.8
-12144.2
-12145.6
-12146.9
-12148.3
-12149.7
-12151.1
-12152.4
-12153.8
-12155.2
-12156.5
-12157.9
-12159.3
-12160.6
-12162
-12163.4
-12164.7
-12166.1
-12167.4
-12168.8
-12170.2
-12171.5
-12172.9
-12174.2
-12175.6
-12176.9
-12178.3
-12179.7
-12181
-12182.4
-12183.7
-12185.1
-12186.4
-12187.7
-12189.1
-12190.4
-12191.8
-12193.1
-12194.5
-12195.8
-12197.1
-12198.5
-12199.8
-12201.2
-12202.5
-12203.8
-12205.2
-12206.5
-12207.8
-12209.2
-12210.5
-12211.8
-12213.1
-12214.5
-12215.8
-12217.1
-12218.4
-12219.8
-12221.1
-12222.4
-12223.7
-12225
-12226.4
-12227.7
-12229
-12230.3
-12231.6
-12232.9
-12234.2
-12235.5
-12236.8
-12238.1
-12239.5
-12240.8
-12242.1
-12243.4
-12244.7
-12246
-12247.3
-12248.6
-12249.9
-12251.2
-12252.4
-12253.7
-12255
-12256.3
-12257.6
-12258.9
-12260.2
-12261.5
-12262.8
-12264
-12265.3
-12266.6
-12267.9
-12269.2
-12270.4
-12271.7
-12273
-12274.3
-12275.5
-12276.8
-12278.1
-12279.3
-12280.6
-12281.9
-12283.1
-12284.4
-12285.7
-12286.9
-12288.2
-12289.4
-12290.7
-12292
-12293.2
-12294.5
-12295.7
-12297
-12298.2
-12299.5
-12300.7
-12302
-12303.2
-12304.4
-12305.7
-12306.9
-12308.2
-12309.4
-12310.6
-12311.9
-12313.1
-12314.3
-12315.6
-12316.8
-12318
-12319.3
-12320.5
-12321.7
-12322.9
-12324.1
-12325.4
-12326.6
-12327.8
-12329
-12330.2
-12331.4
-12332.6
-12333.9
-12335.1
-12336.3
-12337.5
-12338.7
-12339.9
-12341.1
-12342.3
-12343.5
-12344.7
-12345.9
-12347.1
-12348.2
-12349.4
-12350.6
-12351.8
-12353
-12354.2
-12355.4
-12356.5
-12357.7
-12358.9
-12360.1
-12361.2
-12362.4
-12363.6
-12364.8
-12365.9
-12367.1
-12368.3
-12369.4
-12370.6
-12371.7
-12372.9
-12374
-12375.2
-12376.4
-12377.5
-12378.6
-12379.8
-12380.9
-12382.1
-12383.2
-12384.4
-12385.5
-12386.6
-12387.8
-12388.9
-12390
-12391.2
-12392.3
-12393.4
-12394.5
-12395.7
-12396.8
-12397.9
-12399
-12400.1
-12401.3
-12402.4
-12403.5
-12404.6
-12405.7
-12406.8
-12407.9
-12409
-12410.1
-12411.2
-12412.3
-12413.4
-12414.5
-12415.5
-12416.6
-12417.7
-12418.8
-12419.9
-12421
-12422
-12423.1
-12424.2
-12425.2
-12426.3
-12427.4
-12428.4
-12429.5
-12430.6
-12431.6
-12432.7
-12433.7
-12434.8
-12435.8
-12436.9
-12437.9
-12439
-12440
-12441
-12442.1
-12443.1
-12444.1
-12445.2
-12446.2
-12447.2
-12448.2
-12449.2
-12450.3
-12451.3
-12452.3
-12453.3
-12454.3
-12455.3
-12456.3
-12457.3
-12458.3
-12459.3
-12460.3
-12461.3
-12462.3
-12463.3
-12464.2
-12465.2
-12466.2
-12467.2
-12468.2
-12469.1
-12470.1
-12471.1
-12472
-12473
-12473.9
-12474.9
-12475.8
-12476.8
-12477.7
-12478.7
-12479.6
-12480.6
-12481.5
-12482.4
-12483.4
-12484.3
-12485.2
-12486.1
-12487.1
-12488
-12488.9
-12489.8
-12490.7
-12491.6
-12492.5
-12493.4
-12494.3
-12495.2
-12496.1
-12497
-12497.9
-12498.7
-12499.6
-12500.5
-12501.4
-12502.2
-12503.1
-12503.9
-12504.8
-12505.7
-12506.5
-12507.4
-12508.2
-12509
-12509.9
-12510.7
-12511.6
-12512.4
-12513.2
-12514
-12514.8
-12515.7
-12516.5
-12517.3
-12518.1
-12518.9
-12519.7
-12520.5
-12521.3
-12522.1
-12522.8
-12523.6
-12524.4
-12525.2
-12525.9
-12526.7
-12527.5
-12528.2
-12529
-12529.7
-12530.5
-12531.2
-12531.9
-12532.7
-12533.4
-12534.1
-12534.8
-12535.6
-12536.3
-12537
-12537.7
-12538.4
-12539.1
-12539.8
-12540.5
-12541.1
-12541.8
-12542.5
-12543.2
-12543.8
-12544.5
-12545.1
-12545.8
-12546.4
-12547.1
-12547.7
-12548.3
-12549
-12549.6
-12550.2
-12550.8
-12551.4
-12552
-12552.6
-12553.2
-12553.8
-12554.4
-12555
-12555.5
-12556.1
-12556.7
-12557.2
-12557.8
-12558.3
-12558.9
-12559.4
-12559.9
-12560.4
-12561
-12561.5
-12562
-12562.5
-12563
-12563.4
-12563.9
-12564.4
-12564.9
-12565.3
-12565.8
-12566.2
-12566.7
-12567.1
-12567.6
-12568
-12568.4
-12568.8
-12569.2
-12569.6
-12570
-12570.4
-12570.8
-12571.1
-12571.5
-12571.8
-12572.2
-12572.5
-12572.9
-12573.2
-12573.5
-12573.8
-12574.1
-12574.4
-12574.7
-12575
-12575.3
-12575.5
-12575.8
-12576
-12576.3
-12576.5
-12576.7
-12576.9
-12577.1
-12577.3
-12577.5
-12577.7
-12577.8
-12578
-12578.1
-12578.3
-12578.4
-12578.5
-12578.6
-12578.7
-12578.8
-12578.9
-12578.9
-12579
-12579
-12579.1
-12579.1
-12579.1
-12579.1
-12579.1
-12579.1
-12579
-12579
-12578.9
-12578.8
-12578.7
-12578.6
-12578.5
-12578.4
-12578.3
-12578.1
-12577.9
-12577.8
-12577.6
-12577.4
-12577.1
-12576.9
-12576.6
-12576.4
-12576.1
-12575.8
-12575.5
-12575.1
-12574.8
-12574.4
-12574
-12573.6
-12573.2
-12572.7
-12572.3
-12571.8
-12571.3
-12570.8
-12570.2
-12569.7
-12569.1
-12568.5
-12567.9
-12567.2
-12566.5
-12565.8
-12565.1
-12564.4
-12563.6
-12562.8
-12562
-12561.1
-12560.2
-12559.3
-12558.4
-12557.4
-12556.4
-12555.4
-12554.4
-12553.3
-12552.1
-12551
-12549.8
-12548.6
-12547.3
-12546
-12544.6
-12543.2
-12541.8
-12540.3
-12538.8
-12537.2
-12535.6
-12534
-12532.2
-12530.5
-12528.6
-12526.7
-12524.8
-12522.8
-12520.7
-12518.6
-12516.4
-12514.1
-12511.7
-12509.3
-12506.8
-12504.2
-12501.5
-12498.7
-12495.8
-12492.8
-12489.7
-12486.5
-12483.1
-12479.6
-12476
-12472.2
-12468.3
-12464.2
-12459.9
-12455.4
-12450.7
-12445.7
-12440.5
-12435.1
-12429.3
-12423.1
-12416.6
-12409.6
-12402.2
-12394.1
-12385.4
-12375.9
-12365.4
-12353.7
-12340.4
-12325
-12306.2
-12281.8
-12242.4
