14.7595
14.5324
14.3051
14.0779
13.8506
13.6233
13.396
13.1687
12.9413
12.7139
12.4865
12.259
12.0315
11.804
11.5765
11.3489
11.1213
10.8937
10.666
10.4384
10.2107
9.98292
9.75516
9.52737
9.29956
9.07171
8.84384
8.61595
8.38802
8.16007
7.93209
7.70408
7.47605
7.24799
7.0199
6.79178
6.56363
6.33546
6.10726
5.87903
5.65078
5.4225
5.19419
4.96585
4.73749
4.50909
4.28067
4.05223
3.82375
3.59525
3.36672
3.13816
2.90958
2.68097
2.45233
2.22366
1.99497
1.76624
1.53749
1.30872
1.07991
0.851081
0.622222
0.393335
0.164421
-0.0645205
-0.29349
-0.522486
-0.75151
-0.980562
-1.20964
-1.43875
-1.66788
-1.89704
-2.12623
-2.35545
-2.58469
-2.81396
-3.04326
-3.27259
-3.50194
-3.73132
-3.96073
-4.19017
-4.41963
-4.64912
-4.87864
-5.10819
-5.33776
-5.56736
-5.79699
-6.02665
-6.25633
-6.48604
-6.71578
-6.94555
-7.17534
-7.40516
-7.63501
-7.86489
-8.09479
-8.32472
-8.55468
-8.78466
-9.01468
-9.24472
-9.47479
-9.70488
-9.93501
-10.1652
-10.3953
-10.6255
-10.8558
-11.086
-11.3163
-11.5466
-11.777
-12.0073
-12.2377
-12.4682
-12.6986
-12.9291
-13.1596
-13.3901
-13.6207
-13.8513
-14.0819
-14.3126
-14.5432
-14.7739
-15.0047
-15.2354
-15.4662
-15.697
-15.9278
-16.1587
-16.3896
-16.6205
-16.8515
-17.0824
-17.3135
-17.5445
-17.7755
-18.0066
-18.2377
-18.4689
-18.7
-18.9312
-19.1625
-19.3937
-19.625
-19.8563
-20.0876
-20.319
-20.5504
-20.7818
-21.0132
-21.2447
-21.4762
-21.7077
-21.9393
-22.1708
-22.4024
-22.6341
-22.8657
-23.0974
-23.3291
-23.5609
-23.7927
-24.0245
-24.2563
-24.4881
-24.72
-24.9519
-25.1839
-25.4158
-25.6478
-25.8798
-26.1119
-26.344
-26.5761
-26.8082
-27.0403
-27.2725
-27.5047
-27.737
-27.9692
-28.2015
-28.4339
-28.6662
-28.8986
-29.131
-29.3634
-29.5959
-29.8284
-30.0609
-30.2934
-30.526
-30.7586
-30.9912
-31.2238
-31.4565
-31.6892
-31.922
-32.1547
-32.3875
-32.6203
-32.8532
-33.086
-33.3189
-33.5519
-33.7848
-34.0178
-34.2508
-34.4838
-34.7169
-34.95
-35.1831
-35.4162
-35.6494
-35.8826
-36.1158
-36.3491
-36.5824
-36.8157
-37.049
-37.2824
-37.5158
-37.7492
-37.9827
-38.2161
-38.4496
-38.6832
-38.9167
-39.1503
-39.3839
-39.6175
-39.8512
-40.0849
-40.3186
-40.5524
-40.7862
-41.02
-41.2538
-41.4876
-41.7215
-41.9554
-42.1894
-42.4234
-42.6574
-42.8914
-43.1254
-43.3595
-43.5936
-43.8277
-44.0619
-44.2961
-44.5303
-44.7645
-44.9988
-45.2331
-45.4674
-45.7018
-45.9362
-46.1706
-46.405
-46.6395
-46.874
-47.1085
-47.343
-47.5776
-47.8122
-48.0468
-48.2815
-48.5162
-48.7509
-48.9856
-49.2204
-49.4552
-49.69
-49.9248
-50.1597
-50.3946
-50.6295
-50.8645
-51.0995
-51.3345
-51.5695
-51.8046
-52.0397
-52.2748
-52.51
-52.7451
-52.9804
-53.2156
-53.4508
-53.6861
-53.9214
-54.1568
-54.3922
-54.6276
-54.863
-55.0984
-55.3339
-55.5694
-55.8049
-56.0405
-56.2761
-56.5117
-56.7474
-56.983
-57.2187
-57.4544
-57.6902
-57.926
-58.1618
-58.3976
-58.6335
-58.8694
-59.1053
-59.3412
-59.5772
-59.8132
-60.0492
-60.2853
-60.5214
-60.7575
-60.9936
-61.2298
-61.466
-61.7022
-61.9384
-62.1747
-62.411
-62.6474
-62.8837
-63.1201
-63.3565
-63.5929
-63.8294
-64.0659
-64.3024
-64.539
-64.7756
-65.0122
-65.2488
-65.4855
-65.7221
-65.9589
-66.1956
-66.4324
-66.6692
-66.906
-67.1428
-67.3797
-67.6166
-67.8536
-68.0905
-68.3275
-68.5645
-68.8016
-69.0386
-69.2757
-69.5129
-69.75
-69.9872
-70.2244
-70.4616
-70.6989
-70.9362
-71.1735
-71.4108
-71.6482
-71.8856
-72.123
-72.3605
-72.598
-72.8355
-73.073
-73.3106
-73.5482
-73.7858
-74.0235
-74.2611
-74.4988
-74.7366
-74.9743
-75.2121
-75.4499
-75.6878
-75.9256
-76.1635
-76.4014
-76.6394
-76.8774
-77.1154
-77.3534
-77.5915
-77.8295
-78.0677
-78.3058
-78.544
-78.7822
-79.0204
-79.2586
-79.4969
-79.7352
-79.9736
-80.2119
-80.4503
-80.6887
-80.9272
-81.1656
-81.4041
-81.6427
-81.8812
-82.1198
-82.3584
-82.597
-82.8357
-83.0744
-83.3131
-83.5519
-83.7906
-84.0294
-84.2683
-84.5071
-84.746
-84.9849
-85.2238
-85.4628
-85.7018
-85.9408
-86.1799
-86.4189
-86.658
-86.8972
-87.1363
-87.3755
-87.6147
-87.854
-88.0932
-88.3325
-88.5718
-88.8112
-89.0506
-89.29
-89.5294
-89.7689
-90.0083
-90.2479
-90.4874
-90.727
-90.9666
-91.2062
-91.4458
-91.6855
-91.9252
-92.1649
-92.4047
-92.6445
-92.8843
-93.1242
-93.364
-93.6039
-93.8438
-94.0838
-94.3238
-94.5638
-94.8038
-95.0439
-95.284
-95.5241
-95.7642
-96.0044
-96.2446
-96.4848
-96.7251
-96.9654
-97.2057
-97.446
-97.6864
-97.9268
-98.1672
-98.4076
-98.6481
-98.8886
-99.1291
-99.3697
-99.6103
-99.8509
-100.092
-100.332
-100.573
-100.814
-101.054
-101.295
-101.536
-101.777
-102.018
-102.259
-102.499
-102.74
-102.981
-103.222
-103.463
-103.704
-103.945
-104.187
-104.428
-104.669
-104.91
-105.151
-105.393
-105.634
-105.875
-106.116
-106.358
-106.599
-106.841
-107.082
-107.323
-107.565
-107.806
-108.048
-108.29
-108.531
-108.773
-109.014
-109.256
-109.498
-109.74
-109.981
-110.223
-110.465
-110.707
-110.949
-111.191
-111.432
-111.674
-111.916
-112.158
-112.4
-112.643
-112.885
-113.127
-113.369
-113.611
-113.853
-114.095
-114.338
-114.58
-114.822
-115.065
-115.307
-115.549
-115.792
-116.034
-116.277
-116.519
-116.762
-117.004
-117.247
-117.49
-117.732
-117.975
-118.218
-118.46
-118.703
-118.946
-119.189
-119.431
-119.674
-119.917
-120.16
-120.403
-120.646
-120.889
-121.132
-121.375
-121.618
-121.861
-122.104
-122.348
-122.591
-122.834
-123.077
-123.321
-123.564
-123.807
-124.051
-124.294
-124.537
-124.781
-125.024
-125.268
-125.511
-125.755
-125.998
-126.242
-126.486
-126.729
-126.973
-127.217
-127.46
-127.704
-127.948
-128.192
-128.436
-128.679
-128.923
-129.167
-129.411
-129.655
-129.899
-130.143
-130.387
-130.631
-130.876
-131.12
-131.364
-131.608
-131.852
-132.097
-132.341
-132.585
-132.83
-133.074
-133.318
-133.563
-133.807
-134.052
-134.296
-134.541
-134.785
-135.03
-135.274
-135.519
-135.764
-136.008
-136.253
-136.498
-136.743
-136.988
-137.232
-137.477
-137.722
-137.967
-138.212
-138.457
-138.702
-138.947
-139.192
-139.437
-139.682
-139.927
-140.173
-140.418
-140.663
-140.908
-141.153
-141.399
-141.644
-141.889
-142.135
-142.38
-142.626
-142.871
-143.117
-143.362
-143.608
-143.853
-144.099
-144.345
-144.59
-144.836
-145.082
-145.327
-145.573
-145.819
-146.065
-146.311
-146.556
-146.802
-147.048
-147.294
-147.54
-147.786
-148.032
-148.278
-148.524
-148.771
-149.017
-149.263
-149.509
-149.755
-150.002
-150.248
-150.494
-150.741
-150.987
-151.233
-151.48
-151.726
-151.973
-152.219
-152.466
-152.712
-152.959
-153.205
-153.452
-153.699
-153.945
-154.192
-154.439
-154.686
-154.933
-155.179
-155.426
-155.673
-155.92
-156.167
-156.414
-156.661
-156.908
-157.155
-157.402
-157.649
-157.896
-158.144
-158.391
-158.638
-158.885
-159.132
-159.38
-159.627
-159.874
-160.122
-160.369
-160.617
-160.864
-161.112
-161.359
-161.607
-161.854
-162.102
-162.35
-162.597
-162.845
-163.093
-163.34
-163.588
-163.836
-164.084
-164.332
-164.579
-164.827
-165.075
-165.323
-165.571
-165.819
-166.067
-166.315
-166.563
-166.812
-167.06
-167.308
-167.556
-167.804
-168.053
-168.301
-168.549
-168.798
-169.046
-169.294
-169.543
-169.791
-170.04
-170.288
-170.537
-170.785
-171.034
-171.283
-171.531
-171.78
-172.029
-172.277
-172.526
-172.775
-173.024
-173.272
-173.521
-173.77
-174.019
-174.268
-174.517
-174.766
-175.015
-175.264
-175.513
-175.762
-176.011
-176.261
-176.51
-176.759
-177.008
-177.258
-177.507
-177.756
-178.006
-178.255
-178.504
-178.754
-179.003
-179.253
-179.502
-179.752
-180.001
-180.251
-180.501
-180.75
-181
-181.25
-181.499
-181.749
-181.999
-182.249
-182.499
-182.749
-182.998
-183.248
-183.498
-183.748
-183.998
-184.248
-184.498
-184.749
-184.999
-185.249
-185.499
-185.749
-185.999
-186.25
-186.5
-186.75
-187.001
-187.251
-187.501
-187.752
-188.002
-188.253
-188.503
-188.754
-189.004
-189.255
-189.506
-189.756
-190.007
-190.258
-190.508
-190.759
-191.01
-191.261
-191.512
-191.762
-192.013
-192.264
-192.515
-192.766
-193.017
-193.268
-193.519
-193.77
-194.021
-194.273
-194.524
-194.775
-195.026
-195.277
-195.529
-195.78
-196.031
-196.283
-196.534
-196.786
-197.037
-197.288
-197.54
-197.791
-198.043
-198.295
-198.546
-198.798
-199.049
-199.301
-199.553
-199.805
-200.056
-200.308
-200.56
-200.812
-201.064
-201.316
-201.568
-201.82
-202.072
-202.324
-202.576
-202.828
-203.08
-203.332
-203.584
-203.836
-204.088
-204.341
-204.593
-204.845
-205.098
-205.35
-205.602
-205.855
-206.107
-206.359
-206.612
-206.864
-207.117
-207.37
-207.622
-207.875
-208.127
-208.38
-208.633
-208.886
-209.138
-209.391
-209.644
-209.897
-210.15
-210.402
-210.655
-210.908
-211.161
-211.414
-211.667
-211.92
-212.173
-212.427
-212.68
-212.933
-213.186
-213.439
-213.693
-213.946
-214.199
-214.452
-214.706
-214.959
-215.213
-215.466
-215.72
-215.973
-216.227
-216.48
-216.734
-216.987
-217.241
-217.495
-217.748
-218.002
-218.256
-218.509
-218.763
-219.017
-219.271
-219.525
-219.779
-220.033
-220.287
-220.541
-220.795
-221.049
-221.303
-221.557
-221.811
-222.065
-222.319
-222.574
-222.828
-223.082
-223.336
-223.591
-223.845
-224.099
-224.354
-224.608
-224.863
-225.117
-225.372
-225.626
-225.881
-226.135
-226.39
-226.645
-226.899
-227.154
-227.409
-227.663
-227.918
-228.173
-228.428
-228.683
-228.938
-229.192
-229.447
-229.702
-229.957
-230.212
-230.467
-230.723
-230.978
-231.233
-231.488
-231.743
-231.998
-232.254
-232.509
-232.764
-233.02
-233.275
-233.53
-233.786
-234.041
-234.297
-234.552
-234.808
-235.063
-235.319
-235.574
-235.83
-236.086
-236.341
-236.597
-236.853
-237.109
-237.364
-237.62
-237.876
-238.132
-238.388
-238.644
-238.9
-239.156
-239.412
-239.668
-239.924
-240.18
-240.436
-240.692
-240.948
-241.205
-241.461
-241.717
-241.973
-242.23
-242.486
-242.742
-242.999
-243.255
-243.512
-243.768
-244.025
-244.281
-244.538
-244.794
-245.051
-245.308
-245.564
-245.821
-246.078
-246.334
-246.591
-246.848
-247.105
-247.362
-247.619
-247.875
-248.132
-248.389
-248.646
-248.903
-249.16
-249.418
-249.675
-249.932
-250.189
-250.446
-250.703
-250.961
-251.218
-251.475
-251.733
-251.99
-252.247
-252.505
-252.762
-253.02
-253.277
-253.535
-253.792
-254.05
-254.307
-254.565
-254.823
-255.08
-255.338
-255.596
-255.853
-256.111
-256.369
-256.627
-256.885
-257.143
-257.401
-257.659
-257.917
-258.175
-258.433
-258.691
-258.949
-259.207
-259.465
-259.723
-259.981
-260.24
-260.498
-260.756
-261.015
-261.273
-261.531
-261.79
-262.048
-262.307
-262.565
-262.824
-263.082
-263.341
-263.599
-263.858
-264.116
-264.375
-264.634
-264.893
-265.151
-265.41
-265.669
-265.928
-266.187
-266.445
-266.704
-266.963
-267.222
-267.481
-267.74
-267.999
-268.258
-268.518
-268.777
-269.036
-269.295
-269.554
-269.813
-270.073
-270.332
-270.591
-270.851
-271.11
-271.369
-271.629
-271.888
-272.148
-272.407
-272.667
-272.927
-273.186
-273.446
-273.705
-273.965
-274.225
-274.485
-274.744
-275.004
-275.264
-275.524
-275.784
-276.044
-276.303
-276.563
-276.823
-277.083
-277.343
-277.603
-277.864
-278.124
-278.384
-278.644
-278.904
-279.164
-279.425
-279.685
-279.945
-280.206
-280.466
-280.726
-280.987
-281.247
-281.508
-281.768
-282.029
-282.289
-282.55
-282.811
-283.071
-283.332
-283.593
-283.853
-284.114
-284.375
-284.636
-284.896
-285.157
-285.418
-285.679
-285.94
-286.201
-286.462
-286.723
-286.984
-287.245
-287.506
-287.767
-288.028
-288.29
-288.551
-288.812
-289.073
-289.335
-289.596
-289.857
-290.119
-290.38
-290.642
-290.903
-291.165
-291.426
-291.688
-291.949
-292.211
-292.472
-292.734
-292.996
-293.257
-293.519
-293.781
-294.043
-294.304
-294.566
-294.828
-295.09
-295.352
-295.614
-295.876
-296.138
-296.4
-296.662
-296.924
-297.186
-297.448
-297.711
-297.973
-298.235
-298.497
-298.76
-299.022
-299.284
-299.547
-299.809
-300.071
-300.334
-300.596
-300.859
-301.121
-301.384
-301.646
-301.909
-302.172
-302.434
-302.697
-302.96
-303.222
-303.485
-303.748
-304.011
-304.274
-304.537
-304.799
-305.062
-305.325
-305.588
-305.851
-306.114
-306.378
-306.641
-306.904
-307.167
-307.43
-307.693
-307.957
-308.22
-308.483
-308.746
-309.01
-309.273
-309.537
-309.8
-310.063
-310.327
-310.59
-310.854
-311.117
-311.381
-311.645
-311.908
-312.172
-312.436
-312.699
-312.963
-313.227
-313.491
-313.755
-314.019
-314.282
-314.546
-314.81
-315.074
-315.338
-315.602
-315.866
-316.13
-316.395
-316.659
-316.923
-317.187
-317.451
-317.715
-317.98
-318.244
-318.508
-318.773
-319.037
-319.302
-319.566
-319.83
-320.095
-320.359
-320.624
-320.889
-321.153
-321.418
-321.682
-321.947
-322.212
-322.477
-322.741
-323.006
-323.271
-323.536
-323.801
-324.066
-324.331
-324.596
-324.861
-325.126
-325.391
-325.656
-325.921
-326.186
-326.451
-326.716
-326.981
-327.247
-327.512
-327.777
-328.042
-328.308
-328.573
-328.839
-329.104
-329.369
-329.635
-329.9
-330.166
-330.432
-330.697
-330.963
-331.228
-331.494
-331.76
-332.025
-332.291
-332.557
-332.823
-333.089
-333.355
-333.62
-333.886
-334.152
-334.418
-334.684
-334.95
-335.216
-335.482
-335.749
-336.015
-336.281
-336.547
-336.813
-337.079
-337.346
-337.612
-337.878
-338.145
-338.411
-338.677
-338.944
-339.21
-339.477
-339.743
-340.01
-340.277
-340.543
-340.81
-341.076
-341.343
-341.61
-341.877
-342.143
-342.41
-342.677
-342.944
-343.211
-343.477
-343.744
-344.011
-344.278
-344.545
-344.812
-345.079
-345.347
-345.614
-345.881
-346.148
-346.415
-346.682
-346.95
-347.217
-347.484
-347.752
-348.019
-348.286
-348.554
-348.821
-349.089
-349.356
-349.624
-349.891
-350.159
-350.426
-350.694
-350.962
-351.229
-351.497
-351.765
-352.033
-352.301
-352.568
-352.836
-353.104
-353.372
-353.64
-353.908
-354.176
-354.444
-354.712
-354.98
-355.248
-355.516
-355.784
-356.053
-356.321
-356.589
-356.857
-357.126
-357.394
-357.662
-357.931
-358.199
-358.467
-358.736
-359.004
-359.273
-359.541
-359.81
-360.079
-360.347
-360.616
-360.885
-361.153
-361.422
-361.691
-361.96
-362.228
-362.497
-362.766
-363.035
-363.304
-363.573
-363.842
-364.111
-364.38
-364.649
-364.918
-365.187
-365.456
-365.725
-365.995
-366.264
-366.533
-366.802
-367.072
-367.341
-367.61
-367.88
-368.149
-368.419
-368.688
-368.958
-369.227
-369.497
-369.766
-370.036
-370.305
-370.575
-370.845
-371.114
-371.384
-371.654
-371.924
-372.194
-372.463
-372.733
-373.003
-373.273
-373.543
-373.813
-374.083
-374.353
-374.623
-374.893
-375.163
-375.434
-375.704
-375.974
-376.244
-376.514
-376.785
-377.055
-377.325
-377.596
-377.866
-378.137
-378.407
-378.678
-378.948
-379.219
-379.489
-379.76
-380.03
-380.301
-380.572
-380.842
-381.113
-381.384
-381.655
-381.925
-382.196
-382.467
-382.738
-383.009
-383.28
-383.551
-383.822
-384.093
-384.364
-384.635
-384.906
-385.177
-385.448
-385.72
-385.991
-386.262
-386.533
-386.805
-387.076
-387.347
-387.619
-387.89
-388.161
-388.433
-388.704
-388.976
-389.247
-389.519
-389.791
-390.062
-390.334
-390.606
-390.877
-391.149
-391.421
-391.693
-391.964
-392.236
-392.508
-392.78
-393.052
-393.324
-393.596
-393.868
-394.14
-394.412
-394.684
-394.956
-395.228
-395.5
-395.773
-396.045
-396.317
-396.589
-396.862
-397.134
-397.406
-397.679
-397.951
-398.224
-398.496
-398.769
-399.041
-399.314
-399.586
-399.859
-400.132
-400.404
-400.677
-400.95
-401.222
-401.495
-401.768
-402.041
-402.314
-402.587
-402.859
-403.132
-403.405
-403.678
-403.951
-404.224
-404.497
-404.771
-405.044
-405.317
-405.59
-405.863
-406.136
-406.41
-406.683
-406.956
-407.23
-407.503
-407.776
-408.05
-408.323
-408.597
-408.87
-409.144
-409.417
-409.691
-409.965
-410.238
-410.512
-410.786
-411.059
-411.333
-411.607
-411.881
-412.155
-412.428
-412.702
-412.976
-413.25
-413.524
-413.798
-414.072
-414.346
-414.62
-414.894
-415.169
-415.443
-415.717
-415.991
-416.265
-416.54
-416.814
-417.088
-417.363
-417.637
-417.911
-418.186
-418.46
-418.735
-419.009
-419.284
-419.558
-419.833
-420.108
-420.382
-420.657
-420.932
-421.206
-421.481
-421.756
-422.031
-422.306
-422.581
-422.855
-423.13
-423.405
-423.68
-423.955
-424.23
-424.505
-424.78
-425.056
-425.331
-425.606
-425.881
-426.156
-426.432
-426.707
-426.982
-427.258
-427.533
-427.808
-428.084
-428.359
-428.635
-428.91
-429.186
-429.461
-429.737
-430.012
-430.288
-430.564
-430.839
-431.115
-431.391
-431.667
-431.942
-432.218
-432.494
-432.77
-433.046
-433.322
-433.598
-433.874
-434.15
-434.426
-434.702
-434.978
-435.254
-435.53
-435.806
-436.083
-436.359
-436.635
-436.911
-437.188
-437.464
-437.741
-438.017
-438.293
-438.57
-438.846
-439.123
-439.399
-439.676
-439.953
-440.229
-440.506
-440.782
-441.059
-441.336
-441.613
-441.889
-442.166
-442.443
-442.72
-442.997
-443.274
-443.551
-443.828
-444.105
-444.382
-444.659
-444.936
-445.213
-445.49
-445.767
-446.044
-446.322
-446.599
-446.876
-447.153
-447.431
-447.708
-447.986
-448.263
-448.54
-448.818
-449.095
-449.373
-449.65
-449.928
-450.206
-450.483
-450.761
-451.039
-451.316
-451.594
-451.872
-452.15
-452.427
-452.705
-452.983
-453.261
-453.539
-453.817
-454.095
-454.373
-454.651
-454.929
-455.207
-455.485
-455.763
-456.041
-456.32
-456.598
-456.876
-457.154
-457.433
-457.711
-457.989
-458.268
-458.546
-458.825
-459.103
-459.382
-459.66
-459.939
-460.217
-460.496
-460.775
-461.053
-461.332
-461.611
-461.889
-462.168
-462.447
-462.726
-463.005
-463.284
-463.562
-463.841
-464.12
-464.399
-464.678
-464.957
-465.236
-465.516
-465.795
-466.074
-466.353
-466.632
-466.911
-467.191
-467.47
-467.749
-468.029
-468.308
-468.587
-468.867
-469.146
-469.426
-469.705
-469.985
-470.264
-470.544
-470.824
-471.103
-471.383
-471.663
-471.942
-472.222
-472.502
-472.782
-473.062
-473.341
-473.621
-473.901
-474.181
-474.461
-474.741
-475.021
-475.301
-475.581
-475.861
-476.142
-476.422
-476.702
-476.982
-477.262
-477.543
-477.823
-478.103
-478.384
-478.664
-478.944
-479.225
-479.505
-479.786
-480.066
-480.347
-480.627
-480.908
-481.189
-481.469
-481.75
-482.031
-482.311
-482.592
-482.873
-483.154
-483.435
-483.716
-483.996
-484.277
-484.558
-484.839
-485.12
-485.401
-485.682
-485.964
-486.245
-486.526
-486.807
-487.088
-487.369
-487.651
-487.932
-488.213
-488.495
-488.776
-489.057
-489.339
-489.62
-489.902
-490.183
-490.465
-490.746
-491.028
-491.309
-491.591
-491.873
-492.154
-492.436
-492.718
-493
-493.281
-493.563
-493.845
-494.127
-494.409
-494.691
-494.973
-495.255
-495.537
-495.819
-496.101
-496.383
-496.665
-496.947
-497.229
-497.512
-497.794
-498.076
-498.358
-498.641
-498.923
-499.205
-499.488
-499.77
-500.053
-500.335
-500.618
-500.9
-501.183
-501.465
-501.748
-502.031
-502.313
-502.596
-502.879
-503.162
-503.444
-503.727
-504.01
-504.293
-504.576
-504.859
-505.142
-505.425
-505.708
-505.991
-506.274
-506.557
-506.84
-507.123
-507.406
-507.689
-507.972
-508.256
-508.539
-508.822
-509.106
-509.389
-509.672
-509.956
-510.239
-510.523
-510.806
-511.09
-511.373
-511.657
-511.94
-512.224
-512.508
-512.791
-513.075
-513.359
-513.642
-513.926
-514.21
-514.494
-514.778
-515.062
-515.346
-515.63
-515.914
-516.198
-516.482
-516.766
-517.05
-517.334
-517.618
-517.902
-518.186
-518.471
-518.755
-519.039
-519.323
-519.608
-519.892
-520.176
-520.461
-520.745
-521.03
-521.314
-521.599
-521.883
-522.168
-522.453
-522.737
-523.022
-523.306
-523.591
-523.876
-524.161
-524.446
-524.73
-525.015
-525.3
-525.585
-525.87
-526.155
-526.44
-526.725
-527.01
-527.295
-527.58
-527.865
-528.15
-528.435
-528.721
-529.006
-529.291
-529.576
-529.862
-530.147
-530.432
-530.718
-531.003
-531.289
-531.574
-531.86
-532.145
-532.431
-532.716
-533.002
-533.288
-533.573
-533.859
-534.145
-534.43
-534.716
-535.002
-535.288
-535.574
-535.86
-536.146
-536.431
-536.717
-537.003
-537.289
-537.575
-537.862
-538.148
-538.434
-538.72
-539.006
-539.292
-539.579
-539.865
-540.151
-540.437
-540.724
-541.01
-541.297
-541.583
-541.869
-542.156
-542.442
-542.729
-543.016
-543.302
-543.589
-543.875
-544.162
-544.449
-544.735
-545.022
-545.309
-545.596
-545.883
-546.17
-546.456
-546.743
-547.03
-547.317
-547.604
-547.891
-548.178
-548.465
-548.753
-549.04
-549.327
-549.614
-549.901
-550.188
-550.476
-550.763
-551.05
-551.338
-551.625
-551.913
-552.2
-552.487
-552.775
-553.062
-553.35
-553.638
-553.925
-554.213
-554.5
-554.788
-555.076
-555.364
-555.651
-555.939
-556.227
-556.515
-556.803
-557.09
-557.378
-557.666
-557.954
-558.242
-558.53
-558.818
-559.107
-559.395
-559.683
-559.971
-560.259
-560.547
-560.836
-561.124
-561.412
-561.701
-561.989
-562.277
-562.566
-562.854
-563.143
-563.431
-563.72
-564.008
-564.297
-564.585
-564.874
-565.163
-565.451
-565.74
-566.029
-566.318
-566.606
-566.895
-567.184
-567.473
-567.762
-568.051
-568.34
-568.629
-568.918
-569.207
-569.496
-569.785
-570.074
-570.363
-570.652
-570.942
-571.231
-571.52
-571.809
-572.099
-572.388
-572.677
-572.967
-573.256
-573.546
-573.835
-574.125
-574.414
-574.704
-574.993
-575.283
-575.572
-575.862
-576.152
-576.442
-576.731
-577.021
-577.311
-577.601
-577.891
-578.18
-578.47
-578.76
-579.05
-579.34
-579.63
-579.92
-580.21
-580.5
-580.791
-581.081
-581.371
-581.661
-581.951
-582.242
-582.532
-582.822
-583.113
-583.403
-583.693
-583.984
-584.274
-584.565
-584.855
-585.146
-585.436
-585.727
-586.018
-586.308
-586.599
-586.89
-587.18
-587.471
-587.762
-588.053
-588.343
-588.634
-588.925
-589.216
-589.507
-589.798
-590.089
-590.38
-590.671
-590.962
-591.253
-591.544
-591.836
-592.127
-592.418
-592.709
-593.001
-593.292
-593.583
-593.875
-594.166
-594.457
-594.749
-595.04
-595.332
-595.623
-595.915
-596.206
-596.498
-596.79
-597.081
-597.373
-597.665
-597.956
-598.248
-598.54
-598.832
-599.123
-599.415
-599.707
-599.999
-600.291
-600.583
-600.875
-601.167
-601.459
-601.751
-602.043
-602.336
-602.628
-602.92
-603.212
-603.504
-603.797
-604.089
-604.381
-604.674
-604.966
-605.258
-605.551
-605.843
-606.136
-606.428
-606.721
-607.013
-607.306
-607.599
-607.891
-608.184
-608.477
-608.769
-609.062
-609.355
-609.648
-609.941
-610.234
-610.526
-610.819
-611.112
-611.405
-611.698
-611.991
-612.284
-612.578
-612.871
-613.164
-613.457
-613.75
-614.043
-614.337
-614.63
-614.923
-615.217
-615.51
-615.803
-616.097
-616.39
-616.684
-616.977
-617.271
-617.564
-617.858
-618.151
-618.445
-618.739
-619.032
-619.326
-619.62
-619.914
-620.207
-620.501
-620.795
-621.089
-621.383
-621.677
-621.971
-622.265
-622.559
-622.853
-623.147
-623.441
-623.735
-624.029
-624.323
-624.618
-624.912
-625.206
-625.5
-625.795
-626.089
-626.383
-626.678
-626.972
-627.267
-627.561
-627.856
-628.15
-628.445
-628.739
-629.034
-629.329
-629.623
-629.918
-630.213
-630.507
-630.802
-631.097
-631.392
-631.687
-631.982
-632.276
-632.571
-632.866
-633.161
-633.456
-633.751
-634.047
-634.342
-634.637
-634.932
-635.227
-635.522
-635.818
-636.113
-636.408
-636.703
-636.999
-637.294
-637.59
-637.885
-638.18
-638.476
-638.771
-639.067
-639.362
-639.658
-639.954
-640.249
-640.545
-640.841
-641.136
-641.432
-641.728
-642.024
-642.32
-642.615
-642.911
-643.207
-643.503
-643.799
-644.095
-644.391
-644.687
-644.983
-645.279
-645.576
-645.872
-646.168
-646.464
-646.76
-647.057
-647.353
-647.649
-647.946
-648.242
-648.538
-648.835
-649.131
-649.428
-649.724
-650.021
-650.317
-650.614
-650.911
-651.207
-651.504
-651.801
-652.097
-652.394
-652.691
-652.988
-653.285
-653.581
-653.878
-654.175
-654.472
-654.769
-655.066
-655.363
-655.66
-655.957
-656.254
-656.552
-656.849
-657.146
-657.443
-657.74
-658.038
-658.335
-658.632
-658.93
-659.227
-659.524
-659.822
-660.119
-660.417
-660.714
-661.012
-661.309
-661.607
-661.905
-662.202
-662.5
-662.798
-663.095
-663.393
-663.691
-663.989
-664.287
-664.585
-664.882
-665.18
-665.478
-665.776
-666.074
-666.372
-666.67
-666.968
-667.267
-667.565
-667.863
-668.161
-668.459
-668.758
-669.056
-669.354
-669.652
-669.951
-670.249
-670.548
-670.846
-671.145
-671.443
-671.742
-672.04
-672.339
-672.637
-672.936
-673.235
-673.533
-673.832
-674.131
-674.429
-674.728
-675.027
-675.326
-675.625
-675.924
-676.223
-676.522
-676.821
-677.12
-677.419
-677.718
-678.017
-678.316
-678.615
-678.914
-679.213
-679.513
-679.812
-680.111
-680.41
-680.71
-681.009
-681.309
-681.608
-681.907
-682.207
-682.506
-682.806
-683.105
-683.405
-683.705
-684.004
-684.304
-684.604
-684.903
-685.203
-685.503
-685.803
-686.102
-686.402
-686.702
-687.002
-687.302
-687.602
-687.902
-688.202
-688.502
-688.802
-689.102
-689.402
-689.702
-690.003
-690.303
-690.603
-690.903
-691.204
-691.504
-691.804
-692.105
-692.405
-692.705
-693.006
-693.306
-693.607
-693.907
-694.208
-694.509
-694.809
-695.11
-695.41
-695.711
-696.012
-696.313
-696.613
-696.914
-697.215
-697.516
-697.817
-698.118
-698.419
-698.72
-699.021
-699.322
-699.623
-699.924
-700.225
-700.526
-700.827
-701.128
-701.429
-701.731
-702.032
-702.333
-702.635
-702.936
-703.237
-703.539
-703.84
-704.141
-704.443
-704.744
-705.046
-705.348
-705.649
-705.951
-706.252
-706.554
-706.856
-707.157
-707.459
-707.761
-708.063
-708.365
-708.667
-708.968
-709.27
-709.572
-709.874
-710.176
-710.478
-710.78
-711.082
-711.384
-711.687
-711.989
-712.291
-712.593
-712.895
-713.198
-713.5
-713.802
-714.105
-714.407
-714.709
-715.012
-715.314
-715.617
-715.919
-716.222
-716.524
-716.827
-717.13
-717.432
-717.735
-718.038
-718.34
-718.643
-718.946
-719.249
-719.551
-719.854
-720.157
-720.46
-720.763
-721.066
-721.369
-721.672
-721.975
-722.278
-722.581
-722.884
-723.188
-723.491
-723.794
-724.097
-724.4
-724.704
-725.007
-725.31
-725.614
-725.917
-726.221
-726.524
-726.828
-727.131
-727.435
-727.738
-728.042
-728.345
-728.649
-728.953
-729.256
-729.56
-729.864
-730.168
-730.471
-730.775
-731.079
-731.383
-731.687
-731.991
-732.295
-732.599
-732.903
-733.207
-733.511
-733.815
-734.119
-734.423
-734.728
-735.032
-735.336
-735.64
-735.945
-736.249
-736.553
-736.858
-737.162
-737.467
-737.771
-738.075
-738.38
-738.685
-738.989
-739.294
-739.598
-739.903
-740.208
-740.512
-740.817
-741.122
-741.427
-741.731
-742.036
-742.341
-742.646
-742.951
-743.256
-743.561
-743.866
-744.171
-744.476
-744.781
-745.086
-745.391
-745.696
-746.002
-746.307
-746.612
-746.917
-747.223
-747.528
-747.833
-748.139
-748.444
-748.75
-749.055
-749.36
-749.666
-749.972
-750.277
-750.583
-750.888
-751.194
-751.5
-751.805
-752.111
-752.417
-752.723
-753.028
-753.334
-753.64
-753.946
-754.252
-754.558
-754.864
-755.17
-755.476
-755.782
-756.088
-756.394
-756.7
-757.006
-757.313
-757.619
-757.925
-758.231
-758.538
-758.844
-759.15
-759.457
-759.763
-760.07
-760.376
-760.683
-760.989
-761.296
-761.602
-761.909
-762.215
-762.522
-762.829
-763.135
-763.442
-763.749
-764.056
-764.363
-764.669
-764.976
-765.283
-765.59
-765.897
-766.204
-766.511
-766.818
-767.125
-767.432
-767.739
-768.046
-768.354
-768.661
-768.968
-769.275
-769.582
-769.89
-770.197
-770.504
-770.812
-771.119
-771.427
-771.734
-772.042
-772.349
-772.657
-772.964
-773.272
-773.58
-773.887
-774.195
-774.503
-774.81
-775.118
-775.426
-775.734
-776.042
-776.349
-776.657
-776.965
-777.273
-777.581
-777.889
-778.197
-778.505
-778.813
-779.121
-779.43
-779.738
-780.046
-780.354
-780.662
-780.971
-781.279
-781.587
-781.896
-782.204
-782.512
-782.821
-783.129
-783.438
-783.746
-784.055
-784.363
-784.672
-784.981
-785.289
-785.598
-785.907
-786.215
-786.524
-786.833
-787.142
-787.451
-787.76
-788.068
-788.377
-788.686
-788.995
-789.304
-789.613
-789.922
-790.232
-790.541
-790.85
-791.159
-791.468
-791.777
-792.087
-792.396
-792.705
-793.015
-793.324
-793.633
-793.943
-794.252
-794.562
-794.871
-795.181
-795.49
-795.8
-796.109
-796.419
-796.729
-797.038
-797.348
-797.658
-797.967
-798.277
-798.587
-798.897
-799.207
-799.517
-799.827
-800.137
-800.447
-800.757
-801.067
-801.377
-801.687
-801.997
-802.307
-802.617
-802.927
-803.238
-803.548
-803.858
-804.168
-804.479
-804.789
-805.099
-805.41
-805.72
-806.031
-806.341
-806.652
-806.962
-807.273
-807.584
-807.894
-808.205
-808.516
-808.826
-809.137
-809.448
-809.759
-810.069
-810.38
-810.691
-811.002
-811.313
-811.624
-811.935
-812.246
-812.557
-812.868
-813.179
-813.49
-813.801
-814.112
-814.424
-814.735
-815.046
-815.357
-815.669
-815.98
-816.291
-816.603
-816.914
-817.226
-817.537
-817.849
-818.16
-818.472
-818.783
-819.095
-819.406
-819.718
-820.03
-820.341
-820.653
-820.965
-821.277
-821.589
-821.9
-822.212
-822.524
-822.836
-823.148
-823.46
-823.772
-824.084
-824.396
-824.708
-825.02
-825.332
-825.645
-825.957
-826.269
-826.581
-826.894
-827.206
-827.518
-827.831
-828.143
-828.455
-828.768
-829.08
-829.393
-829.705
-830.018
-830.33
-830.643
-830.956
-831.268
-831.581
-831.894
-832.206
-832.519
-832.832
-833.145
-833.458
-833.771
-834.083
-834.396
-834.709
-835.022
-835.335
-835.648
-835.961
-836.274
-836.588
-836.901
-837.214
-837.527
-837.84
-838.154
-838.467
-838.78
-839.093
-839.407
-839.72
-840.034
-840.347
-840.661
-840.974
-841.288
-841.601
-841.915
-842.228
-842.542
-842.856
-843.169
-843.483
-843.797
-844.11
-844.424
-844.738
-845.052
-845.366
-845.68
-845.994
-846.308
-846.621
-846.935
-847.25
-847.564
-847.878
-848.192
-848.506
-848.82
-849.134
-849.449
-849.763
-850.077
-850.391
-850.706
-851.02
-851.334
-851.649
-851.963
-852.278
-852.592
-852.907
-853.221
-853.536
-853.85
-854.165
-854.48
-854.794
-855.109
-855.424
-855.739
-856.053
-856.368
-856.683
-856.998
-857.313
-857.628
-857.943
-858.258
-858.573
-858.888
-859.203
-859.518
-859.833
-860.148
-860.463
-860.778
-861.094
-861.409
-861.724
-862.04
-862.355
-862.67
-862.986
-863.301
-863.616
-863.932
-864.247
-864.563
-864.878
-865.194
-865.51
-865.825
-866.141
-866.457
-866.772
-867.088
-867.404
-867.72
-868.035
-868.351
-868.667
-868.983
-869.299
-869.615
-869.931
-870.247
-870.563
-870.879
-871.195
-871.511
-871.827
-872.143
-872.46
-872.776
-873.092
-873.408
-873.725
-874.041
-874.357
-874.674
-874.99
-875.307
-875.623
-875.939
-876.256
-876.573
-876.889
-877.206
-877.522
-877.839
-878.156
-878.472
-878.789
-879.106
-879.423
-879.739
-880.056
-880.373
-880.69
-881.007
-881.324
-881.641
-881.958
-882.275
-882.592
-882.909
-883.226
-883.543
-883.86
-884.178
-884.495
-884.812
-885.129
-885.447
-885.764
-886.081
-886.399
-886.716
-887.034
-887.351
-887.669
-887.986
-888.304
-888.621
-888.939
-889.256
-889.574
-889.892
-890.209
-890.527
-890.845
-891.163
-891.48
-891.798
-892.116
-892.434
-892.752
-893.07
-893.388
-893.706
-894.024
-894.342
-894.66
-894.978
-895.296
-895.614
-895.933
-896.251
-896.569
-896.887
-897.206
-897.524
-897.842
-898.161
-898.479
-898.798
-899.116
-899.434
-899.753
-900.072
-900.39
-900.709
-901.027
-901.346
-901.665
-901.983
-902.302
-902.621
-902.94
-903.258
-903.577
-903.896
-904.215
-904.534
-904.853
-905.172
-905.491
-905.81
-906.129
-906.448
-906.767
-907.086
-907.405
-907.725
-908.044
-908.363
-908.682
-909.002
-909.321
-909.64
-909.96
-910.279
-910.598
-910.918
-911.237
-911.557
-911.876
-912.196
-912.516
-912.835
-913.155
-913.474
-913.794
-914.114
-914.434
-914.753
-915.073
-915.393
-915.713
-916.033
-916.353
-916.673
-916.993
-917.313
-917.633
-917.953
-918.273
-918.593
-918.913
-919.233
-919.553
-919.873
-920.194
-920.514
-920.834
-921.155
-921.475
-921.795
-922.116
-922.436
-922.757
-923.077
-923.398
-923.718
-924.039
-924.359
-924.68
-925.001
-925.321
-925.642
-925.963
-926.283
-926.604
-926.925
-927.246
-927.567
-927.887
-928.208
-928.529
-928.85
-929.171
-929.492
-929.813
-930.134
-930.455
-930.777
-931.098
-931.419
-931.74
-932.061
-932.383
-932.704
-933.025
-933.347
-933.668
-933.989
-934.311
-934.632
-934.954
-935.275
-935.597
-935.918
-936.24
-936.561
-936.883
-937.205
-937.526
-937.848
-938.17
-938.492
-938.813
-939.135
-939.457
-939.779
-940.101
-940.423
-940.745
-941.067
-941.389
-941.711
-942.033
-942.355
-942.677
-942.999
-943.321
-943.644
-943.966
-944.288
-944.61
-944.933
-945.255
-945.577
-945.9
-946.222
-946.545
-946.867
-947.19
-947.512
-947.835
-948.157
-948.48
-948.803
-949.125
-949.448
-949.771
-950.093
-950.416
-950.739
-951.062
-951.385
-951.707
-952.03
-952.353
-952.676
-952.999
-953.322
-953.645
-953.968
-954.291
-954.615
-954.938
-955.261
-955.584
-955.907
-956.231
-956.554
-956.877
-957.2
-957.524
-957.847
-958.171
-958.494
-958.818
-959.141
-959.465
-959.788
-960.112
-960.435
-960.759
-961.083
-961.406
-961.73
-962.054
-962.377
-962.701
-963.025
-963.349
-963.673
-963.997
-964.321
-964.644
-964.968
-965.292
-965.617
-965.941
-966.265
-966.589
-966.913
-967.237
-967.561
-967.885
-968.21
-968.534
-968.858
-969.183
-969.507
-969.831
-970.156
-970.48
-970.805
-971.129
-971.454
-971.778
-972.103
-972.427
-972.752
-973.077
-973.401
-973.726
-974.051
-974.376
-974.7
-975.025
-975.35
-975.675
-976
-976.325
-976.65
-976.975
-977.3
-977.625
-977.95
-978.275
-978.6
-978.925
-979.25
-979.575
-979.9
-980.226
-980.551
-980.876
-981.202
-981.527
-981.852
-982.178
-982.503
-982.829
-983.154
-983.48
-983.805
-984.131
-984.456
-984.782
-985.108
-985.433
-985.759
-986.085
-986.41
-986.736
-987.062
-987.388
-987.714
-988.04
-988.365
-988.691
-989.017
-989.343
-989.669
-989.995
-990.322
-990.648
-990.974
-991.3
-991.626
-991.952
-992.279
-992.605
-992.931
-993.257
-993.584
-993.91
-994.237
-994.563
-994.889
-995.216
-995.542
-995.869
-996.195
-996.522
-996.849
-997.175
-997.502
-997.829
-998.155
-998.482
-998.809
-999.136
-999.463
-999.789
-1000.12
-1000.44
-1000.77
-1001.1
-1001.42
-1001.75
-1002.08
-1002.41
-1002.73
-1003.06
-1003.39
-1003.71
-1004.04
-1004.37
-1004.7
-1005.02
-1005.35
-1005.68
-1006
-1006.33
-1006.66
-1006.99
-1007.31
-1007.64
-1007.97
-1008.3
-1008.62
-1008.95
-1009.28
-1009.61
-1009.94
-1010.26
-1010.59
-1010.92
-1011.25
-1011.57
-1011.9
-1012.23
-1012.56
-1012.89
-1013.21
-1013.54
-1013.87
-1014.2
-1014.53
-1014.85
-1015.18
-1015.51
-1015.84
-1016.17
-1016.49
-1016.82
-1017.15
-1017.48
-1017.81
-1018.14
-1018.46
-1018.79
-1019.12
-1019.45
-1019.78
-1020.11
-1020.44
-1020.76
-1021.09
-1021.42
-1021.75
-1022.08
-1022.41
-1022.74
-1023.06
-1023.39
-1023.72
-1024.05
-1024.38
-1024.71
-1025.04
-1025.37
-1025.7
-1026.02
-1026.35
-1026.68
-1027.01
-1027.34
-1027.67
-1028
-1028.33
-1028.66
-1028.99
-1029.32
-1029.65
-1029.97
-1030.3
-1030.63
-1030.96
-1031.29
-1031.62
-1031.95
-1032.28
-1032.61
-1032.94
-1033.27
-1033.6
-1033.93
-1034.26
-1034.59
-1034.92
-1035.25
-1035.58
-1035.91
-1036.24
-1036.57
-1036.9
-1037.23
-1037.56
-1037.89
-1038.22
-1038.55
-1038.88
-1039.21
-1039.54
-1039.87
-1040.2
-1040.53
-1040.86
-1041.19
-1041.52
-1041.85
-1042.18
-1042.51
-1042.84
-1043.17
-1043.5
-1043.83
-1044.16
-1044.49
-1044.82
-1045.15
-1045.48
-1045.81
-1046.14
-1046.48
-1046.81
-1047.14
-1047.47
-1047.8
-1048.13
-1048.46
-1048.79
-1049.12
-1049.45
-1049.78
-1050.11
-1050.45
-1050.78
-1051.11
-1051.44
-1051.77
-1052.1
-1052.43
-1052.76
-1053.09
-1053.43
-1053.76
-1054.09
-1054.42
-1054.75
-1055.08
-1055.41
-1055.74
-1056.08
-1056.41
-1056.74
-1057.07
-1057.4
-1057.73
-1058.07
-1058.4
-1058.73
-1059.06
-1059.39
-1059.72
-1060.06
-1060.39
-1060.72
-1061.05
-1061.38
-1061.71
-1062.05
-1062.38
-1062.71
-1063.04
-1063.37
-1063.71
-1064.04
-1064.37
-1064.7
-1065.04
-1065.37
-1065.7
-1066.03
-1066.36
-1066.7
-1067.03
-1067.36
-1067.69
-1068.03
-1068.36
-1068.69
-1069.02
-1069.36
-1069.69
-1070.02
-1070.35
-1070.69
-1071.02
-1071.35
-1071.68
-1072.02
-1072.35
-1072.68
-1073.02
-1073.35
-1073.68
-1074.01
-1074.35
-1074.68
-1075.01
-1075.35
-1075.68
-1076.01
-1076.34
-1076.68
-1077.01
-1077.34
-1077.68
-1078.01
-1078.34
-1078.68
-1079.01
-1079.34
-1079.68
-1080.01
-1080.34
-1080.68
-1081.01
-1081.34
-1081.68
-1082.01
-1082.34
-1082.68
-1083.01
-1083.35
-1083.68
-1084.01
-1084.35
-1084.68
-1085.01
-1085.35
-1085.68
-1086.02
-1086.35
-1086.68
-1087.02
-1087.35
-1087.69
-1088.02
-1088.35
-1088.69
-1089.02
-1089.36
-1089.69
-1090.02
-1090.36
-1090.69
-1091.03
-1091.36
-1091.7
-1092.03
-1092.36
-1092.7
-1093.03
-1093.37
-1093.7
-1094.04
-1094.37
-1094.71
-1095.04
-1095.37
-1095.71
-1096.04
-1096.38
-1096.71
-1097.05
-1097.38
-1097.72
-1098.05
-1098.39
-1098.72
-1099.06
-1099.39
-1099.73
-1100.06
-1100.4
-1100.73
-1101.07
-1101.4
-1101.74
-1102.07
-1102.41
-1102.74
-1103.08
-1103.41
-1103.75
-1104.08
-1104.42
-1104.75
-1105.09
-1105.42
-1105.76
-1106.1
-1106.43
-1106.77
-1107.1
-1107.44
-1107.77
-1108.11
-1108.44
-1108.78
-1109.12
-1109.45
-1109.79
-1110.12
-1110.46
-1110.8
-1111.13
-1111.47
-1111.8
-1112.14
-1112.47
-1112.81
-1113.15
-1113.48
-1113.82
-1114.15
-1114.49
-1114.83
-1115.16
-1115.5
-1115.84
-1116.17
-1116.51
-1116.84
-1117.18
-1117.52
-1117.85
-1118.19
-1118.53
-1118.86
-1119.2
-1119.54
-1119.87
-1120.21
-1120.55
-1120.88
-1121.22
-1121.56
-1121.89
-1122.23
-1122.57
-1122.9
-1123.24
-1123.58
-1123.91
-1124.25
-1124.59
-1124.92
-1125.26
-1125.6
-1125.94
-1126.27
-1126.61
-1126.95
-1127.28
-1127.62
-1127.96
-1128.3
-1128.63
-1128.97
-1129.31
-1129.64
-1129.98
-1130.32
-1130.66
-1130.99
-1131.33
-1131.67
-1132.01
-1132.34
-1132.68
-1133.02
-1133.36
-1133.69
-1134.03
-1134.37
-1134.71
-1135.05
-1135.38
-1135.72
-1136.06
-1136.4
-1136.73
-1137.07
-1137.41
-1137.75
-1138.09
-1138.42
-1138.76
-1139.1
-1139.44
-1139.78
-1140.12
-1140.45
-1140.79
-1141.13
-1141.47
-1141.81
-1142.14
-1142.48
-1142.82
-1143.16
-1143.5
-1143.84
-1144.18
-1144.51
-1144.85
-1145.19
-1145.53
-1145.87
-1146.21
-1146.55
-1146.88
-1147.22
-1147.56
-1147.9
-1148.24
-1148.58
-1148.92
-1149.26
-1149.59
-1149.93
-1150.27
-1150.61
-1150.95
-1151.29
-1151.63
-1151.97
-1152.31
-1152.65
-1152.98
-1153.32
-1153.66
-1154
-1154.34
-1154.68
-1155.02
-1155.36
-1155.7
-1156.04
-1156.38
-1156.72
-1157.06
-1157.4
-1157.74
-1158.08
-1158.42
-1158.75
-1159.09
-1159.43
-1159.77
-1160.11
-1160.45
-1160.79
-1161.13
-1161.47
-1161.81
-1162.15
-1162.49
-1162.83
-1163.17
-1163.51
-1163.85
-1164.19
-1164.53
-1164.87
-1165.21
-1165.55
-1165.89
-1166.23
-1166.57
-1166.91
-1167.25
-1167.59
-1167.94
-1168.28
-1168.62
-1168.96
-1169.3
-1169.64
-1169.98
-1170.32
-1170.66
-1171
-1171.34
-1171.68
-1172.02
-1172.36
-1172.7
-1173.04
-1173.38
-1173.73
-1174.07
-1174.41
-1174.75
-1175.09
-1175.43
-1175.77
-1176.11
-1176.45
-1176.79
-1177.13
-1177.48
-1177.82
-1178.16
-1178.5
-1178.84
-1179.18
-1179.52
-1179.86
-1180.21
-1180.55
-1180.89
-1181.23
-1181.57
-1181.91
-1182.25
-1182.6
-1182.94
-1183.28
-1183.62
-1183.96
-1184.3
-1184.64
-1184.99
-1185.33
-1185.67
-1186.01
-1186.35
-1186.7
-1187.04
-1187.38
-1187.72
-1188.06
-1188.4
-1188.75
-1189.09
-1189.43
-1189.77
-1190.11
-1190.46
-1190.8
-1191.14
-1191.48
-1191.83
-1192.17
-1192.51
-1192.85
-1193.19
-1193.54
-1193.88
-1194.22
-1194.56
-1194.91
-1195.25
-1195.59
-1195.93
-1196.28
-1196.62
-1196.96
-1197.3
-1197.65
-1197.99
-1198.33
-1198.68
-1199.02
-1199.36
-1199.7
-1200.05
-1200.39
-1200.73
-1201.08
-1201.42
-1201.76
-1202.1
-1202.45
-1202.79
-1203.13
-1203.48
-1203.82
-1204.16
-1204.51
-1204.85
-1205.19
-1205.54
-1205.88
-1206.22
-1206.57
-1206.91
-1207.25
-1207.6
-1207.94
-1208.28
-1208.63
-1208.97
-1209.31
-1209.66
-1210
-1210.34
-1210.69
-1211.03
-1211.38
-1211.72
-1212.06
-1212.41
-1212.75
-1213.1
-1213.44
-1213.78
-1214.13
-1214.47
-1214.81
-1215.16
-1215.5
-1215.85
-1216.19
-1216.54
-1216.88
-1217.22
-1217.57
-1217.91
-1218.26
-1218.6
-1218.94
-1219.29
-1219.63
-1219.98
-1220.32
-1220.67
-1221.01
-1221.36
-1221.7
-1222.05
-1222.39
-1222.73
-1223.08
-1223.42
-1223.77
-1224.11
-1224.46
-1224.8
-1225.15
-1225.49
-1225.84
-1226.18
-1226.53
-1226.87
-1227.22
-1227.56
-1227.91
-1228.25
-1228.6
-1228.94
-1229.29
-1229.63
-1229.98
-1230.32
-1230.67
-1231.01
-1231.36
-1231.7
-1232.05
-1232.39
-1232.74
-1233.09
-1233.43
-1233.78
-1234.12
-1234.47
-1234.81
-1235.16
-1235.5
-1235.85
-1236.19
-1236.54
-1236.89
-1237.23
-1237.58
-1237.92
-1238.27
-1238.62
-1238.96
-1239.31
-1239.65
-1240
-1240.34
-1240.69
-1241.04
-1241.38
-1241.73
-1242.08
-1242.42
-1242.77
-1243.11
-1243.46
-1243.81
-1244.15
-1244.5
-1244.84
-1245.19
-1245.54
-1245.88
-1246.23
-1246.58
-1246.92
-1247.27
-1247.62
-1247.96
-1248.31
-1248.66
-1249
-1249.35
-1249.7
-1250.04
-1250.39
-1250.74
-1251.08
-1251.43
-1251.78
-1252.12
-1252.47
-1252.82
-1253.16
-1253.51
-1253.86
-1254.21
-1254.55
-1254.9
-1255.25
-1255.59
-1255.94
-1256.29
-1256.64
-1256.98
-1257.33
-1257.68
-1258.02
-1258.37
-1258.72
-1259.07
-1259.41
-1259.76
-1260.11
-1260.46
-1260.8
-1261.15
-1261.5
-1261.85
-1262.19
-1262.54
-1262.89
-1263.24
-1263.59
-1263.93
-1264.28
-1264.63
-1264.98
-1265.32
-1265.67
-1266.02
-1266.37
-1266.72
-1267.06
-1267.41
-1267.76
-1268.11
-1268.46
-1268.8
-1269.15
-1269.5
-1269.85
-1270.2
-1270.55
-1270.89
-1271.24
-1271.59
-1271.94
-1272.29
-1272.64
-1272.98
-1273.33
-1273.68
-1274.03
-1274.38
-1274.73
-1275.08
-1275.42
-1275.77
-1276.12
-1276.47
-1276.82
-1277.17
-1277.52
-1277.87
-1278.21
-1278.56
-1278.91
-1279.26
-1279.61
-1279.96
-1280.31
-1280.66
-1281.01
-1281.36
-1281.7
-1282.05
-1282.4
-1282.75
-1283.1
-1283.45
-1283.8
-1284.15
-1284.5
-1284.85
-1285.2
-1285.55
-1285.9
-1286.25
-1286.6
-1286.95
-1287.29
-1287.64
-1287.99
-1288.34
-1288.69
-1289.04
-1289.39
-1289.74
-1290.09
-1290.44
-1290.79
-1291.14
-1291.49
-1291.84
-1292.19
-1292.54
-1292.89
-1293.24
-1293.59
-1293.94
-1294.29
-1294.64
-1294.99
-1295.34
-1295.69
-1296.04
-1296.39
-1296.74
-1297.09
-1297.44
-1297.79
-1298.14
-1298.49
-1298.84
-1299.2
-1299.55
-1299.9
-1300.25
-1300.6
-1300.95
-1301.3
-1301.65
-1302
-1302.35
-1302.7
-1303.05
-1303.4
-1303.75
-1304.1
-1304.46
-1304.81
-1305.16
-1305.51
-1305.86
-1306.21
-1306.56
-1306.91
-1307.26
-1307.61
-1307.97
-1308.32
-1308.67
-1309.02
-1309.37
-1309.72
-1310.07
-1310.42
-1310.78
-1311.13
-1311.48
-1311.83
-1312.18
-1312.53
-1312.88
-1313.24
-1313.59
-1313.94
-1314.29
-1314.64
-1314.99
-1315.35
-1315.7
-1316.05
-1316.4
-1316.75
-1317.1
-1317.46
-1317.81
-1318.16
-1318.51
-1318.86
-1319.22
-1319.57
-1319.92
-1320.27
-1320.62
-1320.98
-1321.33
-1321.68
-1322.03
-1322.38
-1322.74
-1323.09
-1323.44
-1323.79
-1324.15
-1324.5
-1324.85
-1325.2
-1325.56
-1325.91
-1326.26
-1326.61
-1326.97
-1327.32
-1327.67
-1328.02
-1328.38
-1328.73
-1329.08
-1329.43
-1329.79
-1330.14
-1330.49
-1330.85
-1331.2
-1331.55
-1331.9
-1332.26
-1332.61
-1332.96
-1333.32
-1333.67
-1334.02
-1334.37
-1334.73
-1335.08
-1335.43
-1335.79
-1336.14
-1336.49
-1336.85
-1337.2
-1337.55
-1337.91
-1338.26
-1338.61
-1338.97
-1339.32
-1339.67
-1340.03
-1340.38
-1340.74
-1341.09
-1341.44
-1341.8
-1342.15
-1342.5
-1342.86
-1343.21
-1343.57
-1343.92
-1344.27
-1344.63
-1344.98
-1345.33
-1345.69
-1346.04
-1346.4
-1346.75
-1347.1
-1347.46
-1347.81
-1348.17
-1348.52
-1348.88
-1349.23
-1349.58
-1349.94
-1350.29
-1350.65
-1351
-1351.36
-1351.71
-1352.06
-1352.42
-1352.77
-1353.13
-1353.48
-1353.84
-1354.19
-1354.55
-1354.9
-1355.26
-1355.61
-1355.96
-1356.32
-1356.67
-1357.03
-1357.38
-1357.74
-1358.09
-1358.45
-1358.8
-1359.16
-1359.51
-1359.87
-1360.22
-1360.58
-1360.93
-1361.29
-1361.64
-1362
-1362.35
-1362.71
-1363.06
-1363.42
-1363.78
-1364.13
-1364.49
-1364.84
-1365.2
-1365.55
-1365.91
-1366.26
-1366.62
-1366.97
-1367.33
-1367.69
-1368.04
-1368.4
-1368.75
-1369.11
-1369.46
-1369.82
-1370.17
-1370.53
-1370.89
-1371.24
-1371.6
-1371.95
-1372.31
-1372.67
-1373.02
-1373.38
-1373.73
-1374.09
-1374.45
-1374.8
-1375.16
-1375.51
-1375.87
-1376.23
-1376.58
-1376.94
-1377.3
-1377.65
-1378.01
-1378.37
-1378.72
-1379.08
-1379.43
-1379.79
-1380.15
-1380.5
-1380.86
-1381.22
-1381.57
-1381.93
-1382.29
-1382.64
-1383
-1383.36
-1383.71
-1384.07
-1384.43
-1384.78
-1385.14
-1385.5
-1385.86
-1386.21
-1386.57
-1386.93
-1387.28
-1387.64
-1388
-1388.35
-1388.71
-1389.07
-1389.43
-1389.78
-1390.14
-1390.5
-1390.86
-1391.21
-1391.57
-1391.93
-1392.28
-1392.64
-1393
-1393.36
-1393.71
-1394.07
-1394.43
-1394.79
-1395.15
-1395.5
-1395.86
-1396.22
-1396.58
-1396.93
-1397.29
-1397.65
-1398.01
-1398.36
-1398.72
-1399.08
-1399.44
-1399.8
-1400.15
-1400.51
-1400.87
-1401.23
-1401.59
-1401.94
-1402.3
-1402.66
-1403.02
-1403.38
-1403.74
-1404.09
-1404.45
-1404.81
-1405.17
-1405.53
-1405.89
-1406.24
-1406.6
-1406.96
-1407.32
-1407.68
-1408.04
-1408.4
-1408.75
-1409.11
-1409.47
-1409.83
-1410.19
-1410.55
-1410.91
-1411.27
-1411.62
-1411.98
-1412.34
-1412.7
-1413.06
-1413.42
-1413.78
-1414.14
-1414.5
-1414.85
-1415.21
-1415.57
-1415.93
-1416.29
-1416.65
-1417.01
-1417.37
-1417.73
-1418.09
-1418.45
-1418.81
-1419.17
-1419.53
-1419.88
-1420.24
-1420.6
-1420.96
-1421.32
-1421.68
-1422.04
-1422.4
-1422.76
-1423.12
-1423.48
-1423.84
-1424.2
-1424.56
-1424.92
-1425.28
-1425.64
-1426
-1426.36
-1426.72
-1427.08
-1427.44
-1427.8
-1428.16
-1428.52
-1428.88
-1429.24
-1429.6
-1429.96
-1430.32
-1430.68
-1431.04
-1431.4
-1431.76
-1432.12
-1432.48
-1432.84
-1433.2
-1433.56
-1433.92
-1434.28
-1434.64
-1435.01
-1435.37
-1435.73
-1436.09
-1436.45
-1436.81
-1437.17
-1437.53
-1437.89
-1438.25
-1438.61
-1438.97
-1439.33
-1439.69
-1440.06
-1440.42
-1440.78
-1441.14
-1441.5
-1441.86
-1442.22
-1442.58
-1442.94
-1443.31
-1443.67
-1444.03
-1444.39
-1444.75
-1445.11
-1445.47
-1445.83
-1446.2
-1446.56
-1446.92
-1447.28
-1447.64
-1448
-1448.36
-1448.73
-1449.09
-1449.45
-1449.81
-1450.17
-1450.53
-1450.9
-1451.26
-1451.62
-1451.98
-1452.34
-1452.7
-1453.07
-1453.43
-1453.79
-1454.15
-1454.51
-1454.88
-1455.24
-1455.6
-1455.96
-1456.32
-1456.69
-1457.05
-1457.41
-1457.77
-1458.14
-1458.5
-1458.86
-1459.22
-1459.58
-1459.95
-1460.31
-1460.67
-1461.03
-1461.4
-1461.76
-1462.12
-1462.48
-1462.85
-1463.21
-1463.57
-1463.93
-1464.3
-1464.66
-1465.02
-1465.39
-1465.75
-1466.11
-1466.47
-1466.84
-1467.2
-1467.56
-1467.93
-1468.29
-1468.65
-1469.01
-1469.38
-1469.74
-1470.1
-1470.47
-1470.83
-1471.19
-1471.56
-1471.92
-1472.28
-1472.65
-1473.01
-1473.37
-1473.74
-1474.1
-1474.46
-1474.83
-1475.19
-1475.55
-1475.92
-1476.28
-1476.64
-1477.01
-1477.37
-1477.73
-1478.1
-1478.46
-1478.83
-1479.19
-1479.55
-1479.92
-1480.28
-1480.64
-1481.01
-1481.37
-1481.74
-1482.1
-1482.46
-1482.83
-1483.19
-1483.56
-1483.92
-1484.28
-1484.65
-1485.01
-1485.38
-1485.74
-1486.11
-1486.47
-1486.83
-1487.2
-1487.56
-1487.93
-1488.29
-1488.66
-1489.02
-1489.39
-1489.75
-1490.11
-1490.48
-1490.84
-1491.21
-1491.57
-1491.94
-1492.3
-1492.67
-1493.03
-1493.4
-1493.76
-1494.13
-1494.49
-1494.86
-1495.22
-1495.59
-1495.95
-1496.32
-1496.68
-1497.05
-1497.41
-1497.78
-1498.14
-1498.51
-1498.87
-1499.24
-1499.6
-1499.97
-1500.33
-1500.7
-1501.06
-1501.43
-1501.79
-1502.16
-1502.52
-1502.89
-1503.26
-1503.62
-1503.99
-1504.35
-1504.72
-1505.08
-1505.45
-1505.81
-1506.18
-1506.55
-1506.91
-1507.28
-1507.64
-1508.01
-1508.37
-1508.74
-1509.11
-1509.47
-1509.84
-1510.2
-1510.57
-1510.94
-1511.3
-1511.67
-1512.03
-1512.4
-1512.77
-1513.13
-1513.5
-1513.87
-1514.23
-1514.6
-1514.96
-1515.33
-1515.7
-1516.06
-1516.43
-1516.8
-1517.16
-1517.53
-1517.9
-1518.26
-1518.63
-1519
-1519.36
-1519.73
-1520.1
-1520.46
-1520.83
-1521.2
-1521.56
-1521.93
-1522.3
-1522.66
-1523.03
-1523.4
-1523.76
-1524.13
-1524.5
-1524.87
-1525.23
-1525.6
-1525.97
-1526.33
-1526.7
-1527.07
-1527.44
-1527.8
-1528.17
-1528.54
-1528.9
-1529.27
-1529.64
-1530.01
-1530.37
-1530.74
-1531.11
-1531.48
-1531.84
-1532.21
-1532.58
-1532.95
-1533.31
-1533.68
-1534.05
-1534.42
-1534.78
-1535.15
-1535.52
-1535.89
-1536.26
-1536.62
-1536.99
-1537.36
-1537.73
-1538.1
-1538.46
-1538.83
-1539.2
-1539.57
-1539.94
-1540.3
-1540.67
-1541.04
-1541.41
-1541.78
-1542.15
-1542.51
-1542.88
-1543.25
-1543.62
-1543.99
-1544.36
-1544.72
-1545.09
-1545.46
-1545.83
-1546.2
-1546.57
-1546.93
-1547.3
-1547.67
-1548.04
-1548.41
-1548.78
-1549.15
-1549.52
-1549.88
-1550.25
-1550.62
-1550.99
-1551.36
-1551.73
-1552.1
-1552.47
-1552.84
-1553.21
-1553.57
-1553.94
-1554.31
-1554.68
-1555.05
-1555.42
-1555.79
-1556.16
-1556.53
-1556.9
-1557.27
-1557.64
-1558
-1558.37
-1558.74
-1559.11
-1559.48
-1559.85
-1560.22
-1560.59
-1560.96
-1561.33
-1561.7
-1562.07
-1562.44
-1562.81
-1563.18
-1563.55
-1563.92
-1564.29
-1564.66
-1565.03
-1565.4
-1565.77
-1566.14
-1566.51
-1566.88
-1567.25
-1567.62
-1567.99
-1568.36
-1568.73
-1569.1
-1569.47
-1569.84
-1570.21
-1570.58
-1570.95
-1571.32
-1571.69
-1572.06
-1572.43
-1572.8
-1573.17
-1573.54
-1573.91
-1574.28
-1574.65
-1575.02
-1575.4
-1575.77
-1576.14
-1576.51
-1576.88
-1577.25
-1577.62
-1577.99
-1578.36
-1578.73
-1579.1
-1579.47
-1579.84
-1580.22
-1580.59
-1580.96
-1581.33
-1581.7
-1582.07
-1582.44
-1582.81
-1583.18
-1583.56
-1583.93
-1584.3
-1584.67
-1585.04
-1585.41
-1585.78
-1586.15
-1586.53
-1586.9
-1587.27
-1587.64
-1588.01
-1588.38
-1588.75
-1589.13
-1589.5
-1589.87
-1590.24
-1590.61
-1590.98
-1591.36
-1591.73
-1592.1
-1592.47
-1592.84
-1593.22
-1593.59
-1593.96
-1594.33
-1594.7
-1595.07
-1595.45
-1595.82
-1596.19
-1596.56
-1596.94
-1597.31
-1597.68
-1598.05
-1598.42
-1598.8
-1599.17
-1599.54
-1599.91
-1600.29
-1600.66
-1601.03
-1601.4
-1601.78
-1602.15
-1602.52
-1602.89
-1603.27
-1603.64
-1604.01
-1604.38
-1604.76
-1605.13
-1605.5
-1605.87
-1606.25
-1606.62
-1606.99
-1607.37
-1607.74
-1608.11
-1608.48
-1608.86
-1609.23
-1609.6
-1609.98
-1610.35
-1610.72
-1611.1
-1611.47
-1611.84
-1612.21
-1612.59
-1612.96
-1613.33
-1613.71
-1614.08
-1614.45
-1614.83
-1615.2
-1615.57
-1615.95
-1616.32
-1616.69
-1617.07
-1617.44
-1617.82
-1618.19
-1618.56
-1618.94
-1619.31
-1619.68
-1620.06
-1620.43
-1620.8
-1621.18
-1621.55
-1621.93
-1622.3
-1622.67
-1623.05
-1623.42
-1623.8
-1624.17
-1624.54
-1624.92
-1625.29
-1625.67
-1626.04
-1626.41
-1626.79
-1627.16
-1627.54
-1627.91
-1628.29
-1628.66
-1629.03
-1629.41
-1629.78
-1630.16
-1630.53
-1630.91
-1631.28
-1631.66
-1632.03
-1632.41
-1632.78
-1633.15
-1633.53
-1633.9
-1634.28
-1634.65
-1635.03
-1635.4
-1635.78
-1636.15
-1636.53
-1636.9
-1637.28
-1637.65
-1638.03
-1638.4
-1638.78
-1639.15
-1639.53
-1639.9
-1640.28
-1640.65
-1641.03
-1641.4
-1641.78
-1642.15
-1642.53
-1642.9
-1643.28
-1643.65
-1644.03
-1644.41
-1644.78
-1645.16
-1645.53
-1645.91
-1646.28
-1646.66
-1647.03
-1647.41
-1647.79
-1648.16
-1648.54
-1648.91
-1649.29
-1649.66
-1650.04
-1650.42
-1650.79
-1651.17
-1651.54
-1651.92
-1652.3
-1652.67
-1653.05
-1653.42
-1653.8
-1654.18
-1654.55
-1654.93
-1655.3
-1655.68
-1656.06
-1656.43
-1656.81
-1657.19
-1657.56
-1657.94
-1658.31
-1658.69
-1659.07
-1659.44
-1659.82
-1660.2
-1660.57
-1660.95
-1661.33
-1661.7
-1662.08
-1662.46
-1662.83
-1663.21
-1663.59
-1663.96
-1664.34
-1664.72
-1665.09
-1665.47
-1665.85
-1666.22
-1666.6
-1666.98
-1667.36
-1667.73
-1668.11
-1668.49
-1668.86
-1669.24
-1669.62
-1669.99
-1670.37
-1670.75
-1671.13
-1671.5
-1671.88
-1672.26
-1672.64
-1673.01
-1673.39
-1673.77
-1674.15
-1674.52
-1674.9
-1675.28
-1675.66
-1676.03
-1676.41
-1676.79
-1677.17
-1677.54
-1677.92
-1678.3
-1678.68
-1679.05
-1679.43
-1679.81
-1680.19
-1680.57
-1680.94
-1681.32
-1681.7
-1682.08
-1682.46
-1682.83
-1683.21
-1683.59
-1683.97
-1684.35
-1684.73
-1685.1
-1685.48
-1685.86
-1686.24
-1686.62
-1686.99
-1687.37
-1687.75
-1688.13
-1688.51
-1688.89
-1689.27
-1689.64
-1690.02
-1690.4
-1690.78
-1691.16
-1691.54
-1691.92
-1692.29
-1692.67
-1693.05
-1693.43
-1693.81
-1694.19
-1694.57
-1694.95
-1695.32
-1695.7
-1696.08
-1696.46
-1696.84
-1697.22
-1697.6
-1697.98
-1698.36
-1698.74
-1699.12
-1699.49
-1699.87
-1700.25
-1700.63
-1701.01
-1701.39
-1701.77
-1702.15
-1702.53
-1702.91
-1703.29
-1703.67
-1704.05
-1704.43
-1704.81
-1705.19
-1705.57
-1705.94
-1706.32
-1706.7
-1707.08
-1707.46
-1707.84
-1708.22
-1708.6
-1708.98
-1709.36
-1709.74
-1710.12
-1710.5
-1710.88
-1711.26
-1711.64
-1712.02
-1712.4
-1712.78
-1713.16
-1713.54
-1713.92
-1714.3
-1714.68
-1715.06
-1715.44
-1715.82
-1716.2
-1716.59
-1716.97
-1717.35
-1717.73
-1718.11
-1718.49
-1718.87
-1719.25
-1719.63
-1720.01
-1720.39
-1720.77
-1721.15
-1721.53
-1721.91
-1722.29
-1722.67
-1723.06
-1723.44
-1723.82
-1724.2
-1724.58
-1724.96
-1725.34
-1725.72
-1726.1
-1726.48
-1726.86
-1727.25
-1727.63
-1728.01
-1728.39
-1728.77
-1729.15
-1729.53
-1729.91
-1730.3
-1730.68
-1731.06
-1731.44
-1731.82
-1732.2
-1732.58
-1732.96
-1733.35
-1733.73
-1734.11
-1734.49
-1734.87
-1735.25
-1735.64
-1736.02
-1736.4
-1736.78
-1737.16
-1737.54
-1737.93
-1738.31
-1738.69
-1739.07
-1739.45
-1739.84
-1740.22
-1740.6
-1740.98
-1741.36
-1741.75
-1742.13
-1742.51
-1742.89
-1743.27
-1743.66
-1744.04
-1744.42
-1744.8
-1745.19
-1745.57
-1745.95
-1746.33
-1746.71
-1747.1
-1747.48
-1747.86
-1748.24
-1748.63
-1749.01
-1749.39
-1749.77
-1750.16
-1750.54
-1750.92
-1751.31
-1751.69
-1752.07
-1752.45
-1752.84
-1753.22
-1753.6
-1753.99
-1754.37
-1754.75
-1755.13
-1755.52
-1755.9
-1756.28
-1756.67
-1757.05
-1757.43
-1757.82
-1758.2
-1758.58
-1758.96
-1759.35
-1759.73
-1760.11
-1760.5
-1760.88
-1761.26
-1761.65
-1762.03
-1762.41
-1762.8
-1763.18
-1763.57
-1763.95
-1764.33
-1764.72
-1765.1
-1765.48
-1765.87
-1766.25
-1766.63
-1767.02
-1767.4
-1767.79
-1768.17
-1768.55
-1768.94
-1769.32
-1769.71
-1770.09
-1770.47
-1770.86
-1771.24
-1771.63
-1772.01
-1772.39
-1772.78
-1773.16
-1773.55
-1773.93
-1774.31
-1774.7
-1775.08
-1775.47
-1775.85
-1776.24
-1776.62
-1777
-1777.39
-1777.77
-1778.16
-1778.54
-1778.93
-1779.31
-1779.7
-1780.08
-1780.47
-1780.85
-1781.24
-1781.62
-1782
-1782.39
-1782.77
-1783.16
-1783.54
-1783.93
-1784.31
-1784.7
-1785.08
-1785.47
-1785.85
-1786.24
-1786.62
-1787.01
-1787.39
-1787.78
-1788.16
-1788.55
-1788.93
-1789.32
-1789.71
-1790.09
-1790.48
-1790.86
-1791.25
-1791.63
-1792.02
-1792.4
-1792.79
-1793.17
-1793.56
-1793.94
-1794.33
-1794.72
-1795.1
-1795.49
-1795.87
-1796.26
-1796.64
-1797.03
-1797.42
-1797.8
-1798.19
-1798.57
-1798.96
-1799.35
-1799.73
-1800.12
-1800.5
-1800.89
-1801.27
-1801.66
-1802.05
-1802.43
-1802.82
-1803.21
-1803.59
-1803.98
-1804.36
-1804.75
-1805.14
-1805.52
-1805.91
-1806.3
-1806.68
-1807.07
-1807.46
-1807.84
-1808.23
-1808.61
-1809
-1809.39
-1809.77
-1810.16
-1810.55
-1810.93
-1811.32
-1811.71
-1812.09
-1812.48
-1812.87
-1813.25
-1813.64
-1814.03
-1814.42
-1814.8
-1815.19
-1815.58
-1815.96
-1816.35
-1816.74
-1817.12
-1817.51
-1817.9
-1818.29
-1818.67
-1819.06
-1819.45
-1819.83
-1820.22
-1820.61
-1821
-1821.38
-1821.77
-1822.16
-1822.55
-1822.93
-1823.32
-1823.71
-1824.1
-1824.48
-1824.87
-1825.26
-1825.65
-1826.03
-1826.42
-1826.81
-1827.2
-1827.59
-1827.97
-1828.36
-1828.75
-1829.14
-1829.52
-1829.91
-1830.3
-1830.69
-1831.08
-1831.46
-1831.85
-1832.24
-1832.63
-1833.02
-1833.4
-1833.79
-1834.18
-1834.57
-1834.96
-1835.35
-1835.73
-1836.12
-1836.51
-1836.9
-1837.29
-1837.68
-1838.06
-1838.45
-1838.84
-1839.23
-1839.62
-1840.01
-1840.4
-1840.78
-1841.17
-1841.56
-1841.95
-1842.34
-1842.73
-1843.12
-1843.51
-1843.89
-1844.28
-1844.67
-1845.06
-1845.45
-1845.84
-1846.23
-1846.62
-1847.01
-1847.4
-1847.78
-1848.17
-1848.56
-1848.95
-1849.34
-1849.73
-1850.12
-1850.51
-1850.9
-1851.29
-1851.68
-1852.07
-1852.46
-1852.85
-1853.23
-1853.62
-1854.01
-1854.4
-1854.79
-1855.18
-1855.57
-1855.96
-1856.35
-1856.74
-1857.13
-1857.52
-1857.91
-1858.3
-1858.69
-1859.08
-1859.47
-1859.86
-1860.25
-1860.64
-1861.03
-1861.42
-1861.81
-1862.2
-1862.59
-1862.98
-1863.37
-1863.76
-1864.15
-1864.54
-1864.93
-1865.32
-1865.71
-1866.1
-1866.49
-1866.88
-1867.27
-1867.66
-1868.05
-1868.44
-1868.83
-1869.22
-1869.61
-1870.01
-1870.4
-1870.79
-1871.18
-1871.57
-1871.96
-1872.35
-1872.74
-1873.13
-1873.52
-1873.91
-1874.3
-1874.69
-1875.08
-1875.48
-1875.87
-1876.26
-1876.65
-1877.04
-1877.43
-1877.82
-1878.21
-1878.6
-1878.99
-1879.39
-1879.78
-1880.17
-1880.56
-1880.95
-1881.34
-1881.73
-1882.12
-1882.52
-1882.91
-1883.3
-1883.69
-1884.08
-1884.47
-1884.87
-1885.26
-1885.65
-1886.04
-1886.43
-1886.82
-1887.21
-1887.61
-1888
-1888.39
-1888.78
-1889.17
-1889.57
-1889.96
-1890.35
-1890.74
-1891.13
-1891.52
-1891.92
-1892.31
-1892.7
-1893.09
-1893.48
-1893.88
-1894.27
-1894.66
-1895.05
-1895.45
-1895.84
-1896.23
-1896.62
-1897.01
-1897.41
-1897.8
-1898.19
-1898.58
-1898.98
-1899.37
-1899.76
-1900.15
-1900.55
-1900.94
-1901.33
-1901.72
-1902.12
-1902.51
-1902.9
-1903.29
-1903.69
-1904.08
-1904.47
-1904.87
-1905.26
-1905.65
-1906.04
-1906.44
-1906.83
-1907.22
-1907.62
-1908.01
-1908.4
-1908.8
-1909.19
-1909.58
-1909.97
-1910.37
-1910.76
-1911.15
-1911.55
-1911.94
-1912.33
-1912.73
-1913.12
-1913.51
-1913.91
-1914.3
-1914.69
-1915.09
-1915.48
-1915.87
-1916.27
-1916.66
-1917.06
-1917.45
-1917.84
-1918.24
-1918.63
-1919.02
-1919.42
-1919.81
-1920.21
-1920.6
-1920.99
-1921.39
-1921.78
-1922.17
-1922.57
-1922.96
-1923.36
-1923.75
-1924.14
-1924.54
-1924.93
-1925.33
-1925.72
-1926.12
-1926.51
-1926.9
-1927.3
-1927.69
-1928.09
-1928.48
-1928.88
-1929.27
-1929.66
-1930.06
-1930.45
-1930.85
-1931.24
-1931.64
-1932.03
-1932.43
-1932.82
-1933.21
-1933.61
-1934
-1934.4
-1934.79
-1935.19
-1935.58
-1935.98
-1936.37
-1936.77
-1937.16
-1937.56
-1937.95
-1938.35
-1938.74
-1939.14
-1939.53
-1939.93
-1940.32
-1940.72
-1941.11
-1941.51
-1941.9
-1942.3
-1942.69
-1943.09
-1943.48
-1943.88
-1944.27
-1944.67
-1945.07
-1945.46
-1945.86
-1946.25
-1946.65
-1947.04
-1947.44
-1947.83
-1948.23
-1948.63
-1949.02
-1949.42
-1949.81
-1950.21
-1950.6
-1951
-1951.4
-1951.79
-1952.19
-1952.58
-1952.98
-1953.37
-1953.77
-1954.17
-1954.56
-1954.96
-1955.35
-1955.75
-1956.15
-1956.54
-1956.94
-1957.34
-1957.73
-1958.13
-1958.52
-1958.92
-1959.32
-1959.71
-1960.11
-1960.51
-1960.9
-1961.3
-1961.69
-1962.09
-1962.49
-1962.88
-1963.28
-1963.68
-1964.07
-1964.47
-1964.87
-1965.26
-1965.66
-1966.06
-1966.45
-1966.85
-1967.25
-1967.64
-1968.04
-1968.44
-1968.84
-1969.23
-1969.63
-1970.03
-1970.42
-1970.82
-1971.22
-1971.61
-1972.01
-1972.41
-1972.81
-1973.2
-1973.6
-1974
-1974.39
-1974.79
-1975.19
-1975.59
-1975.98
-1976.38
-1976.78
-1977.18
-1977.57
-1977.97
-1978.37
-1978.77
-1979.16
-1979.56
-1979.96
-1980.36
-1980.75
-1981.15
-1981.55
-1981.95
-1982.35
-1982.74
-1983.14
-1983.54
-1983.94
-1984.33
-1984.73
-1985.13
-1985.53
-1985.93
-1986.32
-1986.72
-1987.12
-1987.52
-1987.92
-1988.32
-1988.71
-1989.11
-1989.51
-1989.91
-1990.31
-1990.7
-1991.1
-1991.5
-1991.9
-1992.3
-1992.7
-1993.1
-1993.49
-1993.89
-1994.29
-1994.69
-1995.09
-1995.49
-1995.89
-1996.28
-1996.68
-1997.08
-1997.48
-1997.88
-1998.28
-1998.68
-1999.08
