-1065.7
-1066.19
-1066.69
-1067.18
-1067.67
-1068.17
-1068.66
-1069.15
-1069.65
-1070.14
-1070.64
-1071.13
-1071.62
-1072.12
-1072.61
-1073.11
-1073.6
-1074.1
-1074.59
-1075.08
-1075.58
-1076.07
-1076.57
-1077.06
-1077.56
-1078.05
-1078.55
-1079.04
-1079.54
-1080.03
-1080.53
-1081.02
-1081.52
-1082.01
-1082.51
-1083
-1083.5
-1083.99
-1084.49
-1084.98
-1085.48
-1085.97
-1086.47
-1086.96
-1087.46
-1087.96
-1088.45
-1088.95
-1089.44
-1089.94
-1090.43
-1090.93
-1091.43
-1091.92
-1092.42
-1092.91
-1093.41
-1093.91
-1094.4
-1094.9
-1095.4
-1095.89
-1096.39
-1096.89
-1097.38
-1097.88
-1098.38
-1098.87
-1099.37
-1099.87
-1100.36
-1100.86
-1101.36
-1101.85
-1102.35
-1102.85
-1103.34
-1103.84
-1104.34
-1104.84
-1105.33
-1105.83
-1106.33
-1106.83
-1107.32
-1107.82
-1108.32
-1108.82
-1109.31
-1109.81
-1110.31
-1110.81
-1111.31
-1111.8
-1112.3
-1112.8
-1113.3
-1113.8
-1114.29
-1114.79
-1115.29
-1115.79
-1116.29
-1116.79
-1117.29
-1117.78
-1118.28
-1118.78
-1119.28
-1119.78
-1120.28
-1120.78
-1121.28
-1121.77
-1122.27
-1122.77
-1123.27
-1123.77
-1124.27
-1124.77
-1125.27
-1125.77
-1126.27
-1126.77
-1127.27
-1127.77
-1128.26
-1128.76
-1129.26
-1129.76
-1130.26
-1130.76
-1131.26
-1131.76
-1132.26
-1132.76
-1133.26
-1133.76
-1134.26
-1134.76
-1135.26
-1135.76
-1136.26
-1136.77
-1137.27
-1137.77
-1138.27
-1138.77
-1139.27
-1139.77
-1140.27
-1140.77
-1141.27
-1141.77
-1142.27
-1142.77
-1143.27
-1143.78
-1144.28
-1144.78
-1145.28
-1145.78
-1146.28
-1146.78
-1147.28
-1147.79
-1148.29
-1148.79
-1149.29
-1149.79
-1150.29
-1150.8
-1151.3
-1151.8
-1152.3
-1152.8
-1153.31
-1153.81
-1154.31
-1154.81
-1155.31
-1155.82
-1156.32
-1156.82
-1157.32
-1157.83
-1158.33
-1158.83
-1159.33
-1159.84
-1160.34
-1160.84
-1161.34
-1161.85
-1162.35
-1162.85
-1163.36
-1163.86
-1164.36
-1164.86
-1165.37
-1165.87
-1166.37
-1166.88
-1167.38
-1167.88
-1168.39
-1168.89
-1169.39
-1169.9
-1170.4
-1170.91
-1171.41
-1171.91
-1172.42
-1172.92
-1173.42
-1173.93
-1174.43
-1174.94
-1175.44
-1175.95
-1176.45
-1176.95
-1177.46
-1177.96
-1178.47
-1178.97
-1179.48
-1179.98
-1180.48
-1180.99
-1181.49
-1182
-1182.5
-1183.01
-1183.51
-1184.02
-1184.52
-1185.03
-1185.53
-1186.04
-1186.54
-1187.05
-1187.55
-1188.06
-1188.56
-1189.07
-1189.58
-1190.08
-1190.59
-1191.09
-1191.6
-1192.1
-1192.61
-1193.12
-1193.62
-1194.13
-1194.63
-1195.14
-1195.64
-1196.15
-1196.66
-1197.16
-1197.67
-1198.18
-1198.68
-1199.19
-1199.69
-1200.2
-1200.71
-1201.21
-1201.72
-1202.23
-1202.73
-1203.24
-1203.75
-1204.25
-1204.76
-1205.27
-1205.78
-1206.28
-1206.79
-1207.3
-1207.8
-1208.31
-1208.82
-1209.33
-1209.83
-1210.34
-1210.85
-1211.36
-1211.86
-1212.37
-1212.88
-1213.39
-1213.89
-1214.4
-1214.91
-1215.42
-1215.93
-1216.43
-1216.94
-1217.45
-1217.96
-1218.47
-1218.97
-1219.48
-1219.99
-1220.5
-1221.01
-1221.52
-1222.02
-1222.53
-1223.04
-1223.55
-1224.06
-1224.57
-1225.08
-1225.59
-1226.09
-1226.6
-1227.11
-1227.62
-1228.13
-1228.64
-1229.15
-1229.66
-1230.17
-1230.68
-1231.19
-1231.7
-1232.21
-1232.71
-1233.22
-1233.73
-1234.24
-1234.75
-1235.26
-1235.77
-1236.28
-1236.79
-1237.3
-1237.81
-1238.32
-1238.83
-1239.34
-1239.85
-1240.36
-1240.87
-1241.38
-1241.89
-1242.4
-1242.92
-1243.43
-1243.94
-1244.45
-1244.96
-1245.47
-1245.98
-1246.49
-1247
-1247.51
-1248.02
-1248.53
-1249.04
-1249.56
-1250.07
-1250.58
-1251.09
-1251.6
-1252.11
-1252.62
-1253.13
-1253.65
-1254.16
-1254.67
-1255.18
-1255.69
-1256.2
-1256.72
-1257.23
-1257.74
-1258.25
-1258.76
-1259.28
-1259.79
-1260.3
-1260.81
-1261.32
-1261.84
-1262.35
-1262.86
-1263.37
-1263.89
-1264.4
-1264.91
-1265.42
-1265.94
-1266.45
-1266.96
-1267.47
-1267.99
-1268.5
-1269.01
-1269.53
-1270.04
-1270.55
-1271.06
-1271.58
-1272.09
-1272.6
-1273.12
-1273.63
-1274.14
-1274.66
-1275.17
-1275.68
-1276.2
-1276.71
-1277.23
-1277.74
-1278.25
-1278.77
-1279.28
-1279.79
-1280.31
-1280.82
-1281.34
-1281.85
-1282.36
-1282.88
-1283.39
-1283.91
-1284.42
-1284.94
-1285.45
-1285.96
-1286.48
-1286.99
-1287.51
-1288.02
-1288.54
-1289.05
-1289.57
-1290.08
-1290.6
-1291.11
-1291.63
-1292.14
-1292.66
-1293.17
-1293.69
-1294.2
-1294.72
-1295.23
-1295.75
-1296.26
-1296.78
-1297.29
-1297.81
-1298.33
-1298.84
-1299.36
-1299.87
-1300.39
-1300.9
-1301.42
-1301.94
-1302.45
-1302.97
-1303.48
-1304
-1304.52
-1305.03
-1305.55
-1306.07
-1306.58
-1307.1
-1307.61
-1308.13
-1308.65
-1309.16
-1309.68
-1310.2
-1310.71
-1311.23
-1311.75
-1312.26
-1312.78
-1313.3
-1313.82
-1314.33
-1314.85
-1315.37
-1315.88
-1316.4
-1316.92
-1317.44
-1317.95
-1318.47
-1318.99
-1319.51
-1320.02
-1320.54
-1321.06
-1321.58
-1322.09
-1322.61
-1323.13
-1323.65
-1324.17
-1324.68
-1325.2
-1325.72
-1326.24
-1326.76
-1327.27
-1327.79
-1328.31
-1328.83
-1329.35
-1329.87
-1330.38
-1330.9
-1331.42
-1331.94
-1332.46
-1332.98
-1333.5
-1334.02
-1334.53
-1335.05
-1335.57
-1336.09
-1336.61
-1337.13
-1337.65
-1338.17
-1338.69
-1339.21
-1339.73
-1340.25
-1340.76
-1341.28
-1341.8
-1342.32
-1342.84
-1343.36
-1343.88
-1344.4
-1344.92
-1345.44
-1345.96
-1346.48
-1347
-1347.52
-1348.04
-1348.56
-1349.08
-1349.6
-1350.12
-1350.64
-1351.16
-1351.68
-1352.2
-1352.72
-1353.24
-1353.77
-1354.29
-1354.81
-1355.33
-1355.85
-1356.37
-1356.89
-1357.41
-1357.93
-1358.45
-1358.97
-1359.5
-1360.02
-1360.54
-1361.06
-1361.58
-1362.1
-1362.62
-1363.14
-1363.67
-1364.19
-1364.71
-1365.23
-1365.75
-1366.27
-1366.8
-1367.32
-1367.84
-1368.36
-1368.88
-1369.4
-1369.93
-1370.45
-1370.97
-1371.49
-1372.02
-1372.54
-1373.06
-1373.58
-1374.1
-1374.63
-1375.15
-1375.67
-1376.19
-1376.72
-1377.24
-1377.76
-1378.29
-1378.81
-1379.33
-1379.85
-1380.38
-1380.9
-1381.42
-1381.95
-1382.47
-1382.99
-1383.52
-1384.04
-1384.56
-1385.09
-1385.61
-1386.13
-1386.66
-1387.18
-1387.7
-1388.23
-1388.75
-1389.27
-1389.8
-1390.32
-1390.85
-1391.37
-1391.89
-1392.42
-1392.94
-1393.47
-1393.99
-1394.51
-1395.04
-1395.56
-1396.09
-1396.61
-1397.14
-1397.66
-1398.19
-1398.71
-1399.23
-1399.76
-1400.28
-1400.81
-1401.33
-1401.86
-1402.38
-1402.91
-1403.43
-1403.96
-1404.48
-1405.01
-1405.53
-1406.06
-1406.58
-1407.11
-1407.63
-1408.16
-1408.69
-1409.21
-1409.74
-1410.26
-1410.79
-1411.31
-1411.84
-1412.36
-1412.89
-1413.42
-1413.94
-1414.47
-1414.99
-1415.52
-1416.05
-1416.57
-1417.1
-1417.62
-1418.15
-1418.68
-1419.2
-1419.73
-1420.26
-1420.78
-1421.31
-1421.84
-1422.36
-1422.89
-1423.42
-1423.94
-1424.47
-1425
-1425.52
-1426.05
-1426.58
-1427.1
-1427.63
-1428.16
-1428.69
-1429.21
-1429.74
-1430.27
-1430.79
-1431.32
-1431.85
-1432.38
-1432.9
-1433.43
-1433.96
-1434.49
-1435.01
-1435.54
-1436.07
-1436.6
-1437.13
-1437.65
-1438.18
-1438.71
-1439.24
-1439.77
-1440.29
-1440.82
-1441.35
-1441.88
-1442.41
-1442.94
-1443.46
-1443.99
-1444.52
-1445.05
-1445.58
-1446.11
-1446.64
-1447.16
-1447.69
-1448.22
-1448.75
-1449.28
-1449.81
-1450.34
-1450.87
-1451.4
-1451.92
-1452.45
-1452.98
-1453.51
-1454.04
-1454.57
-1455.1
-1455.63
-1456.16
-1456.69
-1457.22
-1457.75
-1458.28
-1458.81
-1459.34
-1459.87
-1460.4
-1460.93
-1461.46
-1461.99
-1462.52
-1463.05
-1463.58
-1464.11
-1464.64
-1465.17
-1465.7
-1466.23
-1466.76
-1467.29
-1467.82
-1468.35
-1468.88
-1469.41
-1469.94
-1470.47
-1471
-1471.53
-1472.07
-1472.6
-1473.13
-1473.66
-1474.19
-1474.72
-1475.25
-1475.78
-1476.31
-1476.85
-1477.38
-1477.91
-1478.44
-1478.97
-1479.5
-1480.03
-1480.57
-1481.1
-1481.63
-1482.16
-1482.69
-1483.22
-1483.76
-1484.29
-1484.82
-1485.35
-1485.88
-1486.42
-1486.95
-1487.48
-1488.01
-1488.54
-1489.08
-1489.61
-1490.14
-1490.67
-1491.21
-1491.74
-1492.27
-1492.8
-1493.34
-1493.87
-1494.4
-1494.93
-1495.47
-1496
-1496.53
-1497.07
-1497.6
-1498.13
-1498.66
-1499.2
-1499.73
-1500.26
-1500.8
-1501.33
-1501.86
-1502.4
-1502.93
-1503.46
-1504
-1504.53
-1505.06
-1505.6
-1506.13
-1506.67
-1507.2
-1507.73
-1508.27
-1508.8
-1509.34
-1509.87
-1510.4
-1510.94
-1511.47
-1512.01
-1512.54
-1513.07
-1513.61
-1514.14
-1514.68
-1515.21
-1515.75
-1516.28
-1516.81
-1517.35
-1517.88
-1518.42
-1518.95
-1519.49
-1520.02
-1520.56
-1521.09
-1521.63
-1522.16
-1522.7
-1523.23
-1523.77
-1524.3
-1524.84
-1525.37
-1525.91
-1526.44
-1526.98
-1527.52
-1528.05
-1528.59
-1529.12
-1529.66
-1530.19
-1530.73
-1531.26
-1531.8
-1532.34
-1532.87
-1533.41
-1533.94
-1534.48
-1535.02
-1535.55
-1536.09
-1536.62
-1537.16
-1537.7
-1538.23
-1538.77
-1539.31
-1539.84
-1540.38
-1540.91
-1541.45
-1541.99
-1542.52
-1543.06
-1543.6
-1544.13
-1544.67
-1545.21
-1545.75
-1546.28
-1546.82
-1547.36
-1547.89
-1548.43
-1548.97
-1549.51
-1550.04
-1550.58
-1551.12
-1551.65
-1552.19
-1552.73
-1553.27
-1553.8
-1554.34
-1554.88
-1555.42
-1555.95
-1556.49
-1557.03
-1557.57
-1558.11
-1558.64
-1559.18
-1559.72
-1560.26
-1560.8
-1561.33
-1561.87
-1562.41
-1562.95
-1563.49
-1564.03
-1564.56
-1565.1
-1565.64
-1566.18
-1566.72
-1567.26
-1567.8
-1568.33
-1568.87
-1569.41
-1569.95
-1570.49
-1571.03
-1571.57
-1572.11
-1572.65
-1573.18
-1573.72
-1574.26
-1574.8
-1575.34
-1575.88
-1576.42
-1576.96
-1577.5
-1578.04
-1578.58
-1579.12
-1579.66
-1580.2
-1580.74
-1581.28
-1581.82
-1582.36
-1582.9
-1583.43
-1583.97
-1584.51
-1585.05
-1585.59
-1586.14
-1586.68
-1587.22
-1587.76
-1588.3
-1588.84
-1589.38
-1589.92
-1590.46
-1591
-1591.54
-1592.08
-1592.62
-1593.16
-1593.7
-1594.24
-1594.78
-1595.32
-1595.86
-1596.41
-1596.95
-1597.49
-1598.03
-1598.57
-1599.11
-1599.65
-1600.19
-1600.73
-1601.28
-1601.82
-1602.36
-1602.9
-1603.44
-1603.98
-1604.52
-1605.07
-1605.61
-1606.15
-1606.69
-1607.23
-1607.77
-1608.32
-1608.86
-1609.4
-1609.94
-1610.48
-1611.03
-1611.57
-1612.11
-1612.65
-1613.19
-1613.74
-1614.28
-1614.82
-1615.36
-1615.91
-1616.45
-1616.99
-1617.53
-1618.08
-1618.62
-1619.16
-1619.7
-1620.25
-1620.79
-1621.33
-1621.87
-1622.42
-1622.96
-1623.5
-1624.05
-1624.59
-1625.13
-1625.68
-1626.22
-1626.76
-1627.31
-1627.85
-1628.39
-1628.94
-1629.48
-1630.02
-1630.57
-1631.11
-1631.65
-1632.2
-1632.74
-1633.28
-1633.83
-1634.37
-1634.92
-1635.46
-1636
-1636.55
-1637.09
-1637.64
-1638.18
-1638.72
-1639.27
-1639.81
-1640.36
-1640.9
-1641.44
-1641.99
-1642.53
-1643.08
-1643.62
-1644.17
-1644.71
-1645.26
-1645.8
-1646.35
-1646.89
-1647.44
-1647.98
-1648.53
-1649.07
-1649.61
-1650.16
-1650.7
-1651.25
-1651.8
-1652.34
-1652.89
-1653.43
-1653.98
-1654.52
-1655.07
-1655.61
-1656.16
-1656.7
-1657.25
-1657.79
-1658.34
-1658.89
-1659.43
-1659.98
-1660.52
-1661.07
-1661.61
-1662.16
-1662.71
-1663.25
-1663.8
-1664.34
-1664.89
-1665.44
-1665.98
-1666.53
-1667.07
-1667.62
-1668.17
-1668.71
-1669.26
-1669.81
-1670.35
-1670.9
-1671.45
-1671.99
-1672.54
-1673.09
-1673.63
-1674.18
-1674.73
-1675.27
-1675.82
-1676.37
-1676.91
-1677.46
-1678.01
-1678.56
-1679.1
-1679.65
-1680.2
-1680.74
-1681.29
-1681.84
-1682.39
-1682.93
-1683.48
-1684.03
-1684.58
-1685.12
-1685.67
-1686.22
-1686.77
-1687.31
-1687.86
-1688.41
-1688.96
-1689.51
-1690.05
-1690.6
-1691.15
-1691.7
-1692.25
-1692.79
-1693.34
-1693.89
-1694.44
-1694.99
-1695.53
-1696.08
-1696.63
-1697.18
-1697.73
-1698.28
-1698.83
-1699.37
-1699.92
-1700.47
-1701.02
-1701.57
-1702.12
-1702.67
-1703.22
-1703.76
-1704.31
-1704.86
-1705.41
-1705.96
-1706.51
-1707.06
-1707.61
-1708.16
-1708.71
-1709.26
-1709.8
-1710.35
-1710.9
-1711.45
-1712
-1712.55
-1713.1
-1713.65
-1714.2
-1714.75
-1715.3
-1715.85
-1716.4
-1716.95
-1717.5
-1718.05
-1718.6
-1719.15
-1719.7
-1720.25
-1720.8
-1721.35
-1721.9
-1722.45
-1723
-1723.55
-1724.1
-1724.65
-1725.2
-1725.75
-1726.3
-1726.85
-1727.4
-1727.95
-1728.5
-1729.06
-1729.61
-1730.16
-1730.71
-1731.26
-1731.81
-1732.36
-1732.91
-1733.46
-1734.01
-1734.56
-1735.12
-1735.67
-1736.22
-1736.77
-1737.32
-1737.87
-1738.42
-1738.97
-1739.53
-1740.08
-1740.63
-1741.18
-1741.73
-1742.28
-1742.84
-1743.39
-1743.94
-1744.49
-1745.04
-1745.59
-1746.15
-1746.7
-1747.25
-1747.8
-1748.35
-1748.91
-1749.46
-1750.01
-1750.56
-1751.11
-1751.67
-1752.22
-1752.77
-1753.32
-1753.88
-1754.43
-1754.98
-1755.53
-1756.09
-1756.64
-1757.19
-1757.74
-1758.3
-1758.85
-1759.4
-1759.96
-1760.51
-1761.06
-1761.61
-1762.17
-1762.72
-1763.27
-1763.83
-1764.38
-1764.93
-1765.49
-1766.04
-1766.59
-1767.15
-1767.7
-1768.25
-1768.81
-1769.36
-1769.91
-1770.47
-1771.02
-1771.57
-1772.13
-1772.68
-1773.23
-1773.79
-1774.34
-1774.9
-1775.45
-1776
-1776.56
-1777.11
-1777.66
-1778.22
-1778.77
-1779.33
-1779.88
-1780.44
-1780.99
-1781.54
-1782.1
-1782.65
-1783.21
-1783.76
-1784.32
-1784.87
-1785.42
-1785.98
-1786.53
-1787.09
-1787.64
-1788.2
-1788.75
-1789.31
-1789.86
-1790.42
-1790.97
-1791.53
-1792.08
-1792.64
-1793.19
-1793.75
-1794.3
-1794.86
-1795.41
-1795.97
-1796.52
-1797.08
-1797.63
-1798.19
-1798.74
-1799.3
-1799.86
-1800.41
-1800.97
-1801.52
-1802.08
-1802.63
-1803.19
-1803.74
-1804.3
-1804.86
-1805.41
-1805.97
-1806.52
-1807.08
-1807.64
-1808.19
-1808.75
-1809.3
-1809.86
-1810.42
-1810.97
-1811.53
-1812.08
-1812.64
-1813.2
-1813.75
-1814.31
-1814.87
-1815.42
-1815.98
-1816.54
-1817.09
-1817.65
-1818.21
-1818.76
-1819.32
-1819.88
-1820.43
-1820.99
-1821.55
-1822.1
-1822.66
-1823.22
-1823.77
-1824.33
-1824.89
-1825.45
-1826
-1826.56
-1827.12
-1827.67
-1828.23
-1828.79
-1829.35
-1829.9
-1830.46
-1831.02
-1831.58
-1832.13
-1832.69
-1833.25
-1833.81
-1834.36
-1834.92
-1835.48
-1836.04
-1836.6
-1837.15
-1837.71
-1838.27
-1838.83
-1839.38
-1839.94
-1840.5
-1841.06
-1841.62
-1842.18
-1842.73
-1843.29
-1843.85
-1844.41
-1844.97
-1845.53
-1846.08
-1846.64
-1847.2
-1847.76
-1848.32
-1848.88
-1849.43
-1849.99
-1850.55
-1851.11
-1851.67
-1852.23
-1852.79
-1853.35
-1853.9
-1854.46
-1855.02
-1855.58
-1856.14
-1856.7
-1857.26
-1857.82
-1858.38
-1858.94
-1859.5
-1860.05
-1860.61
-1861.17
-1861.73
-1862.29
-1862.85
-1863.41
-1863.97
-1864.53
-1865.09
-1865.65
-1866.21
-1866.77
-1867.33
-1867.89
-1868.45
-1869.01
-1869.57
-1870.13
-1870.69
-1871.25
-1871.81
-1872.37
-1872.93
-1873.49
-1874.05
-1874.61
-1875.17
-1875.73
-1876.29
-1876.85
-1877.41
-1877.97
-1878.53
-1879.09
-1879.65
-1880.21
-1880.77
-1881.33
-1881.89
-1882.45
-1883.01
-1883.57
-1884.14
-1884.7
-1885.26
-1885.82
-1886.38
-1886.94
-1887.5
-1888.06
-1888.62
-1889.18
-1889.74
-1890.31
-1890.87
-1891.43
-1891.99
-1892.55
-1893.11
-1893.67
-1894.23
-1894.79
-1895.36
-1895.92
-1896.48
-1897.04
-1897.6
-1898.16
-1898.73
-1899.29
-1899.85
-1900.41
-1900.97
-1901.53
-1902.1
-1902.66
-1903.22
-1903.78
-1904.34
-1904.9
-1905.47
-1906.03
-1906.59
-1907.15
-1907.71
-1908.28
-1908.84
-1909.4
-1909.96
-1910.53
-1911.09
-1911.65
-1912.21
-1912.77
-1913.34
-1913.9
-1914.46
-1915.02
-1915.59
-1916.15
-1916.71
-1917.27
-1917.84
-1918.4
-1918.96
-1919.53
-1920.09
-1920.65
-1921.21
-1921.78
-1922.34
-1922.9
-1923.47
-1924.03
-1924.59
-1925.16
-1925.72
-1926.28
-1926.84
-1927.41
-1927.97
-1928.53
-1929.1
-1929.66
-1930.22
-1930.79
-1931.35
-1931.91
-1932.48
-1933.04
-1933.6
-1934.17
-1934.73
-1935.3
-1935.86
-1936.42
-1936.99
-1937.55
-1938.11
-1938.68
-1939.24
-1939.81
-1940.37
-1940.93
-1941.5
-1942.06
-1942.63
-1943.19
-1943.75
-1944.32
-1944.88
-1945.45
-1946.01
-1946.57
-1947.14
-1947.7
-1948.27
-1948.83
-1949.4
-1949.96
-1950.53
-1951.09
-1951.65
-1952.22
-1952.78
-1953.35
-1953.91
-1954.48
-1955.04
-1955.61
-1956.17
-1956.74
-1957.3
-1957.87
-1958.43
-1959
-1959.56
-1960.13
-1960.69
-1961.26
-1961.82
-1962.39
-1962.95
-1963.52
-1964.08
-1964.65
-1965.21
-1965.78
-1966.34
-1966.91
-1967.47
-1968.04
-1968.6
-1969.17
-1969.74
-1970.3
-1970.87
-1971.43
-1972
-1972.56
-1973.13
-1973.69
-1974.26
-1974.83
-1975.39
-1975.96
-1976.52
-1977.09
-1977.66
-1978.22
-1978.79
-1979.35
-1979.92
-1980.49
-1981.05
-1981.62
-1982.18
-1982.75
-1983.32
-1983.88
-1984.45
-1985.01
-1985.58
-1986.15
-1986.71
-1987.28
-1987.85
-1988.41
-1988.98
-1989.55
-1990.11
-1990.68
-1991.25
-1991.81
-1992.38
-1992.95
-1993.51
-1994.08
-1994.65
-1995.21
-1995.78
-1996.35
-1996.91
-1997.48
-1998.05
-1998.61
-1999.18
-1999.75
-2000.32
-2000.88
-2001.45
-2002.02
-2002.58
-2003.15
-2003.72
-2004.29
-2004.85
-2005.42
-2005.99
-2006.55
-2007.12
-2007.69
-2008.26
-2008.82
-2009.39
-2009.96
-2010.53
-2011.09
-2011.66
-2012.23
-2012.8
-2013.37
-2013.93
-2014.5
-2015.07
-2015.64
-2016.2
-2016.77
-2017.34
-2017.91
-2018.48
-2019.04
-2019.61
-2020.18
-2020.75
-2021.32
-2021.88
-2022.45
-2023.02
-2023.59
-2024.16
-2024.73
-2025.29
-2025.86
-2026.43
-2027
-2027.57
-2028.14
-2028.7
-2029.27
-2029.84
-2030.41
-2030.98
-2031.55
-2032.11
-2032.68
-2033.25
-2033.82
-2034.39
-2034.96
-2035.53
-2036.1
-2036.66
-2037.23
-2037.8
-2038.37
-2038.94
-2039.51
-2040.08
-2040.65
-2041.22
-2041.78
-2042.35
-2042.92
-2043.49
-2044.06
-2044.63
-2045.2
-2045.77
-2046.34
-2046.91
-2047.48
-2048.05
-2048.62
-2049.19
-2049.75
-2050.32
-2050.89
-2051.46
-2052.03
-2052.6
-2053.17
-2053.74
-2054.31
-2054.88
-2055.45
-2056.02
-2056.59
-2057.16
-2057.73
-2058.3
-2058.87
-2059.44
-2060.01
-2060.58
-2061.15
-2061.72
-2062.29
-2062.86
-2063.43
-2064
-2064.57
-2065.14
-2065.71
-2066.28
-2066.85
-2067.42
-2067.99
-2068.56
-2069.13
-2069.7
-2070.27
-2070.84
-2071.41
-2071.98
-2072.55
-2073.12
-2073.69
-2074.26
-2074.83
-2075.4
-2075.98
-2076.55
-2077.12
-2077.69
-2078.26
-2078.83
-2079.4
-2079.97
-2080.54
-2081.11
-2081.68
-2082.25
-2082.82
-2083.4
-2083.97
-2084.54
-2085.11
-2085.68
-2086.25
-2086.82
-2087.39
-2087.96
-2088.53
-2089.11
-2089.68
-2090.25
-2090.82
-2091.39
-2091.96
-2092.53
-2093.1
-2093.68
-2094.25
-2094.82
-2095.39
-2095.96
-2096.53
-2097.1
-2097.68
-2098.25
-2098.82
-2099.39
-2099.96
-2100.53
-2101.11
-2101.68
-2102.25
-2102.82
-2103.39
-2103.96
-2104.54
-2105.11
-2105.68
-2106.25
-2106.82
-2107.39
-2107.97
-2108.54
-2109.11
-2109.68
-2110.25
-2110.83
-2111.4
-2111.97
-2112.54
-2113.11
-2113.69
-2114.26
-2114.83
-2115.4
-2115.98
-2116.55
-2117.12
-2117.69
-2118.26
-2118.84
-2119.41
-2119.98
-2120.55
-2121.13
-2121.7
-2122.27
-2122.84
-2123.42
-2123.99
-2124.56
-2125.13
-2125.71
-2126.28
-2126.85
-2127.43
-2128
-2128.57
-2129.14
-2129.72
-2130.29
-2130.86
-2131.43
-2132.01
-2132.58
-2133.15
-2133.73
-2134.3
-2134.87
-2135.45
-2136.02
-2136.59
-2137.16
-2137.74
-2138.31
-2138.88
-2139.46
-2140.03
-2140.6
-2141.18
-2141.75
-2142.32
-2142.9
-2143.47
-2144.04
-2144.62
-2145.19
-2145.76
-2146.34
-2146.91
-2147.48
-2148.06
-2148.63
-2149.2
-2149.78
-2150.35
-2150.92
-2151.5
-2152.07
-2152.64
-2153.22
-2153.79
-2154.37
-2154.94
-2155.51
-2156.09
-2156.66
-2157.23
-2157.81
-2158.38
-2158.96
-2159.53
-2160.1
-2160.68
-2161.25
-2161.83
-2162.4
-2162.97
-2163.55
-2164.12
-2164.7
-2165.27
-2165.84
-2166.42
-2166.99
-2167.57
-2168.14
-2168.71
-2169.29
-2169.86
-2170.44
-2171.01
-2171.59
-2172.16
-2172.73
-2173.31
-2173.88
-2174.46
-2175.03
-2175.61
-2176.18
-2176.75
-2177.33
-2177.9
-2178.48
-2179.05
-2179.63
-2180.2
-2180.78
-2181.35
-2181.93
-2182.5
-2183.08
-2183.65
-2184.22
-2184.8
-2185.37
-2185.95
-2186.52
-2187.1
-2187.67
-2188.25
-2188.82
-2189.4
-2189.97
-2190.55
-2191.12
-2191.7
-2192.27
-2192.85
-2193.42
-2194
-2194.57
-2195.15
-2195.72
-2196.3
-2196.87
-2197.45
-2198.02
-2198.6
-2199.17
-2199.75
-2200.32
-2200.9
-2201.47
-2202.05
-2202.62
-2203.2
-2203.78
-2204.35
-2204.93
-2205.5
-2206.08
-2206.65
-2207.23
-2207.8
-2208.38
-2208.95
-2209.53
-2210.11
-2210.68
-2211.26
-2211.83
-2212.41
-2212.98
-2213.56
-2214.13
-2214.71
-2215.29
-2215.86
-2216.44
-2217.01
-2217.59
-2218.16
-2218.74
-2219.32
-2219.89
-2220.47
-2221.04
-2221.62
-2222.19
-2222.77
-2223.35
-2223.92
-2224.5
-2225.07
-2225.65
-2226.23
-2226.8
-2227.38
-2227.95
-2228.53
-2229.11
-2229.68
-2230.26
-2230.83
-2231.41
-2231.99
-2232.56
-2233.14
-2233.72
-2234.29
-2234.87
-2235.44
-2236.02
-2236.6
-2237.17
-2237.75
-2238.33
-2238.9
-2239.48
-2240.05
-2240.63
-2241.21
-2241.78
-2242.36
-2242.94
-2243.51
-2244.09
-2244.67
-2245.24
-2245.82
-2246.4
-2246.97
-2247.55
-2248.13
-2248.7
-2249.28
-2249.86
-2250.43
-2251.01
-2251.59
-2252.16
-2252.74
-2253.32
-2253.89
-2254.47
-2255.05
-2255.62
-2256.2
-2256.78
-2257.35
-2257.93
-2258.51
-2259.08
-2259.66
-2260.24
-2260.81
-2261.39
-2261.97
-2262.54
-2263.12
-2263.7
-2264.28
-2264.85
-2265.43
-2266.01
-2266.58
-2267.16
-2267.74
-2268.31
-2268.89
-2269.47
-2270.05
-2270.62
-2271.2
-2271.78
-2272.35
-2272.93
-2273.51
-2274.09
-2274.66
-2275.24
-2275.82
-2276.39
-2276.97
-2277.55
-2278.13
-2278.7
-2279.28
-2279.86
-2280.44
-2281.01
-2281.59
-2282.17
-2282.75
-2283.32
-2283.9
-2284.48
-2285.06
-2285.63
-2286.21
-2286.79
-2287.36
-2287.94
-2288.52
-2289.1
-2289.68
-2290.25
-2290.83
-2291.41
-2291.99
-2292.56
-2293.14
-2293.72
-2294.3
-2294.87
-2295.45
-2296.03
-2296.61
-2297.18
-2297.76
-2298.34
-2298.92
-2299.5
-2300.07
-2300.65
-2301.23
-2301.81
-2302.38
-2302.96
-2303.54
-2304.12
-2304.7
-2305.27
-2305.85
-2306.43
-2307.01
-2307.58
-2308.16
-2308.74
-2309.32
-2309.9
-2310.47
-2311.05
-2311.63
-2312.21
-2312.79
-2313.36
-2313.94
-2314.52
-2315.1
-2315.68
-2316.25
-2316.83
-2317.41
-2317.99
-2318.57
-2319.14
-2319.72
-2320.3
-2320.88
-2321.46
-2322.04
-2322.61
-2323.19
-2323.77
-2324.35
-2324.93
-2325.5
-2326.08
-2326.66
-2327.24
-2327.82
-2328.4
-2328.97
-2329.55
-2330.13
-2330.71
-2331.29
-2331.87
-2332.44
-2333.02
-2333.6
-2334.18
-2334.76
-2335.34
-2335.91
-2336.49
-2337.07
-2337.65
-2338.23
-2338.81
-2339.38
-2339.96
-2340.54
-2341.12
-2341.7
-2342.28
-2342.86
-2343.43
-2344.01
-2344.59
-2345.17
-2345.75
-2346.33
-2346.9
-2347.48
-2348.06
-2348.64
-2349.22
-2349.8
-2350.38
-2350.95
-2351.53
-2352.11
-2352.69
-2353.27
-2353.85
-2354.43
-2355.01
-2355.58
-2356.16
-2356.74
-2357.32
-2357.9
-2358.48
-2359.06
-2359.63
-2360.21
-2360.79
-2361.37
-2361.95
-2362.53
-2363.11
-2363.69
-2364.26
-2364.84
-2365.42
-2366
-2366.58
-2367.16
-2367.74
-2368.32
-2368.89
-2369.47
-2370.05
-2370.63
-2371.21
-2371.79
-2372.37
-2372.95
-2373.53
-2374.1
-2374.68
-2375.26
-2375.84
-2376.42
-2377
-2377.58
-2378.16
-2378.74
-2379.31
-2379.89
-2380.47
-2381.05
-2381.63
-2382.21
-2382.79
-2383.37
-2383.95
-2384.52
-2385.1
-2385.68
-2386.26
-2386.84
-2387.42
-2388
-2388.58
-2389.16
-2389.74
-2390.31
-2390.89
-2391.47
-2392.05
-2392.63
-2393.21
-2393.79
-2394.37
-2394.95
-2395.53
-2396.11
-2396.68
-2397.26
-2397.84
-2398.42
-2399
-2399.58
-2400.16
-2400.74
-2401.32
-2401.9
-2402.48
-2403.05
-2403.63
-2404.21
-2404.79
-2405.37
-2405.95
-2406.53
-2407.11
-2407.69
-2408.27
-2408.85
-2409.42
-2410
-2410.58
-2411.16
-2411.74
-2412.32
-2412.9
-2413.48
-2414.06
-2414.64
-2415.22
-2415.8
-2416.37
-2416.95
-2417.53
-2418.11
-2418.69
-2419.27
-2419.85
-2420.43
-2421.01
-2421.59
-2422.17
-2422.75
-2423.33
-2423.9
-2424.48
-2425.06
-2425.64
-2426.22
-2426.8
-2427.38
-2427.96
-2428.54
-2429.12
-2429.7
-2430.28
-2430.85
-2431.43
-2432.01
-2432.59
-2433.17
-2433.75
-2434.33
-2434.91
-2435.49
-2436.07
-2436.65
-2437.23
-2437.81
-2438.39
-2438.96
-2439.54
-2440.12
-2440.7
-2441.28
-2441.86
-2442.44
-2443.02
-2443.6
-2444.18
-2444.76
-2445.34
-2445.92
-2446.49
-2447.07
-2447.65
-2448.23
-2448.81
-2449.39
-2449.97
-2450.55
-2451.13
-2451.71
-2452.29
-2452.87
-2453.45
-2454.02
-2454.6
-2455.18
-2455.76
-2456.34
-2456.92
-2457.5
-2458.08
-2458.66
-2459.24
-2459.82
-2460.4
-2460.98
-2461.56
-2462.13
-2462.71
-2463.29
-2463.87
-2464.45
-2465.03
-2465.61
-2466.19
-2466.77
-2467.35
-2467.93
-2468.51
-2469.08
-2469.66
-2470.24
-2470.82
-2471.4
-2471.98
-2472.56
-2473.14
-2473.72
-2474.3
-2474.88
-2475.46
-2476.04
-2476.61
-2477.19
-2477.77
-2478.35
-2478.93
-2479.51
-2480.09
-2480.67
-2481.25
-2481.83
-2482.41
-2482.99
-2483.56
-2484.14
-2484.72
-2485.3
-2485.88
-2486.46
-2487.04
-2487.62
-2488.2
-2488.78
-2489.36
-2489.94
-2490.51
-2491.09
-2491.67
-2492.25
-2492.83
-2493.41
-2493.99
-2494.57
-2495.15
-2495.73
-2496.31
-2496.88
-2497.46
-2498.04
-2498.62
-2499.2
-2499.78
-2500.36
-2500.94
-2501.52
-2502.1
-2502.67
-2503.25
-2503.83
-2504.41
-2504.99
-2505.57
-2506.15
-2506.73
-2507.31
-2507.89
-2508.46
-2509.04
-2509.62
-2510.2
-2510.78
-2511.36
-2511.94
-2512.52
-2513.1
-2513.68
-2514.25
-2514.83
-2515.41
-2515.99
-2516.57
-2517.15
-2517.73
-2518.31
-2518.89
-2519.46
-2520.04
-2520.62
-2521.2
-2521.78
-2522.36
-2522.94
-2523.52
-2524.09
-2524.67
-2525.25
-2525.83
-2526.41
-2526.99
-2527.57
-2528.15
-2528.73
-2529.3
-2529.88
-2530.46
-2531.04
-2531.62
-2532.2
-2532.78
-2533.35
-2533.93
-2534.51
-2535.09
-2535.67
-2536.25
-2536.83
-2537.41
-2537.98
-2538.56
-2539.14
-2539.72
-2540.3
-2540.88
-2541.46
-2542.03
-2542.61
-2543.19
-2543.77
-2544.35
-2544.93
-2545.51
-2546.08
-2546.66
-2547.24
-2547.82
-2548.4
-2548.98
-2549.55
-2550.13
-2550.71
-2551.29
-2551.87
-2552.45
-2553.03
-2553.6
-2554.18
-2554.76
-2555.34
-2555.92
-2556.5
-2557.07
-2557.65
-2558.23
-2558.81
-2559.39
-2559.97
-2560.54
-2561.12
-2561.7
-2562.28
-2562.86
-2563.43
-2564.01
-2564.59
-2565.17
-2565.75
-2566.33
-2566.9
-2567.48
-2568.06
-2568.64
-2569.22
-2569.79
-2570.37
-2570.95
-2571.53
-2572.11
-2572.68
-2573.26
-2573.84
-2574.42
-2575
-2575.57
-2576.15
-2576.73
-2577.31
-2577.89
-2578.46
-2579.04
-2579.62
-2580.2
-2580.78
-2581.35
-2581.93
-2582.51
-2583.09
-2583.66
-2584.24
-2584.82
-2585.4
-2585.98
-2586.55
-2587.13
-2587.71
-2588.29
-2588.86
-2589.44
-2590.02
-2590.6
-2591.17
-2591.75
-2592.33
-2592.91
-2593.49
-2594.06
-2594.64
-2595.22
-2595.8
-2596.37
-2596.95
-2597.53
-2598.11
-2598.68
-2599.26
-2599.84
-2600.42
-2600.99
-2601.57
-2602.15
-2602.72
-2603.3
-2603.88
-2604.46
-2605.03
-2605.61
-2606.19
-2606.77
-2607.34
-2607.92
-2608.5
-2609.07
-2609.65
-2610.23
-2610.81
-2611.38
-2611.96
-2612.54
-2613.11
-2613.69
-2614.27
-2614.85
-2615.42
-2616
-2616.58
-2617.15
-2617.73
-2618.31
-2618.88
-2619.46
-2620.04
-2620.61
-2621.19
-2621.77
-2622.34
-2622.92
-2623.5
-2624.08
-2624.65
-2625.23
-2625.81
-2626.38
-2626.96
-2627.54
-2628.11
-2628.69
-2629.27
-2629.84
-2630.42
-2630.99
-2631.57
-2632.15
-2632.72
-2633.3
-2633.88
-2634.45
-2635.03
-2635.61
-2636.18
-2636.76
-2637.34
-2637.91
-2638.49
-2639.06
-2639.64
-2640.22
-2640.79
-2641.37
-2641.95
-2642.52
-2643.1
-2643.67
-2644.25
-2644.83
-2645.4
-2645.98
-2646.55
-2647.13
-2647.71
-2648.28
-2648.86
-2649.43
-2650.01
-2650.59
-2651.16
-2651.74
-2652.31
-2652.89
-2653.47
-2654.04
-2654.62
-2655.19
-2655.77
-2656.34
-2656.92
-2657.5
-2658.07
-2658.65
-2659.22
-2659.8
-2660.37
-2660.95
-2661.52
-2662.1
-2662.68
-2663.25
-2663.83
-2664.4
-2664.98
-2665.55
-2666.13
-2666.7
-2667.28
-2667.85
-2668.43
-2669
-2669.58
-2670.15
-2670.73
-2671.3
-2671.88
-2672.45
-2673.03
-2673.6
-2674.18
-2674.75
-2675.33
-2675.9
-2676.48
-2677.05
-2677.63
-2678.2
-2678.78
-2679.35
-2679.93
-2680.5
-2681.08
-2681.65
-2682.23
-2682.8
-2683.38
-2683.95
-2684.53
-2685.1
-2685.68
-2686.25
-2686.82
-2687.4
-2687.97
-2688.55
-2689.12
-2689.7
-2690.27
-2690.85
-2691.42
-2691.99
-2692.57
-2693.14
-2693.72
-2694.29
-2694.86
-2695.44
-2696.01
-2696.59
-2697.16
-2697.74
-2698.31
-2698.88
-2699.46
-2700.03
-2700.6
-2701.18
-2701.75
-2702.33
-2702.9
-2703.47
-2704.05
-2704.62
-2705.2
-2705.77
-2706.34
-2706.92
-2707.49
-2708.06
-2708.64
-2709.21
-2709.78
-2710.36
-2710.93
-2711.5
-2712.08
-2712.65
-2713.22
-2713.8
-2714.37
-2714.94
-2715.52
-2716.09
-2716.66
-2717.24
-2717.81
-2718.38
-2718.96
-2719.53
-2720.1
-2720.67
-2721.25
-2721.82
-2722.39
-2722.97
-2723.54
-2724.11
-2724.68
-2725.26
-2725.83
-2726.4
-2726.97
-2727.55
-2728.12
-2728.69
-2729.26
-2729.84
-2730.41
-2730.98
-2731.55
-2732.13
-2732.7
-2733.27
-2733.84
-2734.42
-2734.99
-2735.56
-2736.13
-2736.7
-2737.28
-2737.85
-2738.42
-2738.99
-2739.56
-2740.14
-2740.71
-2741.28
-2741.85
-2742.42
-2743
-2743.57
-2744.14
-2744.71
-2745.28
-2745.85
-2746.43
-2747
-2747.57
-2748.14
-2748.71
-2749.28
-2749.85
-2750.43
-2751
-2751.57
-2752.14
-2752.71
-2753.28
-2753.85
-2754.42
-2755
-2755.57
-2756.14
-2756.71
-2757.28
-2757.85
-2758.42
-2758.99
-2759.56
-2760.13
-2760.7
-2761.28
-2761.85
-2762.42
-2762.99
-2763.56
-2764.13
-2764.7
-2765.27
-2765.84
-2766.41
-2766.98
-2767.55
-2768.12
-2768.69
-2769.26
-2769.83
-2770.4
-2770.97
-2771.54
-2772.11
-2772.68
-2773.25
-2773.82
-2774.39
-2774.96
-2775.53
-2776.1
-2776.67
-2777.24
-2777.81
-2778.38
-2778.95
-2779.52
-2780.09
-2780.66
-2781.23
-2781.8
-2782.37
-2782.94
-2783.51
-2784.08
-2784.64
-2785.21
-2785.78
-2786.35
-2786.92
-2787.49
-2788.06
-2788.63
-2789.2
-2789.77
-2790.33
-2790.9
-2791.47
-2792.04
-2792.61
-2793.18
-2793.75
-2794.32
-2794.88
-2795.45
-2796.02
-2796.59
-2797.16
-2797.73
-2798.3
-2798.86
-2799.43
-2800
-2800.57
-2801.14
-2801.7
-2802.27
-2802.84
-2803.41
-2803.98
-2804.54
-2805.11
-2805.68
-2806.25
-2806.82
-2807.38
-2807.95
-2808.52
-2809.09
-2809.65
-2810.22
-2810.79
-2811.36
-2811.92
-2812.49
-2813.06
-2813.63
-2814.19
-2814.76
-2815.33
-2815.89
-2816.46
-2817.03
-2817.6
-2818.16
-2818.73
-2819.3
-2819.86
-2820.43
-2821
-2821.56
-2822.13
-2822.7
-2823.26
-2823.83
-2824.4
-2824.96
-2825.53
-2826.09
-2826.66
-2827.23
-2827.79
-2828.36
-2828.93
-2829.49
-2830.06
-2830.62
-2831.19
-2831.76
-2832.32
-2832.89
-2833.45
-2834.02
-2834.58
-2835.15
-2835.72
-2836.28
-2836.85
-2837.41
-2837.98
-2838.54
-2839.11
-2839.67
-2840.24
-2840.8
-2841.37
-2841.93
-2842.5
-2843.06
-2843.63
-2844.19
-2844.76
-2845.32
-2845.89
-2846.45
-2847.02
-2847.58
-2848.15
-2848.71
-2849.28
-2849.84
-2850.4
-2850.97
-2851.53
-2852.1
-2852.66
-2853.23
-2853.79
-2854.35
-2854.92
-2855.48
-2856.05
-2856.61
-2857.17
-2857.74
-2858.3
-2858.86
-2859.43
-2859.99
-2860.56
-2861.12
-2861.68
-2862.25
-2862.81
-2863.37
-2863.94
-2864.5
-2865.06
-2865.62
-2866.19
-2866.75
-2867.31
-2867.88
-2868.44
-2869
-2869.57
-2870.13
-2870.69
-2871.25
-2871.82
-2872.38
-2872.94
-2873.5
-2874.07
-2874.63
-2875.19
-2875.75
-2876.31
-2876.88
-2877.44
-2878
-2878.56
-2879.12
-2879.69
-2880.25
-2880.81
-2881.37
-2881.93
-2882.49
-2883.06
-2883.62
-2884.18
-2884.74
-2885.3
-2885.86
-2886.42
-2886.98
-2887.55
-2888.11
-2888.67
-2889.23
-2889.79
-2890.35
-2890.91
-2891.47
-2892.03
-2892.59
-2893.15
-2893.71
-2894.27
-2894.84
-2895.4
-2895.96
-2896.52
-2897.08
-2897.64
-2898.2
-2898.76
-2899.32
-2899.88
-2900.44
-2901
-2901.56
-2902.12
-2902.67
-2903.23
-2903.79
-2904.35
-2904.91
-2905.47
-2906.03
-2906.59
-2907.15
-2907.71
-2908.27
-2908.83
-2909.39
-2909.94
-2910.5
-2911.06
-2911.62
-2912.18
-2912.74
-2913.3
-2913.86
-2914.41
-2914.97
-2915.53
-2916.09
-2916.65
-2917.21
-2917.76
-2918.32
-2918.88
-2919.44
-2920
-2920.55
-2921.11
-2921.67
-2922.23
-2922.78
-2923.34
-2923.9
-2924.46
-2925.01
-2925.57
-2926.13
-2926.68
-2927.24
-2927.8
-2928.36
-2928.91
-2929.47
-2930.03
-2930.58
-2931.14
-2931.7
-2932.25
-2932.81
-2933.37
-2933.92
-2934.48
-2935.03
-2935.59
-2936.15
-2936.7
-2937.26
-2937.82
-2938.37
-2938.93
-2939.48
-2940.04
-2940.59
-2941.15
-2941.7
-2942.26
-2942.82
-2943.37
-2943.93
-2944.48
-2945.04
-2945.59
-2946.15
-2946.7
-2947.26
-2947.81
-2948.37
-2948.92
-2949.48
-2950.03
-2950.58
-2951.14
-2951.69
-2952.25
-2952.8
-2953.36
-2953.91
-2954.46
-2955.02
-2955.57
-2956.13
-2956.68
-2957.23
-2957.79
-2958.34
-2958.89
-2959.45
-2960
-2960.55
-2961.11
-2961.66
-2962.21
-2962.77
-2963.32
-2963.87
-2964.43
-2964.98
-2965.53
-2966.08
-2966.64
-2967.19
-2967.74
-2968.29
-2968.85
-2969.4
-2969.95
-2970.5
-2971.05
-2971.61
-2972.16
-2972.71
-2973.26
-2973.81
-2974.36
-2974.92
-2975.47
-2976.02
-2976.57
-2977.12
-2977.67
-2978.22
-2978.78
-2979.33
-2979.88
-2980.43
-2980.98
-2981.53
-2982.08
-2982.63
-2983.18
-2983.73
-2984.28
-2984.83
-2985.38
-2985.93
-2986.48
-2987.03
-2987.58
-2988.13
-2988.68
-2989.23
-2989.78
-2990.33
-2990.88
-2991.43
-2991.98
-2992.53
-2993.08
-2993.63
-2994.18
-2994.73
-2995.27
-2995.82
-2996.37
-2996.92
-2997.47
-2998.02
-2998.57
-2999.12
-2999.66
-3000.21
-3000.76
-3001.31
-3001.86
-3002.4
-3002.95
-3003.5
-3004.05
-3004.6
-3005.14
-3005.69
-3006.24
-3006.79
-3007.33
-3007.88
-3008.43
-3008.97
-3009.52
-3010.07
-3010.62
-3011.16
-3011.71
-3012.26
-3012.8
-3013.35
-3013.89
-3014.44
-3014.99
-3015.53
-3016.08
-3016.63
-3017.17
-3017.72
-3018.26
-3018.81
-3019.35
-3019.9
-3020.45
-3020.99
-3021.54
-3022.08
-3022.63
-3023.17
-3023.72
-3024.26
-3024.81
-3025.35
-3025.9
-3026.44
-3026.98
-3027.53
-3028.07
-3028.62
-3029.16
-3029.71
-3030.25
-3030.79
-3031.34
-3031.88
-3032.43
-3032.97
-3033.51
-3034.06
-3034.6
-3035.14
-3035.69
-3036.23
-3036.77
-3037.32
-3037.86
-3038.4
-3038.94
-3039.49
-3040.03
-3040.57
-3041.11
-3041.66
-3042.2
-3042.74
-3043.28
-3043.83
-3044.37
-3044.91
-3045.45
-3045.99
-3046.53
-3047.08
-3047.62
-3048.16
-3048.7
-3049.24
-3049.78
-3050.32
-3050.86
-3051.4
-3051.95
-3052.49
-3053.03
-3053.57
-3054.11
-3054.65
-3055.19
-3055.73
-3056.27
-3056.81
-3057.35
-3057.89
-3058.43
-3058.97
-3059.51
-3060.05
-3060.59
-3061.12
-3061.66
-3062.2
-3062.74
-3063.28
-3063.82
-3064.36
-3064.9
-3065.44
-3065.97
-3066.51
-3067.05
-3067.59
-3068.13
-3068.67
-3069.2
-3069.74
-3070.28
-3070.82
-3071.35
-3071.89
-3072.43
-3072.97
-3073.5
-3074.04
-3074.58
-3075.12
-3075.65
-3076.19
-3076.73
-3077.26
-3077.8
-3078.34
-3078.87
-3079.41
-3079.94
-3080.48
-3081.02
-3081.55
-3082.09
-3082.62
-3083.16
-3083.69
-3084.23
-3084.77
-3085.3
-3085.84
-3086.37
-3086.91
-3087.44
-3087.98
-3088.51
-3089.04
-3089.58
-3090.11
-3090.65
-3091.18
-3091.72
-3092.25
-3092.78
-3093.32
-3093.85
-3094.39
-3094.92
-3095.45
-3095.99
-3096.52
-3097.05
-3097.59
-3098.12
-3098.65
-3099.18
-3099.72
-3100.25
-3100.78
-3101.31
-3101.85
-3102.38
-3102.91
-3103.44
-3103.98
-3104.51
-3105.04
-3105.57
-3106.1
-3106.63
-3107.16
-3107.7
-3108.23
-3108.76
-3109.29
-3109.82
-3110.35
-3110.88
-3111.41
-3111.94
-3112.47
-3113
-3113.53
-3114.06
-3114.59
-3115.12
-3115.65
-3116.18
-3116.71
-3117.24
-3117.77
-3118.3
-3118.83
-3119.36
-3119.89
-3120.42
-3120.94
-3121.47
-3122
-3122.53
-3123.06
-3123.59
-3124.12
-3124.64
-3125.17
-3125.7
-3126.23
-3126.75
-3127.28
-3127.81
-3128.34
-3128.86
-3129.39
-3129.92
-3130.44
-3130.97
-3131.5
-3132.02
-3132.55
-3133.08
-3133.6
-3134.13
-3134.66
-3135.18
-3135.71
-3136.23
-3136.76
-3137.29
-3137.81
-3138.34
-3138.86
-3139.39
-3139.91
-3140.44
-3140.96
-3141.49
-3142.01
-3142.53
-3143.06
-3143.58
-3144.11
-3144.63
-3145.16
-3145.68
-3146.2
-3146.73
-3147.25
-3147.77
-3148.3
-3148.82
-3149.34
-3149.87
-3150.39
-3150.91
-3151.43
-3151.96
-3152.48
-3153
-3153.52
-3154.05
-3154.57
-3155.09
-3155.61
-3156.13
-3156.65
-3157.18
-3157.7
-3158.22
-3158.74
-3159.26
-3159.78
-3160.3
-3160.82
-3161.34
-3161.86
-3162.38
-3162.9
-3163.42
-3163.94
-3164.46
-3164.98
-3165.5
-3166.02
-3166.54
-3167.06
-3167.58
-3168.1
-3168.62
-3169.14
-3169.66
-3170.17
-3170.69
-3171.21
-3171.73
-3172.25
-3172.77
-3173.28
-3173.8
-3174.32
-3174.84
-3175.35
-3175.87
-3176.39
-3176.91
-3177.42
-3177.94
-3178.46
-3178.97
-3179.49
-3180.01
-3180.52
-3181.04
-3181.55
-3182.07
-3182.59
-3183.1
-3183.62
-3184.13
-3184.65
-3185.16
-3185.68
-3186.19
-3186.71
-3187.22
-3187.74
-3188.25
-3188.77
-3189.28
-3189.8
-3190.31
-3190.82
-3191.34
-3191.85
-3192.36
-3192.88
-3193.39
-3193.9
-3194.42
-3194.93
-3195.44
-3195.96
-3196.47
-3196.98
-3197.49
-3198
-3198.52
-3199.03
-3199.54
-3200.05
-3200.56
-3201.08
-3201.59
-3202.1
-3202.61
-3203.12
-3203.63
-3204.14
-3204.65
-3205.16
-3205.67
-3206.18
-3206.69
-3207.2
-3207.71
-3208.22
-3208.73
-3209.24
-3209.75
-3210.26
-3210.77
-3211.28
-3211.79
-3212.3
-3212.8
-3213.31
-3213.82
-3214.33
-3214.84
-3215.34
-3215.85
-3216.36
-3216.87
-3217.37
-3217.88
-3218.39
-3218.9
-3219.4
-3219.91
-3220.42
-3220.92
-3221.43
-3221.94
-3222.44
-3222.95
-3223.45
-3223.96
-3224.46
-3224.97
-3225.48
-3225.98
-3226.49
-3226.99
-3227.5
-3228
-3228.5
-3229.01
-3229.51
-3230.02
-3230.52
-3231.03
-3231.53
-3232.03
-3232.54
-3233.04
-3233.54
-3234.05
-3234.55
-3235.05
-3235.55
-3236.06
-3236.56
-3237.06
-3237.56
-3238.07
-3238.57
-3239.07
-3239.57
-3240.07
-3240.57
-3241.07
-3241.58
-3242.08
-3242.58
-3243.08
-3243.58
-3244.08
-3244.58
-3245.08
-3245.58
-3246.08
-3246.58
-3247.08
-3247.58
-3248.08
-3248.58
-3249.07
-3249.57
-3250.07
-3250.57
-3251.07
-3251.57
-3252.06
-3252.56
-3253.06
-3253.56
-3254.06
-3254.55
-3255.05
-3255.55
-3256.04
-3256.54
-3257.04
-3257.53
-3258.03
-3258.53
-3259.02
-3259.52
-3260.02
-3260.51
-3261.01
-3261.5
-3262
-3262.49
-3262.99
-3263.48
-3263.98
-3264.47
-3264.97
-3265.46
-3265.95
-3266.45
-3266.94
-3267.44
-3267.93
-3268.42
-3268.92
-3269.41
-3269.9
-3270.39
-3270.89
-3271.38
-3271.87
-3272.36
-3272.86
-3273.35
-3273.84
-3274.33
-3274.82
-3275.31
-3275.81
-3276.3
-3276.79
-3277.28
-3277.77
-3278.26
-3278.75
-3279.24
-3279.73
-3280.22
-3280.71
-3281.2
-3281.69
-3282.18
-3282.67
-3283.16
-3283.64
-3284.13
-3284.62
-3285.11
-3285.6
-3286.09
-3286.57
-3287.06
-3287.55
-3288.04
-3288.52
-3289.01
-3289.5
-3289.98
-3290.47
-3290.96
-3291.44
-3291.93
-3292.42
-3292.9
-3293.39
-3293.87
-3294.36
-3294.84
-3295.33
-3295.81
-3296.3
-3296.78
-3297.27
-3297.75
-3298.24
-3298.72
-3299.2
-3299.69
-3300.17
-3300.65
-3301.14
-3301.62
-3302.1
-3302.59
-3303.07
-3303.55
-3304.03
-3304.52
-3305
-3305.48
-3305.96
-3306.44
-3306.92
-3307.41
-3307.89
-3308.37
-3308.85
-3309.33
-3309.81
-3310.29
-3310.77
-3311.25
-3311.73
-3312.21
-3312.69
-3313.17
-3313.65
-3314.12
-3314.6
-3315.08
-3315.56
-3316.04
-3316.52
-3316.99
-3317.47
-3317.95
-3318.43
-3318.9
-3319.38
-3319.86
-3320.33
-3320.81
-3321.29
-3321.76
-3322.24
-3322.72
-3323.19
-3323.67
-3324.14
-3324.62
-3325.09
-3325.57
-3326.04
-3326.52
-3326.99
-3327.47
-3327.94
-3328.41
-3328.89
-3329.36
-3329.83
-3330.31
-3330.78
-3331.25
-3331.73
-3332.2
-3332.67
-3333.14
-3333.61
-3334.09
-3334.56
-3335.03
-3335.5
-3335.97
-3336.44
-3336.91
-3337.38
-3337.86
-3338.33
-3338.8
-3339.27
-3339.74
-3340.2
-3340.67
-3341.14
-3341.61
-3342.08
-3342.55
-3343.02
-3343.49
-3343.96
-3344.42
-3344.89
-3345.36
-3345.83
-3346.29
-3346.76
-3347.23
-3347.69
-3348.16
-3348.63
-3349.09
-3349.56
-3350.03
-3350.49
-3350.96
-3351.42
-3351.89
-3352.35
-3352.82
-3353.28
-3353.75
-3354.21
-3354.67
-3355.14
-3355.6
-3356.07
-3356.53
-3356.99
-3357.46
-3357.92
-3358.38
-3358.84
-3359.31
-3359.77
-3360.23
-3360.69
-3361.15
-3361.61
-3362.08
-3362.54
-3363
-3363.46
-3363.92
-3364.38
-3364.84
-3365.3
-3365.76
-3366.22
-3366.68
-3367.14
-3367.6
-3368.05
-3368.51
-3368.97
-3369.43
-3369.89
-3370.35
-3370.8
-3371.26
-3371.72
-3372.18
-3372.63
-3373.09
-3373.55
-3374
-3374.46
-3374.91
-3375.37
-3375.83
-3376.28
-3376.74
-3377.19
-3377.65
-3378.1
-3378.55
-3379.01
-3379.46
-3379.92
-3380.37
-3380.82
-3381.28
-3381.73
-3382.18
-3382.64
-3383.09
-3383.54
-3383.99
-3384.44
-3384.9
-3385.35
-3385.8
-3386.25
-3386.7
-3387.15
-3387.6
-3388.05
-3388.5
-3388.95
-3389.4
-3389.85
-3390.3
-3390.75
-3391.2
-3391.65
-3392.1
-3392.55
-3392.99
-3393.44
-3393.89
-3394.34
-3394.79
-3395.23
-3395.68
-3396.13
-3396.57
-3397.02
-3397.47
-3397.91
-3398.36
-3398.8
-3399.25
-3399.69
-3400.14
-3400.58
-3401.03
-3401.47
-3401.92
-3402.36
-3402.8
-3403.25
-3403.69
-3404.13
-3404.58
-3405.02
-3405.46
-3405.91
-3406.35
-3406.79
-3407.23
-3407.67
-3408.11
-3408.56
-3409
-3409.44
-3409.88
-3410.32
-3410.76
-3411.2
-3411.64
-3412.08
-3412.52
-3412.95
-3413.39
-3413.83
-3414.27
-3414.71
-3415.15
-3415.58
-3416.02
-3416.46
-3416.9
-3417.33
-3417.77
-3418.21
-3418.64
-3419.08
-3419.52
-3419.95
-3420.39
-3420.82
-3421.26
-3421.69
-3422.13
-3422.56
-3422.99
-3423.43
-3423.86
-3424.3
-3424.73
-3425.16
-3425.6
-3426.03
-3426.46
-3426.89
-3427.32
-3427.76
-3428.19
-3428.62
-3429.05
-3429.48
-3429.91
-3430.34
-3430.77
-3431.2
-3431.63
-3432.06
-3432.49
-3432.92
-3433.35
-3433.78
-3434.21
-3434.64
-3435.06
-3435.49
-3435.92
-3436.35
-3436.77
-3437.2
-3437.63
-3438.05
-3438.48
-3438.91
-3439.33
-3439.76
-3440.18
-3440.61
-3441.03
-3441.46
-3441.88
-3442.31
-3442.73
-3443.16
-3443.58
-3444
-3444.43
-3444.85
-3445.27
-3445.69
-3446.12
-3446.54
-3446.96
-3447.38
-3447.8
-3448.22
-3448.65
-3449.07
-3449.49
-3449.91
-3450.33
-3450.75
-3451.17
-3451.59
-3452
-3452.42
-3452.84
-3453.26
-3453.68
-3454.1
-3454.51
-3454.93
-3455.35
-3455.77
-3456.18
-3456.6
-3457.02
-3457.43
-3457.85
-3458.26
-3458.68
-3459.09
-3459.51
-3459.92
-3460.34
-3460.75
-3461.17
-3461.58
-3461.99
-3462.41
-3462.82
-3463.23
-3463.64
-3464.06
-3464.47
-3464.88
-3465.29
-3465.7
-3466.11
-3466.52
-3466.94
-3467.35
-3467.76
-3468.17
-3468.58
-3468.98
-3469.39
-3469.8
-3470.21
-3470.62
-3471.03
-3471.44
-3471.84
-3472.25
-3472.66
-3473.07
-3473.47
-3473.88
-3474.28
-3474.69
-3475.1
-3475.5
-3475.91
-3476.31
-3476.72
-3477.12
-3477.53
-3477.93
-3478.33
-3478.74
-3479.14
-3479.54
-3479.95
-3480.35
-3480.75
-3481.15
-3481.55
-3481.96
-3482.36
-3482.76
-3483.16
-3483.56
-3483.96
-3484.36
-3484.76
-3485.16
-3485.56
-3485.96
-3486.36
-3486.75
-3487.15
-3487.55
-3487.95
-3488.35
-3488.74
-3489.14
-3489.54
-3489.93
-3490.33
-3490.73
-3491.12
-3491.52
-3491.91
-3492.31
-3492.7
-3493.1
-3493.49
-3493.88
-3494.28
-3494.67
-3495.06
-3495.46
-3495.85
-3496.24
-3496.63
-3497.03
-3497.42
-3497.81
-3498.2
-3498.59
-3498.98
-3499.37
-3499.76
-3500.15
-3500.54
-3500.93
-3501.32
-3501.71
-3502.1
-3502.48
-3502.87
-3503.26
-3503.65
-3504.03
-3504.42
-3504.81
-3505.19
-3505.58
-3505.97
-3506.35
-3506.74
-3507.12
-3507.51
-3507.89
-3508.27
-3508.66
-3509.04
-3509.43
-3509.81
-3510.19
-3510.57
-3510.96
-3511.34
-3511.72
-3512.1
-3512.48
-3512.86
-3513.24
-3513.62
-3514
-3514.38
-3514.76
-3515.14
-3515.52
-3515.9
-3516.28
-3516.66
-3517.03
-3517.41
-3517.79
-3518.17
-3518.54
-3518.92
-3519.3
-3519.67
-3520.05
-3520.42
-3520.8
-3521.17
-3521.55
-3521.92
-3522.3
-3522.67
-3523.04
-3523.42
-3523.79
-3524.16
-3524.53
-3524.91
-3525.28
-3525.65
-3526.02
-3526.39
-3526.76
-3527.13
-3527.5
-3527.87
-3528.24
-3528.61
-3528.98
-3529.35
-3529.72
-3530.08
-3530.45
-3530.82
-3531.19
-3531.55
-3531.92
-3532.29
-3532.65
-3533.02
-3533.38
-3533.75
-3534.11
-3534.48
-3534.84
-3535.21
-3535.57
-3535.93
-3536.3
-3536.66
-3537.02
-3537.39
-3537.75
-3538.11
-3538.47
-3538.83
-3539.19
-3539.55
-3539.91
-3540.27
-3540.63
-3540.99
-3541.35
-3541.71
-3542.07
-3542.43
-3542.78
-3543.14
-3543.5
-3543.86
-3544.21
-3544.57
-3544.92
-3545.28
-3545.64
-3545.99
-3546.35
-3546.7
-3547.05
-3547.41
-3547.76
-3548.12
-3548.47
-3548.82
-3549.17
-3549.53
-3549.88
-3550.23
-3550.58
-3550.93
-3551.28
-3551.63
-3551.98
-3552.33
-3552.68
-3553.03
-3553.38
-3553.73
-3554.08
-3554.42
-3554.77
-3555.12
-3555.46
-3555.81
-3556.16
-3556.5
-3556.85
-3557.19
-3557.54
-3557.88
-3558.23
-3558.57
-3558.92
-3559.26
-3559.6
-3559.95
-3560.29
-3560.63
-3560.97
-3561.31
-3561.66
-3562
-3562.34
-3562.68
-3563.02
-3563.36
-3563.7
-3564.04
-3564.37
-3564.71
-3565.05
-3565.39
-3565.73
-3566.06
-3566.4
-3566.74
-3567.07
-3567.41
-3567.74
-3568.08
-3568.41
-3568.75
-3569.08
-3569.42
-3569.75
-3570.08
-3570.42
-3570.75
-3571.08
-3571.41
-3571.75
-3572.08
-3572.41
-3572.74
-3573.07
-3573.4
-3573.73
-3574.06
-3574.39
-3574.72
-3575.04
-3575.37
-3575.7
-3576.03
-3576.35
-3576.68
-3577.01
-3577.33
-3577.66
-3577.99
-3578.31
-3578.63
-3578.96
-3579.28
-3579.61
-3579.93
-3580.25
-3580.58
-3580.9
-3581.22
-3581.54
-3581.86
-3582.19
-3582.51
-3582.83
-3583.15
-3583.47
-3583.79
-3584.1
-3584.42
-3584.74
-3585.06
-3585.38
-3585.69
-3586.01
-3586.33
-3586.64
-3586.96
-3587.28
-3587.59
-3587.91
-3588.22
-3588.53
-3588.85
-3589.16
-3589.48
-3589.79
-3590.1
-3590.41
-3590.72
-3591.04
-3591.35
-3591.66
-3591.97
-3592.28
-3592.59
-3592.9
-3593.21
-3593.52
-3593.82
-3594.13
-3594.44
-3594.75
-3595.05
-3595.36
-3595.67
-3595.97
-3596.28
-3596.58
-3596.89
-3597.19
-3597.5
-3597.8
-3598.1
-3598.41
-3598.71
-3599.01
-3599.31
-3599.61
-3599.92
-3600.22
-3600.52
-3600.82
-3601.12
-3601.42
-3601.72
-3602.01
-3602.31
-3602.61
-3602.91
-3603.21
-3603.5
-3603.8
-3604.1
-3604.39
-3604.69
-3604.98
-3605.28
-3605.57
-3605.86
-3606.16
-3606.45
-3606.74
-3607.04
-3607.33
-3607.62
-3607.91
-3608.2
-3608.49
-3608.78
-3609.07
-3609.36
-3609.65
-3609.94
-3610.23
-3610.52
-3610.81
-3611.09
-3611.38
-3611.67
-3611.95
-3612.24
-3612.52
-3612.81
-3613.09
-3613.38
-3613.66
-3613.94
-3614.23
-3614.51
-3614.79
-3615.08
-3615.36
-3615.64
-3615.92
-3616.2
-3616.48
-3616.76
-3617.04
-3617.32
-3617.6
-3617.87
-3618.15
-3618.43
-3618.71
-3618.98
-3619.26
-3619.54
-3619.81
-3620.09
-3620.36
-3620.63
-3620.91
-3621.18
-3621.46
-3621.73
-3622
-3622.27
-3622.54
-3622.82
-3623.09
-3623.36
-3623.63
-3623.9
-3624.17
-3624.43
-3624.7
-3624.97
-3625.24
-3625.51
-3625.77
-3626.04
-3626.31
-3626.57
-3626.84
-3627.1
-3627.37
-3627.63
-3627.89
-3628.16
-3628.42
-3628.68
-3628.94
-3629.21
-3629.47
-3629.73
-3629.99
-3630.25
-3630.51
-3630.77
-3631.03
-3631.28
-3631.54
-3631.8
-3632.06
-3632.31
-3632.57
-3632.83
-3633.08
-3633.34
-3633.59
-3633.85
-3634.1
-3634.35
-3634.61
-3634.86
-3635.11
-3635.36
-3635.62
-3635.87
-3636.12
-3636.37
-3636.62
-3636.87
-3637.12
-3637.36
-3637.61
-3637.86
-3638.11
-3638.35
-3638.6
-3638.85
-3639.09
-3639.34
-3639.58
-3639.83
-3640.07
-3640.31
-3640.56
-3640.8
-3641.04
-3641.28
-3641.53
-3641.77
-3642.01
-3642.25
-3642.49
-3642.73
-3642.96
-3643.2
-3643.44
-3643.68
-3643.92
-3644.15
-3644.39
-3644.62
-3644.86
-3645.09
-3645.33
-3645.56
-3645.8
-3646.03
-3646.26
-3646.5
-3646.73
-3646.96
-3647.19
-3647.42
-3647.65
-3647.88
-3648.11
-3648.34
-3648.57
-3648.79
-3649.02
-3649.25
-3649.48
-3649.7
-3649.93
-3650.15
-3650.38
-3650.6
-3650.83
-3651.05
-3651.27
-3651.5
-3651.72
-3651.94
-3652.16
-3652.38
-3652.6
-3652.82
-3653.04
-3653.26
-3653.48
-3653.7
-3653.91
-3654.13
-3654.35
-3654.57
-3654.78
-3655
-3655.21
-3655.43
-3655.64
-3655.85
-3656.07
-3656.28
-3656.49
-3656.7
-3656.91
-3657.13
-3657.34
-3657.55
-3657.76
-3657.96
-3658.17
-3658.38
-3658.59
-3658.8
-3659
-3659.21
-3659.41
-3659.62
-3659.82
-3660.03
-3660.23
-3660.44
-3660.64
-3660.84
-3661.04
-3661.25
-3661.45
-3661.65
-3661.85
-3662.05
-3662.25
-3662.44
-3662.64
-3662.84
-3663.04
-3663.23
-3663.43
-3663.63
-3663.82
-3664.02
-3664.21
-3664.4
-3664.6
-3664.79
-3664.98
-3665.18
-3665.37
-3665.56
-3665.75
-3665.94
-3666.13
-3666.32
-3666.51
-3666.69
-3666.88
-3667.07
-3667.26
-3667.44
-3667.63
-3667.81
-3668
-3668.18
-3668.37
-3668.55
-3668.73
-3668.91
-3669.09
-3669.28
-3669.46
-3669.64
-3669.82
-3670
-3670.17
-3670.35
-3670.53
-3670.71
-3670.88
-3671.06
-3671.24
-3671.41
-3671.59
-3671.76
-3671.93
-3672.11
-3672.28
-3672.45
-3672.62
-3672.8
-3672.97
-3673.14
-3673.31
-3673.48
-3673.64
-3673.81
-3673.98
-3674.15
-3674.31
-3674.48
-3674.65
-3674.81
-3674.97
-3675.14
-3675.3
-3675.47
-3675.63
-3675.79
-3675.95
-3676.11
-3676.27
-3676.43
-3676.59
-3676.75
-3676.91
-3677.07
-3677.22
-3677.38
-3677.54
-3677.69
-3677.85
-3678
-3678.16
-3678.31
-3678.46
-3678.62
-3678.77
-3678.92
-3679.07
-3679.22
-3679.37
-3679.52
-3679.67
-3679.82
-3679.96
-3680.11
-3680.26
-3680.4
-3680.55
-3680.69
-3680.84
-3680.98
-3681.13
-3681.27
-3681.41
-3681.55
-3681.69
-3681.83
-3681.97
-3682.11
-3682.25
-3682.39
-3682.53
-3682.67
-3682.8
-3682.94
-3683.08
-3683.21
-3683.35
-3683.48
-3683.61
-3683.75
-3683.88
-3684.01
-3684.14
-3684.27
-3684.4
-3684.53
-3684.66
-3684.79
-3684.92
-3685.05
-3685.17
-3685.3
-3685.42
-3685.55
-3685.67
-3685.8
-3685.92
-3686.04
-3686.17
-3686.29
-3686.41
-3686.53
-3686.65
-3686.77
-3686.89
-3687.01
-3687.12
-3687.24
-3687.36
-3687.47
-3687.59
-3687.7
-3687.82
-3687.93
-3688.04
-3688.16
-3688.27
-3688.38
-3688.49
-3688.6
-3688.71
-3688.82
-3688.93
-3689.04
-3689.14
-3689.25
-3689.36
-3689.46
-3689.57
-3689.67
-3689.77
-3689.88
-3689.98
-3690.08
-3690.18
-3690.28
-3690.38
-3690.48
-3690.58
-3690.68
-3690.78
-3690.87
-3690.97
-3691.07
-3691.16
-3691.26
-3691.35
-3691.44
-3691.54
-3691.63
-3691.72
-3691.81
-3691.9
-3691.99
-3692.08
-3692.17
-3692.26
-3692.35
-3692.43
-3692.52
-3692.6
-3692.69
-3692.77
-3692.86
-3692.94
-3693.02
-3693.1
-3693.19
-3693.27
-3693.35
-3693.42
-3693.5
-3693.58
-3693.66
-3693.74
-3693.81
-3693.89
-3693.96
-3694.04
-3694.11
-3694.18
-3694.26
-3694.33
-3694.4
-3694.47
-3694.54
-3694.61
-3694.68
-3694.74
-3694.81
-3694.88
-3694.94
-3695.01
-3695.07
-3695.14
-3695.2
-3695.26
-3695.33
-3695.39
-3695.45
-3695.51
-3695.57
-3695.63
-3695.68
-3695.74
-3695.8
-3695.85
-3695.91
-3695.96
-3696.02
-3696.07
-3696.12
-3696.18
-3696.23
-3696.28
-3696.33
-3696.38
-3696.43
-3696.48
-3696.52
-3696.57
-3696.62
-3696.66
-3696.71
-3696.75
-3696.79
-3696.84
-3696.88
-3696.92
-3696.96
-3697
-3697.04
-3697.08
-3697.12
-3697.15
-3697.19
-3697.23
-3697.26
-3697.3
-3697.33
-3697.36
-3697.4
-3697.43
-3697.46
-3697.49
-3697.52
-3697.55
-3697.58
-3697.6
-3697.63
-3697.66
-3697.68
-3697.71
-3697.73
-3697.75
-3697.78
-3697.8
-3697.82
-3697.84
-3697.86
-3697.88
-3697.9
-3697.92
-3697.93
-3697.95
-3697.96
-3697.98
-3697.99
-3698.01
-3698.02
-3698.03
-3698.04
-3698.05
-3698.06
-3698.07
-3698.08
-3698.09
-3698.09
-3698.1
-3698.1
-3698.11
-3698.11
-3698.12
-3698.12
-3698.12
-3698.12
-3698.12
-3698.12
-3698.12
-3698.12
-3698.11
-3698.11
-3698.11
-3698.1
-3698.1
-3698.09
-3698.08
-3698.07
-3698.06
-3698.06
-3698.04
-3698.03
-3698.02
-3698.01
-3698
-3697.98
-3697.97
-3697.95
-3697.93
-3697.92
-3697.9
-3697.88
-3697.86
-3697.84
-3697.82
-3697.8
-3697.77
-3697.75
-3697.73
-3697.7
-3697.68
-3697.65
-3697.62
-3697.59
-3697.56
-3697.53
-3697.5
-3697.47
-3697.44
-3697.41
-3697.37
-3697.34
-3697.3
-3697.27
-3697.23
-3697.19
-3697.15
-3697.12
-3697.08
-3697.03
-3696.99
-3696.95
-3696.91
-3696.86
-3696.82
-3696.77
-3696.72
-3696.68
-3696.63
-3696.58
-3696.53
-3696.48
-3696.43
-3696.38
-3696.32
-3696.27
-3696.21
-3696.16
-3696.1
-3696.04
-3695.98
-3695.93
-3695.87
-3695.81
-3695.74
-3695.68
-3695.62
-3695.55
-3695.49
-3695.42
-3695.36
-3695.29
-3695.22
-3695.15
-3695.08
-3695.01
-3694.94
-3694.86
-3694.79
-3694.72
-3694.64
-3694.56
-3694.49
-3694.41
-3694.33
-3694.25
-3694.17
-3694.09
-3694.01
-3693.92
-3693.84
-3693.75
-3693.67
-3693.58
-3693.49
-3693.41
-3693.32
-3693.23
-3693.13
-3693.04
-3692.95
-3692.86
-3692.76
-3692.67
-3692.57
-3692.47
-3692.37
-3692.27
-3692.17
-3692.07
-3691.97
-3691.87
-3691.76
-3691.66
-3691.55
-3691.45
-3691.34
-3691.23
-3691.12
-3691.01
-3690.9
-3690.79
-3690.67
-3690.56
-3690.44
-3690.33
-3690.21
-3690.09
-3689.97
-3689.85
-3689.73
-3689.61
-3689.49
-3689.36
-3689.24
-3689.11
-3688.99
-3688.86
-3688.73
-3688.6
-3688.47
-3688.34
-3688.21
-3688.07
-3687.94
-3687.81
-3687.67
-3687.53
-3687.39
-3687.25
-3687.11
-3686.97
-3686.83
-3686.69
-3686.54
-3686.4
-3686.25
-3686.1
-3685.96
-3685.81
-3685.66
-3685.51
-3685.35
-3685.2
-3685.05
-3684.89
-3684.74
-3684.58
-3684.42
-3684.26
-3684.1
-3683.94
-3683.78
-3683.61
-3683.45
-3683.28
-3683.12
-3682.95
-3682.78
-3682.61
-3682.44
-3682.27
-3682.1
-3681.92
-3681.75
-3681.57
-3681.39
-3681.22
-3681.04
-3680.86
-3680.67
-3680.49
-3680.31
-3680.12
-3679.94
-3679.75
-3679.56
-3679.38
-3679.19
-3678.99
-3678.8
-3678.61
-3678.41
-3678.22
-3678.02
-3677.83
-3677.63
-3677.43
-3677.23
-3677.02
-3676.82
-3676.62
-3676.41
-3676.2
-3676
-3675.79
-3675.58
-3675.37
-3675.15
-3674.94
-3674.73
-3674.51
-3674.29
-3674.08
-3673.86
-3673.64
-3673.42
-3673.19
-3672.97
-3672.75
-3672.52
-3672.29
-3672.06
-3671.83
-3671.6
-3671.37
-3671.14
-3670.9
-3670.67
-3670.43
-3670.2
-3669.96
-3669.72
-3669.48
-3669.23
-3668.99
-3668.74
-3668.5
-3668.25
-3668
-3667.75
-3667.5
-3667.25
-3667
-3666.74
-3666.49
-3666.23
-3665.97
-3665.71
-3665.45
-3665.19
-3664.92
-3664.66
-3664.39
-3664.13
-3663.86
-3663.59
-3663.32
-3663.05
-3662.77
-3662.5
-3662.22
-3661.94
-3661.67
-3661.39
-3661.11
-3660.82
-3660.54
-3660.25
-3659.97
-3659.68
-3659.39
-3659.1
-3658.81
-3658.52
-3658.22
-3657.93
-3657.63
-3657.33
-3657.03
-3656.73
-3656.43
-3656.13
-3655.82
-3655.52
-3655.21
-3654.9
-3654.59
-3654.28
-3653.97
-3653.65
-3653.34
-3653.02
-3652.7
-3652.38
-3652.06
-3651.74
-3651.42
-3651.09
-3650.76
-3650.44
-3650.11
-3649.78
-3649.44
-3649.11
-3648.77
-3648.44
-3648.1
-3647.76
-3647.42
-3647.08
-3646.73
-3646.39
-3646.04
-3645.69
-3645.35
-3644.99
-3644.64
-3644.29
-3643.93
-3643.58
-3643.22
-3642.86
-3642.5
-3642.14
-3641.77
-3641.41
-3641.04
-3640.67
-3640.3
-3639.93
-3639.56
-3639.18
-3638.8
-3638.43
-3638.05
-3637.67
-3637.28
-3636.9
-3636.52
-3636.13
-3635.74
-3635.35
-3634.96
-3634.57
-3634.17
-3633.78
-3633.38
-3632.98
-3632.58
-3632.17
-3631.77
-3631.37
-3630.96
-3630.55
-3630.14
-3629.73
-3629.31
-3628.9
-3628.48
-3628.06
-3627.64
-3627.22
-3626.8
-3626.37
-3625.94
-3625.52
-3625.09
-3624.65
-3624.22
-3623.79
-3623.35
-3622.91
-3622.47
-3622.03
-3621.58
-3621.14
-3620.69
-3620.24
-3619.79
-3619.34
-3618.89
-3618.43
-3617.97
-3617.52
-3617.06
-3616.59
-3616.13
-3615.66
-3615.19
-3614.73
-3614.25
-3613.78
-3613.31
-3612.83
-3612.35
-3611.87
-3611.39
-3610.9
-3610.42
-3609.93
-3609.44
-3608.95
-3608.46
-3607.96
-3607.47
-3606.97
-3606.47
-3605.97
-3605.46
-3604.96
-3604.45
-3603.94
-3603.43
-3602.91
-3602.4
-3601.88
-3601.36
-3600.84
-3600.32
-3599.79
-3599.27
-3598.74
-3598.21
-3597.67
-3597.14
-3596.6
-3596.06
-3595.52
-3594.98
-3594.44
-3593.89
-3593.34
-3592.79
-3592.24
-3591.69
-3591.13
-3590.57
-3590.01
-3589.45
-3588.88
-3588.32
-3587.75
-3587.18
-3586.6
-3586.03
-3585.45
-3584.87
-3584.29
-3583.71
-3583.12
-3582.54
-3581.95
-3581.35
-3580.76
-3580.16
-3579.57
-3578.97
-3578.36
-3577.76
-3577.15
-3576.54
-3575.93
-3575.32
-3574.7
-3574.09
-3573.47
-3572.84
-3572.22
-3571.59
-3570.96
-3570.33
-3569.7
-3569.06
-3568.43
-3567.79
-3567.14
-3566.5
-3565.85
-3565.2
-3564.55
-3563.9
-3563.24
-3562.58
-3561.92
-3561.26
-3560.59
-3559.92
-3559.25
-3558.58
-3557.9
-3557.23
-3556.55
-3555.86
-3555.18
-3554.49
-3553.8
-3553.11
-3552.42
-3551.72
-3551.02
-3550.32
-3549.61
-3548.91
-3548.2
-3547.48
-3546.77
-3546.05
-3545.33
-3544.61
-3543.89
-3543.16
-3542.43
-3541.7
-3540.96
-3540.22
-3539.48
-3538.74
-3538
-3537.25
-3536.5
-3535.74
-3534.99
-3534.23
-3533.47
-3532.7
-3531.94
-3531.17
-3530.39
-3529.62
-3528.84
-3528.06
-3527.28
-3526.49
-3525.7
-3524.91
-3524.12
-3523.32
-3522.52
-3521.72
-3520.91
-3520.1
-3519.29
-3518.48
-3517.66
-3516.84
-3516.02
-3515.19
-3514.36
-3513.53
-3512.7
-3511.86
-3511.02
-3510.18
-3509.33
-3508.48
-3507.63
-3506.77
-3505.92
-3505.05
-3504.19
-3503.32
-3502.45
-3501.58
-3500.7
-3499.82
-3498.94
-3498.05
-3497.16
-3496.27
-3495.37
-3494.47
-3493.57
-3492.67
-3491.76
-3490.85
-3489.93
-3489.01
-3488.09
-3487.17
-3486.24
-3485.31
-3484.37
-3483.44
-3482.49
-3481.55
-3480.6
-3479.65
-3478.7
-3477.74
-3476.78
-3475.81
-3474.84
-3473.87
-3472.9
-3471.92
-3470.93
-3469.95
-3468.96
-3467.97
-3466.97
-3465.97
-3464.96
-3463.96
-3462.95
-3461.93
-3460.91
-3459.89
-3458.87
-3457.84
-3456.8
-3455.77
-3454.73
-3453.68
-3452.63
-3451.58
-3450.53
-3449.47
-3448.4
-3447.34
-3446.27
-3445.19
-3444.11
-3443.03
-3441.94
-3440.85
-3439.76
-3438.66
-3437.56
-3436.45
-3435.34
-3434.22
-3433.11
-3431.98
-3430.86
-3429.72
-3428.59
-3427.45
-3426.31
-3425.16
-3424.01
-3422.85
-3421.69
-3420.53
-3419.36
-3418.18
-3417.01
-3415.82
-3414.64
-3413.45
-3412.25
-3411.05
-3409.85
-3408.64
-3407.43
-3406.21
-3404.99
-3403.76
-3402.53
-3401.29
-3400.05
-3398.81
-3397.56
-3396.3
-3395.04
-3393.78
-3392.51
-3391.24
-3389.96
-3388.68
-3387.39
-3386.1
-3384.8
-3383.5
-3382.19
-3380.88
-3379.56
-3378.24
-3376.91
-3375.58
-3374.24
-3372.9
-3371.55
-3370.2
-3368.84
-3367.48
-3366.11
-3364.73
-3363.36
-3361.97
-3360.58
-3359.19
-3357.79
-3356.38
-3354.97
-3353.55
-3352.13
-3350.7
-3349.27
-3347.83
-3346.39
-3344.94
-3343.48
-3342.02
-3340.55
-3339.08
-3337.6
-3336.11
-3334.62
-3333.13
-3331.63
-3330.12
-3328.6
-3327.08
-3325.56
-3324.02
-3322.48
-3320.94
-3319.39
-3317.83
-3316.27
-3314.7
-3313.12
-3311.54
-3309.95
-3308.36
-3306.75
-3305.15
-3303.53
-3301.91
-3300.28
-3298.65
-3297.01
-3295.36
-3293.7
-3292.04
-3290.37
-3288.7
-3287.02
-3285.33
-3283.63
-3281.93
-3280.22
-3278.5
-3276.77
-3275.04
-3273.3
-3271.56
-3269.8
-3268.04
-3266.27
-3264.5
-3262.71
-3260.92
-3259.12
-3257.31
-3255.5
-3253.68
-3251.85
-3250.01
-3248.16
-3246.31
-3244.45
-3242.58
-3240.7
-3238.81
-3236.92
-3235.01
-3233.1
-3231.18
-3229.25
-3227.31
-3225.37
-3223.41
-3221.45
-3219.48
-3217.5
-3215.51
-3213.51
-3211.5
-3209.49
-3207.46
-3205.42
-3203.38
-3201.33
-3199.26
-3197.19
-3195.11
-3193.02
-3190.91
-3188.8
-3186.68
-3184.55
-3182.41
-3180.26
-3178.1
-3175.92
-3173.74
-3171.55
-3169.35
-3167.13
-3164.91
-3162.67
-3160.43
-3158.17
-3155.9
-3153.62
-3151.33
-3149.03
-3146.72
-3144.4
-3142.06
-3139.71
-3137.36
-3134.98
-3132.6
-3130.21
-3127.8
-3125.38
-3122.95
-3120.5
-3118.05
-3115.58
-3113.1
-3110.6
-3108.09
-3105.57
-3103.04
-3100.49
-3097.93
-3095.35
-3092.76
-3090.16
-3087.54
-3084.91
-3082.27
-3079.61
-3076.93
-3074.24
-3071.54
-3068.82
-3066.08
-3063.33
-3060.57
-3057.79
-3054.99
-3052.18
-3049.35
-3046.5
-3043.64
-3040.76
-3037.86
-3034.95
-3032.02
-3029.07
-3026.11
-3023.12
-3020.12
-3017.1
-3014.06
-3011
-3007.93
-3004.83
-3001.72
-2998.58
-2995.43
-2992.26
-2989.06
-2985.85
-2982.61
-2979.35
-2976.07
-2972.77
-2969.45
-2966.1
-2962.74
-2959.34
-2955.93
-2952.49
-2949.03
-2945.55
-2942.04
-2938.5
-2934.94
-2931.35
-2927.74
-2924.1
-2920.44
-2916.74
-2913.02
-2909.27
-2905.5
-2901.69
-2897.85
-2893.99
-2890.09
-2886.16
-2882.21
-2878.21
-2874.19
-2870.13
-2866.04
-2861.92
-2857.76
-2853.56
-2849.33
-2845.06
-2840.75
-2836.41
-2832.02
-2827.6
-2823.13
-2818.63
-2814.08
-2809.48
-2804.84
-2800.16
-2795.43
-2790.65
-2785.83
-2780.95
-2776.03
-2771.05
-2766.02
-2760.93
-2755.79
-2750.59
-2745.34
-2740.02
-2734.64
-2729.19
-2723.68
-2718.11
-2712.46
-2706.75
-2700.95
-2695.09
-2689.14
-2683.12
-2677.01
-2670.82
-2664.53
-2658.16
-2651.69
-2645.12
-2638.44
-2631.67
-2624.78
-2617.77
-2610.65
-2603.4
-2596.02
-2588.5
-2580.84
-2573.04
-2565.07
-2556.94
-2548.64
-2540.15
-2531.47
-2522.58
-2513.48
-2504.14
-2494.56
-2484.71
-2474.58
-2464.15
-2453.38
-2442.26
-2430.75
-2418.81
-2406.4
-2393.47
-2379.95
-2365.77
-2350.85
-2335.07
-2318.28
-2300.3
-2280.86
-2259.61
-2236
-2209.14
-2177.43
-2137.25
-2074.94
