-15.46
-15.9331
-16.4062
-16.8792
-17.3521
-17.825
-18.2977
-18.7703
-19.2429
-19.7153
-20.1877
-20.66
-21.1322
-21.6043
-22.0763
-22.5483
-23.0201
-23.4919
-23.9635
-24.4351
-24.9066
-25.378
-25.8493
-26.3205
-26.7917
-27.2627
-27.7337
-28.2045
-28.6753
-29.146
-29.6166
-30.0871
-30.5575
-31.0278
-31.4981
-31.9682
-32.4383
-32.9083
-33.3782
-33.848
-34.3177
-34.7873
-35.2568
-35.7263
-36.1956
-36.6649
-37.1341
-37.6031
-38.0721
-38.541
-39.0099
-39.4786
-39.9472
-40.4158
-40.8842
-41.3526
-41.8209
-42.2891
-42.7572
-43.2252
-43.6932
-44.161
-44.6288
-45.0964
-45.564
-46.0315
-46.4989
-46.9662
-47.4334
-47.9005
-48.3676
-48.8345
-49.3014
-49.7681
-50.2348
-50.7014
-51.1679
-51.6344
-52.1007
-52.5669
-53.0331
-53.4991
-53.9651
-54.431
-54.8968
-55.3625
-55.8281
-56.2936
-56.7591
-57.2244
-57.6897
-58.1549
-58.6199
-59.0849
-59.5498
-60.0147
-60.4794
-60.944
-61.4086
-61.873
-62.3374
-62.8017
-63.2659
-63.73
-64.194
-64.6579
-65.1218
-65.5855
-66.0492
-66.5127
-66.9762
-67.4396
-67.9029
-68.3661
-68.8293
-69.2923
-69.7552
-70.2181
-70.6809
-71.1435
-71.6061
-72.0686
-72.5311
-72.9934
-73.4556
-73.9178
-74.3798
-74.8418
-75.3037
-75.7655
-76.2272
-76.6888
-77.1503
-77.6117
-78.0731
-78.5343
-78.9955
-79.4566
-79.9176
-80.3785
-80.8393
-81.3
-81.7606
-82.2212
-82.6817
-83.142
-83.6023
-84.0625
-84.5226
-84.9826
-85.4425
-85.9024
-86.3621
-86.8218
-87.2813
-87.7408
-88.2002
-88.6595
-89.1187
-89.5778
-90.0369
-90.4958
-90.9547
-91.4134
-91.8721
-92.3307
-92.7892
-93.2476
-93.7059
-94.1641
-94.6223
-95.0803
-95.5383
-95.9962
-96.454
-96.9117
-97.3693
-97.8268
-98.2842
-98.7416
-99.1988
-99.656
-100.113
-100.57
-101.027
-101.484
-101.94
-102.397
-102.854
-103.31
-103.766
-104.223
-104.679
-105.135
-105.591
-106.047
-106.503
-106.959
-107.414
-107.87
-108.325
-108.781
-109.236
-109.691
-110.146
-110.601
-111.056
-111.511
-111.966
-112.42
-112.875
-113.33
-113.784
-114.238
-114.692
-115.147
-115.601
-116.055
-116.508
-116.962
-117.416
-117.87
-118.323
-118.777
-119.23
-119.683
-120.136
-120.589
-121.042
-121.495
-121.948
-122.401
-122.853
-123.306
-123.758
-124.211
-124.663
-125.115
-125.567
-126.019
-126.471
-126.923
-127.375
-127.826
-128.278
-128.729
-129.181
-129.632
-130.083
-130.534
-130.985
-131.436
-131.887
-132.338
-132.789
-133.239
-133.69
-134.14
-134.59
-135.041
-135.491
-135.941
-136.391
-136.841
-137.29
-137.74
-138.19
-138.639
-139.089
-139.538
-139.987
-140.436
-140.885
-141.334
-141.783
-142.232
-142.681
-143.129
-143.578
-144.026
-144.475
-144.923
-145.371
-145.819
-146.267
-146.715
-147.163
-147.611
-148.058
-148.506
-148.953
-149.401
-149.848
-150.295
-150.742
-151.189
-151.636
-152.083
-152.53
-152.976
-153.423
-153.87
-154.316
-154.762
-155.208
-155.655
-156.101
-156.547
-156.992
-157.438
-157.884
-158.329
-158.775
-159.22
-159.666
-160.111
-160.556
-161.001
-161.446
-161.891
-162.336
-162.78
-163.225
-163.67
-164.114
-164.558
-165.003
-165.447
-165.891
-166.335
-166.779
-167.223
-167.666
-168.11
-168.554
-168.997
-169.44
-169.884
-170.327
-170.77
-171.213
-171.656
-172.099
-172.541
-172.984
-173.427
-173.869
-174.311
-174.754
-175.196
-175.638
-176.08
-176.522
-176.964
-177.406
-177.847
-178.289
-178.73
-179.172
-179.613
-180.054
-180.496
-180.937
-181.378
-181.818
-182.259
-182.7
-183.141
-183.581
-184.021
-184.462
-184.902
-185.342
-185.782
-186.222
-186.662
-187.102
-187.542
-187.981
-188.421
-188.86
-189.3
-189.739
-190.178
-190.617
-191.056
-191.495
-191.934
-192.373
-192.811
-193.25
-193.688
-194.127
-194.565
-195.003
-195.441
-195.879
-196.317
-196.755
-197.193
-197.631
-198.068
-198.506
-198.943
-199.38
-199.818
-200.255
-200.692
-201.129
-201.566
-202.002
-202.439
-202.876
-203.312
-203.749
-204.185
-204.621
-205.057
-205.493
-205.929
-206.365
-206.801
-207.237
-207.672
-208.108
-208.543
-208.979
-209.414
-209.849
-210.284
-210.719
-211.154
-211.589
-212.024
-212.458
-212.893
-213.327
-213.762
-214.196
-214.63
-215.064
-215.498
-215.932
-216.366
-216.8
-217.233
-217.667
-218.1
-218.534
-218.967
-219.4
-219.834
-220.267
-220.7
-221.132
-221.565
-221.998
-222.43
-222.863
-223.295
-223.728
-224.16
-224.592
-225.024
-225.456
-225.888
-226.32
-226.751
-227.183
-227.615
-228.046
-228.477
-228.909
-229.34
-229.771
-230.202
-230.633
-231.064
-231.494
-231.925
-232.355
-232.786
-233.216
-233.647
-234.077
-234.507
-234.937
-235.367
-235.797
-236.226
-236.656
-237.085
-237.515
-237.944
-238.374
-238.803
-239.232
-239.661
-240.09
-240.519
-240.948
-241.376
-241.805
-242.233
-242.662
-243.09
-243.518
-243.946
-244.374
-244.802
-245.23
-245.658
-246.086
-246.513
-246.941
-247.368
-247.796
-248.223
-248.65
-249.077
-249.504
-249.931
-250.358
-250.784
-251.211
-251.638
-252.064
-252.49
-252.917
-253.343
-253.769
-254.195
-254.621
-255.047
-255.472
-255.898
-256.324
-256.749
-257.174
-257.6
-258.025
-258.45
-258.875
-259.3
-259.725
-260.15
-260.574
-260.999
-261.423
-261.848
-262.272
-262.696
-263.12
-263.544
-263.968
-264.392
-264.816
-265.24
-265.663
-266.087
-266.51
-266.933
-267.357
-267.78
-268.203
-268.626
-269.049
-269.471
-269.894
-270.317
-270.739
-271.162
-271.584
-272.006
-272.429
-272.851
-273.273
-273.695
-274.116
-274.538
-274.96
-275.381
-275.803
-276.224
-276.645
-277.066
-277.488
-277.909
-278.33
-278.75
-279.171
-279.592
-280.012
-280.433
-280.853
-281.273
-281.694
-282.114
-282.534
-282.954
-283.374
-283.793
-284.213
-284.633
-285.052
-285.471
-285.891
-286.31
-286.729
-287.148
-287.567
-287.986
-288.405
-288.824
-289.242
-289.661
-290.079
-290.497
-290.916
-291.334
-291.752
-292.17
-292.588
-293.006
-293.423
-293.841
-294.258
-294.676
-295.093
-295.51
-295.928
-296.345
-296.762
-297.179
-297.595
-298.012
-298.429
-298.845
-299.262
-299.678
-300.094
-300.511
-300.927
-301.343
-301.759
-302.175
-302.59
-303.006
-303.422
-303.837
-304.252
-304.668
-305.083
-305.498
-305.913
-306.328
-306.743
-307.158
-307.572
-307.987
-308.401
-308.816
-309.23
-309.644
-310.059
-310.473
-310.887
-311.3
-311.714
-312.128
-312.542
-312.955
-313.369
-313.782
-314.195
-314.608
-315.021
-315.434
-315.847
-316.26
-316.673
-317.085
-317.498
-317.91
-318.323
-318.735
-319.147
-319.559
-319.971
-320.383
-320.795
-321.207
-321.618
-322.03
-322.441
-322.853
-323.264
-323.675
-324.086
-324.497
-324.908
-325.319
-325.73
-326.141
-326.551
-326.962
-327.372
-327.782
-328.193
-328.603
-329.013
-329.423
-329.833
-330.242
-330.652
-331.062
-331.471
-331.881
-332.29
-332.699
-333.108
-333.517
-333.926
-334.335
-334.744
-335.153
-335.561
-335.97
-336.378
-336.787
-337.195
-337.603
-338.011
-338.419
-338.827
-339.235
-339.643
-340.05
-340.458
-340.865
-341.273
-341.68
-342.087
-342.494
-342.901
-343.308
-343.715
-344.122
-344.528
-344.935
-345.341
-345.748
-346.154
-346.56
-346.967
-347.373
-347.778
-348.184
-348.59
-348.996
-349.401
-349.807
-350.212
-350.618
-351.023
-351.428
-351.833
-352.238
-352.643
-353.048
-353.452
-353.857
-354.261
-354.666
-355.07
-355.474
-355.879
-356.283
-356.687
-357.091
-357.494
-357.898
-358.302
-358.705
-359.109
-359.512
-359.915
-360.318
-360.722
-361.125
-361.527
-361.93
-362.333
-362.736
-363.138
-363.541
-363.943
-364.345
-364.748
-365.15
-365.552
-365.954
-366.355
-366.757
-367.159
-367.56
-367.962
-368.363
-368.765
-369.166
-369.567
-369.968
-370.369
-370.77
-371.171
-371.571
-371.972
-372.372
-372.773
-373.173
-373.573
-373.973
-374.374
-374.773
-375.173
-375.573
-375.973
-376.372
-376.772
-377.171
-377.571
-377.97
-378.369
-378.768
-379.167
-379.566
-379.965
-380.364
-380.762
-381.161
-381.559
-381.958
-382.356
-382.754
-383.152
-383.55
-383.948
-384.346
-384.744
-385.141
-385.539
-385.936
-386.334
-386.731
-387.128
-387.525
-387.922
-388.319
-388.716
-389.113
-389.51
-389.906
-390.303
-390.699
-391.095
-391.492
-391.888
-392.284
-392.68
-393.076
-393.471
-393.867
-394.263
-394.658
-395.054
-395.449
-395.844
-396.239
-396.634
-397.029
-397.424
-397.819
-398.214
-398.608
-399.003
-399.397
-399.792
-400.186
-400.58
-400.974
-401.368
-401.762
-402.156
-402.55
-402.943
-403.337
-403.73
-404.124
-404.517
-404.91
-405.303
-405.696
-406.089
-406.482
-406.875
-407.267
-407.66
-408.052
-408.445
-408.837
-409.229
-409.621
-410.013
-410.405
-410.797
-411.189
-411.581
-411.972
-412.364
-412.755
-413.146
-413.538
-413.929
-414.32
-414.711
-415.102
-415.492
-415.883
-416.274
-416.664
-417.055
-417.445
-417.835
-418.225
-418.615
-419.005
-419.395
-419.785
-420.175
-420.564
-420.954
-421.343
-421.733
-422.122
-422.511
-422.9
-423.289
-423.678
-424.067
-424.456
-424.844
-425.233
-425.621
-426.01
-426.398
-426.786
-427.174
-427.562
-427.95
-428.338
-428.726
-429.113
-429.501
-429.888
-430.276
-430.663
-431.05
-431.437
-431.824
-432.211
-432.598
-432.985
-433.372
-433.758
-434.145
-434.531
-434.917
-435.304
-435.69
-436.076
-436.462
-436.848
-437.233
-437.619
-438.005
-438.39
-438.776
-439.161
-439.546
-439.931
-440.317
-440.701
-441.086
-441.471
-441.856
-442.241
-442.625
-443.009
-443.394
-443.778
-444.162
-444.546
-444.93
-445.314
-445.698
-446.082
-446.465
-446.849
-447.232
-447.616
-447.999
-448.382
-448.765
-449.148
-449.531
-449.914
-450.297
-450.68
-451.062
-451.445
-451.827
-452.209
-452.592
-452.974
-453.356
-453.738
-454.119
-454.501
-454.883
-455.265
-455.646
-456.027
-456.409
-456.79
-457.171
-457.552
-457.933
-458.314
-458.695
-459.075
-459.456
-459.837
-460.217
-460.597
-460.978
-461.358
-461.738
-462.118
-462.498
-462.877
-463.257
-463.637
-464.016
-464.396
-464.775
-465.154
-465.534
-465.913
-466.292
-466.671
-467.049
-467.428
-467.807
-468.185
-468.564
-468.942
-469.32
-469.699
-470.077
-470.455
-470.833
-471.211
-471.588
-471.966
-472.344
-472.721
-473.098
-473.476
-473.853
-474.23
-474.607
-474.984
-475.361
-475.738
-476.114
-476.491
-476.867
-477.244
-477.62
-477.996
-478.372
-478.749
-479.124
-479.5
-479.876
-480.252
-480.627
-481.003
-481.378
-481.754
-482.129
-482.504
-482.879
-483.254
-483.629
-484.004
-484.379
-484.753
-485.128
-485.502
-485.877
-486.251
-486.625
-486.999
-487.373
-487.747
-488.121
-488.495
-488.868
-489.242
-489.615
-489.989
-490.362
-490.735
-491.108
-491.481
-491.854
-492.227
-492.6
-492.972
-493.345
-493.717
-494.09
-494.462
-494.834
-495.206
-495.578
-495.95
-496.322
-496.694
-497.066
-497.437
-497.809
-498.18
-498.551
-498.923
-499.294
-499.665
-500.036
-500.407
-500.778
-501.148
-501.519
-501.889
-502.26
-502.63
-503
-503.37
-503.741
-504.111
-504.48
-504.85
-505.22
-505.59
-505.959
-506.329
-506.698
-507.067
-507.436
-507.805
-508.174
-508.543
-508.912
-509.281
-509.65
-510.018
-510.387
-510.755
-511.123
-511.491
-511.859
-512.227
-512.595
-512.963
-513.331
-513.699
-514.066
-514.434
-514.801
-515.168
-515.536
-515.903
-516.27
-516.637
-517.004
-517.37
-517.737
-518.104
-518.47
-518.836
-519.203
-519.569
-519.935
-520.301
-520.667
-521.033
-521.399
-521.765
-522.13
-522.496
-522.861
-523.226
-523.592
-523.957
-524.322
-524.687
-525.052
-525.417
-525.781
-526.146
-526.51
-526.875
-527.239
-527.603
-527.968
-528.332
-528.696
-529.06
-529.423
-529.787
-530.151
-530.514
-530.878
-531.241
-531.604
-531.968
-532.331
-532.694
-533.057
-533.42
-533.782
-534.145
-534.507
-534.87
-535.232
-535.595
-535.957
-536.319
-536.681
-537.043
-537.405
-537.767
-538.128
-538.49
-538.851
-539.213
-539.574
-539.935
-540.296
-540.657
-541.018
-541.379
-541.74
-542.101
-542.461
-542.822
-543.182
-543.543
-543.903
-544.263
-544.623
-544.983
-545.343
-545.703
-546.062
-546.422
-546.782
-547.141
-547.5
-547.86
-548.219
-548.578
-548.937
-549.296
-549.655
-550.013
-550.372
-550.73
-551.089
-551.447
-551.806
-552.164
-552.522
-552.88
-553.238
-553.596
-553.953
-554.311
-554.669
-555.026
-555.383
-555.741
-556.098
-556.455
-556.812
-557.169
-557.526
-557.883
-558.239
-558.596
-558.952
-559.309
-559.665
-560.021
-560.377
-560.733
-561.089
-561.445
-561.801
-562.157
-562.512
-562.868
-563.223
-563.579
-563.934
-564.289
-564.644
-564.999
-565.354
-565.709
-566.063
-566.418
-566.773
-567.127
-567.481
-567.836
-568.19
-568.544
-568.898
-569.252
-569.606
-569.959
-570.313
-570.666
-571.02
-571.373
-571.727
-572.08
-572.433
-572.786
-573.139
-573.492
-573.844
-574.197
-574.549
-574.902
-575.254
-575.607
-575.959
-576.311
-576.663
-577.015
-577.367
-577.718
-578.07
-578.422
-578.773
-579.125
-579.476
-579.827
-580.178
-580.529
-580.88
-581.231
-581.582
-581.933
-582.283
-582.634
-582.984
-583.334
-583.685
-584.035
-584.385
-584.735
-585.085
-585.434
-585.784
-586.134
-586.483
-586.833
-587.182
-587.531
-587.88
-588.23
-588.579
-588.927
-589.276
-589.625
-589.974
-590.322
-590.671
-591.019
-591.367
-591.715
-592.063
-592.411
-592.759
-593.107
-593.455
-593.803
-594.15
-594.498
-594.845
-595.192
-595.539
-595.887
-596.234
-596.58
-596.927
-597.274
-597.621
-597.967
-598.314
-598.66
-599.006
-599.353
-599.699
-600.045
-600.391
-600.737
-601.082
-601.428
-601.774
-602.119
-602.465
-602.81
-603.155
-603.5
-603.845
-604.19
-604.535
-604.88
-605.225
-605.569
-605.914
-606.258
-606.602
-606.947
-607.291
-607.635
-607.979
-608.323
-608.667
-609.01
-609.354
-609.697
-610.041
-610.384
-610.728
-611.071
-611.414
-611.757
-612.1
-612.442
-612.785
-613.128
-613.47
-613.813
-614.155
-614.497
-614.84
-615.182
-615.524
-615.866
-616.208
-616.549
-616.891
-617.232
-617.574
-617.915
-618.257
-618.598
-618.939
-619.28
-619.621
-619.962
-620.303
-620.643
-620.984
-621.324
-621.665
-622.005
-622.345
-622.685
-623.025
-623.365
-623.705
-624.045
-624.385
-624.724
-625.064
-625.403
-625.743
-626.082
-626.421
-626.76
-627.099
-627.438
-627.777
-628.115
-628.454
-628.792
-629.131
-629.469
-629.807
-630.146
-630.484
-630.822
-631.16
-631.497
-631.835
-632.173
-632.51
-632.848
-633.185
-633.522
-633.86
-634.197
-634.534
-634.871
-635.207
-635.544
-635.881
-636.217
-636.554
-636.89
-637.226
-637.563
-637.899
-638.235
-638.571
-638.907
-639.242
-639.578
-639.913
-640.249
-640.584
-640.92
-641.255
-641.59
-641.925
-642.26
-642.595
-642.93
-643.264
-643.599
-643.933
-644.268
-644.602
-644.936
-645.27
-645.605
-645.938
-646.272
-646.606
-646.94
-647.273
-647.607
-647.94
-648.274
-648.607
-648.94
-649.273
-649.606
-649.939
-650.272
-650.605
-650.937
-651.27
-651.602
-651.934
-652.267
-652.599
-652.931
-653.263
-653.595
-653.927
-654.258
-654.59
-654.922
-655.253
-655.584
-655.916
-656.247
-656.578
-656.909
-657.24
-657.571
-657.901
-658.232
-658.563
-658.893
-659.224
-659.554
-659.884
-660.214
-660.544
-660.874
-661.204
-661.534
-661.863
-662.193
-662.522
-662.852
-663.181
-663.51
-663.84
-664.169
-664.498
-664.826
-665.155
-665.484
-665.812
-666.141
-666.469
-666.798
-667.126
-667.454
-667.782
-668.11
-668.438
-668.766
-669.093
-669.421
-669.749
-670.076
-670.403
-670.731
-671.058
-671.385
-671.712
-672.039
-672.366
-672.692
-673.019
-673.345
-673.672
-673.998
-674.324
-674.651
-674.977
-675.303
-675.629
-675.954
-676.28
-676.606
-676.931
-677.257
-677.582
-677.907
-678.233
-678.558
-678.883
-679.208
-679.533
-679.857
-680.182
-680.507
-680.831
-681.155
-681.48
-681.804
-682.128
-682.452
-682.776
-683.1
-683.424
-683.747
-684.071
-684.394
-684.718
-685.041
-685.364
-685.687
-686.01
-686.333
-686.656
-686.979
-687.302
-687.624
-687.947
-688.269
-688.592
-688.914
-689.236
-689.558
-689.88
-690.202
-690.524
-690.845
-691.167
-691.489
-691.81
-692.131
-692.453
-692.774
-693.095
-693.416
-693.737
-694.058
-694.378
-694.699
-695.019
-695.34
-695.66
-695.98
-696.301
-696.621
-696.941
-697.261
-697.581
-697.9
-698.22
-698.539
-698.859
-699.178
-699.498
-699.817
-700.136
-700.455
-700.774
-701.093
-701.411
-701.73
-702.049
-702.367
-702.686
-703.004
-703.322
-703.64
-703.958
-704.276
-704.594
-704.912
-705.229
-705.547
-705.864
-706.182
-706.499
-706.816
-707.134
-707.451
-707.768
-708.084
-708.401
-708.718
-709.035
-709.351
-709.667
-709.984
-710.3
-710.616
-710.932
-711.248
-711.564
-711.88
-712.196
-712.511
-712.827
-713.142
-713.458
-713.773
-714.088
-714.403
-714.718
-715.033
-715.348
-715.662
-715.977
-716.292
-716.606
-716.92
-717.235
-717.549
-717.863
-718.177
-718.491
-718.805
-719.118
-719.432
-719.746
-720.059
-720.373
-720.686
-720.999
-721.312
-721.625
-721.938
-722.251
-722.564
-722.876
-723.189
-723.501
-723.814
-724.126
-724.438
-724.75
-725.062
-725.374
-725.686
-725.998
-726.31
-726.621
-726.933
-727.244
-727.556
-727.867
-728.178
-728.489
-728.8
-729.111
-729.422
-729.732
-730.043
-730.353
-730.664
-730.974
-731.284
-731.595
-731.905
-732.215
-732.524
-732.834
-733.144
-733.454
-733.763
-734.073
-734.382
-734.691
-735
-735.309
-735.618
-735.927
-736.236
-736.545
-736.853
-737.162
-737.47
-737.779
-738.087
-738.395
-738.703
-739.011
-739.319
-739.627
-739.935
-740.242
-740.55
-740.857
-741.165
-741.472
-741.779
-742.086
-742.393
-742.7
-743.007
-743.314
-743.621
-743.927
-744.234
-744.54
-744.846
-745.153
-745.459
-745.765
-746.071
-746.377
-746.682
-746.988
-747.294
-747.599
-747.905
-748.21
-748.515
-748.82
-749.125
-749.43
-749.735
-750.04
-750.345
-750.649
-750.954
-751.258
-751.562
-751.867
-752.171
-752.475
-752.779
-753.083
-753.387
-753.69
-753.994
-754.297
-754.601
-754.904
-755.207
-755.511
-755.814
-756.117
-756.42
-756.722
-757.025
-757.328
-757.63
-757.933
-758.235
-758.537
-758.84
-759.142
-759.444
-759.746
-760.047
-760.349
-760.651
-760.952
-761.254
-761.555
-761.856
-762.158
-762.459
-762.76
-763.061
-763.361
-763.662
-763.963
-764.263
-764.564
-764.864
-765.165
-765.465
-765.765
-766.065
-766.365
-766.665
-766.965
-767.264
-767.564
-767.863
-768.163
-768.462
-768.761
-769.06
-769.359
-769.658
-769.957
-770.256
-770.555
-770.853
-771.152
-771.45
-771.749
-772.047
-772.345
-772.643
-772.941
-773.239
-773.537
-773.834
-774.132
-774.43
-774.727
-775.024
-775.322
-775.619
-775.916
-776.213
-776.51
-776.806
-777.103
-777.4
-777.696
-777.993
-778.289
-778.585
-778.882
-779.178
-779.474
-779.77
-780.065
-780.361
-780.657
-780.952
-781.248
-781.543
-781.838
-782.134
-782.429
-782.724
-783.019
-783.314
-783.608
-783.903
-784.198
-784.492
-784.786
-785.081
-785.375
-785.669
-785.963
-786.257
-786.551
-786.845
-787.138
-787.432
-787.725
-788.019
-788.312
-788.605
-788.898
-789.191
-789.484
-789.777
-790.07
-790.363
-790.655
-790.948
-791.24
-791.533
-791.825
-792.117
-792.409
-792.701
-792.993
-793.285
-793.576
-793.868
-794.159
-794.451
-794.742
-795.033
-795.325
-795.616
-795.907
-796.198
-796.488
-796.779
-797.07
-797.36
-797.651
-797.941
-798.231
-798.521
-798.812
-799.102
-799.391
-799.681
-799.971
-800.261
-800.55
-800.84
-801.129
-801.418
-801.707
-801.997
-802.286
-802.574
-802.863
-803.152
-803.441
-803.729
-804.018
-804.306
-804.594
-804.883
-805.171
-805.459
-805.747
-806.034
-806.322
-806.61
-806.897
-807.185
-807.472
-807.76
-808.047
-808.334
-808.621
-808.908
-809.195
-809.482
-809.768
-810.055
-810.341
-810.628
-810.914
-811.2
-811.486
-811.773
-812.058
-812.344
-812.63
-812.916
-813.201
-813.487
-813.772
-814.058
-814.343
-814.628
-814.913
-815.198
-815.483
-815.768
-816.052
-816.337
-816.622
-816.906
-817.19
-817.475
-817.759
-818.043
-818.327
-818.611
-818.895
-819.178
-819.462
-819.745
-820.029
-820.312
-820.596
-820.879
-821.162
-821.445
-821.728
-822.011
-822.293
-822.576
-822.858
-823.141
-823.423
-823.706
-823.988
-824.27
-824.552
-824.834
-825.116
-825.397
-825.679
-825.961
-826.242
-826.523
-826.805
-827.086
-827.367
-827.648
-827.929
-828.21
-828.491
-828.771
-829.052
-829.332
-829.613
-829.893
-830.173
-830.453
-830.734
-831.013
-831.293
-831.573
-831.853
-832.132
-832.412
-832.691
-832.971
-833.25
-833.529
-833.808
-834.087
-834.366
-834.645
-834.923
-835.202
-835.48
-835.759
-836.037
-836.315
-836.594
-836.872
-837.15
-837.428
-837.705
-837.983
-838.261
-838.538
-838.816
-839.093
-839.37
-839.647
-839.925
-840.202
-840.478
-840.755
-841.032
-841.309
-841.585
-841.862
-842.138
-842.414
-842.69
-842.966
-843.243
-843.518
-843.794
-844.07
-844.346
-844.621
-844.897
-845.172
-845.447
-845.722
-845.998
-846.273
-846.548
-846.822
-847.097
-847.372
-847.646
-847.921
-848.195
-848.47
-848.744
-849.018
-849.292
-849.566
-849.84
-850.113
-850.387
-850.661
-850.934
-851.208
-851.481
-851.754
-852.027
-852.3
-852.573
-852.846
-853.119
-853.392
-853.664
-853.937
-854.209
-854.481
-854.754
-855.026
-855.298
-855.57
-855.842
-856.113
-856.385
-856.657
-856.928
-857.2
-857.471
-857.742
-858.013
-858.285
-858.555
-858.826
-859.097
-859.368
-859.639
-859.909
-860.179
-860.45
-860.72
-860.99
-861.26
-861.53
-861.8
-862.07
-862.34
-862.609
-862.879
-863.148
-863.418
-863.687
-863.956
-864.225
-864.494
-864.763
-865.032
-865.301
-865.569
-865.838
-866.106
-866.375
-866.643
-866.911
-867.179
-867.447
-867.715
-867.983
-868.251
-868.519
-868.786
-869.054
-869.321
-869.588
-869.856
-870.123
-870.39
-870.657
-870.923
-871.19
-871.457
-871.724
-871.99
-872.256
-872.523
-872.789
-873.055
-873.321
-873.587
-873.853
-874.119
-874.384
-874.65
-874.915
-875.181
-875.446
-875.711
-875.977
-876.242
-876.507
-876.771
-877.036
-877.301
-877.566
-877.83
-878.095
-878.359
-878.623
-878.887
-879.151
-879.415
-879.679
-879.943
-880.207
-880.47
-880.734
-880.997
-881.261
-881.524
-881.787
-882.05
-882.313
-882.576
-882.839
-883.102
-883.364
-883.627
-883.889
-884.152
-884.414
-884.676
-884.938
-885.2
-885.462
-885.724
-885.986
-886.247
-886.509
-886.77
-887.032
-887.293
-887.554
-887.815
-888.076
-888.337
-888.598
-888.859
-889.119
-889.38
-889.64
-889.901
-890.161
-890.421
-890.681
-890.941
-891.201
-891.461
-891.721
-891.981
-892.24
-892.5
-892.759
-893.018
-893.278
-893.537
-893.796
-894.055
-894.314
-894.572
-894.831
-895.09
-895.348
-895.606
-895.865
-896.123
-896.381
-896.639
-896.897
-897.155
-897.413
-897.671
-897.928
-898.186
-898.443
-898.7
-898.958
-899.215
-899.472
-899.729
-899.986
-900.242
-900.499
-900.756
-901.012
-901.269
-901.525
-901.781
-902.038
-902.294
-902.55
-902.805
-903.061
-903.317
-903.573
-903.828
-904.084
-904.339
-904.594
-904.849
-905.104
-905.359
-905.614
-905.869
-906.124
-906.379
-906.633
-906.888
-907.142
-907.396
-907.65
-907.904
-908.159
-908.412
-908.666
-908.92
-909.174
-909.427
-909.681
-909.934
-910.187
-910.441
-910.694
-910.947
-911.2
-911.452
-911.705
-911.958
-912.21
-912.463
-912.715
-912.968
-913.22
-913.472
-913.724
-913.976
-914.228
-914.48
-914.731
-914.983
-915.234
-915.486
-915.737
-915.988
-916.239
-916.49
-916.741
-916.992
-917.243
-917.494
-917.744
-917.995
-918.245
-918.495
-918.746
-918.996
-919.246
-919.496
-919.746
-919.996
-920.245
-920.495
-920.744
-920.994
-921.243
-921.492
-921.741
-921.991
-922.24
-922.488
-922.737
-922.986
-923.235
-923.483
-923.732
-923.98
-924.228
-924.476
-924.724
-924.972
-925.22
-925.468
-925.716
-925.963
-926.211
-926.458
-926.706
-926.953
-927.2
-927.447
-927.694
-927.941
-928.188
-928.435
-928.681
-928.928
-929.174
-929.421
-929.667
-929.913
-930.159
-930.405
-930.651
-930.897
-931.143
-931.388
-931.634
-931.879
-932.125
-932.37
-932.615
-932.86
-933.105
-933.35
-933.595
-933.84
-934.085
-934.329
-934.574
-934.818
-935.062
-935.307
-935.551
-935.795
-936.039
-936.283
-936.526
-936.77
-937.014
-937.257
-937.5
-937.744
-937.987
-938.23
-938.473
-938.716
-938.959
-939.202
-939.444
-939.687
-939.93
-940.172
-940.414
-940.657
-940.899
-941.141
-941.383
-941.625
-941.866
-942.108
-942.35
-942.591
-942.833
-943.074
-943.315
-943.556
-943.797
-944.038
-944.279
-944.52
-944.761
-945.001
-945.242
-945.482
-945.723
-945.963
-946.203
-946.443
-946.683
-946.923
-947.163
-947.403
-947.642
-947.882
-948.121
-948.361
-948.6
-948.839
-949.078
-949.317
-949.556
-949.795
-950.034
-950.272
-950.511
-950.749
-950.988
-951.226
-951.464
-951.702
-951.94
-952.178
-952.416
-952.654
-952.891
-953.129
-953.366
-953.604
-953.841
-954.078
-954.315
-954.552
-954.789
-955.026
-955.263
-955.499
-955.736
-955.972
-956.209
-956.445
-956.681
-956.917
-957.154
-957.389
-957.625
-957.861
-958.097
-958.332
-958.568
-958.803
-959.038
-959.274
-959.509
-959.744
-959.979
-960.214
-960.448
-960.683
-960.918
-961.152
-961.387
-961.621
-961.855
-962.089
-962.323
-962.557
-962.791
-963.025
-963.259
-963.492
-963.726
-963.959
-964.193
-964.426
-964.659
-964.892
-965.125
-965.358
-965.591
-965.823
-966.056
-966.288
-966.521
-966.753
-966.985
-967.218
-967.45
-967.682
-967.914
-968.145
-968.377
-968.609
-968.84
-969.072
-969.303
-969.534
-969.765
-969.997
-970.228
-970.458
-970.689
-970.92
-971.151
-971.381
-971.612
-971.842
-972.072
-972.302
-972.532
-972.762
-972.992
-973.222
-973.452
-973.682
-973.911
-974.141
-974.37
-974.599
-974.828
-975.058
-975.287
-975.515
-975.744
-975.973
-976.202
-976.43
-976.659
-976.887
-977.115
-977.344
-977.572
-977.8
-978.028
-978.255
-978.483
-978.711
-978.938
-979.166
-979.393
-979.621
-979.848
-980.075
-980.302
-980.529
-980.756
-980.983
-981.209
-981.436
-981.662
-981.889
-982.115
-982.341
-982.567
-982.793
-983.019
-983.245
-983.471
-983.697
-983.922
-984.148
-984.373
-984.598
-984.824
-985.049
-985.274
-985.499
-985.724
-985.949
-986.173
-986.398
-986.622
-986.847
-987.071
-987.295
-987.519
-987.743
-987.967
-988.191
-988.415
-988.639
-988.862
-989.086
-989.309
-989.533
-989.756
-989.979
-990.202
-990.425
-990.648
-990.871
-991.094
-991.316
-991.539
-991.761
-991.984
-992.206
-992.428
-992.65
-992.872
-993.094
-993.316
-993.537
-993.759
-993.981
-994.202
-994.423
-994.645
-994.866
-995.087
-995.308
-995.529
-995.75
-995.97
-996.191
-996.412
-996.632
-996.852
-997.073
-997.293
-997.513
-997.733
-997.953
-998.173
-998.392
-998.612
-998.832
-999.051
-999.271
-999.49
-999.709
-999.928
-1000.15
-1000.37
-1000.58
-1000.8
-1001.02
-1001.24
-1001.46
-1001.68
-1001.9
-1002.11
-1002.33
-1002.55
-1002.77
-1002.99
-1003.2
-1003.42
-1003.64
-1003.86
-1004.07
-1004.29
-1004.51
-1004.73
-1004.94
-1005.16
-1005.38
-1005.59
-1005.81
-1006.03
-1006.24
-1006.46
-1006.68
-1006.89
-1007.11
-1007.32
-1007.54
-1007.76
-1007.97
-1008.19
-1008.4
-1008.62
-1008.83
-1009.05
-1009.26
-1009.48
-1009.69
-1009.91
-1010.12
-1010.34
-1010.55
-1010.77
-1010.98
-1011.2
-1011.41
-1011.63
-1011.84
-1012.05
-1012.27
-1012.48
-1012.7
-1012.91
-1013.12
-1013.34
-1013.55
-1013.76
-1013.98
-1014.19
-1014.4
-1014.62
-1014.83
-1015.04
-1015.25
-1015.47
-1015.68
-1015.89
-1016.1
-1016.32
-1016.53
-1016.74
-1016.95
-1017.16
-1017.38
-1017.59
-1017.8
-1018.01
-1018.22
-1018.43
-1018.65
-1018.86
-1019.07
-1019.28
-1019.49
-1019.7
-1019.91
-1020.12
-1020.33
-1020.54
-1020.75
-1020.96
-1021.17
-1021.38
-1021.59
-1021.8
-1022.01
-1022.22
-1022.43
-1022.64
-1022.85
-1023.06
-1023.27
-1023.48
-1023.69
-1023.9
-1024.11
-1024.32
-1024.52
-1024.73
-1024.94
-1025.15
-1025.36
-1025.57
-1025.78
-1025.98
-1026.19
-1026.4
-1026.61
-1026.81
-1027.02
-1027.23
-1027.44
-1027.64
-1027.85
-1028.06
-1028.27
-1028.47
-1028.68
-1028.89
-1029.09
-1029.3
-1029.51
-1029.71
-1029.92
-1030.13
-1030.33
-1030.54
-1030.74
-1030.95
-1031.16
-1031.36
-1031.57
-1031.77
-1031.98
-1032.18
-1032.39
-1032.6
-1032.8
-1033.01
-1033.21
-1033.42
-1033.62
-1033.82
-1034.03
-1034.23
-1034.44
-1034.64
-1034.85
-1035.05
-1035.25
-1035.46
-1035.66
-1035.87
-1036.07
-1036.27
-1036.48
-1036.68
-1036.88
-1037.09
-1037.29
-1037.49
-1037.7
-1037.9
-1038.1
-1038.31
-1038.51
-1038.71
-1038.91
-1039.11
-1039.32
-1039.52
-1039.72
-1039.92
-1040.13
-1040.33
-1040.53
-1040.73
-1040.93
-1041.13
-1041.33
-1041.54
-1041.74
-1041.94
-1042.14
-1042.34
-1042.54
-1042.74
-1042.94
-1043.14
-1043.34
-1043.54
-1043.74
-1043.94
-1044.14
-1044.34
-1044.54
-1044.74
-1044.94
-1045.14
-1045.34
-1045.54
-1045.74
-1045.94
-1046.14
-1046.34
-1046.54
-1046.74
-1046.94
-1047.13
-1047.33
-1047.53
-1047.73
-1047.93
-1048.13
-1048.33
-1048.52
-1048.72
-1048.92
-1049.12
-1049.31
-1049.51
-1049.71
-1049.91
-1050.1
-1050.3
-1050.5
-1050.7
-1050.89
-1051.09
-1051.29
-1051.48
-1051.68
-1051.88
-1052.07
-1052.27
-1052.47
-1052.66
-1052.86
-1053.05
-1053.25
-1053.45
-1053.64
-1053.84
-1054.03
-1054.23
-1054.42
-1054.62
-1054.81
-1055.01
-1055.21
-1055.4
-1055.59
-1055.79
-1055.98
-1056.18
-1056.37
-1056.57
-1056.76
-1056.96
-1057.15
-1057.34
-1057.54
-1057.73
-1057.93
-1058.12
-1058.31
-1058.51
-1058.7
-1058.89
-1059.09
-1059.28
-1059.47
-1059.67
-1059.86
-1060.05
-1060.24
-1060.44
-1060.63
-1060.82
-1061.01
-1061.21
-1061.4
-1061.59
-1061.78
-1061.97
-1062.17
-1062.36
-1062.55
-1062.74
-1062.93
-1063.12
-1063.32
-1063.51
-1063.7
-1063.89
-1064.08
-1064.27
-1064.46
-1064.65
-1064.84
-1065.03
-1065.22
-1065.41
-1065.6
-1065.79
-1065.98
-1066.17
-1066.36
-1066.55
-1066.74
-1066.93
-1067.12
-1067.31
-1067.5
-1067.69
-1067.88
-1068.07
-1068.26
-1068.44
-1068.63
-1068.82
-1069.01
-1069.2
-1069.39
-1069.58
-1069.76
-1069.95
-1070.14
-1070.33
-1070.52
-1070.7
-1070.89
-1071.08
-1071.27
-1071.45
-1071.64
-1071.83
-1072.01
-1072.2
-1072.39
-1072.58
-1072.76
-1072.95
-1073.14
-1073.32
-1073.51
-1073.69
-1073.88
-1074.07
-1074.25
-1074.44
-1074.62
-1074.81
-1075
-1075.18
-1075.37
-1075.55
-1075.74
-1075.92
-1076.11
-1076.29
-1076.48
-1076.66
-1076.85
-1077.03
-1077.22
-1077.4
-1077.59
-1077.77
-1077.95
-1078.14
-1078.32
-1078.51
-1078.69
-1078.87
-1079.06
-1079.24
-1079.42
-1079.61
-1079.79
-1079.97
-1080.16
-1080.34
-1080.52
-1080.71
-1080.89
-1081.07
-1081.25
-1081.44
-1081.62
-1081.8
-1081.98
-1082.17
-1082.35
-1082.53
-1082.71
-1082.89
-1083.07
-1083.26
-1083.44
-1083.62
-1083.8
-1083.98
-1084.16
-1084.34
-1084.52
-1084.71
-1084.89
-1085.07
-1085.25
-1085.43
-1085.61
-1085.79
-1085.97
-1086.15
-1086.33
-1086.51
-1086.69
-1086.87
-1087.05
-1087.23
-1087.41
-1087.59
-1087.77
-1087.95
-1088.12
-1088.3
-1088.48
-1088.66
-1088.84
-1089.02
-1089.2
-1089.38
-1089.55
-1089.73
-1089.91
-1090.09
-1090.27
-1090.45
-1090.62
-1090.8
-1090.98
-1091.16
-1091.33
-1091.51
-1091.69
-1091.87
-1092.04
-1092.22
-1092.4
-1092.57
-1092.75
-1092.93
-1093.1
-1093.28
-1093.46
-1093.63
-1093.81
-1093.99
-1094.16
-1094.34
-1094.51
-1094.69
-1094.87
-1095.04
-1095.22
-1095.39
-1095.57
-1095.74
-1095.92
-1096.09
-1096.27
-1096.44
-1096.62
-1096.79
-1096.97
-1097.14
-1097.32
-1097.49
-1097.66
-1097.84
-1098.01
-1098.19
-1098.36
-1098.53
-1098.71
-1098.88
-1099.05
-1099.23
-1099.4
-1099.57
-1099.75
-1099.92
-1100.09
-1100.27
-1100.44
-1100.61
-1100.79
-1100.96
-1101.13
-1101.3
-1101.47
-1101.65
-1101.82
-1101.99
-1102.16
-1102.33
-1102.51
-1102.68
-1102.85
-1103.02
-1103.19
-1103.36
-1103.53
-1103.71
-1103.88
-1104.05
-1104.22
-1104.39
-1104.56
-1104.73
-1104.9
-1105.07
-1105.24
-1105.41
-1105.58
-1105.75
-1105.92
-1106.09
-1106.26
-1106.43
-1106.6
-1106.77
-1106.94
-1107.11
-1107.28
-1107.45
-1107.62
-1107.79
-1107.95
-1108.12
-1108.29
-1108.46
-1108.63
-1108.8
-1108.96
-1109.13
-1109.3
-1109.47
-1109.64
-1109.81
-1109.97
-1110.14
-1110.31
-1110.48
-1110.64
-1110.81
-1110.98
-1111.14
-1111.31
-1111.48
-1111.65
-1111.81
-1111.98
-1112.15
-1112.31
-1112.48
-1112.64
-1112.81
-1112.98
-1113.14
-1113.31
-1113.47
-1113.64
-1113.81
-1113.97
-1114.14
-1114.3
-1114.47
-1114.63
-1114.8
-1114.96
-1115.13
-1115.29
-1115.46
-1115.62
-1115.79
-1115.95
-1116.12
-1116.28
-1116.44
-1116.61
-1116.77
-1116.94
-1117.1
-1117.26
-1117.43
-1117.59
-1117.75
-1117.92
-1118.08
-1118.24
-1118.41
-1118.57
-1118.73
-1118.9
-1119.06
-1119.22
-1119.38
-1119.55
-1119.71
-1119.87
-1120.03
-1120.2
-1120.36
-1120.52
-1120.68
-1120.84
-1121.01
-1121.17
-1121.33
-1121.49
-1121.65
-1121.81
-1121.97
-1122.13
-1122.3
-1122.46
-1122.62
-1122.78
-1122.94
-1123.1
-1123.26
-1123.42
-1123.58
-1123.74
-1123.9
-1124.06
-1124.22
-1124.38
-1124.54
-1124.7
-1124.86
-1125.02
-1125.18
-1125.34
-1125.5
-1125.65
-1125.81
-1125.97
-1126.13
-1126.29
-1126.45
-1126.61
-1126.77
-1126.92
-1127.08
-1127.24
-1127.4
-1127.56
-1127.71
-1127.87
-1128.03
-1128.19
-1128.34
-1128.5
-1128.66
-1128.82
-1128.97
-1129.13
-1129.29
-1129.44
-1129.6
-1129.76
-1129.91
-1130.07
-1130.23
-1130.38
-1130.54
-1130.7
-1130.85
-1131.01
-1131.16
-1131.32
-1131.48
-1131.63
-1131.79
-1131.94
-1132.1
-1132.25
-1132.41
-1132.56
-1132.72
-1132.87
-1133.03
-1133.18
-1133.34
-1133.49
-1133.65
-1133.8
-1133.95
-1134.11
-1134.26
-1134.42
-1134.57
-1134.72
-1134.88
-1135.03
-1135.19
-1135.34
-1135.49
-1135.65
-1135.8
-1135.95
-1136.1
-1136.26
-1136.41
-1136.56
-1136.72
-1136.87
-1137.02
-1137.17
-1137.33
-1137.48
-1137.63
-1137.78
-1137.93
-1138.09
-1138.24
-1138.39
-1138.54
-1138.69
-1138.84
-1138.99
-1139.15
-1139.3
-1139.45
-1139.6
-1139.75
-1139.9
-1140.05
-1140.2
-1140.35
-1140.5
-1140.65
-1140.8
-1140.95
-1141.1
-1141.25
-1141.4
-1141.55
-1141.7
-1141.85
-1142
-1142.15
-1142.3
-1142.45
-1142.6
-1142.75
-1142.89
-1143.04
-1143.19
-1143.34
-1143.49
-1143.64
-1143.79
-1143.93
-1144.08
-1144.23
-1144.38
-1144.53
-1144.67
-1144.82
-1144.97
-1145.12
-1145.26
-1145.41
-1145.56
-1145.71
-1145.85
-1146
-1146.15
-1146.29
-1146.44
-1146.59
-1146.73
-1146.88
-1147.03
-1147.17
-1147.32
-1147.47
-1147.61
-1147.76
-1147.9
-1148.05
-1148.19
-1148.34
-1148.49
-1148.63
-1148.78
-1148.92
-1149.07
-1149.21
-1149.36
-1149.5
-1149.65
-1149.79
-1149.94
-1150.08
-1150.22
-1150.37
-1150.51
-1150.66
-1150.8
-1150.94
-1151.09
-1151.23
-1151.38
-1151.52
-1151.66
-1151.81
-1151.95
-1152.09
-1152.24
-1152.38
-1152.52
-1152.66
-1152.81
-1152.95
-1153.09
-1153.23
-1153.38
-1153.52
-1153.66
-1153.8
-1153.95
-1154.09
-1154.23
-1154.37
-1154.51
-1154.65
-1154.8
-1154.94
-1155.08
-1155.22
-1155.36
-1155.5
-1155.64
-1155.78
-1155.92
-1156.06
-1156.21
-1156.35
-1156.49
-1156.63
-1156.77
-1156.91
-1157.05
-1157.19
-1157.33
-1157.47
-1157.61
-1157.75
-1157.88
-1158.02
-1158.16
-1158.3
-1158.44
-1158.58
-1158.72
-1158.86
-1159
-1159.14
-1159.27
-1159.41
-1159.55
-1159.69
-1159.83
-1159.97
-1160.1
-1160.24
-1160.38
-1160.52
-1160.65
-1160.79
-1160.93
-1161.07
-1161.2
-1161.34
-1161.48
-1161.62
-1161.75
-1161.89
-1162.03
-1162.16
-1162.3
-1162.44
-1162.57
-1162.71
-1162.84
-1162.98
-1163.12
-1163.25
-1163.39
-1163.52
-1163.66
-1163.8
-1163.93
-1164.07
-1164.2
-1164.34
-1164.47
-1164.61
-1164.74
-1164.88
-1165.01
-1165.15
-1165.28
-1165.42
-1165.55
-1165.68
-1165.82
-1165.95
-1166.09
-1166.22
-1166.35
-1166.49
-1166.62
-1166.75
-1166.89
-1167.02
-1167.16
-1167.29
-1167.42
-1167.55
-1167.69
-1167.82
-1167.95
-1168.09
-1168.22
-1168.35
-1168.48
-1168.62
-1168.75
-1168.88
-1169.01
-1169.14
-1169.28
-1169.41
-1169.54
-1169.67
-1169.8
-1169.93
-1170.06
-1170.2
-1170.33
-1170.46
-1170.59
-1170.72
-1170.85
-1170.98
-1171.11
-1171.24
-1171.37
-1171.5
-1171.63
-1171.76
-1171.89
-1172.02
-1172.15
-1172.28
-1172.41
-1172.54
-1172.67
-1172.8
-1172.93
-1173.06
-1173.19
-1173.32
-1173.45
-1173.57
-1173.7
-1173.83
-1173.96
-1174.09
-1174.22
-1174.35
-1174.47
-1174.6
-1174.73
-1174.86
-1174.99
-1175.11
-1175.24
-1175.37
-1175.5
-1175.62
-1175.75
-1175.88
-1176
-1176.13
-1176.26
-1176.39
-1176.51
-1176.64
-1176.77
-1176.89
-1177.02
-1177.14
-1177.27
-1177.4
-1177.52
-1177.65
-1177.77
-1177.9
-1178.03
-1178.15
-1178.28
-1178.4
-1178.53
-1178.65
-1178.78
-1178.9
-1179.03
-1179.15
-1179.28
-1179.4
-1179.53
-1179.65
-1179.78
-1179.9
-1180.02
-1180.15
-1180.27
-1180.4
-1180.52
-1180.64
-1180.77
-1180.89
-1181.01
-1181.14
-1181.26
-1181.38
-1181.51
-1181.63
-1181.75
-1181.88
-1182
-1182.12
-1182.24
-1182.37
-1182.49
-1182.61
-1182.73
-1182.86
-1182.98
-1183.1
-1183.22
-1183.34
-1183.46
-1183.59
-1183.71
-1183.83
-1183.95
-1184.07
-1184.19
-1184.31
-1184.43
-1184.56
-1184.68
-1184.8
-1184.92
-1185.04
-1185.16
-1185.28
-1185.4
-1185.52
-1185.64
-1185.76
-1185.88
-1186
-1186.12
-1186.24
-1186.36
-1186.48
-1186.6
-1186.71
-1186.83
-1186.95
-1187.07
-1187.19
-1187.31
-1187.43
-1187.55
-1187.66
-1187.78
-1187.9
-1188.02
-1188.14
-1188.26
-1188.37
-1188.49
-1188.61
-1188.73
-1188.84
-1188.96
-1189.08
-1189.2
-1189.31
-1189.43
-1189.55
-1189.66
-1189.78
-1189.9
-1190.01
-1190.13
-1190.25
-1190.36
-1190.48
-1190.6
-1190.71
-1190.83
-1190.94
-1191.06
-1191.18
-1191.29
-1191.41
-1191.52
-1191.64
-1191.75
-1191.87
-1191.98
-1192.1
-1192.21
-1192.33
-1192.44
-1192.56
-1192.67
-1192.79
-1192.9
-1193.01
-1193.13
-1193.24
-1193.36
-1193.47
-1193.58
-1193.7
-1193.81
-1193.93
-1194.04
-1194.15
-1194.27
-1194.38
-1194.49
-1194.6
-1194.72
-1194.83
-1194.94
-1195.06
-1195.17
-1195.28
-1195.39
-1195.51
-1195.62
-1195.73
-1195.84
-1195.95
-1196.07
-1196.18
-1196.29
-1196.4
-1196.51
-1196.62
-1196.73
-1196.85
-1196.96
-1197.07
-1197.18
-1197.29
-1197.4
-1197.51
-1197.62
-1197.73
-1197.84
-1197.95
-1198.06
-1198.17
-1198.28
-1198.39
-1198.5
-1198.61
-1198.72
-1198.83
-1198.94
-1199.05
-1199.16
-1199.27
-1199.38
-1199.49
-1199.59
-1199.7
-1199.81
-1199.92
-1200.03
-1200.14
-1200.25
-1200.35
-1200.46
-1200.57
-1200.68
-1200.79
-1200.89
-1201
-1201.11
-1201.22
-1201.32
-1201.43
-1201.54
-1201.65
-1201.75
-1201.86
-1201.97
-1202.07
-1202.18
-1202.29
-1202.39
-1202.5
-1202.61
-1202.71
-1202.82
-1202.92
-1203.03
-1203.14
-1203.24
-1203.35
-1203.45
-1203.56
-1203.66
-1203.77
-1203.88
-1203.98
-1204.09
-1204.19
-1204.3
-1204.4
-1204.5
-1204.61
-1204.71
-1204.82
-1204.92
-1205.03
-1205.13
-1205.23
-1205.34
-1205.44
-1205.55
-1205.65
-1205.75
-1205.86
-1205.96
-1206.06
-1206.17
-1206.27
-1206.37
-1206.48
-1206.58
-1206.68
-1206.78
-1206.89
-1206.99
-1207.09
-1207.19
-1207.3
-1207.4
-1207.5
-1207.6
-1207.7
-1207.81
-1207.91
-1208.01
-1208.11
-1208.21
-1208.31
-1208.41
-1208.52
-1208.62
-1208.72
-1208.82
-1208.92
-1209.02
-1209.12
-1209.22
-1209.32
-1209.42
-1209.52
-1209.62
-1209.72
-1209.82
-1209.92
-1210.02
-1210.12
-1210.22
-1210.32
-1210.42
-1210.52
-1210.62
-1210.72
-1210.82
-1210.92
-1211.01
-1211.11
-1211.21
-1211.31
-1211.41
-1211.51
-1211.61
-1211.7
-1211.8
-1211.9
-1212
-1212.1
-1212.19
-1212.29
-1212.39
-1212.49
-1212.58
-1212.68
-1212.78
-1212.87
-1212.97
-1213.07
-1213.17
-1213.26
-1213.36
-1213.46
-1213.55
-1213.65
-1213.74
-1213.84
-1213.94
-1214.03
-1214.13
-1214.22
-1214.32
-1214.42
-1214.51
-1214.61
-1214.7
-1214.8
-1214.89
-1214.99
-1215.08
-1215.18
-1215.27
-1215.37
-1215.46
-1215.56
-1215.65
-1215.75
-1215.84
-1215.93
-1216.03
-1216.12
-1216.22
-1216.31
-1216.4
-1216.5
-1216.59
-1216.68
-1216.78
-1216.87
-1216.96
-1217.06
-1217.15
-1217.24
-1217.34
-1217.43
-1217.52
-1217.61
-1217.71
-1217.8
-1217.89
-1217.98
-1218.07
-1218.17
-1218.26
-1218.35
-1218.44
-1218.53
-1218.62
-1218.72
-1218.81
-1218.9
-1218.99
-1219.08
-1219.17
-1219.26
-1219.35
-1219.44
-1219.53
-1219.63
-1219.72
-1219.81
-1219.9
-1219.99
-1220.08
-1220.17
-1220.26
-1220.35
-1220.44
-1220.53
-1220.61
-1220.7
-1220.79
-1220.88
-1220.97
-1221.06
-1221.15
-1221.24
-1221.33
-1221.42
-1221.5
-1221.59
-1221.68
-1221.77
-1221.86
-1221.95
-1222.03
-1222.12
-1222.21
-1222.3
-1222.39
-1222.47
-1222.56
-1222.65
-1222.74
-1222.82
-1222.91
-1223
-1223.08
-1223.17
-1223.26
-1223.34
-1223.43
-1223.52
-1223.6
-1223.69
-1223.78
-1223.86
-1223.95
-1224.03
-1224.12
-1224.21
-1224.29
-1224.38
-1224.46
-1224.55
-1224.63
-1224.72
-1224.8
-1224.89
-1224.97
-1225.06
-1225.14
-1225.23
-1225.31
-1225.4
-1225.48
-1225.57
-1225.65
-1225.73
-1225.82
-1225.9
-1225.99
-1226.07
-1226.15
-1226.24
-1226.32
-1226.4
-1226.49
-1226.57
-1226.65
-1226.74
-1226.82
-1226.9
-1226.98
-1227.07
-1227.15
-1227.23
-1227.31
-1227.4
-1227.48
-1227.56
-1227.64
-1227.72
-1227.81
-1227.89
-1227.97
-1228.05
-1228.13
-1228.21
-1228.3
-1228.38
-1228.46
-1228.54
-1228.62
-1228.7
-1228.78
-1228.86
-1228.94
-1229.02
-1229.1
-1229.18
-1229.26
-1229.34
-1229.42
-1229.5
-1229.58
-1229.66
-1229.74
-1229.82
-1229.9
-1229.98
-1230.06
-1230.14
-1230.22
-1230.3
-1230.38
-1230.45
-1230.53
-1230.61
-1230.69
-1230.77
-1230.85
-1230.93
-1231
-1231.08
-1231.16
-1231.24
-1231.31
-1231.39
-1231.47
-1231.55
-1231.62
-1231.7
-1231.78
-1231.86
-1231.93
-1232.01
-1232.09
-1232.16
-1232.24
-1232.32
-1232.39
-1232.47
-1232.55
-1232.62
-1232.7
-1232.78
-1232.85
-1232.93
-1233
-1233.08
-1233.15
-1233.23
-1233.3
-1233.38
-1233.46
-1233.53
-1233.61
-1233.68
-1233.75
-1233.83
-1233.9
-1233.98
-1234.05
-1234.13
-1234.2
-1234.28
-1234.35
-1234.42
-1234.5
-1234.57
-1234.65
-1234.72
-1234.79
-1234.87
-1234.94
-1235.01
-1235.09
-1235.16
-1235.23
-1235.31
-1235.38
-1235.45
-1235.52
-1235.6
-1235.67
-1235.74
-1235.81
-1235.89
-1235.96
-1236.03
-1236.1
-1236.17
-1236.24
-1236.32
-1236.39
-1236.46
-1236.53
-1236.6
-1236.67
-1236.74
-1236.81
-1236.89
-1236.96
-1237.03
-1237.1
-1237.17
-1237.24
-1237.31
-1237.38
-1237.45
-1237.52
-1237.59
-1237.66
-1237.73
-1237.8
-1237.87
-1237.94
-1238.01
-1238.08
-1238.15
-1238.22
-1238.28
-1238.35
-1238.42
-1238.49
-1238.56
-1238.63
-1238.7
-1238.76
-1238.83
-1238.9
-1238.97
-1239.04
-1239.11
-1239.17
-1239.24
-1239.31
-1239.38
-1239.44
-1239.51
-1239.58
-1239.65
-1239.71
-1239.78
-1239.85
-1239.91
-1239.98
-1240.05
-1240.11
-1240.18
-1240.25
-1240.31
-1240.38
-1240.44
-1240.51
-1240.58
-1240.64
-1240.71
-1240.77
-1240.84
-1240.9
-1240.97
-1241.04
-1241.1
-1241.17
-1241.23
-1241.3
-1241.36
-1241.43
-1241.49
-1241.55
-1241.62
-1241.68
-1241.75
-1241.81
-1241.88
-1241.94
-1242
-1242.07
-1242.13
-1242.19
-1242.26
-1242.32
-1242.38
-1242.45
-1242.51
-1242.57
-1242.64
-1242.7
-1242.76
-1242.83
-1242.89
-1242.95
-1243.01
-1243.08
-1243.14
-1243.2
-1243.26
-1243.32
-1243.39
-1243.45
-1243.51
-1243.57
-1243.63
-1243.69
-1243.76
-1243.82
-1243.88
-1243.94
-1244
-1244.06
-1244.12
-1244.18
-1244.24
-1244.3
-1244.36
-1244.42
-1244.48
-1244.54
-1244.6
-1244.66
-1244.72
-1244.78
-1244.84
-1244.9
-1244.96
-1245.02
-1245.08
-1245.14
-1245.2
-1245.26
-1245.32
-1245.38
-1245.43
-1245.49
-1245.55
-1245.61
-1245.67
-1245.73
-1245.78
-1245.84
-1245.9
-1245.96
-1246.02
-1246.07
-1246.13
-1246.19
-1246.25
-1246.3
-1246.36
-1246.42
-1246.48
-1246.53
-1246.59
-1246.65
-1246.7
-1246.76
-1246.82
-1246.87
-1246.93
-1246.99
-1247.04
-1247.1
-1247.15
-1247.21
-1247.26
-1247.32
-1247.38
-1247.43
-1247.49
-1247.54
-1247.6
-1247.65
-1247.71
-1247.76
-1247.82
-1247.87
-1247.93
-1247.98
-1248.04
-1248.09
-1248.14
-1248.2
-1248.25
-1248.31
-1248.36
-1248.41
-1248.47
-1248.52
-1248.58
-1248.63
-1248.68
-1248.74
-1248.79
-1248.84
-1248.9
-1248.95
-1249
-1249.05
-1249.11
-1249.16
-1249.21
-1249.26
-1249.32
-1249.37
-1249.42
-1249.47
-1249.52
-1249.58
-1249.63
-1249.68
-1249.73
-1249.78
-1249.83
-1249.88
-1249.94
-1249.99
-1250.04
-1250.09
-1250.14
-1250.19
-1250.24
-1250.29
-1250.34
-1250.39
-1250.44
-1250.49
-1250.54
-1250.59
-1250.64
-1250.69
-1250.74
-1250.79
-1250.84
-1250.89
-1250.94
-1250.99
-1251.04
-1251.09
-1251.14
-1251.18
-1251.23
-1251.28
-1251.33
-1251.38
-1251.43
-1251.48
-1251.52
-1251.57
-1251.62
-1251.67
-1251.72
-1251.76
-1251.81
-1251.86
-1251.91
-1251.95
-1252
-1252.05
-1252.1
-1252.14
-1252.19
-1252.24
-1252.28
-1252.33
-1252.38
-1252.42
-1252.47
-1252.52
-1252.56
-1252.61
-1252.65
-1252.7
-1252.75
-1252.79
-1252.84
-1252.88
-1252.93
-1252.97
-1253.02
-1253.06
-1253.11
-1253.15
-1253.2
-1253.24
-1253.29
-1253.33
-1253.38
-1253.42
-1253.47
-1253.51
-1253.55
-1253.6
-1253.64
-1253.69
-1253.73
-1253.77
-1253.82
-1253.86
-1253.9
-1253.95
-1253.99
-1254.03
-1254.08
-1254.12
-1254.16
-1254.2
-1254.25
-1254.29
-1254.33
-1254.37
-1254.42
-1254.46
-1254.5
-1254.54
-1254.59
-1254.63
-1254.67
-1254.71
-1254.75
-1254.79
-1254.83
-1254.88
-1254.92
-1254.96
-1255
-1255.04
-1255.08
-1255.12
-1255.16
-1255.2
-1255.24
-1255.28
-1255.32
-1255.36
-1255.4
-1255.44
-1255.48
-1255.52
-1255.56
-1255.6
-1255.64
-1255.68
-1255.72
-1255.76
-1255.8
-1255.84
-1255.88
-1255.92
-1255.96
-1255.99
-1256.03
-1256.07
-1256.11
-1256.15
-1256.19
-1256.22
-1256.26
-1256.3
-1256.34
-1256.38
-1256.41
-1256.45
-1256.49
-1256.53
-1256.56
-1256.6
-1256.64
-1256.67
-1256.71
-1256.75
-1256.78
-1256.82
-1256.86
-1256.89
-1256.93
-1256.97
-1257
-1257.04
-1257.08
-1257.11
-1257.15
-1257.18
-1257.22
-1257.25
-1257.29
-1257.32
-1257.36
-1257.39
-1257.43
-1257.46
-1257.5
-1257.53
-1257.57
-1257.6
-1257.64
-1257.67
-1257.71
-1257.74
-1257.78
-1257.81
-1257.84
-1257.88
-1257.91
-1257.94
-1257.98
-1258.01
-1258.05
-1258.08
-1258.11
-1258.14
-1258.18
-1258.21
-1258.24
-1258.28
-1258.31
-1258.34
-1258.37
-1258.41
-1258.44
-1258.47
-1258.5
-1258.53
-1258.57
-1258.6
-1258.63
-1258.66
-1258.69
-1258.72
-1258.76
-1258.79
-1258.82
-1258.85
-1258.88
-1258.91
-1258.94
-1258.97
-1259
-1259.03
-1259.06
-1259.09
-1259.13
-1259.16
-1259.19
-1259.22
-1259.25
-1259.27
-1259.3
-1259.33
-1259.36
-1259.39
-1259.42
-1259.45
-1259.48
-1259.51
-1259.54
-1259.57
-1259.6
-1259.62
-1259.65
-1259.68
-1259.71
-1259.74
-1259.77
-1259.79
-1259.82
-1259.85
-1259.88
-1259.91
-1259.93
-1259.96
-1259.99
-1260.02
-1260.04
-1260.07
-1260.1
-1260.12
-1260.15
-1260.18
-1260.21
-1260.23
-1260.26
-1260.28
-1260.31
-1260.34
-1260.36
-1260.39
-1260.42
-1260.44
-1260.47
-1260.49
-1260.52
-1260.54
-1260.57
-1260.59
-1260.62
-1260.64
-1260.67
-1260.69
-1260.72
-1260.74
-1260.77
-1260.79
-1260.82
-1260.84
-1260.87
-1260.89
-1260.92
-1260.94
-1260.96
-1260.99
-1261.01
-1261.03
-1261.06
-1261.08
-1261.1
-1261.13
-1261.15
-1261.17
-1261.2
-1261.22
-1261.24
-1261.27
-1261.29
-1261.31
-1261.33
-1261.36
-1261.38
-1261.4
-1261.42
-1261.44
-1261.47
-1261.49
-1261.51
-1261.53
-1261.55
-1261.57
-1261.6
-1261.62
-1261.64
-1261.66
-1261.68
-1261.7
-1261.72
-1261.74
-1261.76
-1261.78
-1261.8
-1261.82
-1261.84
-1261.86
-1261.88
-1261.9
-1261.92
-1261.94
-1261.96
-1261.98
-1262
-1262.02
-1262.04
-1262.06
-1262.08
-1262.1
-1262.12
-1262.14
-1262.15
-1262.17
-1262.19
-1262.21
-1262.23
-1262.25
-1262.26
-1262.28
-1262.3
-1262.32
-1262.34
-1262.35
-1262.37
-1262.39
-1262.41
-1262.42
-1262.44
-1262.46
-1262.48
-1262.49
-1262.51
-1262.53
-1262.54
-1262.56
-1262.58
-1262.59
-1262.61
-1262.62
-1262.64
-1262.66
-1262.67
-1262.69
-1262.7
-1262.72
-1262.74
-1262.75
-1262.77
-1262.78
-1262.8
-1262.81
-1262.83
-1262.84
-1262.86
-1262.87
-1262.89
-1262.9
-1262.91
-1262.93
-1262.94
-1262.96
-1262.97
-1262.99
-1263
-1263.01
-1263.03
-1263.04
-1263.05
-1263.07
-1263.08
-1263.09
-1263.11
-1263.12
-1263.13
-1263.15
-1263.16
-1263.17
-1263.18
-1263.2
-1263.21
-1263.22
-1263.23
-1263.25
-1263.26
-1263.27
-1263.28
-1263.29
-1263.3
-1263.32
-1263.33
-1263.34
-1263.35
-1263.36
-1263.37
-1263.38
-1263.39
-1263.41
-1263.42
-1263.43
-1263.44
-1263.45
-1263.46
-1263.47
-1263.48
-1263.49
-1263.5
-1263.51
-1263.52
-1263.53
-1263.54
-1263.55
-1263.56
-1263.57
-1263.58
-1263.58
-1263.59
-1263.6
-1263.61
-1263.62
-1263.63
-1263.64
-1263.65
-1263.65
-1263.66
-1263.67
-1263.68
-1263.69
-1263.69
-1263.7
-1263.71
-1263.72
-1263.73
-1263.73
-1263.74
-1263.75
-1263.76
-1263.76
-1263.77
-1263.78
-1263.78
-1263.79
-1263.8
-1263.8
-1263.81
-1263.82
-1263.82
-1263.83
-1263.83
-1263.84
-1263.85
-1263.85
-1263.86
-1263.86
-1263.87
-1263.87
-1263.88
-1263.88
-1263.89
-1263.89
-1263.9
-1263.9
-1263.91
-1263.91
-1263.92
-1263.92
-1263.93
-1263.93
-1263.94
-1263.94
-1263.94
-1263.95
-1263.95
-1263.96
-1263.96
-1263.96
-1263.97
-1263.97
-1263.97
-1263.98
-1263.98
-1263.98
-1263.99
-1263.99
-1263.99
-1263.99
-1264
-1264
-1264
-1264
-1264.01
-1264.01
-1264.01
-1264.01
-1264.01
-1264.01
-1264.02
-1264.02
-1264.02
-1264.02
-1264.02
-1264.02
-1264.02
-1264.03
-1264.03
-1264.03
-1264.03
-1264.03
-1264.03
-1264.03
-1264.03
-1264.03
-1264.03
-1264.03
-1264.03
-1264.03
-1264.03
-1264.03
-1264.03
-1264.03
-1264.03
-1264.03
-1264.03
-1264.03
-1264.02
-1264.02
-1264.02
-1264.02
-1264.02
-1264.02
-1264.02
-1264.01
-1264.01
-1264.01
-1264.01
-1264.01
-1264.01
-1264
-1264
-1264
-1264
-1263.99
-1263.99
-1263.99
-1263.99
-1263.98
-1263.98
-1263.98
-1263.97
-1263.97
-1263.97
-1263.96
-1263.96
-1263.96
-1263.95
-1263.95
-1263.94
-1263.94
-1263.94
-1263.93
-1263.93
-1263.92
-1263.92
-1263.91
-1263.91
-1263.9
-1263.9
-1263.89
-1263.89
-1263.88
-1263.88
-1263.87
-1263.87
-1263.86
-1263.86
-1263.85
-1263.85
-1263.84
-1263.83
-1263.83
-1263.82
-1263.82
-1263.81
-1263.8
-1263.8
-1263.79
-1263.78
-1263.78
-1263.77
-1263.76
-1263.76
-1263.75
-1263.74
-1263.73
-1263.73
-1263.72
-1263.71
-1263.7
-1263.7
-1263.69
-1263.68
-1263.67
-1263.66
-1263.66
-1263.65
-1263.64
-1263.63
-1263.62
-1263.61
-1263.6
-1263.59
-1263.59
-1263.58
-1263.57
-1263.56
-1263.55
-1263.54
-1263.53
-1263.52
-1263.51
-1263.5
-1263.49
-1263.48
-1263.47
-1263.46
-1263.45
-1263.44
-1263.43
-1263.42
-1263.41
-1263.4
-1263.39
-1263.37
-1263.36
-1263.35
-1263.34
-1263.33
-1263.32
-1263.31
-1263.3
-1263.28
-1263.27
-1263.26
-1263.25
-1263.24
-1263.22
-1263.21
-1263.2
-1263.19
-1263.17
-1263.16
-1263.15
-1263.14
-1263.12
-1263.11
-1263.1
-1263.08
-1263.07
-1263.06
-1263.04
-1263.03
-1263.02
-1263
-1262.99
-1262.98
-1262.96
-1262.95
-1262.93
-1262.92
-1262.91
-1262.89
-1262.88
-1262.86
-1262.85
-1262.83
-1262.82
-1262.8
-1262.79
-1262.77
-1262.76
-1262.74
-1262.73
-1262.71
-1262.69
-1262.68
-1262.66
-1262.65
-1262.63
-1262.62
-1262.6
-1262.58
-1262.57
-1262.55
-1262.53
-1262.52
-1262.5
-1262.48
-1262.47
-1262.45
-1262.43
-1262.42
-1262.4
-1262.38
-1262.36
-1262.35
-1262.33
-1262.31
-1262.29
-1262.27
-1262.26
-1262.24
-1262.22
-1262.2
-1262.18
-1262.17
-1262.15
-1262.13
-1262.11
-1262.09
-1262.07
-1262.05
-1262.03
-1262.01
-1262
-1261.98
-1261.96
-1261.94
-1261.92
-1261.9
-1261.88
-1261.86
-1261.84
-1261.82
-1261.8
-1261.78
-1261.76
-1261.74
-1261.72
-1261.7
-1261.67
-1261.65
-1261.63
-1261.61
-1261.59
-1261.57
-1261.55
-1261.53
-1261.51
-1261.48
-1261.46
-1261.44
-1261.42
-1261.4
-1261.38
-1261.35
-1261.33
-1261.31
-1261.29
-1261.26
-1261.24
-1261.22
-1261.2
-1261.17
-1261.15
-1261.13
-1261.1
-1261.08
-1261.06
-1261.03
-1261.01
-1260.99
-1260.96
-1260.94
-1260.92
-1260.89
-1260.87
-1260.85
-1260.82
-1260.8
-1260.77
-1260.75
-1260.72
-1260.7
-1260.67
-1260.65
-1260.62
-1260.6
-1260.57
-1260.55
-1260.52
-1260.5
-1260.47
-1260.45
-1260.42
-1260.4
-1260.37
-1260.35
-1260.32
-1260.29
-1260.27
-1260.24
-1260.21
-1260.19
-1260.16
-1260.14
-1260.11
-1260.08
-1260.06
-1260.03
-1260
-1259.97
-1259.95
-1259.92
-1259.89
-1259.87
-1259.84
-1259.81
-1259.78
-1259.75
-1259.73
-1259.7
-1259.67
-1259.64
-1259.61
-1259.59
-1259.56
-1259.53
-1259.5
-1259.47
-1259.44
-1259.41
-1259.39
-1259.36
-1259.33
-1259.3
-1259.27
-1259.24
-1259.21
-1259.18
-1259.15
-1259.12
-1259.09
-1259.06
-1259.03
-1259
-1258.97
-1258.94
-1258.91
-1258.88
-1258.85
-1258.82
-1258.79
-1258.76
-1258.73
-1258.7
-1258.66
-1258.63
-1258.6
-1258.57
-1258.54
-1258.51
-1258.48
-1258.44
-1258.41
-1258.38
-1258.35
-1258.32
-1258.29
-1258.25
-1258.22
-1258.19
-1258.16
-1258.12
-1258.09
-1258.06
-1258.03
-1257.99
-1257.96
-1257.93
-1257.89
-1257.86
-1257.83
-1257.79
-1257.76
-1257.73
-1257.69
-1257.66
-1257.63
-1257.59
-1257.56
-1257.52
-1257.49
-1257.45
-1257.42
-1257.39
-1257.35
-1257.32
-1257.28
-1257.25
-1257.21
-1257.18
-1257.14
-1257.11
-1257.07
-1257.04
-1257
-1256.97
-1256.93
-1256.89
-1256.86
-1256.82
-1256.79
-1256.75
-1256.72
-1256.68
-1256.64
-1256.61
-1256.57
-1256.53
-1256.5
-1256.46
-1256.42
-1256.39
-1256.35
-1256.31
-1256.28
-1256.24
-1256.2
-1256.16
-1256.13
-1256.09
-1256.05
-1256.01
-1255.98
-1255.94
-1255.9
-1255.86
-1255.83
-1255.79
-1255.75
-1255.71
-1255.67
-1255.63
-1255.59
-1255.56
-1255.52
-1255.48
-1255.44
-1255.4
-1255.36
-1255.32
-1255.28
-1255.24
-1255.2
-1255.17
-1255.13
-1255.09
-1255.05
-1255.01
-1254.97
-1254.93
-1254.89
-1254.85
-1254.81
-1254.77
-1254.73
-1254.68
-1254.64
-1254.6
-1254.56
-1254.52
-1254.48
-1254.44
-1254.4
-1254.36
-1254.32
-1254.28
-1254.23
-1254.19
-1254.15
-1254.11
-1254.07
-1254.03
-1253.98
-1253.94
-1253.9
-1253.86
-1253.82
-1253.77
-1253.73
-1253.69
-1253.65
-1253.6
-1253.56
-1253.52
-1253.48
-1253.43
-1253.39
-1253.35
-1253.3
-1253.26
-1253.22
-1253.17
-1253.13
-1253.09
-1253.04
-1253
-1252.96
-1252.91
-1252.87
-1252.82
-1252.78
-1252.74
-1252.69
-1252.65
-1252.6
-1252.56
-1252.51
-1252.47
-1252.42
-1252.38
-1252.33
-1252.29
-1252.24
-1252.2
-1252.15
-1252.11
-1252.06
-1252.02
-1251.97
-1251.93
-1251.88
-1251.83
-1251.79
-1251.74
-1251.7
-1251.65
-1251.61
-1251.56
-1251.51
-1251.47
-1251.42
-1251.37
-1251.33
-1251.28
-1251.23
-1251.19
-1251.14
-1251.09
-1251.05
-1251
-1250.95
-1250.9
-1250.86
-1250.81
-1250.76
-1250.71
-1250.67
-1250.62
-1250.57
-1250.52
-1250.48
-1250.43
-1250.38
-1250.33
-1250.28
-1250.23
-1250.19
-1250.14
-1250.09
-1250.04
-1249.99
-1249.94
-1249.89
-1249.85
-1249.8
-1249.75
-1249.7
-1249.65
-1249.6
-1249.55
-1249.5
-1249.45
-1249.4
-1249.35
-1249.3
-1249.25
-1249.2
-1249.15
-1249.1
-1249.05
-1249
-1248.95
-1248.9
-1248.85
-1248.8
-1248.75
-1248.7
-1248.65
-1248.6
-1248.55
-1248.5
-1248.45
-1248.4
-1248.34
-1248.29
-1248.24
-1248.19
-1248.14
-1248.09
-1248.04
-1247.99
-1247.93
-1247.88
-1247.83
-1247.78
-1247.73
-1247.67
-1247.62
-1247.57
-1247.52
-1247.47
-1247.41
-1247.36
-1247.31
-1247.26
-1247.2
-1247.15
-1247.1
-1247.05
-1246.99
-1246.94
-1246.89
-1246.83
-1246.78
-1246.73
-1246.68
-1246.62
-1246.57
-1246.52
-1246.46
-1246.41
-1246.35
-1246.3
-1246.25
-1246.19
-1246.14
-1246.09
-1246.03
-1245.98
-1245.92
-1245.87
-1245.82
-1245.76
-1245.71
-1245.65
-1245.6
-1245.54
-1245.49
-1245.43
-1245.38
-1245.32
-1245.27
-1245.22
-1245.16
-1245.11
-1245.05
-1244.99
-1244.94
-1244.88
-1244.83
-1244.77
-1244.72
-1244.66
-1244.61
-1244.55
-1244.5
-1244.44
-1244.38
-1244.33
-1244.27
-1244.22
-1244.16
-1244.1
-1244.05
-1243.99
-1243.94
-1243.88
-1243.82
-1243.77
-1243.71
-1243.65
-1243.6
-1243.54
-1243.48
-1243.43
-1243.37
-1243.31
-1243.26
-1243.2
-1243.14
-1243.09
-1243.03
-1242.97
-1242.91
-1242.86
-1242.8
-1242.74
-1242.68
-1242.63
-1242.57
-1242.51
-1242.45
-1242.4
-1242.34
-1242.28
-1242.22
-1242.17
-1242.11
-1242.05
-1241.99
-1241.93
-1241.88
-1241.82
-1241.76
-1241.7
-1241.64
-1241.58
-1241.53
-1241.47
-1241.41
-1241.35
-1241.29
-1241.23
-1241.17
-1241.12
-1241.06
-1241
-1240.94
-1240.88
-1240.82
-1240.76
-1240.7
-1240.64
-1240.59
-1240.53
-1240.47
-1240.41
-1240.35
-1240.29
-1240.23
-1240.17
-1240.11
-1240.05
-1239.99
-1239.93
-1239.87
-1239.81
-1239.75
-1239.69
-1239.63
-1239.57
-1239.51
-1239.45
-1239.39
-1239.33
-1239.27
-1239.21
-1239.15
-1239.09
-1239.03
-1238.97
-1238.91
-1238.85
-1238.79
-1238.73
-1238.67
-1238.61
-1238.55
-1238.49
-1238.43
-1238.37
-1238.31
-1238.25
-1238.19
-1238.13
-1238.07
-1238.01
-1237.95
-1237.89
-1237.82
-1237.76
-1237.7
-1237.64
-1237.58
-1237.52
-1237.46
-1237.4
-1237.34
-1237.28
-1237.22
-1237.15
-1237.09
-1237.03
-1236.97
-1236.91
-1236.85
-1236.79
-1236.73
-1236.67
-1236.6
-1236.54
-1236.48
-1236.42
-1236.36
-1236.3
-1236.24
-1236.18
-1236.11
-1236.05
-1235.99
-1235.93
-1235.87
-1235.81
-1235.75
-1235.68
-1235.62
-1235.56
-1235.5
-1235.44
-1235.38
-1235.32
-1235.25
-1235.19
-1235.13
-1235.07
-1235.01
-1234.95
-1234.89
-1234.82
-1234.76
-1234.7
-1234.64
-1234.58
-1234.52
-1234.45
-1234.39
-1234.33
-1234.27
-1234.21
-1234.15
-1234.09
-1234.02
-1233.96
-1233.9
-1233.84
-1233.78
-1233.72
-1233.65
-1233.59
-1233.53
-1233.47
-1233.41
-1233.35
-1233.29
-1233.22
-1233.16
-1233.1
-1233.04
-1232.98
-1232.92
-1232.86
-1232.79
-1232.73
-1232.67
-1232.61
-1232.55
-1232.49
-1232.43
-1232.37
-1232.3
-1232.24
-1232.18
-1232.12
-1232.06
-1232
-1231.94
-1231.88
-1231.82
-1231.76
-1231.69
-1231.63
-1231.57
-1231.51
-1231.45
-1231.39
-1231.33
-1231.27
-1231.21
-1231.15
-1231.09
-1231.03
-1230.97
-1230.91
-1230.85
-1230.78
-1230.72
-1230.66
-1230.6
-1230.54
-1230.48
-1230.42
-1230.36
-1230.3
-1230.24
-1230.18
-1230.12
-1230.06
-1230
-1229.95
-1229.89
-1229.83
-1229.77
-1229.71
-1229.65
-1229.59
-1229.53
-1229.47
-1229.41
-1229.35
-1229.29
-1229.23
-1229.18
-1229.12
-1229.06
-1229
-1228.94
-1228.88
-1228.83
-1228.77
-1228.71
-1228.65
-1228.59
-1228.54
-1228.48
-1228.42
-1228.36
-1228.3
-1228.25
-1228.19
-1228.13
-1228.08
-1228.02
-1227.96
-1227.91
-1227.85
-1227.79
-1227.74
-1227.68
-1227.62
-1227.57
-1227.51
-1227.46
-1227.4
-1227.34
-1227.29
-1227.23
-1227.18
-1227.12
-1227.07
-1227.01
-1226.96
-1226.9
-1226.85
-1226.8
-1226.74
-1226.69
-1226.63
-1226.58
-1226.53
-1226.47
-1226.42
-1226.37
-1226.31
-1226.26
-1226.21
-1226.16
-1226.1
-1226.05
-1226
-1225.95
-1225.9
-1225.85
-1225.8
-1225.74
-1225.69
-1225.64
-1225.59
-1225.54
-1225.49
-1225.44
-1225.39
-1225.35
-1225.3
-1225.25
-1225.2
-1225.15
-1225.1
-1225.05
-1225.01
-1224.96
-1224.91
-1224.87
-1224.82
-1224.77
-1224.73
-1224.68
-1224.64
-1224.59
-1224.55
-1224.5
-1224.46
-1224.41
-1224.37
-1224.32
-1224.28
-1224.24
-1224.2
-1224.15
-1224.11
-1224.07
-1224.03
-1223.99
-1223.95
-1223.91
-1223.87
-1223.83
-1223.79
-1223.75
-1223.71
-1223.67
-1223.63
-1223.6
-1223.56
-1223.52
-1223.49
-1223.45
-1223.42
-1223.38
-1223.35
-1223.31
-1223.28
-1223.25
-1223.21
-1223.18
-1223.15
-1223.12
-1223.09
-1223.06
-1223.03
-1223
-1222.97
-1222.94
-1222.92
-1222.89
-1222.86
-1222.84
-1222.81
-1222.79
-1222.76
-1222.74
-1222.72
-1222.7
-1222.67
-1222.65
-1222.63
-1222.62
-1222.6
-1222.58
-1222.56
-1222.55
-1222.53
-1222.51
-1222.5
-1222.49
-1222.48
-1222.46
-1222.45
-1222.44
-1222.43
-1222.43
-1222.42
-1222.41
-1222.41
-1222.4
-1222.4
-1222.4
-1222.4
-1222.4
-1222.4
-1222.4
-1222.4
-1222.41
-1222.41
-1222.42
-1222.43
-1222.44
-1222.45
-1222.46
-1222.48
-1222.49
-1222.51
-1222.53
-1222.54
-1222.57
-1222.59
-1222.61
-1222.64
-1222.67
-1222.7
-1222.73
-1222.76
-1222.8
-1222.83
-1222.87
-1222.91
-1222.96
-1223
-1223.05
-1223.1
-1223.15
-1223.21
-1223.27
-1223.33
-1223.39
-1223.46
-1223.53
-1223.6
-1223.68
-1223.75
-1223.84
-1223.92
-1224.01
-1224.11
-1224.2
-1224.31
-1224.41
-1224.52
-1224.64
-1224.76
-1224.88
-1225.01
-1225.15
-1225.29
-1225.44
-1225.6
-1225.76
-1225.93
-1226.11
-1226.29
-1226.49
-1226.69
-1226.91
-1227.13
-1227.37
-1227.62
-1227.88
-1228.16
-1228.45
-1228.76
-1229.09
-1229.44
-1229.81
-1230.21
-1230.64
-1231.1
-1231.6
-1232.15
-1232.75
-1233.42
-1234.17
-1235.03
-1236.04
-1237.27
-1238.89
-1241.53
