-6.79478
-7.25422
-7.71357
-8.17283
-8.63201
-9.0911
-9.55011
-10.009
-10.4679
-10.9266
-11.3853
-11.8438
-12.3023
-12.7607
-13.219
-13.6773
-14.1354
-14.5935
-15.0514
-15.5093
-15.9671
-16.4248
-16.8825
-17.34
-17.7974
-18.2548
-18.7121
-19.1693
-19.6264
-20.0834
-20.5403
-20.9972
-21.454
-21.9106
-22.3672
-22.8237
-23.2801
-23.7365
-24.1927
-24.6489
-25.1049
-25.5609
-26.0168
-26.4726
-26.9284
-27.384
-27.8396
-28.295
-28.7504
-29.2057
-29.6609
-30.116
-30.5711
-31.026
-31.4809
-31.9357
-32.3903
-32.845
-33.2995
-33.7539
-34.2082
-34.6625
-35.1167
-35.5708
-36.0248
-36.4787
-36.9325
-37.3863
-37.8399
-38.2935
-38.747
-39.2004
-39.6537
-40.1069
-40.56
-41.0131
-41.466
-41.9189
-42.3717
-42.8244
-43.277
-43.7296
-44.182
-44.6344
-45.0867
-45.5388
-45.9909
-46.443
-46.8949
-47.3467
-47.7985
-48.2502
-48.7017
-49.1532
-49.6047
-50.056
-50.5072
-50.9584
-51.4094
-51.8604
-52.3113
-52.7621
-53.2128
-53.6635
-54.114
-54.5645
-55.0149
-55.4652
-55.9154
-56.3655
-56.8155
-57.2654
-57.7153
-58.1651
-58.6148
-59.0644
-59.5139
-59.9633
-60.4126
-60.8619
-61.3111
-61.7601
-62.2091
-62.658
-63.1069
-63.5556
-64.0043
-64.4528
-64.9013
-65.3497
-65.798
-66.2462
-66.6943
-67.1424
-67.5903
-68.0382
-68.486
-68.9337
-69.3813
-69.8289
-70.2763
-70.7236
-71.1709
-71.6181
-72.0652
-72.5122
-72.9591
-73.406
-73.8527
-74.2994
-74.746
-75.1925
-75.6389
-76.0852
-76.5314
-76.9776
-77.4236
-77.8696
-78.3155
-78.7613
-79.207
-79.6526
-80.0982
-80.5436
-80.989
-81.4343
-81.8795
-82.3246
-82.7696
-83.2146
-83.6594
-84.1042
-84.5488
-84.9934
-85.4379
-85.8824
-86.3267
-86.771
-87.2151
-87.6592
-88.1032
-88.5471
-88.9909
-89.4346
-89.8783
-90.3218
-90.7653
-91.2087
-91.652
-92.0952
-92.5383
-92.9814
-93.4243
-93.8672
-94.31
-94.7527
-95.1953
-95.6378
-96.0802
-96.5226
-96.9648
-97.407
-97.8491
-98.2911
-98.733
-99.1748
-99.6166
-100.058
-100.5
-100.941
-101.383
-101.824
-102.265
-102.706
-103.147
-103.588
-104.029
-104.47
-104.911
-105.351
-105.792
-106.232
-106.673
-107.113
-107.553
-107.993
-108.433
-108.873
-109.313
-109.753
-110.193
-110.632
-111.072
-111.511
-111.95
-112.39
-112.829
-113.268
-113.707
-114.146
-114.585
-115.023
-115.462
-115.9
-116.339
-116.777
-117.216
-117.654
-118.092
-118.53
-118.968
-119.406
-119.844
-120.281
-120.719
-121.156
-121.594
-122.031
-122.468
-122.906
-123.343
-123.78
-124.217
-124.653
-125.09
-125.527
-125.963
-126.4
-126.836
-127.272
-127.709
-128.145
-128.581
-129.017
-129.453
-129.888
-130.324
-130.76
-131.195
-131.631
-132.066
-132.501
-132.937
-133.372
-133.807
-134.242
-134.676
-135.111
-135.546
-135.98
-136.415
-136.849
-137.284
-137.718
-138.152
-138.586
-139.02
-139.454
-139.888
-140.321
-140.755
-141.189
-141.622
-142.055
-142.489
-142.922
-143.355
-143.788
-144.221
-144.654
-145.087
-145.519
-145.952
-146.384
-146.817
-147.249
-147.681
-148.114
-148.546
-148.978
-149.41
-149.841
-150.273
-150.705
-151.136
-151.568
-151.999
-152.43
-152.862
-153.293
-153.724
-154.155
-154.586
-155.016
-155.447
-155.878
-156.308
-156.739
-157.169
-157.599
-158.029
-158.46
-158.89
-159.319
-159.749
-160.179
-160.609
-161.038
-161.468
-161.897
-162.326
-162.756
-163.185
-163.614
-164.043
-164.472
-164.901
-165.329
-165.758
-166.186
-166.615
-167.043
-167.471
-167.9
-168.328
-168.756
-169.184
-169.612
-170.039
-170.467
-170.895
-171.322
-171.749
-172.177
-172.604
-173.031
-173.458
-173.885
-174.312
-174.739
-175.166
-175.592
-176.019
-176.445
-176.872
-177.298
-177.724
-178.15
-178.576
-179.002
-179.428
-179.854
-180.28
-180.705
-181.131
-181.556
-181.981
-182.407
-182.832
-183.257
-183.682
-184.107
-184.532
-184.956
-185.381
-185.806
-186.23
-186.654
-187.079
-187.503
-187.927
-188.351
-188.775
-189.199
-189.623
-190.046
-190.47
-190.894
-191.317
-191.74
-192.164
-192.587
-193.01
-193.433
-193.856
-194.279
-194.701
-195.124
-195.547
-195.969
-196.392
-196.814
-197.236
-197.658
-198.08
-198.502
-198.924
-199.346
-199.768
-200.189
-200.611
-201.032
-201.454
-201.875
-202.296
-202.717
-203.138
-203.559
-203.98
-204.401
-204.821
-205.242
-205.663
-206.083
-206.503
-206.924
-207.344
-207.764
-208.184
-208.604
-209.023
-209.443
-209.863
-210.282
-210.702
-211.121
-211.541
-211.96
-212.379
-212.798
-213.217
-213.636
-214.054
-214.473
-214.892
-215.31
-215.729
-216.147
-216.565
-216.983
-217.402
-217.82
-218.237
-218.655
-219.073
-219.491
-219.908
-220.326
-220.743
-221.16
-221.578
-221.995
-222.412
-222.829
-223.246
-223.662
-224.079
-224.496
-224.912
-225.329
-225.745
-226.161
-226.578
-226.994
-227.41
-227.826
-228.241
-228.657
-229.073
-229.488
-229.904
-230.319
-230.735
-231.15
-231.565
-231.98
-232.395
-232.81
-233.225
-233.639
-234.054
-234.469
-234.883
-235.297
-235.712
-236.126
-236.54
-236.954
-237.368
-237.782
-238.196
-238.609
-239.023
-239.436
-239.85
-240.263
-240.676
-241.09
-241.503
-241.916
-242.328
-242.741
-243.154
-243.567
-243.979
-244.392
-244.804
-245.216
-245.629
-246.041
-246.453
-246.865
-247.277
-247.688
-248.1
-248.512
-248.923
-249.335
-249.746
-250.157
-250.568
-250.979
-251.39
-251.801
-252.212
-252.623
-253.034
-253.444
-253.855
-254.265
-254.675
-255.086
-255.496
-255.906
-256.316
-256.726
-257.135
-257.545
-257.955
-258.364
-258.774
-259.183
-259.592
-260.001
-260.411
-260.82
-261.228
-261.637
-262.046
-262.455
-262.863
-263.272
-263.68
-264.089
-264.497
-264.905
-265.313
-265.721
-266.129
-266.537
-266.944
-267.352
-267.76
-268.167
-268.574
-268.982
-269.389
-269.796
-270.203
-270.61
-271.017
-271.424
-271.83
-272.237
-272.643
-273.05
-273.456
-273.862
-274.268
-274.675
-275.081
-275.486
-275.892
-276.298
-276.704
-277.109
-277.515
-277.92
-278.325
-278.731
-279.136
-279.541
-279.946
-280.351
-280.755
-281.16
-281.565
-281.969
-282.374
-282.778
-283.182
-283.586
-283.99
-284.394
-284.798
-285.202
-285.606
-286.01
-286.413
-286.817
-287.22
-287.623
-288.027
-288.43
-288.833
-289.236
-289.639
-290.041
-290.444
-290.847
-291.249
-291.652
-292.054
-292.456
-292.858
-293.261
-293.663
-294.064
-294.466
-294.868
-295.27
-295.671
-296.073
-296.474
-296.876
-297.277
-297.678
-298.079
-298.48
-298.881
-299.282
-299.682
-300.083
-300.484
-300.884
-301.284
-301.685
-302.085
-302.485
-302.885
-303.285
-303.685
-304.085
-304.484
-304.884
-305.283
-305.683
-306.082
-306.481
-306.88
-307.28
-307.679
-308.077
-308.476
-308.875
-309.274
-309.672
-310.071
-310.469
-310.867
-311.266
-311.664
-312.062
-312.46
-312.858
-313.255
-313.653
-314.051
-314.448
-314.846
-315.243
-315.64
-316.037
-316.434
-316.831
-317.228
-317.625
-318.022
-318.419
-318.815
-319.212
-319.608
-320.004
-320.4
-320.797
-321.193
-321.589
-321.985
-322.38
-322.776
-323.172
-323.567
-323.963
-324.358
-324.753
-325.148
-325.543
-325.939
-326.333
-326.728
-327.123
-327.518
-327.912
-328.307
-328.701
-329.095
-329.49
-329.884
-330.278
-330.672
-331.066
-331.46
-331.853
-332.247
-332.64
-333.034
-333.427
-333.821
-334.214
-334.607
-335
-335.393
-335.786
-336.178
-336.571
-336.964
-337.356
-337.749
-338.141
-338.533
-338.925
-339.317
-339.709
-340.101
-340.493
-340.885
-341.277
-341.668
-342.06
-342.451
-342.842
-343.233
-343.625
-344.016
-344.407
-344.797
-345.188
-345.579
-345.969
-346.36
-346.75
-347.141
-347.531
-347.921
-348.311
-348.701
-349.091
-349.481
-349.871
-350.26
-350.65
-351.039
-351.429
-351.818
-352.207
-352.596
-352.985
-353.374
-353.763
-354.152
-354.541
-354.929
-355.318
-355.706
-356.095
-356.483
-356.871
-357.259
-357.647
-358.035
-358.423
-358.811
-359.198
-359.586
-359.974
-360.361
-360.748
-361.135
-361.523
-361.91
-362.297
-362.684
-363.07
-363.457
-363.844
-364.23
-364.617
-365.003
-365.389
-365.776
-366.162
-366.548
-366.934
-367.319
-367.705
-368.091
-368.476
-368.862
-369.247
-369.633
-370.018
-370.403
-370.788
-371.173
-371.558
-371.943
-372.328
-372.712
-373.097
-373.481
-373.866
-374.25
-374.634
-375.018
-375.402
-375.786
-376.17
-376.554
-376.937
-377.321
-377.705
-378.088
-378.471
-378.855
-379.238
-379.621
-380.004
-380.387
-380.77
-381.152
-381.535
-381.918
-382.3
-382.682
-383.065
-383.447
-383.829
-384.211
-384.593
-384.975
-385.357
-385.738
-386.12
-386.501
-386.883
-387.264
-387.646
-388.027
-388.408
-388.789
-389.17
-389.551
-389.931
-390.312
-390.693
-391.073
-391.453
-391.834
-392.214
-392.594
-392.974
-393.354
-393.734
-394.114
-394.494
-394.873
-395.253
-395.632
-396.011
-396.391
-396.77
-397.149
-397.528
-397.907
-398.286
-398.665
-399.043
-399.422
-399.8
-400.179
-400.557
-400.935
-401.313
-401.692
-402.069
-402.447
-402.825
-403.203
-403.581
-403.958
-404.336
-404.713
-405.09
-405.467
-405.845
-406.222
-406.598
-406.975
-407.352
-407.729
-408.105
-408.482
-408.858
-409.235
-409.611
-409.987
-410.363
-410.739
-411.115
-411.491
-411.867
-412.242
-412.618
-412.993
-413.369
-413.744
-414.119
-414.494
-414.869
-415.244
-415.619
-415.994
-416.369
-416.743
-417.118
-417.492
-417.866
-418.241
-418.615
-418.989
-419.363
-419.737
-420.111
-420.484
-420.858
-421.232
-421.605
-421.979
-422.352
-422.725
-423.098
-423.471
-423.844
-424.217
-424.59
-424.963
-425.335
-425.708
-426.08
-426.452
-426.825
-427.197
-427.569
-427.941
-428.313
-428.685
-429.057
-429.428
-429.8
-430.171
-430.543
-430.914
-431.285
-431.656
-432.027
-432.398
-432.769
-433.14
-433.511
-433.881
-434.252
-434.622
-434.993
-435.363
-435.733
-436.103
-436.473
-436.843
-437.213
-437.583
-437.953
-438.322
-438.692
-439.061
-439.43
-439.8
-440.169
-440.538
-440.907
-441.276
-441.645
-442.013
-442.382
-442.75
-443.119
-443.487
-443.856
-444.224
-444.592
-444.96
-445.328
-445.696
-446.064
-446.431
-446.799
-447.166
-447.534
-447.901
-448.268
-448.636
-449.003
-449.37
-449.736
-450.103
-450.47
-450.837
-451.203
-451.57
-451.936
-452.302
-452.669
-453.035
-453.401
-453.767
-454.133
-454.498
-454.864
-455.23
-455.595
-455.961
-456.326
-456.691
-457.056
-457.422
-457.787
-458.151
-458.516
-458.881
-459.246
-459.61
-459.975
-460.339
-460.703
-461.068
-461.432
-461.796
-462.16
-462.524
-462.887
-463.251
-463.615
-463.978
-464.342
-464.705
-465.068
-465.432
-465.795
-466.158
-466.521
-466.883
-467.246
-467.609
-467.971
-468.334
-468.696
-469.059
-469.421
-469.783
-470.145
-470.507
-470.869
-471.231
-471.592
-471.954
-472.316
-472.677
-473.038
-473.4
-473.761
-474.122
-474.483
-474.844
-475.205
-475.566
-475.926
-476.287
-476.647
-477.008
-477.368
-477.728
-478.089
-478.449
-478.809
-479.168
-479.528
-479.888
-480.248
-480.607
-480.967
-481.326
-481.685
-482.045
-482.404
-482.763
-483.122
-483.48
-483.839
-484.198
-484.557
-484.915
-485.273
-485.632
-485.99
-486.348
-486.706
-487.064
-487.422
-487.78
-488.138
-488.495
-488.853
-489.21
-489.568
-489.925
-490.282
-490.639
-490.997
-491.353
-491.71
-492.067
-492.424
-492.78
-493.137
-493.493
-493.85
-494.206
-494.562
-494.918
-495.274
-495.63
-495.986
-496.342
-496.697
-497.053
-497.408
-497.764
-498.119
-498.474
-498.83
-499.185
-499.54
-499.894
-500.249
-500.604
-500.959
-501.313
-501.668
-502.022
-502.376
-502.73
-503.084
-503.438
-503.792
-504.146
-504.5
-504.854
-505.207
-505.561
-505.914
-506.267
-506.621
-506.974
-507.327
-507.68
-508.033
-508.386
-508.738
-509.091
-509.443
-509.796
-510.148
-510.5
-510.853
-511.205
-511.557
-511.909
-512.261
-512.612
-512.964
-513.316
-513.667
-514.019
-514.37
-514.721
-515.072
-515.423
-515.774
-516.125
-516.476
-516.827
-517.177
-517.528
-517.878
-518.229
-518.579
-518.929
-519.279
-519.629
-519.979
-520.329
-520.679
-521.029
-521.378
-521.728
-522.077
-522.427
-522.776
-523.125
-523.474
-523.823
-524.172
-524.521
-524.869
-525.218
-525.567
-525.915
-526.264
-526.612
-526.96
-527.308
-527.656
-528.004
-528.352
-528.7
-529.048
-529.395
-529.743
-530.09
-530.437
-530.785
-531.132
-531.479
-531.826
-532.173
-532.52
-532.866
-533.213
-533.56
-533.906
-534.253
-534.599
-534.945
-535.291
-535.637
-535.983
-536.329
-536.675
-537.021
-537.366
-537.712
-538.057
-538.403
-538.748
-539.093
-539.438
-539.783
-540.128
-540.473
-540.818
-541.162
-541.507
-541.851
-542.196
-542.54
-542.884
-543.228
-543.572
-543.916
-544.26
-544.604
-544.948
-545.291
-545.635
-545.978
-546.322
-546.665
-547.008
-547.351
-547.694
-548.037
-548.38
-548.723
-549.066
-549.408
-549.751
-550.093
-550.435
-550.778
-551.12
-551.462
-551.804
-552.146
-552.488
-552.829
-553.171
-553.512
-553.854
-554.195
-554.537
-554.878
-555.219
-555.56
-555.901
-556.242
-556.583
-556.923
-557.264
-557.604
-557.945
-558.285
-558.625
-558.965
-559.306
-559.646
-559.985
-560.325
-560.665
-561.005
-561.344
-561.684
-562.023
-562.362
-562.702
-563.041
-563.38
-563.719
-564.057
-564.396
-564.735
-565.074
-565.412
-565.75
-566.089
-566.427
-566.765
-567.103
-567.441
-567.779
-568.117
-568.455
-568.792
-569.13
-569.468
-569.805
-570.142
-570.479
-570.817
-571.154
-571.491
-571.827
-572.164
-572.501
-572.838
-573.174
-573.51
-573.847
-574.183
-574.519
-574.855
-575.191
-575.527
-575.863
-576.199
-576.535
-576.87
-577.206
-577.541
-577.876
-578.212
-578.547
-578.882
-579.217
-579.552
-579.886
-580.221
-580.556
-580.89
-581.225
-581.559
-581.893
-582.227
-582.562
-582.896
-583.23
-583.563
-583.897
-584.231
-584.564
-584.898
-585.231
-585.565
-585.898
-586.231
-586.564
-586.897
-587.23
-587.563
-587.895
-588.228
-588.561
-588.893
-589.225
-589.558
-589.89
-590.222
-590.554
-590.886
-591.218
-591.55
-591.881
-592.213
-592.544
-592.876
-593.207
-593.538
-593.869
-594.201
-594.531
-594.862
-595.193
-595.524
-595.855
-596.185
-596.516
-596.846
-597.176
-597.506
-597.837
-598.167
-598.497
-598.826
-599.156
-599.486
-599.815
-600.145
-600.474
-600.804
-601.133
-601.462
-601.791
-602.12
-602.449
-602.778
-603.107
-603.435
-603.764
-604.092
-604.421
-604.749
-605.077
-605.405
-605.733
-606.061
-606.389
-606.717
-607.045
-607.372
-607.7
-608.027
-608.355
-608.682
-609.009
-609.336
-609.663
-609.99
-610.317
-610.644
-610.97
-611.297
-611.623
-611.95
-612.276
-612.602
-612.928
-613.254
-613.58
-613.906
-614.232
-614.558
-614.883
-615.209
-615.534
-615.86
-616.185
-616.51
-616.835
-617.16
-617.485
-617.81
-618.135
-618.459
-618.784
-619.108
-619.433
-619.757
-620.081
-620.405
-620.729
-621.053
-621.377
-621.701
-622.025
-622.348
-622.672
-622.995
-623.319
-623.642
-623.965
-624.288
-624.611
-624.934
-625.257
-625.58
-625.902
-626.225
-626.548
-626.87
-627.192
-627.515
-627.837
-628.159
-628.481
-628.803
-629.124
-629.446
-629.768
-630.089
-630.411
-630.732
-631.053
-631.375
-631.696
-632.017
-632.338
-632.658
-632.979
-633.3
-633.621
-633.941
-634.261
-634.582
-634.902
-635.222
-635.542
-635.862
-636.182
-636.502
-636.822
-637.141
-637.461
-637.78
-638.1
-638.419
-638.738
-639.057
-639.376
-639.695
-640.014
-640.333
-640.652
-640.97
-641.289
-641.607
-641.925
-642.244
-642.562
-642.88
-643.198
-643.516
-643.834
-644.151
-644.469
-644.786
-645.104
-645.421
-645.739
-646.056
-646.373
-646.69
-647.007
-647.324
-647.641
-647.957
-648.274
-648.59
-648.907
-649.223
-649.539
-649.856
-650.172
-650.488
-650.804
-651.119
-651.435
-651.751
-652.066
-652.382
-652.697
-653.012
-653.328
-653.643
-653.958
-654.273
-654.588
-654.902
-655.217
-655.532
-655.846
-656.161
-656.475
-656.789
-657.104
-657.418
-657.732
-658.046
-658.359
-658.673
-658.987
-659.3
-659.614
-659.927
-660.241
-660.554
-660.867
-661.18
-661.493
-661.806
-662.119
-662.431
-662.744
-663.056
-663.369
-663.681
-663.993
-664.306
-664.618
-664.93
-665.242
-665.554
-665.865
-666.177
-666.489
-666.8
-667.111
-667.423
-667.734
-668.045
-668.356
-668.667
-668.978
-669.289
-669.6
-669.91
-670.221
-670.531
-670.841
-671.152
-671.462
-671.772
-672.082
-672.392
-672.702
-673.012
-673.321
-673.631
-673.94
-674.25
-674.559
-674.868
-675.177
-675.487
-675.795
-676.104
-676.413
-676.722
-677.031
-677.339
-677.648
-677.956
-678.264
-678.572
-678.88
-679.189
-679.496
-679.804
-680.112
-680.42
-680.727
-681.035
-681.342
-681.65
-681.957
-682.264
-682.571
-682.878
-683.185
-683.492
-683.798
-684.105
-684.412
-684.718
-685.024
-685.331
-685.637
-685.943
-686.249
-686.555
-686.861
-687.167
-687.472
-687.778
-688.083
-688.389
-688.694
-688.999
-689.305
-689.61
-689.915
-690.22
-690.524
-690.829
-691.134
-691.438
-691.743
-692.047
-692.352
-692.656
-692.96
-693.264
-693.568
-693.872
-694.175
-694.479
-694.783
-695.086
-695.39
-695.693
-695.996
-696.299
-696.603
-696.906
-697.208
-697.511
-697.814
-698.117
-698.419
-698.722
-699.024
-699.326
-699.629
-699.931
-700.233
-700.535
-700.837
-701.138
-701.44
-701.742
-702.043
-702.345
-702.646
-702.947
-703.248
-703.55
-703.851
-704.151
-704.452
-704.753
-705.054
-705.354
-705.655
-705.955
-706.255
-706.556
-706.856
-707.156
-707.456
-707.756
-708.055
-708.355
-708.655
-708.954
-709.254
-709.553
-709.852
-710.152
-710.451
-710.75
-711.049
-711.347
-711.646
-711.945
-712.243
-712.542
-712.84
-713.139
-713.437
-713.735
-714.033
-714.331
-714.629
-714.927
-715.224
-715.522
-715.819
-716.117
-716.414
-716.712
-717.009
-717.306
-717.603
-717.9
-718.197
-718.493
-718.79
-719.087
-719.383
-719.68
-719.976
-720.272
-720.568
-720.864
-721.16
-721.456
-721.752
-722.048
-722.343
-722.639
-722.934
-723.23
-723.525
-723.82
-724.115
-724.41
-724.705
-725
-725.295
-725.589
-725.884
-726.179
-726.473
-726.767
-727.062
-727.356
-727.65
-727.944
-728.238
-728.531
-728.825
-729.119
-729.412
-729.706
-729.999
-730.292
-730.586
-730.879
-731.172
-731.465
-731.758
-732.05
-732.343
-732.636
-732.928
-733.221
-733.513
-733.805
-734.097
-734.389
-734.681
-734.973
-735.265
-735.557
-735.848
-736.14
-736.431
-736.723
-737.014
-737.305
-737.596
-737.887
-738.178
-738.469
-738.76
-739.051
-739.341
-739.632
-739.922
-740.213
-740.503
-740.793
-741.083
-741.373
-741.663
-741.953
-742.243
-742.532
-742.822
-743.111
-743.401
-743.69
-743.979
-744.268
-744.557
-744.846
-745.135
-745.424
-745.713
-746.001
-746.29
-746.578
-746.866
-747.155
-747.443
-747.731
-748.019
-748.307
-748.595
-748.882
-749.17
-749.458
-749.745
-750.032
-750.32
-750.607
-750.894
-751.181
-751.468
-751.755
-752.042
-752.328
-752.615
-752.902
-753.188
-753.474
-753.761
-754.047
-754.333
-754.619
-754.905
-755.191
-755.476
-755.762
-756.048
-756.333
-756.618
-756.904
-757.189
-757.474
-757.759
-758.044
-758.329
-758.614
-758.898
-759.183
-759.468
-759.752
-760.036
-760.321
-760.605
-760.889
-761.173
-761.457
-761.741
-762.024
-762.308
-762.592
-762.875
-763.159
-763.442
-763.725
-764.008
-764.291
-764.574
-764.857
-765.14
-765.423
-765.705
-765.988
-766.27
-766.553
-766.835
-767.117
-767.399
-767.681
-767.963
-768.245
-768.527
-768.808
-769.09
-769.371
-769.653
-769.934
-770.215
-770.497
-770.778
-771.059
-771.339
-771.62
-771.901
-772.182
-772.462
-772.743
-773.023
-773.303
-773.583
-773.863
-774.143
-774.423
-774.703
-774.983
-775.263
-775.542
-775.822
-776.101
-776.381
-776.66
-776.939
-777.218
-777.497
-777.776
-778.055
-778.333
-778.612
-778.891
-779.169
-779.447
-779.726
-780.004
-780.282
-780.56
-780.838
-781.116
-781.393
-781.671
-781.949
-782.226
-782.504
-782.781
-783.058
-783.335
-783.612
-783.889
-784.166
-784.443
-784.72
-784.996
-785.273
-785.549
-785.826
-786.102
-786.378
-786.654
-786.93
-787.206
-787.482
-787.758
-788.034
-788.309
-788.585
-788.86
-789.136
-789.411
-789.686
-789.961
-790.236
-790.511
-790.786
-791.06
-791.335
-791.61
-791.884
-792.158
-792.433
-792.707
-792.981
-793.255
-793.529
-793.803
-794.077
-794.35
-794.624
-794.897
-795.171
-795.444
-795.717
-795.991
-796.264
-796.537
-796.81
-797.082
-797.355
-797.628
-797.9
-798.173
-798.445
-798.718
-798.99
-799.262
-799.534
-799.806
-800.078
-800.349
-800.621
-800.893
-801.164
-801.436
-801.707
-801.978
-802.249
-802.521
-802.792
-803.062
-803.333
-803.604
-803.875
-804.145
-804.416
-804.686
-804.956
-805.227
-805.497
-805.767
-806.037
-806.307
-806.576
-806.846
-807.116
-807.385
-807.655
-807.924
-808.193
-808.462
-808.731
-809
-809.269
-809.538
-809.807
-810.076
-810.344
-810.613
-810.881
-811.149
-811.418
-811.686
-811.954
-812.222
-812.49
-812.757
-813.025
-813.293
-813.56
-813.828
-814.095
-814.362
-814.629
-814.896
-815.163
-815.43
-815.697
-815.964
-816.231
-816.497
-816.764
-817.03
-817.296
-817.563
-817.829
-818.095
-818.361
-818.627
-818.892
-819.158
-819.424
-819.689
-819.955
-820.22
-820.485
-820.75
-821.016
-821.281
-821.545
-821.81
-822.075
-822.34
-822.604
-822.869
-823.133
-823.397
-823.662
-823.926
-824.19
-824.454
-824.718
-824.981
-825.245
-825.509
-825.772
-826.036
-826.299
-826.562
-826.826
-827.089
-827.352
-827.615
-827.877
-828.14
-828.403
-828.665
-828.928
-829.19
-829.453
-829.715
-829.977
-830.239
-830.501
-830.763
-831.025
-831.286
-831.548
-831.81
-832.071
-832.332
-832.594
-832.855
-833.116
-833.377
-833.638
-833.899
-834.16
-834.42
-834.681
-834.941
-835.202
-835.462
-835.722
-835.982
-836.242
-836.502
-836.762
-837.022
-837.282
-837.541
-837.801
-838.06
-838.32
-838.579
-838.838
-839.097
-839.356
-839.615
-839.874
-840.133
-840.392
-840.65
-840.909
-841.167
-841.425
-841.684
-841.942
-842.2
-842.458
-842.716
-842.973
-843.231
-843.489
-843.746
-844.004
-844.261
-844.518
-844.776
-845.033
-845.29
-845.547
-845.804
-846.06
-846.317
-846.574
-846.83
-847.086
-847.343
-847.599
-847.855
-848.111
-848.367
-848.623
-848.879
-849.135
-849.39
-849.646
-849.901
-850.157
-850.412
-850.667
-850.922
-851.177
-851.432
-851.687
-851.942
-852.197
-852.451
-852.706
-852.96
-853.214
-853.469
-853.723
-853.977
-854.231
-854.485
-854.739
-854.992
-855.246
-855.499
-855.753
-856.006
-856.26
-856.513
-856.766
-857.019
-857.272
-857.525
-857.777
-858.03
-858.283
-858.535
-858.788
-859.04
-859.292
-859.544
-859.796
-860.048
-860.3
-860.552
-860.804
-861.056
-861.307
-861.559
-861.81
-862.061
-862.312
-862.564
-862.815
-863.065
-863.316
-863.567
-863.818
-864.068
-864.319
-864.569
-864.82
-865.07
-865.32
-865.57
-865.82
-866.07
-866.32
-866.57
-866.819
-867.069
-867.318
-867.568
-867.817
-868.066
-868.315
-868.564
-868.813
-869.062
-869.311
-869.56
-869.808
-870.057
-870.305
-870.553
-870.802
-871.05
-871.298
-871.546
-871.794
-872.042
-872.289
-872.537
-872.785
-873.032
-873.279
-873.527
-873.774
-874.021
-874.268
-874.515
-874.762
-875.009
-875.255
-875.502
-875.748
-875.995
-876.241
-876.487
-876.734
-876.98
-877.226
-877.472
-877.717
-877.963
-878.209
-878.454
-878.7
-878.945
-879.191
-879.436
-879.681
-879.926
-880.171
-880.416
-880.661
-880.905
-881.15
-881.394
-881.639
-881.883
-882.127
-882.372
-882.616
-882.86
-883.104
-883.347
-883.591
-883.835
-884.078
-884.322
-884.565
-884.808
-885.052
-885.295
-885.538
-885.781
-886.024
-886.266
-886.509
-886.752
-886.994
-887.237
-887.479
-887.721
-887.964
-888.206
-888.448
-888.69
-888.931
-889.173
-889.415
-889.656
-889.898
-890.139
-890.38
-890.622
-890.863
-891.104
-891.345
-891.586
-891.826
-892.067
-892.308
-892.548
-892.789
-893.029
-893.269
-893.51
-893.75
-893.99
-894.23
-894.469
-894.709
-894.949
-895.188
-895.428
-895.667
-895.906
-896.146
-896.385
-896.624
-896.863
-897.102
-897.341
-897.579
-897.818
-898.056
-898.295
-898.533
-898.771
-899.01
-899.248
-899.486
-899.724
-899.961
-900.199
-900.437
-900.674
-900.912
-901.149
-901.387
-901.624
-901.861
-902.098
-902.335
-902.572
-902.809
-903.045
-903.282
-903.518
-903.755
-903.991
-904.228
-904.464
-904.7
-904.936
-905.172
-905.408
-905.643
-905.879
-906.115
-906.35
-906.585
-906.821
-907.056
-907.291
-907.526
-907.761
-907.996
-908.231
-908.465
-908.7
-908.935
-909.169
-909.403
-909.638
-909.872
-910.106
-910.34
-910.574
-910.808
-911.041
-911.275
-911.509
-911.742
-911.976
-912.209
-912.442
-912.675
-912.908
-913.141
-913.374
-913.607
-913.84
-914.072
-914.305
-914.537
-914.77
-915.002
-915.234
-915.466
-915.698
-915.93
-916.162
-916.394
-916.625
-916.857
-917.088
-917.32
-917.551
-917.782
-918.013
-918.245
-918.475
-918.706
-918.937
-919.168
-919.398
-919.629
-919.859
-920.09
-920.32
-920.55
-920.78
-921.01
-921.24
-921.47
-921.7
-921.93
-922.159
-922.389
-922.618
-922.847
-923.077
-923.306
-923.535
-923.764
-923.993
-924.221
-924.45
-924.679
-924.907
-925.136
-925.364
-925.592
-925.821
-926.049
-926.277
-926.505
-926.732
-926.96
-927.188
-927.415
-927.643
-927.87
-928.098
-928.325
-928.552
-928.779
-929.006
-929.233
-929.46
-929.686
-929.913
-930.14
-930.366
-930.592
-930.819
-931.045
-931.271
-931.497
-931.723
-931.949
-932.175
-932.4
-932.626
-932.851
-933.077
-933.302
-933.527
-933.752
-933.977
-934.202
-934.427
-934.652
-934.877
-935.101
-935.326
-935.55
-935.775
-935.999
-936.223
-936.447
-936.671
-936.895
-937.119
-937.343
-937.567
-937.79
-938.014
-938.237
-938.46
-938.684
-938.907
-939.13
-939.353
-939.576
-939.798
-940.021
-940.244
-940.466
-940.689
-940.911
-941.133
-941.356
-941.578
-941.8
-942.022
-942.244
-942.465
-942.687
-942.909
-943.13
-943.351
-943.573
-943.794
-944.015
-944.236
-944.457
-944.678
-944.899
-945.12
-945.34
-945.561
-945.781
-946.002
-946.222
-946.442
-946.662
-946.882
-947.102
-947.322
-947.542
-947.761
-947.981
-948.2
-948.42
-948.639
-948.858
-949.078
-949.297
-949.516
-949.735
-949.953
-950.172
-950.391
-950.609
-950.828
-951.046
-951.264
-951.482
-951.701
-951.919
-952.137
-952.354
-952.572
-952.79
-953.007
-953.225
-953.442
-953.66
-953.877
-954.094
-954.311
-954.528
-954.745
-954.962
-955.178
-955.395
-955.612
-955.828
-956.044
-956.261
-956.477
-956.693
-956.909
-957.125
-957.341
-957.557
-957.772
-957.988
-958.203
-958.419
-958.634
-958.849
-959.064
-959.28
-959.495
-959.709
-959.924
-960.139
-960.354
-960.568
-960.783
-960.997
-961.211
-961.425
-961.64
-961.854
-962.067
-962.281
-962.495
-962.709
-962.922
-963.136
-963.349
-963.563
-963.776
-963.989
-964.202
-964.415
-964.628
-964.841
-965.053
-965.266
-965.479
-965.691
-965.903
-966.116
-966.328
-966.54
-966.752
-966.964
-967.176
-967.388
-967.599
-967.811
-968.022
-968.234
-968.445
-968.656
-968.867
-969.079
-969.29
-969.5
-969.711
-969.922
-970.133
-970.343
-970.554
-970.764
-970.974
-971.184
-971.395
-971.605
-971.814
-972.024
-972.234
-972.444
-972.653
-972.863
-973.072
-973.282
-973.491
-973.7
-973.909
-974.118
-974.327
-974.536
-974.744
-974.953
-975.162
-975.37
-975.578
-975.787
-975.995
-976.203
-976.411
-976.619
-976.827
-977.035
-977.242
-977.45
-977.657
-977.865
-978.072
-978.279
-978.486
-978.694
-978.901
-979.107
-979.314
-979.521
-979.728
-979.934
-980.141
-980.347
-980.553
-980.759
-980.966
-981.172
-981.378
-981.583
-981.789
-981.995
-982.2
-982.406
-982.611
-982.817
-983.022
-983.227
-983.432
-983.637
-983.842
-984.047
-984.251
-984.456
-984.661
-984.865
-985.069
-985.274
-985.478
-985.682
-985.886
-986.09
-986.294
-986.498
-986.701
-986.905
-987.108
-987.312
-987.515
-987.718
-987.922
-988.125
-988.328
-988.53
-988.733
-988.936
-989.139
-989.341
-989.544
-989.746
-989.948
-990.15
-990.353
-990.555
-990.757
-990.958
-991.16
-991.362
-991.563
-991.765
-991.966
-992.168
-992.369
-992.57
-992.771
-992.972
-993.173
-993.374
-993.575
-993.775
-993.976
-994.176
-994.377
-994.577
-994.777
-994.977
-995.177
-995.377
-995.577
-995.777
-995.976
-996.176
-996.375
-996.575
-996.774
-996.973
-997.173
-997.372
-997.571
-997.77
-997.968
-998.167
-998.366
-998.564
-998.763
-998.961
-999.159
-999.358
-999.556
-999.754
-999.952
-1000.15
-1000.35
-1000.54
-1000.74
-1000.94
-1001.14
-1001.33
-1001.53
-1001.73
-1001.93
-1002.12
-1002.32
-1002.52
-1002.71
-1002.91
-1003.11
-1003.3
-1003.5
-1003.7
-1003.89
-1004.09
-1004.28
-1004.48
-1004.68
-1004.87
-1005.07
-1005.26
-1005.46
-1005.65
-1005.85
-1006.04
-1006.24
-1006.43
-1006.63
-1006.82
-1007.02
-1007.21
-1007.41
-1007.6
-1007.8
-1007.99
-1008.19
-1008.38
-1008.57
-1008.77
-1008.96
-1009.16
-1009.35
-1009.54
-1009.74
-1009.93
-1010.12
-1010.32
-1010.51
-1010.7
-1010.9
-1011.09
-1011.28
-1011.48
-1011.67
-1011.86
-1012.05
-1012.25
-1012.44
-1012.63
-1012.82
-1013.02
-1013.21
-1013.4
-1013.59
-1013.78
-1013.97
-1014.17
-1014.36
-1014.55
-1014.74
-1014.93
-1015.12
-1015.31
-1015.5
-1015.7
-1015.89
-1016.08
-1016.27
-1016.46
-1016.65
-1016.84
-1017.03
-1017.22
-1017.41
-1017.6
-1017.79
-1017.98
-1018.17
-1018.36
-1018.55
-1018.74
-1018.93
-1019.12
-1019.31
-1019.49
-1019.68
-1019.87
-1020.06
-1020.25
-1020.44
-1020.63
-1020.82
-1021.01
-1021.19
-1021.38
-1021.57
-1021.76
-1021.95
-1022.13
-1022.32
-1022.51
-1022.7
-1022.88
-1023.07
-1023.26
-1023.45
-1023.63
-1023.82
-1024.01
-1024.2
-1024.38
-1024.57
-1024.76
-1024.94
-1025.13
-1025.32
-1025.5
-1025.69
-1025.87
-1026.06
-1026.25
-1026.43
-1026.62
-1026.8
-1026.99
-1027.18
-1027.36
-1027.55
-1027.73
-1027.92
-1028.1
-1028.29
-1028.47
-1028.66
-1028.84
-1029.03
-1029.21
-1029.4
-1029.58
-1029.76
-1029.95
-1030.13
-1030.32
-1030.5
-1030.68
-1030.87
-1031.05
-1031.24
-1031.42
-1031.6
-1031.79
-1031.97
-1032.15
-1032.34
-1032.52
-1032.7
-1032.89
-1033.07
-1033.25
-1033.43
-1033.62
-1033.8
-1033.98
-1034.16
-1034.35
-1034.53
-1034.71
-1034.89
-1035.07
-1035.25
-1035.44
-1035.62
-1035.8
-1035.98
-1036.16
-1036.34
-1036.52
-1036.71
-1036.89
-1037.07
-1037.25
-1037.43
-1037.61
-1037.79
-1037.97
-1038.15
-1038.33
-1038.51
-1038.69
-1038.87
-1039.05
-1039.23
-1039.41
-1039.59
-1039.77
-1039.95
-1040.13
-1040.31
-1040.49
-1040.67
-1040.85
-1041.02
-1041.2
-1041.38
-1041.56
-1041.74
-1041.92
-1042.1
-1042.28
-1042.45
-1042.63
-1042.81
-1042.99
-1043.17
-1043.34
-1043.52
-1043.7
-1043.88
-1044.05
-1044.23
-1044.41
-1044.59
-1044.76
-1044.94
-1045.12
-1045.29
-1045.47
-1045.65
-1045.82
-1046
-1046.18
-1046.35
-1046.53
-1046.71
-1046.88
-1047.06
-1047.23
-1047.41
-1047.59
-1047.76
-1047.94
-1048.11
-1048.29
-1048.46
-1048.64
-1048.81
-1048.99
-1049.16
-1049.34
-1049.51
-1049.69
-1049.86
-1050.04
-1050.21
-1050.39
-1050.56
-1050.73
-1050.91
-1051.08
-1051.26
-1051.43
-1051.6
-1051.78
-1051.95
-1052.12
-1052.3
-1052.47
-1052.64
-1052.82
-1052.99
-1053.16
-1053.34
-1053.51
-1053.68
-1053.85
-1054.03
-1054.2
-1054.37
-1054.54
-1054.72
-1054.89
-1055.06
-1055.23
-1055.4
-1055.58
-1055.75
-1055.92
-1056.09
-1056.26
-1056.43
-1056.6
-1056.78
-1056.95
-1057.12
-1057.29
-1057.46
-1057.63
-1057.8
-1057.97
-1058.14
-1058.31
-1058.48
-1058.65
-1058.82
-1058.99
-1059.16
-1059.33
-1059.5
-1059.67
-1059.84
-1060.01
-1060.18
-1060.35
-1060.52
-1060.69
-1060.86
-1061.03
-1061.19
-1061.36
-1061.53
-1061.7
-1061.87
-1062.04
-1062.21
-1062.37
-1062.54
-1062.71
-1062.88
-1063.05
-1063.21
-1063.38
-1063.55
-1063.72
-1063.88
-1064.05
-1064.22
-1064.39
-1064.55
-1064.72
-1064.89
-1065.05
-1065.22
-1065.39
-1065.55
-1065.72
-1065.89
-1066.05
-1066.22
-1066.39
-1066.55
-1066.72
-1066.88
-1067.05
-1067.22
-1067.38
-1067.55
-1067.71
-1067.88
-1068.04
-1068.21
-1068.37
-1068.54
-1068.7
-1068.87
-1069.03
-1069.2
-1069.36
-1069.53
-1069.69
-1069.86
-1070.02
-1070.18
-1070.35
-1070.51
-1070.68
-1070.84
-1071
-1071.17
-1071.33
-1071.49
-1071.66
-1071.82
-1071.98
-1072.15
-1072.31
-1072.47
-1072.64
-1072.8
-1072.96
-1073.12
-1073.29
-1073.45
-1073.61
-1073.77
-1073.94
-1074.1
-1074.26
-1074.42
-1074.58
-1074.75
-1074.91
-1075.07
-1075.23
-1075.39
-1075.55
-1075.71
-1075.88
-1076.04
-1076.2
-1076.36
-1076.52
-1076.68
-1076.84
-1077
-1077.16
-1077.32
-1077.48
-1077.64
-1077.8
-1077.96
-1078.12
-1078.28
-1078.44
-1078.6
-1078.76
-1078.92
-1079.08
-1079.24
-1079.4
-1079.56
-1079.72
-1079.88
-1080.03
-1080.19
-1080.35
-1080.51
-1080.67
-1080.83
-1080.99
-1081.14
-1081.3
-1081.46
-1081.62
-1081.78
-1081.93
-1082.09
-1082.25
-1082.41
-1082.56
-1082.72
-1082.88
-1083.04
-1083.19
-1083.35
-1083.51
-1083.66
-1083.82
-1083.98
-1084.13
-1084.29
-1084.45
-1084.6
-1084.76
-1084.92
-1085.07
-1085.23
-1085.38
-1085.54
-1085.7
-1085.85
-1086.01
-1086.16
-1086.32
-1086.47
-1086.63
-1086.78
-1086.94
-1087.09
-1087.25
-1087.4
-1087.56
-1087.71
-1087.87
-1088.02
-1088.18
-1088.33
-1088.48
-1088.64
-1088.79
-1088.95
-1089.1
-1089.25
-1089.41
-1089.56
-1089.71
-1089.87
-1090.02
-1090.17
-1090.33
-1090.48
-1090.63
-1090.79
-1090.94
-1091.09
-1091.24
-1091.4
-1091.55
-1091.7
-1091.85
-1092.01
-1092.16
-1092.31
-1092.46
-1092.61
-1092.76
-1092.92
-1093.07
-1093.22
-1093.37
-1093.52
-1093.67
-1093.82
-1093.98
-1094.13
-1094.28
-1094.43
-1094.58
-1094.73
-1094.88
-1095.03
-1095.18
-1095.33
-1095.48
-1095.63
-1095.78
-1095.93
-1096.08
-1096.23
-1096.38
-1096.53
-1096.68
-1096.83
-1096.98
-1097.13
-1097.28
-1097.42
-1097.57
-1097.72
-1097.87
-1098.02
-1098.17
-1098.32
-1098.47
-1098.61
-1098.76
-1098.91
-1099.06
-1099.21
-1099.35
-1099.5
-1099.65
-1099.8
-1099.94
-1100.09
-1100.24
-1100.39
-1100.53
-1100.68
-1100.83
-1100.97
-1101.12
-1101.27
-1101.42
-1101.56
-1101.71
-1101.85
-1102
-1102.15
-1102.29
-1102.44
-1102.59
-1102.73
-1102.88
-1103.02
-1103.17
-1103.31
-1103.46
-1103.6
-1103.75
-1103.9
-1104.04
-1104.19
-1104.33
-1104.48
-1104.62
-1104.76
-1104.91
-1105.05
-1105.2
-1105.34
-1105.49
-1105.63
-1105.77
-1105.92
-1106.06
-1106.21
-1106.35
-1106.49
-1106.64
-1106.78
-1106.92
-1107.07
-1107.21
-1107.35
-1107.5
-1107.64
-1107.78
-1107.92
-1108.07
-1108.21
-1108.35
-1108.5
-1108.64
-1108.78
-1108.92
-1109.06
-1109.21
-1109.35
-1109.49
-1109.63
-1109.77
-1109.91
-1110.06
-1110.2
-1110.34
-1110.48
-1110.62
-1110.76
-1110.9
-1111.04
-1111.18
-1111.32
-1111.47
-1111.61
-1111.75
-1111.89
-1112.03
-1112.17
-1112.31
-1112.45
-1112.59
-1112.73
-1112.87
-1113.01
-1113.15
-1113.28
-1113.42
-1113.56
-1113.7
-1113.84
-1113.98
-1114.12
-1114.26
-1114.4
-1114.54
-1114.67
-1114.81
-1114.95
-1115.09
-1115.23
-1115.37
-1115.5
-1115.64
-1115.78
-1115.92
-1116.06
-1116.19
-1116.33
-1116.47
-1116.61
-1116.74
-1116.88
-1117.02
-1117.15
-1117.29
-1117.43
-1117.56
-1117.7
-1117.84
-1117.97
-1118.11
-1118.25
-1118.38
-1118.52
-1118.65
-1118.79
-1118.93
-1119.06
-1119.2
-1119.33
-1119.47
-1119.6
-1119.74
-1119.88
-1120.01
-1120.15
-1120.28
-1120.42
-1120.55
-1120.68
-1120.82
-1120.95
-1121.09
-1121.22
-1121.36
-1121.49
-1121.63
-1121.76
-1121.89
-1122.03
-1122.16
-1122.29
-1122.43
-1122.56
-1122.7
-1122.83
-1122.96
-1123.1
-1123.23
-1123.36
-1123.49
-1123.63
-1123.76
-1123.89
-1124.02
-1124.16
-1124.29
-1124.42
-1124.55
-1124.69
-1124.82
-1124.95
-1125.08
-1125.21
-1125.35
-1125.48
-1125.61
-1125.74
-1125.87
-1126
-1126.13
-1126.26
-1126.4
-1126.53
-1126.66
-1126.79
-1126.92
-1127.05
-1127.18
-1127.31
-1127.44
-1127.57
-1127.7
-1127.83
-1127.96
-1128.09
-1128.22
-1128.35
-1128.48
-1128.61
-1128.74
-1128.87
-1129
-1129.13
-1129.26
-1129.38
-1129.51
-1129.64
-1129.77
-1129.9
-1130.03
-1130.16
-1130.28
-1130.41
-1130.54
-1130.67
-1130.8
-1130.93
-1131.05
-1131.18
-1131.31
-1131.44
-1131.56
-1131.69
-1131.82
-1131.95
-1132.07
-1132.2
-1132.33
-1132.45
-1132.58
-1132.71
-1132.83
-1132.96
-1133.09
-1133.21
-1133.34
-1133.47
-1133.59
-1133.72
-1133.84
-1133.97
-1134.1
-1134.22
-1134.35
-1134.47
-1134.6
-1134.72
-1134.85
-1134.97
-1135.1
-1135.22
-1135.35
-1135.47
-1135.6
-1135.72
-1135.85
-1135.97
-1136.1
-1136.22
-1136.34
-1136.47
-1136.59
-1136.72
-1136.84
-1136.96
-1137.09
-1137.21
-1137.33
-1137.46
-1137.58
-1137.7
-1137.83
-1137.95
-1138.07
-1138.2
-1138.32
-1138.44
-1138.56
-1138.69
-1138.81
-1138.93
-1139.05
-1139.18
-1139.3
-1139.42
-1139.54
-1139.66
-1139.79
-1139.91
-1140.03
-1140.15
-1140.27
-1140.39
-1140.51
-1140.64
-1140.76
-1140.88
-1141
-1141.12
-1141.24
-1141.36
-1141.48
-1141.6
-1141.72
-1141.84
-1141.96
-1142.08
-1142.2
-1142.32
-1142.44
-1142.56
-1142.68
-1142.8
-1142.92
-1143.04
-1143.16
-1143.28
-1143.4
-1143.52
-1143.64
-1143.75
-1143.87
-1143.99
-1144.11
-1144.23
-1144.35
-1144.47
-1144.58
-1144.7
-1144.82
-1144.94
-1145.06
-1145.17
-1145.29
-1145.41
-1145.53
-1145.64
-1145.76
-1145.88
-1146
-1146.11
-1146.23
-1146.35
-1146.46
-1146.58
-1146.7
-1146.81
-1146.93
-1147.05
-1147.16
-1147.28
-1147.4
-1147.51
-1147.63
-1147.74
-1147.86
-1147.98
-1148.09
-1148.21
-1148.32
-1148.44
-1148.55
-1148.67
-1148.78
-1148.9
-1149.01
-1149.13
-1149.24
-1149.36
-1149.47
-1149.59
-1149.7
-1149.82
-1149.93
-1150.04
-1150.16
-1150.27
-1150.39
-1150.5
-1150.61
-1150.73
-1150.84
-1150.95
-1151.07
-1151.18
-1151.29
-1151.41
-1151.52
-1151.63
-1151.75
-1151.86
-1151.97
-1152.08
-1152.2
-1152.31
-1152.42
-1152.53
-1152.65
-1152.76
-1152.87
-1152.98
-1153.09
-1153.2
-1153.32
-1153.43
-1153.54
-1153.65
-1153.76
-1153.87
-1153.98
-1154.1
-1154.21
-1154.32
-1154.43
-1154.54
-1154.65
-1154.76
-1154.87
-1154.98
-1155.09
-1155.2
-1155.31
-1155.42
-1155.53
-1155.64
-1155.75
-1155.86
-1155.97
-1156.08
-1156.19
-1156.3
-1156.41
-1156.52
-1156.62
-1156.73
-1156.84
-1156.95
-1157.06
-1157.17
-1157.28
-1157.39
-1157.49
-1157.6
-1157.71
-1157.82
-1157.93
-1158.03
-1158.14
-1158.25
-1158.36
-1158.46
-1158.57
-1158.68
-1158.79
-1158.89
-1159
-1159.11
-1159.21
-1159.32
-1159.43
-1159.54
-1159.64
-1159.75
-1159.85
-1159.96
-1160.07
-1160.17
-1160.28
-1160.39
-1160.49
-1160.6
-1160.7
-1160.81
-1160.91
-1161.02
-1161.12
-1161.23
-1161.33
-1161.44
-1161.54
-1161.65
-1161.75
-1161.86
-1161.96
-1162.07
-1162.17
-1162.28
-1162.38
-1162.49
-1162.59
-1162.69
-1162.8
-1162.9
-1163.01
-1163.11
-1163.21
-1163.32
-1163.42
-1163.52
-1163.63
-1163.73
-1163.83
-1163.94
-1164.04
-1164.14
-1164.24
-1164.35
-1164.45
-1164.55
-1164.65
-1164.76
-1164.86
-1164.96
-1165.06
-1165.17
-1165.27
-1165.37
-1165.47
-1165.57
-1165.67
-1165.77
-1165.88
-1165.98
-1166.08
-1166.18
-1166.28
-1166.38
-1166.48
-1166.58
-1166.68
-1166.78
-1166.88
-1166.99
-1167.09
-1167.19
-1167.29
-1167.39
-1167.49
-1167.59
-1167.69
-1167.79
-1167.88
-1167.98
-1168.08
-1168.18
-1168.28
-1168.38
-1168.48
-1168.58
-1168.68
-1168.78
-1168.88
-1168.97
-1169.07
-1169.17
-1169.27
-1169.37
-1169.47
-1169.56
-1169.66
-1169.76
-1169.86
-1169.96
-1170.05
-1170.15
-1170.25
-1170.35
-1170.44
-1170.54
-1170.64
-1170.74
-1170.83
-1170.93
-1171.03
-1171.12
-1171.22
-1171.32
-1171.41
-1171.51
-1171.6
-1171.7
-1171.8
-1171.89
-1171.99
-1172.08
-1172.18
-1172.28
-1172.37
-1172.47
-1172.56
-1172.66
-1172.75
-1172.85
-1172.94
-1173.04
-1173.13
-1173.23
-1173.32
-1173.42
-1173.51
-1173.61
-1173.7
-1173.8
-1173.89
-1173.98
-1174.08
-1174.17
-1174.27
-1174.36
-1174.45
-1174.55
-1174.64
-1174.73
-1174.83
-1174.92
-1175.01
-1175.11
-1175.2
-1175.29
-1175.38
-1175.48
-1175.57
-1175.66
-1175.75
-1175.85
-1175.94
-1176.03
-1176.12
-1176.22
-1176.31
-1176.4
-1176.49
-1176.58
-1176.67
-1176.77
-1176.86
-1176.95
-1177.04
-1177.13
-1177.22
-1177.31
-1177.4
-1177.49
-1177.59
-1177.68
-1177.77
-1177.86
-1177.95
-1178.04
-1178.13
-1178.22
-1178.31
-1178.4
-1178.49
-1178.58
-1178.67
-1178.76
-1178.85
-1178.94
-1179.02
-1179.11
-1179.2
-1179.29
-1179.38
-1179.47
-1179.56
-1179.65
-1179.74
-1179.82
-1179.91
-1180
-1180.09
-1180.18
-1180.27
-1180.35
-1180.44
-1180.53
-1180.62
-1180.7
-1180.79
-1180.88
-1180.97
-1181.05
-1181.14
-1181.23
-1181.32
-1181.4
-1181.49
-1181.58
-1181.66
-1181.75
-1181.84
-1181.92
-1182.01
-1182.09
-1182.18
-1182.27
-1182.35
-1182.44
-1182.52
-1182.61
-1182.7
-1182.78
-1182.87
-1182.95
-1183.04
-1183.12
-1183.21
-1183.29
-1183.38
-1183.46
-1183.55
-1183.63
-1183.72
-1183.8
-1183.89
-1183.97
-1184.05
-1184.14
-1184.22
-1184.31
-1184.39
-1184.47
-1184.56
-1184.64
-1184.73
-1184.81
-1184.89
-1184.98
-1185.06
-1185.14
-1185.22
-1185.31
-1185.39
-1185.47
-1185.56
-1185.64
-1185.72
-1185.8
-1185.89
-1185.97
-1186.05
-1186.13
-1186.21
-1186.3
-1186.38
-1186.46
-1186.54
-1186.62
-1186.7
-1186.79
-1186.87
-1186.95
-1187.03
-1187.11
-1187.19
-1187.27
-1187.35
-1187.43
-1187.51
-1187.59
-1187.67
-1187.76
-1187.84
-1187.92
-1188
-1188.08
-1188.16
-1188.24
-1188.31
-1188.39
-1188.47
-1188.55
-1188.63
-1188.71
-1188.79
-1188.87
-1188.95
-1189.03
-1189.11
-1189.19
-1189.26
-1189.34
-1189.42
-1189.5
-1189.58
-1189.66
-1189.73
-1189.81
-1189.89
-1189.97
-1190.05
-1190.12
-1190.2
-1190.28
-1190.36
-1190.43
-1190.51
-1190.59
-1190.67
-1190.74
-1190.82
-1190.9
-1190.97
-1191.05
-1191.13
-1191.2
-1191.28
-1191.36
-1191.43
-1191.51
-1191.58
-1191.66
-1191.74
-1191.81
-1191.89
-1191.96
-1192.04
-1192.11
-1192.19
-1192.26
-1192.34
-1192.41
-1192.49
-1192.56
-1192.64
-1192.71
-1192.79
-1192.86
-1192.94
-1193.01
-1193.09
-1193.16
-1193.23
-1193.31
-1193.38
-1193.46
-1193.53
-1193.6
-1193.68
-1193.75
-1193.82
-1193.9
-1193.97
-1194.04
-1194.12
-1194.19
-1194.26
-1194.34
-1194.41
-1194.48
-1194.55
-1194.63
-1194.7
-1194.77
-1194.84
-1194.91
-1194.99
-1195.06
-1195.13
-1195.2
-1195.27
-1195.35
-1195.42
-1195.49
-1195.56
-1195.63
-1195.7
-1195.77
-1195.84
-1195.92
-1195.99
-1196.06
-1196.13
-1196.2
-1196.27
-1196.34
-1196.41
-1196.48
-1196.55
-1196.62
-1196.69
-1196.76
-1196.83
-1196.9
-1196.97
-1197.04
-1197.11
-1197.18
-1197.25
-1197.31
-1197.38
-1197.45
-1197.52
-1197.59
-1197.66
-1197.73
-1197.8
-1197.86
-1197.93
-1198
-1198.07
-1198.14
-1198.21
-1198.27
-1198.34
-1198.41
-1198.48
-1198.54
-1198.61
-1198.68
-1198.75
-1198.81
-1198.88
-1198.95
-1199.02
-1199.08
-1199.15
-1199.22
-1199.28
-1199.35
-1199.41
-1199.48
-1199.55
-1199.61
-1199.68
-1199.75
-1199.81
-1199.88
-1199.94
-1200.01
-1200.07
-1200.14
-1200.21
-1200.27
-1200.34
-1200.4
-1200.47
-1200.53
-1200.6
-1200.66
-1200.73
-1200.79
-1200.85
-1200.92
-1200.98
-1201.05
-1201.11
-1201.18
-1201.24
-1201.3
-1201.37
-1201.43
-1201.49
-1201.56
-1201.62
-1201.69
-1201.75
-1201.81
-1201.87
-1201.94
-1202
-1202.06
-1202.13
-1202.19
-1202.25
-1202.31
-1202.38
-1202.44
-1202.5
-1202.56
-1202.63
-1202.69
-1202.75
-1202.81
-1202.87
-1202.93
-1203
-1203.06
-1203.12
-1203.18
-1203.24
-1203.3
-1203.36
-1203.42
-1203.49
-1203.55
-1203.61
-1203.67
-1203.73
-1203.79
-1203.85
-1203.91
-1203.97
-1204.03
-1204.09
-1204.15
-1204.21
-1204.27
-1204.33
-1204.39
-1204.45
-1204.51
-1204.57
-1204.63
-1204.68
-1204.74
-1204.8
-1204.86
-1204.92
-1204.98
-1205.04
-1205.1
-1205.15
-1205.21
-1205.27
-1205.33
-1205.39
-1205.44
-1205.5
-1205.56
-1205.62
-1205.68
-1205.73
-1205.79
-1205.85
-1205.91
-1205.96
-1206.02
-1206.08
-1206.13
-1206.19
-1206.25
-1206.3
-1206.36
-1206.42
-1206.47
-1206.53
-1206.59
-1206.64
-1206.7
-1206.75
-1206.81
-1206.87
-1206.92
-1206.98
-1207.03
-1207.09
-1207.14
-1207.2
-1207.25
-1207.31
-1207.36
-1207.42
-1207.47
-1207.53
-1207.58
-1207.64
-1207.69
-1207.75
-1207.8
-1207.86
-1207.91
-1207.96
-1208.02
-1208.07
-1208.13
-1208.18
-1208.23
-1208.29
-1208.34
-1208.39
-1208.45
-1208.5
-1208.55
-1208.61
-1208.66
-1208.71
-1208.76
-1208.82
-1208.87
-1208.92
-1208.97
-1209.03
-1209.08
-1209.13
-1209.18
-1209.23
-1209.29
-1209.34
-1209.39
-1209.44
-1209.49
-1209.54
-1209.6
-1209.65
-1209.7
-1209.75
-1209.8
-1209.85
-1209.9
-1209.95
-1210
-1210.05
-1210.1
-1210.15
-1210.21
-1210.26
-1210.31
-1210.36
-1210.41
-1210.46
-1210.5
-1210.55
-1210.6
-1210.65
-1210.7
-1210.75
-1210.8
-1210.85
-1210.9
-1210.95
-1211
-1211.05
-1211.1
-1211.14
-1211.19
-1211.24
-1211.29
-1211.34
-1211.39
-1211.43
-1211.48
-1211.53
-1211.58
-1211.63
-1211.67
-1211.72
-1211.77
-1211.82
-1211.86
-1211.91
-1211.96
-1212
-1212.05
-1212.1
-1212.15
-1212.19
-1212.24
-1212.29
-1212.33
-1212.38
-1212.42
-1212.47
-1212.52
-1212.56
-1212.61
-1212.65
-1212.7
-1212.75
-1212.79
-1212.84
-1212.88
-1212.93
-1212.97
-1213.02
-1213.06
-1213.11
-1213.15
-1213.2
-1213.24
-1213.29
-1213.33
-1213.38
-1213.42
-1213.47
-1213.51
-1213.55
-1213.6
-1213.64
-1213.69
-1213.73
-1213.77
-1213.82
-1213.86
-1213.9
-1213.95
-1213.99
-1214.03
-1214.08
-1214.12
-1214.16
-1214.2
-1214.25
-1214.29
-1214.33
-1214.37
-1214.42
-1214.46
-1214.5
-1214.54
-1214.59
-1214.63
-1214.67
-1214.71
-1214.75
-1214.79
-1214.84
-1214.88
-1214.92
-1214.96
-1215
-1215.04
-1215.08
-1215.12
-1215.16
-1215.21
-1215.25
-1215.29
-1215.33
-1215.37
-1215.41
-1215.45
-1215.49
-1215.53
-1215.57
-1215.61
-1215.65
-1215.69
-1215.73
-1215.77
-1215.81
-1215.85
-1215.88
-1215.92
-1215.96
-1216
-1216.04
-1216.08
-1216.12
-1216.16
-1216.19
-1216.23
-1216.27
-1216.31
-1216.35
-1216.39
-1216.42
-1216.46
-1216.5
-1216.54
-1216.58
-1216.61
-1216.65
-1216.69
-1216.73
-1216.76
-1216.8
-1216.84
-1216.87
-1216.91
-1216.95
-1216.98
-1217.02
-1217.06
-1217.09
-1217.13
-1217.17
-1217.2
-1217.24
-1217.27
-1217.31
-1217.35
-1217.38
-1217.42
-1217.45
-1217.49
-1217.52
-1217.56
-1217.59
-1217.63
-1217.66
-1217.7
-1217.73
-1217.77
-1217.8
-1217.84
-1217.87
-1217.91
-1217.94
-1217.98
-1218.01
-1218.04
-1218.08
-1218.11
-1218.15
-1218.18
-1218.21
-1218.25
-1218.28
-1218.31
-1218.35
-1218.38
-1218.41
-1218.45
-1218.48
-1218.51
-1218.55
-1218.58
-1218.61
-1218.64
-1218.68
-1218.71
-1218.74
-1218.77
-1218.8
-1218.84
-1218.87
-1218.9
-1218.93
-1218.96
-1219
-1219.03
-1219.06
-1219.09
-1219.12
-1219.15
-1219.18
-1219.21
-1219.24
-1219.28
-1219.31
-1219.34
-1219.37
-1219.4
-1219.43
-1219.46
-1219.49
-1219.52
-1219.55
-1219.58
-1219.61
-1219.64
-1219.67
-1219.7
-1219.73
-1219.76
-1219.79
-1219.81
-1219.84
-1219.87
-1219.9
-1219.93
-1219.96
-1219.99
-1220.02
-1220.05
-1220.07
-1220.1
-1220.13
-1220.16
-1220.19
-1220.21
-1220.24
-1220.27
-1220.3
-1220.33
-1220.35
-1220.38
-1220.41
-1220.44
-1220.46
-1220.49
-1220.52
-1220.54
-1220.57
-1220.6
-1220.62
-1220.65
-1220.68
-1220.7
-1220.73
-1220.76
-1220.78
-1220.81
-1220.83
-1220.86
-1220.89
-1220.91
-1220.94
-1220.96
-1220.99
-1221.01
-1221.04
-1221.07
-1221.09
-1221.12
-1221.14
-1221.17
-1221.19
-1221.21
-1221.24
-1221.26
-1221.29
-1221.31
-1221.34
-1221.36
-1221.39
-1221.41
-1221.43
-1221.46
-1221.48
-1221.5
-1221.53
-1221.55
-1221.57
-1221.6
-1221.62
-1221.64
-1221.67
-1221.69
-1221.71
-1221.74
-1221.76
-1221.78
-1221.8
-1221.83
-1221.85
-1221.87
-1221.89
-1221.92
-1221.94
-1221.96
-1221.98
-1222
-1222.02
-1222.05
-1222.07
-1222.09
-1222.11
-1222.13
-1222.15
-1222.17
-1222.19
-1222.22
-1222.24
-1222.26
-1222.28
-1222.3
-1222.32
-1222.34
-1222.36
-1222.38
-1222.4
-1222.42
-1222.44
-1222.46
-1222.48
-1222.5
-1222.52
-1222.54
-1222.56
-1222.58
-1222.6
-1222.62
-1222.63
-1222.65
-1222.67
-1222.69
-1222.71
-1222.73
-1222.75
-1222.77
-1222.78
-1222.8
-1222.82
-1222.84
-1222.86
-1222.87
-1222.89
-1222.91
-1222.93
-1222.95
-1222.96
-1222.98
-1223
-1223.01
-1223.03
-1223.05
-1223.07
-1223.08
-1223.1
-1223.12
-1223.13
-1223.15
-1223.17
-1223.18
-1223.2
-1223.22
-1223.23
-1223.25
-1223.26
-1223.28
-1223.29
-1223.31
-1223.33
-1223.34
-1223.36
-1223.37
-1223.39
-1223.4
-1223.42
-1223.43
-1223.45
-1223.46
-1223.48
-1223.49
-1223.51
-1223.52
-1223.54
-1223.55
-1223.56
-1223.58
-1223.59
-1223.61
-1223.62
-1223.63
-1223.65
-1223.66
-1223.68
-1223.69
-1223.7
-1223.72
-1223.73
-1223.74
-1223.75
-1223.77
-1223.78
-1223.79
-1223.81
-1223.82
-1223.83
-1223.84
-1223.86
-1223.87
-1223.88
-1223.89
-1223.9
-1223.92
-1223.93
-1223.94
-1223.95
-1223.96
-1223.97
-1223.99
-1224
-1224.01
-1224.02
-1224.03
-1224.04
-1224.05
-1224.06
-1224.07
-1224.08
-1224.09
-1224.11
-1224.12
-1224.13
-1224.14
-1224.15
-1224.16
-1224.17
-1224.18
-1224.19
-1224.2
-1224.2
-1224.21
-1224.22
-1224.23
-1224.24
-1224.25
-1224.26
-1224.27
-1224.28
-1224.29
-1224.3
-1224.3
-1224.31
-1224.32
-1224.33
-1224.34
-1224.35
-1224.35
-1224.36
-1224.37
-1224.38
-1224.39
-1224.39
-1224.4
-1224.41
-1224.42
-1224.42
-1224.43
-1224.44
-1224.45
-1224.45
-1224.46
-1224.47
-1224.47
-1224.48
-1224.49
-1224.49
-1224.5
-1224.51
-1224.51
-1224.52
-1224.52
-1224.53
-1224.54
-1224.54
-1224.55
-1224.55
-1224.56
-1224.56
-1224.57
-1224.57
-1224.58
-1224.59
-1224.59
-1224.6
-1224.6
-1224.6
-1224.61
-1224.61
-1224.62
-1224.62
-1224.63
-1224.63
-1224.64
-1224.64
-1224.64
-1224.65
-1224.65
-1224.66
-1224.66
-1224.66
-1224.67
-1224.67
-1224.67
-1224.68
-1224.68
-1224.68
-1224.69
-1224.69
-1224.69
-1224.69
-1224.7
-1224.7
-1224.7
-1224.7
-1224.71
-1224.71
-1224.71
-1224.71
-1224.72
-1224.72
-1224.72
-1224.72
-1224.72
-1224.72
-1224.73
-1224.73
-1224.73
-1224.73
-1224.73
-1224.73
-1224.73
-1224.73
-1224.73
-1224.73
-1224.74
-1224.74
-1224.74
-1224.74
-1224.74
-1224.74
-1224.74
-1224.74
-1224.74
-1224.74
-1224.74
-1224.74
-1224.74
-1224.74
-1224.73
-1224.73
-1224.73
-1224.73
-1224.73
-1224.73
-1224.73
-1224.73
-1224.73
-1224.73
-1224.72
-1224.72
-1224.72
-1224.72
-1224.72
-1224.72
-1224.71
-1224.71
-1224.71
-1224.71
-1224.71
-1224.7
-1224.7
-1224.7
-1224.7
-1224.69
-1224.69
-1224.69
-1224.68
-1224.68
-1224.68
-1224.68
-1224.67
-1224.67
-1224.67
-1224.66
-1224.66
-1224.65
-1224.65
-1224.65
-1224.64
-1224.64
-1224.64
-1224.63
-1224.63
-1224.62
-1224.62
-1224.61
-1224.61
-1224.6
-1224.6
-1224.59
-1224.59
-1224.58
-1224.58
-1224.57
-1224.57
-1224.56
-1224.56
-1224.55
-1224.55
-1224.54
-1224.54
-1224.53
-1224.52
-1224.52
-1224.51
-1224.51
-1224.5
-1224.49
-1224.49
-1224.48
-1224.47
-1224.47
-1224.46
-1224.45
-1224.45
-1224.44
-1224.43
-1224.42
-1224.42
-1224.41
-1224.4
-1224.39
-1224.39
-1224.38
-1224.37
-1224.36
-1224.36
-1224.35
-1224.34
-1224.33
-1224.32
-1224.31
-1224.31
-1224.3
-1224.29
-1224.28
-1224.27
-1224.26
-1224.25
-1224.24
-1224.24
-1224.23
-1224.22
-1224.21
-1224.2
-1224.19
-1224.18
-1224.17
-1224.16
-1224.15
-1224.14
-1224.13
-1224.12
-1224.11
-1224.1
-1224.09
-1224.08
-1224.07
-1224.06
-1224.05
-1224.04
-1224.03
-1224.01
-1224
-1223.99
-1223.98
-1223.97
-1223.96
-1223.95
-1223.94
-1223.92
-1223.91
-1223.9
-1223.89
-1223.88
-1223.87
-1223.85
-1223.84
-1223.83
-1223.82
-1223.8
-1223.79
-1223.78
-1223.77
-1223.75
-1223.74
-1223.73
-1223.71
-1223.7
-1223.69
-1223.68
-1223.66
-1223.65
-1223.64
-1223.62
-1223.61
-1223.59
-1223.58
-1223.57
-1223.55
-1223.54
-1223.52
-1223.51
-1223.5
-1223.48
-1223.47
-1223.45
-1223.44
-1223.42
-1223.41
-1223.39
-1223.38
-1223.36
-1223.35
-1223.33
-1223.32
-1223.3
-1223.29
-1223.27
-1223.26
-1223.24
-1223.23
-1223.21
-1223.19
-1223.18
-1223.16
-1223.15
-1223.13
-1223.11
-1223.1
-1223.08
-1223.06
-1223.05
-1223.03
-1223.01
-1223
-1222.98
-1222.96
-1222.95
-1222.93
-1222.91
-1222.89
-1222.88
-1222.86
-1222.84
-1222.82
-1222.81
-1222.79
-1222.77
-1222.75
-1222.74
-1222.72
-1222.7
-1222.68
-1222.66
-1222.64
-1222.63
-1222.61
-1222.59
-1222.57
-1222.55
-1222.53
-1222.51
-1222.49
-1222.47
-1222.46
-1222.44
-1222.42
-1222.4
-1222.38
-1222.36
-1222.34
-1222.32
-1222.3
-1222.28
-1222.26
-1222.24
-1222.22
-1222.2
-1222.18
-1222.16
-1222.14
-1222.12
-1222.1
-1222.08
-1222.05
-1222.03
-1222.01
-1221.99
-1221.97
-1221.95
-1221.93
-1221.91
-1221.89
-1221.86
-1221.84
-1221.82
-1221.8
-1221.78
-1221.76
-1221.73
-1221.71
-1221.69
-1221.67
-1221.64
-1221.62
-1221.6
-1221.58
-1221.56
-1221.53
-1221.51
-1221.49
-1221.46
-1221.44
-1221.42
-1221.4
-1221.37
-1221.35
-1221.33
-1221.3
-1221.28
-1221.25
-1221.23
-1221.21
-1221.18
-1221.16
-1221.14
-1221.11
-1221.09
-1221.06
-1221.04
-1221.02
-1220.99
-1220.97
-1220.94
-1220.92
-1220.89
-1220.87
-1220.84
-1220.82
-1220.79
-1220.77
-1220.74
-1220.72
-1220.69
-1220.67
-1220.64
-1220.62
-1220.59
-1220.56
-1220.54
-1220.51
-1220.49
-1220.46
-1220.44
-1220.41
-1220.38
-1220.36
-1220.33
-1220.3
-1220.28
-1220.25
-1220.22
-1220.2
-1220.17
-1220.14
-1220.12
-1220.09
-1220.06
-1220.04
-1220.01
-1219.98
-1219.95
-1219.93
-1219.9
-1219.87
-1219.84
-1219.82
-1219.79
-1219.76
-1219.73
-1219.7
-1219.68
-1219.65
-1219.62
-1219.59
-1219.56
-1219.54
-1219.51
-1219.48
-1219.45
-1219.42
-1219.39
-1219.36
-1219.33
-1219.31
-1219.28
-1219.25
-1219.22
-1219.19
-1219.16
-1219.13
-1219.1
-1219.07
-1219.04
-1219.01
-1218.98
-1218.95
-1218.92
-1218.89
-1218.86
-1218.83
-1218.8
-1218.77
-1218.74
-1218.71
-1218.68
-1218.65
-1218.62
-1218.59
-1218.56
-1218.53
-1218.5
-1218.46
-1218.43
-1218.4
-1218.37
-1218.34
-1218.31
-1218.28
-1218.25
-1218.21
-1218.18
-1218.15
-1218.12
-1218.09
-1218.06
-1218.02
-1217.99
-1217.96
-1217.93
-1217.9
-1217.86
-1217.83
-1217.8
-1217.77
-1217.73
-1217.7
-1217.67
-1217.64
-1217.6
-1217.57
-1217.54
-1217.5
-1217.47
-1217.44
-1217.41
-1217.37
-1217.34
-1217.31
-1217.27
-1217.24
-1217.2
-1217.17
-1217.14
-1217.1
-1217.07
-1217.04
-1217
-1216.97
-1216.93
-1216.9
-1216.87
-1216.83
-1216.8
-1216.76
-1216.73
-1216.69
-1216.66
-1216.62
-1216.59
-1216.55
-1216.52
-1216.49
-1216.45
-1216.42
-1216.38
-1216.34
-1216.31
-1216.27
-1216.24
-1216.2
-1216.17
-1216.13
-1216.1
-1216.06
-1216.03
-1215.99
-1215.95
-1215.92
-1215.88
-1215.85
-1215.81
-1215.77
-1215.74
-1215.7
-1215.67
-1215.63
-1215.59
-1215.56
-1215.52
-1215.48
-1215.45
-1215.41
-1215.37
-1215.34
-1215.3
-1215.26
-1215.23
-1215.19
-1215.15
-1215.11
-1215.08
-1215.04
-1215
-1214.96
-1214.93
-1214.89
-1214.85
-1214.81
-1214.78
-1214.74
-1214.7
-1214.66
-1214.63
-1214.59
-1214.55
-1214.51
-1214.47
-1214.43
-1214.4
-1214.36
-1214.32
-1214.28
-1214.24
-1214.2
-1214.17
-1214.13
-1214.09
-1214.05
-1214.01
-1213.97
-1213.93
-1213.89
-1213.86
-1213.82
-1213.78
-1213.74
-1213.7
-1213.66
-1213.62
-1213.58
-1213.54
-1213.5
-1213.46
-1213.42
-1213.38
-1213.34
-1213.3
-1213.26
-1213.22
-1213.18
-1213.14
-1213.1
-1213.06
-1213.02
-1212.98
-1212.94
-1212.9
-1212.86
-1212.82
-1212.78
-1212.74
-1212.7
-1212.66
-1212.62
-1212.58
-1212.54
-1212.5
-1212.46
-1212.42
-1212.38
-1212.34
-1212.3
-1212.25
-1212.21
-1212.17
-1212.13
-1212.09
-1212.05
-1212.01
-1211.97
-1211.93
-1211.88
-1211.84
-1211.8
-1211.76
-1211.72
-1211.68
-1211.64
-1211.59
-1211.55
-1211.51
-1211.47
-1211.43
-1211.39
-1211.34
-1211.3
-1211.26
-1211.22
-1211.18
-1211.13
-1211.09
-1211.05
-1211.01
-1210.97
-1210.92
-1210.88
-1210.84
-1210.8
-1210.75
-1210.71
-1210.67
-1210.63
-1210.58
-1210.54
-1210.5
-1210.46
-1210.41
-1210.37
-1210.33
-1210.28
-1210.24
-1210.2
-1210.16
-1210.11
-1210.07
-1210.03
-1209.98
-1209.94
-1209.9
-1209.86
-1209.81
-1209.77
-1209.73
-1209.68
-1209.64
-1209.6
-1209.55
-1209.51
-1209.47
-1209.42
-1209.38
-1209.34
-1209.29
-1209.25
-1209.21
-1209.16
-1209.12
-1209.07
-1209.03
-1208.99
-1208.94
-1208.9
-1208.86
-1208.81
-1208.77
-1208.72
-1208.68
-1208.64
-1208.59
-1208.55
-1208.51
-1208.46
-1208.42
-1208.37
-1208.33
-1208.29
-1208.24
-1208.2
-1208.15
-1208.11
-1208.07
-1208.02
-1207.98
-1207.93
-1207.89
-1207.84
-1207.8
-1207.76
-1207.71
-1207.67
-1207.62
-1207.58
-1207.54
-1207.49
-1207.45
-1207.4
-1207.36
-1207.31
-1207.27
-1207.23
-1207.18
-1207.14
-1207.09
-1207.05
-1207
-1206.96
-1206.91
-1206.87
-1206.83
-1206.78
-1206.74
-1206.69
-1206.65
-1206.6
-1206.56
-1206.51
-1206.47
-1206.43
-1206.38
-1206.34
-1206.29
-1206.25
-1206.2
-1206.16
-1206.11
-1206.07
-1206.03
-1205.98
-1205.94
-1205.89
-1205.85
-1205.8
-1205.76
-1205.71
-1205.67
-1205.63
-1205.58
-1205.54
-1205.49
-1205.45
-1205.4
-1205.36
-1205.32
-1205.27
-1205.23
-1205.18
-1205.14
-1205.09
-1205.05
-1205.01
-1204.96
-1204.92
-1204.87
-1204.83
-1204.78
-1204.74
-1204.7
-1204.65
-1204.61
-1204.56
-1204.52
-1204.48
-1204.43
-1204.39
-1204.34
-1204.3
-1204.26
-1204.21
-1204.17
-1204.12
-1204.08
-1204.04
-1203.99
-1203.95
-1203.91
-1203.86
-1203.82
-1203.77
-1203.73
-1203.69
-1203.64
-1203.6
-1203.56
-1203.51
-1203.47
-1203.43
-1203.38
-1203.34
-1203.3
-1203.25
-1203.21
-1203.17
-1203.12
-1203.08
-1203.04
-1203
-1202.95
-1202.91
-1202.87
-1202.82
-1202.78
-1202.74
-1202.7
-1202.65
-1202.61
-1202.57
-1202.53
-1202.48
-1202.44
-1202.4
-1202.36
-1202.32
-1202.27
-1202.23
-1202.19
-1202.15
-1202.11
-1202.07
-1202.02
-1201.98
-1201.94
-1201.9
-1201.86
-1201.82
-1201.78
-1201.73
-1201.69
-1201.65
-1201.61
-1201.57
-1201.53
-1201.49
-1201.45
-1201.41
-1201.37
-1201.33
-1201.29
-1201.25
-1201.21
-1201.17
-1201.13
-1201.09
-1201.05
-1201.01
-1200.97
-1200.93
-1200.89
-1200.85
-1200.81
-1200.77
-1200.73
-1200.69
-1200.65
-1200.62
-1200.58
-1200.54
-1200.5
-1200.46
-1200.42
-1200.39
-1200.35
-1200.31
-1200.27
-1200.24
-1200.2
-1200.16
-1200.12
-1200.09
-1200.05
-1200.01
-1199.98
-1199.94
-1199.9
-1199.87
-1199.83
-1199.79
-1199.76
-1199.72
-1199.69
-1199.65
-1199.62
-1199.58
-1199.55
-1199.51
-1199.48
-1199.44
-1199.41
-1199.37
-1199.34
-1199.31
-1199.27
-1199.24
-1199.2
-1199.17
-1199.14
-1199.11
-1199.07
-1199.04
-1199.01
-1198.98
-1198.94
-1198.91
-1198.88
-1198.85
-1198.82
-1198.79
-1198.76
-1198.72
-1198.69
-1198.66
-1198.63
-1198.6
-1198.57
-1198.54
-1198.52
-1198.49
-1198.46
-1198.43
-1198.4
-1198.37
-1198.35
-1198.32
-1198.29
-1198.26
-1198.24
-1198.21
-1198.18
-1198.16
-1198.13
-1198.1
-1198.08
-1198.05
-1198.03
-1198
-1197.98
-1197.96
-1197.93
-1197.91
-1197.89
-1197.86
-1197.84
-1197.82
-1197.8
-1197.77
-1197.75
-1197.73
-1197.71
-1197.69
-1197.67
-1197.65
-1197.63
-1197.61
-1197.59
-1197.57
-1197.56
-1197.54
-1197.52
-1197.5
-1197.49
-1197.47
-1197.45
-1197.44
-1197.42
-1197.41
-1197.39
-1197.38
-1197.37
-1197.35
-1197.34
-1197.33
-1197.32
-1197.3
-1197.29
-1197.28
-1197.27
-1197.26
-1197.25
-1197.24
-1197.23
-1197.23
-1197.22
-1197.21
-1197.21
-1197.2
-1197.19
-1197.19
-1197.18
-1197.18
-1197.18
-1197.17
-1197.17
-1197.17
-1197.17
-1197.17
-1197.17
-1197.17
-1197.17
-1197.17
-1197.17
-1197.18
-1197.18
-1197.19
-1197.19
-1197.2
-1197.2
-1197.21
-1197.22
-1197.23
-1197.23
-1197.24
-1197.25
-1197.27
-1197.28
-1197.29
-1197.3
-1197.32
-1197.33
-1197.35
-1197.37
-1197.39
-1197.4
-1197.42
-1197.44
-1197.46
-1197.49
-1197.51
-1197.53
-1197.56
-1197.59
-1197.61
-1197.64
-1197.67
-1197.7
-1197.73
-1197.76
-1197.8
-1197.83
-1197.87
-1197.91
-1197.94
-1197.98
-1198.02
-1198.07
-1198.11
-1198.15
-1198.2
-1198.25
-1198.3
-1198.35
-1198.4
-1198.45
-1198.51
-1198.56
-1198.62
-1198.68
-1198.74
-1198.8
-1198.87
-1198.94
-1199
-1199.07
-1199.15
-1199.22
-1199.3
-1199.38
-1199.46
-1199.54
-1199.62
-1199.71
-1199.8
-1199.89
-1199.99
-1200.08
-1200.18
-1200.28
-1200.39
-1200.5
-1200.61
-1200.72
-1200.84
-1200.96
-1201.08
-1201.21
-1201.34
-1201.47
-1201.61
-1201.75
-1201.89
-1202.04
-1202.2
-1202.35
-1202.52
-1202.68
-1202.86
-1203.03
-1203.22
-1203.41
-1203.6
-1203.8
-1204.01
-1204.22
-1204.44
-1204.67
-1204.9
-1205.15
-1205.4
-1205.66
-1205.93
-1206.21
-1206.5
-1206.8
-1207.11
-1207.44
-1207.78
-1208.14
-1208.51
-1208.89
-1209.3
-1209.72
-1210.17
-1210.64
-1211.14
-1211.67
-1212.23
-1212.82
-1213.46
-1214.15
-1214.9
-1215.71
-1216.61
-1217.61
-1218.75
-1220.07
-1221.67
-1223.77
-1227.14
