140.745
138.281
135.817
133.353
130.888
128.424
125.959
123.495
121.03
118.565
116.1
113.635
111.17
108.704
106.239
103.774
101.308
98.8424
96.3767
93.9108
91.4449
88.9788
86.5127
84.0464
81.5801
79.1136
76.6471
74.1805
71.7137
69.2469
66.78
64.3129
61.8458
59.3786
56.9113
54.4438
51.9763
49.5087
47.041
44.5732
42.1053
39.6373
37.1692
34.701
32.2327
29.7643
27.2958
24.8272
22.3585
19.8897
17.4208
14.9518
12.4827
10.0136
7.54429
5.07491
2.60544
0.135869
-2.3338
-4.80357
-7.27343
-9.74339
-12.2134
-14.6836
-17.1539
-19.6242
-22.0947
-24.5652
-27.0359
-29.5066
-31.9774
-34.4484
-36.9194
-39.3905
-41.8618
-44.3331
-46.8045
-49.2761
-51.7477
-54.2194
-56.6912
-59.1631
-61.6351
-64.1072
-66.5795
-69.0518
-71.5242
-73.9967
-76.4693
-78.942
-81.4147
-83.8876
-86.3606
-88.8337
-91.3069
-93.7802
-96.2536
-98.727
-101.201
-103.674
-106.148
-108.622
-111.096
-113.57
-116.044
-118.518
-120.993
-123.467
-125.942
-128.416
-130.891
-133.366
-135.841
-138.316
-140.791
-143.266
-145.742
-148.217
-150.693
-153.168
-155.644
-158.12
-160.596
-163.072
-165.548
-168.024
-170.5
-172.977
-175.453
-177.93
-180.406
-182.883
-185.36
-187.837
-190.314
-192.791
-195.269
-197.746
-200.224
-202.701
-205.179
-207.657
-210.134
-212.612
-215.09
-217.569
-220.047
-222.525
-225.004
-227.482
-229.961
-232.44
-234.918
-237.397
-239.876
-242.355
-244.835
-247.314
-249.793
-252.273
-254.753
-257.232
-259.712
-262.192
-264.672
-267.152
-269.632
-272.113
-274.593
-277.073
-279.554
-282.035
-284.516
-286.996
-289.477
-291.958
-294.44
-296.921
-299.402
-301.884
-304.365
-306.847
-309.329
-311.811
-314.293
-316.775
-319.257
-321.739
-324.221
-326.704
-329.186
-331.669
-334.152
-336.634
-339.117
-341.6
-344.084
-346.567
-349.05
-351.533
-354.017
-356.501
-358.984
-361.468
-363.952
-366.436
-368.92
-371.404
-373.889
-376.373
-378.857
-381.342
-383.827
-386.311
-388.796
-391.281
-393.766
-396.251
-398.737
-401.222
-403.708
-406.193
-408.679
-411.164
-413.65
-416.136
-418.622
-421.108
-423.595
-426.081
-428.567
-431.054
-433.54
-436.027
-438.514
-441.001
-443.488
-445.975
-448.462
-450.95
-453.437
-455.924
-458.412
-460.9
-463.387
-465.875
-468.363
-470.851
-473.34
-475.828
-478.316
-480.805
-483.293
-485.782
-488.271
-490.759
-493.248
-495.737
-498.227
-500.716
-503.205
-505.695
-508.184
-510.674
-513.163
-515.653
-518.143
-520.633
-523.123
-525.614
-528.104
-530.594
-533.085
-535.575
-538.066
-540.557
-543.048
-545.539
-548.03
-550.521
-553.012
-555.504
-557.995
-560.487
-562.978
-565.47
-567.962
-570.454
-572.946
-575.438
-577.93
-580.423
-582.915
-585.408
-587.9
-590.393
-592.886
-595.379
-597.872
-600.365
-602.858
-605.351
-607.845
-610.338
-612.832
-615.326
-617.819
-620.313
-622.807
-625.301
-627.795
-630.29
-632.784
-635.279
-637.773
-640.268
-642.763
-645.257
-647.752
-650.247
-652.743
-655.238
-657.733
-660.229
-662.724
-665.22
-667.716
-670.211
-672.707
-675.203
-677.699
-680.196
-682.692
-685.188
-687.685
-690.181
-692.678
-695.175
-697.672
-700.169
-702.666
-705.163
-707.66
-710.158
-712.655
-715.153
-717.65
-720.148
-722.646
-725.144
-727.642
-730.14
-732.638
-735.137
-737.635
-740.134
-742.632
-745.131
-747.63
-750.129
-752.628
-755.127
-757.626
-760.126
-762.625
-765.124
-767.624
-770.124
-772.624
-775.123
-777.623
-780.124
-782.624
-785.124
-787.624
-790.125
-792.625
-795.126
-797.627
-800.128
-802.629
-805.13
-807.631
-810.132
-812.633
-815.135
-817.636
-820.138
-822.64
-825.142
-827.643
-830.146
-832.648
-835.15
-837.652
-840.155
-842.657
-845.16
-847.662
-850.165
-852.668
-855.171
-857.674
-860.177
-862.681
-865.184
-867.687
-870.191
-872.695
-875.198
-877.702
-880.206
-882.71
-885.214
-887.719
-890.223
-892.727
-895.232
-897.736
-900.241
-902.746
-905.251
-907.756
-910.261
-912.766
-915.272
-917.777
-920.282
-922.788
-925.294
-927.799
-930.305
-932.811
-935.317
-937.824
-940.33
-942.836
-945.343
-947.849
-950.356
-952.863
-955.369
-957.876
-960.383
-962.891
-965.398
-967.905
-970.413
-972.92
-975.428
-977.935
-980.443
-982.951
-985.459
-987.967
-990.475
-992.984
-995.492
-998.001
-1000.51
-1003.02
-1005.53
-1008.04
-1010.54
-1013.05
-1015.56
-1018.07
-1020.58
-1023.09
-1025.6
-1028.11
-1030.62
-1033.13
-1035.64
-1038.15
-1040.66
-1043.17
-1045.68
-1048.19
-1050.7
-1053.21
-1055.72
-1058.23
-1060.74
-1063.25
-1065.77
-1068.28
-1070.79
-1073.3
-1075.81
-1078.32
-1080.83
-1083.35
-1085.86
-1088.37
-1090.88
-1093.39
-1095.91
-1098.42
-1100.93
-1103.44
-1105.96
-1108.47
-1110.98
-1113.5
-1116.01
-1118.52
-1121.03
-1123.55
-1126.06
-1128.57
-1131.09
-1133.6
-1136.12
-1138.63
-1141.14
-1143.66
-1146.17
-1148.69
-1151.2
-1153.71
-1156.23
-1158.74
-1161.26
-1163.77
-1166.29
-1168.8
-1171.32
-1173.83
-1176.35
-1178.86
-1181.38
-1183.9
-1186.41
-1188.93
-1191.44
-1193.96
-1196.48
-1198.99
-1201.51
-1204.02
-1206.54
-1209.06
-1211.57
-1214.09
-1216.61
-1219.12
-1221.64
-1224.16
-1226.68
-1229.19
-1231.71
-1234.23
-1236.75
-1239.26
-1241.78
-1244.3
-1246.82
-1249.34
-1251.85
-1254.37
-1256.89
-1259.41
-1261.93
-1264.45
-1266.96
-1269.48
-1272
-1274.52
-1277.04
-1279.56
-1282.08
-1284.6
-1287.12
-1289.64
-1292.16
-1294.68
-1297.2
-1299.72
-1302.24
-1304.76
-1307.28
-1309.8
-1312.32
-1314.84
-1317.36
-1319.88
-1322.4
-1324.92
-1327.44
-1329.97
-1332.49
-1335.01
-1337.53
-1340.05
-1342.57
-1345.1
-1347.62
-1350.14
-1352.66
-1355.18
-1357.71
-1360.23
-1362.75
-1365.27
-1367.8
-1370.32
-1372.84
-1375.36
-1377.89
-1380.41
-1382.93
-1385.46
-1387.98
-1390.5
-1393.03
-1395.55
-1398.07
-1400.6
-1403.12
-1405.65
-1408.17
-1410.69
-1413.22
-1415.74
-1418.27
-1420.79
-1423.32
-1425.84
-1428.37
-1430.89
-1433.42
-1435.94
-1438.47
-1440.99
-1443.52
-1446.04
-1448.57
-1451.1
-1453.62
-1456.15
-1458.67
-1461.2
-1463.73
-1466.25
-1468.78
-1471.31
-1473.83
-1476.36
-1478.89
-1481.41
-1483.94
-1486.47
-1488.99
-1491.52
-1494.05
-1496.58
-1499.1
-1501.63
-1504.16
-1506.69
-1509.22
-1511.74
-1514.27
-1516.8
-1519.33
-1521.86
-1524.39
-1526.91
-1529.44
-1531.97
-1534.5
-1537.03
-1539.56
-1542.09
-1544.62
-1547.15
-1549.68
-1552.21
-1554.74
-1557.27
-1559.8
-1562.33
-1564.86
-1567.39
-1569.92
-1572.45
-1574.98
-1577.51
-1580.04
-1582.57
-1585.1
-1587.63
-1590.16
-1592.69
-1595.22
-1597.76
-1600.29
-1602.82
-1605.35
-1607.88
-1610.41
-1612.95
-1615.48
-1618.01
-1620.54
-1623.08
-1625.61
-1628.14
-1630.67
-1633.21
-1635.74
-1638.27
-1640.8
-1643.34
-1645.87
-1648.4
-1650.94
-1653.47
-1656
-1658.54
-1661.07
-1663.61
-1666.14
-1668.67
-1671.21
-1673.74
-1676.28
-1678.81
-1681.34
-1683.88
-1686.41
-1688.95
-1691.48
-1694.02
-1696.55
-1699.09
-1701.62
-1704.16
-1706.7
-1709.23
-1711.77
-1714.3
-1716.84
-1719.37
-1721.91
-1724.45
-1726.98
-1729.52
-1732.06
-1734.59
-1737.13
-1739.67
-1742.2
-1744.74
-1747.28
-1749.81
-1752.35
-1754.89
-1757.43
-1759.96
-1762.5
-1765.04
-1767.58
-1770.11
-1772.65
-1775.19
-1777.73
-1780.27
-1782.8
-1785.34
-1787.88
-1790.42
-1792.96
-1795.5
-1798.04
-1800.58
-1803.11
-1805.65
-1808.19
-1810.73
-1813.27
-1815.81
-1818.35
-1820.89
-1823.43
-1825.97
-1828.51
-1831.05
-1833.59
-1836.13
-1838.67
-1841.21
-1843.75
-1846.29
-1848.83
-1851.38
-1853.92
-1856.46
-1859
-1861.54
-1864.08
-1866.62
-1869.16
-1871.71
-1874.25
-1876.79
-1879.33
-1881.87
-1884.42
-1886.96
-1889.5
-1892.04
-1894.59
-1897.13
-1899.67
-1902.21
-1904.76
-1907.3
-1909.84
-1912.39
-1914.93
-1917.47
-1920.02
-1922.56
-1925.1
-1927.65
-1930.19
-1932.74
-1935.28
-1937.82
-1940.37
-1942.91
-1945.46
-1948
-1950.55
-1953.09
-1955.64
-1958.18
-1960.73
-1963.27
-1965.82
-1968.36
-1970.91
-1973.45
-1976
-1978.54
-1981.09
-1983.64
-1986.18
-1988.73
-1991.27
-1993.82
-1996.37
-1998.91
-2001.46
-2004.01
-2006.55
-2009.1
-2011.65
-2014.19
-2016.74
-2019.29
-2021.84
-2024.38
-2026.93
-2029.48
-2032.03
-2034.57
-2037.12
-2039.67
-2042.22
-2044.77
-2047.31
-2049.86
-2052.41
-2054.96
-2057.51
-2060.06
-2062.61
-2065.15
-2067.7
-2070.25
-2072.8
-2075.35
-2077.9
-2080.45
-2083
-2085.55
-2088.1
-2090.65
-2093.2
-2095.75
-2098.3
-2100.85
-2103.4
-2105.95
-2108.5
-2111.05
-2113.6
-2116.15
-2118.7
-2121.26
-2123.81
-2126.36
-2128.91
-2131.46
-2134.01
-2136.56
-2139.12
-2141.67
-2144.22
-2146.77
-2149.32
-2151.88
-2154.43
-2156.98
-2159.53
-2162.09
-2164.64
-2167.19
-2169.74
-2172.3
-2174.85
-2177.4
-2179.96
-2182.51
-2185.06
-2187.62
-2190.17
-2192.72
-2195.28
-2197.83
-2200.39
-2202.94
-2205.49
-2208.05
-2210.6
-2213.16
-2215.71
-2218.27
-2220.82
-2223.38
-2225.93
-2228.49
-2231.04
-2233.6
-2236.15
-2238.71
-2241.26
-2243.82
-2246.37
-2248.93
-2251.49
-2254.04
-2256.6
-2259.15
-2261.71
-2264.27
-2266.82
-2269.38
-2271.94
-2274.49
-2277.05
-2279.61
-2282.16
-2284.72
-2287.28
-2289.84
-2292.39
-2294.95
-2297.51
-2300.07
-2302.62
-2305.18
-2307.74
-2310.3
-2312.86
-2315.41
-2317.97
-2320.53
-2323.09
-2325.65
-2328.21
-2330.77
-2333.33
-2335.88
-2338.44
-2341
-2343.56
-2346.12
-2348.68
-2351.24
-2353.8
-2356.36
-2358.92
-2361.48
-2364.04
-2366.6
-2369.16
-2371.72
-2374.28
-2376.84
-2379.4
-2381.96
-2384.52
-2387.09
-2389.65
-2392.21
-2394.77
-2397.33
-2399.89
-2402.45
-2405.01
-2407.58
-2410.14
-2412.7
-2415.26
-2417.82
-2420.39
-2422.95
-2425.51
-2428.07
-2430.64
-2433.2
-2435.76
-2438.32
-2440.89
-2443.45
-2446.01
-2448.58
-2451.14
-2453.7
-2456.27
-2458.83
-2461.39
-2463.96
-2466.52
-2469.09
-2471.65
-2474.21
-2476.78
-2479.34
-2481.91
-2484.47
-2487.04
-2489.6
-2492.17
-2494.73
-2497.3
-2499.86
-2502.43
-2504.99
-2507.56
-2510.12
-2512.69
-2515.25
-2517.82
-2520.39
-2522.95
-2525.52
-2528.08
-2530.65
-2533.22
-2535.78
-2538.35
-2540.92
-2543.48
-2546.05
-2548.62
-2551.18
-2553.75
-2556.32
-2558.89
-2561.45
-2564.02
-2566.59
-2569.16
-2571.72
-2574.29
-2576.86
-2579.43
-2582
-2584.57
-2587.13
-2589.7
-2592.27
-2594.84
-2597.41
-2599.98
-2602.55
-2605.11
-2607.68
-2610.25
-2612.82
-2615.39
-2617.96
-2620.53
-2623.1
-2625.67
-2628.24
-2630.81
-2633.38
-2635.95
-2638.52
-2641.09
-2643.66
-2646.23
-2648.8
-2651.37
-2653.94
-2656.52
-2659.09
-2661.66
-2664.23
-2666.8
-2669.37
-2671.94
-2674.51
-2677.09
-2679.66
-2682.23
-2684.8
-2687.37
-2689.95
-2692.52
-2695.09
-2697.66
-2700.24
-2702.81
-2705.38
-2707.95
-2710.53
-2713.1
-2715.67
-2718.25
-2720.82
-2723.39
-2725.97
-2728.54
-2731.11
-2733.69
-2736.26
-2738.84
-2741.41
-2743.98
-2746.56
-2749.13
-2751.71
-2754.28
-2756.86
-2759.43
-2762.01
-2764.58
-2767.16
-2769.73
-2772.31
-2774.88
-2777.46
-2780.03
-2782.61
-2785.18
-2787.76
-2790.34
-2792.91
-2795.49
-2798.06
-2800.64
-2803.22
-2805.79
-2808.37
-2810.95
-2813.52
-2816.1
-2818.68
-2821.25
-2823.83
-2826.41
-2828.98
-2831.56
-2834.14
-2836.72
-2839.3
-2841.87
-2844.45
-2847.03
-2849.61
-2852.18
-2854.76
-2857.34
-2859.92
-2862.5
-2865.08
-2867.66
-2870.23
-2872.81
-2875.39
-2877.97
-2880.55
-2883.13
-2885.71
-2888.29
-2890.87
-2893.45
-2896.03
-2898.61
-2901.19
-2903.77
-2906.35
-2908.93
-2911.51
-2914.09
-2916.67
-2919.25
-2921.83
-2924.41
-2926.99
-2929.57
-2932.15
-2934.74
-2937.32
-2939.9
-2942.48
-2945.06
-2947.64
-2950.23
-2952.81
-2955.39
-2957.97
-2960.55
-2963.14
-2965.72
-2968.3
-2970.88
-2973.47
-2976.05
-2978.63
-2981.21
-2983.8
-2986.38
-2988.96
-2991.55
-2994.13
-2996.71
-2999.3
-3001.88
-3004.46
-3007.05
-3009.63
-3012.22
-3014.8
-3017.38
-3019.97
-3022.55
-3025.14
-3027.72
-3030.31
-3032.89
-3035.48
-3038.06
-3040.65
-3043.23
-3045.82
-3048.4
-3050.99
-3053.57
-3056.16
-3058.74
-3061.33
-3063.92
-3066.5
-3069.09
-3071.67
-3074.26
-3076.85
-3079.43
-3082.02
-3084.61
-3087.19
-3089.78
-3092.37
-3094.95
-3097.54
-3100.13
-3102.72
-3105.3
-3107.89
-3110.48
-3113.07
-3115.65
-3118.24
-3120.83
-3123.42
-3126.01
-3128.6
-3131.18
-3133.77
-3136.36
-3138.95
-3141.54
-3144.13
-3146.72
-3149.31
-3151.89
-3154.48
-3157.07
-3159.66
-3162.25
-3164.84
-3167.43
-3170.02
-3172.61
-3175.2
-3177.79
-3180.38
-3182.97
-3185.56
-3188.15
-3190.74
-3193.33
-3195.92
-3198.52
-3201.11
-3203.7
-3206.29
-3208.88
-3211.47
-3214.06
-3216.65
-3219.25
-3221.84
-3224.43
-3227.02
-3229.61
-3232.2
-3234.8
-3237.39
-3239.98
-3242.57
-3245.17
-3247.76
-3250.35
-3252.95
-3255.54
-3258.13
-3260.72
-3263.32
-3265.91
-3268.5
-3271.1
-3273.69
-3276.28
-3278.88
-3281.47
-3284.07
-3286.66
-3289.25
-3291.85
-3294.44
-3297.04
-3299.63
-3302.23
-3304.82
-3307.42
-3310.01
-3312.61
-3315.2
-3317.8
-3320.39
-3322.99
-3325.58
-3328.18
-3330.77
-3333.37
-3335.97
-3338.56
-3341.16
-3343.75
-3346.35
-3348.95
-3351.54
-3354.14
-3356.74
-3359.33
-3361.93
-3364.53
-3367.12
-3369.72
-3372.32
-3374.92
-3377.51
-3380.11
-3382.71
-3385.31
-3387.9
-3390.5
-3393.1
-3395.7
-3398.3
-3400.89
-3403.49
-3406.09
-3408.69
-3411.29
-3413.89
-3416.48
-3419.08
-3421.68
-3424.28
-3426.88
-3429.48
-3432.08
-3434.68
-3437.28
-3439.88
-3442.48
-3445.08
-3447.68
-3450.28
-3452.88
-3455.48
-3458.08
-3460.68
-3463.28
-3465.88
-3468.48
-3471.08
-3473.68
-3476.28
-3478.88
-3481.49
-3484.09
-3486.69
-3489.29
-3491.89
-3494.49
-3497.09
-3499.7
-3502.3
-3504.9
-3507.5
-3510.1
-3512.71
-3515.31
-3517.91
-3520.51
-3523.12
-3525.72
-3528.32
-3530.93
-3533.53
-3536.13
-3538.74
-3541.34
-3543.94
-3546.55
-3549.15
-3551.75
-3554.36
-3556.96
-3559.56
-3562.17
-3564.77
-3567.38
-3569.98
-3572.59
-3575.19
-3577.8
-3580.4
-3583
-3585.61
-3588.21
-3590.82
-3593.43
-3596.03
-3598.64
-3601.24
-3603.85
-3606.45
-3609.06
-3611.66
-3614.27
-3616.88
-3619.48
-3622.09
-3624.7
-3627.3
-3629.91
-3632.51
-3635.12
-3637.73
-3640.34
-3642.94
-3645.55
-3648.16
-3650.76
-3653.37
-3655.98
-3658.59
-3661.19
-3663.8
-3666.41
-3669.02
-3671.63
-3674.23
-3676.84
-3679.45
-3682.06
-3684.67
-3687.28
-3689.89
-3692.49
-3695.1
-3697.71
-3700.32
-3702.93
-3705.54
-3708.15
-3710.76
-3713.37
-3715.98
-3718.59
-3721.2
-3723.81
-3726.42
-3729.03
-3731.64
-3734.25
-3736.86
-3739.47
-3742.08
-3744.69
-3747.3
-3749.91
-3752.52
-3755.13
-3757.75
-3760.36
-3762.97
-3765.58
-3768.19
-3770.8
-3773.41
-3776.03
-3778.64
-3781.25
-3783.86
-3786.47
-3789.09
-3791.7
-3794.31
-3796.92
-3799.54
-3802.15
-3804.76
-3807.38
-3809.99
-3812.6
-3815.22
-3817.83
-3820.44
-3823.06
-3825.67
-3828.28
-3830.9
-3833.51
-3836.12
-3838.74
-3841.35
-3843.97
-3846.58
-3849.2
-3851.81
-3854.43
-3857.04
-3859.65
-3862.27
-3864.88
-3867.5
-3870.12
-3872.73
-3875.35
-3877.96
-3880.58
-3883.19
-3885.81
-3888.42
-3891.04
-3893.66
-3896.27
-3898.89
-3901.51
-3904.12
-3906.74
-3909.36
-3911.97
-3914.59
-3917.21
-3919.82
-3922.44
-3925.06
-3927.67
-3930.29
-3932.91
-3935.53
-3938.14
-3940.76
-3943.38
-3946
-3948.62
-3951.23
-3953.85
-3956.47
-3959.09
-3961.71
-3964.33
-3966.95
-3969.56
-3972.18
-3974.8
-3977.42
-3980.04
-3982.66
-3985.28
-3987.9
-3990.52
-3993.14
-3995.76
-3998.38
-4001
-4003.62
-4006.24
-4008.86
-4011.48
-4014.1
-4016.72
-4019.34
-4021.96
-4024.58
-4027.2
-4029.82
-4032.44
-4035.07
-4037.69
-4040.31
-4042.93
-4045.55
-4048.17
-4050.79
-4053.42
-4056.04
-4058.66
-4061.28
-4063.9
-4066.53
-4069.15
-4071.77
-4074.39
-4077.02
-4079.64
-4082.26
-4084.89
-4087.51
-4090.13
-4092.76
-4095.38
-4098
-4100.63
-4103.25
-4105.87
-4108.5
-4111.12
-4113.75
-4116.37
-4118.99
-4121.62
-4124.24
-4126.87
-4129.49
-4132.12
-4134.74
-4137.37
-4139.99
-4142.62
-4145.24
-4147.87
-4150.49
-4153.12
-4155.74
-4158.37
-4160.99
-4163.62
-4166.25
-4168.87
-4171.5
-4174.12
-4176.75
-4179.38
-4182
-4184.63
-4187.26
-4189.88
-4192.51
-4195.14
-4197.76
-4200.39
-4203.02
-4205.65
-4208.27
-4210.9
-4213.53
-4216.16
-4218.78
-4221.41
-4224.04
-4226.67
-4229.3
-4231.92
-4234.55
-4237.18
-4239.81
-4242.44
-4245.07
-4247.7
-4250.32
-4252.95
-4255.58
-4258.21
-4260.84
-4263.47
-4266.1
-4268.73
-4271.36
-4273.99
-4276.62
-4279.25
-4281.88
-4284.51
-4287.14
-4289.77
-4292.4
-4295.03
-4297.66
-4300.29
-4302.92
-4305.55
-4308.18
-4310.82
-4313.45
-4316.08
-4318.71
-4321.34
-4323.97
-4326.6
-4329.24
-4331.87
-4334.5
-4337.13
-4339.76
-4342.4
-4345.03
-4347.66
-4350.29
-4352.93
-4355.56
-4358.19
-4360.82
-4363.46
-4366.09
-4368.72
-4371.36
-4373.99
-4376.62
-4379.26
-4381.89
-4384.52
-4387.16
-4389.79
-4392.43
-4395.06
-4397.69
-4400.33
-4402.96
-4405.6
-4408.23
-4410.87
-4413.5
-4416.14
-4418.77
-4421.41
-4424.04
-4426.68
-4429.31
-4431.95
-4434.58
-4437.22
-4439.85
-4442.49
-4445.13
-4447.76
-4450.4
-4453.03
-4455.67
-4458.31
-4460.94
-4463.58
-4466.22
-4468.85
-4471.49
-4474.13
-4476.76
-4479.4
-4482.04
-4484.68
-4487.31
-4489.95
-4492.59
-4495.23
-4497.86
-4500.5
-4503.14
-4505.78
-4508.42
-4511.05
-4513.69
-4516.33
-4518.97
-4521.61
-4524.25
-4526.89
-4529.52
-4532.16
-4534.8
-4537.44
-4540.08
-4542.72
-4545.36
-4548
-4550.64
-4553.28
-4555.92
-4558.56
-4561.2
-4563.84
-4566.48
-4569.12
-4571.76
-4574.4
-4577.04
-4579.68
-4582.32
-4584.96
-4587.6
-4590.25
-4592.89
-4595.53
-4598.17
-4600.81
-4603.45
-4606.09
-4608.74
-4611.38
-4614.02
-4616.66
-4619.3
-4621.95
-4624.59
-4627.23
-4629.87
-4632.52
-4635.16
-4637.8
-4640.44
-4643.09
-4645.73
-4648.37
-4651.02
-4653.66
-4656.3
-4658.95
-4661.59
-4664.23
-4666.88
-4669.52
-4672.17
-4674.81
-4677.45
-4680.1
-4682.74
-4685.39
-4688.03
-4690.68
-4693.32
-4695.97
-4698.61
-4701.26
-4703.9
-4706.55
-4709.19
-4711.84
-4714.48
-4717.13
-4719.77
-4722.42
-4725.06
-4727.71
-4730.36
-4733
-4735.65
-4738.3
-4740.94
-4743.59
-4746.24
-4748.88
-4751.53
-4754.18
-4756.82
-4759.47
-4762.12
-4764.76
-4767.41
-4770.06
-4772.71
-4775.35
-4778
-4780.65
-4783.3
-4785.95
-4788.59
-4791.24
-4793.89
-4796.54
-4799.19
-4801.84
-4804.49
-4807.13
-4809.78
-4812.43
-4815.08
-4817.73
-4820.38
-4823.03
-4825.68
-4828.33
-4830.98
-4833.63
-4836.28
-4838.93
-4841.58
-4844.23
-4846.88
-4849.53
-4852.18
-4854.83
-4857.48
-4860.13
-4862.78
-4865.43
-4868.08
-4870.73
-4873.38
-4876.04
-4878.69
-4881.34
-4883.99
-4886.64
-4889.29
-4891.95
-4894.6
-4897.25
-4899.9
-4902.55
-4905.21
-4907.86
-4910.51
-4913.16
-4915.82
-4918.47
-4921.12
-4923.77
-4926.43
-4929.08
-4931.73
-4934.39
-4937.04
-4939.69
-4942.35
-4945
-4947.66
-4950.31
-4952.96
-4955.62
-4958.27
-4960.93
-4963.58
-4966.23
-4968.89
-4971.54
-4974.2
-4976.85
-4979.51
-4982.16
-4984.82
-4987.47
-4990.13
-4992.78
-4995.44
-4998.1
-5000.75
-5003.41
-5006.06
-5008.72
-5011.38
-5014.03
-5016.69
-5019.34
-5022
-5024.66
-5027.31
-5029.97
-5032.63
-5035.28
-5037.94
-5040.6
-5043.26
-5045.91
-5048.57
-5051.23
-5053.88
-5056.54
-5059.2
-5061.86
-5064.52
-5067.17
-5069.83
-5072.49
-5075.15
-5077.81
-5080.47
-5083.12
-5085.78
-5088.44
-5091.1
-5093.76
-5096.42
-5099.08
-5101.74
-5104.4
-5107.06
-5109.72
-5112.38
-5115.03
-5117.69
-5120.35
-5123.01
-5125.67
-5128.33
-5131
-5133.66
-5136.32
-5138.98
-5141.64
-5144.3
-5146.96
-5149.62
-5152.28
-5154.94
-5157.6
-5160.26
-5162.93
-5165.59
-5168.25
-5170.91
-5173.57
-5176.23
-5178.9
-5181.56
-5184.22
-5186.88
-5189.55
-5192.21
-5194.87
-5197.53
-5200.2
-5202.86
-5205.52
-5208.18
-5210.85
-5213.51
-5216.17
-5218.84
-5221.5
-5224.17
-5226.83
-5229.49
-5232.16
-5234.82
-5237.48
-5240.15
-5242.81
-5245.48
-5248.14
-5250.81
-5253.47
-5256.14
-5258.8
-5261.47
-5264.13
-5266.8
-5269.46
-5272.13
-5274.79
-5277.46
-5280.12
-5282.79
-5285.45
-5288.12
-5290.79
-5293.45
-5296.12
-5298.78
-5301.45
-5304.12
-5306.78
-5309.45
-5312.12
-5314.78
-5317.45
-5320.12
-5322.78
-5325.45
-5328.12
-5330.79
-5333.45
-5336.12
-5338.79
-5341.46
-5344.12
-5346.79
-5349.46
-5352.13
-5354.8
-5357.47
-5360.13
-5362.8
-5365.47
-5368.14
-5370.81
-5373.48
-5376.15
-5378.81
-5381.48
-5384.15
-5386.82
-5389.49
-5392.16
-5394.83
-5397.5
-5400.17
-5402.84
-5405.51
-5408.18
-5410.85
-5413.52
-5416.19
-5418.86
-5421.53
-5424.2
-5426.87
-5429.54
-5432.22
-5434.89
-5437.56
-5440.23
-5442.9
-5445.57
-5448.24
-5450.92
-5453.59
-5456.26
-5458.93
-5461.6
-5464.27
-5466.95
-5469.62
-5472.29
-5474.96
-5477.64
-5480.31
-5482.98
-5485.65
-5488.33
-5491
-5493.67
-5496.35
-5499.02
-5501.69
-5504.37
-5507.04
-5509.71
-5512.39
-5515.06
-5517.74
-5520.41
-5523.08
-5525.76
-5528.43
-5531.11
-5533.78
-5536.46
-5539.13
-5541.81
-5544.48
-5547.16
-5549.83
-5552.51
-5555.18
-5557.86
-5560.53
-5563.21
-5565.88
-5568.56
-5571.24
-5573.91
-5576.59
-5579.26
-5581.94
-5584.62
-5587.29
-5589.97
-5592.65
-5595.32
-5598
-5600.68
-5603.35
-5606.03
-5608.71
-5611.38
-5614.06
-5616.74
-5619.42
-5622.09
-5624.77
-5627.45
-5630.13
-5632.81
-5635.48
-5638.16
-5640.84
-5643.52
-5646.2
-5648.88
-5651.55
-5654.23
-5656.91
-5659.59
-5662.27
-5664.95
-5667.63
-5670.31
-5672.99
-5675.67
-5678.35
-5681.03
-5683.71
-5686.39
-5689.07
-5691.75
-5694.43
-5697.11
-5699.79
-5702.47
-5705.15
-5707.83
-5710.51
-5713.19
-5715.87
-5718.55
-5721.23
-5723.91
-5726.6
-5729.28
-5731.96
-5734.64
-5737.32
-5740
-5742.69
-5745.37
-5748.05
-5750.73
-5753.41
-5756.1
-5758.78
-5761.46
-5764.14
-5766.83
-5769.51
-5772.19
-5774.88
-5777.56
-5780.24
-5782.93
-5785.61
-5788.29
-5790.98
-5793.66
-5796.34
-5799.03
-5801.71
-5804.39
-5807.08
-5809.76
-5812.45
-5815.13
-5817.82
-5820.5
-5823.19
-5825.87
-5828.56
-5831.24
-5833.93
-5836.61
-5839.3
-5841.98
-5844.67
-5847.35
-5850.04
-5852.72
-5855.41
-5858.1
-5860.78
-5863.47
-5866.15
-5868.84
-5871.53
-5874.21
-5876.9
-5879.59
-5882.27
-5884.96
-5887.65
-5890.33
-5893.02
-5895.71
-5898.4
-5901.08
-5903.77
-5906.46
-5909.15
-5911.83
-5914.52
-5917.21
-5919.9
-5922.59
-5925.27
-5927.96
-5930.65
-5933.34
-5936.03
-5938.72
-5941.41
-5944.1
-5946.78
-5949.47
-5952.16
-5954.85
-5957.54
-5960.23
-5962.92
-5965.61
-5968.3
-5970.99
-5973.68
-5976.37
-5979.06
-5981.75
-5984.44
-5987.13
-5989.82
-5992.51
-5995.2
-5997.89
-6000.59
-6003.28
-6005.97
-6008.66
-6011.35
-6014.04
-6016.73
-6019.42
-6022.12
-6024.81
-6027.5
-6030.19
-6032.88
-6035.58
-6038.27
-6040.96
-6043.65
-6046.35
-6049.04
-6051.73
-6054.42
-6057.12
-6059.81
-6062.5
-6065.2
-6067.89
-6070.58
-6073.28
-6075.97
-6078.66
-6081.36
-6084.05
-6086.75
-6089.44
-6092.13
-6094.83
-6097.52
-6100.22
-6102.91
-6105.61
-6108.3
-6111
-6113.69
-6116.39
-6119.08
-6121.78
-6124.47
-6127.17
-6129.86
-6132.56
-6135.25
-6137.95
-6140.64
-6143.34
-6146.04
-6148.73
-6151.43
-6154.13
-6156.82
-6159.52
-6162.22
-6164.91
-6167.61
-6170.31
-6173
-6175.7
-6178.4
-6181.09
-6183.79
-6186.49
-6189.19
-6191.88
-6194.58
-6197.28
-6199.98
-6202.68
-6205.37
-6208.07
-6210.77
-6213.47
-6216.17
-6218.87
-6221.56
-6224.26
-6226.96
-6229.66
-6232.36
-6235.06
-6237.76
-6240.46
-6243.16
-6245.86
-6248.56
-6251.26
-6253.96
-6256.66
-6259.36
-6262.06
-6264.76
-6267.46
-6270.16
-6272.86
-6275.56
-6278.26
-6280.96
-6283.66
-6286.36
-6289.06
-6291.76
-6294.46
-6297.17
-6299.87
-6302.57
-6305.27
-6307.97
-6310.67
-6313.38
-6316.08
-6318.78
-6321.48
-6324.18
-6326.89
-6329.59
-6332.29
-6334.99
-6337.7
-6340.4
-6343.1
-6345.81
-6348.51
-6351.21
-6353.92
-6356.62
-6359.32
-6362.03
-6364.73
-6367.43
-6370.14
-6372.84
-6375.55
-6378.25
-6380.95
-6383.66
-6386.36
-6389.07
-6391.77
-6394.48
-6397.18
-6399.89
-6402.59
-6405.3
-6408
-6410.71
-6413.41
-6416.12
-6418.82
-6421.53
-6424.24
-6426.94
-6429.65
-6432.35
-6435.06
-6437.77
-6440.47
-6443.18
-6445.89
-6448.59
-6451.3
-6454.01
-6456.71
-6459.42
-6462.13
-6464.83
-6467.54
-6470.25
-6472.96
-6475.66
-6478.37
-6481.08
-6483.79
-6486.49
-6489.2
-6491.91
-6494.62
-6497.33
-6500.04
-6502.74
-6505.45
-6508.16
-6510.87
-6513.58
-6516.29
-6519
-6521.71
-6524.42
-6527.13
-6529.84
-6532.54
-6535.25
-6537.96
-6540.67
-6543.38
-6546.09
-6548.8
-6551.51
-6554.22
-6556.93
-6559.65
-6562.36
-6565.07
-6567.78
-6570.49
-6573.2
-6575.91
-6578.62
-6581.33
-6584.04
-6586.76
-6589.47
-6592.18
-6594.89
-6597.6
-6600.31
-6603.03
-6605.74
-6608.45
-6611.16
-6613.88
-6616.59
-6619.3
-6622.01
-6624.73
-6627.44
-6630.15
-6632.87
-6635.58
-6638.29
-6641.01
-6643.72
-6646.43
-6649.15
-6651.86
-6654.57
-6657.29
-6660
-6662.72
-6665.43
-6668.14
-6670.86
-6673.57
-6676.29
-6679
-6681.72
-6684.43
-6687.15
-6689.86
-6692.58
-6695.29
-6698.01
-6700.72
-6703.44
-6706.15
-6708.87
-6711.59
-6714.3
-6717.02
-6719.73
-6722.45
-6725.17
-6727.88
-6730.6
-6733.32
-6736.03
-6738.75
-6741.47
-6744.18
-6746.9
-6749.62
-6752.33
-6755.05
-6757.77
-6760.49
-6763.2
-6765.92
-6768.64
-6771.36
-6774.08
-6776.79
-6779.51
-6782.23
-6784.95
-6787.67
-6790.39
-6793.1
-6795.82
-6798.54
-6801.26
-6803.98
-6806.7
-6809.42
-6812.14
-6814.86
-6817.58
-6820.3
-6823.02
-6825.74
-6828.46
-6831.18
-6833.9
-6836.62
-6839.34
-6842.06
-6844.78
-6847.5
-6850.22
-6852.94
-6855.66
-6858.38
-6861.1
-6863.82
-6866.54
-6869.27
-6871.99
-6874.71
-6877.43
-6880.15
-6882.87
-6885.6
-6888.32
-6891.04
-6893.76
-6896.48
-6899.21
-6901.93
-6904.65
-6907.37
-6910.1
-6912.82
-6915.54
-6918.27
-6920.99
-6923.71
-6926.44
-6929.16
-6931.88
-6934.61
-6937.33
-6940.05
-6942.78
-6945.5
-6948.23
-6950.95
-6953.67
-6956.4
-6959.12
-6961.85
-6964.57
-6967.3
-6970.02
-6972.75
-6975.47
-6978.2
-6980.92
-6983.65
-6986.37
-6989.1
-6991.82
-6994.55
-6997.28
-7000
-7002.73
-7005.45
-7008.18
-7010.91
-7013.63
-7016.36
-7019.09
-7021.81
-7024.54
-7027.27
-7029.99
-7032.72
-7035.45
-7038.17
-7040.9
-7043.63
-7046.36
-7049.08
-7051.81
-7054.54
-7057.27
-7059.99
-7062.72
-7065.45
-7068.18
-7070.91
-7073.64
-7076.36
-7079.09
-7081.82
-7084.55
-7087.28
-7090.01
-7092.74
-7095.47
-7098.2
-7100.93
-7103.66
-7106.39
-7109.11
-7111.84
-7114.57
-7117.3
-7120.03
-7122.76
-7125.49
-7128.23
-7130.96
-7133.69
-7136.42
-7139.15
-7141.88
-7144.61
-7147.34
-7150.07
-7152.8
-7155.53
-7158.27
-7161
-7163.73
-7166.46
-7169.19
-7171.92
-7174.66
-7177.39
-7180.12
-7182.85
-7185.58
-7188.32
-7191.05
-7193.78
-7196.52
-7199.25
-7201.98
-7204.71
-7207.45
-7210.18
-7212.91
-7215.65
-7218.38
-7221.11
-7223.85
-7226.58
-7229.32
-7232.05
-7234.78
-7237.52
-7240.25
-7242.99
-7245.72
-7248.46
-7251.19
-7253.92
-7256.66
-7259.39
-7262.13
-7264.86
-7267.6
-7270.34
-7273.07
-7275.81
-7278.54
-7281.28
-7284.01
-7286.75
-7289.49
-7292.22
-7294.96
-7297.69
-7300.43
-7303.17
-7305.9
-7308.64
-7311.38
-7314.11
-7316.85
-7319.59
-7322.32
-7325.06
-7327.8
-7330.54
-7333.27
-7336.01
-7338.75
-7341.49
-7344.22
-7346.96
-7349.7
-7352.44
-7355.18
-7357.92
-7360.65
-7363.39
-7366.13
-7368.87
-7371.61
-7374.35
-7377.09
-7379.83
-7382.57
-7385.3
-7388.04
-7390.78
-7393.52
-7396.26
-7399
-7401.74
-7404.48
-7407.22
-7409.96
-7412.7
-7415.44
-7418.18
-7420.92
-7423.67
-7426.41
-7429.15
-7431.89
-7434.63
-7437.37
-7440.11
-7442.85
-7445.59
-7448.34
-7451.08
-7453.82
-7456.56
-7459.3
-7462.04
-7464.79
-7467.53
-7470.27
-7473.01
-7475.76
-7478.5
-7481.24
-7483.98
-7486.73
-7489.47
-7492.21
-7494.96
-7497.7
-7500.44
-7503.19
-7505.93
-7508.67
-7511.42
-7514.16
-7516.9
-7519.65
-7522.39
-7525.14
-7527.88
-7530.63
-7533.37
-7536.11
-7538.86
-7541.6
-7544.35
-7547.09
-7549.84
-7552.58
-7555.33
-7558.07
-7560.82
-7563.57
-7566.31
-7569.06
-7571.8
-7574.55
-7577.29
-7580.04
-7582.79
-7585.53
-7588.28
-7591.03
-7593.77
-7596.52
-7599.27
-7602.01
-7604.76
-7607.51
-7610.25
-7613
-7615.75
-7618.5
-7621.24
-7623.99
-7626.74
-7629.49
-7632.24
-7634.98
-7637.73
-7640.48
-7643.23
-7645.98
-7648.72
-7651.47
-7654.22
-7656.97
-7659.72
-7662.47
-7665.22
-7667.97
-7670.72
-7673.47
-7676.21
-7678.96
-7681.71
-7684.46
-7687.21
-7689.96
-7692.71
-7695.46
-7698.21
-7700.96
-7703.71
-7706.47
-7709.22
-7711.97
-7714.72
-7717.47
-7720.22
-7722.97
-7725.72
-7728.47
-7731.22
-7733.98
-7736.73
-7739.48
-7742.23
-7744.98
-7747.73
-7750.49
-7753.24
-7755.99
-7758.74
-7761.5
-7764.25
-7767
-7769.75
-7772.51
-7775.26
-7778.01
-7780.77
-7783.52
-7786.27
-7789.03
-7791.78
-7794.53
-7797.29
-7800.04
-7802.79
-7805.55
-7808.3
-7811.06
-7813.81
-7816.56
-7819.32
-7822.07
-7824.83
-7827.58
-7830.34
-7833.09
-7835.85
-7838.6
-7841.36
-7844.11
-7846.87
-7849.62
-7852.38
-7855.14
-7857.89
-7860.65
-7863.4
-7866.16
-7868.92
-7871.67
-7874.43
-7877.18
-7879.94
-7882.7
-7885.45
-7888.21
-7890.97
-7893.73
-7896.48
-7899.24
-7902
-7904.75
-7907.51
-7910.27
-7913.03
-7915.79
-7918.54
-7921.3
-7924.06
-7926.82
-7929.58
-7932.33
-7935.09
-7937.85
-7940.61
-7943.37
-7946.13
-7948.89
-7951.65
-7954.41
-7957.16
-7959.92
-7962.68
-7965.44
-7968.2
-7970.96
-7973.72
-7976.48
-7979.24
-7982
-7984.76
-7987.52
-7990.28
-7993.04
-7995.8
-7998.57
-8001.33
-8004.09
-8006.85
-8009.61
-8012.37
-8015.13
-8017.89
-8020.65
-8023.42
-8026.18
-8028.94
-8031.7
-8034.46
-8037.23
-8039.99
-8042.75
-8045.51
-8048.27
-8051.04
-8053.8
-8056.56
-8059.32
-8062.09
-8064.85
-8067.61
-8070.38
-8073.14
-8075.9
-8078.67
-8081.43
-8084.19
-8086.96
-8089.72
-8092.49
-8095.25
-8098.01
-8100.78
-8103.54
-8106.31
-8109.07
-8111.84
-8114.6
-8117.37
-8120.13
-8122.9
-8125.66
-8128.43
-8131.19
-8133.96
-8136.72
-8139.49
-8142.25
-8145.02
-8147.79
-8150.55
-8153.32
-8156.08
-8158.85
-8161.62
-8164.38
-8167.15
-8169.92
-8172.68
-8175.45
-8178.22
-8180.99
-8183.75
-8186.52
-8189.29
-8192.05
-8194.82
-8197.59
-8200.36
-8203.13
-8205.89
-8208.66
-8211.43
-8214.2
-8216.97
-8219.73
-8222.5
-8225.27
-8228.04
-8230.81
-8233.58
-8236.35
-8239.12
-8241.89
-8244.65
-8247.42
-8250.19
-8252.96
-8255.73
-8258.5
-8261.27
-8264.04
-8266.81
-8269.58
-8272.35
-8275.12
-8277.89
-8280.66
-8283.43
-8286.21
-8288.98
-8291.75
-8294.52
-8297.29
-8300.06
-8302.83
-8305.6
-8308.38
-8311.15
-8313.92
-8316.69
-8319.46
-8322.23
-8325.01
-8327.78
-8330.55
-8333.32
-8336.1
-8338.87
-8341.64
-8344.41
-8347.19
-8349.96
-8352.73
-8355.51
-8358.28
-8361.05
-8363.83
-8366.6
-8369.37
-8372.15
-8374.92
-8377.7
-8380.47
-8383.24
-8386.02
-8388.79
-8391.57
-8394.34
-8397.12
-8399.89
-8402.67
-8405.44
-8408.21
-8410.99
-8413.77
-8416.54
-8419.32
-8422.09
-8424.87
-8427.64
-8430.42
-8433.19
-8435.97
-8438.75
-8441.52
-8444.3
-8447.08
-8449.85
-8452.63
-8455.41
-8458.18
-8460.96
-8463.74
-8466.51
-8469.29
-8472.07
-8474.84
-8477.62
-8480.4
-8483.18
-8485.96
-8488.73
-8491.51
-8494.29
-8497.07
-8499.85
-8502.62
-8505.4
-8508.18
-8510.96
-8513.74
-8516.52
-8519.3
-8522.07
-8524.85
-8527.63
-8530.41
-8533.19
-8535.97
-8538.75
-8541.53
-8544.31
-8547.09
-8549.87
-8552.65
-8555.43
-8558.21
-8560.99
-8563.77
-8566.55
-8569.33
-8572.11
-8574.89
-8577.68
-8580.46
-8583.24
-8586.02
-8588.8
-8591.58
-8594.36
-8597.14
-8599.93
-8602.71
-8605.49
-8608.27
-8611.05
-8613.84
-8616.62
-8619.4
-8622.18
-8624.97
-8627.75
-8630.53
-8633.32
-8636.1
-8638.88
-8641.66
-8644.45
-8647.23
-8650.01
-8652.8
-8655.58
-8658.37
-8661.15
-8663.93
-8666.72
-8669.5
-8672.29
-8675.07
-8677.85
-8680.64
-8683.42
-8686.21
-8688.99
-8691.78
-8694.56
-8697.35
-8700.13
-8702.92
-8705.71
-8708.49
-8711.28
-8714.06
-8716.85
-8719.63
-8722.42
-8725.21
-8727.99
-8730.78
-8733.56
-8736.35
-8739.14
-8741.92
-8744.71
-8747.5
-8750.29
-8753.07
-8755.86
-8758.65
-8761.43
-8764.22
-8767.01
-8769.8
-8772.59
-8775.37
-8778.16
-8780.95
-8783.74
-8786.53
-8789.31
-8792.1
-8794.89
-8797.68
-8800.47
-8803.26
-8806.05
-8808.84
-8811.62
-8814.41
-8817.2
-8819.99
-8822.78
-8825.57
-8828.36
-8831.15
-8833.94
-8836.73
-8839.52
-8842.31
-8845.1
-8847.89
-8850.68
-8853.47
-8856.26
-8859.06
-8861.85
-8864.64
-8867.43
-8870.22
-8873.01
-8875.8
-8878.59
-8881.39
-8884.18
-8886.97
-8889.76
-8892.55
-8895.35
-8898.14
-8900.93
-8903.72
-8906.52
-8909.31
-8912.1
-8914.89
-8917.69
-8920.48
-8923.27
-8926.07
-8928.86
-8931.65
-8934.45
-8937.24
-8940.03
-8942.83
-8945.62
-8948.41
-8951.21
-8954
-8956.8
-8959.59
-8962.39
-8965.18
-8967.98
-8970.77
-8973.56
-8976.36
-8979.15
-8981.95
-8984.75
-8987.54
-8990.34
-8993.13
-8995.93
-8998.72
-9001.52
-9004.31
-9007.11
-9009.91
-9012.7
-9015.5
-9018.3
-9021.09
-9023.89
-9026.69
-9029.48
-9032.28
-9035.08
-9037.87
-9040.67
-9043.47
-9046.27
-9049.06
-9051.86
-9054.66
-9057.46
-9060.25
-9063.05
-9065.85
-9068.65
-9071.45
-9074.25
-9077.04
-9079.84
-9082.64
-9085.44
-9088.24
-9091.04
-9093.84
-9096.64
-9099.44
-9102.24
-9105.04
-9107.83
-9110.63
-9113.43
-9116.23
-9119.03
-9121.83
-9124.63
-9127.43
-9130.24
-9133.04
-9135.84
-9138.64
-9141.44
-9144.24
-9147.04
-9149.84
-9152.64
-9155.44
-9158.24
-9161.05
-9163.85
-9166.65
-9169.45
-9172.25
-9175.05
-9177.86
-9180.66
-9183.46
-9186.26
-9189.07
-9191.87
-9194.67
-9197.47
-9200.28
-9203.08
-9205.88
-9208.69
-9211.49
-9214.29
-9217.1
-9219.9
-9222.7
-9225.51
-9228.31
-9231.12
-9233.92
-9236.72
-9239.53
-9242.33
-9245.14
-9247.94
-9250.75
-9253.55
-9256.36
-9259.16
-9261.97
-9264.77
-9267.58
-9270.38
-9273.19
-9275.99
-9278.8
-9281.6
-9284.41
-9287.22
-9290.02
-9292.83
-9295.63
-9298.44
-9301.25
-9304.05
-9306.86
-9309.67
-9312.47
-9315.28
-9318.09
-9320.89
-9323.7
-9326.51
-9329.32
-9332.12
-9334.93
-9337.74
-9340.55
-9343.36
-9346.16
-9348.97
-9351.78
-9354.59
-9357.4
-9360.21
-9363.01
-9365.82
-9368.63
-9371.44
-9374.25
-9377.06
-9379.87
-9382.68
-9385.49
-9388.3
-9391.11
-9393.92
-9396.73
-9399.54
-9402.35
-9405.16
-9407.97
-9410.78
-9413.59
-9416.4
-9419.21
-9422.02
-9424.83
-9427.64
-9430.45
-9433.26
-9436.07
-9438.88
-9441.7
-9444.51
-9447.32
-9450.13
-9452.94
-9455.76
-9458.57
-9461.38
-9464.19
-9467
-9469.82
-9472.63
-9475.44
-9478.25
-9481.07
-9483.88
-9486.69
-9489.51
-9492.32
-9495.13
-9497.95
-9500.76
-9503.57
-9506.39
-9509.2
-9512.01
-9514.83
-9517.64
-9520.46
-9523.27
-9526.09
-9528.9
-9531.72
-9534.53
-9537.34
-9540.16
-9542.97
-9545.79
-9548.6
-9551.42
-9554.24
-9557.05
-9559.87
-9562.68
-9565.5
-9568.31
-9571.13
-9573.95
-9576.76
-9579.58
-9582.4
-9585.21
-9588.03
-9590.85
-9593.66
-9596.48
-9599.3
-9602.11
-9604.93
-9607.75
-9610.57
-9613.38
-9616.2
-9619.02
-9621.84
-9624.65
-9627.47
-9630.29
-9633.11
-9635.93
-9638.75
-9641.56
-9644.38
-9647.2
-9650.02
-9652.84
-9655.66
-9658.48
-9661.3
-9664.12
-9666.94
-9669.76
-9672.57
-9675.39
-9678.21
-9681.03
-9683.85
-9686.67
-9689.49
-9692.32
-9695.14
-9697.96
-9700.78
-9703.6
-9706.42
-9709.24
-9712.06
-9714.88
-9717.7
-9720.52
-9723.35
-9726.17
-9728.99
-9731.81
-9734.63
-9737.45
-9740.28
-9743.1
-9745.92
-9748.74
-9751.57
-9754.39
-9757.21
-9760.03
-9762.86
-9765.68
-9768.5
-9771.33
-9774.15
-9776.97
-9779.8
-9782.62
-9785.44
-9788.27
-9791.09
-9793.92
-9796.74
-9799.56
-9802.39
-9805.21
-9808.04
-9810.86
-9813.69
-9816.51
-9819.34
-9822.16
-9824.99
-9827.81
-9830.64
-9833.46
-9836.29
-9839.11
-9841.94
-9844.76
-9847.59
-9850.42
-9853.24
-9856.07
-9858.9
-9861.72
-9864.55
-9867.37
-9870.2
-9873.03
-9875.86
-9878.68
-9881.51
-9884.34
-9887.16
-9889.99
-9892.82
-9895.65
-9898.47
-9901.3
-9904.13
-9906.96
-9909.79
-9912.61
-9915.44
-9918.27
-9921.1
-9923.93
-9926.76
-9929.59
-9932.42
-9935.24
-9938.07
-9940.9
-9943.73
-9946.56
-9949.39
-9952.22
-9955.05
-9957.88
-9960.71
-9963.54
-9966.37
-9969.2
-9972.03
-9974.86
-9977.69
-9980.52
-9983.35
-9986.19
-9989.02
-9991.85
-9994.68
-9997.51
-10000.3
-10003.2
-10006
-10008.8
-10011.7
-10014.5
-10017.3
-10020.2
-10023
-10025.8
-10028.7
-10031.5
-10034.3
-10037.2
-10040
-10042.8
-10045.7
-10048.5
-10051.3
-10054.2
-10057
-10059.8
-10062.7
-10065.5
-10068.3
-10071.2
-10074
-10076.8
-10079.7
-10082.5
-10085.3
-10088.2
-10091
-10093.8
-10096.7
-10099.5
-10102.3
-10105.2
-10108
-10110.8
-10113.7
-10116.5
-10119.4
-10122.2
-10125
-10127.9
-10130.7
-10133.5
-10136.4
-10139.2
-10142
-10144.9
-10147.7
-10150.6
-10153.4
-10156.2
-10159.1
-10161.9
-10164.7
-10167.6
-10170.4
-10173.3
-10176.1
-10178.9
-10181.8
-10184.6
-10187.4
-10190.3
-10193.1
-10196
-10198.8
-10201.6
-10204.5
-10207.3
-10210.1
-10213
-10215.8
-10218.7
-10221.5
-10224.3
-10227.2
-10230
-10232.9
-10235.7
-10238.5
-10241.4
-10244.2
-10247.1
-10249.9
-10252.7
-10255.6
-10258.4
-10261.3
-10264.1
-10267
-10269.8
-10272.6
-10275.5
-10278.3
-10281.2
-10284
-10286.8
-10289.7
-10292.5
-10295.4
-10298.2
-10301.1
-10303.9
-10306.7
-10309.6
-10312.4
-10315.3
-10318.1
-10321
-10323.8
-10326.6
-10329.5
-10332.3
-10335.2
-10338
-10340.9
-10343.7
-10346.5
-10349.4
-10352.2
-10355.1
-10357.9
-10360.8
-10363.6
-10366.5
-10369.3
-10372.1
-10375
-10377.8
-10380.7
-10383.5
-10386.4
-10389.2
-10392.1
-10394.9
-10397.8
-10400.6
-10403.4
-10406.3
-10409.1
-10412
-10414.8
-10417.7
-10420.5
-10423.4
-10426.2
-10429.1
-10431.9
-10434.8
-10437.6
-10440.5
-10443.3
-10446.1
-10449
-10451.8
-10454.7
-10457.5
-10460.4
-10463.2
-10466.1
-10468.9
-10471.8
-10474.6
-10477.5
-10480.3
-10483.2
-10486
-10488.9
-10491.7
-10494.6
-10497.4
-10500.3
-10503.1
-10506
-10508.8
-10511.7
-10514.5
-10517.4
-10520.2
-10523.1
-10525.9
-10528.8
-10531.6
-10534.5
-10537.3
-10540.2
-10543
-10545.9
-10548.7
-10551.6
-10554.4
-10557.3
-10560.1
-10563
-10565.8
-10568.7
-10571.5
-10574.4
-10577.2
-10580.1
-10583
-10585.8
-10588.7
-10591.5
-10594.4
-10597.2
-10600.1
-10602.9
-10605.8
-10608.6
-10611.5
-10614.3
-10617.2
-10620
-10622.9
-10625.8
-10628.6
-10631.5
-10634.3
-10637.2
-10640
-10642.9
-10645.7
-10648.6
-10651.4
-10654.3
-10657.2
-10660
-10662.9
-10665.7
-10668.6
-10671.4
-10674.3
-10677.1
-10680
-10682.9
-10685.7
-10688.6
-10691.4
-10694.3
-10697.1
-10700
-10702.9
-10705.7
-10708.6
-10711.4
-10714.3
-10717.1
-10720
-10722.9
-10725.7
-10728.6
-10731.4
-10734.3
-10737.2
-10740
-10742.9
-10745.7
-10748.6
-10751.4
-10754.3
-10757.2
-10760
-10762.9
-10765.7
-10768.6
-10771.5
-10774.3
-10777.2
-10780
-10782.9
-10785.8
-10788.6
-10791.5
-10794.3
-10797.2
-10800.1
-10802.9
-10805.8
-10808.6
-10811.5
-10814.4
-10817.2
-10820.1
-10822.9
-10825.8
-10828.7
-10831.5
-10834.4
-10837.3
-10840.1
-10843
-10845.8
-10848.7
-10851.6
-10854.4
-10857.3
-10860.2
-10863
-10865.9
-10868.7
-10871.6
-10874.5
-10877.3
-10880.2
-10883.1
-10885.9
-10888.8
-10891.7
-10894.5
-10897.4
-10900.2
-10903.1
-10906
-10908.8
-10911.7
-10914.6
-10917.4
-10920.3
-10923.2
-10926
-10928.9
-10931.8
-10934.6
-10937.5
-10940.4
-10943.2
-10946.1
-10949
-10951.8
-10954.7
-10957.6
-10960.4
-10963.3
-10966.2
-10969
-10971.9
-10974.8
-10977.6
-10980.5
-10983.4
-10986.2
-10989.1
-10992
-10994.8
-10997.7
-11000.6
-11003.4
-11006.3
-11009.2
-11012
-11014.9
-11017.8
-11020.6
-11023.5
-11026.4
-11029.3
-11032.1
-11035
-11037.9
-11040.7
-11043.6
-11046.5
-11049.3
-11052.2
-11055.1
-11058
-11060.8
-11063.7
-11066.6
-11069.4
-11072.3
-11075.2
-11078
-11080.9
-11083.8
-11086.7
-11089.5
-11092.4
-11095.3
-11098.1
-11101
-11103.9
-11106.8
-11109.6
-11112.5
-11115.4
-11118.3
-11121.1
-11124
-11126.9
-11129.7
-11132.6
-11135.5
-11138.4
-11141.2
-11144.1
-11147
-11149.9
-11152.7
-11155.6
-11158.5
-11161.4
-11164.2
-11167.1
-11170
-11172.9
-11175.7
-11178.6
-11181.5
-11184.4
-11187.2
-11190.1
-11193
-11195.9
-11198.7
-11201.6
-11204.5
-11207.4
-11210.2
-11213.1
-11216
-11218.9
-11221.7
-11224.6
-11227.5
-11230.4
-11233.2
-11236.1
-11239
-11241.9
-11244.8
-11247.6
-11250.5
-11253.4
-11256.3
-11259.1
-11262
-11264.9
-11267.8
-11270.7
-11273.5
-11276.4
-11279.3
-11282.2
-11285
-11287.9
-11290.8
-11293.7
-11296.6
-11299.4
-11302.3
-11305.2
-11308.1
-11311
-11313.8
-11316.7
-11319.6
-11322.5
-11325.4
-11328.2
-11331.1
-11334
-11336.9
-11339.8
-11342.6
-11345.5
-11348.4
-11351.3
-11354.2
-11357.1
-11359.9
-11362.8
-11365.7
-11368.6
-11371.5
-11374.3
-11377.2
-11380.1
-11383
-11385.9
-11388.8
-11391.6
-11394.5
-11397.4
-11400.3
-11403.2
-11406.1
-11408.9
-11411.8
-11414.7
-11417.6
-11420.5
-11423.4
-11426.2
-11429.1
-11432
-11434.9
-11437.8
-11440.7
-11443.5
-11446.4
-11449.3
-11452.2
-11455.1
-11458
-11460.9
-11463.7
-11466.6
-11469.5
-11472.4
-11475.3
-11478.2
-11481.1
-11483.9
-11486.8
-11489.7
-11492.6
-11495.5
-11498.4
-11501.3
-11504.2
-11507
-11509.9
-11512.8
-11515.7
-11518.6
-11521.5
-11524.4
-11527.3
-11530.1
-11533
-11535.9
-11538.8
-11541.7
-11544.6
-11547.5
-11550.4
-11553.3
-11556.1
-11559
-11561.9
-11564.8
-11567.7
-11570.6
-11573.5
-11576.4
-11579.3
-11582.2
-11585
-11587.9
-11590.8
-11593.7
-11596.6
-11599.5
-11602.4
-11605.3
-11608.2
-11611.1
-11614
-11616.8
-11619.7
-11622.6
-11625.5
-11628.4
-11631.3
-11634.2
-11637.1
-11640
-11642.9
-11645.8
-11648.7
-11651.6
-11654.4
-11657.3
-11660.2
-11663.1
-11666
-11668.9
-11671.8
-11674.7
-11677.6
-11680.5
-11683.4
-11686.3
-11689.2
-11692.1
-11695
-11697.9
-11700.7
-11703.6
-11706.5
-11709.4
-11712.3
-11715.2
-11718.1
-11721
-11723.9
-11726.8
-11729.7
-11732.6
-11735.5
-11738.4
-11741.3
-11744.2
-11747.1
-11750
-11752.9
-11755.8
-11758.7
-11761.6
-11764.5
-11767.4
-11770.3
-11773.2
-11776.1
-11778.9
-11781.8
-11784.7
-11787.6
-11790.5
-11793.4
-11796.3
-11799.2
-11802.1
-11805
-11807.9
-11810.8
-11813.7
-11816.6
-11819.5
-11822.4
-11825.3
-11828.2
-11831.1
-11834
-11836.9
-11839.8
-11842.7
-11845.6
-11848.5
-11851.4
-11854.3
-11857.2
-11860.1
-11863
-11865.9
-11868.8
-11871.7
-11874.6
-11877.5
-11880.4
-11883.3
-11886.2
-11889.2
-11892.1
-11895
-11897.9
-11900.8
-11903.7
-11906.6
-11909.5
-11912.4
-11915.3
-11918.2
-11921.1
-11924
-11926.9
-11929.8
-11932.7
-11935.6
-11938.5
-11941.4
-11944.3
-11947.2
-11950.1
-11953
-11955.9
-11958.8
-11961.7
-11964.6
-11967.6
-11970.5
-11973.4
-11976.3
-11979.2
-11982.1
-11985
-11987.9
-11990.8
-11993.7
-11996.6
-11999.5
-12002.4
-12005.3
-12008.2
-12011.1
-12014.1
-12017
-12019.9
-12022.8
-12025.7
-12028.6
-12031.5
-12034.4
-12037.3
-12040.2
-12043.1
-12046
-12048.9
-12051.9
-12054.8
-12057.7
-12060.6
-12063.5
-12066.4
-12069.3
-12072.2
-12075.1
-12078
-12080.9
-12083.9
-12086.8
-12089.7
-12092.6
-12095.5
-12098.4
-12101.3
-12104.2
-12107.1
-12110.1
-12113
-12115.9
-12118.8
-12121.7
-12124.6
-12127.5
-12130.4
-12133.3
-12136.3
-12139.2
-12142.1
-12145
-12147.9
-12150.8
-12153.7
-12156.6
-12159.6
-12162.5
-12165.4
-12168.3
-12171.2
-12174.1
-12177
-12180
-12182.9
-12185.8
-12188.7
-12191.6
-12194.5
-12197.4
-12200.4
-12203.3
-12206.2
-12209.1
-12212
-12214.9
-12217.8
-12220.8
-12223.7
-12226.6
-12229.5
-12232.4
-12235.3
-12238.3
-12241.2
-12244.1
-12247
-12249.9
-12252.8
-12255.7
-12258.7
-12261.6
-12264.5
-12267.4
-12270.3
-12273.3
-12276.2
-12279.1
-12282
-12284.9
-12287.8
-12290.8
-12293.7
-12296.6
-12299.5
-12302.4
-12305.4
-12308.3
-12311.2
-12314.1
-12317
-12319.9
-12322.9
-12325.8
-12328.7
-12331.6
-12334.5
-12337.5
-12340.4
-12343.3
-12346.2
-12349.2
-12352.1
-12355
-12357.9
-12360.8
-12363.8
-12366.7
-12369.6
-12372.5
-12375.4
-12378.4
-12381.3
-12384.2
-12387.1
-12390.1
-12393
-12395.9
-12398.8
-12401.7
-12404.7
-12407.6
-12410.5
-12413.4
-12416.4
-12419.3
-12422.2
-12425.1
-12428.1
-12431
-12433.9
-12436.8
-12439.7
-12442.7
-12445.6
-12448.5
-12451.4
-12454.4
-12457.3
-12460.2
-12463.1
-12466.1
-12469
-12471.9
-12474.9
-12477.8
-12480.7
-12483.6
-12486.6
-12489.5
-12492.4
-12495.3
-12498.3
-12501.2
-12504.1
-12507
-12510
-12512.9
-12515.8
-12518.8
-12521.7
-12524.6
-12527.5
-12530.5
-12533.4
-12536.3
-12539.2
-12542.2
-12545.1
-12548
-12551
-12553.9
-12556.8
-12559.8
-12562.7
-12565.6
-12568.5
-12571.5
-12574.4
-12577.3
-12580.3
-12583.2
-12586.1
-12589.1
-12592
-12594.9
-12597.8
-12600.8
-12603.7
-12606.6
-12609.6
-12612.5
-12615.4
-12618.4
-12621.3
-12624.2
-12627.2
-12630.1
-12633
-12636
-12638.9
-12641.8
-12644.8
-12647.7
-12650.6
-12653.6
-12656.5
-12659.4
-12662.4
-12665.3
-12668.2
-12671.2
-12674.1
-12677
-12680
-12682.9
-12685.8
-12688.8
-12691.7
-12694.6
-12697.6
-12700.5
-12703.4
-12706.4
-12709.3
-12712.2
-12715.2
-12718.1
-12721.1
-12724
-12726.9
-12729.9
-12732.8
-12735.7
-12738.7
-12741.6
-12744.5
-12747.5
-12750.4
-12753.4
-12756.3
-12759.2
-12762.2
-12765.1
-12768
-12771
-12773.9
-12776.9
-12779.8
-12782.7
-12785.7
-12788.6
-12791.6
-12794.5
-12797.4
-12800.4
-12803.3
-12806.3
-12809.2
-12812.1
-12815.1
-12818
-12821
-12823.9
-12826.8
-12829.8
-12832.7
-12835.7
-12838.6
-12841.5
-12844.5
-12847.4
-12850.4
-12853.3
-12856.2
-12859.2
-12862.1
-12865.1
-12868
-12871
-12873.9
-12876.8
-12879.8
-12882.7
-12885.7
-12888.6
-12891.6
-12894.5
-12897.4
-12900.4
-12903.3
-12906.3
-12909.2
-12912.2
-12915.1
-12918.1
-12921
-12923.9
-12926.9
-12929.8
-12932.8
-12935.7
-12938.7
-12941.6
-12944.6
-12947.5
-12950.5
-12953.4
-12956.3
-12959.3
-12962.2
-12965.2
-12968.1
-12971.1
-12974
-12977
-12979.9
-12982.9
-12985.8
-12988.8
-12991.7
-12994.7
-12997.6
-13000.6
-13003.5
-13006.4
-13009.4
-13012.3
-13015.3
-13018.2
-13021.2
-13024.1
-13027.1
-13030
-13033
-13035.9
-13038.9
-13041.8
-13044.8
-13047.7
-13050.7
-13053.6
-13056.6
-13059.5
-13062.5
-13065.4
-13068.4
-13071.3
-13074.3
-13077.2
-13080.2
-13083.1
-13086.1
-13089.1
-13092
-13095
-13097.9
-13100.9
-13103.8
-13106.8
-13109.7
-13112.7
-13115.6
-13118.6
-13121.5
-13124.5
-13127.4
-13130.4
-13133.3
-13136.3
-13139.3
-13142.2
-13145.2
-13148.1
-13151.1
-13154
-13157
-13159.9
-13162.9
-13165.8
-13168.8
-13171.8
-13174.7
-13177.7
-13180.6
-13183.6
-13186.5
-13189.5
-13192.5
-13195.4
-13198.4
-13201.3
-13204.3
-13207.2
-13210.2
-13213.2
-13216.1
-13219.1
-13222
-13225
-13227.9
-13230.9
-13233.9
-13236.8
-13239.8
-13242.7
-13245.7
-13248.7
-13251.6
-13254.6
-13257.5
-13260.5
-13263.5
-13266.4
-13269.4
-13272.3
-13275.3
-13278.3
-13281.2
-13284.2
-13287.1
-13290.1
-13293.1
-13296
-13299
-13301.9
-13304.9
-13307.9
-13310.8
-13313.8
-13316.7
-13319.7
-13322.7
-13325.6
-13328.6
-13331.6
-13334.5
-13337.5
-13340.4
-13343.4
-13346.4
-13349.3
-13352.3
-13355.3
-13358.2
-13361.2
-13364.2
-13367.1
-13370.1
-13373.1
-13376
-13379
-13381.9
-13384.9
-13387.9
-13390.8
-13393.8
-13396.8
-13399.7
-13402.7
-13405.7
-13408.6
-13411.6
-13414.6
-13417.5
-13420.5
-13423.5
-13426.4
-13429.4
-13432.4
-13435.3
-13438.3
-13441.3
-13444.2
-13447.2
-13450.2
-13453.2
-13456.1
-13459.1
-13462.1
-13465
-13468
-13471
-13473.9
-13476.9
-13479.9
-13482.8
-13485.8
-13488.8
-13491.8
-13494.7
-13497.7
-13500.7
-13503.6
-13506.6
-13509.6
-13512.5
-13515.5
-13518.5
-13521.5
-13524.4
-13527.4
-13530.4
-13533.4
-13536.3
-13539.3
-13542.3
-13545.2
-13548.2
-13551.2
-13554.2
-13557.1
-13560.1
-13563.1
-13566.1
-13569
-13572
-13575
-13578
-13580.9
-13583.9
-13586.9
-13589.8
-13592.8
-13595.8
-13598.8
-13601.7
-13604.7
-13607.7
-13610.7
-13613.7
-13616.6
-13619.6
-13622.6
-13625.6
-13628.5
-13631.5
-13634.5
-13637.5
-13640.4
-13643.4
-13646.4
-13649.4
-13652.4
-13655.3
-13658.3
-13661.3
-13664.3
-13667.2
-13670.2
-13673.2
-13676.2
-13679.2
-13682.1
-13685.1
-13688.1
-13691.1
-13694.1
-13697
-13700
-13703
-13706
-13709
-13711.9
-13714.9
-13717.9
-13720.9
-13723.9
-13726.8
-13729.8
-13732.8
-13735.8
-13738.8
-13741.8
-13744.7
-13747.7
-13750.7
-13753.7
-13756.7
-13759.6
-13762.6
-13765.6
-13768.6
-13771.6
-13774.6
-13777.5
-13780.5
-13783.5
-13786.5
-13789.5
-13792.5
-13795.5
-13798.4
-13801.4
-13804.4
-13807.4
-13810.4
-13813.4
-13816.4
-13819.3
-13822.3
-13825.3
-13828.3
-13831.3
-13834.3
-13837.3
-13840.2
-13843.2
-13846.2
-13849.2
-13852.2
-13855.2
-13858.2
-13861.2
-13864.1
-13867.1
-13870.1
-13873.1
-13876.1
-13879.1
-13882.1
-13885.1
-13888.1
-13891
-13894
-13897
-13900
-13903
-13906
-13909
-13912
-13915
-13918
-13920.9
-13923.9
-13926.9
-13929.9
-13932.9
-13935.9
-13938.9
-13941.9
-13944.9
-13947.9
-13950.9
-13953.9
-13956.9
-13959.8
-13962.8
-13965.8
-13968.8
-13971.8
-13974.8
-13977.8
-13980.8
-13983.8
-13986.8
-13989.8
-13992.8
-13995.8
-13998.8
-14001.8
-14004.8
-14007.8
-14010.7
-14013.7
-14016.7
-14019.7
-14022.7
-14025.7
-14028.7
-14031.7
-14034.7
-14037.7
-14040.7
-14043.7
-14046.7
-14049.7
-14052.7
-14055.7
-14058.7
-14061.7
-14064.7
-14067.7
-14070.7
-14073.7
-14076.7
-14079.7
-14082.7
-14085.7
-14088.7
-14091.7
-14094.7
-14097.7
-14100.7
-14103.7
-14106.7
-14109.7
-14112.7
-14115.7
-14118.7
-14121.7
-14124.7
-14127.7
-14130.7
-14133.7
-14136.7
-14139.7
-14142.7
-14145.7
-14148.7
-14151.7
-14154.7
-14157.7
-14160.7
-14163.7
-14166.7
-14169.7
-14172.7
-14175.7
-14178.7
-14181.8
-14184.8
-14187.8
-14190.8
-14193.8
-14196.8
-14199.8
-14202.8
-14205.8
-14208.8
-14211.8
-14214.8
-14217.8
-14220.8
-14223.8
-14226.8
-14229.8
-14232.9
-14235.9
-14238.9
-14241.9
-14244.9
-14247.9
-14250.9
-14253.9
-14256.9
-14259.9
-14262.9
-14265.9
-14269
-14272
-14275
-14278
-14281
-14284
-14287
-14290
-14293
-14296
-14299.1
-14302.1
-14305.1
-14308.1
-14311.1
-14314.1
-14317.1
-14320.1
-14323.2
-14326.2
-14329.2
-14332.2
-14335.2
-14338.2
-14341.2
-14344.2
-14347.3
-14350.3
-14353.3
-14356.3
-14359.3
-14362.3
-14365.3
-14368.4
-14371.4
-14374.4
-14377.4
-14380.4
-14383.4
-14386.5
-14389.5
-14392.5
-14395.5
-14398.5
-14401.5
-14404.6
-14407.6
-14410.6
-14413.6
-14416.6
-14419.6
-14422.7
-14425.7
-14428.7
-14431.7
-14434.7
-14437.7
-14440.8
-14443.8
-14446.8
-14449.8
-14452.8
-14455.9
-14458.9
-14461.9
-14464.9
-14467.9
-14471
-14474
-14477
-14480
-14483.1
-14486.1
-14489.1
-14492.1
-14495.1
-14498.2
-14501.2
-14504.2
-14507.2
-14510.3
-14513.3
-14516.3
-14519.3
-14522.3
-14525.4
-14528.4
-14531.4
-14534.4
-14537.5
-14540.5
-14543.5
-14546.5
-14549.6
-14552.6
-14555.6
-14558.6
-14561.7
-14564.7
-14567.7
-14570.8
-14573.8
-14576.8
-14579.8
-14582.9
-14585.9
-14588.9
-14591.9
-14595
-14598
-14601
-14604.1
-14607.1
-14610.1
-14613.1
-14616.2
-14619.2
-14622.2
-14625.3
-14628.3
-14631.3
-14634.4
-14637.4
-14640.4
-14643.5
-14646.5
-14649.5
-14652.5
-14655.6
-14658.6
-14661.6
-14664.7
-14667.7
-14670.7
-14673.8
-14676.8
-14679.8
-14682.9
-14685.9
-14688.9
-14692
-14695
-14698
-14701.1
-14704.1
-14707.1
-14710.2
-14713.2
-14716.3
-14719.3
-14722.3
-14725.4
-14728.4
-14731.4
-14734.5
-14737.5
-14740.5
-14743.6
-14746.6
-14749.7
-14752.7
-14755.7
-14758.8
-14761.8
-14764.9
-14767.9
-14770.9
-14774
-14777
-14780.1
-14783.1
-14786.1
-14789.2
-14792.2
-14795.3
-14798.3
-14801.3
-14804.4
-14807.4
-14810.5
-14813.5
-14816.5
-14819.6
-14822.6
-14825.7
-14828.7
-14831.8
-14834.8
-14837.9
-14840.9
-14843.9
-14847
-14850
-14853.1
-14856.1
-14859.2
-14862.2
-14865.3
-14868.3
-14871.3
-14874.4
-14877.4
-14880.5
-14883.5
-14886.6
-14889.6
-14892.7
-14895.7
-14898.8
-14901.8
-14904.9
-14907.9
-14911
-14914
-14917.1
-14920.1
-14923.2
-14926.2
-14929.3
-14932.3
-14935.4
-14938.4
-14941.5
-14944.5
-14947.6
-14950.6
-14953.7
-14956.7
-14959.8
-14962.8
-14965.9
-14968.9
-14972
-14975
-14978.1
-14981.1
-14984.2
-14987.3
-14990.3
-14993.4
-14996.4
-14999.5
-15002.5
-15005.6
-15008.6
-15011.7
-15014.8
-15017.8
-15020.9
-15023.9
-15027
-15030
-15033.1
-15036.2
-15039.2
-15042.3
-15045.3
-15048.4
-15051.4
-15054.5
-15057.6
-15060.6
-15063.7
-15066.7
-15069.8
-15072.9
-15075.9
-15079
-15082.1
-15085.1
-15088.2
-15091.2
-15094.3
-15097.4
-15100.4
-15103.5
-15106.5
-15109.6
-15112.7
-15115.7
-15118.8
-15121.9
-15124.9
-15128
-15131.1
-15134.1
-15137.2
-15140.3
-15143.3
-15146.4
-15149.5
-15152.5
-15155.6
-15158.7
-15161.7
-15164.8
-15167.9
-15170.9
-15174
-15177.1
-15180.1
-15183.2
-15186.3
-15189.3
-15192.4
-15195.5
-15198.6
-15201.6
-15204.7
-15207.8
-15210.8
-15213.9
-15217
-15220.1
-15223.1
-15226.2
-15229.3
-15232.4
-15235.4
-15238.5
-15241.6
-15244.6
-15247.7
-15250.8
-15253.9
-15256.9
-15260
-15263.1
-15266.2
-15269.2
-15272.3
-15275.4
-15278.5
-15281.6
-15284.6
-15287.7
-15290.8
-15293.9
-15296.9
-15300
-15303.1
-15306.2
-15309.3
-15312.3
-15315.4
-15318.5
-15321.6
-15324.7
-15327.8
-15330.8
-15333.9
-15337
-15340.1
-15343.2
-15346.2
-15349.3
-15352.4
-15355.5
-15358.6
-15361.7
-15364.7
-15367.8
-15370.9
-15374
-15377.1
-15380.2
-15383.3
-15386.4
-15389.4
-15392.5
-15395.6
-15398.7
-15401.8
-15404.9
-15408
-15411.1
-15414.1
-15417.2
-15420.3
-15423.4
-15426.5
-15429.6
-15432.7
-15435.8
-15438.9
-15442
-15445.1
-15448.1
-15451.2
-15454.3
-15457.4
-15460.5
-15463.6
-15466.7
-15469.8
-15472.9
-15476
-15479.1
-15482.2
-15485.3
-15488.4
-15491.5
-15494.6
-15497.7
-15500.8
-15503.9
-15507
-15510.1
-15513.2
-15516.3
-15519.4
-15522.5
-15525.6
-15528.7
-15531.8
-15534.9
-15538
-15541.1
-15544.2
-15547.3
-15550.4
-15553.5
-15556.6
-15559.7
-15562.8
-15565.9
-15569
-15572.1
-15575.2
-15578.3
-15581.4
-15584.5
-15587.6
-15590.7
-15593.8
-15596.9
-15600.1
-15603.2
-15606.3
-15609.4
-15612.5
-15615.6
-15618.7
-15621.8
-15624.9
-15628
-15631.2
-15634.3
-15637.4
-15640.5
-15643.6
-15646.7
-15649.8
-15652.9
-15656.1
-15659.2
-15662.3
-15665.4
-15668.5
-15671.6
-15674.7
-15677.9
-15681
-15684.1
-15687.2
-15690.3
-15693.4
-15696.6
-15699.7
-15702.8
-15705.9
-15709
-15712.2
-15715.3
-15718.4
-15721.5
-15724.6
-15727.8
-15730.9
-15734
-15737.1
-15740.3
-15743.4
-15746.5
-15749.6
-15752.8
-15755.9
-15759
-15762.1
-15765.3
-15768.4
-15771.5
-15774.6
-15777.8
-15780.9
-15784
-15787.2
-15790.3
-15793.4
-15796.6
-15799.7
-15802.8
-15805.9
-15809.1
-15812.2
-15815.3
-15818.5
-15821.6
-15824.7
-15827.9
-15831
-15834.1
-15837.3
-15840.4
-15843.6
-15846.7
-15849.8
-15853
-15856.1
-15859.2
-15862.4
-15865.5
-15868.7
-15871.8
-15874.9
-15878.1
-15881.2
-15884.4
-15887.5
-15890.7
-15893.8
-15896.9
-15900.1
-15903.2
-15906.4
-15909.5
-15912.7
-15915.8
-15919
-15922.1
-15925.3
-15928.4
-15931.6
-15934.7
-15937.8
-15941
-15944.1
-15947.3
-15950.5
-15953.6
-15956.8
-15959.9
-15963.1
-15966.2
-15969.4
-15972.5
-15975.7
-15978.8
-15982
-15985.1
-15988.3
-15991.5
-15994.6
-15997.8
-16000.9
-16004.1
-16007.3
-16010.4
-16013.6
-16016.7
-16019.9
-16023.1
-16026.2
-16029.4
-16032.5
-16035.7
-16038.9
-16042
-16045.2
-16048.4
-16051.5
-16054.7
-16057.9
-16061
-16064.2
-16067.4
-16070.5
-16073.7
-16076.9
-16080.1
-16083.2
-16086.4
-16089.6
-16092.7
-16095.9
-16099.1
-16102.3
-16105.4
-16108.6
-16111.8
-16115
-16118.1
-16121.3
-16124.5
-16127.7
-16130.9
-16134
-16137.2
-16140.4
-16143.6
-16146.8
-16149.9
-16153.1
-16156.3
-16159.5
-16162.7
-16165.9
-16169.1
-16172.2
-16175.4
-16178.6
-16181.8
-16185
-16188.2
-16191.4
-16194.6
-16197.8
-16200.9
-16204.1
-16207.3
-16210.5
-16213.7
-16216.9
-16220.1
-16223.3
-16226.5
-16229.7
-16232.9
-16236.1
-16239.3
-16242.5
-16245.7
-16248.9
-16252.1
-16255.3
-16258.5
-16261.7
-16264.9
-16268.1
-16271.3
-16274.5
-16277.7
-16280.9
-16284.1
-16287.4
-16290.6
-16293.8
-16297
-16300.2
-16303.4
-16306.6
-16309.8
-16313
-16316.3
-16319.5
-16322.7
-16325.9
-16329.1
-16332.3
-16335.6
-16338.8
-16342
-16345.2
-16348.4
-16351.7
-16354.9
-16358.1
-16361.3
-16364.6
-16367.8
-16371
-16374.2
-16377.5
-16380.7
-16383.9
-16387.2
-16390.4
-16393.6
-16396.8
-16400.1
-16403.3
-16406.5
-16409.8
-16413
-16416.3
-16419.5
-16422.7
-16426
-16429.2
-16432.5
-16435.7
-16438.9
-16442.2
-16445.4
-16448.7
-16451.9
-16455.2
-16458.4
-16461.6
-16464.9
-16468.1
-16471.4
-16474.6
-16477.9
-16481.2
-16484.4
-16487.7
-16490.9
-16494.2
-16497.4
-16500.7
-16503.9
-16507.2
-16510.5
-16513.7
-16517
-16520.2
-16523.5
-16526.8
-16530
-16533.3
-16536.6
-16539.8
-16543.1
-16546.4
-16549.6
-16552.9
-16556.2
-16559.5
-16562.7
-16566
-16569.3
-16572.6
-16575.8
-16579.1
-16582.4
-16585.7
-16589
-16592.2
-16595.5
-16598.8
-16602.1
-16605.4
-16608.7
-16612
-16615.3
-16618.5
-16621.8
-16625.1
-16628.4
-16631.7
-16635
-16638.3
-16641.6
-16644.9
-16648.2
-16651.5
-16654.8
-16658.1
-16661.4
-16664.7
-16668
-16671.3
-16674.6
-16677.9
-16681.3
-16684.6
-16687.9
-16691.2
-16694.5
-16697.8
-16701.1
-16704.5
-16707.8
-16711.1
-16714.4
-16717.7
-16721.1
-16724.4
-16727.7
-16731
-16734.4
-16737.7
-16741
-16744.4
-16747.7
-16751
-16754.4
-16757.7
-16761
-16764.4
-16767.7
-16771.1
-16774.4
-16777.7
-16781.1
-16784.4
-16787.8
-16791.1
-16794.5
-16797.8
-16801.2
-16804.5
-16807.9
-16811.3
-16814.6
-16818
-16821.3
-16824.7
-16828.1
-16831.4
-16834.8
-16838.2
-16841.5
-16844.9
-16848.3
-16851.6
-16855
-16858.4
-16861.8
-16865.1
-16868.5
-16871.9
-16875.3
-16878.7
-16882.1
-16885.5
-16888.8
-16892.2
-16895.6
-16899
-16902.4
-16905.8
-16909.2
-16912.6
-16916
-16919.4
-16922.8
-16926.2
-16929.6
-16933
-16936.5
-16939.9
-16943.3
-16946.7
-16950.1
-16953.5
-16957
-16960.4
-16963.8
-16967.2
-16970.7
-16974.1
-16977.5
-16981
-16984.4
-16987.8
-16991.3
-16994.7
-16998.2
-17001.6
-17005.1
-17008.5
-17012
-17015.4
-17018.9
-17022.3
-17025.8
-17029.2
-17032.7
-17036.2
-17039.6
-17043.1
-17046.6
-17050
-17053.5
-17057
-17060.5
-17063.9
-17067.4
-17070.9
-17074.4
-17077.9
-17081.4
-17084.9
-17088.4
-17091.9
-17095.4
-17098.9
-17102.4
-17105.9
-17109.4
-17112.9
-17116.4
-17119.9
-17123.4
-17127
-17130.5
-17134
-17137.5
-17141.1
-17144.6
-17148.1
-17151.7
-17155.2
-17158.8
-17162.3
-17165.8
-17169.4
-17173
-17176.5
-17180.1
-17183.6
-17187.2
-17190.8
-17194.3
-17197.9
-17201.5
-17205.1
-17208.6
-17212.2
-17215.8
-17219.4
-17223
-17226.6
-17230.2
-17233.8
-17237.4
-17241
-17244.6
-17248.2
-17251.8
-17255.5
-17259.1
-17262.7
-17266.3
-17270
-17273.6
-17277.3
-17280.9
-17284.5
-17288.2
-17291.8
-17295.5
-17299.2
-17302.8
-17306.5
-17310.2
-17313.8
-17317.5
-17321.2
-17324.9
-17328.6
-17332.3
-17336
-17339.7
-17343.4
-17347.1
-17350.8
-17354.5
-17358.3
-17362
-17365.7
-17369.5
-17373.2
-17377
-17380.7
-17384.5
-17388.2
-17392
-17395.8
-17399.5
-17403.3
-17407.1
-17410.9
-17414.7
-17418.5
-17422.3
-17426.1
-17429.9
-17433.7
-17437.6
-17441.4
-17445.2
-17449.1
-17452.9
-17456.8
-17460.6
-17464.5
-17468.4
-17472.3
-17476.1
-17480
-17483.9
-17487.8
-17491.8
-17495.7
-17499.6
-17503.5
-17507.5
-17511.4
-17515.4
-17519.3
-17523.3
-17527.3
-17531.2
-17535.2
-17539.2
-17543.2
-17547.3
-17551.3
-17555.3
-17559.4
-17563.4
-17567.5
-17571.5
-17575.6
-17579.7
-17583.8
-17587.9
-17592
-17596.1
-17600.3
-17604.4
-17608.6
-17612.8
-17616.9
-17621.1
-17625.3
-17629.5
-17633.8
-17638
-17642.3
-17646.5
-17650.8
-17655.1
-17659.4
-17663.7
-17668.1
-17672.4
-17676.8
-17681.2
-17685.6
-17690
-17694.4
-17698.8
-17703.3
-17707.8
-17712.3
-17716.8
-17721.4
-17725.9
-17730.5
-17735.1
-17739.7
-17744.4
-17749.1
-17753.8
-17758.5
-17763.3
-17768
-17772.8
-17777.7
-17782.5
-17787.4
-17792.4
-17797.3
-17802.3
-17807.4
-17812.5
-17817.6
-17822.7
-17827.9
-17833.2
-17838.5
-17843.8
-17849.2
-17854.7
-17860.2
-17865.8
-17871.4
-17877.2
-17883
-17888.8
-17894.8
-17900.9
-17907
-17913.3
-17919.7
-17926.2
-17932.8
-17939.6
-17946.6
-17953.8
-17961.2
-17968.9
-17976.8
-17985.1
-17993.7
-18002.9
-18012.7
-18023.2
-18034.9
-18048.2
-18064.3
-18088
