-14.7104
-15.1987
-15.6869
-16.175
-16.663
-17.151
-17.6388
-18.1266
-18.6143
-19.1019
-19.5894
-20.0768
-20.5641
-21.0513
-21.5385
-22.0256
-22.5125
-22.9994
-23.4862
-23.9729
-24.4596
-24.9461
-25.4325
-25.9189
-26.4052
-26.8914
-27.3775
-27.8635
-28.3494
-28.8352
-29.321
-29.8066
-30.2922
-30.7777
-31.2631
-31.7484
-32.2336
-32.7187
-33.2037
-33.6887
-34.1736
-34.6583
-35.143
-35.6276
-36.1121
-36.5966
-37.0809
-37.5651
-38.0493
-38.5334
-39.0174
-39.5013
-39.9851
-40.4688
-40.9524
-41.436
-41.9194
-42.4028
-42.8861
-43.3693
-43.8524
-44.3354
-44.8183
-45.3012
-45.7839
-46.2666
-46.7492
-47.2316
-47.714
-48.1964
-48.6786
-49.1607
-49.6428
-50.1247
-50.6066
-51.0884
-51.5701
-52.0517
-52.5332
-53.0146
-53.496
-53.9773
-54.4584
-54.9395
-55.4205
-55.9014
-56.3822
-56.8629
-57.3436
-57.8241
-58.3046
-58.785
-59.2653
-59.7455
-60.2256
-60.7056
-61.1855
-61.6654
-62.1452
-62.6248
-63.1044
-63.5839
-64.0633
-64.5426
-65.0219
-65.501
-65.9801
-66.459
-66.9379
-67.4167
-67.8954
-68.374
-68.8526
-69.331
-69.8094
-70.2876
-70.7658
-71.2439
-71.7219
-72.1998
-72.6776
-73.1554
-73.633
-74.1106
-74.5881
-75.0654
-75.5427
-76.0199
-76.4971
-76.9741
-77.451
-77.9279
-78.4047
-78.8814
-79.3579
-79.8345
-80.3109
-80.7872
-81.2634
-81.7396
-82.2157
-82.6916
-83.1675
-83.6433
-84.119
-84.5947
-85.0702
-85.5456
-86.021
-86.4963
-86.9715
-87.4466
-87.9216
-88.3965
-88.8713
-89.3461
-89.8207
-90.2953
-90.7698
-91.2442
-91.7185
-92.1927
-92.6668
-93.1409
-93.6148
-94.0887
-94.5625
-95.0361
-95.5097
-95.9833
-96.4567
-96.93
-97.4033
-97.8764
-98.3495
-98.8225
-99.2954
-99.7682
-100.241
-100.714
-101.186
-101.659
-102.131
-102.603
-103.075
-103.547
-104.02
-104.491
-104.963
-105.435
-105.907
-106.378
-106.85
-107.321
-107.792
-108.264
-108.735
-109.206
-109.677
-110.148
-110.619
-111.089
-111.56
-112.03
-112.501
-112.971
-113.441
-113.912
-114.382
-114.852
-115.322
-115.791
-116.261
-116.731
-117.2
-117.67
-118.139
-118.608
-119.078
-119.547
-120.016
-120.485
-120.953
-121.422
-121.891
-122.36
-122.828
-123.296
-123.765
-124.233
-124.701
-125.169
-125.637
-126.105
-126.573
-127.04
-127.508
-127.976
-128.443
-128.91
-129.378
-129.845
-130.312
-130.779
-131.246
-131.713
-132.179
-132.646
-133.113
-133.579
-134.045
-134.512
-134.978
-135.444
-135.91
-136.376
-136.842
-137.308
-137.773
-138.239
-138.704
-139.17
-139.635
-140.1
-140.566
-141.031
-141.496
-141.961
-142.425
-142.89
-143.355
-143.819
-144.284
-144.748
-145.212
-145.676
-146.141
-146.605
-147.068
-147.532
-147.996
-148.46
-148.923
-149.387
-149.85
-150.313
-150.777
-151.24
-151.703
-152.166
-152.629
-153.091
-153.554
-154.017
-154.479
-154.942
-155.404
-155.866
-156.328
-156.79
-157.252
-157.714
-158.176
-158.638
-159.099
-159.561
-160.022
-160.484
-160.945
-161.406
-161.867
-162.328
-162.789
-163.25
-163.711
-164.172
-164.632
-165.093
-165.553
-166.013
-166.474
-166.934
-167.394
-167.854
-168.314
-168.773
-169.233
-169.693
-170.152
-170.612
-171.071
-171.53
-171.989
-172.448
-172.907
-173.366
-173.825
-174.284
-174.742
-175.201
-175.659
-176.118
-176.576
-177.034
-177.492
-177.95
-178.408
-178.866
-179.324
-179.782
-180.239
-180.697
-181.154
-181.611
-182.069
-182.526
-182.983
-183.44
-183.897
-184.353
-184.81
-185.267
-185.723
-186.18
-186.636
-187.092
-187.548
-188.005
-188.461
-188.916
-189.372
-189.828
-190.284
-190.739
-191.195
-191.65
-192.105
-192.561
-193.016
-193.471
-193.926
-194.38
-194.835
-195.29
-195.744
-196.199
-196.653
-197.108
-197.562
-198.016
-198.47
-198.924
-199.378
-199.832
-200.285
-200.739
-201.193
-201.646
-202.099
-202.553
-203.006
-203.459
-203.912
-204.365
-204.818
-205.27
-205.723
-206.176
-206.628
-207.08
-207.533
-207.985
-208.437
-208.889
-209.341
-209.793
-210.245
-210.696
-211.148
-211.599
-212.051
-212.502
-212.953
-213.405
-213.856
-214.307
-214.757
-215.208
-215.659
-216.11
-216.56
-217.011
-217.461
-217.911
-218.361
-218.812
-219.262
-219.711
-220.161
-220.611
-221.061
-221.51
-221.96
-222.409
-222.858
-223.308
-223.757
-224.206
-224.655
-225.104
-225.552
-226.001
-226.45
-226.898
-227.347
-227.795
-228.243
-228.691
-229.139
-229.587
-230.035
-230.483
-230.931
-231.378
-231.826
-232.273
-232.721
-233.168
-233.615
-234.062
-234.509
-234.956
-235.403
-235.85
-236.296
-236.743
-237.189
-237.636
-238.082
-238.528
-238.975
-239.421
-239.867
-240.312
-240.758
-241.204
-241.649
-242.095
-242.54
-242.986
-243.431
-243.876
-244.321
-244.766
-245.211
-245.656
-246.101
-246.545
-246.99
-247.434
-247.879
-248.323
-248.767
-249.211
-249.655
-250.099
-250.543
-250.987
-251.43
-251.874
-252.317
-252.761
-253.204
-253.647
-254.091
-254.534
-254.977
-255.419
-255.862
-256.305
-256.747
-257.19
-257.632
-258.075
-258.517
-258.959
-259.401
-259.843
-260.285
-260.727
-261.169
-261.61
-262.052
-262.493
-262.935
-263.376
-263.817
-264.258
-264.699
-265.14
-265.581
-266.022
-266.463
-266.903
-267.344
-267.784
-268.224
-268.665
-269.105
-269.545
-269.985
-270.425
-270.864
-271.304
-271.744
-272.183
-272.623
-273.062
-273.501
-273.94
-274.379
-274.818
-275.257
-275.696
-276.135
-276.574
-277.012
-277.451
-277.889
-278.327
-278.765
-279.204
-279.642
-280.079
-280.517
-280.955
-281.393
-281.83
-282.268
-282.705
-283.143
-283.58
-284.017
-284.454
-284.891
-285.328
-285.765
-286.201
-286.638
-287.074
-287.511
-287.947
-288.384
-288.82
-289.256
-289.692
-290.128
-290.564
-290.999
-291.435
-291.87
-292.306
-292.741
-293.177
-293.612
-294.047
-294.482
-294.917
-295.352
-295.787
-296.221
-296.656
-297.09
-297.525
-297.959
-298.393
-298.827
-299.261
-299.695
-300.129
-300.563
-300.997
-301.43
-301.864
-302.297
-302.731
-303.164
-303.597
-304.03
-304.463
-304.896
-305.329
-305.762
-306.194
-306.627
-307.059
-307.492
-307.924
-308.356
-308.788
-309.22
-309.652
-310.084
-310.516
-310.948
-311.379
-311.811
-312.242
-312.674
-313.105
-313.536
-313.967
-314.398
-314.829
-315.26
-315.69
-316.121
-316.552
-316.982
-317.412
-317.843
-318.273
-318.703
-319.133
-319.563
-319.993
-320.422
-320.852
-321.282
-321.711
-322.14
-322.57
-322.999
-323.428
-323.857
-324.286
-324.715
-325.144
-325.572
-326.001
-326.43
-326.858
-327.286
-327.715
-328.143
-328.571
-328.999
-329.427
-329.854
-330.282
-330.71
-331.137
-331.565
-331.992
-332.419
-332.847
-333.274
-333.701
-334.128
-334.554
-334.981
-335.408
-335.834
-336.261
-336.687
-337.114
-337.54
-337.966
-338.392
-338.818
-339.244
-339.67
-340.095
-340.521
-340.946
-341.372
-341.797
-342.222
-342.647
-343.073
-343.498
-343.922
-344.347
-344.772
-345.197
-345.621
-346.046
-346.47
-346.894
-347.318
-347.742
-348.166
-348.59
-349.014
-349.438
-349.862
-350.285
-350.709
-351.132
-351.555
-351.979
-352.402
-352.825
-353.248
-353.671
-354.093
-354.516
-354.939
-355.361
-355.784
-356.206
-356.628
-357.05
-357.472
-357.894
-358.316
-358.738
-359.16
-359.581
-360.003
-360.424
-360.846
-361.267
-361.688
-362.109
-362.53
-362.951
-363.372
-363.793
-364.214
-364.634
-365.055
-365.475
-365.895
-366.316
-366.736
-367.156
-367.576
-367.996
-368.415
-368.835
-369.255
-369.674
-370.094
-370.513
-370.932
-371.351
-371.77
-372.189
-372.608
-373.027
-373.446
-373.864
-374.283
-374.701
-375.12
-375.538
-375.956
-376.374
-376.792
-377.21
-377.628
-378.046
-378.464
-378.881
-379.299
-379.716
-380.133
-380.551
-380.968
-381.385
-381.802
-382.219
-382.635
-383.052
-383.469
-383.885
-384.302
-384.718
-385.134
-385.55
-385.967
-386.382
-386.798
-387.214
-387.63
-388.046
-388.461
-388.877
-389.292
-389.707
-390.122
-390.538
-390.953
-391.367
-391.782
-392.197
-392.612
-393.026
-393.441
-393.855
-394.27
-394.684
-395.098
-395.512
-395.926
-396.34
-396.754
-397.167
-397.581
-397.994
-398.408
-398.821
-399.234
-399.648
-400.061
-400.474
-400.887
-401.299
-401.712
-402.125
-402.537
-402.95
-403.362
-403.774
-404.187
-404.599
-405.011
-405.423
-405.835
-406.246
-406.658
-407.07
-407.481
-407.892
-408.304
-408.715
-409.126
-409.537
-409.948
-410.359
-410.77
-411.18
-411.591
-412.002
-412.412
-412.822
-413.233
-413.643
-414.053
-414.463
-414.873
-415.283
-415.692
-416.102
-416.511
-416.921
-417.33
-417.74
-418.149
-418.558
-418.967
-419.376
-419.785
-420.193
-420.602
-421.011
-421.419
-421.828
-422.236
-422.644
-423.052
-423.46
-423.868
-424.276
-424.684
-425.092
-425.499
-425.907
-426.314
-426.722
-427.129
-427.536
-427.943
-428.35
-428.757
-429.164
-429.571
-429.977
-430.384
-430.79
-431.197
-431.603
-432.009
-432.415
-432.821
-433.227
-433.633
-434.039
-434.444
-434.85
-435.256
-435.661
-436.066
-436.471
-436.877
-437.282
-437.687
-438.091
-438.496
-438.901
-439.306
-439.71
-440.115
-440.519
-440.923
-441.327
-441.731
-442.135
-442.539
-442.943
-443.347
-443.751
-444.154
-444.558
-444.961
-445.364
-445.767
-446.171
-446.574
-446.976
-447.379
-447.782
-448.185
-448.587
-448.99
-449.392
-449.795
-450.197
-450.599
-451.001
-451.403
-451.805
-452.207
-452.608
-453.01
-453.411
-453.813
-454.214
-454.615
-455.017
-455.418
-455.819
-456.22
-456.62
-457.021
-457.422
-457.822
-458.223
-458.623
-459.024
-459.424
-459.824
-460.224
-460.624
-461.024
-461.423
-461.823
-462.223
-462.622
-463.022
-463.421
-463.82
-464.219
-464.618
-465.017
-465.416
-465.815
-466.214
-466.612
-467.011
-467.409
-467.808
-468.206
-468.604
-469.002
-469.4
-469.798
-470.196
-470.594
-470.991
-471.389
-471.786
-472.184
-472.581
-472.978
-473.375
-473.772
-474.169
-474.566
-474.963
-475.359
-475.756
-476.152
-476.549
-476.945
-477.341
-477.738
-478.134
-478.53
-478.925
-479.321
-479.717
-480.113
-480.508
-480.904
-481.299
-481.694
-482.089
-482.484
-482.879
-483.274
-483.669
-484.064
-484.459
-484.853
-485.248
-485.642
-486.036
-486.43
-486.825
-487.219
-487.612
-488.006
-488.4
-488.794
-489.187
-489.581
-489.974
-490.368
-490.761
-491.154
-491.547
-491.94
-492.333
-492.726
-493.118
-493.511
-493.903
-494.296
-494.688
-495.081
-495.473
-495.865
-496.257
-496.649
-497.04
-497.432
-497.824
-498.215
-498.607
-498.998
-499.39
-499.781
-500.172
-500.563
-500.954
-501.345
-501.735
-502.126
-502.517
-502.907
-503.298
-503.688
-504.078
-504.468
-504.858
-505.248
-505.638
-506.028
-506.418
-506.807
-507.197
-507.586
-507.976
-508.365
-508.754
-509.143
-509.532
-509.921
-510.31
-510.699
-511.087
-511.476
-511.864
-512.253
-512.641
-513.029
-513.417
-513.805
-514.193
-514.581
-514.969
-515.356
-515.744
-516.131
-516.519
-516.906
-517.293
-517.681
-518.068
-518.455
-518.841
-519.228
-519.615
-520.002
-520.388
-520.775
-521.161
-521.547
-521.933
-522.319
-522.705
-523.091
-523.477
-523.863
-524.248
-524.634
-525.019
-525.405
-525.79
-526.175
-526.56
-526.945
-527.33
-527.715
-528.1
-528.485
-528.869
-529.254
-529.638
-530.022
-530.407
-530.791
-531.175
-531.559
-531.943
-532.327
-532.71
-533.094
-533.477
-533.861
-534.244
-534.627
-535.011
-535.394
-535.777
-536.16
-536.542
-536.925
-537.308
-537.69
-538.073
-538.455
-538.837
-539.22
-539.602
-539.984
-540.366
-540.747
-541.129
-541.511
-541.892
-542.274
-542.655
-543.037
-543.418
-543.799
-544.18
-544.561
-544.942
-545.323
-545.703
-546.084
-546.465
-546.845
-547.225
-547.606
-547.986
-548.366
-548.746
-549.126
-549.506
-549.885
-550.265
-550.644
-551.024
-551.403
-551.783
-552.162
-552.541
-552.92
-553.299
-553.678
-554.056
-554.435
-554.814
-555.192
-555.571
-555.949
-556.327
-556.705
-557.083
-557.461
-557.839
-558.217
-558.595
-558.972
-559.35
-559.727
-560.104
-560.482
-560.859
-561.236
-561.613
-561.99
-562.367
-562.743
-563.12
-563.497
-563.873
-564.249
-564.626
-565.002
-565.378
-565.754
-566.13
-566.506
-566.882
-567.257
-567.633
-568.008
-568.384
-568.759
-569.134
-569.509
-569.884
-570.259
-570.634
-571.009
-571.384
-571.758
-572.133
-572.507
-572.882
-573.256
-573.63
-574.004
-574.378
-574.752
-575.126
-575.499
-575.873
-576.247
-576.62
-576.993
-577.367
-577.74
-578.113
-578.486
-578.859
-579.232
-579.605
-579.977
-580.35
-580.722
-581.095
-581.467
-581.839
-582.211
-582.583
-582.955
-583.327
-583.699
-584.071
-584.442
-584.814
-585.185
-585.557
-585.928
-586.299
-586.67
-587.041
-587.412
-587.783
-588.153
-588.524
-588.895
-589.265
-589.635
-590.006
-590.376
-590.746
-591.116
-591.486
-591.856
-592.226
-592.595
-592.965
-593.334
-593.704
-594.073
-594.442
-594.811
-595.18
-595.549
-595.918
-596.287
-596.656
-597.024
-597.393
-597.761
-598.129
-598.498
-598.866
-599.234
-599.602
-599.97
-600.338
-600.705
-601.073
-601.441
-601.808
-602.175
-602.543
-602.91
-603.277
-603.644
-604.011
-604.378
-604.744
-605.111
-605.478
-605.844
-606.21
-606.577
-606.943
-607.309
-607.675
-608.041
-608.407
-608.773
-609.138
-609.504
-609.87
-610.235
-610.6
-610.966
-611.331
-611.696
-612.061
-612.426
-612.79
-613.155
-613.52
-613.884
-614.249
-614.613
-614.977
-615.342
-615.706
-616.07
-616.434
-616.797
-617.161
-617.525
-617.888
-618.252
-618.615
-618.978
-619.342
-619.705
-620.068
-620.431
-620.794
-621.156
-621.519
-621.882
-622.244
-622.607
-622.969
-623.331
-623.693
-624.055
-624.417
-624.779
-625.141
-625.503
-625.864
-626.226
-626.587
-626.949
-627.31
-627.671
-628.032
-628.393
-628.754
-629.115
-629.476
-629.836
-630.197
-630.557
-630.918
-631.278
-631.638
-631.998
-632.358
-632.718
-633.078
-633.438
-633.798
-634.157
-634.517
-634.876
-635.235
-635.595
-635.954
-636.313
-636.672
-637.031
-637.39
-637.748
-638.107
-638.465
-638.824
-639.182
-639.54
-639.899
-640.257
-640.615
-640.973
-641.33
-641.688
-642.046
-642.403
-642.761
-643.118
-643.476
-643.833
-644.19
-644.547
-644.904
-645.261
-645.617
-645.974
-646.331
-646.687
-647.044
-647.4
-647.756
-648.112
-648.468
-648.824
-649.18
-649.536
-649.892
-650.247
-650.603
-650.958
-651.314
-651.669
-652.024
-652.379
-652.734
-653.089
-653.444
-653.799
-654.153
-654.508
-654.862
-655.217
-655.571
-655.925
-656.279
-656.633
-656.987
-657.341
-657.695
-658.048
-658.402
-658.755
-659.109
-659.462
-659.815
-660.169
-660.522
-660.875
-661.227
-661.58
-661.933
-662.285
-662.638
-662.99
-663.343
-663.695
-664.047
-664.399
-664.751
-665.103
-665.455
-665.807
-666.158
-666.51
-666.861
-667.213
-667.564
-667.915
-668.266
-668.617
-668.968
-669.319
-669.67
-670.02
-670.371
-670.722
-671.072
-671.422
-671.772
-672.123
-672.473
-672.823
-673.172
-673.522
-673.872
-674.222
-674.571
-674.92
-675.27
-675.619
-675.968
-676.317
-676.666
-677.015
-677.364
-677.713
-678.061
-678.41
-678.758
-679.107
-679.455
-679.803
-680.151
-680.499
-680.847
-681.195
-681.543
-681.89
-682.238
-682.585
-682.933
-683.28
-683.627
-683.974
-684.322
-684.668
-685.015
-685.362
-685.709
-686.055
-686.402
-686.748
-687.095
-687.441
-687.787
-688.133
-688.479
-688.825
-689.171
-689.516
-689.862
-690.208
-690.553
-690.898
-691.244
-691.589
-691.934
-692.279
-692.624
-692.969
-693.313
-693.658
-694.003
-694.347
-694.692
-695.036
-695.38
-695.724
-696.068
-696.412
-696.756
-697.1
-697.443
-697.787
-698.131
-698.474
-698.817
-699.161
-699.504
-699.847
-700.19
-700.533
-700.875
-701.218
-701.561
-701.903
-702.246
-702.588
-702.93
-703.272
-703.615
-703.957
-704.298
-704.64
-704.982
-705.324
-705.665
-706.007
-706.348
-706.689
-707.031
-707.372
-707.713
-708.054
-708.394
-708.735
-709.076
-709.417
-709.757
-710.097
-710.438
-710.778
-711.118
-711.458
-711.798
-712.138
-712.478
-712.817
-713.157
-713.497
-713.836
-714.175
-714.515
-714.854
-715.193
-715.532
-715.871
-716.21
-716.548
-716.887
-717.226
-717.564
-717.902
-718.241
-718.579
-718.917
-719.255
-719.593
-719.931
-720.268
-720.606
-720.944
-721.281
-721.619
-721.956
-722.293
-722.63
-722.967
-723.304
-723.641
-723.978
-724.315
-724.651
-724.988
-725.324
-725.661
-725.997
-726.333
-726.669
-727.005
-727.341
-727.677
-728.012
-728.348
-728.684
-729.019
-729.354
-729.69
-730.025
-730.36
-730.695
-731.03
-731.365
-731.7
-732.034
-732.369
-732.703
-733.038
-733.372
-733.706
-734.04
-734.374
-734.708
-735.042
-735.376
-735.71
-736.043
-736.377
-736.71
-737.043
-737.377
-737.71
-738.043
-738.376
-738.709
-739.042
-739.374
-739.707
-740.039
-740.372
-740.704
-741.037
-741.369
-741.701
-742.033
-742.365
-742.697
-743.028
-743.36
-743.691
-744.023
-744.354
-744.686
-745.017
-745.348
-745.679
-746.01
-746.341
-746.672
-747.002
-747.333
-747.663
-747.994
-748.324
-748.654
-748.984
-749.315
-749.644
-749.974
-750.304
-750.634
-750.963
-751.293
-751.622
-751.952
-752.281
-752.61
-752.939
-753.268
-753.597
-753.926
-754.255
-754.583
-754.912
-755.24
-755.569
-755.897
-756.225
-756.553
-756.881
-757.209
-757.537
-757.865
-758.193
-758.52
-758.848
-759.175
-759.502
-759.83
-760.157
-760.484
-760.811
-761.138
-761.465
-761.791
-762.118
-762.444
-762.771
-763.097
-763.423
-763.75
-764.076
-764.402
-764.727
-765.053
-765.379
-765.705
-766.03
-766.356
-766.681
-767.006
-767.332
-767.657
-767.982
-768.307
-768.631
-768.956
-769.281
-769.605
-769.93
-770.254
-770.579
-770.903
-771.227
-771.551
-771.875
-772.199
-772.523
-772.846
-773.17
-773.493
-773.817
-774.14
-774.463
-774.787
-775.11
-775.433
-775.755
-776.078
-776.401
-776.724
-777.046
-777.369
-777.691
-778.013
-778.335
-778.658
-778.98
-779.301
-779.623
-779.945
-780.267
-780.588
-780.91
-781.231
-781.552
-781.874
-782.195
-782.516
-782.837
-783.158
-783.478
-783.799
-784.12
-784.44
-784.761
-785.081
-785.401
-785.721
-786.041
-786.361
-786.681
-787.001
-787.321
-787.64
-787.96
-788.279
-788.599
-788.918
-789.237
-789.556
-789.875
-790.194
-790.513
-790.832
-791.15
-791.469
-791.787
-792.106
-792.424
-792.742
-793.06
-793.378
-793.696
-794.014
-794.332
-794.649
-794.967
-795.285
-795.602
-795.919
-796.236
-796.554
-796.871
-797.188
-797.504
-797.821
-798.138
-798.455
-798.771
-799.088
-799.404
-799.72
-800.036
-800.352
-800.668
-800.984
-801.3
-801.616
-801.931
-802.247
-802.562
-802.878
-803.193
-803.508
-803.823
-804.138
-804.453
-804.768
-805.083
-805.398
-805.712
-806.027
-806.341
-806.655
-806.97
-807.284
-807.598
-807.912
-808.226
-808.539
-808.853
-809.167
-809.48
-809.794
-810.107
-810.42
-810.733
-811.046
-811.359
-811.672
-811.985
-812.298
-812.61
-812.923
-813.235
-813.548
-813.86
-814.172
-814.484
-814.796
-815.108
-815.42
-815.732
-816.043
-816.355
-816.666
-816.978
-817.289
-817.6
-817.911
-818.222
-818.533
-818.844
-819.155
-819.466
-819.776
-820.087
-820.397
-820.707
-821.018
-821.328
-821.638
-821.948
-822.258
-822.568
-822.877
-823.187
-823.496
-823.806
-824.115
-824.424
-824.734
-825.043
-825.352
-825.661
-825.969
-826.278
-826.587
-826.895
-827.204
-827.512
-827.82
-828.129
-828.437
-828.745
-829.053
-829.361
-829.668
-829.976
-830.284
-830.591
-830.898
-831.206
-831.513
-831.82
-832.127
-832.434
-832.741
-833.048
-833.354
-833.661
-833.968
-834.274
-834.58
-834.887
-835.193
-835.499
-835.805
-836.111
-836.416
-836.722
-837.028
-837.333
-837.639
-837.944
-838.249
-838.555
-838.86
-839.165
-839.47
-839.775
-840.079
-840.384
-840.688
-840.993
-841.297
-841.602
-841.906
-842.21
-842.514
-842.818
-843.122
-843.426
-843.729
-844.033
-844.336
-844.64
-844.943
-845.246
-845.549
-845.853
-846.156
-846.458
-846.761
-847.064
-847.367
-847.669
-847.972
-848.274
-848.576
-848.878
-849.18
-849.482
-849.784
-850.086
-850.388
-850.689
-850.991
-851.292
-851.594
-851.895
-852.196
-852.497
-852.799
-853.099
-853.4
-853.701
-854.002
-854.302
-854.603
-854.903
-855.203
-855.504
-855.804
-856.104
-856.404
-856.704
-857.004
-857.303
-857.603
-857.902
-858.202
-858.501
-858.8
-859.1
-859.399
-859.698
-859.996
-860.295
-860.594
-860.893
-861.191
-861.49
-861.788
-862.086
-862.384
-862.683
-862.981
-863.278
-863.576
-863.874
-864.172
-864.469
-864.767
-865.064
-865.361
-865.659
-865.956
-866.253
-866.55
-866.847
-867.143
-867.44
-867.737
-868.033
-868.33
-868.626
-868.922
-869.218
-869.514
-869.81
-870.106
-870.402
-870.698
-870.993
-871.289
-871.584
-871.88
-872.175
-872.47
-872.765
-873.06
-873.355
-873.65
-873.945
-874.239
-874.534
-874.828
-875.123
-875.417
-875.711
-876.005
-876.299
-876.593
-876.887
-877.181
-877.475
-877.768
-878.062
-878.355
-878.648
-878.942
-879.235
-879.528
-879.821
-880.114
-880.406
-880.699
-880.992
-881.284
-881.577
-881.869
-882.161
-882.453
-882.745
-883.037
-883.329
-883.621
-883.913
-884.205
-884.496
-884.788
-885.079
-885.37
-885.661
-885.952
-886.243
-886.534
-886.825
-887.116
-887.407
-887.697
-887.988
-888.278
-888.568
-888.859
-889.149
-889.439
-889.729
-890.019
-890.308
-890.598
-890.888
-891.177
-891.466
-891.756
-892.045
-892.334
-892.623
-892.912
-893.201
-893.49
-893.779
-894.067
-894.356
-894.644
-894.933
-895.221
-895.509
-895.797
-896.085
-896.373
-896.661
-896.949
-897.236
-897.524
-897.811
-898.099
-898.386
-898.673
-898.96
-899.247
-899.534
-899.821
-900.108
-900.394
-900.681
-900.967
-901.254
-901.54
-901.826
-902.113
-902.399
-902.685
-902.97
-903.256
-903.542
-903.828
-904.113
-904.398
-904.684
-904.969
-905.254
-905.539
-905.824
-906.109
-906.394
-906.679
-906.963
-907.248
-907.532
-907.817
-908.101
-908.385
-908.669
-908.953
-909.237
-909.521
-909.805
-910.088
-910.372
-910.655
-910.939
-911.222
-911.505
-911.788
-912.071
-912.354
-912.637
-912.92
-913.203
-913.485
-913.768
-914.05
-914.333
-914.615
-914.897
-915.179
-915.461
-915.743
-916.025
-916.306
-916.588
-916.869
-917.151
-917.432
-917.713
-917.995
-918.276
-918.557
-918.838
-919.118
-919.399
-919.68
-919.96
-920.241
-920.521
-920.801
-921.082
-921.362
-921.642
-921.922
-922.202
-922.481
-922.761
-923.041
-923.32
-923.599
-923.879
-924.158
-924.437
-924.716
-924.995
-925.274
-925.553
-925.831
-926.11
-926.389
-926.667
-926.945
-927.224
-927.502
-927.78
-928.058
-928.336
-928.613
-928.891
-929.169
-929.446
-929.724
-930.001
-930.278
-930.556
-930.833
-931.11
-931.387
-931.663
-931.94
-932.217
-932.493
-932.77
-933.046
-933.322
-933.599
-933.875
-934.151
-934.427
-934.703
-934.978
-935.254
-935.53
-935.805
-936.081
-936.356
-936.631
-936.906
-937.181
-937.456
-937.731
-938.006
-938.281
-938.555
-938.83
-939.104
-939.378
-939.653
-939.927
-940.201
-940.475
-940.749
-941.023
-941.296
-941.57
-941.844
-942.117
-942.39
-942.664
-942.937
-943.21
-943.483
-943.756
-944.029
-944.301
-944.574
-944.847
-945.119
-945.392
-945.664
-945.936
-946.208
-946.48
-946.752
-947.024
-947.296
-947.567
-947.839
-948.111
-948.382
-948.653
-948.925
-949.196
-949.467
-949.738
-950.009
-950.279
-950.55
-950.821
-951.091
-951.362
-951.632
-951.902
-952.172
-952.443
-952.713
-952.982
-953.252
-953.522
-953.792
-954.061
-954.331
-954.6
-954.869
-955.139
-955.408
-955.677
-955.946
-956.214
-956.483
-956.752
-957.02
-957.289
-957.557
-957.826
-958.094
-958.362
-958.63
-958.898
-959.166
-959.434
-959.701
-959.969
-960.236
-960.504
-960.771
-961.038
-961.306
-961.573
-961.84
-962.106
-962.373
-962.64
-962.907
-963.173
-963.44
-963.706
-963.972
-964.238
-964.504
-964.77
-965.036
-965.302
-965.568
-965.834
-966.099
-966.365
-966.63
-966.895
-967.161
-967.426
-967.691
-967.956
-968.22
-968.485
-968.75
-969.014
-969.279
-969.543
-969.808
-970.072
-970.336
-970.6
-970.864
-971.128
-971.392
-971.655
-971.919
-972.183
-972.446
-972.709
-972.973
-973.236
-973.499
-973.762
-974.025
-974.287
-974.55
-974.813
-975.075
-975.338
-975.6
-975.862
-976.125
-976.387
-976.649
-976.911
-977.172
-977.434
-977.696
-977.957
-978.219
-978.48
-978.742
-979.003
-979.264
-979.525
-979.786
-980.047
-980.308
-980.568
-980.829
-981.089
-981.35
-981.61
-981.87
-982.13
-982.39
-982.65
-982.91
-983.17
-983.43
-983.689
-983.949
-984.208
-984.468
-984.727
-984.986
-985.245
-985.504
-985.763
-986.022
-986.281
-986.539
-986.798
-987.056
-987.315
-987.573
-987.831
-988.089
-988.347
-988.605
-988.863
-989.121
-989.378
-989.636
-989.893
-990.151
-990.408
-990.665
-990.922
-991.179
-991.436
-991.693
-991.95
-992.207
-992.463
-992.72
-992.976
-993.233
-993.489
-993.745
-994.001
-994.257
-994.513
-994.769
-995.024
-995.28
-995.536
-995.791
-996.046
-996.302
-996.557
-996.812
-997.067
-997.322
-997.577
-997.831
-998.086
-998.34
-998.595
-998.849
-999.104
-999.358
-999.612
-999.866
-1000.12
-1000.37
-1000.63
-1000.88
-1001.13
-1001.39
-1001.64
-1001.89
-1002.15
-1002.4
-1002.65
-1002.91
-1003.16
-1003.41
-1003.67
-1003.92
-1004.17
-1004.42
-1004.68
-1004.93
-1005.18
-1005.43
-1005.68
-1005.94
-1006.19
-1006.44
-1006.69
-1006.94
-1007.19
-1007.45
-1007.7
-1007.95
-1008.2
-1008.45
-1008.7
-1008.95
-1009.2
-1009.45
-1009.7
-1009.95
-1010.2
-1010.45
-1010.7
-1010.95
-1011.2
-1011.45
-1011.7
-1011.95
-1012.2
-1012.45
-1012.7
-1012.95
-1013.2
-1013.45
-1013.7
-1013.95
-1014.2
-1014.45
-1014.7
-1014.94
-1015.19
-1015.44
-1015.69
-1015.94
-1016.19
-1016.43
-1016.68
-1016.93
-1017.18
-1017.43
-1017.67
-1017.92
-1018.17
-1018.42
-1018.66
-1018.91
-1019.16
-1019.41
-1019.65
-1019.9
-1020.15
-1020.39
-1020.64
-1020.89
-1021.13
-1021.38
-1021.63
-1021.87
-1022.12
-1022.36
-1022.61
-1022.86
-1023.1
-1023.35
-1023.59
-1023.84
-1024.08
-1024.33
-1024.57
-1024.82
-1025.06
-1025.31
-1025.55
-1025.8
-1026.04
-1026.29
-1026.53
-1026.78
-1027.02
-1027.27
-1027.51
-1027.75
-1028
-1028.24
-1028.49
-1028.73
-1028.97
-1029.22
-1029.46
-1029.7
-1029.95
-1030.19
-1030.43
-1030.68
-1030.92
-1031.16
-1031.4
-1031.65
-1031.89
-1032.13
-1032.37
-1032.62
-1032.86
-1033.1
-1033.34
-1033.58
-1033.83
-1034.07
-1034.31
-1034.55
-1034.79
-1035.03
-1035.28
-1035.52
-1035.76
-1036
-1036.24
-1036.48
-1036.72
-1036.96
-1037.2
-1037.44
-1037.68
-1037.92
-1038.16
-1038.4
-1038.64
-1038.88
-1039.12
-1039.36
-1039.6
-1039.84
-1040.08
-1040.32
-1040.56
-1040.8
-1041.04
-1041.28
-1041.52
-1041.76
-1042
-1042.24
-1042.47
-1042.71
-1042.95
-1043.19
-1043.43
-1043.67
-1043.9
-1044.14
-1044.38
-1044.62
-1044.86
-1045.09
-1045.33
-1045.57
-1045.81
-1046.04
-1046.28
-1046.52
-1046.75
-1046.99
-1047.23
-1047.46
-1047.7
-1047.94
-1048.17
-1048.41
-1048.65
-1048.88
-1049.12
-1049.36
-1049.59
-1049.83
-1050.06
-1050.3
-1050.53
-1050.77
-1051.01
-1051.24
-1051.48
-1051.71
-1051.95
-1052.18
-1052.42
-1052.65
-1052.89
-1053.12
-1053.36
-1053.59
-1053.82
-1054.06
-1054.29
-1054.53
-1054.76
-1054.99
-1055.23
-1055.46
-1055.7
-1055.93
-1056.16
-1056.4
-1056.63
-1056.86
-1057.1
-1057.33
-1057.56
-1057.8
-1058.03
-1058.26
-1058.49
-1058.73
-1058.96
-1059.19
-1059.42
-1059.66
-1059.89
-1060.12
-1060.35
-1060.58
-1060.81
-1061.05
-1061.28
-1061.51
-1061.74
-1061.97
-1062.2
-1062.43
-1062.66
-1062.9
-1063.13
-1063.36
-1063.59
-1063.82
-1064.05
-1064.28
-1064.51
-1064.74
-1064.97
-1065.2
-1065.43
-1065.66
-1065.89
-1066.12
-1066.35
-1066.58
-1066.81
-1067.04
-1067.27
-1067.5
-1067.72
-1067.95
-1068.18
-1068.41
-1068.64
-1068.87
-1069.1
-1069.33
-1069.55
-1069.78
-1070.01
-1070.24
-1070.47
-1070.69
-1070.92
-1071.15
-1071.38
-1071.6
-1071.83
-1072.06
-1072.29
-1072.51
-1072.74
-1072.97
-1073.19
-1073.42
-1073.65
-1073.88
-1074.1
-1074.33
-1074.55
-1074.78
-1075.01
-1075.23
-1075.46
-1075.68
-1075.91
-1076.14
-1076.36
-1076.59
-1076.81
-1077.04
-1077.26
-1077.49
-1077.71
-1077.94
-1078.16
-1078.39
-1078.61
-1078.84
-1079.06
-1079.29
-1079.51
-1079.74
-1079.96
-1080.18
-1080.41
-1080.63
-1080.86
-1081.08
-1081.3
-1081.53
-1081.75
-1081.97
-1082.2
-1082.42
-1082.64
-1082.87
-1083.09
-1083.31
-1083.54
-1083.76
-1083.98
-1084.2
-1084.43
-1084.65
-1084.87
-1085.09
-1085.32
-1085.54
-1085.76
-1085.98
-1086.2
-1086.43
-1086.65
-1086.87
-1087.09
-1087.31
-1087.53
-1087.75
-1087.97
-1088.2
-1088.42
-1088.64
-1088.86
-1089.08
-1089.3
-1089.52
-1089.74
-1089.96
-1090.18
-1090.4
-1090.62
-1090.84
-1091.06
-1091.28
-1091.5
-1091.72
-1091.94
-1092.16
-1092.38
-1092.6
-1092.81
-1093.03
-1093.25
-1093.47
-1093.69
-1093.91
-1094.13
-1094.35
-1094.56
-1094.78
-1095
-1095.22
-1095.44
-1095.65
-1095.87
-1096.09
-1096.31
-1096.53
-1096.74
-1096.96
-1097.18
-1097.39
-1097.61
-1097.83
-1098.05
-1098.26
-1098.48
-1098.7
-1098.91
-1099.13
-1099.35
-1099.56
-1099.78
-1099.99
-1100.21
-1100.43
-1100.64
-1100.86
-1101.07
-1101.29
-1101.5
-1101.72
-1101.94
-1102.15
-1102.37
-1102.58
-1102.8
-1103.01
-1103.23
-1103.44
-1103.65
-1103.87
-1104.08
-1104.3
-1104.51
-1104.73
-1104.94
-1105.15
-1105.37
-1105.58
-1105.8
-1106.01
-1106.22
-1106.44
-1106.65
-1106.86
-1107.08
-1107.29
-1107.5
-1107.72
-1107.93
-1108.14
-1108.35
-1108.57
-1108.78
-1108.99
-1109.2
-1109.42
-1109.63
-1109.84
-1110.05
-1110.26
-1110.48
-1110.69
-1110.9
-1111.11
-1111.32
-1111.53
-1111.74
-1111.96
-1112.17
-1112.38
-1112.59
-1112.8
-1113.01
-1113.22
-1113.43
-1113.64
-1113.85
-1114.06
-1114.27
-1114.48
-1114.69
-1114.9
-1115.11
-1115.32
-1115.53
-1115.74
-1115.95
-1116.16
-1116.37
-1116.58
-1116.79
-1117
-1117.21
-1117.41
-1117.62
-1117.83
-1118.04
-1118.25
-1118.46
-1118.67
-1118.87
-1119.08
-1119.29
-1119.5
-1119.71
-1119.91
-1120.12
-1120.33
-1120.54
-1120.74
-1120.95
-1121.16
-1121.37
-1121.57
-1121.78
-1121.99
-1122.19
-1122.4
-1122.61
-1122.81
-1123.02
-1123.23
-1123.43
-1123.64
-1123.84
-1124.05
-1124.26
-1124.46
-1124.67
-1124.87
-1125.08
-1125.28
-1125.49
-1125.7
-1125.9
-1126.11
-1126.31
-1126.52
-1126.72
-1126.93
-1127.13
-1127.33
-1127.54
-1127.74
-1127.95
-1128.15
-1128.36
-1128.56
-1128.76
-1128.97
-1129.17
-1129.38
-1129.58
-1129.78
-1129.99
-1130.19
-1130.39
-1130.6
-1130.8
-1131
-1131.2
-1131.41
-1131.61
-1131.81
-1132.01
-1132.22
-1132.42
-1132.62
-1132.82
-1133.03
-1133.23
-1133.43
-1133.63
-1133.83
-1134.04
-1134.24
-1134.44
-1134.64
-1134.84
-1135.04
-1135.24
-1135.44
-1135.64
-1135.85
-1136.05
-1136.25
-1136.45
-1136.65
-1136.85
-1137.05
-1137.25
-1137.45
-1137.65
-1137.85
-1138.05
-1138.25
-1138.45
-1138.65
-1138.85
-1139.05
-1139.25
-1139.45
-1139.64
-1139.84
-1140.04
-1140.24
-1140.44
-1140.64
-1140.84
-1141.04
-1141.23
-1141.43
-1141.63
-1141.83
-1142.03
-1142.23
-1142.42
-1142.62
-1142.82
-1143.02
-1143.21
-1143.41
-1143.61
-1143.81
-1144
-1144.2
-1144.4
-1144.59
-1144.79
-1144.99
-1145.18
-1145.38
-1145.58
-1145.77
-1145.97
-1146.17
-1146.36
-1146.56
-1146.75
-1146.95
-1147.15
-1147.34
-1147.54
-1147.73
-1147.93
-1148.12
-1148.32
-1148.51
-1148.71
-1148.9
-1149.1
-1149.29
-1149.49
-1149.68
-1149.88
-1150.07
-1150.27
-1150.46
-1150.65
-1150.85
-1151.04
-1151.24
-1151.43
-1151.62
-1151.82
-1152.01
-1152.2
-1152.4
-1152.59
-1152.78
-1152.98
-1153.17
-1153.36
-1153.55
-1153.75
-1153.94
-1154.13
-1154.33
-1154.52
-1154.71
-1154.9
-1155.09
-1155.29
-1155.48
-1155.67
-1155.86
-1156.05
-1156.24
-1156.44
-1156.63
-1156.82
-1157.01
-1157.2
-1157.39
-1157.58
-1157.77
-1157.96
-1158.16
-1158.35
-1158.54
-1158.73
-1158.92
-1159.11
-1159.3
-1159.49
-1159.68
-1159.87
-1160.06
-1160.25
-1160.44
-1160.63
-1160.82
-1161
-1161.19
-1161.38
-1161.57
-1161.76
-1161.95
-1162.14
-1162.33
-1162.52
-1162.7
-1162.89
-1163.08
-1163.27
-1163.46
-1163.65
-1163.83
-1164.02
-1164.21
-1164.4
-1164.58
-1164.77
-1164.96
-1165.15
-1165.33
-1165.52
-1165.71
-1165.9
-1166.08
-1166.27
-1166.46
-1166.64
-1166.83
-1167.02
-1167.2
-1167.39
-1167.57
-1167.76
-1167.95
-1168.13
-1168.32
-1168.5
-1168.69
-1168.88
-1169.06
-1169.25
-1169.43
-1169.62
-1169.8
-1169.99
-1170.17
-1170.36
-1170.54
-1170.73
-1170.91
-1171.1
-1171.28
-1171.46
-1171.65
-1171.83
-1172.02
-1172.2
-1172.38
-1172.57
-1172.75
-1172.94
-1173.12
-1173.3
-1173.49
-1173.67
-1173.85
-1174.04
-1174.22
-1174.4
-1174.58
-1174.77
-1174.95
-1175.13
-1175.31
-1175.5
-1175.68
-1175.86
-1176.04
-1176.23
-1176.41
-1176.59
-1176.77
-1176.95
-1177.13
-1177.32
-1177.5
-1177.68
-1177.86
-1178.04
-1178.22
-1178.4
-1178.58
-1178.76
-1178.94
-1179.13
-1179.31
-1179.49
-1179.67
-1179.85
-1180.03
-1180.21
-1180.39
-1180.57
-1180.75
-1180.93
-1181.11
-1181.29
-1181.46
-1181.64
-1181.82
-1182
-1182.18
-1182.36
-1182.54
-1182.72
-1182.9
-1183.08
-1183.25
-1183.43
-1183.61
-1183.79
-1183.97
-1184.14
-1184.32
-1184.5
-1184.68
-1184.86
-1185.03
-1185.21
-1185.39
-1185.57
-1185.74
-1185.92
-1186.1
-1186.27
-1186.45
-1186.63
-1186.81
-1186.98
-1187.16
-1187.34
-1187.51
-1187.69
-1187.86
-1188.04
-1188.22
-1188.39
-1188.57
-1188.74
-1188.92
-1189.09
-1189.27
-1189.45
-1189.62
-1189.8
-1189.97
-1190.15
-1190.32
-1190.5
-1190.67
-1190.85
-1191.02
-1191.19
-1191.37
-1191.54
-1191.72
-1191.89
-1192.07
-1192.24
-1192.41
-1192.59
-1192.76
-1192.93
-1193.11
-1193.28
-1193.46
-1193.63
-1193.8
-1193.97
-1194.15
-1194.32
-1194.49
-1194.67
-1194.84
-1195.01
-1195.18
-1195.36
-1195.53
-1195.7
-1195.87
-1196.04
-1196.22
-1196.39
-1196.56
-1196.73
-1196.9
-1197.07
-1197.25
-1197.42
-1197.59
-1197.76
-1197.93
-1198.1
-1198.27
-1198.44
-1198.61
-1198.78
-1198.96
-1199.13
-1199.3
-1199.47
-1199.64
-1199.81
-1199.98
-1200.15
-1200.32
-1200.49
-1200.66
-1200.82
-1200.99
-1201.16
-1201.33
-1201.5
-1201.67
-1201.84
-1202.01
-1202.18
-1202.35
-1202.51
-1202.68
-1202.85
-1203.02
-1203.19
-1203.36
-1203.52
-1203.69
-1203.86
-1204.03
-1204.2
-1204.36
-1204.53
-1204.7
-1204.87
-1205.03
-1205.2
-1205.37
-1205.53
-1205.7
-1205.87
-1206.03
-1206.2
-1206.37
-1206.53
-1206.7
-1206.87
-1207.03
-1207.2
-1207.37
-1207.53
-1207.7
-1207.86
-1208.03
-1208.19
-1208.36
-1208.53
-1208.69
-1208.86
-1209.02
-1209.19
-1209.35
-1209.52
-1209.68
-1209.84
-1210.01
-1210.17
-1210.34
-1210.5
-1210.67
-1210.83
-1211
-1211.16
-1211.32
-1211.49
-1211.65
-1211.81
-1211.98
-1212.14
-1212.3
-1212.47
-1212.63
-1212.79
-1212.96
-1213.12
-1213.28
-1213.45
-1213.61
-1213.77
-1213.93
-1214.1
-1214.26
-1214.42
-1214.58
-1214.74
-1214.91
-1215.07
-1215.23
-1215.39
-1215.55
-1215.71
-1215.88
-1216.04
-1216.2
-1216.36
-1216.52
-1216.68
-1216.84
-1217
-1217.16
-1217.32
-1217.48
-1217.64
-1217.8
-1217.96
-1218.12
-1218.28
-1218.44
-1218.6
-1218.76
-1218.92
-1219.08
-1219.24
-1219.4
-1219.56
-1219.72
-1219.88
-1220.04
-1220.2
-1220.36
-1220.52
-1220.67
-1220.83
-1220.99
-1221.15
-1221.31
-1221.47
-1221.62
-1221.78
-1221.94
-1222.1
-1222.26
-1222.41
-1222.57
-1222.73
-1222.89
-1223.04
-1223.2
-1223.36
-1223.52
-1223.67
-1223.83
-1223.99
-1224.14
-1224.3
-1224.46
-1224.61
-1224.77
-1224.93
-1225.08
-1225.24
-1225.39
-1225.55
-1225.71
-1225.86
-1226.02
-1226.17
-1226.33
-1226.48
-1226.64
-1226.79
-1226.95
-1227.1
-1227.26
-1227.41
-1227.57
-1227.72
-1227.88
-1228.03
-1228.19
-1228.34
-1228.49
-1228.65
-1228.8
-1228.96
-1229.11
-1229.26
-1229.42
-1229.57
-1229.73
-1229.88
-1230.03
-1230.19
-1230.34
-1230.49
-1230.64
-1230.8
-1230.95
-1231.1
-1231.26
-1231.41
-1231.56
-1231.71
-1231.86
-1232.02
-1232.17
-1232.32
-1232.47
-1232.62
-1232.78
-1232.93
-1233.08
-1233.23
-1233.38
-1233.53
-1233.68
-1233.84
-1233.99
-1234.14
-1234.29
-1234.44
-1234.59
-1234.74
-1234.89
-1235.04
-1235.19
-1235.34
-1235.49
-1235.64
-1235.79
-1235.94
-1236.09
-1236.24
-1236.39
-1236.54
-1236.69
-1236.84
-1236.99
-1237.14
-1237.29
-1237.43
-1237.58
-1237.73
-1237.88
-1238.03
-1238.18
-1238.33
-1238.47
-1238.62
-1238.77
-1238.92
-1239.07
-1239.22
-1239.36
-1239.51
-1239.66
-1239.81
-1239.95
-1240.1
-1240.25
-1240.39
-1240.54
-1240.69
-1240.84
-1240.98
-1241.13
-1241.28
-1241.42
-1241.57
-1241.72
-1241.86
-1242.01
-1242.15
-1242.3
-1242.45
-1242.59
-1242.74
-1242.88
-1243.03
-1243.17
-1243.32
-1243.46
-1243.61
-1243.75
-1243.9
-1244.04
-1244.19
-1244.33
-1244.48
-1244.62
-1244.77
-1244.91
-1245.06
-1245.2
-1245.34
-1245.49
-1245.63
-1245.78
-1245.92
-1246.06
-1246.21
-1246.35
-1246.49
-1246.64
-1246.78
-1246.92
-1247.07
-1247.21
-1247.35
-1247.49
-1247.64
-1247.78
-1247.92
-1248.07
-1248.21
-1248.35
-1248.49
-1248.63
-1248.78
-1248.92
-1249.06
-1249.2
-1249.34
-1249.48
-1249.63
-1249.77
-1249.91
-1250.05
-1250.19
-1250.33
-1250.47
-1250.61
-1250.75
-1250.89
-1251.03
-1251.18
-1251.32
-1251.46
-1251.6
-1251.74
-1251.88
-1252.02
-1252.16
-1252.3
-1252.43
-1252.57
-1252.71
-1252.85
-1252.99
-1253.13
-1253.27
-1253.41
-1253.55
-1253.69
-1253.83
-1253.96
-1254.1
-1254.24
-1254.38
-1254.52
-1254.66
-1254.79
-1254.93
-1255.07
-1255.21
-1255.35
-1255.48
-1255.62
-1255.76
-1255.9
-1256.03
-1256.17
-1256.31
-1256.44
-1256.58
-1256.72
-1256.86
-1256.99
-1257.13
-1257.26
-1257.4
-1257.54
-1257.67
-1257.81
-1257.95
-1258.08
-1258.22
-1258.35
-1258.49
-1258.62
-1258.76
-1258.9
-1259.03
-1259.17
-1259.3
-1259.44
-1259.57
-1259.71
-1259.84
-1259.98
-1260.11
-1260.24
-1260.38
-1260.51
-1260.65
-1260.78
-1260.92
-1261.05
-1261.18
-1261.32
-1261.45
-1261.58
-1261.72
-1261.85
-1261.99
-1262.12
-1262.25
-1262.38
-1262.52
-1262.65
-1262.78
-1262.92
-1263.05
-1263.18
-1263.31
-1263.45
-1263.58
-1263.71
-1263.84
-1263.97
-1264.11
-1264.24
-1264.37
-1264.5
-1264.63
-1264.76
-1264.9
-1265.03
-1265.16
-1265.29
-1265.42
-1265.55
-1265.68
-1265.81
-1265.94
-1266.07
-1266.2
-1266.34
-1266.47
-1266.6
-1266.73
-1266.86
-1266.99
-1267.12
-1267.25
-1267.37
-1267.5
-1267.63
-1267.76
-1267.89
-1268.02
-1268.15
-1268.28
-1268.41
-1268.54
-1268.67
-1268.8
-1268.92
-1269.05
-1269.18
-1269.31
-1269.44
-1269.57
-1269.69
-1269.82
-1269.95
-1270.08
-1270.2
-1270.33
-1270.46
-1270.59
-1270.71
-1270.84
-1270.97
-1271.1
-1271.22
-1271.35
-1271.48
-1271.6
-1271.73
-1271.86
-1271.98
-1272.11
-1272.24
-1272.36
-1272.49
-1272.61
-1272.74
-1272.87
-1272.99
-1273.12
-1273.24
-1273.37
-1273.49
-1273.62
-1273.74
-1273.87
-1273.99
-1274.12
-1274.24
-1274.37
-1274.49
-1274.62
-1274.74
-1274.87
-1274.99
-1275.11
-1275.24
-1275.36
-1275.49
-1275.61
-1275.73
-1275.86
-1275.98
-1276.1
-1276.23
-1276.35
-1276.47
-1276.6
-1276.72
-1276.84
-1276.97
-1277.09
-1277.21
-1277.33
-1277.46
-1277.58
-1277.7
-1277.82
-1277.95
-1278.07
-1278.19
-1278.31
-1278.43
-1278.56
-1278.68
-1278.8
-1278.92
-1279.04
-1279.16
-1279.28
-1279.4
-1279.53
-1279.65
-1279.77
-1279.89
-1280.01
-1280.13
-1280.25
-1280.37
-1280.49
-1280.61
-1280.73
-1280.85
-1280.97
-1281.09
-1281.21
-1281.33
-1281.45
-1281.57
-1281.69
-1281.81
-1281.93
-1282.04
-1282.16
-1282.28
-1282.4
-1282.52
-1282.64
-1282.76
-1282.88
-1282.99
-1283.11
-1283.23
-1283.35
-1283.47
-1283.58
-1283.7
-1283.82
-1283.94
-1284.06
-1284.17
-1284.29
-1284.41
-1284.52
-1284.64
-1284.76
-1284.88
-1284.99
-1285.11
-1285.23
-1285.34
-1285.46
-1285.58
-1285.69
-1285.81
-1285.92
-1286.04
-1286.16
-1286.27
-1286.39
-1286.5
-1286.62
-1286.73
-1286.85
-1286.96
-1287.08
-1287.19
-1287.31
-1287.42
-1287.54
-1287.65
-1287.77
-1287.88
-1288
-1288.11
-1288.23
-1288.34
-1288.46
-1288.57
-1288.68
-1288.8
-1288.91
-1289.02
-1289.14
-1289.25
-1289.36
-1289.48
-1289.59
-1289.7
-1289.82
-1289.93
-1290.04
-1290.16
-1290.27
-1290.38
-1290.49
-1290.61
-1290.72
-1290.83
-1290.94
-1291.06
-1291.17
-1291.28
-1291.39
-1291.5
-1291.61
-1291.73
-1291.84
-1291.95
-1292.06
-1292.17
-1292.28
-1292.39
-1292.5
-1292.61
-1292.73
-1292.84
-1292.95
-1293.06
-1293.17
-1293.28
-1293.39
-1293.5
-1293.61
-1293.72
-1293.83
-1293.94
-1294.05
-1294.16
-1294.27
-1294.37
-1294.48
-1294.59
-1294.7
-1294.81
-1294.92
-1295.03
-1295.14
-1295.25
-1295.36
-1295.46
-1295.57
-1295.68
-1295.79
-1295.9
-1296
-1296.11
-1296.22
-1296.33
-1296.44
-1296.54
-1296.65
-1296.76
-1296.87
-1296.97
-1297.08
-1297.19
-1297.29
-1297.4
-1297.51
-1297.61
-1297.72
-1297.83
-1297.93
-1298.04
-1298.15
-1298.25
-1298.36
-1298.46
-1298.57
-1298.68
-1298.78
-1298.89
-1298.99
-1299.1
-1299.2
-1299.31
-1299.41
-1299.52
-1299.62
-1299.73
-1299.83
-1299.94
-1300.04
-1300.15
-1300.25
-1300.36
-1300.46
-1300.56
-1300.67
-1300.77
-1300.88
-1300.98
-1301.08
-1301.19
-1301.29
-1301.39
-1301.5
-1301.6
-1301.7
-1301.81
-1301.91
-1302.01
-1302.12
-1302.22
-1302.32
-1302.42
-1302.53
-1302.63
-1302.73
-1302.83
-1302.93
-1303.04
-1303.14
-1303.24
-1303.34
-1303.44
-1303.54
-1303.65
-1303.75
-1303.85
-1303.95
-1304.05
-1304.15
-1304.25
-1304.35
-1304.45
-1304.55
-1304.66
-1304.76
-1304.86
-1304.96
-1305.06
-1305.16
-1305.26
-1305.36
-1305.46
-1305.56
-1305.66
-1305.76
-1305.85
-1305.95
-1306.05
-1306.15
-1306.25
-1306.35
-1306.45
-1306.55
-1306.65
-1306.75
-1306.84
-1306.94
-1307.04
-1307.14
-1307.24
-1307.34
-1307.43
-1307.53
-1307.63
-1307.73
-1307.83
-1307.92
-1308.02
-1308.12
-1308.21
-1308.31
-1308.41
-1308.51
-1308.6
-1308.7
-1308.8
-1308.89
-1308.99
-1309.09
-1309.18
-1309.28
-1309.38
-1309.47
-1309.57
-1309.66
-1309.76
-1309.85
-1309.95
-1310.05
-1310.14
-1310.24
-1310.33
-1310.43
-1310.52
-1310.62
-1310.71
-1310.81
-1310.9
-1311
-1311.09
-1311.19
-1311.28
-1311.37
-1311.47
-1311.56
-1311.66
-1311.75
-1311.85
-1311.94
-1312.03
-1312.13
-1312.22
-1312.31
-1312.41
-1312.5
-1312.59
-1312.69
-1312.78
-1312.87
-1312.96
-1313.06
-1313.15
-1313.24
-1313.33
-1313.43
-1313.52
-1313.61
-1313.7
-1313.8
-1313.89
-1313.98
-1314.07
-1314.16
-1314.25
-1314.35
-1314.44
-1314.53
-1314.62
-1314.71
-1314.8
-1314.89
-1314.98
-1315.07
-1315.16
-1315.25
-1315.35
-1315.44
-1315.53
-1315.62
-1315.71
-1315.8
-1315.89
-1315.98
-1316.07
-1316.16
-1316.24
-1316.33
-1316.42
-1316.51
-1316.6
-1316.69
-1316.78
-1316.87
-1316.96
-1317.05
-1317.14
-1317.22
-1317.31
-1317.4
-1317.49
-1317.58
-1317.66
-1317.75
-1317.84
-1317.93
-1318.02
-1318.1
-1318.19
-1318.28
-1318.37
-1318.45
-1318.54
-1318.63
-1318.72
-1318.8
-1318.89
-1318.98
-1319.06
-1319.15
-1319.24
-1319.32
-1319.41
-1319.49
-1319.58
-1319.67
-1319.75
-1319.84
-1319.92
-1320.01
-1320.09
-1320.18
-1320.27
-1320.35
-1320.44
-1320.52
-1320.61
-1320.69
-1320.78
-1320.86
-1320.95
-1321.03
-1321.11
-1321.2
-1321.28
-1321.37
-1321.45
-1321.54
-1321.62
-1321.7
-1321.79
-1321.87
-1321.95
-1322.04
-1322.12
-1322.2
-1322.29
-1322.37
-1322.45
-1322.54
-1322.62
-1322.7
-1322.79
-1322.87
-1322.95
-1323.03
-1323.12
-1323.2
-1323.28
-1323.36
-1323.44
-1323.53
-1323.61
-1323.69
-1323.77
-1323.85
-1323.93
-1324.01
-1324.1
-1324.18
-1324.26
-1324.34
-1324.42
-1324.5
-1324.58
-1324.66
-1324.74
-1324.82
-1324.9
-1324.98
-1325.06
-1325.14
-1325.22
-1325.3
-1325.38
-1325.46
-1325.54
-1325.62
-1325.7
-1325.78
-1325.86
-1325.94
-1326.02
-1326.1
-1326.18
-1326.25
-1326.33
-1326.41
-1326.49
-1326.57
-1326.65
-1326.73
-1326.8
-1326.88
-1326.96
-1327.04
-1327.12
-1327.19
-1327.27
-1327.35
-1327.43
-1327.5
-1327.58
-1327.66
-1327.73
-1327.81
-1327.89
-1327.97
-1328.04
-1328.12
-1328.2
-1328.27
-1328.35
-1328.42
-1328.5
-1328.58
-1328.65
-1328.73
-1328.8
-1328.88
-1328.96
-1329.03
-1329.11
-1329.18
-1329.26
-1329.33
-1329.41
-1329.48
-1329.56
-1329.63
-1329.71
-1329.78
-1329.86
-1329.93
-1330
-1330.08
-1330.15
-1330.23
-1330.3
-1330.38
-1330.45
-1330.52
-1330.6
-1330.67
-1330.74
-1330.82
-1330.89
-1330.96
-1331.04
-1331.11
-1331.18
-1331.26
-1331.33
-1331.4
-1331.47
-1331.55
-1331.62
-1331.69
-1331.76
-1331.83
-1331.91
-1331.98
-1332.05
-1332.12
-1332.19
-1332.27
-1332.34
-1332.41
-1332.48
-1332.55
-1332.62
-1332.69
-1332.76
-1332.83
-1332.91
-1332.98
-1333.05
-1333.12
-1333.19
-1333.26
-1333.33
-1333.4
-1333.47
-1333.54
-1333.61
-1333.68
-1333.75
-1333.82
-1333.89
-1333.96
-1334.02
-1334.09
-1334.16
-1334.23
-1334.3
-1334.37
-1334.44
-1334.51
-1334.58
-1334.64
-1334.71
-1334.78
-1334.85
-1334.92
-1334.99
-1335.05
-1335.12
-1335.19
-1335.26
-1335.32
-1335.39
-1335.46
-1335.53
-1335.59
-1335.66
-1335.73
-1335.79
-1335.86
-1335.93
-1335.99
-1336.06
-1336.13
-1336.19
-1336.26
-1336.33
-1336.39
-1336.46
-1336.52
-1336.59
-1336.66
-1336.72
-1336.79
-1336.85
-1336.92
-1336.98
-1337.05
-1337.11
-1337.18
-1337.24
-1337.31
-1337.37
-1337.44
-1337.5
-1337.57
-1337.63
-1337.7
-1337.76
-1337.82
-1337.89
-1337.95
-1338.02
-1338.08
-1338.14
-1338.21
-1338.27
-1338.33
-1338.4
-1338.46
-1338.52
-1338.59
-1338.65
-1338.71
-1338.78
-1338.84
-1338.9
-1338.96
-1339.03
-1339.09
-1339.15
-1339.21
-1339.27
-1339.34
-1339.4
-1339.46
-1339.52
-1339.58
-1339.65
-1339.71
-1339.77
-1339.83
-1339.89
-1339.95
-1340.01
-1340.07
-1340.13
-1340.19
-1340.26
-1340.32
-1340.38
-1340.44
-1340.5
-1340.56
-1340.62
-1340.68
-1340.74
-1340.8
-1340.86
-1340.92
-1340.98
-1341.03
-1341.09
-1341.15
-1341.21
-1341.27
-1341.33
-1341.39
-1341.45
-1341.51
-1341.57
-1341.62
-1341.68
-1341.74
-1341.8
-1341.86
-1341.92
-1341.97
-1342.03
-1342.09
-1342.15
-1342.2
-1342.26
-1342.32
-1342.38
-1342.43
-1342.49
-1342.55
-1342.6
-1342.66
-1342.72
-1342.78
-1342.83
-1342.89
-1342.94
-1343
-1343.06
-1343.11
-1343.17
-1343.23
-1343.28
-1343.34
-1343.39
-1343.45
-1343.5
-1343.56
-1343.61
-1343.67
-1343.73
-1343.78
-1343.84
-1343.89
-1343.95
-1344
-1344.05
-1344.11
-1344.16
-1344.22
-1344.27
-1344.33
-1344.38
-1344.43
-1344.49
-1344.54
-1344.6
-1344.65
-1344.7
-1344.76
-1344.81
-1344.86
-1344.92
-1344.97
-1345.02
-1345.07
-1345.13
-1345.18
-1345.23
-1345.29
-1345.34
-1345.39
-1345.44
-1345.49
-1345.55
-1345.6
-1345.65
-1345.7
-1345.75
-1345.81
-1345.86
-1345.91
-1345.96
-1346.01
-1346.06
-1346.11
-1346.16
-1346.22
-1346.27
-1346.32
-1346.37
-1346.42
-1346.47
-1346.52
-1346.57
-1346.62
-1346.67
-1346.72
-1346.77
-1346.82
-1346.87
-1346.92
-1346.97
-1347.02
-1347.07
-1347.12
-1347.17
-1347.21
-1347.26
-1347.31
-1347.36
-1347.41
-1347.46
-1347.51
-1347.56
-1347.6
-1347.65
-1347.7
-1347.75
-1347.8
-1347.84
-1347.89
-1347.94
-1347.99
-1348.03
-1348.08
-1348.13
-1348.18
-1348.22
-1348.27
-1348.32
-1348.37
-1348.41
-1348.46
-1348.51
-1348.55
-1348.6
-1348.64
-1348.69
-1348.74
-1348.78
-1348.83
-1348.88
-1348.92
-1348.97
-1349.01
-1349.06
-1349.1
-1349.15
-1349.19
-1349.24
-1349.28
-1349.33
-1349.37
-1349.42
-1349.46
-1349.51
-1349.55
-1349.6
-1349.64
-1349.69
-1349.73
-1349.77
-1349.82
-1349.86
-1349.91
-1349.95
-1349.99
-1350.04
-1350.08
-1350.12
-1350.17
-1350.21
-1350.25
-1350.3
-1350.34
-1350.38
-1350.42
-1350.47
-1350.51
-1350.55
-1350.59
-1350.64
-1350.68
-1350.72
-1350.76
-1350.81
-1350.85
-1350.89
-1350.93
-1350.97
-1351.01
-1351.05
-1351.1
-1351.14
-1351.18
-1351.22
-1351.26
-1351.3
-1351.34
-1351.38
-1351.42
-1351.46
-1351.5
-1351.54
-1351.58
-1351.62
-1351.66
-1351.7
-1351.74
-1351.78
-1351.82
-1351.86
-1351.9
-1351.94
-1351.98
-1352.02
-1352.06
-1352.1
-1352.14
-1352.18
-1352.22
-1352.25
-1352.29
-1352.33
-1352.37
-1352.41
-1352.45
-1352.48
-1352.52
-1352.56
-1352.6
-1352.64
-1352.67
-1352.71
-1352.75
-1352.79
-1352.82
-1352.86
-1352.9
-1352.93
-1352.97
-1353.01
-1353.04
-1353.08
-1353.12
-1353.15
-1353.19
-1353.23
-1353.26
-1353.3
-1353.34
-1353.37
-1353.41
-1353.44
-1353.48
-1353.51
-1353.55
-1353.58
-1353.62
-1353.66
-1353.69
-1353.73
-1353.76
-1353.8
-1353.83
-1353.86
-1353.9
-1353.93
-1353.97
-1354
-1354.04
-1354.07
-1354.1
-1354.14
-1354.17
-1354.21
-1354.24
-1354.27
-1354.31
-1354.34
-1354.37
-1354.41
-1354.44
-1354.47
-1354.51
-1354.54
-1354.57
-1354.6
-1354.64
-1354.67
-1354.7
-1354.73
-1354.77
-1354.8
-1354.83
-1354.86
-1354.89
-1354.93
-1354.96
-1354.99
-1355.02
-1355.05
-1355.08
-1355.11
-1355.15
-1355.18
-1355.21
-1355.24
-1355.27
-1355.3
-1355.33
-1355.36
-1355.39
-1355.42
-1355.45
-1355.48
-1355.51
-1355.54
-1355.57
-1355.6
-1355.63
-1355.66
-1355.69
-1355.72
-1355.75
-1355.78
-1355.81
-1355.84
-1355.87
-1355.89
-1355.92
-1355.95
-1355.98
-1356.01
-1356.04
-1356.07
-1356.09
-1356.12
-1356.15
-1356.18
-1356.21
-1356.23
-1356.26
-1356.29
-1356.32
-1356.34
-1356.37
-1356.4
-1356.43
-1356.45
-1356.48
-1356.51
-1356.53
-1356.56
-1356.59
-1356.61
-1356.64
-1356.67
-1356.69
-1356.72
-1356.74
-1356.77
-1356.8
-1356.82
-1356.85
-1356.87
-1356.9
-1356.92
-1356.95
-1356.98
-1357
-1357.03
-1357.05
-1357.08
-1357.1
-1357.12
-1357.15
-1357.17
-1357.2
-1357.22
-1357.25
-1357.27
-1357.3
-1357.32
-1357.34
-1357.37
-1357.39
-1357.41
-1357.44
-1357.46
-1357.48
-1357.51
-1357.53
-1357.55
-1357.58
-1357.6
-1357.62
-1357.65
-1357.67
-1357.69
-1357.71
-1357.74
-1357.76
-1357.78
-1357.8
-1357.82
-1357.85
-1357.87
-1357.89
-1357.91
-1357.93
-1357.95
-1357.98
-1358
-1358.02
-1358.04
-1358.06
-1358.08
-1358.1
-1358.12
-1358.14
-1358.16
-1358.18
-1358.2
-1358.22
-1358.25
-1358.27
-1358.29
-1358.31
-1358.32
-1358.34
-1358.36
-1358.38
-1358.4
-1358.42
-1358.44
-1358.46
-1358.48
-1358.5
-1358.52
-1358.54
-1358.56
-1358.57
-1358.59
-1358.61
-1358.63
-1358.65
-1358.67
-1358.68
-1358.7
-1358.72
-1358.74
-1358.76
-1358.77
-1358.79
-1358.81
-1358.83
-1358.84
-1358.86
-1358.88
-1358.9
-1358.91
-1358.93
-1358.95
-1358.96
-1358.98
-1359
-1359.01
-1359.03
-1359.04
-1359.06
-1359.08
-1359.09
-1359.11
-1359.12
-1359.14
-1359.16
-1359.17
-1359.19
-1359.2
-1359.22
-1359.23
-1359.25
-1359.26
-1359.28
-1359.29
-1359.31
-1359.32
-1359.34
-1359.35
-1359.37
-1359.38
-1359.39
-1359.41
-1359.42
-1359.44
-1359.45
-1359.46
-1359.48
-1359.49
-1359.5
-1359.52
-1359.53
-1359.54
-1359.56
-1359.57
-1359.58
-1359.6
-1359.61
-1359.62
-1359.63
-1359.65
-1359.66
-1359.67
-1359.68
-1359.7
-1359.71
-1359.72
-1359.73
-1359.74
-1359.75
-1359.77
-1359.78
-1359.79
-1359.8
-1359.81
-1359.82
-1359.83
-1359.85
-1359.86
-1359.87
-1359.88
-1359.89
-1359.9
-1359.91
-1359.92
-1359.93
-1359.94
-1359.95
-1359.96
-1359.97
-1359.98
-1359.99
-1360
-1360.01
-1360.02
-1360.03
-1360.04
-1360.05
-1360.05
-1360.06
-1360.07
-1360.08
-1360.09
-1360.1
-1360.11
-1360.12
-1360.12
-1360.13
-1360.14
-1360.15
-1360.16
-1360.17
-1360.17
-1360.18
-1360.19
-1360.2
-1360.2
-1360.21
-1360.22
-1360.23
-1360.23
-1360.24
-1360.25
-1360.25
-1360.26
-1360.27
-1360.27
-1360.28
-1360.29
-1360.29
-1360.3
-1360.31
-1360.31
-1360.32
-1360.32
-1360.33
-1360.34
-1360.34
-1360.35
-1360.35
-1360.36
-1360.36
-1360.37
-1360.37
-1360.38
-1360.38
-1360.39
-1360.39
-1360.4
-1360.4
-1360.41
-1360.41
-1360.42
-1360.42
-1360.42
-1360.43
-1360.43
-1360.44
-1360.44
-1360.44
-1360.45
-1360.45
-1360.45
-1360.46
-1360.46
-1360.46
-1360.47
-1360.47
-1360.47
-1360.48
-1360.48
-1360.48
-1360.48
-1360.49
-1360.49
-1360.49
-1360.49
-1360.5
-1360.5
-1360.5
-1360.5
-1360.5
-1360.5
-1360.51
-1360.51
-1360.51
-1360.51
-1360.51
-1360.51
-1360.51
-1360.52
-1360.52
-1360.52
-1360.52
-1360.52
-1360.52
-1360.52
-1360.52
-1360.52
-1360.52
-1360.52
-1360.52
-1360.52
-1360.52
-1360.52
-1360.52
-1360.52
-1360.52
-1360.52
-1360.52
-1360.52
-1360.52
-1360.52
-1360.51
-1360.51
-1360.51
-1360.51
-1360.51
-1360.51
-1360.51
-1360.5
-1360.5
-1360.5
-1360.5
-1360.5
-1360.5
-1360.49
-1360.49
-1360.49
-1360.49
-1360.48
-1360.48
-1360.48
-1360.48
-1360.47
-1360.47
-1360.47
-1360.46
-1360.46
-1360.46
-1360.46
-1360.45
-1360.45
-1360.44
-1360.44
-1360.44
-1360.43
-1360.43
-1360.43
-1360.42
-1360.42
-1360.41
-1360.41
-1360.4
-1360.4
-1360.4
-1360.39
-1360.39
-1360.38
-1360.38
-1360.37
-1360.37
-1360.36
-1360.36
-1360.35
-1360.34
-1360.34
-1360.33
-1360.33
-1360.32
-1360.32
-1360.31
-1360.3
-1360.3
-1360.29
-1360.29
-1360.28
-1360.27
-1360.27
-1360.26
-1360.25
-1360.25
-1360.24
-1360.23
-1360.23
-1360.22
-1360.21
-1360.2
-1360.2
-1360.19
-1360.18
-1360.17
-1360.17
-1360.16
-1360.15
-1360.14
-1360.13
-1360.13
-1360.12
-1360.11
-1360.1
-1360.09
-1360.08
-1360.08
-1360.07
-1360.06
-1360.05
-1360.04
-1360.03
-1360.02
-1360.01
-1360
-1359.99
-1359.98
-1359.97
-1359.96
-1359.96
-1359.95
-1359.94
-1359.93
-1359.92
-1359.91
-1359.9
-1359.88
-1359.87
-1359.86
-1359.85
-1359.84
-1359.83
-1359.82
-1359.81
-1359.8
-1359.79
-1359.78
-1359.77
-1359.75
-1359.74
-1359.73
-1359.72
-1359.71
-1359.7
-1359.69
-1359.67
-1359.66
-1359.65
-1359.64
-1359.63
-1359.61
-1359.6
-1359.59
-1359.58
-1359.56
-1359.55
-1359.54
-1359.52
-1359.51
-1359.5
-1359.49
-1359.47
-1359.46
-1359.45
-1359.43
-1359.42
-1359.41
-1359.39
-1359.38
-1359.36
-1359.35
-1359.34
-1359.32
-1359.31
-1359.29
-1359.28
-1359.27
-1359.25
-1359.24
-1359.22
-1359.21
-1359.19
-1359.18
-1359.16
-1359.15
-1359.13
-1359.12
-1359.1
-1359.09
-1359.07
-1359.06
-1359.04
-1359.02
-1359.01
-1358.99
-1358.98
-1358.96
-1358.95
-1358.93
-1358.91
-1358.9
-1358.88
-1358.86
-1358.85
-1358.83
-1358.81
-1358.8
-1358.78
-1358.76
-1358.75
-1358.73
-1358.71
-1358.7
-1358.68
-1358.66
-1358.64
-1358.63
-1358.61
-1358.59
-1358.57
-1358.56
-1358.54
-1358.52
-1358.5
-1358.48
-1358.46
-1358.45
-1358.43
-1358.41
-1358.39
-1358.37
-1358.35
-1358.34
-1358.32
-1358.3
-1358.28
-1358.26
-1358.24
-1358.22
-1358.2
-1358.18
-1358.16
-1358.14
-1358.12
-1358.1
-1358.08
-1358.06
-1358.05
-1358.03
-1358.01
-1357.99
-1357.96
-1357.94
-1357.92
-1357.9
-1357.88
-1357.86
-1357.84
-1357.82
-1357.8
-1357.78
-1357.76
-1357.74
-1357.72
-1357.7
-1357.67
-1357.65
-1357.63
-1357.61
-1357.59
-1357.57
-1357.55
-1357.52
-1357.5
-1357.48
-1357.46
-1357.44
-1357.41
-1357.39
-1357.37
-1357.35
-1357.33
-1357.3
-1357.28
-1357.26
-1357.24
-1357.21
-1357.19
-1357.17
-1357.14
-1357.12
-1357.1
-1357.07
-1357.05
-1357.03
-1357
-1356.98
-1356.96
-1356.93
-1356.91
-1356.89
-1356.86
-1356.84
-1356.82
-1356.79
-1356.77
-1356.74
-1356.72
-1356.7
-1356.67
-1356.65
-1356.62
-1356.6
-1356.57
-1356.55
-1356.52
-1356.5
-1356.47
-1356.45
-1356.42
-1356.4
-1356.37
-1356.35
-1356.32
-1356.3
-1356.27
-1356.25
-1356.22
-1356.2
-1356.17
-1356.14
-1356.12
-1356.09
-1356.07
-1356.04
-1356.01
-1355.99
-1355.96
-1355.94
-1355.91
-1355.88
-1355.86
-1355.83
-1355.8
-1355.78
-1355.75
-1355.72
-1355.7
-1355.67
-1355.64
-1355.62
-1355.59
-1355.56
-1355.53
-1355.51
-1355.48
-1355.45
-1355.42
-1355.4
-1355.37
-1355.34
-1355.31
-1355.29
-1355.26
-1355.23
-1355.2
-1355.17
-1355.15
-1355.12
-1355.09
-1355.06
-1355.03
-1355.01
-1354.98
-1354.95
-1354.92
-1354.89
-1354.86
-1354.83
-1354.8
-1354.78
-1354.75
-1354.72
-1354.69
-1354.66
-1354.63
-1354.6
-1354.57
-1354.54
-1354.51
-1354.48
-1354.45
-1354.42
-1354.4
-1354.37
-1354.34
-1354.31
-1354.28
-1354.25
-1354.22
-1354.19
-1354.16
-1354.13
-1354.1
-1354.07
-1354.04
-1354.01
-1353.97
-1353.94
-1353.91
-1353.88
-1353.85
-1353.82
-1353.79
-1353.76
-1353.73
-1353.7
-1353.67
-1353.64
-1353.61
-1353.57
-1353.54
-1353.51
-1353.48
-1353.45
-1353.42
-1353.39
-1353.36
-1353.32
-1353.29
-1353.26
-1353.23
-1353.2
-1353.17
-1353.13
-1353.1
-1353.07
-1353.04
-1353.01
-1352.98
-1352.94
-1352.91
-1352.88
-1352.85
-1352.81
-1352.78
-1352.75
-1352.72
-1352.69
-1352.65
-1352.62
-1352.59
-1352.56
-1352.52
-1352.49
-1352.46
-1352.42
-1352.39
-1352.36
-1352.33
-1352.29
-1352.26
-1352.23
-1352.19
-1352.16
-1352.13
-1352.09
-1352.06
-1352.03
-1351.99
-1351.96
-1351.93
-1351.89
-1351.86
-1351.83
-1351.79
-1351.76
-1351.73
-1351.69
-1351.66
-1351.63
-1351.59
-1351.56
-1351.52
-1351.49
-1351.46
-1351.42
-1351.39
-1351.36
-1351.32
-1351.29
-1351.25
-1351.22
-1351.18
-1351.15
-1351.12
-1351.08
-1351.05
-1351.01
-1350.98
-1350.94
-1350.91
-1350.88
-1350.84
-1350.81
-1350.77
-1350.74
-1350.7
-1350.67
-1350.63
-1350.6
-1350.57
-1350.53
-1350.5
-1350.46
-1350.43
-1350.39
-1350.36
-1350.32
-1350.29
-1350.25
-1350.22
-1350.18
-1350.15
-1350.11
-1350.08
-1350.04
-1350.01
-1349.97
-1349.94
-1349.9
-1349.87
-1349.83
-1349.8
-1349.76
-1349.73
-1349.69
-1349.66
-1349.62
-1349.59
-1349.55
-1349.52
-1349.48
-1349.44
-1349.41
-1349.37
-1349.34
-1349.3
-1349.27
-1349.23
-1349.2
-1349.16
-1349.13
-1349.09
-1349.06
-1349.02
-1348.98
-1348.95
-1348.91
-1348.88
-1348.84
-1348.81
-1348.77
-1348.74
-1348.7
-1348.67
-1348.63
-1348.6
-1348.56
-1348.52
-1348.49
-1348.45
-1348.42
-1348.38
-1348.35
-1348.31
-1348.28
-1348.24
-1348.21
-1348.17
-1348.13
-1348.1
-1348.06
-1348.03
-1347.99
-1347.96
-1347.92
-1347.89
-1347.85
-1347.82
-1347.78
-1347.75
-1347.71
-1347.68
-1347.64
-1347.6
-1347.57
-1347.53
-1347.5
-1347.46
-1347.43
-1347.39
-1347.36
-1347.32
-1347.29
-1347.25
-1347.22
-1347.18
-1347.15
-1347.11
-1347.08
-1347.04
-1347.01
-1346.97
-1346.94
-1346.9
-1346.87
-1346.83
-1346.8
-1346.77
-1346.73
-1346.7
-1346.66
-1346.63
-1346.59
-1346.56
-1346.52
-1346.49
-1346.45
-1346.42
-1346.39
-1346.35
-1346.32
-1346.28
-1346.25
-1346.22
-1346.18
-1346.15
-1346.11
-1346.08
-1346.05
-1346.01
-1345.98
-1345.95
-1345.91
-1345.88
-1345.85
-1345.81
-1345.78
-1345.75
-1345.71
-1345.68
-1345.65
-1345.61
-1345.58
-1345.55
-1345.51
-1345.48
-1345.45
-1345.42
-1345.38
-1345.35
-1345.32
-1345.29
-1345.25
-1345.22
-1345.19
-1345.16
-1345.13
-1345.09
-1345.06
-1345.03
-1345
-1344.97
-1344.94
-1344.91
-1344.87
-1344.84
-1344.81
-1344.78
-1344.75
-1344.72
-1344.69
-1344.66
-1344.63
-1344.6
-1344.57
-1344.54
-1344.51
-1344.48
-1344.45
-1344.42
-1344.39
-1344.36
-1344.33
-1344.3
-1344.27
-1344.24
-1344.22
-1344.19
-1344.16
-1344.13
-1344.1
-1344.07
-1344.05
-1344.02
-1343.99
-1343.96
-1343.94
-1343.91
-1343.88
-1343.85
-1343.83
-1343.8
-1343.77
-1343.75
-1343.72
-1343.7
-1343.67
-1343.64
-1343.62
-1343.59
-1343.57
-1343.54
-1343.52
-1343.49
-1343.47
-1343.45
-1343.42
-1343.4
-1343.37
-1343.35
-1343.33
-1343.3
-1343.28
-1343.26
-1343.24
-1343.21
-1343.19
-1343.17
-1343.15
-1343.13
-1343.11
-1343.09
-1343.07
-1343.05
-1343.03
-1343.01
-1342.99
-1342.97
-1342.95
-1342.93
-1342.91
-1342.89
-1342.87
-1342.86
-1342.84
-1342.82
-1342.81
-1342.79
-1342.77
-1342.76
-1342.74
-1342.73
-1342.71
-1342.7
-1342.68
-1342.67
-1342.65
-1342.64
-1342.63
-1342.61
-1342.6
-1342.59
-1342.58
-1342.57
-1342.56
-1342.54
-1342.53
-1342.52
-1342.52
-1342.51
-1342.5
-1342.49
-1342.48
-1342.47
-1342.47
-1342.46
-1342.45
-1342.45
-1342.44
-1342.44
-1342.43
-1342.43
-1342.43
-1342.42
-1342.42
-1342.42
-1342.42
-1342.42
-1342.42
-1342.42
-1342.42
-1342.42
-1342.42
-1342.43
-1342.43
-1342.43
-1342.44
-1342.44
-1342.45
-1342.45
-1342.46
-1342.47
-1342.48
-1342.48
-1342.49
-1342.5
-1342.52
-1342.53
-1342.54
-1342.55
-1342.57
-1342.58
-1342.6
-1342.61
-1342.63
-1342.65
-1342.67
-1342.69
-1342.71
-1342.73
-1342.75
-1342.77
-1342.8
-1342.82
-1342.85
-1342.88
-1342.91
-1342.94
-1342.97
-1343
-1343.03
-1343.07
-1343.1
-1343.14
-1343.17
-1343.21
-1343.25
-1343.29
-1343.34
-1343.38
-1343.43
-1343.47
-1343.52
-1343.57
-1343.62
-1343.68
-1343.73
-1343.79
-1343.85
-1343.91
-1343.97
-1344.03
-1344.1
-1344.17
-1344.24
-1344.31
-1344.38
-1344.46
-1344.54
-1344.62
-1344.7
-1344.78
-1344.87
-1344.96
-1345.06
-1345.15
-1345.25
-1345.35
-1345.46
-1345.57
-1345.68
-1345.79
-1345.91
-1346.03
-1346.16
-1346.29
-1346.42
-1346.56
-1346.7
-1346.85
-1347
-1347.16
-1347.32
-1347.49
-1347.67
-1347.85
-1348.03
-1348.23
-1348.43
-1348.63
-1348.85
-1349.08
-1349.31
-1349.55
-1349.81
-1350.07
-1350.35
-1350.64
-1350.94
-1351.26
-1351.59
-1351.94
-1352.31
-1352.7
-1353.12
-1353.56
-1354.03
-1354.54
-1355.09
-1355.68
-1356.33
-1357.04
-1357.84
-1358.75
-1359.81
-1361.1
-1362.78
-1365.5
