-155.162
-157.547
-159.932
-162.316
-164.701
-167.085
-169.469
-171.853
-174.237
-176.621
-179.005
-181.389
-183.772
-186.156
-188.539
-190.923
-193.306
-195.689
-198.072
-200.456
-202.838
-205.221
-207.604
-209.987
-212.369
-214.752
-217.134
-219.516
-221.899
-224.281
-226.663
-229.045
-231.427
-233.808
-236.19
-238.572
-240.953
-243.334
-245.716
-248.097
-250.478
-252.859
-255.24
-257.621
-260.002
-262.382
-264.763
-267.143
-269.524
-271.904
-274.284
-276.664
-279.044
-281.424
-283.804
-286.184
-288.563
-290.943
-293.322
-295.702
-298.081
-300.46
-302.839
-305.218
-307.597
-309.976
-312.355
-314.734
-317.112
-319.491
-321.869
-324.247
-326.625
-329.004
-331.382
-333.76
-336.137
-338.515
-340.893
-343.27
-345.648
-348.025
-350.402
-352.78
-355.157
-357.534
-359.911
-362.287
-364.664
-367.041
-369.417
-371.794
-374.17
-376.547
-378.923
-381.299
-383.675
-386.051
-388.427
-390.802
-393.178
-395.554
-397.929
-400.304
-402.68
-405.055
-407.43
-409.805
-412.18
-414.555
-416.929
-419.304
-421.679
-424.053
-426.427
-428.802
-431.176
-433.55
-435.924
-438.298
-440.672
-443.045
-445.419
-447.793
-450.166
-452.539
-454.913
-457.286
-459.659
-462.032
-464.405
-466.778
-469.15
-471.523
-473.896
-476.268
-478.64
-481.013
-483.385
-485.757
-488.129
-490.501
-492.873
-495.244
-497.616
-499.987
-502.359
-504.73
-507.101
-509.473
-511.844
-514.215
-516.586
-518.956
-521.327
-523.698
-526.068
-528.439
-530.809
-533.179
-535.549
-537.92
-540.29
-542.659
-545.029
-547.399
-549.769
-552.138
-554.507
-556.877
-559.246
-561.615
-563.984
-566.353
-568.722
-571.091
-573.46
-575.828
-578.197
-580.565
-582.934
-585.302
-587.67
-590.038
-592.406
-594.774
-597.142
-599.509
-601.877
-604.244
-606.612
-608.979
-611.346
-613.714
-616.081
-618.448
-620.814
-623.181
-625.548
-627.914
-630.281
-632.647
-635.014
-637.38
-639.746
-642.112
-644.478
-646.844
-649.21
-651.575
-653.941
-656.306
-658.672
-661.037
-663.402
-665.768
-668.133
-670.498
-672.862
-675.227
-677.592
-679.956
-682.321
-684.685
-687.05
-689.414
-691.778
-694.142
-696.506
-698.87
-701.233
-703.597
-705.961
-708.324
-710.688
-713.051
-715.414
-717.777
-720.14
-722.503
-724.866
-727.229
-729.591
-731.954
-734.316
-736.679
-739.041
-741.403
-743.765
-746.127
-748.489
-750.851
-753.213
-755.575
-757.936
-760.298
-762.659
-765.02
-767.381
-769.742
-772.103
-774.464
-776.825
-779.186
-781.547
-783.907
-786.268
-788.628
-790.988
-793.348
-795.708
-798.068
-800.428
-802.788
-805.148
-807.507
-809.867
-812.226
-814.586
-816.945
-819.304
-821.663
-824.022
-826.381
-828.74
-831.099
-833.457
-835.816
-838.174
-840.533
-842.891
-845.249
-847.607
-849.965
-852.323
-854.681
-857.038
-859.396
-861.754
-864.111
-866.468
-868.826
-871.183
-873.54
-875.897
-878.254
-880.61
-882.967
-885.324
-887.68
-890.037
-892.393
-894.749
-897.105
-899.461
-901.817
-904.173
-906.529
-908.885
-911.24
-913.596
-915.951
-918.306
-920.662
-923.017
-925.372
-927.727
-930.081
-932.436
-934.791
-937.145
-939.5
-941.854
-944.209
-946.563
-948.917
-951.271
-953.625
-955.979
-958.332
-960.686
-963.04
-965.393
-967.746
-970.1
-972.453
-974.806
-977.159
-979.512
-981.865
-984.218
-986.57
-988.923
-991.275
-993.628
-995.98
-998.332
-1000.68
-1003.04
-1005.39
-1007.74
-1010.09
-1012.44
-1014.79
-1017.15
-1019.5
-1021.85
-1024.2
-1026.55
-1028.9
-1031.25
-1033.6
-1035.95
-1038.3
-1040.66
-1043.01
-1045.36
-1047.71
-1050.06
-1052.41
-1054.76
-1057.11
-1059.46
-1061.81
-1064.16
-1066.51
-1068.85
-1071.2
-1073.55
-1075.9
-1078.25
-1080.6
-1082.95
-1085.3
-1087.65
-1090
-1092.34
-1094.69
-1097.04
-1099.39
-1101.74
-1104.08
-1106.43
-1108.78
-1111.13
-1113.48
-1115.82
-1118.17
-1120.52
-1122.87
-1125.21
-1127.56
-1129.91
-1132.25
-1134.6
-1136.95
-1139.29
-1141.64
-1143.99
-1146.33
-1148.68
-1151.03
-1153.37
-1155.72
-1158.06
-1160.41
-1162.76
-1165.1
-1167.45
-1169.79
-1172.14
-1174.48
-1176.83
-1179.17
-1181.52
-1183.86
-1186.21
-1188.55
-1190.9
-1193.24
-1195.59
-1197.93
-1200.27
-1202.62
-1204.96
-1207.31
-1209.65
-1211.99
-1214.34
-1216.68
-1219.02
-1221.37
-1223.71
-1226.05
-1228.4
-1230.74
-1233.08
-1235.43
-1237.77
-1240.11
-1242.45
-1244.8
-1247.14
-1249.48
-1251.82
-1254.17
-1256.51
-1258.85
-1261.19
-1263.53
-1265.88
-1268.22
-1270.56
-1272.9
-1275.24
-1277.58
-1279.92
-1282.26
-1284.61
-1286.95
-1289.29
-1291.63
-1293.97
-1296.31
-1298.65
-1300.99
-1303.33
-1305.67
-1308.01
-1310.35
-1312.69
-1315.03
-1317.37
-1319.71
-1322.05
-1324.39
-1326.73
-1329.07
-1331.4
-1333.74
-1336.08
-1338.42
-1340.76
-1343.1
-1345.44
-1347.78
-1350.11
-1352.45
-1354.79
-1357.13
-1359.47
-1361.8
-1364.14
-1366.48
-1368.82
-1371.15
-1373.49
-1375.83
-1378.17
-1380.5
-1382.84
-1385.18
-1387.51
-1389.85
-1392.19
-1394.52
-1396.86
-1399.2
-1401.53
-1403.87
-1406.21
-1408.54
-1410.88
-1413.21
-1415.55
-1417.88
-1420.22
-1422.56
-1424.89
-1427.23
-1429.56
-1431.9
-1434.23
-1436.57
-1438.9
-1441.24
-1443.57
-1445.9
-1448.24
-1450.57
-1452.91
-1455.24
-1457.58
-1459.91
-1462.24
-1464.58
-1466.91
-1469.24
-1471.58
-1473.91
-1476.24
-1478.58
-1480.91
-1483.24
-1485.58
-1487.91
-1490.24
-1492.58
-1494.91
-1497.24
-1499.57
-1501.9
-1504.24
-1506.57
-1508.9
-1511.23
-1513.57
-1515.9
-1518.23
-1520.56
-1522.89
-1525.22
-1527.55
-1529.89
-1532.22
-1534.55
-1536.88
-1539.21
-1541.54
-1543.87
-1546.2
-1548.53
-1550.86
-1553.19
-1555.52
-1557.85
-1560.18
-1562.51
-1564.84
-1567.17
-1569.5
-1571.83
-1574.16
-1576.49
-1578.82
-1581.15
-1583.48
-1585.81
-1588.13
-1590.46
-1592.79
-1595.12
-1597.45
-1599.78
-1602.11
-1604.43
-1606.76
-1609.09
-1611.42
-1613.75
-1616.07
-1618.4
-1620.73
-1623.06
-1625.38
-1627.71
-1630.04
-1632.36
-1634.69
-1637.02
-1639.35
-1641.67
-1644
-1646.32
-1648.65
-1650.98
-1653.3
-1655.63
-1657.96
-1660.28
-1662.61
-1664.93
-1667.26
-1669.58
-1671.91
-1674.24
-1676.56
-1678.89
-1681.21
-1683.54
-1685.86
-1688.19
-1690.51
-1692.84
-1695.16
-1697.48
-1699.81
-1702.13
-1704.46
-1706.78
-1709.11
-1711.43
-1713.75
-1716.08
-1718.4
-1720.72
-1723.05
-1725.37
-1727.69
-1730.02
-1732.34
-1734.66
-1736.99
-1739.31
-1741.63
-1743.95
-1746.28
-1748.6
-1750.92
-1753.24
-1755.57
-1757.89
-1760.21
-1762.53
-1764.85
-1767.17
-1769.5
-1771.82
-1774.14
-1776.46
-1778.78
-1781.1
-1783.42
-1785.74
-1788.07
-1790.39
-1792.71
-1795.03
-1797.35
-1799.67
-1801.99
-1804.31
-1806.63
-1808.95
-1811.27
-1813.59
-1815.91
-1818.23
-1820.55
-1822.87
-1825.19
-1827.51
-1829.82
-1832.14
-1834.46
-1836.78
-1839.1
-1841.42
-1843.74
-1846.06
-1848.37
-1850.69
-1853.01
-1855.33
-1857.65
-1859.96
-1862.28
-1864.6
-1866.92
-1869.24
-1871.55
-1873.87
-1876.19
-1878.5
-1880.82
-1883.14
-1885.46
-1887.77
-1890.09
-1892.41
-1894.72
-1897.04
-1899.35
-1901.67
-1903.99
-1906.3
-1908.62
-1910.94
-1913.25
-1915.57
-1917.88
-1920.2
-1922.51
-1924.83
-1927.14
-1929.46
-1931.77
-1934.09
-1936.4
-1938.72
-1941.03
-1943.35
-1945.66
-1947.98
-1950.29
-1952.6
-1954.92
-1957.23
-1959.55
-1961.86
-1964.17
-1966.49
-1968.8
-1971.11
-1973.43
-1975.74
-1978.05
-1980.37
-1982.68
-1984.99
-1987.31
-1989.62
-1991.93
-1994.24
-1996.56
-1998.87
-2001.18
-2003.49
-2005.8
-2008.12
-2010.43
-2012.74
-2015.05
-2017.36
-2019.67
-2021.99
-2024.3
-2026.61
-2028.92
-2031.23
-2033.54
-2035.85
-2038.16
-2040.47
-2042.78
-2045.09
-2047.4
-2049.71
-2052.02
-2054.33
-2056.64
-2058.95
-2061.26
-2063.57
-2065.88
-2068.19
-2070.5
-2072.81
-2075.12
-2077.43
-2079.74
-2082.05
-2084.36
-2086.67
-2088.97
-2091.28
-2093.59
-2095.9
-2098.21
-2100.52
-2102.82
-2105.13
-2107.44
-2109.75
-2112.05
-2114.36
-2116.67
-2118.98
-2121.28
-2123.59
-2125.9
-2128.21
-2130.51
-2132.82
-2135.13
-2137.43
-2139.74
-2142.05
-2144.35
-2146.66
-2148.96
-2151.27
-2153.58
-2155.88
-2158.19
-2160.49
-2162.8
-2165.11
-2167.41
-2169.72
-2172.02
-2174.33
-2176.63
-2178.94
-2181.24
-2183.55
-2185.85
-2188.16
-2190.46
-2192.76
-2195.07
-2197.37
-2199.68
-2201.98
-2204.28
-2206.59
-2208.89
-2211.2
-2213.5
-2215.8
-2218.11
-2220.41
-2222.71
-2225.02
-2227.32
-2229.62
-2231.92
-2234.23
-2236.53
-2238.83
-2241.13
-2243.44
-2245.74
-2248.04
-2250.34
-2252.64
-2254.95
-2257.25
-2259.55
-2261.85
-2264.15
-2266.45
-2268.76
-2271.06
-2273.36
-2275.66
-2277.96
-2280.26
-2282.56
-2284.86
-2287.16
-2289.46
-2291.76
-2294.06
-2296.36
-2298.66
-2300.96
-2303.26
-2305.56
-2307.86
-2310.16
-2312.46
-2314.76
-2317.06
-2319.36
-2321.66
-2323.96
-2326.26
-2328.56
-2330.85
-2333.15
-2335.45
-2337.75
-2340.05
-2342.35
-2344.64
-2346.94
-2349.24
-2351.54
-2353.84
-2356.13
-2358.43
-2360.73
-2363.03
-2365.32
-2367.62
-2369.92
-2372.21
-2374.51
-2376.81
-2379.1
-2381.4
-2383.7
-2385.99
-2388.29
-2390.59
-2392.88
-2395.18
-2397.48
-2399.77
-2402.07
-2404.36
-2406.66
-2408.95
-2411.25
-2413.54
-2415.84
-2418.13
-2420.43
-2422.72
-2425.02
-2427.31
-2429.61
-2431.9
-2434.2
-2436.49
-2438.79
-2441.08
-2443.37
-2445.67
-2447.96
-2450.26
-2452.55
-2454.84
-2457.14
-2459.43
-2461.72
-2464.02
-2466.31
-2468.6
-2470.9
-2473.19
-2475.48
-2477.77
-2480.07
-2482.36
-2484.65
-2486.94
-2489.24
-2491.53
-2493.82
-2496.11
-2498.4
-2500.7
-2502.99
-2505.28
-2507.57
-2509.86
-2512.15
-2514.44
-2516.73
-2519.03
-2521.32
-2523.61
-2525.9
-2528.19
-2530.48
-2532.77
-2535.06
-2537.35
-2539.64
-2541.93
-2544.22
-2546.51
-2548.8
-2551.09
-2553.38
-2555.67
-2557.96
-2560.25
-2562.53
-2564.82
-2567.11
-2569.4
-2571.69
-2573.98
-2576.27
-2578.56
-2580.84
-2583.13
-2585.42
-2587.71
-2590
-2592.28
-2594.57
-2596.86
-2599.15
-2601.43
-2603.72
-2606.01
-2608.3
-2610.58
-2612.87
-2615.16
-2617.44
-2619.73
-2622.02
-2624.3
-2626.59
-2628.88
-2631.16
-2633.45
-2635.74
-2638.02
-2640.31
-2642.59
-2644.88
-2647.16
-2649.45
-2651.74
-2654.02
-2656.31
-2658.59
-2660.88
-2663.16
-2665.45
-2667.73
-2670.02
-2672.3
-2674.58
-2676.87
-2679.15
-2681.44
-2683.72
-2686.01
-2688.29
-2690.57
-2692.86
-2695.14
-2697.42
-2699.71
-2701.99
-2704.27
-2706.56
-2708.84
-2711.12
-2713.41
-2715.69
-2717.97
-2720.25
-2722.54
-2724.82
-2727.1
-2729.38
-2731.66
-2733.95
-2736.23
-2738.51
-2740.79
-2743.07
-2745.35
-2747.64
-2749.92
-2752.2
-2754.48
-2756.76
-2759.04
-2761.32
-2763.6
-2765.88
-2768.16
-2770.44
-2772.72
-2775
-2777.29
-2779.57
-2781.84
-2784.12
-2786.4
-2788.68
-2790.96
-2793.24
-2795.52
-2797.8
-2800.08
-2802.36
-2804.64
-2806.92
-2809.2
-2811.48
-2813.75
-2816.03
-2818.31
-2820.59
-2822.87
-2825.15
-2827.42
-2829.7
-2831.98
-2834.26
-2836.53
-2838.81
-2841.09
-2843.37
-2845.64
-2847.92
-2850.2
-2852.48
-2854.75
-2857.03
-2859.31
-2861.58
-2863.86
-2866.14
-2868.41
-2870.69
-2872.96
-2875.24
-2877.52
-2879.79
-2882.07
-2884.34
-2886.62
-2888.89
-2891.17
-2893.44
-2895.72
-2897.99
-2900.27
-2902.54
-2904.82
-2907.09
-2909.37
-2911.64
-2913.92
-2916.19
-2918.47
-2920.74
-2923.01
-2925.29
-2927.56
-2929.84
-2932.11
-2934.38
-2936.66
-2938.93
-2941.2
-2943.48
-2945.75
-2948.02
-2950.29
-2952.57
-2954.84
-2957.11
-2959.38
-2961.66
-2963.93
-2966.2
-2968.47
-2970.75
-2973.02
-2975.29
-2977.56
-2979.83
-2982.1
-2984.37
-2986.65
-2988.92
-2991.19
-2993.46
-2995.73
-2998
-3000.27
-3002.54
-3004.81
-3007.08
-3009.35
-3011.62
-3013.89
-3016.16
-3018.43
-3020.7
-3022.97
-3025.24
-3027.51
-3029.78
-3032.05
-3034.32
-3036.59
-3038.86
-3041.13
-3043.4
-3045.67
-3047.93
-3050.2
-3052.47
-3054.74
-3057.01
-3059.28
-3061.54
-3063.81
-3066.08
-3068.35
-3070.62
-3072.88
-3075.15
-3077.42
-3079.69
-3081.95
-3084.22
-3086.49
-3088.75
-3091.02
-3093.29
-3095.55
-3097.82
-3100.09
-3102.35
-3104.62
-3106.89
-3109.15
-3111.42
-3113.68
-3115.95
-3118.22
-3120.48
-3122.75
-3125.01
-3127.28
-3129.54
-3131.81
-3134.07
-3136.34
-3138.6
-3140.87
-3143.13
-3145.4
-3147.66
-3149.93
-3152.19
-3154.45
-3156.72
-3158.98
-3161.25
-3163.51
-3165.77
-3168.04
-3170.3
-3172.56
-3174.83
-3177.09
-3179.35
-3181.62
-3183.88
-3186.14
-3188.4
-3190.67
-3192.93
-3195.19
-3197.45
-3199.72
-3201.98
-3204.24
-3206.5
-3208.76
-3211.03
-3213.29
-3215.55
-3217.81
-3220.07
-3222.33
-3224.59
-3226.85
-3229.12
-3231.38
-3233.64
-3235.9
-3238.16
-3240.42
-3242.68
-3244.94
-3247.2
-3249.46
-3251.72
-3253.98
-3256.24
-3258.5
-3260.76
-3263.02
-3265.28
-3267.54
-3269.8
-3272.05
-3274.31
-3276.57
-3278.83
-3281.09
-3283.35
-3285.61
-3287.87
-3290.12
-3292.38
-3294.64
-3296.9
-3299.16
-3301.41
-3303.67
-3305.93
-3308.19
-3310.44
-3312.7
-3314.96
-3317.22
-3319.47
-3321.73
-3323.99
-3326.24
-3328.5
-3330.76
-3333.01
-3335.27
-3337.53
-3339.78
-3342.04
-3344.29
-3346.55
-3348.81
-3351.06
-3353.32
-3355.57
-3357.83
-3360.08
-3362.34
-3364.59
-3366.85
-3369.1
-3371.36
-3373.61
-3375.87
-3378.12
-3380.38
-3382.63
-3384.88
-3387.14
-3389.39
-3391.65
-3393.9
-3396.15
-3398.41
-3400.66
-3402.91
-3405.17
-3407.42
-3409.67
-3411.93
-3414.18
-3416.43
-3418.69
-3420.94
-3423.19
-3425.44
-3427.7
-3429.95
-3432.2
-3434.45
-3436.7
-3438.96
-3441.21
-3443.46
-3445.71
-3447.96
-3450.21
-3452.47
-3454.72
-3456.97
-3459.22
-3461.47
-3463.72
-3465.97
-3468.22
-3470.47
-3472.72
-3474.97
-3477.22
-3479.47
-3481.72
-3483.97
-3486.22
-3488.47
-3490.72
-3492.97
-3495.22
-3497.47
-3499.72
-3501.97
-3504.22
-3506.47
-3508.72
-3510.96
-3513.21
-3515.46
-3517.71
-3519.96
-3522.21
-3524.45
-3526.7
-3528.95
-3531.2
-3533.45
-3535.69
-3537.94
-3540.19
-3542.44
-3544.68
-3546.93
-3549.18
-3551.42
-3553.67
-3555.92
-3558.16
-3560.41
-3562.66
-3564.9
-3567.15
-3569.4
-3571.64
-3573.89
-3576.13
-3578.38
-3580.63
-3582.87
-3585.12
-3587.36
-3589.61
-3591.85
-3594.1
-3596.34
-3598.59
-3600.83
-3603.08
-3605.32
-3607.57
-3609.81
-3612.06
-3614.3
-3616.54
-3618.79
-3621.03
-3623.28
-3625.52
-3627.76
-3630.01
-3632.25
-3634.49
-3636.74
-3638.98
-3641.22
-3643.46
-3645.71
-3647.95
-3650.19
-3652.44
-3654.68
-3656.92
-3659.16
-3661.4
-3663.65
-3665.89
-3668.13
-3670.37
-3672.61
-3674.86
-3677.1
-3679.34
-3681.58
-3683.82
-3686.06
-3688.3
-3690.54
-3692.78
-3695.03
-3697.27
-3699.51
-3701.75
-3703.99
-3706.23
-3708.47
-3710.71
-3712.95
-3715.19
-3717.43
-3719.67
-3721.91
-3724.14
-3726.38
-3728.62
-3730.86
-3733.1
-3735.34
-3737.58
-3739.82
-3742.06
-3744.29
-3746.53
-3748.77
-3751.01
-3753.25
-3755.49
-3757.72
-3759.96
-3762.2
-3764.44
-3766.67
-3768.91
-3771.15
-3773.39
-3775.62
-3777.86
-3780.1
-3782.33
-3784.57
-3786.81
-3789.04
-3791.28
-3793.52
-3795.75
-3797.99
-3800.22
-3802.46
-3804.7
-3806.93
-3809.17
-3811.4
-3813.64
-3815.87
-3818.11
-3820.34
-3822.58
-3824.81
-3827.05
-3829.28
-3831.52
-3833.75
-3835.99
-3838.22
-3840.46
-3842.69
-3844.92
-3847.16
-3849.39
-3851.63
-3853.86
-3856.09
-3858.33
-3860.56
-3862.79
-3865.03
-3867.26
-3869.49
-3871.72
-3873.96
-3876.19
-3878.42
-3880.65
-3882.89
-3885.12
-3887.35
-3889.58
-3891.81
-3894.05
-3896.28
-3898.51
-3900.74
-3902.97
-3905.2
-3907.44
-3909.67
-3911.9
-3914.13
-3916.36
-3918.59
-3920.82
-3923.05
-3925.28
-3927.51
-3929.74
-3931.97
-3934.2
-3936.43
-3938.66
-3940.89
-3943.12
-3945.35
-3947.58
-3949.81
-3952.04
-3954.27
-3956.5
-3958.73
-3960.96
-3963.18
-3965.41
-3967.64
-3969.87
-3972.1
-3974.33
-3976.55
-3978.78
-3981.01
-3983.24
-3985.47
-3987.69
-3989.92
-3992.15
-3994.38
-3996.6
-3998.83
-4001.06
-4003.28
-4005.51
-4007.74
-4009.96
-4012.19
-4014.42
-4016.64
-4018.87
-4021.1
-4023.32
-4025.55
-4027.77
-4030
-4032.23
-4034.45
-4036.68
-4038.9
-4041.13
-4043.35
-4045.58
-4047.8
-4050.03
-4052.25
-4054.48
-4056.7
-4058.93
-4061.15
-4063.37
-4065.6
-4067.82
-4070.05
-4072.27
-4074.49
-4076.72
-4078.94
-4081.16
-4083.39
-4085.61
-4087.83
-4090.06
-4092.28
-4094.5
-4096.73
-4098.95
-4101.17
-4103.39
-4105.62
-4107.84
-4110.06
-4112.28
-4114.5
-4116.73
-4118.95
-4121.17
-4123.39
-4125.61
-4127.83
-4130.05
-4132.28
-4134.5
-4136.72
-4138.94
-4141.16
-4143.38
-4145.6
-4147.82
-4150.04
-4152.26
-4154.48
-4156.7
-4158.92
-4161.14
-4163.36
-4165.58
-4167.8
-4170.02
-4172.24
-4174.46
-4176.68
-4178.9
-4181.12
-4183.33
-4185.55
-4187.77
-4189.99
-4192.21
-4194.43
-4196.65
-4198.86
-4201.08
-4203.3
-4205.52
-4207.73
-4209.95
-4212.17
-4214.39
-4216.6
-4218.82
-4221.04
-4223.26
-4225.47
-4227.69
-4229.91
-4232.12
-4234.34
-4236.56
-4238.77
-4240.99
-4243.2
-4245.42
-4247.64
-4249.85
-4252.07
-4254.28
-4256.5
-4258.71
-4260.93
-4263.14
-4265.36
-4267.57
-4269.79
-4272
-4274.22
-4276.43
-4278.65
-4280.86
-4283.08
-4285.29
-4287.5
-4289.72
-4291.93
-4294.15
-4296.36
-4298.57
-4300.79
-4303
-4305.21
-4307.43
-4309.64
-4311.85
-4314.07
-4316.28
-4318.49
-4320.7
-4322.92
-4325.13
-4327.34
-4329.55
-4331.77
-4333.98
-4336.19
-4338.4
-4340.61
-4342.82
-4345.04
-4347.25
-4349.46
-4351.67
-4353.88
-4356.09
-4358.3
-4360.51
-4362.72
-4364.93
-4367.14
-4369.35
-4371.56
-4373.77
-4375.98
-4378.19
-4380.4
-4382.61
-4384.82
-4387.03
-4389.24
-4391.45
-4393.66
-4395.87
-4398.08
-4400.29
-4402.5
-4404.71
-4406.91
-4409.12
-4411.33
-4413.54
-4415.75
-4417.96
-4420.16
-4422.37
-4424.58
-4426.79
-4428.99
-4431.2
-4433.41
-4435.62
-4437.82
-4440.03
-4442.24
-4444.44
-4446.65
-4448.86
-4451.06
-4453.27
-4455.48
-4457.68
-4459.89
-4462.1
-4464.3
-4466.51
-4468.71
-4470.92
-4473.12
-4475.33
-4477.54
-4479.74
-4481.95
-4484.15
-4486.36
-4488.56
-4490.77
-4492.97
-4495.17
-4497.38
-4499.58
-4501.79
-4503.99
-4506.2
-4508.4
-4510.6
-4512.81
-4515.01
-4517.21
-4519.42
-4521.62
-4523.82
-4526.03
-4528.23
-4530.43
-4532.64
-4534.84
-4537.04
-4539.24
-4541.45
-4543.65
-4545.85
-4548.05
-4550.25
-4552.46
-4554.66
-4556.86
-4559.06
-4561.26
-4563.46
-4565.67
-4567.87
-4570.07
-4572.27
-4574.47
-4576.67
-4578.87
-4581.07
-4583.27
-4585.47
-4587.67
-4589.87
-4592.07
-4594.27
-4596.47
-4598.67
-4600.87
-4603.07
-4605.27
-4607.47
-4609.67
-4611.87
-4614.07
-4616.27
-4618.46
-4620.66
-4622.86
-4625.06
-4627.26
-4629.46
-4631.65
-4633.85
-4636.05
-4638.25
-4640.45
-4642.64
-4644.84
-4647.04
-4649.24
-4651.43
-4653.63
-4655.83
-4658.02
-4660.22
-4662.42
-4664.61
-4666.81
-4669.01
-4671.2
-4673.4
-4675.6
-4677.79
-4679.99
-4682.18
-4684.38
-4686.58
-4688.77
-4690.97
-4693.16
-4695.36
-4697.55
-4699.75
-4701.94
-4704.14
-4706.33
-4708.53
-4710.72
-4712.91
-4715.11
-4717.3
-4719.5
-4721.69
-4723.88
-4726.08
-4728.27
-4730.47
-4732.66
-4734.85
-4737.05
-4739.24
-4741.43
-4743.62
-4745.82
-4748.01
-4750.2
-4752.39
-4754.59
-4756.78
-4758.97
-4761.16
-4763.36
-4765.55
-4767.74
-4769.93
-4772.12
-4774.31
-4776.51
-4778.7
-4780.89
-4783.08
-4785.27
-4787.46
-4789.65
-4791.84
-4794.03
-4796.22
-4798.41
-4800.6
-4802.79
-4804.98
-4807.17
-4809.36
-4811.55
-4813.74
-4815.93
-4818.12
-4820.31
-4822.5
-4824.69
-4826.88
-4829.07
-4831.26
-4833.44
-4835.63
-4837.82
-4840.01
-4842.2
-4844.39
-4846.57
-4848.76
-4850.95
-4853.14
-4855.33
-4857.51
-4859.7
-4861.89
-4864.07
-4866.26
-4868.45
-4870.64
-4872.82
-4875.01
-4877.2
-4879.38
-4881.57
-4883.75
-4885.94
-4888.13
-4890.31
-4892.5
-4894.68
-4896.87
-4899.06
-4901.24
-4903.43
-4905.61
-4907.8
-4909.98
-4912.17
-4914.35
-4916.54
-4918.72
-4920.91
-4923.09
-4925.27
-4927.46
-4929.64
-4931.83
-4934.01
-4936.19
-4938.38
-4940.56
-4942.74
-4944.93
-4947.11
-4949.29
-4951.48
-4953.66
-4955.84
-4958.03
-4960.21
-4962.39
-4964.57
-4966.76
-4968.94
-4971.12
-4973.3
-4975.48
-4977.67
-4979.85
-4982.03
-4984.21
-4986.39
-4988.57
-4990.75
-4992.93
-4995.12
-4997.3
-4999.48
-5001.66
-5003.84
-5006.02
-5008.2
-5010.38
-5012.56
-5014.74
-5016.92
-5019.1
-5021.28
-5023.46
-5025.64
-5027.82
-5030
-5032.18
-5034.35
-5036.53
-5038.71
-5040.89
-5043.07
-5045.25
-5047.43
-5049.6
-5051.78
-5053.96
-5056.14
-5058.32
-5060.49
-5062.67
-5064.85
-5067.03
-5069.2
-5071.38
-5073.56
-5075.74
-5077.91
-5080.09
-5082.27
-5084.44
-5086.62
-5088.8
-5090.97
-5093.15
-5095.32
-5097.5
-5099.68
-5101.85
-5104.03
-5106.2
-5108.38
-5110.55
-5112.73
-5114.9
-5117.08
-5119.25
-5121.43
-5123.6
-5125.78
-5127.95
-5130.13
-5132.3
-5134.48
-5136.65
-5138.82
-5141
-5143.17
-5145.35
-5147.52
-5149.69
-5151.87
-5154.04
-5156.21
-5158.39
-5160.56
-5162.73
-5164.9
-5167.08
-5169.25
-5171.42
-5173.59
-5175.77
-5177.94
-5180.11
-5182.28
-5184.45
-5186.63
-5188.8
-5190.97
-5193.14
-5195.31
-5197.48
-5199.65
-5201.82
-5203.99
-5206.17
-5208.34
-5210.51
-5212.68
-5214.85
-5217.02
-5219.19
-5221.36
-5223.53
-5225.7
-5227.87
-5230.04
-5232.21
-5234.38
-5236.54
-5238.71
-5240.88
-5243.05
-5245.22
-5247.39
-5249.56
-5251.73
-5253.89
-5256.06
-5258.23
-5260.4
-5262.57
-5264.73
-5266.9
-5269.07
-5271.24
-5273.4
-5275.57
-5277.74
-5279.91
-5282.07
-5284.24
-5286.41
-5288.57
-5290.74
-5292.91
-5295.07
-5297.24
-5299.41
-5301.57
-5303.74
-5305.9
-5308.07
-5310.23
-5312.4
-5314.57
-5316.73
-5318.9
-5321.06
-5323.23
-5325.39
-5327.56
-5329.72
-5331.88
-5334.05
-5336.21
-5338.38
-5340.54
-5342.71
-5344.87
-5347.03
-5349.2
-5351.36
-5353.52
-5355.69
-5357.85
-5360.01
-5362.18
-5364.34
-5366.5
-5368.67
-5370.83
-5372.99
-5375.15
-5377.31
-5379.48
-5381.64
-5383.8
-5385.96
-5388.12
-5390.29
-5392.45
-5394.61
-5396.77
-5398.93
-5401.09
-5403.25
-5405.41
-5407.58
-5409.74
-5411.9
-5414.06
-5416.22
-5418.38
-5420.54
-5422.7
-5424.86
-5427.02
-5429.18
-5431.34
-5433.5
-5435.66
-5437.82
-5439.97
-5442.13
-5444.29
-5446.45
-5448.61
-5450.77
-5452.93
-5455.09
-5457.24
-5459.4
-5461.56
-5463.72
-5465.88
-5468.03
-5470.19
-5472.35
-5474.51
-5476.66
-5478.82
-5480.98
-5483.14
-5485.29
-5487.45
-5489.61
-5491.76
-5493.92
-5496.07
-5498.23
-5500.39
-5502.54
-5504.7
-5506.86
-5509.01
-5511.17
-5513.32
-5515.48
-5517.63
-5519.79
-5521.94
-5524.1
-5526.25
-5528.41
-5530.56
-5532.72
-5534.87
-5537.03
-5539.18
-5541.33
-5543.49
-5545.64
-5547.8
-5549.95
-5552.1
-5554.26
-5556.41
-5558.56
-5560.72
-5562.87
-5565.02
-5567.17
-5569.33
-5571.48
-5573.63
-5575.78
-5577.94
-5580.09
-5582.24
-5584.39
-5586.54
-5588.7
-5590.85
-5593
-5595.15
-5597.3
-5599.45
-5601.6
-5603.75
-5605.91
-5608.06
-5610.21
-5612.36
-5614.51
-5616.66
-5618.81
-5620.96
-5623.11
-5625.26
-5627.41
-5629.56
-5631.71
-5633.86
-5636.01
-5638.16
-5640.3
-5642.45
-5644.6
-5646.75
-5648.9
-5651.05
-5653.2
-5655.34
-5657.49
-5659.64
-5661.79
-5663.94
-5666.08
-5668.23
-5670.38
-5672.53
-5674.68
-5676.82
-5678.97
-5681.12
-5683.26
-5685.41
-5687.56
-5689.7
-5691.85
-5694
-5696.14
-5698.29
-5700.43
-5702.58
-5704.73
-5706.87
-5709.02
-5711.16
-5713.31
-5715.45
-5717.6
-5719.74
-5721.89
-5724.03
-5726.18
-5728.32
-5730.47
-5732.61
-5734.76
-5736.9
-5739.04
-5741.19
-5743.33
-5745.48
-5747.62
-5749.76
-5751.91
-5754.05
-5756.19
-5758.34
-5760.48
-5762.62
-5764.76
-5766.91
-5769.05
-5771.19
-5773.33
-5775.48
-5777.62
-5779.76
-5781.9
-5784.04
-5786.19
-5788.33
-5790.47
-5792.61
-5794.75
-5796.89
-5799.03
-5801.17
-5803.32
-5805.46
-5807.6
-5809.74
-5811.88
-5814.02
-5816.16
-5818.3
-5820.44
-5822.58
-5824.72
-5826.86
-5829
-5831.13
-5833.27
-5835.41
-5837.55
-5839.69
-5841.83
-5843.97
-5846.11
-5848.25
-5850.38
-5852.52
-5854.66
-5856.8
-5858.94
-5861.07
-5863.21
-5865.35
-5867.49
-5869.62
-5871.76
-5873.9
-5876.04
-5878.17
-5880.31
-5882.45
-5884.58
-5886.72
-5888.85
-5890.99
-5893.13
-5895.26
-5897.4
-5899.53
-5901.67
-5903.81
-5905.94
-5908.08
-5910.21
-5912.35
-5914.48
-5916.62
-5918.75
-5920.89
-5923.02
-5925.16
-5927.29
-5929.42
-5931.56
-5933.69
-5935.83
-5937.96
-5940.09
-5942.23
-5944.36
-5946.49
-5948.63
-5950.76
-5952.89
-5955.03
-5957.16
-5959.29
-5961.42
-5963.56
-5965.69
-5967.82
-5969.95
-5972.09
-5974.22
-5976.35
-5978.48
-5980.61
-5982.74
-5984.87
-5987.01
-5989.14
-5991.27
-5993.4
-5995.53
-5997.66
-5999.79
-6001.92
-6004.05
-6006.18
-6008.31
-6010.44
-6012.57
-6014.7
-6016.83
-6018.96
-6021.09
-6023.22
-6025.35
-6027.48
-6029.61
-6031.74
-6033.86
-6035.99
-6038.12
-6040.25
-6042.38
-6044.51
-6046.63
-6048.76
-6050.89
-6053.02
-6055.15
-6057.27
-6059.4
-6061.53
-6063.65
-6065.78
-6067.91
-6070.04
-6072.16
-6074.29
-6076.42
-6078.54
-6080.67
-6082.79
-6084.92
-6087.05
-6089.17
-6091.3
-6093.42
-6095.55
-6097.67
-6099.8
-6101.92
-6104.05
-6106.17
-6108.3
-6110.42
-6112.55
-6114.67
-6116.8
-6118.92
-6121.05
-6123.17
-6125.29
-6127.42
-6129.54
-6131.66
-6133.79
-6135.91
-6138.04
-6140.16
-6142.28
-6144.4
-6146.53
-6148.65
-6150.77
-6152.89
-6155.02
-6157.14
-6159.26
-6161.38
-6163.5
-6165.63
-6167.75
-6169.87
-6171.99
-6174.11
-6176.23
-6178.35
-6180.48
-6182.6
-6184.72
-6186.84
-6188.96
-6191.08
-6193.2
-6195.32
-6197.44
-6199.56
-6201.68
-6203.8
-6205.92
-6208.04
-6210.16
-6212.28
-6214.4
-6216.51
-6218.63
-6220.75
-6222.87
-6224.99
-6227.11
-6229.23
-6231.34
-6233.46
-6235.58
-6237.7
-6239.82
-6241.93
-6244.05
-6246.17
-6248.29
-6250.4
-6252.52
-6254.64
-6256.75
-6258.87
-6260.99
-6263.1
-6265.22
-6267.34
-6269.45
-6271.57
-6273.69
-6275.8
-6277.92
-6280.03
-6282.15
-6284.26
-6286.38
-6288.49
-6290.61
-6292.72
-6294.84
-6296.95
-6299.07
-6301.18
-6303.3
-6305.41
-6307.53
-6309.64
-6311.75
-6313.87
-6315.98
-6318.09
-6320.21
-6322.32
-6324.43
-6326.55
-6328.66
-6330.77
-6332.89
-6335
-6337.11
-6339.22
-6341.34
-6343.45
-6345.56
-6347.67
-6349.78
-6351.9
-6354.01
-6356.12
-6358.23
-6360.34
-6362.45
-6364.56
-6366.67
-6368.78
-6370.9
-6373.01
-6375.12
-6377.23
-6379.34
-6381.45
-6383.56
-6385.67
-6387.78
-6389.89
-6392
-6394.1
-6396.21
-6398.32
-6400.43
-6402.54
-6404.65
-6406.76
-6408.87
-6410.98
-6413.08
-6415.19
-6417.3
-6419.41
-6421.52
-6423.62
-6425.73
-6427.84
-6429.95
-6432.05
-6434.16
-6436.27
-6438.38
-6440.48
-6442.59
-6444.7
-6446.8
-6448.91
-6451.01
-6453.12
-6455.23
-6457.33
-6459.44
-6461.54
-6463.65
-6465.76
-6467.86
-6469.97
-6472.07
-6474.18
-6476.28
-6478.39
-6480.49
-6482.6
-6484.7
-6486.8
-6488.91
-6491.01
-6493.12
-6495.22
-6497.32
-6499.43
-6501.53
-6503.63
-6505.74
-6507.84
-6509.94
-6512.05
-6514.15
-6516.25
-6518.35
-6520.46
-6522.56
-6524.66
-6526.76
-6528.87
-6530.97
-6533.07
-6535.17
-6537.27
-6539.37
-6541.47
-6543.58
-6545.68
-6547.78
-6549.88
-6551.98
-6554.08
-6556.18
-6558.28
-6560.38
-6562.48
-6564.58
-6566.68
-6568.78
-6570.88
-6572.98
-6575.08
-6577.18
-6579.28
-6581.38
-6583.48
-6585.57
-6587.67
-6589.77
-6591.87
-6593.97
-6596.07
-6598.16
-6600.26
-6602.36
-6604.46
-6606.56
-6608.65
-6610.75
-6612.85
-6614.94
-6617.04
-6619.14
-6621.24
-6623.33
-6625.43
-6627.53
-6629.62
-6631.72
-6633.81
-6635.91
-6638.01
-6640.1
-6642.2
-6644.29
-6646.39
-6648.48
-6650.58
-6652.67
-6654.77
-6656.86
-6658.96
-6661.05
-6663.15
-6665.24
-6667.34
-6669.43
-6671.52
-6673.62
-6675.71
-6677.8
-6679.9
-6681.99
-6684.08
-6686.18
-6688.27
-6690.36
-6692.46
-6694.55
-6696.64
-6698.73
-6700.83
-6702.92
-6705.01
-6707.1
-6709.19
-6711.29
-6713.38
-6715.47
-6717.56
-6719.65
-6721.74
-6723.83
-6725.92
-6728.02
-6730.11
-6732.2
-6734.29
-6736.38
-6738.47
-6740.56
-6742.65
-6744.74
-6746.83
-6748.92
-6751.01
-6753.09
-6755.18
-6757.27
-6759.36
-6761.45
-6763.54
-6765.63
-6767.72
-6769.81
-6771.89
-6773.98
-6776.07
-6778.16
-6780.25
-6782.33
-6784.42
-6786.51
-6788.6
-6790.68
-6792.77
-6794.86
-6796.94
-6799.03
-6801.12
-6803.2
-6805.29
-6807.38
-6809.46
-6811.55
-6813.63
-6815.72
-6817.8
-6819.89
-6821.98
-6824.06
-6826.15
-6828.23
-6830.32
-6832.4
-6834.49
-6836.57
-6838.65
-6840.74
-6842.82
-6844.91
-6846.99
-6849.07
-6851.16
-6853.24
-6855.32
-6857.41
-6859.49
-6861.57
-6863.66
-6865.74
-6867.82
-6869.91
-6871.99
-6874.07
-6876.15
-6878.23
-6880.32
-6882.4
-6884.48
-6886.56
-6888.64
-6890.73
-6892.81
-6894.89
-6896.97
-6899.05
-6901.13
-6903.21
-6905.29
-6907.37
-6909.45
-6911.53
-6913.61
-6915.69
-6917.77
-6919.85
-6921.93
-6924.01
-6926.09
-6928.17
-6930.25
-6932.33
-6934.41
-6936.48
-6938.56
-6940.64
-6942.72
-6944.8
-6946.88
-6948.95
-6951.03
-6953.11
-6955.19
-6957.27
-6959.34
-6961.42
-6963.5
-6965.57
-6967.65
-6969.73
-6971.8
-6973.88
-6975.96
-6978.03
-6980.11
-6982.19
-6984.26
-6986.34
-6988.41
-6990.49
-6992.56
-6994.64
-6996.71
-6998.79
-7000.86
-7002.94
-7005.01
-7007.09
-7009.16
-7011.24
-7013.31
-7015.39
-7017.46
-7019.53
-7021.61
-7023.68
-7025.75
-7027.83
-7029.9
-7031.97
-7034.05
-7036.12
-7038.19
-7040.27
-7042.34
-7044.41
-7046.48
-7048.55
-7050.63
-7052.7
-7054.77
-7056.84
-7058.91
-7060.98
-7063.06
-7065.13
-7067.2
-7069.27
-7071.34
-7073.41
-7075.48
-7077.55
-7079.62
-7081.69
-7083.76
-7085.83
-7087.9
-7089.97
-7092.04
-7094.11
-7096.18
-7098.25
-7100.32
-7102.39
-7104.46
-7106.52
-7108.59
-7110.66
-7112.73
-7114.8
-7116.87
-7118.93
-7121
-7123.07
-7125.14
-7127.2
-7129.27
-7131.34
-7133.41
-7135.47
-7137.54
-7139.61
-7141.67
-7143.74
-7145.81
-7147.87
-7149.94
-7152
-7154.07
-7156.13
-7158.2
-7160.27
-7162.33
-7164.4
-7166.46
-7168.53
-7170.59
-7172.66
-7174.72
-7176.78
-7178.85
-7180.91
-7182.98
-7185.04
-7187.1
-7189.17
-7191.23
-7193.3
-7195.36
-7197.42
-7199.49
-7201.55
-7203.61
-7205.67
-7207.74
-7209.8
-7211.86
-7213.92
-7215.99
-7218.05
-7220.11
-7222.17
-7224.23
-7226.29
-7228.36
-7230.42
-7232.48
-7234.54
-7236.6
-7238.66
-7240.72
-7242.78
-7244.84
-7246.9
-7248.96
-7251.02
-7253.08
-7255.14
-7257.2
-7259.26
-7261.32
-7263.38
-7265.44
-7267.5
-7269.55
-7271.61
-7273.67
-7275.73
-7277.79
-7279.85
-7281.9
-7283.96
-7286.02
-7288.08
-7290.14
-7292.19
-7294.25
-7296.31
-7298.36
-7300.42
-7302.48
-7304.54
-7306.59
-7308.65
-7310.7
-7312.76
-7314.82
-7316.87
-7318.93
-7320.98
-7323.04
-7325.09
-7327.15
-7329.2
-7331.26
-7333.31
-7335.37
-7337.42
-7339.48
-7341.53
-7343.59
-7345.64
-7347.7
-7349.75
-7351.8
-7353.86
-7355.91
-7357.96
-7360.02
-7362.07
-7364.12
-7366.18
-7368.23
-7370.28
-7372.33
-7374.39
-7376.44
-7378.49
-7380.54
-7382.59
-7384.65
-7386.7
-7388.75
-7390.8
-7392.85
-7394.9
-7396.95
-7399
-7401.05
-7403.1
-7405.16
-7407.21
-7409.26
-7411.31
-7413.36
-7415.41
-7417.45
-7419.5
-7421.55
-7423.6
-7425.65
-7427.7
-7429.75
-7431.8
-7433.85
-7435.9
-7437.94
-7439.99
-7442.04
-7444.09
-7446.14
-7448.18
-7450.23
-7452.28
-7454.33
-7456.37
-7458.42
-7460.47
-7462.51
-7464.56
-7466.61
-7468.65
-7470.7
-7472.75
-7474.79
-7476.84
-7478.88
-7480.93
-7482.98
-7485.02
-7487.07
-7489.11
-7491.16
-7493.2
-7495.25
-7497.29
-7499.34
-7501.38
-7503.42
-7505.47
-7507.51
-7509.56
-7511.6
-7513.64
-7515.69
-7517.73
-7519.77
-7521.82
-7523.86
-7525.9
-7527.94
-7529.99
-7532.03
-7534.07
-7536.11
-7538.16
-7540.2
-7542.24
-7544.28
-7546.32
-7548.36
-7550.4
-7552.45
-7554.49
-7556.53
-7558.57
-7560.61
-7562.65
-7564.69
-7566.73
-7568.77
-7570.81
-7572.85
-7574.89
-7576.93
-7578.97
-7581.01
-7583.05
-7585.09
-7587.12
-7589.16
-7591.2
-7593.24
-7595.28
-7597.32
-7599.36
-7601.39
-7603.43
-7605.47
-7607.51
-7609.54
-7611.58
-7613.62
-7615.66
-7617.69
-7619.73
-7621.77
-7623.8
-7625.84
-7627.88
-7629.91
-7631.95
-7633.98
-7636.02
-7638.05
-7640.09
-7642.13
-7644.16
-7646.2
-7648.23
-7650.27
-7652.3
-7654.33
-7656.37
-7658.4
-7660.44
-7662.47
-7664.51
-7666.54
-7668.57
-7670.61
-7672.64
-7674.67
-7676.71
-7678.74
-7680.77
-7682.8
-7684.84
-7686.87
-7688.9
-7690.93
-7692.97
-7695
-7697.03
-7699.06
-7701.09
-7703.12
-7705.15
-7707.19
-7709.22
-7711.25
-7713.28
-7715.31
-7717.34
-7719.37
-7721.4
-7723.43
-7725.46
-7727.49
-7729.52
-7731.55
-7733.58
-7735.61
-7737.64
-7739.67
-7741.69
-7743.72
-7745.75
-7747.78
-7749.81
-7751.84
-7753.86
-7755.89
-7757.92
-7759.95
-7761.98
-7764
-7766.03
-7768.06
-7770.08
-7772.11
-7774.14
-7776.16
-7778.19
-7780.22
-7782.24
-7784.27
-7786.29
-7788.32
-7790.35
-7792.37
-7794.4
-7796.42
-7798.45
-7800.47
-7802.5
-7804.52
-7806.55
-7808.57
-7810.59
-7812.62
-7814.64
-7816.67
-7818.69
-7820.71
-7822.74
-7824.76
-7826.78
-7828.81
-7830.83
-7832.85
-7834.88
-7836.9
-7838.92
-7840.94
-7842.96
-7844.99
-7847.01
-7849.03
-7851.05
-7853.07
-7855.09
-7857.12
-7859.14
-7861.16
-7863.18
-7865.2
-7867.22
-7869.24
-7871.26
-7873.28
-7875.3
-7877.32
-7879.34
-7881.36
-7883.38
-7885.4
-7887.42
-7889.44
-7891.45
-7893.47
-7895.49
-7897.51
-7899.53
-7901.55
-7903.56
-7905.58
-7907.6
-7909.62
-7911.64
-7913.65
-7915.67
-7917.69
-7919.7
-7921.72
-7923.74
-7925.75
-7927.77
-7929.79
-7931.8
-7933.82
-7935.83
-7937.85
-7939.87
-7941.88
-7943.9
-7945.91
-7947.93
-7949.94
-7951.96
-7953.97
-7955.98
-7958
-7960.01
-7962.03
-7964.04
-7966.06
-7968.07
-7970.08
-7972.1
-7974.11
-7976.12
-7978.13
-7980.15
-7982.16
-7984.17
-7986.19
-7988.2
-7990.21
-7992.22
-7994.23
-7996.25
-7998.26
-8000.27
-8002.28
-8004.29
-8006.3
-8008.31
-8010.32
-8012.33
-8014.34
-8016.35
-8018.36
-8020.37
-8022.38
-8024.39
-8026.4
-8028.41
-8030.42
-8032.43
-8034.44
-8036.45
-8038.46
-8040.47
-8042.48
-8044.48
-8046.49
-8048.5
-8050.51
-8052.52
-8054.52
-8056.53
-8058.54
-8060.55
-8062.55
-8064.56
-8066.57
-8068.57
-8070.58
-8072.59
-8074.59
-8076.6
-8078.6
-8080.61
-8082.62
-8084.62
-8086.63
-8088.63
-8090.64
-8092.64
-8094.65
-8096.65
-8098.66
-8100.66
-8102.67
-8104.67
-8106.67
-8108.68
-8110.68
-8112.68
-8114.69
-8116.69
-8118.69
-8120.7
-8122.7
-8124.7
-8126.71
-8128.71
-8130.71
-8132.71
-8134.72
-8136.72
-8138.72
-8140.72
-8142.72
-8144.72
-8146.72
-8148.73
-8150.73
-8152.73
-8154.73
-8156.73
-8158.73
-8160.73
-8162.73
-8164.73
-8166.73
-8168.73
-8170.73
-8172.73
-8174.73
-8176.73
-8178.72
-8180.72
-8182.72
-8184.72
-8186.72
-8188.72
-8190.71
-8192.71
-8194.71
-8196.71
-8198.71
-8200.7
-8202.7
-8204.7
-8206.69
-8208.69
-8210.69
-8212.68
-8214.68
-8216.68
-8218.67
-8220.67
-8222.66
-8224.66
-8226.66
-8228.65
-8230.65
-8232.64
-8234.64
-8236.63
-8238.63
-8240.62
-8242.61
-8244.61
-8246.6
-8248.6
-8250.59
-8252.58
-8254.58
-8256.57
-8258.56
-8260.56
-8262.55
-8264.54
-8266.54
-8268.53
-8270.52
-8272.51
-8274.5
-8276.5
-8278.49
-8280.48
-8282.47
-8284.46
-8286.45
-8288.44
-8290.44
-8292.43
-8294.42
-8296.41
-8298.4
-8300.39
-8302.38
-8304.37
-8306.36
-8308.35
-8310.34
-8312.33
-8314.31
-8316.3
-8318.29
-8320.28
-8322.27
-8324.26
-8326.25
-8328.23
-8330.22
-8332.21
-8334.2
-8336.19
-8338.17
-8340.16
-8342.15
-8344.13
-8346.12
-8348.11
-8350.09
-8352.08
-8354.07
-8356.05
-8358.04
-8360.02
-8362.01
-8364
-8365.98
-8367.97
-8369.95
-8371.94
-8373.92
-8375.91
-8377.89
-8379.87
-8381.86
-8383.84
-8385.83
-8387.81
-8389.79
-8391.78
-8393.76
-8395.74
-8397.73
-8399.71
-8401.69
-8403.67
-8405.66
-8407.64
-8409.62
-8411.6
-8413.59
-8415.57
-8417.55
-8419.53
-8421.51
-8423.49
-8425.47
-8427.45
-8429.43
-8431.41
-8433.4
-8435.38
-8437.36
-8439.34
-8441.32
-8443.29
-8445.27
-8447.25
-8449.23
-8451.21
-8453.19
-8455.17
-8457.15
-8459.13
-8461.1
-8463.08
-8465.06
-8467.04
-8469.02
-8470.99
-8472.97
-8474.95
-8476.93
-8478.9
-8480.88
-8482.86
-8484.83
-8486.81
-8488.78
-8490.76
-8492.74
-8494.71
-8496.69
-8498.66
-8500.64
-8502.61
-8504.59
-8506.56
-8508.54
-8510.51
-8512.49
-8514.46
-8516.43
-8518.41
-8520.38
-8522.36
-8524.33
-8526.3
-8528.28
-8530.25
-8532.22
-8534.19
-8536.17
-8538.14
-8540.11
-8542.08
-8544.06
-8546.03
-8548
-8549.97
-8551.94
-8553.91
-8555.88
-8557.86
-8559.83
-8561.8
-8563.77
-8565.74
-8567.71
-8569.68
-8571.65
-8573.62
-8575.59
-8577.56
-8579.53
-8581.49
-8583.46
-8585.43
-8587.4
-8589.37
-8591.34
-8593.31
-8595.27
-8597.24
-8599.21
-8601.18
-8603.14
-8605.11
-8607.08
-8609.05
-8611.01
-8612.98
-8614.95
-8616.91
-8618.88
-8620.84
-8622.81
-8624.78
-8626.74
-8628.71
-8630.67
-8632.64
-8634.6
-8636.57
-8638.53
-8640.5
-8642.46
-8644.42
-8646.39
-8648.35
-8650.32
-8652.28
-8654.24
-8656.21
-8658.17
-8660.13
-8662.09
-8664.06
-8666.02
-8667.98
-8669.94
-8671.91
-8673.87
-8675.83
-8677.79
-8679.75
-8681.71
-8683.68
-8685.64
-8687.6
-8689.56
-8691.52
-8693.48
-8695.44
-8697.4
-8699.36
-8701.32
-8703.28
-8705.24
-8707.2
-8709.16
-8711.11
-8713.07
-8715.03
-8716.99
-8718.95
-8720.91
-8722.86
-8724.82
-8726.78
-8728.74
-8730.7
-8732.65
-8734.61
-8736.57
-8738.52
-8740.48
-8742.44
-8744.39
-8746.35
-8748.3
-8750.26
-8752.22
-8754.17
-8756.13
-8758.08
-8760.04
-8761.99
-8763.95
-8765.9
-8767.86
-8769.81
-8771.76
-8773.72
-8775.67
-8777.63
-8779.58
-8781.53
-8783.49
-8785.44
-8787.39
-8789.34
-8791.3
-8793.25
-8795.2
-8797.15
-8799.1
-8801.06
-8803.01
-8804.96
-8806.91
-8808.86
-8810.81
-8812.76
-8814.71
-8816.66
-8818.61
-8820.56
-8822.51
-8824.46
-8826.41
-8828.36
-8830.31
-8832.26
-8834.21
-8836.16
-8838.11
-8840.06
-8842.01
-8843.95
-8845.9
-8847.85
-8849.8
-8851.74
-8853.69
-8855.64
-8857.59
-8859.53
-8861.48
-8863.43
-8865.37
-8867.32
-8869.27
-8871.21
-8873.16
-8875.1
-8877.05
-8878.99
-8880.94
-8882.88
-8884.83
-8886.77
-8888.72
-8890.66
-8892.61
-8894.55
-8896.49
-8898.44
-8900.38
-8902.33
-8904.27
-8906.21
-8908.15
-8910.1
-8912.04
-8913.98
-8915.92
-8917.87
-8919.81
-8921.75
-8923.69
-8925.63
-8927.57
-8929.52
-8931.46
-8933.4
-8935.34
-8937.28
-8939.22
-8941.16
-8943.1
-8945.04
-8946.98
-8948.92
-8950.86
-8952.8
-8954.74
-8956.67
-8958.61
-8960.55
-8962.49
-8964.43
-8966.37
-8968.3
-8970.24
-8972.18
-8974.12
-8976.05
-8977.99
-8979.93
-8981.87
-8983.8
-8985.74
-8987.67
-8989.61
-8991.55
-8993.48
-8995.42
-8997.35
-8999.29
-9001.22
-9003.16
-9005.09
-9007.03
-9008.96
-9010.9
-9012.83
-9014.76
-9016.7
-9018.63
-9020.57
-9022.5
-9024.43
-9026.36
-9028.3
-9030.23
-9032.16
-9034.09
-9036.03
-9037.96
-9039.89
-9041.82
-9043.75
-9045.69
-9047.62
-9049.55
-9051.48
-9053.41
-9055.34
-9057.27
-9059.2
-9061.13
-9063.06
-9064.99
-9066.92
-9068.85
-9070.78
-9072.71
-9074.63
-9076.56
-9078.49
-9080.42
-9082.35
-9084.28
-9086.2
-9088.13
-9090.06
-9091.99
-9093.91
-9095.84
-9097.77
-9099.69
-9101.62
-9103.55
-9105.47
-9107.4
-9109.32
-9111.25
-9113.18
-9115.1
-9117.03
-9118.95
-9120.88
-9122.8
-9124.72
-9126.65
-9128.57
-9130.5
-9132.42
-9134.34
-9136.27
-9138.19
-9140.11
-9142.04
-9143.96
-9145.88
-9147.8
-9149.73
-9151.65
-9153.57
-9155.49
-9157.41
-9159.34
-9161.26
-9163.18
-9165.1
-9167.02
-9168.94
-9170.86
-9172.78
-9174.7
-9176.62
-9178.54
-9180.46
-9182.38
-9184.3
-9186.22
-9188.14
-9190.05
-9191.97
-9193.89
-9195.81
-9197.73
-9199.65
-9201.56
-9203.48
-9205.4
-9207.31
-9209.23
-9211.15
-9213.06
-9214.98
-9216.9
-9218.81
-9220.73
-9222.65
-9224.56
-9226.48
-9228.39
-9230.31
-9232.22
-9234.14
-9236.05
-9237.97
-9239.88
-9241.79
-9243.71
-9245.62
-9247.53
-9249.45
-9251.36
-9253.27
-9255.19
-9257.1
-9259.01
-9260.92
-9262.84
-9264.75
-9266.66
-9268.57
-9270.48
-9272.39
-9274.3
-9276.22
-9278.13
-9280.04
-9281.95
-9283.86
-9285.77
-9287.68
-9289.59
-9291.5
-9293.41
-9295.32
-9297.22
-9299.13
-9301.04
-9302.95
-9304.86
-9306.77
-9308.67
-9310.58
-9312.49
-9314.4
-9316.3
-9318.21
-9320.12
-9322.02
-9323.93
-9325.84
-9327.74
-9329.65
-9331.56
-9333.46
-9335.37
-9337.27
-9339.18
-9341.08
-9342.99
-9344.89
-9346.8
-9348.7
-9350.6
-9352.51
-9354.41
-9356.31
-9358.22
-9360.12
-9362.02
-9363.93
-9365.83
-9367.73
-9369.63
-9371.54
-9373.44
-9375.34
-9377.24
-9379.14
-9381.04
-9382.95
-9384.85
-9386.75
-9388.65
-9390.55
-9392.45
-9394.35
-9396.25
-9398.15
-9400.05
-9401.95
-9403.84
-9405.74
-9407.64
-9409.54
-9411.44
-9413.34
-9415.24
-9417.13
-9419.03
-9420.93
-9422.83
-9424.72
-9426.62
-9428.52
-9430.41
-9432.31
-9434.2
-9436.1
-9438
-9439.89
-9441.79
-9443.68
-9445.58
-9447.47
-9449.37
-9451.26
-9453.16
-9455.05
-9456.94
-9458.84
-9460.73
-9462.63
-9464.52
-9466.41
-9468.3
-9470.2
-9472.09
-9473.98
-9475.87
-9477.77
-9479.66
-9481.55
-9483.44
-9485.33
-9487.22
-9489.11
-9491.01
-9492.9
-9494.79
-9496.68
-9498.57
-9500.46
-9502.35
-9504.24
-9506.12
-9508.01
-9509.9
-9511.79
-9513.68
-9515.57
-9517.46
-9519.34
-9521.23
-9523.12
-9525.01
-9526.89
-9528.78
-9530.67
-9532.55
-9534.44
-9536.33
-9538.21
-9540.1
-9541.99
-9543.87
-9545.76
-9547.64
-9549.53
-9551.41
-9553.3
-9555.18
-9557.06
-9558.95
-9560.83
-9562.72
-9564.6
-9566.48
-9568.37
-9570.25
-9572.13
-9574.01
-9575.9
-9577.78
-9579.66
-9581.54
-9583.42
-9585.31
-9587.19
-9589.07
-9590.95
-9592.83
-9594.71
-9596.59
-9598.47
-9600.35
-9602.23
-9604.11
-9605.99
-9607.87
-9609.75
-9611.63
-9613.51
-9615.38
-9617.26
-9619.14
-9621.02
-9622.9
-9624.77
-9626.65
-9628.53
-9630.4
-9632.28
-9634.16
-9636.03
-9637.91
-9639.79
-9641.66
-9643.54
-9645.41
-9647.29
-9649.16
-9651.04
-9652.91
-9654.79
-9656.66
-9658.54
-9660.41
-9662.28
-9664.16
-9666.03
-9667.9
-9669.78
-9671.65
-9673.52
-9675.39
-9677.27
-9679.14
-9681.01
-9682.88
-9684.75
-9686.62
-9688.5
-9690.37
-9692.24
-9694.11
-9695.98
-9697.85
-9699.72
-9701.59
-9703.46
-9705.33
-9707.2
-9709.06
-9710.93
-9712.8
-9714.67
-9716.54
-9718.41
-9720.27
-9722.14
-9724.01
-9725.88
-9727.74
-9729.61
-9731.48
-9733.34
-9735.21
-9737.08
-9738.94
-9740.81
-9742.67
-9744.54
-9746.4
-9748.27
-9750.13
-9752
-9753.86
-9755.72
-9757.59
-9759.45
-9761.32
-9763.18
-9765.04
-9766.91
-9768.77
-9770.63
-9772.49
-9774.35
-9776.22
-9778.08
-9779.94
-9781.8
-9783.66
-9785.52
-9787.38
-9789.24
-9791.1
-9792.96
-9794.82
-9796.68
-9798.54
-9800.4
-9802.26
-9804.12
-9805.98
-9807.84
-9809.7
-9811.56
-9813.41
-9815.27
-9817.13
-9818.99
-9820.84
-9822.7
-9824.56
-9826.41
-9828.27
-9830.13
-9831.98
-9833.84
-9835.69
-9837.55
-9839.4
-9841.26
-9843.11
-9844.97
-9846.82
-9848.68
-9850.53
-9852.38
-9854.24
-9856.09
-9857.95
-9859.8
-9861.65
-9863.5
-9865.36
-9867.21
-9869.06
-9870.91
-9872.76
-9874.61
-9876.47
-9878.32
-9880.17
-9882.02
-9883.87
-9885.72
-9887.57
-9889.42
-9891.27
-9893.12
-9894.97
-9896.82
-9898.66
-9900.51
-9902.36
-9904.21
-9906.06
-9907.9
-9909.75
-9911.6
-9913.45
-9915.29
-9917.14
-9918.99
-9920.83
-9922.68
-9924.53
-9926.37
-9928.22
-9930.06
-9931.91
-9933.75
-9935.6
-9937.44
-9939.29
-9941.13
-9942.97
-9944.82
-9946.66
-9948.5
-9950.35
-9952.19
-9954.03
-9955.87
-9957.72
-9959.56
-9961.4
-9963.24
-9965.08
-9966.92
-9968.77
-9970.61
-9972.45
-9974.29
-9976.13
-9977.97
-9979.81
-9981.65
-9983.49
-9985.32
-9987.16
-9989
-9990.84
-9992.68
-9994.52
-9996.36
-9998.19
-10000
-10001.9
-10003.7
-10005.5
-10007.4
-10009.2
-10011.1
-10012.9
-10014.7
-10016.6
-10018.4
-10020.2
-10022.1
-10023.9
-10025.7
-10027.6
-10029.4
-10031.2
-10033.1
-10034.9
-10036.7
-10038.6
-10040.4
-10042.2
-10044.1
-10045.9
-10047.7
-10049.6
-10051.4
-10053.2
-10055.1
-10056.9
-10058.7
-10060.5
-10062.4
-10064.2
-10066
-10067.9
-10069.7
-10071.5
-10073.4
-10075.2
-10077
-10078.8
-10080.7
-10082.5
-10084.3
-10086.2
-10088
-10089.8
-10091.6
-10093.5
-10095.3
-10097.1
-10098.9
-10100.8
-10102.6
-10104.4
-10106.2
-10108.1
-10109.9
-10111.7
-10113.5
-10115.4
-10117.2
-10119
-10120.8
-10122.7
-10124.5
-10126.3
-10128.1
-10129.9
-10131.8
-10133.6
-10135.4
-10137.2
-10139.1
-10140.9
-10142.7
-10144.5
-10146.3
-10148.2
-10150
-10151.8
-10153.6
-10155.4
-10157.3
-10159.1
-10160.9
-10162.7
-10164.5
-10166.4
-10168.2
-10170
-10171.8
-10173.6
-10175.4
-10177.3
-10179.1
-10180.9
-10182.7
-10184.5
-10186.3
-10188.1
-10190
-10191.8
-10193.6
-10195.4
-10197.2
-10199
-10200.9
-10202.7
-10204.5
-10206.3
-10208.1
-10209.9
-10211.7
-10213.5
-10215.4
-10217.2
-10219
-10220.8
-10222.6
-10224.4
-10226.2
-10228
-10229.8
-10231.7
-10233.5
-10235.3
-10237.1
-10238.9
-10240.7
-10242.5
-10244.3
-10246.1
-10247.9
-10249.7
-10251.5
-10253.4
-10255.2
-10257
-10258.8
-10260.6
-10262.4
-10264.2
-10266
-10267.8
-10269.6
-10271.4
-10273.2
-10275
-10276.8
-10278.6
-10280.4
-10282.2
-10284
-10285.8
-10287.7
-10289.5
-10291.3
-10293.1
-10294.9
-10296.7
-10298.5
-10300.3
-10302.1
-10303.9
-10305.7
-10307.5
-10309.3
-10311.1
-10312.9
-10314.7
-10316.5
-10318.3
-10320.1
-10321.9
-10323.7
-10325.5
-10327.3
-10329.1
-10330.9
-10332.7
-10334.5
-10336.2
-10338
-10339.8
-10341.6
-10343.4
-10345.2
-10347
-10348.8
-10350.6
-10352.4
-10354.2
-10356
-10357.8
-10359.6
-10361.4
-10363.2
-10365
-10366.8
-10368.6
-10370.3
-10372.1
-10373.9
-10375.7
-10377.5
-10379.3
-10381.1
-10382.9
-10384.7
-10386.5
-10388.3
-10390
-10391.8
-10393.6
-10395.4
-10397.2
-10399
-10400.8
-10402.6
-10404.4
-10406.1
-10407.9
-10409.7
-10411.5
-10413.3
-10415.1
-10416.9
-10418.7
-10420.4
-10422.2
-10424
-10425.8
-10427.6
-10429.4
-10431.2
-10432.9
-10434.7
-10436.5
-10438.3
-10440.1
-10441.9
-10443.6
-10445.4
-10447.2
-10449
-10450.8
-10452.5
-10454.3
-10456.1
-10457.9
-10459.7
-10461.5
-10463.2
-10465
-10466.8
-10468.6
-10470.4
-10472.1
-10473.9
-10475.7
-10477.5
-10479.2
-10481
-10482.8
-10484.6
-10486.4
-10488.1
-10489.9
-10491.7
-10493.5
-10495.2
-10497
-10498.8
-10500.6
-10502.3
-10504.1
-10505.9
-10507.7
-10509.4
-10511.2
-10513
-10514.8
-10516.5
-10518.3
-10520.1
-10521.8
-10523.6
-10525.4
-10527.2
-10528.9
-10530.7
-10532.5
-10534.2
-10536
-10537.8
-10539.6
-10541.3
-10543.1
-10544.9
-10546.6
-10548.4
-10550.2
-10551.9
-10553.7
-10555.5
-10557.2
-10559
-10560.8
-10562.5
-10564.3
-10566.1
-10567.8
-10569.6
-10571.4
-10573.1
-10574.9
-10576.7
-10578.4
-10580.2
-10581.9
-10583.7
-10585.5
-10587.2
-10589
-10590.8
-10592.5
-10594.3
-10596
-10597.8
-10599.6
-10601.3
-10603.1
-10604.9
-10606.6
-10608.4
-10610.1
-10611.9
-10613.7
-10615.4
-10617.2
-10618.9
-10620.7
-10622.4
-10624.2
-10626
-10627.7
-10629.5
-10631.2
-10633
-10634.7
-10636.5
-10638.3
-10640
-10641.8
-10643.5
-10645.3
-10647
-10648.8
-10650.5
-10652.3
-10654
-10655.8
-10657.5
-10659.3
-10661.1
-10662.8
-10664.6
-10666.3
-10668.1
-10669.8
-10671.6
-10673.3
-10675.1
-10676.8
-10678.6
-10680.3
-10682.1
-10683.8
-10685.6
-10687.3
-10689.1
-10690.8
-10692.6
-10694.3
-10696
-10697.8
-10699.5
-10701.3
-10703
-10704.8
-10706.5
-10708.3
-10710
-10711.8
-10713.5
-10715.2
-10717
-10718.7
-10720.5
-10722.2
-10724
-10725.7
-10727.4
-10729.2
-10730.9
-10732.7
-10734.4
-10736.2
-10737.9
-10739.6
-10741.4
-10743.1
-10744.9
-10746.6
-10748.3
-10750.1
-10751.8
-10753.6
-10755.3
-10757
-10758.8
-10760.5
-10762.2
-10764
-10765.7
-10767.4
-10769.2
-10770.9
-10772.7
-10774.4
-10776.1
-10777.9
-10779.6
-10781.3
-10783.1
-10784.8
-10786.5
-10788.3
-10790
-10791.7
-10793.5
-10795.2
-10796.9
-10798.7
-10800.4
-10802.1
-10803.8
-10805.6
-10807.3
-10809
-10810.8
-10812.5
-10814.2
-10816
-10817.7
-10819.4
-10821.1
-10822.9
-10824.6
-10826.3
-10828
-10829.8
-10831.5
-10833.2
-10834.9
-10836.7
-10838.4
-10840.1
-10841.8
-10843.6
-10845.3
-10847
-10848.7
-10850.5
-10852.2
-10853.9
-10855.6
-10857.4
-10859.1
-10860.8
-10862.5
-10864.2
-10866
-10867.7
-10869.4
-10871.1
-10872.8
-10874.6
-10876.3
-10878
-10879.7
-10881.4
-10883.2
-10884.9
-10886.6
-10888.3
-10890
-10891.7
-10893.5
-10895.2
-10896.9
-10898.6
-10900.3
-10902
-10903.7
-10905.5
-10907.2
-10908.9
-10910.6
-10912.3
-10914
-10915.7
-10917.4
-10919.2
-10920.9
-10922.6
-10924.3
-10926
-10927.7
-10929.4
-10931.1
-10932.8
-10934.5
-10936.3
-10938
-10939.7
-10941.4
-10943.1
-10944.8
-10946.5
-10948.2
-10949.9
-10951.6
-10953.3
-10955
-10956.7
-10958.4
-10960.2
-10961.9
-10963.6
-10965.3
-10967
-10968.7
-10970.4
-10972.1
-10973.8
-10975.5
-10977.2
-10978.9
-10980.6
-10982.3
-10984
-10985.7
-10987.4
-10989.1
-10990.8
-10992.5
-10994.2
-10995.9
-10997.6
-10999.3
-11001
-11002.7
-11004.4
-11006.1
-11007.8
-11009.5
-11011.2
-11012.9
-11014.5
-11016.2
-11017.9
-11019.6
-11021.3
-11023
-11024.7
-11026.4
-11028.1
-11029.8
-11031.5
-11033.2
-11034.9
-11036.6
-11038.2
-11039.9
-11041.6
-11043.3
-11045
-11046.7
-11048.4
-11050.1
-11051.8
-11053.5
-11055.1
-11056.8
-11058.5
-11060.2
-11061.9
-11063.6
-11065.3
-11067
-11068.6
-11070.3
-11072
-11073.7
-11075.4
-11077.1
-11078.7
-11080.4
-11082.1
-11083.8
-11085.5
-11087.2
-11088.8
-11090.5
-11092.2
-11093.9
-11095.6
-11097.2
-11098.9
-11100.6
-11102.3
-11104
-11105.6
-11107.3
-11109
-11110.7
-11112.4
-11114
-11115.7
-11117.4
-11119.1
-11120.7
-11122.4
-11124.1
-11125.8
-11127.4
-11129.1
-11130.8
-11132.5
-11134.1
-11135.8
-11137.5
-11139.1
-11140.8
-11142.5
-11144.2
-11145.8
-11147.5
-11149.2
-11150.8
-11152.5
-11154.2
-11155.9
-11157.5
-11159.2
-11160.9
-11162.5
-11164.2
-11165.9
-11167.5
-11169.2
-11170.9
-11172.5
-11174.2
-11175.9
-11177.5
-11179.2
-11180.8
-11182.5
-11184.2
-11185.8
-11187.5
-11189.2
-11190.8
-11192.5
-11194.1
-11195.8
-11197.5
-11199.1
-11200.8
-11202.5
-11204.1
-11205.8
-11207.4
-11209.1
-11210.7
-11212.4
-11214.1
-11215.7
-11217.4
-11219
-11220.7
-11222.3
-11224
-11225.7
-11227.3
-11229
-11230.6
-11232.3
-11233.9
-11235.6
-11237.2
-11238.9
-11240.5
-11242.2
-11243.8
-11245.5
-11247.1
-11248.8
-11250.4
-11252.1
-11253.7
-11255.4
-11257
-11258.7
-11260.3
-11262
-11263.6
-11265.3
-11266.9
-11268.6
-11270.2
-11271.9
-11273.5
-11275.2
-11276.8
-11278.4
-11280.1
-11281.7
-11283.4
-11285
-11286.7
-11288.3
-11289.9
-11291.6
-11293.2
-11294.9
-11296.5
-11298.1
-11299.8
-11301.4
-11303.1
-11304.7
-11306.3
-11308
-11309.6
-11311.2
-11312.9
-11314.5
-11316.2
-11317.8
-11319.4
-11321.1
-11322.7
-11324.3
-11326
-11327.6
-11329.2
-11330.9
-11332.5
-11334.1
-11335.8
-11337.4
-11339
-11340.7
-11342.3
-11343.9
-11345.5
-11347.2
-11348.8
-11350.4
-11352.1
-11353.7
-11355.3
-11356.9
-11358.6
-11360.2
-11361.8
-11363.4
-11365.1
-11366.7
-11368.3
-11369.9
-11371.6
-11373.2
-11374.8
-11376.4
-11378.1
-11379.7
-11381.3
-11382.9
-11384.5
-11386.2
-11387.8
-11389.4
-11391
-11392.6
-11394.3
-11395.9
-11397.5
-11399.1
-11400.7
-11402.3
-11404
-11405.6
-11407.2
-11408.8
-11410.4
-11412
-11413.7
-11415.3
-11416.9
-11418.5
-11420.1
-11421.7
-11423.3
-11424.9
-11426.5
-11428.2
-11429.8
-11431.4
-11433
-11434.6
-11436.2
-11437.8
-11439.4
-11441
-11442.6
-11444.2
-11445.8
-11447.5
-11449.1
-11450.7
-11452.3
-11453.9
-11455.5
-11457.1
-11458.7
-11460.3
-11461.9
-11463.5
-11465.1
-11466.7
-11468.3
-11469.9
-11471.5
-11473.1
-11474.7
-11476.3
-11477.9
-11479.5
-11481.1
-11482.7
-11484.3
-11485.9
-11487.5
-11489.1
-11490.7
-11492.3
-11493.8
-11495.4
-11497
-11498.6
-11500.2
-11501.8
-11503.4
-11505
-11506.6
-11508.2
-11509.8
-11511.4
-11512.9
-11514.5
-11516.1
-11517.7
-11519.3
-11520.9
-11522.5
-11524.1
-11525.6
-11527.2
-11528.8
-11530.4
-11532
-11533.6
-11535.1
-11536.7
-11538.3
-11539.9
-11541.5
-11543.1
-11544.6
-11546.2
-11547.8
-11549.4
-11551
-11552.5
-11554.1
-11555.7
-11557.3
-11558.8
-11560.4
-11562
-11563.6
-11565.1
-11566.7
-11568.3
-11569.9
-11571.4
-11573
-11574.6
-11576.2
-11577.7
-11579.3
-11580.9
-11582.4
-11584
-11585.6
-11587.2
-11588.7
-11590.3
-11591.9
-11593.4
-11595
-11596.6
-11598.1
-11599.7
-11601.3
-11602.8
-11604.4
-11605.9
-11607.5
-11609.1
-11610.6
-11612.2
-11613.8
-11615.3
-11616.9
-11618.4
-11620
-11621.6
-11623.1
-11624.7
-11626.2
-11627.8
-11629.3
-11630.9
-11632.5
-11634
-11635.6
-11637.1
-11638.7
-11640.2
-11641.8
-11643.3
-11644.9
-11646.4
-11648
-11649.5
-11651.1
-11652.6
-11654.2
-11655.7
-11657.3
-11658.8
-11660.4
-11661.9
-11663.5
-11665
-11666.6
-11668.1
-11669.6
-11671.2
-11672.7
-11674.3
-11675.8
-11677.4
-11678.9
-11680.4
-11682
-11683.5
-11685.1
-11686.6
-11688.1
-11689.7
-11691.2
-11692.8
-11694.3
-11695.8
-11697.4
-11698.9
-11700.4
-11702
-11703.5
-11705
-11706.6
-11708.1
-11709.6
-11711.2
-11712.7
-11714.2
-11715.8
-11717.3
-11718.8
-11720.3
-11721.9
-11723.4
-11724.9
-11726.4
-11728
-11729.5
-11731
-11732.5
-11734.1
-11735.6
-11737.1
-11738.6
-11740.2
-11741.7
-11743.2
-11744.7
-11746.2
-11747.7
-11749.3
-11750.8
-11752.3
-11753.8
-11755.3
-11756.8
-11758.4
-11759.9
-11761.4
-11762.9
-11764.4
-11765.9
-11767.4
-11769
-11770.5
-11772
-11773.5
-11775
-11776.5
-11778
-11779.5
-11781
-11782.5
-11784
-11785.5
-11787
-11788.5
-11790
-11791.6
-11793.1
-11794.6
-11796.1
-11797.6
-11799.1
-11800.6
-11802.1
-11803.6
-11805.1
-11806.5
-11808
-11809.5
-11811
-11812.5
-11814
-11815.5
-11817
-11818.5
-11820
-11821.5
-11823
-11824.5
-11826
-11827.4
-11828.9
-11830.4
-11831.9
-11833.4
-11834.9
-11836.4
-11837.9
-11839.3
-11840.8
-11842.3
-11843.8
-11845.3
-11846.8
-11848.2
-11849.7
-11851.2
-11852.7
-11854.2
-11855.6
-11857.1
-11858.6
-11860.1
-11861.5
-11863
-11864.5
-11866
-11867.4
-11868.9
-11870.4
-11871.8
-11873.3
-11874.8
-11876.3
-11877.7
-11879.2
-11880.7
-11882.1
-11883.6
-11885.1
-11886.5
-11888
-11889.4
-11890.9
-11892.4
-11893.8
-11895.3
-11896.8
-11898.2
-11899.7
-11901.1
-11902.6
-11904
-11905.5
-11907
-11908.4
-11909.9
-11911.3
-11912.8
-11914.2
-11915.7
-11917.1
-11918.6
-11920
-11921.5
-11922.9
-11924.4
-11925.8
-11927.3
-11928.7
-11930.2
-11931.6
-11933
-11934.5
-11935.9
-11937.4
-11938.8
-11940.2
-11941.7
-11943.1
-11944.6
-11946
-11947.4
-11948.9
-11950.3
-11951.7
-11953.2
-11954.6
-11956
-11957.5
-11958.9
-11960.3
-11961.8
-11963.2
-11964.6
-11966
-11967.5
-11968.9
-11970.3
-11971.7
-11973.2
-11974.6
-11976
-11977.4
-11978.9
-11980.3
-11981.7
-11983.1
-11984.5
-11985.9
-11987.4
-11988.8
-11990.2
-11991.6
-11993
-11994.4
-11995.8
-11997.3
-11998.7
-12000.1
-12001.5
-12002.9
-12004.3
-12005.7
-12007.1
-12008.5
-12009.9
-12011.3
-12012.7
-12014.1
-12015.5
-12016.9
-12018.3
-12019.7
-12021.1
-12022.5
-12023.9
-12025.3
-12026.7
-12028.1
-12029.5
-12030.9
-12032.3
-12033.7
-12035
-12036.4
-12037.8
-12039.2
-12040.6
-12042
-12043.4
-12044.8
-12046.1
-12047.5
-12048.9
-12050.3
-12051.7
-12053
-12054.4
-12055.8
-12057.2
-12058.5
-12059.9
-12061.3
-12062.7
-12064
-12065.4
-12066.8
-12068.1
-12069.5
-12070.9
-12072.2
-12073.6
-12075
-12076.3
-12077.7
-12079.1
-12080.4
-12081.8
-12083.1
-12084.5
-12085.9
-12087.2
-12088.6
-12089.9
-12091.3
-12092.6
-12094
-12095.3
-12096.7
-12098
-12099.4
-12100.7
-12102.1
-12103.4
-12104.8
-12106.1
-12107.4
-12108.8
-12110.1
-12111.5
-12112.8
-12114.1
-12115.5
-12116.8
-12118.1
-12119.5
-12120.8
-12122.1
-12123.5
-12124.8
-12126.1
-12127.5
-12128.8
-12130.1
-12131.4
-12132.8
-12134.1
-12135.4
-12136.7
-12138
-12139.4
-12140.7
-12142
-12143.3
-12144.6
-12145.9
-12147.3
-12148.6
-12149.9
-12151.2
-12152.5
-12153.8
-12155.1
-12156.4
-12157.7
-12159
-12160.3
-12161.6
-12162.9
-12164.2
-12165.5
-12166.8
-12168.1
-12169.4
-12170.7
-12172
-12173.3
-12174.6
-12175.9
-12177.1
-12178.4
-12179.7
-12181
-12182.3
-12183.6
-12184.8
-12186.1
-12187.4
-12188.7
-12190
-12191.2
-12192.5
-12193.8
-12195
-12196.3
-12197.6
-12198.9
-12200.1
-12201.4
-12202.6
-12203.9
-12205.2
-12206.4
-12207.7
-12209
-12210.2
-12211.5
-12212.7
-12214
-12215.2
-12216.5
-12217.7
-12219
-12220.2
-12221.5
-12222.7
-12223.9
-12225.2
-12226.4
-12227.7
-12228.9
-12230.1
-12231.4
-12232.6
-12233.8
-12235.1
-12236.3
-12237.5
-12238.8
-12240
-12241.2
-12242.4
-12243.7
-12244.9
-12246.1
-12247.3
-12248.5
-12249.7
-12251
-12252.2
-12253.4
-12254.6
-12255.8
-12257
-12258.2
-12259.4
-12260.6
-12261.8
-12263
-12264.2
-12265.4
-12266.6
-12267.8
-12269
-12270.2
-12271.4
-12272.6
-12273.7
-12274.9
-12276.1
-12277.3
-12278.5
-12279.6
-12280.8
-12282
-12283.2
-12284.3
-12285.5
-12286.7
-12287.9
-12289
-12290.2
-12291.3
-12292.5
-12293.7
-12294.8
-12296
-12297.1
-12298.3
-12299.4
-12300.6
-12301.7
-12302.9
-12304
-12305.2
-12306.3
-12307.5
-12308.6
-12309.7
-12310.9
-12312
-12313.1
-12314.3
-12315.4
-12316.5
-12317.6
-12318.8
-12319.9
-12321
-12322.1
-12323.2
-12324.4
-12325.5
-12326.6
-12327.7
-12328.8
-12329.9
-12331
-12332.1
-12333.2
-12334.3
-12335.4
-12336.5
-12337.6
-12338.7
-12339.8
-12340.9
-12341.9
-12343
-12344.1
-12345.2
-12346.3
-12347.3
-12348.4
-12349.5
-12350.5
-12351.6
-12352.7
-12353.7
-12354.8
-12355.9
-12356.9
-12358
-12359
-12360.1
-12361.1
-12362.2
-12363.2
-12364.3
-12365.3
-12366.3
-12367.4
-12368.4
-12369.4
-12370.5
-12371.5
-12372.5
-12373.5
-12374.6
-12375.6
-12376.6
-12377.6
-12378.6
-12379.6
-12380.6
-12381.6
-12382.6
-12383.6
-12384.6
-12385.6
-12386.6
-12387.6
-12388.6
-12389.6
-12390.6
-12391.6
-12392.5
-12393.5
-12394.5
-12395.5
-12396.4
-12397.4
-12398.4
-12399.3
-12400.3
-12401.2
-12402.2
-12403.2
-12404.1
-12405
-12406
-12406.9
-12407.9
-12408.8
-12409.7
-12410.7
-12411.6
-12412.5
-12413.4
-12414.4
-12415.3
-12416.2
-12417.1
-12418
-12418.9
-12419.8
-12420.7
-12421.6
-12422.5
-12423.4
-12424.3
-12425.2
-12426.1
-12426.9
-12427.8
-12428.7
-12429.6
-12430.4
-12431.3
-12432.2
-12433
-12433.9
-12434.7
-12435.6
-12436.4
-12437.3
-12438.1
-12438.9
-12439.8
-12440.6
-12441.4
-12442.3
-12443.1
-12443.9
-12444.7
-12445.5
-12446.3
-12447.1
-12447.9
-12448.7
-12449.5
-12450.3
-12451.1
-12451.9
-12452.7
-12453.4
-12454.2
-12455
-12455.7
-12456.5
-12457.3
-12458
-12458.8
-12459.5
-12460.2
-12461
-12461.7
-12462.5
-12463.2
-12463.9
-12464.6
-12465.3
-12466
-12466.8
-12467.5
-12468.2
-12468.8
-12469.5
-12470.2
-12470.9
-12471.6
-12472.3
-12472.9
-12473.6
-12474.2
-12474.9
-12475.6
-12476.2
-12476.8
-12477.5
-12478.1
-12478.7
-12479.4
-12480
-12480.6
-12481.2
-12481.8
-12482.4
-12483
-12483.6
-12484.2
-12484.8
-12485.3
-12485.9
-12486.5
-12487
-12487.6
-12488.1
-12488.7
-12489.2
-12489.7
-12490.3
-12490.8
-12491.3
-12491.8
-12492.3
-12492.8
-12493.3
-12493.8
-12494.3
-12494.8
-12495.2
-12495.7
-12496.2
-12496.6
-12497.1
-12497.5
-12497.9
-12498.4
-12498.8
-12499.2
-12499.6
-12500
-12500.4
-12500.8
-12501.2
-12501.6
-12501.9
-12502.3
-12502.6
-12503
-12503.3
-12503.7
-12504
-12504.3
-12504.6
-12504.9
-12505.2
-12505.5
-12505.8
-12506
-12506.3
-12506.6
-12506.8
-12507
-12507.3
-12507.5
-12507.7
-12507.9
-12508.1
-12508.3
-12508.5
-12508.7
-12508.8
-12509
-12509.1
-12509.2
-12509.4
-12509.5
-12509.6
-12509.7
-12509.8
-12509.8
-12509.9
-12509.9
-12510
-12510
-12510
-12510
-12510
-12510
-12510
-12510
-12509.9
-12509.9
-12509.8
-12509.7
-12509.6
-12509.5
-12509.4
-12509.2
-12509.1
-12508.9
-12508.7
-12508.5
-12508.3
-12508.1
-12507.9
-12507.6
-12507.4
-12507.1
-12506.8
-12506.5
-12506.1
-12505.8
-12505.4
-12505.1
-12504.7
-12504.2
-12503.8
-12503.4
-12502.9
-12502.4
-12501.9
-12501.4
-12500.8
-12500.3
-12499.7
-12499.1
-12498.4
-12497.8
-12497.1
-12496.4
-12495.7
-12494.9
-12494.1
-12493.3
-12492.5
-12491.6
-12490.8
-12489.9
-12488.9
-12487.9
-12486.9
-12485.9
-12484.9
-12483.8
-12482.6
-12481.5
-12480.3
-12479
-12477.8
-12476.4
-12475.1
-12473.7
-12472.3
-12470.8
-12469.3
-12467.7
-12466.1
-12464.4
-12462.7
-12460.9
-12459.1
-12457.2
-12455.2
-12453.2
-12451.1
-12449
-12446.7
-12444.5
-12442.1
-12439.6
-12437.1
-12434.5
-12431.8
-12428.9
-12426
-12423
-12419.8
-12416.6
-12413.2
-12409.6
-12405.9
-12402.1
-12398
-12393.8
-12389.4
-12384.8
-12379.9
-12374.8
-12369.4
-12363.6
-12357.5
-12351
-12344.1
-12336.6
-12328.5
-12319.6
-12309.9
-12299
-12286.6
-12272.3
-12254.9
-12232.2
-12195.7
