-144.347
-145.485
-146.623
-147.761
-148.899
-150.037
-151.175
-152.313
-153.451
-154.588
-155.726
-156.864
-158.002
-159.139
-160.277
-161.414
-162.552
-163.689
-164.827
-165.964
-167.101
-168.239
-169.376
-170.513
-171.651
-172.788
-173.925
-175.062
-176.199
-177.336
-178.473
-179.61
-180.747
-181.884
-183.021
-184.158
-185.294
-186.431
-187.568
-188.705
-189.841
-190.978
-192.115
-193.251
-194.388
-195.524
-196.661
-197.797
-198.933
-200.07
-201.206
-202.342
-203.478
-204.615
-205.751
-206.887
-208.023
-209.159
-210.295
-211.431
-212.567
-213.703
-214.839
-215.975
-217.11
-218.246
-219.382
-220.518
-221.653
-222.789
-223.925
-225.06
-226.196
-227.331
-228.467
-229.602
-230.737
-231.873
-233.008
-234.143
-235.279
-236.414
-237.549
-238.684
-239.819
-240.954
-242.089
-243.224
-244.359
-245.494
-246.629
-247.764
-248.899
-250.033
-251.168
-252.303
-253.438
-254.572
-255.707
-256.841
-257.976
-259.11
-260.245
-261.379
-262.514
-263.648
-264.782
-265.917
-267.051
-268.185
-269.319
-270.453
-271.587
-272.722
-273.856
-274.99
-276.124
-277.257
-278.391
-279.525
-280.659
-281.793
-282.927
-284.06
-285.194
-286.328
-287.461
-288.595
-289.728
-290.862
-291.995
-293.129
-294.262
-295.396
-296.529
-297.662
-298.795
-299.929
-301.062
-302.195
-303.328
-304.461
-305.594
-306.727
-307.86
-308.993
-310.126
-311.259
-312.392
-313.524
-314.657
-315.79
-316.923
-318.055
-319.188
-320.32
-321.453
-322.586
-323.718
-324.85
-325.983
-327.115
-328.248
-329.38
-330.512
-331.644
-332.776
-333.909
-335.041
-336.173
-337.305
-338.437
-339.569
-340.701
-341.833
-342.965
-344.096
-345.228
-346.36
-347.492
-348.623
-349.755
-350.887
-352.018
-353.15
-354.281
-355.413
-356.544
-357.676
-358.807
-359.938
-361.07
-362.201
-363.332
-364.463
-365.595
-366.726
-367.857
-368.988
-370.119
-371.25
-372.381
-373.512
-374.643
-375.773
-376.904
-378.035
-379.166
-380.296
-381.427
-382.558
-383.688
-384.819
-385.949
-387.08
-388.21
-389.341
-390.471
-391.601
-392.732
-393.862
-394.992
-396.122
-397.253
-398.383
-399.513
-400.643
-401.773
-402.903
-404.033
-405.163
-406.293
-407.422
-408.552
-409.682
-410.812
-411.941
-413.071
-414.201
-415.33
-416.46
-417.589
-418.719
-419.848
-420.978
-422.107
-423.237
-424.366
-425.495
-426.624
-427.754
-428.883
-430.012
-431.141
-432.27
-433.399
-434.528
-435.657
-436.786
-437.915
-439.044
-440.172
-441.301
-442.43
-443.559
-444.687
-445.816
-446.945
-448.073
-449.202
-450.33
-451.459
-452.587
-453.715
-454.844
-455.972
-457.1
-458.229
-459.357
-460.485
-461.613
-462.741
-463.869
-464.997
-466.125
-467.253
-468.381
-469.509
-470.637
-471.765
-472.893
-474.02
-475.148
-476.276
-477.403
-478.531
-479.659
-480.786
-481.914
-483.041
-484.168
-485.296
-486.423
-487.551
-488.678
-489.805
-490.932
-492.059
-493.187
-494.314
-495.441
-496.568
-497.695
-498.822
-499.949
-501.076
-502.202
-503.329
-504.456
-505.583
-506.71
-507.836
-508.963
-510.089
-511.216
-512.343
-513.469
-514.596
-515.722
-516.848
-517.975
-519.101
-520.227
-521.354
-522.48
-523.606
-524.732
-525.858
-526.984
-528.11
-529.236
-530.362
-531.488
-532.614
-533.74
-534.866
-535.992
-537.117
-538.243
-539.369
-540.494
-541.62
-542.746
-543.871
-544.997
-546.122
-547.247
-548.373
-549.498
-550.624
-551.749
-552.874
-553.999
-555.125
-556.25
-557.375
-558.5
-559.625
-560.75
-561.875
-563
-564.125
-565.25
-566.374
-567.499
-568.624
-569.749
-570.873
-571.998
-573.123
-574.247
-575.372
-576.496
-577.621
-578.745
-579.87
-580.994
-582.118
-583.242
-584.367
-585.491
-586.615
-587.739
-588.863
-589.987
-591.112
-592.236
-593.36
-594.483
-595.607
-596.731
-597.855
-598.979
-600.103
-601.226
-602.35
-603.474
-604.597
-605.721
-606.844
-607.968
-609.091
-610.215
-611.338
-612.462
-613.585
-614.708
-615.831
-616.955
-618.078
-619.201
-620.324
-621.447
-622.57
-623.693
-624.816
-625.939
-627.062
-628.185
-629.308
-630.431
-631.553
-632.676
-633.799
-634.921
-636.044
-637.167
-638.289
-639.412
-640.534
-641.656
-642.779
-643.901
-645.024
-646.146
-647.268
-648.39
-649.513
-650.635
-651.757
-652.879
-654.001
-655.123
-656.245
-657.367
-658.489
-659.611
-660.732
-661.854
-662.976
-664.098
-665.219
-666.341
-667.463
-668.584
-669.706
-670.827
-671.949
-673.07
-674.192
-675.313
-676.434
-677.556
-678.677
-679.798
-680.919
-682.04
-683.162
-684.283
-685.404
-686.525
-687.646
-688.767
-689.887
-691.008
-692.129
-693.25
-694.371
-695.491
-696.612
-697.733
-698.853
-699.974
-701.094
-702.215
-703.335
-704.456
-705.576
-706.697
-707.817
-708.937
-710.058
-711.178
-712.298
-713.418
-714.538
-715.658
-716.778
-717.898
-719.018
-720.138
-721.258
-722.378
-723.498
-724.618
-725.737
-726.857
-727.977
-729.096
-730.216
-731.336
-732.455
-733.575
-734.694
-735.814
-736.933
-738.052
-739.172
-740.291
-741.41
-742.529
-743.649
-744.768
-745.887
-747.006
-748.125
-749.244
-750.363
-751.482
-752.601
-753.72
-754.839
-755.957
-757.076
-758.195
-759.313
-760.432
-761.551
-762.669
-763.788
-764.906
-766.025
-767.143
-768.262
-769.38
-770.498
-771.617
-772.735
-773.853
-774.971
-776.089
-777.208
-778.326
-779.444
-780.562
-781.68
-782.798
-783.915
-785.033
-786.151
-787.269
-788.387
-789.504
-790.622
-791.74
-792.857
-793.975
-795.092
-796.21
-797.327
-798.445
-799.562
-800.68
-801.797
-802.914
-804.032
-805.149
-806.266
-807.383
-808.5
-809.617
-810.734
-811.851
-812.968
-814.085
-815.202
-816.319
-817.436
-818.553
-819.669
-820.786
-821.903
-823.019
-824.136
-825.253
-826.369
-827.486
-828.602
-829.718
-830.835
-831.951
-833.068
-834.184
-835.3
-836.416
-837.532
-838.649
-839.765
-840.881
-841.997
-843.113
-844.229
-845.345
-846.461
-847.576
-848.692
-849.808
-850.924
-852.04
-853.155
-854.271
-855.386
-856.502
-857.618
-858.733
-859.849
-860.964
-862.079
-863.195
-864.31
-865.425
-866.541
-867.656
-868.771
-869.886
-871.001
-872.116
-873.231
-874.346
-875.461
-876.576
-877.691
-878.806
-879.921
-881.035
-882.15
-883.265
-884.38
-885.494
-886.609
-887.723
-888.838
-889.952
-891.067
-892.181
-893.296
-894.41
-895.524
-896.639
-897.753
-898.867
-899.981
-901.095
-902.21
-903.324
-904.438
-905.552
-906.666
-907.779
-908.893
-910.007
-911.121
-912.235
-913.349
-914.462
-915.576
-916.69
-917.803
-918.917
-920.03
-921.144
-922.257
-923.371
-924.484
-925.597
-926.711
-927.824
-928.937
-930.05
-931.164
-932.277
-933.39
-934.503
-935.616
-936.729
-937.842
-938.955
-940.068
-941.18
-942.293
-943.406
-944.519
-945.631
-946.744
-947.857
-948.969
-950.082
-951.194
-952.307
-953.419
-954.532
-955.644
-956.756
-957.869
-958.981
-960.093
-961.205
-962.318
-963.43
-964.542
-965.654
-966.766
-967.878
-968.99
-970.102
-971.214
-972.325
-973.437
-974.549
-975.661
-976.772
-977.884
-978.996
-980.107
-981.219
-982.33
-983.442
-984.553
-985.665
-986.776
-987.887
-988.999
-990.11
-991.221
-992.332
-993.444
-994.555
-995.666
-996.777
-997.888
-998.999
-1000.11
-1001.22
-1002.33
-1003.44
-1004.55
-1005.66
-1006.77
-1007.89
-1009
-1010.11
-1011.22
-1012.33
-1013.44
-1014.55
-1015.66
-1016.77
-1017.88
-1018.99
-1020.1
-1021.21
-1022.32
-1023.43
-1024.54
-1025.65
-1026.76
-1027.87
-1028.98
-1030.09
-1031.2
-1032.31
-1033.42
-1034.53
-1035.64
-1036.75
-1037.86
-1038.97
-1040.08
-1041.19
-1042.3
-1043.41
-1044.52
-1045.63
-1046.74
-1047.85
-1048.96
-1050.06
-1051.17
-1052.28
-1053.39
-1054.5
-1055.61
-1056.72
-1057.83
-1058.94
-1060.05
-1061.16
-1062.27
-1063.37
-1064.48
-1065.59
-1066.7
-1067.81
-1068.92
-1070.03
-1071.14
-1072.24
-1073.35
-1074.46
-1075.57
-1076.68
-1077.79
-1078.89
-1080
-1081.11
-1082.22
-1083.33
-1084.44
-1085.54
-1086.65
-1087.76
-1088.87
-1089.98
-1091.08
-1092.19
-1093.3
-1094.41
-1095.52
-1096.62
-1097.73
-1098.84
-1099.95
-1101.05
-1102.16
-1103.27
-1104.38
-1105.49
-1106.59
-1107.7
-1108.81
-1109.92
-1111.02
-1112.13
-1113.24
-1114.34
-1115.45
-1116.56
-1117.67
-1118.77
-1119.88
-1120.99
-1122.09
-1123.2
-1124.31
-1125.41
-1126.52
-1127.63
-1128.74
-1129.84
-1130.95
-1132.06
-1133.16
-1134.27
-1135.37
-1136.48
-1137.59
-1138.69
-1139.8
-1140.91
-1142.01
-1143.12
-1144.23
-1145.33
-1146.44
-1147.54
-1148.65
-1149.76
-1150.86
-1151.97
-1153.07
-1154.18
-1155.29
-1156.39
-1157.5
-1158.6
-1159.71
-1160.82
-1161.92
-1163.03
-1164.13
-1165.24
-1166.34
-1167.45
-1168.55
-1169.66
-1170.77
-1171.87
-1172.98
-1174.08
-1175.19
-1176.29
-1177.4
-1178.5
-1179.61
-1180.71
-1181.82
-1182.92
-1184.03
-1185.13
-1186.24
-1187.34
-1188.45
-1189.55
-1190.66
-1191.76
-1192.87
-1193.97
-1195.08
-1196.18
-1197.28
-1198.39
-1199.49
-1200.6
-1201.7
-1202.81
-1203.91
-1205.02
-1206.12
-1207.22
-1208.33
-1209.43
-1210.54
-1211.64
-1212.74
-1213.85
-1214.95
-1216.06
-1217.16
-1218.26
-1219.37
-1220.47
-1221.57
-1222.68
-1223.78
-1224.89
-1225.99
-1227.09
-1228.2
-1229.3
-1230.4
-1231.51
-1232.61
-1233.71
-1234.82
-1235.92
-1237.02
-1238.13
-1239.23
-1240.33
-1241.44
-1242.54
-1243.64
-1244.75
-1245.85
-1246.95
-1248.05
-1249.16
-1250.26
-1251.36
-1252.47
-1253.57
-1254.67
-1255.77
-1256.88
-1257.98
-1259.08
-1260.18
-1261.29
-1262.39
-1263.49
-1264.59
-1265.69
-1266.8
-1267.9
-1269
-1270.1
-1271.21
-1272.31
-1273.41
-1274.51
-1275.61
-1276.72
-1277.82
-1278.92
-1280.02
-1281.12
-1282.23
-1283.33
-1284.43
-1285.53
-1286.63
-1287.73
-1288.83
-1289.94
-1291.04
-1292.14
-1293.24
-1294.34
-1295.44
-1296.54
-1297.65
-1298.75
-1299.85
-1300.95
-1302.05
-1303.15
-1304.25
-1305.35
-1306.45
-1307.56
-1308.66
-1309.76
-1310.86
-1311.96
-1313.06
-1314.16
-1315.26
-1316.36
-1317.46
-1318.56
-1319.66
-1320.76
-1321.86
-1322.96
-1324.07
-1325.17
-1326.27
-1327.37
-1328.47
-1329.57
-1330.67
-1331.77
-1332.87
-1333.97
-1335.07
-1336.17
-1337.27
-1338.37
-1339.47
-1340.57
-1341.67
-1342.77
-1343.87
-1344.97
-1346.07
-1347.16
-1348.26
-1349.36
-1350.46
-1351.56
-1352.66
-1353.76
-1354.86
-1355.96
-1357.06
-1358.16
-1359.26
-1360.36
-1361.46
-1362.56
-1363.65
-1364.75
-1365.85
-1366.95
-1368.05
-1369.15
-1370.25
-1371.35
-1372.45
-1373.54
-1374.64
-1375.74
-1376.84
-1377.94
-1379.04
-1380.14
-1381.24
-1382.33
-1383.43
-1384.53
-1385.63
-1386.73
-1387.83
-1388.92
-1390.02
-1391.12
-1392.22
-1393.32
-1394.41
-1395.51
-1396.61
-1397.71
-1398.81
-1399.9
-1401
-1402.1
-1403.2
-1404.3
-1405.39
-1406.49
-1407.59
-1408.69
-1409.78
-1410.88
-1411.98
-1413.08
-1414.17
-1415.27
-1416.37
-1417.47
-1418.56
-1419.66
-1420.76
-1421.85
-1422.95
-1424.05
-1425.15
-1426.24
-1427.34
-1428.44
-1429.53
-1430.63
-1431.73
-1432.82
-1433.92
-1435.02
-1436.11
-1437.21
-1438.31
-1439.4
-1440.5
-1441.6
-1442.69
-1443.79
-1444.89
-1445.98
-1447.08
-1448.18
-1449.27
-1450.37
-1451.46
-1452.56
-1453.66
-1454.75
-1455.85
-1456.94
-1458.04
-1459.14
-1460.23
-1461.33
-1462.42
-1463.52
-1464.62
-1465.71
-1466.81
-1467.9
-1469
-1470.09
-1471.19
-1472.28
-1473.38
-1474.48
-1475.57
-1476.67
-1477.76
-1478.86
-1479.95
-1481.05
-1482.14
-1483.24
-1484.33
-1485.43
-1486.52
-1487.62
-1488.71
-1489.81
-1490.9
-1492
-1493.09
-1494.19
-1495.28
-1496.38
-1497.47
-1498.57
-1499.66
-1500.75
-1501.85
-1502.94
-1504.04
-1505.13
-1506.23
-1507.32
-1508.42
-1509.51
-1510.6
-1511.7
-1512.79
-1513.89
-1514.98
-1516.07
-1517.17
-1518.26
-1519.36
-1520.45
-1521.54
-1522.64
-1523.73
-1524.83
-1525.92
-1527.01
-1528.11
-1529.2
-1530.29
-1531.39
-1532.48
-1533.57
-1534.67
-1535.76
-1536.85
-1537.95
-1539.04
-1540.13
-1541.23
-1542.32
-1543.41
-1544.51
-1545.6
-1546.69
-1547.79
-1548.88
-1549.97
-1551.06
-1552.16
-1553.25
-1554.34
-1555.44
-1556.53
-1557.62
-1558.71
-1559.81
-1560.9
-1561.99
-1563.08
-1564.18
-1565.27
-1566.36
-1567.45
-1568.55
-1569.64
-1570.73
-1571.82
-1572.91
-1574.01
-1575.1
-1576.19
-1577.28
-1578.37
-1579.47
-1580.56
-1581.65
-1582.74
-1583.83
-1584.93
-1586.02
-1587.11
-1588.2
-1589.29
-1590.38
-1591.48
-1592.57
-1593.66
-1594.75
-1595.84
-1596.93
-1598.02
-1599.12
-1600.21
-1601.3
-1602.39
-1603.48
-1604.57
-1605.66
-1606.75
-1607.84
-1608.94
-1610.03
-1611.12
-1612.21
-1613.3
-1614.39
-1615.48
-1616.57
-1617.66
-1618.75
-1619.84
-1620.93
-1622.02
-1623.11
-1624.2
-1625.3
-1626.39
-1627.48
-1628.57
-1629.66
-1630.75
-1631.84
-1632.93
-1634.02
-1635.11
-1636.2
-1637.29
-1638.38
-1639.47
-1640.56
-1641.65
-1642.74
-1643.83
-1644.92
-1646.01
-1647.1
-1648.19
-1649.28
-1650.36
-1651.45
-1652.54
-1653.63
-1654.72
-1655.81
-1656.9
-1657.99
-1659.08
-1660.17
-1661.26
-1662.35
-1663.44
-1664.53
-1665.61
-1666.7
-1667.79
-1668.88
-1669.97
-1671.06
-1672.15
-1673.24
-1674.33
-1675.41
-1676.5
-1677.59
-1678.68
-1679.77
-1680.86
-1681.95
-1683.03
-1684.12
-1685.21
-1686.3
-1687.39
-1688.48
-1689.56
-1690.65
-1691.74
-1692.83
-1693.92
-1695.01
-1696.09
-1697.18
-1698.27
-1699.36
-1700.45
-1701.53
-1702.62
-1703.71
-1704.8
-1705.88
-1706.97
-1708.06
-1709.15
-1710.24
-1711.32
-1712.41
-1713.5
-1714.58
-1715.67
-1716.76
-1717.85
-1718.93
-1720.02
-1721.11
-1722.2
-1723.28
-1724.37
-1725.46
-1726.54
-1727.63
-1728.72
-1729.81
-1730.89
-1731.98
-1733.07
-1734.15
-1735.24
-1736.33
-1737.41
-1738.5
-1739.59
-1740.67
-1741.76
-1742.85
-1743.93
-1745.02
-1746.1
-1747.19
-1748.28
-1749.36
-1750.45
-1751.54
-1752.62
-1753.71
-1754.79
-1755.88
-1756.97
-1758.05
-1759.14
-1760.22
-1761.31
-1762.4
-1763.48
-1764.57
-1765.65
-1766.74
-1767.82
-1768.91
-1770
-1771.08
-1772.17
-1773.25
-1774.34
-1775.42
-1776.51
-1777.59
-1778.68
-1779.76
-1780.85
-1781.93
-1783.02
-1784.1
-1785.19
-1786.27
-1787.36
-1788.44
-1789.53
-1790.61
-1791.7
-1792.78
-1793.87
-1794.95
-1796.04
-1797.12
-1798.21
-1799.29
-1800.38
-1801.46
-1802.55
-1803.63
-1804.71
-1805.8
-1806.88
-1807.97
-1809.05
-1810.14
-1811.22
-1812.3
-1813.39
-1814.47
-1815.56
-1816.64
-1817.72
-1818.81
-1819.89
-1820.98
-1822.06
-1823.14
-1824.23
-1825.31
-1826.39
-1827.48
-1828.56
-1829.64
-1830.73
-1831.81
-1832.9
-1833.98
-1835.06
-1836.15
-1837.23
-1838.31
-1839.4
-1840.48
-1841.56
-1842.64
-1843.73
-1844.81
-1845.89
-1846.98
-1848.06
-1849.14
-1850.23
-1851.31
-1852.39
-1853.47
-1854.56
-1855.64
-1856.72
-1857.8
-1858.89
-1859.97
-1861.05
-1862.13
-1863.22
-1864.3
-1865.38
-1866.46
-1867.55
-1868.63
-1869.71
-1870.79
-1871.88
-1872.96
-1874.04
-1875.12
-1876.2
-1877.29
-1878.37
-1879.45
-1880.53
-1881.61
-1882.69
-1883.78
-1884.86
-1885.94
-1887.02
-1888.1
-1889.18
-1890.27
-1891.35
-1892.43
-1893.51
-1894.59
-1895.67
-1896.75
-1897.84
-1898.92
-1900
-1901.08
-1902.16
-1903.24
-1904.32
-1905.4
-1906.48
-1907.56
-1908.65
-1909.73
-1910.81
-1911.89
-1912.97
-1914.05
-1915.13
-1916.21
-1917.29
-1918.37
-1919.45
-1920.53
-1921.61
-1922.69
-1923.77
-1924.85
-1925.93
-1927.02
-1928.1
-1929.18
-1930.26
-1931.34
-1932.42
-1933.5
-1934.58
-1935.66
-1936.74
-1937.82
-1938.9
-1939.98
-1941.06
-1942.14
-1943.21
-1944.29
-1945.37
-1946.45
-1947.53
-1948.61
-1949.69
-1950.77
-1951.85
-1952.93
-1954.01
-1955.09
-1956.17
-1957.25
-1958.33
-1959.41
-1960.49
-1961.56
-1962.64
-1963.72
-1964.8
-1965.88
-1966.96
-1968.04
-1969.12
-1970.2
-1971.27
-1972.35
-1973.43
-1974.51
-1975.59
-1976.67
-1977.75
-1978.82
-1979.9
-1980.98
-1982.06
-1983.14
-1984.22
-1985.29
-1986.37
-1987.45
-1988.53
-1989.61
-1990.69
-1991.76
-1992.84
-1993.92
-1995
-1996.08
-1997.15
-1998.23
-1999.31
-2000.39
-2001.46
-2002.54
-2003.62
-2004.7
-2005.78
-2006.85
-2007.93
-2009.01
-2010.09
-2011.16
-2012.24
-2013.32
-2014.39
-2015.47
-2016.55
-2017.63
-2018.7
-2019.78
-2020.86
-2021.93
-2023.01
-2024.09
-2025.17
-2026.24
-2027.32
-2028.4
-2029.47
-2030.55
-2031.63
-2032.7
-2033.78
-2034.86
-2035.93
-2037.01
-2038.09
-2039.16
-2040.24
-2041.32
-2042.39
-2043.47
-2044.54
-2045.62
-2046.7
-2047.77
-2048.85
-2049.92
-2051
-2052.08
-2053.15
-2054.23
-2055.3
-2056.38
-2057.46
-2058.53
-2059.61
-2060.68
-2061.76
-2062.83
-2063.91
-2064.99
-2066.06
-2067.14
-2068.21
-2069.29
-2070.36
-2071.44
-2072.51
-2073.59
-2074.66
-2075.74
-2076.81
-2077.89
-2078.97
-2080.04
-2081.12
-2082.19
-2083.27
-2084.34
-2085.41
-2086.49
-2087.56
-2088.64
-2089.71
-2090.79
-2091.86
-2092.94
-2094.01
-2095.09
-2096.16
-2097.24
-2098.31
-2099.38
-2100.46
-2101.53
-2102.61
-2103.68
-2104.76
-2105.83
-2106.9
-2107.98
-2109.05
-2110.13
-2111.2
-2112.27
-2113.35
-2114.42
-2115.5
-2116.57
-2117.64
-2118.72
-2119.79
-2120.87
-2121.94
-2123.01
-2124.09
-2125.16
-2126.23
-2127.31
-2128.38
-2129.45
-2130.53
-2131.6
-2132.67
-2133.75
-2134.82
-2135.89
-2136.97
-2138.04
-2139.11
-2140.18
-2141.26
-2142.33
-2143.4
-2144.48
-2145.55
-2146.62
-2147.69
-2148.77
-2149.84
-2150.91
-2151.99
-2153.06
-2154.13
-2155.2
-2156.28
-2157.35
-2158.42
-2159.49
-2160.56
-2161.64
-2162.71
-2163.78
-2164.85
-2165.93
-2167
-2168.07
-2169.14
-2170.21
-2171.29
-2172.36
-2173.43
-2174.5
-2175.57
-2176.64
-2177.72
-2178.79
-2179.86
-2180.93
-2182
-2183.07
-2184.15
-2185.22
-2186.29
-2187.36
-2188.43
-2189.5
-2190.57
-2191.64
-2192.72
-2193.79
-2194.86
-2195.93
-2197
-2198.07
-2199.14
-2200.21
-2201.28
-2202.36
-2203.43
-2204.5
-2205.57
-2206.64
-2207.71
-2208.78
-2209.85
-2210.92
-2211.99
-2213.06
-2214.13
-2215.2
-2216.27
-2217.34
-2218.41
-2219.48
-2220.55
-2221.62
-2222.69
-2223.76
-2224.83
-2225.9
-2226.97
-2228.04
-2229.11
-2230.18
-2231.25
-2232.32
-2233.39
-2234.46
-2235.53
-2236.6
-2237.67
-2238.74
-2239.81
-2240.88
-2241.95
-2243.02
-2244.09
-2245.16
-2246.23
-2247.3
-2248.37
-2249.44
-2250.51
-2251.57
-2252.64
-2253.71
-2254.78
-2255.85
-2256.92
-2257.99
-2259.06
-2260.13
-2261.2
-2262.26
-2263.33
-2264.4
-2265.47
-2266.54
-2267.61
-2268.68
-2269.74
-2270.81
-2271.88
-2272.95
-2274.02
-2275.09
-2276.16
-2277.22
-2278.29
-2279.36
-2280.43
-2281.5
-2282.56
-2283.63
-2284.7
-2285.77
-2286.84
-2287.9
-2288.97
-2290.04
-2291.11
-2292.18
-2293.24
-2294.31
-2295.38
-2296.45
-2297.51
-2298.58
-2299.65
-2300.72
-2301.78
-2302.85
-2303.92
-2304.99
-2306.05
-2307.12
-2308.19
-2309.25
-2310.32
-2311.39
-2312.46
-2313.52
-2314.59
-2315.66
-2316.72
-2317.79
-2318.86
-2319.92
-2320.99
-2322.06
-2323.12
-2324.19
-2325.26
-2326.32
-2327.39
-2328.46
-2329.52
-2330.59
-2331.66
-2332.72
-2333.79
-2334.86
-2335.92
-2336.99
-2338.05
-2339.12
-2340.19
-2341.25
-2342.32
-2343.38
-2344.45
-2345.52
-2346.58
-2347.65
-2348.71
-2349.78
-2350.85
-2351.91
-2352.98
-2354.04
-2355.11
-2356.17
-2357.24
-2358.3
-2359.37
-2360.44
-2361.5
-2362.57
-2363.63
-2364.7
-2365.76
-2366.83
-2367.89
-2368.96
-2370.02
-2371.09
-2372.15
-2373.22
-2374.28
-2375.35
-2376.41
-2377.48
-2378.54
-2379.61
-2380.67
-2381.74
-2382.8
-2383.86
-2384.93
-2385.99
-2387.06
-2388.12
-2389.19
-2390.25
-2391.32
-2392.38
-2393.44
-2394.51
-2395.57
-2396.64
-2397.7
-2398.76
-2399.83
-2400.89
-2401.96
-2403.02
-2404.08
-2405.15
-2406.21
-2407.28
-2408.34
-2409.4
-2410.47
-2411.53
-2412.59
-2413.66
-2414.72
-2415.78
-2416.85
-2417.91
-2418.97
-2420.04
-2421.1
-2422.16
-2423.23
-2424.29
-2425.35
-2426.42
-2427.48
-2428.54
-2429.61
-2430.67
-2431.73
-2432.79
-2433.86
-2434.92
-2435.98
-2437.05
-2438.11
-2439.17
-2440.23
-2441.3
-2442.36
-2443.42
-2444.48
-2445.55
-2446.61
-2447.67
-2448.73
-2449.8
-2450.86
-2451.92
-2452.98
-2454.04
-2455.11
-2456.17
-2457.23
-2458.29
-2459.35
-2460.42
-2461.48
-2462.54
-2463.6
-2464.66
-2465.73
-2466.79
-2467.85
-2468.91
-2469.97
-2471.03
-2472.1
-2473.16
-2474.22
-2475.28
-2476.34
-2477.4
-2478.46
-2479.52
-2480.59
-2481.65
-2482.71
-2483.77
-2484.83
-2485.89
-2486.95
-2488.01
-2489.07
-2490.13
-2491.2
-2492.26
-2493.32
-2494.38
-2495.44
-2496.5
-2497.56
-2498.62
-2499.68
-2500.74
-2501.8
-2502.86
-2503.92
-2504.98
-2506.04
-2507.1
-2508.16
-2509.22
-2510.28
-2511.34
-2512.4
-2513.46
-2514.52
-2515.58
-2516.64
-2517.7
-2518.76
-2519.82
-2520.88
-2521.94
-2523
-2524.06
-2525.12
-2526.18
-2527.24
-2528.3
-2529.36
-2530.42
-2531.48
-2532.54
-2533.6
-2534.66
-2535.72
-2536.78
-2537.84
-2538.89
-2539.95
-2541.01
-2542.07
-2543.13
-2544.19
-2545.25
-2546.31
-2547.37
-2548.43
-2549.48
-2550.54
-2551.6
-2552.66
-2553.72
-2554.78
-2555.84
-2556.89
-2557.95
-2559.01
-2560.07
-2561.13
-2562.19
-2563.25
-2564.3
-2565.36
-2566.42
-2567.48
-2568.54
-2569.59
-2570.65
-2571.71
-2572.77
-2573.83
-2574.88
-2575.94
-2577
-2578.06
-2579.12
-2580.17
-2581.23
-2582.29
-2583.35
-2584.4
-2585.46
-2586.52
-2587.58
-2588.63
-2589.69
-2590.75
-2591.81
-2592.86
-2593.92
-2594.98
-2596.03
-2597.09
-2598.15
-2599.21
-2600.26
-2601.32
-2602.38
-2603.43
-2604.49
-2605.55
-2606.6
-2607.66
-2608.72
-2609.77
-2610.83
-2611.89
-2612.94
-2614
-2615.06
-2616.11
-2617.17
-2618.23
-2619.28
-2620.34
-2621.39
-2622.45
-2623.51
-2624.56
-2625.62
-2626.68
-2627.73
-2628.79
-2629.84
-2630.9
-2631.95
-2633.01
-2634.07
-2635.12
-2636.18
-2637.23
-2638.29
-2639.35
-2640.4
-2641.46
-2642.51
-2643.57
-2644.62
-2645.68
-2646.73
-2647.79
-2648.84
-2649.9
-2650.95
-2652.01
-2653.06
-2654.12
-2655.18
-2656.23
-2657.29
-2658.34
-2659.39
-2660.45
-2661.5
-2662.56
-2663.61
-2664.67
-2665.72
-2666.78
-2667.83
-2668.89
-2669.94
-2671
-2672.05
-2673.11
-2674.16
-2675.21
-2676.27
-2677.32
-2678.38
-2679.43
-2680.49
-2681.54
-2682.59
-2683.65
-2684.7
-2685.76
-2686.81
-2687.86
-2688.92
-2689.97
-2691.02
-2692.08
-2693.13
-2694.19
-2695.24
-2696.29
-2697.35
-2698.4
-2699.45
-2700.51
-2701.56
-2702.61
-2703.67
-2704.72
-2705.77
-2706.83
-2707.88
-2708.93
-2709.99
-2711.04
-2712.09
-2713.15
-2714.2
-2715.25
-2716.3
-2717.36
-2718.41
-2719.46
-2720.52
-2721.57
-2722.62
-2723.67
-2724.73
-2725.78
-2726.83
-2727.88
-2728.94
-2729.99
-2731.04
-2732.09
-2733.15
-2734.2
-2735.25
-2736.3
-2737.35
-2738.41
-2739.46
-2740.51
-2741.56
-2742.62
-2743.67
-2744.72
-2745.77
-2746.82
-2747.87
-2748.93
-2749.98
-2751.03
-2752.08
-2753.13
-2754.18
-2755.24
-2756.29
-2757.34
-2758.39
-2759.44
-2760.49
-2761.54
-2762.6
-2763.65
-2764.7
-2765.75
-2766.8
-2767.85
-2768.9
-2769.95
-2771
-2772.05
-2773.11
-2774.16
-2775.21
-2776.26
-2777.31
-2778.36
-2779.41
-2780.46
-2781.51
-2782.56
-2783.61
-2784.66
-2785.71
-2786.76
-2787.81
-2788.86
-2789.91
-2790.97
-2792.02
-2793.07
-2794.12
-2795.17
-2796.22
-2797.27
-2798.32
-2799.37
-2800.42
-2801.47
-2802.52
-2803.57
-2804.61
-2805.66
-2806.71
-2807.76
-2808.81
-2809.86
-2810.91
-2811.96
-2813.01
-2814.06
-2815.11
-2816.16
-2817.21
-2818.26
-2819.31
-2820.36
-2821.41
-2822.45
-2823.5
-2824.55
-2825.6
-2826.65
-2827.7
-2828.75
-2829.8
-2830.85
-2831.9
-2832.94
-2833.99
-2835.04
-2836.09
-2837.14
-2838.19
-2839.24
-2840.28
-2841.33
-2842.38
-2843.43
-2844.48
-2845.53
-2846.57
-2847.62
-2848.67
-2849.72
-2850.77
-2851.82
-2852.86
-2853.91
-2854.96
-2856.01
-2857.05
-2858.1
-2859.15
-2860.2
-2861.25
-2862.29
-2863.34
-2864.39
-2865.44
-2866.48
-2867.53
-2868.58
-2869.63
-2870.67
-2871.72
-2872.77
-2873.82
-2874.86
-2875.91
-2876.96
-2878
-2879.05
-2880.1
-2881.15
-2882.19
-2883.24
-2884.29
-2885.33
-2886.38
-2887.43
-2888.47
-2889.52
-2890.57
-2891.61
-2892.66
-2893.71
-2894.75
-2895.8
-2896.85
-2897.89
-2898.94
-2899.99
-2901.03
-2902.08
-2903.12
-2904.17
-2905.22
-2906.26
-2907.31
-2908.36
-2909.4
-2910.45
-2911.49
-2912.54
-2913.58
-2914.63
-2915.68
-2916.72
-2917.77
-2918.81
-2919.86
-2920.9
-2921.95
-2923
-2924.04
-2925.09
-2926.13
-2927.18
-2928.22
-2929.27
-2930.31
-2931.36
-2932.4
-2933.45
-2934.49
-2935.54
-2936.58
-2937.63
-2938.67
-2939.72
-2940.76
-2941.81
-2942.85
-2943.9
-2944.94
-2945.99
-2947.03
-2948.08
-2949.12
-2950.17
-2951.21
-2952.25
-2953.3
-2954.34
-2955.39
-2956.43
-2957.48
-2958.52
-2959.57
-2960.61
-2961.65
-2962.7
-2963.74
-2964.79
-2965.83
-2966.87
-2967.92
-2968.96
-2970
-2971.05
-2972.09
-2973.14
-2974.18
-2975.22
-2976.27
-2977.31
-2978.35
-2979.4
-2980.44
-2981.48
-2982.53
-2983.57
-2984.61
-2985.66
-2986.7
-2987.74
-2988.79
-2989.83
-2990.87
-2991.92
-2992.96
-2994
-2995.05
-2996.09
-2997.13
-2998.17
-2999.22
-3000.26
-3001.3
-3002.34
-3003.39
-3004.43
-3005.47
-3006.52
-3007.56
-3008.6
-3009.64
-3010.68
-3011.73
-3012.77
-3013.81
-3014.85
-3015.9
-3016.94
-3017.98
-3019.02
-3020.06
-3021.11
-3022.15
-3023.19
-3024.23
-3025.27
-3026.32
-3027.36
-3028.4
-3029.44
-3030.48
-3031.52
-3032.57
-3033.61
-3034.65
-3035.69
-3036.73
-3037.77
-3038.81
-3039.86
-3040.9
-3041.94
-3042.98
-3044.02
-3045.06
-3046.1
-3047.14
-3048.18
-3049.23
-3050.27
-3051.31
-3052.35
-3053.39
-3054.43
-3055.47
-3056.51
-3057.55
-3058.59
-3059.63
-3060.67
-3061.71
-3062.75
-3063.79
-3064.84
-3065.88
-3066.92
-3067.96
-3069
-3070.04
-3071.08
-3072.12
-3073.16
-3074.2
-3075.24
-3076.28
-3077.32
-3078.36
-3079.4
-3080.44
-3081.48
-3082.52
-3083.56
-3084.6
-3085.64
-3086.67
-3087.71
-3088.75
-3089.79
-3090.83
-3091.87
-3092.91
-3093.95
-3094.99
-3096.03
-3097.07
-3098.11
-3099.15
-3100.19
-3101.23
-3102.26
-3103.3
-3104.34
-3105.38
-3106.42
-3107.46
-3108.5
-3109.54
-3110.58
-3111.61
-3112.65
-3113.69
-3114.73
-3115.77
-3116.81
-3117.85
-3118.88
-3119.92
-3120.96
-3122
-3123.04
-3124.08
-3125.11
-3126.15
-3127.19
-3128.23
-3129.27
-3130.3
-3131.34
-3132.38
-3133.42
-3134.46
-3135.49
-3136.53
-3137.57
-3138.61
-3139.64
-3140.68
-3141.72
-3142.76
-3143.79
-3144.83
-3145.87
-3146.91
-3147.94
-3148.98
-3150.02
-3151.06
-3152.09
-3153.13
-3154.17
-3155.2
-3156.24
-3157.28
-3158.32
-3159.35
-3160.39
-3161.43
-3162.46
-3163.5
-3164.54
-3165.57
-3166.61
-3167.65
-3168.68
-3169.72
-3170.76
-3171.79
-3172.83
-3173.87
-3174.9
-3175.94
-3176.98
-3178.01
-3179.05
-3180.08
-3181.12
-3182.16
-3183.19
-3184.23
-3185.26
-3186.3
-3187.34
-3188.37
-3189.41
-3190.44
-3191.48
-3192.52
-3193.55
-3194.59
-3195.62
-3196.66
-3197.69
-3198.73
-3199.76
-3200.8
-3201.84
-3202.87
-3203.91
-3204.94
-3205.98
-3207.01
-3208.05
-3209.08
-3210.12
-3211.15
-3212.19
-3213.22
-3214.26
-3215.29
-3216.33
-3217.36
-3218.4
-3219.43
-3220.47
-3221.5
-3222.54
-3223.57
-3224.6
-3225.64
-3226.67
-3227.71
-3228.74
-3229.78
-3230.81
-3231.85
-3232.88
-3233.91
-3234.95
-3235.98
-3237.02
-3238.05
-3239.08
-3240.12
-3241.15
-3242.19
-3243.22
-3244.25
-3245.29
-3246.32
-3247.36
-3248.39
-3249.42
-3250.46
-3251.49
-3252.52
-3253.56
-3254.59
-3255.62
-3256.66
-3257.69
-3258.72
-3259.76
-3260.79
-3261.82
-3262.86
-3263.89
-3264.92
-3265.96
-3266.99
-3268.02
-3269.05
-3270.09
-3271.12
-3272.15
-3273.19
-3274.22
-3275.25
-3276.28
-3277.32
-3278.35
-3279.38
-3280.41
-3281.45
-3282.48
-3283.51
-3284.54
-3285.58
-3286.61
-3287.64
-3288.67
-3289.71
-3290.74
-3291.77
-3292.8
-3293.83
-3294.87
-3295.9
-3296.93
-3297.96
-3298.99
-3300.03
-3301.06
-3302.09
-3303.12
-3304.15
-3305.18
-3306.22
-3307.25
-3308.28
-3309.31
-3310.34
-3311.37
-3312.4
-3313.43
-3314.47
-3315.5
-3316.53
-3317.56
-3318.59
-3319.62
-3320.65
-3321.68
-3322.71
-3323.75
-3324.78
-3325.81
-3326.84
-3327.87
-3328.9
-3329.93
-3330.96
-3331.99
-3333.02
-3334.05
-3335.08
-3336.11
-3337.14
-3338.17
-3339.2
-3340.24
-3341.27
-3342.3
-3343.33
-3344.36
-3345.39
-3346.42
-3347.45
-3348.48
-3349.51
-3350.54
-3351.57
-3352.6
-3353.63
-3354.66
-3355.69
-3356.71
-3357.74
-3358.77
-3359.8
-3360.83
-3361.86
-3362.89
-3363.92
-3364.95
-3365.98
-3367.01
-3368.04
-3369.07
-3370.1
-3371.13
-3372.16
-3373.18
-3374.21
-3375.24
-3376.27
-3377.3
-3378.33
-3379.36
-3380.39
-3381.42
-3382.45
-3383.47
-3384.5
-3385.53
-3386.56
-3387.59
-3388.62
-3389.65
-3390.67
-3391.7
-3392.73
-3393.76
-3394.79
-3395.82
-3396.84
-3397.87
-3398.9
-3399.93
-3400.96
-3401.98
-3403.01
-3404.04
-3405.07
-3406.1
-3407.12
-3408.15
-3409.18
-3410.21
-3411.23
-3412.26
-3413.29
-3414.32
-3415.34
-3416.37
-3417.4
-3418.43
-3419.45
-3420.48
-3421.51
-3422.54
-3423.56
-3424.59
-3425.62
-3426.64
-3427.67
-3428.7
-3429.73
-3430.75
-3431.78
-3432.81
-3433.83
-3434.86
-3435.89
-3436.91
-3437.94
-3438.97
-3439.99
-3441.02
-3442.05
-3443.07
-3444.1
-3445.13
-3446.15
-3447.18
-3448.21
-3449.23
-3450.26
-3451.28
-3452.31
-3453.34
-3454.36
-3455.39
-3456.41
-3457.44
-3458.47
-3459.49
-3460.52
-3461.54
-3462.57
-3463.6
-3464.62
-3465.65
-3466.67
-3467.7
-3468.72
-3469.75
-3470.77
-3471.8
-3472.82
-3473.85
-3474.88
-3475.9
-3476.93
-3477.95
-3478.98
-3480
-3481.03
-3482.05
-3483.08
-3484.1
-3485.13
-3486.15
-3487.18
-3488.2
-3489.23
-3490.25
-3491.28
-3492.3
-3493.32
-3494.35
-3495.37
-3496.4
-3497.42
-3498.45
-3499.47
-3500.5
-3501.52
-3502.54
-3503.57
-3504.59
-3505.62
-3506.64
-3507.67
-3508.69
-3509.71
-3510.74
-3511.76
-3512.78
-3513.81
-3514.83
-3515.86
-3516.88
-3517.9
-3518.93
-3519.95
-3520.97
-3522
-3523.02
-3524.05
-3525.07
-3526.09
-3527.12
-3528.14
-3529.16
-3530.19
-3531.21
-3532.23
-3533.25
-3534.28
-3535.3
-3536.32
-3537.35
-3538.37
-3539.39
-3540.42
-3541.44
-3542.46
-3543.48
-3544.51
-3545.53
-3546.55
-3547.57
-3548.6
-3549.62
-3550.64
-3551.66
-3552.69
-3553.71
-3554.73
-3555.75
-3556.78
-3557.8
-3558.82
-3559.84
-3560.86
-3561.89
-3562.91
-3563.93
-3564.95
-3565.97
-3567
-3568.02
-3569.04
-3570.06
-3571.08
-3572.1
-3573.13
-3574.15
-3575.17
-3576.19
-3577.21
-3578.23
-3579.26
-3580.28
-3581.3
-3582.32
-3583.34
-3584.36
-3585.38
-3586.4
-3587.43
-3588.45
-3589.47
-3590.49
-3591.51
-3592.53
-3593.55
-3594.57
-3595.59
-3596.61
-3597.63
-3598.65
-3599.68
-3600.7
-3601.72
-3602.74
-3603.76
-3604.78
-3605.8
-3606.82
-3607.84
-3608.86
-3609.88
-3610.9
-3611.92
-3612.94
-3613.96
-3614.98
-3616
-3617.02
-3618.04
-3619.06
-3620.08
-3621.1
-3622.12
-3623.14
-3624.16
-3625.18
-3626.2
-3627.22
-3628.24
-3629.26
-3630.28
-3631.3
-3632.31
-3633.33
-3634.35
-3635.37
-3636.39
-3637.41
-3638.43
-3639.45
-3640.47
-3641.49
-3642.51
-3643.53
-3644.54
-3645.56
-3646.58
-3647.6
-3648.62
-3649.64
-3650.66
-3651.68
-3652.69
-3653.71
-3654.73
-3655.75
-3656.77
-3657.79
-3658.81
-3659.82
-3660.84
-3661.86
-3662.88
-3663.9
-3664.92
-3665.93
-3666.95
-3667.97
-3668.99
-3670.01
-3671.02
-3672.04
-3673.06
-3674.08
-3675.09
-3676.11
-3677.13
-3678.15
-3679.17
-3680.18
-3681.2
-3682.22
-3683.24
-3684.25
-3685.27
-3686.29
-3687.31
-3688.32
-3689.34
-3690.36
-3691.37
-3692.39
-3693.41
-3694.43
-3695.44
-3696.46
-3697.48
-3698.49
-3699.51
-3700.53
-3701.54
-3702.56
-3703.58
-3704.59
-3705.61
-3706.63
-3707.64
-3708.66
-3709.68
-3710.69
-3711.71
-3712.73
-3713.74
-3714.76
-3715.77
-3716.79
-3717.81
-3718.82
-3719.84
-3720.85
-3721.87
-3722.89
-3723.9
-3724.92
-3725.93
-3726.95
-3727.97
-3728.98
-3730
-3731.01
-3732.03
-3733.04
-3734.06
-3735.08
-3736.09
-3737.11
-3738.12
-3739.14
-3740.15
-3741.17
-3742.18
-3743.2
-3744.21
-3745.23
-3746.24
-3747.26
-3748.27
-3749.29
-3750.3
-3751.32
-3752.33
-3753.35
-3754.36
-3755.38
-3756.39
-3757.41
-3758.42
-3759.44
-3760.45
-3761.46
-3762.48
-3763.49
-3764.51
-3765.52
-3766.54
-3767.55
-3768.56
-3769.58
-3770.59
-3771.61
-3772.62
-3773.64
-3774.65
-3775.66
-3776.68
-3777.69
-3778.71
-3779.72
-3780.73
-3781.75
-3782.76
-3783.77
-3784.79
-3785.8
-3786.81
-3787.83
-3788.84
-3789.85
-3790.87
-3791.88
-3792.89
-3793.91
-3794.92
-3795.93
-3796.95
-3797.96
-3798.97
-3799.99
-3801
-3802.01
-3803.03
-3804.04
-3805.05
-3806.06
-3807.08
-3808.09
-3809.1
-3810.11
-3811.13
-3812.14
-3813.15
-3814.16
-3815.18
-3816.19
-3817.2
-3818.21
-3819.23
-3820.24
-3821.25
-3822.26
-3823.28
-3824.29
-3825.3
-3826.31
-3827.32
-3828.34
-3829.35
-3830.36
-3831.37
-3832.38
-3833.39
-3834.41
-3835.42
-3836.43
-3837.44
-3838.45
-3839.46
-3840.48
-3841.49
-3842.5
-3843.51
-3844.52
-3845.53
-3846.54
-3847.56
-3848.57
-3849.58
-3850.59
-3851.6
-3852.61
-3853.62
-3854.63
-3855.64
-3856.65
-3857.66
-3858.68
-3859.69
-3860.7
-3861.71
-3862.72
-3863.73
-3864.74
-3865.75
-3866.76
-3867.77
-3868.78
-3869.79
-3870.8
-3871.81
-3872.82
-3873.83
-3874.84
-3875.85
-3876.86
-3877.87
-3878.88
-3879.89
-3880.9
-3881.91
-3882.92
-3883.93
-3884.94
-3885.95
-3886.96
-3887.97
-3888.98
-3889.99
-3891
-3892.01
-3893.02
-3894.03
-3895.04
-3896.05
-3897.06
-3898.07
-3899.07
-3900.08
-3901.09
-3902.1
-3903.11
-3904.12
-3905.13
-3906.14
-3907.15
-3908.16
-3909.16
-3910.17
-3911.18
-3912.19
-3913.2
-3914.21
-3915.22
-3916.23
-3917.23
-3918.24
-3919.25
-3920.26
-3921.27
-3922.28
-3923.28
-3924.29
-3925.3
-3926.31
-3927.32
-3928.33
-3929.33
-3930.34
-3931.35
-3932.36
-3933.37
-3934.37
-3935.38
-3936.39
-3937.4
-3938.4
-3939.41
-3940.42
-3941.43
-3942.43
-3943.44
-3944.45
-3945.46
-3946.46
-3947.47
-3948.48
-3949.49
-3950.49
-3951.5
-3952.51
-3953.51
-3954.52
-3955.53
-3956.54
-3957.54
-3958.55
-3959.56
-3960.56
-3961.57
-3962.58
-3963.58
-3964.59
-3965.6
-3966.6
-3967.61
-3968.62
-3969.62
-3970.63
-3971.64
-3972.64
-3973.65
-3974.66
-3975.66
-3976.67
-3977.67
-3978.68
-3979.69
-3980.69
-3981.7
-3982.7
-3983.71
-3984.72
-3985.72
-3986.73
-3987.73
-3988.74
-3989.74
-3990.75
-3991.76
-3992.76
-3993.77
-3994.77
-3995.78
-3996.78
-3997.79
-3998.79
-3999.8
-4000.81
-4001.81
-4002.82
-4003.82
-4004.83
-4005.83
-4006.84
-4007.84
-4008.85
-4009.85
-4010.86
-4011.86
-4012.87
-4013.87
-4014.88
-4015.88
-4016.88
-4017.89
-4018.89
-4019.9
-4020.9
-4021.91
-4022.91
-4023.92
-4024.92
-4025.92
-4026.93
-4027.93
-4028.94
-4029.94
-4030.95
-4031.95
-4032.95
-4033.96
-4034.96
-4035.97
-4036.97
-4037.97
-4038.98
-4039.98
-4040.98
-4041.99
-4042.99
-4044
-4045
-4046
-4047.01
-4048.01
-4049.01
-4050.02
-4051.02
-4052.02
-4053.03
-4054.03
-4055.03
-4056.04
-4057.04
-4058.04
-4059.04
-4060.05
-4061.05
-4062.05
-4063.06
-4064.06
-4065.06
-4066.06
-4067.07
-4068.07
-4069.07
-4070.08
-4071.08
-4072.08
-4073.08
-4074.09
-4075.09
-4076.09
-4077.09
-4078.09
-4079.1
-4080.1
-4081.1
-4082.1
-4083.11
-4084.11
-4085.11
-4086.11
-4087.11
-4088.11
-4089.12
-4090.12
-4091.12
-4092.12
-4093.12
-4094.13
-4095.13
-4096.13
-4097.13
-4098.13
-4099.13
-4100.13
-4101.14
-4102.14
-4103.14
-4104.14
-4105.14
-4106.14
-4107.14
-4108.14
-4109.15
-4110.15
-4111.15
-4112.15
-4113.15
-4114.15
-4115.15
-4116.15
-4117.15
-4118.15
-4119.15
-4120.15
-4121.15
-4122.16
-4123.16
-4124.16
-4125.16
-4126.16
-4127.16
-4128.16
-4129.16
-4130.16
-4131.16
-4132.16
-4133.16
-4134.16
-4135.16
-4136.16
-4137.16
-4138.16
-4139.16
-4140.16
-4141.16
-4142.16
-4143.16
-4144.16
-4145.16
-4146.16
-4147.16
-4148.16
-4149.16
-4150.15
-4151.15
-4152.15
-4153.15
-4154.15
-4155.15
-4156.15
-4157.15
-4158.15
-4159.15
-4160.15
-4161.15
-4162.14
-4163.14
-4164.14
-4165.14
-4166.14
-4167.14
-4168.14
-4169.14
-4170.14
-4171.13
-4172.13
-4173.13
-4174.13
-4175.13
-4176.13
-4177.12
-4178.12
-4179.12
-4180.12
-4181.12
-4182.12
-4183.11
-4184.11
-4185.11
-4186.11
-4187.11
-4188.1
-4189.1
-4190.1
-4191.1
-4192.1
-4193.09
-4194.09
-4195.09
-4196.09
-4197.08
-4198.08
-4199.08
-4200.08
-4201.07
-4202.07
-4203.07
-4204.07
-4205.06
-4206.06
-4207.06
-4208.06
-4209.05
-4210.05
-4211.05
-4212.04
-4213.04
-4214.04
-4215.03
-4216.03
-4217.03
-4218.02
-4219.02
-4220.02
-4221.01
-4222.01
-4223.01
-4224
-4225
-4226
-4226.99
-4227.99
-4228.99
-4229.98
-4230.98
-4231.97
-4232.97
-4233.97
-4234.96
-4235.96
-4236.96
-4237.95
-4238.95
-4239.94
-4240.94
-4241.93
-4242.93
-4243.93
-4244.92
-4245.92
-4246.91
-4247.91
-4248.9
-4249.9
-4250.9
-4251.89
-4252.89
-4253.88
-4254.88
-4255.87
-4256.87
-4257.86
-4258.86
-4259.85
-4260.85
-4261.84
-4262.84
-4263.83
-4264.83
-4265.82
-4266.82
-4267.81
-4268.81
-4269.8
-4270.8
-4271.79
-4272.79
-4273.78
-4274.77
-4275.77
-4276.76
-4277.76
-4278.75
-4279.75
-4280.74
-4281.74
-4282.73
-4283.72
-4284.72
-4285.71
-4286.71
-4287.7
-4288.69
-4289.69
-4290.68
-4291.68
-4292.67
-4293.66
-4294.66
-4295.65
-4296.64
-4297.64
-4298.63
-4299.62
-4300.62
-4301.61
-4302.61
-4303.6
-4304.59
-4305.59
-4306.58
-4307.57
-4308.56
-4309.56
-4310.55
-4311.54
-4312.54
-4313.53
-4314.52
-4315.52
-4316.51
-4317.5
-4318.49
-4319.49
-4320.48
-4321.47
-4322.46
-4323.46
-4324.45
-4325.44
-4326.43
-4327.43
-4328.42
-4329.41
-4330.4
-4331.4
-4332.39
-4333.38
-4334.37
-4335.37
-4336.36
-4337.35
-4338.34
-4339.33
-4340.33
-4341.32
-4342.31
-4343.3
-4344.29
-4345.28
-4346.28
-4347.27
-4348.26
-4349.25
-4350.24
-4351.23
-4352.22
-4353.22
-4354.21
-4355.2
-4356.19
-4357.18
-4358.17
-4359.16
-4360.15
-4361.15
-4362.14
-4363.13
-4364.12
-4365.11
-4366.1
-4367.09
-4368.08
-4369.07
-4370.06
-4371.05
-4372.05
-4373.04
-4374.03
-4375.02
-4376.01
-4377
-4377.99
-4378.98
-4379.97
-4380.96
-4381.95
-4382.94
-4383.93
-4384.92
-4385.91
-4386.9
-4387.89
-4388.88
-4389.87
-4390.86
-4391.85
-4392.84
-4393.83
-4394.82
-4395.81
-4396.8
-4397.79
-4398.78
-4399.77
-4400.76
-4401.75
-4402.73
-4403.72
-4404.71
-4405.7
-4406.69
-4407.68
-4408.67
-4409.66
-4410.65
-4411.64
-4412.63
-4413.62
-4414.6
-4415.59
-4416.58
-4417.57
-4418.56
-4419.55
-4420.54
-4421.53
-4422.51
-4423.5
-4424.49
-4425.48
-4426.47
-4427.46
-4428.45
-4429.43
-4430.42
-4431.41
-4432.4
-4433.39
-4434.37
-4435.36
-4436.35
-4437.34
-4438.33
-4439.31
-4440.3
-4441.29
-4442.28
-4443.27
-4444.25
-4445.24
-4446.23
-4447.22
-4448.2
-4449.19
-4450.18
-4451.17
-4452.15
-4453.14
-4454.13
-4455.12
-4456.1
-4457.09
-4458.08
-4459.06
-4460.05
-4461.04
-4462.03
-4463.01
-4464
-4464.99
-4465.97
-4466.96
-4467.95
-4468.93
-4469.92
-4470.91
-4471.89
-4472.88
-4473.87
-4474.85
-4475.84
-4476.83
-4477.81
-4478.8
-4479.79
-4480.77
-4481.76
-4482.74
-4483.73
-4484.72
-4485.7
-4486.69
-4487.67
-4488.66
-4489.65
-4490.63
-4491.62
-4492.6
-4493.59
-4494.57
-4495.56
-4496.55
-4497.53
-4498.52
-4499.5
-4500.49
-4501.47
-4502.46
-4503.44
-4504.43
-4505.41
-4506.4
-4507.38
-4508.37
-4509.36
-4510.34
-4511.33
-4512.31
-4513.3
-4514.28
-4515.26
-4516.25
-4517.23
-4518.22
-4519.2
-4520.19
-4521.17
-4522.16
-4523.14
-4524.13
-4525.11
-4526.1
-4527.08
-4528.06
-4529.05
-4530.03
-4531.02
-4532
-4532.99
-4533.97
-4534.95
-4535.94
-4536.92
-4537.91
-4538.89
-4539.87
-4540.86
-4541.84
-4542.82
-4543.81
-4544.79
-4545.78
-4546.76
-4547.74
-4548.73
-4549.71
-4550.69
-4551.68
-4552.66
-4553.64
-4554.63
-4555.61
-4556.59
-4557.58
-4558.56
-4559.54
-4560.52
-4561.51
-4562.49
-4563.47
-4564.46
-4565.44
-4566.42
-4567.4
-4568.39
-4569.37
-4570.35
-4571.34
-4572.32
-4573.3
-4574.28
-4575.26
-4576.25
-4577.23
-4578.21
-4579.19
-4580.18
-4581.16
-4582.14
-4583.12
-4584.1
-4585.09
-4586.07
-4587.05
-4588.03
-4589.01
-4590
-4590.98
-4591.96
-4592.94
-4593.92
-4594.9
-4595.89
-4596.87
-4597.85
-4598.83
-4599.81
-4600.79
-4601.77
-4602.76
-4603.74
-4604.72
-4605.7
-4606.68
-4607.66
-4608.64
-4609.62
-4610.6
-4611.59
-4612.57
-4613.55
-4614.53
-4615.51
-4616.49
-4617.47
-4618.45
-4619.43
-4620.41
-4621.39
-4622.37
-4623.35
-4624.33
-4625.31
-4626.29
-4627.27
-4628.26
-4629.24
-4630.22
-4631.2
-4632.18
-4633.16
-4634.14
-4635.12
-4636.1
-4637.08
-4638.06
-4639.04
-4640.01
-4640.99
-4641.97
-4642.95
-4643.93
-4644.91
-4645.89
-4646.87
-4647.85
-4648.83
-4649.81
-4650.79
-4651.77
-4652.75
-4653.73
-4654.71
-4655.69
-4656.66
-4657.64
-4658.62
-4659.6
-4660.58
-4661.56
-4662.54
-4663.52
-4664.5
-4665.47
-4666.45
-4667.43
-4668.41
-4669.39
-4670.37
-4671.35
-4672.32
-4673.3
-4674.28
-4675.26
-4676.24
-4677.22
-4678.19
-4679.17
-4680.15
-4681.13
-4682.11
-4683.08
-4684.06
-4685.04
-4686.02
-4687
-4687.97
-4688.95
-4689.93
-4690.91
-4691.88
-4692.86
-4693.84
-4694.82
-4695.79
-4696.77
-4697.75
-4698.73
-4699.7
-4700.68
-4701.66
-4702.63
-4703.61
-4704.59
-4705.57
-4706.54
-4707.52
-4708.5
-4709.47
-4710.45
-4711.43
-4712.4
-4713.38
-4714.36
-4715.33
-4716.31
-4717.29
-4718.26
-4719.24
-4720.22
-4721.19
-4722.17
-4723.15
-4724.12
-4725.1
-4726.07
-4727.05
-4728.03
-4729
-4729.98
-4730.96
-4731.93
-4732.91
-4733.88
-4734.86
-4735.83
-4736.81
-4737.79
-4738.76
-4739.74
-4740.71
-4741.69
-4742.66
-4743.64
-4744.62
-4745.59
-4746.57
-4747.54
-4748.52
-4749.49
-4750.47
-4751.44
-4752.42
-4753.39
-4754.37
-4755.34
-4756.32
-4757.29
-4758.27
-4759.24
-4760.22
-4761.19
-4762.17
-4763.14
-4764.12
-4765.09
-4766.06
-4767.04
-4768.01
-4768.99
-4769.96
-4770.94
-4771.91
-4772.88
-4773.86
-4774.83
-4775.81
-4776.78
-4777.76
-4778.73
-4779.7
-4780.68
-4781.65
-4782.63
-4783.6
-4784.57
-4785.55
-4786.52
-4787.49
-4788.47
-4789.44
-4790.41
-4791.39
-4792.36
-4793.33
-4794.31
-4795.28
-4796.25
-4797.23
-4798.2
-4799.17
-4800.15
-4801.12
-4802.09
-4803.07
-4804.04
-4805.01
-4805.99
-4806.96
-4807.93
-4808.9
-4809.88
-4810.85
-4811.82
-4812.79
-4813.77
-4814.74
-4815.71
-4816.68
-4817.66
-4818.63
-4819.6
-4820.57
-4821.55
-4822.52
-4823.49
-4824.46
-4825.43
-4826.41
-4827.38
-4828.35
-4829.32
-4830.29
-4831.27
-4832.24
-4833.21
-4834.18
-4835.15
-4836.12
-4837.1
-4838.07
-4839.04
-4840.01
-4840.98
-4841.95
-4842.92
-4843.9
-4844.87
-4845.84
-4846.81
-4847.78
-4848.75
-4849.72
-4850.69
-4851.66
-4852.64
-4853.61
-4854.58
-4855.55
-4856.52
-4857.49
-4858.46
-4859.43
-4860.4
-4861.37
-4862.34
-4863.31
-4864.28
-4865.25
-4866.22
-4867.19
-4868.16
-4869.13
-4870.11
-4871.08
-4872.05
-4873.02
-4873.99
-4874.96
-4875.93
-4876.9
-4877.87
-4878.84
-4879.8
-4880.77
-4881.74
-4882.71
-4883.68
-4884.65
-4885.62
-4886.59
-4887.56
-4888.53
-4889.5
-4890.47
-4891.44
-4892.41
-4893.38
-4894.35
-4895.32
-4896.28
-4897.25
-4898.22
-4899.19
-4900.16
-4901.13
-4902.1
-4903.07
-4904.04
-4905
-4905.97
-4906.94
-4907.91
-4908.88
-4909.85
-4910.82
-4911.78
-4912.75
-4913.72
-4914.69
-4915.66
-4916.63
-4917.59
-4918.56
-4919.53
-4920.5
-4921.47
-4922.43
-4923.4
-4924.37
-4925.34
-4926.31
-4927.27
-4928.24
-4929.21
-4930.18
-4931.14
-4932.11
-4933.08
-4934.05
-4935.01
-4935.98
-4936.95
-4937.92
-4938.88
-4939.85
-4940.82
-4941.79
-4942.75
-4943.72
-4944.69
-4945.65
-4946.62
-4947.59
-4948.55
-4949.52
-4950.49
-4951.46
-4952.42
-4953.39
-4954.36
-4955.32
-4956.29
-4957.25
-4958.22
-4959.19
-4960.15
-4961.12
-4962.09
-4963.05
-4964.02
-4964.99
-4965.95
-4966.92
-4967.88
-4968.85
-4969.82
-4970.78
-4971.75
-4972.71
-4973.68
-4974.64
-4975.61
-4976.58
-4977.54
-4978.51
-4979.47
-4980.44
-4981.4
-4982.37
-4983.33
-4984.3
-4985.27
-4986.23
-4987.2
-4988.16
-4989.13
-4990.09
-4991.06
-4992.02
-4992.99
-4993.95
-4994.92
-4995.88
-4996.85
-4997.81
-4998.78
-4999.74
-5000.71
-5001.67
-5002.63
-5003.6
-5004.56
-5005.53
-5006.49
-5007.46
-5008.42
-5009.39
-5010.35
-5011.31
-5012.28
-5013.24
-5014.21
-5015.17
-5016.13
-5017.1
-5018.06
-5019.03
-5019.99
-5020.95
-5021.92
-5022.88
-5023.84
-5024.81
-5025.77
-5026.74
-5027.7
-5028.66
-5029.63
-5030.59
-5031.55
-5032.52
-5033.48
-5034.44
-5035.41
-5036.37
-5037.33
-5038.29
-5039.26
-5040.22
-5041.18
-5042.15
-5043.11
-5044.07
-5045.03
-5046
-5046.96
-5047.92
-5048.89
-5049.85
-5050.81
-5051.77
-5052.74
-5053.7
-5054.66
-5055.62
-5056.58
-5057.55
-5058.51
-5059.47
-5060.43
-5061.4
-5062.36
-5063.32
-5064.28
-5065.24
-5066.21
-5067.17
-5068.13
-5069.09
-5070.05
-5071.01
-5071.98
-5072.94
-5073.9
-5074.86
-5075.82
-5076.78
-5077.74
-5078.71
-5079.67
-5080.63
-5081.59
-5082.55
-5083.51
-5084.47
-5085.43
-5086.39
-5087.36
-5088.32
-5089.28
-5090.24
-5091.2
-5092.16
-5093.12
-5094.08
-5095.04
-5096
-5096.96
-5097.92
-5098.88
-5099.84
-5100.8
-5101.77
-5102.73
-5103.69
-5104.65
-5105.61
-5106.57
-5107.53
-5108.49
-5109.45
-5110.41
-5111.37
-5112.33
-5113.29
-5114.25
-5115.21
-5116.16
-5117.12
-5118.08
-5119.04
-5120
-5120.96
-5121.92
-5122.88
-5123.84
-5124.8
-5125.76
-5126.72
-5127.68
-5128.64
-5129.6
-5130.56
-5131.51
-5132.47
-5133.43
-5134.39
-5135.35
-5136.31
-5137.27
-5138.23
-5139.19
-5140.14
-5141.1
-5142.06
-5143.02
-5143.98
-5144.94
-5145.9
-5146.85
-5147.81
-5148.77
-5149.73
-5150.69
-5151.65
-5152.6
-5153.56
-5154.52
-5155.48
-5156.44
-5157.39
-5158.35
-5159.31
-5160.27
-5161.22
-5162.18
-5163.14
-5164.1
-5165.06
-5166.01
-5166.97
-5167.93
-5168.89
-5169.84
-5170.8
-5171.76
-5172.71
-5173.67
-5174.63
-5175.59
-5176.54
-5177.5
-5178.46
-5179.41
-5180.37
-5181.33
-5182.28
-5183.24
-5184.2
-5185.16
-5186.11
-5187.07
-5188.02
-5188.98
-5189.94
-5190.89
-5191.85
-5192.81
-5193.76
-5194.72
-5195.68
-5196.63
-5197.59
-5198.54
-5199.5
-5200.46
-5201.41
-5202.37
-5203.32
-5204.28
-5205.24
-5206.19
-5207.15
-5208.1
-5209.06
-5210.02
-5210.97
-5211.93
-5212.88
-5213.84
-5214.79
-5215.75
-5216.7
-5217.66
-5218.61
-5219.57
-5220.52
-5221.48
-5222.43
-5223.39
-5224.34
-5225.3
-5226.25
-5227.21
-5228.16
-5229.12
-5230.07
-5231.03
-5231.98
-5232.94
-5233.89
-5234.85
-5235.8
-5236.76
-5237.71
-5238.66
-5239.62
-5240.57
-5241.53
-5242.48
-5243.44
-5244.39
-5245.34
-5246.3
-5247.25
-5248.21
-5249.16
-5250.11
-5251.07
-5252.02
-5252.98
-5253.93
-5254.88
-5255.84
-5256.79
-5257.74
-5258.7
-5259.65
-5260.6
-5261.56
-5262.51
-5263.46
-5264.42
-5265.37
-5266.32
-5267.28
-5268.23
-5269.18
-5270.14
-5271.09
-5272.04
-5273
-5273.95
-5274.9
-5275.85
-5276.81
-5277.76
-5278.71
-5279.66
-5280.62
-5281.57
-5282.52
-5283.47
-5284.43
-5285.38
-5286.33
-5287.28
-5288.24
-5289.19
-5290.14
-5291.09
-5292.04
-5293
-5293.95
-5294.9
-5295.85
-5296.8
-5297.76
-5298.71
-5299.66
-5300.61
-5301.56
-5302.51
-5303.47
-5304.42
-5305.37
-5306.32
-5307.27
-5308.22
-5309.17
-5310.12
-5311.08
-5312.03
-5312.98
-5313.93
-5314.88
-5315.83
-5316.78
-5317.73
-5318.68
-5319.64
-5320.59
-5321.54
-5322.49
-5323.44
-5324.39
-5325.34
-5326.29
-5327.24
-5328.19
-5329.14
-5330.09
-5331.04
-5331.99
-5332.94
-5333.89
-5334.84
-5335.79
-5336.74
-5337.69
-5338.64
-5339.59
-5340.54
-5341.49
-5342.44
-5343.39
-5344.34
-5345.29
-5346.24
-5347.19
-5348.14
-5349.09
-5350.04
-5350.99
-5351.94
-5352.89
-5353.84
-5354.79
-5355.74
-5356.68
-5357.63
-5358.58
-5359.53
-5360.48
-5361.43
-5362.38
-5363.33
-5364.28
-5365.23
-5366.17
-5367.12
-5368.07
-5369.02
-5369.97
-5370.92
-5371.87
-5372.81
-5373.76
-5374.71
-5375.66
-5376.61
-5377.56
-5378.5
-5379.45
-5380.4
-5381.35
-5382.3
-5383.25
-5384.19
-5385.14
-5386.09
-5387.04
-5387.98
-5388.93
-5389.88
-5390.83
-5391.78
-5392.72
-5393.67
-5394.62
-5395.57
-5396.51
-5397.46
-5398.41
-5399.35
-5400.3
-5401.25
-5402.2
-5403.14
-5404.09
-5405.04
-5405.98
-5406.93
-5407.88
-5408.83
-5409.77
-5410.72
-5411.67
-5412.61
-5413.56
-5414.51
-5415.45
-5416.4
-5417.35
-5418.29
-5419.24
-5420.18
-5421.13
-5422.08
-5423.02
-5423.97
-5424.92
-5425.86
-5426.81
-5427.75
-5428.7
-5429.65
-5430.59
-5431.54
-5432.48
-5433.43
-5434.38
-5435.32
-5436.27
-5437.21
-5438.16
-5439.1
-5440.05
-5440.99
-5441.94
-5442.88
-5443.83
-5444.78
-5445.72
-5446.67
-5447.61
-5448.56
-5449.5
-5450.45
-5451.39
-5452.34
-5453.28
-5454.23
-5455.17
-5456.12
-5457.06
-5458
-5458.95
-5459.89
-5460.84
-5461.78
-5462.73
-5463.67
-5464.62
-5465.56
-5466.5
-5467.45
-5468.39
-5469.34
-5470.28
-5471.23
-5472.17
-5473.11
-5474.06
-5475
-5475.95
-5476.89
-5477.83
-5478.78
-5479.72
-5480.66
-5481.61
-5482.55
-5483.49
-5484.44
-5485.38
-5486.33
-5487.27
-5488.21
-5489.16
-5490.1
-5491.04
-5491.98
-5492.93
-5493.87
-5494.81
-5495.76
-5496.7
-5497.64
-5498.59
-5499.53
-5500.47
-5501.41
-5502.36
-5503.3
-5504.24
-5505.18
-5506.13
-5507.07
-5508.01
-5508.95
-5509.9
-5510.84
-5511.78
-5512.72
-5513.67
-5514.61
-5515.55
-5516.49
-5517.43
-5518.38
-5519.32
-5520.26
-5521.2
-5522.14
-5523.08
-5524.03
-5524.97
-5525.91
-5526.85
-5527.79
-5528.73
-5529.68
-5530.62
-5531.56
-5532.5
-5533.44
-5534.38
-5535.32
-5536.26
-5537.21
-5538.15
-5539.09
-5540.03
-5540.97
-5541.91
-5542.85
-5543.79
-5544.73
-5545.67
-5546.61
-5547.55
-5548.5
-5549.44
-5550.38
-5551.32
-5552.26
-5553.2
-5554.14
-5555.08
-5556.02
-5556.96
-5557.9
-5558.84
-5559.78
-5560.72
-5561.66
-5562.6
-5563.54
-5564.48
-5565.42
-5566.36
-5567.3
-5568.24
-5569.18
-5570.12
-5571.06
-5572
-5572.94
-5573.88
-5574.81
-5575.75
-5576.69
-5577.63
-5578.57
-5579.51
-5580.45
-5581.39
-5582.33
-5583.27
-5584.21
-5585.15
-5586.08
-5587.02
-5587.96
-5588.9
-5589.84
-5590.78
-5591.72
-5592.66
-5593.59
-5594.53
-5595.47
-5596.41
-5597.35
-5598.29
-5599.22
-5600.16
-5601.1
-5602.04
-5602.98
-5603.91
-5604.85
-5605.79
-5606.73
-5607.67
-5608.6
-5609.54
-5610.48
-5611.42
-5612.36
-5613.29
-5614.23
-5615.17
-5616.11
-5617.04
-5617.98
-5618.92
-5619.86
-5620.79
-5621.73
-5622.67
-5623.6
-5624.54
-5625.48
-5626.42
-5627.35
-5628.29
-5629.23
-5630.16
-5631.1
-5632.04
-5632.97
-5633.91
-5634.85
-5635.78
-5636.72
-5637.66
-5638.59
-5639.53
-5640.47
-5641.4
-5642.34
-5643.28
-5644.21
-5645.15
-5646.08
-5647.02
-5647.96
-5648.89
-5649.83
-5650.76
-5651.7
-5652.64
-5653.57
-5654.51
-5655.44
-5656.38
-5657.31
-5658.25
-5659.19
-5660.12
-5661.06
-5661.99
-5662.93
-5663.86
-5664.8
-5665.73
-5666.67
-5667.6
-5668.54
-5669.47
-5670.41
-5671.34
-5672.28
-5673.21
-5674.15
-5675.08
-5676.02
-5676.95
-5677.89
-5678.82
-5679.76
-5680.69
-5681.63
-5682.56
-5683.49
-5684.43
-5685.36
-5686.3
-5687.23
-5688.17
-5689.1
-5690.03
-5690.97
-5691.9
-5692.84
-5693.77
-5694.7
-5695.64
-5696.57
-5697.51
-5698.44
-5699.37
-5700.31
-5701.24
-5702.17
-5703.11
-5704.04
-5704.97
-5705.91
-5706.84
-5707.77
-5708.71
-5709.64
-5710.57
-5711.51
-5712.44
-5713.37
-5714.31
-5715.24
-5716.17
-5717.1
-5718.04
-5718.97
-5719.9
-5720.84
-5721.77
-5722.7
-5723.63
-5724.57
-5725.5
-5726.43
-5727.36
-5728.3
-5729.23
-5730.16
-5731.09
-5732.02
-5732.96
-5733.89
-5734.82
-5735.75
-5736.68
-5737.62
-5738.55
-5739.48
-5740.41
-5741.34
-5742.28
-5743.21
-5744.14
-5745.07
-5746
-5746.93
-5747.86
-5748.8
-5749.73
-5750.66
-5751.59
-5752.52
-5753.45
-5754.38
-5755.31
-5756.25
-5757.18
-5758.11
-5759.04
-5759.97
-5760.9
-5761.83
-5762.76
-5763.69
-5764.62
-5765.55
-5766.48
-5767.41
-5768.35
-5769.28
-5770.21
-5771.14
-5772.07
-5773
-5773.93
-5774.86
-5775.79
-5776.72
-5777.65
-5778.58
-5779.51
-5780.44
-5781.37
-5782.3
-5783.23
-5784.16
-5785.09
-5786.02
-5786.95
-5787.88
-5788.8
-5789.73
-5790.66
-5791.59
-5792.52
-5793.45
-5794.38
-5795.31
-5796.24
-5797.17
-5798.1
-5799.03
-5799.96
-5800.88
-5801.81
-5802.74
-5803.67
-5804.6
-5805.53
-5806.46
-5807.39
-5808.31
-5809.24
-5810.17
-5811.1
-5812.03
-5812.96
-5813.89
-5814.81
-5815.74
-5816.67
-5817.6
-5818.53
-5819.45
-5820.38
-5821.31
-5822.24
-5823.17
-5824.09
-5825.02
-5825.95
-5826.88
-5827.81
-5828.73
-5829.66
-5830.59
-5831.52
-5832.44
-5833.37
-5834.3
-5835.23
-5836.15
-5837.08
-5838.01
-5838.93
-5839.86
-5840.79
-5841.72
-5842.64
-5843.57
-5844.5
-5845.42
-5846.35
-5847.28
-5848.2
-5849.13
-5850.06
-5850.98
-5851.91
-5852.84
-5853.76
-5854.69
-5855.62
-5856.54
-5857.47
-5858.39
-5859.32
-5860.25
-5861.17
-5862.1
-5863.03
-5863.95
-5864.88
-5865.8
-5866.73
-5867.66
-5868.58
-5869.51
-5870.43
-5871.36
-5872.28
-5873.21
-5874.13
-5875.06
-5875.99
-5876.91
-5877.84
-5878.76
-5879.69
-5880.61
-5881.54
-5882.46
-5883.39
-5884.31
-5885.24
-5886.16
-5887.09
-5888.01
-5888.94
-5889.86
-5890.79
-5891.71
-5892.64
-5893.56
-5894.48
-5895.41
-5896.33
-5897.26
-5898.18
-5899.11
-5900.03
-5900.96
-5901.88
-5902.8
-5903.73
-5904.65
-5905.58
-5906.5
-5907.42
-5908.35
-5909.27
-5910.2
-5911.12
-5912.04
-5912.97
-5913.89
-5914.81
-5915.74
-5916.66
-5917.58
-5918.51
-5919.43
-5920.35
-5921.28
-5922.2
-5923.12
-5924.05
-5924.97
-5925.89
-5926.82
-5927.74
-5928.66
-5929.58
-5930.51
-5931.43
-5932.35
-5933.28
-5934.2
-5935.12
-5936.04
-5936.97
-5937.89
-5938.81
-5939.73
-5940.66
-5941.58
-5942.5
-5943.42
-5944.35
-5945.27
-5946.19
-5947.11
-5948.03
-5948.96
-5949.88
-5950.8
-5951.72
-5952.64
-5953.56
-5954.49
-5955.41
-5956.33
-5957.25
-5958.17
-5959.09
-5960.02
-5960.94
-5961.86
-5962.78
-5963.7
-5964.62
-5965.54
-5966.46
-5967.39
-5968.31
-5969.23
-5970.15
-5971.07
-5971.99
-5972.91
-5973.83
-5974.75
-5975.67
-5976.59
-5977.51
-5978.43
-5979.35
-5980.28
-5981.2
-5982.12
-5983.04
-5983.96
-5984.88
-5985.8
-5986.72
-5987.64
-5988.56
-5989.48
-5990.4
-5991.32
-5992.24
-5993.16
-5994.08
-5995
-5995.92
-5996.84
-5997.76
-5998.68
-5999.59
-6000.51
-6001.43
-6002.35
-6003.27
-6004.19
-6005.11
-6006.03
-6006.95
-6007.87
-6008.79
-6009.71
-6010.63
-6011.54
-6012.46
-6013.38
-6014.3
-6015.22
-6016.14
-6017.06
-6017.98
-6018.89
-6019.81
-6020.73
-6021.65
-6022.57
-6023.49
-6024.41
-6025.32
-6026.24
-6027.16
-6028.08
-6029
-6029.91
-6030.83
-6031.75
-6032.67
-6033.59
-6034.5
-6035.42
-6036.34
-6037.26
-6038.17
-6039.09
-6040.01
-6040.93
-6041.84
-6042.76
-6043.68
-6044.6
-6045.51
-6046.43
-6047.35
-6048.27
-6049.18
-6050.1
-6051.02
-6051.93
-6052.85
-6053.77
-6054.69
-6055.6
-6056.52
-6057.44
-6058.35
-6059.27
-6060.19
-6061.1
-6062.02
-6062.93
-6063.85
-6064.77
-6065.68
-6066.6
-6067.52
-6068.43
-6069.35
-6070.26
-6071.18
-6072.1
-6073.01
-6073.93
-6074.84
-6075.76
-6076.68
-6077.59
-6078.51
-6079.42
-6080.34
-6081.25
-6082.17
-6083.09
-6084
-6084.92
-6085.83
-6086.75
-6087.66
-6088.58
-6089.49
-6090.41
-6091.32
-6092.24
-6093.15
-6094.07
-6094.98
-6095.9
-6096.81
-6097.73
-6098.64
-6099.56
-6100.47
-6101.39
-6102.3
-6103.21
-6104.13
-6105.04
-6105.96
-6106.87
-6107.79
-6108.7
-6109.62
-6110.53
-6111.44
-6112.36
-6113.27
-6114.19
-6115.1
-6116.01
-6116.93
-6117.84
-6118.75
-6119.67
-6120.58
-6121.5
-6122.41
-6123.32
-6124.24
-6125.15
-6126.06
-6126.98
-6127.89
-6128.8
-6129.72
-6130.63
-6131.54
-6132.46
-6133.37
-6134.28
-6135.19
-6136.11
-6137.02
-6137.93
-6138.85
-6139.76
-6140.67
-6141.58
-6142.5
-6143.41
-6144.32
-6145.23
-6146.15
-6147.06
-6147.97
-6148.88
-6149.79
-6150.71
-6151.62
-6152.53
-6153.44
-6154.36
-6155.27
-6156.18
-6157.09
-6158
-6158.91
-6159.83
-6160.74
-6161.65
-6162.56
-6163.47
-6164.38
-6165.3
-6166.21
-6167.12
-6168.03
-6168.94
-6169.85
-6170.76
-6171.67
-6172.59
-6173.5
-6174.41
-6175.32
-6176.23
-6177.14
-6178.05
-6178.96
-6179.87
-6180.78
-6181.69
-6182.6
-6183.52
-6184.43
-6185.34
-6186.25
-6187.16
-6188.07
-6188.98
-6189.89
-6190.8
-6191.71
-6192.62
-6193.53
-6194.44
-6195.35
-6196.26
-6197.17
-6198.08
-6198.99
-6199.9
-6200.81
-6201.72
-6202.63
-6203.54
-6204.45
-6205.36
-6206.26
-6207.17
-6208.08
-6208.99
-6209.9
-6210.81
-6211.72
-6212.63
-6213.54
-6214.45
-6215.36
-6216.27
-6217.17
-6218.08
-6218.99
-6219.9
-6220.81
-6221.72
-6222.63
-6223.53
-6224.44
-6225.35
-6226.26
-6227.17
-6228.08
-6228.99
-6229.89
-6230.8
-6231.71
-6232.62
-6233.53
-6234.43
-6235.34
-6236.25
-6237.16
-6238.07
-6238.97
-6239.88
-6240.79
-6241.7
-6242.6
-6243.51
-6244.42
-6245.33
-6246.23
-6247.14
-6248.05
-6248.96
-6249.86
-6250.77
-6251.68
-6252.59
-6253.49
-6254.4
-6255.31
-6256.21
-6257.12
-6258.03
-6258.93
-6259.84
-6260.75
-6261.65
-6262.56
-6263.47
-6264.37
-6265.28
-6266.19
-6267.09
-6268
-6268.91
-6269.81
-6270.72
-6271.62
-6272.53
-6273.44
-6274.34
-6275.25
-6276.15
-6277.06
-6277.97
-6278.87
-6279.78
-6280.68
-6281.59
-6282.49
-6283.4
-6284.31
-6285.21
-6286.12
-6287.02
-6287.93
-6288.83
-6289.74
-6290.64
-6291.55
-6292.45
-6293.36
-6294.26
-6295.17
-6296.07
-6296.98
-6297.88
-6298.79
-6299.69
-6300.6
-6301.5
-6302.41
-6303.31
-6304.22
-6305.12
-6306.02
-6306.93
-6307.83
-6308.74
-6309.64
-6310.55
-6311.45
-6312.35
-6313.26
-6314.16
-6315.07
-6315.97
-6316.87
-6317.78
-6318.68
-6319.59
-6320.49
-6321.39
-6322.3
-6323.2
-6324.1
-6325.01
-6325.91
-6326.81
-6327.72
-6328.62
-6329.52
-6330.43
-6331.33
-6332.23
-6333.14
-6334.04
-6334.94
-6335.85
-6336.75
-6337.65
-6338.55
-6339.46
-6340.36
-6341.26
-6342.16
-6343.07
-6343.97
-6344.87
-6345.77
-6346.68
-6347.58
-6348.48
-6349.38
-6350.29
-6351.19
-6352.09
-6352.99
-6353.89
-6354.8
-6355.7
-6356.6
-6357.5
-6358.4
-6359.31
-6360.21
-6361.11
-6362.01
-6362.91
-6363.81
-6364.72
-6365.62
-6366.52
-6367.42
-6368.32
-6369.22
-6370.12
-6371.02
-6371.93
-6372.83
-6373.73
-6374.63
-6375.53
-6376.43
-6377.33
-6378.23
-6379.13
-6380.03
-6380.93
-6381.83
-6382.73
-6383.64
-6384.54
-6385.44
-6386.34
-6387.24
-6388.14
-6389.04
-6389.94
-6390.84
-6391.74
-6392.64
-6393.54
-6394.44
-6395.34
-6396.24
-6397.14
-6398.04
-6398.94
-6399.84
-6400.74
-6401.64
-6402.54
-6403.43
-6404.33
-6405.23
-6406.13
-6407.03
-6407.93
-6408.83
-6409.73
-6410.63
-6411.53
-6412.43
-6413.33
-6414.22
-6415.12
-6416.02
-6416.92
-6417.82
-6418.72
-6419.62
-6420.52
-6421.41
-6422.31
-6423.21
-6424.11
-6425.01
-6425.91
-6426.81
-6427.7
-6428.6
-6429.5
-6430.4
-6431.3
-6432.19
-6433.09
-6433.99
-6434.89
-6435.79
-6436.68
-6437.58
-6438.48
-6439.38
-6440.27
-6441.17
-6442.07
-6442.97
-6443.86
-6444.76
-6445.66
-6446.56
-6447.45
-6448.35
-6449.25
-6450.14
-6451.04
-6451.94
-6452.84
-6453.73
-6454.63
-6455.53
-6456.42
-6457.32
-6458.22
-6459.11
-6460.01
-6460.91
-6461.8
-6462.7
-6463.6
-6464.49
-6465.39
-6466.28
-6467.18
-6468.08
-6468.97
-6469.87
-6470.76
-6471.66
-6472.56
-6473.45
-6474.35
-6475.24
-6476.14
-6477.04
-6477.93
-6478.83
-6479.72
-6480.62
-6481.51
-6482.41
-6483.3
-6484.2
-6485.1
-6485.99
-6486.89
-6487.78
-6488.68
-6489.57
-6490.47
-6491.36
-6492.26
-6493.15
-6494.05
-6494.94
-6495.83
-6496.73
-6497.62
-6498.52
-6499.41
-6500.31
-6501.2
-6502.1
-6502.99
-6503.89
-6504.78
-6505.67
-6506.57
-6507.46
-6508.36
-6509.25
-6510.14
-6511.04
-6511.93
-6512.83
-6513.72
-6514.61
-6515.51
-6516.4
-6517.29
-6518.19
-6519.08
-6519.97
-6520.87
-6521.76
-6522.66
-6523.55
-6524.44
-6525.33
-6526.23
-6527.12
-6528.01
-6528.91
-6529.8
-6530.69
-6531.59
-6532.48
-6533.37
-6534.26
-6535.16
-6536.05
-6536.94
-6537.83
-6538.73
-6539.62
-6540.51
-6541.4
-6542.3
-6543.19
-6544.08
-6544.97
-6545.87
-6546.76
-6547.65
-6548.54
-6549.43
-6550.33
-6551.22
-6552.11
-6553
-6553.89
-6554.78
-6555.68
-6556.57
-6557.46
-6558.35
-6559.24
-6560.13
-6561.02
-6561.92
-6562.81
-6563.7
-6564.59
-6565.48
-6566.37
-6567.26
-6568.15
-6569.04
-6569.93
-6570.83
-6571.72
-6572.61
-6573.5
-6574.39
-6575.28
-6576.17
-6577.06
-6577.95
-6578.84
-6579.73
-6580.62
-6581.51
-6582.4
-6583.29
-6584.18
-6585.07
-6585.96
-6586.85
-6587.74
-6588.63
-6589.52
-6590.41
-6591.3
-6592.19
-6593.08
-6593.97
-6594.86
-6595.75
-6596.64
-6597.53
-6598.42
-6599.31
-6600.2
-6601.09
-6601.97
-6602.86
-6603.75
-6604.64
-6605.53
-6606.42
-6607.31
-6608.2
-6609.09
-6609.97
-6610.86
-6611.75
-6612.64
-6613.53
-6614.42
-6615.31
-6616.19
-6617.08
-6617.97
-6618.86
-6619.75
-6620.64
-6621.52
-6622.41
-6623.3
-6624.19
-6625.08
-6625.96
-6626.85
-6627.74
-6628.63
-6629.51
-6630.4
-6631.29
-6632.18
-6633.07
-6633.95
-6634.84
-6635.73
-6636.61
-6637.5
-6638.39
-6639.28
-6640.16
-6641.05
-6641.94
-6642.82
-6643.71
-6644.6
-6645.49
-6646.37
-6647.26
-6648.15
-6649.03
-6649.92
-6650.81
-6651.69
-6652.58
-6653.47
-6654.35
-6655.24
-6656.12
-6657.01
-6657.9
-6658.78
-6659.67
-6660.55
-6661.44
-6662.33
-6663.21
-6664.1
-6664.98
-6665.87
-6666.76
-6667.64
-6668.53
