-164.135
-165.229
-166.322
-167.416
-168.509
-169.603
-170.696
-171.789
-172.883
-173.976
-175.069
-176.162
-177.256
-178.349
-179.442
-180.535
-181.628
-182.721
-183.814
-184.907
-186
-187.093
-188.185
-189.278
-190.371
-191.464
-192.557
-193.649
-194.742
-195.835
-196.927
-198.02
-199.112
-200.205
-201.297
-202.39
-203.482
-204.574
-205.667
-206.759
-207.851
-208.944
-210.036
-211.128
-212.22
-213.312
-214.404
-215.497
-216.589
-217.681
-218.773
-219.865
-220.956
-222.048
-223.14
-224.232
-225.324
-226.415
-227.507
-228.599
-229.691
-230.782
-231.874
-232.965
-234.057
-235.148
-236.24
-237.331
-238.423
-239.514
-240.605
-241.697
-242.788
-243.879
-244.97
-246.062
-247.153
-248.244
-249.335
-250.426
-251.517
-252.608
-253.699
-254.79
-255.881
-256.972
-258.063
-259.153
-260.244
-261.335
-262.426
-263.516
-264.607
-265.698
-266.788
-267.879
-268.969
-270.06
-271.15
-272.241
-273.331
-274.421
-275.512
-276.602
-277.692
-278.783
-279.873
-280.963
-282.053
-283.143
-284.233
-285.323
-286.413
-287.503
-288.593
-289.683
-290.773
-291.863
-292.953
-294.043
-295.132
-296.222
-297.312
-298.401
-299.491
-300.581
-301.67
-302.76
-303.849
-304.939
-306.028
-307.118
-308.207
-309.296
-310.386
-311.475
-312.564
-313.654
-314.743
-315.832
-316.921
-318.01
-319.099
-320.188
-321.277
-322.366
-323.455
-324.544
-325.633
-326.722
-327.811
-328.9
-329.988
-331.077
-332.166
-333.254
-334.343
-335.432
-336.52
-337.609
-338.697
-339.786
-340.874
-341.963
-343.051
-344.139
-345.228
-346.316
-347.404
-348.492
-349.581
-350.669
-351.757
-352.845
-353.933
-355.021
-356.109
-357.197
-358.285
-359.373
-360.461
-361.549
-362.636
-363.724
-364.812
-365.9
-366.987
-368.075
-369.163
-370.25
-371.338
-372.425
-373.513
-374.6
-375.688
-376.775
-377.862
-378.95
-380.037
-381.124
-382.212
-383.299
-384.386
-385.473
-386.56
-387.647
-388.734
-389.821
-390.908
-391.995
-393.082
-394.169
-395.256
-396.343
-397.43
-398.516
-399.603
-400.69
-401.777
-402.863
-403.95
-405.036
-406.123
-407.21
-408.296
-409.382
-410.469
-411.555
-412.642
-413.728
-414.814
-415.901
-416.987
-418.073
-419.159
-420.245
-421.331
-422.417
-423.503
-424.589
-425.675
-426.761
-427.847
-428.933
-430.019
-431.105
-432.191
-433.276
-434.362
-435.448
-436.534
-437.619
-438.705
-439.79
-440.876
-441.961
-443.047
-444.132
-445.218
-446.303
-447.388
-448.474
-449.559
-450.644
-451.73
-452.815
-453.9
-454.985
-456.07
-457.155
-458.24
-459.325
-460.41
-461.495
-462.58
-463.665
-464.75
-465.835
-466.919
-468.004
-469.089
-470.173
-471.258
-472.343
-473.427
-474.512
-475.596
-476.681
-477.765
-478.85
-479.934
-481.019
-482.103
-483.187
-484.272
-485.356
-486.44
-487.524
-488.608
-489.692
-490.776
-491.861
-492.945
-494.029
-495.113
-496.196
-497.28
-498.364
-499.448
-500.532
-501.616
-502.699
-503.783
-504.867
-505.95
-507.034
-508.118
-509.201
-510.285
-511.368
-512.452
-513.535
-514.618
-515.702
-516.785
-517.868
-518.952
-520.035
-521.118
-522.201
-523.284
-524.367
-525.45
-526.534
-527.617
-528.7
-529.782
-530.865
-531.948
-533.031
-534.114
-535.197
-536.279
-537.362
-538.445
-539.528
-540.61
-541.693
-542.775
-543.858
-544.94
-546.023
-547.105
-548.188
-549.27
-550.352
-551.435
-552.517
-553.599
-554.681
-555.764
-556.846
-557.928
-559.01
-560.092
-561.174
-562.256
-563.338
-564.42
-565.502
-566.584
-567.666
-568.747
-569.829
-570.911
-571.993
-573.074
-574.156
-575.238
-576.319
-577.401
-578.482
-579.564
-580.645
-581.727
-582.808
-583.889
-584.971
-586.052
-587.133
-588.214
-589.296
-590.377
-591.458
-592.539
-593.62
-594.701
-595.782
-596.863
-597.944
-599.025
-600.106
-601.187
-602.268
-603.348
-604.429
-605.51
-606.591
-607.671
-608.752
-609.833
-610.913
-611.994
-613.074
-614.155
-615.235
-616.315
-617.396
-618.476
-619.557
-620.637
-621.717
-622.797
-623.877
-624.958
-626.038
-627.118
-628.198
-629.278
-630.358
-631.438
-632.518
-633.598
-634.678
-635.757
-636.837
-637.917
-638.997
-640.076
-641.156
-642.236
-643.315
-644.395
-645.475
-646.554
-647.634
-648.713
-649.792
-650.872
-651.951
-653.031
-654.11
-655.189
-656.268
-657.348
-658.427
-659.506
-660.585
-661.664
-662.743
-663.822
-664.901
-665.98
-667.059
-668.138
-669.217
-670.296
-671.374
-672.453
-673.532
-674.611
-675.689
-676.768
-677.846
-678.925
-680.004
-681.082
-682.161
-683.239
-684.317
-685.396
-686.474
-687.552
-688.631
-689.709
-690.787
-691.865
-692.944
-694.022
-695.1
-696.178
-697.256
-698.334
-699.412
-700.49
-701.568
-702.646
-703.723
-704.801
-705.879
-706.957
-708.034
-709.112
-710.19
-711.267
-712.345
-713.423
-714.5
-715.578
-716.655
-717.732
-718.81
-719.887
-720.965
-722.042
-723.119
-724.196
-725.274
-726.351
-727.428
-728.505
-729.582
-730.659
-731.736
-732.813
-733.89
-734.967
-736.044
-737.121
-738.198
-739.274
-740.351
-741.428
-742.504
-743.581
-744.658
-745.734
-746.811
-747.887
-748.964
-750.04
-751.117
-752.193
-753.27
-754.346
-755.422
-756.499
-757.575
-758.651
-759.727
-760.803
-761.88
-762.956
-764.032
-765.108
-766.184
-767.26
-768.336
-769.412
-770.487
-771.563
-772.639
-773.715
-774.791
-775.866
-776.942
-778.018
-779.093
-780.169
-781.244
-782.32
-783.395
-784.471
-785.546
-786.622
-787.697
-788.772
-789.848
-790.923
-791.998
-793.073
-794.149
-795.224
-796.299
-797.374
-798.449
-799.524
-800.599
-801.674
-802.749
-803.824
-804.898
-805.973
-807.048
-808.123
-809.198
-810.272
-811.347
-812.422
-813.496
-814.571
-815.645
-816.72
-817.794
-818.869
-819.943
-821.017
-822.092
-823.166
-824.24
-825.315
-826.389
-827.463
-828.537
-829.611
-830.685
-831.759
-832.833
-833.907
-834.981
-836.055
-837.129
-838.203
-839.277
-840.351
-841.425
-842.498
-843.572
-844.646
-845.719
-846.793
-847.866
-848.94
-850.014
-851.087
-852.16
-853.234
-854.307
-855.381
-856.454
-857.527
-858.601
-859.674
-860.747
-861.82
-862.893
-863.966
-865.039
-866.112
-867.185
-868.258
-869.331
-870.404
-871.477
-872.55
-873.623
-874.696
-875.768
-876.841
-877.914
-878.986
-880.059
-881.132
-882.204
-883.277
-884.349
-885.422
-886.494
-887.566
-888.639
-889.711
-890.784
-891.856
-892.928
-894
-895.072
-896.145
-897.217
-898.289
-899.361
-900.433
-901.505
-902.577
-903.649
-904.721
-905.792
-906.864
-907.936
-909.008
-910.08
-911.151
-912.223
-913.295
-914.366
-915.438
-916.509
-917.581
-918.652
-919.724
-920.795
-921.866
-922.938
-924.009
-925.08
-926.152
-927.223
-928.294
-929.365
-930.436
-931.507
-932.579
-933.65
-934.721
-935.791
-936.862
-937.933
-939.004
-940.075
-941.146
-942.217
-943.287
-944.358
-945.429
-946.499
-947.57
-948.641
-949.711
-950.782
-951.852
-952.923
-953.993
-955.063
-956.134
-957.204
-958.274
-959.345
-960.415
-961.485
-962.555
-963.625
-964.695
-965.766
-966.836
-967.906
-968.976
-970.046
-971.115
-972.185
-973.255
-974.325
-975.395
-976.465
-977.534
-978.604
-979.674
-980.743
-981.813
-982.882
-983.952
-985.021
-986.091
-987.16
-988.23
-989.299
-990.368
-991.438
-992.507
-993.576
-994.645
-995.715
-996.784
-997.853
-998.922
-999.991
-1001.06
-1002.13
-1003.2
-1004.27
-1005.34
-1006.4
-1007.47
-1008.54
-1009.61
-1010.68
-1011.75
-1012.82
-1013.89
-1014.95
-1016.02
-1017.09
-1018.16
-1019.23
-1020.3
-1021.37
-1022.43
-1023.5
-1024.57
-1025.64
-1026.71
-1027.78
-1028.84
-1029.91
-1030.98
-1032.05
-1033.12
-1034.18
-1035.25
-1036.32
-1037.39
-1038.46
-1039.52
-1040.59
-1041.66
-1042.73
-1043.79
-1044.86
-1045.93
-1047
-1048.07
-1049.13
-1050.2
-1051.27
-1052.34
-1053.4
-1054.47
-1055.54
-1056.6
-1057.67
-1058.74
-1059.81
-1060.87
-1061.94
-1063.01
-1064.08
-1065.14
-1066.21
-1067.28
-1068.34
-1069.41
-1070.48
-1071.54
-1072.61
-1073.68
-1074.75
-1075.81
-1076.88
-1077.95
-1079.01
-1080.08
-1081.15
-1082.21
-1083.28
-1084.34
-1085.41
-1086.48
-1087.54
-1088.61
-1089.68
-1090.74
-1091.81
-1092.88
-1093.94
-1095.01
-1096.07
-1097.14
-1098.21
-1099.27
-1100.34
-1101.4
-1102.47
-1103.54
-1104.6
-1105.67
-1106.73
-1107.8
-1108.87
-1109.93
-1111
-1112.06
-1113.13
-1114.19
-1115.26
-1116.33
-1117.39
-1118.46
-1119.52
-1120.59
-1121.65
-1122.72
-1123.78
-1124.85
-1125.91
-1126.98
-1128.04
-1129.11
-1130.18
-1131.24
-1132.31
-1133.37
-1134.44
-1135.5
-1136.57
-1137.63
-1138.7
-1139.76
-1140.82
-1141.89
-1142.95
-1144.02
-1145.08
-1146.15
-1147.21
-1148.28
-1149.34
-1150.41
-1151.47
-1152.54
-1153.6
-1154.66
-1155.73
-1156.79
-1157.86
-1158.92
-1159.99
-1161.05
-1162.11
-1163.18
-1164.24
-1165.31
-1166.37
-1167.44
-1168.5
-1169.56
-1170.63
-1171.69
-1172.75
-1173.82
-1174.88
-1175.95
-1177.01
-1178.07
-1179.14
-1180.2
-1181.26
-1182.33
-1183.39
-1184.46
-1185.52
-1186.58
-1187.65
-1188.71
-1189.77
-1190.84
-1191.9
-1192.96
-1194.03
-1195.09
-1196.15
-1197.21
-1198.28
-1199.34
-1200.4
-1201.47
-1202.53
-1203.59
-1204.66
-1205.72
-1206.78
-1207.84
-1208.91
-1209.97
-1211.03
-1212.1
-1213.16
-1214.22
-1215.28
-1216.35
-1217.41
-1218.47
-1219.53
-1220.6
-1221.66
-1222.72
-1223.78
-1224.84
-1225.91
-1226.97
-1228.03
-1229.09
-1230.16
-1231.22
-1232.28
-1233.34
-1234.4
-1235.47
-1236.53
-1237.59
-1238.65
-1239.71
-1240.78
-1241.84
-1242.9
-1243.96
-1245.02
-1246.08
-1247.15
-1248.21
-1249.27
-1250.33
-1251.39
-1252.45
-1253.51
-1254.58
-1255.64
-1256.7
-1257.76
-1258.82
-1259.88
-1260.94
-1262
-1263.07
-1264.13
-1265.19
-1266.25
-1267.31
-1268.37
-1269.43
-1270.49
-1271.55
-1272.61
-1273.68
-1274.74
-1275.8
-1276.86
-1277.92
-1278.98
-1280.04
-1281.1
-1282.16
-1283.22
-1284.28
-1285.34
-1286.4
-1287.46
-1288.52
-1289.58
-1290.64
-1291.7
-1292.76
-1293.83
-1294.89
-1295.95
-1297.01
-1298.07
-1299.13
-1300.19
-1301.25
-1302.31
-1303.37
-1304.43
-1305.49
-1306.55
-1307.6
-1308.66
-1309.72
-1310.78
-1311.84
-1312.9
-1313.96
-1315.02
-1316.08
-1317.14
-1318.2
-1319.26
-1320.32
-1321.38
-1322.44
-1323.5
-1324.56
-1325.62
-1326.68
-1327.73
-1328.79
-1329.85
-1330.91
-1331.97
-1333.03
-1334.09
-1335.15
-1336.21
-1337.27
-1338.32
-1339.38
-1340.44
-1341.5
-1342.56
-1343.62
-1344.68
-1345.74
-1346.79
-1347.85
-1348.91
-1349.97
-1351.03
-1352.09
-1353.15
-1354.2
-1355.26
-1356.32
-1357.38
-1358.44
-1359.5
-1360.55
-1361.61
-1362.67
-1363.73
-1364.79
-1365.84
-1366.9
-1367.96
-1369.02
-1370.08
-1371.13
-1372.19
-1373.25
-1374.31
-1375.36
-1376.42
-1377.48
-1378.54
-1379.59
-1380.65
-1381.71
-1382.77
-1383.83
-1384.88
-1385.94
-1387
-1388.05
-1389.11
-1390.17
-1391.23
-1392.28
-1393.34
-1394.4
-1395.46
-1396.51
-1397.57
-1398.63
-1399.68
-1400.74
-1401.8
-1402.85
-1403.91
-1404.97
-1406.02
-1407.08
-1408.14
-1409.19
-1410.25
-1411.31
-1412.36
-1413.42
-1414.48
-1415.53
-1416.59
-1417.65
-1418.7
-1419.76
-1420.82
-1421.87
-1422.93
-1423.99
-1425.04
-1426.1
-1427.15
-1428.21
-1429.27
-1430.32
-1431.38
-1432.43
-1433.49
-1434.55
-1435.6
-1436.66
-1437.71
-1438.77
-1439.82
-1440.88
-1441.94
-1442.99
-1444.05
-1445.1
-1446.16
-1447.21
-1448.27
-1449.33
-1450.38
-1451.44
-1452.49
-1453.55
-1454.6
-1455.66
-1456.71
-1457.77
-1458.82
-1459.88
-1460.93
-1461.99
-1463.04
-1464.1
-1465.15
-1466.21
-1467.26
-1468.32
-1469.37
-1470.43
-1471.48
-1472.54
-1473.59
-1474.65
-1475.7
-1476.76
-1477.81
-1478.87
-1479.92
-1480.97
-1482.03
-1483.08
-1484.14
-1485.19
-1486.25
-1487.3
-1488.36
-1489.41
-1490.46
-1491.52
-1492.57
-1493.63
-1494.68
-1495.73
-1496.79
-1497.84
-1498.9
-1499.95
-1501
-1502.06
-1503.11
-1504.17
-1505.22
-1506.27
-1507.33
-1508.38
-1509.43
-1510.49
-1511.54
-1512.59
-1513.65
-1514.7
-1515.76
-1516.81
-1517.86
-1518.92
-1519.97
-1521.02
-1522.08
-1523.13
-1524.18
-1525.23
-1526.29
-1527.34
-1528.39
-1529.45
-1530.5
-1531.55
-1532.61
-1533.66
-1534.71
-1535.76
-1536.82
-1537.87
-1538.92
-1539.98
-1541.03
-1542.08
-1543.13
-1544.19
-1545.24
-1546.29
-1547.34
-1548.4
-1549.45
-1550.5
-1551.55
-1552.61
-1553.66
-1554.71
-1555.76
-1556.81
-1557.87
-1558.92
-1559.97
-1561.02
-1562.07
-1563.13
-1564.18
-1565.23
-1566.28
-1567.33
-1568.39
-1569.44
-1570.49
-1571.54
-1572.59
-1573.64
-1574.7
-1575.75
-1576.8
-1577.85
-1578.9
-1579.95
-1581.01
-1582.06
-1583.11
-1584.16
-1585.21
-1586.26
-1587.31
-1588.36
-1589.42
-1590.47
-1591.52
-1592.57
-1593.62
-1594.67
-1595.72
-1596.77
-1597.82
-1598.87
-1599.93
-1600.98
-1602.03
-1603.08
-1604.13
-1605.18
-1606.23
-1607.28
-1608.33
-1609.38
-1610.43
-1611.48
-1612.53
-1613.58
-1614.63
-1615.68
-1616.73
-1617.79
-1618.84
-1619.89
-1620.94
-1621.99
-1623.04
-1624.09
-1625.14
-1626.19
-1627.24
-1628.29
-1629.34
-1630.39
-1631.44
-1632.49
-1633.54
-1634.59
-1635.64
-1636.69
-1637.73
-1638.78
-1639.83
-1640.88
-1641.93
-1642.98
-1644.03
-1645.08
-1646.13
-1647.18
-1648.23
-1649.28
-1650.33
-1651.38
-1652.43
-1653.48
-1654.53
-1655.57
-1656.62
-1657.67
-1658.72
-1659.77
-1660.82
-1661.87
-1662.92
-1663.97
-1665.02
-1666.06
-1667.11
-1668.16
-1669.21
-1670.26
-1671.31
-1672.36
-1673.4
-1674.45
-1675.5
-1676.55
-1677.6
-1678.65
-1679.7
-1680.74
-1681.79
-1682.84
-1683.89
-1684.94
-1685.99
-1687.03
-1688.08
-1689.13
-1690.18
-1691.23
-1692.27
-1693.32
-1694.37
-1695.42
-1696.47
-1697.51
-1698.56
-1699.61
-1700.66
-1701.7
-1702.75
-1703.8
-1704.85
-1705.89
-1706.94
-1707.99
-1709.04
-1710.08
-1711.13
-1712.18
-1713.23
-1714.27
-1715.32
-1716.37
-1717.42
-1718.46
-1719.51
-1720.56
-1721.6
-1722.65
-1723.7
-1724.75
-1725.79
-1726.84
-1727.89
-1728.93
-1729.98
-1731.03
-1732.07
-1733.12
-1734.17
-1735.21
-1736.26
-1737.31
-1738.35
-1739.4
-1740.45
-1741.49
-1742.54
-1743.59
-1744.63
-1745.68
-1746.73
-1747.77
-1748.82
-1749.86
-1750.91
-1751.96
-1753
-1754.05
-1755.09
-1756.14
-1757.19
-1758.23
-1759.28
-1760.32
-1761.37
-1762.42
-1763.46
-1764.51
-1765.55
-1766.6
-1767.64
-1768.69
-1769.74
-1770.78
-1771.83
-1772.87
-1773.92
-1774.96
-1776.01
-1777.05
-1778.1
-1779.15
-1780.19
-1781.24
-1782.28
-1783.33
-1784.37
-1785.42
-1786.46
-1787.51
-1788.55
-1789.6
-1790.64
-1791.69
-1792.73
-1793.78
-1794.82
-1795.87
-1796.91
-1797.96
-1799
-1800.04
-1801.09
-1802.13
-1803.18
-1804.22
-1805.27
-1806.31
-1807.36
-1808.4
-1809.44
-1810.49
-1811.53
-1812.58
-1813.62
-1814.67
-1815.71
-1816.75
-1817.8
-1818.84
-1819.89
-1820.93
-1821.97
-1823.02
-1824.06
-1825.11
-1826.15
-1827.19
-1828.24
-1829.28
-1830.33
-1831.37
-1832.41
-1833.46
-1834.5
-1835.54
-1836.59
-1837.63
-1838.67
-1839.72
-1840.76
-1841.8
-1842.85
-1843.89
-1844.93
-1845.98
-1847.02
-1848.06
-1849.11
-1850.15
-1851.19
-1852.24
-1853.28
-1854.32
-1855.36
-1856.41
-1857.45
-1858.49
-1859.54
-1860.58
-1861.62
-1862.66
-1863.71
-1864.75
-1865.79
-1866.83
-1867.88
-1868.92
-1869.96
-1871
-1872.05
-1873.09
-1874.13
-1875.17
-1876.22
-1877.26
-1878.3
-1879.34
-1880.39
-1881.43
-1882.47
-1883.51
-1884.55
-1885.6
-1886.64
-1887.68
-1888.72
-1889.76
-1890.81
-1891.85
-1892.89
-1893.93
-1894.97
-1896.01
-1897.06
-1898.1
-1899.14
-1900.18
-1901.22
-1902.26
-1903.3
-1904.35
-1905.39
-1906.43
-1907.47
-1908.51
-1909.55
-1910.59
-1911.63
-1912.68
-1913.72
-1914.76
-1915.8
-1916.84
-1917.88
-1918.92
-1919.96
-1921
-1922.04
-1923.09
-1924.13
-1925.17
-1926.21
-1927.25
-1928.29
-1929.33
-1930.37
-1931.41
-1932.45
-1933.49
-1934.53
-1935.57
-1936.61
-1937.65
-1938.69
-1939.73
-1940.77
-1941.81
-1942.85
-1943.9
-1944.94
-1945.98
-1947.02
-1948.06
-1949.1
-1950.14
-1951.18
-1952.22
-1953.26
-1954.29
-1955.33
-1956.37
-1957.41
-1958.45
-1959.49
-1960.53
-1961.57
-1962.61
-1963.65
-1964.69
-1965.73
-1966.77
-1967.81
-1968.85
-1969.89
-1970.93
-1971.97
-1973.01
-1974.05
-1975.08
-1976.12
-1977.16
-1978.2
-1979.24
-1980.28
-1981.32
-1982.36
-1983.4
-1984.44
-1985.47
-1986.51
-1987.55
-1988.59
-1989.63
-1990.67
-1991.71
-1992.75
-1993.78
-1994.82
-1995.86
-1996.9
-1997.94
-1998.98
-2000.02
-2001.05
-2002.09
-2003.13
-2004.17
-2005.21
-2006.25
-2007.28
-2008.32
-2009.36
-2010.4
-2011.44
-2012.47
-2013.51
-2014.55
-2015.59
-2016.63
-2017.66
-2018.7
-2019.74
-2020.78
-2021.81
-2022.85
-2023.89
-2024.93
-2025.96
-2027
-2028.04
-2029.08
-2030.11
-2031.15
-2032.19
-2033.23
-2034.26
-2035.3
-2036.34
-2037.38
-2038.41
-2039.45
-2040.49
-2041.52
-2042.56
-2043.6
-2044.64
-2045.67
-2046.71
-2047.75
-2048.78
-2049.82
-2050.86
-2051.89
-2052.93
-2053.97
-2055
-2056.04
-2057.08
-2058.11
-2059.15
-2060.19
-2061.22
-2062.26
-2063.3
-2064.33
-2065.37
-2066.41
-2067.44
-2068.48
-2069.51
-2070.55
-2071.59
-2072.62
-2073.66
-2074.69
-2075.73
-2076.77
-2077.8
-2078.84
-2079.87
-2080.91
-2081.95
-2082.98
-2084.02
-2085.05
-2086.09
-2087.12
-2088.16
-2089.2
-2090.23
-2091.27
-2092.3
-2093.34
-2094.37
-2095.41
-2096.44
-2097.48
-2098.51
-2099.55
-2100.59
-2101.62
-2102.66
-2103.69
-2104.73
-2105.76
-2106.8
-2107.83
-2108.87
-2109.9
-2110.94
-2111.97
-2113.01
-2114.04
-2115.07
-2116.11
-2117.14
-2118.18
-2119.21
-2120.25
-2121.28
-2122.32
-2123.35
-2124.39
-2125.42
-2126.46
-2127.49
-2128.52
-2129.56
-2130.59
-2131.63
-2132.66
-2133.7
-2134.73
-2135.76
-2136.8
-2137.83
-2138.87
-2139.9
-2140.93
-2141.97
-2143
-2144.04
-2145.07
-2146.1
-2147.14
-2148.17
-2149.2
-2150.24
-2151.27
-2152.3
-2153.34
-2154.37
-2155.41
-2156.44
-2157.47
-2158.51
-2159.54
-2160.57
-2161.61
-2162.64
-2163.67
-2164.71
-2165.74
-2166.77
-2167.8
-2168.84
-2169.87
-2170.9
-2171.94
-2172.97
-2174
-2175.04
-2176.07
-2177.1
-2178.13
-2179.17
-2180.2
-2181.23
-2182.26
-2183.3
-2184.33
-2185.36
-2186.39
-2187.43
-2188.46
-2189.49
-2190.52
-2191.56
-2192.59
-2193.62
-2194.65
-2195.69
-2196.72
-2197.75
-2198.78
-2199.81
-2200.85
-2201.88
-2202.91
-2203.94
-2204.97
-2206.01
-2207.04
-2208.07
-2209.1
-2210.13
-2211.17
-2212.2
-2213.23
-2214.26
-2215.29
-2216.32
-2217.35
-2218.39
-2219.42
-2220.45
-2221.48
-2222.51
-2223.54
-2224.57
-2225.61
-2226.64
-2227.67
-2228.7
-2229.73
-2230.76
-2231.79
-2232.82
-2233.85
-2234.89
-2235.92
-2236.95
-2237.98
-2239.01
-2240.04
-2241.07
-2242.1
-2243.13
-2244.16
-2245.19
-2246.22
-2247.25
-2248.29
-2249.32
-2250.35
-2251.38
-2252.41
-2253.44
-2254.47
-2255.5
-2256.53
-2257.56
-2258.59
-2259.62
-2260.65
-2261.68
-2262.71
-2263.74
-2264.77
-2265.8
-2266.83
-2267.86
-2268.89
-2269.92
-2270.95
-2271.98
-2273.01
-2274.04
-2275.07
-2276.1
-2277.13
-2278.16
-2279.19
-2280.22
-2281.24
-2282.27
-2283.3
-2284.33
-2285.36
-2286.39
-2287.42
-2288.45
-2289.48
-2290.51
-2291.54
-2292.57
-2293.6
-2294.63
-2295.65
-2296.68
-2297.71
-2298.74
-2299.77
-2300.8
-2301.83
-2302.86
-2303.89
-2304.91
-2305.94
-2306.97
-2308
-2309.03
-2310.06
-2311.09
-2312.11
-2313.14
-2314.17
-2315.2
-2316.23
-2317.26
-2318.28
-2319.31
-2320.34
-2321.37
-2322.4
-2323.43
-2324.45
-2325.48
-2326.51
-2327.54
-2328.57
-2329.59
-2330.62
-2331.65
-2332.68
-2333.7
-2334.73
-2335.76
-2336.79
-2337.82
-2338.84
-2339.87
-2340.9
-2341.93
-2342.95
-2343.98
-2345.01
-2346.04
-2347.06
-2348.09
-2349.12
-2350.15
-2351.17
-2352.2
-2353.23
-2354.25
-2355.28
-2356.31
-2357.34
-2358.36
-2359.39
-2360.42
-2361.44
-2362.47
-2363.5
-2364.52
-2365.55
-2366.58
-2367.6
-2368.63
-2369.66
-2370.68
-2371.71
-2372.74
-2373.76
-2374.79
-2375.82
-2376.84
-2377.87
-2378.9
-2379.92
-2380.95
-2381.97
-2383
-2384.03
-2385.05
-2386.08
-2387.11
-2388.13
-2389.16
-2390.18
-2391.21
-2392.24
-2393.26
-2394.29
-2395.31
-2396.34
-2397.36
-2398.39
-2399.42
-2400.44
-2401.47
-2402.49
-2403.52
-2404.54
-2405.57
-2406.59
-2407.62
-2408.65
-2409.67
-2410.7
-2411.72
-2412.75
-2413.77
-2414.8
-2415.82
-2416.85
-2417.87
-2418.9
-2419.92
-2420.95
-2421.97
-2423
-2424.02
-2425.05
-2426.07
-2427.1
-2428.12
-2429.15
-2430.17
-2431.2
-2432.22
-2433.24
-2434.27
-2435.29
-2436.32
-2437.34
-2438.37
-2439.39
-2440.42
-2441.44
-2442.46
-2443.49
-2444.51
-2445.54
-2446.56
-2447.59
-2448.61
-2449.63
-2450.66
-2451.68
-2452.71
-2453.73
-2454.75
-2455.78
-2456.8
-2457.83
-2458.85
-2459.87
-2460.9
-2461.92
-2462.94
-2463.97
-2464.99
-2466.01
-2467.04
-2468.06
-2469.09
-2470.11
-2471.13
-2472.16
-2473.18
-2474.2
-2475.23
-2476.25
-2477.27
-2478.29
-2479.32
-2480.34
-2481.36
-2482.39
-2483.41
-2484.43
-2485.46
-2486.48
-2487.5
-2488.52
-2489.55
-2490.57
-2491.59
-2492.62
-2493.64
-2494.66
-2495.68
-2496.71
-2497.73
-2498.75
-2499.77
-2500.8
-2501.82
-2502.84
-2503.86
-2504.88
-2505.91
-2506.93
-2507.95
-2508.97
-2510
-2511.02
-2512.04
-2513.06
-2514.08
-2515.11
-2516.13
-2517.15
-2518.17
-2519.19
-2520.22
-2521.24
-2522.26
-2523.28
-2524.3
-2525.32
-2526.35
-2527.37
-2528.39
-2529.41
-2530.43
-2531.45
-2532.47
-2533.5
-2534.52
-2535.54
-2536.56
-2537.58
-2538.6
-2539.62
-2540.64
-2541.67
-2542.69
-2543.71
-2544.73
-2545.75
-2546.77
-2547.79
-2548.81
-2549.83
-2550.85
-2551.87
-2552.89
-2553.92
-2554.94
-2555.96
-2556.98
-2558
-2559.02
-2560.04
-2561.06
-2562.08
-2563.1
-2564.12
-2565.14
-2566.16
-2567.18
-2568.2
-2569.22
-2570.24
-2571.26
-2572.28
-2573.3
-2574.32
-2575.34
-2576.36
-2577.38
-2578.4
-2579.42
-2580.44
-2581.46
-2582.48
-2583.5
-2584.52
-2585.54
-2586.56
-2587.58
-2588.6
-2589.62
-2590.64
-2591.66
-2592.68
-2593.7
-2594.72
-2595.74
-2596.75
-2597.77
-2598.79
-2599.81
-2600.83
-2601.85
-2602.87
-2603.89
-2604.91
-2605.93
-2606.95
-2607.96
-2608.98
-2610
-2611.02
-2612.04
-2613.06
-2614.08
-2615.1
-2616.12
-2617.13
-2618.15
-2619.17
-2620.19
-2621.21
-2622.23
-2623.24
-2624.26
-2625.28
-2626.3
-2627.32
-2628.34
-2629.35
-2630.37
-2631.39
-2632.41
-2633.43
-2634.45
-2635.46
-2636.48
-2637.5
-2638.52
-2639.54
-2640.55
-2641.57
-2642.59
-2643.61
-2644.62
-2645.64
-2646.66
-2647.68
-2648.7
-2649.71
-2650.73
-2651.75
-2652.77
-2653.78
-2654.8
-2655.82
-2656.83
-2657.85
-2658.87
-2659.89
-2660.9
-2661.92
-2662.94
-2663.96
-2664.97
-2665.99
-2667.01
-2668.02
-2669.04
-2670.06
-2671.07
-2672.09
-2673.11
-2674.12
-2675.14
-2676.16
-2677.17
-2678.19
-2679.21
-2680.22
-2681.24
-2682.26
-2683.27
-2684.29
-2685.31
-2686.32
-2687.34
-2688.36
-2689.37
-2690.39
-2691.4
-2692.42
-2693.44
-2694.45
-2695.47
-2696.49
-2697.5
-2698.52
-2699.53
-2700.55
-2701.56
-2702.58
-2703.6
-2704.61
-2705.63
-2706.64
-2707.66
-2708.68
-2709.69
-2710.71
-2711.72
-2712.74
-2713.75
-2714.77
-2715.78
-2716.8
-2717.81
-2718.83
-2719.84
-2720.86
-2721.88
-2722.89
-2723.91
-2724.92
-2725.94
-2726.95
-2727.97
-2728.98
-2730
-2731.01
-2732.03
-2733.04
-2734.06
-2735.07
-2736.08
-2737.1
-2738.11
-2739.13
-2740.14
-2741.16
-2742.17
-2743.19
-2744.2
-2745.22
-2746.23
-2747.24
-2748.26
-2749.27
-2750.29
-2751.3
-2752.32
-2753.33
-2754.34
-2755.36
-2756.37
-2757.39
-2758.4
-2759.41
-2760.43
-2761.44
-2762.46
-2763.47
-2764.48
-2765.5
-2766.51
-2767.53
-2768.54
-2769.55
-2770.57
-2771.58
-2772.59
-2773.61
-2774.62
-2775.63
-2776.65
-2777.66
-2778.67
-2779.69
-2780.7
-2781.71
-2782.73
-2783.74
-2784.75
-2785.77
-2786.78
-2787.79
-2788.81
-2789.82
-2790.83
-2791.84
-2792.86
-2793.87
-2794.88
-2795.9
-2796.91
-2797.92
-2798.93
-2799.95
-2800.96
-2801.97
-2802.98
-2804
-2805.01
-2806.02
-2807.03
-2808.05
-2809.06
-2810.07
-2811.08
-2812.1
-2813.11
-2814.12
-2815.13
-2816.14
-2817.16
-2818.17
-2819.18
-2820.19
-2821.2
-2822.22
-2823.23
-2824.24
-2825.25
-2826.26
-2827.27
-2828.29
-2829.3
-2830.31
-2831.32
-2832.33
-2833.34
-2834.36
-2835.37
-2836.38
-2837.39
-2838.4
-2839.41
-2840.42
-2841.44
-2842.45
-2843.46
-2844.47
-2845.48
-2846.49
-2847.5
-2848.51
-2849.52
-2850.54
-2851.55
-2852.56
-2853.57
-2854.58
-2855.59
-2856.6
-2857.61
-2858.62
-2859.63
-2860.64
-2861.65
-2862.66
-2863.68
-2864.69
-2865.7
-2866.71
-2867.72
-2868.73
-2869.74
-2870.75
-2871.76
-2872.77
-2873.78
-2874.79
-2875.8
-2876.81
-2877.82
-2878.83
-2879.84
-2880.85
-2881.86
-2882.87
-2883.88
-2884.89
-2885.9
-2886.91
-2887.92
-2888.93
-2889.94
-2890.95
-2891.96
-2892.97
-2893.98
-2894.99
-2895.99
-2897
-2898.01
-2899.02
-2900.03
-2901.04
-2902.05
-2903.06
-2904.07
-2905.08
-2906.09
-2907.1
-2908.11
-2909.11
-2910.12
-2911.13
-2912.14
-2913.15
-2914.16
-2915.17
-2916.18
-2917.19
-2918.19
-2919.2
-2920.21
-2921.22
-2922.23
-2923.24
-2924.25
-2925.25
-2926.26
-2927.27
-2928.28
-2929.29
-2930.3
-2931.3
-2932.31
-2933.32
-2934.33
-2935.34
-2936.35
-2937.35
-2938.36
-2939.37
-2940.38
-2941.39
-2942.39
-2943.4
-2944.41
-2945.42
-2946.42
-2947.43
-2948.44
-2949.45
-2950.46
-2951.46
-2952.47
-2953.48
-2954.49
-2955.49
-2956.5
-2957.51
-2958.52
-2959.52
-2960.53
-2961.54
-2962.54
-2963.55
-2964.56
-2965.57
-2966.57
-2967.58
-2968.59
-2969.59
-2970.6
-2971.61
-2972.62
-2973.62
-2974.63
-2975.64
-2976.64
-2977.65
-2978.66
-2979.66
-2980.67
-2981.68
-2982.68
-2983.69
-2984.7
-2985.7
-2986.71
-2987.72
-2988.72
-2989.73
-2990.73
-2991.74
-2992.75
-2993.75
-2994.76
-2995.77
-2996.77
-2997.78
-2998.78
-2999.79
-3000.8
-3001.8
-3002.81
-3003.81
-3004.82
-3005.82
-3006.83
-3007.84
-3008.84
-3009.85
-3010.85
-3011.86
-3012.86
-3013.87
-3014.88
-3015.88
-3016.89
-3017.89
-3018.9
-3019.9
-3020.91
-3021.91
-3022.92
-3023.92
-3024.93
-3025.93
-3026.94
-3027.94
-3028.95
-3029.95
-3030.96
-3031.96
-3032.97
-3033.97
-3034.98
-3035.98
-3036.99
-3037.99
-3039
-3040
-3041.01
-3042.01
-3043.02
-3044.02
-3045.02
-3046.03
-3047.03
-3048.04
-3049.04
-3050.05
-3051.05
-3052.06
-3053.06
-3054.06
-3055.07
-3056.07
-3057.08
-3058.08
-3059.08
-3060.09
-3061.09
-3062.1
-3063.1
-3064.1
-3065.11
-3066.11
-3067.11
-3068.12
-3069.12
-3070.13
-3071.13
-3072.13
-3073.14
-3074.14
-3075.14
-3076.15
-3077.15
-3078.15
-3079.16
-3080.16
-3081.16
-3082.17
-3083.17
-3084.17
-3085.18
-3086.18
-3087.18
-3088.19
-3089.19
-3090.19
-3091.19
-3092.2
-3093.2
-3094.2
-3095.21
-3096.21
-3097.21
-3098.21
-3099.22
-3100.22
-3101.22
-3102.22
-3103.23
-3104.23
-3105.23
-3106.23
-3107.24
-3108.24
-3109.24
-3110.24
-3111.25
-3112.25
-3113.25
-3114.25
-3115.26
-3116.26
-3117.26
-3118.26
-3119.26
-3120.27
-3121.27
-3122.27
-3123.27
-3124.27
-3125.27
-3126.28
-3127.28
-3128.28
-3129.28
-3130.28
-3131.28
-3132.29
-3133.29
-3134.29
-3135.29
-3136.29
-3137.29
-3138.29
-3139.3
-3140.3
-3141.3
-3142.3
-3143.3
-3144.3
-3145.3
-3146.3
-3147.31
-3148.31
-3149.31
-3150.31
-3151.31
-3152.31
-3153.31
-3154.31
-3155.31
-3156.31
-3157.31
-3158.31
-3159.32
-3160.32
-3161.32
-3162.32
-3163.32
-3164.32
-3165.32
-3166.32
-3167.32
-3168.32
-3169.32
-3170.32
-3171.32
-3172.32
-3173.32
-3174.32
-3175.32
-3176.32
-3177.32
-3178.32
-3179.32
-3180.32
-3181.32
-3182.32
-3183.32
-3184.32
-3185.32
-3186.32
-3187.32
-3188.32
-3189.32
-3190.32
-3191.32
-3192.32
-3193.32
-3194.32
-3195.32
-3196.32
-3197.31
-3198.31
-3199.31
-3200.31
-3201.31
-3202.31
-3203.31
-3204.31
-3205.31
-3206.31
-3207.31
-3208.31
-3209.3
-3210.3
-3211.3
-3212.3
-3213.3
-3214.3
-3215.3
-3216.3
-3217.29
-3218.29
-3219.29
-3220.29
-3221.29
-3222.29
-3223.29
-3224.28
-3225.28
-3226.28
-3227.28
-3228.28
-3229.28
-3230.27
-3231.27
-3232.27
-3233.27
-3234.27
-3235.27
-3236.26
-3237.26
-3238.26
-3239.26
-3240.25
-3241.25
-3242.25
-3243.25
-3244.25
-3245.24
-3246.24
-3247.24
-3248.24
-3249.23
-3250.23
-3251.23
-3252.23
-3253.22
-3254.22
-3255.22
-3256.22
-3257.21
-3258.21
-3259.21
-3260.21
-3261.2
-3262.2
-3263.2
-3264.19
-3265.19
-3266.19
-3267.19
-3268.18
-3269.18
-3270.18
-3271.17
-3272.17
-3273.17
-3274.16
-3275.16
-3276.16
-3277.15
-3278.15
-3279.15
-3280.14
-3281.14
-3282.14
-3283.13
-3284.13
-3285.13
-3286.12
-3287.12
-3288.11
-3289.11
-3290.11
-3291.1
-3292.1
-3293.1
-3294.09
-3295.09
-3296.08
-3297.08
-3298.08
-3299.07
-3300.07
-3301.06
-3302.06
-3303.05
-3304.05
-3305.05
-3306.04
-3307.04
-3308.03
-3309.03
-3310.02
-3311.02
-3312.01
-3313.01
-3314.01
-3315
-3316
-3316.99
-3317.99
-3318.98
-3319.98
-3320.97
-3321.97
-3322.96
-3323.96
-3324.95
-3325.95
-3326.94
-3327.94
-3328.93
-3329.93
-3330.92
-3331.92
-3332.91
-3333.91
-3334.9
-3335.9
-3336.89
-3337.88
-3338.88
-3339.87
-3340.87
-3341.86
-3342.86
-3343.85
-3344.85
-3345.84
-3346.83
-3347.83
-3348.82
-3349.82
-3350.81
-3351.8
-3352.8
-3353.79
-3354.79
-3355.78
-3356.77
-3357.77
-3358.76
-3359.76
-3360.75
-3361.74
-3362.74
-3363.73
-3364.72
-3365.72
-3366.71
-3367.71
-3368.7
-3369.69
-3370.69
-3371.68
-3372.67
-3373.67
-3374.66
-3375.65
-3376.65
-3377.64
-3378.63
-3379.63
-3380.62
-3381.61
-3382.6
-3383.6
-3384.59
-3385.58
-3386.58
-3387.57
-3388.56
-3389.56
-3390.55
-3391.54
-3392.53
-3393.53
-3394.52
-3395.51
-3396.5
-3397.5
-3398.49
-3399.48
-3400.47
-3401.47
-3402.46
-3403.45
-3404.44
-3405.44
-3406.43
-3407.42
-3408.41
-3409.4
-3410.4
-3411.39
-3412.38
-3413.37
-3414.36
-3415.36
-3416.35
-3417.34
-3418.33
-3419.32
-3420.32
-3421.31
-3422.3
-3423.29
-3424.28
-3425.27
-3426.26
-3427.26
-3428.25
-3429.24
-3430.23
-3431.22
-3432.21
-3433.2
-3434.2
-3435.19
-3436.18
-3437.17
-3438.16
-3439.15
-3440.14
-3441.13
-3442.12
-3443.12
-3444.11
-3445.1
-3446.09
-3447.08
-3448.07
-3449.06
-3450.05
-3451.04
-3452.03
-3453.02
-3454.01
-3455
-3456
-3456.99
-3457.98
-3458.97
-3459.96
-3460.95
-3461.94
-3462.93
-3463.92
-3464.91
-3465.9
-3466.89
-3467.88
-3468.87
-3469.86
-3470.85
-3471.84
-3472.83
-3473.82
-3474.81
-3475.8
-3476.79
-3477.78
-3478.77
-3479.76
-3480.75
-3481.74
-3482.73
-3483.72
-3484.7
-3485.69
-3486.68
-3487.67
-3488.66
-3489.65
-3490.64
-3491.63
-3492.62
-3493.61
-3494.6
-3495.59
-3496.58
-3497.57
-3498.55
-3499.54
-3500.53
-3501.52
-3502.51
-3503.5
-3504.49
-3505.48
-3506.47
-3507.45
-3508.44
-3509.43
-3510.42
-3511.41
-3512.4
-3513.39
-3514.37
-3515.36
-3516.35
-3517.34
-3518.33
-3519.32
-3520.3
-3521.29
-3522.28
-3523.27
-3524.26
-3525.25
-3526.23
-3527.22
-3528.21
-3529.2
-3530.19
-3531.17
-3532.16
-3533.15
-3534.14
-3535.13
-3536.11
-3537.1
-3538.09
-3539.08
-3540.06
-3541.05
-3542.04
-3543.03
-3544.01
-3545
-3545.99
-3546.98
-3547.96
-3548.95
-3549.94
-3550.92
-3551.91
-3552.9
-3553.89
-3554.87
-3555.86
-3556.85
-3557.83
-3558.82
-3559.81
-3560.8
-3561.78
-3562.77
-3563.76
-3564.74
-3565.73
-3566.72
-3567.7
-3568.69
-3569.68
-3570.66
-3571.65
-3572.64
-3573.62
-3574.61
-3575.59
-3576.58
-3577.57
-3578.55
-3579.54
-3580.53
-3581.51
-3582.5
-3583.48
-3584.47
-3585.46
-3586.44
-3587.43
-3588.41
-3589.4
-3590.39
-3591.37
-3592.36
-3593.34
-3594.33
-3595.31
-3596.3
-3597.29
-3598.27
-3599.26
-3600.24
-3601.23
-3602.21
-3603.2
-3604.18
-3605.17
-3606.15
-3607.14
-3608.13
-3609.11
-3610.1
-3611.08
-3612.07
-3613.05
-3614.04
-3615.02
-3616.01
-3616.99
-3617.98
-3618.96
-3619.95
-3620.93
-3621.91
-3622.9
-3623.88
-3624.87
-3625.85
-3626.84
-3627.82
-3628.81
-3629.79
-3630.78
-3631.76
-3632.74
-3633.73
-3634.71
-3635.7
-3636.68
-3637.67
-3638.65
-3639.63
-3640.62
-3641.6
-3642.59
-3643.57
-3644.55
-3645.54
-3646.52
-3647.51
-3648.49
-3649.47
-3650.46
-3651.44
-3652.43
-3653.41
-3654.39
-3655.38
-3656.36
-3657.34
-3658.33
-3659.31
-3660.29
-3661.28
-3662.26
-3663.24
-3664.23
-3665.21
-3666.19
-3667.18
-3668.16
-3669.14
-3670.13
-3671.11
-3672.09
-3673.07
-3674.06
-3675.04
-3676.02
-3677.01
-3677.99
-3678.97
-3679.95
-3680.94
-3681.92
-3682.9
-3683.88
-3684.87
-3685.85
-3686.83
-3687.81
-3688.8
-3689.78
-3690.76
-3691.74
-3692.73
-3693.71
-3694.69
-3695.67
-3696.66
-3697.64
-3698.62
-3699.6
-3700.58
-3701.57
-3702.55
-3703.53
-3704.51
-3705.49
-3706.47
-3707.46
-3708.44
-3709.42
-3710.4
-3711.38
-3712.36
-3713.35
-3714.33
-3715.31
-3716.29
-3717.27
-3718.25
-3719.23
-3720.22
-3721.2
-3722.18
-3723.16
-3724.14
-3725.12
-3726.1
-3727.08
-3728.07
-3729.05
-3730.03
-3731.01
-3731.99
-3732.97
-3733.95
-3734.93
-3735.91
-3736.89
-3737.87
-3738.85
-3739.83
-3740.82
-3741.8
-3742.78
-3743.76
-3744.74
-3745.72
-3746.7
-3747.68
-3748.66
-3749.64
-3750.62
-3751.6
-3752.58
-3753.56
-3754.54
-3755.52
-3756.5
-3757.48
-3758.46
-3759.44
-3760.42
-3761.4
-3762.38
-3763.36
-3764.34
-3765.32
-3766.3
-3767.28
-3768.26
-3769.24
-3770.22
-3771.2
-3772.18
-3773.15
-3774.13
-3775.11
-3776.09
-3777.07
-3778.05
-3779.03
-3780.01
-3780.99
-3781.97
-3782.95
-3783.93
-3784.91
-3785.88
-3786.86
-3787.84
-3788.82
-3789.8
-3790.78
-3791.76
-3792.74
-3793.72
-3794.69
-3795.67
-3796.65
-3797.63
-3798.61
-3799.59
-3800.57
-3801.54
-3802.52
-3803.5
-3804.48
-3805.46
-3806.44
-3807.41
-3808.39
-3809.37
-3810.35
-3811.33
-3812.3
-3813.28
-3814.26
-3815.24
-3816.22
-3817.19
-3818.17
-3819.15
-3820.13
-3821.1
-3822.08
-3823.06
-3824.04
-3825.02
-3825.99
-3826.97
-3827.95
-3828.93
-3829.9
-3830.88
-3831.86
-3832.84
-3833.81
-3834.79
-3835.77
-3836.74
-3837.72
-3838.7
-3839.68
-3840.65
-3841.63
-3842.61
-3843.58
-3844.56
-3845.54
-3846.51
-3847.49
-3848.47
-3849.44
-3850.42
-3851.4
-3852.37
-3853.35
-3854.33
-3855.3
-3856.28
-3857.26
-3858.23
-3859.21
-3860.19
-3861.16
-3862.14
-3863.11
-3864.09
-3865.07
-3866.04
-3867.02
-3868
-3868.97
-3869.95
-3870.92
-3871.9
-3872.88
-3873.85
-3874.83
-3875.8
-3876.78
-3877.75
-3878.73
-3879.71
-3880.68
-3881.66
-3882.63
-3883.61
-3884.58
-3885.56
-3886.53
-3887.51
-3888.48
-3889.46
-3890.44
-3891.41
-3892.39
-3893.36
-3894.34
-3895.31
-3896.29
-3897.26
-3898.24
-3899.21
-3900.19
-3901.16
-3902.14
-3903.11
-3904.09
-3905.06
-3906.04
-3907.01
-3907.98
-3908.96
-3909.93
-3910.91
-3911.88
-3912.86
-3913.83
-3914.81
-3915.78
-3916.75
-3917.73
-3918.7
-3919.68
-3920.65
-3921.63
-3922.6
-3923.57
-3924.55
-3925.52
-3926.5
-3927.47
-3928.44
-3929.42
-3930.39
-3931.37
-3932.34
-3933.31
-3934.29
-3935.26
-3936.23
-3937.21
-3938.18
-3939.15
-3940.13
-3941.1
-3942.08
-3943.05
-3944.02
-3945
-3945.97
-3946.94
-3947.91
-3948.89
-3949.86
-3950.83
-3951.81
-3952.78
-3953.75
-3954.73
-3955.7
-3956.67
-3957.65
-3958.62
-3959.59
-3960.56
-3961.54
-3962.51
-3963.48
-3964.45
-3965.43
-3966.4
-3967.37
-3968.34
-3969.32
-3970.29
-3971.26
-3972.23
-3973.21
-3974.18
-3975.15
-3976.12
-3977.1
-3978.07
-3979.04
-3980.01
-3980.98
-3981.96
-3982.93
-3983.9
-3984.87
-3985.84
-3986.81
-3987.79
-3988.76
-3989.73
-3990.7
-3991.67
-3992.65
-3993.62
-3994.59
-3995.56
-3996.53
-3997.5
-3998.47
-3999.45
-4000.42
-4001.39
-4002.36
-4003.33
-4004.3
-4005.27
-4006.24
-4007.21
-4008.19
-4009.16
-4010.13
-4011.1
-4012.07
-4013.04
-4014.01
-4014.98
-4015.95
-4016.92
-4017.89
-4018.87
-4019.84
-4020.81
-4021.78
-4022.75
-4023.72
-4024.69
-4025.66
-4026.63
-4027.6
-4028.57
-4029.54
-4030.51
-4031.48
-4032.45
-4033.42
-4034.39
-4035.36
-4036.33
-4037.3
-4038.27
-4039.24
-4040.21
-4041.18
-4042.15
-4043.12
-4044.09
-4045.06
-4046.03
-4047
-4047.97
-4048.94
-4049.91
-4050.88
-4051.85
-4052.82
-4053.79
-4054.76
-4055.72
-4056.69
-4057.66
-4058.63
-4059.6
-4060.57
-4061.54
-4062.51
-4063.48
-4064.45
-4065.42
-4066.38
-4067.35
-4068.32
-4069.29
-4070.26
-4071.23
-4072.2
-4073.17
-4074.14
-4075.1
-4076.07
-4077.04
-4078.01
-4078.98
-4079.95
-4080.91
-4081.88
-4082.85
-4083.82
-4084.79
-4085.76
-4086.72
-4087.69
-4088.66
-4089.63
-4090.6
-4091.57
-4092.53
-4093.5
-4094.47
-4095.44
-4096.4
-4097.37
-4098.34
-4099.31
-4100.28
-4101.24
-4102.21
-4103.18
-4104.15
-4105.11
-4106.08
-4107.05
-4108.02
-4108.98
-4109.95
-4110.92
-4111.89
-4112.85
-4113.82
-4114.79
-4115.75
-4116.72
-4117.69
-4118.66
-4119.62
-4120.59
-4121.56
-4122.52
-4123.49
-4124.46
-4125.42
-4126.39
-4127.36
-4128.32
-4129.29
-4130.26
-4131.22
-4132.19
-4133.16
-4134.12
-4135.09
-4136.06
-4137.02
-4137.99
-4138.96
-4139.92
-4140.89
-4141.85
-4142.82
-4143.79
-4144.75
-4145.72
-4146.69
-4147.65
-4148.62
-4149.58
-4150.55
-4151.51
-4152.48
-4153.45
-4154.41
-4155.38
-4156.34
-4157.31
-4158.27
-4159.24
-4160.21
-4161.17
-4162.14
-4163.1
-4164.07
-4165.03
-4166
-4166.96
-4167.93
-4168.89
-4169.86
-4170.82
-4171.79
-4172.75
-4173.72
-4174.68
-4175.65
-4176.61
-4177.58
-4178.54
-4179.51
-4180.47
-4181.44
-4182.4
-4183.37
-4184.33
-4185.3
-4186.26
-4187.23
-4188.19
-4189.16
-4190.12
-4191.08
-4192.05
-4193.01
-4193.98
-4194.94
-4195.91
-4196.87
-4197.83
-4198.8
-4199.76
-4200.73
-4201.69
-4202.65
-4203.62
-4204.58
-4205.55
-4206.51
-4207.47
-4208.44
-4209.4
-4210.37
-4211.33
-4212.29
-4213.26
-4214.22
-4215.18
-4216.15
-4217.11
-4218.07
-4219.04
-4220
-4220.96
-4221.93
-4222.89
-4223.85
-4224.82
-4225.78
-4226.74
-4227.71
-4228.67
-4229.63
-4230.59
-4231.56
-4232.52
-4233.48
-4234.45
-4235.41
-4236.37
-4237.33
-4238.3
-4239.26
-4240.22
-4241.18
-4242.15
-4243.11
-4244.07
-4245.03
-4246
-4246.96
-4247.92
-4248.88
-4249.85
-4250.81
-4251.77
-4252.73
-4253.7
-4254.66
-4255.62
-4256.58
-4257.54
-4258.51
-4259.47
-4260.43
-4261.39
-4262.35
-4263.31
-4264.28
-4265.24
-4266.2
-4267.16
-4268.12
-4269.08
-4270.05
-4271.01
-4271.97
-4272.93
-4273.89
-4274.85
-4275.81
-4276.78
-4277.74
-4278.7
-4279.66
-4280.62
-4281.58
-4282.54
-4283.5
-4284.46
-4285.42
-4286.39
-4287.35
-4288.31
-4289.27
-4290.23
-4291.19
-4292.15
-4293.11
-4294.07
-4295.03
-4295.99
-4296.95
-4297.91
-4298.87
-4299.83
-4300.8
-4301.76
-4302.72
-4303.68
-4304.64
-4305.6
-4306.56
-4307.52
-4308.48
-4309.44
-4310.4
-4311.36
-4312.32
-4313.28
-4314.24
-4315.2
-4316.16
-4317.12
-4318.08
-4319.04
-4320
-4320.95
-4321.91
-4322.87
-4323.83
-4324.79
-4325.75
-4326.71
-4327.67
-4328.63
-4329.59
-4330.55
-4331.51
-4332.47
-4333.43
-4334.39
-4335.34
-4336.3
-4337.26
-4338.22
-4339.18
-4340.14
-4341.1
-4342.06
-4343.02
-4343.98
-4344.93
-4345.89
-4346.85
-4347.81
-4348.77
-4349.73
-4350.69
-4351.64
-4352.6
-4353.56
-4354.52
-4355.48
-4356.44
-4357.39
-4358.35
-4359.31
-4360.27
-4361.23
-4362.19
-4363.14
-4364.1
-4365.06
-4366.02
-4366.98
-4367.93
-4368.89
-4369.85
-4370.81
-4371.76
-4372.72
-4373.68
-4374.64
-4375.59
-4376.55
-4377.51
-4378.47
-4379.42
-4380.38
-4381.34
-4382.3
-4383.25
-4384.21
-4385.17
-4386.13
-4387.08
-4388.04
-4389
-4389.95
-4390.91
-4391.87
-4392.83
-4393.78
-4394.74
-4395.7
-4396.65
-4397.61
-4398.57
-4399.52
-4400.48
-4401.44
-4402.39
-4403.35
-4404.31
-4405.26
-4406.22
-4407.18
-4408.13
-4409.09
-4410.04
-4411
-4411.96
-4412.91
-4413.87
-4414.83
-4415.78
-4416.74
-4417.69
-4418.65
-4419.61
-4420.56
-4421.52
-4422.47
-4423.43
-4424.39
-4425.34
-4426.3
-4427.25
-4428.21
-4429.16
-4430.12
-4431.07
-4432.03
-4432.99
-4433.94
-4434.9
-4435.85
-4436.81
-4437.76
-4438.72
-4439.67
-4440.63
-4441.58
-4442.54
-4443.49
-4444.45
-4445.4
-4446.36
-4447.31
-4448.27
-4449.22
-4450.18
-4451.13
-4452.09
-4453.04
-4454
-4454.95
-4455.91
-4456.86
-4457.82
-4458.77
-4459.72
-4460.68
-4461.63
-4462.59
-4463.54
-4464.5
-4465.45
-4466.4
-4467.36
-4468.31
-4469.27
-4470.22
-4471.17
-4472.13
-4473.08
-4474.04
-4474.99
-4475.94
-4476.9
-4477.85
-4478.81
-4479.76
-4480.71
-4481.67
-4482.62
-4483.57
-4484.53
-4485.48
-4486.43
-4487.39
-4488.34
-4489.29
-4490.25
-4491.2
-4492.15
-4493.11
-4494.06
-4495.01
-4495.97
-4496.92
-4497.87
-4498.83
-4499.78
-4500.73
-4501.68
-4502.64
-4503.59
-4504.54
-4505.5
-4506.45
-4507.4
-4508.35
-4509.31
-4510.26
-4511.21
-4512.16
-4513.12
-4514.07
-4515.02
-4515.97
-4516.93
-4517.88
-4518.83
-4519.78
-4520.73
-4521.69
-4522.64
-4523.59
-4524.54
-4525.5
-4526.45
-4527.4
-4528.35
-4529.3
-4530.25
-4531.21
-4532.16
-4533.11
-4534.06
-4535.01
-4535.96
-4536.92
-4537.87
-4538.82
-4539.77
-4540.72
-4541.67
-4542.62
-4543.58
-4544.53
-4545.48
-4546.43
-4547.38
-4548.33
-4549.28
-4550.23
-4551.19
-4552.14
-4553.09
-4554.04
-4554.99
-4555.94
-4556.89
-4557.84
-4558.79
-4559.74
-4560.69
-4561.64
-4562.59
-4563.55
-4564.5
-4565.45
-4566.4
-4567.35
-4568.3
-4569.25
-4570.2
-4571.15
-4572.1
-4573.05
-4574
-4574.95
-4575.9
-4576.85
-4577.8
-4578.75
-4579.7
-4580.65
-4581.6
-4582.55
-4583.5
-4584.45
-4585.4
-4586.35
-4587.3
-4588.25
-4589.2
-4590.15
-4591.1
-4592.04
-4592.99
-4593.94
-4594.89
-4595.84
-4596.79
-4597.74
-4598.69
-4599.64
-4600.59
-4601.54
-4602.49
-4603.44
-4604.38
-4605.33
-4606.28
-4607.23
-4608.18
-4609.13
-4610.08
-4611.03
-4611.98
-4612.92
-4613.87
-4614.82
-4615.77
-4616.72
-4617.67
-4618.62
-4619.56
-4620.51
-4621.46
-4622.41
-4623.36
-4624.31
-4625.25
-4626.2
-4627.15
-4628.1
-4629.05
-4629.99
-4630.94
-4631.89
-4632.84
-4633.79
-4634.73
-4635.68
-4636.63
-4637.58
-4638.52
-4639.47
-4640.42
-4641.37
-4642.31
-4643.26
-4644.21
-4645.16
-4646.1
-4647.05
-4648
-4648.95
-4649.89
-4650.84
-4651.79
-4652.74
-4653.68
-4654.63
-4655.58
-4656.52
-4657.47
-4658.42
-4659.36
-4660.31
-4661.26
-4662.21
-4663.15
-4664.1
-4665.05
-4665.99
-4666.94
-4667.89
-4668.83
-4669.78
-4670.72
-4671.67
-4672.62
-4673.56
-4674.51
-4675.46
-4676.4
-4677.35
-4678.3
-4679.24
-4680.19
-4681.13
-4682.08
-4683.03
-4683.97
-4684.92
-4685.86
-4686.81
-4687.75
-4688.7
-4689.65
-4690.59
-4691.54
-4692.48
-4693.43
-4694.37
-4695.32
-4696.27
-4697.21
-4698.16
-4699.1
-4700.05
-4700.99
-4701.94
-4702.88
-4703.83
-4704.77
-4705.72
-4706.66
-4707.61
-4708.55
-4709.5
-4710.44
-4711.39
-4712.33
-4713.28
-4714.22
-4715.17
-4716.11
-4717.06
-4718
-4718.95
-4719.89
-4720.84
-4721.78
-4722.72
-4723.67
-4724.61
-4725.56
-4726.5
-4727.45
-4728.39
-4729.33
-4730.28
-4731.22
-4732.17
-4733.11
-4734.06
-4735
-4735.94
-4736.89
-4737.83
-4738.78
-4739.72
-4740.66
-4741.61
-4742.55
-4743.49
-4744.44
-4745.38
-4746.32
-4747.27
-4748.21
-4749.16
-4750.1
-4751.04
-4751.99
-4752.93
-4753.87
-4754.82
-4755.76
-4756.7
-4757.64
-4758.59
-4759.53
-4760.47
-4761.42
-4762.36
-4763.3
-4764.25
-4765.19
-4766.13
-4767.07
-4768.02
-4768.96
-4769.9
-4770.84
-4771.79
-4772.73
-4773.67
-4774.61
-4775.56
-4776.5
-4777.44
-4778.38
-4779.33
-4780.27
-4781.21
-4782.15
-4783.1
-4784.04
-4784.98
-4785.92
-4786.86
-4787.81
-4788.75
-4789.69
-4790.63
-4791.57
-4792.51
-4793.46
-4794.4
-4795.34
-4796.28
-4797.22
-4798.16
-4799.11
-4800.05
-4800.99
-4801.93
-4802.87
-4803.81
-4804.75
-4805.7
-4806.64
-4807.58
-4808.52
-4809.46
-4810.4
-4811.34
-4812.28
-4813.22
-4814.17
-4815.11
-4816.05
-4816.99
-4817.93
-4818.87
-4819.81
-4820.75
-4821.69
-4822.63
-4823.57
-4824.51
-4825.45
-4826.39
-4827.33
-4828.28
-4829.22
-4830.16
-4831.1
-4832.04
-4832.98
-4833.92
-4834.86
-4835.8
-4836.74
-4837.68
-4838.62
-4839.56
-4840.5
-4841.44
-4842.38
-4843.32
-4844.26
-4845.2
-4846.14
-4847.08
-4848.01
-4848.95
-4849.89
-4850.83
-4851.77
-4852.71
-4853.65
-4854.59
-4855.53
-4856.47
-4857.41
-4858.35
-4859.29
-4860.23
-4861.17
-4862.1
-4863.04
-4863.98
-4864.92
-4865.86
-4866.8
-4867.74
-4868.68
-4869.62
-4870.55
-4871.49
-4872.43
-4873.37
-4874.31
-4875.25
-4876.19
-4877.13
-4878.06
-4879
-4879.94
-4880.88
-4881.82
-4882.76
-4883.69
-4884.63
-4885.57
-4886.51
-4887.45
-4888.38
-4889.32
-4890.26
-4891.2
-4892.14
-4893.07
-4894.01
-4894.95
-4895.89
-4896.82
-4897.76
-4898.7
-4899.64
-4900.58
-4901.51
-4902.45
-4903.39
-4904.33
-4905.26
-4906.2
-4907.14
-4908.07
-4909.01
-4909.95
-4910.89
-4911.82
-4912.76
-4913.7
-4914.63
-4915.57
-4916.51
-4917.45
-4918.38
-4919.32
-4920.26
-4921.19
-4922.13
-4923.07
-4924
-4924.94
-4925.88
-4926.81
-4927.75
-4928.69
-4929.62
-4930.56
-4931.49
-4932.43
-4933.37
-4934.3
-4935.24
-4936.18
-4937.11
-4938.05
-4938.98
-4939.92
-4940.86
-4941.79
-4942.73
-4943.66
-4944.6
-4945.54
-4946.47
-4947.41
-4948.34
-4949.28
-4950.21
-4951.15
-4952.09
-4953.02
-4953.96
-4954.89
-4955.83
-4956.76
-4957.7
-4958.63
-4959.57
-4960.5
-4961.44
-4962.37
-4963.31
-4964.24
-4965.18
-4966.11
-4967.05
-4967.98
-4968.92
-4969.85
-4970.79
-4971.72
-4972.66
-4973.59
-4974.53
-4975.46
-4976.4
-4977.33
-4978.27
-4979.2
-4980.13
-4981.07
-4982
-4982.94
-4983.87
-4984.81
-4985.74
-4986.67
-4987.61
-4988.54
-4989.48
-4990.41
-4991.34
-4992.28
-4993.21
-4994.15
-4995.08
-4996.01
-4996.95
-4997.88
-4998.82
-4999.75
-5000.68
-5001.62
-5002.55
-5003.48
-5004.42
-5005.35
-5006.28
-5007.22
-5008.15
-5009.08
-5010.02
-5010.95
-5011.88
-5012.82
-5013.75
-5014.68
-5015.62
-5016.55
-5017.48
-5018.41
-5019.35
-5020.28
-5021.21
-5022.15
-5023.08
-5024.01
-5024.94
-5025.88
-5026.81
-5027.74
-5028.67
-5029.61
-5030.54
-5031.47
-5032.4
-5033.34
-5034.27
-5035.2
-5036.13
-5037.07
-5038
-5038.93
-5039.86
-5040.79
-5041.73
-5042.66
-5043.59
-5044.52
-5045.45
-5046.39
-5047.32
-5048.25
-5049.18
-5050.11
-5051.04
-5051.98
-5052.91
-5053.84
-5054.77
-5055.7
-5056.63
-5057.56
-5058.5
-5059.43
-5060.36
-5061.29
-5062.22
-5063.15
-5064.08
-5065.01
-5065.94
-5066.88
-5067.81
-5068.74
-5069.67
-5070.6
-5071.53
-5072.46
-5073.39
-5074.32
-5075.25
-5076.18
-5077.11
-5078.05
-5078.98
-5079.91
-5080.84
-5081.77
-5082.7
-5083.63
-5084.56
-5085.49
-5086.42
-5087.35
-5088.28
-5089.21
-5090.14
-5091.07
-5092
-5092.93
-5093.86
-5094.79
-5095.72
-5096.65
-5097.58
-5098.51
-5099.44
-5100.37
-5101.3
-5102.23
-5103.16
-5104.09
-5105.01
-5105.94
-5106.87
-5107.8
-5108.73
-5109.66
-5110.59
-5111.52
-5112.45
-5113.38
-5114.31
-5115.24
-5116.17
-5117.09
-5118.02
-5118.95
-5119.88
-5120.81
-5121.74
-5122.67
-5123.6
-5124.53
-5125.45
-5126.38
-5127.31
-5128.24
-5129.17
-5130.1
-5131.03
-5131.95
-5132.88
-5133.81
-5134.74
-5135.67
-5136.59
-5137.52
-5138.45
-5139.38
-5140.31
-5141.24
-5142.16
-5143.09
-5144.02
-5144.95
-5145.87
-5146.8
-5147.73
-5148.66
-5149.59
-5150.51
-5151.44
-5152.37
-5153.3
-5154.22
-5155.15
-5156.08
-5157.01
-5157.93
-5158.86
-5159.79
-5160.72
-5161.64
-5162.57
-5163.5
-5164.42
-5165.35
-5166.28
-5167.2
-5168.13
-5169.06
-5169.99
-5170.91
-5171.84
-5172.77
-5173.69
-5174.62
-5175.55
-5176.47
-5177.4
-5178.33
-5179.25
-5180.18
-5181.11
-5182.03
-5182.96
-5183.88
-5184.81
-5185.74
-5186.66
-5187.59
-5188.51
-5189.44
-5190.37
-5191.29
-5192.22
-5193.14
-5194.07
-5195
-5195.92
-5196.85
-5197.77
-5198.7
-5199.63
-5200.55
-5201.48
-5202.4
-5203.33
-5204.25
-5205.18
-5206.1
-5207.03
-5207.95
-5208.88
-5209.81
-5210.73
-5211.66
-5212.58
-5213.51
-5214.43
-5215.36
-5216.28
-5217.21
-5218.13
-5219.06
-5219.98
-5220.91
-5221.83
-5222.75
-5223.68
-5224.6
-5225.53
-5226.45
-5227.38
-5228.3
-5229.23
-5230.15
-5231.08
-5232
-5232.92
-5233.85
-5234.77
-5235.7
-5236.62
-5237.55
-5238.47
-5239.39
-5240.32
-5241.24
-5242.17
-5243.09
-5244.01
-5244.94
-5245.86
-5246.78
-5247.71
-5248.63
-5249.56
-5250.48
-5251.4
-5252.33
-5253.25
-5254.17
-5255.1
-5256.02
-5256.94
-5257.87
-5258.79
-5259.71
-5260.64
-5261.56
-5262.48
-5263.41
-5264.33
-5265.25
-5266.17
-5267.1
-5268.02
-5268.94
-5269.87
-5270.79
-5271.71
-5272.63
-5273.56
-5274.48
-5275.4
-5276.32
-5277.25
-5278.17
-5279.09
-5280.01
-5280.94
-5281.86
-5282.78
-5283.7
-5284.63
-5285.55
-5286.47
-5287.39
-5288.31
-5289.24
-5290.16
-5291.08
-5292
-5292.92
-5293.85
-5294.77
-5295.69
-5296.61
-5297.53
-5298.45
-5299.38
-5300.3
-5301.22
-5302.14
-5303.06
-5303.98
-5304.91
-5305.83
-5306.75
-5307.67
-5308.59
-5309.51
-5310.43
-5311.35
-5312.27
-5313.2
-5314.12
-5315.04
-5315.96
-5316.88
-5317.8
-5318.72
-5319.64
-5320.56
-5321.48
-5322.4
-5323.32
-5324.25
-5325.17
-5326.09
-5327.01
-5327.93
-5328.85
-5329.77
-5330.69
-5331.61
-5332.53
-5333.45
-5334.37
-5335.29
-5336.21
-5337.13
-5338.05
-5338.97
-5339.89
-5340.81
-5341.73
-5342.65
-5343.57
-5344.49
-5345.41
-5346.33
-5347.25
-5348.17
-5349.09
-5350.01
-5350.93
-5351.85
-5352.76
-5353.68
-5354.6
-5355.52
-5356.44
-5357.36
-5358.28
-5359.2
-5360.12
-5361.04
-5361.96
-5362.88
-5363.79
-5364.71
-5365.63
-5366.55
-5367.47
-5368.39
-5369.31
-5370.23
-5371.15
-5372.06
-5372.98
-5373.9
-5374.82
-5375.74
-5376.66
-5377.57
-5378.49
-5379.41
-5380.33
-5381.25
-5382.17
-5383.08
-5384
-5384.92
-5385.84
-5386.76
-5387.67
-5388.59
-5389.51
-5390.43
-5391.35
-5392.26
-5393.18
-5394.1
-5395.02
-5395.93
-5396.85
-5397.77
-5398.69
-5399.6
-5400.52
-5401.44
-5402.36
-5403.27
-5404.19
-5405.11
-5406.03
-5406.94
-5407.86
-5408.78
-5409.69
-5410.61
-5411.53
-5412.45
-5413.36
-5414.28
-5415.2
-5416.11
-5417.03
-5417.95
-5418.86
-5419.78
-5420.7
-5421.61
-5422.53
-5423.45
-5424.36
-5425.28
-5426.19
-5427.11
-5428.03
-5428.94
-5429.86
-5430.78
-5431.69
-5432.61
-5433.52
-5434.44
-5435.36
-5436.27
-5437.19
-5438.1
-5439.02
-5439.94
-5440.85
-5441.77
-5442.68
-5443.6
-5444.51
-5445.43
-5446.35
-5447.26
-5448.18
-5449.09
-5450.01
-5450.92
-5451.84
-5452.75
-5453.67
-5454.58
-5455.5
-5456.41
-5457.33
-5458.24
-5459.16
-5460.07
-5460.99
-5461.9
-5462.82
-5463.73
-5464.65
-5465.56
-5466.48
-5467.39
-5468.31
-5469.22
-5470.14
-5471.05
-5471.96
-5472.88
-5473.79
-5474.71
-5475.62
-5476.54
-5477.45
-5478.36
-5479.28
-5480.19
-5481.11
-5482.02
-5482.94
-5483.85
-5484.76
-5485.68
-5486.59
-5487.5
-5488.42
-5489.33
-5490.25
-5491.16
-5492.07
-5492.99
-5493.9
-5494.81
-5495.73
-5496.64
-5497.55
-5498.47
-5499.38
-5500.29
-5501.21
-5502.12
-5503.03
-5503.95
-5504.86
-5505.77
-5506.69
-5507.6
-5508.51
-5509.42
-5510.34
-5511.25
-5512.16
-5513.08
-5513.99
-5514.9
-5515.81
-5516.73
-5517.64
-5518.55
-5519.46
-5520.38
-5521.29
-5522.2
-5523.11
-5524.03
-5524.94
-5525.85
-5526.76
-5527.67
-5528.59
-5529.5
-5530.41
-5531.32
-5532.23
-5533.15
-5534.06
-5534.97
-5535.88
-5536.79
-5537.71
-5538.62
-5539.53
-5540.44
-5541.35
-5542.26
-5543.17
-5544.09
-5545
-5545.91
-5546.82
-5547.73
-5548.64
-5549.55
-5550.47
-5551.38
-5552.29
-5553.2
-5554.11
-5555.02
-5555.93
-5556.84
-5557.75
-5558.66
-5559.57
-5560.49
-5561.4
-5562.31
-5563.22
-5564.13
-5565.04
-5565.95
-5566.86
-5567.77
-5568.68
-5569.59
-5570.5
-5571.41
-5572.32
-5573.23
-5574.14
-5575.05
-5575.96
-5576.87
-5577.78
-5578.69
-5579.6
-5580.51
-5581.42
-5582.33
-5583.24
-5584.15
-5585.06
-5585.97
-5586.88
-5587.79
-5588.7
-5589.61
-5590.52
-5591.43
-5592.34
-5593.25
-5594.16
-5595.07
-5595.97
-5596.88
-5597.79
-5598.7
-5599.61
-5600.52
-5601.43
-5602.34
-5603.25
-5604.16
-5605.06
-5605.97
-5606.88
-5607.79
-5608.7
-5609.61
-5610.52
-5611.43
-5612.33
-5613.24
-5614.15
-5615.06
-5615.97
-5616.88
-5617.78
-5618.69
-5619.6
-5620.51
-5621.42
-5622.33
-5623.23
-5624.14
-5625.05
-5625.96
-5626.87
-5627.77
-5628.68
-5629.59
-5630.5
-5631.4
-5632.31
-5633.22
-5634.13
-5635.04
-5635.94
-5636.85
-5637.76
-5638.67
-5639.57
-5640.48
-5641.39
-5642.29
-5643.2
-5644.11
-5645.02
-5645.92
-5646.83
-5647.74
-5648.64
-5649.55
-5650.46
-5651.36
-5652.27
-5653.18
-5654.09
-5654.99
-5655.9
-5656.81
-5657.71
-5658.62
-5659.53
-5660.43
-5661.34
-5662.24
-5663.15
-5664.06
-5664.96
-5665.87
-5666.78
-5667.68
-5668.59
-5669.49
-5670.4
-5671.31
-5672.21
-5673.12
-5674.02
-5674.93
-5675.84
-5676.74
-5677.65
-5678.55
-5679.46
-5680.36
-5681.27
-5682.18
-5683.08
-5683.99
-5684.89
-5685.8
-5686.7
-5687.61
-5688.51
-5689.42
-5690.32
-5691.23
-5692.13
-5693.04
-5693.94
-5694.85
-5695.75
-5696.66
-5697.56
-5698.47
-5699.37
-5700.28
-5701.18
-5702.09
-5702.99
-5703.9
-5704.8
-5705.71
-5706.61
-5707.52
-5708.42
-5709.32
-5710.23
-5711.13
-5712.04
-5712.94
-5713.85
-5714.75
-5715.65
-5716.56
-5717.46
-5718.37
-5719.27
-5720.17
-5721.08
-5721.98
-5722.89
-5723.79
-5724.69
-5725.6
-5726.5
-5727.4
-5728.31
-5729.21
-5730.11
-5731.02
-5731.92
-5732.82
-5733.73
-5734.63
-5735.53
-5736.44
-5737.34
-5738.24
-5739.15
-5740.05
-5740.95
-5741.86
-5742.76
-5743.66
-5744.57
-5745.47
-5746.37
-5747.27
-5748.18
-5749.08
-5749.98
-5750.88
-5751.79
-5752.69
-5753.59
-5754.49
-5755.4
-5756.3
-5757.2
-5758.1
-5759.01
-5759.91
-5760.81
-5761.71
-5762.61
-5763.52
-5764.42
-5765.32
-5766.22
-5767.12
-5768.03
-5768.93
-5769.83
-5770.73
-5771.63
-5772.53
-5773.44
-5774.34
-5775.24
-5776.14
-5777.04
-5777.94
-5778.84
-5779.75
-5780.65
-5781.55
-5782.45
-5783.35
-5784.25
-5785.15
-5786.05
-5786.96
-5787.86
-5788.76
-5789.66
-5790.56
-5791.46
-5792.36
-5793.26
-5794.16
-5795.06
-5795.96
-5796.86
-5797.76
-5798.67
-5799.57
-5800.47
-5801.37
-5802.27
-5803.17
-5804.07
-5804.97
-5805.87
-5806.77
-5807.67
-5808.57
-5809.47
-5810.37
-5811.27
-5812.17
-5813.07
-5813.97
-5814.87
-5815.77
-5816.67
-5817.57
-5818.47
-5819.37
-5820.27
-5821.17
-5822.06
-5822.96
-5823.86
-5824.76
-5825.66
-5826.56
-5827.46
-5828.36
-5829.26
-5830.16
-5831.06
-5831.96
-5832.86
-5833.75
-5834.65
-5835.55
-5836.45
-5837.35
-5838.25
-5839.15
-5840.05
-5840.95
-5841.84
-5842.74
-5843.64
-5844.54
-5845.44
-5846.34
-5847.23
-5848.13
-5849.03
-5849.93
-5850.83
-5851.73
-5852.62
-5853.52
-5854.42
-5855.32
-5856.22
-5857.11
-5858.01
-5858.91
-5859.81
-5860.71
-5861.6
-5862.5
-5863.4
-5864.3
-5865.19
-5866.09
-5866.99
-5867.89
-5868.78
-5869.68
-5870.58
-5871.48
-5872.37
-5873.27
-5874.17
-5875.07
-5875.96
-5876.86
-5877.76
-5878.65
-5879.55
-5880.45
-5881.34
-5882.24
-5883.14
-5884.03
-5884.93
-5885.83
-5886.72
-5887.62
-5888.52
-5889.41
-5890.31
-5891.21
-5892.1
-5893
-5893.9
-5894.79
-5895.69
-5896.59
-5897.48
-5898.38
-5899.27
-5900.17
-5901.07
-5901.96
-5902.86
-5903.75
-5904.65
-5905.55
-5906.44
-5907.34
-5908.23
-5909.13
-5910.02
-5910.92
-5911.81
-5912.71
-5913.61
-5914.5
-5915.4
-5916.29
-5917.19
-5918.08
-5918.98
-5919.87
-5920.77
-5921.66
-5922.56
-5923.45
-5924.35
-5925.24
-5926.14
-5927.03
-5927.93
-5928.82
-5929.72
-5930.61
-5931.51
-5932.4
-5933.3
-5934.19
-5935.08
-5935.98
-5936.87
-5937.77
-5938.66
-5939.56
-5940.45
-5941.35
-5942.24
-5943.13
-5944.03
-5944.92
-5945.82
-5946.71
-5947.6
-5948.5
-5949.39
-5950.29
-5951.18
-5952.07
-5952.97
-5953.86
-5954.75
-5955.65
-5956.54
-5957.43
-5958.33
-5959.22
-5960.11
-5961.01
-5961.9
-5962.79
-5963.69
-5964.58
-5965.47
-5966.37
-5967.26
-5968.15
-5969.05
-5969.94
-5970.83
-5971.73
-5972.62
-5973.51
-5974.4
-5975.3
-5976.19
-5977.08
-5977.97
-5978.87
-5979.76
-5980.65
-5981.54
-5982.44
-5983.33
-5984.22
-5985.11
-5986.01
-5986.9
-5987.79
-5988.68
-5989.57
-5990.47
-5991.36
-5992.25
-5993.14
-5994.03
-5994.93
-5995.82
-5996.71
-5997.6
-5998.49
-5999.38
-6000.28
-6001.17
-6002.06
-6002.95
-6003.84
-6004.73
-6005.62
-6006.52
-6007.41
-6008.3
-6009.19
-6010.08
-6010.97
-6011.86
-6012.75
-6013.65
-6014.54
-6015.43
-6016.32
-6017.21
-6018.1
-6018.99
-6019.88
-6020.77
-6021.66
-6022.55
-6023.44
-6024.33
-6025.22
-6026.11
-6027.01
-6027.9
-6028.79
-6029.68
-6030.57
-6031.46
-6032.35
-6033.24
-6034.13
-6035.02
-6035.91
-6036.8
-6037.69
-6038.58
-6039.47
-6040.36
-6041.25
-6042.14
-6043.03
-6043.91
-6044.8
-6045.69
-6046.58
-6047.47
-6048.36
-6049.25
-6050.14
-6051.03
-6051.92
-6052.81
-6053.7
-6054.59
-6055.48
-6056.37
-6057.25
-6058.14
-6059.03
-6059.92
-6060.81
-6061.7
-6062.59
-6063.48
-6064.37
-6065.25
-6066.14
-6067.03
-6067.92
-6068.81
-6069.7
-6070.59
-6071.47
-6072.36
-6073.25
-6074.14
-6075.03
-6075.91
-6076.8
-6077.69
-6078.58
-6079.47
-6080.36
-6081.24
-6082.13
-6083.02
-6083.91
-6084.79
-6085.68
-6086.57
-6087.46
-6088.34
-6089.23
-6090.12
-6091.01
-6091.9
-6092.78
-6093.67
-6094.56
-6095.44
-6096.33
-6097.22
-6098.11
-6098.99
-6099.88
-6100.77
-6101.65
-6102.54
-6103.43
-6104.32
-6105.2
-6106.09
-6106.98
-6107.86
-6108.75
-6109.64
-6110.52
-6111.41
-6112.3
-6113.18
-6114.07
-6114.95
-6115.84
-6116.73
-6117.61
-6118.5
-6119.39
-6120.27
-6121.16
-6122.04
-6122.93
-6123.82
-6124.7
-6125.59
-6126.47
-6127.36
-6128.25
-6129.13
-6130.02
-6130.9
-6131.79
-6132.67
-6133.56
-6134.45
-6135.33
-6136.22
-6137.1
-6137.99
-6138.87
-6139.76
-6140.64
-6141.53
-6142.41
-6143.3
-6144.18
-6145.07
-6145.95
-6146.84
-6147.72
-6148.61
-6149.49
-6150.38
-6151.26
-6152.15
-6153.03
-6153.92
-6154.8
-6155.69
-6156.57
-6157.45
-6158.34
-6159.22
-6160.11
-6160.99
-6161.88
-6162.76
-6163.64
-6164.53
-6165.41
-6166.3
-6167.18
-6168.06
-6168.95
-6169.83
-6170.72
-6171.6
-6172.48
-6173.37
-6174.25
-6175.13
-6176.02
-6176.9
-6177.79
-6178.67
-6179.55
-6180.44
-6181.32
-6182.2
-6183.09
-6183.97
-6184.85
-6185.74
-6186.62
-6187.5
-6188.38
-6189.27
-6190.15
-6191.03
-6191.92
-6192.8
-6193.68
-6194.56
-6195.45
-6196.33
-6197.21
-6198.1
-6198.98
-6199.86
-6200.74
-6201.63
-6202.51
-6203.39
-6204.27
-6205.15
-6206.04
-6206.92
-6207.8
-6208.68
-6209.56
-6210.45
-6211.33
-6212.21
-6213.09
-6213.97
-6214.86
-6215.74
-6216.62
-6217.5
-6218.38
-6219.26
-6220.15
-6221.03
-6221.91
-6222.79
-6223.67
-6224.55
-6225.43
-6226.32
-6227.2
-6228.08
-6228.96
-6229.84
-6230.72
-6231.6
-6232.48
-6233.36
-6234.25
-6235.13
-6236.01
-6236.89
-6237.77
-6238.65
-6239.53
-6240.41
-6241.29
-6242.17
-6243.05
-6243.93
-6244.81
-6245.69
-6246.57
-6247.45
-6248.33
-6249.21
-6250.1
-6250.98
-6251.86
-6252.74
-6253.62
-6254.5
-6255.38
-6256.26
-6257.13
-6258.01
-6258.89
-6259.77
-6260.65
-6261.53
-6262.41
-6263.29
-6264.17
-6265.05
-6265.93
-6266.81
-6267.69
-6268.57
-6269.45
-6270.33
-6271.21
-6272.09
-6272.97
-6273.84
-6274.72
-6275.6
-6276.48
-6277.36
-6278.24
-6279.12
-6280
-6280.88
-6281.75
-6282.63
-6283.51
-6284.39
-6285.27
-6286.15
-6287.03
-6287.9
-6288.78
-6289.66
-6290.54
-6291.42
-6292.29
-6293.17
-6294.05
-6294.93
-6295.81
-6296.69
-6297.56
-6298.44
-6299.32
-6300.2
-6301.07
-6301.95
-6302.83
-6303.71
-6304.59
-6305.46
-6306.34
-6307.22
-6308.1
-6308.97
-6309.85
-6310.73
-6311.6
-6312.48
-6313.36
-6314.24
-6315.11
-6315.99
-6316.87
-6317.74
-6318.62
-6319.5
-6320.38
-6321.25
-6322.13
-6323.01
-6323.88
-6324.76
-6325.64
-6326.51
-6327.39
-6328.27
-6329.14
-6330.02
-6330.89
-6331.77
-6332.65
-6333.52
-6334.4
-6335.28
-6336.15
-6337.03
-6337.9
-6338.78
-6339.66
-6340.53
-6341.41
-6342.28
-6343.16
-6344.04
-6344.91
-6345.79
-6346.66
-6347.54
-6348.41
-6349.29
-6350.16
-6351.04
-6351.92
-6352.79
-6353.67
-6354.54
-6355.42
-6356.29
-6357.17
-6358.04
-6358.92
-6359.79
-6360.67
-6361.54
-6362.42
-6363.29
-6364.17
-6365.04
-6365.92
-6366.79
-6367.67
-6368.54
-6369.41
-6370.29
-6371.16
-6372.04
-6372.91
-6373.79
-6374.66
-6375.53
-6376.41
-6377.28
-6378.16
-6379.03
-6379.91
-6380.78
-6381.65
-6382.53
-6383.4
-6384.28
-6385.15
-6386.02
-6386.9
-6387.77
-6388.64
-6389.52
-6390.39
-6391.26
-6392.14
-6393.01
-6393.88
-6394.76
-6395.63
-6396.5
-6397.38
-6398.25
-6399.12
-6400
-6400.87
-6401.74
-6402.62
-6403.49
-6404.36
-6405.24
-6406.11
-6406.98
-6407.85
-6408.73
-6409.6
-6410.47
-6411.34
-6412.22
-6413.09
-6413.96
-6414.83
-6415.71
-6416.58
-6417.45
-6418.32
-6419.2
-6420.07
-6420.94
-6421.81
-6422.68
-6423.56
-6424.43
-6425.3
-6426.17
-6427.04
-6427.91
-6428.79
-6429.66
-6430.53
-6431.4
-6432.27
-6433.14
-6434.02
-6434.89
-6435.76
-6436.63
-6437.5
-6438.37
-6439.24
-6440.12
-6440.99
-6441.86
-6442.73
-6443.6
-6444.47
-6445.34
-6446.21
-6447.08
-6447.95
-6448.82
-6449.7
-6450.57
-6451.44
-6452.31
-6453.18
-6454.05
-6454.92
-6455.79
-6456.66
-6457.53
-6458.4
-6459.27
-6460.14
-6461.01
-6461.88
-6462.75
-6463.62
-6464.49
-6465.36
-6466.23
-6467.1
-6467.97
-6468.84
-6469.71
-6470.58
-6471.45
-6472.32
-6473.19
-6474.06
-6474.93
-6475.8
-6476.67
-6477.54
-6478.41
-6479.28
-6480.14
-6481.01
-6481.88
-6482.75
-6483.62
-6484.49
-6485.36
-6486.23
-6487.1
-6487.97
