144.367
141.929
139.491
137.052
134.614
132.175
129.736
127.298
124.859
122.42
119.98
117.541
115.102
112.663
110.223
107.783
105.344
102.904
100.464
98.0242
95.5842
93.144
90.7038
88.2635
85.8231
83.3826
80.9419
78.5012
76.0605
73.6196
71.1786
68.7375
66.2964
63.8551
61.4137
58.9723
56.5308
54.0891
51.6474
49.2056
46.7637
44.3217
41.8796
39.4374
36.9951
34.5527
32.1103
29.6677
27.2251
24.7823
22.3395
19.8965
17.4535
15.0104
12.5672
10.1239
7.68048
5.23698
2.7934
0.349723
-2.09405
-4.53791
-6.98187
-9.42592
-11.8701
-14.3143
-16.7586
-19.203
-21.6476
-24.0922
-26.5369
-28.9817
-31.4265
-33.8715
-36.3166
-38.7618
-41.207
-43.6524
-46.0978
-48.5433
-50.989
-53.4347
-55.8805
-58.3264
-60.7724
-63.2185
-65.6647
-68.111
-70.5574
-73.0038
-75.4504
-77.897
-80.3438
-82.7906
-85.2375
-87.6846
-90.1317
-92.5789
-95.0262
-97.4736
-99.9211
-102.369
-104.816
-107.264
-109.712
-112.16
-114.608
-117.056
-119.504
-121.953
-124.401
-126.85
-129.298
-131.747
-134.196
-136.645
-139.094
-141.543
-143.992
-146.441
-148.89
-151.34
-153.789
-156.239
-158.689
-161.138
-163.588
-166.038
-168.488
-170.939
-173.389
-175.839
-178.29
-180.74
-183.191
-185.642
-188.092
-190.543
-192.994
-195.446
-197.897
-200.348
-202.799
-205.251
-207.702
-210.154
-212.606
-215.058
-217.51
-219.962
-222.414
-224.866
-227.318
-229.771
-232.223
-234.676
-237.129
-239.581
-242.034
-244.487
-246.94
-249.393
-251.847
-254.3
-256.753
-259.207
-261.66
-264.114
-266.568
-269.022
-271.476
-273.93
-276.384
-278.838
-281.293
-283.747
-286.202
-288.656
-291.111
-293.566
-296.021
-298.476
-300.931
-303.386
-305.841
-308.297
-310.752
-313.208
-315.663
-318.119
-320.575
-323.031
-325.487
-327.943
-330.399
-332.855
-335.312
-337.768
-340.225
-342.682
-345.138
-347.595
-350.052
-352.509
-354.966
-357.424
-359.881
-362.338
-364.796
-367.253
-369.711
-372.169
-374.627
-377.085
-379.543
-382.001
-384.459
-386.917
-389.376
-391.834
-394.293
-396.752
-399.21
-401.669
-404.128
-406.587
-409.047
-411.506
-413.965
-416.425
-418.884
-421.344
-423.804
-426.263
-428.723
-431.183
-433.643
-436.104
-438.564
-441.024
-443.485
-445.945
-448.406
-450.867
-453.327
-455.788
-458.249
-460.71
-463.172
-465.633
-468.094
-470.556
-473.017
-475.479
-477.941
-480.403
-482.865
-485.327
-487.789
-490.251
-492.713
-495.176
-497.638
-500.101
-502.563
-505.026
-507.489
-509.952
-512.415
-514.878
-517.341
-519.805
-522.268
-524.732
-527.195
-529.659
-532.123
-534.587
-537.051
-539.515
-541.979
-544.443
-546.907
-549.372
-551.836
-554.301
-556.766
-559.231
-561.695
-564.16
-566.625
-569.091
-571.556
-574.021
-576.487
-578.952
-581.418
-583.884
-586.349
-588.815
-591.281
-593.747
-596.214
-598.68
-601.146
-603.613
-606.079
-608.546
-611.013
-613.48
-615.946
-618.413
-620.881
-623.348
-625.815
-628.282
-630.75
-633.218
-635.685
-638.153
-640.621
-643.089
-645.557
-648.025
-650.493
-652.961
-655.43
-657.898
-660.367
-662.836
-665.304
-667.773
-670.242
-672.711
-675.18
-677.65
-680.119
-682.588
-685.058
-687.527
-689.997
-692.467
-694.937
-697.407
-699.877
-702.347
-704.817
-707.288
-709.758
-712.228
-714.699
-717.17
-719.641
-722.111
-724.582
-727.054
-729.525
-731.996
-734.467
-736.939
-739.41
-741.882
-744.354
-746.825
-749.297
-751.769
-754.241
-756.714
-759.186
-761.658
-764.131
-766.603
-769.076
-771.549
-774.021
-776.494
-778.967
-781.44
-783.914
-786.387
-788.86
-791.334
-793.807
-796.281
-798.755
-801.229
-803.703
-806.177
-808.651
-811.125
-813.599
-816.074
-818.548
-821.023
-823.497
-825.972
-828.447
-830.922
-833.397
-835.872
-838.347
-840.823
-843.298
-845.773
-848.249
-850.725
-853.2
-855.676
-858.152
-860.628
-863.104
-865.581
-868.057
-870.533
-873.01
-875.487
-877.963
-880.44
-882.917
-885.394
-887.871
-890.348
-892.825
-895.303
-897.78
-900.258
-902.735
-905.213
-907.691
-910.169
-912.647
-915.125
-917.603
-920.081
-922.559
-925.038
-927.516
-929.995
-932.474
-934.953
-937.431
-939.91
-942.389
-944.869
-947.348
-949.827
-952.307
-954.786
-957.266
-959.746
-962.225
-964.705
-967.185
-969.665
-972.146
-974.626
-977.106
-979.587
-982.067
-984.548
-987.029
-989.509
-991.99
-994.471
-996.953
-999.434
-1001.91
-1004.4
-1006.88
-1009.36
-1011.84
-1014.32
-1016.8
-1019.29
-1021.77
-1024.25
-1026.73
-1029.22
-1031.7
-1034.18
-1036.66
-1039.15
-1041.63
-1044.11
-1046.59
-1049.08
-1051.56
-1054.04
-1056.53
-1059.01
-1061.49
-1063.98
-1066.46
-1068.94
-1071.43
-1073.91
-1076.4
-1078.88
-1081.36
-1083.85
-1086.33
-1088.82
-1091.3
-1093.79
-1096.27
-1098.76
-1101.24
-1103.73
-1106.21
-1108.7
-1111.18
-1113.67
-1116.15
-1118.64
-1121.12
-1123.61
-1126.1
-1128.58
-1131.07
-1133.55
-1136.04
-1138.53
-1141.01
-1143.5
-1145.99
-1148.47
-1150.96
-1153.45
-1155.93
-1158.42
-1160.91
-1163.4
-1165.88
-1168.37
-1170.86
-1173.35
-1175.83
-1178.32
-1180.81
-1183.3
-1185.78
-1188.27
-1190.76
-1193.25
-1195.74
-1198.23
-1200.72
-1203.2
-1205.69
-1208.18
-1210.67
-1213.16
-1215.65
-1218.14
-1220.63
-1223.12
-1225.61
-1228.1
-1230.59
-1233.08
-1235.57
-1238.06
-1240.55
-1243.04
-1245.53
-1248.02
-1250.51
-1253
-1255.49
-1257.98
-1260.47
-1262.96
-1265.45
-1267.94
-1270.43
-1272.93
-1275.42
-1277.91
-1280.4
-1282.89
-1285.38
-1287.88
-1290.37
-1292.86
-1295.35
-1297.84
-1300.34
-1302.83
-1305.32
-1307.81
-1310.31
-1312.8
-1315.29
-1317.78
-1320.28
-1322.77
-1325.26
-1327.76
-1330.25
-1332.74
-1335.24
-1337.73
-1340.22
-1342.72
-1345.21
-1347.71
-1350.2
-1352.69
-1355.19
-1357.68
-1360.18
-1362.67
-1365.17
-1367.66
-1370.16
-1372.65
-1375.15
-1377.64
-1380.14
-1382.63
-1385.13
-1387.62
-1390.12
-1392.61
-1395.11
-1397.61
-1400.1
-1402.6
-1405.09
-1407.59
-1410.09
-1412.58
-1415.08
-1417.58
-1420.07
-1422.57
-1425.07
-1427.56
-1430.06
-1432.56
-1435.06
-1437.55
-1440.05
-1442.55
-1445.05
-1447.54
-1450.04
-1452.54
-1455.04
-1457.53
-1460.03
-1462.53
-1465.03
-1467.53
-1470.03
-1472.52
-1475.02
-1477.52
-1480.02
-1482.52
-1485.02
-1487.52
-1490.02
-1492.52
-1495.02
-1497.52
-1500.02
-1502.52
-1505.02
-1507.52
-1510.02
-1512.52
-1515.02
-1517.52
-1520.02
-1522.52
-1525.02
-1527.52
-1530.02
-1532.52
-1535.02
-1537.52
-1540.02
-1542.52
-1545.02
-1547.53
-1550.03
-1552.53
-1555.03
-1557.53
-1560.03
-1562.54
-1565.04
-1567.54
-1570.04
-1572.54
-1575.05
-1577.55
-1580.05
-1582.55
-1585.06
-1587.56
-1590.06
-1592.57
-1595.07
-1597.57
-1600.08
-1602.58
-1605.08
-1607.59
-1610.09
-1612.59
-1615.1
-1617.6
-1620.1
-1622.61
-1625.11
-1627.62
-1630.12
-1632.63
-1635.13
-1637.64
-1640.14
-1642.64
-1645.15
-1647.65
-1650.16
-1652.66
-1655.17
-1657.68
-1660.18
-1662.69
-1665.19
-1667.7
-1670.2
-1672.71
-1675.22
-1677.72
-1680.23
-1682.73
-1685.24
-1687.75
-1690.25
-1692.76
-1695.27
-1697.77
-1700.28
-1702.79
-1705.29
-1707.8
-1710.31
-1712.82
-1715.32
-1717.83
-1720.34
-1722.85
-1725.35
-1727.86
-1730.37
-1732.88
-1735.39
-1737.9
-1740.4
-1742.91
-1745.42
-1747.93
-1750.44
-1752.95
-1755.46
-1757.97
-1760.47
-1762.98
-1765.49
-1768
-1770.51
-1773.02
-1775.53
-1778.04
-1780.55
-1783.06
-1785.57
-1788.08
-1790.59
-1793.1
-1795.61
-1798.12
-1800.63
-1803.14
-1805.65
-1808.16
-1810.68
-1813.19
-1815.7
-1818.21
-1820.72
-1823.23
-1825.74
-1828.25
-1830.77
-1833.28
-1835.79
-1838.3
-1840.81
-1843.33
-1845.84
-1848.35
-1850.86
-1853.38
-1855.89
-1858.4
-1860.91
-1863.43
-1865.94
-1868.45
-1870.97
-1873.48
-1875.99
-1878.51
-1881.02
-1883.53
-1886.05
-1888.56
-1891.07
-1893.59
-1896.1
-1898.62
-1901.13
-1903.64
-1906.16
-1908.67
-1911.19
-1913.7
-1916.22
-1918.73
-1921.25
-1923.76
-1926.28
-1928.79
-1931.31
-1933.82
-1936.34
-1938.85
-1941.37
-1943.89
-1946.4
-1948.92
-1951.43
-1953.95
-1956.47
-1958.98
-1961.5
-1964.01
-1966.53
-1969.05
-1971.56
-1974.08
-1976.6
-1979.12
-1981.63
-1984.15
-1986.67
-1989.18
-1991.7
-1994.22
-1996.74
-1999.26
-2001.77
-2004.29
-2006.81
-2009.33
-2011.85
-2014.36
-2016.88
-2019.4
-2021.92
-2024.44
-2026.96
-2029.48
-2031.99
-2034.51
-2037.03
-2039.55
-2042.07
-2044.59
-2047.11
-2049.63
-2052.15
-2054.67
-2057.19
-2059.71
-2062.23
-2064.75
-2067.27
-2069.79
-2072.31
-2074.83
-2077.35
-2079.87
-2082.39
-2084.91
-2087.43
-2089.96
-2092.48
-2095
-2097.52
-2100.04
-2102.56
-2105.08
-2107.61
-2110.13
-2112.65
-2115.17
-2117.69
-2120.21
-2122.74
-2125.26
-2127.78
-2130.3
-2132.83
-2135.35
-2137.87
-2140.4
-2142.92
-2145.44
-2147.96
-2150.49
-2153.01
-2155.53
-2158.06
-2160.58
-2163.11
-2165.63
-2168.15
-2170.68
-2173.2
-2175.72
-2178.25
-2180.77
-2183.3
-2185.82
-2188.35
-2190.87
-2193.4
-2195.92
-2198.45
-2200.97
-2203.5
-2206.02
-2208.55
-2211.07
-2213.6
-2216.12
-2218.65
-2221.17
-2223.7
-2226.23
-2228.75
-2231.28
-2233.8
-2236.33
-2238.86
-2241.38
-2243.91
-2246.44
-2248.96
-2251.49
-2254.02
-2256.55
-2259.07
-2261.6
-2264.13
-2266.65
-2269.18
-2271.71
-2274.24
-2276.76
-2279.29
-2281.82
-2284.35
-2286.88
-2289.4
-2291.93
-2294.46
-2296.99
-2299.52
-2302.05
-2304.58
-2307.1
-2309.63
-2312.16
-2314.69
-2317.22
-2319.75
-2322.28
-2324.81
-2327.34
-2329.87
-2332.4
-2334.93
-2337.46
-2339.99
-2342.52
-2345.05
-2347.58
-2350.11
-2352.64
-2355.17
-2357.7
-2360.23
-2362.76
-2365.29
-2367.82
-2370.36
-2372.89
-2375.42
-2377.95
-2380.48
-2383.01
-2385.54
-2388.08
-2390.61
-2393.14
-2395.67
-2398.2
-2400.74
-2403.27
-2405.8
-2408.33
-2410.87
-2413.4
-2415.93
-2418.46
-2421
-2423.53
-2426.06
-2428.6
-2431.13
-2433.66
-2436.2
-2438.73
-2441.26
-2443.8
-2446.33
-2448.87
-2451.4
-2453.93
-2456.47
-2459
-2461.54
-2464.07
-2466.61
-2469.14
-2471.68
-2474.21
-2476.75
-2479.28
-2481.82
-2484.35
-2486.89
-2489.42
-2491.96
-2494.49
-2497.03
-2499.56
-2502.1
-2504.64
-2507.17
-2509.71
-2512.24
-2514.78
-2517.32
-2519.85
-2522.39
-2524.93
-2527.46
-2530
-2532.54
-2535.07
-2537.61
-2540.15
-2542.69
-2545.22
-2547.76
-2550.3
-2552.84
-2555.37
-2557.91
-2560.45
-2562.99
-2565.53
-2568.06
-2570.6
-2573.14
-2575.68
-2578.22
-2580.76
-2583.29
-2585.83
-2588.37
-2590.91
-2593.45
-2595.99
-2598.53
-2601.07
-2603.61
-2606.15
-2608.69
-2611.23
-2613.77
-2616.31
-2618.85
-2621.39
-2623.93
-2626.47
-2629.01
-2631.55
-2634.09
-2636.63
-2639.17
-2641.71
-2644.25
-2646.79
-2649.33
-2651.88
-2654.42
-2656.96
-2659.5
-2662.04
-2664.58
-2667.12
-2669.67
-2672.21
-2674.75
-2677.29
-2679.83
-2682.38
-2684.92
-2687.46
-2690
-2692.55
-2695.09
-2697.63
-2700.18
-2702.72
-2705.26
-2707.8
-2710.35
-2712.89
-2715.43
-2717.98
-2720.52
-2723.07
-2725.61
-2728.15
-2730.7
-2733.24
-2735.79
-2738.33
-2740.87
-2743.42
-2745.96
-2748.51
-2751.05
-2753.6
-2756.14
-2758.69
-2761.23
-2763.78
-2766.32
-2768.87
-2771.41
-2773.96
-2776.5
-2779.05
-2781.6
-2784.14
-2786.69
-2789.23
-2791.78
-2794.33
-2796.87
-2799.42
-2801.97
-2804.51
-2807.06
-2809.61
-2812.15
-2814.7
-2817.25
-2819.79
-2822.34
-2824.89
-2827.44
-2829.98
-2832.53
-2835.08
-2837.63
-2840.18
-2842.72
-2845.27
-2847.82
-2850.37
-2852.92
-2855.46
-2858.01
-2860.56
-2863.11
-2865.66
-2868.21
-2870.76
-2873.31
-2875.86
-2878.4
-2880.95
-2883.5
-2886.05
-2888.6
-2891.15
-2893.7
-2896.25
-2898.8
-2901.35
-2903.9
-2906.45
-2909
-2911.55
-2914.1
-2916.65
-2919.21
-2921.76
-2924.31
-2926.86
-2929.41
-2931.96
-2934.51
-2937.06
-2939.61
-2942.17
-2944.72
-2947.27
-2949.82
-2952.37
-2954.92
-2957.48
-2960.03
-2962.58
-2965.13
-2967.69
-2970.24
-2972.79
-2975.34
-2977.9
-2980.45
-2983
-2985.56
-2988.11
-2990.66
-2993.22
-2995.77
-2998.32
-3000.88
-3003.43
-3005.98
-3008.54
-3011.09
-3013.65
-3016.2
-3018.75
-3021.31
-3023.86
-3026.42
-3028.97
-3031.53
-3034.08
-3036.64
-3039.19
-3041.75
-3044.3
-3046.86
-3049.41
-3051.97
-3054.52
-3057.08
-3059.63
-3062.19
-3064.75
-3067.3
-3069.86
-3072.41
-3074.97
-3077.53
-3080.08
-3082.64
-3085.2
-3087.75
-3090.31
-3092.87
-3095.42
-3097.98
-3100.54
-3103.09
-3105.65
-3108.21
-3110.77
-3113.32
-3115.88
-3118.44
-3121
-3123.56
-3126.11
-3128.67
-3131.23
-3133.79
-3136.35
-3138.9
-3141.46
-3144.02
-3146.58
-3149.14
-3151.7
-3154.26
-3156.82
-3159.38
-3161.94
-3164.49
-3167.05
-3169.61
-3172.17
-3174.73
-3177.29
-3179.85
-3182.41
-3184.97
-3187.53
-3190.09
-3192.65
-3195.21
-3197.77
-3200.34
-3202.9
-3205.46
-3208.02
-3210.58
-3213.14
-3215.7
-3218.26
-3220.82
-3223.39
-3225.95
-3228.51
-3231.07
-3233.63
-3236.19
-3238.76
-3241.32
-3243.88
-3246.44
-3249.01
-3251.57
-3254.13
-3256.69
-3259.26
-3261.82
-3264.38
-3266.94
-3269.51
-3272.07
-3274.63
-3277.2
-3279.76
-3282.32
-3284.89
-3287.45
-3290.02
-3292.58
-3295.14
-3297.71
-3300.27
-3302.84
-3305.4
-3307.96
-3310.53
-3313.09
-3315.66
-3318.22
-3320.79
-3323.35
-3325.92
-3328.48
-3331.05
-3333.61
-3336.18
-3338.75
-3341.31
-3343.88
-3346.44
-3349.01
-3351.57
-3354.14
-3356.71
-3359.27
-3361.84
-3364.41
-3366.97
-3369.54
-3372.11
-3374.67
-3377.24
-3379.81
-3382.37
-3384.94
-3387.51
-3390.07
-3392.64
-3395.21
-3397.78
-3400.35
-3402.91
-3405.48
-3408.05
-3410.62
-3413.19
-3415.75
-3418.32
-3420.89
-3423.46
-3426.03
-3428.6
-3431.16
-3433.73
-3436.3
-3438.87
-3441.44
-3444.01
-3446.58
-3449.15
-3451.72
-3454.29
-3456.86
-3459.43
-3462
-3464.57
-3467.14
-3469.71
-3472.28
-3474.85
-3477.42
-3479.99
-3482.56
-3485.13
-3487.7
-3490.27
-3492.84
-3495.41
-3497.98
-3500.56
-3503.13
-3505.7
-3508.27
-3510.84
-3513.41
-3515.99
-3518.56
-3521.13
-3523.7
-3526.27
-3528.85
-3531.42
-3533.99
-3536.56
-3539.14
-3541.71
-3544.28
-3546.85
-3549.43
-3552
-3554.57
-3557.15
-3559.72
-3562.29
-3564.87
-3567.44
-3570.01
-3572.59
-3575.16
-3577.73
-3580.31
-3582.88
-3585.46
-3588.03
-3590.61
-3593.18
-3595.76
-3598.33
-3600.9
-3603.48
-3606.05
-3608.63
-3611.2
-3613.78
-3616.35
-3618.93
-3621.51
-3624.08
-3626.66
-3629.23
-3631.81
-3634.38
-3636.96
-3639.54
-3642.11
-3644.69
-3647.27
-3649.84
-3652.42
-3655
-3657.57
-3660.15
-3662.73
-3665.3
-3667.88
-3670.46
-3673.03
-3675.61
-3678.19
-3680.77
-3683.34
-3685.92
-3688.5
-3691.08
-3693.66
-3696.23
-3698.81
-3701.39
-3703.97
-3706.55
-3709.13
-3711.7
-3714.28
-3716.86
-3719.44
-3722.02
-3724.6
-3727.18
-3729.76
-3732.34
-3734.92
-3737.5
-3740.07
-3742.65
-3745.23
-3747.81
-3750.39
-3752.97
-3755.55
-3758.13
-3760.72
-3763.3
-3765.88
-3768.46
-3771.04
-3773.62
-3776.2
-3778.78
-3781.36
-3783.94
-3786.52
-3789.1
-3791.69
-3794.27
-3796.85
-3799.43
-3802.01
-3804.59
-3807.18
-3809.76
-3812.34
-3814.92
-3817.51
-3820.09
-3822.67
-3825.25
-3827.84
-3830.42
-3833
-3835.58
-3838.17
-3840.75
-3843.33
-3845.92
-3848.5
-3851.08
-3853.67
-3856.25
-3858.84
-3861.42
-3864
-3866.59
-3869.17
-3871.76
-3874.34
-3876.92
-3879.51
-3882.09
-3884.68
-3887.26
-3889.85
-3892.43
-3895.02
-3897.6
-3900.19
-3902.77
-3905.36
-3907.94
-3910.53
-3913.12
-3915.7
-3918.29
-3920.87
-3923.46
-3926.04
-3928.63
-3931.22
-3933.8
-3936.39
-3938.98
-3941.56
-3944.15
-3946.74
-3949.32
-3951.91
-3954.5
-3957.09
-3959.67
-3962.26
-3964.85
-3967.44
-3970.02
-3972.61
-3975.2
-3977.79
-3980.37
-3982.96
-3985.55
-3988.14
-3990.73
-3993.32
-3995.9
-3998.49
-4001.08
-4003.67
-4006.26
-4008.85
-4011.44
-4014.03
-4016.62
-4019.21
-4021.79
-4024.38
-4026.97
-4029.56
-4032.15
-4034.74
-4037.33
-4039.92
-4042.51
-4045.1
-4047.69
-4050.28
-4052.88
-4055.47
-4058.06
-4060.65
-4063.24
-4065.83
-4068.42
-4071.01
-4073.6
-4076.19
-4078.79
-4081.38
-4083.97
-4086.56
-4089.15
-4091.74
-4094.34
-4096.93
-4099.52
-4102.11
-4104.7
-4107.3
-4109.89
-4112.48
-4115.08
-4117.67
-4120.26
-4122.85
-4125.45
-4128.04
-4130.63
-4133.23
-4135.82
-4138.41
-4141.01
-4143.6
-4146.19
-4148.79
-4151.38
-4153.98
-4156.57
-4159.16
-4161.76
-4164.35
-4166.95
-4169.54
-4172.14
-4174.73
-4177.33
-4179.92
-4182.52
-4185.11
-4187.71
-4190.3
-4192.9
-4195.49
-4198.09
-4200.68
-4203.28
-4205.88
-4208.47
-4211.07
-4213.66
-4216.26
-4218.86
-4221.45
-4224.05
-4226.65
-4229.24
-4231.84
-4234.44
-4237.03
-4239.63
-4242.23
-4244.83
-4247.42
-4250.02
-4252.62
-4255.21
-4257.81
-4260.41
-4263.01
-4265.61
-4268.2
-4270.8
-4273.4
-4276
-4278.6
-4281.2
-4283.79
-4286.39
-4288.99
-4291.59
-4294.19
-4296.79
-4299.39
-4301.99
-4304.59
-4307.19
-4309.78
-4312.38
-4314.98
-4317.58
-4320.18
-4322.78
-4325.38
-4327.98
-4330.58
-4333.18
-4335.78
-4338.38
-4340.99
-4343.59
-4346.19
-4348.79
-4351.39
-4353.99
-4356.59
-4359.19
-4361.79
-4364.39
-4367
-4369.6
-4372.2
-4374.8
-4377.4
-4380
-4382.61
-4385.21
-4387.81
-4390.41
-4393.02
-4395.62
-4398.22
-4400.82
-4403.43
-4406.03
-4408.63
-4411.23
-4413.84
-4416.44
-4419.04
-4421.65
-4424.25
-4426.85
-4429.46
-4432.06
-4434.67
-4437.27
-4439.87
-4442.48
-4445.08
-4447.69
-4450.29
-4452.89
-4455.5
-4458.1
-4460.71
-4463.31
-4465.92
-4468.52
-4471.13
-4473.73
-4476.34
-4478.94
-4481.55
-4484.15
-4486.76
-4489.37
-4491.97
-4494.58
-4497.18
-4499.79
-4502.4
-4505
-4507.61
-4510.21
-4512.82
-4515.43
-4518.03
-4520.64
-4523.25
-4525.85
-4528.46
-4531.07
-4533.68
-4536.28
-4538.89
-4541.5
-4544.11
-4546.71
-4549.32
-4551.93
-4554.54
-4557.15
-4559.75
-4562.36
-4564.97
-4567.58
-4570.19
-4572.8
-4575.4
-4578.01
-4580.62
-4583.23
-4585.84
-4588.45
-4591.06
-4593.67
-4596.28
-4598.89
-4601.5
-4604.11
-4606.71
-4609.32
-4611.93
-4614.54
-4617.15
-4619.77
-4622.38
-4624.99
-4627.6
-4630.21
-4632.82
-4635.43
-4638.04
-4640.65
-4643.26
-4645.87
-4648.48
-4651.09
-4653.71
-4656.32
-4658.93
-4661.54
-4664.15
-4666.76
-4669.38
-4671.99
-4674.6
-4677.21
-4679.82
-4682.44
-4685.05
-4687.66
-4690.27
-4692.89
-4695.5
-4698.11
-4700.73
-4703.34
-4705.95
-4708.57
-4711.18
-4713.79
-4716.41
-4719.02
-4721.63
-4724.25
-4726.86
-4729.47
-4732.09
-4734.7
-4737.32
-4739.93
-4742.55
-4745.16
-4747.78
-4750.39
-4753
-4755.62
-4758.23
-4760.85
-4763.46
-4766.08
-4768.7
-4771.31
-4773.93
-4776.54
-4779.16
-4781.77
-4784.39
-4787.01
-4789.62
-4792.24
-4794.85
-4797.47
-4800.09
-4802.7
-4805.32
-4807.94
-4810.55
-4813.17
-4815.79
-4818.4
-4821.02
-4823.64
-4826.26
-4828.87
-4831.49
-4834.11
-4836.73
-4839.34
-4841.96
-4844.58
-4847.2
-4849.82
-4852.43
-4855.05
-4857.67
-4860.29
-4862.91
-4865.53
-4868.14
-4870.76
-4873.38
-4876
-4878.62
-4881.24
-4883.86
-4886.48
-4889.1
-4891.72
-4894.34
-4896.96
-4899.58
-4902.2
-4904.82
-4907.44
-4910.06
-4912.68
-4915.3
-4917.92
-4920.54
-4923.16
-4925.78
-4928.4
-4931.02
-4933.64
-4936.26
-4938.89
-4941.51
-4944.13
-4946.75
-4949.37
-4951.99
-4954.61
-4957.24
-4959.86
-4962.48
-4965.1
-4967.72
-4970.35
-4972.97
-4975.59
-4978.21
-4980.84
-4983.46
-4986.08
-4988.71
-4991.33
-4993.95
-4996.57
-4999.2
-5001.82
-5004.44
-5007.07
-5009.69
-5012.32
-5014.94
-5017.56
-5020.19
-5022.81
-5025.44
-5028.06
-5030.68
-5033.31
-5035.93
-5038.56
-5041.18
-5043.81
-5046.43
-5049.06
-5051.68
-5054.31
-5056.93
-5059.56
-5062.18
-5064.81
-5067.43
-5070.06
-5072.69
-5075.31
-5077.94
-5080.56
-5083.19
-5085.82
-5088.44
-5091.07
-5093.7
-5096.32
-5098.95
-5101.58
-5104.2
-5106.83
-5109.46
-5112.08
-5114.71
-5117.34
-5119.97
-5122.59
-5125.22
-5127.85
-5130.48
-5133.1
-5135.73
-5138.36
-5140.99
-5143.62
-5146.25
-5148.87
-5151.5
-5154.13
-5156.76
-5159.39
-5162.02
-5164.65
-5167.28
-5169.9
-5172.53
-5175.16
-5177.79
-5180.42
-5183.05
-5185.68
-5188.31
-5190.94
-5193.57
-5196.2
-5198.83
-5201.46
-5204.09
-5206.72
-5209.35
-5211.98
-5214.61
-5217.24
-5219.88
-5222.51
-5225.14
-5227.77
-5230.4
-5233.03
-5235.66
-5238.29
-5240.93
-5243.56
-5246.19
-5248.82
-5251.45
-5254.08
-5256.72
-5259.35
-5261.98
-5264.61
-5267.25
-5269.88
-5272.51
-5275.14
-5277.78
-5280.41
-5283.04
-5285.68
-5288.31
-5290.94
-5293.58
-5296.21
-5298.84
-5301.48
-5304.11
-5306.74
-5309.38
-5312.01
-5314.65
-5317.28
-5319.91
-5322.55
-5325.18
-5327.82
-5330.45
-5333.09
-5335.72
-5338.36
-5340.99
-5343.63
-5346.26
-5348.9
-5351.53
-5354.17
-5356.8
-5359.44
-5362.08
-5364.71
-5367.35
-5369.98
-5372.62
-5375.26
-5377.89
-5380.53
-5383.16
-5385.8
-5388.44
-5391.07
-5393.71
-5396.35
-5398.99
-5401.62
-5404.26
-5406.9
-5409.53
-5412.17
-5414.81
-5417.45
-5420.08
-5422.72
-5425.36
-5428
-5430.64
-5433.27
-5435.91
-5438.55
-5441.19
-5443.83
-5446.47
-5449.11
-5451.74
-5454.38
-5457.02
-5459.66
-5462.3
-5464.94
-5467.58
-5470.22
-5472.86
-5475.5
-5478.14
-5480.78
-5483.42
-5486.06
-5488.7
-5491.34
-5493.98
-5496.62
-5499.26
-5501.9
-5504.54
-5507.18
-5509.82
-5512.46
-5515.1
-5517.74
-5520.38
-5523.03
-5525.67
-5528.31
-5530.95
-5533.59
-5536.23
-5538.88
-5541.52
-5544.16
-5546.8
-5549.44
-5552.09
-5554.73
-5557.37
-5560.01
-5562.66
-5565.3
-5567.94
-5570.58
-5573.23
-5575.87
-5578.51
-5581.16
-5583.8
-5586.44
-5589.09
-5591.73
-5594.37
-5597.02
-5599.66
-5602.31
-5604.95
-5607.59
-5610.24
-5612.88
-5615.53
-5618.17
-5620.82
-5623.46
-5626.11
-5628.75
-5631.4
-5634.04
-5636.69
-5639.33
-5641.98
-5644.62
-5647.27
-5649.91
-5652.56
-5655.2
-5657.85
-5660.5
-5663.14
-5665.79
-5668.43
-5671.08
-5673.73
-5676.37
-5679.02
-5681.67
-5684.31
-5686.96
-5689.61
-5692.25
-5694.9
-5697.55
-5700.2
-5702.84
-5705.49
-5708.14
-5710.79
-5713.43
-5716.08
-5718.73
-5721.38
-5724.03
-5726.67
-5729.32
-5731.97
-5734.62
-5737.27
-5739.92
-5742.56
-5745.21
-5747.86
-5750.51
-5753.16
-5755.81
-5758.46
-5761.11
-5763.76
-5766.41
-5769.06
-5771.71
-5774.36
-5777.01
-5779.66
-5782.31
-5784.96
-5787.61
-5790.26
-5792.91
-5795.56
-5798.21
-5800.86
-5803.51
-5806.16
-5808.81
-5811.46
-5814.12
-5816.77
-5819.42
-5822.07
-5824.72
-5827.37
-5830.02
-5832.68
-5835.33
-5837.98
-5840.63
-5843.28
-5845.94
-5848.59
-5851.24
-5853.89
-5856.55
-5859.2
-5861.85
-5864.51
-5867.16
-5869.81
-5872.46
-5875.12
-5877.77
-5880.42
-5883.08
-5885.73
-5888.39
-5891.04
-5893.69
-5896.35
-5899
-5901.66
-5904.31
-5906.96
-5909.62
-5912.27
-5914.93
-5917.58
-5920.24
-5922.89
-5925.55
-5928.2
-5930.86
-5933.51
-5936.17
-5938.82
-5941.48
-5944.13
-5946.79
-5949.45
-5952.1
-5954.76
-5957.41
-5960.07
-5962.73
-5965.38
-5968.04
-5970.7
-5973.35
-5976.01
-5978.67
-5981.32
-5983.98
-5986.64
-5989.29
-5991.95
-5994.61
-5997.27
-5999.92
-6002.58
-6005.24
-6007.9
-6010.56
-6013.21
-6015.87
-6018.53
-6021.19
-6023.85
-6026.5
-6029.16
-6031.82
-6034.48
-6037.14
-6039.8
-6042.46
-6045.12
-6047.78
-6050.43
-6053.09
-6055.75
-6058.41
-6061.07
-6063.73
-6066.39
-6069.05
-6071.71
-6074.37
-6077.03
-6079.69
-6082.35
-6085.01
-6087.67
-6090.33
-6093
-6095.66
-6098.32
-6100.98
-6103.64
-6106.3
-6108.96
-6111.62
-6114.28
-6116.95
-6119.61
-6122.27
-6124.93
-6127.59
-6130.25
-6132.92
-6135.58
-6138.24
-6140.9
-6143.57
-6146.23
-6148.89
-6151.55
-6154.22
-6156.88
-6159.54
-6162.21
-6164.87
-6167.53
-6170.2
-6172.86
-6175.52
-6178.19
-6180.85
-6183.51
-6186.18
-6188.84
-6191.51
-6194.17
-6196.83
-6199.5
-6202.16
-6204.83
-6207.49
-6210.16
-6212.82
-6215.49
-6218.15
-6220.82
-6223.48
-6226.15
-6228.81
-6231.48
-6234.14
-6236.81
-6239.47
-6242.14
-6244.81
-6247.47
-6250.14
-6252.8
-6255.47
-6258.14
-6260.8
-6263.47
-6266.14
-6268.8
-6271.47
-6274.14
-6276.8
-6279.47
-6282.14
-6284.8
-6287.47
-6290.14
-6292.81
-6295.47
-6298.14
-6300.81
-6303.48
-6306.15
-6308.81
-6311.48
-6314.15
-6316.82
-6319.49
-6322.16
-6324.82
-6327.49
-6330.16
-6332.83
-6335.5
-6338.17
-6340.84
-6343.51
-6346.18
-6348.85
-6351.52
-6354.19
-6356.86
-6359.52
-6362.19
-6364.86
-6367.53
-6370.2
-6372.88
-6375.55
-6378.22
-6380.89
-6383.56
-6386.23
-6388.9
-6391.57
-6394.24
-6396.91
-6399.58
-6402.25
-6404.93
-6407.6
-6410.27
-6412.94
-6415.61
-6418.28
-6420.96
-6423.63
-6426.3
-6428.97
-6431.64
-6434.32
-6436.99
-6439.66
-6442.33
-6445.01
-6447.68
-6450.35
-6453.03
-6455.7
-6458.37
-6461.04
-6463.72
-6466.39
-6469.06
-6471.74
-6474.41
-6477.09
-6479.76
-6482.43
-6485.11
-6487.78
-6490.46
-6493.13
-6495.81
-6498.48
-6501.15
-6503.83
-6506.5
-6509.18
-6511.85
-6514.53
-6517.2
-6519.88
-6522.55
-6525.23
-6527.91
-6530.58
-6533.26
-6535.93
-6538.61
-6541.28
-6543.96
-6546.64
-6549.31
-6551.99
-6554.67
-6557.34
-6560.02
-6562.7
-6565.37
-6568.05
-6570.73
-6573.4
-6576.08
-6578.76
-6581.44
-6584.11
-6586.79
-6589.47
-6592.15
-6594.82
-6597.5
-6600.18
-6602.86
-6605.54
-6608.21
-6610.89
-6613.57
-6616.25
-6618.93
-6621.61
-6624.29
-6626.96
-6629.64
-6632.32
-6635
-6637.68
-6640.36
-6643.04
-6645.72
-6648.4
-6651.08
-6653.76
-6656.44
-6659.12
-6661.8
-6664.48
-6667.16
-6669.84
-6672.52
-6675.2
-6677.88
-6680.56
-6683.24
-6685.92
-6688.6
-6691.29
-6693.97
-6696.65
-6699.33
-6702.01
-6704.69
-6707.37
-6710.06
-6712.74
-6715.42
-6718.1
-6720.78
-6723.47
-6726.15
-6728.83
-6731.51
-6734.19
-6736.88
-6739.56
-6742.24
-6744.93
-6747.61
-6750.29
-6752.98
-6755.66
-6758.34
-6761.03
-6763.71
-6766.39
-6769.08
-6771.76
-6774.44
-6777.13
-6779.81
-6782.5
-6785.18
-6787.87
-6790.55
-6793.23
-6795.92
-6798.6
-6801.29
-6803.97
-6806.66
-6809.34
-6812.03
-6814.71
-6817.4
-6820.08
-6822.77
-6825.46
-6828.14
-6830.83
-6833.51
-6836.2
-6838.89
-6841.57
-6844.26
-6846.94
-6849.63
-6852.32
-6855
-6857.69
-6860.38
-6863.06
-6865.75
-6868.44
-6871.13
-6873.81
-6876.5
-6879.19
-6881.88
-6884.56
-6887.25
-6889.94
-6892.63
-6895.32
-6898
-6900.69
-6903.38
-6906.07
-6908.76
-6911.45
-6914.13
-6916.82
-6919.51
-6922.2
-6924.89
-6927.58
-6930.27
-6932.96
-6935.65
-6938.34
-6941.03
-6943.72
-6946.41
-6949.1
-6951.79
-6954.48
-6957.17
-6959.86
-6962.55
-6965.24
-6967.93
-6970.62
-6973.31
-6976
-6978.69
-6981.38
-6984.07
-6986.76
-6989.45
-6992.15
-6994.84
-6997.53
-7000.22
-7002.91
-7005.6
-7008.3
-7010.99
-7013.68
-7016.37
-7019.06
-7021.76
-7024.45
-7027.14
-7029.83
-7032.53
-7035.22
-7037.91
-7040.61
-7043.3
-7045.99
-7048.68
-7051.38
-7054.07
-7056.76
-7059.46
-7062.15
-7064.85
-7067.54
-7070.23
-7072.93
-7075.62
-7078.32
-7081.01
-7083.71
-7086.4
-7089.09
-7091.79
-7094.48
-7097.18
-7099.87
-7102.57
-7105.26
-7107.96
-7110.65
-7113.35
-7116.05
-7118.74
-7121.44
-7124.13
-7126.83
-7129.52
-7132.22
-7134.92
-7137.61
-7140.31
-7143.01
-7145.7
-7148.4
-7151.1
-7153.79
-7156.49
-7159.19
-7161.88
-7164.58
-7167.28
-7169.98
-7172.67
-7175.37
-7178.07
-7180.77
-7183.46
-7186.16
-7188.86
-7191.56
-7194.26
-7196.96
-7199.65
-7202.35
-7205.05
-7207.75
-7210.45
-7213.15
-7215.85
-7218.54
-7221.24
-7223.94
-7226.64
-7229.34
-7232.04
-7234.74
-7237.44
-7240.14
-7242.84
-7245.54
-7248.24
-7250.94
-7253.64
-7256.34
-7259.04
-7261.74
-7264.44
-7267.14
-7269.84
-7272.54
-7275.25
-7277.95
-7280.65
-7283.35
-7286.05
-7288.75
-7291.45
-7294.16
-7296.86
-7299.56
-7302.26
-7304.96
-7307.66
-7310.37
-7313.07
-7315.77
-7318.47
-7321.18
-7323.88
-7326.58
-7329.28
-7331.99
-7334.69
-7337.39
-7340.1
-7342.8
-7345.5
-7348.21
-7350.91
-7353.61
-7356.32
-7359.02
-7361.73
-7364.43
-7367.13
-7369.84
-7372.54
-7375.25
-7377.95
-7380.66
-7383.36
-7386.06
-7388.77
-7391.47
-7394.18
-7396.88
-7399.59
-7402.3
-7405
-7407.71
-7410.41
-7413.12
-7415.82
-7418.53
-7421.23
-7423.94
-7426.65
-7429.35
-7432.06
-7434.77
-7437.47
-7440.18
-7442.89
-7445.59
-7448.3
-7451.01
-7453.71
-7456.42
-7459.13
-7461.84
-7464.54
-7467.25
-7469.96
-7472.67
-7475.37
-7478.08
-7480.79
-7483.5
-7486.21
-7488.91
-7491.62
-7494.33
-7497.04
-7499.75
-7502.46
-7505.17
-7507.87
-7510.58
-7513.29
-7516
-7518.71
-7521.42
-7524.13
-7526.84
-7529.55
-7532.26
-7534.97
-7537.68
-7540.39
-7543.1
-7545.81
-7548.52
-7551.23
-7553.94
-7556.65
-7559.36
-7562.07
-7564.78
-7567.49
-7570.2
-7572.92
-7575.63
-7578.34
-7581.05
-7583.76
-7586.47
-7589.18
-7591.9
-7594.61
-7597.32
-7600.03
-7602.74
-7605.46
-7608.17
-7610.88
-7613.59
-7616.31
-7619.02
-7621.73
-7624.44
-7627.16
-7629.87
-7632.58
-7635.3
-7638.01
-7640.72
-7643.44
-7646.15
-7648.86
-7651.58
-7654.29
-7657.01
-7659.72
-7662.43
-7665.15
-7667.86
-7670.58
-7673.29
-7676.01
-7678.72
-7681.44
-7684.15
-7686.87
-7689.58
-7692.3
-7695.01
-7697.73
-7700.44
-7703.16
-7705.87
-7708.59
-7711.31
-7714.02
-7716.74
-7719.45
-7722.17
-7724.89
-7727.6
-7730.32
-7733.04
-7735.75
-7738.47
-7741.19
-7743.9
-7746.62
-7749.34
-7752.05
-7754.77
-7757.49
-7760.21
-7762.92
-7765.64
-7768.36
-7771.08
-7773.79
-7776.51
-7779.23
-7781.95
-7784.67
-7787.39
-7790.1
-7792.82
-7795.54
-7798.26
-7800.98
-7803.7
-7806.42
-7809.14
-7811.86
-7814.58
-7817.3
-7820.01
-7822.73
-7825.45
-7828.17
-7830.89
-7833.61
-7836.33
-7839.05
-7841.77
-7844.49
-7847.22
-7849.94
-7852.66
-7855.38
-7858.1
-7860.82
-7863.54
-7866.26
-7868.98
-7871.7
-7874.43
-7877.15
-7879.87
-7882.59
-7885.31
-7888.03
-7890.76
-7893.48
-7896.2
-7898.92
-7901.64
-7904.37
-7907.09
-7909.81
-7912.53
-7915.26
-7917.98
-7920.7
-7923.43
-7926.15
-7928.87
-7931.6
-7934.32
-7937.04
-7939.77
-7942.49
-7945.21
-7947.94
-7950.66
-7953.39
-7956.11
-7958.84
-7961.56
-7964.28
-7967.01
-7969.73
-7972.46
-7975.18
-7977.91
-7980.63
-7983.36
-7986.08
-7988.81
-7991.53
-7994.26
-7996.99
-7999.71
-8002.44
-8005.16
-8007.89
-8010.61
-8013.34
-8016.07
-8018.79
-8021.52
-8024.25
-8026.97
-8029.7
-8032.43
-8035.15
-8037.88
-8040.61
-8043.34
-8046.06
-8048.79
-8051.52
-8054.24
-8056.97
-8059.7
-8062.43
-8065.16
-8067.88
-8070.61
-8073.34
-8076.07
-8078.8
-8081.53
-8084.25
-8086.98
-8089.71
-8092.44
-8095.17
-8097.9
-8100.63
-8103.36
-8106.09
-8108.82
-8111.55
-8114.28
-8117
-8119.73
-8122.46
-8125.19
-8127.92
-8130.65
-8133.39
-8136.12
-8138.85
-8141.58
-8144.31
-8147.04
-8149.77
-8152.5
-8155.23
-8157.96
-8160.69
-8163.42
-8166.16
-8168.89
-8171.62
-8174.35
-8177.08
-8179.81
-8182.55
-8185.28
-8188.01
-8190.74
-8193.47
-8196.21
-8198.94
-8201.67
-8204.41
-8207.14
-8209.87
-8212.6
-8215.34
-8218.07
-8220.8
-8223.54
-8226.27
-8229
-8231.74
-8234.47
-8237.21
-8239.94
-8242.67
-8245.41
-8248.14
-8250.88
-8253.61
-8256.34
-8259.08
-8261.81
-8264.55
-8267.28
-8270.02
-8272.75
-8275.49
-8278.22
-8280.96
-8283.69
-8286.43
-8289.17
-8291.9
-8294.64
-8297.37
-8300.11
-8302.85
-8305.58
-8308.32
-8311.05
-8313.79
-8316.53
-8319.26
-8322
-8324.74
-8327.47
-8330.21
-8332.95
-8335.69
-8338.42
-8341.16
-8343.9
-8346.64
-8349.37
-8352.11
-8354.85
-8357.59
-8360.33
-8363.06
-8365.8
-8368.54
-8371.28
-8374.02
-8376.76
-8379.49
-8382.23
-8384.97
-8387.71
-8390.45
-8393.19
-8395.93
-8398.67
-8401.41
-8404.15
-8406.89
-8409.63
-8412.37
-8415.11
-8417.85
-8420.59
-8423.33
-8426.07
-8428.81
-8431.55
-8434.29
-8437.03
-8439.77
-8442.51
-8445.25
-8447.99
-8450.73
-8453.48
-8456.22
-8458.96
-8461.7
-8464.44
-8467.18
-8469.93
-8472.67
-8475.41
-8478.15
-8480.89
-8483.64
-8486.38
-8489.12
-8491.86
-8494.61
-8497.35
-8500.09
-8502.84
-8505.58
-8508.32
-8511.07
-8513.81
-8516.55
-8519.3
-8522.04
-8524.78
-8527.53
-8530.27
-8533.01
-8535.76
-8538.5
-8541.25
-8543.99
-8546.74
-8549.48
-8552.23
-8554.97
-8557.72
-8560.46
-8563.21
-8565.95
-8568.7
-8571.44
-8574.19
-8576.93
-8579.68
-8582.42
-8585.17
-8587.91
-8590.66
-8593.41
-8596.15
-8598.9
-8601.65
-8604.39
-8607.14
-8609.89
-8612.63
-8615.38
-8618.13
-8620.87
-8623.62
-8626.37
-8629.12
-8631.86
-8634.61
-8637.36
-8640.11
-8642.85
-8645.6
-8648.35
-8651.1
-8653.85
-8656.59
-8659.34
-8662.09
-8664.84
-8667.59
-8670.34
-8673.09
-8675.83
-8678.58
-8681.33
-8684.08
-8686.83
-8689.58
-8692.33
-8695.08
-8697.83
-8700.58
-8703.33
-8706.08
-8708.83
-8711.58
-8714.33
-8717.08
-8719.83
-8722.58
-8725.33
-8728.08
-8730.83
-8733.58
-8736.34
-8739.09
-8741.84
-8744.59
-8747.34
-8750.09
-8752.84
-8755.6
-8758.35
-8761.1
-8763.85
-8766.6
-8769.36
-8772.11
-8774.86
-8777.61
-8780.37
-8783.12
-8785.87
-8788.62
-8791.38
-8794.13
-8796.88
-8799.64
-8802.39
-8805.14
-8807.9
-8810.65
-8813.4
-8816.16
-8818.91
-8821.67
-8824.42
-8827.17
-8829.93
-8832.68
-8835.44
-8838.19
-8840.95
-8843.7
-8846.46
-8849.21
-8851.97
-8854.72
-8857.48
-8860.23
-8862.99
-8865.74
-8868.5
-8871.25
-8874.01
-8876.77
-8879.52
-8882.28
-8885.03
-8887.79
-8890.55
-8893.3
-8896.06
-8898.82
-8901.57
-8904.33
-8907.09
-8909.84
-8912.6
-8915.36
-8918.12
-8920.87
-8923.63
-8926.39
-8929.15
-8931.9
-8934.66
-8937.42
-8940.18
-8942.94
-8945.69
-8948.45
-8951.21
-8953.97
-8956.73
-8959.49
-8962.25
-8965.01
-8967.76
-8970.52
-8973.28
-8976.04
-8978.8
-8981.56
-8984.32
-8987.08
-8989.84
-8992.6
-8995.36
-8998.12
-9000.88
-9003.64
-9006.4
-9009.16
-9011.92
-9014.68
-9017.44
-9020.21
-9022.97
-9025.73
-9028.49
-9031.25
-9034.01
-9036.77
-9039.53
-9042.3
-9045.06
-9047.82
-9050.58
-9053.34
-9056.11
-9058.87
-9061.63
-9064.39
-9067.16
-9069.92
-9072.68
-9075.44
-9078.21
-9080.97
-9083.73
-9086.5
-9089.26
-9092.02
-9094.79
-9097.55
-9100.31
-9103.08
-9105.84
-9108.61
-9111.37
-9114.13
-9116.9
-9119.66
-9122.43
-9125.19
-9127.96
-9130.72
-9133.49
-9136.25
-9139.02
-9141.78
-9144.55
-9147.31
-9150.08
-9152.84
-9155.61
-9158.37
-9161.14
-9163.91
-9166.67
-9169.44
-9172.2
-9174.97
-9177.74
-9180.5
-9183.27
-9186.04
-9188.8
-9191.57
-9194.34
-9197.1
-9199.87
-9202.64
-9205.41
-9208.17
-9210.94
-9213.71
-9216.48
-9219.24
-9222.01
-9224.78
-9227.55
-9230.32
-9233.08
-9235.85
-9238.62
-9241.39
-9244.16
-9246.93
-9249.7
-9252.47
-9255.24
-9258
-9260.77
-9263.54
-9266.31
-9269.08
-9271.85
-9274.62
-9277.39
-9280.16
-9282.93
-9285.7
-9288.47
-9291.24
-9294.01
-9296.78
-9299.55
-9302.32
-9305.1
-9307.87
-9310.64
-9313.41
-9316.18
-9318.95
-9321.72
-9324.49
-9327.27
-9330.04
-9332.81
-9335.58
-9338.35
-9341.13
-9343.9
-9346.67
-9349.44
-9352.22
-9354.99
-9357.76
-9360.53
-9363.31
-9366.08
-9368.85
-9371.63
-9374.4
-9377.17
-9379.95
-9382.72
-9385.49
-9388.27
-9391.04
-9393.81
-9396.59
-9399.36
-9402.14
-9404.91
-9407.69
-9410.46
-9413.24
-9416.01
-9418.79
-9421.56
-9424.34
-9427.11
-9429.89
-9432.66
-9435.44
-9438.21
-9440.99
-9443.76
-9446.54
-9449.32
-9452.09
-9454.87
-9457.64
-9460.42
-9463.2
-9465.97
-9468.75
-9471.53
-9474.3
-9477.08
-9479.86
-9482.63
-9485.41
-9488.19
-9490.97
-9493.74
-9496.52
-9499.3
-9502.08
-9504.85
-9507.63
-9510.41
-9513.19
-9515.97
-9518.75
-9521.52
-9524.3
-9527.08
-9529.86
-9532.64
-9535.42
-9538.2
-9540.98
-9543.76
-9546.53
-9549.31
-9552.09
-9554.87
-9557.65
-9560.43
-9563.21
-9565.99
-9568.77
-9571.55
-9574.33
-9577.11
-9579.89
-9582.68
-9585.46
-9588.24
-9591.02
-9593.8
-9596.58
-9599.36
-9602.14
-9604.92
-9607.71
-9610.49
-9613.27
-9616.05
-9618.83
-9621.61
-9624.4
-9627.18
-9629.96
-9632.74
-9635.53
-9638.31
-9641.09
-9643.87
-9646.66
-9649.44
-9652.22
-9655.01
-9657.79
-9660.57
-9663.36
-9666.14
-9668.92
-9671.71
-9674.49
-9677.28
-9680.06
-9682.84
-9685.63
-9688.41
-9691.2
-9693.98
-9696.77
-9699.55
-9702.34
-9705.12
-9707.91
-9710.69
-9713.48
-9716.26
-9719.05
-9721.83
-9724.62
-9727.4
-9730.19
-9732.98
-9735.76
-9738.55
-9741.33
-9744.12
-9746.91
-9749.69
-9752.48
-9755.27
-9758.05
-9760.84
-9763.63
-9766.42
-9769.2
-9771.99
-9774.78
-9777.57
-9780.35
-9783.14
-9785.93
-9788.72
-9791.5
-9794.29
-9797.08
-9799.87
-9802.66
-9805.45
-9808.24
-9811.02
-9813.81
-9816.6
-9819.39
-9822.18
-9824.97
-9827.76
-9830.55
-9833.34
-9836.13
-9838.92
-9841.71
-9844.5
-9847.29
-9850.08
-9852.87
-9855.66
-9858.45
-9861.24
-9864.03
-9866.82
-9869.61
-9872.4
-9875.19
-9877.98
-9880.78
-9883.57
-9886.36
-9889.15
-9891.94
-9894.73
-9897.52
-9900.32
-9903.11
-9905.9
-9908.69
-9911.49
-9914.28
-9917.07
-9919.86
-9922.66
-9925.45
-9928.24
-9931.03
-9933.83
-9936.62
-9939.41
-9942.21
-9945
-9947.8
-9950.59
-9953.38
-9956.18
-9958.97
-9961.76
-9964.56
-9967.35
-9970.15
-9972.94
-9975.74
-9978.53
-9981.33
-9984.12
-9986.92
-9989.71
-9992.51
-9995.3
-9998.1
-10000.9
-10003.7
-10006.5
-10009.3
-10012.1
-10014.9
-10017.7
-10020.5
-10023.3
-10026.1
-10028.9
-10031.7
-10034.4
-10037.2
-10040
-10042.8
-10045.6
-10048.4
-10051.2
-10054
-10056.8
-10059.6
-10062.4
-10065.2
-10068
-10070.8
-10073.6
-10076.4
-10079.2
-10082
-10084.8
-10087.6
-10090.4
-10093.2
-10096
-10098.8
-10101.6
-10104.4
-10107.2
-10110
-10112.8
-10115.6
-10118.4
-10121.2
-10124
-10126.8
-10129.6
-10132.4
-10135.2
-10138
-10140.8
-10143.6
-10146.4
-10149.2
-10152
-10154.8
-10157.6
-10160.4
-10163.2
-10166
-10168.8
-10171.6
-10174.4
-10177.2
-10180
-10182.8
-10185.6
-10188.4
-10191.2
-10194
-10196.8
-10199.6
-10202.4
-10205.2
-10208
-10210.8
-10213.7
-10216.5
-10219.3
-10222.1
-10224.9
-10227.7
-10230.5
-10233.3
-10236.1
-10238.9
-10241.7
-10244.5
-10247.3
-10250.1
-10252.9
-10255.7
-10258.5
-10261.3
-10264.1
-10266.9
-10269.7
-10272.5
-10275.3
-10278.2
-10281
-10283.8
-10286.6
-10289.4
-10292.2
-10295
-10297.8
-10300.6
-10303.4
-10306.2
-10309
-10311.8
-10314.6
-10317.4
-10320.2
-10323.1
-10325.9
-10328.7
-10331.5
-10334.3
-10337.1
-10339.9
-10342.7
-10345.5
-10348.3
-10351.1
-10353.9
-10356.7
-10359.6
-10362.4
-10365.2
-10368
-10370.8
-10373.6
-10376.4
-10379.2
-10382
-10384.8
-10387.6
-10390.5
-10393.3
-10396.1
-10398.9
-10401.7
-10404.5
-10407.3
-10410.1
-10412.9
-10415.8
-10418.6
-10421.4
-10424.2
-10427
-10429.8
-10432.6
-10435.4
-10438.2
-10441
-10443.9
-10446.7
-10449.5
-10452.3
-10455.1
-10457.9
-10460.7
-10463.5
-10466.4
-10469.2
-10472
-10474.8
-10477.6
-10480.4
-10483.2
-10486
-10488.9
-10491.7
-10494.5
-10497.3
-10500.1
-10502.9
-10505.7
-10508.6
-10511.4
-10514.2
-10517
-10519.8
-10522.6
-10525.4
-10528.3
-10531.1
-10533.9
-10536.7
-10539.5
-10542.3
-10545.1
-10548
-10550.8
-10553.6
-10556.4
-10559.2
-10562
-10564.9
-10567.7
-10570.5
-10573.3
-10576.1
-10578.9
-10581.8
-10584.6
-10587.4
-10590.2
-10593
-10595.8
-10598.7
-10601.5
-10604.3
-10607.1
-10609.9
-10612.7
-10615.6
-10618.4
-10621.2
-10624
-10626.8
-10629.7
-10632.5
-10635.3
-10638.1
-10640.9
-10643.8
-10646.6
-10649.4
-10652.2
-10655
-10657.8
-10660.7
-10663.5
-10666.3
-10669.1
-10671.9
-10674.8
-10677.6
-10680.4
-10683.2
-10686
-10688.9
-10691.7
-10694.5
-10697.3
-10700.2
-10703
-10705.8
-10708.6
-10711.4
-10714.3
-10717.1
-10719.9
-10722.7
-10725.5
-10728.4
-10731.2
-10734
-10736.8
-10739.7
-10742.5
-10745.3
-10748.1
-10750.9
-10753.8
-10756.6
-10759.4
-10762.2
-10765.1
-10767.9
-10770.7
-10773.5
-10776.4
-10779.2
-10782
-10784.8
-10787.7
-10790.5
-10793.3
-10796.1
-10799
-10801.8
-10804.6
-10807.4
-10810.3
-10813.1
-10815.9
-10818.7
-10821.6
-10824.4
-10827.2
-10830
-10832.9
-10835.7
-10838.5
-10841.3
-10844.2
-10847
-10849.8
-10852.6
-10855.5
-10858.3
-10861.1
-10864
-10866.8
-10869.6
-10872.4
-10875.3
-10878.1
-10880.9
-10883.7
-10886.6
-10889.4
-10892.2
-10895.1
-10897.9
-10900.7
-10903.5
-10906.4
-10909.2
-10912
-10914.9
-10917.7
-10920.5
-10923.3
-10926.2
-10929
-10931.8
-10934.7
-10937.5
-10940.3
-10943.2
-10946
-10948.8
-10951.6
-10954.5
-10957.3
-10960.1
-10963
-10965.8
-10968.6
-10971.5
-10974.3
-10977.1
-10980
-10982.8
-10985.6
-10988.5
-10991.3
-10994.1
-10996.9
-10999.8
-11002.6
-11005.4
-11008.3
-11011.1
-11013.9
-11016.8
-11019.6
-11022.4
-11025.3
-11028.1
-11030.9
-11033.8
-11036.6
-11039.4
-11042.3
-11045.1
-11047.9
-11050.8
-11053.6
-11056.4
-11059.3
-11062.1
-11065
-11067.8
-11070.6
-11073.5
-11076.3
-11079.1
-11082
-11084.8
-11087.6
-11090.5
-11093.3
-11096.1
-11099
-11101.8
-11104.7
-11107.5
-11110.3
-11113.2
-11116
-11118.8
-11121.7
-11124.5
-11127.3
-11130.2
-11133
-11135.9
-11138.7
-11141.5
-11144.4
-11147.2
-11150
-11152.9
-11155.7
-11158.6
-11161.4
-11164.2
-11167.1
-11169.9
-11172.8
-11175.6
-11178.4
-11181.3
-11184.1
-11186.9
-11189.8
-11192.6
-11195.5
-11198.3
-11201.1
-11204
-11206.8
-11209.7
-11212.5
-11215.3
-11218.2
-11221
-11223.9
-11226.7
-11229.6
-11232.4
-11235.2
-11238.1
-11240.9
-11243.8
-11246.6
-11249.4
-11252.3
-11255.1
-11258
-11260.8
-11263.7
-11266.5
-11269.3
-11272.2
-11275
-11277.9
-11280.7
-11283.6
-11286.4
-11289.2
-11292.1
-11294.9
-11297.8
-11300.6
-11303.5
-11306.3
-11309.1
-11312
-11314.8
-11317.7
-11320.5
-11323.4
-11326.2
-11329.1
-11331.9
-11334.7
-11337.6
-11340.4
-11343.3
-11346.1
-11349
-11351.8
-11354.7
-11357.5
-11360.4
-11363.2
-11366
-11368.9
-11371.7
-11374.6
-11377.4
-11380.3
-11383.1
-11386
-11388.8
-11391.7
-11394.5
-11397.4
-11400.2
-11403.1
-11405.9
-11408.8
-11411.6
-11414.5
-11417.3
-11420.1
-11423
-11425.8
-11428.7
-11431.5
-11434.4
-11437.2
-11440.1
-11442.9
-11445.8
-11448.6
-11451.5
-11454.3
-11457.2
-11460
-11462.9
-11465.7
-11468.6
-11471.4
-11474.3
-11477.1
-11480
-11482.8
-11485.7
-11488.5
-11491.4
-11494.2
-11497.1
-11499.9
-11502.8
-11505.7
-11508.5
-11511.4
-11514.2
-11517.1
-11519.9
-11522.8
-11525.6
-11528.5
-11531.3
-11534.2
-11537
-11539.9
-11542.7
-11545.6
-11548.4
-11551.3
-11554.1
-11557
-11559.9
-11562.7
-11565.6
-11568.4
-11571.3
-11574.1
-11577
-11579.8
-11582.7
-11585.5
-11588.4
-11591.3
-11594.1
-11597
-11599.8
-11602.7
-11605.5
-11608.4
-11611.2
-11614.1
-11617
-11619.8
-11622.7
-11625.5
-11628.4
-11631.2
-11634.1
-11636.9
-11639.8
-11642.7
-11645.5
-11648.4
-11651.2
-11654.1
-11657
-11659.8
-11662.7
-11665.5
-11668.4
-11671.2
-11674.1
-11677
-11679.8
-11682.7
-11685.5
-11688.4
-11691.3
-11694.1
-11697
-11699.8
-11702.7
-11705.5
-11708.4
-11711.3
-11714.1
-11717
-11719.8
-11722.7
-11725.6
-11728.4
-11731.3
-11734.1
-11737
-11739.9
-11742.7
-11745.6
-11748.5
-11751.3
-11754.2
-11757
-11759.9
-11762.8
-11765.6
-11768.5
-11771.3
-11774.2
-11777.1
-11779.9
-11782.8
-11785.7
-11788.5
-11791.4
-11794.3
-11797.1
-11800
-11802.8
-11805.7
-11808.6
-11811.4
-11814.3
-11817.2
-11820
-11822.9
-11825.8
-11828.6
-11831.5
-11834.3
-11837.2
-11840.1
-11842.9
-11845.8
-11848.7
-11851.5
-11854.4
-11857.3
-11860.1
-11863
-11865.9
-11868.7
-11871.6
-11874.5
-11877.3
-11880.2
-11883.1
-11885.9
-11888.8
-11891.7
-11894.5
-11897.4
-11900.3
-11903.1
-11906
-11908.9
-11911.7
-11914.6
-11917.5
-11920.3
-11923.2
-11926.1
-11928.9
-11931.8
-11934.7
-11937.6
-11940.4
-11943.3
-11946.2
-11949
-11951.9
-11954.8
-11957.6
-11960.5
-11963.4
-11966.2
-11969.1
-11972
-11974.9
-11977.7
-11980.6
-11983.5
-11986.3
-11989.2
-11992.1
-11995
-11997.8
-12000.7
-12003.6
-12006.4
-12009.3
-12012.2
-12015.1
-12017.9
-12020.8
-12023.7
-12026.5
-12029.4
-12032.3
-12035.2
-12038
-12040.9
-12043.8
-12046.7
-12049.5
-12052.4
-12055.3
-12058.1
-12061
-12063.9
-12066.8
-12069.6
-12072.5
-12075.4
-12078.3
-12081.1
-12084
-12086.9
-12089.8
-12092.6
-12095.5
-12098.4
-12101.3
-12104.1
-12107
-12109.9
-12112.8
-12115.6
-12118.5
-12121.4
-12124.3
-12127.2
-12130
-12132.9
-12135.8
-12138.7
-12141.5
-12144.4
-12147.3
-12150.2
-12153
-12155.9
-12158.8
-12161.7
-12164.6
-12167.4
-12170.3
-12173.2
-12176.1
-12179
-12181.8
-12184.7
-12187.6
-12190.5
-12193.3
-12196.2
-12199.1
-12202
-12204.9
-12207.7
-12210.6
-12213.5
-12216.4
-12219.3
-12222.1
-12225
-12227.9
-12230.8
-12233.7
-12236.6
-12239.4
-12242.3
-12245.2
-12248.1
-12251
-12253.8
-12256.7
-12259.6
-12262.5
-12265.4
-12268.3
-12271.1
-12274
-12276.9
-12279.8
-12282.7
-12285.6
-12288.4
-12291.3
-12294.2
-12297.1
-12300
-12302.9
-12305.7
-12308.6
-12311.5
-12314.4
-12317.3
-12320.2
-12323
-12325.9
-12328.8
-12331.7
-12334.6
-12337.5
-12340.4
-12343.2
-12346.1
-12349
-12351.9
-12354.8
-12357.7
-12360.6
-12363.4
-12366.3
-12369.2
-12372.1
-12375
-12377.9
-12380.8
-12383.7
-12386.5
-12389.4
-12392.3
-12395.2
-12398.1
-12401
-12403.9
-12406.8
-12409.6
-12412.5
-12415.4
-12418.3
-12421.2
-12424.1
-12427
-12429.9
-12432.8
-12435.6
-12438.5
-12441.4
-12444.3
-12447.2
-12450.1
-12453
-12455.9
-12458.8
-12461.7
-12464.5
-12467.4
-12470.3
-12473.2
-12476.1
-12479
-12481.9
-12484.8
-12487.7
-12490.6
-12493.5
-12496.4
-12499.2
-12502.1
-12505
-12507.9
-12510.8
-12513.7
-12516.6
-12519.5
-12522.4
-12525.3
-12528.2
-12531.1
-12534
-12536.9
-12539.7
-12542.6
-12545.5
-12548.4
-12551.3
-12554.2
-12557.1
-12560
-12562.9
-12565.8
-12568.7
-12571.6
-12574.5
-12577.4
-12580.3
-12583.2
-12586.1
-12589
-12591.9
-12594.8
-12597.7
-12600.5
-12603.4
-12606.3
-12609.2
-12612.1
-12615
-12617.9
-12620.8
-12623.7
-12626.6
-12629.5
-12632.4
-12635.3
-12638.2
-12641.1
-12644
-12646.9
-12649.8
-12652.7
-12655.6
-12658.5
-12661.4
-12664.3
-12667.2
-12670.1
-12673
-12675.9
-12678.8
-12681.7
-12684.6
-12687.5
-12690.4
-12693.3
-12696.2
-12699.1
-12702
-12704.9
-12707.8
-12710.7
-12713.6
-12716.5
-12719.4
-12722.3
-12725.2
-12728.1
-12731
-12733.9
-12736.8
-12739.7
-12742.6
-12745.5
-12748.4
-12751.3
-12754.2
-12757.2
-12760.1
-12763
-12765.9
-12768.8
-12771.7
-12774.6
-12777.5
-12780.4
-12783.3
-12786.2
-12789.1
-12792
-12794.9
-12797.8
-12800.7
-12803.6
-12806.5
-12809.4
-12812.3
-12815.2
-12818.2
-12821.1
-12824
-12826.9
-12829.8
-12832.7
-12835.6
-12838.5
-12841.4
-12844.3
-12847.2
-12850.1
-12853
-12855.9
-12858.9
-12861.8
-12864.7
-12867.6
-12870.5
-12873.4
-12876.3
-12879.2
-12882.1
-12885
-12887.9
-12890.8
-12893.8
-12896.7
-12899.6
-12902.5
-12905.4
-12908.3
-12911.2
-12914.1
-12917
-12919.9
-12922.9
-12925.8
-12928.7
-12931.6
-12934.5
-12937.4
-12940.3
-12943.2
-12946.2
-12949.1
-12952
-12954.9
-12957.8
-12960.7
-12963.6
-12966.5
-12969.5
-12972.4
-12975.3
-12978.2
-12981.1
-12984
-12986.9
-12989.8
-12992.8
-12995.7
-12998.6
-13001.5
-13004.4
-13007.3
-13010.2
-13013.2
-13016.1
-13019
-13021.9
-13024.8
-13027.7
-13030.7
-13033.6
-13036.5
-13039.4
-13042.3
-13045.2
-13048.1
-13051.1
-13054
-13056.9
-13059.8
-13062.7
-13065.7
-13068.6
-13071.5
-13074.4
-13077.3
-13080.2
-13083.2
-13086.1
-13089
-13091.9
-13094.8
-13097.8
-13100.7
-13103.6
-13106.5
-13109.4
-13112.3
-13115.3
-13118.2
-13121.1
-13124
-13126.9
-13129.9
-13132.8
-13135.7
-13138.6
-13141.5
-13144.5
-13147.4
-13150.3
-13153.2
-13156.2
-13159.1
-13162
-13164.9
-13167.8
-13170.8
-13173.7
-13176.6
-13179.5
-13182.5
-13185.4
-13188.3
-13191.2
-13194.1
-13197.1
-13200
-13202.9
-13205.8
-13208.8
-13211.7
-13214.6
-13217.5
-13220.5
-13223.4
-13226.3
-13229.2
-13232.2
-13235.1
-13238
-13240.9
-13243.9
-13246.8
-13249.7
-13252.6
-13255.6
-13258.5
-13261.4
-13264.3
-13267.3
-13270.2
-13273.1
-13276.1
-13279
-13281.9
-13284.8
-13287.8
-13290.7
-13293.6
-13296.6
-13299.5
-13302.4
-13305.3
-13308.3
-13311.2
-13314.1
-13317.1
-13320
-13322.9
-13325.8
-13328.8
-13331.7
-13334.6
-13337.6
-13340.5
-13343.4
-13346.4
-13349.3
-13352.2
-13355.1
-13358.1
-13361
-13363.9
-13366.9
-13369.8
-13372.7
-13375.7
-13378.6
-13381.5
-13384.5
-13387.4
-13390.3
-13393.3
-13396.2
-13399.1
-13402.1
-13405
-13407.9
-13410.9
-13413.8
-13416.7
-13419.7
-13422.6
-13425.5
-13428.5
-13431.4
-13434.3
-13437.3
-13440.2
-13443.1
-13446.1
-13449
-13451.9
-13454.9
-13457.8
-13460.8
-13463.7
-13466.6
-13469.6
-13472.5
-13475.4
-13478.4
-13481.3
-13484.2
-13487.2
-13490.1
-13493.1
-13496
-13498.9
-13501.9
-13504.8
-13507.8
-13510.7
-13513.6
-13516.6
-13519.5
-13522.4
-13525.4
-13528.3
-13531.3
-13534.2
-13537.1
-13540.1
-13543
-13546
-13548.9
-13551.8
-13554.8
-13557.7
-13560.7
-13563.6
-13566.6
-13569.5
-13572.4
-13575.4
-13578.3
-13581.3
-13584.2
-13587.1
-13590.1
-13593
-13596
-13598.9
-13601.9
-13604.8
-13607.7
-13610.7
-13613.6
-13616.6
-13619.5
-13622.5
-13625.4
-13628.4
-13631.3
-13634.2
-13637.2
-13640.1
-13643.1
-13646
-13649
-13651.9
-13654.9
-13657.8
-13660.8
-13663.7
-13666.6
-13669.6
-13672.5
-13675.5
-13678.4
-13681.4
-13684.3
-13687.3
-13690.2
-13693.2
-13696.1
-13699.1
-13702
-13705
-13707.9
-13710.9
-13713.8
-13716.8
-13719.7
-13722.7
-13725.6
-13728.6
-13731.5
-13734.5
-13737.4
-13740.4
-13743.3
-13746.3
-13749.2
-13752.2
-13755.1
-13758.1
-13761
-13764
-13766.9
-13769.9
-13772.8
-13775.8
-13778.7
-13781.7
-13784.6
-13787.6
-13790.5
-13793.5
-13796.4
-13799.4
-13802.4
-13805.3
-13808.3
-13811.2
-13814.2
-13817.1
-13820.1
-13823
-13826
-13828.9
-13831.9
-13834.9
-13837.8
-13840.8
-13843.7
-13846.7
-13849.6
-13852.6
-13855.5
-13858.5
-13861.5
-13864.4
-13867.4
-13870.3
-13873.3
-13876.2
-13879.2
-13882.2
-13885.1
-13888.1
-13891
-13894
-13897
-13899.9
-13902.9
-13905.8
-13908.8
-13911.7
-13914.7
-13917.7
-13920.6
-13923.6
-13926.5
-13929.5
-13932.5
-13935.4
-13938.4
-13941.4
-13944.3
-13947.3
-13950.2
-13953.2
-13956.2
-13959.1
-13962.1
-13965
-13968
-13971
-13973.9
-13976.9
-13979.9
-13982.8
-13985.8
-13988.8
-13991.7
-13994.7
-13997.6
-14000.6
-14003.6
-14006.5
-14009.5
-14012.5
-14015.4
-14018.4
-14021.4
-14024.3
-14027.3
-14030.3
-14033.2
-14036.2
-14039.2
-14042.1
-14045.1
-14048.1
-14051
-14054
-14057
-14059.9
-14062.9
-14065.9
-14068.8
-14071.8
-14074.8
-14077.7
-14080.7
-14083.7
-14086.6
-14089.6
-14092.6
-14095.6
-14098.5
-14101.5
-14104.5
-14107.4
-14110.4
-14113.4
-14116.4
-14119.3
-14122.3
-14125.3
-14128.2
-14131.2
-14134.2
-14137.2
-14140.1
-14143.1
-14146.1
-14149
-14152
-14155
-14158
-14160.9
-14163.9
-14166.9
-14169.9
-14172.8
-14175.8
-14178.8
-14181.8
-14184.7
-14187.7
-14190.7
-14193.7
-14196.6
-14199.6
-14202.6
-14205.6
-14208.5
-14211.5
-14214.5
-14217.5
-14220.4
-14223.4
-14226.4
-14229.4
-14232.4
-14235.3
-14238.3
-14241.3
-14244.3
-14247.2
-14250.2
-14253.2
-14256.2
-14259.2
-14262.1
-14265.1
-14268.1
-14271.1
-14274.1
-14277
-14280
-14283
-14286
-14289
-14292
-14294.9
-14297.9
-14300.9
-14303.9
-14306.9
-14309.8
-14312.8
-14315.8
-14318.8
-14321.8
-14324.8
-14327.7
-14330.7
-14333.7
-14336.7
-14339.7
-14342.7
-14345.6
-14348.6
-14351.6
-14354.6
-14357.6
-14360.6
-14363.6
-14366.5
-14369.5
-14372.5
-14375.5
-14378.5
-14381.5
-14384.5
-14387.5
-14390.4
-14393.4
-14396.4
-14399.4
-14402.4
-14405.4
-14408.4
-14411.4
-14414.4
-14417.3
-14420.3
-14423.3
-14426.3
-14429.3
-14432.3
-14435.3
-14438.3
-14441.3
-14444.3
-14447.2
-14450.2
-14453.2
-14456.2
-14459.2
-14462.2
-14465.2
-14468.2
-14471.2
-14474.2
-14477.2
-14480.2
-14483.2
-14486.1
-14489.1
-14492.1
-14495.1
-14498.1
-14501.1
-14504.1
-14507.1
-14510.1
-14513.1
-14516.1
-14519.1
-14522.1
-14525.1
-14528.1
-14531.1
-14534.1
-14537.1
-14540.1
-14543.1
-14546.1
-14549.1
-14552.1
-14555.1
-14558.1
-14561.1
-14564.1
-14567.1
-14570.1
-14573.1
-14576.1
-14579.1
-14582.1
-14585.1
-14588.1
-14591.1
-14594.1
-14597.1
-14600.1
-14603.1
-14606.1
-14609.1
-14612.1
-14615.1
-14618.1
-14621.1
-14624.1
-14627.1
-14630.1
-14633.1
-14636.1
-14639.1
-14642.1
-14645.1
-14648.1
-14651.1
-14654.1
-14657.1
-14660.1
-14663.1
-14666.2
-14669.2
-14672.2
-14675.2
-14678.2
-14681.2
-14684.2
-14687.2
-14690.2
-14693.2
-14696.2
-14699.2
-14702.2
-14705.3
-14708.3
-14711.3
-14714.3
-14717.3
-14720.3
-14723.3
-14726.3
-14729.3
-14732.3
-14735.4
-14738.4
-14741.4
-14744.4
-14747.4
-14750.4
-14753.4
-14756.4
-14759.5
-14762.5
-14765.5
-14768.5
-14771.5
-14774.5
-14777.5
-14780.6
-14783.6
-14786.6
-14789.6
-14792.6
-14795.6
-14798.6
-14801.7
-14804.7
-14807.7
-14810.7
-14813.7
-14816.7
-14819.8
-14822.8
-14825.8
-14828.8
-14831.8
-14834.9
-14837.9
-14840.9
-14843.9
-14846.9
-14850
-14853
-14856
-14859
-14862
-14865.1
-14868.1
-14871.1
-14874.1
-14877.1
-14880.2
-14883.2
-14886.2
-14889.2
-14892.3
-14895.3
-14898.3
-14901.3
-14904.4
-14907.4
-14910.4
-14913.4
-14916.5
-14919.5
-14922.5
-14925.5
-14928.6
-14931.6
-14934.6
-14937.6
-14940.7
-14943.7
-14946.7
-14949.8
-14952.8
-14955.8
-14958.8
-14961.9
-14964.9
-14967.9
-14971
-14974
-14977
-14980.1
-14983.1
-14986.1
-14989.1
-14992.2
-14995.2
-14998.2
-15001.3
-15004.3
-15007.3
-15010.4
-15013.4
-15016.4
-15019.5
-15022.5
-15025.5
-15028.6
-15031.6
-15034.6
-15037.7
-15040.7
-15043.8
-15046.8
-15049.8
-15052.9
-15055.9
-15058.9
-15062
-15065
-15068.1
-15071.1
-15074.1
-15077.2
-15080.2
-15083.3
-15086.3
-15089.3
-15092.4
-15095.4
-15098.5
-15101.5
-15104.5
-15107.6
-15110.6
-15113.7
-15116.7
-15119.8
-15122.8
-15125.8
-15128.9
-15131.9
-15135
-15138
-15141.1
-15144.1
-15147.2
-15150.2
-15153.2
-15156.3
-15159.3
-15162.4
-15165.4
-15168.5
-15171.5
-15174.6
-15177.6
-15180.7
-15183.7
-15186.8
-15189.8
-15192.9
-15195.9
-15199
-15202
-15205.1
-15208.1
-15211.2
-15214.2
-15217.3
-15220.3
-15223.4
-15226.4
-15229.5
-15232.6
-15235.6
-15238.7
-15241.7
-15244.8
-15247.8
-15250.9
-15253.9
-15257
-15260.1
-15263.1
-15266.2
-15269.2
-15272.3
-15275.3
-15278.4
-15281.5
-15284.5
-15287.6
-15290.6
-15293.7
-15296.8
-15299.8
-15302.9
-15305.9
-15309
-15312.1
-15315.1
-15318.2
-15321.3
-15324.3
-15327.4
-15330.5
-15333.5
-15336.6
-15339.6
-15342.7
-15345.8
-15348.8
-15351.9
-15355
-15358
-15361.1
-15364.2
-15367.2
-15370.3
-15373.4
-15376.5
-15379.5
-15382.6
-15385.7
-15388.7
-15391.8
-15394.9
-15397.9
-15401
-15404.1
-15407.2
-15410.2
-15413.3
-15416.4
-15419.5
-15422.5
-15425.6
-15428.7
-15431.8
-15434.8
-15437.9
-15441
-15444.1
-15447.1
-15450.2
-15453.3
-15456.4
-15459.5
-15462.5
-15465.6
-15468.7
-15471.8
-15474.9
-15477.9
-15481
-15484.1
-15487.2
-15490.3
-15493.4
-15496.4
-15499.5
-15502.6
-15505.7
-15508.8
-15511.9
-15514.9
-15518
-15521.1
-15524.2
-15527.3
-15530.4
-15533.5
-15536.6
-15539.6
-15542.7
-15545.8
-15548.9
-15552
-15555.1
-15558.2
-15561.3
-15564.4
-15567.5
-15570.6
-15573.6
-15576.7
-15579.8
-15582.9
-15586
-15589.1
-15592.2
-15595.3
-15598.4
-15601.5
-15604.6
-15607.7
-15610.8
-15613.9
-15617
-15620.1
-15623.2
-15626.3
-15629.4
-15632.5
-15635.6
-15638.7
-15641.8
-15644.9
-15648
-15651.1
-15654.2
-15657.3
-15660.4
-15663.5
-15666.6
-15669.7
-15672.8
-15676
-15679.1
-15682.2
-15685.3
-15688.4
-15691.5
-15694.6
-15697.7
-15700.8
-15703.9
-15707.1
-15710.2
-15713.3
-15716.4
-15719.5
-15722.6
-15725.7
-15728.8
-15732
-15735.1
-15738.2
-15741.3
-15744.4
-15747.5
-15750.7
-15753.8
-15756.9
-15760
-15763.1
-15766.3
-15769.4
-15772.5
-15775.6
-15778.8
-15781.9
-15785
-15788.1
-15791.3
-15794.4
-15797.5
-15800.6
-15803.8
-15806.9
-15810
-15813.1
-15816.3
-15819.4
-15822.5
-15825.7
-15828.8
-15831.9
-15835.1
-15838.2
-15841.3
-15844.5
-15847.6
-15850.7
-15853.9
-15857
-15860.1
-15863.3
-15866.4
-15869.5
-15872.7
-15875.8
-15879
-15882.1
-15885.2
-15888.4
-15891.5
-15894.7
-15897.8
-15900.9
-15904.1
-15907.2
-15910.4
-15913.5
-15916.7
-15919.8
-15923
-15926.1
-15929.3
-15932.4
-15935.6
-15938.7
-15941.9
-15945
-15948.2
-15951.3
-15954.5
-15957.6
-15960.8
-15963.9
-15967.1
-15970.2
-15973.4
-15976.6
-15979.7
-15982.9
-15986
-15989.2
-15992.4
-15995.5
-15998.7
-16001.8
-16005
-16008.2
-16011.3
-16014.5
-16017.7
-16020.8
-16024
-16027.2
-16030.3
-16033.5
-16036.7
-16039.8
-16043
-16046.2
-16049.4
-16052.5
-16055.7
-16058.9
-16062.1
-16065.2
-16068.4
-16071.6
-16074.8
-16077.9
-16081.1
-16084.3
-16087.5
-16090.7
-16093.8
-16097
-16100.2
-16103.4
-16106.6
-16109.8
-16112.9
-16116.1
-16119.3
-16122.5
-16125.7
-16128.9
-16132.1
-16135.3
-16138.5
-16141.7
-16144.8
-16148
-16151.2
-16154.4
-16157.6
-16160.8
-16164
-16167.2
-16170.4
-16173.6
-16176.8
-16180
-16183.2
-16186.4
-16189.6
-16192.8
-16196
-16199.3
-16202.5
-16205.7
-16208.9
-16212.1
-16215.3
-16218.5
-16221.7
-16224.9
-16228.1
-16231.4
-16234.6
-16237.8
-16241
-16244.2
-16247.4
-16250.7
-16253.9
-16257.1
-16260.3
-16263.6
-16266.8
-16270
-16273.2
-16276.5
-16279.7
-16282.9
-16286.1
-16289.4
-16292.6
-16295.8
-16299.1
-16302.3
-16305.5
-16308.8
-16312
-16315.2
-16318.5
-16321.7
-16325
-16328.2
-16331.5
-16334.7
-16337.9
-16341.2
-16344.4
-16347.7
-16350.9
-16354.2
-16357.4
-16360.7
-16363.9
-16367.2
-16370.4
-16373.7
-16376.9
-16380.2
-16383.5
-16386.7
-16390
-16393.2
-16396.5
-16399.8
-16403
-16406.3
-16409.6
-16412.8
-16416.1
-16419.4
-16422.6
-16425.9
-16429.2
-16432.5
-16435.7
-16439
-16442.3
-16445.6
-16448.8
-16452.1
-16455.4
-16458.7
-16462
-16465.3
-16468.6
-16471.8
-16475.1
-16478.4
-16481.7
-16485
-16488.3
-16491.6
-16494.9
-16498.2
-16501.5
-16504.8
-16508.1
-16511.4
-16514.7
-16518
-16521.3
-16524.6
-16527.9
-16531.2
-16534.5
-16537.8
-16541.2
-16544.5
-16547.8
-16551.1
-16554.4
-16557.7
-16561.1
-16564.4
-16567.7
-16571
-16574.4
-16577.7
-16581
-16584.4
-16587.7
-16591
-16594.4
-16597.7
-16601
-16604.4
-16607.7
-16611.1
-16614.4
-16617.7
-16621.1
-16624.4
-16627.8
-16631.1
-16634.5
-16637.9
-16641.2
-16644.6
-16647.9
-16651.3
-16654.6
-16658
-16661.4
-16664.7
-16668.1
-16671.5
-16674.9
-16678.2
-16681.6
-16685
-16688.4
-16691.7
-16695.1
-16698.5
-16701.9
-16705.3
-16708.7
-16712
-16715.4
-16718.8
-16722.2
-16725.6
-16729
-16732.4
-16735.8
-16739.2
-16742.6
-16746
-16749.5
-16752.9
-16756.3
-16759.7
-16763.1
-16766.5
-16770
-16773.4
-16776.8
-16780.2
-16783.7
-16787.1
-16790.5
-16794
-16797.4
-16800.8
-16804.3
-16807.7
-16811.2
-16814.6
-16818.1
-16821.5
-16825
-16828.4
-16831.9
-16835.3
-16838.8
-16842.3
-16845.7
-16849.2
-16852.7
-16856.1
-16859.6
-16863.1
-16866.6
-16870.1
-16873.5
-16877
-16880.5
-16884
-16887.5
-16891
-16894.5
-16898
-16901.5
-16905
-16908.5
-16912
-16915.6
-16919.1
-16922.6
-16926.1
-16929.6
-16933.2
-16936.7
-16940.2
-16943.8
-16947.3
-16950.9
-16954.4
-16958
-16961.5
-16965.1
-16968.6
-16972.2
-16975.7
-16979.3
-16982.9
-16986.4
-16990
-16993.6
-16997.2
-17000.8
-17004.3
-17007.9
-17011.5
-17015.1
-17018.7
-17022.3
-17025.9
-17029.5
-17033.2
-17036.8
-17040.4
-17044
-17047.6
-17051.3
-17054.9
-17058.5
-17062.2
-17065.8
-17069.5
-17073.1
-17076.8
-17080.5
-17084.1
-17087.8
-17091.5
-17095.1
-17098.8
-17102.5
-17106.2
-17109.9
-17113.6
-17117.3
-17121
-17124.7
-17128.4
-17132.1
-17135.9
-17139.6
-17143.3
-17147.1
-17150.8
-17154.5
-17158.3
-17162.1
-17165.8
-17169.6
-17173.4
-17177.1
-17180.9
-17184.7
-17188.5
-17192.3
-17196.1
-17199.9
-17203.7
-17207.5
-17211.4
-17215.2
-17219
-17222.9
-17226.7
-17230.6
-17234.5
-17238.3
-17242.2
-17246.1
-17250
-17253.9
-17257.8
-17261.7
-17265.6
-17269.5
-17273.5
-17277.4
-17281.3
-17285.3
-17289.2
-17293.2
-17297.2
-17301.2
-17305.2
-17309.2
-17313.2
-17317.2
-17321.2
-17325.2
-17329.3
-17333.3
-17337.4
-17341.5
-17345.6
-17349.6
-17353.7
-17357.9
-17362
-17366.1
-17370.2
-17374.4
-17378.6
-17382.7
-17386.9
-17391.1
-17395.3
-17399.6
-17403.8
-17408
-17412.3
-17416.6
-17420.9
-17425.2
-17429.5
-17433.8
-17438.2
-17442.5
-17446.9
-17451.3
-17455.7
-17460.1
-17464.6
-17469
-17473.5
-17478
-17482.5
-17487.1
-17491.6
-17496.2
-17500.8
-17505.4
-17510.1
-17514.7
-17519.4
-17524.2
-17528.9
-17533.7
-17538.5
-17543.3
-17548.2
-17553
-17558
-17562.9
-17567.9
-17572.9
-17578
-17583.1
-17588.2
-17593.4
-17598.6
-17603.9
-17609.2
-17614.6
-17620
-17625.5
-17631
-17636.6
-17642.3
-17648
-17653.9
-17659.8
-17665.7
-17671.8
-17678
-17684.2
-17690.6
-17697.1
-17703.8
-17710.6
-17717.5
-17724.7
-17732
-17739.6
-17747.4
-17755.6
-17764.1
-17773
-17782.4
-17792.5
-17803.3
-17815.4
-17829.1
-17845.9
-17870.5
