161.447
160.352
159.257
158.162
157.067
155.972
154.877
153.782
152.687
151.592
150.496
149.401
148.306
147.211
146.115
145.02
143.925
142.829
141.734
140.638
139.543
138.447
137.352
136.256
135.161
134.065
132.969
131.874
130.778
129.682
128.586
127.49
126.395
125.299
124.203
123.107
122.011
120.915
119.819
118.723
117.627
116.53
115.434
114.338
113.242
112.146
111.049
109.953
108.857
107.76
106.664
105.567
104.471
103.374
102.278
101.181
100.085
98.9879
97.8913
96.7946
95.6978
94.6011
93.5043
92.4075
91.3106
90.2137
89.1168
88.0199
86.9229
85.8259
84.7289
83.6318
82.5347
81.4376
80.3404
79.2433
78.146
77.0488
75.9515
74.8542
73.7568
72.6595
71.5621
70.4646
69.3672
68.2697
67.1721
66.0746
64.977
63.8794
62.7817
61.6841
60.5863
59.4886
58.3908
57.293
56.1952
55.0973
53.9994
52.9015
51.8035
50.7055
49.6075
48.5095
47.4114
46.3133
45.2151
44.117
43.0188
41.9205
40.8223
39.724
38.6256
37.5273
36.4289
35.3305
34.232
33.1335
32.035
30.9365
29.8379
28.7393
27.6407
26.542
25.4433
24.3446
23.2458
22.147
21.0482
19.9494
18.8505
17.7516
16.6526
15.5537
14.4547
13.3556
12.2566
11.1575
10.0583
8.95918
7.85999
6.76077
5.66152
4.56224
3.46293
2.36359
1.26422
0.164814
-0.93462
-2.03409
-3.13358
-4.23311
-5.33267
-6.43225
-7.53187
-8.63152
-9.7312
-10.8309
-11.9307
-13.0304
-14.1302
-15.2301
-16.3299
-17.4298
-18.5298
-19.6297
-20.7297
-21.8297
-22.9298
-24.0298
-25.13
-26.2301
-27.3303
-28.4305
-29.5307
-30.631
-31.7313
-32.8316
-33.9319
-35.0323
-36.1328
-37.2332
-38.3337
-39.4342
-40.5347
-41.6353
-42.7359
-43.8365
-44.9372
-46.0379
-47.1386
-48.2394
-49.3402
-50.441
-51.5418
-52.6427
-53.7436
-54.8446
-55.9455
-57.0465
-58.1476
-59.2486
-60.3497
-61.4508
-62.552
-63.6532
-64.7544
-65.8556
-66.9569
-68.0582
-69.1596
-70.2609
-71.3623
-72.4638
-73.5652
-74.6667
-75.7683
-76.8698
-77.9714
-79.073
-80.1747
-81.2763
-82.378
-83.4798
-84.5815
-85.6833
-86.7852
-87.887
-88.9889
-90.0909
-91.1928
-92.2948
-93.3968
-94.4989
-95.6009
-96.703
-97.8052
-98.9073
-100.01
-101.112
-102.214
-103.316
-104.419
-105.521
-106.623
-107.726
-108.828
-109.931
-111.033
-112.136
-113.238
-114.341
-115.444
-116.546
-117.649
-118.752
-119.854
-120.957
-122.06
-123.163
-124.266
-125.369
-126.472
-127.574
-128.677
-129.781
-130.884
-131.987
-133.09
-134.193
-135.296
-136.399
-137.503
-138.606
-139.709
-140.812
-141.916
-143.019
-144.123
-145.226
-146.33
-147.433
-148.537
-149.64
-150.744
-151.847
-152.951
-154.055
-155.159
-156.262
-157.366
-158.47
-159.574
-160.678
-161.782
-162.886
-163.99
-165.094
-166.198
-167.302
-168.406
-169.51
-170.614
-171.718
-172.822
-173.927
-175.031
-176.135
-177.24
-178.344
-179.448
-180.553
-181.657
-182.762
-183.866
-184.971
-186.076
-187.18
-188.285
-189.39
-190.494
-191.599
-192.704
-193.809
-194.913
-196.018
-197.123
-198.228
-199.333
-200.438
-201.543
-202.648
-203.753
-204.858
-205.963
-207.069
-208.174
-209.279
-210.384
-211.49
-212.595
-213.7
-214.806
-215.911
-217.017
-218.122
-219.228
-220.333
-221.439
-222.544
-223.65
-224.756
-225.861
-226.967
-228.073
-229.178
-230.284
-231.39
-232.496
-233.602
-234.708
-235.814
-236.92
-238.026
-239.132
-240.238
-241.344
-242.45
-243.556
-244.663
-245.769
-246.875
-247.982
-249.088
-250.194
-251.301
-252.407
-253.514
-254.62
-255.727
-256.833
-257.94
-259.046
-260.153
-261.26
-262.366
-263.473
-264.58
-265.687
-266.793
-267.9
-269.007
-270.114
-271.221
-272.328
-273.435
-274.542
-275.649
-276.756
-277.863
-278.971
-280.078
-281.185
-282.292
-283.399
-284.507
-285.614
-286.721
-287.829
-288.936
-290.044
-291.151
-292.259
-293.366
-294.474
-295.582
-296.689
-297.797
-298.905
-300.012
-301.12
-302.228
-303.336
-304.444
-305.552
-306.66
-307.767
-308.875
-309.983
-311.092
-312.2
-313.308
-314.416
-315.524
-316.632
-317.74
-318.849
-319.957
-321.065
-322.174
-323.282
-324.39
-325.499
-326.607
-327.716
-328.824
-329.933
-331.042
-332.15
-333.259
-334.368
-335.476
-336.585
-337.694
-338.803
-339.912
-341.02
-342.129
-343.238
-344.347
-345.456
-346.565
-347.674
-348.783
-349.892
-351.002
-352.111
-353.22
-354.329
-355.439
-356.548
-357.657
-358.767
-359.876
-360.985
-362.095
-363.204
-364.314
-365.423
-366.533
-367.643
-368.752
-369.862
-370.972
-372.081
-373.191
-374.301
-375.411
-376.521
-377.63
-378.74
-379.85
-380.96
-382.07
-383.18
-384.29
-385.4
-386.511
-387.621
-388.731
-389.841
-390.951
-392.062
-393.172
-394.282
-395.393
-396.503
-397.613
-398.724
-399.834
-400.945
-402.056
-403.166
-404.277
-405.387
-406.498
-407.609
-408.719
-409.83
-410.941
-412.052
-413.163
-414.274
-415.385
-416.495
-417.606
-418.717
-419.829
-420.94
-422.051
-423.162
-424.273
-425.384
-426.495
-427.607
-428.718
-429.829
-430.941
-432.052
-433.163
-434.275
-435.386
-436.498
-437.609
-438.721
-439.833
-440.944
-442.056
-443.167
-444.279
-445.391
-446.503
-447.614
-448.726
-449.838
-450.95
-452.062
-453.174
-454.286
-455.398
-456.51
-457.622
-458.734
-459.846
-460.959
-462.071
-463.183
-464.295
-465.408
-466.52
-467.632
-468.745
-469.857
-470.969
-472.082
-473.194
-474.307
-475.42
-476.532
-477.645
-478.757
-479.87
-480.983
-482.096
-483.208
-484.321
-485.434
-486.547
-487.66
-488.773
-489.886
-490.999
-492.112
-493.225
-494.338
-495.451
-496.564
-497.677
-498.79
-499.904
-501.017
-502.13
-503.244
-504.357
-505.47
-506.584
-507.697
-508.811
-509.924
-511.038
-512.151
-513.265
-514.379
-515.492
-516.606
-517.72
-518.833
-519.947
-521.061
-522.175
-523.289
-524.403
-525.517
-526.631
-527.745
-528.859
-529.973
-531.087
-532.201
-533.315
-534.429
-535.543
-536.658
-537.772
-538.886
-540.001
-541.115
-542.229
-543.344
-544.458
-545.573
-546.687
-547.802
-548.916
-550.031
-551.146
-552.26
-553.375
-554.49
-555.604
-556.719
-557.834
-558.949
-560.064
-561.179
-562.294
-563.409
-564.524
-565.639
-566.754
-567.869
-568.984
-570.099
-571.214
-572.329
-573.445
-574.56
-575.675
-576.791
-577.906
-579.021
-580.137
-581.252
-582.368
-583.483
-584.599
-585.714
-586.83
-587.946
-589.061
-590.177
-591.293
-592.409
-593.524
-594.64
-595.756
-596.872
-597.988
-599.104
-600.22
-601.336
-602.452
-603.568
-604.684
-605.8
-606.916
-608.032
-609.149
-610.265
-611.381
-612.497
-613.614
-614.73
-615.847
-616.963
-618.079
-619.196
-620.312
-621.429
-622.546
-623.662
-624.779
-625.896
-627.012
-628.129
-629.246
-630.363
-631.479
-632.596
-633.713
-634.83
-635.947
-637.064
-638.181
-639.298
-640.415
-641.532
-642.649
-643.767
-644.884
-646.001
-647.118
-648.235
-649.353
-650.47
-651.588
-652.705
-653.822
-654.94
-656.057
-657.175
-658.292
-659.41
-660.528
-661.645
-662.763
-663.881
-664.998
-666.116
-667.234
-668.352
-669.47
-670.588
-671.705
-672.823
-673.941
-675.059
-676.177
-677.296
-678.414
-679.532
-680.65
-681.768
-682.886
-684.005
-685.123
-686.241
-687.36
-688.478
-689.596
-690.715
-691.833
-692.952
-694.07
-695.189
-696.307
-697.426
-698.545
-699.663
-700.782
-701.901
-703.02
-704.138
-705.257
-706.376
-707.495
-708.614
-709.733
-710.852
-711.971
-713.09
-714.209
-715.328
-716.447
-717.566
-718.686
-719.805
-720.924
-722.043
-723.163
-724.282
-725.401
-726.521
-727.64
-728.76
-729.879
-730.999
-732.118
-733.238
-734.358
-735.477
-736.597
-737.717
-738.836
-739.956
-741.076
-742.196
-743.316
-744.435
-745.555
-746.675
-747.795
-748.915
-750.035
-751.155
-752.276
-753.396
-754.516
-755.636
-756.756
-757.877
-758.997
-760.117
-761.238
-762.358
-763.478
-764.599
-765.719
-766.84
-767.96
-769.081
-770.201
-771.322
-772.443
-773.563
-774.684
-775.805
-776.926
-778.046
-779.167
-780.288
-781.409
-782.53
-783.651
-784.772
-785.893
-787.014
-788.135
-789.256
-790.377
-791.498
-792.62
-793.741
-794.862
-795.983
-797.105
-798.226
-799.347
-800.469
-801.59
-802.712
-803.833
-804.955
-806.076
-807.198
-808.32
-809.441
-810.563
-811.685
-812.806
-813.928
-815.05
-816.172
-817.294
-818.416
-819.537
-820.659
-821.781
-822.903
-824.025
-825.148
-826.27
-827.392
-828.514
-829.636
-830.758
-831.881
-833.003
-834.125
-835.248
-836.37
-837.492
-838.615
-839.737
-840.86
-841.982
-843.105
-844.227
-845.35
-846.473
-847.595
-848.718
-849.841
-850.964
-852.086
-853.209
-854.332
-855.455
-856.578
-857.701
-858.824
-859.947
-861.07
-862.193
-863.316
-864.439
-865.562
-866.686
-867.809
-868.932
-870.055
-871.179
-872.302
-873.425
-874.549
-875.672
-876.796
-877.919
-879.043
-880.166
-881.29
-882.414
-883.537
-884.661
-885.785
-886.908
-888.032
-889.156
-890.28
-891.404
-892.528
-893.651
-894.775
-895.899
-897.023
-898.147
-899.272
-900.396
-901.52
-902.644
-903.768
-904.892
-906.017
-907.141
-908.265
-909.39
-910.514
-911.638
-912.763
-913.887
-915.012
-916.136
-917.261
-918.385
-919.51
-920.635
-921.759
-922.884
-924.009
-925.134
-926.258
-927.383
-928.508
-929.633
-930.758
-931.883
-933.008
-934.133
-935.258
-936.383
-937.508
-938.633
-939.758
-940.884
-942.009
-943.134
-944.259
-945.385
-946.51
-947.635
-948.761
-949.886
-951.012
-952.137
-953.263
-954.388
-955.514
-956.639
-957.765
-958.891
-960.016
-961.142
-962.268
-963.394
-964.52
-965.645
-966.771
-967.897
-969.023
-970.149
-971.275
-972.401
-973.527
-974.653
-975.78
-976.906
-978.032
-979.158
-980.284
-981.411
-982.537
-983.663
-984.79
-985.916
-987.042
-988.169
-989.295
-990.422
-991.549
-992.675
-993.802
-994.928
-996.055
-997.182
-998.308
-999.435
-1000.56
-1001.69
-1002.82
-1003.94
-1005.07
-1006.2
-1007.32
-1008.45
-1009.58
-1010.7
-1011.83
-1012.96
-1014.09
-1015.21
-1016.34
-1017.47
-1018.59
-1019.72
-1020.85
-1021.98
-1023.1
-1024.23
-1025.36
-1026.49
-1027.61
-1028.74
-1029.87
-1031
-1032.12
-1033.25
-1034.38
-1035.51
-1036.64
-1037.76
-1038.89
-1040.02
-1041.15
-1042.27
-1043.4
-1044.53
-1045.66
-1046.79
-1047.91
-1049.04
-1050.17
-1051.3
-1052.43
-1053.56
-1054.68
-1055.81
-1056.94
-1058.07
-1059.2
-1060.33
-1061.45
-1062.58
-1063.71
-1064.84
-1065.97
-1067.1
-1068.22
-1069.35
-1070.48
-1071.61
-1072.74
-1073.87
-1075
-1076.13
-1077.25
-1078.38
-1079.51
-1080.64
-1081.77
-1082.9
-1084.03
-1085.16
-1086.29
-1087.42
-1088.54
-1089.67
-1090.8
-1091.93
-1093.06
-1094.19
-1095.32
-1096.45
-1097.58
-1098.71
-1099.84
-1100.97
-1102.1
-1103.23
-1104.36
-1105.49
-1106.62
-1107.75
-1108.87
-1110
-1111.13
-1112.26
-1113.39
-1114.52
-1115.65
-1116.78
-1117.91
-1119.04
-1120.17
-1121.3
-1122.43
-1123.56
-1124.69
-1125.82
-1126.95
-1128.08
-1129.21
-1130.34
-1131.47
-1132.61
-1133.74
-1134.87
-1136
-1137.13
-1138.26
-1139.39
-1140.52
-1141.65
-1142.78
-1143.91
-1145.04
-1146.17
-1147.3
-1148.43
-1149.56
-1150.69
-1151.83
-1152.96
-1154.09
-1155.22
-1156.35
-1157.48
-1158.61
-1159.74
-1160.87
-1162
-1163.14
-1164.27
-1165.4
-1166.53
-1167.66
-1168.79
-1169.92
-1171.05
-1172.19
-1173.32
-1174.45
-1175.58
-1176.71
-1177.84
-1178.97
-1180.11
-1181.24
-1182.37
-1183.5
-1184.63
-1185.76
-1186.9
-1188.03
-1189.16
-1190.29
-1191.42
-1192.56
-1193.69
-1194.82
-1195.95
-1197.08
-1198.22
-1199.35
-1200.48
-1201.61
-1202.74
-1203.88
-1205.01
-1206.14
-1207.27
-1208.41
-1209.54
-1210.67
-1211.8
-1212.94
-1214.07
-1215.2
-1216.33
-1217.47
-1218.6
-1219.73
-1220.86
-1222
-1223.13
-1224.26
-1225.39
-1226.53
-1227.66
-1228.79
-1229.93
-1231.06
-1232.19
-1233.32
-1234.46
-1235.59
-1236.72
-1237.86
-1238.99
-1240.12
-1241.26
-1242.39
-1243.52
-1244.66
-1245.79
-1246.92
-1248.06
-1249.19
-1250.32
-1251.46
-1252.59
-1253.72
-1254.86
-1255.99
-1257.12
-1258.26
-1259.39
-1260.53
-1261.66
-1262.79
-1263.93
-1265.06
-1266.19
-1267.33
-1268.46
-1269.6
-1270.73
-1271.86
-1273
-1274.13
-1275.27
-1276.4
-1277.53
-1278.67
-1279.8
-1280.94
-1282.07
-1283.21
-1284.34
-1285.47
-1286.61
-1287.74
-1288.88
-1290.01
-1291.15
-1292.28
-1293.42
-1294.55
-1295.69
-1296.82
-1297.96
-1299.09
-1300.22
-1301.36
-1302.49
-1303.63
-1304.76
-1305.9
-1307.03
-1308.17
-1309.3
-1310.44
-1311.57
-1312.71
-1313.84
-1314.98
-1316.11
-1317.25
-1318.39
-1319.52
-1320.66
-1321.79
-1322.93
-1324.06
-1325.2
-1326.33
-1327.47
-1328.6
-1329.74
-1330.87
-1332.01
-1333.15
-1334.28
-1335.42
-1336.55
-1337.69
-1338.82
-1339.96
-1341.1
-1342.23
-1343.37
-1344.5
-1345.64
-1346.78
-1347.91
-1349.05
-1350.18
-1351.32
-1352.46
-1353.59
-1354.73
-1355.87
-1357
-1358.14
-1359.27
-1360.41
-1361.55
-1362.68
-1363.82
-1364.96
-1366.09
-1367.23
-1368.37
-1369.5
-1370.64
-1371.78
-1372.91
-1374.05
-1375.19
-1376.32
-1377.46
-1378.6
-1379.73
-1380.87
-1382.01
-1383.14
-1384.28
-1385.42
-1386.56
-1387.69
-1388.83
-1389.97
-1391.1
-1392.24
-1393.38
-1394.52
-1395.65
-1396.79
-1397.93
-1399.06
-1400.2
-1401.34
-1402.48
-1403.61
-1404.75
-1405.89
-1407.03
-1408.17
-1409.3
-1410.44
-1411.58
-1412.72
-1413.85
-1414.99
-1416.13
-1417.27
-1418.4
-1419.54
-1420.68
-1421.82
-1422.96
-1424.09
-1425.23
-1426.37
-1427.51
-1428.65
-1429.79
-1430.92
-1432.06
-1433.2
-1434.34
-1435.48
-1436.62
-1437.75
-1438.89
-1440.03
-1441.17
-1442.31
-1443.45
-1444.58
-1445.72
-1446.86
-1448
-1449.14
-1450.28
-1451.42
-1452.56
-1453.69
-1454.83
-1455.97
-1457.11
-1458.25
-1459.39
-1460.53
-1461.67
-1462.81
-1463.95
-1465.08
-1466.22
-1467.36
-1468.5
-1469.64
-1470.78
-1471.92
-1473.06
-1474.2
-1475.34
-1476.48
-1477.62
-1478.76
-1479.9
-1481.04
-1482.17
-1483.31
-1484.45
-1485.59
-1486.73
-1487.87
-1489.01
-1490.15
-1491.29
-1492.43
-1493.57
-1494.71
-1495.85
-1496.99
-1498.13
-1499.27
-1500.41
-1501.55
-1502.69
-1503.83
-1504.97
-1506.11
-1507.25
-1508.39
-1509.53
-1510.67
-1511.81
-1512.95
-1514.09
-1515.24
-1516.38
-1517.52
-1518.66
-1519.8
-1520.94
-1522.08
-1523.22
-1524.36
-1525.5
-1526.64
-1527.78
-1528.92
-1530.06
-1531.2
-1532.35
-1533.49
-1534.63
-1535.77
-1536.91
-1538.05
-1539.19
-1540.33
-1541.47
-1542.61
-1543.76
-1544.9
-1546.04
-1547.18
-1548.32
-1549.46
-1550.6
-1551.75
-1552.89
-1554.03
-1555.17
-1556.31
-1557.45
-1558.59
-1559.74
-1560.88
-1562.02
-1563.16
-1564.3
-1565.44
-1566.59
-1567.73
-1568.87
-1570.01
-1571.15
-1572.3
-1573.44
-1574.58
-1575.72
-1576.86
-1578.01
-1579.15
-1580.29
-1581.43
-1582.57
-1583.72
-1584.86
-1586
-1587.14
-1588.29
-1589.43
-1590.57
-1591.71
-1592.86
-1594
-1595.14
-1596.28
-1597.43
-1598.57
-1599.71
-1600.85
-1602
-1603.14
-1604.28
-1605.42
-1606.57
-1607.71
-1608.85
-1610
-1611.14
-1612.28
-1613.42
-1614.57
-1615.71
-1616.85
-1618
-1619.14
-1620.28
-1621.43
-1622.57
-1623.71
-1624.86
-1626
-1627.14
-1628.29
-1629.43
-1630.57
-1631.72
-1632.86
-1634
-1635.15
-1636.29
-1637.43
-1638.58
-1639.72
-1640.87
-1642.01
-1643.15
-1644.3
-1645.44
-1646.59
-1647.73
-1648.87
-1650.02
-1651.16
-1652.3
-1653.45
-1654.59
-1655.74
-1656.88
-1658.03
-1659.17
-1660.31
-1661.46
-1662.6
-1663.75
-1664.89
-1666.04
-1667.18
-1668.32
-1669.47
-1670.61
-1671.76
-1672.9
-1674.05
-1675.19
-1676.34
-1677.48
-1678.63
-1679.77
-1680.92
-1682.06
-1683.2
-1684.35
-1685.49
-1686.64
-1687.78
-1688.93
-1690.07
-1691.22
-1692.36
-1693.51
-1694.65
-1695.8
-1696.95
-1698.09
-1699.24
-1700.38
-1701.53
-1702.67
-1703.82
-1704.96
-1706.11
-1707.25
-1708.4
-1709.54
-1710.69
-1711.84
-1712.98
-1714.13
-1715.27
-1716.42
-1717.56
-1718.71
-1719.86
-1721
-1722.15
-1723.29
-1724.44
-1725.58
-1726.73
-1727.88
-1729.02
-1730.17
-1731.31
-1732.46
-1733.61
-1734.75
-1735.9
-1737.05
-1738.19
-1739.34
-1740.48
-1741.63
-1742.78
-1743.92
-1745.07
-1746.22
-1747.36
-1748.51
-1749.66
-1750.8
-1751.95
-1753.1
-1754.24
-1755.39
-1756.54
-1757.68
-1758.83
-1759.98
-1761.12
-1762.27
-1763.42
-1764.56
-1765.71
-1766.86
-1768
-1769.15
-1770.3
-1771.45
-1772.59
-1773.74
-1774.89
-1776.03
-1777.18
-1778.33
-1779.48
-1780.62
-1781.77
-1782.92
-1784.07
-1785.21
-1786.36
-1787.51
-1788.66
-1789.8
-1790.95
-1792.1
-1793.25
-1794.39
-1795.54
-1796.69
-1797.84
-1798.99
-1800.13
-1801.28
-1802.43
-1803.58
-1804.73
-1805.87
-1807.02
-1808.17
-1809.32
-1810.47
-1811.61
-1812.76
-1813.91
-1815.06
-1816.21
-1817.36
-1818.5
-1819.65
-1820.8
-1821.95
-1823.1
-1824.25
-1825.39
-1826.54
-1827.69
-1828.84
-1829.99
-1831.14
-1832.29
-1833.43
-1834.58
-1835.73
-1836.88
-1838.03
-1839.18
-1840.33
-1841.48
-1842.63
-1843.77
-1844.92
-1846.07
-1847.22
-1848.37
-1849.52
-1850.67
-1851.82
-1852.97
-1854.12
-1855.27
-1856.42
-1857.57
-1858.71
-1859.86
-1861.01
-1862.16
-1863.31
-1864.46
-1865.61
-1866.76
-1867.91
-1869.06
-1870.21
-1871.36
-1872.51
-1873.66
-1874.81
-1875.96
-1877.11
-1878.26
-1879.41
-1880.56
-1881.71
-1882.86
-1884.01
-1885.16
-1886.31
-1887.46
-1888.61
-1889.76
-1890.91
-1892.06
-1893.21
-1894.36
-1895.51
-1896.66
-1897.81
-1898.96
-1900.11
-1901.26
-1902.41
-1903.56
-1904.71
-1905.86
-1907.02
-1908.17
-1909.32
-1910.47
-1911.62
-1912.77
-1913.92
-1915.07
-1916.22
-1917.37
-1918.52
-1919.67
-1920.83
-1921.98
-1923.13
-1924.28
-1925.43
-1926.58
-1927.73
-1928.88
-1930.03
-1931.19
-1932.34
-1933.49
-1934.64
-1935.79
-1936.94
-1938.09
-1939.25
-1940.4
-1941.55
-1942.7
-1943.85
-1945
-1946.15
-1947.31
-1948.46
-1949.61
-1950.76
-1951.91
-1953.07
-1954.22
-1955.37
-1956.52
-1957.67
-1958.82
-1959.98
-1961.13
-1962.28
-1963.43
-1964.58
-1965.74
-1966.89
-1968.04
-1969.19
-1970.35
-1971.5
-1972.65
-1973.8
-1974.96
-1976.11
-1977.26
-1978.41
-1979.57
-1980.72
-1981.87
-1983.02
-1984.18
-1985.33
-1986.48
-1987.63
-1988.79
-1989.94
-1991.09
-1992.24
-1993.4
-1994.55
-1995.7
-1996.86
-1998.01
-1999.16
-2000.32
-2001.47
-2002.62
-2003.77
-2004.93
-2006.08
-2007.23
-2008.39
-2009.54
-2010.69
-2011.85
-2013
-2014.15
-2015.31
-2016.46
-2017.61
-2018.77
-2019.92
-2021.07
-2022.23
-2023.38
-2024.54
-2025.69
-2026.84
-2028
-2029.15
-2030.3
-2031.46
-2032.61
-2033.77
-2034.92
-2036.07
-2037.23
-2038.38
-2039.54
-2040.69
-2041.84
-2043
-2044.15
-2045.31
-2046.46
-2047.62
-2048.77
-2049.92
-2051.08
-2052.23
-2053.39
-2054.54
-2055.7
-2056.85
-2058
-2059.16
-2060.31
-2061.47
-2062.62
-2063.78
-2064.93
-2066.09
-2067.24
-2068.4
-2069.55
-2070.71
-2071.86
-2073.02
-2074.17
-2075.33
-2076.48
-2077.64
-2078.79
-2079.95
-2081.1
-2082.26
-2083.41
-2084.57
-2085.72
-2086.88
-2088.03
-2089.19
-2090.34
-2091.5
-2092.65
-2093.81
-2094.96
-2096.12
-2097.28
-2098.43
-2099.59
-2100.74
-2101.9
-2103.05
-2104.21
-2105.37
-2106.52
-2107.68
-2108.83
-2109.99
-2111.14
-2112.3
-2113.46
-2114.61
-2115.77
-2116.92
-2118.08
-2119.24
-2120.39
-2121.55
-2122.7
-2123.86
-2125.02
-2126.17
-2127.33
-2128.49
-2129.64
-2130.8
-2131.96
-2133.11
-2134.27
-2135.42
-2136.58
-2137.74
-2138.89
-2140.05
-2141.21
-2142.36
-2143.52
-2144.68
-2145.83
-2146.99
-2148.15
-2149.3
-2150.46
-2151.62
-2152.78
-2153.93
-2155.09
-2156.25
-2157.4
-2158.56
-2159.72
-2160.88
-2162.03
-2163.19
-2164.35
-2165.5
-2166.66
-2167.82
-2168.98
-2170.13
-2171.29
-2172.45
-2173.61
-2174.76
-2175.92
-2177.08
-2178.24
-2179.39
-2180.55
-2181.71
-2182.87
-2184.02
-2185.18
-2186.34
-2187.5
-2188.66
-2189.81
-2190.97
-2192.13
-2193.29
-2194.45
-2195.6
-2196.76
-2197.92
-2199.08
-2200.24
-2201.39
-2202.55
-2203.71
-2204.87
-2206.03
-2207.19
-2208.34
-2209.5
-2210.66
-2211.82
-2212.98
-2214.14
-2215.29
-2216.45
-2217.61
-2218.77
-2219.93
-2221.09
-2222.25
-2223.4
-2224.56
-2225.72
-2226.88
-2228.04
-2229.2
-2230.36
-2231.52
-2232.68
-2233.83
-2234.99
-2236.15
-2237.31
-2238.47
-2239.63
-2240.79
-2241.95
-2243.11
-2244.27
-2245.43
-2246.59
-2247.75
-2248.9
-2250.06
-2251.22
-2252.38
-2253.54
-2254.7
-2255.86
-2257.02
-2258.18
-2259.34
-2260.5
-2261.66
-2262.82
-2263.98
-2265.14
-2266.3
-2267.46
-2268.62
-2269.78
-2270.94
-2272.1
-2273.26
-2274.42
-2275.58
-2276.74
-2277.9
-2279.06
-2280.22
-2281.38
-2282.54
-2283.7
-2284.86
-2286.02
-2287.18
-2288.34
-2289.5
-2290.66
-2291.82
-2292.98
-2294.14
-2295.3
-2296.47
-2297.63
-2298.79
-2299.95
-2301.11
-2302.27
-2303.43
-2304.59
-2305.75
-2306.91
-2308.07
-2309.23
-2310.39
-2311.56
-2312.72
-2313.88
-2315.04
-2316.2
-2317.36
-2318.52
-2319.68
-2320.84
-2322.01
-2323.17
-2324.33
-2325.49
-2326.65
-2327.81
-2328.97
-2330.14
-2331.3
-2332.46
-2333.62
-2334.78
-2335.94
-2337.1
-2338.27
-2339.43
-2340.59
-2341.75
-2342.91
-2344.08
-2345.24
-2346.4
-2347.56
-2348.72
-2349.88
-2351.05
-2352.21
-2353.37
-2354.53
-2355.69
-2356.86
-2358.02
-2359.18
-2360.34
-2361.51
-2362.67
-2363.83
-2364.99
-2366.16
-2367.32
-2368.48
-2369.64
-2370.8
-2371.97
-2373.13
-2374.29
-2375.46
-2376.62
-2377.78
-2378.94
-2380.11
-2381.27
-2382.43
-2383.59
-2384.76
-2385.92
-2387.08
-2388.25
-2389.41
-2390.57
-2391.73
-2392.9
-2394.06
-2395.22
-2396.39
-2397.55
-2398.71
-2399.88
-2401.04
-2402.2
-2403.37
-2404.53
-2405.69
-2406.86
-2408.02
-2409.18
-2410.35
-2411.51
-2412.67
-2413.84
-2415
-2416.16
-2417.33
-2418.49
-2419.66
-2420.82
-2421.98
-2423.15
-2424.31
-2425.47
-2426.64
-2427.8
-2428.97
-2430.13
-2431.29
-2432.46
-2433.62
-2434.79
-2435.95
-2437.12
-2438.28
-2439.44
-2440.61
-2441.77
-2442.94
-2444.1
-2445.27
-2446.43
-2447.59
-2448.76
-2449.92
-2451.09
-2452.25
-2453.42
-2454.58
-2455.75
-2456.91
-2458.07
-2459.24
-2460.4
-2461.57
-2462.73
-2463.9
-2465.06
-2466.23
-2467.39
-2468.56
-2469.72
-2470.89
-2472.05
-2473.22
-2474.38
-2475.55
-2476.71
-2477.88
-2479.04
-2480.21
-2481.37
-2482.54
-2483.71
-2484.87
-2486.04
-2487.2
-2488.37
-2489.53
-2490.7
-2491.86
-2493.03
-2494.19
-2495.36
-2496.53
-2497.69
-2498.86
-2500.02
-2501.19
-2502.35
-2503.52
-2504.69
-2505.85
-2507.02
-2508.18
-2509.35
-2510.52
-2511.68
-2512.85
-2514.01
-2515.18
-2516.35
-2517.51
-2518.68
-2519.85
-2521.01
-2522.18
-2523.34
-2524.51
-2525.68
-2526.84
-2528.01
-2529.18
-2530.34
-2531.51
-2532.68
-2533.84
-2535.01
-2536.18
-2537.34
-2538.51
-2539.68
-2540.84
-2542.01
-2543.18
-2544.34
-2545.51
-2546.68
-2547.84
-2549.01
-2550.18
-2551.35
-2552.51
-2553.68
-2554.85
-2556.01
-2557.18
-2558.35
-2559.52
-2560.68
-2561.85
-2563.02
-2564.18
-2565.35
-2566.52
-2567.69
-2568.85
-2570.02
-2571.19
-2572.36
-2573.52
-2574.69
-2575.86
-2577.03
-2578.2
-2579.36
-2580.53
-2581.7
-2582.87
-2584.03
-2585.2
-2586.37
-2587.54
-2588.71
-2589.87
-2591.04
-2592.21
-2593.38
-2594.55
-2595.71
-2596.88
-2598.05
-2599.22
-2600.39
-2601.56
-2602.72
-2603.89
-2605.06
-2606.23
-2607.4
-2608.57
-2609.73
-2610.9
-2612.07
-2613.24
-2614.41
-2615.58
-2616.75
-2617.91
-2619.08
-2620.25
-2621.42
-2622.59
-2623.76
-2624.93
-2626.1
-2627.27
-2628.43
-2629.6
-2630.77
-2631.94
-2633.11
-2634.28
-2635.45
-2636.62
-2637.79
-2638.96
-2640.13
-2641.3
-2642.46
-2643.63
-2644.8
-2645.97
-2647.14
-2648.31
-2649.48
-2650.65
-2651.82
-2652.99
-2654.16
-2655.33
-2656.5
-2657.67
-2658.84
-2660.01
-2661.18
-2662.35
-2663.52
-2664.69
-2665.86
-2667.03
-2668.2
-2669.37
-2670.54
-2671.71
-2672.88
-2674.05
-2675.22
-2676.39
-2677.56
-2678.73
-2679.9
-2681.07
-2682.24
-2683.41
-2684.58
-2685.75
-2686.92
-2688.09
-2689.26
-2690.43
-2691.6
-2692.77
-2693.94
-2695.11
-2696.28
-2697.46
-2698.63
-2699.8
-2700.97
-2702.14
-2703.31
-2704.48
-2705.65
-2706.82
-2707.99
-2709.16
-2710.34
-2711.51
-2712.68
-2713.85
-2715.02
-2716.19
-2717.36
-2718.53
-2719.7
-2720.88
-2722.05
-2723.22
-2724.39
-2725.56
-2726.73
-2727.9
-2729.08
-2730.25
-2731.42
-2732.59
-2733.76
-2734.93
-2736.1
-2737.28
-2738.45
-2739.62
-2740.79
-2741.96
-2743.14
-2744.31
-2745.48
-2746.65
-2747.82
-2749
-2750.17
-2751.34
-2752.51
-2753.68
-2754.86
-2756.03
-2757.2
-2758.37
-2759.54
-2760.72
-2761.89
-2763.06
-2764.23
-2765.41
-2766.58
-2767.75
-2768.92
-2770.1
-2771.27
-2772.44
-2773.61
-2774.79
-2775.96
-2777.13
-2778.3
-2779.48
-2780.65
-2781.82
-2783
-2784.17
-2785.34
-2786.51
-2787.69
-2788.86
-2790.03
-2791.21
-2792.38
-2793.55
-2794.73
-2795.9
-2797.07
-2798.24
-2799.42
-2800.59
-2801.76
-2802.94
-2804.11
-2805.28
-2806.46
-2807.63
-2808.8
-2809.98
-2811.15
-2812.33
-2813.5
-2814.67
-2815.85
-2817.02
-2818.19
-2819.37
-2820.54
-2821.71
-2822.89
-2824.06
-2825.24
-2826.41
-2827.58
-2828.76
-2829.93
-2831.11
-2832.28
-2833.45
-2834.63
-2835.8
-2836.98
-2838.15
-2839.33
-2840.5
-2841.67
-2842.85
-2844.02
-2845.2
-2846.37
-2847.55
-2848.72
-2849.89
-2851.07
-2852.24
-2853.42
-2854.59
-2855.77
-2856.94
-2858.12
-2859.29
-2860.47
-2861.64
-2862.82
-2863.99
-2865.17
-2866.34
-2867.52
-2868.69
-2869.87
-2871.04
-2872.22
-2873.39
-2874.57
-2875.74
-2876.92
-2878.09
-2879.27
-2880.44
-2881.62
-2882.79
-2883.97
-2885.14
-2886.32
-2887.49
-2888.67
-2889.84
-2891.02
-2892.2
-2893.37
-2894.55
-2895.72
-2896.9
-2898.07
-2899.25
-2900.43
-2901.6
-2902.78
-2903.95
-2905.13
-2906.3
-2907.48
-2908.66
-2909.83
-2911.01
-2912.18
-2913.36
-2914.54
-2915.71
-2916.89
-2918.06
-2919.24
-2920.42
-2921.59
-2922.77
-2923.95
-2925.12
-2926.3
-2927.48
-2928.65
-2929.83
-2931
-2932.18
-2933.36
-2934.53
-2935.71
-2936.89
-2938.06
-2939.24
-2940.42
-2941.59
-2942.77
-2943.95
-2945.12
-2946.3
-2947.48
-2948.66
-2949.83
-2951.01
-2952.19
-2953.36
-2954.54
-2955.72
-2956.89
-2958.07
-2959.25
-2960.43
-2961.6
-2962.78
-2963.96
-2965.14
-2966.31
-2967.49
-2968.67
-2969.85
-2971.02
-2972.2
-2973.38
-2974.56
-2975.73
-2976.91
-2978.09
-2979.27
-2980.44
-2981.62
-2982.8
-2983.98
-2985.15
-2986.33
-2987.51
-2988.69
-2989.87
-2991.04
-2992.22
-2993.4
-2994.58
-2995.76
-2996.93
-2998.11
-2999.29
-3000.47
-3001.65
-3002.83
-3004
-3005.18
-3006.36
-3007.54
-3008.72
-3009.9
-3011.07
-3012.25
-3013.43
-3014.61
-3015.79
-3016.97
-3018.15
-3019.32
-3020.5
-3021.68
-3022.86
-3024.04
-3025.22
-3026.4
-3027.58
-3028.76
-3029.93
-3031.11
-3032.29
-3033.47
-3034.65
-3035.83
-3037.01
-3038.19
-3039.37
-3040.55
-3041.73
-3042.9
-3044.08
-3045.26
-3046.44
-3047.62
-3048.8
-3049.98
-3051.16
-3052.34
-3053.52
-3054.7
-3055.88
-3057.06
-3058.24
-3059.42
-3060.6
-3061.78
-3062.96
-3064.14
-3065.32
-3066.5
-3067.68
-3068.86
-3070.04
-3071.22
-3072.4
-3073.58
-3074.76
-3075.94
-3077.12
-3078.3
-3079.48
-3080.66
-3081.84
-3083.02
-3084.2
-3085.38
-3086.56
-3087.74
-3088.92
-3090.1
-3091.28
-3092.46
-3093.64
-3094.82
-3096
-3097.18
-3098.36
-3099.54
-3100.72
-3101.9
-3103.08
-3104.27
-3105.45
-3106.63
-3107.81
-3108.99
-3110.17
-3111.35
-3112.53
-3113.71
-3114.89
-3116.07
-3117.26
-3118.44
-3119.62
-3120.8
-3121.98
-3123.16
-3124.34
-3125.52
-3126.71
-3127.89
-3129.07
-3130.25
-3131.43
-3132.61
-3133.79
-3134.98
-3136.16
-3137.34
-3138.52
-3139.7
-3140.88
-3142.07
-3143.25
-3144.43
-3145.61
-3146.79
-3147.97
-3149.16
-3150.34
-3151.52
-3152.7
-3153.88
-3155.07
-3156.25
-3157.43
-3158.61
-3159.79
-3160.98
-3162.16
-3163.34
-3164.52
-3165.71
-3166.89
-3168.07
-3169.25
-3170.43
-3171.62
-3172.8
-3173.98
-3175.16
-3176.35
-3177.53
-3178.71
-3179.89
-3181.08
-3182.26
-3183.44
-3184.63
-3185.81
-3186.99
-3188.17
-3189.36
-3190.54
-3191.72
-3192.91
-3194.09
-3195.27
-3196.45
-3197.64
-3198.82
-3200
-3201.19
-3202.37
-3203.55
-3204.74
-3205.92
-3207.1
-3208.29
-3209.47
-3210.65
-3211.84
-3213.02
-3214.2
-3215.39
-3216.57
-3217.75
-3218.94
-3220.12
-3221.3
-3222.49
-3223.67
-3224.86
-3226.04
-3227.22
-3228.41
-3229.59
-3230.77
-3231.96
-3233.14
-3234.33
-3235.51
-3236.69
-3237.88
-3239.06
-3240.25
-3241.43
-3242.61
-3243.8
-3244.98
-3246.17
-3247.35
-3248.54
-3249.72
-3250.9
-3252.09
-3253.27
-3254.46
-3255.64
-3256.83
-3258.01
-3259.2
-3260.38
-3261.56
-3262.75
-3263.93
-3265.12
-3266.3
-3267.49
-3268.67
-3269.86
-3271.04
-3272.23
-3273.41
-3274.6
-3275.78
-3276.97
-3278.15
-3279.34
-3280.52
-3281.71
-3282.89
-3284.08
-3285.26
-3286.45
-3287.63
-3288.82
-3290
-3291.19
-3292.37
-3293.56
-3294.75
-3295.93
-3297.12
-3298.3
-3299.49
-3300.67
-3301.86
-3303.04
-3304.23
-3305.42
-3306.6
-3307.79
-3308.97
-3310.16
-3311.34
-3312.53
-3313.72
-3314.9
-3316.09
-3317.27
-3318.46
-3319.65
-3320.83
-3322.02
-3323.2
-3324.39
-3325.58
-3326.76
-3327.95
-3329.13
-3330.32
-3331.51
-3332.69
-3333.88
-3335.07
-3336.25
-3337.44
-3338.63
-3339.81
-3341
-3342.19
-3343.37
-3344.56
-3345.75
-3346.93
-3348.12
-3349.31
-3350.49
-3351.68
-3352.87
-3354.05
-3355.24
-3356.43
-3357.61
-3358.8
-3359.99
-3361.17
-3362.36
-3363.55
-3364.74
-3365.92
-3367.11
-3368.3
-3369.48
-3370.67
-3371.86
-3373.05
-3374.23
-3375.42
-3376.61
-3377.8
-3378.98
-3380.17
-3381.36
-3382.55
-3383.73
-3384.92
-3386.11
-3387.3
-3388.48
-3389.67
-3390.86
-3392.05
-3393.24
-3394.42
-3395.61
-3396.8
-3397.99
-3399.17
-3400.36
-3401.55
-3402.74
-3403.93
-3405.11
-3406.3
-3407.49
-3408.68
-3409.87
-3411.06
-3412.24
-3413.43
-3414.62
-3415.81
-3417
-3418.19
-3419.37
-3420.56
-3421.75
-3422.94
-3424.13
-3425.32
-3426.51
-3427.69
-3428.88
-3430.07
-3431.26
-3432.45
-3433.64
-3434.83
-3436.02
-3437.2
-3438.39
-3439.58
-3440.77
-3441.96
-3443.15
-3444.34
-3445.53
-3446.72
-3447.91
-3449.09
-3450.28
-3451.47
-3452.66
-3453.85
-3455.04
-3456.23
-3457.42
-3458.61
-3459.8
-3460.99
-3462.18
-3463.37
-3464.56
-3465.75
-3466.93
-3468.12
-3469.31
-3470.5
-3471.69
-3472.88
-3474.07
-3475.26
-3476.45
-3477.64
-3478.83
-3480.02
-3481.21
-3482.4
-3483.59
-3484.78
-3485.97
-3487.16
-3488.35
-3489.54
-3490.73
-3491.92
-3493.11
-3494.3
-3495.49
-3496.68
-3497.87
-3499.06
-3500.25
-3501.45
-3502.64
-3503.83
-3505.02
-3506.21
-3507.4
-3508.59
-3509.78
-3510.97
-3512.16
-3513.35
-3514.54
-3515.73
-3516.92
-3518.11
-3519.31
-3520.5
-3521.69
-3522.88
-3524.07
-3525.26
-3526.45
-3527.64
-3528.83
-3530.02
-3531.22
-3532.41
-3533.6
-3534.79
-3535.98
-3537.17
-3538.36
-3539.55
-3540.75
-3541.94
-3543.13
-3544.32
-3545.51
-3546.7
-3547.89
-3549.09
-3550.28
-3551.47
-3552.66
-3553.85
-3555.04
-3556.24
-3557.43
-3558.62
-3559.81
-3561
-3562.19
-3563.39
-3564.58
-3565.77
-3566.96
-3568.15
-3569.35
-3570.54
-3571.73
-3572.92
-3574.11
-3575.31
-3576.5
-3577.69
-3578.88
-3580.08
-3581.27
-3582.46
-3583.65
-3584.85
-3586.04
-3587.23
-3588.42
-3589.62
-3590.81
-3592
-3593.19
-3594.39
-3595.58
-3596.77
-3597.96
-3599.16
-3600.35
-3601.54
-3602.74
-3603.93
-3605.12
-3606.31
-3607.51
-3608.7
-3609.89
-3611.09
-3612.28
-3613.47
-3614.67
-3615.86
-3617.05
-3618.25
-3619.44
-3620.63
-3621.82
-3623.02
-3624.21
-3625.41
-3626.6
-3627.79
-3628.99
-3630.18
-3631.37
-3632.57
-3633.76
-3634.95
-3636.15
-3637.34
-3638.53
-3639.73
-3640.92
-3642.12
-3643.31
-3644.5
-3645.7
-3646.89
-3648.08
-3649.28
-3650.47
-3651.67
-3652.86
-3654.06
-3655.25
-3656.44
-3657.64
-3658.83
-3660.03
-3661.22
-3662.41
-3663.61
-3664.8
-3666
-3667.19
-3668.39
-3669.58
-3670.78
-3671.97
-3673.16
-3674.36
-3675.55
-3676.75
-3677.94
-3679.14
-3680.33
-3681.53
-3682.72
-3683.92
-3685.11
-3686.31
-3687.5
-3688.7
-3689.89
-3691.09
-3692.28
-3693.48
-3694.67
-3695.87
-3697.06
-3698.26
-3699.45
-3700.65
-3701.84
-3703.04
-3704.23
-3705.43
-3706.62
-3707.82
-3709.01
-3710.21
-3711.4
-3712.6
-3713.8
-3714.99
-3716.19
-3717.38
-3718.58
-3719.77
-3720.97
-3722.16
-3723.36
-3724.56
-3725.75
-3726.95
-3728.14
-3729.34
-3730.54
-3731.73
-3732.93
-3734.12
-3735.32
-3736.52
-3737.71
-3738.91
-3740.1
-3741.3
-3742.5
-3743.69
-3744.89
-3746.08
-3747.28
-3748.48
-3749.67
-3750.87
-3752.07
-3753.26
-3754.46
-3755.66
-3756.85
-3758.05
-3759.25
-3760.44
-3761.64
-3762.84
-3764.03
-3765.23
-3766.43
-3767.62
-3768.82
-3770.02
-3771.21
-3772.41
-3773.61
-3774.8
-3776
-3777.2
-3778.4
-3779.59
-3780.79
-3781.99
-3783.18
-3784.38
-3785.58
-3786.78
-3787.97
-3789.17
-3790.37
-3791.56
-3792.76
-3793.96
-3795.16
-3796.35
-3797.55
-3798.75
-3799.95
-3801.14
-3802.34
-3803.54
-3804.74
-3805.93
-3807.13
-3808.33
-3809.53
-3810.73
-3811.92
-3813.12
-3814.32
-3815.52
-3816.72
-3817.91
-3819.11
-3820.31
-3821.51
-3822.71
-3823.9
-3825.1
-3826.3
-3827.5
-3828.7
-3829.89
-3831.09
-3832.29
-3833.49
-3834.69
-3835.89
-3837.08
-3838.28
-3839.48
-3840.68
-3841.88
-3843.08
-3844.28
-3845.47
-3846.67
-3847.87
-3849.07
-3850.27
-3851.47
-3852.67
-3853.87
-3855.06
-3856.26
-3857.46
-3858.66
-3859.86
-3861.06
-3862.26
-3863.46
-3864.66
-3865.86
-3867.06
-3868.25
-3869.45
-3870.65
-3871.85
-3873.05
-3874.25
-3875.45
-3876.65
-3877.85
-3879.05
-3880.25
-3881.45
-3882.65
-3883.85
-3885.05
-3886.25
-3887.45
-3888.64
-3889.84
-3891.04
-3892.24
-3893.44
-3894.64
-3895.84
-3897.04
-3898.24
-3899.44
-3900.64
-3901.84
-3903.04
-3904.24
-3905.44
-3906.64
-3907.84
-3909.04
-3910.24
-3911.44
-3912.64
-3913.84
-3915.04
-3916.24
-3917.44
-3918.65
-3919.85
-3921.05
-3922.25
-3923.45
-3924.65
-3925.85
-3927.05
-3928.25
-3929.45
-3930.65
-3931.85
-3933.05
-3934.25
-3935.45
-3936.65
-3937.86
-3939.06
-3940.26
-3941.46
-3942.66
-3943.86
-3945.06
-3946.26
-3947.46
-3948.66
-3949.86
-3951.07
-3952.27
-3953.47
-3954.67
-3955.87
-3957.07
-3958.27
-3959.47
-3960.68
-3961.88
-3963.08
-3964.28
-3965.48
-3966.68
-3967.88
-3969.09
-3970.29
-3971.49
-3972.69
-3973.89
-3975.09
-3976.3
-3977.5
-3978.7
-3979.9
-3981.1
-3982.31
-3983.51
-3984.71
-3985.91
-3987.11
-3988.32
-3989.52
-3990.72
-3991.92
-3993.12
-3994.33
-3995.53
-3996.73
-3997.93
-3999.13
-4000.34
-4001.54
-4002.74
-4003.94
-4005.15
-4006.35
-4007.55
-4008.75
-4009.96
-4011.16
-4012.36
-4013.56
-4014.77
-4015.97
-4017.17
-4018.37
-4019.58
-4020.78
-4021.98
-4023.19
-4024.39
-4025.59
-4026.79
-4028
-4029.2
-4030.4
-4031.61
-4032.81
-4034.01
-4035.22
-4036.42
-4037.62
-4038.82
-4040.03
-4041.23
-4042.43
-4043.64
-4044.84
-4046.04
-4047.25
-4048.45
-4049.66
-4050.86
-4052.06
-4053.27
-4054.47
-4055.67
-4056.88
-4058.08
-4059.28
-4060.49
-4061.69
-4062.89
-4064.1
-4065.3
-4066.51
-4067.71
-4068.91
-4070.12
-4071.32
-4072.53
-4073.73
-4074.93
-4076.14
-4077.34
-4078.55
-4079.75
-4080.95
-4082.16
-4083.36
-4084.57
-4085.77
-4086.98
-4088.18
-4089.38
-4090.59
-4091.79
-4093
-4094.2
-4095.41
-4096.61
-4097.82
-4099.02
-4100.23
-4101.43
-4102.63
-4103.84
-4105.04
-4106.25
-4107.45
-4108.66
-4109.86
-4111.07
-4112.27
-4113.48
-4114.68
-4115.89
-4117.09
-4118.3
-4119.5
-4120.71
-4121.91
-4123.12
-4124.32
-4125.53
-4126.73
-4127.94
-4129.15
-4130.35
-4131.56
-4132.76
-4133.97
-4135.17
-4136.38
-4137.58
-4138.79
-4139.99
-4141.2
-4142.41
-4143.61
-4144.82
-4146.02
-4147.23
-4148.43
-4149.64
-4150.85
-4152.05
-4153.26
-4154.46
-4155.67
-4156.88
-4158.08
-4159.29
-4160.49
-4161.7
-4162.91
-4164.11
-4165.32
-4166.52
-4167.73
-4168.94
-4170.14
-4171.35
-4172.56
-4173.76
-4174.97
-4176.17
-4177.38
-4178.59
-4179.79
-4181
-4182.21
-4183.41
-4184.62
-4185.83
-4187.03
-4188.24
-4189.45
-4190.65
-4191.86
-4193.07
-4194.27
-4195.48
-4196.69
-4197.89
-4199.1
-4200.31
-4201.52
-4202.72
-4203.93
-4205.14
-4206.34
-4207.55
-4208.76
-4209.97
-4211.17
-4212.38
-4213.59
-4214.79
-4216
-4217.21
-4218.42
-4219.62
-4220.83
-4222.04
-4223.25
-4224.45
-4225.66
-4226.87
-4228.08
-4229.28
-4230.49
-4231.7
-4232.91
-4234.11
-4235.32
-4236.53
-4237.74
-4238.95
-4240.15
-4241.36
-4242.57
-4243.78
-4244.99
-4246.19
-4247.4
-4248.61
-4249.82
-4251.03
-4252.23
-4253.44
-4254.65
-4255.86
-4257.07
-4258.28
-4259.48
-4260.69
-4261.9
-4263.11
-4264.32
-4265.53
-4266.74
-4267.94
-4269.15
-4270.36
-4271.57
-4272.78
-4273.99
-4275.2
-4276.4
-4277.61
-4278.82
-4280.03
-4281.24
-4282.45
-4283.66
-4284.87
-4286.08
-4287.28
-4288.49
-4289.7
-4290.91
-4292.12
-4293.33
-4294.54
-4295.75
-4296.96
-4298.17
-4299.38
-4300.58
-4301.79
-4303
-4304.21
-4305.42
-4306.63
-4307.84
-4309.05
-4310.26
-4311.47
-4312.68
-4313.89
-4315.1
-4316.31
-4317.52
-4318.73
-4319.94
-4321.15
-4322.36
-4323.57
-4324.78
-4325.99
-4327.2
-4328.41
-4329.62
-4330.83
-4332.04
-4333.25
-4334.46
-4335.67
-4336.88
-4338.09
-4339.3
-4340.51
-4341.72
-4342.93
-4344.14
-4345.35
-4346.56
-4347.77
-4348.98
-4350.19
-4351.4
-4352.61
-4353.82
-4355.03
-4356.24
-4357.45
-4358.66
-4359.87
-4361.09
-4362.3
-4363.51
-4364.72
-4365.93
-4367.14
-4368.35
-4369.56
-4370.77
-4371.98
-4373.19
-4374.41
-4375.62
-4376.83
-4378.04
-4379.25
-4380.46
-4381.67
-4382.88
-4384.09
-4385.31
-4386.52
-4387.73
-4388.94
-4390.15
-4391.36
-4392.57
-4393.78
-4395
-4396.21
-4397.42
-4398.63
-4399.84
-4401.05
-4402.27
-4403.48
-4404.69
-4405.9
-4407.11
-4408.32
-4409.54
-4410.75
-4411.96
-4413.17
-4414.38
-4415.6
-4416.81
-4418.02
-4419.23
-4420.44
-4421.66
-4422.87
-4424.08
-4425.29
-4426.5
-4427.72
-4428.93
-4430.14
-4431.35
-4432.57
-4433.78
-4434.99
-4436.2
-4437.42
-4438.63
-4439.84
-4441.05
-4442.27
-4443.48
-4444.69
-4445.9
-4447.12
-4448.33
-4449.54
-4450.75
-4451.97
-4453.18
-4454.39
-4455.61
-4456.82
-4458.03
-4459.24
-4460.46
-4461.67
-4462.88
-4464.1
-4465.31
-4466.52
-4467.74
-4468.95
-4470.16
-4471.38
-4472.59
-4473.8
-4475.02
-4476.23
-4477.44
-4478.66
-4479.87
-4481.08
-4482.3
-4483.51
-4484.72
-4485.94
-4487.15
-4488.36
-4489.58
-4490.79
-4492.01
-4493.22
-4494.43
-4495.65
-4496.86
-4498.07
-4499.29
-4500.5
-4501.72
-4502.93
-4504.14
-4505.36
-4506.57
-4507.79
-4509
-4510.21
-4511.43
-4512.64
-4513.86
-4515.07
-4516.29
-4517.5
-4518.71
-4519.93
-4521.14
-4522.36
-4523.57
-4524.79
-4526
-4527.22
-4528.43
-4529.64
-4530.86
-4532.07
-4533.29
-4534.5
-4535.72
-4536.93
-4538.15
-4539.36
-4540.58
-4541.79
-4543.01
-4544.22
-4545.44
-4546.65
-4547.87
-4549.08
-4550.3
-4551.51
-4552.73
-4553.94
-4555.16
-4556.37
-4557.59
-4558.8
-4560.02
-4561.23
-4562.45
-4563.66
-4564.88
-4566.09
-4567.31
-4568.53
-4569.74
-4570.96
-4572.17
-4573.39
-4574.6
-4575.82
-4577.03
-4578.25
-4579.47
-4580.68
-4581.9
-4583.11
-4584.33
-4585.54
-4586.76
-4587.98
-4589.19
-4590.41
-4591.62
-4592.84
-4594.06
-4595.27
-4596.49
-4597.7
-4598.92
-4600.14
-4601.35
-4602.57
-4603.79
-4605
-4606.22
-4607.43
-4608.65
-4609.87
-4611.08
-4612.3
-4613.52
-4614.73
-4615.95
-4617.17
-4618.38
-4619.6
-4620.82
-4622.03
-4623.25
-4624.47
-4625.68
-4626.9
-4628.12
-4629.33
-4630.55
-4631.77
-4632.98
-4634.2
-4635.42
-4636.64
-4637.85
-4639.07
-4640.29
-4641.5
-4642.72
-4643.94
-4645.16
-4646.37
-4647.59
-4648.81
-4650.02
-4651.24
-4652.46
-4653.68
-4654.89
-4656.11
-4657.33
-4658.55
-4659.76
-4660.98
-4662.2
-4663.42
-4664.63
-4665.85
-4667.07
-4668.29
-4669.51
-4670.72
-4671.94
-4673.16
-4674.38
-4675.59
-4676.81
-4678.03
-4679.25
-4680.47
-4681.68
-4682.9
-4684.12
-4685.34
-4686.56
-4687.77
-4688.99
-4690.21
-4691.43
-4692.65
-4693.87
-4695.08
-4696.3
-4697.52
-4698.74
-4699.96
-4701.18
-4702.4
-4703.61
-4704.83
-4706.05
-4707.27
-4708.49
-4709.71
-4710.93
-4712.14
-4713.36
-4714.58
-4715.8
-4717.02
-4718.24
-4719.46
-4720.68
-4721.89
-4723.11
-4724.33
-4725.55
-4726.77
-4727.99
-4729.21
-4730.43
-4731.65
-4732.87
-4734.09
-4735.31
-4736.52
-4737.74
-4738.96
-4740.18
-4741.4
-4742.62
-4743.84
-4745.06
-4746.28
-4747.5
-4748.72
-4749.94
-4751.16
-4752.38
-4753.6
-4754.82
-4756.04
-4757.26
-4758.48
-4759.7
-4760.92
-4762.14
-4763.36
-4764.58
-4765.8
-4767.02
-4768.24
-4769.46
-4770.68
-4771.9
-4773.12
-4774.34
-4775.56
-4776.78
-4778
-4779.22
-4780.44
-4781.66
-4782.88
-4784.1
-4785.32
-4786.54
-4787.76
-4788.98
-4790.2
-4791.42
-4792.64
-4793.86
-4795.08
-4796.3
-4797.52
-4798.74
-4799.96
-4801.19
-4802.41
-4803.63
-4804.85
-4806.07
-4807.29
-4808.51
-4809.73
-4810.95
-4812.17
-4813.39
-4814.62
-4815.84
-4817.06
-4818.28
-4819.5
-4820.72
-4821.94
-4823.16
-4824.38
-4825.61
-4826.83
-4828.05
-4829.27
-4830.49
-4831.71
-4832.93
-4834.16
-4835.38
-4836.6
-4837.82
-4839.04
-4840.26
-4841.49
-4842.71
-4843.93
-4845.15
-4846.37
-4847.59
-4848.82
-4850.04
-4851.26
-4852.48
-4853.7
-4854.93
-4856.15
-4857.37
-4858.59
-4859.81
-4861.04
-4862.26
-4863.48
-4864.7
-4865.92
-4867.15
-4868.37
-4869.59
-4870.81
-4872.04
-4873.26
-4874.48
-4875.7
-4876.93
-4878.15
-4879.37
-4880.59
-4881.82
-4883.04
-4884.26
-4885.48
-4886.71
-4887.93
-4889.15
-4890.37
-4891.6
-4892.82
-4894.04
-4895.27
-4896.49
-4897.71
-4898.93
-4900.16
-4901.38
-4902.6
-4903.83
-4905.05
-4906.27
-4907.5
-4908.72
-4909.94
-4911.16
-4912.39
-4913.61
-4914.83
-4916.06
-4917.28
-4918.5
-4919.73
-4920.95
-4922.17
-4923.4
-4924.62
-4925.85
-4927.07
-4928.29
-4929.52
-4930.74
-4931.96
-4933.19
-4934.41
-4935.63
-4936.86
-4938.08
-4939.31
-4940.53
-4941.75
-4942.98
-4944.2
-4945.43
-4946.65
-4947.87
-4949.1
-4950.32
-4951.55
-4952.77
-4953.99
-4955.22
-4956.44
-4957.67
-4958.89
-4960.12
-4961.34
-4962.56
-4963.79
-4965.01
-4966.24
-4967.46
-4968.69
-4969.91
-4971.14
-4972.36
-4973.58
-4974.81
-4976.03
-4977.26
-4978.48
-4979.71
-4980.93
-4982.16
-4983.38
-4984.61
-4985.83
-4987.06
-4988.28
-4989.51
-4990.73
-4991.96
-4993.18
-4994.41
-4995.63
-4996.86
-4998.08
-4999.31
-5000.53
-5001.76
-5002.98
-5004.21
-5005.43
-5006.66
-5007.88
-5009.11
-5010.34
-5011.56
-5012.79
-5014.01
-5015.24
-5016.46
-5017.69
-5018.91
-5020.14
-5021.37
-5022.59
-5023.82
-5025.04
-5026.27
-5027.49
-5028.72
-5029.95
-5031.17
-5032.4
-5033.62
-5034.85
-5036.08
-5037.3
-5038.53
-5039.75
-5040.98
-5042.21
-5043.43
-5044.66
-5045.88
-5047.11
-5048.34
-5049.56
-5050.79
-5052.02
-5053.24
-5054.47
-5055.7
-5056.92
-5058.15
-5059.37
-5060.6
-5061.83
-5063.05
-5064.28
-5065.51
-5066.73
-5067.96
-5069.19
-5070.41
-5071.64
-5072.87
-5074.1
-5075.32
-5076.55
-5077.78
-5079
-5080.23
-5081.46
-5082.68
-5083.91
-5085.14
-5086.36
-5087.59
-5088.82
-5090.05
-5091.27
-5092.5
-5093.73
-5094.96
-5096.18
-5097.41
-5098.64
-5099.86
-5101.09
-5102.32
-5103.55
-5104.77
-5106
-5107.23
-5108.46
-5109.69
-5110.91
-5112.14
-5113.37
-5114.6
-5115.82
-5117.05
-5118.28
-5119.51
-5120.74
-5121.96
-5123.19
-5124.42
-5125.65
-5126.87
-5128.1
-5129.33
-5130.56
-5131.79
-5133.02
-5134.24
-5135.47
-5136.7
-5137.93
-5139.16
-5140.38
-5141.61
-5142.84
-5144.07
-5145.3
-5146.53
-5147.76
-5148.98
-5150.21
-5151.44
-5152.67
-5153.9
-5155.13
-5156.36
-5157.58
-5158.81
-5160.04
-5161.27
-5162.5
-5163.73
-5164.96
-5166.19
-5167.41
-5168.64
-5169.87
-5171.1
-5172.33
-5173.56
-5174.79
-5176.02
-5177.25
-5178.48
-5179.7
-5180.93
-5182.16
-5183.39
-5184.62
-5185.85
-5187.08
-5188.31
-5189.54
-5190.77
-5192
-5193.23
-5194.46
-5195.69
-5196.92
-5198.15
-5199.38
-5200.6
-5201.83
-5203.06
-5204.29
-5205.52
-5206.75
-5207.98
-5209.21
-5210.44
-5211.67
-5212.9
-5214.13
-5215.36
-5216.59
-5217.82
-5219.05
-5220.28
-5221.51
-5222.74
-5223.97
-5225.2
-5226.43
-5227.66
-5228.89
-5230.12
-5231.35
-5232.58
-5233.82
-5235.05
-5236.28
-5237.51
-5238.74
-5239.97
-5241.2
-5242.43
-5243.66
-5244.89
-5246.12
-5247.35
-5248.58
-5249.81
-5251.04
-5252.27
-5253.5
-5254.74
-5255.97
-5257.2
-5258.43
-5259.66
-5260.89
-5262.12
-5263.35
-5264.58
-5265.81
-5267.05
-5268.28
-5269.51
-5270.74
-5271.97
-5273.2
-5274.43
-5275.66
-5276.89
-5278.13
-5279.36
-5280.59
-5281.82
-5283.05
-5284.28
-5285.51
-5286.75
-5287.98
-5289.21
-5290.44
-5291.67
-5292.9
-5294.14
-5295.37
-5296.6
-5297.83
-5299.06
-5300.29
-5301.53
-5302.76
-5303.99
-5305.22
-5306.45
-5307.69
-5308.92
-5310.15
-5311.38
-5312.61
-5313.85
-5315.08
-5316.31
-5317.54
-5318.78
-5320.01
-5321.24
-5322.47
-5323.7
-5324.94
-5326.17
-5327.4
-5328.63
-5329.87
-5331.1
-5332.33
-5333.56
-5334.8
-5336.03
-5337.26
-5338.49
-5339.73
-5340.96
-5342.19
-5343.43
-5344.66
-5345.89
-5347.12
-5348.36
-5349.59
-5350.82
-5352.06
-5353.29
-5354.52
-5355.75
-5356.99
-5358.22
-5359.45
-5360.69
-5361.92
-5363.15
-5364.39
-5365.62
-5366.85
-5368.09
-5369.32
-5370.55
-5371.79
-5373.02
-5374.25
-5375.49
-5376.72
-5377.95
-5379.19
-5380.42
-5381.65
-5382.89
-5384.12
-5385.36
-5386.59
-5387.82
-5389.06
-5390.29
-5391.52
-5392.76
-5393.99
-5395.23
-5396.46
-5397.69
-5398.93
-5400.16
-5401.4
-5402.63
-5403.86
-5405.1
-5406.33
-5407.57
-5408.8
-5410.03
-5411.27
-5412.5
-5413.74
-5414.97
-5416.21
-5417.44
-5418.67
-5419.91
-5421.14
-5422.38
-5423.61
-5424.85
-5426.08
-5427.32
-5428.55
-5429.79
-5431.02
-5432.25
-5433.49
-5434.72
-5435.96
-5437.19
-5438.43
-5439.66
-5440.9
-5442.13
-5443.37
-5444.6
-5445.84
-5447.07
-5448.31
-5449.54
-5450.78
-5452.01
-5453.25
-5454.48
-5455.72
-5456.95
-5458.19
-5459.42
-5460.66
-5461.9
-5463.13
-5464.37
-5465.6
-5466.84
-5468.07
-5469.31
-5470.54
-5471.78
-5473.01
-5474.25
-5475.49
-5476.72
-5477.96
-5479.19
-5480.43
-5481.66
-5482.9
-5484.14
-5485.37
-5486.61
-5487.84
-5489.08
-5490.32
-5491.55
-5492.79
-5494.02
-5495.26
-5496.5
-5497.73
-5498.97
-5500.2
-5501.44
-5502.68
-5503.91
-5505.15
-5506.38
-5507.62
-5508.86
-5510.09
-5511.33
-5512.57
-5513.8
-5515.04
-5516.28
-5517.51
-5518.75
-5519.99
-5521.22
-5522.46
-5523.7
-5524.93
-5526.17
-5527.41
-5528.64
-5529.88
-5531.12
-5532.35
-5533.59
-5534.83
-5536.06
-5537.3
-5538.54
-5539.77
-5541.01
-5542.25
-5543.49
-5544.72
-5545.96
-5547.2
-5548.43
-5549.67
-5550.91
-5552.15
-5553.38
-5554.62
-5555.86
-5557.1
-5558.33
-5559.57
-5560.81
-5562.05
-5563.28
-5564.52
-5565.76
-5567
-5568.23
-5569.47
-5570.71
-5571.95
-5573.18
-5574.42
-5575.66
-5576.9
-5578.14
-5579.37
-5580.61
-5581.85
-5583.09
-5584.32
-5585.56
-5586.8
-5588.04
-5589.28
-5590.52
-5591.75
-5592.99
-5594.23
-5595.47
-5596.71
-5597.94
-5599.18
-5600.42
-5601.66
-5602.9
-5604.14
-5605.37
-5606.61
-5607.85
-5609.09
-5610.33
-5611.57
-5612.81
-5614.04
-5615.28
-5616.52
-5617.76
-5619
-5620.24
-5621.48
-5622.72
-5623.95
-5625.19
-5626.43
-5627.67
-5628.91
-5630.15
-5631.39
-5632.63
-5633.87
-5635.1
-5636.34
-5637.58
-5638.82
-5640.06
-5641.3
-5642.54
-5643.78
-5645.02
-5646.26
-5647.5
-5648.74
-5649.98
-5651.21
-5652.45
-5653.69
-5654.93
-5656.17
-5657.41
-5658.65
-5659.89
-5661.13
-5662.37
-5663.61
-5664.85
-5666.09
-5667.33
-5668.57
-5669.81
-5671.05
-5672.29
-5673.53
-5674.77
-5676.01
-5677.25
-5678.49
-5679.73
-5680.97
-5682.21
-5683.45
-5684.69
-5685.93
-5687.17
-5688.41
-5689.65
-5690.89
-5692.13
-5693.37
-5694.61
-5695.85
-5697.09
-5698.33
-5699.57
-5700.81
-5702.05
-5703.29
-5704.53
-5705.77
-5707.01
-5708.26
-5709.5
-5710.74
-5711.98
-5713.22
-5714.46
-5715.7
-5716.94
-5718.18
-5719.42
-5720.66
-5721.9
-5723.14
-5724.39
-5725.63
-5726.87
-5728.11
-5729.35
-5730.59
-5731.83
-5733.07
-5734.31
-5735.56
-5736.8
-5738.04
-5739.28
-5740.52
-5741.76
-5743
-5744.24
-5745.49
-5746.73
-5747.97
-5749.21
-5750.45
-5751.69
-5752.94
-5754.18
-5755.42
-5756.66
-5757.9
-5759.14
-5760.38
-5761.63
-5762.87
-5764.11
-5765.35
-5766.59
-5767.84
-5769.08
-5770.32
-5771.56
-5772.8
-5774.05
-5775.29
-5776.53
-5777.77
-5779.01
-5780.26
-5781.5
-5782.74
-5783.98
-5785.22
-5786.47
-5787.71
-5788.95
-5790.19
-5791.44
-5792.68
-5793.92
-5795.16
-5796.41
-5797.65
-5798.89
-5800.13
-5801.38
-5802.62
-5803.86
-5805.1
-5806.35
-5807.59
-5808.83
-5810.08
-5811.32
-5812.56
-5813.8
-5815.05
-5816.29
-5817.53
-5818.78
-5820.02
-5821.26
-5822.5
-5823.75
-5824.99
-5826.23
-5827.48
-5828.72
-5829.96
-5831.21
-5832.45
-5833.69
-5834.94
-5836.18
-5837.42
-5838.67
-5839.91
-5841.15
-5842.4
-5843.64
-5844.88
-5846.13
-5847.37
-5848.61
-5849.86
-5851.1
-5852.34
-5853.59
-5854.83
-5856.08
-5857.32
-5858.56
-5859.81
-5861.05
-5862.3
-5863.54
-5864.78
-5866.03
-5867.27
-5868.51
-5869.76
-5871
-5872.25
-5873.49
-5874.74
-5875.98
-5877.22
-5878.47
-5879.71
-5880.96
-5882.2
-5883.44
-5884.69
-5885.93
-5887.18
-5888.42
-5889.67
-5890.91
-5892.16
-5893.4
-5894.64
-5895.89
-5897.13
-5898.38
-5899.62
-5900.87
-5902.11
-5903.36
-5904.6
-5905.85
-5907.09
-5908.34
-5909.58
-5910.83
-5912.07
-5913.32
-5914.56
-5915.81
-5917.05
-5918.3
-5919.54
-5920.79
-5922.03
-5923.28
-5924.52
-5925.77
-5927.01
-5928.26
-5929.5
-5930.75
-5931.99
-5933.24
-5934.48
-5935.73
-5936.97
-5938.22
-5939.47
-5940.71
-5941.96
-5943.2
-5944.45
-5945.69
-5946.94
-5948.18
-5949.43
-5950.68
-5951.92
-5953.17
-5954.41
-5955.66
-5956.91
-5958.15
-5959.4
-5960.64
-5961.89
-5963.13
-5964.38
-5965.63
-5966.87
-5968.12
-5969.37
-5970.61
-5971.86
-5973.1
-5974.35
-5975.6
-5976.84
-5978.09
-5979.33
-5980.58
-5981.83
-5983.07
-5984.32
-5985.57
-5986.81
-5988.06
-5989.31
-5990.55
-5991.8
-5993.05
-5994.29
-5995.54
-5996.79
-5998.03
-5999.28
-6000.53
-6001.77
-6003.02
-6004.27
-6005.51
-6006.76
-6008.01
-6009.25
-6010.5
-6011.75
-6013
-6014.24
-6015.49
-6016.74
-6017.98
-6019.23
-6020.48
-6021.73
-6022.97
-6024.22
-6025.47
-6026.71
-6027.96
-6029.21
-6030.46
-6031.7
-6032.95
-6034.2
-6035.45
-6036.69
-6037.94
-6039.19
-6040.44
-6041.68
-6042.93
-6044.18
-6045.43
-6046.67
-6047.92
-6049.17
-6050.42
-6051.67
-6052.91
-6054.16
-6055.41
-6056.66
-6057.9
-6059.15
-6060.4
-6061.65
-6062.9
-6064.15
-6065.39
-6066.64
-6067.89
-6069.14
-6070.39
-6071.63
-6072.88
-6074.13
-6075.38
-6076.63
-6077.88
-6079.12
-6080.37
-6081.62
-6082.87
-6084.12
-6085.37
-6086.61
-6087.86
-6089.11
-6090.36
-6091.61
-6092.86
-6094.11
-6095.36
-6096.6
-6097.85
-6099.1
-6100.35
-6101.6
-6102.85
-6104.1
-6105.35
-6106.59
-6107.84
-6109.09
-6110.34
-6111.59
-6112.84
-6114.09
-6115.34
-6116.59
-6117.84
-6119.09
-6120.34
-6121.58
-6122.83
-6124.08
-6125.33
-6126.58
-6127.83
-6129.08
-6130.33
-6131.58
-6132.83
-6134.08
-6135.33
-6136.58
-6137.83
-6139.08
-6140.33
-6141.58
-6142.83
-6144.08
-6145.33
-6146.57
-6147.82
-6149.07
-6150.32
-6151.57
-6152.82
-6154.07
-6155.32
-6156.57
-6157.82
-6159.07
-6160.32
-6161.57
-6162.82
-6164.07
-6165.32
-6166.57
-6167.82
-6169.08
-6170.33
-6171.58
-6172.83
-6174.08
-6175.33
-6176.58
-6177.83
-6179.08
-6180.33
-6181.58
-6182.83
-6184.08
-6185.33
-6186.58
-6187.83
-6189.08
-6190.33
-6191.58
-6192.83
-6194.09
-6195.34
-6196.59
-6197.84
-6199.09
-6200.34
-6201.59
-6202.84
-6204.09
-6205.34
-6206.59
-6207.85
-6209.1
-6210.35
-6211.6
-6212.85
-6214.1
-6215.35
-6216.6
-6217.85
-6219.11
-6220.36
-6221.61
-6222.86
-6224.11
-6225.36
-6226.61
-6227.86
-6229.12
-6230.37
-6231.62
-6232.87
-6234.12
-6235.37
-6236.63
-6237.88
-6239.13
-6240.38
-6241.63
-6242.88
-6244.14
-6245.39
-6246.64
-6247.89
-6249.14
-6250.4
-6251.65
-6252.9
-6254.15
-6255.4
-6256.66
-6257.91
-6259.16
-6260.41
-6261.66
-6262.92
-6264.17
-6265.42
-6266.67
-6267.92
-6269.18
-6270.43
-6271.68
-6272.93
-6274.19
-6275.44
-6276.69
-6277.94
-6279.2
-6280.45
-6281.7
-6282.95
-6284.21
-6285.46
-6286.71
-6287.96
-6289.22
-6290.47
-6291.72
-6292.97
-6294.23
-6295.48
-6296.73
-6297.99
-6299.24
-6300.49
-6301.74
-6303
-6304.25
-6305.5
-6306.76
-6308.01
-6309.26
-6310.52
-6311.77
-6313.02
-6314.28
-6315.53
-6316.78
-6318.04
-6319.29
-6320.54
-6321.8
-6323.05
-6324.3
-6325.56
-6326.81
-6328.06
-6329.32
-6330.57
-6331.82
-6333.08
-6334.33
-6335.58
-6336.84
-6338.09
-6339.34
-6340.6
-6341.85
-6343.11
-6344.36
-6345.61
-6346.87
-6348.12
-6349.38
-6350.63
-6351.88
-6353.14
-6354.39
-6355.65
-6356.9
-6358.15
-6359.41
-6360.66
-6361.92
-6363.17
-6364.42
-6365.68
-6366.93
-6368.19
-6369.44
-6370.7
-6371.95
-6373.2
-6374.46
-6375.71
-6376.97
-6378.22
-6379.48
-6380.73
-6381.99
-6383.24
-6384.49
-6385.75
-6387
-6388.26
-6389.51
-6390.77
-6392.02
-6393.28
-6394.53
-6395.79
-6397.04
-6398.3
-6399.55
-6400.81
-6402.06
-6403.32
-6404.57
-6405.83
-6407.08
-6408.34
-6409.59
-6410.85
-6412.1
-6413.36
-6414.61
-6415.87
-6417.12
-6418.38
-6419.63
-6420.89
-6422.14
-6423.4
-6424.66
-6425.91
-6427.17
-6428.42
-6429.68
-6430.93
-6432.19
-6433.44
-6434.7
-6435.96
-6437.21
-6438.47
-6439.72
-6440.98
-6442.23
-6443.49
-6444.75
-6446
-6447.26
-6448.51
-6449.77
-6451.02
-6452.28
-6453.54
-6454.79
-6456.05
-6457.31
-6458.56
-6459.82
-6461.07
-6462.33
-6463.59
-6464.84
-6466.1
-6467.35
-6468.61
-6469.87
-6471.12
-6472.38
-6473.64
-6474.89
-6476.15
-6477.41
-6478.66
-6479.92
-6481.18
-6482.43
-6483.69
-6484.94
-6486.2
-6487.46
-6488.71
-6489.97
-6491.23
-6492.49
-6493.74
-6495
-6496.26
-6497.51
-6498.77
-6500.03
-6501.28
-6502.54
-6503.8
-6505.05
-6506.31
-6507.57
-6508.83
-6510.08
-6511.34
-6512.6
-6513.85
-6515.11
-6516.37
-6517.63
-6518.88
-6520.14
-6521.4
-6522.66
-6523.91
-6525.17
-6526.43
-6527.68
-6528.94
-6530.2
-6531.46
-6532.71
-6533.97
-6535.23
-6536.49
-6537.75
-6539
-6540.26
-6541.52
-6542.78
-6544.03
-6545.29
-6546.55
-6547.81
-6549.07
-6550.32
-6551.58
-6552.84
-6554.1
-6555.36
-6556.61
-6557.87
-6559.13
-6560.39
-6561.65
-6562.9
-6564.16
-6565.42
-6566.68
-6567.94
-6569.2
-6570.45
-6571.71
-6572.97
-6574.23
-6575.49
-6576.75
-6578
-6579.26
-6580.52
-6581.78
-6583.04
-6584.3
-6585.56
-6586.81
-6588.07
-6589.33
-6590.59
-6591.85
-6593.11
-6594.37
-6595.63
-6596.88
-6598.14
-6599.4
-6600.66
-6601.92
-6603.18
-6604.44
-6605.7
-6606.96
-6608.21
-6609.47
-6610.73
-6611.99
-6613.25
-6614.51
-6615.77
-6617.03
-6618.29
-6619.55
-6620.81
-6622.07
-6623.33
-6624.58
-6625.84
-6627.1
-6628.36
-6629.62
-6630.88
-6632.14
-6633.4
-6634.66
-6635.92
-6637.18
-6638.44
-6639.7
-6640.96
-6642.22
-6643.48
-6644.74
-6646
-6647.26
-6648.52
-6649.78
-6651.04
-6652.3
-6653.56
-6654.82
-6656.08
-6657.34
-6658.6
-6659.86
-6661.12
-6662.38
-6663.64
-6664.9
-6666.16
-6667.42
-6668.68
-6669.94
-6671.2
-6672.46
-6673.72
-6674.98
-6676.24
-6677.5
-6678.76
-6680.02
-6681.28
-6682.54
-6683.8
-6685.06
-6686.32
-6687.59
-6688.85
-6690.11
-6691.37
-6692.63
-6693.89
-6695.15
-6696.41
-6697.67
-6698.93
-6700.19
-6701.45
-6702.71
-6703.98
-6705.24
-6706.5
-6707.76
-6709.02
-6710.28
-6711.54
-6712.8
-6714.06
-6715.33
-6716.59
-6717.85
-6719.11
-6720.37
-6721.63
-6722.89
-6724.15
-6725.42
-6726.68
-6727.94
-6729.2
-6730.46
-6731.72
-6732.98
-6734.25
-6735.51
-6736.77
-6738.03
-6739.29
-6740.55
-6741.82
-6743.08
-6744.34
-6745.6
-6746.86
-6748.12
-6749.39
-6750.65
-6751.91
-6753.17
-6754.43
-6755.7
-6756.96
-6758.22
-6759.48
-6760.74
-6762.01
-6763.27
-6764.53
-6765.79
-6767.05
-6768.32
-6769.58
-6770.84
-6772.1
-6773.37
-6774.63
-6775.89
-6777.15
-6778.41
-6779.68
-6780.94
-6782.2
-6783.46
-6784.73
-6785.99
-6787.25
-6788.51
-6789.78
-6791.04
-6792.3
-6793.57
-6794.83
-6796.09
-6797.35
-6798.62
-6799.88
-6801.14
-6802.4
-6803.67
-6804.93
-6806.19
-6807.46
-6808.72
-6809.98
-6811.25
-6812.51
-6813.77
-6815.03
-6816.3
-6817.56
-6818.82
-6820.09
-6821.35
-6822.61
-6823.88
-6825.14
-6826.4
-6827.67
-6828.93
-6830.19
-6831.46
-6832.72
-6833.98
-6835.25
-6836.51
-6837.77
-6839.04
-6840.3
-6841.57
-6842.83
-6844.09
-6845.36
-6846.62
-6847.88
-6849.15
-6850.41
-6851.67
-6852.94
-6854.2
-6855.47
-6856.73
-6857.99
-6859.26
-6860.52
-6861.79
-6863.05
-6864.31
-6865.58
-6866.84
-6868.11
-6869.37
-6870.63
-6871.9
-6873.16
-6874.43
-6875.69
-6876.96
-6878.22
-6879.48
-6880.75
-6882.01
-6883.28
-6884.54
-6885.81
-6887.07
-6888.34
-6889.6
-6890.86
-6892.13
-6893.39
-6894.66
-6895.92
-6897.19
-6898.45
-6899.72
-6900.98
-6902.25
-6903.51
-6904.78
-6906.04
-6907.31
-6908.57
-6909.84
-6911.1
-6912.37
-6913.63
-6914.9
-6916.16
-6917.43
-6918.69
-6919.96
-6921.22
-6922.49
-6923.75
-6925.02
-6926.28
-6927.55
-6928.81
-6930.08
-6931.34
-6932.61
-6933.87
-6935.14
-6936.4
-6937.67
-6938.94
-6940.2
-6941.47
-6942.73
-6944
-6945.26
-6946.53
-6947.79
-6949.06
-6950.33
-6951.59
-6952.86
-6954.12
-6955.39
-6956.65
-6957.92
-6959.19
-6960.45
-6961.72
-6962.98
-6964.25
-6965.52
-6966.78
-6968.05
-6969.31
-6970.58
-6971.85
-6973.11
-6974.38
-6975.64
-6976.91
-6978.18
-6979.44
-6980.71
-6981.98
-6983.24
-6984.51
-6985.77
-6987.04
-6988.31
-6989.57
-6990.84
-6992.11
-6993.37
-6994.64
-6995.91
-6997.17
-6998.44
-6999.71
-7000.97
-7002.24
-7003.51
-7004.77
-7006.04
-7007.31
-7008.57
-7009.84
-7011.11
-7012.37
-7013.64
-7014.91
-7016.17
-7017.44
-7018.71
-7019.98
-7021.24
-7022.51
-7023.78
-7025.04
-7026.31
-7027.58
-7028.85
-7030.11
-7031.38
-7032.65
-7033.91
-7035.18
-7036.45
-7037.72
-7038.98
-7040.25
-7041.52
-7042.79
-7044.05
-7045.32
-7046.59
-7047.86
-7049.12
-7050.39
-7051.66
-7052.93
-7054.19
-7055.46
-7056.73
-7058
-7059.26
-7060.53
-7061.8
-7063.07
-7064.34
-7065.6
-7066.87
-7068.14
-7069.41
-7070.68
-7071.94
-7073.21
-7074.48
-7075.75
-7077.02
-7078.28
-7079.55
-7080.82
-7082.09
-7083.36
-7084.62
-7085.89
-7087.16
-7088.43
-7089.7
-7090.97
-7092.23
-7093.5
-7094.77
-7096.04
-7097.31
-7098.58
-7099.85
-7101.11
-7102.38
-7103.65
-7104.92
-7106.19
-7107.46
-7108.73
-7109.99
-7111.26
-7112.53
-7113.8
-7115.07
-7116.34
-7117.61
-7118.88
-7120.14
-7121.41
-7122.68
-7123.95
-7125.22
-7126.49
-7127.76
-7129.03
-7130.3
-7131.57
-7132.83
-7134.1
-7135.37
-7136.64
-7137.91
-7139.18
-7140.45
-7141.72
-7142.99
-7144.26
-7145.53
-7146.8
-7148.07
-7149.34
-7150.6
-7151.87
-7153.14
-7154.41
-7155.68
-7156.95
-7158.22
-7159.49
-7160.76
-7162.03
-7163.3
-7164.57
-7165.84
-7167.11
-7168.38
-7169.65
-7170.92
-7172.19
-7173.46
-7174.73
-7176
-7177.27
-7178.54
-7179.81
-7181.08
-7182.35
-7183.62
-7184.89
-7186.16
-7187.43
-7188.7
-7189.97
-7191.24
-7192.51
-7193.78
-7195.05
-7196.32
-7197.59
-7198.86
-7200.13
-7201.4
-7202.67
-7203.94
-7205.21
-7206.48
-7207.75
-7209.02
-7210.3
-7211.57
-7212.84
-7214.11
-7215.38
-7216.65
-7217.92
-7219.19
-7220.46
-7221.73
-7223
-7224.27
-7225.54
-7226.81
-7228.09
-7229.36
-7230.63
-7231.9
-7233.17
-7234.44
-7235.71
-7236.98
-7238.25
-7239.52
-7240.8
-7242.07
-7243.34
-7244.61
-7245.88
-7247.15
-7248.42
-7249.69
-7250.97
-7252.24
-7253.51
-7254.78
-7256.05
-7257.32
-7258.59
-7259.87
-7261.14
-7262.41
-7263.68
-7264.95
-7266.22
-7267.49
-7268.77
-7270.04
-7271.31
-7272.58
-7273.85
-7275.12
-7276.4
-7277.67
-7278.94
-7280.21
-7281.48
-7282.76
-7284.03
-7285.3
-7286.57
-7287.84
-7289.12
-7290.39
-7291.66
-7292.93
-7294.2
-7295.48
-7296.75
-7298.02
-7299.29
-7300.56
-7301.84
-7303.11
-7304.38
-7305.65
-7306.93
-7308.2
-7309.47
-7310.74
-7312.02
-7313.29
-7314.56
-7315.83
-7317.11
-7318.38
-7319.65
-7320.92
-7322.2
-7323.47
-7324.74
-7326.01
-7327.29
-7328.56
-7329.83
-7331.1
-7332.38
-7333.65
-7334.92
-7336.2
-7337.47
-7338.74
-7340.01
-7341.29
-7342.56
-7343.83
-7345.11
-7346.38
-7347.65
-7348.93
-7350.2
-7351.47
-7352.75
-7354.02
-7355.29
-7356.57
-7357.84
-7359.11
-7360.38
-7361.66
-7362.93
-7364.2
-7365.48
-7366.75
-7368.03
-7369.3
-7370.57
-7371.85
-7373.12
-7374.39
-7375.67
-7376.94
-7378.21
-7379.49
-7380.76
-7382.03
-7383.31
-7384.58
-7385.86
-7387.13
-7388.4
-7389.68
-7390.95
-7392.22
-7393.5
-7394.77
-7396.05
-7397.32
-7398.59
-7399.87
-7401.14
-7402.42
-7403.69
-7404.96
-7406.24
-7407.51
-7408.79
-7410.06
-7411.34
-7412.61
-7413.88
-7415.16
-7416.43
-7417.71
-7418.98
-7420.26
-7421.53
-7422.8
-7424.08
-7425.35
-7426.63
-7427.9
-7429.18
-7430.45
-7431.73
-7433
-7434.28
-7435.55
-7436.82
-7438.1
-7439.37
-7440.65
-7441.92
-7443.2
-7444.47
-7445.75
-7447.02
-7448.3
-7449.57
-7450.85
-7452.12
-7453.4
-7454.67
-7455.95
-7457.22
-7458.5
-7459.77
