14.7389
14.5315
14.3241
14.1167
13.9092
13.7017
13.4941
13.2865
13.0789
12.8713
12.6637
12.456
12.2482
12.0405
11.8327
11.6249
11.4171
11.2092
11.0013
10.7934
10.5854
10.3774
10.1694
9.96137
9.7533
9.54519
9.33706
9.1289
8.9207
8.71248
8.50422
8.29594
8.08763
7.87929
7.67092
7.46252
7.25408
7.04562
6.83713
6.62861
6.42006
6.21149
6.00288
5.79424
5.58557
5.37687
5.16815
4.95939
4.7506
4.54179
4.33294
4.12407
3.91516
3.70623
3.49726
3.28827
3.07925
2.87019
2.66111
2.452
2.24286
2.03368
1.82448
1.61525
1.40599
1.1967
0.987383
0.778033
0.568655
0.359246
0.149808
-0.0596598
-0.269157
-0.478684
-0.688241
-0.897827
-1.10744
-1.31709
-1.52676
-1.73647
-1.9462
-2.15597
-2.36576
-2.57558
-2.78544
-2.99532
-3.20523
-3.41517
-3.62514
-3.83515
-4.04518
-4.25524
-4.46533
-4.67545
-4.88559
-5.09577
-5.30598
-5.51622
-5.72649
-5.93678
-6.14711
-6.35747
-6.56785
-6.77827
-6.98872
-7.19919
-7.40969
-7.62023
-7.83079
-8.04139
-8.25201
-8.46266
-8.67334
-8.88406
-9.0948
-9.30557
-9.51637
-9.7272
-9.93806
-10.149
-10.3599
-10.5708
-10.7818
-10.9928
-11.2038
-11.4149
-11.626
-11.8371
-12.0483
-12.2595
-12.4707
-12.6819
-12.8932
-13.1045
-13.3159
-13.5272
-13.7386
-13.95
-14.1615
-14.373
-14.5845
-14.796
-15.0076
-15.2192
-15.4308
-15.6425
-15.8542
-16.0659
-16.2776
-16.4894
-16.7012
-16.9131
-17.1249
-17.3368
-17.5488
-17.7607
-17.9727
-18.1847
-18.3968
-18.6088
-18.8209
-19.0331
-19.2452
-19.4574
-19.6696
-19.8819
-20.0942
-20.3065
-20.5188
-20.7312
-20.9436
-21.156
-21.3685
-21.581
-21.7935
-22.006
-22.2186
-22.4312
-22.6439
-22.8565
-23.0692
-23.282
-23.4947
-23.7075
-23.9203
-24.1332
-24.346
-24.5589
-24.7719
-24.9848
-25.1978
-25.4108
-25.6239
-25.837
-26.0501
-26.2632
-26.4764
-26.6896
-26.9028
-27.1161
-27.3294
-27.5427
-27.756
-27.9694
-28.1828
-28.3963
-28.6097
-28.8232
-29.0368
-29.2503
-29.4639
-29.6775
-29.8912
-30.1048
-30.3185
-30.5323
-30.746
-30.9598
-31.1736
-31.3875
-31.6014
-31.8153
-32.0292
-32.2432
-32.4572
-32.6712
-32.8853
-33.0994
-33.3135
-33.5276
-33.7418
-33.956
-34.1703
-34.3845
-34.5988
-34.8131
-35.0275
-35.2419
-35.4563
-35.6707
-35.8852
-36.0997
-36.3143
-36.5288
-36.7434
-36.958
-37.1727
-37.3874
-37.6021
-37.8168
-38.0316
-38.2464
-38.4612
-38.6761
-38.891
-39.1059
-39.3208
-39.5358
-39.7508
-39.9658
-40.1809
-40.396
-40.6111
-40.8263
-41.0415
-41.2567
-41.4719
-41.6872
-41.9025
-42.1178
-42.3332
-42.5486
-42.764
-42.9795
-43.1949
-43.4104
-43.626
-43.8416
-44.0572
-44.2728
-44.4884
-44.7041
-44.9198
-45.1356
-45.3514
-45.5672
-45.783
-45.9989
-46.2148
-46.4307
-46.6466
-46.8626
-47.0786
-47.2947
-47.5108
-47.7269
-47.943
-48.1592
-48.3753
-48.5916
-48.8078
-49.0241
-49.2404
-49.4567
-49.6731
-49.8895
-50.1059
-50.3224
-50.5389
-50.7554
-50.9719
-51.1885
-51.4051
-51.6218
-51.8384
-52.0551
-52.2718
-52.4886
-52.7054
-52.9222
-53.139
-53.3559
-53.5728
-53.7897
-54.0067
-54.2237
-54.4407
-54.6578
-54.8748
-55.0919
-55.3091
-55.5262
-55.7434
-55.9607
-56.1779
-56.3952
-56.6125
-56.8299
-57.0473
-57.2647
-57.4821
-57.6996
-57.917
-58.1346
-58.3521
-58.5697
-58.7873
-59.005
-59.2226
-59.4403
-59.6581
-59.8758
-60.0936
-60.3114
-60.5293
-60.7472
-60.9651
-61.183
-61.401
-61.619
-61.837
-62.0551
-62.2731
-62.4913
-62.7094
-62.9276
-63.1458
-63.364
-63.5823
-63.8006
-64.0189
-64.2372
-64.4556
-64.674
-64.8925
-65.1109
-65.3294
-65.548
-65.7665
-65.9851
-66.2037
-66.4224
-66.6411
-66.8598
-67.0785
-67.2973
-67.5161
-67.7349
-67.9538
-68.1726
-68.3916
-68.6105
-68.8295
-69.0485
-69.2675
-69.4866
-69.7057
-69.9248
-70.1439
-70.3631
-70.5823
-70.8016
-71.0208
-71.2401
-71.4595
-71.6788
-71.8982
-72.1176
-72.3371
-72.5565
-72.7761
-72.9956
-73.2152
-73.4348
-73.6544
-73.874
-74.0937
-74.3134
-74.5332
-74.7529
-74.9727
-75.1926
-75.4124
-75.6323
-75.8523
-76.0722
-76.2922
-76.5122
-76.7322
-76.9523
-77.1724
-77.3925
-77.6127
-77.8329
-78.0531
-78.2733
-78.4936
-78.7139
-78.9343
-79.1546
-79.375
-79.5954
-79.8159
-80.0364
-80.2569
-80.4774
-80.698
-80.9186
-81.1392
-81.3599
-81.5806
-81.8013
-82.0221
-82.2428
-82.4636
-82.6845
-82.9053
-83.1262
-83.3472
-83.5681
-83.7891
-84.0101
-84.2312
-84.4523
-84.6734
-84.8945
-85.1157
-85.3368
-85.5581
-85.7793
-86.0006
-86.2219
-86.4433
-86.6646
-86.886
-87.1075
-87.3289
-87.5504
-87.7719
-87.9935
-88.2151
-88.4367
-88.6583
-88.88
-89.1017
-89.3234
-89.5451
-89.7669
-89.9887
-90.2106
-90.4325
-90.6544
-90.8763
-91.0983
-91.3203
-91.5423
-91.7643
-91.9864
-92.2085
-92.4307
-92.6528
-92.875
-93.0973
-93.3195
-93.5418
-93.7641
-93.9865
-94.2089
-94.4313
-94.6537
-94.8762
-95.0987
-95.3212
-95.5437
-95.7663
-95.9889
-96.2116
-96.4343
-96.657
-96.8797
-97.1025
-97.3252
-97.5481
-97.7709
-97.9938
-98.2167
-98.4396
-98.6626
-98.8856
-99.1086
-99.3317
-99.5548
-99.7779
-100.001
-100.224
-100.447
-100.671
-100.894
-101.117
-101.341
-101.564
-101.787
-102.011
-102.234
-102.458
-102.681
-102.905
-103.128
-103.352
-103.575
-103.799
-104.023
-104.246
-104.47
-104.694
-104.918
-105.142
-105.365
-105.589
-105.813
-106.037
-106.261
-106.485
-106.709
-106.933
-107.157
-107.381
-107.606
-107.83
-108.054
-108.278
-108.503
-108.727
-108.951
-109.176
-109.4
-109.624
-109.849
-110.073
-110.298
-110.522
-110.747
-110.971
-111.196
-111.421
-111.645
-111.87
-112.095
-112.32
-112.544
-112.769
-112.994
-113.219
-113.444
-113.669
-113.894
-114.119
-114.344
-114.569
-114.794
-115.019
-115.244
-115.47
-115.695
-115.92
-116.145
-116.371
-116.596
-116.821
-117.047
-117.272
-117.498
-117.723
-117.949
-118.174
-118.4
-118.625
-118.851
-119.077
-119.302
-119.528
-119.754
-119.98
-120.205
-120.431
-120.657
-120.883
-121.109
-121.335
-121.561
-121.787
-122.013
-122.239
-122.465
-122.691
-122.917
-123.144
-123.37
-123.596
-123.822
-124.049
-124.275
-124.501
-124.728
-124.954
-125.181
-125.407
-125.634
-125.86
-126.087
-126.313
-126.54
-126.767
-126.993
-127.22
-127.447
-127.674
-127.901
-128.127
-128.354
-128.581
-128.808
-129.035
-129.262
-129.489
-129.716
-129.943
-130.17
-130.397
-130.625
-130.852
-131.079
-131.306
-131.534
-131.761
-131.988
-132.216
-132.443
-132.67
-132.898
-133.125
-133.353
-133.58
-133.808
-134.036
-134.263
-134.491
-134.719
-134.946
-135.174
-135.402
-135.63
-135.858
-136.086
-136.313
-136.541
-136.769
-136.997
-137.225
-137.453
-137.682
-137.91
-138.138
-138.366
-138.594
-138.822
-139.051
-139.279
-139.507
-139.736
-139.964
-140.192
-140.421
-140.649
-140.878
-141.106
-141.335
-141.564
-141.792
-142.021
-142.249
-142.478
-142.707
-142.936
-143.164
-143.393
-143.622
-143.851
-144.08
-144.309
-144.538
-144.767
-144.996
-145.225
-145.454
-145.683
-145.912
-146.142
-146.371
-146.6
-146.829
-147.059
-147.288
-147.517
-147.747
-147.976
-148.205
-148.435
-148.664
-148.894
-149.124
-149.353
-149.583
-149.812
-150.042
-150.272
-150.502
-150.731
-150.961
-151.191
-151.421
-151.651
-151.881
-152.111
-152.341
-152.571
-152.801
-153.031
-153.261
-153.491
-153.721
-153.951
-154.181
-154.412
-154.642
-154.872
-155.103
-155.333
-155.563
-155.794
-156.024
-156.255
-156.485
-156.716
-156.946
-157.177
-157.408
-157.638
-157.869
-158.1
-158.33
-158.561
-158.792
-159.023
-159.254
-159.485
-159.716
-159.947
-160.177
-160.408
-160.64
-160.871
-161.102
-161.333
-161.564
-161.795
-162.026
-162.258
-162.489
-162.72
-162.952
-163.183
-163.414
-163.646
-163.877
-164.109
-164.34
-164.572
-164.803
-165.035
-165.267
-165.498
-165.73
-165.962
-166.193
-166.425
-166.657
-166.889
-167.121
-167.353
-167.585
-167.817
-168.049
-168.281
-168.513
-168.745
-168.977
-169.209
-169.441
-169.673
-169.906
-170.138
-170.37
-170.602
-170.835
-171.067
-171.3
-171.532
-171.764
-171.997
-172.229
-172.462
-172.695
-172.927
-173.16
-173.392
-173.625
-173.858
-174.091
-174.323
-174.556
-174.789
-175.022
-175.255
-175.488
-175.721
-175.954
-176.187
-176.42
-176.653
-176.886
-177.119
-177.352
-177.586
-177.819
-178.052
-178.285
-178.519
-178.752
-178.985
-179.219
-179.452
-179.686
-179.919
-180.153
-180.386
-180.62
-180.854
-181.087
-181.321
-181.555
-181.788
-182.022
-182.256
-182.49
-182.723
-182.957
-183.191
-183.425
-183.659
-183.893
-184.127
-184.361
-184.595
-184.829
-185.064
-185.298
-185.532
-185.766
-186.001
-186.235
-186.469
-186.704
-186.938
-187.172
-187.407
-187.641
-187.876
-188.11
-188.345
-188.579
-188.814
-189.049
-189.283
-189.518
-189.753
-189.988
-190.222
-190.457
-190.692
-190.927
-191.162
-191.397
-191.632
-191.867
-192.102
-192.337
-192.572
-192.807
-193.042
-193.277
-193.513
-193.748
-193.983
-194.218
-194.454
-194.689
-194.925
-195.16
-195.395
-195.631
-195.866
-196.102
-196.337
-196.573
-196.809
-197.044
-197.28
-197.516
-197.751
-197.987
-198.223
-198.459
-198.695
-198.931
-199.167
-199.403
-199.639
-199.875
-200.111
-200.347
-200.583
-200.819
-201.055
-201.291
-201.527
-201.764
-202
-202.236
-202.473
-202.709
-202.945
-203.182
-203.418
-203.655
-203.891
-204.128
-204.364
-204.601
-204.838
-205.074
-205.311
-205.548
-205.784
-206.021
-206.258
-206.495
-206.732
-206.969
-207.205
-207.442
-207.679
-207.916
-208.153
-208.391
-208.628
-208.865
-209.102
-209.339
-209.576
-209.814
-210.051
-210.288
-210.526
-210.763
-211
-211.238
-211.475
-211.713
-211.95
-212.188
-212.425
-212.663
-212.901
-213.138
-213.376
-213.614
-213.851
-214.089
-214.327
-214.565
-214.803
-215.041
-215.278
-215.516
-215.754
-215.992
-216.231
-216.469
-216.707
-216.945
-217.183
-217.421
-217.659
-217.898
-218.136
-218.374
-218.613
-218.851
-219.089
-219.328
-219.566
-219.805
-220.043
-220.282
-220.52
-220.759
-220.998
-221.236
-221.475
-221.714
-221.953
-222.191
-222.43
-222.669
-222.908
-223.147
-223.386
-223.625
-223.864
-224.103
-224.342
-224.581
-224.82
-225.059
-225.298
-225.537
-225.777
-226.016
-226.255
-226.495
-226.734
-226.973
-227.213
-227.452
-227.692
-227.931
-228.171
-228.41
-228.65
-228.889
-229.129
-229.369
-229.608
-229.848
-230.088
-230.328
-230.567
-230.807
-231.047
-231.287
-231.527
-231.767
-232.007
-232.247
-232.487
-232.727
-232.967
-233.207
-233.448
-233.688
-233.928
-234.168
-234.409
-234.649
-234.889
-235.13
-235.37
-235.61
-235.851
-236.091
-236.332
-236.573
-236.813
-237.054
-237.294
-237.535
-237.776
-238.017
-238.257
-238.498
-238.739
-238.98
-239.221
-239.462
-239.702
-239.943
-240.184
-240.425
-240.667
-240.908
-241.149
-241.39
-241.631
-241.872
-242.114
-242.355
-242.596
-242.837
-243.079
-243.32
-243.562
-243.803
-244.045
-244.286
-244.528
-244.769
-245.011
-245.252
-245.494
-245.736
-245.977
-246.219
-246.461
-246.703
-246.944
-247.186
-247.428
-247.67
-247.912
-248.154
-248.396
-248.638
-248.88
-249.122
-249.364
-249.607
-249.849
-250.091
-250.333
-250.575
-250.818
-251.06
-251.302
-251.545
-251.787
-252.03
-252.272
-252.515
-252.757
-253
-253.242
-253.485
-253.728
-253.97
-254.213
-254.456
-254.699
-254.941
-255.184
-255.427
-255.67
-255.913
-256.156
-256.399
-256.642
-256.885
-257.128
-257.371
-257.614
-257.857
-258.101
-258.344
-258.587
-258.83
-259.074
-259.317
-259.56
-259.804
-260.047
-260.291
-260.534
-260.778
-261.021
-261.265
-261.508
-261.752
-261.996
-262.239
-262.483
-262.727
-262.97
-263.214
-263.458
-263.702
-263.946
-264.19
-264.434
-264.678
-264.922
-265.166
-265.41
-265.654
-265.898
-266.142
-266.386
-266.631
-266.875
-267.119
-267.363
-267.608
-267.852
-268.097
-268.341
-268.585
-268.83
-269.074
-269.319
-269.564
-269.808
-270.053
-270.297
-270.542
-270.787
-271.032
-271.276
-271.521
-271.766
-272.011
-272.256
-272.501
-272.746
-272.991
-273.236
-273.481
-273.726
-273.971
-274.216
-274.461
-274.706
-274.952
-275.197
-275.442
-275.688
-275.933
-276.178
-276.424
-276.669
-276.915
-277.16
-277.406
-277.651
-277.897
-278.142
-278.388
-278.634
-278.879
-279.125
-279.371
-279.617
-279.862
-280.108
-280.354
-280.6
-280.846
-281.092
-281.338
-281.584
-281.83
-282.076
-282.322
-282.568
-282.814
-283.061
-283.307
-283.553
-283.799
-284.046
-284.292
-284.538
-284.785
-285.031
-285.278
-285.524
-285.771
-286.017
-286.264
-286.51
-286.757
-287.004
-287.25
-287.497
-287.744
-287.991
-288.238
-288.484
-288.731
-288.978
-289.225
-289.472
-289.719
-289.966
-290.213
-290.46
-290.707
-290.954
-291.202
-291.449
-291.696
-291.943
-292.191
-292.438
-292.685
-292.933
-293.18
-293.428
-293.675
-293.922
-294.17
-294.418
-294.665
-294.913
-295.16
-295.408
-295.656
-295.904
-296.151
-296.399
-296.647
-296.895
-297.143
-297.391
-297.638
-297.886
-298.134
-298.382
-298.631
-298.879
-299.127
-299.375
-299.623
-299.871
-300.119
-300.368
-300.616
-300.864
-301.113
-301.361
-301.609
-301.858
-302.106
-302.355
-302.603
-302.852
-303.101
-303.349
-303.598
-303.847
-304.095
-304.344
-304.593
-304.842
-305.09
-305.339
-305.588
-305.837
-306.086
-306.335
-306.584
-306.833
-307.082
-307.331
-307.58
-307.829
-308.079
-308.328
-308.577
-308.826
-309.076
-309.325
-309.574
-309.824
-310.073
-310.322
-310.572
-310.821
-311.071
-311.32
-311.57
-311.82
-312.069
-312.319
-312.569
-312.818
-313.068
-313.318
-313.568
-313.818
-314.068
-314.318
-314.567
-314.817
-315.067
-315.317
-315.568
-315.818
-316.068
-316.318
-316.568
-316.818
-317.069
-317.319
-317.569
-317.819
-318.07
-318.32
-318.571
-318.821
-319.072
-319.322
-319.573
-319.823
-320.074
-320.324
-320.575
-320.826
-321.076
-321.327
-321.578
-321.829
-322.08
-322.33
-322.581
-322.832
-323.083
-323.334
-323.585
-323.836
-324.087
-324.338
-324.589
-324.841
-325.092
-325.343
-325.594
-325.845
-326.097
-326.348
-326.599
-326.851
-327.102
-327.354
-327.605
-327.857
-328.108
-328.36
-328.611
-328.863
-329.115
-329.366
-329.618
-329.87
-330.122
-330.373
-330.625
-330.877
-331.129
-331.381
-331.633
-331.885
-332.137
-332.389
-332.641
-332.893
-333.145
-333.397
-333.65
-333.902
-334.154
-334.406
-334.659
-334.911
-335.163
-335.416
-335.668
-335.921
-336.173
-336.426
-336.678
-336.931
-337.183
-337.436
-337.688
-337.941
-338.194
-338.447
-338.699
-338.952
-339.205
-339.458
-339.711
-339.964
-340.217
-340.47
-340.723
-340.976
-341.229
-341.482
-341.735
-341.988
-342.241
-342.495
-342.748
-343.001
-343.254
-343.508
-343.761
-344.015
-344.268
-344.521
-344.775
-345.028
-345.282
-345.535
-345.789
-346.043
-346.296
-346.55
-346.804
-347.058
-347.311
-347.565
-347.819
-348.073
-348.327
-348.581
-348.835
-349.089
-349.343
-349.597
-349.851
-350.105
-350.359
-350.613
-350.867
-351.122
-351.376
-351.63
-351.884
-352.139
-352.393
-352.647
-352.902
-353.156
-353.411
-353.665
-353.92
-354.174
-354.429
-354.684
-354.938
-355.193
-355.448
-355.703
-355.957
-356.212
-356.467
-356.722
-356.977
-357.232
-357.487
-357.742
-357.997
-358.252
-358.507
-358.762
-359.017
-359.272
-359.527
-359.783
-360.038
-360.293
-360.548
-360.804
-361.059
-361.314
-361.57
-361.825
-362.081
-362.336
-362.592
-362.847
-363.103
-363.359
-363.614
-363.87
-364.126
-364.382
-364.637
-364.893
-365.149
-365.405
-365.661
-365.917
-366.173
-366.429
-366.685
-366.941
-367.197
-367.453
-367.709
-367.965
-368.221
-368.478
-368.734
-368.99
-369.246
-369.503
-369.759
-370.016
-370.272
-370.528
-370.785
-371.041
-371.298
-371.555
-371.811
-372.068
-372.324
-372.581
-372.838
-373.095
-373.351
-373.608
-373.865
-374.122
-374.379
-374.636
-374.893
-375.15
-375.407
-375.664
-375.921
-376.178
-376.435
-376.692
-376.95
-377.207
-377.464
-377.721
-377.979
-378.236
-378.493
-378.751
-379.008
-379.266
-379.523
-379.781
-380.038
-380.296
-380.553
-380.811
-381.069
-381.326
-381.584
-381.842
-382.1
-382.357
-382.615
-382.873
-383.131
-383.389
-383.647
-383.905
-384.163
-384.421
-384.679
-384.937
-385.195
-385.454
-385.712
-385.97
-386.228
-386.486
-386.745
-387.003
-387.262
-387.52
-387.778
-388.037
-388.295
-388.554
-388.812
-389.071
-389.33
-389.588
-389.847
-390.106
-390.364
-390.623
-390.882
-391.141
-391.4
-391.658
-391.917
-392.176
-392.435
-392.694
-392.953
-393.212
-393.471
-393.73
-393.99
-394.249
-394.508
-394.767
-395.026
-395.286
-395.545
-395.804
-396.064
-396.323
-396.583
-396.842
-397.102
-397.361
-397.621
-397.88
-398.14
-398.4
-398.659
-398.919
-399.179
-399.438
-399.698
-399.958
-400.218
-400.478
-400.738
-400.998
-401.258
-401.517
-401.778
-402.038
-402.298
-402.558
-402.818
-403.078
-403.338
-403.599
-403.859
-404.119
-404.379
-404.64
-404.9
-405.161
-405.421
-405.681
-405.942
-406.202
-406.463
-406.724
-406.984
-407.245
-407.506
-407.766
-408.027
-408.288
-408.548
-408.809
-409.07
-409.331
-409.592
-409.853
-410.114
-410.375
-410.636
-410.897
-411.158
-411.419
-411.68
-411.941
-412.203
-412.464
-412.725
-412.986
-413.248
-413.509
-413.77
-414.032
-414.293
-414.555
-414.816
-415.078
-415.339
-415.601
-415.863
-416.124
-416.386
-416.648
-416.909
-417.171
-417.433
-417.695
-417.957
-418.218
-418.48
-418.742
-419.004
-419.266
-419.528
-419.79
-420.052
-420.314
-420.577
-420.839
-421.101
-421.363
-421.626
-421.888
-422.15
-422.412
-422.675
-422.937
-423.2
-423.462
-423.725
-423.987
-424.25
-424.512
-424.775
-425.038
-425.3
-425.563
-425.826
-426.088
-426.351
-426.614
-426.877
-427.14
-427.403
-427.666
-427.929
-428.192
-428.455
-428.718
-428.981
-429.244
-429.507
-429.77
-430.033
-430.297
-430.56
-430.823
-431.087
-431.35
-431.613
-431.877
-432.14
-432.404
-432.667
-432.931
-433.194
-433.458
-433.721
-433.985
-434.249
-434.512
-434.776
-435.04
-435.304
-435.568
-435.831
-436.095
-436.359
-436.623
-436.887
-437.151
-437.415
-437.679
-437.943
-438.207
-438.472
-438.736
-439
-439.264
-439.528
-439.793
-440.057
-440.321
-440.586
-440.85
-441.115
-441.379
-441.644
-441.908
-442.173
-442.437
-442.702
-442.966
-443.231
-443.496
-443.761
-444.025
-444.29
-444.555
-444.82
-445.085
-445.35
-445.615
-445.88
-446.145
-446.41
-446.675
-446.94
-447.205
-447.47
-447.735
-448
-448.266
-448.531
-448.796
-449.061
-449.327
-449.592
-449.858
-450.123
-450.389
-450.654
-450.92
-451.185
-451.451
-451.716
-451.982
-452.248
-452.513
-452.779
-453.045
-453.311
-453.576
-453.842
-454.108
-454.374
-454.64
-454.906
-455.172
-455.438
-455.704
-455.97
-456.236
-456.502
-456.769
-457.035
-457.301
-457.567
-457.834
-458.1
-458.366
-458.633
-458.899
-459.166
-459.432
-459.698
-459.965
-460.232
-460.498
-460.765
-461.031
-461.298
-461.565
-461.832
-462.098
-462.365
-462.632
-462.899
-463.166
-463.433
-463.7
-463.966
-464.233
-464.501
-464.768
-465.035
-465.302
-465.569
-465.836
-466.103
-466.371
-466.638
-466.905
-467.172
-467.44
-467.707
-467.975
-468.242
-468.509
-468.777
-469.045
-469.312
-469.58
-469.847
-470.115
-470.383
-470.65
-470.918
-471.186
-471.454
-471.721
-471.989
-472.257
-472.525
-472.793
-473.061
-473.329
-473.597
-473.865
-474.133
-474.401
-474.669
-474.938
-475.206
-475.474
-475.742
-476.011
-476.279
-476.547
-476.816
-477.084
-477.353
-477.621
-477.889
-478.158
-478.427
-478.695
-478.964
-479.232
-479.501
-479.77
-480.039
-480.307
-480.576
-480.845
-481.114
-481.383
-481.652
-481.921
-482.189
-482.458
-482.728
-482.997
-483.266
-483.535
-483.804
-484.073
-484.342
-484.612
-484.881
-485.15
-485.419
-485.689
-485.958
-486.228
-486.497
-486.766
-487.036
-487.305
-487.575
-487.845
-488.114
-488.384
-488.654
-488.923
-489.193
-489.463
-489.733
-490.002
-490.272
-490.542
-490.812
-491.082
-491.352
-491.622
-491.892
-492.162
-492.432
-492.702
-492.972
-493.243
-493.513
-493.783
-494.053
-494.324
-494.594
-494.864
-495.135
-495.405
-495.675
-495.946
-496.216
-496.487
-496.758
-497.028
-497.299
-497.569
-497.84
-498.111
-498.381
-498.652
-498.923
-499.194
-499.465
-499.736
-500.007
-500.277
-500.548
-500.819
-501.09
-501.362
-501.633
-501.904
-502.175
-502.446
-502.717
-502.988
-503.26
-503.531
-503.802
-504.074
-504.345
-504.616
-504.888
-505.159
-505.431
-505.702
-505.974
-506.246
-506.517
-506.789
-507.06
-507.332
-507.604
-507.876
-508.147
-508.419
-508.691
-508.963
-509.235
-509.507
-509.779
-510.051
-510.323
-510.595
-510.867
-511.139
-511.411
-511.683
-511.956
-512.228
-512.5
-512.772
-513.045
-513.317
-513.59
-513.862
-514.134
-514.407
-514.679
-514.952
-515.224
-515.497
-515.77
-516.042
-516.315
-516.588
-516.86
-517.133
-517.406
-517.679
-517.952
-518.224
-518.497
-518.77
-519.043
-519.316
-519.589
-519.862
-520.135
-520.409
-520.682
-520.955
-521.228
-521.501
-521.775
-522.048
-522.321
-522.595
-522.868
-523.141
-523.415
-523.688
-523.962
-524.235
-524.509
-524.782
-525.056
-525.33
-525.603
-525.877
-526.151
-526.425
-526.698
-526.972
-527.246
-527.52
-527.794
-528.068
-528.342
-528.616
-528.89
-529.164
-529.438
-529.712
-529.986
-530.26
-530.534
-530.809
-531.083
-531.357
-531.632
-531.906
-532.18
-532.455
-532.729
-533.004
-533.278
-533.553
-533.827
-534.102
-534.376
-534.651
-534.926
-535.2
-535.475
-535.75
-536.025
-536.299
-536.574
-536.849
-537.124
-537.399
-537.674
-537.949
-538.224
-538.499
-538.774
-539.049
-539.324
-539.6
-539.875
-540.15
-540.425
-540.701
-540.976
-541.251
-541.527
-541.802
-542.077
-542.353
-542.628
-542.904
-543.179
-543.455
-543.731
-544.006
-544.282
-544.558
-544.833
-545.109
-545.385
-545.661
-545.937
-546.212
-546.488
-546.764
-547.04
-547.316
-547.592
-547.868
-548.144
-548.421
-548.697
-548.973
-549.249
-549.525
-549.802
-550.078
-550.354
-550.63
-550.907
-551.183
-551.46
-551.736
-552.013
-552.289
-552.566
-552.842
-553.119
-553.396
-553.672
-553.949
-554.226
-554.502
-554.779
-555.056
-555.333
-555.61
-555.887
-556.164
-556.441
-556.718
-556.995
-557.272
-557.549
-557.826
-558.103
-558.38
-558.657
-558.934
-559.212
-559.489
-559.766
-560.044
-560.321
-560.598
-560.876
-561.153
-561.431
-561.708
-561.986
-562.263
-562.541
-562.819
-563.096
-563.374
-563.652
-563.93
-564.207
-564.485
-564.763
-565.041
-565.319
-565.597
-565.875
-566.153
-566.431
-566.709
-566.987
-567.265
-567.543
-567.821
-568.099
-568.378
-568.656
-568.934
-569.212
-569.491
-569.769
-570.048
-570.326
-570.604
-570.883
-571.162
-571.44
-571.719
-571.997
-572.276
-572.555
-572.833
-573.112
-573.391
-573.669
-573.948
-574.227
-574.506
-574.785
-575.064
-575.343
-575.622
-575.901
-576.18
-576.459
-576.738
-577.017
-577.296
-577.576
-577.855
-578.134
-578.413
-578.693
-578.972
-579.251
-579.531
-579.81
-580.09
-580.369
-580.649
-580.928
-581.208
-581.487
-581.767
-582.047
-582.326
-582.606
-582.886
-583.166
-583.445
-583.725
-584.005
-584.285
-584.565
-584.845
-585.125
-585.405
-585.685
-585.965
-586.245
-586.525
-586.805
-587.086
-587.366
-587.646
-587.926
-588.207
-588.487
-588.767
-589.048
-589.328
-589.609
-589.889
-590.17
-590.45
-590.731
-591.011
-591.292
-591.573
-591.853
-592.134
-592.415
-592.695
-592.976
-593.257
-593.538
-593.819
-594.1
-594.381
-594.662
-594.943
-595.224
-595.505
-595.786
-596.067
-596.348
-596.629
-596.911
-597.192
-597.473
-597.754
-598.036
-598.317
-598.599
-598.88
-599.161
-599.443
-599.724
-600.006
-600.288
-600.569
-600.851
-601.132
-601.414
-601.696
-601.978
-602.259
-602.541
-602.823
-603.105
-603.387
-603.669
-603.951
-604.233
-604.515
-604.797
-605.079
-605.361
-605.643
-605.925
-606.207
-606.489
-606.772
-607.054
-607.336
-607.619
-607.901
-608.183
-608.466
-608.748
-609.031
-609.313
-609.596
-609.878
-610.161
-610.444
-610.726
-611.009
-611.292
-611.574
-611.857
-612.14
-612.423
-612.706
-612.988
-613.271
-613.554
-613.837
-614.12
-614.403
-614.686
-614.97
-615.253
-615.536
-615.819
-616.102
-616.385
-616.669
-616.952
-617.235
-617.519
-617.802
-618.085
-618.369
-618.652
-618.936
-619.219
-619.503
-619.787
-620.07
-620.354
-620.638
-620.921
-621.205
-621.489
-621.773
-622.056
-622.34
-622.624
-622.908
-623.192
-623.476
-623.76
-624.044
-624.328
-624.612
-624.896
-625.18
-625.465
-625.749
-626.033
-626.317
-626.602
-626.886
-627.17
-627.455
-627.739
-628.024
-628.308
-628.592
-628.877
-629.162
-629.446
-629.731
-630.015
-630.3
-630.585
-630.87
-631.154
-631.439
-631.724
-632.009
-632.294
-632.579
-632.864
-633.148
-633.433
-633.719
-634.004
-634.289
-634.574
-634.859
-635.144
-635.429
-635.715
-636
-636.285
-636.57
-636.856
-637.141
-637.427
-637.712
-637.997
-638.283
-638.568
-638.854
-639.14
-639.425
-639.711
-639.997
-640.282
-640.568
-640.854
-641.14
-641.425
-641.711
-641.997
-642.283
-642.569
-642.855
-643.141
-643.427
-643.713
-643.999
-644.285
-644.571
-644.857
-645.144
-645.43
-645.716
-646.002
-646.289
-646.575
-646.861
-647.148
-647.434
-647.721
-648.007
-648.294
-648.58
-648.867
-649.154
-649.44
-649.727
-650.014
-650.3
-650.587
-650.874
-651.161
-651.447
-651.734
-652.021
-652.308
-652.595
-652.882
-653.169
-653.456
-653.743
-654.03
-654.318
-654.605
-654.892
-655.179
-655.466
-655.754
-656.041
-656.328
-656.616
-656.903
-657.191
-657.478
-657.765
-658.053
-658.341
-658.628
-658.916
-659.203
-659.491
-659.779
-660.066
-660.354
-660.642
-660.93
-661.218
-661.505
-661.793
-662.081
-662.369
-662.657
-662.945
-663.233
-663.521
-663.809
-664.098
-664.386
-664.674
-664.962
-665.25
-665.539
-665.827
-666.115
-666.404
-666.692
-666.981
-667.269
-667.557
-667.846
-668.135
-668.423
-668.712
-669
-669.289
-669.578
-669.866
-670.155
-670.444
-670.733
-671.022
-671.31
-671.599
-671.888
-672.177
-672.466
-672.755
-673.044
-673.333
-673.622
-673.912
-674.201
-674.49
-674.779
-675.068
-675.358
-675.647
-675.936
-676.226
-676.515
-676.804
-677.094
-677.383
-677.673
-677.962
-678.252
-678.542
-678.831
-679.121
-679.411
-679.7
-679.99
-680.28
-680.57
-680.859
-681.149
-681.439
-681.729
-682.019
-682.309
-682.599
-682.889
-683.179
-683.469
-683.759
-684.05
-684.34
-684.63
-684.92
-685.21
-685.501
-685.791
-686.081
-686.372
-686.662
-686.953
-687.243
-687.534
-687.824
-688.115
-688.405
-688.696
-688.987
-689.277
-689.568
-689.859
-690.149
-690.44
-690.731
-691.022
-691.313
-691.604
-691.895
-692.186
-692.477
-692.768
-693.059
-693.35
-693.641
-693.932
-694.223
-694.515
-694.806
-695.097
-695.388
-695.68
-695.971
-696.262
-696.554
-696.845
-697.137
-697.428
-697.72
-698.011
-698.303
-698.594
-698.886
-699.178
-699.469
-699.761
-700.053
-700.345
-700.637
-700.928
-701.22
-701.512
-701.804
-702.096
-702.388
-702.68
-702.972
-703.264
-703.556
-703.849
-704.141
-704.433
-704.725
-705.017
-705.31
-705.602
-705.894
-706.187
-706.479
-706.772
-707.064
-707.357
-707.649
-707.942
-708.234
-708.527
-708.819
-709.112
-709.405
-709.698
-709.99
-710.283
-710.576
-710.869
-711.162
-711.455
-711.747
-712.04
-712.333
-712.626
-712.919
-713.213
-713.506
-713.799
-714.092
-714.385
-714.678
-714.972
-715.265
-715.558
-715.852
-716.145
-716.438
-716.732
-717.025
-717.319
-717.612
-717.906
-718.199
-718.493
-718.787
-719.08
-719.374
-719.668
-719.961
-720.255
-720.549
-720.843
-721.137
-721.431
-721.725
-722.019
-722.313
-722.607
-722.901
-723.195
-723.489
-723.783
-724.077
-724.371
-724.665
-724.96
-725.254
-725.548
-725.843
-726.137
-726.431
-726.726
-727.02
-727.315
-727.609
-727.904
-728.198
-728.493
-728.788
-729.082
-729.377
-729.672
-729.966
-730.261
-730.556
-730.851
-731.146
-731.441
-731.735
-732.03
-732.325
-732.62
-732.915
-733.211
-733.506
-733.801
-734.096
-734.391
-734.686
-734.982
-735.277
-735.572
-735.867
-736.163
-736.458
-736.754
-737.049
-737.345
-737.64
-737.936
-738.231
-738.527
-738.822
-739.118
-739.414
-739.709
-740.005
-740.301
-740.597
-740.892
-741.188
-741.484
-741.78
-742.076
-742.372
-742.668
-742.964
-743.26
-743.556
-743.852
-744.149
-744.445
-744.741
-745.037
-745.333
-745.63
-745.926
-746.222
-746.519
-746.815
-747.112
-747.408
-747.705
-748.001
-748.298
-748.594
-748.891
-749.188
-749.484
-749.781
-750.078
-750.374
-750.671
-750.968
-751.265
-751.562
-751.859
-752.156
-752.453
-752.75
-753.047
-753.344
-753.641
-753.938
-754.235
-754.532
-754.829
-755.127
-755.424
-755.721
-756.018
-756.316
-756.613
-756.911
-757.208
-757.505
-757.803
-758.1
-758.398
-758.696
-758.993
-759.291
-759.588
-759.886
-760.184
-760.482
-760.779
-761.077
-761.375
-761.673
-761.971
-762.269
-762.567
-762.865
-763.163
-763.461
-763.759
-764.057
-764.355
-764.653
-764.951
-765.25
-765.548
-765.846
-766.145
-766.443
-766.741
-767.04
-767.338
-767.637
-767.935
-768.234
-768.532
-768.831
-769.129
-769.428
-769.727
-770.025
-770.324
-770.623
-770.921
-771.22
-771.519
-771.818
-772.117
-772.416
-772.715
-773.014
-773.313
-773.612
-773.911
-774.21
-774.509
-774.808
-775.107
-775.407
-775.706
-776.005
-776.304
-776.604
-776.903
-777.202
-777.502
-777.801
-778.101
-778.4
-778.7
-778.999
-779.299
-779.599
-779.898
-780.198
-780.498
-780.797
-781.097
-781.397
-781.697
-781.997
-782.297
-782.597
-782.896
-783.196
-783.496
-783.796
-784.097
-784.397
-784.697
-784.997
-785.297
-785.597
-785.897
-786.198
-786.498
-786.798
-787.099
-787.399
-787.7
-788
-788.3
-788.601
-788.901
-789.202
-789.503
-789.803
-790.104
-790.405
-790.705
-791.006
-791.307
-791.608
-791.908
-792.209
-792.51
-792.811
-793.112
-793.413
-793.714
-794.015
-794.316
-794.617
-794.918
-795.219
-795.52
-795.822
-796.123
-796.424
-796.725
-797.027
-797.328
-797.629
-797.931
-798.232
-798.534
-798.835
-799.137
-799.438
-799.74
-800.042
-800.343
-800.645
-800.947
-801.248
-801.55
-801.852
-802.154
-802.455
-802.757
-803.059
-803.361
-803.663
-803.965
-804.267
-804.569
-804.871
-805.173
-805.475
-805.778
-806.08
-806.382
-806.684
-806.987
-807.289
-807.591
-807.894
-808.196
-808.498
-808.801
-809.103
-809.406
-809.708
-810.011
-810.314
-810.616
-810.919
-811.221
-811.524
-811.827
-812.13
-812.433
-812.735
-813.038
-813.341
-813.644
-813.947
-814.25
-814.553
-814.856
-815.159
-815.462
-815.765
-816.068
-816.372
-816.675
-816.978
-817.281
-817.585
-817.888
-818.191
-818.495
-818.798
-819.102
-819.405
-819.709
-820.012
-820.316
-820.619
-820.923
-821.226
-821.53
-821.834
-822.138
-822.441
-822.745
-823.049
-823.353
-823.657
-823.961
-824.265
-824.569
-824.873
-825.177
-825.481
-825.785
-826.089
-826.393
-826.697
-827.001
-827.306
-827.61
-827.914
-828.218
-828.523
-828.827
-829.132
-829.436
-829.74
-830.045
-830.35
-830.654
-830.959
-831.263
-831.568
-831.873
-832.177
-832.482
-832.787
-833.092
-833.396
-833.701
-834.006
-834.311
-834.616
-834.921
-835.226
-835.531
-835.836
-836.141
-836.446
-836.751
-837.056
-837.362
-837.667
-837.972
-838.277
-838.583
-838.888
-839.193
-839.499
-839.804
-840.11
-840.415
-840.721
-841.026
-841.332
-841.637
-841.943
-842.249
-842.554
-842.86
-843.166
-843.472
-843.777
-844.083
-844.389
-844.695
-845.001
-845.307
-845.613
-845.919
-846.225
-846.531
-846.837
-847.143
-847.449
-847.755
-848.062
-848.368
-848.674
-848.981
-849.287
-849.593
-849.9
-850.206
-850.512
-850.819
-851.125
-851.432
-851.739
-852.045
-852.352
-852.658
-852.965
-853.272
-853.579
-853.885
-854.192
-854.499
-854.806
-855.113
-855.42
-855.726
-856.033
-856.34
-856.647
-856.955
-857.262
-857.569
-857.876
-858.183
-858.49
-858.798
-859.105
-859.412
-859.719
-860.027
-860.334
-860.642
-860.949
-861.256
-861.564
-861.871
-862.179
-862.487
-862.794
-863.102
-863.409
-863.717
-864.025
-864.333
-864.64
-864.948
-865.256
-865.564
-865.872
-866.18
-866.488
-866.796
-867.104
-867.412
-867.72
-868.028
-868.336
-868.644
-868.953
-869.261
-869.569
-869.877
-870.186
-870.494
-870.802
-871.111
-871.419
-871.728
-872.036
-872.345
-872.653
-872.962
-873.27
-873.579
-873.888
-874.196
-874.505
-874.814
-875.122
-875.431
-875.74
-876.049
-876.358
-876.667
-876.976
-877.285
-877.594
-877.903
-878.212
-878.521
-878.83
-879.139
-879.448
-879.758
-880.067
-880.376
-880.685
-880.995
-881.304
-881.613
-881.923
-882.232
-882.542
-882.851
-883.161
-883.47
-883.78
-884.09
-884.399
-884.709
-885.019
-885.328
-885.638
-885.948
-886.258
-886.568
-886.877
-887.187
-887.497
-887.807
-888.117
-888.427
-888.737
-889.047
-889.358
-889.668
-889.978
-890.288
-890.598
-890.909
-891.219
-891.529
-891.84
-892.15
-892.46
-892.771
-893.081
-893.392
-893.702
-894.013
-894.323
-894.634
-894.945
-895.255
-895.566
-895.877
-896.187
-896.498
-896.809
-897.12
-897.431
-897.742
-898.053
-898.364
-898.675
-898.986
-899.297
-899.608
-899.919
-900.23
-900.541
-900.852
-901.163
-901.475
-901.786
-902.097
-902.409
-902.72
-903.031
-903.343
-903.654
-903.966
-904.277
-904.589
-904.9
-905.212
-905.524
-905.835
-906.147
-906.459
-906.77
-907.082
-907.394
-907.706
-908.018
-908.329
-908.641
-908.953
-909.265
-909.577
-909.889
-910.201
-910.514
-910.826
-911.138
-911.45
-911.762
-912.074
-912.387
-912.699
-913.011
-913.324
-913.636
-913.948
-914.261
-914.573
-914.886
-915.198
-915.511
-915.823
-916.136
-916.449
-916.761
-917.074
-917.387
-917.7
-918.012
-918.325
-918.638
-918.951
-919.264
-919.577
-919.89
-920.203
-920.516
-920.829
-921.142
-921.455
-921.768
-922.081
-922.394
-922.708
-923.021
-923.334
-923.648
-923.961
-924.274
-924.588
-924.901
-925.215
-925.528
-925.842
-926.155
-926.469
-926.782
-927.096
-927.41
-927.723
-928.037
-928.351
-928.664
-928.978
-929.292
-929.606
-929.92
-930.234
-930.548
-930.862
-931.176
-931.49
-931.804
-932.118
-932.432
-932.746
-933.06
-933.375
-933.689
-934.003
-934.317
-934.632
-934.946
-935.26
-935.575
-935.889
-936.204
-936.518
-936.833
-937.147
-937.462
-937.777
-938.091
-938.406
-938.721
-939.035
-939.35
-939.665
-939.98
-940.295
-940.609
-940.924
-941.239
-941.554
-941.869
-942.184
-942.499
-942.814
-943.13
-943.445
-943.76
-944.075
-944.39
-944.706
-945.021
-945.336
-945.651
-945.967
-946.282
-946.598
-946.913
-947.229
-947.544
-947.86
-948.175
-948.491
-948.807
-949.122
-949.438
-949.754
-950.069
-950.385
-950.701
-951.017
-951.333
-951.649
-951.964
-952.28
-952.596
-952.912
-953.228
-953.545
-953.861
-954.177
-954.493
-954.809
-955.125
-955.442
-955.758
-956.074
-956.39
-956.707
-957.023
-957.34
-957.656
-957.973
-958.289
-958.606
-958.922
-959.239
-959.555
-959.872
-960.189
-960.505
-960.822
-961.139
-961.456
-961.773
-962.089
-962.406
-962.723
-963.04
-963.357
-963.674
-963.991
-964.308
-964.625
-964.942
-965.259
-965.577
-965.894
-966.211
-966.528
-966.846
-967.163
-967.48
-967.798
-968.115
-968.433
-968.75
-969.067
-969.385
-969.703
-970.02
-970.338
-970.655
-970.973
-971.291
-971.608
-971.926
-972.244
-972.562
-972.88
-973.198
-973.515
-973.833
-974.151
-974.469
-974.787
-975.105
-975.423
-975.741
-976.06
-976.378
-976.696
-977.014
-977.332
-977.651
-977.969
-978.287
-978.606
-978.924
-979.243
-979.561
-979.879
-980.198
-980.516
-980.835
-981.154
-981.472
-981.791
-982.11
-982.428
-982.747
-983.066
-983.385
-983.703
-984.022
-984.341
-984.66
-984.979
-985.298
-985.617
-985.936
-986.255
-986.574
-986.893
-987.212
-987.532
-987.851
-988.17
-988.489
-988.809
-989.128
-989.447
-989.767
-990.086
-990.405
-990.725
-991.044
-991.364
-991.683
-992.003
-992.323
-992.642
-992.962
-993.282
-993.601
-993.921
-994.241
-994.561
-994.881
-995.2
-995.52
-995.84
-996.16
-996.48
-996.8
-997.12
-997.44
-997.76
-998.081
-998.401
-998.721
-999.041
-999.361
-999.682
-1000
-1000.32
-1000.64
-1000.96
-1001.28
-1001.6
-1001.92
-1002.24
-1002.57
-1002.89
-1003.21
-1003.53
-1003.85
-1004.17
-1004.49
-1004.81
-1005.13
-1005.45
-1005.77
-1006.09
-1006.41
-1006.73
-1007.06
-1007.38
-1007.7
-1008.02
-1008.34
-1008.66
-1008.98
-1009.3
-1009.62
-1009.95
-1010.27
-1010.59
-1010.91
-1011.23
-1011.55
-1011.87
-1012.19
-1012.52
-1012.84
-1013.16
-1013.48
-1013.8
-1014.12
-1014.45
-1014.77
-1015.09
-1015.41
-1015.73
-1016.05
-1016.38
-1016.7
-1017.02
-1017.34
-1017.66
-1017.99
-1018.31
-1018.63
-1018.95
-1019.27
-1019.6
-1019.92
-1020.24
-1020.56
-1020.88
-1021.21
-1021.53
-1021.85
-1022.17
-1022.5
-1022.82
-1023.14
-1023.46
-1023.78
-1024.11
-1024.43
-1024.75
-1025.07
-1025.4
-1025.72
-1026.04
-1026.37
-1026.69
-1027.01
-1027.33
-1027.66
-1027.98
-1028.3
-1028.62
-1028.95
-1029.27
-1029.59
-1029.92
-1030.24
-1030.56
-1030.89
-1031.21
-1031.53
-1031.86
-1032.18
-1032.5
-1032.82
-1033.15
-1033.47
-1033.79
-1034.12
-1034.44
-1034.77
-1035.09
-1035.41
-1035.74
-1036.06
-1036.38
-1036.71
-1037.03
-1037.35
-1037.68
-1038
-1038.32
-1038.65
-1038.97
-1039.3
-1039.62
-1039.94
-1040.27
-1040.59
-1040.92
-1041.24
-1041.56
-1041.89
-1042.21
-1042.54
-1042.86
-1043.18
-1043.51
-1043.83
-1044.16
-1044.48
-1044.81
-1045.13
-1045.45
-1045.78
-1046.1
-1046.43
-1046.75
-1047.08
-1047.4
-1047.73
-1048.05
-1048.38
-1048.7
-1049.02
-1049.35
-1049.67
-1050
-1050.32
-1050.65
-1050.97
-1051.3
-1051.62
-1051.95
-1052.27
-1052.6
-1052.92
-1053.25
-1053.57
-1053.9
-1054.22
-1054.55
-1054.87
-1055.2
-1055.52
-1055.85
-1056.18
-1056.5
-1056.83
-1057.15
-1057.48
-1057.8
-1058.13
-1058.45
-1058.78
-1059.1
-1059.43
-1059.76
-1060.08
-1060.41
-1060.73
-1061.06
-1061.38
-1061.71
-1062.04
-1062.36
-1062.69
-1063.01
-1063.34
-1063.67
-1063.99
-1064.32
-1064.64
-1064.97
-1065.3
-1065.62
-1065.95
-1066.28
-1066.6
-1066.93
-1067.25
-1067.58
-1067.91
-1068.23
-1068.56
-1068.89
-1069.21
-1069.54
-1069.87
-1070.19
-1070.52
-1070.85
-1071.17
-1071.5
-1071.83
-1072.15
-1072.48
-1072.81
-1073.13
-1073.46
-1073.79
-1074.11
-1074.44
-1074.77
-1075.09
-1075.42
-1075.75
-1076.08
-1076.4
-1076.73
-1077.06
-1077.38
-1077.71
-1078.04
-1078.37
-1078.69
-1079.02
-1079.35
-1079.68
-1080
-1080.33
-1080.66
-1080.99
-1081.31
-1081.64
-1081.97
-1082.3
-1082.62
-1082.95
-1083.28
-1083.61
-1083.93
-1084.26
-1084.59
-1084.92
-1085.25
-1085.57
-1085.9
-1086.23
-1086.56
-1086.89
-1087.21
-1087.54
-1087.87
-1088.2
-1088.53
-1088.86
-1089.18
-1089.51
-1089.84
-1090.17
-1090.5
-1090.82
-1091.15
-1091.48
-1091.81
-1092.14
-1092.47
-1092.8
-1093.12
-1093.45
-1093.78
-1094.11
-1094.44
-1094.77
-1095.1
-1095.43
-1095.75
-1096.08
-1096.41
-1096.74
-1097.07
-1097.4
-1097.73
-1098.06
-1098.39
-1098.72
-1099.04
-1099.37
-1099.7
-1100.03
-1100.36
-1100.69
-1101.02
-1101.35
-1101.68
-1102.01
-1102.34
-1102.67
-1103
-1103.33
-1103.66
-1103.98
-1104.31
-1104.64
-1104.97
-1105.3
-1105.63
-1105.96
-1106.29
-1106.62
-1106.95
-1107.28
-1107.61
-1107.94
-1108.27
-1108.6
-1108.93
-1109.26
-1109.59
-1109.92
-1110.25
-1110.58
-1110.91
-1111.24
-1111.57
-1111.9
-1112.23
-1112.56
-1112.89
-1113.22
-1113.55
-1113.88
-1114.22
-1114.55
-1114.88
-1115.21
-1115.54
-1115.87
-1116.2
-1116.53
-1116.86
-1117.19
-1117.52
-1117.85
-1118.18
-1118.51
-1118.84
-1119.18
-1119.51
-1119.84
-1120.17
-1120.5
-1120.83
-1121.16
-1121.49
-1121.82
-1122.15
-1122.49
-1122.82
-1123.15
-1123.48
-1123.81
-1124.14
-1124.47
-1124.8
-1125.14
-1125.47
-1125.8
-1126.13
-1126.46
-1126.79
-1127.12
-1127.46
-1127.79
-1128.12
-1128.45
-1128.78
-1129.12
-1129.45
-1129.78
-1130.11
-1130.44
-1130.77
-1131.11
-1131.44
-1131.77
-1132.1
-1132.43
-1132.77
-1133.1
-1133.43
-1133.76
-1134.09
-1134.43
-1134.76
-1135.09
-1135.42
-1135.76
-1136.09
-1136.42
-1136.75
-1137.09
-1137.42
-1137.75
-1138.08
-1138.42
-1138.75
-1139.08
-1139.41
-1139.75
-1140.08
-1140.41
-1140.74
-1141.08
-1141.41
-1141.74
-1142.08
-1142.41
-1142.74
-1143.07
-1143.41
-1143.74
-1144.07
-1144.41
-1144.74
-1145.07
-1145.41
-1145.74
-1146.07
-1146.41
-1146.74
-1147.07
-1147.41
-1147.74
-1148.07
-1148.41
-1148.74
-1149.07
-1149.41
-1149.74
-1150.07
-1150.41
-1150.74
-1151.07
-1151.41
-1151.74
-1152.07
-1152.41
-1152.74
-1153.08
-1153.41
-1153.74
-1154.08
-1154.41
-1154.75
-1155.08
-1155.41
-1155.75
-1156.08
-1156.42
-1156.75
-1157.08
-1157.42
-1157.75
-1158.09
-1158.42
-1158.76
-1159.09
-1159.42
-1159.76
-1160.09
-1160.43
-1160.76
-1161.1
-1161.43
-1161.77
-1162.1
-1162.43
-1162.77
-1163.1
-1163.44
-1163.77
-1164.11
-1164.44
-1164.78
-1165.11
-1165.45
-1165.78
-1166.12
-1166.45
-1166.79
-1167.12
-1167.46
-1167.79
-1168.13
-1168.46
-1168.8
-1169.13
-1169.47
-1169.8
-1170.14
-1170.47
-1170.81
-1171.15
-1171.48
-1171.82
-1172.15
-1172.49
-1172.82
-1173.16
-1173.49
-1173.83
-1174.16
-1174.5
-1174.84
-1175.17
-1175.51
-1175.84
-1176.18
-1176.51
-1176.85
-1177.19
-1177.52
-1177.86
-1178.19
-1178.53
-1178.87
-1179.2
-1179.54
-1179.87
-1180.21
-1180.55
-1180.88
-1181.22
-1181.56
-1181.89
-1182.23
-1182.56
-1182.9
-1183.24
-1183.57
-1183.91
-1184.25
-1184.58
-1184.92
-1185.26
-1185.59
-1185.93
-1186.27
-1186.6
-1186.94
-1187.28
-1187.61
-1187.95
-1188.29
-1188.62
-1188.96
-1189.3
-1189.63
-1189.97
-1190.31
-1190.65
-1190.98
-1191.32
-1191.66
-1191.99
-1192.33
-1192.67
-1193.01
-1193.34
-1193.68
-1194.02
-1194.36
-1194.69
-1195.03
-1195.37
-1195.7
-1196.04
-1196.38
-1196.72
-1197.05
-1197.39
-1197.73
-1198.07
-1198.41
-1198.74
-1199.08
-1199.42
-1199.76
-1200.09
-1200.43
-1200.77
-1201.11
-1201.45
-1201.78
-1202.12
-1202.46
-1202.8
-1203.14
-1203.47
-1203.81
-1204.15
-1204.49
-1204.83
-1205.17
-1205.5
-1205.84
-1206.18
-1206.52
-1206.86
-1207.2
-1207.53
-1207.87
-1208.21
-1208.55
-1208.89
-1209.23
-1209.57
-1209.9
-1210.24
-1210.58
-1210.92
-1211.26
-1211.6
-1211.94
-1212.28
-1212.61
-1212.95
-1213.29
-1213.63
-1213.97
-1214.31
-1214.65
-1214.99
-1215.33
-1215.67
-1216.01
-1216.34
-1216.68
-1217.02
-1217.36
-1217.7
-1218.04
-1218.38
-1218.72
-1219.06
-1219.4
-1219.74
-1220.08
-1220.42
-1220.76
-1221.1
-1221.44
-1221.78
-1222.12
-1222.46
-1222.8
-1223.14
-1223.47
-1223.81
-1224.15
-1224.49
-1224.83
-1225.17
-1225.51
-1225.85
-1226.19
-1226.53
-1226.87
-1227.21
-1227.55
-1227.9
-1228.24
-1228.58
-1228.92
-1229.26
-1229.6
-1229.94
-1230.28
-1230.62
-1230.96
-1231.3
-1231.64
-1231.98
-1232.32
-1232.66
-1233
-1233.34
-1233.68
-1234.02
-1234.36
-1234.71
-1235.05
-1235.39
-1235.73
-1236.07
-1236.41
-1236.75
-1237.09
-1237.43
-1237.77
-1238.11
-1238.46
-1238.8
-1239.14
-1239.48
-1239.82
-1240.16
-1240.5
-1240.84
-1241.19
-1241.53
-1241.87
-1242.21
-1242.55
-1242.89
-1243.23
-1243.58
-1243.92
-1244.26
-1244.6
-1244.94
-1245.28
-1245.62
-1245.97
-1246.31
-1246.65
-1246.99
-1247.33
-1247.68
-1248.02
-1248.36
-1248.7
-1249.04
-1249.39
-1249.73
-1250.07
-1250.41
-1250.75
-1251.1
-1251.44
-1251.78
-1252.12
-1252.46
-1252.81
-1253.15
-1253.49
-1253.83
-1254.18
-1254.52
-1254.86
-1255.2
-1255.55
-1255.89
-1256.23
-1256.57
-1256.92
-1257.26
-1257.6
-1257.94
-1258.29
-1258.63
-1258.97
-1259.32
-1259.66
-1260
-1260.34
-1260.69
-1261.03
-1261.37
-1261.72
-1262.06
-1262.4
-1262.75
-1263.09
-1263.43
-1263.77
-1264.12
-1264.46
-1264.8
-1265.15
-1265.49
-1265.83
-1266.18
-1266.52
-1266.87
-1267.21
-1267.55
-1267.9
-1268.24
-1268.58
-1268.93
-1269.27
-1269.61
-1269.96
-1270.3
-1270.64
-1270.99
-1271.33
-1271.68
-1272.02
-1272.36
-1272.71
-1273.05
-1273.4
-1273.74
-1274.08
-1274.43
-1274.77
-1275.12
-1275.46
-1275.81
-1276.15
-1276.49
-1276.84
-1277.18
-1277.53
-1277.87
-1278.22
-1278.56
-1278.9
-1279.25
-1279.59
-1279.94
-1280.28
-1280.63
-1280.97
-1281.32
-1281.66
-1282.01
-1282.35
-1282.7
-1283.04
-1283.38
-1283.73
-1284.07
-1284.42
-1284.76
-1285.11
-1285.45
-1285.8
-1286.14
-1286.49
-1286.83
-1287.18
-1287.52
-1287.87
-1288.22
-1288.56
-1288.91
-1289.25
-1289.6
-1289.94
-1290.29
-1290.63
-1290.98
-1291.32
-1291.67
-1292.01
-1292.36
-1292.71
-1293.05
-1293.4
-1293.74
-1294.09
-1294.43
-1294.78
-1295.13
-1295.47
-1295.82
-1296.16
-1296.51
-1296.86
-1297.2
-1297.55
-1297.89
-1298.24
-1298.59
-1298.93
-1299.28
-1299.62
-1299.97
-1300.32
-1300.66
-1301.01
-1301.36
-1301.7
-1302.05
-1302.39
-1302.74
-1303.09
-1303.43
-1303.78
-1304.13
-1304.47
-1304.82
-1305.17
-1305.51
-1305.86
-1306.21
-1306.55
-1306.9
-1307.25
-1307.59
-1307.94
-1308.29
-1308.63
-1308.98
-1309.33
-1309.68
-1310.02
-1310.37
-1310.72
-1311.06
-1311.41
-1311.76
-1312.11
-1312.45
-1312.8
-1313.15
-1313.49
-1313.84
-1314.19
-1314.54
-1314.88
-1315.23
-1315.58
-1315.93
-1316.27
-1316.62
-1316.97
-1317.32
-1317.66
-1318.01
-1318.36
-1318.71
-1319.06
-1319.4
-1319.75
-1320.1
-1320.45
-1320.79
-1321.14
-1321.49
-1321.84
-1322.19
-1322.53
-1322.88
-1323.23
-1323.58
-1323.93
-1324.28
-1324.62
-1324.97
-1325.32
-1325.67
-1326.02
-1326.37
-1326.71
-1327.06
-1327.41
-1327.76
-1328.11
-1328.46
-1328.8
-1329.15
-1329.5
-1329.85
-1330.2
-1330.55
-1330.9
-1331.25
-1331.59
-1331.94
-1332.29
-1332.64
-1332.99
-1333.34
-1333.69
-1334.04
-1334.39
-1334.73
-1335.08
-1335.43
-1335.78
-1336.13
-1336.48
-1336.83
-1337.18
-1337.53
-1337.88
-1338.23
-1338.58
-1338.93
-1339.27
-1339.62
-1339.97
-1340.32
-1340.67
-1341.02
-1341.37
-1341.72
-1342.07
-1342.42
-1342.77
-1343.12
-1343.47
-1343.82
-1344.17
-1344.52
-1344.87
-1345.22
-1345.57
-1345.92
-1346.27
-1346.62
-1346.97
-1347.32
-1347.67
-1348.02
-1348.37
-1348.72
-1349.07
-1349.42
-1349.77
-1350.12
-1350.47
-1350.82
-1351.17
-1351.52
-1351.87
-1352.22
-1352.57
-1352.92
-1353.28
-1353.63
-1353.98
-1354.33
-1354.68
-1355.03
-1355.38
-1355.73
-1356.08
-1356.43
-1356.78
-1357.13
-1357.48
-1357.84
-1358.19
-1358.54
-1358.89
-1359.24
-1359.59
-1359.94
-1360.29
-1360.64
-1360.99
-1361.35
-1361.7
-1362.05
-1362.4
-1362.75
-1363.1
-1363.45
-1363.81
-1364.16
-1364.51
-1364.86
-1365.21
-1365.56
-1365.91
-1366.27
-1366.62
-1366.97
-1367.32
-1367.67
-1368.02
-1368.38
-1368.73
-1369.08
-1369.43
-1369.78
-1370.14
-1370.49
-1370.84
-1371.19
-1371.54
-1371.9
-1372.25
-1372.6
-1372.95
-1373.3
-1373.66
-1374.01
-1374.36
-1374.71
-1375.07
-1375.42
-1375.77
-1376.12
-1376.48
-1376.83
-1377.18
-1377.53
-1377.89
-1378.24
-1378.59
-1378.94
-1379.3
-1379.65
-1380
-1380.35
-1380.71
-1381.06
-1381.41
-1381.77
-1382.12
-1382.47
-1382.82
-1383.18
-1383.53
-1383.88
-1384.24
-1384.59
-1384.94
-1385.3
-1385.65
-1386
-1386.36
-1386.71
-1387.06
-1387.42
-1387.77
-1388.12
-1388.48
-1388.83
-1389.18
-1389.54
-1389.89
-1390.24
-1390.6
-1390.95
-1391.3
-1391.66
-1392.01
-1392.36
-1392.72
-1393.07
-1393.43
-1393.78
-1394.13
-1394.49
-1394.84
-1395.2
-1395.55
-1395.9
-1396.26
-1396.61
-1396.97
-1397.32
-1397.67
-1398.03
-1398.38
-1398.74
-1399.09
-1399.44
-1399.8
-1400.15
-1400.51
-1400.86
-1401.22
-1401.57
-1401.93
-1402.28
-1402.63
-1402.99
-1403.34
-1403.7
-1404.05
-1404.41
-1404.76
-1405.12
-1405.47
-1405.83
-1406.18
-1406.54
-1406.89
-1407.25
-1407.6
-1407.96
-1408.31
-1408.67
-1409.02
-1409.38
-1409.73
-1410.09
-1410.44
-1410.8
-1411.15
-1411.51
-1411.86
-1412.22
-1412.57
-1412.93
-1413.28
-1413.64
-1414
-1414.35
-1414.71
-1415.06
-1415.42
-1415.77
-1416.13
-1416.48
-1416.84
-1417.2
-1417.55
-1417.91
-1418.26
-1418.62
-1418.97
-1419.33
-1419.69
-1420.04
-1420.4
-1420.75
-1421.11
-1421.47
-1421.82
-1422.18
-1422.53
-1422.89
-1423.25
-1423.6
-1423.96
-1424.32
-1424.67
-1425.03
-1425.38
-1425.74
-1426.1
-1426.45
-1426.81
-1427.17
-1427.52
-1427.88
-1428.24
-1428.59
-1428.95
-1429.31
-1429.66
-1430.02
-1430.38
-1430.73
-1431.09
-1431.45
-1431.8
-1432.16
-1432.52
-1432.87
-1433.23
-1433.59
-1433.95
-1434.3
-1434.66
-1435.02
-1435.37
-1435.73
-1436.09
-1436.45
-1436.8
-1437.16
-1437.52
-1437.87
-1438.23
-1438.59
-1438.95
-1439.3
-1439.66
-1440.02
-1440.38
-1440.73
-1441.09
-1441.45
-1441.81
-1442.17
-1442.52
-1442.88
-1443.24
-1443.6
-1443.95
-1444.31
-1444.67
-1445.03
-1445.39
-1445.74
-1446.1
-1446.46
-1446.82
-1447.18
-1447.53
-1447.89
-1448.25
-1448.61
-1448.97
-1449.33
-1449.68
-1450.04
-1450.4
-1450.76
-1451.12
-1451.48
-1451.83
-1452.19
-1452.55
-1452.91
-1453.27
-1453.63
-1453.98
-1454.34
-1454.7
-1455.06
-1455.42
-1455.78
-1456.14
-1456.5
-1456.85
-1457.21
-1457.57
-1457.93
-1458.29
-1458.65
-1459.01
-1459.37
-1459.73
-1460.09
-1460.44
-1460.8
-1461.16
-1461.52
-1461.88
-1462.24
-1462.6
-1462.96
-1463.32
-1463.68
-1464.04
-1464.4
-1464.76
-1465.12
-1465.48
-1465.84
-1466.19
-1466.55
-1466.91
-1467.27
-1467.63
-1467.99
-1468.35
-1468.71
-1469.07
-1469.43
-1469.79
-1470.15
-1470.51
-1470.87
-1471.23
-1471.59
-1471.95
-1472.31
-1472.67
-1473.03
-1473.39
-1473.75
-1474.11
-1474.47
-1474.83
-1475.19
-1475.55
-1475.91
-1476.27
-1476.63
-1477
-1477.36
-1477.72
-1478.08
-1478.44
-1478.8
-1479.16
-1479.52
-1479.88
-1480.24
-1480.6
-1480.96
-1481.32
-1481.68
-1482.04
-1482.41
-1482.77
-1483.13
-1483.49
-1483.85
-1484.21
-1484.57
-1484.93
-1485.29
-1485.65
-1486.02
-1486.38
-1486.74
-1487.1
-1487.46
-1487.82
-1488.18
-1488.54
-1488.91
-1489.27
-1489.63
-1489.99
-1490.35
-1490.71
-1491.07
-1491.44
-1491.8
-1492.16
-1492.52
-1492.88
-1493.24
-1493.61
-1493.97
-1494.33
-1494.69
-1495.05
-1495.41
-1495.78
-1496.14
-1496.5
-1496.86
-1497.22
-1497.59
-1497.95
-1498.31
-1498.67
-1499.03
-1499.4
-1499.76
-1500.12
-1500.48
-1500.85
-1501.21
-1501.57
-1501.93
-1502.3
-1502.66
-1503.02
-1503.38
-1503.75
-1504.11
-1504.47
-1504.83
-1505.2
-1505.56
-1505.92
-1506.28
-1506.65
-1507.01
-1507.37
-1507.73
-1508.1
-1508.46
-1508.82
-1509.19
-1509.55
-1509.91
-1510.28
-1510.64
-1511
-1511.36
-1511.73
-1512.09
-1512.45
-1512.82
-1513.18
-1513.54
-1513.91
-1514.27
-1514.63
-1515
-1515.36
-1515.72
-1516.09
-1516.45
-1516.81
-1517.18
-1517.54
-1517.91
-1518.27
-1518.63
-1519
-1519.36
-1519.72
-1520.09
-1520.45
-1520.82
-1521.18
-1521.54
-1521.91
-1522.27
-1522.64
-1523
-1523.36
-1523.73
-1524.09
-1524.46
-1524.82
-1525.18
-1525.55
-1525.91
-1526.28
-1526.64
-1527.01
-1527.37
-1527.73
-1528.1
-1528.46
-1528.83
-1529.19
-1529.56
-1529.92
-1530.29
-1530.65
-1531.01
-1531.38
-1531.74
-1532.11
-1532.47
-1532.84
-1533.2
-1533.57
-1533.93
-1534.3
-1534.66
-1535.03
-1535.39
-1535.76
-1536.12
-1536.49
-1536.85
-1537.22
-1537.58
-1537.95
-1538.31
-1538.68
-1539.04
-1539.41
-1539.77
-1540.14
-1540.5
-1540.87
-1541.24
-1541.6
-1541.97
-1542.33
-1542.7
-1543.06
-1543.43
-1543.79
-1544.16
-1544.53
-1544.89
-1545.26
-1545.62
-1545.99
-1546.35
-1546.72
-1547.09
-1547.45
-1547.82
-1548.18
-1548.55
-1548.92
-1549.28
-1549.65
-1550.01
-1550.38
-1550.75
-1551.11
-1551.48
-1551.84
-1552.21
-1552.58
-1552.94
-1553.31
-1553.68
-1554.04
-1554.41
-1554.78
-1555.14
-1555.51
-1555.87
-1556.24
-1556.61
-1556.97
-1557.34
-1557.71
-1558.07
-1558.44
-1558.81
-1559.17
-1559.54
-1559.91
-1560.28
-1560.64
-1561.01
-1561.38
-1561.74
-1562.11
-1562.48
-1562.84
-1563.21
-1563.58
-1563.95
-1564.31
-1564.68
-1565.05
-1565.41
-1565.78
-1566.15
-1566.52
-1566.88
-1567.25
-1567.62
-1567.99
-1568.35
-1568.72
-1569.09
-1569.46
-1569.82
-1570.19
-1570.56
-1570.93
-1571.29
-1571.66
-1572.03
-1572.4
-1572.77
-1573.13
-1573.5
-1573.87
-1574.24
-1574.61
-1574.97
-1575.34
-1575.71
-1576.08
-1576.45
-1576.81
-1577.18
-1577.55
-1577.92
-1578.29
-1578.65
-1579.02
-1579.39
-1579.76
-1580.13
-1580.5
-1580.87
-1581.23
-1581.6
-1581.97
-1582.34
-1582.71
-1583.08
-1583.44
-1583.81
-1584.18
-1584.55
-1584.92
-1585.29
-1585.66
-1586.03
-1586.4
-1586.76
-1587.13
-1587.5
-1587.87
-1588.24
-1588.61
-1588.98
-1589.35
-1589.72
-1590.09
-1590.45
-1590.82
-1591.19
-1591.56
-1591.93
-1592.3
-1592.67
-1593.04
-1593.41
-1593.78
-1594.15
-1594.52
-1594.89
-1595.26
-1595.63
-1596
-1596.36
-1596.73
-1597.1
-1597.47
-1597.84
-1598.21
-1598.58
-1598.95
-1599.32
-1599.69
-1600.06
-1600.43
-1600.8
-1601.17
-1601.54
-1601.91
-1602.28
-1602.65
-1603.02
-1603.39
-1603.76
-1604.13
-1604.5
-1604.87
-1605.24
-1605.61
-1605.98
-1606.36
-1606.73
-1607.1
-1607.47
-1607.84
-1608.21
-1608.58
-1608.95
-1609.32
-1609.69
-1610.06
-1610.43
-1610.8
-1611.17
-1611.54
-1611.91
-1612.28
-1612.66
-1613.03
-1613.4
-1613.77
-1614.14
-1614.51
-1614.88
-1615.25
-1615.62
-1615.99
-1616.37
-1616.74
-1617.11
-1617.48
-1617.85
-1618.22
-1618.59
-1618.96
-1619.34
-1619.71
-1620.08
-1620.45
-1620.82
-1621.19
-1621.56
-1621.94
-1622.31
-1622.68
-1623.05
-1623.42
-1623.79
-1624.17
-1624.54
-1624.91
-1625.28
-1625.65
-1626.02
-1626.4
-1626.77
-1627.14
-1627.51
-1627.88
-1628.26
-1628.63
-1629
-1629.37
-1629.74
-1630.12
-1630.49
-1630.86
-1631.23
-1631.61
-1631.98
-1632.35
-1632.72
-1633.1
-1633.47
-1633.84
-1634.21
-1634.58
-1634.96
-1635.33
-1635.7
-1636.08
-1636.45
-1636.82
-1637.19
-1637.57
-1637.94
-1638.31
-1638.68
-1639.06
-1639.43
-1639.8
-1640.18
-1640.55
-1640.92
-1641.29
-1641.67
-1642.04
-1642.41
-1642.79
-1643.16
-1643.53
-1643.91
-1644.28
-1644.65
-1645.03
-1645.4
-1645.77
-1646.15
-1646.52
-1646.89
-1647.27
-1647.64
-1648.01
-1648.39
-1648.76
-1649.13
-1649.51
-1649.88
-1650.25
-1650.63
-1651
-1651.38
-1651.75
-1652.12
-1652.5
-1652.87
-1653.25
-1653.62
-1653.99
-1654.37
-1654.74
-1655.11
-1655.49
-1655.86
-1656.24
-1656.61
-1656.99
-1657.36
-1657.73
-1658.11
-1658.48
-1658.86
-1659.23
-1659.61
-1659.98
-1660.35
-1660.73
-1661.1
-1661.48
-1661.85
-1662.23
-1662.6
-1662.98
-1663.35
-1663.73
-1664.1
-1664.47
-1664.85
-1665.22
-1665.6
-1665.97
-1666.35
-1666.72
-1667.1
-1667.47
-1667.85
-1668.22
-1668.6
-1668.97
-1669.35
-1669.72
-1670.1
-1670.47
-1670.85
-1671.22
-1671.6
-1671.97
-1672.35
-1672.73
-1673.1
-1673.48
-1673.85
-1674.23
-1674.6
-1674.98
-1675.35
-1675.73
-1676.1
-1676.48
-1676.86
-1677.23
-1677.61
-1677.98
-1678.36
-1678.73
-1679.11
-1679.49
-1679.86
-1680.24
-1680.61
-1680.99
-1681.37
-1681.74
-1682.12
-1682.49
-1682.87
-1683.25
-1683.62
-1684
-1684.37
-1684.75
-1685.13
-1685.5
-1685.88
-1686.26
-1686.63
-1687.01
-1687.38
-1687.76
-1688.14
-1688.51
-1688.89
-1689.27
-1689.64
-1690.02
-1690.4
-1690.77
-1691.15
-1691.53
-1691.9
-1692.28
-1692.66
-1693.03
-1693.41
-1693.79
-1694.16
-1694.54
-1694.92
-1695.3
-1695.67
-1696.05
-1696.43
-1696.8
-1697.18
-1697.56
-1697.94
-1698.31
-1698.69
-1699.07
-1699.44
-1699.82
-1700.2
-1700.58
-1700.95
-1701.33
-1701.71
-1702.09
-1702.46
-1702.84
-1703.22
-1703.6
-1703.97
-1704.35
-1704.73
-1705.11
-1705.49
-1705.86
-1706.24
-1706.62
-1707
-1707.37
-1707.75
-1708.13
-1708.51
-1708.89
-1709.26
-1709.64
-1710.02
-1710.4
-1710.78
-1711.15
-1711.53
-1711.91
-1712.29
-1712.67
-1713.05
-1713.42
-1713.8
-1714.18
-1714.56
-1714.94
-1715.32
-1715.69
-1716.07
-1716.45
-1716.83
-1717.21
-1717.59
-1717.97
-1718.34
-1718.72
-1719.1
-1719.48
-1719.86
-1720.24
-1720.62
-1721
-1721.38
-1721.75
-1722.13
-1722.51
-1722.89
-1723.27
-1723.65
-1724.03
-1724.41
-1724.79
-1725.17
-1725.54
-1725.92
-1726.3
-1726.68
-1727.06
-1727.44
-1727.82
-1728.2
-1728.58
-1728.96
-1729.34
-1729.72
-1730.1
-1730.48
-1730.86
-1731.24
-1731.62
-1732
-1732.38
-1732.76
-1733.13
-1733.51
-1733.89
-1734.27
-1734.65
-1735.03
-1735.41
-1735.79
-1736.17
-1736.55
-1736.93
-1737.31
-1737.69
-1738.07
-1738.45
-1738.83
-1739.21
-1739.6
-1739.98
-1740.36
-1740.74
-1741.12
-1741.5
-1741.88
-1742.26
-1742.64
-1743.02
-1743.4
-1743.78
-1744.16
-1744.54
-1744.92
-1745.3
-1745.68
-1746.06
-1746.44
-1746.82
-1747.21
-1747.59
-1747.97
-1748.35
-1748.73
-1749.11
-1749.49
-1749.87
-1750.25
-1750.63
-1751.01
-1751.4
-1751.78
-1752.16
-1752.54
-1752.92
-1753.3
-1753.68
-1754.06
-1754.45
-1754.83
-1755.21
-1755.59
-1755.97
-1756.35
-1756.73
-1757.12
-1757.5
-1757.88
-1758.26
-1758.64
-1759.02
-1759.4
-1759.79
-1760.17
-1760.55
-1760.93
-1761.31
-1761.7
-1762.08
-1762.46
-1762.84
-1763.22
-1763.61
-1763.99
-1764.37
-1764.75
-1765.13
-1765.52
-1765.9
-1766.28
-1766.66
-1767.04
-1767.43
-1767.81
-1768.19
-1768.57
-1768.96
-1769.34
-1769.72
-1770.1
-1770.49
-1770.87
-1771.25
-1771.63
-1772.02
-1772.4
-1772.78
-1773.16
-1773.55
-1773.93
-1774.31
-1774.69
-1775.08
-1775.46
-1775.84
-1776.23
-1776.61
-1776.99
-1777.37
-1777.76
-1778.14
-1778.52
-1778.91
-1779.29
-1779.67
-1780.06
-1780.44
-1780.82
-1781.21
-1781.59
-1781.97
-1782.36
-1782.74
-1783.12
-1783.51
-1783.89
-1784.27
-1784.66
-1785.04
-1785.42
-1785.81
-1786.19
-1786.57
-1786.96
-1787.34
-1787.72
-1788.11
-1788.49
-1788.88
-1789.26
-1789.64
-1790.03
-1790.41
-1790.79
-1791.18
-1791.56
-1791.95
-1792.33
-1792.71
-1793.1
-1793.48
-1793.87
-1794.25
-1794.64
-1795.02
-1795.4
-1795.79
-1796.17
-1796.56
-1796.94
-1797.33
-1797.71
-1798.09
-1798.48
-1798.86
-1799.25
-1799.63
-1800.02
-1800.4
-1800.79
-1801.17
-1801.56
-1801.94
-1802.33
-1802.71
-1803.09
-1803.48
-1803.86
-1804.25
-1804.63
-1805.02
-1805.4
-1805.79
-1806.17
-1806.56
-1806.94
-1807.33
-1807.71
-1808.1
-1808.48
-1808.87
-1809.26
-1809.64
-1810.03
-1810.41
-1810.8
-1811.18
-1811.57
-1811.95
-1812.34
-1812.72
-1813.11
-1813.49
-1813.88
-1814.27
-1814.65
-1815.04
-1815.42
-1815.81
-1816.19
-1816.58
-1816.97
-1817.35
-1817.74
-1818.12
-1818.51
-1818.89
-1819.28
-1819.67
-1820.05
-1820.44
-1820.82
-1821.21
-1821.6
-1821.98
-1822.37
-1822.76
-1823.14
-1823.53
-1823.91
-1824.3
-1824.69
-1825.07
-1825.46
-1825.85
-1826.23
-1826.62
-1827.01
-1827.39
-1827.78
-1828.17
-1828.55
-1828.94
-1829.32
-1829.71
-1830.1
-1830.49
-1830.87
-1831.26
-1831.65
-1832.03
-1832.42
-1832.81
-1833.19
-1833.58
-1833.97
-1834.35
-1834.74
-1835.13
-1835.52
-1835.9
-1836.29
-1836.68
-1837.06
-1837.45
-1837.84
-1838.23
-1838.61
-1839
-1839.39
-1839.78
-1840.16
-1840.55
-1840.94
-1841.32
-1841.71
-1842.1
-1842.49
-1842.88
-1843.26
-1843.65
-1844.04
-1844.43
-1844.81
-1845.2
-1845.59
-1845.98
-1846.36
-1846.75
-1847.14
-1847.53
-1847.92
-1848.3
-1848.69
-1849.08
-1849.47
-1849.86
-1850.25
-1850.63
-1851.02
-1851.41
-1851.8
-1852.19
-1852.57
-1852.96
-1853.35
-1853.74
-1854.13
-1854.52
-1854.9
-1855.29
-1855.68
-1856.07
-1856.46
-1856.85
-1857.24
-1857.62
-1858.01
-1858.4
-1858.79
-1859.18
-1859.57
-1859.96
-1860.35
-1860.73
-1861.12
-1861.51
-1861.9
-1862.29
-1862.68
-1863.07
-1863.46
-1863.85
-1864.24
-1864.63
-1865.01
-1865.4
-1865.79
-1866.18
-1866.57
-1866.96
-1867.35
-1867.74
-1868.13
-1868.52
-1868.91
-1869.3
-1869.69
-1870.08
-1870.47
-1870.86
-1871.24
-1871.63
-1872.02
-1872.41
-1872.8
-1873.19
-1873.58
-1873.97
-1874.36
-1874.75
-1875.14
-1875.53
-1875.92
-1876.31
-1876.7
-1877.09
-1877.48
-1877.87
-1878.26
-1878.65
-1879.04
-1879.43
-1879.82
-1880.21
-1880.6
-1880.99
-1881.38
-1881.77
-1882.16
-1882.56
-1882.95
-1883.34
-1883.73
-1884.12
-1884.51
-1884.9
-1885.29
-1885.68
-1886.07
-1886.46
-1886.85
-1887.24
-1887.63
-1888.02
-1888.41
-1888.81
-1889.2
-1889.59
-1889.98
-1890.37
-1890.76
-1891.15
-1891.54
-1891.93
-1892.32
-1892.72
-1893.11
-1893.5
-1893.89
-1894.28
-1894.67
-1895.06
-1895.45
-1895.84
-1896.24
-1896.63
-1897.02
-1897.41
-1897.8
-1898.19
-1898.59
-1898.98
-1899.37
-1899.76
-1900.15
-1900.54
-1900.93
-1901.33
-1901.72
-1902.11
-1902.5
-1902.89
-1903.29
-1903.68
-1904.07
-1904.46
-1904.85
-1905.25
-1905.64
-1906.03
-1906.42
-1906.81
-1907.21
-1907.6
-1907.99
-1908.38
-1908.77
-1909.17
-1909.56
-1909.95
-1910.34
-1910.74
-1911.13
-1911.52
-1911.91
-1912.31
-1912.7
-1913.09
-1913.48
-1913.88
-1914.27
-1914.66
-1915.05
-1915.45
-1915.84
-1916.23
-1916.63
