161.007
159.904
158.802
157.699
156.596
155.493
154.39
153.287
152.184
151.081
149.978
148.875
147.772
146.669
145.566
144.463
143.36
142.257
141.153
140.05
138.947
137.843
136.74
135.637
134.533
133.43
132.326
131.223
130.119
129.016
127.912
126.808
125.705
124.601
123.497
122.393
121.29
120.186
119.082
117.978
116.874
115.77
114.666
113.562
112.458
111.354
110.25
109.146
108.042
106.938
105.833
104.729
103.625
102.52
101.416
100.312
99.2074
98.1029
96.9985
95.894
94.7894
93.6849
92.5803
91.4757
90.371
89.2663
88.1616
87.0569
85.9521
84.8473
83.7425
82.6376
81.5327
80.4278
79.3228
78.2179
77.1128
76.0078
74.9027
73.7976
72.6925
71.5873
70.4821
69.3769
68.2716
67.1663
66.061
64.9557
63.8503
62.7449
61.6394
60.5339
59.4284
58.3229
57.2173
56.1117
55.0061
53.9005
52.7948
51.689
50.5833
49.4775
48.3717
47.2659
46.16
45.0541
43.9482
42.8422
41.7362
40.6302
39.5241
38.418
37.3119
36.2058
35.0996
33.9934
32.8872
31.7809
30.6746
29.5683
28.4619
27.3555
26.2491
25.1427
24.0362
22.9297
21.8231
20.7165
19.6099
18.5033
17.3966
16.2899
15.1832
14.0765
12.9697
11.8629
10.756
9.64914
8.54223
7.43529
6.32832
5.22132
4.11429
3.00723
1.90014
0.793017
-0.314135
-1.42132
-2.52853
-3.63578
-4.74305
-5.85035
-6.95769
-8.06506
-9.17245
-10.2799
-11.3873
-12.4948
-13.6023
-14.7099
-15.8175
-16.9251
-18.0327
-19.1404
-20.2481
-21.3558
-22.4636
-23.5714
-24.6792
-25.7871
-26.8949
-28.0029
-29.1108
-30.2188
-31.3268
-32.4348
-33.5429
-34.651
-35.7591
-36.8673
-37.9755
-39.0837
-40.1919
-41.3002
-42.4085
-43.5169
-44.6252
-45.7336
-46.8421
-47.9505
-49.059
-50.1675
-51.2761
-52.3847
-53.4933
-54.6019
-55.7106
-56.8193
-57.9281
-59.0368
-60.1456
-61.2545
-62.3633
-63.4722
-64.5811
-65.6901
-66.7991
-67.9081
-69.0171
-70.1262
-71.2353
-72.3444
-73.4536
-74.5628
-75.672
-76.7813
-77.8905
-78.9999
-80.1092
-81.2186
-82.328
-83.4374
-84.5469
-85.6564
-86.7659
-87.8755
-88.9851
-90.0947
-91.2043
-92.314
-93.4237
-94.5335
-95.6433
-96.7531
-97.8629
-98.9728
-100.083
-101.193
-102.303
-103.413
-104.523
-105.633
-106.743
-107.853
-108.963
-110.073
-111.183
-112.293
-113.404
-114.514
-115.624
-116.735
-117.845
-118.956
-120.066
-121.176
-122.287
-123.397
-124.508
-125.619
-126.729
-127.84
-128.951
-130.061
-131.172
-132.283
-133.394
-134.504
-135.615
-136.726
-137.837
-138.948
-140.059
-141.17
-142.281
-143.392
-144.503
-145.615
-146.726
-147.837
-148.948
-150.059
-151.171
-152.282
-153.393
-154.505
-155.616
-156.728
-157.839
-158.951
-160.062
-161.174
-162.285
-163.397
-164.509
-165.62
-166.732
-167.844
-168.956
-170.067
-171.179
-172.291
-173.403
-174.515
-175.627
-176.739
-177.851
-178.963
-180.075
-181.187
-182.299
-183.411
-184.524
-185.636
-186.748
-187.86
-188.973
-190.085
-191.198
-192.31
-193.422
-194.535
-195.647
-196.76
-197.872
-198.985
-200.098
-201.21
-202.323
-203.436
-204.549
-205.661
-206.774
-207.887
-209
-210.113
-211.226
-212.339
-213.452
-214.565
-215.678
-216.791
-217.904
-219.017
-220.13
-221.243
-222.357
-223.47
-224.583
-225.697
-226.81
-227.923
-229.037
-230.15
-231.264
-232.377
-233.491
-234.604
-235.718
-236.832
-237.945
-239.059
-240.173
-241.286
-242.4
-243.514
-244.628
-245.742
-246.856
-247.97
-249.084
-250.198
-251.312
-252.426
-253.54
-254.654
-255.768
-256.882
-257.996
-259.111
-260.225
-261.339
-262.454
-263.568
-264.682
-265.797
-266.911
-268.026
-269.14
-270.255
-271.369
-272.484
-273.599
-274.713
-275.828
-276.943
-278.057
-279.172
-280.287
-281.402
-282.517
-283.632
-284.747
-285.862
-286.977
-288.092
-289.207
-290.322
-291.437
-292.552
-293.667
-294.782
-295.898
-297.013
-298.128
-299.244
-300.359
-301.474
-302.59
-303.705
-304.821
-305.936
-307.052
-308.167
-309.283
-310.399
-311.514
-312.63
-313.746
-314.861
-315.977
-317.093
-318.209
-319.325
-320.441
-321.557
-322.673
-323.789
-324.905
-326.021
-327.137
-328.253
-329.369
-330.485
-331.601
-332.718
-333.834
-334.95
-336.067
-337.183
-338.299
-339.416
-340.532
-341.649
-342.765
-343.882
-344.998
-346.115
-347.232
-348.348
-349.465
-350.582
-351.698
-352.815
-353.932
-355.049
-356.166
-357.283
-358.4
-359.517
-360.634
-361.751
-362.868
-363.985
-365.102
-366.219
-367.336
-368.453
-369.571
-370.688
-371.805
-372.923
-374.04
-375.157
-376.275
-377.392
-378.51
-379.627
-380.745
-381.862
-382.98
-384.098
-385.215
-386.333
-387.451
-388.568
-389.686
-390.804
-391.922
-393.04
-394.158
-395.276
-396.393
-397.511
-398.63
-399.748
-400.866
-401.984
-403.102
-404.22
-405.338
-406.457
-407.575
-408.693
-409.811
-410.93
-412.048
-413.167
-414.285
-415.404
-416.522
-417.641
-418.759
-419.878
-420.996
-422.115
-423.234
-424.353
-425.471
-426.59
-427.709
-428.828
-429.947
-431.066
-432.184
-433.303
-434.422
-435.541
-436.661
-437.78
-438.899
-440.018
-441.137
-442.256
-443.376
-444.495
-445.614
-446.733
-447.853
-448.972
-450.092
-451.211
-452.331
-453.45
-454.57
-455.689
-456.809
-457.928
-459.048
-460.168
-461.287
-462.407
-463.527
-464.647
-465.767
-466.887
-468.006
-469.126
-470.246
-471.366
-472.486
-473.606
-474.727
-475.847
-476.967
-478.087
-479.207
-480.327
-481.448
-482.568
-483.688
-484.809
-485.929
-487.049
-488.17
-489.29
-490.411
-491.531
-492.652
-493.773
-494.893
-496.014
-497.135
-498.255
-499.376
-500.497
-501.618
-502.739
-503.859
-504.98
-506.101
-507.222
-508.343
-509.464
-510.585
-511.706
-512.827
-513.949
-515.07
-516.191
-517.312
-518.433
-519.555
-520.676
-521.797
-522.919
-524.04
-525.162
-526.283
-527.405
-528.526
-529.648
-530.769
-531.891
-533.013
-534.134
-535.256
-536.378
-537.5
-538.621
-539.743
-540.865
-541.987
-543.109
-544.231
-545.353
-546.475
-547.597
-548.719
-549.841
-550.963
-552.085
-553.208
-554.33
-555.452
-556.574
-557.697
-558.819
-559.942
-561.064
-562.186
-563.309
-564.431
-565.554
-566.676
-567.799
-568.922
-570.044
-571.167
-572.29
-573.412
-574.535
-575.658
-576.781
-577.904
-579.027
-580.15
-581.273
-582.396
-583.519
-584.642
-585.765
-586.888
-588.011
-589.134
-590.257
-591.38
-592.504
-593.627
-594.75
-595.874
-596.997
-598.12
-599.244
-600.367
-601.491
-602.614
-603.738
-604.862
-605.985
-607.109
-608.233
-609.356
-610.48
-611.604
-612.728
-613.851
-614.975
-616.099
-617.223
-618.347
-619.471
-620.595
-621.719
-622.843
-623.967
-625.091
-626.215
-627.34
-628.464
-629.588
-630.712
-631.837
-632.961
-634.085
-635.21
-636.334
-637.459
-638.583
-639.708
-640.832
-641.957
-643.082
-644.206
-645.331
-646.456
-647.58
-648.705
-649.83
-650.955
-652.08
-653.204
-654.329
-655.454
-656.579
-657.704
-658.829
-659.954
-661.079
-662.205
-663.33
-664.455
-665.58
-666.705
-667.831
-668.956
-670.081
-671.207
-672.332
-673.458
-674.583
-675.708
-676.834
-677.96
-679.085
-680.211
-681.336
-682.462
-683.588
-684.713
-685.839
-686.965
-688.091
-689.217
-690.343
-691.468
-692.594
-693.72
-694.846
-695.972
-697.098
-698.225
-699.351
-700.477
-701.603
-702.729
-703.855
-704.982
-706.108
-707.234
-708.361
-709.487
-710.614
-711.74
-712.866
-713.993
-715.12
-716.246
-717.373
-718.499
-719.626
-720.753
-721.879
-723.006
-724.133
-725.26
-726.387
-727.513
-728.64
-729.767
-730.894
-732.021
-733.148
-734.275
-735.402
-736.53
-737.657
-738.784
-739.911
-741.038
-742.166
-743.293
-744.42
-745.548
-746.675
-747.802
-748.93
-750.057
-751.185
-752.312
-753.44
-754.567
-755.695
-756.823
-757.95
-759.078
-760.206
-761.334
-762.461
-763.589
-764.717
-765.845
-766.973
-768.101
-769.229
-770.357
-771.485
-772.613
-773.741
-774.869
-775.997
-777.126
-778.254
-779.382
-780.51
-781.639
-782.767
-783.896
-785.024
-786.152
-787.281
-788.409
-789.538
-790.666
-791.795
-792.924
-794.052
-795.181
-796.31
-797.438
-798.567
-799.696
-800.825
-801.954
-803.083
-804.211
-805.34
-806.469
-807.598
-808.727
-809.856
-810.986
-812.115
-813.244
-814.373
-815.502
-816.632
-817.761
-818.89
-820.019
-821.149
-822.278
-823.408
-824.537
-825.667
-826.796
-827.926
-829.055
-830.185
-831.314
-832.444
-833.574
-834.704
-835.833
-836.963
-838.093
-839.223
-840.353
-841.483
-842.613
-843.743
-844.873
-846.003
-847.133
-848.263
-849.393
-850.523
-851.653
-852.783
-853.914
-855.044
-856.174
-857.304
-858.435
-859.565
-860.696
-861.826
-862.957
-864.087
-865.218
-866.348
-867.479
-868.609
-869.74
-870.871
-872.002
-873.132
-874.263
-875.394
-876.525
-877.656
-878.786
-879.917
-881.048
-882.179
-883.31
-884.441
-885.572
-886.704
-887.835
-888.966
-890.097
-891.228
-892.36
-893.491
-894.622
-895.754
-896.885
-898.016
-899.148
-900.279
-901.411
-902.542
-903.674
-904.805
-905.937
-907.069
-908.2
-909.332
-910.464
-911.596
-912.727
-913.859
-914.991
-916.123
-917.255
-918.387
-919.519
-920.651
-921.783
-922.915
-924.047
-925.179
-926.311
-927.444
-928.576
-929.708
-930.84
-931.973
-933.105
-934.237
-935.37
-936.502
-937.635
-938.767
-939.9
-941.032
-942.165
-943.297
-944.43
-945.563
-946.695
-947.828
-948.961
-950.094
-951.226
-952.359
-953.492
-954.625
-955.758
-956.891
-958.024
-959.157
-960.29
-961.423
-962.556
-963.689
-964.823
-965.956
-967.089
-968.222
-969.356
-970.489
-971.622
-972.756
-973.889
-975.023
-976.156
-977.29
-978.423
-979.557
-980.69
-981.824
-982.958
-984.091
-985.225
-986.359
-987.493
-988.626
-989.76
-990.894
-992.028
-993.162
-994.296
-995.43
-996.564
-997.698
-998.832
-999.966
-1001.1
-1002.23
-1003.37
-1004.5
-1005.64
-1006.77
-1007.91
-1009.04
-1010.17
-1011.31
-1012.44
-1013.58
-1014.71
-1015.85
-1016.98
-1018.12
-1019.25
-1020.39
-1021.52
-1022.65
-1023.79
-1024.92
-1026.06
-1027.19
-1028.33
-1029.46
-1030.6
-1031.73
-1032.87
-1034
-1035.14
-1036.27
-1037.41
-1038.54
-1039.68
-1040.81
-1041.95
-1043.08
-1044.22
-1045.35
-1046.49
-1047.63
-1048.76
-1049.9
-1051.03
-1052.17
-1053.3
-1054.44
-1055.57
-1056.71
-1057.85
-1058.98
-1060.12
-1061.25
-1062.39
-1063.52
-1064.66
-1065.8
-1066.93
-1068.07
-1069.2
-1070.34
-1071.48
-1072.61
-1073.75
-1074.88
-1076.02
-1077.16
-1078.29
-1079.43
-1080.56
-1081.7
-1082.84
-1083.97
-1085.11
-1086.25
-1087.38
-1088.52
-1089.66
-1090.79
-1091.93
-1093.06
-1094.2
-1095.34
-1096.47
-1097.61
-1098.75
-1099.88
-1101.02
-1102.16
-1103.3
-1104.43
-1105.57
-1106.71
-1107.84
-1108.98
-1110.12
-1111.25
-1112.39
-1113.53
-1114.67
-1115.8
-1116.94
-1118.08
-1119.21
-1120.35
-1121.49
-1122.63
-1123.76
-1124.9
-1126.04
-1127.18
-1128.31
-1129.45
-1130.59
-1131.73
-1132.86
-1134
-1135.14
-1136.28
-1137.41
-1138.55
-1139.69
-1140.83
-1141.97
-1143.1
-1144.24
-1145.38
-1146.52
-1147.65
-1148.79
-1149.93
-1151.07
-1152.21
-1153.35
-1154.48
-1155.62
-1156.76
-1157.9
-1159.04
-1160.17
-1161.31
-1162.45
-1163.59
-1164.73
-1165.87
-1167.01
-1168.14
-1169.28
-1170.42
-1171.56
-1172.7
-1173.84
-1174.98
-1176.11
-1177.25
-1178.39
-1179.53
-1180.67
-1181.81
-1182.95
-1184.09
-1185.23
-1186.36
-1187.5
-1188.64
-1189.78
-1190.92
-1192.06
-1193.2
-1194.34
-1195.48
-1196.62
-1197.76
-1198.9
-1200.04
-1201.17
-1202.31
-1203.45
-1204.59
-1205.73
-1206.87
-1208.01
-1209.15
-1210.29
-1211.43
-1212.57
-1213.71
-1214.85
-1215.99
-1217.13
-1218.27
-1219.41
-1220.55
-1221.69
-1222.83
-1223.97
-1225.11
-1226.25
-1227.39
-1228.53
-1229.67
-1230.81
-1231.95
-1233.09
-1234.23
-1235.37
-1236.51
-1237.65
-1238.79
-1239.93
-1241.07
-1242.21
-1243.35
-1244.49
-1245.63
-1246.77
-1247.92
-1249.06
-1250.2
-1251.34
-1252.48
-1253.62
-1254.76
-1255.9
-1257.04
-1258.18
-1259.32
-1260.46
-1261.61
-1262.75
-1263.89
-1265.03
-1266.17
-1267.31
-1268.45
-1269.59
-1270.73
-1271.88
-1273.02
-1274.16
-1275.3
-1276.44
-1277.58
-1278.72
-1279.87
-1281.01
-1282.15
-1283.29
-1284.43
-1285.57
-1286.71
-1287.86
-1289
-1290.14
-1291.28
-1292.42
-1293.56
-1294.71
-1295.85
-1296.99
-1298.13
-1299.27
-1300.42
-1301.56
-1302.7
-1303.84
-1304.98
-1306.13
-1307.27
-1308.41
-1309.55
-1310.7
-1311.84
-1312.98
-1314.12
-1315.27
-1316.41
-1317.55
-1318.69
-1319.83
-1320.98
-1322.12
-1323.26
-1324.41
-1325.55
-1326.69
-1327.83
-1328.98
-1330.12
-1331.26
-1332.4
-1333.55
-1334.69
-1335.83
-1336.98
-1338.12
-1339.26
-1340.4
-1341.55
-1342.69
-1343.83
-1344.98
-1346.12
-1347.26
-1348.41
-1349.55
-1350.69
-1351.84
-1352.98
-1354.12
-1355.27
-1356.41
-1357.55
-1358.7
-1359.84
-1360.98
-1362.13
-1363.27
-1364.42
-1365.56
-1366.7
-1367.85
-1368.99
-1370.13
-1371.28
-1372.42
-1373.57
-1374.71
-1375.85
-1377
-1378.14
-1379.29
-1380.43
-1381.57
-1382.72
-1383.86
-1385.01
-1386.15
-1387.29
-1388.44
-1389.58
-1390.73
-1391.87
-1393.02
-1394.16
-1395.31
-1396.45
-1397.59
-1398.74
-1399.88
-1401.03
-1402.17
-1403.32
-1404.46
-1405.61
-1406.75
-1407.9
-1409.04
-1410.19
-1411.33
-1412.48
-1413.62
-1414.77
-1415.91
-1417.06
-1418.2
-1419.35
-1420.49
-1421.64
-1422.78
-1423.93
-1425.07
-1426.22
-1427.36
-1428.51
-1429.65
-1430.8
-1431.94
-1433.09
-1434.24
-1435.38
-1436.53
-1437.67
-1438.82
-1439.96
-1441.11
-1442.25
-1443.4
-1444.55
-1445.69
-1446.84
-1447.98
-1449.13
-1450.27
-1451.42
-1452.57
-1453.71
-1454.86
-1456
-1457.15
-1458.3
-1459.44
-1460.59
-1461.74
-1462.88
-1464.03
-1465.17
-1466.32
-1467.47
-1468.61
-1469.76
-1470.91
-1472.05
-1473.2
-1474.35
-1475.49
-1476.64
-1477.79
-1478.93
-1480.08
-1481.23
-1482.37
-1483.52
-1484.67
-1485.81
-1486.96
-1488.11
-1489.25
-1490.4
-1491.55
-1492.69
-1493.84
-1494.99
-1496.13
-1497.28
-1498.43
-1499.58
-1500.72
-1501.87
-1503.02
-1504.17
-1505.31
-1506.46
-1507.61
-1508.75
-1509.9
-1511.05
-1512.2
-1513.34
-1514.49
-1515.64
-1516.79
-1517.93
-1519.08
-1520.23
-1521.38
-1522.53
-1523.67
-1524.82
-1525.97
-1527.12
-1528.27
-1529.41
-1530.56
-1531.71
-1532.86
-1534.01
-1535.15
-1536.3
-1537.45
-1538.6
-1539.75
-1540.89
-1542.04
-1543.19
-1544.34
-1545.49
-1546.64
-1547.78
-1548.93
-1550.08
-1551.23
-1552.38
-1553.53
-1554.68
-1555.82
-1556.97
-1558.12
-1559.27
-1560.42
-1561.57
-1562.72
-1563.86
-1565.01
-1566.16
-1567.31
-1568.46
-1569.61
-1570.76
-1571.91
-1573.06
-1574.21
-1575.35
-1576.5
-1577.65
-1578.8
-1579.95
-1581.1
-1582.25
-1583.4
-1584.55
-1585.7
-1586.85
-1588
-1589.15
-1590.3
-1591.45
-1592.6
-1593.74
-1594.89
-1596.04
-1597.19
-1598.34
-1599.49
-1600.64
-1601.79
-1602.94
-1604.09
-1605.24
-1606.39
-1607.54
-1608.69
-1609.84
-1610.99
-1612.14
-1613.29
-1614.44
-1615.59
-1616.74
-1617.89
-1619.04
-1620.19
-1621.34
-1622.49
-1623.64
-1624.8
-1625.95
-1627.1
-1628.25
-1629.4
-1630.55
-1631.7
-1632.85
-1634
-1635.15
-1636.3
-1637.45
-1638.6
-1639.75
-1640.9
-1642.05
-1643.21
-1644.36
-1645.51
-1646.66
-1647.81
-1648.96
-1650.11
-1651.26
-1652.41
-1653.56
-1654.72
-1655.87
-1657.02
-1658.17
-1659.32
-1660.47
-1661.62
-1662.78
-1663.93
-1665.08
-1666.23
-1667.38
-1668.53
-1669.68
-1670.84
-1671.99
-1673.14
-1674.29
-1675.44
-1676.59
-1677.75
-1678.9
-1680.05
-1681.2
-1682.35
-1683.5
-1684.66
-1685.81
-1686.96
-1688.11
-1689.26
-1690.42
-1691.57
-1692.72
-1693.87
-1695.03
-1696.18
-1697.33
-1698.48
-1699.63
-1700.79
-1701.94
-1703.09
-1704.24
-1705.4
-1706.55
-1707.7
-1708.85
-1710.01
-1711.16
-1712.31
-1713.46
-1714.62
-1715.77
-1716.92
-1718.08
-1719.23
-1720.38
-1721.53
-1722.69
-1723.84
-1724.99
-1726.15
-1727.3
-1728.45
-1729.61
-1730.76
-1731.91
-1733.06
-1734.22
-1735.37
-1736.52
-1737.68
-1738.83
-1739.98
-1741.14
-1742.29
-1743.44
-1744.6
-1745.75
-1746.91
-1748.06
-1749.21
-1750.37
-1751.52
-1752.67
-1753.83
-1754.98
-1756.13
-1757.29
-1758.44
-1759.6
-1760.75
-1761.9
-1763.06
-1764.21
-1765.37
-1766.52
-1767.67
-1768.83
-1769.98
-1771.14
-1772.29
-1773.44
-1774.6
-1775.75
-1776.91
-1778.06
-1779.22
-1780.37
-1781.53
-1782.68
-1783.83
-1784.99
-1786.14
-1787.3
-1788.45
-1789.61
-1790.76
-1791.92
-1793.07
-1794.23
-1795.38
-1796.54
-1797.69
-1798.85
-1800
-1801.15
-1802.31
-1803.46
-1804.62
-1805.77
-1806.93
-1808.08
-1809.24
-1810.4
-1811.55
-1812.71
-1813.86
-1815.02
-1816.17
-1817.33
-1818.48
-1819.64
-1820.79
-1821.95
-1823.1
-1824.26
-1825.42
-1826.57
-1827.73
-1828.88
-1830.04
-1831.19
-1832.35
-1833.5
-1834.66
-1835.82
-1836.97
-1838.13
-1839.28
-1840.44
-1841.6
-1842.75
-1843.91
-1845.06
-1846.22
-1847.38
-1848.53
-1849.69
-1850.84
-1852
-1853.16
-1854.31
-1855.47
-1856.63
-1857.78
-1858.94
-1860.1
-1861.25
-1862.41
-1863.56
-1864.72
-1865.88
-1867.03
-1868.19
-1869.35
-1870.5
-1871.66
-1872.82
-1873.97
-1875.13
-1876.29
-1877.44
-1878.6
-1879.76
-1880.92
-1882.07
-1883.23
-1884.39
-1885.54
-1886.7
-1887.86
-1889.02
-1890.17
-1891.33
-1892.49
-1893.64
-1894.8
-1895.96
-1897.12
-1898.27
-1899.43
-1900.59
-1901.75
-1902.9
-1904.06
-1905.22
-1906.38
-1907.53
-1908.69
-1909.85
-1911.01
-1912.16
-1913.32
-1914.48
-1915.64
-1916.8
-1917.95
-1919.11
-1920.27
-1921.43
-1922.59
-1923.74
-1924.9
-1926.06
-1927.22
-1928.38
-1929.53
-1930.69
-1931.85
-1933.01
-1934.17
-1935.33
-1936.48
-1937.64
-1938.8
-1939.96
-1941.12
-1942.28
-1943.44
-1944.59
-1945.75
-1946.91
-1948.07
-1949.23
-1950.39
-1951.55
-1952.7
-1953.86
-1955.02
-1956.18
-1957.34
-1958.5
-1959.66
-1960.82
-1961.98
-1963.14
-1964.29
-1965.45
-1966.61
-1967.77
-1968.93
-1970.09
-1971.25
-1972.41
-1973.57
-1974.73
-1975.89
-1977.05
-1978.21
-1979.36
-1980.52
-1981.68
-1982.84
-1984
-1985.16
-1986.32
-1987.48
-1988.64
-1989.8
-1990.96
-1992.12
-1993.28
-1994.44
-1995.6
-1996.76
-1997.92
-1999.08
-2000.24
-2001.4
-2002.56
-2003.72
-2004.88
-2006.04
-2007.2
-2008.36
-2009.52
-2010.68
-2011.84
-2013
-2014.16
-2015.32
-2016.48
-2017.64
-2018.8
-2019.96
-2021.13
-2022.29
-2023.45
-2024.61
-2025.77
-2026.93
-2028.09
-2029.25
-2030.41
-2031.57
-2032.73
-2033.89
-2035.05
-2036.21
-2037.38
-2038.54
-2039.7
-2040.86
-2042.02
-2043.18
-2044.34
-2045.5
-2046.66
-2047.83
-2048.99
-2050.15
-2051.31
-2052.47
-2053.63
-2054.79
-2055.95
-2057.12
-2058.28
-2059.44
-2060.6
-2061.76
-2062.92
-2064.08
-2065.25
-2066.41
-2067.57
-2068.73
-2069.89
-2071.06
-2072.22
-2073.38
-2074.54
-2075.7
-2076.86
-2078.03
-2079.19
-2080.35
-2081.51
-2082.67
-2083.84
-2085
-2086.16
-2087.32
-2088.49
-2089.65
-2090.81
-2091.97
-2093.13
-2094.3
-2095.46
-2096.62
-2097.78
-2098.95
-2100.11
-2101.27
-2102.43
-2103.6
-2104.76
-2105.92
-2107.09
-2108.25
-2109.41
-2110.57
-2111.74
-2112.9
-2114.06
-2115.22
-2116.39
-2117.55
-2118.71
-2119.88
-2121.04
-2122.2
-2123.37
-2124.53
-2125.69
-2126.86
-2128.02
-2129.18
-2130.35
-2131.51
-2132.67
-2133.84
-2135
-2136.16
-2137.33
-2138.49
-2139.65
-2140.82
-2141.98
-2143.14
-2144.31
-2145.47
-2146.63
-2147.8
-2148.96
-2150.13
-2151.29
-2152.45
-2153.62
-2154.78
-2155.94
-2157.11
-2158.27
-2159.44
-2160.6
-2161.76
-2162.93
-2164.09
-2165.26
-2166.42
-2167.59
-2168.75
-2169.91
-2171.08
-2172.24
-2173.41
-2174.57
-2175.74
-2176.9
-2178.06
-2179.23
-2180.39
-2181.56
-2182.72
-2183.89
-2185.05
-2186.22
-2187.38
-2188.55
-2189.71
-2190.88
-2192.04
-2193.21
-2194.37
-2195.54
-2196.7
-2197.87
-2199.03
-2200.2
-2201.36
-2202.53
-2203.69
-2204.86
-2206.02
-2207.19
-2208.35
-2209.52
-2210.68
-2211.85
-2213.01
-2214.18
-2215.34
-2216.51
-2217.67
-2218.84
-2220.01
-2221.17
-2222.34
-2223.5
-2224.67
-2225.83
-2227
-2228.17
-2229.33
-2230.5
-2231.66
-2232.83
-2233.99
-2235.16
-2236.33
-2237.49
-2238.66
-2239.82
-2240.99
-2242.16
-2243.32
-2244.49
-2245.66
-2246.82
-2247.99
-2249.15
-2250.32
-2251.49
-2252.65
-2253.82
-2254.99
-2256.15
-2257.32
-2258.48
-2259.65
-2260.82
-2261.98
-2263.15
-2264.32
-2265.48
-2266.65
-2267.82
-2268.98
-2270.15
-2271.32
-2272.49
-2273.65
-2274.82
-2275.99
-2277.15
-2278.32
-2279.49
-2280.65
-2281.82
-2282.99
-2284.16
-2285.32
-2286.49
-2287.66
-2288.82
-2289.99
-2291.16
-2292.33
-2293.49
-2294.66
-2295.83
-2297
-2298.16
-2299.33
-2300.5
-2301.67
-2302.83
-2304
-2305.17
-2306.34
-2307.5
-2308.67
-2309.84
-2311.01
-2312.18
-2313.34
-2314.51
-2315.68
-2316.85
-2318.02
-2319.18
-2320.35
-2321.52
-2322.69
-2323.86
-2325.02
-2326.19
-2327.36
-2328.53
-2329.7
-2330.87
-2332.03
-2333.2
-2334.37
-2335.54
-2336.71
-2337.88
-2339.04
-2340.21
-2341.38
-2342.55
-2343.72
-2344.89
-2346.06
-2347.22
-2348.39
-2349.56
-2350.73
-2351.9
-2353.07
-2354.24
-2355.41
-2356.58
-2357.74
-2358.91
-2360.08
-2361.25
-2362.42
-2363.59
-2364.76
-2365.93
-2367.1
-2368.27
-2369.44
-2370.61
-2371.77
-2372.94
-2374.11
-2375.28
-2376.45
-2377.62
-2378.79
-2379.96
-2381.13
-2382.3
-2383.47
-2384.64
-2385.81
-2386.98
-2388.15
-2389.32
-2390.49
-2391.66
-2392.83
-2394
-2395.17
-2396.34
-2397.51
-2398.68
-2399.85
-2401.02
-2402.19
-2403.36
-2404.53
-2405.7
-2406.87
-2408.04
-2409.21
-2410.38
-2411.55
-2412.72
-2413.89
-2415.06
-2416.23
-2417.4
-2418.57
-2419.74
-2420.91
-2422.08
-2423.25
-2424.43
-2425.6
-2426.77
-2427.94
-2429.11
-2430.28
-2431.45
-2432.62
-2433.79
-2434.96
-2436.13
-2437.3
-2438.48
-2439.65
-2440.82
-2441.99
-2443.16
-2444.33
-2445.5
-2446.67
-2447.84
-2449.02
-2450.19
-2451.36
-2452.53
-2453.7
-2454.87
-2456.04
-2457.22
-2458.39
-2459.56
-2460.73
-2461.9
-2463.07
-2464.24
-2465.42
-2466.59
-2467.76
-2468.93
-2470.1
-2471.28
-2472.45
-2473.62
-2474.79
-2475.96
-2477.13
-2478.31
-2479.48
-2480.65
-2481.82
-2483
-2484.17
-2485.34
-2486.51
-2487.68
-2488.86
-2490.03
-2491.2
-2492.37
-2493.55
-2494.72
-2495.89
-2497.06
-2498.24
-2499.41
-2500.58
-2501.75
-2502.93
-2504.1
-2505.27
-2506.44
-2507.62
-2508.79
-2509.96
-2511.13
-2512.31
-2513.48
-2514.65
-2515.83
-2517
-2518.17
-2519.35
-2520.52
-2521.69
-2522.86
-2524.04
-2525.21
-2526.38
-2527.56
-2528.73
-2529.9
-2531.08
-2532.25
-2533.42
-2534.6
-2535.77
-2536.94
-2538.12
-2539.29
-2540.46
-2541.64
-2542.81
-2543.99
-2545.16
-2546.33
-2547.51
-2548.68
-2549.85
-2551.03
-2552.2
-2553.38
-2554.55
-2555.72
-2556.9
-2558.07
-2559.24
-2560.42
-2561.59
-2562.77
-2563.94
-2565.12
-2566.29
-2567.46
-2568.64
-2569.81
-2570.99
-2572.16
-2573.34
-2574.51
-2575.68
-2576.86
-2578.03
-2579.21
-2580.38
-2581.56
-2582.73
-2583.91
-2585.08
-2586.25
-2587.43
-2588.6
-2589.78
-2590.95
-2592.13
-2593.3
-2594.48
-2595.65
-2596.83
-2598
-2599.18
-2600.35
-2601.53
-2602.7
-2603.88
-2605.05
-2606.23
-2607.4
-2608.58
-2609.75
-2610.93
-2612.11
-2613.28
-2614.46
-2615.63
-2616.81
-2617.98
-2619.16
-2620.33
-2621.51
-2622.68
-2623.86
-2625.04
-2626.21
-2627.39
-2628.56
-2629.74
-2630.91
-2632.09
-2633.27
-2634.44
-2635.62
-2636.79
-2637.97
-2639.15
-2640.32
-2641.5
-2642.67
-2643.85
-2645.03
-2646.2
-2647.38
-2648.55
-2649.73
-2650.91
-2652.08
-2653.26
-2654.44
-2655.61
-2656.79
-2657.96
-2659.14
-2660.32
-2661.49
-2662.67
-2663.85
-2665.02
-2666.2
-2667.38
-2668.55
-2669.73
-2670.91
-2672.08
-2673.26
-2674.44
-2675.62
-2676.79
-2677.97
-2679.15
-2680.32
-2681.5
-2682.68
-2683.85
-2685.03
-2686.21
-2687.39
-2688.56
-2689.74
-2690.92
-2692.09
-2693.27
-2694.45
-2695.63
-2696.8
-2697.98
-2699.16
-2700.34
-2701.51
-2702.69
-2703.87
-2705.05
-2706.22
-2707.4
-2708.58
-2709.76
-2710.93
-2712.11
-2713.29
-2714.47
-2715.65
-2716.82
-2718
-2719.18
-2720.36
-2721.54
-2722.71
-2723.89
-2725.07
-2726.25
-2727.43
-2728.6
-2729.78
-2730.96
-2732.14
-2733.32
-2734.5
-2735.67
-2736.85
-2738.03
-2739.21
-2740.39
-2741.57
-2742.75
-2743.92
-2745.1
-2746.28
-2747.46
-2748.64
-2749.82
-2751
-2752.17
-2753.35
-2754.53
-2755.71
-2756.89
-2758.07
-2759.25
-2760.43
-2761.61
-2762.78
-2763.96
-2765.14
-2766.32
-2767.5
-2768.68
-2769.86
-2771.04
-2772.22
-2773.4
-2774.58
-2775.76
-2776.94
-2778.11
-2779.29
-2780.47
-2781.65
-2782.83
-2784.01
-2785.19
-2786.37
-2787.55
-2788.73
-2789.91
-2791.09
-2792.27
-2793.45
-2794.63
-2795.81
-2796.99
-2798.17
-2799.35
-2800.53
-2801.71
-2802.89
-2804.07
-2805.25
-2806.43
-2807.61
-2808.79
-2809.97
-2811.15
-2812.33
-2813.51
-2814.69
-2815.87
-2817.05
-2818.23
-2819.41
-2820.59
-2821.77
-2822.95
-2824.13
-2825.31
-2826.49
-2827.68
-2828.86
-2830.04
-2831.22
-2832.4
-2833.58
-2834.76
-2835.94
-2837.12
-2838.3
-2839.48
-2840.66
-2841.85
-2843.03
-2844.21
-2845.39
-2846.57
-2847.75
-2848.93
-2850.11
-2851.29
-2852.48
-2853.66
-2854.84
-2856.02
-2857.2
-2858.38
-2859.56
-2860.74
-2861.93
-2863.11
-2864.29
-2865.47
-2866.65
-2867.83
-2869.02
-2870.2
-2871.38
-2872.56
-2873.74
-2874.92
-2876.11
-2877.29
-2878.47
-2879.65
-2880.83
-2882.02
-2883.2
-2884.38
-2885.56
-2886.74
-2887.93
-2889.11
-2890.29
-2891.47
-2892.65
-2893.84
-2895.02
-2896.2
-2897.38
-2898.57
-2899.75
-2900.93
-2902.11
-2903.3
-2904.48
-2905.66
-2906.84
-2908.03
-2909.21
-2910.39
-2911.57
-2912.76
-2913.94
-2915.12
-2916.3
-2917.49
-2918.67
-2919.85
-2921.04
-2922.22
-2923.4
-2924.58
-2925.77
-2926.95
-2928.13
-2929.32
-2930.5
-2931.68
-2932.87
-2934.05
-2935.23
-2936.42
-2937.6
-2938.78
-2939.97
-2941.15
-2942.33
-2943.52
-2944.7
-2945.88
-2947.07
-2948.25
-2949.43
-2950.62
-2951.8
-2952.99
-2954.17
-2955.35
-2956.54
-2957.72
-2958.9
-2960.09
-2961.27
-2962.46
-2963.64
-2964.82
-2966.01
-2967.19
-2968.38
-2969.56
-2970.74
-2971.93
-2973.11
-2974.3
-2975.48
-2976.66
-2977.85
-2979.03
-2980.22
-2981.4
-2982.59
-2983.77
-2984.96
-2986.14
-2987.32
-2988.51
-2989.69
-2990.88
-2992.06
-2993.25
-2994.43
-2995.62
-2996.8
-2997.99
-2999.17
-3000.36
-3001.54
-3002.73
-3003.91
-3005.1
-3006.28
-3007.47
-3008.65
-3009.84
-3011.02
-3012.21
-3013.39
-3014.58
-3015.76
-3016.95
-3018.13
-3019.32
-3020.5
-3021.69
-3022.87
-3024.06
-3025.24
-3026.43
-3027.61
-3028.8
-3029.99
-3031.17
-3032.36
-3033.54
-3034.73
-3035.91
-3037.1
-3038.29
-3039.47
-3040.66
-3041.84
-3043.03
-3044.21
-3045.4
-3046.59
-3047.77
-3048.96
-3050.14
-3051.33
-3052.52
-3053.7
-3054.89
-3056.08
-3057.26
-3058.45
-3059.63
-3060.82
-3062.01
-3063.19
-3064.38
-3065.57
-3066.75
-3067.94
-3069.13
-3070.31
-3071.5
-3072.69
-3073.87
-3075.06
-3076.25
-3077.43
-3078.62
-3079.81
-3080.99
-3082.18
-3083.37
-3084.55
-3085.74
-3086.93
-3088.11
-3089.3
-3090.49
-3091.67
-3092.86
-3094.05
-3095.24
-3096.42
-3097.61
-3098.8
-3099.98
-3101.17
-3102.36
-3103.55
-3104.73
-3105.92
-3107.11
-3108.3
-3109.48
-3110.67
-3111.86
-3113.05
-3114.23
-3115.42
-3116.61
-3117.8
-3118.98
-3120.17
-3121.36
-3122.55
-3123.74
-3124.92
-3126.11
-3127.3
-3128.49
-3129.68
-3130.86
-3132.05
-3133.24
-3134.43
-3135.62
-3136.8
-3137.99
-3139.18
-3140.37
-3141.56
-3142.74
-3143.93
-3145.12
-3146.31
-3147.5
-3148.69
-3149.88
-3151.06
-3152.25
-3153.44
-3154.63
-3155.82
-3157.01
-3158.2
-3159.38
-3160.57
-3161.76
-3162.95
-3164.14
-3165.33
-3166.52
-3167.71
-3168.89
-3170.08
-3171.27
-3172.46
-3173.65
-3174.84
-3176.03
-3177.22
-3178.41
-3179.6
-3180.79
-3181.97
-3183.16
-3184.35
-3185.54
-3186.73
-3187.92
-3189.11
-3190.3
-3191.49
-3192.68
-3193.87
-3195.06
-3196.25
-3197.44
-3198.63
-3199.82
-3201.01
-3202.2
-3203.39
-3204.58
-3205.77
-3206.96
-3208.14
-3209.33
-3210.52
-3211.71
-3212.9
-3214.09
-3215.28
-3216.47
-3217.66
-3218.86
-3220.05
-3221.24
-3222.43
-3223.62
-3224.81
-3226
-3227.19
-3228.38
-3229.57
-3230.76
-3231.95
-3233.14
-3234.33
-3235.52
-3236.71
-3237.9
-3239.09
-3240.28
-3241.47
-3242.66
-3243.85
-3245.04
-3246.24
-3247.43
-3248.62
-3249.81
-3251
-3252.19
-3253.38
-3254.57
-3255.76
-3256.95
-3258.15
-3259.34
-3260.53
-3261.72
-3262.91
-3264.1
-3265.29
-3266.48
-3267.67
-3268.87
-3270.06
-3271.25
-3272.44
-3273.63
-3274.82
-3276.01
-3277.21
-3278.4
-3279.59
-3280.78
-3281.97
-3283.16
-3284.36
-3285.55
-3286.74
-3287.93
-3289.12
-3290.31
-3291.51
-3292.7
-3293.89
-3295.08
-3296.27
-3297.47
-3298.66
-3299.85
-3301.04
-3302.23
-3303.43
-3304.62
-3305.81
-3307
-3308.2
-3309.39
-3310.58
-3311.77
-3312.97
-3314.16
-3315.35
-3316.54
-3317.74
-3318.93
-3320.12
-3321.31
-3322.51
-3323.7
-3324.89
-3326.08
-3327.28
-3328.47
-3329.66
-3330.85
-3332.05
-3333.24
-3334.43
-3335.63
-3336.82
-3338.01
-3339.21
-3340.4
-3341.59
-3342.78
-3343.98
-3345.17
-3346.36
-3347.56
-3348.75
-3349.94
-3351.14
-3352.33
-3353.52
-3354.72
-3355.91
-3357.1
-3358.3
-3359.49
-3360.68
-3361.88
-3363.07
-3364.27
-3365.46
-3366.65
-3367.85
-3369.04
-3370.23
-3371.43
-3372.62
-3373.82
-3375.01
-3376.2
-3377.4
-3378.59
-3379.78
-3380.98
-3382.17
-3383.37
-3384.56
-3385.76
-3386.95
-3388.14
-3389.34
-3390.53
-3391.73
-3392.92
-3394.11
-3395.31
-3396.5
-3397.7
-3398.89
-3400.09
-3401.28
-3402.48
-3403.67
-3404.87
-3406.06
-3407.25
-3408.45
-3409.64
-3410.84
-3412.03
-3413.23
-3414.42
-3415.62
-3416.81
-3418.01
-3419.2
-3420.4
-3421.59
-3422.79
-3423.98
-3425.18
-3426.37
-3427.57
-3428.76
-3429.96
-3431.15
-3432.35
-3433.54
-3434.74
-3435.93
-3437.13
-3438.33
-3439.52
-3440.72
-3441.91
-3443.11
-3444.3
-3445.5
-3446.69
-3447.89
-3449.08
-3450.28
-3451.48
-3452.67
-3453.87
-3455.06
-3456.26
-3457.46
-3458.65
-3459.85
-3461.04
-3462.24
-3463.43
-3464.63
-3465.83
-3467.02
-3468.22
-3469.42
-3470.61
-3471.81
-3473
-3474.2
-3475.4
-3476.59
-3477.79
-3478.99
-3480.18
-3481.38
-3482.57
-3483.77
-3484.97
-3486.16
-3487.36
-3488.56
-3489.75
-3490.95
-3492.15
-3493.34
-3494.54
-3495.74
-3496.93
-3498.13
-3499.33
-3500.52
-3501.72
-3502.92
-3504.12
-3505.31
-3506.51
-3507.71
-3508.9
-3510.1
-3511.3
-3512.49
-3513.69
-3514.89
-3516.09
-3517.28
-3518.48
-3519.68
-3520.88
-3522.07
-3523.27
-3524.47
-3525.67
-3526.86
-3528.06
-3529.26
-3530.46
-3531.65
-3532.85
-3534.05
-3535.25
-3536.44
-3537.64
-3538.84
-3540.04
-3541.24
-3542.43
-3543.63
-3544.83
-3546.03
-3547.22
-3548.42
-3549.62
-3550.82
-3552.02
-3553.21
-3554.41
-3555.61
-3556.81
-3558.01
-3559.21
-3560.4
-3561.6
-3562.8
-3564
-3565.2
-3566.4
-3567.59
-3568.79
-3569.99
-3571.19
-3572.39
-3573.59
-3574.79
-3575.98
-3577.18
-3578.38
-3579.58
-3580.78
-3581.98
-3583.18
-3584.38
-3585.58
-3586.77
-3587.97
-3589.17
-3590.37
-3591.57
-3592.77
-3593.97
-3595.17
-3596.37
-3597.57
-3598.76
-3599.96
-3601.16
-3602.36
-3603.56
-3604.76
-3605.96
-3607.16
-3608.36
-3609.56
-3610.76
-3611.96
-3613.16
-3614.36
-3615.56
-3616.76
-3617.96
-3619.16
-3620.36
-3621.55
-3622.75
-3623.95
-3625.15
-3626.35
-3627.55
-3628.75
-3629.95
-3631.15
-3632.35
-3633.55
-3634.75
-3635.95
-3637.15
-3638.35
-3639.55
-3640.75
-3641.95
-3643.16
-3644.36
-3645.56
-3646.76
-3647.96
-3649.16
-3650.36
-3651.56
-3652.76
-3653.96
-3655.16
-3656.36
-3657.56
-3658.76
-3659.96
-3661.16
-3662.36
-3663.56
-3664.76
-3665.97
-3667.17
-3668.37
-3669.57
-3670.77
-3671.97
-3673.17
-3674.37
-3675.57
-3676.77
-3677.97
-3679.18
-3680.38
-3681.58
-3682.78
-3683.98
-3685.18
-3686.38
-3687.58
-3688.79
-3689.99
-3691.19
-3692.39
-3693.59
-3694.79
-3695.99
-3697.2
-3698.4
-3699.6
-3700.8
-3702
-3703.2
-3704.41
-3705.61
-3706.81
-3708.01
-3709.21
-3710.41
-3711.62
-3712.82
-3714.02
-3715.22
-3716.42
-3717.63
-3718.83
-3720.03
-3721.23
-3722.43
-3723.64
-3724.84
-3726.04
-3727.24
-3728.45
-3729.65
-3730.85
-3732.05
-3733.26
-3734.46
-3735.66
-3736.86
-3738.06
-3739.27
-3740.47
-3741.67
-3742.88
-3744.08
-3745.28
-3746.48
-3747.69
-3748.89
-3750.09
-3751.29
-3752.5
-3753.7
-3754.9
-3756.11
-3757.31
-3758.51
-3759.71
-3760.92
-3762.12
-3763.32
-3764.53
-3765.73
-3766.93
-3768.14
-3769.34
-3770.54
-3771.75
-3772.95
-3774.15
-3775.36
-3776.56
-3777.76
-3778.97
-3780.17
-3781.37
-3782.58
-3783.78
-3784.98
-3786.19
-3787.39
-3788.6
-3789.8
-3791
-3792.21
-3793.41
-3794.61
-3795.82
-3797.02
-3798.23
-3799.43
-3800.63
-3801.84
-3803.04
-3804.25
-3805.45
-3806.65
-3807.86
-3809.06
-3810.27
-3811.47
-3812.67
-3813.88
-3815.08
-3816.29
-3817.49
-3818.7
-3819.9
-3821.11
-3822.31
-3823.51
-3824.72
-3825.92
-3827.13
-3828.33
-3829.54
-3830.74
-3831.95
-3833.15
-3834.36
-3835.56
-3836.77
-3837.97
-3839.18
-3840.38
-3841.59
-3842.79
-3844
-3845.2
-3846.41
-3847.61
-3848.82
-3850.02
-3851.23
-3852.43
-3853.64
-3854.84
-3856.05
-3857.25
-3858.46
-3859.66
-3860.87
-3862.07
-3863.28
-3864.48
-3865.69
-3866.9
-3868.1
-3869.31
-3870.51
-3871.72
-3872.92
-3874.13
-3875.33
-3876.54
-3877.75
-3878.95
-3880.16
-3881.36
-3882.57
-3883.78
-3884.98
-3886.19
-3887.39
-3888.6
-3889.81
-3891.01
-3892.22
-3893.42
-3894.63
-3895.84
-3897.04
-3898.25
-3899.45
-3900.66
-3901.87
-3903.07
-3904.28
-3905.49
-3906.69
-3907.9
-3909.11
-3910.31
-3911.52
-3912.73
-3913.93
-3915.14
-3916.35
-3917.55
-3918.76
-3919.97
-3921.17
-3922.38
-3923.59
-3924.79
-3926
-3927.21
-3928.41
-3929.62
-3930.83
-3932.03
-3933.24
-3934.45
-3935.66
-3936.86
-3938.07
-3939.28
-3940.48
-3941.69
-3942.9
-3944.11
-3945.31
-3946.52
-3947.73
-3948.94
-3950.14
-3951.35
-3952.56
-3953.77
-3954.97
-3956.18
-3957.39
-3958.6
-3959.8
-3961.01
-3962.22
-3963.43
-3964.64
-3965.84
-3967.05
-3968.26
-3969.47
-3970.68
-3971.88
-3973.09
-3974.3
-3975.51
-3976.72
-3977.92
-3979.13
-3980.34
-3981.55
-3982.76
-3983.96
-3985.17
-3986.38
-3987.59
-3988.8
-3990.01
-3991.21
-3992.42
-3993.63
-3994.84
-3996.05
-3997.26
-3998.47
-3999.67
-4000.88
-4002.09
-4003.3
-4004.51
-4005.72
-4006.93
-4008.14
-4009.34
-4010.55
-4011.76
-4012.97
-4014.18
-4015.39
-4016.6
-4017.81
-4019.02
-4020.22
-4021.43
-4022.64
-4023.85
-4025.06
-4026.27
-4027.48
-4028.69
-4029.9
-4031.11
-4032.32
-4033.53
-4034.74
-4035.95
-4037.16
-4038.36
-4039.57
-4040.78
-4041.99
-4043.2
-4044.41
-4045.62
-4046.83
-4048.04
-4049.25
-4050.46
-4051.67
-4052.88
-4054.09
-4055.3
-4056.51
-4057.72
-4058.93
-4060.14
-4061.35
-4062.56
-4063.77
-4064.98
-4066.19
-4067.4
-4068.61
-4069.82
-4071.03
-4072.24
-4073.45
-4074.66
-4075.87
-4077.08
-4078.29
-4079.5
-4080.72
-4081.93
-4083.14
-4084.35
-4085.56
-4086.77
-4087.98
-4089.19
-4090.4
-4091.61
-4092.82
-4094.03
-4095.24
-4096.45
-4097.67
-4098.88
-4100.09
-4101.3
-4102.51
-4103.72
-4104.93
-4106.14
-4107.35
-4108.56
-4109.78
-4110.99
-4112.2
-4113.41
-4114.62
-4115.83
-4117.04
-4118.25
-4119.47
-4120.68
-4121.89
-4123.1
-4124.31
-4125.52
-4126.73
-4127.95
-4129.16
-4130.37
-4131.58
-4132.79
-4134
-4135.22
-4136.43
-4137.64
-4138.85
-4140.06
-4141.28
-4142.49
-4143.7
-4144.91
-4146.12
-4147.34
-4148.55
-4149.76
-4150.97
-4152.18
-4153.4
-4154.61
-4155.82
-4157.03
-4158.25
-4159.46
-4160.67
-4161.88
-4163.09
-4164.31
-4165.52
-4166.73
-4167.94
-4169.16
-4170.37
-4171.58
-4172.8
-4174.01
-4175.22
-4176.43
-4177.65
-4178.86
-4180.07
-4181.28
-4182.5
-4183.71
-4184.92
-4186.14
-4187.35
-4188.56
-4189.77
-4190.99
-4192.2
-4193.41
-4194.63
-4195.84
-4197.05
-4198.27
-4199.48
-4200.69
-4201.91
-4203.12
-4204.33
-4205.55
-4206.76
-4207.97
-4209.19
-4210.4
-4211.61
-4212.83
-4214.04
-4215.25
-4216.47
-4217.68
-4218.9
-4220.11
-4221.32
-4222.54
-4223.75
-4224.96
-4226.18
-4227.39
-4228.61
-4229.82
-4231.03
-4232.25
-4233.46
-4234.68
-4235.89
-4237.1
-4238.32
-4239.53
-4240.75
-4241.96
-4243.18
-4244.39
-4245.6
-4246.82
-4248.03
-4249.25
-4250.46
-4251.68
-4252.89
-4254.1
-4255.32
-4256.53
-4257.75
-4258.96
-4260.18
-4261.39
-4262.61
-4263.82
-4265.04
-4266.25
-4267.47
-4268.68
-4269.9
-4271.11
-4272.33
-4273.54
-4274.76
-4275.97
-4277.19
-4278.4
-4279.62
-4280.83
-4282.05
-4283.26
-4284.48
-4285.69
-4286.91
-4288.12
-4289.34
-4290.55
-4291.77
-4292.98
-4294.2
-4295.41
-4296.63
-4297.85
-4299.06
-4300.28
-4301.49
-4302.71
-4303.92
-4305.14
-4306.35
-4307.57
-4308.79
-4310
-4311.22
-4312.43
-4313.65
-4314.86
-4316.08
-4317.3
-4318.51
-4319.73
-4320.94
-4322.16
-4323.38
-4324.59
-4325.81
-4327.03
-4328.24
-4329.46
-4330.67
-4331.89
-4333.11
-4334.32
-4335.54
-4336.76
-4337.97
-4339.19
-4340.41
-4341.62
-4342.84
-4344.05
-4345.27
-4346.49
-4347.7
-4348.92
-4350.14
-4351.35
-4352.57
-4353.79
-4355.01
-4356.22
-4357.44
-4358.66
-4359.87
-4361.09
-4362.31
-4363.52
-4364.74
-4365.96
-4367.17
-4368.39
-4369.61
-4370.83
-4372.04
-4373.26
-4374.48
-4375.7
-4376.91
-4378.13
-4379.35
-4380.56
-4381.78
-4383
-4384.22
-4385.43
-4386.65
-4387.87
-4389.09
-4390.3
-4391.52
-4392.74
-4393.96
-4395.18
-4396.39
-4397.61
-4398.83
-4400.05
-4401.26
-4402.48
-4403.7
-4404.92
-4406.14
-4407.35
-4408.57
-4409.79
-4411.01
-4412.23
-4413.44
-4414.66
-4415.88
-4417.1
-4418.32
-4419.54
-4420.75
-4421.97
-4423.19
-4424.41
-4425.63
-4426.85
-4428.06
-4429.28
-4430.5
-4431.72
-4432.94
-4434.16
-4435.38
-4436.59
-4437.81
-4439.03
-4440.25
-4441.47
-4442.69
-4443.91
-4445.13
-4446.34
-4447.56
-4448.78
-4450
-4451.22
-4452.44
-4453.66
-4454.88
-4456.1
-4457.32
-4458.54
-4459.75
-4460.97
-4462.19
-4463.41
-4464.63
-4465.85
-4467.07
-4468.29
-4469.51
-4470.73
-4471.95
-4473.17
-4474.39
-4475.61
-4476.83
-4478.05
-4479.27
-4480.49
-4481.7
-4482.92
-4484.14
-4485.36
-4486.58
-4487.8
-4489.02
-4490.24
-4491.46
-4492.68
-4493.9
-4495.12
-4496.34
-4497.56
-4498.78
-4500
-4501.22
-4502.44
-4503.66
-4504.88
-4506.1
-4507.32
-4508.55
-4509.77
-4510.99
-4512.21
-4513.43
-4514.65
-4515.87
-4517.09
-4518.31
-4519.53
-4520.75
-4521.97
-4523.19
-4524.41
-4525.63
-4526.85
-4528.07
-4529.29
-4530.52
-4531.74
-4532.96
-4534.18
-4535.4
-4536.62
-4537.84
-4539.06
-4540.28
-4541.5
-4542.72
-4543.95
-4545.17
-4546.39
-4547.61
-4548.83
-4550.05
-4551.27
-4552.49
-4553.72
-4554.94
-4556.16
-4557.38
-4558.6
-4559.82
-4561.04
-4562.27
-4563.49
-4564.71
-4565.93
-4567.15
-4568.37
-4569.6
-4570.82
-4572.04
-4573.26
-4574.48
-4575.7
-4576.93
-4578.15
-4579.37
-4580.59
-4581.81
-4583.04
-4584.26
-4585.48
-4586.7
-4587.92
-4589.15
-4590.37
-4591.59
-4592.81
-4594.04
-4595.26
-4596.48
-4597.7
-4598.92
-4600.15
-4601.37
-4602.59
-4603.81
-4605.04
-4606.26
-4607.48
-4608.7
-4609.93
-4611.15
-4612.37
-4613.59
-4614.82
-4616.04
-4617.26
-4618.49
-4619.71
-4620.93
-4622.15
-4623.38
-4624.6
-4625.82
-4627.05
-4628.27
-4629.49
-4630.72
-4631.94
-4633.16
-4634.38
-4635.61
-4636.83
-4638.05
-4639.28
-4640.5
-4641.72
-4642.95
-4644.17
-4645.39
-4646.62
-4647.84
-4649.06
-4650.29
-4651.51
-4652.74
-4653.96
-4655.18
-4656.41
-4657.63
-4658.85
-4660.08
-4661.3
-4662.52
-4663.75
-4664.97
-4666.2
-4667.42
-4668.64
-4669.87
-4671.09
-4672.32
-4673.54
-4674.76
-4675.99
-4677.21
-4678.44
-4679.66
-4680.88
-4682.11
-4683.33
-4684.56
-4685.78
-4687.01
-4688.23
-4689.45
-4690.68
-4691.9
-4693.13
-4694.35
-4695.58
-4696.8
-4698.03
-4699.25
-4700.48
-4701.7
-4702.92
-4704.15
-4705.37
-4706.6
-4707.82
-4709.05
-4710.27
-4711.5
-4712.72
-4713.95
-4715.17
-4716.4
-4717.62
-4718.85
-4720.07
-4721.3
-4722.52
-4723.75
-4724.97
-4726.2
-4727.42
-4728.65
-4729.87
-4731.1
-4732.33
-4733.55
-4734.78
-4736
-4737.23
-4738.45
-4739.68
-4740.9
-4742.13
-4743.35
-4744.58
-4745.81
-4747.03
-4748.26
-4749.48
-4750.71
-4751.93
-4753.16
-4754.39
-4755.61
-4756.84
-4758.06
-4759.29
-4760.52
-4761.74
-4762.97
-4764.19
-4765.42
-4766.65
-4767.87
-4769.1
-4770.33
-4771.55
-4772.78
-4774
-4775.23
-4776.46
-4777.68
-4778.91
-4780.14
-4781.36
-4782.59
-4783.82
-4785.04
-4786.27
-4787.49
-4788.72
-4789.95
-4791.17
-4792.4
-4793.63
-4794.85
-4796.08
-4797.31
-4798.54
-4799.76
-4800.99
-4802.22
-4803.44
-4804.67
-4805.9
-4807.12
-4808.35
-4809.58
-4810.81
-4812.03
-4813.26
-4814.49
-4815.71
-4816.94
-4818.17
-4819.4
-4820.62
-4821.85
-4823.08
-4824.3
-4825.53
-4826.76
-4827.99
-4829.21
-4830.44
-4831.67
-4832.9
-4834.13
-4835.35
-4836.58
-4837.81
-4839.04
-4840.26
-4841.49
-4842.72
-4843.95
-4845.18
-4846.4
-4847.63
-4848.86
-4850.09
-4851.31
-4852.54
-4853.77
-4855
-4856.23
-4857.46
-4858.68
-4859.91
-4861.14
-4862.37
-4863.6
-4864.82
-4866.05
-4867.28
-4868.51
-4869.74
-4870.97
-4872.2
-4873.42
-4874.65
-4875.88
-4877.11
-4878.34
-4879.57
-4880.8
-4882.02
-4883.25
-4884.48
-4885.71
-4886.94
-4888.17
-4889.4
-4890.63
-4891.85
-4893.08
-4894.31
-4895.54
-4896.77
-4898
-4899.23
-4900.46
-4901.69
-4902.92
-4904.14
-4905.37
-4906.6
-4907.83
-4909.06
-4910.29
-4911.52
-4912.75
-4913.98
-4915.21
-4916.44
-4917.67
-4918.9
-4920.13
-4921.36
-4922.59
-4923.82
-4925.05
-4926.27
-4927.5
-4928.73
-4929.96
-4931.19
-4932.42
-4933.65
-4934.88
-4936.11
-4937.34
-4938.57
-4939.8
-4941.03
-4942.26
-4943.49
-4944.72
-4945.95
-4947.18
-4948.41
-4949.64
-4950.87
-4952.1
-4953.33
-4954.56
-4955.8
-4957.03
-4958.26
-4959.49
-4960.72
-4961.95
-4963.18
-4964.41
-4965.64
-4966.87
-4968.1
-4969.33
-4970.56
-4971.79
-4973.02
-4974.25
-4975.48
-4976.71
-4977.95
-4979.18
-4980.41
-4981.64
-4982.87
-4984.1
-4985.33
-4986.56
-4987.79
-4989.02
-4990.26
-4991.49
-4992.72
-4993.95
-4995.18
-4996.41
-4997.64
-4998.87
-5000.11
-5001.34
-5002.57
-5003.8
-5005.03
-5006.26
-5007.49
-5008.72
-5009.96
-5011.19
-5012.42
-5013.65
-5014.88
-5016.11
-5017.35
-5018.58
-5019.81
-5021.04
-5022.27
-5023.51
-5024.74
-5025.97
-5027.2
-5028.43
-5029.66
-5030.9
-5032.13
-5033.36
-5034.59
-5035.82
-5037.06
-5038.29
-5039.52
-5040.75
-5041.99
-5043.22
-5044.45
-5045.68
-5046.91
-5048.15
-5049.38
-5050.61
-5051.84
-5053.08
-5054.31
-5055.54
-5056.77
-5058.01
-5059.24
-5060.47
-5061.7
-5062.94
-5064.17
-5065.4
-5066.64
-5067.87
-5069.1
-5070.33
-5071.57
-5072.8
-5074.03
-5075.27
-5076.5
-5077.73
-5078.97
-5080.2
-5081.43
-5082.66
-5083.9
-5085.13
-5086.36
-5087.6
-5088.83
-5090.06
-5091.3
-5092.53
-5093.76
-5095
-5096.23
-5097.46
-5098.7
-5099.93
-5101.16
-5102.4
-5103.63
-5104.87
-5106.1
-5107.33
-5108.57
-5109.8
-5111.03
-5112.27
-5113.5
-5114.74
-5115.97
-5117.2
-5118.44
-5119.67
-5120.9
-5122.14
-5123.37
-5124.61
-5125.84
-5127.07
-5128.31
-5129.54
-5130.78
-5132.01
-5133.25
-5134.48
-5135.71
-5136.95
-5138.18
-5139.42
-5140.65
-5141.89
-5143.12
-5144.36
-5145.59
-5146.82
-5148.06
-5149.29
-5150.53
-5151.76
-5153
-5154.23
-5155.47
-5156.7
-5157.94
-5159.17
-5160.41
-5161.64
-5162.88
-5164.11
-5165.35
-5166.58
-5167.82
-5169.05
-5170.29
-5171.52
-5172.76
-5173.99
-5175.23
-5176.46
-5177.7
-5178.93
-5180.17
-5181.4
-5182.64
-5183.87
-5185.11
-5186.34
-5187.58
-5188.81
-5190.05
-5191.29
-5192.52
-5193.76
-5194.99
-5196.23
-5197.46
-5198.7
-5199.93
-5201.17
-5202.41
-5203.64
-5204.88
-5206.11
-5207.35
-5208.59
-5209.82
-5211.06
-5212.29
-5213.53
-5214.76
-5216
-5217.24
-5218.47
-5219.71
-5220.95
-5222.18
-5223.42
-5224.65
-5225.89
-5227.13
-5228.36
-5229.6
-5230.84
-5232.07
-5233.31
-5234.54
-5235.78
-5237.02
-5238.25
-5239.49
-5240.73
-5241.96
-5243.2
-5244.44
-5245.67
-5246.91
-5248.15
-5249.38
-5250.62
-5251.86
-5253.09
-5254.33
-5255.57
-5256.81
-5258.04
-5259.28
-5260.52
-5261.75
-5262.99
-5264.23
-5265.46
-5266.7
-5267.94
-5269.18
-5270.41
-5271.65
-5272.89
-5274.13
-5275.36
-5276.6
-5277.84
-5279.07
-5280.31
-5281.55
-5282.79
-5284.02
-5285.26
-5286.5
-5287.74
-5288.97
-5290.21
-5291.45
-5292.69
-5293.93
-5295.16
-5296.4
-5297.64
-5298.88
-5300.11
-5301.35
-5302.59
-5303.83
-5305.07
-5306.3
-5307.54
-5308.78
-5310.02
-5311.26
-5312.5
-5313.73
-5314.97
-5316.21
-5317.45
-5318.69
-5319.92
-5321.16
-5322.4
-5323.64
-5324.88
-5326.12
-5327.35
-5328.59
-5329.83
-5331.07
-5332.31
-5333.55
-5334.79
-5336.02
-5337.26
-5338.5
-5339.74
-5340.98
-5342.22
-5343.46
-5344.7
-5345.93
-5347.17
-5348.41
-5349.65
-5350.89
-5352.13
-5353.37
-5354.61
-5355.85
-5357.09
-5358.32
-5359.56
-5360.8
-5362.04
-5363.28
-5364.52
-5365.76
-5367
-5368.24
-5369.48
-5370.72
-5371.96
-5373.2
-5374.44
-5375.68
-5376.92
-5378.15
-5379.39
-5380.63
-5381.87
-5383.11
-5384.35
-5385.59
-5386.83
-5388.07
-5389.31
-5390.55
-5391.79
-5393.03
-5394.27
-5395.51
-5396.75
-5397.99
-5399.23
-5400.47
-5401.71
-5402.95
-5404.19
-5405.43
-5406.67
-5407.91
-5409.15
-5410.39
-5411.63
-5412.87
-5414.11
-5415.35
-5416.59
-5417.83
-5419.08
-5420.32
-5421.56
-5422.8
-5424.04
-5425.28
-5426.52
-5427.76
-5429
-5430.24
-5431.48
-5432.72
-5433.96
-5435.2
-5436.44
-5437.68
-5438.93
-5440.17
-5441.41
-5442.65
-5443.89
-5445.13
-5446.37
-5447.61
-5448.85
-5450.09
-5451.34
-5452.58
-5453.82
-5455.06
-5456.3
-5457.54
-5458.78
-5460.02
-5461.27
-5462.51
-5463.75
-5464.99
-5466.23
-5467.47
-5468.71
-5469.96
-5471.2
-5472.44
-5473.68
-5474.92
-5476.16
-5477.41
-5478.65
-5479.89
-5481.13
-5482.37
-5483.61
-5484.86
-5486.1
-5487.34
-5488.58
-5489.82
-5491.07
-5492.31
-5493.55
-5494.79
-5496.03
-5497.28
-5498.52
-5499.76
-5501
-5502.25
-5503.49
-5504.73
-5505.97
-5507.21
-5508.46
-5509.7
-5510.94
-5512.18
-5513.43
-5514.67
-5515.91
-5517.15
-5518.4
-5519.64
-5520.88
-5522.12
-5523.37
-5524.61
-5525.85
-5527.1
-5528.34
-5529.58
-5530.82
-5532.07
-5533.31
-5534.55
-5535.8
-5537.04
-5538.28
-5539.52
-5540.77
-5542.01
-5543.25
-5544.5
-5545.74
-5546.98
-5548.23
-5549.47
-5550.71
-5551.96
-5553.2
-5554.44
-5555.69
-5556.93
-5558.17
-5559.42
-5560.66
-5561.9
-5563.15
-5564.39
-5565.63
-5566.88
-5568.12
-5569.36
-5570.61
-5571.85
-5573.1
-5574.34
-5575.58
-5576.83
-5578.07
-5579.32
-5580.56
-5581.8
-5583.05
-5584.29
-5585.53
-5586.78
-5588.02
-5589.27
-5590.51
-5591.76
-5593
-5594.24
-5595.49
-5596.73
-5597.98
-5599.22
-5600.46
-5601.71
-5602.95
-5604.2
-5605.44
-5606.69
-5607.93
-5609.18
-5610.42
-5611.67
-5612.91
-5614.15
-5615.4
-5616.64
-5617.89
-5619.13
-5620.38
-5621.62
-5622.87
-5624.11
-5625.36
-5626.6
-5627.85
-5629.09
-5630.34
-5631.58
-5632.83
-5634.07
-5635.32
-5636.56
-5637.81
-5639.05
-5640.3
-5641.54
-5642.79
-5644.03
-5645.28
-5646.52
-5647.77
-5649.01
-5650.26
-5651.5
-5652.75
-5654
-5655.24
-5656.49
-5657.73
-5658.98
-5660.22
-5661.47
-5662.71
-5663.96
-5665.21
-5666.45
-5667.7
-5668.94
-5670.19
-5671.43
-5672.68
-5673.93
-5675.17
-5676.42
-5677.66
-5678.91
-5680.16
-5681.4
-5682.65
-5683.89
-5685.14
-5686.39
-5687.63
-5688.88
-5690.13
-5691.37
-5692.62
-5693.86
-5695.11
-5696.36
-5697.6
-5698.85
-5700.1
-5701.34
-5702.59
-5703.84
-5705.08
-5706.33
-5707.58
-5708.82
-5710.07
-5711.32
-5712.56
-5713.81
-5715.06
-5716.3
-5717.55
-5718.8
-5720.04
-5721.29
-5722.54
-5723.78
-5725.03
-5726.28
-5727.52
-5728.77
-5730.02
-5731.27
-5732.51
-5733.76
-5735.01
-5736.25
-5737.5
-5738.75
-5740
-5741.24
-5742.49
-5743.74
-5744.99
-5746.23
-5747.48
-5748.73
-5749.98
-5751.22
-5752.47
-5753.72
-5754.97
-5756.21
-5757.46
-5758.71
-5759.96
-5761.2
-5762.45
-5763.7
-5764.95
-5766.19
-5767.44
-5768.69
-5769.94
-5771.19
-5772.43
-5773.68
-5774.93
-5776.18
-5777.43
-5778.67
-5779.92
-5781.17
-5782.42
-5783.67
-5784.92
-5786.16
-5787.41
-5788.66
-5789.91
-5791.16
-5792.41
-5793.65
-5794.9
-5796.15
-5797.4
-5798.65
-5799.9
-5801.14
-5802.39
-5803.64
-5804.89
-5806.14
-5807.39
-5808.64
-5809.89
-5811.13
-5812.38
-5813.63
-5814.88
-5816.13
-5817.38
-5818.63
-5819.88
-5821.12
-5822.37
-5823.62
-5824.87
-5826.12
-5827.37
-5828.62
-5829.87
-5831.12
-5832.37
-5833.62
-5834.87
-5836.11
-5837.36
-5838.61
-5839.86
-5841.11
-5842.36
-5843.61
-5844.86
-5846.11
-5847.36
-5848.61
-5849.86
-5851.11
-5852.36
-5853.61
-5854.86
-5856.11
-5857.36
-5858.61
-5859.86
-5861.11
-5862.36
-5863.61
-5864.86
-5866.11
-5867.36
-5868.61
-5869.86
-5871.11
-5872.36
-5873.61
-5874.86
-5876.11
-5877.36
-5878.61
-5879.86
-5881.11
-5882.36
-5883.61
-5884.86
-5886.11
-5887.36
-5888.61
-5889.86
-5891.11
-5892.36
-5893.61
-5894.86
-5896.11
-5897.36
-5898.61
-5899.86
-5901.11
-5902.36
-5903.62
-5904.87
-5906.12
-5907.37
-5908.62
-5909.87
-5911.12
-5912.37
-5913.62
-5914.87
-5916.12
-5917.37
-5918.63
-5919.88
-5921.13
-5922.38
-5923.63
-5924.88
-5926.13
-5927.38
-5928.63
-5929.89
-5931.14
-5932.39
-5933.64
-5934.89
-5936.14
-5937.39
-5938.65
-5939.9
-5941.15
-5942.4
-5943.65
-5944.9
-5946.15
-5947.41
-5948.66
-5949.91
-5951.16
-5952.41
-5953.66
-5954.92
-5956.17
-5957.42
-5958.67
-5959.92
-5961.18
-5962.43
-5963.68
-5964.93
-5966.18
-5967.44
-5968.69
-5969.94
-5971.19
-5972.44
-5973.7
-5974.95
-5976.2
-5977.45
-5978.7
-5979.96
-5981.21
-5982.46
-5983.71
-5984.97
-5986.22
-5987.47
-5988.72
-5989.98
-5991.23
-5992.48
-5993.73
-5994.99
-5996.24
-5997.49
-5998.74
-6000
-6001.25
-6002.5
-6003.76
-6005.01
-6006.26
-6007.51
-6008.77
-6010.02
-6011.27
-6012.53
-6013.78
-6015.03
-6016.28
-6017.54
-6018.79
-6020.04
-6021.3
-6022.55
-6023.8
-6025.06
-6026.31
-6027.56
-6028.82
-6030.07
-6031.32
-6032.58
-6033.83
-6035.08
-6036.34
-6037.59
-6038.84
-6040.1
-6041.35
-6042.6
-6043.86
-6045.11
-6046.37
-6047.62
-6048.87
-6050.13
-6051.38
-6052.63
-6053.89
-6055.14
-6056.4
-6057.65
-6058.9
-6060.16
-6061.41
-6062.67
-6063.92
-6065.17
-6066.43
-6067.68
-6068.94
-6070.19
-6071.44
-6072.7
-6073.95
-6075.21
-6076.46
-6077.72
-6078.97
-6080.22
-6081.48
-6082.73
-6083.99
-6085.24
-6086.5
-6087.75
-6089.01
-6090.26
-6091.51
-6092.77
-6094.02
-6095.28
-6096.53
-6097.79
-6099.04
-6100.3
-6101.55
-6102.81
-6104.06
-6105.32
-6106.57
-6107.83
-6109.08
-6110.34
-6111.59
-6112.85
-6114.1
-6115.36
-6116.61
-6117.87
-6119.12
-6120.38
-6121.63
-6122.89
-6124.14
-6125.4
-6126.65
-6127.91
-6129.16
-6130.42
-6131.67
-6132.93
-6134.19
-6135.44
-6136.7
-6137.95
-6139.21
-6140.46
-6141.72
-6142.97
-6144.23
-6145.49
-6146.74
-6148
-6149.25
-6150.51
-6151.76
-6153.02
-6154.28
-6155.53
-6156.79
-6158.04
-6159.3
-6160.56
-6161.81
-6163.07
-6164.32
-6165.58
-6166.84
-6168.09
-6169.35
-6170.61
-6171.86
-6173.12
-6174.37
-6175.63
-6176.89
-6178.14
-6179.4
-6180.66
-6181.91
-6183.17
-6184.42
-6185.68
-6186.94
-6188.19
-6189.45
-6190.71
-6191.96
-6193.22
-6194.48
-6195.73
-6196.99
-6198.25
-6199.5
-6200.76
-6202.02
-6203.28
-6204.53
-6205.79
-6207.05
-6208.3
-6209.56
-6210.82
-6212.07
-6213.33
-6214.59
-6215.85
-6217.1
-6218.36
-6219.62
-6220.87
-6222.13
-6223.39
-6224.65
-6225.9
-6227.16
-6228.42
-6229.68
-6230.93
-6232.19
-6233.45
-6234.71
-6235.96
-6237.22
-6238.48
-6239.74
-6240.99
-6242.25
-6243.51
-6244.77
-6246.02
-6247.28
-6248.54
-6249.8
-6251.06
-6252.31
-6253.57
-6254.83
-6256.09
-6257.34
-6258.6
-6259.86
-6261.12
-6262.38
-6263.64
-6264.89
-6266.15
-6267.41
-6268.67
-6269.93
-6271.18
-6272.44
-6273.7
-6274.96
-6276.22
-6277.48
-6278.73
-6279.99
-6281.25
-6282.51
-6283.77
-6285.03
-6286.29
-6287.54
-6288.8
-6290.06
-6291.32
-6292.58
-6293.84
-6295.1
-6296.35
-6297.61
-6298.87
-6300.13
-6301.39
-6302.65
-6303.91
-6305.17
-6306.43
-6307.68
-6308.94
-6310.2
-6311.46
-6312.72
-6313.98
-6315.24
-6316.5
-6317.76
-6319.02
-6320.28
-6321.54
-6322.79
-6324.05
-6325.31
-6326.57
-6327.83
-6329.09
-6330.35
-6331.61
-6332.87
-6334.13
-6335.39
-6336.65
-6337.91
-6339.17
-6340.43
-6341.69
-6342.95
-6344.21
-6345.47
-6346.73
-6347.99
-6349.25
-6350.51
-6351.77
-6353.02
-6354.28
-6355.54
-6356.8
-6358.06
-6359.32
-6360.58
-6361.84
-6363.11
-6364.37
-6365.63
-6366.89
-6368.15
-6369.41
-6370.67
-6371.93
-6373.19
-6374.45
-6375.71
-6376.97
-6378.23
-6379.49
-6380.75
-6382.01
-6383.27
-6384.53
-6385.79
-6387.05
-6388.31
-6389.57
-6390.83
-6392.09
-6393.36
-6394.62
-6395.88
-6397.14
-6398.4
-6399.66
-6400.92
-6402.18
-6403.44
-6404.7
-6405.96
-6407.22
-6408.49
-6409.75
-6411.01
-6412.27
-6413.53
-6414.79
-6416.05
-6417.31
-6418.57
-6419.84
-6421.1
-6422.36
-6423.62
-6424.88
-6426.14
-6427.4
-6428.67
-6429.93
-6431.19
-6432.45
-6433.71
-6434.97
-6436.23
-6437.5
-6438.76
-6440.02
-6441.28
-6442.54
-6443.8
-6445.07
-6446.33
-6447.59
-6448.85
-6450.11
-6451.37
-6452.64
-6453.9
-6455.16
-6456.42
-6457.68
-6458.95
-6460.21
-6461.47
-6462.73
-6463.99
-6465.26
-6466.52
-6467.78
-6469.04
-6470.31
-6471.57
-6472.83
-6474.09
-6475.36
-6476.62
-6477.88
-6479.14
-6480.4
-6481.67
-6482.93
-6484.19
-6485.45
-6486.72
-6487.98
-6489.24
-6490.51
-6491.77
-6493.03
-6494.29
-6495.56
-6496.82
-6498.08
-6499.34
-6500.61
-6501.87
-6503.13
-6504.4
-6505.66
-6506.92
-6508.18
-6509.45
-6510.71
-6511.97
-6513.24
-6514.5
-6515.76
-6517.03
-6518.29
-6519.55
-6520.82
-6522.08
-6523.34
-6524.61
-6525.87
-6527.13
-6528.4
-6529.66
-6530.92
-6532.19
-6533.45
-6534.71
-6535.98
-6537.24
-6538.5
-6539.77
-6541.03
-6542.3
-6543.56
-6544.82
-6546.09
-6547.35
-6548.61
-6549.88
-6551.14
-6552.41
-6553.67
-6554.93
-6556.2
-6557.46
-6558.73
-6559.99
-6561.25
-6562.52
-6563.78
-6565.05
-6566.31
-6567.57
-6568.84
-6570.1
-6571.37
-6572.63
-6573.9
-6575.16
-6576.42
-6577.69
-6578.95
-6580.22
-6581.48
-6582.75
-6584.01
-6585.28
-6586.54
-6587.8
-6589.07
-6590.33
-6591.6
-6592.86
-6594.13
-6595.39
-6596.66
-6597.92
-6599.19
-6600.45
-6601.72
-6602.98
-6604.25
-6605.51
-6606.78
-6608.04
-6609.31
-6610.57
-6611.84
-6613.1
-6614.37
-6615.63
-6616.9
-6618.16
-6619.43
-6620.69
-6621.96
-6623.22
-6624.49
-6625.75
-6627.02
-6628.28
-6629.55
-6630.81
-6632.08
-6633.35
-6634.61
-6635.88
-6637.14
-6638.41
-6639.67
-6640.94
-6642.2
-6643.47
-6644.74
-6646
-6647.27
-6648.53
-6649.8
-6651.06
-6652.33
-6653.6
-6654.86
-6656.13
-6657.39
-6658.66
-6659.93
-6661.19
-6662.46
-6663.72
-6664.99
-6666.26
-6667.52
-6668.79
-6670.05
-6671.32
-6672.59
-6673.85
-6675.12
-6676.39
-6677.65
-6678.92
-6680.18
-6681.45
-6682.72
-6683.98
-6685.25
-6686.52
-6687.78
-6689.05
-6690.32
-6691.58
-6692.85
-6694.12
-6695.38
-6696.65
-6697.92
-6699.18
-6700.45
-6701.72
-6702.98
-6704.25
-6705.52
-6706.78
-6708.05
-6709.32
-6710.59
-6711.85
-6713.12
-6714.39
-6715.65
-6716.92
-6718.19
-6719.46
-6720.72
-6721.99
-6723.26
-6724.52
-6725.79
-6727.06
-6728.33
-6729.59
-6730.86
-6732.13
-6733.4
-6734.66
-6735.93
-6737.2
-6738.47
-6739.73
-6741
-6742.27
-6743.54
-6744.8
-6746.07
-6747.34
-6748.61
-6749.87
-6751.14
-6752.41
-6753.68
-6754.95
-6756.21
-6757.48
-6758.75
-6760.02
-6761.28
-6762.55
-6763.82
-6765.09
-6766.36
-6767.62
-6768.89
-6770.16
-6771.43
-6772.7
-6773.97
-6775.23
-6776.5
-6777.77
-6779.04
-6780.31
-6781.58
-6782.84
-6784.11
-6785.38
-6786.65
-6787.92
-6789.19
-6790.45
-6791.72
-6792.99
-6794.26
-6795.53
-6796.8
-6798.07
-6799.33
-6800.6
-6801.87
-6803.14
-6804.41
-6805.68
-6806.95
-6808.22
-6809.49
-6810.75
-6812.02
-6813.29
-6814.56
-6815.83
-6817.1
-6818.37
-6819.64
-6820.91
-6822.18
-6823.44
-6824.71
-6825.98
-6827.25
-6828.52
-6829.79
-6831.06
-6832.33
-6833.6
-6834.87
-6836.14
-6837.41
-6838.68
-6839.95
-6841.22
-6842.49
-6843.75
-6845.02
-6846.29
-6847.56
-6848.83
-6850.1
-6851.37
-6852.64
-6853.91
-6855.18
-6856.45
-6857.72
-6858.99
-6860.26
-6861.53
-6862.8
-6864.07
-6865.34
-6866.61
-6867.88
-6869.15
-6870.42
-6871.69
-6872.96
-6874.23
-6875.5
-6876.77
-6878.04
-6879.31
-6880.58
-6881.85
-6883.12
-6884.39
-6885.66
-6886.93
-6888.2
-6889.47
-6890.75
-6892.02
-6893.29
-6894.56
-6895.83
-6897.1
-6898.37
-6899.64
-6900.91
-6902.18
-6903.45
-6904.72
-6905.99
-6907.26
-6908.53
-6909.8
-6911.08
-6912.35
-6913.62
-6914.89
-6916.16
-6917.43
-6918.7
-6919.97
-6921.24
-6922.51
-6923.79
-6925.06
-6926.33
-6927.6
-6928.87
-6930.14
-6931.41
-6932.68
-6933.96
-6935.23
-6936.5
-6937.77
-6939.04
-6940.31
-6941.58
-6942.85
-6944.13
-6945.4
-6946.67
-6947.94
-6949.21
-6950.48
-6951.76
-6953.03
-6954.3
-6955.57
-6956.84
-6958.11
-6959.39
-6960.66
-6961.93
-6963.2
-6964.47
-6965.74
-6967.02
-6968.29
-6969.56
-6970.83
-6972.1
-6973.38
-6974.65
-6975.92
-6977.19
-6978.46
-6979.74
-6981.01
-6982.28
-6983.55
-6984.83
-6986.1
-6987.37
-6988.64
-6989.92
-6991.19
-6992.46
-6993.73
-6995
-6996.28
-6997.55
-6998.82
-7000.09
-7001.37
-7002.64
-7003.91
-7005.19
-7006.46
-7007.73
-7009
-7010.28
-7011.55
-7012.82
-7014.09
-7015.37
-7016.64
-7017.91
-7019.19
-7020.46
-7021.73
-7023
-7024.28
-7025.55
-7026.82
-7028.1
-7029.37
-7030.64
-7031.92
-7033.19
-7034.46
-7035.74
-7037.01
-7038.28
-7039.56
-7040.83
-7042.1
-7043.38
-7044.65
-7045.92
-7047.2
-7048.47
-7049.74
-7051.02
-7052.29
-7053.56
-7054.84
-7056.11
-7057.38
-7058.66
-7059.93
-7061.2
-7062.48
-7063.75
-7065.03
-7066.3
-7067.57
-7068.85
-7070.12
-7071.39
-7072.67
-7073.94
-7075.22
-7076.49
-7077.76
-7079.04
-7080.31
-7081.59
-7082.86
-7084.13
-7085.41
-7086.68
-7087.96
-7089.23
-7090.51
-7091.78
-7093.05
-7094.33
-7095.6
-7096.88
-7098.15
-7099.43
-7100.7
-7101.98
-7103.25
-7104.52
-7105.8
-7107.07
-7108.35
-7109.62
-7110.9
-7112.17
-7113.45
-7114.72
-7116
-7117.27
-7118.55
-7119.82
-7121.09
-7122.37
-7123.64
-7124.92
-7126.19
-7127.47
-7128.74
-7130.02
-7131.29
-7132.57
-7133.84
-7135.12
-7136.39
-7137.67
-7138.94
-7140.22
-7141.49
-7142.77
-7144.05
-7145.32
-7146.6
-7147.87
-7149.15
-7150.42
-7151.7
-7152.97
-7154.25
-7155.52
-7156.8
-7158.07
-7159.35
-7160.63
-7161.9
-7163.18
-7164.45
-7165.73
-7167
-7168.28
-7169.55
-7170.83
-7172.11
-7173.38
-7174.66
-7175.93
-7177.21
-7178.49
-7179.76
-7181.04
-7182.31
-7183.59
-7184.87
-7186.14
-7187.42
-7188.69
-7189.97
-7191.25
-7192.52
-7193.8
-7195.07
-7196.35
-7197.63
-7198.9
-7200.18
-7201.46
-7202.73
-7204.01
-7205.28
-7206.56
-7207.84
-7209.11
-7210.39
-7211.67
-7212.94
-7214.22
-7215.5
-7216.77
-7218.05
-7219.33
-7220.6
-7221.88
-7223.16
-7224.43
-7225.71
-7226.99
-7228.26
-7229.54
-7230.82
-7232.09
-7233.37
-7234.65
-7235.92
-7237.2
-7238.48
-7239.75
-7241.03
-7242.31
-7243.59
-7244.86
-7246.14
-7247.42
-7248.69
-7249.97
-7251.25
-7252.53
-7253.8
-7255.08
-7256.36
-7257.64
-7258.91
-7260.19
-7261.47
-7262.75
-7264.02
-7265.3
-7266.58
-7267.86
-7269.13
-7270.41
-7271.69
-7272.97
-7274.24
-7275.52
-7276.8
-7278.08
-7279.35
-7280.63
-7281.91
-7283.19
-7284.46
-7285.74
-7287.02
-7288.3
-7289.58
-7290.85
-7292.13
-7293.41
-7294.69
-7295.97
-7297.24
-7298.52
-7299.8
-7301.08
-7302.36
-7303.64
-7304.91
-7306.19
-7307.47
-7308.75
-7310.03
-7311.3
-7312.58
-7313.86
-7315.14
-7316.42
-7317.7
-7318.97
-7320.25
-7321.53
-7322.81
-7324.09
-7325.37
-7326.65
-7327.92
-7329.2
-7330.48
-7331.76
-7333.04
-7334.32
-7335.6
-7336.88
-7338.15
-7339.43
-7340.71
-7341.99
-7343.27
-7344.55
-7345.83
-7347.11
-7348.39
-7349.66
-7350.94
-7352.22
-7353.5
-7354.78
-7356.06
-7357.34
-7358.62
-7359.9
-7361.18
-7362.46
-7363.74
-7365.01
-7366.29
-7367.57
-7368.85
-7370.13
-7371.41
-7372.69
-7373.97
-7375.25
-7376.53
-7377.81
-7379.09
-7380.37
-7381.65
-7382.93
-7384.21
-7385.49
-7386.77
-7388.05
-7389.33
-7390.61
-7391.89
-7393.16
-7394.44
-7395.72
-7397
-7398.28
-7399.56
-7400.84
-7402.12
-7403.4
-7404.68
-7405.96
-7407.24
-7408.52
-7409.8
-7411.08
-7412.36
-7413.64
-7414.93
-7416.21
-7417.49
-7418.77
-7420.05
-7421.33
-7422.61
-7423.89
-7425.17
-7426.45
-7427.73
-7429.01
-7430.29
-7431.57
-7432.85
-7434.13
-7435.41
-7436.69
-7437.97
-7439.25
-7440.53
-7441.81
-7443.09
-7444.38
-7445.66
-7446.94
-7448.22
-7449.5
-7450.78
-7452.06
-7453.34
-7454.62
-7455.9
-7457.18
-7458.46
-7459.75
-7461.03
-7462.31
-7463.59
-7464.87
-7466.15
-7467.43
-7468.71
-7469.99
-7471.28
-7472.56
-7473.84
-7475.12
-7476.4
-7477.68
-7478.96
-7480.24
-7481.53
-7482.81
-7484.09
-7485.37
-7486.65
-7487.93
-7489.21
-7490.5
-7491.78
-7493.06
-7494.34
-7495.62
-7496.9
-7498.18
-7499.47
-7500.75
-7502.03
-7503.31
-7504.59
-7505.87
