145.189
144.073
142.957
141.841
140.725
139.609
138.493
137.377
136.261
135.145
134.029
132.912
131.796
130.68
129.564
128.447
127.331
126.214
125.098
123.982
122.865
121.749
120.632
119.515
118.399
117.282
116.165
115.049
113.932
112.815
111.698
110.582
109.465
108.348
107.231
106.114
104.997
103.88
102.763
101.646
100.529
99.4117
98.2945
97.1773
96.0601
94.9428
93.8255
92.7082
91.5909
90.4735
89.3561
88.2386
87.1212
86.0037
84.8861
83.7686
82.651
81.5333
80.4157
79.298
78.1803
77.0625
75.9448
74.8269
73.7091
72.5912
71.4733
70.3554
69.2375
68.1195
67.0014
65.8834
64.7653
63.6472
62.529
61.4109
60.2927
59.1744
58.0562
56.9379
55.8195
54.7012
53.5828
52.4644
51.3459
50.2275
49.1089
47.9904
46.8718
45.7532
44.6346
43.5159
42.3972
41.2785
40.1598
39.041
37.9222
36.8033
35.6844
34.5655
33.4466
32.3276
31.2086
30.0896
28.9705
27.8515
26.7323
25.6132
24.494
23.3748
22.2555
21.1363
20.017
18.8976
17.7783
16.6589
15.5395
14.42
13.3005
12.181
11.0614
9.94187
8.82226
7.70262
6.58295
5.46325
4.34352
3.22376
2.10397
0.984151
-0.135701
-1.25558
-2.3755
-3.49544
-4.61542
-5.73542
-6.85545
-7.97552
-9.09562
-10.2157
-11.3359
-12.4561
-13.5763
-14.6966
-15.8168
-16.9371
-18.0575
-19.1779
-20.2983
-21.4187
-22.5391
-23.6596
-24.7802
-25.9007
-27.0213
-28.1419
-29.2626
-30.3832
-31.5039
-32.6247
-33.7454
-34.8662
-35.9871
-37.1079
-38.2288
-39.3497
-40.4707
-41.5917
-42.7127
-43.8337
-44.9548
-46.0759
-47.197
-48.3182
-49.4394
-50.5606
-51.6819
-52.8031
-53.9245
-55.0458
-56.1672
-57.2886
-58.41
-59.5315
-60.653
-61.7745
-62.8961
-64.0177
-65.1393
-66.2609
-67.3826
-68.5043
-69.6261
-70.7478
-71.8696
-72.9915
-74.1133
-75.2352
-76.3571
-77.4791
-78.6011
-79.7231
-80.8451
-81.9672
-83.0893
-84.2115
-85.3336
-86.4558
-87.5781
-88.7003
-89.8226
-90.9449
-92.0673
-93.1897
-94.3121
-95.4345
-96.557
-97.6795
-98.802
-99.9246
-101.047
-102.17
-103.292
-104.415
-105.538
-106.661
-107.783
-108.906
-110.029
-111.152
-112.275
-113.398
-114.521
-115.644
-116.767
-117.89
-119.013
-120.136
-121.259
-122.382
-123.505
-124.629
-125.752
-126.875
-127.999
-129.122
-130.245
-131.369
-132.492
-133.616
-134.739
-135.863
-136.986
-138.11
-139.233
-140.357
-141.481
-142.605
-143.728
-144.852
-145.976
-147.1
-148.224
-149.347
-150.471
-151.595
-152.719
-153.843
-154.967
-156.092
-157.216
-158.34
-159.464
-160.588
-161.712
-162.837
-163.961
-165.085
-166.21
-167.334
-168.458
-169.583
-170.707
-171.832
-172.956
-174.081
-175.206
-176.33
-177.455
-178.58
-179.704
-180.829
-181.954
-183.079
-184.204
-185.328
-186.453
-187.578
-188.703
-189.828
-190.953
-192.078
-193.203
-194.328
-195.454
-196.579
-197.704
-198.829
-199.955
-201.08
-202.205
-203.331
-204.456
-205.581
-206.707
-207.832
-208.958
-210.083
-211.209
-212.334
-213.46
-214.586
-215.711
-216.837
-217.963
-219.089
-220.215
-221.34
-222.466
-223.592
-224.718
-225.844
-226.97
-228.096
-229.222
-230.348
-231.474
-232.601
-233.727
-234.853
-235.979
-237.105
-238.232
-239.358
-240.484
-241.611
-242.737
-243.864
-244.99
-246.117
-247.243
-248.37
-249.496
-250.623
-251.75
-252.876
-254.003
-255.13
-256.257
-257.384
-258.51
-259.637
-260.764
-261.891
-263.018
-264.145
-265.272
-266.399
-267.526
-268.653
-269.781
-270.908
-272.035
-273.162
-274.289
-275.417
-276.544
-277.671
-278.799
-279.926
-281.054
-282.181
-283.309
-284.436
-285.564
-286.691
-287.819
-288.947
-290.074
-291.202
-292.33
-293.458
-294.586
-295.713
-296.841
-297.969
-299.097
-300.225
-301.353
-302.481
-303.609
-304.737
-305.865
-306.994
-308.122
-309.25
-310.378
-311.506
-312.635
-313.763
-314.891
-316.02
-317.148
-318.277
-319.405
-320.534
-321.662
-322.791
-323.919
-325.048
-326.177
-327.305
-328.434
-329.563
-330.692
-331.821
-332.949
-334.078
-335.207
-336.336
-337.465
-338.594
-339.723
-340.852
-341.981
-343.11
-344.24
-345.369
-346.498
-347.627
-348.756
-349.886
-351.015
-352.144
-353.274
-354.403
-355.533
-356.662
-357.792
-358.921
-360.051
-361.18
-362.31
-363.44
-364.569
-365.699
-366.829
-367.959
-369.089
-370.218
-371.348
-372.478
-373.608
-374.738
-375.868
-376.998
-378.128
-379.258
-380.388
-381.519
-382.649
-383.779
-384.909
-386.039
-387.17
-388.3
-389.43
-390.561
-391.691
-392.822
-393.952
-395.083
-396.213
-397.344
-398.474
-399.605
-400.736
-401.866
-402.997
-404.128
-405.259
-406.39
-407.52
-408.651
-409.782
-410.913
-412.044
-413.175
-414.306
-415.437
-416.568
-417.699
-418.831
-419.962
-421.093
-422.224
-423.355
-424.487
-425.618
-426.749
-427.881
-429.012
-430.144
-431.275
-432.407
-433.538
-434.67
-435.801
-436.933
-438.065
-439.196
-440.328
-441.46
-442.592
-443.724
-444.855
-445.987
-447.119
-448.251
-449.383
-450.515
-451.647
-452.779
-453.911
-455.043
-456.175
-457.308
-458.44
-459.572
-460.704
-461.837
-462.969
-464.101
-465.234
-466.366
-467.499
-468.631
-469.764
-470.896
-472.029
-473.161
-474.294
-475.427
-476.559
-477.692
-478.825
-479.958
-481.09
-482.223
-483.356
-484.489
-485.622
-486.755
-487.888
-489.021
-490.154
-491.287
-492.42
-493.553
-494.687
-495.82
-496.953
-498.086
-499.22
-500.353
-501.486
-502.62
-503.753
-504.886
-506.02
-507.153
-508.287
-509.421
-510.554
-511.688
-512.821
-513.955
-515.089
-516.223
-517.356
-518.49
-519.624
-520.758
-521.892
-523.026
-524.16
-525.294
-526.428
-527.562
-528.696
-529.83
-530.964
-532.098
-533.232
-534.367
-535.501
-536.635
-537.77
-538.904
-540.038
-541.173
-542.307
-543.442
-544.576
-545.711
-546.845
-547.98
-549.114
-550.249
-551.384
-552.519
-553.653
-554.788
-555.923
-557.058
-558.193
-559.327
-560.462
-561.597
-562.732
-563.867
-565.002
-566.137
-567.273
-568.408
-569.543
-570.678
-571.813
-572.949
-574.084
-575.219
-576.355
-577.49
-578.625
-579.761
-580.896
-582.032
-583.167
-584.303
-585.438
-586.574
-587.71
-588.845
-589.981
-591.117
-592.253
-593.388
-594.524
-595.66
-596.796
-597.932
-599.068
-600.204
-601.34
-602.476
-603.612
-604.748
-605.884
-607.02
-608.157
-609.293
-610.429
-611.565
-612.702
-613.838
-614.974
-616.111
-617.247
-618.384
-619.52
-620.657
-621.793
-622.93
-624.066
-625.203
-626.34
-627.476
-628.613
-629.75
-630.887
-632.024
-633.16
-634.297
-635.434
-636.571
-637.708
-638.845
-639.982
-641.119
-642.256
-643.394
-644.531
-645.668
-646.805
-647.942
-649.08
-650.217
-651.354
-652.492
-653.629
-654.766
-655.904
-657.041
-658.179
-659.316
-660.454
-661.592
-662.729
-663.867
-665.005
-666.142
-667.28
-668.418
-669.556
-670.694
-671.831
-672.969
-674.107
-675.245
-676.383
-677.521
-678.659
-679.798
-680.936
-682.074
-683.212
-684.35
-685.488
-686.627
-687.765
-688.903
-690.042
-691.18
-692.318
-693.457
-694.595
-695.734
-696.872
-698.011
-699.15
-700.288
-701.427
-702.566
-703.704
-704.843
-705.982
-707.121
-708.26
-709.398
-710.537
-711.676
-712.815
-713.954
-715.093
-716.232
-717.371
-718.511
-719.65
-720.789
-721.928
-723.067
-724.207
-725.346
-726.485
-727.625
-728.764
-729.903
-731.043
-732.182
-733.322
-734.461
-735.601
-736.74
-737.88
-739.02
-740.159
-741.299
-742.439
-743.579
-744.718
-745.858
-746.998
-748.138
-749.278
-750.418
-751.558
-752.698
-753.838
-754.978
-756.118
-757.258
-758.399
-759.539
-760.679
-761.819
-762.959
-764.1
-765.24
-766.381
-767.521
-768.661
-769.802
-770.942
-772.083
-773.223
-774.364
-775.505
-776.645
-777.786
-778.927
-780.067
-781.208
-782.349
-783.49
-784.631
-785.772
-786.912
-788.053
-789.194
-790.335
-791.476
-792.618
-793.759
-794.9
-796.041
-797.182
-798.323
-799.465
-800.606
-801.747
-802.888
-804.03
-805.171
-806.313
-807.454
-808.596
-809.737
-810.879
-812.02
-813.162
-814.304
-815.445
-816.587
-817.729
-818.87
-820.012
-821.154
-822.296
-823.438
-824.58
-825.722
-826.864
-828.006
-829.148
-830.29
-831.432
-832.574
-833.716
-834.858
-836
-837.143
-838.285
-839.427
-840.57
-841.712
-842.854
-843.997
-845.139
-846.282
-847.424
-848.567
-849.709
-850.852
-851.995
-853.137
-854.28
-855.423
-856.565
-857.708
-858.851
-859.994
-861.137
-862.28
-863.422
-864.565
-865.708
-866.851
-867.994
-869.138
-870.281
-871.424
-872.567
-873.71
-874.853
-875.997
-877.14
-878.283
-879.427
-880.57
-881.713
-882.857
-884
-885.144
-886.287
-887.431
-888.575
-889.718
-890.862
-892.005
-893.149
-894.293
-895.437
-896.581
-897.724
-898.868
-900.012
-901.156
-902.3
-903.444
-904.588
-905.732
-906.876
-908.02
-909.164
-910.308
-911.453
-912.597
-913.741
-914.885
-916.03
-917.174
-918.318
-919.463
-920.607
-921.752
-922.896
-924.041
-925.185
-926.33
-927.474
-928.619
-929.764
-930.908
-932.053
-933.198
-934.343
-935.488
-936.632
-937.777
-938.922
-940.067
-941.212
-942.357
-943.502
-944.647
-945.792
-946.937
-948.083
-949.228
-950.373
-951.518
-952.663
-953.809
-954.954
-956.099
-957.245
-958.39
-959.536
-960.681
-961.827
-962.972
-964.118
-965.263
-966.409
-967.555
-968.7
-969.846
-970.992
-972.138
-973.283
-974.429
-975.575
-976.721
-977.867
-979.013
-980.159
-981.305
-982.451
-983.597
-984.743
-985.889
-987.035
-988.182
-989.328
-990.474
-991.62
-992.767
-993.913
-995.06
-996.206
-997.352
-998.499
-999.645
-1000.79
-1001.94
-1003.08
-1004.23
-1005.38
-1006.52
-1007.67
-1008.82
-1009.97
-1011.11
-1012.26
-1013.41
-1014.55
-1015.7
-1016.85
-1017.99
-1019.14
-1020.29
-1021.43
-1022.58
-1023.73
-1024.88
-1026.02
-1027.17
-1028.32
-1029.46
-1030.61
-1031.76
-1032.91
-1034.05
-1035.2
-1036.35
-1037.5
-1038.64
-1039.79
-1040.94
-1042.09
-1043.23
-1044.38
-1045.53
-1046.68
-1047.83
-1048.97
-1050.12
-1051.27
-1052.42
-1053.56
-1054.71
-1055.86
-1057.01
-1058.16
-1059.3
-1060.45
-1061.6
-1062.75
-1063.9
-1065.05
-1066.19
-1067.34
-1068.49
-1069.64
-1070.79
-1071.93
-1073.08
-1074.23
-1075.38
-1076.53
-1077.68
-1078.83
-1079.97
-1081.12
-1082.27
-1083.42
-1084.57
-1085.72
-1086.87
-1088.02
-1089.16
-1090.31
-1091.46
-1092.61
-1093.76
-1094.91
-1096.06
-1097.21
-1098.36
-1099.51
-1100.65
-1101.8
-1102.95
-1104.1
-1105.25
-1106.4
-1107.55
-1108.7
-1109.85
-1111
-1112.15
-1113.3
-1114.45
-1115.6
-1116.75
-1117.89
-1119.04
-1120.19
-1121.34
-1122.49
-1123.64
-1124.79
-1125.94
-1127.09
-1128.24
-1129.39
-1130.54
-1131.69
-1132.84
-1133.99
-1135.14
-1136.29
-1137.44
-1138.59
-1139.74
-1140.89
-1142.04
-1143.19
-1144.34
-1145.49
-1146.64
-1147.79
-1148.94
-1150.1
-1151.25
-1152.4
-1153.55
-1154.7
-1155.85
-1157
-1158.15
-1159.3
-1160.45
-1161.6
-1162.75
-1163.9
-1165.05
-1166.2
-1167.35
-1168.51
-1169.66
-1170.81
-1171.96
-1173.11
-1174.26
-1175.41
-1176.56
-1177.71
-1178.87
-1180.02
-1181.17
-1182.32
-1183.47
-1184.62
-1185.77
-1186.92
-1188.08
-1189.23
-1190.38
-1191.53
-1192.68
-1193.83
-1194.98
-1196.14
-1197.29
-1198.44
-1199.59
-1200.74
-1201.89
-1203.05
-1204.2
-1205.35
-1206.5
-1207.65
-1208.81
-1209.96
-1211.11
-1212.26
-1213.41
-1214.57
-1215.72
-1216.87
-1218.02
-1219.17
-1220.33
-1221.48
-1222.63
-1223.78
-1224.94
-1226.09
-1227.24
-1228.39
-1229.55
-1230.7
-1231.85
-1233
-1234.16
-1235.31
-1236.46
-1237.61
-1238.77
-1239.92
-1241.07
-1242.22
-1243.38
-1244.53
-1245.68
-1246.84
-1247.99
-1249.14
-1250.3
-1251.45
-1252.6
-1253.75
-1254.91
-1256.06
-1257.21
-1258.37
-1259.52
-1260.67
-1261.83
-1262.98
-1264.13
-1265.29
-1266.44
-1267.59
-1268.75
-1269.9
-1271.05
-1272.21
-1273.36
-1274.52
-1275.67
-1276.82
-1277.98
-1279.13
-1280.28
-1281.44
-1282.59
-1283.75
-1284.9
-1286.05
-1287.21
-1288.36
-1289.52
-1290.67
-1291.82
-1292.98
-1294.13
-1295.29
-1296.44
-1297.59
-1298.75
-1299.9
-1301.06
-1302.21
-1303.37
-1304.52
-1305.67
-1306.83
-1307.98
-1309.14
-1310.29
-1311.45
-1312.6
-1313.76
-1314.91
-1316.07
-1317.22
-1318.38
-1319.53
-1320.68
-1321.84
-1322.99
-1324.15
-1325.3
-1326.46
-1327.61
-1328.77
-1329.92
-1331.08
-1332.23
-1333.39
-1334.55
-1335.7
-1336.86
-1338.01
-1339.17
-1340.32
-1341.48
-1342.63
-1343.79
-1344.94
-1346.1
-1347.25
-1348.41
-1349.57
-1350.72
-1351.88
-1353.03
-1354.19
-1355.34
-1356.5
-1357.66
-1358.81
-1359.97
-1361.12
-1362.28
-1363.43
-1364.59
-1365.75
-1366.9
-1368.06
-1369.21
-1370.37
-1371.53
-1372.68
-1373.84
-1375
-1376.15
-1377.31
-1378.46
-1379.62
-1380.78
-1381.93
-1383.09
-1384.25
-1385.4
-1386.56
-1387.72
-1388.87
-1390.03
-1391.19
-1392.34
-1393.5
-1394.66
-1395.81
-1396.97
-1398.13
-1399.28
-1400.44
-1401.6
-1402.75
-1403.91
-1405.07
-1406.22
-1407.38
-1408.54
-1409.7
-1410.85
-1412.01
-1413.17
-1414.32
-1415.48
-1416.64
-1417.8
-1418.95
-1420.11
-1421.27
-1422.43
-1423.58
-1424.74
-1425.9
-1427.06
-1428.21
-1429.37
-1430.53
-1431.69
-1432.84
-1434
-1435.16
-1436.32
-1437.48
-1438.63
-1439.79
-1440.95
-1442.11
-1443.26
-1444.42
-1445.58
-1446.74
-1447.9
-1449.06
-1450.21
-1451.37
-1452.53
-1453.69
-1454.85
-1456
-1457.16
-1458.32
-1459.48
-1460.64
-1461.8
-1462.95
-1464.11
-1465.27
-1466.43
-1467.59
-1468.75
-1469.91
-1471.07
-1472.22
-1473.38
-1474.54
-1475.7
-1476.86
-1478.02
-1479.18
-1480.34
-1481.49
-1482.65
-1483.81
-1484.97
-1486.13
-1487.29
-1488.45
-1489.61
-1490.77
-1491.93
-1493.09
-1494.25
-1495.4
-1496.56
-1497.72
-1498.88
-1500.04
-1501.2
-1502.36
-1503.52
-1504.68
-1505.84
-1507
-1508.16
-1509.32
-1510.48
-1511.64
-1512.8
-1513.96
-1515.12
-1516.28
-1517.44
-1518.6
-1519.76
-1520.92
-1522.08
-1523.24
-1524.4
-1525.56
-1526.72
-1527.88
-1529.04
-1530.2
-1531.36
-1532.52
-1533.68
-1534.84
-1536
-1537.16
-1538.32
-1539.48
-1540.64
-1541.8
-1542.96
-1544.12
-1545.28
-1546.44
-1547.6
-1548.76
-1549.93
-1551.09
-1552.25
-1553.41
-1554.57
-1555.73
-1556.89
-1558.05
-1559.21
-1560.37
-1561.53
-1562.7
-1563.86
-1565.02
-1566.18
-1567.34
-1568.5
-1569.66
-1570.82
-1571.98
-1573.15
-1574.31
-1575.47
-1576.63
-1577.79
-1578.95
-1580.11
-1581.28
-1582.44
-1583.6
-1584.76
-1585.92
-1587.08
-1588.25
-1589.41
-1590.57
-1591.73
-1592.89
-1594.05
-1595.22
-1596.38
-1597.54
-1598.7
-1599.86
-1601.03
-1602.19
-1603.35
-1604.51
-1605.67
-1606.84
-1608
-1609.16
-1610.32
-1611.49
-1612.65
-1613.81
-1614.97
-1616.13
-1617.3
-1618.46
-1619.62
-1620.78
-1621.95
-1623.11
-1624.27
-1625.43
-1626.6
-1627.76
-1628.92
-1630.09
-1631.25
-1632.41
-1633.57
-1634.74
-1635.9
-1637.06
-1638.23
-1639.39
-1640.55
-1641.71
-1642.88
-1644.04
-1645.2
-1646.37
-1647.53
-1648.69
-1649.86
-1651.02
-1652.18
-1653.35
-1654.51
-1655.67
-1656.84
-1658
-1659.16
-1660.33
-1661.49
-1662.65
-1663.82
-1664.98
-1666.15
-1667.31
-1668.47
-1669.64
-1670.8
-1671.96
-1673.13
-1674.29
-1675.46
-1676.62
-1677.78
-1678.95
-1680.11
-1681.28
-1682.44
-1683.6
-1684.77
-1685.93
-1687.1
-1688.26
-1689.42
-1690.59
-1691.75
-1692.92
-1694.08
-1695.25
-1696.41
-1697.58
-1698.74
-1699.9
-1701.07
-1702.23
-1703.4
-1704.56
-1705.73
-1706.89
-1708.06
-1709.22
-1710.39
-1711.55
-1712.72
-1713.88
-1715.05
-1716.21
-1717.38
-1718.54
-1719.71
-1720.87
-1722.04
-1723.2
-1724.37
-1725.53
-1726.7
-1727.86
-1729.03
-1730.19
-1731.36
-1732.52
-1733.69
-1734.85
-1736.02
-1737.18
-1738.35
-1739.52
-1740.68
-1741.85
-1743.01
-1744.18
-1745.34
-1746.51
-1747.68
-1748.84
-1750.01
-1751.17
-1752.34
-1753.5
-1754.67
-1755.84
-1757
-1758.17
-1759.33
-1760.5
-1761.67
-1762.83
-1764
-1765.16
-1766.33
-1767.5
-1768.66
-1769.83
-1771
-1772.16
-1773.33
-1774.5
-1775.66
-1776.83
-1777.99
-1779.16
-1780.33
-1781.49
-1782.66
-1783.83
-1784.99
-1786.16
-1787.33
-1788.49
-1789.66
-1790.83
-1791.99
-1793.16
-1794.33
-1795.5
-1796.66
-1797.83
-1799
-1800.16
-1801.33
-1802.5
-1803.66
-1804.83
-1806
-1807.17
-1808.33
-1809.5
-1810.67
-1811.84
-1813
-1814.17
-1815.34
-1816.51
-1817.67
-1818.84
-1820.01
-1821.18
-1822.34
-1823.51
-1824.68
-1825.85
-1827.01
-1828.18
-1829.35
-1830.52
-1831.69
-1832.85
-1834.02
-1835.19
-1836.36
-1837.52
-1838.69
-1839.86
-1841.03
-1842.2
-1843.37
-1844.53
-1845.7
-1846.87
-1848.04
-1849.21
-1850.37
-1851.54
-1852.71
-1853.88
-1855.05
-1856.22
-1857.39
-1858.55
-1859.72
-1860.89
-1862.06
-1863.23
-1864.4
-1865.57
-1866.73
-1867.9
-1869.07
-1870.24
-1871.41
-1872.58
-1873.75
-1874.92
-1876.09
-1877.25
-1878.42
-1879.59
-1880.76
-1881.93
-1883.1
-1884.27
-1885.44
-1886.61
-1887.78
-1888.95
-1890.12
-1891.28
-1892.45
-1893.62
-1894.79
-1895.96
-1897.13
-1898.3
-1899.47
-1900.64
-1901.81
-1902.98
-1904.15
-1905.32
-1906.49
-1907.66
-1908.83
-1910
-1911.17
-1912.34
-1913.51
-1914.68
-1915.85
-1917.02
-1918.19
-1919.36
-1920.53
-1921.7
-1922.87
-1924.04
-1925.21
-1926.38
-1927.55
-1928.72
-1929.89
-1931.06
-1932.23
-1933.4
-1934.57
-1935.74
-1936.91
-1938.08
-1939.25
-1940.42
-1941.6
-1942.77
-1943.94
-1945.11
-1946.28
-1947.45
-1948.62
-1949.79
-1950.96
-1952.13
-1953.3
-1954.47
-1955.64
-1956.82
-1957.99
-1959.16
-1960.33
-1961.5
-1962.67
-1963.84
-1965.01
-1966.18
-1967.36
-1968.53
-1969.7
-1970.87
-1972.04
-1973.21
-1974.38
-1975.56
-1976.73
-1977.9
-1979.07
-1980.24
-1981.41
-1982.59
-1983.76
-1984.93
-1986.1
-1987.27
-1988.44
-1989.62
-1990.79
-1991.96
-1993.13
-1994.3
-1995.48
-1996.65
-1997.82
-1998.99
-2000.16
-2001.34
-2002.51
-2003.68
-2004.85
-2006.02
-2007.2
-2008.37
-2009.54
-2010.71
-2011.89
-2013.06
-2014.23
-2015.4
-2016.58
-2017.75
-2018.92
-2020.09
-2021.27
-2022.44
-2023.61
-2024.78
-2025.96
-2027.13
-2028.3
-2029.48
-2030.65
-2031.82
-2032.99
-2034.17
-2035.34
-2036.51
-2037.69
-2038.86
-2040.03
-2041.21
-2042.38
-2043.55
-2044.72
-2045.9
-2047.07
-2048.24
-2049.42
-2050.59
-2051.76
-2052.94
-2054.11
-2055.29
-2056.46
-2057.63
-2058.81
-2059.98
-2061.15
-2062.33
-2063.5
-2064.67
-2065.85
-2067.02
-2068.2
-2069.37
-2070.54
-2071.72
-2072.89
-2074.06
-2075.24
-2076.41
-2077.59
-2078.76
-2079.93
-2081.11
-2082.28
-2083.46
-2084.63
-2085.81
-2086.98
-2088.15
-2089.33
-2090.5
-2091.68
-2092.85
-2094.03
-2095.2
-2096.38
-2097.55
-2098.72
-2099.9
-2101.07
-2102.25
-2103.42
-2104.6
-2105.77
-2106.95
-2108.12
-2109.3
-2110.47
-2111.65
-2112.82
-2114
-2115.17
-2116.35
-2117.52
-2118.7
-2119.87
-2121.05
-2122.22
-2123.4
-2124.57
-2125.75
-2126.92
-2128.1
-2129.27
-2130.45
-2131.62
-2132.8
-2133.97
-2135.15
-2136.33
-2137.5
-2138.68
-2139.85
-2141.03
-2142.2
-2143.38
-2144.55
-2145.73
-2146.91
-2148.08
-2149.26
-2150.43
-2151.61
-2152.79
-2153.96
-2155.14
-2156.31
-2157.49
-2158.67
-2159.84
-2161.02
-2162.19
-2163.37
-2164.55
-2165.72
-2166.9
-2168.07
-2169.25
-2170.43
-2171.6
-2172.78
-2173.96
-2175.13
-2176.31
-2177.49
-2178.66
-2179.84
-2181.02
-2182.19
-2183.37
-2184.55
-2185.72
-2186.9
-2188.08
-2189.25
-2190.43
-2191.61
-2192.78
-2193.96
-2195.14
-2196.31
-2197.49
-2198.67
-2199.85
-2201.02
-2202.2
-2203.38
-2204.55
-2205.73
-2206.91
-2208.09
-2209.26
-2210.44
-2211.62
-2212.8
-2213.97
-2215.15
-2216.33
-2217.51
-2218.68
-2219.86
-2221.04
-2222.22
-2223.39
-2224.57
-2225.75
-2226.93
-2228.1
-2229.28
-2230.46
-2231.64
-2232.82
-2233.99
-2235.17
-2236.35
-2237.53
-2238.71
-2239.88
-2241.06
-2242.24
-2243.42
-2244.6
-2245.77
-2246.95
-2248.13
-2249.31
-2250.49
-2251.67
-2252.84
-2254.02
-2255.2
-2256.38
-2257.56
-2258.74
-2259.92
-2261.09
-2262.27
-2263.45
-2264.63
-2265.81
-2266.99
-2268.17
-2269.34
-2270.52
-2271.7
-2272.88
-2274.06
-2275.24
-2276.42
-2277.6
-2278.78
-2279.96
-2281.13
-2282.31
-2283.49
-2284.67
-2285.85
-2287.03
-2288.21
-2289.39
-2290.57
-2291.75
-2292.93
-2294.11
-2295.29
-2296.47
-2297.64
-2298.82
-2300
-2301.18
-2302.36
-2303.54
-2304.72
-2305.9
-2307.08
-2308.26
-2309.44
-2310.62
-2311.8
-2312.98
-2314.16
-2315.34
-2316.52
-2317.7
-2318.88
-2320.06
-2321.24
-2322.42
-2323.6
-2324.78
-2325.96
-2327.14
-2328.32
-2329.5
-2330.68
-2331.86
-2333.04
-2334.22
-2335.4
-2336.58
-2337.77
-2338.95
-2340.13
-2341.31
-2342.49
-2343.67
-2344.85
-2346.03
-2347.21
-2348.39
-2349.57
-2350.75
-2351.93
-2353.11
-2354.3
-2355.48
-2356.66
-2357.84
-2359.02
-2360.2
-2361.38
-2362.56
-2363.74
-2364.92
-2366.11
-2367.29
-2368.47
-2369.65
-2370.83
-2372.01
-2373.19
-2374.38
-2375.56
-2376.74
-2377.92
-2379.1
-2380.28
-2381.46
-2382.65
-2383.83
-2385.01
-2386.19
-2387.37
-2388.55
-2389.74
-2390.92
-2392.1
-2393.28
-2394.46
-2395.65
-2396.83
-2398.01
-2399.19
-2400.37
-2401.56
-2402.74
-2403.92
-2405.1
-2406.28
-2407.47
-2408.65
-2409.83
-2411.01
-2412.2
-2413.38
-2414.56
-2415.74
-2416.92
-2418.11
-2419.29
-2420.47
-2421.65
-2422.84
-2424.02
-2425.2
-2426.39
-2427.57
-2428.75
-2429.93
-2431.12
-2432.3
-2433.48
-2434.67
-2435.85
-2437.03
-2438.21
-2439.4
-2440.58
-2441.76
-2442.95
-2444.13
-2445.31
-2446.5
-2447.68
-2448.86
-2450.05
-2451.23
-2452.41
-2453.6
-2454.78
-2455.96
-2457.15
-2458.33
-2459.51
-2460.7
-2461.88
-2463.06
-2464.25
-2465.43
-2466.61
-2467.8
-2468.98
-2470.17
-2471.35
-2472.53
-2473.72
-2474.9
-2476.08
-2477.27
-2478.45
-2479.64
-2480.82
-2482
-2483.19
-2484.37
-2485.56
-2486.74
-2487.92
-2489.11
-2490.29
-2491.48
-2492.66
-2493.85
-2495.03
-2496.22
-2497.4
-2498.58
-2499.77
-2500.95
-2502.14
-2503.32
-2504.51
-2505.69
-2506.88
-2508.06
-2509.25
-2510.43
-2511.61
-2512.8
-2513.98
-2515.17
-2516.35
-2517.54
-2518.72
-2519.91
-2521.09
-2522.28
-2523.46
-2524.65
-2525.83
-2527.02
-2528.2
-2529.39
-2530.58
-2531.76
-2532.95
-2534.13
-2535.32
-2536.5
-2537.69
-2538.87
-2540.06
-2541.24
-2542.43
-2543.61
-2544.8
-2545.99
-2547.17
-2548.36
-2549.54
-2550.73
-2551.91
-2553.1
-2554.29
-2555.47
-2556.66
-2557.84
-2559.03
-2560.22
-2561.4
-2562.59
-2563.77
-2564.96
-2566.15
-2567.33
-2568.52
-2569.7
-2570.89
-2572.08
-2573.26
-2574.45
-2575.64
-2576.82
-2578.01
-2579.2
-2580.38
-2581.57
-2582.75
-2583.94
-2585.13
-2586.31
-2587.5
-2588.69
-2589.87
-2591.06
-2592.25
-2593.43
-2594.62
-2595.81
-2597
-2598.18
-2599.37
-2600.56
-2601.74
-2602.93
-2604.12
-2605.3
-2606.49
-2607.68
-2608.87
-2610.05
-2611.24
-2612.43
-2613.61
-2614.8
-2615.99
-2617.18
-2618.36
-2619.55
-2620.74
-2621.93
-2623.11
-2624.3
-2625.49
-2626.68
-2627.86
-2629.05
-2630.24
-2631.43
-2632.61
-2633.8
-2634.99
-2636.18
-2637.37
-2638.55
-2639.74
-2640.93
-2642.12
-2643.31
-2644.49
-2645.68
-2646.87
-2648.06
-2649.25
-2650.43
-2651.62
-2652.81
-2654
-2655.19
-2656.38
-2657.56
-2658.75
-2659.94
-2661.13
-2662.32
-2663.51
-2664.69
-2665.88
-2667.07
-2668.26
-2669.45
-2670.64
-2671.83
-2673.01
-2674.2
-2675.39
-2676.58
-2677.77
-2678.96
-2680.15
-2681.34
-2682.53
-2683.71
-2684.9
-2686.09
-2687.28
-2688.47
-2689.66
-2690.85
-2692.04
-2693.23
-2694.42
-2695.61
-2696.8
-2697.98
-2699.17
-2700.36
-2701.55
-2702.74
-2703.93
-2705.12
-2706.31
-2707.5
-2708.69
-2709.88
-2711.07
-2712.26
-2713.45
-2714.64
-2715.83
-2717.02
-2718.21
-2719.4
-2720.59
-2721.78
-2722.97
-2724.16
-2725.35
-2726.54
-2727.73
-2728.92
-2730.11
-2731.3
-2732.49
-2733.68
-2734.87
-2736.06
-2737.25
-2738.44
-2739.63
-2740.82
-2742.01
-2743.2
-2744.39
-2745.58
-2746.77
-2747.96
-2749.15
-2750.34
-2751.53
-2752.73
-2753.92
-2755.11
-2756.3
-2757.49
-2758.68
-2759.87
-2761.06
-2762.25
-2763.44
-2764.63
-2765.82
-2767.02
-2768.21
-2769.4
-2770.59
-2771.78
-2772.97
-2774.16
-2775.35
-2776.54
-2777.74
-2778.93
-2780.12
-2781.31
-2782.5
-2783.69
-2784.88
-2786.08
-2787.27
-2788.46
-2789.65
-2790.84
-2792.03
-2793.23
-2794.42
-2795.61
-2796.8
-2797.99
-2799.18
-2800.38
-2801.57
-2802.76
-2803.95
-2805.14
-2806.34
-2807.53
-2808.72
-2809.91
-2811.1
-2812.3
-2813.49
-2814.68
-2815.87
-2817.06
-2818.26
-2819.45
-2820.64
-2821.83
-2823.03
-2824.22
-2825.41
-2826.6
-2827.8
-2828.99
-2830.18
-2831.37
-2832.57
-2833.76
-2834.95
-2836.14
-2837.34
-2838.53
-2839.72
-2840.91
-2842.11
-2843.3
-2844.49
-2845.69
-2846.88
-2848.07
-2849.26
-2850.46
-2851.65
-2852.84
-2854.04
-2855.23
-2856.42
-2857.62
-2858.81
-2860
-2861.2
-2862.39
-2863.58
-2864.78
-2865.97
-2867.16
-2868.36
-2869.55
-2870.74
-2871.94
-2873.13
-2874.32
-2875.52
-2876.71
-2877.91
-2879.1
-2880.29
-2881.49
-2882.68
-2883.87
-2885.07
-2886.26
-2887.46
-2888.65
-2889.84
-2891.04
-2892.23
-2893.43
-2894.62
-2895.81
-2897.01
-2898.2
-2899.4
-2900.59
-2901.79
-2902.98
-2904.17
-2905.37
-2906.56
-2907.76
-2908.95
-2910.15
-2911.34
-2912.54
-2913.73
-2914.92
-2916.12
-2917.31
-2918.51
-2919.7
-2920.9
-2922.09
-2923.29
-2924.48
-2925.68
-2926.87
-2928.07
-2929.26
-2930.46
-2931.65
-2932.85
-2934.04
-2935.24
-2936.43
-2937.63
-2938.82
-2940.02
-2941.21
-2942.41
-2943.6
-2944.8
-2945.99
-2947.19
-2948.38
-2949.58
-2950.78
-2951.97
-2953.17
-2954.36
-2955.56
-2956.75
-2957.95
-2959.14
-2960.34
-2961.54
-2962.73
-2963.93
-2965.12
-2966.32
-2967.51
-2968.71
-2969.91
-2971.1
-2972.3
-2973.49
-2974.69
-2975.89
-2977.08
-2978.28
-2979.48
-2980.67
-2981.87
-2983.06
-2984.26
-2985.46
-2986.65
-2987.85
-2989.05
-2990.24
-2991.44
-2992.63
-2993.83
-2995.03
-2996.22
-2997.42
-2998.62
-2999.81
-3001.01
-3002.21
-3003.4
-3004.6
-3005.8
-3006.99
-3008.19
-3009.39
-3010.58
-3011.78
-3012.98
-3014.18
-3015.37
-3016.57
-3017.77
-3018.96
-3020.16
-3021.36
-3022.56
-3023.75
-3024.95
-3026.15
-3027.34
-3028.54
-3029.74
-3030.94
-3032.13
-3033.33
-3034.53
-3035.73
-3036.92
-3038.12
-3039.32
-3040.52
-3041.71
-3042.91
-3044.11
-3045.31
-3046.51
-3047.7
-3048.9
-3050.1
-3051.3
-3052.49
-3053.69
-3054.89
-3056.09
-3057.29
-3058.48
-3059.68
-3060.88
-3062.08
-3063.28
-3064.47
-3065.67
-3066.87
-3068.07
-3069.27
-3070.47
-3071.66
-3072.86
-3074.06
-3075.26
-3076.46
-3077.66
-3078.86
-3080.05
-3081.25
-3082.45
-3083.65
-3084.85
-3086.05
-3087.25
-3088.44
-3089.64
-3090.84
-3092.04
-3093.24
-3094.44
-3095.64
-3096.84
-3098.04
-3099.23
-3100.43
-3101.63
-3102.83
-3104.03
-3105.23
-3106.43
-3107.63
-3108.83
-3110.03
-3111.23
-3112.43
-3113.63
-3114.82
-3116.02
-3117.22
-3118.42
-3119.62
-3120.82
-3122.02
-3123.22
-3124.42
-3125.62
-3126.82
-3128.02
-3129.22
-3130.42
-3131.62
-3132.82
-3134.02
-3135.22
-3136.42
-3137.62
-3138.82
-3140.02
-3141.22
-3142.42
-3143.62
-3144.82
-3146.02
-3147.22
-3148.42
-3149.62
-3150.82
-3152.02
-3153.22
-3154.42
-3155.62
-3156.82
-3158.02
-3159.22
-3160.42
-3161.62
-3162.82
-3164.02
-3165.22
-3166.43
-3167.63
-3168.83
-3170.03
-3171.23
-3172.43
-3173.63
-3174.83
-3176.03
-3177.23
-3178.43
-3179.63
-3180.84
-3182.04
-3183.24
-3184.44
-3185.64
-3186.84
-3188.04
-3189.24
-3190.44
-3191.65
-3192.85
-3194.05
-3195.25
-3196.45
-3197.65
-3198.85
-3200.05
-3201.26
-3202.46
-3203.66
-3204.86
-3206.06
-3207.26
-3208.47
-3209.67
-3210.87
-3212.07
-3213.27
-3214.47
-3215.68
-3216.88
-3218.08
-3219.28
-3220.48
-3221.69
-3222.89
-3224.09
-3225.29
-3226.49
-3227.7
-3228.9
-3230.1
-3231.3
-3232.5
-3233.71
-3234.91
-3236.11
-3237.31
-3238.52
-3239.72
-3240.92
-3242.12
-3243.32
-3244.53
-3245.73
-3246.93
-3248.13
-3249.34
-3250.54
-3251.74
-3252.95
-3254.15
-3255.35
-3256.55
-3257.76
-3258.96
-3260.16
-3261.37
-3262.57
-3263.77
-3264.97
-3266.18
-3267.38
-3268.58
-3269.79
-3270.99
-3272.19
-3273.4
-3274.6
-3275.8
-3277.01
-3278.21
-3279.41
-3280.62
-3281.82
-3283.02
-3284.23
-3285.43
-3286.63
-3287.84
-3289.04
-3290.24
-3291.45
-3292.65
-3293.85
-3295.06
-3296.26
-3297.46
-3298.67
-3299.87
-3301.08
-3302.28
-3303.48
-3304.69
-3305.89
-3307.1
-3308.3
-3309.5
-3310.71
-3311.91
-3313.12
-3314.32
-3315.52
-3316.73
-3317.93
-3319.14
-3320.34
-3321.55
-3322.75
-3323.95
-3325.16
-3326.36
-3327.57
-3328.77
-3329.98
-3331.18
-3332.39
-3333.59
-3334.8
-3336
-3337.2
-3338.41
-3339.61
-3340.82
-3342.02
-3343.23
-3344.43
-3345.64
-3346.84
-3348.05
-3349.25
-3350.46
-3351.66
-3352.87
-3354.07
-3355.28
-3356.48
-3357.69
-3358.89
-3360.1
-3361.3
-3362.51
-3363.71
-3364.92
-3366.13
-3367.33
-3368.54
-3369.74
-3370.95
-3372.15
-3373.36
-3374.56
-3375.77
-3376.97
-3378.18
-3379.39
-3380.59
-3381.8
-3383
-3384.21
-3385.42
-3386.62
-3387.83
-3389.03
-3390.24
-3391.44
-3392.65
-3393.86
-3395.06
-3396.27
-3397.47
-3398.68
-3399.89
-3401.09
-3402.3
-3403.51
-3404.71
-3405.92
-3407.12
-3408.33
-3409.54
-3410.74
-3411.95
-3413.16
-3414.36
-3415.57
-3416.78
-3417.98
-3419.19
-3420.4
-3421.6
-3422.81
-3424.02
-3425.22
-3426.43
-3427.64
-3428.84
-3430.05
-3431.26
-3432.46
-3433.67
-3434.88
-3436.09
-3437.29
-3438.5
-3439.71
-3440.91
-3442.12
-3443.33
-3444.54
-3445.74
-3446.95
-3448.16
-3449.36
-3450.57
-3451.78
-3452.99
-3454.19
-3455.4
-3456.61
-3457.82
-3459.02
-3460.23
-3461.44
-3462.65
-3463.85
-3465.06
-3466.27
-3467.48
-3468.69
-3469.89
-3471.1
-3472.31
-3473.52
-3474.72
-3475.93
-3477.14
-3478.35
-3479.56
-3480.77
-3481.97
-3483.18
-3484.39
-3485.6
-3486.81
-3488.01
-3489.22
-3490.43
-3491.64
-3492.85
-3494.06
-3495.26
-3496.47
-3497.68
-3498.89
-3500.1
-3501.31
-3502.52
-3503.72
-3504.93
-3506.14
-3507.35
-3508.56
-3509.77
-3510.98
-3512.18
-3513.39
-3514.6
-3515.81
-3517.02
-3518.23
-3519.44
-3520.65
-3521.86
-3523.07
-3524.27
-3525.48
-3526.69
-3527.9
-3529.11
-3530.32
-3531.53
-3532.74
-3533.95
-3535.16
-3536.37
-3537.58
-3538.79
-3540
-3541.2
-3542.41
-3543.62
-3544.83
-3546.04
-3547.25
-3548.46
-3549.67
-3550.88
-3552.09
-3553.3
-3554.51
-3555.72
-3556.93
-3558.14
-3559.35
-3560.56
-3561.77
-3562.98
-3564.19
-3565.4
-3566.61
-3567.82
-3569.03
-3570.24
-3571.45
-3572.66
-3573.87
-3575.08
-3576.29
-3577.5
-3578.71
-3579.92
-3581.13
-3582.34
-3583.55
-3584.77
-3585.98
-3587.19
-3588.4
-3589.61
-3590.82
-3592.03
-3593.24
-3594.45
-3595.66
-3596.87
-3598.08
-3599.29
-3600.5
-3601.72
-3602.93
-3604.14
-3605.35
-3606.56
-3607.77
-3608.98
-3610.19
-3611.4
-3612.62
-3613.83
-3615.04
-3616.25
-3617.46
-3618.67
-3619.88
-3621.09
-3622.31
-3623.52
-3624.73
-3625.94
-3627.15
-3628.36
-3629.57
-3630.79
-3632
-3633.21
-3634.42
-3635.63
-3636.84
-3638.06
-3639.27
-3640.48
-3641.69
-3642.9
-3644.12
-3645.33
-3646.54
-3647.75
-3648.96
-3650.18
-3651.39
-3652.6
-3653.81
-3655.02
-3656.24
-3657.45
-3658.66
-3659.87
-3661.08
-3662.3
-3663.51
-3664.72
-3665.93
-3667.15
-3668.36
-3669.57
-3670.78
-3672
-3673.21
-3674.42
-3675.63
-3676.85
-3678.06
-3679.27
-3680.49
-3681.7
-3682.91
-3684.12
-3685.34
-3686.55
-3687.76
-3688.98
-3690.19
-3691.4
-3692.61
-3693.83
-3695.04
-3696.25
-3697.47
-3698.68
-3699.89
-3701.11
-3702.32
-3703.53
-3704.75
-3705.96
-3707.17
-3708.39
-3709.6
-3710.81
-3712.03
-3713.24
-3714.45
-3715.67
-3716.88
-3718.09
-3719.31
-3720.52
-3721.74
-3722.95
-3724.16
-3725.38
-3726.59
-3727.8
-3729.02
-3730.23
-3731.45
-3732.66
-3733.87
-3735.09
-3736.3
-3737.52
-3738.73
-3739.94
-3741.16
-3742.37
-3743.59
-3744.8
-3746.02
-3747.23
-3748.44
-3749.66
-3750.87
-3752.09
-3753.3
-3754.52
-3755.73
-3756.95
-3758.16
-3759.37
-3760.59
-3761.8
-3763.02
-3764.23
-3765.45
-3766.66
-3767.88
-3769.09
-3770.31
-3771.52
-3772.74
-3773.95
-3775.17
-3776.38
-3777.6
-3778.81
-3780.03
-3781.24
-3782.46
-3783.67
-3784.89
-3786.1
-3787.32
-3788.53
-3789.75
-3790.96
-3792.18
-3793.39
-3794.61
-3795.83
-3797.04
-3798.26
-3799.47
-3800.69
-3801.9
-3803.12
-3804.33
-3805.55
-3806.77
-3807.98
-3809.2
-3810.41
-3811.63
-3812.84
-3814.06
-3815.28
-3816.49
-3817.71
-3818.92
-3820.14
-3821.36
-3822.57
-3823.79
-3825
-3826.22
-3827.44
-3828.65
-3829.87
-3831.09
-3832.3
-3833.52
-3834.73
-3835.95
-3837.17
-3838.38
-3839.6
-3840.82
-3842.03
-3843.25
-3844.47
-3845.68
-3846.9
-3848.12
-3849.33
-3850.55
-3851.77
-3852.98
-3854.2
-3855.42
-3856.63
-3857.85
-3859.07
-3860.28
-3861.5
-3862.72
-3863.93
-3865.15
-3866.37
-3867.59
-3868.8
-3870.02
-3871.24
-3872.45
-3873.67
-3874.89
-3876.11
-3877.32
-3878.54
-3879.76
-3880.98
-3882.19
-3883.41
-3884.63
-3885.85
-3887.06
-3888.28
-3889.5
-3890.72
-3891.93
-3893.15
-3894.37
-3895.59
-3896.8
-3898.02
-3899.24
-3900.46
-3901.68
-3902.89
-3904.11
-3905.33
-3906.55
-3907.77
-3908.98
-3910.2
-3911.42
-3912.64
-3913.86
-3915.07
-3916.29
-3917.51
-3918.73
-3919.95
-3921.17
-3922.38
-3923.6
-3924.82
-3926.04
-3927.26
-3928.48
-3929.69
-3930.91
-3932.13
-3933.35
-3934.57
-3935.79
-3937.01
-3938.23
-3939.44
-3940.66
-3941.88
-3943.1
-3944.32
-3945.54
-3946.76
-3947.98
-3949.19
-3950.41
-3951.63
-3952.85
-3954.07
-3955.29
-3956.51
-3957.73
-3958.95
-3960.17
-3961.39
-3962.61
-3963.82
-3965.04
-3966.26
-3967.48
-3968.7
-3969.92
-3971.14
-3972.36
-3973.58
-3974.8
-3976.02
-3977.24
-3978.46
-3979.68
-3980.9
-3982.12
-3983.34
-3984.56
-3985.78
-3987
-3988.22
-3989.44
-3990.66
-3991.88
-3993.1
-3994.32
-3995.54
-3996.76
-3997.98
-3999.2
-4000.42
-4001.64
-4002.86
-4004.08
-4005.3
-4006.52
-4007.74
-4008.96
-4010.18
-4011.4
-4012.62
-4013.84
-4015.06
-4016.28
-4017.5
-4018.72
-4019.94
-4021.16
-4022.38
-4023.61
-4024.83
-4026.05
-4027.27
-4028.49
-4029.71
-4030.93
-4032.15
-4033.37
-4034.59
-4035.81
-4037.03
-4038.26
-4039.48
-4040.7
-4041.92
-4043.14
-4044.36
-4045.58
-4046.8
-4048.02
-4049.25
-4050.47
-4051.69
-4052.91
-4054.13
-4055.35
-4056.57
-4057.8
-4059.02
-4060.24
-4061.46
-4062.68
-4063.9
-4065.13
-4066.35
-4067.57
-4068.79
-4070.01
-4071.23
-4072.46
-4073.68
-4074.9
-4076.12
-4077.34
-4078.57
-4079.79
-4081.01
-4082.23
-4083.45
-4084.68
-4085.9
-4087.12
-4088.34
-4089.56
-4090.79
-4092.01
-4093.23
-4094.45
-4095.68
-4096.9
-4098.12
-4099.34
-4100.56
-4101.79
-4103.01
-4104.23
-4105.46
-4106.68
-4107.9
-4109.12
-4110.35
-4111.57
-4112.79
-4114.01
-4115.24
-4116.46
-4117.68
-4118.9
-4120.13
-4121.35
-4122.57
-4123.8
-4125.02
-4126.24
-4127.47
-4128.69
-4129.91
-4131.14
-4132.36
-4133.58
-4134.8
-4136.03
-4137.25
-4138.47
-4139.7
-4140.92
-4142.14
-4143.37
-4144.59
-4145.82
-4147.04
-4148.26
-4149.49
-4150.71
-4151.93
-4153.16
-4154.38
-4155.6
-4156.83
-4158.05
-4159.28
-4160.5
-4161.72
-4162.95
-4164.17
-4165.39
-4166.62
-4167.84
-4169.07
-4170.29
-4171.51
-4172.74
-4173.96
-4175.19
-4176.41
-4177.64
-4178.86
-4180.08
-4181.31
-4182.53
-4183.76
-4184.98
-4186.21
-4187.43
-4188.65
-4189.88
-4191.1
-4192.33
-4193.55
-4194.78
-4196
-4197.23
-4198.45
-4199.68
-4200.9
-4202.13
-4203.35
-4204.57
-4205.8
-4207.02
-4208.25
-4209.47
-4210.7
-4211.92
-4213.15
-4214.37
-4215.6
-4216.82
-4218.05
-4219.27
-4220.5
-4221.73
-4222.95
-4224.18
-4225.4
-4226.63
-4227.85
-4229.08
-4230.3
-4231.53
-4232.75
-4233.98
-4235.2
-4236.43
-4237.66
-4238.88
-4240.11
-4241.33
-4242.56
-4243.78
-4245.01
-4246.24
-4247.46
-4248.69
-4249.91
-4251.14
-4252.36
-4253.59
-4254.82
-4256.04
-4257.27
-4258.49
-4259.72
-4260.95
-4262.17
-4263.4
-4264.62
-4265.85
-4267.08
-4268.3
-4269.53
-4270.76
-4271.98
-4273.21
-4274.44
-4275.66
-4276.89
-4278.11
-4279.34
-4280.57
-4281.79
-4283.02
-4284.25
-4285.47
-4286.7
-4287.93
-4289.15
-4290.38
-4291.61
-4292.83
-4294.06
-4295.29
-4296.52
-4297.74
-4298.97
-4300.2
-4301.42
-4302.65
-4303.88
-4305.1
-4306.33
-4307.56
-4308.79
-4310.01
-4311.24
-4312.47
-4313.69
-4314.92
-4316.15
-4317.38
-4318.6
-4319.83
-4321.06
-4322.29
-4323.51
-4324.74
-4325.97
-4327.2
-4328.42
-4329.65
-4330.88
-4332.11
-4333.34
-4334.56
-4335.79
-4337.02
-4338.25
-4339.47
-4340.7
-4341.93
-4343.16
-4344.39
-4345.61
-4346.84
-4348.07
-4349.3
-4350.53
-4351.75
-4352.98
-4354.21
-4355.44
-4356.67
-4357.9
-4359.12
-4360.35
-4361.58
-4362.81
-4364.04
-4365.27
-4366.49
-4367.72
-4368.95
-4370.18
-4371.41
-4372.64
-4373.87
-4375.09
-4376.32
-4377.55
-4378.78
-4380.01
-4381.24
-4382.47
-4383.7
-4384.93
-4386.15
-4387.38
-4388.61
-4389.84
-4391.07
-4392.3
-4393.53
-4394.76
-4395.99
-4397.22
-4398.44
-4399.67
-4400.9
-4402.13
-4403.36
-4404.59
-4405.82
-4407.05
-4408.28
-4409.51
-4410.74
-4411.97
-4413.2
-4414.43
-4415.66
-4416.89
-4418.12
-4419.35
-4420.58
-4421.8
-4423.03
-4424.26
-4425.49
-4426.72
-4427.95
-4429.18
-4430.41
-4431.64
-4432.87
-4434.1
-4435.33
-4436.56
-4437.79
-4439.02
-4440.25
-4441.48
-4442.71
-4443.94
-4445.17
-4446.41
-4447.64
-4448.87
-4450.1
-4451.33
-4452.56
-4453.79
-4455.02
-4456.25
-4457.48
-4458.71
-4459.94
-4461.17
-4462.4
-4463.63
-4464.86
-4466.09
-4467.32
-4468.55
-4469.79
-4471.02
-4472.25
-4473.48
-4474.71
-4475.94
-4477.17
-4478.4
-4479.63
-4480.86
-4482.1
-4483.33
-4484.56
-4485.79
-4487.02
-4488.25
-4489.48
-4490.71
-4491.94
-4493.18
-4494.41
-4495.64
-4496.87
-4498.1
-4499.33
-4500.56
-4501.8
-4503.03
-4504.26
-4505.49
-4506.72
-4507.95
-4509.19
-4510.42
-4511.65
-4512.88
-4514.11
-4515.34
-4516.58
-4517.81
-4519.04
-4520.27
-4521.5
-4522.74
-4523.97
-4525.2
-4526.43
-4527.66
-4528.9
-4530.13
-4531.36
-4532.59
-4533.83
-4535.06
-4536.29
-4537.52
-4538.75
-4539.99
-4541.22
-4542.45
-4543.68
-4544.92
-4546.15
-4547.38
-4548.61
-4549.85
-4551.08
-4552.31
-4553.55
-4554.78
-4556.01
-4557.24
-4558.48
-4559.71
-4560.94
-4562.17
-4563.41
-4564.64
-4565.87
-4567.11
-4568.34
-4569.57
-4570.81
-4572.04
-4573.27
-4574.5
-4575.74
-4576.97
-4578.2
-4579.44
-4580.67
-4581.9
-4583.14
-4584.37
-4585.6
-4586.84
-4588.07
-4589.3
-4590.54
-4591.77
-4593.01
-4594.24
-4595.47
-4596.71
-4597.94
-4599.17
-4600.41
-4601.64
-4602.87
-4604.11
-4605.34
-4606.58
-4607.81
-4609.04
-4610.28
-4611.51
-4612.75
-4613.98
-4615.21
-4616.45
-4617.68
-4618.92
-4620.15
-4621.38
-4622.62
-4623.85
-4625.09
-4626.32
-4627.56
-4628.79
-4630.02
-4631.26
-4632.49
-4633.73
-4634.96
-4636.2
-4637.43
-4638.67
-4639.9
-4641.14
-4642.37
-4643.6
-4644.84
-4646.07
-4647.31
-4648.54
-4649.78
-4651.01
-4652.25
-4653.48
-4654.72
-4655.95
-4657.19
-4658.42
-4659.66
-4660.89
-4662.13
-4663.36
-4664.6
-4665.83
-4667.07
-4668.3
-4669.54
-4670.77
-4672.01
-4673.25
-4674.48
-4675.72
-4676.95
-4678.19
-4679.42
-4680.66
-4681.89
-4683.13
-4684.36
-4685.6
-4686.84
-4688.07
-4689.31
-4690.54
-4691.78
-4693.01
-4694.25
-4695.49
-4696.72
-4697.96
-4699.19
-4700.43
-4701.67
-4702.9
-4704.14
-4705.37
-4706.61
-4707.85
-4709.08
-4710.32
-4711.55
-4712.79
-4714.03
-4715.26
-4716.5
-4717.74
-4718.97
-4720.21
-4721.45
-4722.68
-4723.92
-4725.15
-4726.39
-4727.63
-4728.86
-4730.1
-4731.34
-4732.57
-4733.81
-4735.05
-4736.28
-4737.52
-4738.76
-4739.99
-4741.23
-4742.47
-4743.71
-4744.94
-4746.18
-4747.42
-4748.65
-4749.89
-4751.13
-4752.36
-4753.6
-4754.84
-4756.08
-4757.31
-4758.55
-4759.79
-4761.02
-4762.26
-4763.5
-4764.74
-4765.97
-4767.21
-4768.45
-4769.69
-4770.92
-4772.16
-4773.4
-4774.64
-4775.87
-4777.11
-4778.35
-4779.59
-4780.82
-4782.06
-4783.3
-4784.54
-4785.78
-4787.01
-4788.25
-4789.49
-4790.73
-4791.97
-4793.2
-4794.44
-4795.68
-4796.92
-4798.16
-4799.39
-4800.63
-4801.87
-4803.11
-4804.35
-4805.58
-4806.82
-4808.06
-4809.3
-4810.54
-4811.78
-4813.02
-4814.25
-4815.49
-4816.73
-4817.97
-4819.21
-4820.45
-4821.68
-4822.92
-4824.16
-4825.4
-4826.64
-4827.88
-4829.12
-4830.36
-4831.59
-4832.83
-4834.07
-4835.31
-4836.55
-4837.79
-4839.03
-4840.27
-4841.51
-4842.75
-4843.98
-4845.22
-4846.46
-4847.7
-4848.94
-4850.18
-4851.42
-4852.66
-4853.9
-4855.14
-4856.38
-4857.62
-4858.86
-4860.1
-4861.34
-4862.57
-4863.81
-4865.05
-4866.29
-4867.53
-4868.77
-4870.01
-4871.25
-4872.49
-4873.73
-4874.97
-4876.21
-4877.45
-4878.69
-4879.93
-4881.17
-4882.41
-4883.65
-4884.89
-4886.13
-4887.37
-4888.61
-4889.85
-4891.09
-4892.33
-4893.57
-4894.81
-4896.05
-4897.29
-4898.53
-4899.77
-4901.01
-4902.25
-4903.49
-4904.73
-4905.97
-4907.22
-4908.46
-4909.7
-4910.94
-4912.18
-4913.42
-4914.66
-4915.9
-4917.14
-4918.38
-4919.62
-4920.86
-4922.1
-4923.34
-4924.59
-4925.83
-4927.07
-4928.31
-4929.55
-4930.79
-4932.03
-4933.27
-4934.51
-4935.75
-4937
-4938.24
-4939.48
-4940.72
-4941.96
-4943.2
-4944.44
-4945.68
-4946.93
-4948.17
-4949.41
-4950.65
-4951.89
-4953.13
-4954.37
-4955.62
-4956.86
-4958.1
-4959.34
-4960.58
-4961.82
-4963.07
-4964.31
-4965.55
-4966.79
-4968.03
-4969.27
-4970.52
-4971.76
-4973
-4974.24
-4975.48
-4976.73
-4977.97
-4979.21
-4980.45
-4981.69
-4982.94
-4984.18
-4985.42
-4986.66
-4987.91
-4989.15
-4990.39
-4991.63
-4992.87
-4994.12
-4995.36
-4996.6
-4997.84
-4999.09
-5000.33
-5001.57
-5002.81
-5004.06
-5005.3
-5006.54
-5007.79
-5009.03
-5010.27
-5011.51
-5012.76
-5014
-5015.24
-5016.49
-5017.73
-5018.97
-5020.21
-5021.46
-5022.7
-5023.94
-5025.19
-5026.43
-5027.67
-5028.92
-5030.16
-5031.4
-5032.64
-5033.89
-5035.13
-5036.37
-5037.62
-5038.86
-5040.1
-5041.35
-5042.59
-5043.84
-5045.08
-5046.32
-5047.57
-5048.81
-5050.05
-5051.3
-5052.54
-5053.78
-5055.03
-5056.27
-5057.52
-5058.76
-5060
-5061.25
-5062.49
-5063.73
-5064.98
-5066.22
-5067.47
-5068.71
-5069.95
-5071.2
-5072.44
-5073.69
-5074.93
-5076.18
-5077.42
-5078.66
-5079.91
-5081.15
-5082.4
-5083.64
-5084.89
-5086.13
-5087.37
-5088.62
-5089.86
-5091.11
-5092.35
-5093.6
-5094.84
-5096.09
-5097.33
-5098.57
-5099.82
-5101.06
-5102.31
-5103.55
-5104.8
-5106.04
-5107.29
-5108.53
-5109.78
-5111.02
-5112.27
-5113.51
-5114.76
-5116
-5117.25
-5118.49
-5119.74
-5120.98
-5122.23
-5123.47
-5124.72
-5125.96
-5127.21
-5128.45
-5129.7
-5130.95
-5132.19
-5133.44
-5134.68
-5135.93
-5137.17
-5138.42
-5139.66
-5140.91
-5142.15
-5143.4
-5144.65
-5145.89
-5147.14
-5148.38
-5149.63
-5150.87
-5152.12
-5153.37
-5154.61
-5155.86
-5157.1
-5158.35
-5159.6
-5160.84
-5162.09
-5163.33
-5164.58
-5165.83
-5167.07
-5168.32
-5169.56
-5170.81
-5172.06
-5173.3
-5174.55
-5175.8
-5177.04
-5178.29
-5179.54
-5180.78
-5182.03
-5183.27
-5184.52
-5185.77
-5187.01
-5188.26
-5189.51
-5190.75
-5192
-5193.25
-5194.49
-5195.74
-5196.99
-5198.23
-5199.48
-5200.73
-5201.98
-5203.22
-5204.47
-5205.72
-5206.96
-5208.21
-5209.46
-5210.7
-5211.95
-5213.2
-5214.45
-5215.69
-5216.94
-5218.19
-5219.43
-5220.68
-5221.93
-5223.18
-5224.42
-5225.67
-5226.92
-5228.17
-5229.41
-5230.66
-5231.91
-5233.16
-5234.4
-5235.65
-5236.9
-5238.15
-5239.39
-5240.64
-5241.89
-5243.14
-5244.39
-5245.63
-5246.88
-5248.13
-5249.38
-5250.62
-5251.87
-5253.12
-5254.37
-5255.62
-5256.87
-5258.11
-5259.36
-5260.61
-5261.86
-5263.11
-5264.35
-5265.6
-5266.85
-5268.1
-5269.35
-5270.6
-5271.84
-5273.09
-5274.34
-5275.59
-5276.84
-5278.09
-5279.33
-5280.58
-5281.83
-5283.08
-5284.33
-5285.58
-5286.83
-5288.08
-5289.32
-5290.57
-5291.82
-5293.07
-5294.32
-5295.57
-5296.82
-5298.07
-5299.32
-5300.56
-5301.81
-5303.06
-5304.31
-5305.56
-5306.81
-5308.06
-5309.31
-5310.56
-5311.81
-5313.06
-5314.31
-5315.55
-5316.8
-5318.05
-5319.3
-5320.55
-5321.8
-5323.05
-5324.3
-5325.55
-5326.8
-5328.05
-5329.3
-5330.55
-5331.8
-5333.05
-5334.3
-5335.55
-5336.8
-5338.05
-5339.3
-5340.55
-5341.8
-5343.05
-5344.3
-5345.55
-5346.8
-5348.05
-5349.3
-5350.55
-5351.8
-5353.05
-5354.3
-5355.55
-5356.8
-5358.05
-5359.3
-5360.55
-5361.8
-5363.05
-5364.3
-5365.55
-5366.8
-5368.05
-5369.3
-5370.55
-5371.8
-5373.05
-5374.3
-5375.55
-5376.8
-5378.05
-5379.31
-5380.56
-5381.81
-5383.06
-5384.31
-5385.56
-5386.81
-5388.06
-5389.31
-5390.56
-5391.81
-5393.06
-5394.32
-5395.57
-5396.82
-5398.07
-5399.32
-5400.57
-5401.82
-5403.07
-5404.32
-5405.58
-5406.83
-5408.08
-5409.33
-5410.58
-5411.83
-5413.08
-5414.34
-5415.59
-5416.84
-5418.09
-5419.34
-5420.59
-5421.84
-5423.1
-5424.35
-5425.6
-5426.85
-5428.1
-5429.35
-5430.61
-5431.86
-5433.11
-5434.36
-5435.61
-5436.87
-5438.12
-5439.37
-5440.62
-5441.87
-5443.13
-5444.38
-5445.63
-5446.88
-5448.13
-5449.39
-5450.64
-5451.89
-5453.14
-5454.39
-5455.65
-5456.9
-5458.15
-5459.4
-5460.66
-5461.91
-5463.16
-5464.41
-5465.67
-5466.92
-5468.17
-5469.42
-5470.68
-5471.93
-5473.18
-5474.43
-5475.69
-5476.94
-5478.19
-5479.45
-5480.7
-5481.95
-5483.2
-5484.46
-5485.71
-5486.96
-5488.22
-5489.47
-5490.72
-5491.98
-5493.23
-5494.48
-5495.73
-5496.99
-5498.24
-5499.49
-5500.75
-5502
-5503.25
-5504.51
-5505.76
-5507.01
-5508.27
-5509.52
-5510.77
-5512.03
-5513.28
-5514.54
-5515.79
-5517.04
-5518.3
-5519.55
-5520.8
-5522.06
-5523.31
-5524.56
-5525.82
-5527.07
-5528.33
-5529.58
-5530.83
-5532.09
-5533.34
-5534.6
-5535.85
-5537.1
-5538.36
-5539.61
-5540.87
-5542.12
-5543.37
-5544.63
-5545.88
-5547.14
-5548.39
-5549.64
-5550.9
-5552.15
-5553.41
-5554.66
-5555.92
-5557.17
-5558.43
-5559.68
-5560.93
-5562.19
-5563.44
-5564.7
-5565.95
-5567.21
-5568.46
-5569.72
-5570.97
-5572.23
-5573.48
-5574.74
-5575.99
-5577.25
-5578.5
-5579.76
-5581.01
-5582.27
-5583.52
-5584.78
-5586.03
-5587.29
-5588.54
-5589.8
-5591.05
-5592.31
-5593.56
-5594.82
-5596.07
-5597.33
-5598.58
-5599.84
-5601.09
-5602.35
-5603.6
-5604.86
-5606.11
-5607.37
-5608.63
-5609.88
-5611.14
-5612.39
-5613.65
-5614.9
-5616.16
-5617.42
-5618.67
-5619.93
-5621.18
-5622.44
-5623.69
-5624.95
-5626.21
-5627.46
-5628.72
-5629.97
-5631.23
-5632.49
-5633.74
-5635
-5636.25
-5637.51
-5638.77
-5640.02
-5641.28
-5642.53
-5643.79
-5645.05
-5646.3
-5647.56
-5648.82
-5650.07
-5651.33
-5652.59
-5653.84
-5655.1
-5656.36
-5657.61
-5658.87
-5660.12
-5661.38
-5662.64
-5663.89
-5665.15
-5666.41
-5667.67
-5668.92
-5670.18
-5671.44
-5672.69
-5673.95
-5675.21
-5676.46
-5677.72
-5678.98
-5680.23
-5681.49
-5682.75
-5684.01
-5685.26
-5686.52
-5687.78
-5689.03
-5690.29
-5691.55
-5692.81
-5694.06
-5695.32
-5696.58
-5697.84
-5699.09
-5700.35
-5701.61
-5702.86
-5704.12
-5705.38
-5706.64
-5707.9
-5709.15
-5710.41
-5711.67
-5712.93
-5714.18
-5715.44
-5716.7
-5717.96
-5719.21
-5720.47
-5721.73
-5722.99
-5724.25
-5725.5
-5726.76
-5728.02
-5729.28
-5730.54
-5731.79
-5733.05
-5734.31
-5735.57
-5736.83
-5738.09
-5739.34
-5740.6
-5741.86
-5743.12
-5744.38
-5745.63
-5746.89
-5748.15
-5749.41
-5750.67
-5751.93
-5753.19
-5754.44
-5755.7
-5756.96
-5758.22
-5759.48
-5760.74
-5762
-5763.25
-5764.51
-5765.77
-5767.03
-5768.29
-5769.55
-5770.81
-5772.07
-5773.33
-5774.58
-5775.84
-5777.1
-5778.36
-5779.62
-5780.88
-5782.14
-5783.4
-5784.66
-5785.92
-5787.18
-5788.44
-5789.69
-5790.95
-5792.21
-5793.47
-5794.73
-5795.99
-5797.25
-5798.51
-5799.77
-5801.03
-5802.29
-5803.55
-5804.81
-5806.07
-5807.33
-5808.59
-5809.85
-5811.11
-5812.37
-5813.63
-5814.89
-5816.15
-5817.41
-5818.67
-5819.93
-5821.19
-5822.45
-5823.71
-5824.97
-5826.23
-5827.49
-5828.75
-5830.01
-5831.27
-5832.53
-5833.79
-5835.05
-5836.31
-5837.57
-5838.83
-5840.09
-5841.35
-5842.61
-5843.87
-5845.13
-5846.39
-5847.65
-5848.91
-5850.17
-5851.43
-5852.69
-5853.95
-5855.21
-5856.47
-5857.73
-5859
-5860.26
-5861.52
-5862.78
-5864.04
-5865.3
-5866.56
-5867.82
-5869.08
-5870.34
-5871.6
-5872.86
-5874.13
-5875.39
-5876.65
-5877.91
-5879.17
-5880.43
-5881.69
-5882.95
-5884.22
-5885.48
-5886.74
-5888
-5889.26
-5890.52
-5891.78
-5893.04
-5894.31
-5895.57
-5896.83
-5898.09
-5899.35
-5900.61
-5901.88
-5903.14
-5904.4
-5905.66
-5906.92
-5908.18
-5909.45
-5910.71
-5911.97
-5913.23
-5914.49
-5915.75
-5917.02
-5918.28
-5919.54
-5920.8
-5922.06
-5923.33
-5924.59
-5925.85
-5927.11
-5928.37
-5929.64
-5930.9
-5932.16
-5933.42
-5934.69
-5935.95
-5937.21
-5938.47
-5939.74
-5941
-5942.26
-5943.52
-5944.78
-5946.05
-5947.31
-5948.57
-5949.83
-5951.1
-5952.36
-5953.62
-5954.89
-5956.15
-5957.41
-5958.67
-5959.94
-5961.2
-5962.46
-5963.73
-5964.99
-5966.25
-5967.51
-5968.78
-5970.04
-5971.3
-5972.57
-5973.83
-5975.09
-5976.36
-5977.62
-5978.88
-5980.14
-5981.41
-5982.67
-5983.93
-5985.2
-5986.46
-5987.72
-5988.99
-5990.25
-5991.51
-5992.78
-5994.04
-5995.3
-5996.57
-5997.83
-5999.1
-6000.36
-6001.62
-6002.89
-6004.15
-6005.41
-6006.68
-6007.94
-6009.21
-6010.47
-6011.73
-6013
-6014.26
-6015.52
-6016.79
-6018.05
-6019.32
-6020.58
-6021.84
-6023.11
-6024.37
-6025.64
-6026.9
-6028.17
-6029.43
-6030.69
-6031.96
-6033.22
-6034.49
-6035.75
-6037.02
-6038.28
-6039.54
-6040.81
-6042.07
-6043.34
-6044.6
-6045.87
-6047.13
-6048.4
-6049.66
-6050.92
-6052.19
-6053.45
-6054.72
-6055.98
-6057.25
-6058.51
-6059.78
-6061.04
-6062.31
-6063.57
-6064.84
-6066.1
-6067.37
-6068.63
-6069.9
-6071.16
-6072.43
-6073.69
-6074.96
-6076.22
-6077.49
-6078.75
-6080.02
-6081.28
-6082.55
-6083.81
-6085.08
-6086.34
-6087.61
-6088.88
-6090.14
-6091.41
-6092.67
-6093.94
-6095.2
-6096.47
-6097.73
-6099
-6100.27
-6101.53
-6102.8
-6104.06
-6105.33
-6106.59
-6107.86
-6109.13
-6110.39
-6111.66
-6112.92
-6114.19
-6115.45
-6116.72
-6117.99
-6119.25
-6120.52
-6121.78
-6123.05
-6124.32
-6125.58
-6126.85
-6128.12
-6129.38
-6130.65
-6131.91
-6133.18
-6134.45
-6135.71
-6136.98
-6138.25
-6139.51
-6140.78
-6142.05
-6143.31
-6144.58
-6145.85
-6147.11
-6148.38
-6149.64
-6150.91
-6152.18
-6153.44
-6154.71
-6155.98
-6157.25
-6158.51
-6159.78
-6161.05
-6162.31
-6163.58
-6164.85
-6166.11
-6167.38
-6168.65
-6169.91
-6171.18
-6172.45
-6173.72
-6174.98
-6176.25
-6177.52
-6178.78
-6180.05
-6181.32
-6182.59
-6183.85
-6185.12
-6186.39
-6187.66
-6188.92
-6190.19
-6191.46
-6192.73
-6193.99
-6195.26
-6196.53
-6197.8
-6199.06
-6200.33
-6201.6
-6202.87
-6204.13
-6205.4
-6206.67
-6207.94
-6209.21
-6210.47
-6211.74
-6213.01
-6214.28
-6215.54
-6216.81
-6218.08
-6219.35
-6220.62
-6221.88
-6223.15
-6224.42
-6225.69
-6226.96
-6228.23
-6229.49
-6230.76
-6232.03
-6233.3
-6234.57
-6235.84
-6237.1
-6238.37
-6239.64
-6240.91
-6242.18
-6243.45
-6244.71
-6245.98
-6247.25
-6248.52
-6249.79
-6251.06
-6252.33
-6253.59
-6254.86
-6256.13
-6257.4
-6258.67
-6259.94
-6261.21
-6262.48
-6263.75
-6265.01
-6266.28
-6267.55
-6268.82
-6270.09
-6271.36
-6272.63
-6273.9
-6275.17
-6276.44
-6277.71
-6278.97
-6280.24
-6281.51
-6282.78
-6284.05
-6285.32
-6286.59
-6287.86
-6289.13
-6290.4
-6291.67
-6292.94
-6294.21
-6295.48
-6296.75
-6298.02
-6299.29
-6300.55
-6301.82
-6303.09
-6304.36
-6305.63
-6306.9
-6308.17
-6309.44
-6310.71
-6311.98
-6313.25
-6314.52
-6315.79
-6317.06
-6318.33
-6319.6
-6320.87
-6322.14
-6323.41
-6324.68
-6325.95
-6327.22
-6328.49
-6329.76
-6331.03
-6332.3
-6333.57
-6334.84
-6336.12
-6337.39
-6338.66
-6339.93
-6341.2
-6342.47
-6343.74
-6345.01
-6346.28
-6347.55
-6348.82
-6350.09
-6351.36
-6352.63
-6353.9
-6355.17
-6356.44
-6357.71
-6358.99
-6360.26
-6361.53
-6362.8
-6364.07
-6365.34
-6366.61
-6367.88
-6369.15
-6370.42
-6371.7
-6372.97
-6374.24
-6375.51
-6376.78
-6378.05
-6379.32
-6380.59
-6381.86
-6383.14
-6384.41
-6385.68
-6386.95
-6388.22
-6389.49
-6390.76
-6392.04
-6393.31
-6394.58
-6395.85
-6397.12
-6398.39
-6399.66
-6400.94
-6402.21
-6403.48
-6404.75
-6406.02
-6407.29
-6408.57
-6409.84
-6411.11
-6412.38
-6413.65
-6414.93
-6416.2
-6417.47
-6418.74
-6420.01
-6421.29
-6422.56
-6423.83
-6425.1
-6426.37
-6427.65
-6428.92
-6430.19
-6431.46
-6432.73
-6434.01
-6435.28
-6436.55
-6437.82
-6439.1
-6440.37
-6441.64
-6442.91
-6444.19
-6445.46
-6446.73
-6448
-6449.28
-6450.55
-6451.82
-6453.09
-6454.37
-6455.64
-6456.91
-6458.19
-6459.46
-6460.73
-6462
-6463.28
-6464.55
-6465.82
-6467.1
-6468.37
-6469.64
-6470.91
-6472.19
-6473.46
-6474.73
-6476.01
-6477.28
-6478.55
-6479.83
-6481.1
-6482.37
-6483.65
-6484.92
-6486.19
-6487.47
-6488.74
-6490.01
-6491.29
-6492.56
-6493.83
-6495.11
-6496.38
-6497.65
-6498.93
-6500.2
-6501.47
-6502.75
-6504.02
-6505.29
-6506.57
-6507.84
-6509.12
-6510.39
-6511.66
-6512.94
-6514.21
-6515.48
-6516.76
-6518.03
-6519.31
-6520.58
-6521.85
-6523.13
-6524.4
-6525.68
-6526.95
-6528.22
-6529.5
-6530.77
-6532.05
-6533.32
-6534.6
-6535.87
-6537.14
-6538.42
-6539.69
-6540.97
-6542.24
-6543.52
-6544.79
-6546.07
-6547.34
-6548.61
-6549.89
-6551.16
-6552.44
-6553.71
-6554.99
-6556.26
-6557.54
-6558.81
-6560.09
-6561.36
-6562.64
-6563.91
-6565.19
-6566.46
-6567.73
-6569.01
-6570.28
-6571.56
-6572.83
-6574.11
-6575.38
-6576.66
-6577.93
-6579.21
-6580.49
-6581.76
-6583.04
-6584.31
-6585.59
-6586.86
-6588.14
-6589.41
-6590.69
-6591.96
-6593.24
-6594.51
-6595.79
-6597.06
-6598.34
-6599.61
-6600.89
-6602.17
-6603.44
-6604.72
-6605.99
-6607.27
-6608.54
-6609.82
-6611.1
-6612.37
-6613.65
-6614.92
-6616.2
-6617.47
-6618.75
-6620.03
-6621.3
-6622.58
-6623.85
-6625.13
-6626.41
-6627.68
-6628.96
-6630.23
-6631.51
-6632.79
-6634.06
-6635.34
-6636.62
-6637.89
-6639.17
-6640.44
-6641.72
-6643
-6644.27
-6645.55
-6646.83
-6648.1
-6649.38
-6650.66
-6651.93
-6653.21
-6654.48
-6655.76
-6657.04
-6658.31
-6659.59
-6660.87
-6662.14
-6663.42
-6664.7
-6665.98
-6667.25
-6668.53
-6669.81
-6671.08
-6672.36
-6673.64
-6674.91
-6676.19
-6677.47
-6678.74
-6680.02
-6681.3
-6682.58
-6683.85
-6685.13
-6686.41
-6687.68
-6688.96
-6690.24
-6691.52
-6692.79
-6694.07
-6695.35
-6696.63
-6697.9
-6699.18
-6700.46
-6701.73
-6703.01
-6704.29
-6705.57
-6706.84
-6708.12
-6709.4
-6710.68
-6711.96
-6713.23
-6714.51
-6715.79
-6717.07
-6718.34
-6719.62
-6720.9
-6722.18
-6723.46
-6724.73
-6726.01
-6727.29
-6728.57
-6729.85
-6731.12
-6732.4
-6733.68
-6734.96
-6736.24
-6737.51
-6738.79
-6740.07
-6741.35
-6742.63
-6743.9
-6745.18
-6746.46
-6747.74
-6749.02
-6750.3
-6751.58
-6752.85
-6754.13
-6755.41
-6756.69
-6757.97
-6759.25
-6760.52
-6761.8
-6763.08
-6764.36
-6765.64
-6766.92
-6768.2
-6769.48
-6770.75
-6772.03
-6773.31
-6774.59
-6775.87
-6777.15
-6778.43
-6779.71
-6780.99
-6782.26
-6783.54
-6784.82
-6786.1
-6787.38
-6788.66
-6789.94
-6791.22
-6792.5
-6793.78
-6795.06
-6796.34
-6797.61
-6798.89
-6800.17
-6801.45
-6802.73
-6804.01
-6805.29
-6806.57
-6807.85
-6809.13
-6810.41
-6811.69
-6812.97
-6814.25
-6815.53
-6816.81
-6818.09
-6819.37
-6820.65
-6821.93
-6823.21
-6824.49
-6825.76
-6827.04
-6828.32
-6829.6
-6830.88
-6832.16
-6833.44
-6834.72
-6836
-6837.28
-6838.56
-6839.84
-6841.12
-6842.4
-6843.69
-6844.97
-6846.25
-6847.53
-6848.81
-6850.09
-6851.37
-6852.65
-6853.93
-6855.21
-6856.49
-6857.77
-6859.05
-6860.33
-6861.61
-6862.89
-6864.17
-6865.45
-6866.73
-6868.01
-6869.29
-6870.57
-6871.85
-6873.14
-6874.42
-6875.7
-6876.98
-6878.26
-6879.54
-6880.82
-6882.1
-6883.38
-6884.66
-6885.94
-6887.22
-6888.51
-6889.79
-6891.07
-6892.35
-6893.63
-6894.91
-6896.19
-6897.47
-6898.75
-6900.04
-6901.32
-6902.6
-6903.88
-6905.16
-6906.44
-6907.72
-6909.01
-6910.29
-6911.57
-6912.85
-6914.13
-6915.41
-6916.69
-6917.98
-6919.26
-6920.54
-6921.82
-6923.1
-6924.38
-6925.67
-6926.95
-6928.23
-6929.51
-6930.79
-6932.07
-6933.36
-6934.64
-6935.92
-6937.2
-6938.48
-6939.77
-6941.05
-6942.33
-6943.61
-6944.89
-6946.18
-6947.46
-6948.74
-6950.02
-6951.3
-6952.59
-6953.87
-6955.15
-6956.43
-6957.72
-6959
-6960.28
-6961.56
-6962.85
-6964.13
-6965.41
-6966.69
-6967.98
-6969.26
-6970.54
-6971.82
-6973.11
-6974.39
-6975.67
-6976.95
-6978.24
-6979.52
-6980.8
-6982.08
-6983.37
-6984.65
-6985.93
-6987.22
-6988.5
-6989.78
-6991.06
-6992.35
-6993.63
-6994.91
-6996.2
-6997.48
-6998.76
-7000.05
-7001.33
-7002.61
-7003.89
-7005.18
-7006.46
-7007.74
-7009.03
-7010.31
-7011.59
-7012.88
-7014.16
-7015.44
-7016.73
-7018.01
-7019.29
-7020.58
-7021.86
-7023.14
-7024.43
-7025.71
-7027
-7028.28
-7029.56
-7030.85
-7032.13
-7033.41
-7034.7
-7035.98
-7037.27
-7038.55
-7039.83
-7041.12
-7042.4
-7043.68
-7044.97
-7046.25
-7047.54
-7048.82
-7050.1
-7051.39
-7052.67
-7053.96
-7055.24
-7056.52
-7057.81
-7059.09
-7060.38
-7061.66
-7062.95
-7064.23
-7065.51
-7066.8
-7068.08
-7069.37
-7070.65
-7071.94
-7073.22
-7074.5
-7075.79
-7077.07
-7078.36
-7079.64
-7080.93
-7082.21
-7083.5
-7084.78
-7086.07
-7087.35
-7088.64
-7089.92
-7091.21
-7092.49
-7093.77
-7095.06
-7096.34
-7097.63
-7098.91
-7100.2
-7101.48
-7102.77
-7104.05
-7105.34
-7106.62
-7107.91
-7109.19
-7110.48
-7111.76
-7113.05
-7114.33
-7115.62
-7116.91
-7118.19
-7119.48
-7120.76
-7122.05
-7123.33
-7124.62
-7125.9
-7127.19
-7128.47
-7129.76
-7131.04
-7132.33
-7133.62
-7134.9
-7136.19
-7137.47
-7138.76
-7140.04
-7141.33
-7142.62
-7143.9
-7145.19
-7146.47
-7147.76
-7149.04
-7150.33
-7151.62
-7152.9
-7154.19
-7155.47
-7156.76
-7158.05
-7159.33
-7160.62
-7161.9
-7163.19
-7164.48
-7165.76
-7167.05
-7168.33
-7169.62
-7170.91
-7172.19
-7173.48
-7174.77
-7176.05
-7177.34
-7178.62
-7179.91
-7181.2
-7182.48
-7183.77
-7185.06
-7186.34
-7187.63
-7188.92
-7190.2
-7191.49
-7192.78
-7194.06
-7195.35
-7196.64
-7197.92
-7199.21
-7200.5
-7201.78
-7203.07
-7204.36
-7205.64
-7206.93
-7208.22
-7209.5
-7210.79
-7212.08
-7213.37
-7214.65
-7215.94
-7217.23
-7218.51
-7219.8
-7221.09
-7222.37
-7223.66
-7224.95
-7226.24
-7227.52
-7228.81
-7230.1
-7231.39
-7232.67
-7233.96
-7235.25
-7236.53
-7237.82
-7239.11
-7240.4
-7241.68
-7242.97
-7244.26
-7245.55
-7246.83
-7248.12
-7249.41
-7250.7
-7251.99
-7253.27
-7254.56
-7255.85
-7257.14
-7258.42
-7259.71
-7261
-7262.29
-7263.58
-7264.86
-7266.15
-7267.44
-7268.73
-7270.02
-7271.3
-7272.59
-7273.88
-7275.17
-7276.46
-7277.74
-7279.03
-7280.32
-7281.61
-7282.9
-7284.19
-7285.47
-7286.76
-7288.05
-7289.34
-7290.63
-7291.92
-7293.2
-7294.49
-7295.78
-7297.07
-7298.36
-7299.65
-7300.93
-7302.22
-7303.51
-7304.8
-7306.09
-7307.38
-7308.67
-7309.96
-7311.24
-7312.53
-7313.82
-7315.11
-7316.4
-7317.69
-7318.98
-7320.27
-7321.55
-7322.84
-7324.13
-7325.42
-7326.71
-7328
-7329.29
-7330.58
-7331.87
-7333.16
-7334.45
-7335.73
-7337.02
-7338.31
-7339.6
-7340.89
-7342.18
-7343.47
-7344.76
-7346.05
-7347.34
-7348.63
-7349.92
-7351.21
-7352.5
-7353.79
-7355.08
-7356.36
-7357.65
-7358.94
-7360.23
-7361.52
-7362.81
-7364.1
-7365.39
-7366.68
-7367.97
-7369.26
-7370.55
-7371.84
-7373.13
-7374.42
-7375.71
-7377
-7378.29
-7379.58
-7380.87
-7382.16
-7383.45
-7384.74
-7386.03
-7387.32
-7388.61
-7389.9
-7391.19
-7392.48
-7393.77
-7395.06
-7396.35
-7397.64
-7398.93
-7400.22
-7401.51
-7402.8
-7404.09
-7405.38
-7406.67
-7407.97
-7409.26
-7410.55
-7411.84
-7413.13
-7414.42
-7415.71
-7417
-7418.29
-7419.58
-7420.87
-7422.16
-7423.45
-7424.74
-7426.03
-7427.32
-7428.62
-7429.91
-7431.2
-7432.49
-7433.78
-7435.07
-7436.36
-7437.65
-7438.94
-7440.23
-7441.52
-7442.82
-7444.11
-7445.4
-7446.69
-7447.98
-7449.27
-7450.56
-7451.85
-7453.14
-7454.44
-7455.73
-7457.02
-7458.31
-7459.6
-7460.89
-7462.18
-7463.48
-7464.77
-7466.06
-7467.35
-7468.64
-7469.93
-7471.22
-7472.52
-7473.81
-7475.1
-7476.39
-7477.68
-7478.97
-7480.27
-7481.56
-7482.85
-7484.14
-7485.43
-7486.72
-7488.02
-7489.31
-7490.6
-7491.89
-7493.18
-7494.48
-7495.77
-7497.06
-7498.35
-7499.64
-7500.94
-7502.23
-7503.52
-7504.81
-7506.1
-7507.4
-7508.69
-7509.98
-7511.27
-7512.57
-7513.86
-7515.15
-7516.44
-7517.73
-7519.03
-7520.32
-7521.61
-7522.9
-7524.2
-7525.49
-7526.78
-7528.07
-7529.37
-7530.66
-7531.95
-7533.24
-7534.54
-7535.83
-7537.12
-7538.41
-7539.71
-7541
-7542.29
-7543.59
-7544.88
-7546.17
-7547.46
-7548.76
-7550.05
-7551.34
-7552.64
-7553.93
-7555.22
-7556.51
-7557.81
-7559.1
-7560.39
-7561.69
-7562.98
-7564.27
-7565.57
-7566.86
-7568.15
-7569.44
-7570.74
-7572.03
-7573.32
-7574.62
-7575.91
-7577.2
-7578.5
-7579.79
-7581.08
-7582.38
-7583.67
-7584.96
-7586.26
-7587.55
-7588.84
-7590.14
-7591.43
-7592.72
-7594.02
-7595.31
-7596.6
-7597.9
-7599.19
-7600.48
-7601.78
-7603.07
-7604.36
