-14.6007
-14.8072
-15.0137
-15.2201
-15.4266
-15.633
-15.8393
-16.0456
-16.2519
-16.4582
-16.6644
-16.8707
-17.0768
-17.283
-17.4891
-17.6952
-17.9013
-18.1073
-18.3133
-18.5193
-18.7252
-18.9311
-19.137
-19.3428
-19.5487
-19.7545
-19.9602
-20.166
-20.3717
-20.5773
-20.783
-20.9886
-21.1942
-21.3997
-21.6053
-21.8107
-22.0162
-22.2216
-22.4271
-22.6324
-22.8378
-23.0431
-23.2484
-23.4536
-23.6589
-23.8641
-24.0692
-24.2744
-24.4795
-24.6846
-24.8896
-25.0946
-25.2996
-25.5046
-25.7095
-25.9144
-26.1193
-26.3241
-26.5289
-26.7337
-26.9385
-27.1432
-27.3479
-27.5525
-27.7572
-27.9618
-28.1663
-28.3709
-28.5754
-28.7799
-28.9843
-29.1888
-29.3932
-29.5975
-29.8019
-30.0062
-30.2104
-30.4147
-30.6189
-30.8231
-31.0273
-31.2314
-31.4355
-31.6395
-31.8436
-32.0476
-32.2516
-32.4555
-32.6594
-32.8633
-33.0672
-33.271
-33.4748
-33.6786
-33.8823
-34.086
-34.2897
-34.4934
-34.697
-34.9006
-35.1042
-35.3077
-35.5112
-35.7147
-35.9181
-36.1215
-36.3249
-36.5283
-36.7316
-36.9349
-37.1381
-37.3414
-37.5446
-37.7478
-37.9509
-38.154
-38.3571
-38.5602
-38.7632
-38.9662
-39.1692
-39.3721
-39.575
-39.7779
-39.9807
-40.1835
-40.3863
-40.5891
-40.7918
-40.9945
-41.1972
-41.3998
-41.6024
-41.805
-42.0076
-42.2101
-42.4126
-42.615
-42.8175
-43.0199
-43.2223
-43.4246
-43.6269
-43.8292
-44.0315
-44.2337
-44.4359
-44.638
-44.8402
-45.0423
-45.2443
-45.4464
-45.6484
-45.8504
-46.0524
-46.2543
-46.4562
-46.658
-46.8599
-47.0617
-47.2635
-47.4652
-47.6669
-47.8686
-48.0703
-48.2719
-48.4735
-48.6751
-48.8766
-49.0781
-49.2796
-49.4811
-49.6825
-49.8839
-50.0852
-50.2866
-50.4879
-50.6891
-50.8904
-51.0916
-51.2928
-51.4939
-51.6951
-51.8961
-52.0972
-52.2982
-52.4992
-52.7002
-52.9012
-53.1021
-53.303
-53.5038
-53.7047
-53.9054
-54.1062
-54.307
-54.5077
-54.7083
-54.909
-55.1096
-55.3102
-55.5107
-55.7113
-55.9118
-56.1122
-56.3127
-56.5131
-56.7135
-56.9138
-57.1141
-57.3144
-57.5147
-57.7149
-57.9151
-58.1153
-58.3154
-58.5156
-58.7156
-58.9157
-59.1157
-59.3157
-59.5157
-59.7156
-59.9155
-60.1154
-60.3152
-60.515
-60.7148
-60.9146
-61.1143
-61.314
-61.5137
-61.7133
-61.9129
-62.1125
-62.312
-62.5115
-62.711
-62.9105
-63.1099
-63.3093
-63.5087
-63.708
-63.9073
-64.1066
-64.3059
-64.5051
-64.7043
-64.9034
-65.1026
-65.3017
-65.5007
-65.6998
-65.8988
-66.0978
-66.2967
-66.4956
-66.6945
-66.8934
-67.0922
-67.291
-67.4898
-67.6886
-67.8873
-68.086
-68.2846
-68.4832
-68.6818
-68.8804
-69.0789
-69.2774
-69.4759
-69.6744
-69.8728
-70.0712
-70.2695
-70.4678
-70.6661
-70.8644
-71.0627
-71.2609
-71.459
-71.6572
-71.8553
-72.0534
-72.2515
-72.4495
-72.6475
-72.8455
-73.0434
-73.2413
-73.4392
-73.637
-73.8349
-74.0327
-74.2304
-74.4281
-74.6259
-74.8235
-75.0212
-75.2188
-75.4164
-75.6139
-75.8114
-76.0089
-76.2064
-76.4038
-76.6012
-76.7986
-76.996
-77.1933
-77.3906
-77.5878
-77.785
-77.9822
-78.1794
-78.3765
-78.5737
-78.7707
-78.9678
-79.1648
-79.3618
-79.5587
-79.7557
-79.9526
-80.1494
-80.3463
-80.5431
-80.7399
-80.9366
-81.1333
-81.33
-81.5267
-81.7233
-81.9199
-82.1165
-82.313
-82.5096
-82.706
-82.9025
-83.0989
-83.2953
-83.4917
-83.688
-83.8843
-84.0806
-84.2768
-84.4731
-84.6692
-84.8654
-85.0615
-85.2576
-85.4537
-85.6497
-85.8457
-86.0417
-86.2377
-86.4336
-86.6295
-86.8253
-87.0211
-87.2169
-87.4127
-87.6084
-87.8042
-87.9998
-88.1955
-88.3911
-88.5867
-88.7823
-88.9778
-89.1733
-89.3688
-89.5642
-89.7596
-89.955
-90.1504
-90.3457
-90.541
-90.7362
-90.9315
-91.1267
-91.3218
-91.517
-91.7121
-91.9072
-92.1022
-92.2973
-92.4923
-92.6872
-92.8822
-93.0771
-93.2719
-93.4668
-93.6616
-93.8564
-94.0511
-94.2459
-94.4406
-94.6352
-94.8299
-95.0245
-95.2191
-95.4136
-95.6081
-95.8026
-95.9971
-96.1915
-96.3859
-96.5803
-96.7746
-96.9689
-97.1632
-97.3575
-97.5517
-97.7459
-97.94
-98.1342
-98.3283
-98.5224
-98.7164
-98.9104
-99.1044
-99.2983
-99.4923
-99.6862
-99.88
-100.074
-100.268
-100.461
-100.655
-100.849
-101.043
-101.236
-101.43
-101.623
-101.817
-102.011
-102.204
-102.398
-102.591
-102.784
-102.978
-103.171
-103.365
-103.558
-103.751
-103.944
-104.138
-104.331
-104.524
-104.717
-104.91
-105.103
-105.296
-105.489
-105.682
-105.875
-106.068
-106.261
-106.454
-106.647
-106.839
-107.032
-107.225
-107.418
-107.61
-107.803
-107.995
-108.188
-108.381
-108.573
-108.766
-108.958
-109.151
-109.343
-109.535
-109.728
-109.92
-110.112
-110.305
-110.497
-110.689
-110.881
-111.073
-111.265
-111.457
-111.65
-111.842
-112.034
-112.225
-112.417
-112.609
-112.801
-112.993
-113.185
-113.377
-113.568
-113.76
-113.952
-114.143
-114.335
-114.527
-114.718
-114.91
-115.101
-115.293
-115.484
-115.676
-115.867
-116.058
-116.25
-116.441
-116.632
-116.824
-117.015
-117.206
-117.397
-117.588
-117.779
-117.97
-118.161
-118.353
-118.543
-118.734
-118.925
-119.116
-119.307
-119.498
-119.689
-119.879
-120.07
-120.261
-120.452
-120.642
-120.833
-121.023
-121.214
-121.405
-121.595
-121.786
-121.976
-122.166
-122.357
-122.547
-122.737
-122.928
-123.118
-123.308
-123.498
-123.689
-123.879
-124.069
-124.259
-124.449
-124.639
-124.829
-125.019
-125.209
-125.399
-125.589
-125.779
-125.968
-126.158
-126.348
-126.538
-126.727
-126.917
-127.107
-127.296
-127.486
-127.675
-127.865
-128.054
-128.244
-128.433
-128.623
-128.812
-129.001
-129.191
-129.38
-129.569
-129.759
-129.948
-130.137
-130.326
-130.515
-130.704
-130.893
-131.082
-131.271
-131.46
-131.649
-131.838
-132.027
-132.216
-132.405
-132.593
-132.782
-132.971
-133.159
-133.348
-133.537
-133.725
-133.914
-134.102
-134.291
-134.479
-134.668
-134.856
-135.045
-135.233
-135.421
-135.61
-135.798
-135.986
-136.174
-136.363
-136.551
-136.739
-136.927
-137.115
-137.303
-137.491
-137.679
-137.867
-138.055
-138.243
-138.431
-138.618
-138.806
-138.994
-139.182
-139.369
-139.557
-139.745
-139.932
-140.12
-140.307
-140.495
-140.683
-140.87
-141.057
-141.245
-141.432
-141.62
-141.807
-141.994
-142.181
-142.369
-142.556
-142.743
-142.93
-143.117
-143.304
-143.491
-143.678
-143.865
-144.052
-144.239
-144.426
-144.613
-144.8
-144.987
-145.174
-145.36
-145.547
-145.734
-145.92
-146.107
-146.294
-146.48
-146.667
-146.853
-147.04
-147.226
-147.413
-147.599
-147.785
-147.972
-148.158
-148.344
-148.53
-148.717
-148.903
-149.089
-149.275
-149.461
-149.647
-149.833
-150.019
-150.205
-150.391
-150.577
-150.763
-150.949
-151.135
-151.321
-151.506
-151.692
-151.878
-152.064
-152.249
-152.435
-152.62
-152.806
-152.991
-153.177
-153.362
-153.548
-153.733
-153.919
-154.104
-154.289
-154.475
-154.66
-154.845
-155.03
-155.216
-155.401
-155.586
-155.771
-155.956
-156.141
-156.326
-156.511
-156.696
-156.881
-157.066
-157.25
-157.435
-157.62
-157.805
-157.99
-158.174
-158.359
-158.544
-158.728
-158.913
-159.097
-159.282
-159.466
-159.651
-159.835
-160.02
-160.204
-160.388
-160.573
-160.757
-160.941
-161.125
-161.31
-161.494
-161.678
-161.862
-162.046
-162.23
-162.414
-162.598
-162.782
-162.966
-163.15
-163.334
-163.518
-163.701
-163.885
-164.069
-164.253
-164.436
-164.62
-164.804
-164.987
-165.171
-165.354
-165.538
-165.721
-165.905
-166.088
-166.272
-166.455
-166.638
-166.822
-167.005
-167.188
-167.371
-167.554
-167.738
-167.921
-168.104
-168.287
-168.47
-168.653
-168.836
-169.019
-169.202
-169.385
-169.567
-169.75
-169.933
-170.116
-170.299
-170.481
-170.664
-170.847
-171.029
-171.212
-171.394
-171.577
-171.759
-171.942
-172.124
-172.307
-172.489
-172.671
-172.854
-173.036
-173.218
-173.4
-173.583
-173.765
-173.947
-174.129
-174.311
-174.493
-174.675
-174.857
-175.039
-175.221
-175.403
-175.585
-175.767
-175.949
-176.13
-176.312
-176.494
-176.676
-176.857
-177.039
-177.22
-177.402
-177.584
-177.765
-177.947
-178.128
-178.309
-178.491
-178.672
-178.853
-179.035
-179.216
-179.397
-179.579
-179.76
-179.941
-180.122
-180.303
-180.484
-180.665
-180.846
-181.027
-181.208
-181.389
-181.57
-181.751
-181.932
-182.112
-182.293
-182.474
-182.655
-182.835
-183.016
-183.197
-183.377
-183.558
-183.738
-183.919
-184.099
-184.28
-184.46
-184.64
-184.821
-185.001
-185.181
-185.362
-185.542
-185.722
-185.902
-186.082
-186.263
-186.443
-186.623
-186.803
-186.983
-187.163
-187.343
-187.523
-187.702
-187.882
-188.062
-188.242
-188.422
-188.601
-188.781
-188.961
-189.14
-189.32
-189.5
-189.679
-189.859
-190.038
-190.218
-190.397
-190.576
-190.756
-190.935
-191.114
-191.294
-191.473
-191.652
-191.831
-192.011
-192.19
-192.369
-192.548
-192.727
-192.906
-193.085
-193.264
-193.443
-193.622
-193.801
-193.979
-194.158
-194.337
-194.516
-194.694
-194.873
-195.052
-195.23
-195.409
-195.588
-195.766
-195.945
-196.123
-196.301
-196.48
-196.658
-196.837
-197.015
-197.193
-197.372
-197.55
-197.728
-197.906
-198.084
-198.262
-198.441
-198.619
-198.797
-198.975
-199.153
-199.331
-199.508
-199.686
-199.864
-200.042
-200.22
-200.398
-200.575
-200.753
-200.931
-201.108
-201.286
-201.463
-201.641
-201.819
-201.996
-202.174
-202.351
-202.528
-202.706
-202.883
-203.06
-203.238
-203.415
-203.592
-203.769
-203.947
-204.124
-204.301
-204.478
-204.655
-204.832
-205.009
-205.186
-205.363
-205.54
-205.717
-205.893
-206.07
-206.247
-206.424
-206.6
-206.777
-206.954
-207.13
-207.307
-207.484
-207.66
-207.837
-208.013
-208.19
-208.366
-208.542
-208.719
-208.895
-209.071
-209.248
-209.424
-209.6
-209.776
-209.953
-210.129
-210.305
-210.481
-210.657
-210.833
-211.009
-211.185
-211.361
-211.537
-211.712
-211.888
-212.064
-212.24
-212.416
-212.591
-212.767
-212.943
-213.118
-213.294
-213.469
-213.645
-213.82
-213.996
-214.171
-214.347
-214.522
-214.697
-214.873
-215.048
-215.223
-215.399
-215.574
-215.749
-215.924
-216.099
-216.274
-216.449
-216.624
-216.799
-216.974
-217.149
-217.324
-217.499
-217.674
-217.849
-218.023
-218.198
-218.373
-218.548
-218.722
-218.897
-219.072
-219.246
-219.421
-219.595
-219.77
-219.944
-220.119
-220.293
-220.467
-220.642
-220.816
-220.99
-221.164
-221.339
-221.513
-221.687
-221.861
-222.035
-222.209
-222.383
-222.557
-222.731
-222.905
-223.079
-223.253
-223.427
-223.601
-223.775
-223.948
-224.122
-224.296
-224.47
-224.643
-224.817
-224.99
-225.164
-225.338
-225.511
-225.684
-225.858
-226.031
-226.205
-226.378
-226.551
-226.725
-226.898
-227.071
-227.244
-227.418
-227.591
-227.764
-227.937
-228.11
-228.283
-228.456
-228.629
-228.802
-228.975
-229.148
-229.321
-229.493
-229.666
-229.839
-230.012
-230.184
-230.357
-230.53
-230.702
-230.875
-231.047
-231.22
-231.392
-231.565
-231.737
-231.91
-232.082
-232.254
-232.427
-232.599
-232.771
-232.944
-233.116
-233.288
-233.46
-233.632
-233.804
-233.976
-234.148
-234.32
-234.492
-234.664
-234.836
-235.008
-235.18
-235.352
-235.523
-235.695
-235.867
-236.039
-236.21
-236.382
-236.553
-236.725
-236.896
-237.068
-237.239
-237.411
-237.582
-237.754
-237.925
-238.096
-238.268
-238.439
-238.61
-238.781
-238.953
-239.124
-239.295
-239.466
-239.637
-239.808
-239.979
-240.15
-240.321
-240.492
-240.663
-240.834
-241.005
-241.175
-241.346
-241.517
-241.688
-241.858
-242.029
-242.199
-242.37
-242.541
-242.711
-242.882
-243.052
-243.223
-243.393
-243.563
-243.734
-243.904
-244.074
-244.245
-244.415
-244.585
-244.755
-244.925
-245.095
-245.265
-245.436
-245.606
-245.776
-245.945
-246.115
-246.285
-246.455
-246.625
-246.795
-246.965
-247.134
-247.304
-247.474
-247.643
-247.813
-247.983
-248.152
-248.322
-248.491
-248.661
-248.83
-249
-249.169
-249.338
-249.508
-249.677
-249.846
-250.016
-250.185
-250.354
-250.523
-250.692
-250.861
-251.03
-251.2
-251.369
-251.537
-251.706
-251.875
-252.044
-252.213
-252.382
-252.551
-252.72
-252.888
-253.057
-253.226
-253.394
-253.563
-253.731
-253.9
-254.069
-254.237
-254.406
-254.574
-254.742
-254.911
-255.079
-255.247
-255.416
-255.584
-255.752
-255.92
-256.089
-256.257
-256.425
-256.593
-256.761
-256.929
-257.097
-257.265
-257.433
-257.601
-257.769
-257.937
-258.104
-258.272
-258.44
-258.608
-258.775
-258.943
-259.111
-259.278
-259.446
-259.613
-259.781
-259.948
-260.116
-260.283
-260.451
-260.618
-260.785
-260.953
-261.12
-261.287
-261.455
-261.622
-261.789
-261.956
-262.123
-262.29
-262.457
-262.624
-262.791
-262.958
-263.125
-263.292
-263.459
-263.626
-263.792
-263.959
-264.126
-264.293
-264.459
-264.626
-264.793
-264.959
-265.126
-265.292
-265.459
-265.625
-265.792
-265.958
-266.125
-266.291
-266.457
-266.624
-266.79
-266.956
-267.122
-267.288
-267.455
-267.621
-267.787
-267.953
-268.119
-268.285
-268.451
-268.617
-268.783
-268.949
-269.115
-269.28
-269.446
-269.612
-269.778
-269.943
-270.109
-270.275
-270.44
-270.606
-270.771
-270.937
-271.102
-271.268
-271.433
-271.599
-271.764
-271.929
-272.095
-272.26
-272.425
-272.591
-272.756
-272.921
-273.086
-273.251
-273.416
-273.581
-273.746
-273.911
-274.076
-274.241
-274.406
-274.571
-274.736
-274.901
-275.065
-275.23
-275.395
-275.559
-275.724
-275.889
-276.053
-276.218
-276.382
-276.547
-276.711
-276.876
-277.04
-277.205
-277.369
-277.533
-277.698
-277.862
-278.026
-278.19
-278.355
-278.519
-278.683
-278.847
-279.011
-279.175
-279.339
-279.503
-279.667
-279.831
-279.995
-280.159
-280.323
-280.486
-280.65
-280.814
-280.978
-281.141
-281.305
-281.468
-281.632
-281.796
-281.959
-282.123
-282.286
-282.45
-282.613
-282.776
-282.94
-283.103
-283.266
-283.43
-283.593
-283.756
-283.919
-284.082
-284.245
-284.409
-284.572
-284.735
-284.898
-285.061
-285.223
-285.386
-285.549
-285.712
-285.875
-286.038
-286.2
-286.363
-286.526
-286.689
-286.851
-287.014
-287.176
-287.339
-287.501
-287.664
-287.826
-287.989
-288.151
-288.314
-288.476
-288.638
-288.8
-288.963
-289.125
-289.287
-289.449
-289.611
-289.774
-289.936
-290.098
-290.26
-290.422
-290.584
-290.745
-290.907
-291.069
-291.231
-291.393
-291.555
-291.716
-291.878
-292.04
-292.201
-292.363
-292.525
-292.686
-292.848
-293.009
-293.171
-293.332
-293.494
-293.655
-293.816
-293.978
-294.139
-294.3
-294.461
-294.623
-294.784
-294.945
-295.106
-295.267
-295.428
-295.589
-295.75
-295.911
-296.072
-296.233
-296.394
-296.555
-296.716
-296.876
-297.037
-297.198
-297.359
-297.519
-297.68
-297.84
-298.001
-298.162
-298.322
-298.483
-298.643
-298.804
-298.964
-299.124
-299.285
-299.445
-299.605
-299.765
-299.926
-300.086
-300.246
-300.406
-300.566
-300.726
-300.886
-301.046
-301.206
-301.366
-301.526
-301.686
-301.846
-302.006
-302.166
-302.325
-302.485
-302.645
-302.805
-302.964
-303.124
-303.284
-303.443
-303.603
-303.762
-303.922
-304.081
-304.24
-304.4
-304.559
-304.719
-304.878
-305.037
-305.196
-305.356
-305.515
-305.674
-305.833
-305.992
-306.151
-306.31
-306.469
-306.628
-306.787
-306.946
-307.105
-307.264
-307.423
-307.581
-307.74
-307.899
-308.058
-308.216
-308.375
-308.534
-308.692
-308.851
-309.009
-309.168
-309.326
-309.485
-309.643
-309.801
-309.96
-310.118
-310.276
-310.435
-310.593
-310.751
-310.909
-311.067
-311.225
-311.383
-311.542
-311.7
-311.858
-312.015
-312.173
-312.331
-312.489
-312.647
-312.805
-312.963
-313.12
-313.278
-313.436
-313.593
-313.751
-313.909
-314.066
-314.224
-314.381
-314.539
-314.696
-314.854
-315.011
-315.168
-315.326
-315.483
-315.64
-315.798
-315.955
-316.112
-316.269
-316.426
-316.583
-316.74
-316.897
-317.054
-317.211
-317.368
-317.525
-317.682
-317.839
-317.996
-318.153
-318.309
-318.466
-318.623
-318.78
-318.936
-319.093
-319.249
-319.406
-319.562
-319.719
-319.875
-320.032
-320.188
-320.345
-320.501
-320.657
-320.814
-320.97
-321.126
-321.282
-321.439
-321.595
-321.751
-321.907
-322.063
-322.219
-322.375
-322.531
-322.687
-322.843
-322.999
-323.154
-323.31
-323.466
-323.622
-323.778
-323.933
-324.089
-324.245
-324.4
-324.556
-324.711
-324.867
-325.022
-325.178
-325.333
-325.489
-325.644
-325.799
-325.955
-326.11
-326.265
-326.42
-326.575
-326.731
-326.886
-327.041
-327.196
-327.351
-327.506
-327.661
-327.816
-327.971
-328.126
-328.281
-328.435
-328.59
-328.745
-328.9
-329.054
-329.209
-329.364
-329.518
-329.673
-329.828
-329.982
-330.137
-330.291
-330.446
-330.6
-330.754
-330.909
-331.063
-331.217
-331.372
-331.526
-331.68
-331.834
-331.988
-332.142
-332.297
-332.451
-332.605
-332.759
-332.913
-333.067
-333.22
-333.374
-333.528
-333.682
-333.836
-333.99
-334.143
-334.297
-334.451
-334.604
-334.758
-334.911
-335.065
-335.219
-335.372
-335.525
-335.679
-335.832
-335.986
-336.139
-336.292
-336.446
-336.599
-336.752
-336.905
-337.058
-337.212
-337.365
-337.518
-337.671
-337.824
-337.977
-338.13
-338.283
-338.436
-338.588
-338.741
-338.894
-339.047
-339.2
-339.352
-339.505
-339.658
-339.81
-339.963
-340.115
-340.268
-340.421
-340.573
-340.725
-340.878
-341.03
-341.183
-341.335
-341.487
-341.64
-341.792
-341.944
-342.096
-342.248
-342.4
-342.553
-342.705
-342.857
-343.009
-343.161
-343.313
-343.464
-343.616
-343.768
-343.92
-344.072
-344.224
-344.375
-344.527
-344.679
-344.83
-344.982
-345.133
-345.285
-345.437
-345.588
-345.74
-345.891
-346.042
-346.194
-346.345
-346.496
-346.648
-346.799
-346.95
-347.101
-347.253
-347.404
-347.555
-347.706
-347.857
-348.008
-348.159
-348.31
-348.461
-348.612
-348.763
-348.913
-349.064
-349.215
-349.366
-349.516
-349.667
-349.818
-349.968
-350.119
-350.27
-350.42
-350.571
-350.721
-350.872
-351.022
-351.172
-351.323
-351.473
-351.623
-351.774
-351.924
-352.074
-352.224
-352.375
-352.525
-352.675
-352.825
-352.975
-353.125
-353.275
-353.425
-353.575
-353.725
-353.874
-354.024
-354.174
-354.324
-354.474
-354.623
-354.773
-354.923
-355.072
-355.222
-355.371
-355.521
-355.67
-355.82
-355.969
-356.119
-356.268
-356.417
-356.567
-356.716
-356.865
-357.015
-357.164
-357.313
-357.462
-357.611
-357.76
-357.909
-358.058
-358.207
-358.356
-358.505
-358.654
-358.803
-358.952
-359.101
-359.249
-359.398
-359.547
-359.696
-359.844
-359.993
-360.142
-360.29
-360.439
-360.587
-360.736
-360.884
-361.033
-361.181
-361.329
-361.478
-361.626
-361.774
-361.923
-362.071
-362.219
-362.367
-362.515
-362.663
-362.811
-362.959
-363.107
-363.255
-363.403
-363.551
-363.699
-363.847
-363.995
-364.143
-364.29
-364.438
-364.586
-364.734
-364.881
-365.029
-365.176
-365.324
-365.472
-365.619
-365.767
-365.914
-366.061
-366.209
-366.356
-366.503
-366.651
-366.798
-366.945
-367.092
-367.24
-367.387
-367.534
-367.681
-367.828
-367.975
-368.122
-368.269
-368.416
-368.563
-368.71
-368.857
-369.003
-369.15
-369.297
-369.444
-369.59
-369.737
-369.884
-370.03
-370.177
-370.323
-370.47
-370.616
-370.763
-370.909
-371.056
-371.202
-371.348
-371.495
-371.641
-371.787
-371.934
-372.08
-372.226
-372.372
-372.518
-372.664
-372.81
-372.956
-373.102
-373.248
-373.394
-373.54
-373.686
-373.832
-373.978
-374.123
-374.269
-374.415
-374.56
-374.706
-374.852
-374.997
-375.143
-375.288
-375.434
-375.579
-375.725
-375.87
-376.016
-376.161
-376.306
-376.452
-376.597
-376.742
-376.887
-377.033
-377.178
-377.323
-377.468
-377.613
-377.758
-377.903
-378.048
-378.193
-378.338
-378.483
-378.628
-378.772
-378.917
-379.062
-379.207
-379.351
-379.496
-379.641
-379.785
-379.93
-380.074
-380.219
-380.363
-380.508
-380.652
-380.797
-380.941
-381.086
-381.23
-381.374
-381.518
-381.663
-381.807
-381.951
-382.095
-382.239
-382.383
-382.527
-382.671
-382.815
-382.959
-383.103
-383.247
-383.391
-383.535
-383.679
-383.822
-383.966
-384.11
-384.254
-384.397
-384.541
-384.685
-384.828
-384.972
-385.115
-385.259
-385.402
-385.545
-385.689
-385.832
-385.976
-386.119
-386.262
-386.405
-386.549
-386.692
-386.835
-386.978
-387.121
-387.264
-387.407
-387.55
-387.693
-387.836
-387.979
-388.122
-388.265
-388.408
-388.55
-388.693
-388.836
-388.979
-389.121
-389.264
-389.407
-389.549
-389.692
-389.834
-389.977
-390.119
-390.262
-390.404
-390.547
-390.689
-390.831
-390.973
-391.116
-391.258
-391.4
-391.542
-391.685
-391.827
-391.969
-392.111
-392.253
-392.395
-392.537
-392.679
-392.821
-392.962
-393.104
-393.246
-393.388
-393.53
-393.671
-393.813
-393.955
-394.096
-394.238
-394.38
-394.521
-394.663
-394.804
-394.946
-395.087
-395.228
-395.37
-395.511
-395.652
-395.794
-395.935
-396.076
-396.217
-396.358
-396.5
-396.641
-396.782
-396.923
-397.064
-397.205
-397.346
-397.487
-397.628
-397.768
-397.909
-398.05
-398.191
-398.332
-398.472
-398.613
-398.754
-398.894
-399.035
-399.175
-399.316
-399.456
-399.597
-399.737
-399.878
-400.018
-400.159
-400.299
-400.439
-400.579
-400.72
-400.86
-401
-401.14
-401.28
-401.42
-401.56
-401.7
-401.84
-401.98
-402.12
-402.26
-402.4
-402.54
-402.68
-402.82
-402.959
-403.099
-403.239
-403.378
-403.518
-403.658
-403.797
-403.937
-404.076
-404.216
-404.355
-404.495
-404.634
-404.774
-404.913
-405.052
-405.191
-405.331
-405.47
-405.609
-405.748
-405.887
-406.027
-406.166
-406.305
-406.444
-406.583
-406.722
-406.861
-406.999
-407.138
-407.277
-407.416
-407.555
-407.693
-407.832
-407.971
-408.11
-408.248
-408.387
-408.525
-408.664
-408.802
-408.941
-409.079
-409.218
-409.356
-409.494
-409.633
-409.771
-409.909
-410.048
-410.186
-410.324
-410.462
-410.6
-410.738
-410.876
-411.014
-411.152
-411.29
-411.428
-411.566
-411.704
-411.842
-411.98
-412.118
-412.255
-412.393
-412.531
-412.668
-412.806
-412.944
-413.081
-413.219
-413.356
-413.494
-413.631
-413.769
-413.906
-414.044
-414.181
-414.318
-414.456
-414.593
-414.73
-414.867
-415.004
-415.142
-415.279
-415.416
-415.553
-415.69
-415.827
-415.964
-416.101
-416.238
-416.374
-416.511
-416.648
-416.785
-416.922
-417.058
-417.195
-417.332
-417.468
-417.605
-417.741
-417.878
-418.015
-418.151
-418.287
-418.424
-418.56
-418.697
-418.833
-418.969
-419.106
-419.242
-419.378
-419.514
-419.65
-419.786
-419.923
-420.059
-420.195
-420.331
-420.467
-420.603
-420.739
-420.874
-421.01
-421.146
-421.282
-421.418
-421.553
-421.689
-421.825
-421.96
-422.096
-422.232
-422.367
-422.503
-422.638
-422.774
-422.909
-423.045
-423.18
-423.315
-423.451
-423.586
-423.721
-423.856
-423.992
-424.127
-424.262
-424.397
-424.532
-424.667
-424.802
-424.937
-425.072
-425.207
-425.342
-425.477
-425.612
-425.746
-425.881
-426.016
-426.151
-426.285
-426.42
-426.555
-426.689
-426.824
-426.958
-427.093
-427.227
-427.362
-427.496
-427.631
-427.765
-427.899
-428.034
-428.168
-428.302
-428.437
-428.571
-428.705
-428.839
-428.973
-429.107
-429.241
-429.375
-429.509
-429.643
-429.777
-429.911
-430.045
-430.179
-430.312
-430.446
-430.58
-430.714
-430.847
-430.981
-431.115
-431.248
-431.382
-431.515
-431.649
-431.782
-431.916
-432.049
-432.183
-432.316
-432.449
-432.583
-432.716
-432.849
-432.982
-433.115
-433.249
-433.382
-433.515
-433.648
-433.781
-433.914
-434.047
-434.18
-434.313
-434.446
-434.578
-434.711
-434.844
-434.977
-435.109
-435.242
-435.375
-435.508
-435.64
-435.773
-435.905
-436.038
-436.17
-436.303
-436.435
-436.568
-436.7
-436.832
-436.965
-437.097
-437.229
-437.361
-437.494
-437.626
-437.758
-437.89
-438.022
-438.154
-438.286
-438.418
-438.55
-438.682
-438.814
-438.946
-439.078
-439.209
-439.341
-439.473
-439.605
-439.736
-439.868
-440
-440.131
-440.263
-440.394
-440.526
-440.657
-440.789
-440.92
-441.051
-441.183
-441.314
-441.445
-441.577
-441.708
-441.839
-441.97
-442.102
-442.233
-442.364
-442.495
-442.626
-442.757
-442.888
-443.019
-443.15
-443.281
-443.411
-443.542
-443.673
-443.804
-443.935
-444.065
-444.196
-444.327
-444.457
-444.588
-444.718
-444.849
-444.979
-445.11
-445.24
-445.371
-445.501
-445.631
-445.762
-445.892
-446.022
-446.152
-446.283
-446.413
-446.543
-446.673
-446.803
-446.933
-447.063
-447.193
-447.323
-447.453
-447.583
-447.713
-447.843
-447.972
-448.102
-448.232
-448.362
-448.491
-448.621
-448.751
-448.88
-449.01
-449.139
-449.269
-449.398
-449.528
-449.657
-449.787
-449.916
-450.045
-450.175
-450.304
-450.433
-450.562
-450.692
-450.821
-450.95
-451.079
-451.208
-451.337
-451.466
-451.595
-451.724
-451.853
-451.982
-452.111
-452.24
-452.368
-452.497
-452.626
-452.755
-452.883
-453.012
-453.14
-453.269
-453.398
-453.526
-453.655
-453.783
-453.912
-454.04
-454.168
-454.297
-454.425
-454.553
-454.682
-454.81
-454.938
-455.066
-455.194
-455.322
-455.451
-455.579
-455.707
-455.835
-455.963
-456.09
-456.218
-456.346
-456.474
-456.602
-456.73
-456.857
-456.985
-457.113
-457.241
-457.368
-457.496
-457.623
-457.751
-457.878
-458.006
-458.133
-458.261
-458.388
-458.516
-458.643
-458.77
-458.897
-459.025
-459.152
-459.279
-459.406
-459.533
-459.661
-459.788
-459.915
-460.042
-460.169
-460.296
-460.423
-460.549
-460.676
-460.803
-460.93
-461.057
-461.183
-461.31
-461.437
-461.563
-461.69
-461.817
-461.943
-462.07
-462.196
-462.323
-462.449
-462.576
-462.702
-462.828
-462.955
-463.081
-463.207
-463.333
-463.46
-463.586
-463.712
-463.838
-463.964
-464.09
-464.216
-464.342
-464.468
-464.594
-464.72
-464.846
-464.972
-465.098
-465.223
-465.349
-465.475
-465.601
-465.726
-465.852
-465.978
-466.103
-466.229
-466.354
-466.48
-466.605
-466.731
-466.856
-466.981
-467.107
-467.232
-467.357
-467.483
-467.608
-467.733
-467.858
-467.983
-468.108
-468.233
-468.359
-468.484
-468.609
-468.733
-468.858
-468.983
-469.108
-469.233
-469.358
-469.483
-469.607
-469.732
-469.857
-469.981
-470.106
-470.231
-470.355
-470.48
-470.604
-470.729
-470.853
-470.978
-471.102
-471.226
-471.351
-471.475
-471.599
-471.723
-471.848
-471.972
-472.096
-472.22
-472.344
-472.468
-472.592
-472.716
-472.84
-472.964
-473.088
-473.212
-473.336
-473.46
-473.584
-473.707
-473.831
-473.955
-474.078
-474.202
-474.326
-474.449
-474.573
-474.696
-474.82
-474.943
-475.067
-475.19
-475.313
-475.437
-475.56
-475.683
-475.807
-475.93
-476.053
-476.176
-476.299
-476.423
-476.546
-476.669
-476.792
-476.915
-477.038
-477.161
-477.283
-477.406
-477.529
-477.652
-477.775
-477.898
-478.02
-478.143
-478.266
-478.388
-478.511
-478.633
-478.756
-478.878
-479.001
-479.123
-479.246
-479.368
-479.491
-479.613
-479.735
-479.858
-479.98
-480.102
-480.224
-480.346
-480.468
-480.591
-480.713
-480.835
-480.957
-481.079
-481.201
-481.322
-481.444
-481.566
-481.688
-481.81
-481.932
-482.053
-482.175
-482.297
-482.418
-482.54
-482.662
-482.783
-482.905
-483.026
-483.148
-483.269
-483.391
-483.512
-483.633
-483.755
-483.876
-483.997
-484.118
-484.24
-484.361
-484.482
-484.603
-484.724
-484.845
-484.966
-485.087
-485.208
-485.329
-485.45
-485.571
-485.692
-485.813
-485.933
-486.054
-486.175
-486.295
-486.416
-486.537
-486.657
-486.778
-486.899
-487.019
-487.14
-487.26
-487.38
-487.501
-487.621
-487.742
-487.862
-487.982
-488.102
-488.223
-488.343
-488.463
-488.583
-488.703
-488.823
-488.943
-489.063
-489.183
-489.303
-489.423
-489.543
-489.663
-489.783
-489.903
-490.022
-490.142
-490.262
-490.381
-490.501
-490.621
-490.74
-490.86
-490.979
-491.099
-491.218
-491.338
-491.457
-491.577
-491.696
-491.815
-491.935
-492.054
-492.173
-492.292
-492.412
-492.531
-492.65
-492.769
-492.888
-493.007
-493.126
-493.245
-493.364
-493.483
-493.602
-493.721
-493.839
-493.958
-494.077
-494.196
-494.314
-494.433
-494.552
-494.67
-494.789
-494.907
-495.026
-495.144
-495.263
-495.381
-495.5
-495.618
-495.736
-495.855
-495.973
-496.091
-496.209
-496.328
-496.446
-496.564
-496.682
-496.8
-496.918
-497.036
-497.154
-497.272
-497.39
-497.508
-497.626
-497.744
-497.862
-497.979
-498.097
-498.215
-498.332
-498.45
-498.568
-498.685
-498.803
-498.92
-499.038
-499.155
-499.273
-499.39
-499.508
-499.625
-499.742
-499.86
-499.977
-500.094
-500.211
-500.329
-500.446
-500.563
-500.68
-500.797
-500.914
-501.031
-501.148
-501.265
-501.382
-501.499
-501.616
-501.732
-501.849
-501.966
-502.083
-502.199
-502.316
-502.433
-502.549
-502.666
-502.783
-502.899
-503.016
-503.132
-503.248
-503.365
-503.481
-503.598
-503.714
-503.83
-503.946
-504.063
-504.179
-504.295
-504.411
-504.527
-504.643
-504.759
-504.876
-504.991
-505.107
-505.223
-505.339
-505.455
-505.571
-505.687
-505.803
-505.918
-506.034
-506.15
-506.265
-506.381
-506.497
-506.612
-506.728
-506.843
-506.959
-507.074
-507.19
-507.305
-507.42
-507.536
-507.651
-507.766
-507.882
-507.997
-508.112
-508.227
-508.342
-508.457
-508.572
-508.688
-508.803
-508.917
-509.032
-509.147
-509.262
-509.377
-509.492
-509.607
-509.722
-509.836
-509.951
-510.066
-510.18
-510.295
-510.41
-510.524
-510.639
-510.753
-510.868
-510.982
-511.096
-511.211
-511.325
-511.44
-511.554
-511.668
-511.782
-511.896
-512.011
-512.125
-512.239
-512.353
-512.467
-512.581
-512.695
-512.809
-512.923
-513.037
-513.151
-513.265
-513.378
-513.492
-513.606
-513.72
-513.833
-513.947
-514.061
-514.174
-514.288
-514.401
-514.515
-514.628
-514.742
-514.855
-514.969
-515.082
-515.195
-515.309
-515.422
-515.535
-515.649
-515.762
-515.875
-515.988
-516.101
-516.214
-516.327
-516.44
-516.553
-516.666
-516.779
-516.892
-517.005
-517.118
-517.231
-517.343
-517.456
-517.569
-517.681
-517.794
-517.907
-518.019
-518.132
-518.244
-518.357
-518.469
-518.582
-518.694
-518.807
-518.919
-519.031
-519.144
-519.256
-519.368
-519.48
-519.593
-519.705
-519.817
-519.929
-520.041
-520.153
-520.265
-520.377
-520.489
-520.601
-520.713
-520.825
-520.936
-521.048
-521.16
-521.272
-521.383
-521.495
-521.607
-521.718
-521.83
-521.942
-522.053
-522.165
-522.276
-522.387
-522.499
-522.61
-522.722
-522.833
-522.944
-523.055
-523.167
-523.278
-523.389
-523.5
-523.611
-523.722
-523.833
-523.944
-524.055
-524.166
-524.277
-524.388
-524.499
-524.61
-524.721
-524.831
-524.942
-525.053
-525.164
-525.274
-525.385
-525.496
-525.606
-525.717
-525.827
-525.938
-526.048
-526.159
-526.269
-526.379
-526.49
-526.6
-526.71
-526.82
-526.931
-527.041
-527.151
-527.261
-527.371
-527.481
-527.591
-527.701
-527.811
-527.921
-528.031
-528.141
-528.251
-528.361
-528.471
-528.58
-528.69
-528.8
-528.909
-529.019
-529.129
-529.238
-529.348
-529.457
-529.567
-529.676
-529.786
-529.895
-530.005
-530.114
-530.223
-530.333
-530.442
-530.551
-530.66
-530.769
-530.879
-530.988
-531.097
-531.206
-531.315
-531.424
-531.533
-531.642
-531.751
-531.86
-531.968
-532.077
-532.186
-532.295
-532.403
-532.512
-532.621
-532.729
-532.838
-532.947
-533.055
-533.164
-533.272
-533.381
-533.489
-533.598
-533.706
-533.814
-533.923
-534.031
-534.139
-534.247
-534.355
-534.464
-534.572
-534.68
-534.788
-534.896
-535.004
-535.112
-535.22
-535.328
-535.436
-535.544
-535.651
-535.759
-535.867
-535.975
-536.082
-536.19
-536.298
-536.405
-536.513
-536.621
-536.728
-536.836
-536.943
-537.051
-537.158
-537.265
-537.373
-537.48
-537.587
-537.695
-537.802
-537.909
-538.016
-538.123
-538.231
-538.338
-538.445
-538.552
-538.659
-538.766
-538.873
-538.98
-539.086
-539.193
-539.3
-539.407
-539.514
-539.62
-539.727
-539.834
-539.94
-540.047
-540.154
-540.26
-540.367
-540.473
-540.58
-540.686
-540.792
-540.899
-541.005
-541.111
-541.218
-541.324
-541.43
-541.536
-541.643
-541.749
-541.855
-541.961
-542.067
-542.173
-542.279
-542.385
-542.491
-542.597
-542.703
-542.808
-542.914
-543.02
-543.126
-543.232
-543.337
-543.443
-543.549
-543.654
-543.76
-543.865
-543.971
-544.076
-544.182
-544.287
-544.392
-544.498
-544.603
-544.708
-544.814
-544.919
-545.024
-545.129
-545.235
-545.34
-545.445
-545.55
-545.655
-545.76
-545.865
-545.97
-546.075
-546.18
-546.284
-546.389
-546.494
-546.599
-546.704
-546.808
-546.913
-547.018
-547.122
-547.227
-547.331
-547.436
-547.54
-547.645
-547.749
-547.854
-547.958
-548.062
-548.167
-548.271
-548.375
-548.48
-548.584
-548.688
-548.792
-548.896
-549
-549.104
-549.208
-549.312
-549.416
-549.52
-549.624
-549.728
-549.832
-549.936
-550.04
-550.143
-550.247
-550.351
-550.454
-550.558
-550.662
-550.765
-550.869
-550.972
-551.076
-551.179
-551.283
-551.386
-551.489
-551.593
-551.696
-551.799
-551.903
-552.006
-552.109
-552.212
-552.315
-552.418
-552.521
-552.624
-552.727
-552.83
-552.933
-553.036
-553.139
-553.242
-553.345
-553.448
-553.55
-553.653
-553.756
-553.859
-553.961
-554.064
-554.167
-554.269
-554.372
-554.474
-554.577
-554.679
-554.781
-554.884
-554.986
-555.089
-555.191
-555.293
-555.395
-555.498
-555.6
-555.702
-555.804
-555.906
-556.008
-556.11
-556.212
-556.314
-556.416
-556.518
-556.62
-556.722
-556.824
-556.925
-557.027
-557.129
-557.231
-557.332
-557.434
-557.535
-557.637
-557.739
-557.84
-557.942
-558.043
-558.144
-558.246
-558.347
-558.449
-558.55
-558.651
-558.752
-558.854
-558.955
-559.056
-559.157
-559.258
-559.359
-559.46
-559.561
-559.662
-559.763
-559.864
-559.965
-560.066
-560.167
-560.268
-560.369
-560.469
-560.57
-560.671
-560.771
-560.872
-560.973
-561.073
-561.174
-561.274
-561.375
-561.475
-561.576
-561.676
-561.776
-561.877
-561.977
-562.077
-562.177
-562.278
-562.378
-562.478
-562.578
-562.678
-562.778
-562.878
-562.978
-563.078
-563.178
-563.278
-563.378
-563.478
-563.578
-563.678
-563.777
-563.877
-563.977
-564.076
-564.176
-564.276
-564.375
-564.475
-564.574
-564.674
-564.773
-564.873
-564.972
-565.072
-565.171
-565.27
-565.37
-565.469
-565.568
-565.667
-565.766
-565.866
-565.965
-566.064
-566.163
-566.262
-566.361
-566.46
-566.559
-566.658
-566.756
-566.855
-566.954
-567.053
-567.152
-567.25
-567.349
-567.448
-567.546
-567.645
-567.744
-567.842
-567.941
-568.039
-568.138
-568.236
-568.334
-568.433
-568.531
-568.629
-568.728
-568.826
-568.924
-569.022
-569.121
-569.219
-569.317
-569.415
-569.513
-569.611
-569.709
-569.807
-569.905
-570.003
-570.101
-570.198
-570.296
-570.394
-570.492
-570.589
-570.687
-570.785
-570.882
-570.98
-571.078
-571.175
-571.273
-571.37
-571.467
-571.565
-571.662
-571.76
-571.857
-571.954
-572.052
-572.149
-572.246
-572.343
-572.44
-572.537
-572.635
-572.732
-572.829
-572.926
-573.023
-573.12
-573.216
-573.313
-573.41
-573.507
-573.604
-573.701
-573.797
-573.894
-573.991
-574.087
-574.184
-574.28
-574.377
-574.474
-574.57
-574.667
-574.763
-574.859
-574.956
-575.052
-575.148
-575.245
-575.341
-575.437
-575.533
-575.63
-575.726
-575.822
-575.918
-576.014
-576.11
-576.206
-576.302
-576.398
-576.494
-576.59
-576.685
-576.781
-576.877
-576.973
-577.068
-577.164
-577.26
-577.355
-577.451
-577.547
-577.642
-577.738
-577.833
-577.929
-578.024
-578.119
-578.215
-578.31
-578.405
-578.501
-578.596
-578.691
-578.786
-578.882
-578.977
-579.072
-579.167
-579.262
-579.357
-579.452
-579.547
-579.642
-579.737
-579.831
-579.926
-580.021
-580.116
-580.211
-580.305
-580.4
-580.495
-580.589
-580.684
-580.778
-580.873
-580.967
-581.062
-581.156
-581.251
-581.345
-581.439
-581.534
-581.628
-581.722
-581.817
-581.911
-582.005
-582.099
-582.193
-582.287
-582.381
-582.475
-582.569
-582.663
-582.757
-582.851
-582.945
-583.039
-583.133
-583.226
-583.32
-583.414
-583.508
-583.601
-583.695
-583.789
-583.882
-583.976
-584.069
-584.163
-584.256
-584.35
-584.443
-584.536
-584.63
-584.723
-584.816
-584.91
-585.003
-585.096
-585.189
-585.282
-585.375
-585.468
-585.561
-585.655
-585.747
-585.84
-585.933
-586.026
-586.119
-586.212
-586.305
-586.398
-586.49
-586.583
-586.676
-586.768
-586.861
-586.954
-587.046
-587.139
-587.231
-587.324
-587.416
-587.509
-587.601
-587.693
-587.786
-587.878
-587.97
-588.062
-588.155
-588.247
-588.339
-588.431
-588.523
-588.615
-588.707
-588.799
-588.891
-588.983
-589.075
-589.167
-589.259
-589.351
-589.442
-589.534
-589.626
-589.718
-589.809
-589.901
-589.993
-590.084
-590.176
-590.267
-590.359
-590.45
-590.542
-590.633
-590.724
-590.816
-590.907
-590.998
-591.09
-591.181
-591.272
-591.363
-591.454
-591.545
-591.637
-591.728
-591.819
-591.91
-592.001
-592.092
-592.182
-592.273
-592.364
-592.455
-592.546
-592.636
-592.727
-592.818
-592.909
-592.999
-593.09
-593.18
-593.271
-593.361
-593.452
-593.542
-593.633
-593.723
-593.814
-593.904
-593.994
-594.084
-594.175
-594.265
-594.355
-594.445
-594.535
-594.626
-594.716
-594.806
-594.896
-594.986
-595.076
-595.165
-595.255
-595.345
-595.435
-595.525
-595.615
-595.704
-595.794
-595.884
-595.973
-596.063
-596.153
-596.242
-596.332
-596.421
-596.511
-596.6
-596.69
-596.779
-596.868
-596.958
-597.047
-597.136
-597.225
-597.315
-597.404
-597.493
-597.582
-597.671
-597.76
-597.849
-597.938
-598.027
-598.116
-598.205
-598.294
-598.383
-598.472
-598.56
-598.649
-598.738
-598.827
-598.915
-599.004
-599.093
-599.181
-599.27
-599.358
-599.447
-599.535
-599.624
-599.712
-599.8
-599.889
-599.977
-600.065
-600.154
-600.242
-600.33
-600.418
-600.506
-600.594
-600.682
-600.77
-600.858
-600.946
-601.034
-601.122
-601.21
-601.298
-601.386
-601.474
-601.562
-601.649
-601.737
-601.825
-601.912
-602
-602.088
-602.175
-602.263
-602.35
-602.438
-602.525
-602.613
-602.7
-602.787
-602.875
-602.962
-603.049
-603.136
-603.224
-603.311
-603.398
-603.485
-603.572
-603.659
-603.746
-603.833
-603.92
-604.007
-604.094
-604.181
-604.268
-604.355
-604.442
-604.528
-604.615
-604.702
-604.788
-604.875
-604.962
-605.048
-605.135
-605.221
-605.308
-605.394
-605.481
-605.567
-605.654
-605.74
-605.826
-605.913
-605.999
-606.085
-606.171
-606.257
-606.344
-606.43
-606.516
-606.602
-606.688
-606.774
-606.86
-606.946
-607.032
-607.118
-607.203
-607.289
-607.375
-607.461
-607.546
-607.632
-607.718
-607.803
-607.889
-607.975
-608.06
-608.146
-608.231
-608.317
-608.402
-608.487
-608.573
-608.658
-608.743
-608.829
-608.914
-608.999
-609.084
-609.17
-609.255
-609.34
-609.425
-609.51
-609.595
-609.68
-609.765
-609.85
-609.935
-610.02
-610.104
-610.189
-610.274
-610.359
-610.443
-610.528
-610.613
-610.697
-610.782
-610.867
-610.951
-611.036
-611.12
-611.205
-611.289
-611.373
-611.458
-611.542
-611.626
-611.711
-611.795
-611.879
-611.963
-612.047
-612.132
-612.216
-612.3
-612.384
-612.468
-612.552
-612.636
-612.72
-612.803
-612.887
-612.971
-613.055
-613.139
-613.222
-613.306
-613.39
-613.473
-613.557
-613.641
-613.724
-613.808
-613.891
-613.975
-614.058
-614.142
-614.225
-614.308
-614.392
-614.475
-614.558
-614.641
-614.725
-614.808
-614.891
-614.974
-615.057
-615.14
-615.223
-615.306
-615.389
-615.472
-615.555
-615.638
-615.721
-615.803
-615.886
-615.969
-616.052
-616.134
-616.217
-616.3
-616.382
-616.465
-616.547
-616.63
-616.712
-616.795
-616.877
-616.96
-617.042
-617.124
-617.207
-617.289
-617.371
-617.453
-617.536
-617.618
-617.7
-617.782
-617.864
-617.946
-618.028
-618.11
-618.192
-618.274
-618.356
-618.438
-618.52
-618.601
-618.683
-618.765
-618.847
-618.928
-619.01
-619.092
-619.173
-619.255
-619.336
-619.418
-619.499
-619.581
-619.662
-619.743
-619.825
-619.906
-619.987
-620.069
-620.15
-620.231
-620.312
-620.393
-620.475
-620.556
-620.637
-620.718
-620.799
-620.88
-620.961
-621.042
-621.122
-621.203
-621.284
-621.365
-621.446
-621.526
-621.607
-621.688
-621.768
-621.849
-621.93
-622.01
-622.091
-622.171
-622.252
-622.332
-622.413
-622.493
-622.573
-622.654
-622.734
-622.814
-622.894
-622.975
-623.055
-623.135
-623.215
-623.295
-623.375
-623.455
-623.535
-623.615
-623.695
-623.775
-623.855
-623.935
-624.014
-624.094
-624.174
-624.254
-624.333
-624.413
-624.493
-624.572
-624.652
-624.731
-624.811
-624.89
-624.97
-625.049
-625.129
-625.208
-625.287
-625.367
-625.446
-625.525
-625.604
-625.684
-625.763
-625.842
-625.921
-626
-626.079
-626.158
-626.237
-626.316
-626.395
-626.474
-626.553
-626.631
-626.71
-626.789
-626.868
-626.947
-627.025
-627.104
-627.182
-627.261
-627.34
-627.418
-627.497
-627.575
-627.654
-627.732
-627.81
-627.889
-627.967
-628.045
-628.124
-628.202
-628.28
-628.358
-628.436
-628.514
-628.593
-628.671
-628.749
-628.827
-628.905
-628.983
-629.06
-629.138
-629.216
-629.294
-629.372
-629.45
-629.527
-629.605
-629.683
-629.76
-629.838
-629.916
-629.993
-630.071
-630.148
-630.226
-630.303
-630.38
-630.458
-630.535
-630.612
-630.69
-630.767
-630.844
-630.921
-630.999
-631.076
-631.153
-631.23
-631.307
-631.384
-631.461
-631.538
-631.615
-631.692
-631.769
-631.845
-631.922
-631.999
-632.076
-632.152
-632.229
-632.306
-632.382
-632.459
-632.536
-632.612
-632.689
-632.765
-632.842
-632.918
-632.994
-633.071
-633.147
-633.223
-633.3
-633.376
-633.452
-633.528
-633.604
-633.681
-633.757
-633.833
-633.909
-633.985
-634.061
-634.137
-634.213
-634.289
-634.364
-634.44
-634.516
-634.592
-634.668
-634.743
-634.819
-634.895
-634.97
-635.046
-635.121
-635.197
-635.272
-635.348
-635.423
-635.499
-635.574
-635.649
-635.725
-635.8
-635.875
-635.951
-636.026
-636.101
-636.176
-636.251
-636.326
-636.401
-636.476
-636.551
-636.626
-636.701
-636.776
-636.851
-636.926
-637.001
-637.076
-637.15
-637.225
-637.3
-637.374
-637.449
-637.524
-637.598
-637.673
-637.747
-637.822
-637.896
-637.971
-638.045
-638.119
-638.194
-638.268
-638.342
-638.417
-638.491
-638.565
-638.639
-638.713
-638.787
-638.862
-638.936
-639.01
-639.084
-639.158
-639.231
-639.305
-639.379
-639.453
-639.527
-639.601
-639.674
-639.748
-639.822
-639.895
-639.969
-640.043
-640.116
-640.19
-640.263
-640.337
-640.41
-640.484
-640.557
-640.63
-640.704
-640.777
-640.85
-640.924
-640.997
-641.07
-641.143
-641.216
-641.289
-641.362
-641.435
-641.509
-641.581
-641.654
-641.727
-641.8
-641.873
-641.946
-642.019
-642.091
-642.164
-642.237
-642.31
-642.382
-642.455
-642.527
-642.6
-642.673
-642.745
-642.818
-642.89
-642.962
-643.035
-643.107
-643.179
-643.252
-643.324
-643.396
-643.468
-643.541
-643.613
-643.685
-643.757
-643.829
-643.901
-643.973
-644.045
-644.117
-644.189
-644.261
-644.333
-644.404
-644.476
-644.548
-644.62
-644.691
-644.763
-644.835
-644.906
-644.978
-645.049
-645.121
-645.192
-645.264
-645.335
-645.407
-645.478
-645.549
-645.621
-645.692
-645.763
-645.835
-645.906
-645.977
-646.048
-646.119
-646.19
-646.261
-646.332
-646.403
-646.474
-646.545
-646.616
-646.687
-646.758
-646.829
-646.899
-646.97
-647.041
-647.112
-647.182
-647.253
-647.323
-647.394
-647.465
-647.535
-647.606
-647.676
-647.746
-647.817
-647.887
-647.957
-648.028
-648.098
-648.168
-648.239
-648.309
-648.379
-648.449
-648.519
-648.589
-648.659
-648.729
-648.799
-648.869
-648.939
-649.009
-649.079
-649.149
-649.218
-649.288
-649.358
-649.428
-649.497
-649.567
-649.637
-649.706
-649.776
-649.845
-649.915
-649.984
-650.054
-650.123
-650.192
-650.262
-650.331
-650.4
-650.47
-650.539
-650.608
-650.677
-650.746
-650.816
-650.885
-650.954
-651.023
-651.092
-651.161
-651.23
-651.299
-651.367
-651.436
-651.505
-651.574
-651.643
-651.711
-651.78
-651.849
-651.917
-651.986
-652.055
-652.123
-652.192
-652.26
-652.329
-652.397
-652.465
-652.534
-652.602
-652.67
-652.739
-652.807
-652.875
-652.943
-653.012
-653.08
-653.148
-653.216
-653.284
-653.352
-653.42
-653.488
-653.556
-653.624
-653.692
-653.759
-653.827
-653.895
-653.963
-654.031
-654.098
-654.166
-654.234
-654.301
-654.369
-654.436
-654.504
-654.571
-654.639
-654.706
-654.774
-654.841
-654.908
-654.976
-655.043
-655.11
-655.177
-655.244
-655.312
-655.379
-655.446
-655.513
-655.58
-655.647
-655.714
-655.781
-655.848
-655.915
-655.982
-656.048
-656.115
-656.182
-656.249
-656.315
-656.382
-656.449
-656.515
-656.582
-656.649
-656.715
-656.782
-656.848
-656.914
-656.981
-657.047
-657.114
-657.18
-657.246
-657.312
-657.379
-657.445
-657.511
-657.577
-657.643
-657.709
-657.776
-657.842
-657.908
-657.974
-658.039
-658.105
-658.171
-658.237
-658.303
-658.369
-658.434
-658.5
-658.566
-658.632
-658.697
-658.763
-658.828
-658.894
-658.96
-659.025
-659.09
-659.156
-659.221
-659.287
-659.352
-659.417
-659.483
-659.548
-659.613
-659.678
-659.743
-659.809
-659.874
-659.939
-660.004
-660.069
-660.134
-660.199
-660.264
-660.329
-660.394
-660.458
-660.523
-660.588
-660.653
-660.717
-660.782
-660.847
-660.911
-660.976
-661.041
-661.105
-661.17
-661.234
-661.299
-661.363
-661.427
-661.492
-661.556
-661.62
-661.685
-661.749
-661.813
-661.877
-661.942
-662.006
-662.07
-662.134
-662.198
-662.262
-662.326
-662.39
-662.454
-662.518
-662.581
-662.645
-662.709
-662.773
-662.837
-662.9
-662.964
-663.028
-663.091
-663.155
-663.218
-663.282
-663.346
-663.409
-663.472
-663.536
-663.599
-663.663
-663.726
-663.789
-663.853
-663.916
-663.979
-664.042
-664.105
-664.168
-664.231
-664.295
-664.358
-664.421
-664.484
-664.547
-664.609
-664.672
-664.735
-664.798
-664.861
-664.924
-664.986
-665.049
-665.112
-665.174
-665.237
-665.299
-665.362
-665.425
-665.487
-665.55
-665.612
-665.674
-665.737
-665.799
-665.861
-665.924
-665.986
-666.048
-666.11
-666.173
-666.235
-666.297
-666.359
-666.421
-666.483
-666.545
-666.607
-666.669
-666.731
-666.793
-666.855
-666.916
-666.978
-667.04
-667.102
-667.163
-667.225
-667.287
-667.348
-667.41
-667.471
-667.533
-667.594
-667.656
-667.717
-667.779
-667.84
-667.901
-667.963
-668.024
-668.085
-668.146
-668.208
-668.269
-668.33
-668.391
-668.452
-668.513
-668.574
-668.635
-668.696
-668.757
-668.818
-668.879
-668.94
-669
-669.061
-669.122
-669.183
-669.243
-669.304
-669.365
-669.425
-669.486
-669.546
-669.607
-669.667
-669.728
-669.788
-669.849
-669.909
-669.969
-670.03
-670.09
-670.15
-670.21
-670.27
-670.331
-670.391
-670.451
-670.511
-670.571
-670.631
-670.691
-670.751
-670.811
-670.871
-670.931
-670.99
-671.05
-671.11
-671.17
-671.229
-671.289
-671.349
-671.408
-671.468
-671.527
-671.587
-671.646
-671.706
-671.765
-671.825
-671.884
-671.944
-672.003
-672.062
-672.121
-672.181
-672.24
-672.299
-672.358
-672.417
-672.476
-672.535
-672.594
-672.653
-672.712
-672.771
-672.83
-672.889
-672.948
-673.007
-673.066
-673.124
-673.183
-673.242
-673.3
-673.359
-673.418
-673.476
-673.535
-673.593
-673.652
-673.71
-673.769
-673.827
-673.886
-673.944
-674.002
-674.061
-674.119
-674.177
-674.235
-674.293
-674.351
-674.41
-674.468
-674.526
-674.584
-674.642
-674.7
-674.758
-674.816
-674.873
-674.931
-674.989
-675.047
-675.105
-675.162
-675.22
-675.278
-675.335
-675.393
-675.45
-675.508
-675.566
-675.623
-675.68
-675.738
-675.795
-675.853
-675.91
-675.967
-676.025
-676.082
-676.139
-676.196
-676.253
-676.311
-676.368
-676.425
-676.482
-676.539
-676.596
-676.653
-676.71
-676.766
-676.823
-676.88
-676.937
-676.994
-677.05
-677.107
-677.164
-677.221
-677.277
-677.334
-677.39
-677.447
-677.503
-677.56
-677.616
-677.673
-677.729
-677.785
-677.842
-677.898
-677.954
-678.011
-678.067
-678.123
-678.179
-678.235
-678.291
-678.347
-678.403
-678.459
-678.515
-678.571
-678.627
-678.683
-678.739
-678.795
-678.851
-678.906
-678.962
-679.018
-679.074
-679.129
-679.185
-679.24
-679.296
-679.351
-679.407
-679.462
-679.518
-679.573
-679.629
-679.684
-679.739
-679.795
-679.85
-679.905
-679.96
-680.015
-680.071
-680.126
-680.181
-680.236
-680.291
-680.346
-680.401
-680.456
-680.511
-680.566
-680.62
-680.675
-680.73
-680.785
-680.839
-680.894
-680.949
-681.004
-681.058
-681.113
-681.167
-681.222
-681.276
-681.331
-681.385
-681.44
-681.494
-681.548
-681.603
-681.657
-681.711
-681.765
-681.82
-681.874
-681.928
-681.982
-682.036
-682.09
-682.144
-682.198
-682.252
-682.306
-682.36
-682.414
-682.468
-682.521
-682.575
-682.629
-682.683
-682.736
-682.79
-682.844
-682.897
-682.951
-683.004
-683.058
-683.111
-683.165
-683.218
-683.272
-683.325
-683.378
-683.432
-683.485
-683.538
-683.591
-683.644
-683.698
-683.751
-683.804
-683.857
-683.91
-683.963
-684.016
-684.069
-684.122
-684.175
-684.228
-684.28
-684.333
-684.386
-684.439
-684.491
-684.544
-684.597
-684.649
-684.702
-684.755
-684.807
-684.86
-684.912
-684.965
-685.017
-685.069
-685.122
-685.174
-685.226
-685.279
-685.331
-685.383
-685.435
-685.487
-685.539
-685.592
-685.644
-685.696
-685.748
-685.8
-685.852
-685.903
-685.955
-686.007
-686.059
-686.111
-686.163
-686.214
-686.266
-686.318
-686.369
-686.421
-686.473
-686.524
-686.576
-686.627
-686.679
-686.73
-686.781
-686.833
-686.884
-686.936
-686.987
-687.038
-687.089
-687.141
-687.192
-687.243
-687.294
-687.345
-687.396
-687.447
-687.498
-687.549
-687.6
-687.651
-687.702
-687.753
-687.803
-687.854
-687.905
-687.956
-688.006
-688.057
-688.108
-688.158
-688.209
-688.259
-688.31
-688.36
-688.411
-688.461
-688.512
-688.562
-688.612
-688.663
-688.713
-688.763
-688.814
-688.864
-688.914
-688.964
-689.014
-689.064
-689.114
-689.164
-689.214
-689.264
-689.314
-689.364
-689.414
-689.464
-689.514
-689.563
-689.613
-689.663
-689.712
-689.762
-689.812
-689.861
-689.911
-689.961
-690.01
-690.059
-690.109
-690.158
-690.208
-690.257
-690.306
-690.356
-690.405
-690.454
-690.504
-690.553
-690.602
-690.651
-690.7
-690.749
-690.798
-690.847
-690.896
-690.945
-690.994
-691.043
-691.092
-691.141
-691.189
-691.238
-691.287
-691.336
-691.384
-691.433
-691.482
-691.53
-691.579
-691.627
-691.676
-691.724
-691.773
-691.821
-691.87
-691.918
-691.966
-692.015
-692.063
-692.111
-692.159
-692.207
-692.256
-692.304
-692.352
-692.4
-692.448
-692.496
-692.544
-692.592
-692.64
-692.688
-692.735
-692.783
-692.831
-692.879
-692.927
-692.974
-693.022
-693.07
-693.117
-693.165
-693.212
-693.26
-693.307
-693.355
-693.402
-693.45
-693.497
-693.544
-693.592
-693.639
-693.686
-693.734
-693.781
-693.828
-693.875
-693.922
-693.969
-694.016
-694.063
-694.11
-694.157
-694.204
-694.251
-694.298
-694.345
-694.392
-694.439
-694.485
-694.532
-694.579
-694.625
-694.672
-694.719
-694.765
-694.812
-694.858
-694.905
-694.951
-694.998
-695.044
-695.09
-695.137
-695.183
-695.229
-695.276
-695.322
-695.368
-695.414
-695.46
-695.507
-695.553
-695.599
-695.645
-695.691
-695.737
-695.783
-695.828
-695.874
-695.92
-695.966
-696.012
-696.057
-696.103
-696.149
-696.195
-696.24
-696.286
-696.331
-696.377
-696.422
-696.468
-696.513
-696.559
-696.604
-696.65
-696.695
-696.74
-696.786
-696.831
-696.876
-696.921
-696.966
-697.011
-697.057
-697.102
-697.147
-697.192
-697.237
-697.282
-697.327
-697.371
-697.416
-697.461
-697.506
-697.551
-697.595
-697.64
-697.685
-697.73
-697.774
-697.819
-697.863
-697.908
-697.952
-697.997
-698.041
-698.086
-698.13
-698.174
-698.219
-698.263
-698.307
-698.352
-698.396
-698.44
-698.484
-698.528
-698.572
-698.616
-698.66
-698.705
-698.748
-698.792
-698.836
-698.88
-698.924
-698.968
-699.012
-699.055
-699.099
-699.143
-699.187
-699.23
-699.274
-699.317
-699.361
-699.405
-699.448
-699.492
-699.535
-699.578
-699.622
-699.665
-699.708
-699.752
-699.795
-699.838
-699.881
-699.925
-699.968
-700.011
-700.054
-700.097
-700.14
-700.183
-700.226
-700.269
-700.312
-700.355
-700.398
-700.44
-700.483
-700.526
-700.569
-700.611
-700.654
-700.697
-700.739
-700.782
-700.825
-700.867
-700.91
-700.952
-700.994
-701.037
-701.079
-701.122
-701.164
-701.206
-701.249
-701.291
-701.333
-701.375
-701.417
-701.459
-701.501
-701.544
-701.586
-701.628
-701.669
-701.711
-701.753
-701.795
-701.837
-701.879
-701.921
-701.962
-702.004
-702.046
-702.088
-702.129
-702.171
-702.212
-702.254
-702.295
-702.337
-702.378
-702.42
-702.461
-702.503
-702.544
-702.585
-702.627
-702.668
-702.709
-702.75
-702.791
-702.832
-702.874
-702.915
-702.956
-702.997
-703.038
-703.079
-703.12
-703.161
-703.201
-703.242
-703.283
-703.324
-703.365
-703.405
-703.446
-703.487
-703.527
-703.568
-703.608
-703.649
-703.69
-703.73
-703.77
-703.811
-703.851
-703.892
-703.932
-703.972
-704.013
-704.053
-704.093
-704.133
-704.173
-704.214
-704.254
-704.294
-704.334
-704.374
-704.414
-704.454
-704.494
-704.534
-704.573
-704.613
-704.653
-704.693
-704.733
-704.772
-704.812
-704.852
-704.891
-704.931
-704.97
-705.01
-705.049
-705.089
-705.128
-705.168
-705.207
-705.247
-705.286
-705.325
-705.364
-705.404
-705.443
-705.482
-705.521
-705.56
-705.599
-705.639
-705.678
-705.717
-705.756
-705.795
-705.833
-705.872
-705.911
-705.95
-705.989
-706.028
-706.066
-706.105
-706.144
-706.182
-706.221
-706.26
-706.298
-706.337
-706.375
-706.414
-706.452
-706.491
-706.529
-706.567
-706.606
-706.644
-706.682
-706.72
-706.759
-706.797
-706.835
-706.873
-706.911
-706.949
-706.987
-707.025
-707.063
-707.101
-707.139
-707.177
-707.215
-707.253
-707.29
-707.328
-707.366
-707.404
-707.441
-707.479
-707.517
-707.554
-707.592
-707.629
-707.667
-707.704
-707.742
-707.779
-707.816
-707.854
-707.891
-707.928
-707.966
-708.003
-708.04
-708.077
-708.114
-708.152
-708.189
-708.226
-708.263
-708.3
-708.337
-708.374
-708.41
-708.447
-708.484
-708.521
-708.558
-708.595
-708.631
-708.668
-708.705
-708.741
-708.778
-708.815
-708.851
-708.888
-708.924
-708.961
-708.997
-709.033
-709.07
-709.106
-709.142
-709.179
-709.215
-709.251
-709.287
-709.324
-709.36
-709.396
-709.432
-709.468
-709.504
-709.54
-709.576
-709.612
-709.648
-709.684
-709.719
-709.755
-709.791
-709.827
-709.863
-709.898
-709.934
-709.97
-710.005
-710.041
-710.076
-710.112
-710.147
-710.183
-710.218
-710.254
-710.289
-710.324
-710.36
-710.395
-710.43
-710.465
-710.501
-710.536
-710.571
-710.606
-710.641
-710.676
-710.711
-710.746
-710.781
-710.816
-710.851
-710.886
-710.921
-710.955
-710.99
-711.025
-711.06
-711.094
-711.129
-711.164
-711.198
-711.233
-711.267
-711.302
-711.336
-711.371
-711.405
-711.44
-711.474
-711.508
-711.543
-711.577
-711.611
-711.645
-711.68
-711.714
-711.748
-711.782
-711.816
-711.85
-711.884
-711.918
-711.952
-711.986
-712.02
-712.054
-712.087
-712.121
-712.155
-712.189
-712.222
-712.256
-712.29
-712.323
-712.357
-712.391
-712.424
-712.458
-712.491
-712.525
-712.558
-712.591
-712.625
-712.658
-712.691
-712.725
-712.758
-712.791
-712.824
-712.857
-712.891
-712.924
-712.957
-712.99
-713.023
-713.056
-713.089
-713.122
-713.154
-713.187
-713.22
-713.253
-713.286
-713.318
-713.351
-713.384
-713.417
-713.449
-713.482
-713.514
-713.547
-713.579
-713.612
-713.644
-713.677
-713.709
-713.741
-713.774
-713.806
-713.838
-713.871
-713.903
-713.935
-713.967
-713.999
-714.031
-714.063
-714.095
-714.127
-714.159
-714.191
-714.223
-714.255
-714.287
-714.319
-714.351
-714.382
-714.414
-714.446
-714.477
-714.509
-714.541
-714.572
-714.604
-714.635
-714.667
-714.698
-714.73
-714.761
-714.793
-714.824
-714.855
-714.887
-714.918
-714.949
-714.98
-715.011
-715.043
-715.074
-715.105
-715.136
-715.167
-715.198
-715.229
-715.26
-715.291
-715.321
-715.352
-715.383
-715.414
-715.445
-715.475
-715.506
-715.537
-715.567
-715.598
-715.629
-715.659
-715.69
-715.72
-715.751
-715.781
-715.811
-715.842
-715.872
-715.903
-715.933
-715.963
-715.993
-716.023
-716.054
-716.084
-716.114
-716.144
-716.174
-716.204
-716.234
-716.264
-716.294
-716.324
-716.354
-716.384
-716.413
-716.443
-716.473
-716.503
-716.532
-716.562
-716.592
-716.621
-716.651
-716.68
-716.71
-716.739
-716.769
-716.798
-716.828
-716.857
-716.886
-716.916
-716.945
-716.974
-717.003
-717.033
-717.062
-717.091
-717.12
-717.149
-717.178
-717.207
-717.236
-717.265
-717.294
-717.323
-717.352
-717.381
-717.409
-717.438
-717.467
-717.496
-717.524
-717.553
-717.582
-717.61
-717.639
-717.667
-717.696
-717.724
-717.753
-717.781
-717.81
-717.838
-717.866
-717.895
-717.923
-717.951
-717.979
-718.008
-718.036
-718.064
-718.092
-718.12
-718.148
-718.176
-718.204
-718.232
-718.26
-718.288
-718.316
-718.343
-718.371
-718.399
-718.427
-718.454
-718.482
-718.51
-718.537
-718.565
-718.593
-718.62
-718.648
-718.675
-718.703
-718.73
-718.757
-718.785
-718.812
-718.839
-718.867
-718.894
-718.921
-718.948
-718.975
-719.003
-719.03
-719.057
-719.084
-719.111
-719.138
-719.165
-719.192
-719.218
-719.245
-719.272
-719.299
-719.326
-719.352
-719.379
-719.406
-719.432
-719.459
-719.486
-719.512
-719.539
-719.565
-719.592
-719.618
-719.645
-719.671
-719.697
-719.724
-719.75
-719.776
-719.802
-719.829
-719.855
-719.881
-719.907
-719.933
-719.959
-719.985
-720.011
-720.037
-720.063
-720.089
-720.115
-720.141
-720.167
-720.192
-720.218
-720.244
-720.27
-720.295
-720.321
-720.346
-720.372
-720.398
-720.423
-720.449
-720.474
-720.499
-720.525
-720.55
-720.576
-720.601
-720.626
-720.651
-720.677
-720.702
-720.727
-720.752
-720.777
-720.802
-720.827
-720.852
-720.877
-720.902
-720.927
-720.952
-720.977
-721.002
-721.027
-721.052
-721.076
-721.101
-721.126
-721.15
-721.175
-721.2
-721.224
-721.249
-721.273
-721.298
-721.322
-721.347
-721.371
-721.395
-721.42
-721.444
-721.468
-721.493
-721.517
-721.541
-721.565
-721.589
-721.613
-721.637
-721.661
-721.685
-721.709
-721.733
-721.757
-721.781
-721.805
-721.829
-721.853
-721.876
-721.9
-721.924
-721.948
-721.971
-721.995
-722.018
-722.042
-722.066
-722.089
-722.113
-722.136
-722.159
-722.183
-722.206
-722.23
-722.253
-722.276
-722.299
-722.323
-722.346
-722.369
-722.392
-722.415
-722.438
-722.461
-722.484
-722.507
-722.53
-722.553
-722.576
-722.599
-722.622
-722.644
-722.667
-722.69
-722.713
-722.735
-722.758
-722.78
-722.803
-722.826
-722.848
-722.871
-722.893
-722.916
-722.938
-722.96
-722.983
-723.005
-723.027
-723.05
-723.072
-723.094
-723.116
-723.138
-723.16
-723.182
-723.204
-723.227
-723.249
-723.27
-723.292
-723.314
-723.336
-723.358
-723.38
-723.402
-723.423
-723.445
-723.467
-723.488
-723.51
-723.532
-723.553
-723.575
-723.596
-723.618
-723.639
-723.661
-723.682
-723.703
-723.725
-723.746
-723.767
-723.789
-723.81
-723.831
-723.852
-723.873
-723.894
-723.915
-723.936
-723.957
-723.978
-723.999
-724.02
-724.041
-724.062
-724.083
-724.104
-724.124
-724.145
-724.166
-724.187
-724.207
-724.228
-724.248
-724.269
-724.289
-724.31
-724.33
-724.351
-724.371
-724.392
-724.412
-724.432
-724.453
-724.473
-724.493
-724.513
-724.533
-724.554
-724.574
-724.594
-724.614
-724.634
-724.654
-724.674
-724.694
-724.714
-724.733
-724.753
-724.773
-724.793
-724.813
-724.832
-724.852
-724.872
-724.891
-724.911
-724.93
-724.95
-724.969
-724.989
-725.008
-725.028
-725.047
-725.066
-725.086
-725.105
-725.124
-725.144
-725.163
-725.182
-725.201
-725.22
-725.239
-725.258
-725.277
-725.296
-725.315
-725.334
-725.353
-725.372
-725.391
-725.41
-725.428
-725.447
-725.466
-725.484
-725.503
-725.522
-725.54
-725.559
-725.577
-725.596
-725.614
-725.633
-725.651
-725.67
-725.688
-725.706
-725.724
-725.743
-725.761
-725.779
-725.797
-725.815
-725.833
-725.852
-725.87
-725.888
-725.906
-725.923
-725.941
-725.959
-725.977
-725.995
-726.013
-726.03
-726.048
-726.066
-726.083
-726.101
-726.119
-726.136
-726.154
-726.171
-726.189
-726.206
-726.223
-726.241
-726.258
-726.275
-726.293
-726.31
-726.327
-726.344
-726.361
-726.378
-726.396
-726.413
-726.43
-726.446
-726.463
-726.48
-726.497
-726.514
-726.531
-726.547
-726.564
-726.581
-726.597
-726.614
-726.631
-726.647
-726.664
-726.68
-726.696
-726.713
-726.729
-726.745
-726.762
-726.778
-726.794
-726.81
-726.826
-726.842
-726.858
-726.874
-726.89
-726.906
-726.921
-726.937
-726.952
-726.968
-726.983
-726.998
-727.014
-727.028
-727.043
-727.057
-727.07
