-11.5587
-11.7597
-11.9607
-12.1617
-12.3626
-12.5635
-12.7644
-12.9653
-13.1661
-13.3669
-13.5677
-13.7684
-13.9692
-14.1698
-14.3705
-14.5711
-14.7717
-14.9723
-15.1728
-15.3733
-15.5738
-15.7742
-15.9747
-16.1751
-16.3754
-16.5757
-16.776
-16.9763
-17.1765
-17.3768
-17.5769
-17.7771
-17.9772
-18.1773
-18.3774
-18.5774
-18.7774
-18.9774
-19.1773
-19.3772
-19.5771
-19.777
-19.9768
-20.1766
-20.3764
-20.5761
-20.7758
-20.9755
-21.1751
-21.3748
-21.5743
-21.7739
-21.9734
-22.1729
-22.3724
-22.5718
-22.7713
-22.9706
-23.17
-23.3693
-23.5686
-23.7679
-23.9671
-24.1663
-24.3655
-24.5646
-24.7637
-24.9628
-25.1619
-25.3609
-25.5599
-25.7589
-25.9578
-26.1567
-26.3556
-26.5545
-26.7533
-26.9521
-27.1508
-27.3496
-27.5483
-27.7469
-27.9456
-28.1442
-28.3428
-28.5413
-28.7399
-28.9384
-29.1368
-29.3353
-29.5337
-29.732
-29.9304
-30.1287
-30.327
-30.5252
-30.7235
-30.9217
-31.1198
-31.318
-31.5161
-31.7142
-31.9122
-32.1103
-32.3082
-32.5062
-32.7041
-32.902
-33.0999
-33.2978
-33.4956
-33.6934
-33.8911
-34.0888
-34.2865
-34.4842
-34.6818
-34.8794
-35.077
-35.2746
-35.4721
-35.6696
-35.867
-36.0645
-36.2619
-36.4592
-36.6566
-36.8539
-37.0512
-37.2484
-37.4457
-37.6429
-37.84
-38.0372
-38.2343
-38.4313
-38.6284
-38.8254
-39.0224
-39.2193
-39.4163
-39.6132
-39.81
-40.0069
-40.2037
-40.4005
-40.5972
-40.7939
-40.9906
-41.1873
-41.3839
-41.5805
-41.7771
-41.9736
-42.1701
-42.3666
-42.5631
-42.7595
-42.9559
-43.1523
-43.3486
-43.5449
-43.7412
-43.9374
-44.1337
-44.3298
-44.526
-44.7221
-44.9182
-45.1143
-45.3103
-45.5063
-45.7023
-45.8983
-46.0942
-46.2901
-46.486
-46.6818
-46.8776
-47.0734
-47.2691
-47.4648
-47.6605
-47.8562
-48.0518
-48.2474
-48.443
-48.6385
-48.834
-49.0295
-49.2249
-49.4203
-49.6157
-49.8111
-50.0064
-50.2017
-50.397
-50.5922
-50.7874
-50.9826
-51.1778
-51.3729
-51.568
-51.7631
-51.9581
-52.1531
-52.3481
-52.543
-52.7379
-52.9328
-53.1277
-53.3225
-53.5173
-53.7121
-53.9068
-54.1015
-54.2962
-54.4909
-54.6855
-54.8801
-55.0746
-55.2692
-55.4637
-55.6581
-55.8526
-56.047
-56.2414
-56.4357
-56.6301
-56.8243
-57.0186
-57.2128
-57.4071
-57.6012
-57.7954
-57.9895
-58.1836
-58.3776
-58.5717
-58.7657
-58.9596
-59.1536
-59.3475
-59.5414
-59.7352
-59.929
-60.1228
-60.3166
-60.5103
-60.704
-60.8977
-61.0914
-61.285
-61.4785
-61.6721
-61.8656
-62.0591
-62.2526
-62.446
-62.6394
-62.8328
-63.0262
-63.2195
-63.4128
-63.606
-63.7993
-63.9925
-64.1856
-64.3788
-64.5719
-64.765
-64.958
-65.151
-65.344
-65.537
-65.7299
-65.9228
-66.1157
-66.3086
-66.5014
-66.6942
-66.8869
-67.0796
-67.2723
-67.465
-67.6576
-67.8503
-68.0428
-68.2354
-68.4279
-68.6204
-68.8129
-69.0053
-69.1977
-69.3901
-69.5824
-69.7747
-69.967
-70.1593
-70.3515
-70.5437
-70.7358
-70.928
-71.1201
-71.3122
-71.5042
-71.6962
-71.8882
-72.0802
-72.2721
-72.464
-72.6559
-72.8477
-73.0395
-73.2313
-73.423
-73.6148
-73.8065
-73.9981
-74.1897
-74.3814
-74.5729
-74.7645
-74.956
-75.1475
-75.3389
-75.5303
-75.7217
-75.9131
-76.1044
-76.2958
-76.487
-76.6783
-76.8695
-77.0607
-77.2518
-77.443
-77.6341
-77.8251
-78.0162
-78.2072
-78.3982
-78.5891
-78.7801
-78.9709
-79.1618
-79.3526
-79.5434
-79.7342
-79.925
-80.1157
-80.3064
-80.497
-80.6876
-80.8782
-81.0688
-81.2593
-81.4499
-81.6403
-81.8308
-82.0212
-82.2116
-82.402
-82.5923
-82.7826
-82.9729
-83.1631
-83.3533
-83.5435
-83.7336
-83.9238
-84.1139
-84.3039
-84.494
-84.684
-84.8739
-85.0639
-85.2538
-85.4437
-85.6336
-85.8234
-86.0132
-86.2029
-86.3927
-86.5824
-86.7721
-86.9617
-87.1513
-87.3409
-87.5305
-87.72
-87.9095
-88.099
-88.2884
-88.4779
-88.6672
-88.8566
-89.0459
-89.2352
-89.4245
-89.6137
-89.8029
-89.9921
-90.1812
-90.3704
-90.5595
-90.7485
-90.9375
-91.1265
-91.3155
-91.5045
-91.6934
-91.8822
-92.0711
-92.2599
-92.4487
-92.6375
-92.8262
-93.0149
-93.2036
-93.3922
-93.5808
-93.7694
-93.958
-94.1465
-94.335
-94.5235
-94.7119
-94.9003
-95.0887
-95.277
-95.4654
-95.6536
-95.8419
-96.0301
-96.2183
-96.4065
-96.5946
-96.7828
-96.9708
-97.1589
-97.3469
-97.5349
-97.7229
-97.9108
-98.0987
-98.2866
-98.4744
-98.6622
-98.85
-99.0378
-99.2255
-99.4132
-99.6009
-99.7885
-99.9761
-100.164
-100.351
-100.539
-100.726
-100.914
-101.101
-101.289
-101.476
-101.663
-101.851
-102.038
-102.225
-102.412
-102.6
-102.787
-102.974
-103.161
-103.348
-103.535
-103.722
-103.909
-104.096
-104.283
-104.47
-104.657
-104.844
-105.03
-105.217
-105.404
-105.591
-105.777
-105.964
-106.151
-106.337
-106.524
-106.71
-106.897
-107.083
-107.27
-107.456
-107.643
-107.829
-108.015
-108.202
-108.388
-108.574
-108.76
-108.947
-109.133
-109.319
-109.505
-109.691
-109.877
-110.063
-110.249
-110.435
-110.621
-110.807
-110.993
-111.178
-111.364
-111.55
-111.736
-111.922
-112.107
-112.293
-112.478
-112.664
-112.85
-113.035
-113.221
-113.406
-113.592
-113.777
-113.962
-114.148
-114.333
-114.518
-114.704
-114.889
-115.074
-115.259
-115.444
-115.63
-115.815
-116
-116.185
-116.37
-116.555
-116.74
-116.925
-117.11
-117.294
-117.479
-117.664
-117.849
-118.034
-118.218
-118.403
-118.588
-118.772
-118.957
-119.141
-119.326
-119.51
-119.695
-119.879
-120.064
-120.248
-120.432
-120.617
-120.801
-120.985
-121.17
-121.354
-121.538
-121.722
-121.906
-122.09
-122.274
-122.458
-122.642
-122.826
-123.01
-123.194
-123.378
-123.562
-123.746
-123.929
-124.113
-124.297
-124.481
-124.664
-124.848
-125.032
-125.215
-125.399
-125.582
-125.766
-125.949
-126.133
-126.316
-126.499
-126.683
-126.866
-127.049
-127.233
-127.416
-127.599
-127.782
-127.965
-128.149
-128.332
-128.515
-128.698
-128.881
-129.064
-129.247
-129.429
-129.612
-129.795
-129.978
-130.161
-130.344
-130.526
-130.709
-130.892
-131.074
-131.257
-131.439
-131.622
-131.805
-131.987
-132.169
-132.352
-132.534
-132.717
-132.899
-133.081
-133.264
-133.446
-133.628
-133.81
-133.992
-134.175
-134.357
-134.539
-134.721
-134.903
-135.085
-135.267
-135.449
-135.631
-135.812
-135.994
-136.176
-136.358
-136.54
-136.721
-136.903
-137.085
-137.266
-137.448
-137.629
-137.811
-137.993
-138.174
-138.355
-138.537
-138.718
-138.9
-139.081
-139.262
-139.444
-139.625
-139.806
-139.987
-140.168
-140.35
-140.531
-140.712
-140.893
-141.074
-141.255
-141.436
-141.617
-141.797
-141.978
-142.159
-142.34
-142.521
-142.701
-142.882
-143.063
-143.244
-143.424
-143.605
-143.785
-143.966
-144.146
-144.327
-144.507
-144.688
-144.868
-145.048
-145.229
-145.409
-145.589
-145.77
-145.95
-146.13
-146.31
-146.49
-146.67
-146.85
-147.03
-147.21
-147.39
-147.57
-147.75
-147.93
-148.11
-148.29
-148.47
-148.649
-148.829
-149.009
-149.188
-149.368
-149.548
-149.727
-149.907
-150.086
-150.266
-150.445
-150.625
-150.804
-150.984
-151.163
-151.342
-151.522
-151.701
-151.88
-152.059
-152.238
-152.418
-152.597
-152.776
-152.955
-153.134
-153.313
-153.492
-153.671
-153.85
-154.029
-154.207
-154.386
-154.565
-154.744
-154.923
-155.101
-155.28
-155.459
-155.637
-155.816
-155.994
-156.173
-156.351
-156.53
-156.708
-156.887
-157.065
-157.243
-157.422
-157.6
-157.778
-157.956
-158.135
-158.313
-158.491
-158.669
-158.847
-159.025
-159.203
-159.381
-159.559
-159.737
-159.915
-160.093
-160.271
-160.448
-160.626
-160.804
-160.982
-161.159
-161.337
-161.515
-161.692
-161.87
-162.047
-162.225
-162.402
-162.58
-162.757
-162.935
-163.112
-163.289
-163.467
-163.644
-163.821
-163.998
-164.176
-164.353
-164.53
-164.707
-164.884
-165.061
-165.238
-165.415
-165.592
-165.769
-165.946
-166.123
-166.3
-166.476
-166.653
-166.83
-167.007
-167.183
-167.36
-167.537
-167.713
-167.89
-168.066
-168.243
-168.419
-168.596
-168.772
-168.949
-169.125
-169.301
-169.478
-169.654
-169.83
-170.006
-170.183
-170.359
-170.535
-170.711
-170.887
-171.063
-171.239
-171.415
-171.591
-171.767
-171.943
-172.119
-172.294
-172.47
-172.646
-172.822
-172.997
-173.173
-173.349
-173.524
-173.7
-173.876
-174.051
-174.227
-174.402
-174.578
-174.753
-174.928
-175.104
-175.279
-175.454
-175.63
-175.805
-175.98
-176.155
-176.33
-176.505
-176.681
-176.856
-177.031
-177.206
-177.381
-177.556
-177.73
-177.905
-178.08
-178.255
-178.43
-178.605
-178.779
-178.954
-179.129
-179.303
-179.478
-179.653
-179.827
-180.002
-180.176
-180.351
-180.525
-180.699
-180.874
-181.048
-181.222
-181.397
-181.571
-181.745
-181.919
-182.094
-182.268
-182.442
-182.616
-182.79
-182.964
-183.138
-183.312
-183.486
-183.66
-183.834
-184.008
-184.181
-184.355
-184.529
-184.703
-184.876
-185.05
-185.224
-185.397
-185.571
-185.744
-185.918
-186.091
-186.265
-186.438
-186.612
-186.785
-186.958
-187.132
-187.305
-187.478
-187.651
-187.825
-187.998
-188.171
-188.344
-188.517
-188.69
-188.863
-189.036
-189.209
-189.382
-189.555
-189.728
-189.901
-190.074
-190.246
-190.419
-190.592
-190.764
-190.937
-191.11
-191.282
-191.455
-191.627
-191.8
-191.972
-192.145
-192.317
-192.49
-192.662
-192.834
-193.007
-193.179
-193.351
-193.523
-193.696
-193.868
-194.04
-194.212
-194.384
-194.556
-194.728
-194.9
-195.072
-195.244
-195.416
-195.588
-195.76
-195.931
-196.103
-196.275
-196.447
-196.618
-196.79
-196.962
-197.133
-197.305
-197.476
-197.648
-197.819
-197.991
-198.162
-198.334
-198.505
-198.676
-198.848
-199.019
-199.19
-199.361
-199.532
-199.704
-199.875
-200.046
-200.217
-200.388
-200.559
-200.73
-200.901
-201.072
-201.243
-201.413
-201.584
-201.755
-201.926
-202.097
-202.267
-202.438
-202.609
-202.779
-202.95
-203.12
-203.291
-203.461
-203.632
-203.802
-203.973
-204.143
-204.313
-204.484
-204.654
-204.824
-204.995
-205.165
-205.335
-205.505
-205.675
-205.845
-206.015
-206.185
-206.355
-206.525
-206.695
-206.865
-207.035
-207.205
-207.375
-207.545
-207.714
-207.884
-208.054
-208.223
-208.393
-208.563
-208.732
-208.902
-209.071
-209.241
-209.41
-209.58
-209.749
-209.918
-210.088
-210.257
-210.426
-210.596
-210.765
-210.934
-211.103
-211.272
-211.442
-211.611
-211.78
-211.949
-212.118
-212.287
-212.456
-212.624
-212.793
-212.962
-213.131
-213.3
-213.469
-213.637
-213.806
-213.975
-214.143
-214.312
-214.48
-214.649
-214.817
-214.986
-215.154
-215.323
-215.491
-215.66
-215.828
-215.996
-216.165
-216.333
-216.501
-216.669
-216.837
-217.005
-217.174
-217.342
-217.51
-217.678
-217.846
-218.014
-218.182
-218.349
-218.517
-218.685
-218.853
-219.021
-219.189
-219.356
-219.524
-219.692
-219.859
-220.027
-220.194
-220.362
-220.529
-220.697
-220.864
-221.032
-221.199
-221.367
-221.534
-221.701
-221.868
-222.036
-222.203
-222.37
-222.537
-222.704
-222.871
-223.039
-223.206
-223.373
-223.54
-223.706
-223.873
-224.04
-224.207
-224.374
-224.541
-224.708
-224.874
-225.041
-225.208
-225.374
-225.541
-225.708
-225.874
-226.041
-226.207
-226.374
-226.54
-226.706
-226.873
-227.039
-227.206
-227.372
-227.538
-227.704
-227.871
-228.037
-228.203
-228.369
-228.535
-228.701
-228.867
-229.033
-229.199
-229.365
-229.531
-229.697
-229.863
-230.029
-230.194
-230.36
-230.526
-230.692
-230.857
-231.023
-231.188
-231.354
-231.52
-231.685
-231.851
-232.016
-232.182
-232.347
-232.512
-232.678
-232.843
-233.008
-233.174
-233.339
-233.504
-233.669
-233.834
-233.999
-234.164
-234.33
-234.495
-234.66
-234.824
-234.989
-235.154
-235.319
-235.484
-235.649
-235.814
-235.978
-236.143
-236.308
-236.472
-236.637
-236.802
-236.966
-237.131
-237.295
-237.46
-237.624
-237.789
-237.953
-238.118
-238.282
-238.446
-238.61
-238.775
-238.939
-239.103
-239.267
-239.431
-239.596
-239.76
-239.924
-240.088
-240.252
-240.416
-240.58
-240.743
-240.907
-241.071
-241.235
-241.399
-241.562
-241.726
-241.89
-242.054
-242.217
-242.381
-242.544
-242.708
-242.871
-243.035
-243.198
-243.362
-243.525
-243.689
-243.852
-244.015
-244.178
-244.342
-244.505
-244.668
-244.831
-244.994
-245.157
-245.321
-245.484
-245.647
-245.81
-245.973
-246.135
-246.298
-246.461
-246.624
-246.787
-246.95
-247.112
-247.275
-247.438
-247.6
-247.763
-247.926
-248.088
-248.251
-248.413
-248.576
-248.738
-248.901
-249.063
-249.225
-249.388
-249.55
-249.712
-249.874
-250.037
-250.199
-250.361
-250.523
-250.685
-250.847
-251.009
-251.171
-251.333
-251.495
-251.657
-251.819
-251.981
-252.143
-252.304
-252.466
-252.628
-252.79
-252.951
-253.113
-253.275
-253.436
-253.598
-253.759
-253.921
-254.082
-254.244
-254.405
-254.566
-254.728
-254.889
-255.05
-255.212
-255.373
-255.534
-255.695
-255.856
-256.018
-256.179
-256.34
-256.501
-256.662
-256.823
-256.984
-257.145
-257.305
-257.466
-257.627
-257.788
-257.949
-258.109
-258.27
-258.431
-258.591
-258.752
-258.913
-259.073
-259.234
-259.394
-259.555
-259.715
-259.875
-260.036
-260.196
-260.356
-260.517
-260.677
-260.837
-260.997
-261.158
-261.318
-261.478
-261.638
-261.798
-261.958
-262.118
-262.278
-262.438
-262.598
-262.758
-262.917
-263.077
-263.237
-263.397
-263.556
-263.716
-263.876
-264.035
-264.195
-264.355
-264.514
-264.674
-264.833
-264.993
-265.152
-265.311
-265.471
-265.63
-265.789
-265.949
-266.108
-266.267
-266.426
-266.586
-266.745
-266.904
-267.063
-267.222
-267.381
-267.54
-267.699
-267.858
-268.017
-268.176
-268.334
-268.493
-268.652
-268.811
-268.969
-269.128
-269.287
-269.445
-269.604
-269.763
-269.921
-270.08
-270.238
-270.397
-270.555
-270.713
-270.872
-271.03
-271.188
-271.347
-271.505
-271.663
-271.821
-271.979
-272.138
-272.296
-272.454
-272.612
-272.77
-272.928
-273.086
-273.244
-273.401
-273.559
-273.717
-273.875
-274.033
-274.19
-274.348
-274.506
-274.663
-274.821
-274.979
-275.136
-275.294
-275.451
-275.609
-275.766
-275.924
-276.081
-276.238
-276.396
-276.553
-276.71
-276.867
-277.025
-277.182
-277.339
-277.496
-277.653
-277.81
-277.967
-278.124
-278.281
-278.438
-278.595
-278.752
-278.909
-279.066
-279.222
-279.379
-279.536
-279.693
-279.849
-280.006
-280.162
-280.319
-280.476
-280.632
-280.789
-280.945
-281.102
-281.258
-281.414
-281.571
-281.727
-281.883
-282.04
-282.196
-282.352
-282.508
-282.664
-282.82
-282.976
-283.133
-283.289
-283.445
-283.6
-283.756
-283.912
-284.068
-284.224
-284.38
-284.536
-284.691
-284.847
-285.003
-285.158
-285.314
-285.47
-285.625
-285.781
-285.936
-286.092
-286.247
-286.403
-286.558
-286.713
-286.869
-287.024
-287.179
-287.335
-287.49
-287.645
-287.8
-287.955
-288.11
-288.266
-288.421
-288.576
-288.731
-288.886
-289.04
-289.195
-289.35
-289.505
-289.66
-289.815
-289.969
-290.124
-290.279
-290.433
-290.588
-290.743
-290.897
-291.052
-291.206
-291.361
-291.515
-291.67
-291.824
-291.978
-292.133
-292.287
-292.441
-292.596
-292.75
-292.904
-293.058
-293.212
-293.366
-293.52
-293.674
-293.828
-293.982
-294.136
-294.29
-294.444
-294.598
-294.752
-294.906
-295.059
-295.213
-295.367
-295.521
-295.674
-295.828
-295.981
-296.135
-296.288
-296.442
-296.595
-296.749
-296.902
-297.056
-297.209
-297.362
-297.516
-297.669
-297.822
-297.975
-298.129
-298.282
-298.435
-298.588
-298.741
-298.894
-299.047
-299.2
-299.353
-299.506
-299.659
-299.812
-299.964
-300.117
-300.27
-300.423
-300.575
-300.728
-300.881
-301.033
-301.186
-301.338
-301.491
-301.643
-301.796
-301.948
-302.101
-302.253
-302.406
-302.558
-302.71
-302.862
-303.015
-303.167
-303.319
-303.471
-303.623
-303.775
-303.927
-304.079
-304.231
-304.383
-304.535
-304.687
-304.839
-304.991
-305.143
-305.294
-305.446
-305.598
-305.75
-305.901
-306.053
-306.205
-306.356
-306.508
-306.659
-306.811
-306.962
-307.114
-307.265
-307.416
-307.568
-307.719
-307.87
-308.022
-308.173
-308.324
-308.475
-308.626
-308.777
-308.928
-309.079
-309.231
-309.381
-309.532
-309.683
-309.834
-309.985
-310.136
-310.287
-310.438
-310.588
-310.739
-310.89
-311.04
-311.191
-311.342
-311.492
-311.643
-311.793
-311.944
-312.094
-312.245
-312.395
-312.545
-312.696
-312.846
-312.996
-313.147
-313.297
-313.447
-313.597
-313.747
-313.897
-314.047
-314.197
-314.347
-314.497
-314.647
-314.797
-314.947
-315.097
-315.247
-315.397
-315.546
-315.696
-315.846
-315.996
-316.145
-316.295
-316.444
-316.594
-316.744
-316.893
-317.042
-317.192
-317.341
-317.491
-317.64
-317.789
-317.939
-318.088
-318.237
-318.386
-318.536
-318.685
-318.834
-318.983
-319.132
-319.281
-319.43
-319.579
-319.728
-319.877
-320.026
-320.175
-320.323
-320.472
-320.621
-320.77
-320.918
-321.067
-321.216
-321.364
-321.513
-321.662
-321.81
-321.959
-322.107
-322.255
-322.404
-322.552
-322.701
-322.849
-322.997
-323.145
-323.294
-323.442
-323.59
-323.738
-323.886
-324.034
-324.182
-324.33
-324.478
-324.626
-324.774
-324.922
-325.07
-325.218
-325.366
-325.514
-325.661
-325.809
-325.957
-326.104
-326.252
-326.4
-326.547
-326.695
-326.842
-326.99
-327.137
-327.285
-327.432
-327.58
-327.727
-327.874
-328.021
-328.169
-328.316
-328.463
-328.61
-328.757
-328.905
-329.052
-329.199
-329.346
-329.493
-329.64
-329.787
-329.933
-330.08
-330.227
-330.374
-330.521
-330.667
-330.814
-330.961
-331.108
-331.254
-331.401
-331.547
-331.694
-331.84
-331.987
-332.133
-332.28
-332.426
-332.573
-332.719
-332.865
-333.011
-333.158
-333.304
-333.45
-333.596
-333.742
-333.889
-334.035
-334.181
-334.327
-334.473
-334.619
-334.764
-334.91
-335.056
-335.202
-335.348
-335.494
-335.639
-335.785
-335.931
-336.076
-336.222
-336.368
-336.513
-336.659
-336.804
-336.95
-337.095
-337.241
-337.386
-337.531
-337.677
-337.822
-337.967
-338.112
-338.258
-338.403
-338.548
-338.693
-338.838
-338.983
-339.128
-339.273
-339.418
-339.563
-339.708
-339.853
-339.998
-340.143
-340.288
-340.432
-340.577
-340.722
-340.866
-341.011
-341.156
-341.3
-341.445
-341.589
-341.734
-341.878
-342.023
-342.167
-342.312
-342.456
-342.6
-342.745
-342.889
-343.033
-343.177
-343.321
-343.466
-343.61
-343.754
-343.898
-344.042
-344.186
-344.33
-344.474
-344.618
-344.762
-344.905
-345.049
-345.193
-345.337
-345.48
-345.624
-345.768
-345.911
-346.055
-346.199
-346.342
-346.486
-346.629
-346.773
-346.916
-347.06
-347.203
-347.346
-347.49
-347.633
-347.776
-347.919
-348.063
-348.206
-348.349
-348.492
-348.635
-348.778
-348.921
-349.064
-349.207
-349.35
-349.493
-349.636
-349.779
-349.921
-350.064
-350.207
-350.35
-350.492
-350.635
-350.778
-350.92
-351.063
-351.205
-351.348
-351.49
-351.633
-351.775
-351.918
-352.06
-352.202
-352.345
-352.487
-352.629
-352.771
-352.914
-353.056
-353.198
-353.34
-353.482
-353.624
-353.766
-353.908
-354.05
-354.192
-354.334
-354.476
-354.618
-354.759
-354.901
-355.043
-355.185
-355.326
-355.468
-355.61
-355.751
-355.893
-356.034
-356.176
-356.317
-356.459
-356.6
-356.742
-356.883
-357.024
-357.166
-357.307
-357.448
-357.589
-357.73
-357.872
-358.013
-358.154
-358.295
-358.436
-358.577
-358.718
-358.859
-359
-359.141
-359.281
-359.422
-359.563
-359.704
-359.845
-359.985
-360.126
-360.267
-360.407
-360.548
-360.688
-360.829
-360.969
-361.11
-361.25
-361.391
-361.531
-361.671
-361.812
-361.952
-362.092
-362.233
-362.373
-362.513
-362.653
-362.793
-362.933
-363.073
-363.213
-363.353
-363.493
-363.633
-363.773
-363.913
-364.053
-364.193
-364.333
-364.472
-364.612
-364.752
-364.891
-365.031
-365.171
-365.31
-365.45
-365.589
-365.729
-365.868
-366.008
-366.147
-366.287
-366.426
-366.565
-366.704
-366.844
-366.983
-367.122
-367.261
-367.4
-367.54
-367.679
-367.818
-367.957
-368.096
-368.235
-368.374
-368.513
-368.651
-368.79
-368.929
-369.068
-369.207
-369.345
-369.484
-369.623
-369.761
-369.9
-370.038
-370.177
-370.316
-370.454
-370.593
-370.731
-370.869
-371.008
-371.146
-371.284
-371.423
-371.561
-371.699
-371.837
-371.975
-372.114
-372.252
-372.39
-372.528
-372.666
-372.804
-372.942
-373.08
-373.218
-373.355
-373.493
-373.631
-373.769
-373.907
-374.044
-374.182
-374.32
-374.457
-374.595
-374.732
-374.87
-375.008
-375.145
-375.282
-375.42
-375.557
-375.695
-375.832
-375.969
-376.107
-376.244
-376.381
-376.518
-376.655
-376.792
-376.93
-377.067
-377.204
-377.341
-377.478
-377.615
-377.752
-377.888
-378.025
-378.162
-378.299
-378.436
-378.572
-378.709
-378.846
-378.982
-379.119
-379.256
-379.392
-379.529
-379.665
-379.802
-379.938
-380.075
-380.211
-380.347
-380.484
-380.62
-380.756
-380.892
-381.029
-381.165
-381.301
-381.437
-381.573
-381.709
-381.845
-381.981
-382.117
-382.253
-382.389
-382.525
-382.661
-382.797
-382.932
-383.068
-383.204
-383.34
-383.475
-383.611
-383.747
-383.882
-384.018
-384.153
-384.289
-384.424
-384.56
-384.695
-384.83
-384.966
-385.101
-385.236
-385.372
-385.507
-385.642
-385.777
-385.912
-386.047
-386.183
-386.318
-386.453
-386.588
-386.723
-386.858
-386.992
-387.127
-387.262
-387.397
-387.532
-387.667
-387.801
-387.936
-388.071
-388.205
-388.34
-388.474
-388.609
-388.744
-388.878
-389.012
-389.147
-389.281
-389.416
-389.55
-389.684
-389.819
-389.953
-390.087
-390.221
-390.355
-390.49
-390.624
-390.758
-390.892
-391.026
-391.16
-391.294
-391.428
-391.562
-391.695
-391.829
-391.963
-392.097
-392.231
-392.364
-392.498
-392.632
-392.765
-392.899
-393.032
-393.166
-393.3
-393.433
-393.566
-393.7
-393.833
-393.967
-394.1
-394.233
-394.367
-394.5
-394.633
-394.766
-394.899
-395.032
-395.166
-395.299
-395.432
-395.565
-395.698
-395.831
-395.964
-396.096
-396.229
-396.362
-396.495
-396.628
-396.76
-396.893
-397.026
-397.158
-397.291
-397.424
-397.556
-397.689
-397.821
-397.954
-398.086
-398.219
-398.351
-398.483
-398.616
-398.748
-398.88
-399.013
-399.145
-399.277
-399.409
-399.541
-399.673
-399.805
-399.937
-400.069
-400.201
-400.333
-400.465
-400.597
-400.729
-400.861
-400.993
-401.124
-401.256
-401.388
-401.519
-401.651
-401.783
-401.914
-402.046
-402.177
-402.309
-402.44
-402.572
-402.703
-402.835
-402.966
-403.097
-403.229
-403.36
-403.491
-403.622
-403.753
-403.885
-404.016
-404.147
-404.278
-404.409
-404.54
-404.671
-404.802
-404.933
-405.064
-405.194
-405.325
-405.456
-405.587
-405.717
-405.848
-405.979
-406.109
-406.24
-406.371
-406.501
-406.632
-406.762
-406.893
-407.023
-407.153
-407.284
-407.414
-407.545
-407.675
-407.805
-407.935
-408.065
-408.196
-408.326
-408.456
-408.586
-408.716
-408.846
-408.976
-409.106
-409.236
-409.366
-409.496
-409.626
-409.755
-409.885
-410.015
-410.145
-410.274
-410.404
-410.534
-410.663
-410.793
-410.922
-411.052
-411.181
-411.311
-411.44
-411.57
-411.699
-411.828
-411.958
-412.087
-412.216
-412.345
-412.475
-412.604
-412.733
-412.862
-412.991
-413.12
-413.249
-413.378
-413.507
-413.636
-413.765
-413.894
-414.022
-414.151
-414.28
-414.409
-414.538
-414.666
-414.795
-414.923
-415.052
-415.181
-415.309
-415.438
-415.566
-415.695
-415.823
-415.951
-416.08
-416.208
-416.336
-416.465
-416.593
-416.721
-416.849
-416.977
-417.106
-417.234
-417.362
-417.49
-417.618
-417.746
-417.874
-418.002
-418.129
-418.257
-418.385
-418.513
-418.641
-418.768
-418.896
-419.024
-419.152
-419.279
-419.407
-419.534
-419.662
-419.789
-419.917
-420.044
-420.172
-420.299
-420.426
-420.554
-420.681
-420.808
-420.935
-421.063
-421.19
-421.317
-421.444
-421.571
-421.698
-421.825
-421.952
-422.079
-422.206
-422.333
-422.46
-422.587
-422.714
-422.84
-422.967
-423.094
-423.221
-423.347
-423.474
-423.601
-423.727
-423.854
-423.98
-424.107
-424.233
-424.36
-424.486
-424.612
-424.739
-424.865
-424.991
-425.118
-425.244
-425.37
-425.496
-425.622
-425.748
-425.875
-426.001
-426.127
-426.253
-426.379
-426.504
-426.63
-426.756
-426.882
-427.008
-427.134
-427.259
-427.385
-427.511
-427.637
-427.762
-427.888
-428.013
-428.139
-428.264
-428.39
-428.515
-428.641
-428.766
-428.892
-429.017
-429.142
-429.267
-429.393
-429.518
-429.643
-429.768
-429.893
-430.019
-430.144
-430.269
-430.394
-430.519
-430.644
-430.769
-430.893
-431.018
-431.143
-431.268
-431.393
-431.517
-431.642
-431.767
-431.891
-432.016
-432.141
-432.265
-432.39
-432.514
-432.639
-432.763
-432.888
-433.012
-433.136
-433.261
-433.385
-433.509
-433.634
-433.758
-433.882
-434.006
-434.13
-434.254
-434.378
-434.502
-434.626
-434.75
-434.874
-434.998
-435.122
-435.246
-435.37
-435.494
-435.617
-435.741
-435.865
-435.989
-436.112
-436.236
-436.359
-436.483
-436.607
-436.73
-436.854
-436.977
-437.1
-437.224
-437.347
-437.47
-437.594
-437.717
-437.84
-437.963
-438.087
-438.21
-438.333
-438.456
-438.579
-438.702
-438.825
-438.948
-439.071
-439.194
-439.317
-439.44
-439.562
-439.685
-439.808
-439.931
-440.053
-440.176
-440.299
-440.421
-440.544
-440.667
-440.789
-440.912
-441.034
-441.156
-441.279
-441.401
-441.524
-441.646
-441.768
-441.89
-442.013
-442.135
-442.257
-442.379
-442.501
-442.623
-442.745
-442.867
-442.989
-443.111
-443.233
-443.355
-443.477
-443.599
-443.721
-443.843
-443.964
-444.086
-444.208
-444.329
-444.451
-444.573
-444.694
-444.816
-444.937
-445.059
-445.18
-445.302
-445.423
-445.544
-445.666
-445.787
-445.908
-446.03
-446.151
-446.272
-446.393
-446.514
-446.635
-446.757
-446.878
-446.999
-447.12
-447.241
-447.361
-447.482
-447.603
-447.724
-447.845
-447.966
-448.086
-448.207
-448.328
-448.449
-448.569
-448.69
-448.81
-448.931
-449.051
-449.172
-449.292
-449.413
-449.533
-449.653
-449.774
-449.894
-450.014
-450.135
-450.255
-450.375
-450.495
-450.615
-450.735
-450.856
-450.976
-451.096
-451.216
-451.335
-451.455
-451.575
-451.695
-451.815
-451.935
-452.055
-452.174
-452.294
-452.414
-452.533
-452.653
-452.773
-452.892
-453.012
-453.131
-453.251
-453.37
-453.49
-453.609
-453.728
-453.848
-453.967
-454.086
-454.205
-454.325
-454.444
-454.563
-454.682
-454.801
-454.92
-455.039
-455.158
-455.277
-455.396
-455.515
-455.634
-455.753
-455.872
-455.99
-456.109
-456.228
-456.347
-456.465
-456.584
-456.703
-456.821
-456.94
-457.058
-457.177
-457.295
-457.414
-457.532
-457.65
-457.769
-457.887
-458.005
-458.124
-458.242
-458.36
-458.478
-458.596
-458.715
-458.833
-458.951
-459.069
-459.187
-459.305
-459.423
-459.541
-459.658
-459.776
-459.894
-460.012
-460.13
-460.247
-460.365
-460.483
-460.6
-460.718
-460.836
-460.953
-461.071
-461.188
-461.306
-461.423
-461.54
-461.658
-461.775
-461.892
-462.01
-462.127
-462.244
-462.361
-462.479
-462.596
-462.713
-462.83
-462.947
-463.064
-463.181
-463.298
-463.415
-463.532
-463.649
-463.766
-463.882
-463.999
-464.116
-464.233
-464.349
-464.466
-464.583
-464.699
-464.816
-464.932
-465.049
-465.165
-465.282
-465.398
-465.515
-465.631
-465.747
-465.864
-465.98
-466.096
-466.212
-466.329
-466.445
-466.561
-466.677
-466.793
-466.909
-467.025
-467.141
-467.257
-467.373
-467.489
-467.605
-467.721
-467.836
-467.952
-468.068
-468.184
-468.299
-468.415
-468.531
-468.646
-468.762
-468.877
-468.993
-469.108
-469.224
-469.339
-469.454
-469.57
-469.685
-469.8
-469.916
-470.031
-470.146
-470.261
-470.377
-470.492
-470.607
-470.722
-470.837
-470.952
-471.067
-471.182
-471.297
-471.412
-471.526
-471.641
-471.756
-471.871
-471.986
-472.1
-472.215
-472.33
-472.444
-472.559
-472.673
-472.788
-472.902
-473.017
-473.131
-473.246
-473.36
-473.475
-473.589
-473.703
-473.817
-473.932
-474.046
-474.16
-474.274
-474.388
-474.502
-474.616
-474.73
-474.844
-474.958
-475.072
-475.186
-475.3
-475.414
-475.528
-475.642
-475.755
-475.869
-475.983
-476.097
-476.21
-476.324
-476.437
-476.551
-476.664
-476.778
-476.891
-477.005
-477.118
-477.232
-477.345
-477.458
-477.572
-477.685
-477.798
-477.911
-478.024
-478.138
-478.251
-478.364
-478.477
-478.59
-478.703
-478.816
-478.929
-479.042
-479.155
-479.267
-479.38
-479.493
-479.606
-479.718
-479.831
-479.944
-480.056
-480.169
-480.282
-480.394
-480.507
-480.619
-480.732
-480.844
-480.956
-481.069
-481.181
-481.294
-481.406
-481.518
-481.63
-481.742
-481.855
-481.967
-482.079
-482.191
-482.303
-482.415
-482.527
-482.639
-482.751
-482.863
-482.975
-483.086
-483.198
-483.31
-483.422
-483.534
-483.645
-483.757
-483.869
-483.98
-484.092
-484.203
-484.315
-484.426
-484.538
-484.649
-484.761
-484.872
-484.983
-485.095
-485.206
-485.317
-485.428
-485.539
-485.651
-485.762
-485.873
-485.984
-486.095
-486.206
-486.317
-486.428
-486.539
-486.65
-486.761
-486.871
-486.982
-487.093
-487.204
-487.314
-487.425
-487.536
-487.646
-487.757
-487.868
-487.978
-488.089
-488.199
-488.31
-488.42
-488.53
-488.641
-488.751
-488.861
-488.972
-489.082
-489.192
-489.302
-489.412
-489.523
-489.633
-489.743
-489.853
-489.963
-490.073
-490.183
-490.293
-490.402
-490.512
-490.622
-490.732
-490.842
-490.951
-491.061
-491.171
-491.28
-491.39
-491.5
-491.609
-491.719
-491.828
-491.938
-492.047
-492.157
-492.266
-492.375
-492.485
-492.594
-492.703
-492.812
-492.922
-493.031
-493.14
-493.249
-493.358
-493.467
-493.576
-493.685
-493.794
-493.903
-494.012
-494.121
-494.23
-494.339
-494.447
-494.556
-494.665
-494.774
-494.882
-494.991
-495.099
-495.208
-495.317
-495.425
-495.534
-495.642
-495.751
-495.859
-495.967
-496.076
-496.184
-496.292
-496.401
-496.509
-496.617
-496.725
-496.833
-496.941
-497.049
-497.158
-497.266
-497.374
-497.481
-497.589
-497.697
-497.805
-497.913
-498.021
-498.129
-498.236
-498.344
-498.452
-498.559
-498.667
-498.775
-498.882
-498.99
-499.097
-499.205
-499.312
-499.42
-499.527
-499.635
-499.742
-499.849
-499.956
-500.064
-500.171
-500.278
-500.385
-500.492
-500.6
-500.707
-500.814
-500.921
-501.028
-501.135
-501.242
-501.348
-501.455
-501.562
-501.669
-501.776
-501.882
-501.989
-502.096
-502.203
-502.309
-502.416
-502.522
-502.629
-502.735
-502.842
-502.948
-503.055
-503.161
-503.267
-503.374
-503.48
-503.586
-503.693
-503.799
-503.905
-504.011
-504.117
-504.223
-504.329
-504.436
-504.542
-504.648
-504.753
-504.859
-504.965
-505.071
-505.177
-505.283
-505.389
-505.494
-505.6
-505.706
-505.811
-505.917
-506.023
-506.128
-506.234
-506.339
-506.445
-506.55
-506.655
-506.761
-506.866
-506.972
-507.077
-507.182
-507.287
-507.393
-507.498
-507.603
-507.708
-507.813
-507.918
-508.023
-508.128
-508.233
-508.338
-508.443
-508.548
-508.653
-508.758
-508.862
-508.967
-509.072
-509.177
-509.281
-509.386
-509.491
-509.595
-509.7
-509.804
-509.909
-510.013
-510.118
-510.222
-510.326
-510.431
-510.535
-510.639
-510.744
-510.848
-510.952
-511.056
-511.16
-511.265
-511.369
-511.473
-511.577
-511.681
-511.785
-511.889
-511.993
-512.096
-512.2
-512.304
-512.408
-512.512
-512.615
-512.719
-512.823
-512.926
-513.03
-513.134
-513.237
-513.341
-513.444
-513.548
-513.651
-513.754
-513.858
-513.961
-514.064
-514.168
-514.271
-514.374
-514.477
-514.581
-514.684
-514.787
-514.89
-514.993
-515.096
-515.199
-515.302
-515.405
-515.508
-515.611
-515.713
-515.816
-515.919
-516.022
-516.125
-516.227
-516.33
-516.433
-516.535
-516.638
-516.74
-516.843
-516.945
-517.048
-517.15
-517.253
-517.355
-517.457
-517.56
-517.662
-517.764
-517.866
-517.969
-518.071
-518.173
-518.275
-518.377
-518.479
-518.581
-518.683
-518.785
-518.887
-518.989
-519.091
-519.193
-519.294
-519.396
-519.498
-519.6
-519.701
-519.803
-519.905
-520.006
-520.108
-520.209
-520.311
-520.412
-520.514
-520.615
-520.717
-520.818
-520.919
-521.021
-521.122
-521.223
-521.324
-521.425
-521.527
-521.628
-521.729
-521.83
-521.931
-522.032
-522.133
-522.234
-522.335
-522.436
-522.537
-522.637
-522.738
-522.839
-522.94
-523.04
-523.141
-523.242
-523.342
-523.443
-523.543
-523.644
-523.745
-523.845
-523.945
-524.046
-524.146
-524.247
-524.347
-524.447
-524.548
-524.648
-524.748
-524.848
-524.948
-525.048
-525.148
-525.249
-525.349
-525.449
-525.549
-525.649
-525.748
-525.848
-525.948
-526.048
-526.148
-526.248
-526.347
-526.447
-526.547
-526.646
-526.746
-526.846
-526.945
-527.045
-527.144
-527.244
-527.343
-527.442
-527.542
-527.641
-527.74
-527.84
-527.939
-528.038
-528.137
-528.237
-528.336
-528.435
-528.534
-528.633
-528.732
-528.831
-528.93
-529.029
-529.128
-529.227
-529.326
-529.424
-529.523
-529.622
-529.721
-529.819
-529.918
-530.017
-530.115
-530.214
-530.312
-530.411
-530.509
-530.608
-530.706
-530.805
-530.903
-531.001
-531.1
-531.198
-531.296
-531.395
-531.493
-531.591
-531.689
-531.787
-531.885
-531.983
-532.081
-532.179
-532.277
-532.375
-532.473
-532.571
-532.669
-532.767
-532.864
-532.962
-533.06
-533.158
-533.255
-533.353
-533.451
-533.548
-533.646
-533.743
-533.841
-533.938
-534.036
-534.133
-534.23
-534.328
-534.425
-534.522
-534.619
-534.717
-534.814
-534.911
-535.008
-535.105
-535.202
-535.299
-535.396
-535.493
-535.59
-535.687
-535.784
-535.881
-535.978
-536.075
-536.171
-536.268
-536.365
-536.462
-536.558
-536.655
-536.752
-536.848
-536.945
-537.041
-537.138
-537.234
-537.331
-537.427
-537.523
-537.62
-537.716
-537.812
-537.908
-538.005
-538.101
-538.197
-538.293
-538.389
-538.485
-538.581
-538.677
-538.773
-538.869
-538.965
-539.061
-539.157
-539.253
-539.349
-539.444
-539.54
-539.636
-539.731
-539.827
-539.923
-540.018
-540.114
-540.209
-540.305
-540.4
-540.496
-540.591
-540.687
-540.782
-540.877
-540.973
-541.068
-541.163
-541.258
-541.354
-541.449
-541.544
-541.639
-541.734
-541.829
-541.924
-542.019
-542.114
-542.209
-542.304
-542.399
-542.493
-542.588
-542.683
-542.778
-542.872
-542.967
-543.062
-543.156
-543.251
-543.346
-543.44
-543.535
-543.629
-543.723
-543.818
-543.912
-544.007
-544.101
-544.195
-544.29
-544.384
-544.478
-544.572
-544.666
-544.76
-544.854
-544.949
-545.043
-545.137
-545.231
-545.324
-545.418
-545.512
-545.606
-545.7
-545.794
-545.887
-545.981
-546.075
-546.169
-546.262
-546.356
-546.449
-546.543
-546.636
-546.73
-546.823
-546.917
-547.01
-547.104
-547.197
-547.29
-547.384
-547.477
-547.57
-547.663
-547.756
-547.85
-547.943
-548.036
-548.129
-548.222
-548.315
-548.408
-548.501
-548.594
-548.687
-548.779
-548.872
-548.965
-549.058
-549.15
-549.243
-549.336
-549.428
-549.521
-549.614
-549.706
-549.799
-549.891
-549.984
-550.076
-550.169
-550.261
-550.353
-550.446
-550.538
-550.63
-550.722
-550.814
-550.907
-550.999
-551.091
-551.183
-551.275
-551.367
-551.459
-551.551
-551.643
-551.735
-551.827
-551.919
-552.01
-552.102
-552.194
-552.286
-552.377
-552.469
-552.561
-552.652
-552.744
-552.835
-552.927
-553.018
-553.11
-553.201
-553.293
-553.384
-553.475
-553.567
-553.658
-553.749
-553.84
-553.931
-554.023
-554.114
-554.205
-554.296
-554.387
-554.478
-554.569
-554.66
-554.751
-554.842
-554.933
-555.023
-555.114
-555.205
-555.296
-555.386
-555.477
-555.568
-555.658
-555.749
-555.84
-555.93
-556.021
-556.111
-556.202
-556.292
-556.382
-556.473
-556.563
-556.653
-556.744
-556.834
-556.924
-557.014
-557.104
-557.195
-557.285
-557.375
-557.465
-557.555
-557.645
-557.735
-557.825
-557.915
-558.004
-558.094
-558.184
-558.274
-558.364
-558.453
-558.543
-558.633
-558.722
-558.812
-558.901
-558.991
-559.08
-559.17
-559.259
-559.349
-559.438
-559.527
-559.617
-559.706
-559.795
-559.885
-559.974
-560.063
-560.152
-560.241
-560.33
-560.419
-560.508
-560.597
-560.686
-560.775
-560.864
-560.953
-561.042
-561.131
-561.22
-561.308
-561.397
-561.486
-561.574
-561.663
-561.752
-561.84
-561.929
-562.017
-562.106
-562.194
-562.283
-562.371
-562.46
-562.548
-562.636
-562.725
-562.813
-562.901
-562.989
-563.077
-563.166
-563.254
-563.342
-563.43
-563.518
-563.606
-563.694
-563.782
-563.87
-563.958
-564.045
-564.133
-564.221
-564.309
-564.396
-564.484
-564.572
-564.659
-564.747
-564.835
-564.922
-565.01
-565.097
-565.185
-565.272
-565.36
-565.447
-565.534
-565.622
-565.709
-565.796
-565.883
-565.971
-566.058
-566.145
-566.232
-566.319
-566.406
-566.493
-566.58
-566.667
-566.754
-566.841
-566.928
-567.015
-567.101
-567.188
-567.275
-567.362
-567.448
-567.535
-567.622
-567.708
-567.795
-567.881
-567.968
-568.054
-568.141
-568.227
-568.314
-568.4
-568.486
-568.573
-568.659
-568.745
-568.831
-568.918
-569.004
-569.09
-569.176
-569.262
-569.348
-569.434
-569.52
-569.606
-569.692
-569.778
-569.864
-569.95
-570.035
-570.121
-570.207
-570.293
-570.378
-570.464
-570.55
-570.635
-570.721
-570.806
-570.892
-570.977
-571.063
-571.148
-571.234
-571.319
-571.404
-571.49
-571.575
-571.66
-571.745
-571.831
-571.916
-572.001
-572.086
-572.171
-572.256
-572.341
-572.426
-572.511
-572.596
-572.681
-572.766
-572.851
-572.935
-573.02
-573.105
-573.19
-573.274
-573.359
-573.444
-573.528
-573.613
-573.697
-573.782
-573.866
-573.951
-574.035
-574.12
-574.204
-574.288
-574.373
-574.457
-574.541
-574.625
-574.709
-574.794
-574.878
-574.962
-575.046
-575.13
-575.214
-575.298
-575.382
-575.466
-575.55
-575.634
-575.717
-575.801
-575.885
-575.969
-576.052
-576.136
-576.22
-576.303
-576.387
-576.47
-576.554
-576.637
-576.721
-576.804
-576.888
-576.971
-577.055
-577.138
-577.221
-577.304
-577.388
-577.471
-577.554
-577.637
-577.72
-577.803
-577.886
-577.97
-578.053
-578.136
-578.218
-578.301
-578.384
-578.467
-578.55
-578.633
-578.715
-578.798
-578.881
-578.964
-579.046
-579.129
-579.211
-579.294
-579.377
-579.459
-579.541
-579.624
-579.706
-579.789
-579.871
-579.953
-580.036
-580.118
-580.2
-580.282
-580.365
-580.447
-580.529
-580.611
-580.693
-580.775
-580.857
-580.939
-581.021
-581.103
-581.185
-581.267
-581.348
-581.43
-581.512
-581.594
-581.675
-581.757
-581.839
-581.92
-582.002
-582.083
-582.165
-582.246
-582.328
-582.409
-582.491
-582.572
-582.653
-582.735
-582.816
-582.897
-582.979
-583.06
-583.141
-583.222
-583.303
-583.384
-583.465
-583.546
-583.627
-583.708
-583.789
-583.87
-583.951
-584.032
-584.113
-584.193
-584.274
-584.355
-584.436
-584.516
-584.597
-584.677
-584.758
-584.839
-584.919
-585
-585.08
-585.161
-585.241
-585.321
-585.402
-585.482
-585.562
-585.642
-585.723
-585.803
-585.883
-585.963
-586.043
-586.123
-586.203
-586.283
-586.363
-586.443
-586.523
-586.603
-586.683
-586.763
-586.843
-586.923
-587.002
-587.082
-587.162
-587.241
-587.321
-587.401
-587.48
-587.56
-587.639
-587.719
-587.798
-587.878
-587.957
-588.036
-588.116
-588.195
-588.274
-588.353
-588.433
-588.512
-588.591
-588.67
-588.749
-588.828
-588.907
-588.986
-589.065
-589.144
-589.223
-589.302
-589.381
-589.46
-589.539
-589.617
-589.696
-589.775
-589.854
-589.932
-590.011
-590.089
-590.168
-590.247
-590.325
-590.404
-590.482
-590.56
-590.639
-590.717
-590.796
-590.874
-590.952
-591.03
-591.109
-591.187
-591.265
-591.343
-591.421
-591.499
-591.577
-591.655
-591.733
-591.811
-591.889
-591.967
-592.045
-592.123
-592.201
-592.278
-592.356
-592.434
-592.511
-592.589
-592.667
-592.744
-592.822
-592.899
-592.977
-593.054
-593.132
-593.209
-593.287
-593.364
-593.441
-593.519
-593.596
-593.673
-593.75
-593.828
-593.905
-593.982
-594.059
-594.136
-594.213
-594.29
-594.367
-594.444
-594.521
-594.598
-594.675
-594.751
-594.828
-594.905
-594.982
-595.058
-595.135
-595.212
-595.288
-595.365
-595.442
-595.518
-595.595
-595.671
-595.747
-595.824
-595.9
-595.977
-596.053
-596.129
-596.205
-596.282
-596.358
-596.434
-596.51
-596.586
-596.662
-596.739
-596.815
-596.891
-596.967
-597.042
-597.118
-597.194
-597.27
-597.346
-597.422
-597.497
-597.573
-597.649
-597.725
-597.8
-597.876
-597.951
-598.027
-598.103
-598.178
-598.254
-598.329
-598.404
-598.48
-598.555
-598.63
-598.706
-598.781
-598.856
-598.931
-599.007
-599.082
-599.157
-599.232
-599.307
-599.382
-599.457
-599.532
-599.607
-599.682
-599.757
-599.832
-599.906
-599.981
-600.056
-600.131
-600.205
-600.28
-600.355
-600.429
-600.504
-600.578
-600.653
-600.727
-600.802
-600.876
-600.951
-601.025
-601.099
-601.174
-601.248
-601.322
-601.397
-601.471
-601.545
-601.619
-601.693
-601.767
-601.841
-601.915
-601.989
-602.063
-602.137
-602.211
-602.285
-602.359
-602.433
-602.506
-602.58
-602.654
-602.728
-602.801
-602.875
-602.948
-603.022
-603.096
-603.169
-603.243
-603.316
-603.39
-603.463
-603.536
-603.61
-603.683
-603.756
-603.829
-603.903
-603.976
-604.049
-604.122
-604.195
-604.268
-604.341
-604.414
-604.487
-604.56
-604.633
-604.706
-604.779
-604.852
-604.925
-604.998
-605.07
-605.143
-605.216
-605.288
-605.361
-605.434
-605.506
-605.579
-605.651
-605.724
-605.796
-605.869
-605.941
-606.013
-606.086
-606.158
-606.23
-606.303
-606.375
-606.447
-606.519
-606.591
-606.663
-606.735
-606.807
-606.88
-606.951
-607.023
-607.095
-607.167
-607.239
-607.311
-607.383
-607.455
-607.526
-607.598
-607.67
-607.741
-607.813
-607.885
-607.956
-608.028
-608.099
-608.171
-608.242
-608.314
-608.385
-608.456
-608.528
-608.599
-608.67
-608.742
-608.813
-608.884
-608.955
-609.026
-609.097
-609.168
-609.239
-609.31
-609.381
-609.452
-609.523
-609.594
-609.665
-609.736
-609.807
-609.877
-609.948
-610.019
-610.09
-610.16
-610.231
-610.301
-610.372
-610.443
-610.513
-610.584
-610.654
-610.724
-610.795
-610.865
-610.936
-611.006
-611.076
-611.146
-611.217
-611.287
-611.357
-611.427
-611.497
-611.567
-611.637
-611.707
-611.777
-611.847
-611.917
-611.987
-612.057
-612.127
-612.196
-612.266
-612.336
-612.406
-612.475
-612.545
-612.615
-612.684
-612.754
-612.823
-612.893
-612.962
-613.032
-613.101
-613.171
-613.24
-613.309
-613.379
-613.448
-613.517
-613.586
-613.655
-613.725
-613.794
-613.863
-613.932
-614.001
-614.07
-614.139
-614.208
-614.277
-614.346
-614.415
-614.483
-614.552
-614.621
-614.69
-614.758
-614.827
-614.896
-614.964
-615.033
-615.101
-615.17
-615.238
-615.307
-615.375
-615.444
-615.512
-615.581
-615.649
-615.717
-615.785
-615.854
-615.922
-615.99
-616.058
-616.126
-616.194
-616.262
-616.331
-616.399
-616.466
-616.534
-616.602
-616.67
-616.738
-616.806
-616.874
-616.941
-617.009
-617.077
-617.145
-617.212
-617.28
-617.347
-617.415
-617.483
-617.55
-617.617
-617.685
-617.752
-617.82
-617.887
-617.954
-618.022
-618.089
-618.156
-618.223
-618.291
-618.358
-618.425
-618.492
-618.559
-618.626
-618.693
-618.76
-618.827
-618.894
-618.961
-619.028
-619.094
-619.161
-619.228
-619.295
-619.361
-619.428
-619.495
-619.561
-619.628
-619.694
-619.761
-619.827
-619.894
-619.96
-620.027
-620.093
-620.159
-620.226
-620.292
-620.358
-620.425
-620.491
-620.557
-620.623
-620.689
-620.755
-620.821
-620.887
-620.953
-621.019
-621.085
-621.151
-621.217
-621.283
-621.349
-621.414
-621.48
-621.546
-621.612
-621.677
-621.743
-621.809
-621.874
-621.94
-622.005
-622.071
-622.136
-622.202
-622.267
-622.332
-622.398
-622.463
-622.528
-622.594
-622.659
-622.724
-622.789
-622.854
-622.919
-622.985
-623.05
-623.115
-623.18
-623.245
-623.31
-623.374
-623.439
-623.504
-623.569
-623.634
-623.698
-623.763
-623.828
-623.893
-623.957
-624.022
-624.086
-624.151
-624.215
-624.28
-624.344
-624.409
-624.473
-624.538
-624.602
-624.666
-624.731
-624.795
-624.859
-624.923
-624.987
-625.052
-625.116
-625.18
-625.244
-625.308
-625.372
-625.436
-625.5
-625.564
-625.627
-625.691
-625.755
-625.819
-625.883
-625.946
-626.01
-626.074
-626.137
-626.201
-626.265
-626.328
-626.392
-626.455
-626.519
-626.582
-626.645
-626.709
-626.772
-626.835
-626.899
-626.962
-627.025
-627.088
-627.152
-627.215
-627.278
-627.341
-627.404
-627.467
-627.53
-627.593
-627.656
-627.719
-627.782
-627.844
-627.907
-627.97
-628.033
-628.095
-628.158
-628.221
-628.283
-628.346
-628.409
-628.471
-628.534
-628.596
-628.659
-628.721
-628.783
-628.846
-628.908
-628.97
-629.033
-629.095
-629.157
-629.219
-629.282
-629.344
-629.406
-629.468
-629.53
-629.592
-629.654
-629.716
-629.778
-629.84
-629.902
-629.963
-630.025
-630.087
-630.149
-630.21
-630.272
-630.334
-630.395
-630.457
-630.519
-630.58
-630.642
-630.703
-630.765
-630.826
-630.887
-630.949
-631.01
-631.071
-631.133
-631.194
-631.255
-631.316
-631.377
-631.439
-631.5
-631.561
-631.622
-631.683
-631.744
-631.805
-631.866
-631.927
-631.987
-632.048
-632.109
-632.17
-632.231
-632.291
-632.352
-632.413
-632.473
-632.534
-632.594
-632.655
-632.716
-632.776
-632.836
-632.897
-632.957
-633.018
-633.078
-633.138
-633.199
-633.259
-633.319
-633.379
-633.439
-633.499
-633.56
-633.62
-633.68
-633.74
-633.8
-633.86
-633.92
-633.979
-634.039
-634.099
-634.159
-634.219
-634.278
-634.338
-634.398
-634.458
-634.517
-634.577
-634.636
-634.696
-634.755
-634.815
-634.874
-634.934
-634.993
-635.052
-635.112
-635.171
-635.23
-635.29
-635.349
-635.408
-635.467
-635.526
-635.585
-635.644
-635.703
-635.762
-635.821
-635.88
-635.939
-635.998
-636.057
-636.116
-636.175
-636.233
-636.292
-636.351
-636.41
-636.468
-636.527
-636.585
-636.644
-636.703
-636.761
-636.82
-636.878
-636.936
-636.995
-637.053
-637.112
-637.17
-637.228
-637.286
-637.345
-637.403
-637.461
-637.519
-637.577
-637.635
-637.693
-637.751
-637.809
-637.867
-637.925
-637.983
-638.041
-638.099
-638.156
-638.214
-638.272
-638.33
-638.387
-638.445
-638.503
-638.56
-638.618
-638.675
-638.733
-638.79
-638.848
-638.905
-638.962
-639.02
-639.077
-639.134
-639.192
-639.249
-639.306
-639.363
-639.421
-639.478
-639.535
-639.592
-639.649
-639.706
-639.763
-639.82
-639.877
-639.934
-639.99
-640.047
-640.104
-640.161
-640.218
-640.274
-640.331
-640.388
-640.444
-640.501
-640.557
-640.614
-640.67
-640.727
-640.783
-640.84
-640.896
-640.952
-641.009
-641.065
-641.121
-641.178
-641.234
-641.29
-641.346
-641.402
-641.458
-641.514
-641.57
-641.626
-641.682
-641.738
-641.794
-641.85
-641.906
-641.962
-642.018
-642.073
-642.129
-642.185
-642.241
-642.296
-642.352
-642.407
-642.463
-642.518
-642.574
-642.629
-642.685
-642.74
-642.796
-642.851
-642.906
-642.962
-643.017
-643.072
-643.127
-643.183
-643.238
-643.293
-643.348
-643.403
-643.458
-643.513
-643.568
-643.623
-643.678
-643.733
-643.788
-643.842
-643.897
-643.952
-644.007
-644.061
-644.116
-644.171
-644.225
-644.28
-644.334
-644.389
-644.443
-644.498
-644.552
-644.607
-644.661
-644.716
-644.77
-644.824
-644.878
-644.933
-644.987
-645.041
-645.095
-645.149
-645.203
-645.257
-645.311
-645.365
-645.419
-645.473
-645.527
-645.581
-645.635
-645.689
-645.743
-645.796
-645.85
-645.904
-645.958
-646.011
-646.065
-646.118
-646.172
-646.225
-646.279
-646.332
-646.386
-646.439
-646.493
-646.546
-646.599
-646.653
-646.706
-646.759
-646.812
-646.866
-646.919
-646.972
-647.025
-647.078
-647.131
-647.184
-647.237
-647.29
-647.343
-647.396
-647.449
-647.501
-647.554
-647.607
-647.66
-647.712
-647.765
-647.818
-647.87
-647.923
-647.975
-648.028
-648.08
-648.133
-648.185
-648.238
-648.29
-648.342
-648.395
-648.447
-648.499
-648.552
-648.604
-648.656
-648.708
-648.76
-648.812
-648.864
-648.916
-648.968
-649.02
-649.072
-649.124
-649.176
-649.228
-649.28
-649.332
-649.383
-649.435
-649.487
-649.538
-649.59
-649.642
-649.693
-649.745
-649.796
-649.848
-649.899
-649.951
-650.002
-650.054
-650.105
-650.156
-650.207
-650.259
-650.31
-650.361
-650.412
-650.464
-650.515
-650.566
-650.617
-650.668
-650.719
-650.77
-650.821
-650.872
-650.922
-650.973
-651.024
-651.075
-651.126
-651.176
-651.227
-651.278
-651.328
-651.379
-651.43
-651.48
-651.531
-651.581
-651.632
-651.682
-651.733
-651.783
-651.833
-651.884
-651.934
-651.984
-652.034
-652.085
-652.135
-652.185
-652.235
-652.285
-652.335
-652.385
-652.435
-652.485
-652.535
-652.585
-652.635
-652.685
-652.735
-652.784
-652.834
-652.884
-652.934
-652.983
-653.033
-653.082
-653.132
-653.182
-653.231
-653.281
-653.33
-653.379
-653.429
-653.478
-653.528
-653.577
-653.626
-653.676
-653.725
-653.774
-653.823
-653.872
-653.921
-653.97
-654.02
-654.069
-654.118
-654.166
-654.215
-654.264
-654.313
-654.362
-654.411
-654.46
-654.508
-654.557
-654.606
-654.655
-654.703
-654.752
-654.8
-654.849
-654.897
-654.946
-654.994
-655.043
-655.091
-655.14
-655.188
-655.236
-655.285
-655.333
-655.381
-655.429
-655.477
-655.526
-655.574
-655.622
-655.67
-655.718
-655.766
-655.814
-655.862
-655.91
-655.958
-656.005
-656.053
-656.101
-656.149
-656.197
-656.244
-656.292
-656.34
-656.387
-656.435
-656.482
-656.53
-656.577
-656.625
-656.672
-656.72
-656.767
-656.814
-656.862
-656.909
-656.956
-657.003
-657.051
-657.098
-657.145
-657.192
-657.239
-657.286
-657.333
-657.38
-657.427
-657.474
-657.521
-657.568
-657.615
-657.662
-657.708
-657.755
-657.802
-657.849
-657.895
-657.942
-657.988
-658.035
-658.082
-658.128
-658.175
-658.221
-658.268
-658.314
-658.36
-658.407
-658.453
-658.499
-658.546
-658.592
-658.638
-658.684
-658.73
-658.776
-658.822
-658.869
-658.915
-658.961
-659.007
-659.052
-659.098
-659.144
-659.19
-659.236
-659.282
-659.327
-659.373
-659.419
-659.465
-659.51
-659.556
-659.601
-659.647
-659.692
-659.738
-659.783
-659.829
-659.874
-659.92
-659.965
-660.01
-660.056
-660.101
-660.146
-660.191
-660.237
-660.282
-660.327
-660.372
-660.417
-660.462
-660.507
-660.552
-660.597
-660.642
-660.687
-660.731
-660.776
-660.821
-660.866
-660.911
-660.955
-661
-661.045
-661.089
-661.134
-661.178
-661.223
-661.267
-661.312
-661.356
-661.401
-661.445
-661.489
-661.534
-661.578
-661.622
-661.666
-661.711
-661.755
-661.799
-661.843
-661.887
-661.931
-661.975
-662.019
-662.063
-662.107
-662.151
-662.195
-662.239
-662.283
-662.326
-662.37
-662.414
-662.458
-662.501
-662.545
-662.589
-662.632
-662.676
-662.719
-662.763
-662.806
-662.85
-662.893
-662.936
-662.98
-663.023
-663.066
-663.11
-663.153
-663.196
-663.239
-663.282
-663.326
-663.369
-663.412
-663.455
-663.498
-663.541
-663.584
-663.626
-663.669
-663.712
-663.755
-663.798
-663.841
-663.883
-663.926
-663.969
-664.011
-664.054
-664.097
-664.139
-664.182
-664.224
-664.267
-664.309
-664.351
-664.394
-664.436
-664.478
-664.521
-664.563
-664.605
-664.647
-664.69
-664.732
-664.774
-664.816
-664.858
-664.9
-664.942
-664.984
-665.026
-665.068
-665.11
-665.152
-665.193
-665.235
-665.277
-665.319
-665.36
-665.402
-665.444
-665.485
-665.527
-665.569
-665.61
-665.652
-665.693
-665.734
-665.776
-665.817
-665.859
-665.9
-665.941
-665.982
-666.024
-666.065
-666.106
-666.147
-666.188
-666.229
-666.271
-666.312
-666.353
-666.394
-666.434
-666.475
-666.516
-666.557
-666.598
-666.639
-666.679
-666.72
-666.761
-666.802
-666.842
-666.883
-666.923
-666.964
-667.005
-667.045
-667.085
-667.126
-667.166
-667.207
-667.247
-667.287
-667.328
-667.368
-667.408
-667.448
-667.489
-667.529
-667.569
-667.609
-667.649
-667.689
-667.729
-667.769
-667.809
-667.849
-667.889
-667.929
-667.968
-668.008
-668.048
-668.088
-668.127
-668.167
-668.207
-668.246
-668.286
-668.326
-668.365
-668.405
-668.444
-668.483
-668.523
-668.562
-668.602
-668.641
-668.68
-668.719
-668.759
-668.798
-668.837
-668.876
-668.915
-668.954
-668.994
-669.033
-669.072
-669.111
-669.149
-669.188
-669.227
-669.266
-669.305
-669.344
-669.383
-669.421
-669.46
-669.499
-669.537
-669.576
-669.615
-669.653
-669.692
-669.73
-669.769
-669.807
-669.845
-669.884
-669.922
-669.96
-669.999
-670.037
-670.075
-670.114
-670.152
-670.19
-670.228
-670.266
-670.304
-670.342
-670.38
-670.418
-670.456
-670.494
-670.532
-670.57
-670.608
-670.645
-670.683
-670.721
-670.759
-670.796
-670.834
-670.872
-670.909
-670.947
-670.984
-671.022
-671.059
-671.097
-671.134
-671.171
-671.209
-671.246
-671.283
-671.321
-671.358
-671.395
-671.432
-671.469
-671.507
-671.544
-671.581
-671.618
-671.655
-671.692
-671.729
-671.766
-671.803
-671.839
-671.876
-671.913
-671.95
-671.987
-672.023
-672.06
-672.097
-672.133
-672.17
-672.206
-672.243
-672.279
-672.316
-672.352
-672.389
-672.425
-672.461
-672.498
-672.534
-672.57
-672.607
-672.643
-672.679
-672.715
-672.751
-672.787
-672.823
-672.86
-672.896
-672.931
-672.967
-673.003
-673.039
-673.075
-673.111
-673.147
-673.183
-673.218
-673.254
-673.29
-673.325
-673.361
-673.397
-673.432
-673.468
-673.503
-673.539
-673.574
-673.609
-673.645
-673.68
-673.716
-673.751
-673.786
-673.821
-673.857
-673.892
-673.927
-673.962
-673.997
-674.032
-674.067
-674.102
-674.137
-674.172
-674.207
-674.242
-674.277
-674.312
-674.347
-674.381
-674.416
-674.451
-674.485
-674.52
-674.555
-674.589
-674.624
-674.658
-674.693
-674.727
-674.762
-674.796
-674.831
-674.865
-674.899
-674.934
-674.968
-675.002
-675.036
-675.071
-675.105
-675.139
-675.173
-675.207
-675.241
-675.275
-675.309
-675.343
-675.377
-675.411
-675.445
-675.479
-675.512
-675.546
-675.58
-675.614
-675.647
-675.681
-675.715
-675.748
-675.782
-675.815
-675.849
-675.882
-675.916
-675.949
-675.983
-676.016
-676.049
-676.083
-676.116
-676.149
-676.182
-676.216
-676.249
-676.282
-676.315
-676.348
-676.381
-676.414
-676.447
-676.48
-676.513
-676.546
-676.579
-676.612
-676.644
-676.677
-676.71
-676.743
-676.775
-676.808
-676.841
-676.873
-676.906
-676.938
-676.971
-677.003
-677.036
-677.068
-677.101
-677.133
-677.165
-677.198
-677.23
-677.262
-677.294
-677.327
-677.359
-677.391
-677.423
-677.455
-677.487
-677.519
-677.551
-677.583
-677.615
-677.647
-677.679
-677.711
-677.742
-677.774
-677.806
-677.838
-677.869
-677.901
-677.933
-677.964
-677.996
-678.027
-678.059
-678.09
-678.122
-678.153
-678.185
-678.216
-678.247
-678.279
-678.31
-678.341
-678.373
-678.404
-678.435
-678.466
-678.497
-678.528
-678.559
-678.59
-678.621
-678.652
-678.683
-678.714
-678.745
-678.776
-678.807
-678.837
-678.868
-678.899
-678.93
-678.96
-678.991
-679.022
-679.052
-679.083
-679.113
-679.144
-679.174
-679.205
-679.235
-679.265
-679.296
-679.326
-679.356
-679.387
-679.417
-679.447
-679.477
-679.507
-679.537
-679.567
-679.598
-679.628
-679.658
-679.688
-679.717
-679.747
-679.777
-679.807
-679.837
-679.867
-679.896
-679.926
-679.956
-679.986
-680.015
-680.045
-680.074
-680.104
-680.133
-680.163
-680.192
-680.222
-680.251
-680.281
-680.31
-680.339
-680.369
-680.398
-680.427
-680.456
-680.485
-680.515
-680.544
-680.573
-680.602
-680.631
-680.66
-680.689
-680.718
-680.747
-680.776
-680.804
-680.833
-680.862
-680.891
-680.92
-680.948
-680.977
-681.006
-681.034
-681.063
-681.091
-681.12
-681.148
-681.177
-681.205
-681.234
-681.262
-681.29
-681.319
-681.347
-681.375
-681.404
-681.432
-681.46
-681.488
-681.516
-681.544
-681.572
-681.6
-681.628
-681.656
-681.684
-681.712
-681.74
-681.768
-681.796
-681.824
-681.851
-681.879
-681.907
-681.934
-681.962
-681.99
-682.017
-682.045
-682.072
-682.1
-682.127
-682.155
-682.182
-682.21
-682.237
-682.264
-682.292
-682.319
-682.346
-682.373
-682.401
-682.428
-682.455
-682.482
-682.509
-682.536
-682.563
-682.59
-682.617
-682.644
-682.671
-682.698
-682.724
-682.751
-682.778
-682.805
-682.831
-682.858
-682.885
-682.911
-682.938
-682.965
-682.991
-683.018
-683.044
-683.07
-683.097
-683.123
-683.15
-683.176
-683.202
-683.229
-683.255
-683.281
-683.307
-683.333
-683.359
-683.386
-683.412
-683.438
-683.464
-683.49
-683.516
-683.542
-683.567
-683.593
-683.619
-683.645
-683.671
-683.696
-683.722
-683.748
-683.773
-683.799
-683.825
-683.85
-683.876
-683.901
-683.927
-683.952
-683.978
-684.003
-684.028
-684.054
-684.079
-684.104
-684.13
-684.155
-684.18
-684.205
-684.23
-684.255
-684.28
-684.306
-684.331
-684.355
-684.38
-684.405
-684.43
-684.455
-684.48
-684.505
-684.53
-684.554
-684.579
-684.604
-684.628
-684.653
-684.678
-684.702
-684.727
-684.751
-684.776
-684.8
-684.825
-684.849
-684.873
-684.898
-684.922
-684.946
-684.971
-684.995
-685.019
-685.043
-685.067
-685.091
-685.115
-685.139
-685.163
-685.187
-685.211
-685.235
-685.259
-685.283
-685.307
-685.331
-685.355
-685.378
-685.402
-685.426
-685.449
-685.473
-685.497
-685.52
-685.544
-685.567
-685.591
-685.614
-685.638
-685.661
-685.684
-685.708
-685.731
-685.754
-685.778
-685.801
-685.824
-685.847
-685.87
-685.893
-685.916
-685.94
-685.963
-685.986
-686.008
-686.031
-686.054
-686.077
-686.1
-686.123
-686.146
-686.168
-686.191
-686.214
-686.236
-686.259
-686.282
-686.304
-686.327
-686.349
-686.372
-686.394
-686.417
-686.439
-686.462
-686.484
-686.506
-686.528
-686.551
-686.573
-686.595
-686.617
-686.639
-686.662
-686.684
-686.706
-686.728
-686.75
-686.772
-686.794
-686.816
-686.837
-686.859
-686.881
-686.903
-686.925
-686.946
-686.968
-686.99
-687.011
-687.033
-687.055
-687.076
-687.098
-687.119
-687.141
-687.162
-687.183
-687.205
-687.226
-687.247
-687.269
-687.29
-687.311
-687.332
-687.354
-687.375
-687.396
-687.417
-687.438
-687.459
-687.48
-687.501
-687.522
-687.543
-687.564
-687.585
-687.605
-687.626
-687.647
-687.668
-687.688
-687.709
-687.73
-687.75
-687.771
-687.791
-687.812
-687.832
-687.853
-687.873
-687.894
-687.914
-687.934
-687.955
-687.975
-687.995
-688.016
-688.036
-688.056
-688.076
-688.096
-688.116
-688.136
-688.156
-688.176
-688.196
-688.216
-688.236
-688.256
-688.276
-688.296
-688.316
-688.335
-688.355
-688.375
-688.394
-688.414
-688.434
-688.453
-688.473
-688.492
-688.512
-688.531
-688.551
-688.57
-688.59
-688.609
-688.628
-688.648
-688.667
-688.686
-688.705
-688.724
-688.744
-688.763
-688.782
-688.801
-688.82
-688.839
-688.858
-688.877
-688.896
-688.915
-688.933
-688.952
-688.971
-688.99
-689.009
-689.027
-689.046
-689.065
-689.083
-689.102
-689.12
-689.139
-689.157
-689.176
-689.194
-689.213
-689.231
-689.249
-689.268
-689.286
-689.304
-689.323
-689.341
-689.359
-689.377
-689.395
-689.413
-689.431
-689.449
-689.467
-689.485
-689.503
-689.521
-689.539
-689.557
-689.575
-689.593
-689.61
-689.628
-689.646
-689.663
-689.681
-689.699
-689.716
-689.734
-689.751
-689.769
-689.786
-689.804
-689.821
-689.839
-689.856
-689.873
-689.89
-689.908
-689.925
-689.942
-689.959
-689.977
-689.994
-690.011
-690.028
-690.045
-690.062
-690.079
-690.096
-690.113
-690.129
-690.146
-690.163
-690.18
-690.197
-690.213
-690.23
-690.247
-690.263
-690.28
-690.297
-690.313
-690.33
-690.346
-690.363
-690.379
-690.396
-690.412
-690.428
-690.445
-690.461
-690.477
-690.493
-690.51
-690.526
-690.542
-690.558
-690.574
-690.59
-690.606
-690.622
-690.638
-690.654
-690.67
-690.686
-690.702
-690.717
-690.733
-690.749
-690.765
-690.78
-690.796
-690.812
-690.827
-690.843
-690.859
-690.874
-690.89
-690.905
-690.92
-690.936
-690.951
-690.967
-690.982
-690.997
-691.012
-691.028
-691.043
-691.058
-691.073
-691.088
-691.103
-691.118
-691.133
-691.148
-691.163
-691.178
-691.193
-691.208
-691.223
-691.238
-691.252
-691.267
-691.282
-691.296
-691.311
-691.326
-691.34
-691.355
-691.369
-691.384
-691.398
-691.413
-691.427
-691.442
-691.456
-691.47
-691.485
-691.499
-691.513
-691.527
-691.541
-691.556
-691.57
-691.584
-691.598
-691.612
-691.626
-691.64
-691.654
-691.668
-691.682
-691.695
-691.709
-691.723
-691.737
-691.75
-691.764
-691.778
-691.791
-691.805
-691.819
-691.832
-691.846
-691.859
-691.872
-691.886
-691.899
-691.913
-691.926
-691.939
-691.952
-691.966
-691.979
-691.992
-692.005
-692.018
-692.031
-692.044
-692.057
-692.07
-692.083
-692.096
-692.109
-692.122
-692.135
-692.147
-692.16
-692.173
-692.185
-692.198
-692.211
-692.223
-692.236
-692.248
-692.261
-692.273
-692.286
-692.298
-692.31
-692.323
-692.335
-692.347
-692.359
-692.371
-692.383
-692.396
-692.408
-692.42
-692.431
-692.443
-692.455
-692.467
-692.479
-692.49
-692.502
-692.514
-692.525
-692.537
-692.548
-692.559
-692.57
-692.581
-692.592
-692.603
-692.612
