14.4243
13.9297
13.4349
12.9401
12.4451
11.9501
11.455
10.9598
10.4645
9.96906
9.47357
8.97799
8.48232
7.98655
7.49069
6.99475
6.4987
6.00257
5.50635
5.01003
4.51362
4.01712
3.52053
3.02384
2.52707
2.0302
1.53324
1.03619
0.539046
0.0418112
-0.455516
-0.952934
-1.45045
-1.94805
-2.44574
-2.94353
-3.44141
-3.93938
-4.43744
-4.93559
-5.43384
-5.93217
-6.4306
-6.92912
-7.42774
-7.92644
-8.42524
-8.92412
-9.4231
-9.92218
-10.4213
-10.9206
-11.4199
-11.9194
-12.4189
-12.9185
-13.4182
-13.9181
-14.418
-14.9179
-15.418
-15.9182
-16.4185
-16.9188
-17.4193
-17.9198
-18.4204
-18.9212
-19.422
-19.9229
-20.4239
-20.925
-21.4262
-21.9274
-22.4288
-22.9303
-23.4318
-23.9335
-24.4352
-24.937
-25.4389
-25.941
-26.4431
-26.9453
-27.4475
-27.9499
-28.4524
-28.9549
-29.4576
-29.9603
-30.4632
-30.9661
-31.4691
-31.9722
-32.4754
-32.9787
-33.4821
-33.9856
-34.4892
-34.9928
-35.4966
-36.0004
-36.5044
-37.0084
-37.5125
-38.0167
-38.5211
-39.0254
-39.5299
-40.0345
-40.5392
-41.044
-41.5488
-42.0538
-42.5588
-43.0639
-43.5692
-44.0745
-44.5799
-45.0854
-45.591
-46.0967
-46.6024
-47.1083
-47.6143
-48.1203
-48.6264
-49.1327
-49.639
-50.1454
-50.6519
-51.1585
-51.6652
-52.172
-52.6789
-53.1859
-53.6929
-54.2001
-54.7073
-55.2146
-55.7221
-56.2296
-56.7372
-57.2449
-57.7527
-58.2606
-58.7686
-59.2766
-59.7848
-60.2931
-60.8014
-61.3098
-61.8184
-62.327
-62.8357
-63.3445
-63.8534
-64.3624
-64.8715
-65.3806
-65.8899
-66.3993
-66.9087
-67.4182
-67.9279
-68.4376
-68.9474
-69.4573
-69.9673
-70.4774
-70.9876
-71.4979
-72.0082
-72.5187
-73.0292
-73.5399
-74.0506
-74.5614
-75.0723
-75.5834
-76.0945
-76.6056
-77.1169
-77.6283
-78.1398
-78.6513
-79.163
-79.6747
-80.1866
-80.6985
-81.2105
-81.7226
-82.2348
-82.7471
-83.2595
-83.772
-84.2845
-84.7972
-85.3099
-85.8228
-86.3357
-86.8487
-87.3619
-87.8751
-88.3884
-88.9018
-89.4153
-89.9288
-90.4425
-90.9563
-91.4701
-91.9841
-92.4981
-93.0122
-93.5265
-94.0408
-94.5552
-95.0697
-95.5843
-96.0989
-96.6137
-97.1286
-97.6435
-98.1586
-98.6737
-99.1889
-99.7043
-100.22
-100.735
-101.251
-101.766
-102.282
-102.798
-103.314
-103.83
-104.346
-104.863
-105.379
-105.895
-106.412
-106.928
-107.445
-107.962
-108.479
-108.996
-109.513
-110.03
-110.547
-111.065
-111.582
-112.1
-112.617
-113.135
-113.653
-114.171
-114.689
-115.207
-115.725
-116.243
-116.761
-117.28
-117.798
-118.317
-118.836
-119.355
-119.873
-120.392
-120.912
-121.431
-121.95
-122.469
-122.989
-123.508
-124.028
-124.548
-125.067
-125.587
-126.107
-126.628
-127.148
-127.668
-128.188
-128.709
-129.229
-129.75
-130.271
-130.792
-131.312
-131.834
-132.355
-132.876
-133.397
-133.918
-134.44
-134.962
-135.483
-136.005
-136.527
-137.049
-137.571
-138.093
-138.615
-139.137
-139.66
-140.182
-140.705
-141.227
-141.75
-142.273
-142.796
-143.319
-143.842
-144.365
-144.889
-145.412
-145.936
-146.459
-146.983
-147.507
-148.03
-148.554
-149.078
-149.603
-150.127
-150.651
-151.176
-151.7
-152.225
-152.749
-153.274
-153.799
-154.324
-154.849
-155.374
-155.899
-156.425
-156.95
-157.476
-158.001
-158.527
-159.053
-159.579
-160.104
-160.631
-161.157
-161.683
-162.209
-162.736
-163.262
-163.789
-164.316
-164.842
-165.369
-165.896
-166.423
-166.95
-167.478
-168.005
-168.532
-169.06
-169.588
-170.115
-170.643
-171.171
-171.699
-172.227
-172.755
-173.284
-173.812
-174.34
-174.869
-175.398
-175.926
-176.455
-176.984
-177.513
-178.042
-178.571
-179.1
-179.63
-180.159
-180.689
-181.218
-181.748
-182.278
-182.808
-183.338
-183.868
-184.398
-184.929
-185.459
-185.989
-186.52
-187.051
-187.581
-188.112
-188.643
-189.174
-189.705
-190.236
-190.768
-191.299
-191.831
-192.362
-192.894
-193.426
-193.957
-194.489
-195.021
-195.553
-196.086
-196.618
-197.15
-197.683
-198.215
-198.748
-199.281
-199.814
-200.347
-200.88
-201.413
-201.946
-202.479
-203.013
-203.546
-204.08
-204.613
-205.147
-205.681
-206.215
-206.749
-207.283
-207.817
-208.352
-208.886
-209.421
-209.955
-210.49
-211.025
-211.56
-212.095
-212.63
-213.165
-213.7
-214.235
-214.771
-215.306
-215.842
-216.378
-216.913
-217.449
-217.985
-218.521
-219.057
-219.594
-220.13
-220.666
-221.203
-221.74
-222.276
-222.813
-223.35
-223.887
-224.424
-224.961
-225.498
-226.036
-226.573
-227.111
-227.648
-228.186
-228.724
-229.262
-229.8
-230.338
-230.876
-231.414
-231.953
-232.491
-233.03
-233.568
-234.107
-234.646
-235.185
-235.724
-236.263
-236.802
-237.341
-237.881
-238.42
-238.96
-239.499
-240.039
-240.579
-241.119
-241.659
-242.199
-242.739
-243.279
-243.82
-244.36
-244.901
-245.441
-245.982
-246.523
-247.064
-247.605
-248.146
-248.687
-249.228
-249.77
-250.311
-250.853
-251.395
-251.936
-252.478
-253.02
-253.562
-254.104
-254.646
-255.189
-255.731
-256.274
-256.816
-257.359
-257.902
-258.444
-258.987
-259.53
-260.074
-260.617
-261.16
-261.703
-262.247
-262.791
-263.334
-263.878
-264.422
-264.966
-265.51
-266.054
-266.598
-267.143
-267.687
-268.231
-268.776
-269.321
-269.866
-270.41
-270.955
-271.5
-272.046
-272.591
-273.136
-273.682
-274.227
-274.773
-275.318
-275.864
-276.41
-276.956
-277.502
-278.048
-278.594
-279.141
-279.687
-280.234
-280.78
-281.327
-281.874
-282.421
-282.968
-283.515
-284.062
-284.609
-285.157
-285.704
-286.251
-286.799
-287.347
-287.895
-288.443
-288.99
-289.539
-290.087
-290.635
-291.183
-291.732
-292.28
-292.829
-293.378
-293.927
-294.475
-295.024
-295.574
-296.123
-296.672
-297.221
-297.771
-298.32
-298.87
-299.42
-299.97
-300.519
-301.069
-301.62
-302.17
-302.72
-303.27
-303.821
-304.371
-304.922
-305.473
-306.024
-306.575
-307.126
-307.677
-308.228
-308.779
-309.331
-309.882
-310.434
-310.985
-311.537
-312.089
-312.641
-313.193
-313.745
-314.297
-314.849
-315.402
-315.954
-316.507
-317.059
-317.612
-318.165
-318.718
-319.271
-319.824
-320.377
-320.931
-321.484
-322.038
-322.591
-323.145
-323.699
-324.252
-324.806
-325.36
-325.915
-326.469
-327.023
-327.578
-328.132
-328.687
-329.241
-329.796
-330.351
-330.906
-331.461
-332.016
-332.571
-333.127
-333.682
-334.238
-334.793
-335.349
-335.905
-336.461
-337.017
-337.573
-338.129
-338.685
-339.241
-339.798
-340.354
-340.911
-341.468
-342.024
-342.581
-343.138
-343.695
-344.252
-344.81
-345.367
-345.924
-346.482
-347.04
-347.597
-348.155
-348.713
-349.271
-349.829
-350.387
-350.945
-351.504
-352.062
-352.621
-353.179
-353.738
-354.297
-354.856
-355.415
-355.974
-356.533
-357.092
-357.652
-358.211
-358.771
-359.33
-359.89
-360.45
-361.01
-361.57
-362.13
-362.69
-363.25
-363.811
-364.371
-364.932
-365.492
-366.053
-366.614
-367.175
-367.736
-368.297
-368.858
-369.419
-369.981
-370.542
-371.104
-371.666
-372.227
-372.789
-373.351
-373.913
-374.475
-375.037
-375.6
-376.162
-376.725
-377.287
-377.85
-378.413
-378.975
-379.538
-380.101
-380.664
-381.228
-381.791
-382.354
-382.918
-383.481
-384.045
-384.609
-385.173
-385.737
-386.301
-386.865
-387.429
-387.993
-388.558
-389.122
-389.687
-390.252
-390.816
-391.381
-391.946
-392.511
-393.076
-393.642
-394.207
-394.772
-395.338
-395.903
-396.469
-397.035
-397.601
-398.167
-398.733
-399.299
-399.865
-400.431
-400.998
-401.564
-402.131
-402.698
-403.264
-403.831
-404.398
-404.965
-405.532
-406.1
-406.667
-407.234
-407.802
-408.37
-408.937
-409.505
-410.073
-410.641
-411.209
-411.777
-412.345
-412.914
-413.482
-414.051
-414.619
-415.188
-415.757
-416.326
-416.895
-417.464
-418.033
-418.602
-419.172
-419.741
-420.311
-420.88
-421.45
-422.02
-422.59
-423.16
-423.73
-424.3
-424.87
-425.441
-426.011
-426.582
-427.152
-427.723
-428.294
-428.865
-429.436
-430.007
-430.578
-431.149
-431.721
-432.292
-432.864
-433.435
-434.007
-434.579
-435.151
-435.723
-436.295
-436.867
-437.439
-438.012
-438.584
-439.157
-439.729
-440.302
-440.875
-441.448
-442.021
-442.594
-443.167
-443.741
-444.314
-444.888
-445.461
-446.035
-446.609
-447.182
-447.756
-448.33
-448.904
-449.479
-450.053
-450.627
-451.202
-451.776
-452.351
-452.926
-453.501
-454.076
-454.651
-455.226
-455.801
-456.376
-456.952
-457.527
-458.103
-458.679
-459.254
-459.83
-460.406
-460.982
-461.558
-462.135
-462.711
-463.287
-463.864
-464.44
-465.017
-465.594
-466.171
-466.748
-467.325
-467.902
-468.479
-469.056
-469.634
-470.211
-470.789
-471.367
-471.944
-472.522
-473.1
-473.678
-474.257
-474.835
-475.413
-475.992
-476.57
-477.149
-477.727
-478.306
-478.885
-479.464
-480.043
-480.622
-481.202
-481.781
-482.36
-482.94
-483.519
-484.099
-484.679
-485.259
-485.839
-486.419
-486.999
-487.579
-488.16
-488.74
-489.321
-489.901
-490.482
-491.063
-491.644
-492.225
-492.806
-493.387
-493.968
-494.55
-495.131
-495.713
-496.294
-496.876
-497.458
-498.04
-498.622
-499.204
-499.786
-500.368
-500.951
-501.533
-502.116
-502.698
-503.281
-503.864
-504.447
-505.03
-505.613
-506.196
-506.78
-507.363
-507.946
-508.53
-509.114
-509.697
-510.281
-510.865
-511.449
-512.033
-512.617
-513.202
-513.786
-514.371
-514.955
-515.54
-516.125
-516.709
-517.294
-517.879
-518.465
-519.05
-519.635
-520.22
-520.806
-521.392
-521.977
-522.563
-523.149
-523.735
-524.321
-524.907
-525.493
-526.079
-526.666
-527.252
-527.839
-528.426
-529.012
-529.599
-530.186
-530.773
-531.36
-531.948
-532.535
-533.122
-533.71
-534.297
-534.885
-535.473
-536.061
-536.649
-537.237
-537.825
-538.413
-539.002
-539.59
-540.178
-540.767
-541.356
-541.945
-542.533
-543.122
-543.711
-544.301
-544.89
-545.479
-546.069
-546.658
-547.248
-547.837
-548.427
-549.017
-549.607
-550.197
-550.787
-551.378
-551.968
-552.558
-553.149
-553.74
-554.33
-554.921
-555.512
-556.103
-556.694
-557.285
-557.876
-558.468
-559.059
-559.651
-560.242
-560.834
-561.426
-562.018
-562.61
-563.202
-563.794
-564.386
-564.979
-565.571
-566.164
-566.756
-567.349
-567.942
-568.535
-569.128
-569.721
-570.314
-570.907
-571.501
-572.094
-572.688
-573.281
-573.875
-574.469
-575.063
-575.657
-576.251
-576.845
-577.44
-578.034
-578.628
-579.223
-579.818
-580.412
-581.007
-581.602
-582.197
-582.792
-583.387
-583.983
-584.578
-585.174
-585.769
-586.365
-586.961
-587.556
-588.152
-588.748
-589.345
-589.941
-590.537
-591.133
-591.73
-592.326
-592.923
-593.52
-594.117
-594.714
-595.311
-595.908
-596.505
-597.102
-597.7
-598.297
-598.895
-599.493
-600.09
-600.688
-601.286
-601.884
-602.482
-603.081
-603.679
-604.277
-604.876
-605.474
-606.073
-606.672
-607.271
-607.87
-608.469
-609.068
-609.667
-610.266
-610.866
-611.465
-612.065
-612.665
-613.264
-613.864
-614.464
-615.064
-615.665
-616.265
-616.865
-617.466
-618.066
-618.667
-619.267
-619.868
-620.469
-621.07
-621.671
-622.272
-622.873
-623.475
-624.076
-624.678
-625.279
-625.881
-626.483
-627.085
-627.687
-628.289
-628.891
-629.493
-630.096
-630.698
-631.301
-631.903
-632.506
-633.109
-633.712
-634.315
-634.918
-635.521
-636.124
-636.728
-637.331
-637.935
-638.538
-639.142
-639.746
-640.35
-640.954
-641.558
-642.162
-642.766
-643.371
-643.975
-644.58
-645.184
-645.789
-646.394
-646.999
-647.604
-648.209
-648.814
-649.419
-650.025
-650.63
-651.236
-651.841
-652.447
-653.053
-653.659
-654.265
-654.871
-655.477
-656.083
-656.69
-657.296
-657.903
-658.51
-659.116
-659.723
-660.33
-660.937
-661.544
-662.151
-662.759
-663.366
-663.974
-664.581
-665.189
-665.797
-666.404
-667.012
-667.62
-668.228
-668.837
-669.445
-670.053
-670.662
-671.27
-671.879
-672.488
-673.097
-673.706
-674.315
-674.924
-675.533
-676.142
-676.752
-677.361
-677.971
-678.581
-679.19
-679.8
-680.41
-681.02
-681.63
-682.241
-682.851
-683.461
-684.072
-684.682
-685.293
-685.904
-686.515
-687.126
-687.737
-688.348
-688.959
-689.571
-690.182
-690.793
-691.405
-692.017
-692.629
-693.24
-693.852
-694.464
-695.077
-695.689
-696.301
-696.914
-697.526
-698.139
-698.752
-699.364
-699.977
-700.59
-701.203
-701.816
-702.43
-703.043
-703.656
-704.27
-704.884
-705.497
-706.111
-706.725
-707.339
-707.953
-708.567
-709.182
-709.796
-710.41
-711.025
-711.639
-712.254
-712.869
-713.484
-714.099
-714.714
-715.329
-715.944
-716.56
-717.175
-717.791
-718.406
-719.022
-719.638
-720.254
-720.87
-721.486
-722.102
-722.718
-723.335
-723.951
-724.568
-725.185
-725.801
-726.418
-727.035
-727.652
-728.269
-728.886
-729.504
-730.121
-730.738
-731.356
-731.974
-732.591
-733.209
-733.827
-734.445
-735.063
-735.682
-736.3
-736.918
-737.537
-738.155
-738.774
-739.393
-740.011
-740.63
-741.249
-741.869
-742.488
-743.107
-743.726
-744.346
-744.966
-745.585
-746.205
-746.825
-747.445
-748.065
-748.685
-749.305
-749.925
-750.546
-751.166
-751.787
-752.408
-753.028
-753.649
-754.27
-754.891
-755.512
-756.134
-756.755
-757.376
-757.998
-758.619
-759.241
-759.863
-760.485
-761.107
-761.729
-762.351
-762.973
-763.595
-764.218
-764.84
-765.463
-766.086
-766.708
-767.331
-767.954
-768.577
-769.201
-769.824
-770.447
-771.071
-771.694
-772.318
-772.941
-773.565
-774.189
-774.813
-775.437
-776.061
-776.685
-777.31
-777.934
-778.559
-779.183
-779.808
-780.433
-781.058
-781.683
-782.308
-782.933
-783.558
-784.184
-784.809
-785.435
-786.06
-786.686
-787.312
-787.938
-788.564
-789.19
-789.816
-790.442
-791.068
-791.695
-792.321
-792.948
-793.575
-794.202
-794.829
-795.456
-796.083
-796.71
-797.337
-797.964
-798.592
-799.219
-799.847
-800.475
-801.103
-801.731
-802.359
-802.987
-803.615
-804.243
-804.872
-805.5
-806.129
-806.757
-807.386
-808.015
-808.644
-809.273
-809.902
-810.531
-811.16
-811.79
-812.419
-813.049
-813.678
-814.308
-814.938
-815.568
-816.198
-816.828
-817.458
-818.089
-818.719
-819.349
-819.98
-820.611
-821.241
-821.872
-822.503
-823.134
-823.765
-824.397
-825.028
-825.659
-826.291
-826.922
-827.554
-828.186
-828.818
-829.45
-830.082
-830.714
-831.346
-831.978
-832.611
-833.243
-833.876
-834.508
-835.141
-835.774
-836.407
-837.04
-837.673
-838.306
-838.94
-839.573
-840.207
-840.84
-841.474
-842.108
-842.742
-843.375
-844.01
-844.644
-845.278
-845.912
-846.547
-847.181
-847.816
-848.45
-849.085
-849.72
-850.355
-850.99
-851.625
-852.261
-852.896
-853.531
-854.167
-854.802
-855.438
-856.074
-856.71
-857.346
-857.982
-858.618
-859.254
-859.891
-860.527
-861.164
-861.8
-862.437
-863.074
-863.711
-864.348
-864.985
-865.622
-866.259
-866.896
-867.534
-868.171
-868.809
-869.447
-870.085
-870.722
-871.36
-871.999
-872.637
-873.275
-873.913
-874.552
-875.19
-875.829
-876.468
-877.107
-877.745
-878.384
-879.024
-879.663
-880.302
-880.941
-881.581
-882.22
-882.86
-883.5
-884.14
-884.779
-885.419
-886.06
-886.7
-887.34
-887.98
-888.621
-889.261
-889.902
-890.543
-891.184
-891.825
-892.466
-893.107
-893.748
-894.389
-895.031
-895.672
-896.314
-896.955
-897.597
-898.239
-898.881
-899.523
-900.165
-900.807
-901.449
-902.092
-902.734
-903.377
-904.02
-904.662
-905.305
-905.948
-906.591
-907.234
-907.877
-908.521
-909.164
-909.808
-910.451
-911.095
-911.739
-912.383
-913.026
-913.671
-914.315
-914.959
-915.603
-916.248
-916.892
-917.537
-918.181
-918.826
-919.471
-920.116
-920.761
-921.406
-922.051
-922.697
-923.342
-923.988
-924.633
-925.279
-925.925
-926.571
-927.216
-927.863
-928.509
-929.155
-929.801
-930.448
-931.094
-931.741
-932.387
-933.034
-933.681
-934.328
-934.975
-935.622
-936.27
-936.917
-937.564
-938.212
-938.859
-939.507
-940.155
-940.803
-941.451
-942.099
-942.747
-943.395
-944.044
-944.692
-945.341
-945.989
-946.638
-947.287
-947.936
-948.585
-949.234
-949.883
-950.532
-951.182
-951.831
-952.48
-953.13
-953.78
-954.43
-955.08
-955.73
-956.38
-957.03
-957.68
-958.33
-958.981
-959.631
-960.282
-960.933
-961.584
-962.235
-962.886
-963.537
-964.188
-964.839
-965.49
-966.142
-966.793
-967.445
-968.097
-968.749
-969.401
-970.053
-970.705
-971.357
-972.009
-972.662
-973.314
-973.967
-974.619
-975.272
-975.925
-976.578
-977.231
-977.884
-978.537
-979.19
-979.844
-980.497
-981.151
-981.804
-982.458
-983.112
-983.766
-984.42
-985.074
-985.728
-986.383
-987.037
-987.691
-988.346
-989.001
-989.655
-990.31
-990.965
-991.62
-992.275
-992.931
-993.586
-994.241
-994.897
-995.552
-996.208
-996.864
-997.52
-998.176
-998.832
-999.488
-1000.14
-1000.8
-1001.46
-1002.11
-1002.77
-1003.43
-1004.08
-1004.74
-1005.4
-1006.05
-1006.71
-1007.37
-1008.03
-1008.68
-1009.34
-1010
-1010.66
-1011.31
-1011.97
-1012.63
-1013.29
-1013.95
-1014.6
-1015.26
-1015.92
-1016.58
-1017.24
-1017.9
-1018.56
-1019.21
-1019.87
-1020.53
-1021.19
-1021.85
-1022.51
-1023.17
-1023.83
-1024.49
-1025.15
-1025.81
-1026.47
-1027.13
-1027.79
-1028.45
-1029.11
-1029.77
-1030.43
-1031.09
-1031.75
-1032.41
-1033.07
-1033.73
-1034.39
-1035.06
-1035.72
-1036.38
-1037.04
-1037.7
-1038.36
-1039.02
-1039.69
-1040.35
-1041.01
-1041.67
-1042.33
-1043
-1043.66
-1044.32
-1044.98
-1045.64
-1046.31
-1046.97
-1047.63
-1048.3
-1048.96
-1049.62
-1050.29
-1050.95
-1051.61
-1052.28
-1052.94
-1053.6
-1054.27
-1054.93
-1055.59
-1056.26
-1056.92
-1057.59
-1058.25
-1058.91
-1059.58
-1060.24
-1060.91
-1061.57
-1062.24
-1062.9
-1063.57
-1064.23
-1064.9
-1065.56
-1066.23
-1066.89
-1067.56
-1068.23
-1068.89
-1069.56
-1070.22
-1070.89
-1071.56
-1072.22
-1072.89
-1073.55
-1074.22
-1074.89
-1075.55
-1076.22
-1076.89
-1077.55
-1078.22
-1078.89
-1079.56
-1080.22
-1080.89
-1081.56
-1082.23
-1082.89
-1083.56
-1084.23
-1084.9
-1085.57
-1086.23
-1086.9
-1087.57
-1088.24
-1088.91
-1089.58
-1090.24
-1090.91
-1091.58
-1092.25
-1092.92
-1093.59
-1094.26
-1094.93
-1095.6
-1096.27
-1096.94
-1097.61
-1098.28
-1098.95
-1099.62
-1100.29
-1100.96
-1101.63
-1102.3
-1102.97
-1103.64
-1104.31
-1104.98
-1105.65
-1106.32
-1106.99
-1107.66
-1108.33
-1109
-1109.68
-1110.35
-1111.02
-1111.69
-1112.36
-1113.03
-1113.71
-1114.38
-1115.05
-1115.72
-1116.39
-1117.07
-1117.74
-1118.41
-1119.08
-1119.76
-1120.43
-1121.1
-1121.78
-1122.45
-1123.12
-1123.8
-1124.47
-1125.14
-1125.82
-1126.49
-1127.16
-1127.84
-1128.51
-1129.18
-1129.86
-1130.53
-1131.21
-1131.88
-1132.56
-1133.23
-1133.91
-1134.58
-1135.25
-1135.93
-1136.6
-1137.28
-1137.96
-1138.63
-1139.31
-1139.98
-1140.66
-1141.33
-1142.01
-1142.68
-1143.36
-1144.04
-1144.71
-1145.39
-1146.06
-1146.74
-1147.42
-1148.09
-1148.77
-1149.45
-1150.12
-1150.8
-1151.48
-1152.16
-1152.83
-1153.51
-1154.19
-1154.86
-1155.54
-1156.22
-1156.9
-1157.58
-1158.25
-1158.93
-1159.61
-1160.29
-1160.97
-1161.64
-1162.32
-1163
-1163.68
-1164.36
-1165.04
-1165.72
-1166.4
-1167.07
-1167.75
-1168.43
-1169.11
-1169.79
-1170.47
-1171.15
-1171.83
-1172.51
-1173.19
-1173.87
-1174.55
-1175.23
-1175.91
-1176.59
-1177.27
-1177.95
-1178.63
-1179.32
-1180
-1180.68
-1181.36
-1182.04
-1182.72
-1183.4
-1184.08
-1184.76
-1185.45
-1186.13
-1186.81
-1187.49
-1188.17
-1188.86
-1189.54
-1190.22
-1190.9
-1191.58
-1192.27
-1192.95
-1193.63
-1194.32
-1195
-1195.68
-1196.36
-1197.05
-1197.73
-1198.41
-1199.1
-1199.78
-1200.46
-1201.15
-1201.83
-1202.52
-1203.2
-1203.88
-1204.57
-1205.25
-1205.94
-1206.62
-1207.31
-1207.99
-1208.68
-1209.36
-1210.05
-1210.73
-1211.42
-1212.1
-1212.79
-1213.47
-1214.16
-1214.84
-1215.53
-1216.21
-1216.9
-1217.59
-1218.27
-1218.96
-1219.64
-1220.33
-1221.02
-1221.7
-1222.39
-1223.08
-1223.76
-1224.45
-1225.14
-1225.82
-1226.51
-1227.2
-1227.88
-1228.57
-1229.26
-1229.95
-1230.64
-1231.32
-1232.01
-1232.7
-1233.39
-1234.07
-1234.76
-1235.45
-1236.14
-1236.83
-1237.52
-1238.21
-1238.89
-1239.58
-1240.27
-1240.96
-1241.65
-1242.34
-1243.03
-1243.72
-1244.41
-1245.1
-1245.79
-1246.48
-1247.17
-1247.86
-1248.55
-1249.24
-1249.93
-1250.62
-1251.31
-1252
-1252.69
-1253.38
-1254.07
-1254.76
-1255.45
-1256.14
-1256.83
-1257.53
-1258.22
-1258.91
-1259.6
-1260.29
-1260.98
-1261.67
-1262.37
-1263.06
-1263.75
-1264.44
-1265.13
-1265.83
-1266.52
-1267.21
-1267.9
-1268.6
-1269.29
-1269.98
-1270.68
-1271.37
-1272.06
-1272.76
-1273.45
-1274.14
-1274.84
-1275.53
-1276.22
-1276.92
-1277.61
-1278.3
-1279
-1279.69
-1280.39
-1281.08
-1281.78
-1282.47
-1283.17
-1283.86
-1284.55
-1285.25
-1285.94
-1286.64
-1287.33
-1288.03
-1288.73
-1289.42
-1290.12
-1290.81
-1291.51
-1292.2
-1292.9
-1293.6
-1294.29
-1294.99
-1295.68
-1296.38
-1297.08
-1297.77
-1298.47
-1299.17
-1299.86
-1300.56
-1301.26
-1301.95
-1302.65
-1303.35
-1304.05
-1304.74
-1305.44
-1306.14
-1306.84
-1307.53
-1308.23
-1308.93
-1309.63
-1310.33
-1311.03
-1311.72
-1312.42
-1313.12
-1313.82
-1314.52
-1315.22
-1315.92
-1316.62
-1317.31
-1318.01
-1318.71
-1319.41
-1320.11
-1320.81
-1321.51
-1322.21
-1322.91
-1323.61
-1324.31
-1325.01
-1325.71
-1326.41
-1327.11
-1327.81
-1328.51
-1329.21
-1329.91
-1330.62
-1331.32
-1332.02
-1332.72
-1333.42
-1334.12
-1334.82
-1335.52
-1336.23
-1336.93
-1337.63
-1338.33
-1339.03
-1339.73
-1340.44
-1341.14
-1341.84
-1342.54
-1343.25
-1343.95
-1344.65
-1345.35
-1346.06
-1346.76
-1347.46
-1348.17
-1348.87
-1349.57
-1350.28
-1350.98
-1351.68
-1352.39
-1353.09
-1353.79
-1354.5
-1355.2
-1355.91
-1356.61
-1357.32
-1358.02
-1358.72
-1359.43
-1360.13
-1360.84
-1361.54
-1362.25
-1362.95
-1363.66
-1364.36
-1365.07
-1365.78
-1366.48
-1367.19
-1367.89
-1368.6
-1369.3
-1370.01
-1370.72
-1371.42
-1372.13
-1372.83
-1373.54
-1374.25
-1374.95
-1375.66
-1376.37
-1377.07
-1377.78
-1378.49
-1379.2
-1379.9
-1380.61
-1381.32
-1382.03
-1382.73
-1383.44
-1384.15
-1384.86
-1385.56
-1386.27
-1386.98
-1387.69
-1388.4
-1389.11
-1389.81
-1390.52
-1391.23
-1391.94
-1392.65
-1393.36
-1394.07
-1394.78
-1395.49
-1396.2
-1396.91
-1397.62
-1398.32
-1399.03
-1399.74
-1400.45
-1401.16
-1401.87
-1402.58
-1403.3
-1404.01
-1404.72
-1405.43
-1406.14
-1406.85
-1407.56
-1408.27
-1408.98
-1409.69
-1410.4
-1411.11
-1411.83
-1412.54
-1413.25
-1413.96
-1414.67
-1415.38
-1416.1
-1416.81
-1417.52
-1418.23
-1418.95
-1419.66
-1420.37
-1421.08
-1421.8
-1422.51
-1423.22
-1423.93
-1424.65
-1425.36
-1426.07
-1426.79
-1427.5
-1428.21
-1428.93
-1429.64
-1430.35
-1431.07
-1431.78
-1432.5
-1433.21
-1433.93
-1434.64
-1435.35
-1436.07
-1436.78
-1437.5
-1438.21
-1438.93
-1439.64
-1440.36
-1441.07
-1441.79
-1442.5
-1443.22
-1443.93
-1444.65
-1445.37
-1446.08
-1446.8
-1447.51
-1448.23
-1448.95
-1449.66
-1450.38
-1451.1
-1451.81
-1452.53
-1453.24
-1453.96
-1454.68
-1455.4
-1456.11
-1456.83
-1457.55
-1458.26
-1458.98
-1459.7
-1460.42
-1461.14
-1461.85
-1462.57
-1463.29
-1464.01
-1464.73
-1465.44
-1466.16
-1466.88
-1467.6
-1468.32
-1469.04
-1469.76
-1470.47
-1471.19
-1471.91
-1472.63
-1473.35
-1474.07
-1474.79
-1475.51
-1476.23
-1476.95
-1477.67
-1478.39
-1479.11
-1479.83
-1480.55
-1481.27
-1481.99
-1482.71
-1483.43
-1484.15
-1484.87
-1485.59
-1486.31
-1487.04
-1487.76
-1488.48
-1489.2
-1489.92
-1490.64
-1491.36
-1492.09
-1492.81
-1493.53
-1494.25
-1494.97
-1495.69
-1496.42
-1497.14
-1497.86
-1498.58
-1499.31
-1500.03
-1500.75
-1501.48
-1502.2
-1502.92
-1503.64
-1504.37
-1505.09
-1505.81
-1506.54
-1507.26
-1507.99
-1508.71
-1509.43
-1510.16
-1510.88
-1511.61
-1512.33
-1513.05
-1513.78
-1514.5
-1515.23
-1515.95
-1516.68
-1517.4
-1518.13
-1518.85
-1519.58
-1520.3
-1521.03
-1521.75
-1522.48
-1523.2
-1523.93
-1524.66
-1525.38
-1526.11
-1526.83
-1527.56
-1528.29
-1529.01
-1529.74
-1530.47
-1531.19
-1531.92
-1532.65
-1533.37
-1534.1
-1534.83
-1535.55
-1536.28
-1537.01
-1537.74
-1538.46
-1539.19
-1539.92
-1540.65
-1541.38
-1542.1
-1542.83
-1543.56
-1544.29
-1545.02
-1545.75
-1546.47
-1547.2
-1547.93
-1548.66
-1549.39
-1550.12
-1550.85
-1551.58
-1552.31
-1553.04
-1553.76
-1554.49
-1555.22
-1555.95
-1556.68
-1557.41
-1558.14
-1558.87
-1559.6
-1560.33
-1561.06
-1561.8
-1562.53
-1563.26
-1563.99
-1564.72
-1565.45
-1566.18
-1566.91
-1567.64
-1568.37
-1569.11
-1569.84
-1570.57
-1571.3
-1572.03
-1572.76
-1573.5
-1574.23
-1574.96
-1575.69
-1576.42
-1577.16
-1577.89
-1578.62
-1579.36
-1580.09
-1580.82
-1581.55
-1582.29
-1583.02
-1583.75
-1584.49
-1585.22
-1585.95
-1586.69
-1587.42
-1588.15
-1588.89
-1589.62
-1590.36
-1591.09
-1591.83
-1592.56
-1593.29
-1594.03
-1594.76
-1595.5
-1596.23
-1596.97
-1597.7
-1598.44
-1599.17
-1599.91
-1600.64
-1601.38
-1602.11
-1602.85
-1603.59
-1604.32
-1605.06
-1605.79
-1606.53
-1607.27
-1608
-1608.74
-1609.48
-1610.21
-1610.95
-1611.69
-1612.42
-1613.16
-1613.9
-1614.63
-1615.37
-1616.11
-1616.85
-1617.58
-1618.32
-1619.06
-1619.8
-1620.53
-1621.27
-1622.01
-1622.75
-1623.49
-1624.22
-1624.96
-1625.7
-1626.44
-1627.18
-1627.92
-1628.66
-1629.4
-1630.13
-1630.87
-1631.61
-1632.35
-1633.09
-1633.83
-1634.57
-1635.31
-1636.05
-1636.79
-1637.53
-1638.27
-1639.01
-1639.75
-1640.49
-1641.23
-1641.97
-1642.71
-1643.45
-1644.19
-1644.93
-1645.68
-1646.42
-1647.16
-1647.9
-1648.64
-1649.38
-1650.12
-1650.87
-1651.61
-1652.35
-1653.09
-1653.83
-1654.57
-1655.32
-1656.06
-1656.8
-1657.54
-1658.29
-1659.03
-1659.77
-1660.51
-1661.26
-1662
-1662.74
-1663.49
-1664.23
-1664.97
-1665.72
-1666.46
-1667.2
-1667.95
-1668.69
-1669.44
-1670.18
-1670.92
-1671.67
-1672.41
-1673.16
-1673.9
-1674.65
-1675.39
-1676.14
-1676.88
-1677.63
-1678.37
-1679.12
-1679.86
-1680.61
-1681.35
-1682.1
-1682.84
-1683.59
-1684.33
-1685.08
-1685.83
-1686.57
-1687.32
-1688.06
-1688.81
-1689.56
-1690.3
-1691.05
-1691.8
-1692.54
-1693.29
-1694.04
-1694.78
-1695.53
-1696.28
-1697.03
-1697.77
-1698.52
-1699.27
-1700.02
-1700.76
-1701.51
-1702.26
-1703.01
-1703.76
-1704.5
-1705.25
-1706
-1706.75
-1707.5
-1708.25
-1709
-1709.75
-1710.49
-1711.24
-1711.99
-1712.74
-1713.49
-1714.24
-1714.99
-1715.74
-1716.49
-1717.24
-1717.99
-1718.74
-1719.49
-1720.24
-1720.99
-1721.74
-1722.49
-1723.24
-1723.99
-1724.74
-1725.49
-1726.24
-1727
-1727.75
-1728.5
-1729.25
-1730
-1730.75
-1731.5
-1732.25
-1733.01
-1733.76
-1734.51
-1735.26
-1736.01
-1736.77
-1737.52
-1738.27
-1739.02
-1739.78
-1740.53
-1741.28
-1742.03
-1742.79
-1743.54
-1744.29
-1745.05
-1745.8
-1746.55
-1747.31
-1748.06
-1748.81
-1749.57
-1750.32
-1751.08
-1751.83
-1752.58
-1753.34
-1754.09
-1754.85
-1755.6
-1756.36
-1757.11
-1757.87
-1758.62
-1759.38
-1760.13
-1760.89
-1761.64
-1762.4
-1763.15
-1763.91
-1764.66
-1765.42
-1766.18
-1766.93
-1767.69
-1768.44
-1769.2
-1769.96
-1770.71
-1771.47
-1772.22
-1772.98
-1773.74
-1774.5
-1775.25
-1776.01
-1776.77
-1777.52
-1778.28
-1779.04
-1779.8
-1780.55
-1781.31
-1782.07
-1782.83
-1783.58
-1784.34
-1785.1
-1785.86
-1786.62
-1787.38
-1788.13
-1788.89
-1789.65
-1790.41
-1791.17
-1791.93
-1792.69
-1793.45
-1794.2
-1794.96
-1795.72
-1796.48
-1797.24
-1798
-1798.76
-1799.52
-1800.28
-1801.04
-1801.8
-1802.56
-1803.32
-1804.08
-1804.84
-1805.6
-1806.36
-1807.13
-1807.89
-1808.65
-1809.41
-1810.17
-1810.93
-1811.69
-1812.45
-1813.22
-1813.98
-1814.74
-1815.5
-1816.26
-1817.02
-1817.79
-1818.55
-1819.31
-1820.07
-1820.84
-1821.6
-1822.36
-1823.12
-1823.89
-1824.65
-1825.41
-1826.17
-1826.94
-1827.7
-1828.46
-1829.23
-1829.99
-1830.76
-1831.52
-1832.28
-1833.05
-1833.81
-1834.58
-1835.34
-1836.1
-1836.87
-1837.63
-1838.4
-1839.16
-1839.93
-1840.69
-1841.46
-1842.22
-1842.99
-1843.75
-1844.52
-1845.28
-1846.05
-1846.81
-1847.58
-1848.34
-1849.11
-1849.88
-1850.64
-1851.41
-1852.17
-1852.94
-1853.71
-1854.47
-1855.24
-1856.01
-1856.77
-1857.54
-1858.31
-1859.07
-1859.84
-1860.61
-1861.38
-1862.14
-1862.91
-1863.68
-1864.45
-1865.21
-1865.98
-1866.75
-1867.52
-1868.29
-1869.06
-1869.82
-1870.59
-1871.36
-1872.13
-1872.9
-1873.67
-1874.44
-1875.2
-1875.97
-1876.74
-1877.51
-1878.28
-1879.05
-1879.82
-1880.59
-1881.36
-1882.13
-1882.9
-1883.67
-1884.44
-1885.21
-1885.98
-1886.75
-1887.52
-1888.29
-1889.06
-1889.83
-1890.6
-1891.37
-1892.15
-1892.92
-1893.69
-1894.46
-1895.23
-1896
-1896.77
-1897.55
-1898.32
-1899.09
-1899.86
-1900.63
-1901.4
-1902.18
-1902.95
-1903.72
-1904.49
-1905.27
-1906.04
-1906.81
-1907.59
-1908.36
-1909.13
-1909.9
-1910.68
-1911.45
-1912.22
-1913
-1913.77
-1914.55
-1915.32
-1916.09
-1916.87
-1917.64
-1918.42
-1919.19
-1919.96
-1920.74
-1921.51
-1922.29
-1923.06
-1923.84
-1924.61
-1925.39
-1926.16
-1926.94
-1927.71
-1928.49
-1929.26
-1930.04
-1930.81
-1931.59
-1932.37
-1933.14
-1933.92
-1934.69
-1935.47
-1936.25
-1937.02
-1937.8
-1938.58
-1939.35
-1940.13
-1940.91
-1941.68
-1942.46
-1943.24
-1944.01
-1944.79
-1945.57
-1946.35
-1947.12
-1947.9
-1948.68
-1949.46
-1950.24
-1951.01
-1951.79
-1952.57
-1953.35
-1954.13
-1954.9
-1955.68
-1956.46
-1957.24
-1958.02
-1958.8
-1959.58
-1960.36
-1961.14
-1961.92
-1962.69
-1963.47
-1964.25
-1965.03
-1965.81
-1966.59
-1967.37
-1968.15
-1968.93
-1969.71
-1970.49
-1971.27
-1972.06
-1972.84
-1973.62
-1974.4
-1975.18
-1975.96
-1976.74
-1977.52
-1978.3
-1979.08
-1979.87
-1980.65
-1981.43
-1982.21
-1982.99
-1983.77
-1984.56
-1985.34
-1986.12
-1986.9
-1987.69
-1988.47
-1989.25
-1990.03
-1990.82
-1991.6
-1992.38
-1993.16
-1993.95
-1994.73
-1995.51
-1996.3
-1997.08
-1997.86
-1998.65
-1999.43
-2000.22
-2001
-2001.78
-2002.57
-2003.35
-2004.14
-2004.92
-2005.71
-2006.49
-2007.27
-2008.06
-2008.84
-2009.63
-2010.41
-2011.2
-2011.98
-2012.77
-2013.56
-2014.34
-2015.13
-2015.91
-2016.7
-2017.48
-2018.27
-2019.06
-2019.84
-2020.63
-2021.42
-2022.2
-2022.99
-2023.77
-2024.56
-2025.35
-2026.14
-2026.92
-2027.71
-2028.5
-2029.28
-2030.07
-2030.86
-2031.65
-2032.43
-2033.22
-2034.01
-2034.8
-2035.59
-2036.37
-2037.16
-2037.95
-2038.74
-2039.53
-2040.32
-2041.1
-2041.89
-2042.68
-2043.47
-2044.26
-2045.05
-2045.84
-2046.63
-2047.42
-2048.21
-2049
-2049.79
-2050.58
-2051.37
-2052.16
-2052.95
-2053.74
-2054.53
-2055.32
-2056.11
-2056.9
-2057.69
-2058.48
-2059.27
-2060.06
-2060.85
-2061.64
-2062.43
-2063.22
-2064.02
-2064.81
-2065.6
-2066.39
-2067.18
-2067.97
-2068.77
-2069.56
-2070.35
-2071.14
-2071.93
-2072.73
-2073.52
-2074.31
-2075.11
-2075.9
-2076.69
-2077.48
-2078.28
-2079.07
-2079.86
-2080.66
-2081.45
-2082.24
-2083.04
-2083.83
-2084.62
-2085.42
-2086.21
-2087.01
-2087.8
-2088.59
-2089.39
-2090.18
-2090.98
-2091.77
-2092.57
-2093.36
-2094.16
-2094.95
-2095.75
-2096.54
-2097.34
-2098.13
-2098.93
-2099.72
-2100.52
-2101.31
-2102.11
-2102.91
-2103.7
-2104.5
-2105.29
-2106.09
-2106.89
-2107.68
-2108.48
-2109.28
-2110.07
-2110.87
-2111.67
-2112.46
-2113.26
-2114.06
-2114.86
-2115.65
-2116.45
-2117.25
-2118.05
-2118.84
-2119.64
-2120.44
-2121.24
-2122.04
-2122.83
-2123.63
-2124.43
-2125.23
-2126.03
-2126.83
-2127.63
-2128.42
-2129.22
-2130.02
-2130.82
-2131.62
-2132.42
-2133.22
-2134.02
-2134.82
-2135.62
-2136.42
-2137.22
-2138.02
-2138.82
-2139.62
-2140.42
-2141.22
-2142.02
-2142.82
-2143.62
-2144.42
-2145.22
-2146.02
-2146.82
-2147.63
-2148.43
-2149.23
-2150.03
-2150.83
-2151.63
-2152.43
-2153.24
-2154.04
-2154.84
-2155.64
-2156.44
-2157.25
-2158.05
-2158.85
-2159.65
-2160.46
-2161.26
-2162.06
-2162.86
-2163.67
-2164.47
-2165.27
-2166.08
-2166.88
-2167.68
-2168.49
-2169.29
-2170.09
-2170.9
-2171.7
-2172.51
-2173.31
-2174.11
-2174.92
-2175.72
-2176.53
-2177.33
-2178.14
-2178.94
-2179.75
-2180.55
-2181.36
-2182.16
-2182.97
-2183.77
-2184.58
-2185.38
-2186.19
-2186.99
-2187.8
-2188.6
-2189.41
-2190.22
-2191.02
-2191.83
-2192.63
-2193.44
-2194.25
-2195.05
-2195.86
-2196.67
-2197.47
-2198.28
-2199.09
-2199.9
-2200.7
-2201.51
-2202.32
-2203.13
-2203.93
-2204.74
-2205.55
-2206.36
-2207.16
-2207.97
-2208.78
-2209.59
-2210.4
-2211.21
-2212.01
-2212.82
-2213.63
-2214.44
-2215.25
-2216.06
-2216.87
-2217.68
-2218.49
-2219.3
-2220.1
-2220.91
-2221.72
-2222.53
-2223.34
-2224.15
-2224.96
-2225.77
-2226.58
-2227.39
-2228.2
-2229.01
-2229.83
-2230.64
-2231.45
-2232.26
-2233.07
-2233.88
-2234.69
-2235.5
-2236.31
-2237.12
-2237.94
-2238.75
-2239.56
-2240.37
-2241.18
-2242
-2242.81
-2243.62
-2244.43
-2245.24
-2246.06
-2246.87
-2247.68
-2248.49
-2249.31
-2250.12
-2250.93
-2251.75
-2252.56
-2253.37
-2254.19
-2255
-2255.81
-2256.63
-2257.44
-2258.25
-2259.07
-2259.88
-2260.7
-2261.51
-2262.32
-2263.14
-2263.95
-2264.77
-2265.58
-2266.4
-2267.21
-2268.03
-2268.84
-2269.66
-2270.47
-2271.29
-2272.1
-2272.92
-2273.74
-2274.55
-2275.37
-2276.18
-2277
-2277.81
-2278.63
-2279.45
-2280.26
-2281.08
-2281.9
-2282.71
-2283.53
-2284.35
-2285.16
-2285.98
-2286.8
-2287.61
-2288.43
-2289.25
-2290.07
-2290.88
-2291.7
-2292.52
-2293.34
-2294.16
-2294.97
-2295.79
-2296.61
-2297.43
-2298.25
-2299.07
-2299.88
-2300.7
-2301.52
-2302.34
-2303.16
-2303.98
-2304.8
-2305.62
-2306.44
-2307.26
-2308.07
-2308.89
-2309.71
-2310.53
-2311.35
-2312.17
-2312.99
-2313.81
-2314.63
-2315.45
-2316.28
-2317.1
-2317.92
-2318.74
-2319.56
-2320.38
-2321.2
-2322.02
-2322.84
-2323.66
-2324.49
-2325.31
-2326.13
-2326.95
-2327.77
-2328.59
-2329.42
-2330.24
-2331.06
-2331.88
-2332.7
-2333.53
-2334.35
-2335.17
-2335.99
-2336.82
-2337.64
-2338.46
-2339.29
-2340.11
-2340.93
-2341.76
-2342.58
-2343.4
-2344.23
-2345.05
-2345.87
-2346.7
-2347.52
-2348.35
-2349.17
-2349.99
-2350.82
-2351.64
-2352.47
-2353.29
-2354.12
-2354.94
-2355.77
-2356.59
-2357.42
-2358.24
-2359.07
-2359.89
-2360.72
-2361.54
-2362.37
-2363.2
-2364.02
-2364.85
-2365.67
-2366.5
-2367.33
-2368.15
-2368.98
-2369.81
-2370.63
-2371.46
-2372.29
-2373.11
-2373.94
-2374.77
-2375.59
-2376.42
-2377.25
-2378.08
-2378.9
-2379.73
-2380.56
-2381.39
-2382.21
-2383.04
-2383.87
-2384.7
-2385.53
-2386.36
-2387.18
-2388.01
-2388.84
-2389.67
-2390.5
-2391.33
-2392.16
-2392.99
-2393.82
-2394.65
-2395.47
-2396.3
-2397.13
-2397.96
-2398.79
-2399.62
-2400.45
-2401.28
-2402.11
-2402.94
-2403.77
-2404.6
-2405.44
-2406.27
-2407.1
-2407.93
-2408.76
-2409.59
-2410.42
-2411.25
-2412.08
-2412.91
-2413.75
-2414.58
-2415.41
-2416.24
-2417.07
-2417.9
-2418.74
-2419.57
-2420.4
-2421.23
-2422.07
-2422.9
-2423.73
-2424.56
-2425.4
-2426.23
-2427.06
-2427.9
-2428.73
-2429.56
-2430.4
-2431.23
-2432.06
-2432.9
-2433.73
-2434.56
-2435.4
-2436.23
-2437.07
-2437.9
-2438.73
-2439.57
-2440.4
-2441.24
-2442.07
-2442.91
-2443.74
-2444.58
-2445.41
-2446.25
-2447.08
-2447.92
-2448.75
-2449.59
-2450.42
-2451.26
-2452.1
-2452.93
-2453.77
-2454.6
-2455.44
-2456.28
-2457.11
-2457.95
-2458.79
-2459.62
-2460.46
-2461.3
-2462.13
-2462.97
-2463.81
-2464.64
-2465.48
-2466.32
-2467.16
-2467.99
-2468.83
-2469.67
-2470.51
-2471.35
-2472.18
-2473.02
-2473.86
-2474.7
-2475.54
-2476.38
-2477.21
-2478.05
-2478.89
-2479.73
-2480.57
-2481.41
-2482.25
-2483.09
-2483.93
-2484.77
-2485.61
-2486.45
-2487.29
-2488.12
-2488.96
-2489.8
-2490.65
-2491.49
-2492.33
-2493.17
-2494.01
-2494.85
-2495.69
-2496.53
-2497.37
-2498.21
-2499.05
-2499.89
-2500.73
-2501.58
-2502.42
-2503.26
-2504.1
-2504.94
-2505.78
-2506.63
-2507.47
-2508.31
-2509.15
-2509.99
-2510.84
-2511.68
-2512.52
-2513.36
-2514.21
-2515.05
-2515.89
-2516.74
-2517.58
-2518.42
-2519.27
-2520.11
-2520.95
-2521.8
-2522.64
-2523.48
-2524.33
-2525.17
-2526.02
-2526.86
-2527.7
-2528.55
-2529.39
-2530.24
-2531.08
-2531.93
-2532.77
-2533.62
-2534.46
-2535.31
-2536.15
-2537
-2537.84
-2538.69
-2539.53
-2540.38
-2541.23
-2542.07
-2542.92
-2543.76
-2544.61
-2545.46
-2546.3
-2547.15
-2547.99
-2548.84
-2549.69
-2550.54
-2551.38
-2552.23
-2553.08
-2553.92
-2554.77
-2555.62
-2556.47
-2557.31
-2558.16
-2559.01
-2559.86
-2560.7
-2561.55
-2562.4
-2563.25
-2564.1
-2564.95
-2565.79
-2566.64
-2567.49
-2568.34
-2569.19
-2570.04
-2570.89
-2571.74
-2572.59
-2573.43
-2574.28
-2575.13
-2575.98
-2576.83
-2577.68
-2578.53
-2579.38
-2580.23
-2581.08
-2581.93
-2582.78
-2583.63
-2584.49
-2585.34
-2586.19
-2587.04
-2587.89
-2588.74
-2589.59
-2590.44
-2591.29
-2592.14
-2593
-2593.85
-2594.7
-2595.55
-2596.4
-2597.26
-2598.11
-2598.96
-2599.81
-2600.66
-2601.52
-2602.37
-2603.22
-2604.07
-2604.93
-2605.78
-2606.63
-2607.49
-2608.34
-2609.19
-2610.05
-2610.9
-2611.75
-2612.61
-2613.46
-2614.32
-2615.17
-2616.02
-2616.88
-2617.73
-2618.59
-2619.44
-2620.3
-2621.15
-2622
-2622.86
-2623.71
-2624.57
-2625.42
-2626.28
-2627.14
-2627.99
-2628.85
-2629.7
-2630.56
-2631.41
-2632.27
-2633.13
-2633.98
-2634.84
-2635.69
-2636.55
-2637.41
-2638.26
-2639.12
-2639.98
-2640.83
-2641.69
-2642.55
-2643.4
-2644.26
-2645.12
-2645.98
-2646.83
-2647.69
-2648.55
-2649.41
-2650.26
-2651.12
-2651.98
-2652.84
-2653.7
-2654.56
-2655.41
-2656.27
-2657.13
-2657.99
-2658.85
-2659.71
-2660.57
-2661.43
-2662.28
-2663.14
-2664
-2664.86
-2665.72
-2666.58
-2667.44
-2668.3
-2669.16
-2670.02
-2670.88
-2671.74
-2672.6
-2673.46
-2674.32
-2675.18
-2676.05
-2676.91
-2677.77
-2678.63
-2679.49
-2680.35
-2681.21
-2682.07
-2682.93
-2683.8
-2684.66
-2685.52
-2686.38
-2687.24
-2688.11
-2688.97
-2689.83
-2690.69
-2691.55
-2692.42
-2693.28
-2694.14
-2695.01
-2695.87
-2696.73
-2697.59
-2698.46
-2699.32
-2700.18
-2701.05
-2701.91
-2702.77
-2703.64
-2704.5
-2705.37
-2706.23
-2707.09
-2707.96
-2708.82
-2709.69
-2710.55
-2711.42
-2712.28
-2713.15
-2714.01
-2714.88
-2715.74
-2716.61
-2717.47
-2718.34
-2719.2
-2720.07
-2720.93
-2721.8
-2722.67
-2723.53
-2724.4
-2725.26
-2726.13
-2727
-2727.86
-2728.73
-2729.6
-2730.46
-2731.33
-2732.2
-2733.06
-2733.93
-2734.8
-2735.66
-2736.53
-2737.4
-2738.27
-2739.13
-2740
-2740.87
-2741.74
-2742.61
-2743.47
-2744.34
-2745.21
-2746.08
-2746.95
-2747.82
-2748.69
-2749.55
-2750.42
-2751.29
-2752.16
-2753.03
-2753.9
-2754.77
-2755.64
-2756.51
-2757.38
-2758.25
-2759.12
-2759.99
-2760.86
-2761.73
-2762.6
-2763.47
-2764.34
-2765.21
-2766.08
-2766.95
-2767.82
-2768.69
-2769.56
-2770.43
-2771.31
-2772.18
-2773.05
-2773.92
-2774.79
-2775.66
-2776.53
-2777.41
-2778.28
-2779.15
-2780.02
-2780.9
-2781.77
-2782.64
-2783.51
-2784.39
-2785.26
-2786.13
-2787
-2787.88
-2788.75
-2789.62
-2790.5
-2791.37
-2792.24
-2793.12
-2793.99
-2794.86
-2795.74
-2796.61
-2797.49
-2798.36
-2799.23
-2800.11
-2800.98
-2801.86
-2802.73
-2803.61
-2804.48
-2805.36
-2806.23
-2807.11
-2807.98
-2808.86
-2809.73
-2810.61
-2811.48
-2812.36
-2813.24
-2814.11
-2814.99
-2815.86
-2816.74
-2817.62
-2818.49
-2819.37
-2820.25
-2821.12
-2822
-2822.88
-2823.75
-2824.63
-2825.51
-2826.38
-2827.26
-2828.14
-2829.02
-2829.89
-2830.77
-2831.65
-2832.53
-2833.41
-2834.28
-2835.16
-2836.04
-2836.92
-2837.8
-2838.68
-2839.55
-2840.43
-2841.31
-2842.19
-2843.07
-2843.95
-2844.83
-2845.71
-2846.59
-2847.47
-2848.35
-2849.23
-2850.11
-2850.99
-2851.87
-2852.75
-2853.63
-2854.51
-2855.39
-2856.27
-2857.15
-2858.03
-2858.91
-2859.79
-2860.67
-2861.55
-2862.43
-2863.31
-2864.2
-2865.08
-2865.96
-2866.84
-2867.72
-2868.6
-2869.49
-2870.37
-2871.25
-2872.13
-2873.01
-2873.9
-2874.78
-2875.66
-2876.54
-2877.43
-2878.31
-2879.19
-2880.08
-2880.96
-2881.84
-2882.73
-2883.61
-2884.49
-2885.38
-2886.26
-2887.14
-2888.03
-2888.91
-2889.8
-2890.68
-2891.57
-2892.45
-2893.33
-2894.22
-2895.1
-2895.99
-2896.87
-2897.76
-2898.64
-2899.53
-2900.41
-2901.3
-2902.19
-2903.07
-2903.96
-2904.84
-2905.73
-2906.61
-2907.5
-2908.39
-2909.27
-2910.16
-2911.05
-2911.93
-2912.82
-2913.71
-2914.59
-2915.48
-2916.37
-2917.25
-2918.14
-2919.03
-2919.92
-2920.8
-2921.69
-2922.58
-2923.47
-2924.35
-2925.24
-2926.13
-2927.02
-2927.91
-2928.8
-2929.68
-2930.57
-2931.46
-2932.35
-2933.24
-2934.13
-2935.02
-2935.91
-2936.8
-2937.68
-2938.57
-2939.46
-2940.35
-2941.24
-2942.13
-2943.02
-2943.91
-2944.8
-2945.69
-2946.58
-2947.47
-2948.36
-2949.25
-2950.15
-2951.04
-2951.93
-2952.82
-2953.71
-2954.6
-2955.49
-2956.38
-2957.27
-2958.17
-2959.06
-2959.95
-2960.84
-2961.73
-2962.63
-2963.52
-2964.41
-2965.3
-2966.2
-2967.09
-2967.98
-2968.87
-2969.77
-2970.66
-2971.55
-2972.45
-2973.34
-2974.23
-2975.13
-2976.02
-2976.91
-2977.81
-2978.7
-2979.59
-2980.49
-2981.38
-2982.28
-2983.17
-2984.06
-2984.96
-2985.85
-2986.75
-2987.64
-2988.54
-2989.43
-2990.33
-2991.22
-2992.12
-2993.01
-2993.91
-2994.81
-2995.7
-2996.6
-2997.49
-2998.39
-2999.28
-3000.18
-3001.08
-3001.97
-3002.87
-3003.77
-3004.66
-3005.56
-3006.46
-3007.35
-3008.25
-3009.15
-3010.04
-3010.94
-3011.84
-3012.74
-3013.63
-3014.53
-3015.43
-3016.33
-3017.23
-3018.12
-3019.02
-3019.92
-3020.82
-3021.72
-3022.62
-3023.51
-3024.41
-3025.31
-3026.21
-3027.11
-3028.01
-3028.91
-3029.81
-3030.71
-3031.61
-3032.51
-3033.41
-3034.31
-3035.21
-3036.11
-3037.01
-3037.91
-3038.81
-3039.71
-3040.61
-3041.51
-3042.41
-3043.31
-3044.21
-3045.11
-3046.01
-3046.91
-3047.82
-3048.72
-3049.62
-3050.52
-3051.42
-3052.32
-3053.23
-3054.13
-3055.03
-3055.93
-3056.83
-3057.74
-3058.64
-3059.54
-3060.44
-3061.35
-3062.25
-3063.15
-3064.06
-3064.96
-3065.86
-3066.77
-3067.67
-3068.57
-3069.48
-3070.38
-3071.28
-3072.19
-3073.09
-3074
-3074.9
-3075.81
-3076.71
-3077.61
-3078.52
-3079.42
-3080.33
-3081.23
-3082.14
-3083.04
-3083.95
-3084.85
-3085.76
-3086.66
-3087.57
-3088.48
-3089.38
-3090.29
-3091.19
-3092.1
-3093.01
-3093.91
-3094.82
-3095.73
-3096.63
-3097.54
-3098.45
-3099.35
-3100.26
-3101.17
-3102.07
-3102.98
-3103.89
-3104.8
-3105.7
-3106.61
-3107.52
-3108.43
-3109.33
-3110.24
-3111.15
-3112.06
-3112.97
-3113.88
-3114.78
-3115.69
-3116.6
-3117.51
-3118.42
-3119.33
-3120.24
-3121.15
-3122.06
-3122.97
-3123.88
-3124.79
-3125.7
-3126.61
-3127.52
-3128.43
-3129.34
-3130.25
-3131.16
-3132.07
-3132.98
-3133.89
-3134.8
-3135.71
-3136.62
-3137.53
-3138.44
-3139.35
-3140.26
-3141.18
-3142.09
-3143
-3143.91
-3144.82
-3145.73
-3146.65
-3147.56
-3148.47
-3149.38
-3150.3
-3151.21
-3152.12
-3153.03
-3153.95
-3154.86
-3155.77
-3156.69
-3157.6
-3158.51
-3159.43
-3160.34
-3161.25
-3162.17
-3163.08
-3163.99
-3164.91
-3165.82
-3166.74
-3167.65
-3168.56
-3169.48
-3170.39
-3171.31
-3172.22
-3173.14
-3174.05
-3174.97
-3175.88
-3176.8
-3177.71
-3178.63
-3179.54
-3180.46
-3181.38
-3182.29
-3183.21
-3184.12
-3185.04
-3185.96
-3186.87
-3187.79
-3188.71
-3189.62
-3190.54
-3191.46
-3192.37
-3193.29
-3194.21
-3195.12
-3196.04
-3196.96
-3197.88
-3198.79
-3199.71
-3200.63
-3201.55
-3202.47
-3203.38
-3204.3
-3205.22
-3206.14
-3207.06
-3207.98
-3208.9
-3209.81
-3210.73
-3211.65
-3212.57
-3213.49
-3214.41
-3215.33
-3216.25
-3217.17
-3218.09
-3219.01
-3219.93
-3220.85
-3221.77
-3222.69
-3223.61
-3224.53
-3225.45
-3226.37
-3227.29
-3228.21
-3229.13
-3230.05
-3230.98
-3231.9
-3232.82
-3233.74
-3234.66
-3235.58
-3236.5
-3237.43
-3238.35
-3239.27
-3240.19
-3241.11
-3242.04
-3242.96
-3243.88
-3244.8
-3245.73
-3246.65
-3247.57
-3248.5
-3249.42
-3250.34
-3251.27
-3252.19
-3253.11
-3254.04
-3254.96
-3255.88
-3256.81
-3257.73
-3258.66
-3259.58
-3260.5
-3261.43
-3262.35
-3263.28
-3264.2
-3265.13
-3266.05
-3266.98
-3267.9
-3268.83
-3269.75
-3270.68
-3271.6
-3272.53
-3273.46
-3274.38
-3275.31
-3276.23
-3277.16
-3278.09
-3279.01
-3279.94
-3280.86
-3281.79
-3282.72
-3283.64
-3284.57
-3285.5
-3286.43
-3287.35
-3288.28
-3289.21
-3290.14
-3291.06
-3291.99
-3292.92
-3293.85
-3294.77
-3295.7
-3296.63
-3297.56
-3298.49
-3299.42
-3300.34
-3301.27
-3302.2
-3303.13
-3304.06
-3304.99
-3305.92
-3306.85
-3307.78
-3308.71
-3309.64
-3310.57
-3311.5
-3312.43
-3313.36
-3314.29
-3315.22
-3316.15
-3317.08
-3318.01
-3318.94
-3319.87
-3320.8
-3321.73
-3322.66
-3323.59
-3324.52
-3325.46
-3326.39
-3327.32
-3328.25
-3329.18
-3330.11
-3331.05
-3331.98
-3332.91
-3333.84
-3334.77
-3335.71
-3336.64
-3337.57
-3338.51
-3339.44
-3340.37
-3341.3
-3342.24
-3343.17
-3344.1
-3345.04
-3345.97
-3346.9
-3347.84
-3348.77
-3349.71
-3350.64
-3351.57
-3352.51
-3353.44
-3354.38
-3355.31
-3356.25
-3357.18
-3358.12
-3359.05
-3359.99
-3360.92
-3361.86
-3362.79
-3363.73
-3364.66
-3365.6
-3366.54
-3367.47
-3368.41
-3369.34
-3370.28
-3371.22
-3372.15
-3373.09
-3374.03
-3374.96
-3375.9
-3376.84
-3377.77
-3378.71
-3379.65
-3380.58
-3381.52
-3382.46
-3383.4
-3384.33
-3385.27
-3386.21
-3387.15
-3388.09
-3389.02
-3389.96
-3390.9
-3391.84
-3392.78
-3393.72
-3394.66
-3395.6
-3396.53
-3397.47
-3398.41
-3399.35
-3400.29
-3401.23
-3402.17
-3403.11
-3404.05
-3404.99
-3405.93
-3406.87
-3407.81
-3408.75
-3409.69
-3410.63
-3411.57
-3412.51
-3413.45
-3414.4
-3415.34
-3416.28
-3417.22
-3418.16
-3419.1
-3420.04
-3420.99
-3421.93
-3422.87
-3423.81
-3424.75
-3425.7
-3426.64
-3427.58
-3428.52
-3429.47
-3430.41
-3431.35
-3432.29
-3433.24
-3434.18
-3435.12
-3436.07
-3437.01
-3437.95
-3438.9
-3439.84
-3440.78
-3441.73
-3442.67
-3443.62
-3444.56
-3445.51
-3446.45
-3447.39
-3448.34
-3449.28
-3450.23
-3451.17
-3452.12
-3453.06
-3454.01
-3454.95
-3455.9
-3456.85
-3457.79
-3458.74
-3459.68
-3460.63
-3461.58
-3462.52
-3463.47
-3464.41
-3465.36
-3466.31
-3467.25
-3468.2
-3469.15
-3470.09
-3471.04
-3471.99
-3472.94
-3473.88
-3474.83
-3475.78
-3476.73
-3477.67
-3478.62
-3479.57
-3480.52
-3481.47
-3482.42
-3483.36
-3484.31
-3485.26
-3486.21
-3487.16
-3488.11
-3489.06
-3490.01
-3490.96
-3491.91
-3492.85
-3493.8
-3494.75
-3495.7
-3496.65
-3497.6
-3498.55
-3499.5
-3500.45
-3501.4
-3502.36
-3503.31
-3504.26
-3505.21
-3506.16
-3507.11
-3508.06
-3509.01
-3509.96
-3510.91
-3511.87
-3512.82
-3513.77
-3514.72
-3515.67
-3516.63
-3517.58
-3518.53
-3519.48
-3520.44
-3521.39
-3522.34
-3523.29
-3524.25
-3525.2
-3526.15
-3527.11
-3528.06
-3529.01
-3529.97
-3530.92
-3531.87
-3532.83
-3533.78
-3534.74
-3535.69
-3536.64
-3537.6
-3538.55
-3539.51
-3540.46
-3541.42
-3542.37
-3543.33
-3544.28
-3545.24
-3546.19
-3547.15
-3548.1
-3549.06
-3550.02
-3550.97
-3551.93
-3552.88
-3553.84
-3554.8
-3555.75
-3556.71
-3557.66
-3558.62
-3559.58
-3560.54
-3561.49
-3562.45
-3563.41
-3564.36
-3565.32
-3566.28
-3567.24
-3568.19
-3569.15
-3570.11
-3571.07
-3572.03
-3572.98
-3573.94
-3574.9
-3575.86
-3576.82
-3577.78
-3578.74
-3579.7
-3580.65
-3581.61
-3582.57
-3583.53
-3584.49
-3585.45
-3586.41
-3587.37
-3588.33
-3589.29
-3590.25
-3591.21
-3592.17
-3593.13
-3594.09
-3595.05
-3596.01
-3596.97
-3597.94
-3598.9
-3599.86
-3600.82
-3601.78
-3602.74
-3603.7
-3604.67
-3605.63
-3606.59
-3607.55
-3608.51
-3609.48
-3610.44
-3611.4
-3612.36
-3613.33
-3614.29
-3615.25
-3616.21
-3617.18
-3618.14
-3619.1
-3620.07
-3621.03
-3621.99
-3622.96
-3623.92
-3624.89
-3625.85
-3626.81
-3627.78
-3628.74
-3629.71
-3630.67
-3631.64
-3632.6
-3633.57
-3634.53
-3635.5
-3636.46
-3637.43
-3638.39
-3639.36
-3640.32
-3641.29
-3642.26
-3643.22
-3644.19
-3645.15
-3646.12
-3647.09
-3648.05
-3649.02
-3649.99
-3650.95
-3651.92
-3652.89
-3653.85
-3654.82
-3655.79
-3656.76
-3657.72
-3658.69
-3659.66
-3660.63
-3661.6
-3662.56
-3663.53
-3664.5
-3665.47
-3666.44
-3667.41
-3668.37
-3669.34
-3670.31
-3671.28
-3672.25
-3673.22
-3674.19
-3675.16
-3676.13
-3677.1
-3678.07
-3679.04
-3680.01
-3680.98
-3681.95
-3682.92
-3683.89
-3684.86
-3685.83
-3686.8
-3687.77
-3688.74
-3689.71
-3690.68
-3691.66
-3692.63
-3693.6
-3694.57
-3695.54
-3696.51
-3697.49
-3698.46
-3699.43
-3700.4
-3701.38
-3702.35
-3703.32
-3704.29
-3705.27
-3706.24
-3707.21
-3708.18
-3709.16
-3710.13
-3711.11
-3712.08
-3713.05
-3714.03
-3715
-3715.97
-3716.95
-3717.92
-3718.9
-3719.87
-3720.85
-3721.82
-3722.8
-3723.77
-3724.75
-3725.72
-3726.7
-3727.67
-3728.65
-3729.62
-3730.6
-3731.57
-3732.55
-3733.52
-3734.5
-3735.48
-3736.45
-3737.43
-3738.41
-3739.38
-3740.36
-3741.34
-3742.31
-3743.29
-3744.27
-3745.24
-3746.22
-3747.2
-3748.18
-3749.16
-3750.13
-3751.11
-3752.09
-3753.07
-3754.05
-3755.02
-3756
-3756.98
-3757.96
-3758.94
-3759.92
-3760.9
-3761.88
-3762.85
-3763.83
-3764.81
-3765.79
-3766.77
-3767.75
-3768.73
-3769.71
-3770.69
-3771.67
-3772.65
-3773.63
-3774.61
-3775.59
-3776.58
-3777.56
-3778.54
-3779.52
-3780.5
-3781.48
-3782.46
-3783.44
-3784.43
-3785.41
-3786.39
-3787.37
-3788.35
-3789.34
-3790.32
-3791.3
-3792.28
-3793.27
-3794.25
-3795.23
-3796.21
-3797.2
-3798.18
-3799.16
-3800.15
-3801.13
-3802.11
-3803.1
-3804.08
-3805.07
-3806.05
-3807.03
-3808.02
-3809
-3809.99
-3810.97
-3811.96
-3812.94
-3813.93
-3814.91
-3815.9
-3816.88
-3817.87
-3818.85
-3819.84
-3820.82
-3821.81
-3822.8
-3823.78
-3824.77
-3825.75
-3826.74
-3827.73
-3828.71
-3829.7
-3830.69
-3831.67
-3832.66
-3833.65
-3834.64
-3835.62
-3836.61
-3837.6
-3838.59
-3839.57
-3840.56
-3841.55
-3842.54
-3843.53
-3844.52
-3845.5
-3846.49
-3847.48
-3848.47
-3849.46
-3850.45
-3851.44
-3852.43
-3853.42
-3854.41
-3855.4
-3856.39
-3857.38
-3858.37
-3859.36
-3860.35
-3861.34
-3862.33
-3863.32
-3864.31
-3865.3
-3866.29
-3867.28
-3868.27
-3869.26
-3870.25
-3871.25
-3872.24
-3873.23
-3874.22
-3875.21
-3876.2
-3877.2
-3878.19
-3879.18
-3880.17
-3881.17
-3882.16
-3883.15
-3884.15
-3885.14
-3886.13
-3887.12
-3888.12
-3889.11
-3890.11
-3891.1
-3892.09
-3893.09
-3894.08
-3895.08
-3896.07
-3897.06
-3898.06
-3899.05
-3900.05
-3901.04
-3902.04
-3903.03
-3904.03
-3905.02
-3906.02
-3907.01
-3908.01
-3909.01
-3910
-3911
-3911.99
-3912.99
-3913.99
-3914.98
-3915.98
-3916.98
-3917.97
-3918.97
-3919.97
-3920.96
-3921.96
-3922.96
-3923.96
-3924.95
-3925.95
-3926.95
-3927.95
-3928.95
-3929.94
-3930.94
-3931.94
-3932.94
-3933.94
-3934.94
-3935.94
-3936.94
-3937.93
-3938.93
-3939.93
-3940.93
-3941.93
-3942.93
-3943.93
-3944.93
-3945.93
-3946.93
-3947.93
-3948.93
-3949.93
-3950.93
-3951.93
-3952.94
-3953.94
-3954.94
-3955.94
-3956.94
-3957.94
-3958.94
-3959.94
-3960.95
-3961.95
-3962.95
-3963.95
-3964.96
-3965.96
-3966.96
-3967.96
-3968.97
-3969.97
-3970.97
-3971.97
-3972.98
-3973.98
-3974.98
-3975.99
-3976.99
-3978
-3979
-3980
-3981.01
-3982.01
-3983.02
-3984.02
-3985.03
-3986.03
-3987.04
-3988.04
-3989.05
-3990.05
-3991.06
-3992.06
-3993.07
-3994.07
-3995.08
-3996.08
-3997.09
-3998.1
-3999.1
-4000.11
-4001.12
-4002.12
-4003.13
-4004.14
-4005.14
-4006.15
-4007.16
-4008.17
-4009.17
-4010.18
-4011.19
-4012.2
-4013.2
-4014.21
-4015.22
-4016.23
-4017.24
-4018.25
-4019.25
-4020.26
-4021.27
-4022.28
-4023.29
-4024.3
-4025.31
-4026.32
-4027.33
-4028.34
-4029.35
-4030.36
-4031.37
-4032.38
-4033.39
-4034.4
-4035.41
-4036.42
-4037.43
-4038.44
-4039.45
-4040.46
-4041.48
-4042.49
-4043.5
-4044.51
-4045.52
-4046.53
-4047.55
-4048.56
-4049.57
-4050.58
-4051.6
-4052.61
-4053.62
-4054.63
-4055.65
-4056.66
-4057.67
-4058.69
-4059.7
-4060.71
-4061.73
-4062.74
-4063.76
-4064.77
-4065.78
-4066.8
-4067.81
-4068.83
-4069.84
-4070.86
-4071.87
-4072.89
-4073.9
-4074.92
-4075.93
-4076.95
-4077.97
-4078.98
-4080
-4081.01
-4082.03
-4083.05
-4084.06
-4085.08
-4086.1
-4087.11
-4088.13
-4089.15
-4090.16
-4091.18
-4092.2
-4093.22
-4094.23
-4095.25
-4096.27
-4097.29
-4098.31
-4099.33
-4100.34
-4101.36
-4102.38
-4103.4
-4104.42
-4105.44
-4106.46
-4107.48
-4108.5
-4109.52
-4110.54
-4111.56
-4112.58
-4113.6
-4114.62
-4115.64
-4116.66
-4117.68
-4118.7
-4119.72
-4120.74
-4121.76
-4122.78
-4123.8
-4124.83
-4125.85
-4126.87
-4127.89
-4128.91
-4129.94
-4130.96
-4131.98
-4133
-4134.02
-4135.05
-4136.07
-4137.09
-4138.12
-4139.14
-4140.16
-4141.19
-4142.21
-4143.23
-4144.26
-4145.28
-4146.31
-4147.33
-4148.36
-4149.38
-4150.41
-4151.43
-4152.45
-4153.48
-4154.51
-4155.53
-4156.56
-4157.58
-4158.61
-4159.63
-4160.66
-4161.69
-4162.71
-4163.74
-4164.76
-4165.79
-4166.82
-4167.85
-4168.87
-4169.9
-4170.93
-4171.95
-4172.98
-4174.01
-4175.04
-4176.07
-4177.09
-4178.12
-4179.15
-4180.18
-4181.21
-4182.24
-4183.27
-4184.29
-4185.32
-4186.35
-4187.38
-4188.41
-4189.44
-4190.47
-4191.5
-4192.53
-4193.56
-4194.59
-4195.62
-4196.65
-4197.68
-4198.71
-4199.75
-4200.78
-4201.81
-4202.84
-4203.87
-4204.9
-4205.93
-4206.97
-4208
-4209.03
-4210.06
-4211.1
-4212.13
-4213.16
-4214.19
-4215.23
-4216.26
-4217.29
-4218.33
-4219.36
-4220.39
-4221.43
-4222.46
-4223.5
-4224.53
-4225.57
-4226.6
-4227.63
-4228.67
-4229.7
-4230.74
-4231.77
-4232.81
-4233.85
-4234.88
-4235.92
-4236.95
-4237.99
-4239.03
-4240.06
-4241.1
-4242.13
-4243.17
-4244.21
-4245.25
-4246.28
-4247.32
-4248.36
-4249.39
-4250.43
-4251.47
-4252.51
-4253.55
-4254.58
-4255.62
-4256.66
-4257.7
-4258.74
-4259.78
-4260.82
-4261.86
-4262.9
-4263.94
-4264.98
-4266.02
-4267.06
-4268.1
-4269.14
-4270.18
-4271.22
-4272.26
-4273.3
-4274.34
-4275.38
-4276.42
-4277.46
-4278.5
-4279.55
-4280.59
-4281.63
-4282.67
-4283.71
-4284.76
-4285.8
-4286.84
-4287.88
-4288.93
-4289.97
-4291.01
-4292.06
-4293.1
-4294.14
-4295.19
-4296.23
-4297.28
-4298.32
-4299.36
-4300.41
-4301.45
-4302.5
-4303.54
-4304.59
-4305.63
-4306.68
-4307.73
-4308.77
-4309.82
-4310.86
-4311.91
-4312.96
-4314
-4315.05
-4316.1
-4317.14
-4318.19
-4319.24
-4320.28
-4321.33
-4322.38
-4323.43
-4324.47
-4325.52
-4326.57
-4327.62
-4328.67
-4329.72
-4330.77
-4331.81
-4332.86
-4333.91
-4334.96
-4336.01
-4337.06
-4338.11
-4339.16
-4340.21
-4341.26
-4342.31
-4343.36
-4344.41
-4345.47
-4346.52
-4347.57
-4348.62
-4349.67
-4350.72
-4351.77
-4352.83
-4353.88
-4354.93
-4355.98
-4357.04
-4358.09
-4359.14
-4360.2
-4361.25
-4362.3
-4363.36
-4364.41
-4365.46
-4366.52
-4367.57
-4368.63
-4369.68
-4370.74
-4371.79
-4372.84
-4373.9
-4374.96
-4376.01
-4377.07
-4378.12
-4379.18
-4380.23
-4381.29
-4382.35
-4383.4
-4384.46
-4385.52
-4386.57
-4387.63
-4388.69
-4389.75
-4390.8
-4391.86
-4392.92
-4393.98
-4395.04
-4396.1
-4397.15
-4398.21
-4399.27
-4400.33
-4401.39
-4402.45
-4403.51
-4404.57
-4405.63
-4406.69
-4407.75
-4408.81
-4409.87
-4410.93
-4411.99
-4413.05
-4414.11
-4415.18
-4416.24
-4417.3
-4418.36
-4419.42
-4420.49
-4421.55
-4422.61
-4423.67
-4424.74
-4425.8
-4426.86
-4427.93
-4428.99
-4430.05
-4431.12
-4432.18
-4433.25
-4434.31
-4435.38
-4436.44
-4437.51
-4438.57
-4439.64
-4440.7
-4441.77
-4442.83
-4443.9
-4444.97
-4446.03
-4447.1
-4448.17
-4449.23
-4450.3
-4451.37
-4452.43
-4453.5
-4454.57
-4455.64
-4456.71
-4457.77
-4458.84
-4459.91
-4460.98
-4462.05
-4463.12
-4464.19
-4465.26
-4466.33
-4467.4
-4468.47
-4469.54
-4470.61
-4471.68
-4472.75
-4473.82
-4474.89
-4475.96
-4477.03
-4478.1
-4479.18
-4480.25
-4481.32
-4482.39
-4483.47
-4484.54
-4485.61
-4486.68
-4487.76
-4488.83
-4489.91
-4490.98
-4492.05
-4493.13
-4494.2
-4495.28
-4496.35
-4497.43
-4498.5
-4499.58
-4500.65
-4501.73
-4502.8
-4503.88
-4504.96
-4506.03
-4507.11
-4508.19
-4509.26
-4510.34
-4511.42
-4512.5
-4513.57
-4514.65
-4515.73
-4516.81
-4517.89
-4518.97
-4520.04
-4521.12
-4522.2
-4523.28
-4524.36
-4525.44
-4526.52
-4527.6
-4528.68
-4529.76
-4530.85
-4531.93
-4533.01
-4534.09
-4535.17
-4536.25
-4537.34
-4538.42
-4539.5
-4540.58
-4541.67
-4542.75
-4543.83
-4544.92
-4546
-4547.08
-4548.17
-4549.25
-4550.34
-4551.42
-4552.51
-4553.59
-4554.68
-4555.76
-4556.85
-4557.93
-4559.02
-4560.11
-4561.19
-4562.28
-4563.37
-4564.45
-4565.54
-4566.63
-4567.72
-4568.81
-4569.89
-4570.98
-4572.07
-4573.16
-4574.25
-4575.34
-4576.43
-4577.52
-4578.61
-4579.7
-4580.79
-4581.88
-4582.97
-4584.06
-4585.15
-4586.24
-4587.34
-4588.43
-4589.52
-4590.61
-4591.7
-4592.8
-4593.89
-4594.98
-4596.08
-4597.17
-4598.27
-4599.36
-4600.45
-4601.55
-4602.64
-4603.74
-4604.83
-4605.93
-4607.03
-4608.12
-4609.22
-4610.31
-4611.41
-4612.51
-4613.6
-4614.7
-4615.8
-4616.9
-4618
-4619.09
-4620.19
-4621.29
-4622.39
-4623.49
-4624.59
-4625.69
-4626.79
-4627.89
-4628.99
-4630.09
-4631.19
-4632.29
-4633.39
-4634.5
-4635.6
-4636.7
-4637.8
-4638.9
-4640.01
-4641.11
-4642.21
-4643.32
-4644.42
-4645.52
-4646.63
-4647.73
-4648.84
-4649.94
-4651.05
-4652.15
-4653.26
-4654.37
-4655.47
-4656.58
-4657.69
-4658.79
-4659.9
-4661.01
-4662.12
-4663.22
-4664.33
-4665.44
-4666.55
-4667.66
-4668.77
-4669.88
-4670.99
-4672.1
-4673.21
-4674.32
-4675.43
-4676.54
-4677.65
-4678.77
-4679.88
-4680.99
-4682.1
-4683.22
-4684.33
-4685.44
-4686.56
-4687.67
-4688.79
-4689.9
-4691.02
-4692.13
-4693.25
-4694.36
-4695.48
-4696.59
-4697.71
-4698.83
-4699.94
-4701.06
-4702.18
-4703.3
-4704.42
-4705.53
-4706.65
-4707.77
-4708.89
-4710.01
-4711.13
-4712.25
-4713.37
-4714.49
-4715.61
-4716.74
-4717.86
-4718.98
-4720.1
-4721.22
-4722.35
-4723.47
-4724.59
-4725.72
-4726.84
-4727.97
-4729.09
-4730.22
-4731.34
-4732.47
-4733.59
-4734.72
-4735.85
-4736.97
-4738.1
-4739.23
-4740.36
-4741.49
-4742.61
-4743.74
-4744.87
-4746
-4747.13
-4748.26
-4749.39
-4750.52
-4751.65
-4752.79
-4753.92
-4755.05
-4756.18
-4757.32
-4758.45
-4759.58
-4760.72
-4761.85
-4762.99
-4764.12
-4765.26
-4766.39
-4767.53
-4768.66
-4769.8
-4770.94
-4772.07
-4773.21
-4774.35
-4775.49
-4776.63
-4777.77
-4778.91
-4780.05
-4781.19
-4782.33
-4783.47
-4784.61
-4785.75
-4786.89
-4788.04
-4789.18
-4790.32
-4791.47
-4792.61
-4793.75
-4794.9
-4796.04
-4797.19
-4798.33
-4799.48
-4800.63
-4801.77
-4802.92
-4804.07
-4805.22
-4806.37
-4807.52
-4808.67
-4809.82
-4810.97
-4812.12
-4813.27
-4814.42
-4815.57
-4816.72
-4817.88
-4819.03
-4820.18
-4821.34
-4822.49
-4823.65
-4824.8
-4825.96
-4827.11
-4828.27
-4829.43
-4830.58
-4831.74
-4832.9
-4834.06
-4835.22
-4836.38
-4837.54
-4838.7
-4839.86
-4841.02
-4842.18
-4843.34
-4844.51
-4845.67
-4846.83
-4848
-4849.16
-4850.33
-4851.49
-4852.66
-4853.83
-4854.99
-4856.16
-4857.33
-4858.5
-4859.67
-4860.84
-4862.01
-4863.18
-4864.35
-4865.52
-4866.69
-4867.87
-4869.04
-4870.21
-4871.39
-4872.56
-4873.74
-4874.91
-4876.09
-4877.27
-4878.44
-4879.62
-4880.8
-4881.98
-4883.16
-4884.34
-4885.52
-4886.7
-4887.89
-4889.07
-4890.25
-4891.43
-4892.62
-4893.8
-4894.99
-4896.18
-4897.36
-4898.55
-4899.74
-4900.93
-4902.12
-4903.31
-4904.5
-4905.69
-4906.88
-4908.07
-4909.26
-4910.46
-4911.65
-4912.85
-4914.04
-4915.24
-4916.44
-4917.63
-4918.83
-4920.03
-4921.23
-4922.43
-4923.63
-4924.84
-4926.04
-4927.24
-4928.45
-4929.65
-4930.86
-4932.06
-4933.27
-4934.48
-4935.69
-4936.9
-4938.11
-4939.32
-4940.53
-4941.74
-4942.95
-4944.17
-4945.38
-4946.6
-4947.82
-4949.03
-4950.25
-4951.47
-4952.69
-4953.91
-4955.14
-4956.36
-4957.58
-4958.81
-4960.03
-4961.26
-4962.49
-4963.71
-4964.94
-4966.17
-4967.41
-4968.64
-4969.87
-4971.11
-4972.34
-4973.58
-4974.81
-4976.05
-4977.29
-4978.53
-4979.77
-4981.02
-4982.26
-4983.51
-4984.75
-4986
-4987.25
-4988.5
-4989.75
-4991
-4992.26
-4993.51
-4994.77
-4996.02
-4997.28
-4998.54
-4999.8
-5001.07
-5002.33
-5003.6
-5004.86
-5006.13
-5007.4
-5008.67
-5009.94
-5011.22
-5012.49
-5013.77
-5015.05
-5016.33
-5017.61
-5018.9
-5020.18
-5021.47
-5022.76
-5024.05
-5025.34
-5026.64
-5027.93
-5029.23
-5030.53
-5031.83
-5033.14
-5034.44
-5035.75
-5037.06
-5038.37
-5039.69
-5041.01
-5042.32
-5043.65
-5044.97
-5046.3
-5047.63
-5048.96
-5050.29
-5051.63
-5052.97
-5054.31
-5055.66
-5057.01
-5058.36
-5059.71
-5061.07
-5062.43
-5063.8
-5065.17
-5066.54
-5067.91
-5069.29
-5070.68
-5072.06
-5073.45
-5074.85
-5076.25
-5077.66
-5079.07
-5080.48
-5081.9
-5083.33
-5084.76
-5086.19
-5087.64
-5089.09
-5090.54
-5092
-5093.47
-5094.95
-5096.44
-5097.93
-5099.44
-5100.95
-5102.47
-5104.01
-5105.56
-5107.12
-5108.69
-5110.28
-5111.88
-5113.51
-5115.15
-5116.82
-5118.51
-5120.23
-5121.99
-5123.79
-5125.64
-5127.55
-5129.56
-5131.69
-5134.04
-5136.94
