-164.87
-167.198
-169.526
-171.854
-174.181
-176.509
-178.836
-181.164
-183.491
-185.818
-188.146
-190.473
-192.8
-195.127
-197.453
-199.78
-202.107
-204.433
-206.76
-209.086
-211.412
-213.738
-216.064
-218.39
-220.716
-223.042
-225.368
-227.693
-230.019
-232.344
-234.67
-236.995
-239.32
-241.645
-243.97
-246.295
-248.62
-250.945
-253.269
-255.594
-257.918
-260.243
-262.567
-264.891
-267.215
-269.539
-271.863
-274.187
-276.51
-278.834
-281.158
-283.481
-285.804
-288.128
-290.451
-292.774
-295.097
-297.42
-299.742
-302.065
-304.388
-306.71
-309.033
-311.355
-313.677
-315.999
-318.321
-320.643
-322.965
-325.287
-327.609
-329.93
-332.252
-334.573
-336.895
-339.216
-341.537
-343.858
-346.179
-348.5
-350.821
-353.141
-355.462
-357.783
-360.103
-362.423
-364.744
-367.064
-369.384
-371.704
-374.024
-376.343
-378.663
-380.983
-383.302
-385.622
-387.941
-390.26
-392.579
-394.898
-397.217
-399.536
-401.855
-404.174
-406.492
-408.811
-411.129
-413.447
-415.766
-418.084
-420.402
-422.72
-425.038
-427.355
-429.673
-431.991
-434.308
-436.626
-438.943
-441.26
-443.577
-445.894
-448.211
-450.528
-452.845
-455.161
-457.478
-459.795
-462.111
-464.427
-466.743
-469.06
-471.376
-473.692
-476.007
-478.323
-480.639
-482.954
-485.27
-487.585
-489.901
-492.216
-494.531
-496.846
-499.161
-501.476
-503.79
-506.105
-508.42
-510.734
-513.049
-515.363
-517.677
-519.991
-522.305
-524.619
-526.933
-529.247
-531.56
-533.874
-536.187
-538.501
-540.814
-543.127
-545.44
-547.753
-550.066
-552.379
-554.692
-557.004
-559.317
-561.63
-563.942
-566.254
-568.566
-570.878
-573.19
-575.502
-577.814
-580.126
-582.438
-584.749
-587.061
-589.372
-591.683
-593.994
-596.305
-598.616
-600.927
-603.238
-605.549
-607.86
-610.17
-612.481
-614.791
-617.101
-619.411
-621.721
-624.031
-626.341
-628.651
-630.961
-633.27
-635.58
-637.889
-640.199
-642.508
-644.817
-647.126
-649.435
-651.744
-654.053
-656.362
-658.67
-660.979
-663.287
-665.596
-667.904
-670.212
-672.52
-674.828
-677.136
-679.444
-681.751
-684.059
-686.366
-688.674
-690.981
-693.288
-695.596
-697.903
-700.21
-702.516
-704.823
-707.13
-709.437
-711.743
-714.049
-716.356
-718.662
-720.968
-723.274
-725.58
-727.886
-730.192
-732.497
-734.803
-737.109
-739.414
-741.719
-744.024
-746.33
-748.635
-750.94
-753.244
-755.549
-757.854
-760.158
-762.463
-764.767
-767.072
-769.376
-771.68
-773.984
-776.288
-778.592
-780.895
-783.199
-785.503
-787.806
-790.11
-792.413
-794.716
-797.019
-799.322
-801.625
-803.928
-806.231
-808.533
-810.836
-813.138
-815.441
-817.743
-820.045
-822.347
-824.649
-826.951
-829.253
-831.555
-833.856
-836.158
-838.459
-840.761
-843.062
-845.363
-847.664
-849.965
-852.266
-854.567
-856.868
-859.168
-861.469
-863.769
-866.07
-868.37
-870.67
-872.97
-875.27
-877.57
-879.87
-882.169
-884.469
-886.769
-889.068
-891.367
-893.667
-895.966
-898.265
-900.564
-902.863
-905.161
-907.46
-909.759
-912.057
-914.356
-916.654
-918.952
-921.25
-923.548
-925.846
-928.144
-930.442
-932.74
-935.037
-937.335
-939.632
-941.929
-944.227
-946.524
-948.821
-951.118
-953.415
-955.711
-958.008
-960.304
-962.601
-964.897
-967.194
-969.49
-971.786
-974.082
-976.378
-978.674
-980.969
-983.265
-985.561
-987.856
-990.152
-992.447
-994.742
-997.037
-999.332
-1001.63
-1003.92
-1006.22
-1008.51
-1010.81
-1013.1
-1015.39
-1017.69
-1019.98
-1022.28
-1024.57
-1026.86
-1029.16
-1031.45
-1033.75
-1036.04
-1038.33
-1040.63
-1042.92
-1045.21
-1047.51
-1049.8
-1052.09
-1054.38
-1056.68
-1058.97
-1061.26
-1063.55
-1065.85
-1068.14
-1070.43
-1072.72
-1075.02
-1077.31
-1079.6
-1081.89
-1084.18
-1086.47
-1088.77
-1091.06
-1093.35
-1095.64
-1097.93
-1100.22
-1102.51
-1104.8
-1107.09
-1109.38
-1111.67
-1113.96
-1116.25
-1118.55
-1120.84
-1123.13
-1125.42
-1127.7
-1129.99
-1132.28
-1134.57
-1136.86
-1139.15
-1141.44
-1143.73
-1146.02
-1148.31
-1150.6
-1152.89
-1155.18
-1157.46
-1159.75
-1162.04
-1164.33
-1166.62
-1168.91
-1171.19
-1173.48
-1175.77
-1178.06
-1180.35
-1182.63
-1184.92
-1187.21
-1189.5
-1191.78
-1194.07
-1196.36
-1198.64
-1200.93
-1203.22
-1205.5
-1207.79
-1210.08
-1212.36
-1214.65
-1216.94
-1219.22
-1221.51
-1223.79
-1226.08
-1228.37
-1230.65
-1232.94
-1235.22
-1237.51
-1239.79
-1242.08
-1244.36
-1246.65
-1248.93
-1251.22
-1253.5
-1255.79
-1258.07
-1260.36
-1262.64
-1264.93
-1267.21
-1269.49
-1271.78
-1274.06
-1276.35
-1278.63
-1280.91
-1283.2
-1285.48
-1287.76
-1290.05
-1292.33
-1294.61
-1296.9
-1299.18
-1301.46
-1303.74
-1306.03
-1308.31
-1310.59
-1312.87
-1315.16
-1317.44
-1319.72
-1322
-1324.28
-1326.57
-1328.85
-1331.13
-1333.41
-1335.69
-1337.97
-1340.25
-1342.54
-1344.82
-1347.1
-1349.38
-1351.66
-1353.94
-1356.22
-1358.5
-1360.78
-1363.06
-1365.34
-1367.62
-1369.9
-1372.18
-1374.46
-1376.74
-1379.02
-1381.3
-1383.58
-1385.86
-1388.14
-1390.42
-1392.7
-1394.98
-1397.25
-1399.53
-1401.81
-1404.09
-1406.37
-1408.65
-1410.93
-1413.2
-1415.48
-1417.76
-1420.04
-1422.32
-1424.59
-1426.87
-1429.15
-1431.43
-1433.7
-1435.98
-1438.26
-1440.54
-1442.81
-1445.09
-1447.37
-1449.64
-1451.92
-1454.2
-1456.47
-1458.75
-1461.03
-1463.3
-1465.58
-1467.85
-1470.13
-1472.41
-1474.68
-1476.96
-1479.23
-1481.51
-1483.78
-1486.06
-1488.33
-1490.61
-1492.88
-1495.16
-1497.43
-1499.71
-1501.98
-1504.26
-1506.53
-1508.81
-1511.08
-1513.35
-1515.63
-1517.9
-1520.18
-1522.45
-1524.72
-1527
-1529.27
-1531.54
-1533.82
-1536.09
-1538.36
-1540.64
-1542.91
-1545.18
-1547.46
-1549.73
-1552
-1554.27
-1556.55
-1558.82
-1561.09
-1563.36
-1565.63
-1567.91
-1570.18
-1572.45
-1574.72
-1576.99
-1579.26
-1581.54
-1583.81
-1586.08
-1588.35
-1590.62
-1592.89
-1595.16
-1597.43
-1599.7
-1601.97
-1604.24
-1606.51
-1608.78
-1611.06
-1613.33
-1615.6
-1617.86
-1620.13
-1622.4
-1624.67
-1626.94
-1629.21
-1631.48
-1633.75
-1636.02
-1638.29
-1640.56
-1642.83
-1645.1
-1647.36
-1649.63
-1651.9
-1654.17
-1656.44
-1658.71
-1660.97
-1663.24
-1665.51
-1667.78
-1670.05
-1672.31
-1674.58
-1676.85
-1679.12
-1681.38
-1683.65
-1685.92
-1688.18
-1690.45
-1692.72
-1694.98
-1697.25
-1699.52
-1701.78
-1704.05
-1706.32
-1708.58
-1710.85
-1713.11
-1715.38
-1717.65
-1719.91
-1722.18
-1724.44
-1726.71
-1728.97
-1731.24
-1733.5
-1735.77
-1738.03
-1740.3
-1742.56
-1744.83
-1747.09
-1749.36
-1751.62
-1753.89
-1756.15
-1758.41
-1760.68
-1762.94
-1765.21
-1767.47
-1769.73
-1772
-1774.26
-1776.52
-1778.79
-1781.05
-1783.31
-1785.57
-1787.84
-1790.1
-1792.36
-1794.63
-1796.89
-1799.15
-1801.41
-1803.68
-1805.94
-1808.2
-1810.46
-1812.72
-1814.98
-1817.25
-1819.51
-1821.77
-1824.03
-1826.29
-1828.55
-1830.81
-1833.08
-1835.34
-1837.6
-1839.86
-1842.12
-1844.38
-1846.64
-1848.9
-1851.16
-1853.42
-1855.68
-1857.94
-1860.2
-1862.46
-1864.72
-1866.98
-1869.24
-1871.5
-1873.76
-1876.02
-1878.27
-1880.53
-1882.79
-1885.05
-1887.31
-1889.57
-1891.83
-1894.09
-1896.34
-1898.6
-1900.86
-1903.12
-1905.38
-1907.63
-1909.89
-1912.15
-1914.41
-1916.66
-1918.92
-1921.18
-1923.44
-1925.69
-1927.95
-1930.21
-1932.46
-1934.72
-1936.98
-1939.23
-1941.49
-1943.75
-1946
-1948.26
-1950.52
-1952.77
-1955.03
-1957.28
-1959.54
-1961.79
-1964.05
-1966.31
-1968.56
-1970.82
-1973.07
-1975.33
-1977.58
-1979.84
-1982.09
-1984.35
-1986.6
-1988.85
-1991.11
-1993.36
-1995.62
-1997.87
-2000.13
-2002.38
-2004.63
-2006.89
-2009.14
-2011.39
-2013.65
-2015.9
-2018.15
-2020.41
-2022.66
-2024.91
-2027.17
-2029.42
-2031.67
-2033.92
-2036.18
-2038.43
-2040.68
-2042.93
-2045.19
-2047.44
-2049.69
-2051.94
-2054.19
-2056.45
-2058.7
-2060.95
-2063.2
-2065.45
-2067.7
-2069.95
-2072.2
-2074.46
-2076.71
-2078.96
-2081.21
-2083.46
-2085.71
-2087.96
-2090.21
-2092.46
-2094.71
-2096.96
-2099.21
-2101.46
-2103.71
-2105.96
-2108.21
-2110.46
-2112.71
-2114.96
-2117.2
-2119.45
-2121.7
-2123.95
-2126.2
-2128.45
-2130.7
-2132.95
-2135.19
-2137.44
-2139.69
-2141.94
-2144.19
-2146.43
-2148.68
-2150.93
-2153.18
-2155.42
-2157.67
-2159.92
-2162.17
-2164.41
-2166.66
-2168.91
-2171.15
-2173.4
-2175.65
-2177.89
-2180.14
-2182.39
-2184.63
-2186.88
-2189.13
-2191.37
-2193.62
-2195.86
-2198.11
-2200.36
-2202.6
-2204.85
-2207.09
-2209.34
-2211.58
-2213.83
-2216.07
-2218.32
-2220.56
-2222.81
-2225.05
-2227.3
-2229.54
-2231.78
-2234.03
-2236.27
-2238.52
-2240.76
-2243
-2245.25
-2247.49
-2249.73
-2251.98
-2254.22
-2256.46
-2258.71
-2260.95
-2263.19
-2265.44
-2267.68
-2269.92
-2272.16
-2274.41
-2276.65
-2278.89
-2281.13
-2283.38
-2285.62
-2287.86
-2290.1
-2292.34
-2294.59
-2296.83
-2299.07
-2301.31
-2303.55
-2305.79
-2308.03
-2310.27
-2312.51
-2314.76
-2317
-2319.24
-2321.48
-2323.72
-2325.96
-2328.2
-2330.44
-2332.68
-2334.92
-2337.16
-2339.4
-2341.64
-2343.88
-2346.12
-2348.36
-2350.6
-2352.83
-2355.07
-2357.31
-2359.55
-2361.79
-2364.03
-2366.27
-2368.51
-2370.74
-2372.98
-2375.22
-2377.46
-2379.7
-2381.93
-2384.17
-2386.41
-2388.65
-2390.89
-2393.12
-2395.36
-2397.6
-2399.83
-2402.07
-2404.31
-2406.55
-2408.78
-2411.02
-2413.26
-2415.49
-2417.73
-2419.96
-2422.2
-2424.44
-2426.67
-2428.91
-2431.14
-2433.38
-2435.62
-2437.85
-2440.09
-2442.32
-2444.56
-2446.79
-2449.03
-2451.26
-2453.5
-2455.73
-2457.97
-2460.2
-2462.44
-2464.67
-2466.91
-2469.14
-2471.37
-2473.61
-2475.84
-2478.08
-2480.31
-2482.54
-2484.78
-2487.01
-2489.24
-2491.48
-2493.71
-2495.94
-2498.18
-2500.41
-2502.64
-2504.87
-2507.11
-2509.34
-2511.57
-2513.8
-2516.04
-2518.27
-2520.5
-2522.73
-2524.96
-2527.2
-2529.43
-2531.66
-2533.89
-2536.12
-2538.35
-2540.58
-2542.81
-2545.05
-2547.28
-2549.51
-2551.74
-2553.97
-2556.2
-2558.43
-2560.66
-2562.89
-2565.12
-2567.35
-2569.58
-2571.81
-2574.04
-2576.27
-2578.5
-2580.73
-2582.96
-2585.19
-2587.42
-2589.65
-2591.87
-2594.1
-2596.33
-2598.56
-2600.79
-2603.02
-2605.25
-2607.47
-2609.7
-2611.93
-2614.16
-2616.39
-2618.61
-2620.84
-2623.07
-2625.3
-2627.52
-2629.75
-2631.98
-2634.21
-2636.43
-2638.66
-2640.89
-2643.11
-2645.34
-2647.57
-2649.79
-2652.02
-2654.25
-2656.47
-2658.7
-2660.92
-2663.15
-2665.38
-2667.6
-2669.83
-2672.05
-2674.28
-2676.5
-2678.73
-2680.95
-2683.18
-2685.4
-2687.63
-2689.85
-2692.08
-2694.3
-2696.53
-2698.75
-2700.98
-2703.2
-2705.42
-2707.65
-2709.87
-2712.1
-2714.32
-2716.54
-2718.77
-2720.99
-2723.21
-2725.44
-2727.66
-2729.88
-2732.11
-2734.33
-2736.55
-2738.77
-2741
-2743.22
-2745.44
-2747.66
-2749.89
-2752.11
-2754.33
-2756.55
-2758.77
-2760.99
-2763.22
-2765.44
-2767.66
-2769.88
-2772.1
-2774.32
-2776.54
-2778.76
-2780.99
-2783.21
-2785.43
-2787.65
-2789.87
-2792.09
-2794.31
-2796.53
-2798.75
-2800.97
-2803.19
-2805.41
-2807.63
-2809.85
-2812.07
-2814.29
-2816.51
-2818.72
-2820.94
-2823.16
-2825.38
-2827.6
-2829.82
-2832.04
-2834.26
-2836.47
-2838.69
-2840.91
-2843.13
-2845.35
-2847.56
-2849.78
-2852
-2854.22
-2856.44
-2858.65
-2860.87
-2863.09
-2865.3
-2867.52
-2869.74
-2871.96
-2874.17
-2876.39
-2878.61
-2880.82
-2883.04
-2885.25
-2887.47
-2889.69
-2891.9
-2894.12
-2896.33
-2898.55
-2900.77
-2902.98
-2905.2
-2907.41
-2909.63
-2911.84
-2914.06
-2916.27
-2918.49
-2920.7
-2922.92
-2925.13
-2927.35
-2929.56
-2931.77
-2933.99
-2936.2
-2938.42
-2940.63
-2942.84
-2945.06
-2947.27
-2949.48
-2951.7
-2953.91
-2956.12
-2958.34
-2960.55
-2962.76
-2964.98
-2967.19
-2969.4
-2971.61
-2973.83
-2976.04
-2978.25
-2980.46
-2982.68
-2984.89
-2987.1
-2989.31
-2991.52
-2993.73
-2995.95
-2998.16
-3000.37
-3002.58
-3004.79
-3007
-3009.21
-3011.42
-3013.63
-3015.84
-3018.05
-3020.27
-3022.48
-3024.69
-3026.9
-3029.11
-3031.32
-3033.53
-3035.73
-3037.94
-3040.15
-3042.36
-3044.57
-3046.78
-3048.99
-3051.2
-3053.41
-3055.62
-3057.83
-3060.04
-3062.24
-3064.45
-3066.66
-3068.87
-3071.08
-3073.29
-3075.49
-3077.7
-3079.91
-3082.12
-3084.32
-3086.53
-3088.74
-3090.95
-3093.15
-3095.36
-3097.57
-3099.77
-3101.98
-3104.19
-3106.39
-3108.6
-3110.81
-3113.01
-3115.22
-3117.43
-3119.63
-3121.84
-3124.04
-3126.25
-3128.45
-3130.66
-3132.87
-3135.07
-3137.28
-3139.48
-3141.69
-3143.89
-3146.1
-3148.3
-3150.51
-3152.71
-3154.91
-3157.12
-3159.32
-3161.53
-3163.73
-3165.94
-3168.14
-3170.34
-3172.55
-3174.75
-3176.95
-3179.16
-3181.36
-3183.56
-3185.77
-3187.97
-3190.17
-3192.38
-3194.58
-3196.78
-3198.98
-3201.19
-3203.39
-3205.59
-3207.79
-3209.99
-3212.2
-3214.4
-3216.6
-3218.8
-3221
-3223.2
-3225.41
-3227.61
-3229.81
-3232.01
-3234.21
-3236.41
-3238.61
-3240.81
-3243.01
-3245.21
-3247.41
-3249.61
-3251.81
-3254.01
-3256.21
-3258.41
-3260.61
-3262.81
-3265.01
-3267.21
-3269.41
-3271.61
-3273.81
-3276.01
-3278.21
-3280.41
-3282.61
-3284.8
-3287
-3289.2
-3291.4
-3293.6
-3295.8
-3298
-3300.19
-3302.39
-3304.59
-3306.79
-3308.98
-3311.18
-3313.38
-3315.58
-3317.77
-3319.97
-3322.17
-3324.36
-3326.56
-3328.76
-3330.96
-3333.15
-3335.35
-3337.54
-3339.74
-3341.94
-3344.13
-3346.33
-3348.52
-3350.72
-3352.92
-3355.11
-3357.31
-3359.5
-3361.7
-3363.89
-3366.09
-3368.28
-3370.48
-3372.67
-3374.87
-3377.06
-3379.26
-3381.45
-3383.65
-3385.84
-3388.03
-3390.23
-3392.42
-3394.62
-3396.81
-3399
-3401.2
-3403.39
-3405.58
-3407.78
-3409.97
-3412.16
-3414.35
-3416.55
-3418.74
-3420.93
-3423.13
-3425.32
-3427.51
-3429.7
-3431.89
-3434.09
-3436.28
-3438.47
-3440.66
-3442.85
-3445.05
-3447.24
-3449.43
-3451.62
-3453.81
-3456
-3458.19
-3460.38
-3462.57
-3464.76
-3466.96
-3469.15
-3471.34
-3473.53
-3475.72
-3477.91
-3480.1
-3482.29
-3484.48
-3486.67
-3488.86
-3491.05
-3493.23
-3495.42
-3497.61
-3499.8
-3501.99
-3504.18
-3506.37
-3508.56
-3510.75
-3512.93
-3515.12
-3517.31
-3519.5
-3521.69
-3523.88
-3526.06
-3528.25
-3530.44
-3532.63
-3534.81
-3537
-3539.19
-3541.38
-3543.56
-3545.75
-3547.94
-3550.12
-3552.31
-3554.5
-3556.68
-3558.87
-3561.06
-3563.24
-3565.43
-3567.61
-3569.8
-3571.99
-3574.17
-3576.36
-3578.54
-3580.73
-3582.91
-3585.1
-3587.28
-3589.47
-3591.65
-3593.84
-3596.02
-3598.21
-3600.39
-3602.58
-3604.76
-3606.95
-3609.13
-3611.31
-3613.5
-3615.68
-3617.87
-3620.05
-3622.23
-3624.42
-3626.6
-3628.78
-3630.97
-3633.15
-3635.33
-3637.51
-3639.7
-3641.88
-3644.06
-3646.25
-3648.43
-3650.61
-3652.79
-3654.97
-3657.16
-3659.34
-3661.52
-3663.7
-3665.88
-3668.06
-3670.25
-3672.43
-3674.61
-3676.79
-3678.97
-3681.15
-3683.33
-3685.51
-3687.69
-3689.87
-3692.05
-3694.23
-3696.41
-3698.59
-3700.77
-3702.95
-3705.13
-3707.31
-3709.49
-3711.67
-3713.85
-3716.03
-3718.21
-3720.39
-3722.57
-3724.75
-3726.93
-3729.11
-3731.28
-3733.46
-3735.64
-3737.82
-3740
-3742.18
-3744.35
-3746.53
-3748.71
-3750.89
-3753.06
-3755.24
-3757.42
-3759.6
-3761.77
-3763.95
-3766.13
-3768.3
-3770.48
-3772.66
-3774.83
-3777.01
-3779.19
-3781.36
-3783.54
-3785.72
-3787.89
-3790.07
-3792.24
-3794.42
-3796.6
-3798.77
-3800.95
-3803.12
-3805.3
-3807.47
-3809.65
-3811.82
-3814
-3816.17
-3818.35
-3820.52
-3822.69
-3824.87
-3827.04
-3829.22
-3831.39
-3833.57
-3835.74
-3837.91
-3840.09
-3842.26
-3844.43
-3846.61
-3848.78
-3850.95
-3853.13
-3855.3
-3857.47
-3859.64
-3861.82
-3863.99
-3866.16
-3868.33
-3870.51
-3872.68
-3874.85
-3877.02
-3879.19
-3881.37
-3883.54
-3885.71
-3887.88
-3890.05
-3892.22
-3894.39
-3896.56
-3898.74
-3900.91
-3903.08
-3905.25
-3907.42
-3909.59
-3911.76
-3913.93
-3916.1
-3918.27
-3920.44
-3922.61
-3924.78
-3926.95
-3929.12
-3931.29
-3933.46
-3935.63
-3937.79
-3939.96
-3942.13
-3944.3
-3946.47
-3948.64
-3950.81
-3952.98
-3955.14
-3957.31
-3959.48
-3961.65
-3963.82
-3965.98
-3968.15
-3970.32
-3972.49
-3974.65
-3976.82
-3978.99
-3981.16
-3983.32
-3985.49
-3987.66
-3989.82
-3991.99
-3994.16
-3996.32
-3998.49
-4000.66
-4002.82
-4004.99
-4007.15
-4009.32
-4011.48
-4013.65
-4015.82
-4017.98
-4020.15
-4022.31
-4024.48
-4026.64
-4028.81
-4030.97
-4033.14
-4035.3
-4037.46
-4039.63
-4041.79
-4043.96
-4046.12
-4048.29
-4050.45
-4052.61
-4054.78
-4056.94
-4059.1
-4061.27
-4063.43
-4065.59
-4067.76
-4069.92
-4072.08
-4074.25
-4076.41
-4078.57
-4080.73
-4082.9
-4085.06
-4087.22
-4089.38
-4091.54
-4093.71
-4095.87
-4098.03
-4100.19
-4102.35
-4104.51
-4106.67
-4108.84
-4111
-4113.16
-4115.32
-4117.48
-4119.64
-4121.8
-4123.96
-4126.12
-4128.28
-4130.44
-4132.6
-4134.76
-4136.92
-4139.08
-4141.24
-4143.4
-4145.56
-4147.72
-4149.88
-4152.04
-4154.2
-4156.36
-4158.51
-4160.67
-4162.83
-4164.99
-4167.15
-4169.31
-4171.47
-4173.62
-4175.78
-4177.94
-4180.1
-4182.25
-4184.41
-4186.57
-4188.73
-4190.88
-4193.04
-4195.2
-4197.36
-4199.51
-4201.67
-4203.83
-4205.98
-4208.14
-4210.3
-4212.45
-4214.61
-4216.76
-4218.92
-4221.08
-4223.23
-4225.39
-4227.54
-4229.7
-4231.85
-4234.01
-4236.16
-4238.32
-4240.47
-4242.63
-4244.78
-4246.94
-4249.09
-4251.25
-4253.4
-4255.56
-4257.71
-4259.86
-4262.02
-4264.17
-4266.33
-4268.48
-4270.63
-4272.79
-4274.94
-4277.09
-4279.25
-4281.4
-4283.55
-4285.71
-4287.86
-4290.01
-4292.16
-4294.32
-4296.47
-4298.62
-4300.77
-4302.92
-4305.08
-4307.23
-4309.38
-4311.53
-4313.68
-4315.83
-4317.99
-4320.14
-4322.29
-4324.44
-4326.59
-4328.74
-4330.89
-4333.04
-4335.19
-4337.34
-4339.49
-4341.64
-4343.79
-4345.94
-4348.09
-4350.24
-4352.39
-4354.54
-4356.69
-4358.84
-4360.99
-4363.14
-4365.29
-4367.44
-4369.59
-4371.73
-4373.88
-4376.03
-4378.18
-4380.33
-4382.48
-4384.62
-4386.77
-4388.92
-4391.07
-4393.22
-4395.36
-4397.51
-4399.66
-4401.81
-4403.95
-4406.1
-4408.25
-4410.39
-4412.54
-4414.69
-4416.83
-4418.98
-4421.13
-4423.27
-4425.42
-4427.57
-4429.71
-4431.86
-4434
-4436.15
-4438.29
-4440.44
-4442.59
-4444.73
-4446.88
-4449.02
-4451.17
-4453.31
-4455.46
-4457.6
-4459.74
-4461.89
-4464.03
-4466.18
-4468.32
-4470.47
-4472.61
-4474.75
-4476.9
-4479.04
-4481.18
-4483.33
-4485.47
-4487.61
-4489.76
-4491.9
-4494.04
-4496.19
-4498.33
-4500.47
-4502.61
-4504.76
-4506.9
-4509.04
-4511.18
-4513.32
-4515.47
-4517.61
-4519.75
-4521.89
-4524.03
-4526.17
-4528.32
-4530.46
-4532.6
-4534.74
-4536.88
-4539.02
-4541.16
-4543.3
-4545.44
-4547.58
-4549.72
-4551.86
-4554
-4556.14
-4558.28
-4560.42
-4562.56
-4564.7
-4566.84
-4568.98
-4571.12
-4573.26
-4575.4
-4577.54
-4579.67
-4581.81
-4583.95
-4586.09
-4588.23
-4590.37
-4592.51
-4594.64
-4596.78
-4598.92
-4601.06
-4603.19
-4605.33
-4607.47
-4609.61
-4611.74
-4613.88
-4616.02
-4618.15
-4620.29
-4622.43
-4624.56
-4626.7
-4628.84
-4630.97
-4633.11
-4635.25
-4637.38
-4639.52
-4641.65
-4643.79
-4645.93
-4648.06
-4650.2
-4652.33
-4654.47
-4656.6
-4658.74
-4660.87
-4663.01
-4665.14
-4667.28
-4669.41
-4671.54
-4673.68
-4675.81
-4677.95
-4680.08
-4682.21
-4684.35
-4686.48
-4688.61
-4690.75
-4692.88
-4695.01
-4697.15
-4699.28
-4701.41
-4703.55
-4705.68
-4707.81
-4709.94
-4712.08
-4714.21
-4716.34
-4718.47
-4720.6
-4722.74
-4724.87
-4727
-4729.13
-4731.26
-4733.39
-4735.52
-4737.66
-4739.79
-4741.92
-4744.05
-4746.18
-4748.31
-4750.44
-4752.57
-4754.7
-4756.83
-4758.96
-4761.09
-4763.22
-4765.35
-4767.48
-4769.61
-4771.74
-4773.87
-4776
-4778.13
-4780.26
-4782.38
-4784.51
-4786.64
-4788.77
-4790.9
-4793.03
-4795.16
-4797.28
-4799.41
-4801.54
-4803.67
-4805.8
-4807.92
-4810.05
-4812.18
-4814.31
-4816.43
-4818.56
-4820.69
-4822.81
-4824.94
-4827.07
-4829.19
-4831.32
-4833.45
-4835.57
-4837.7
-4839.82
-4841.95
-4844.08
-4846.2
-4848.33
-4850.45
-4852.58
-4854.7
-4856.83
-4858.95
-4861.08
-4863.2
-4865.33
-4867.45
-4869.58
-4871.7
-4873.83
-4875.95
-4878.08
-4880.2
-4882.32
-4884.45
-4886.57
-4888.7
-4890.82
-4892.94
-4895.07
-4897.19
-4899.31
-4901.44
-4903.56
-4905.68
-4907.8
-4909.93
-4912.05
-4914.17
-4916.29
-4918.42
-4920.54
-4922.66
-4924.78
-4926.9
-4929.02
-4931.15
-4933.27
-4935.39
-4937.51
-4939.63
-4941.75
-4943.87
-4945.99
-4948.11
-4950.24
-4952.36
-4954.48
-4956.6
-4958.72
-4960.84
-4962.96
-4965.08
-4967.2
-4969.32
-4971.44
-4973.56
-4975.67
-4977.79
-4979.91
-4982.03
-4984.15
-4986.27
-4988.39
-4990.51
-4992.63
-4994.74
-4996.86
-4998.98
-5001.1
-5003.22
-5005.33
-5007.45
-5009.57
-5011.69
-5013.8
-5015.92
-5018.04
-5020.16
-5022.27
-5024.39
-5026.51
-5028.62
-5030.74
-5032.86
-5034.97
-5037.09
-5039.21
-5041.32
-5043.44
-5045.55
-5047.67
-5049.78
-5051.9
-5054.02
-5056.13
-5058.25
-5060.36
-5062.48
-5064.59
-5066.71
-5068.82
-5070.93
-5073.05
-5075.16
-5077.28
-5079.39
-5081.51
-5083.62
-5085.73
-5087.85
-5089.96
-5092.07
-5094.19
-5096.3
-5098.41
-5100.53
-5102.64
-5104.75
-5106.87
-5108.98
-5111.09
-5113.2
-5115.32
-5117.43
-5119.54
-5121.65
-5123.76
-5125.88
-5127.99
-5130.1
-5132.21
-5134.32
-5136.43
-5138.54
-5140.66
-5142.77
-5144.88
-5146.99
-5149.1
-5151.21
-5153.32
-5155.43
-5157.54
-5159.65
-5161.76
-5163.87
-5165.98
-5168.09
-5170.2
-5172.31
-5174.42
-5176.53
-5178.64
-5180.74
-5182.85
-5184.96
-5187.07
-5189.18
-5191.29
-5193.4
-5195.5
-5197.61
-5199.72
-5201.83
-5203.94
-5206.04
-5208.15
-5210.26
-5212.37
-5214.47
-5216.58
-5218.69
-5220.8
-5222.9
-5225.01
-5227.12
-5229.22
-5231.33
-5233.44
-5235.54
-5237.65
-5239.75
-5241.86
-5243.97
-5246.07
-5248.18
-5250.28
-5252.39
-5254.49
-5256.6
-5258.7
-5260.81
-5262.91
-5265.02
-5267.12
-5269.23
-5271.33
-5273.44
-5275.54
-5277.64
-5279.75
-5281.85
-5283.96
-5286.06
-5288.16
-5290.27
-5292.37
-5294.47
-5296.58
-5298.68
-5300.78
-5302.88
-5304.99
-5307.09
-5309.19
-5311.29
-5313.4
-5315.5
-5317.6
-5319.7
-5321.8
-5323.91
-5326.01
-5328.11
-5330.21
-5332.31
-5334.41
-5336.51
-5338.61
-5340.72
-5342.82
-5344.92
-5347.02
-5349.12
-5351.22
-5353.32
-5355.42
-5357.52
-5359.62
-5361.72
-5363.82
-5365.92
-5368.02
-5370.12
-5372.22
-5374.31
-5376.41
-5378.51
-5380.61
-5382.71
-5384.81
-5386.91
-5389
-5391.1
-5393.2
-5395.3
-5397.4
-5399.49
-5401.59
-5403.69
-5405.79
-5407.89
-5409.98
-5412.08
-5414.18
-5416.27
-5418.37
-5420.47
-5422.56
-5424.66
-5426.76
-5428.85
-5430.95
-5433.05
-5435.14
-5437.24
-5439.33
-5441.43
-5443.52
-5445.62
-5447.71
-5449.81
-5451.9
-5454
-5456.09
-5458.19
-5460.28
-5462.38
-5464.47
-5466.57
-5468.66
-5470.76
-5472.85
-5474.94
-5477.04
-5479.13
-5481.22
-5483.32
-5485.41
-5487.5
-5489.6
-5491.69
-5493.78
-5495.88
-5497.97
-5500.06
-5502.15
-5504.25
-5506.34
-5508.43
-5510.52
-5512.61
-5514.71
-5516.8
-5518.89
-5520.98
-5523.07
-5525.16
-5527.26
-5529.35
-5531.44
-5533.53
-5535.62
-5537.71
-5539.8
-5541.89
-5543.98
-5546.07
-5548.16
-5550.25
-5552.34
-5554.43
-5556.52
-5558.61
-5560.7
-5562.79
-5564.88
-5566.97
-5569.06
-5571.14
-5573.23
-5575.32
-5577.41
-5579.5
-5581.59
-5583.67
-5585.76
-5587.85
-5589.94
-5592.03
-5594.11
-5596.2
-5598.29
-5600.38
-5602.46
-5604.55
-5606.64
-5608.72
-5610.81
-5612.9
-5614.98
-5617.07
-5619.16
-5621.24
-5623.33
-5625.42
-5627.5
-5629.59
-5631.67
-5633.76
-5635.84
-5637.93
-5640.01
-5642.1
-5644.18
-5646.27
-5648.35
-5650.44
-5652.52
-5654.61
-5656.69
-5658.78
-5660.86
-5662.94
-5665.03
-5667.11
-5669.2
-5671.28
-5673.36
-5675.45
-5677.53
-5679.61
-5681.7
-5683.78
-5685.86
-5687.94
-5690.03
-5692.11
-5694.19
-5696.27
-5698.36
-5700.44
-5702.52
-5704.6
-5706.68
-5708.76
-5710.85
-5712.93
-5715.01
-5717.09
-5719.17
-5721.25
-5723.33
-5725.41
-5727.49
-5729.57
-5731.65
-5733.73
-5735.81
-5737.89
-5739.97
-5742.05
-5744.13
-5746.21
-5748.29
-5750.37
-5752.45
-5754.53
-5756.61
-5758.69
-5760.77
-5762.85
-5764.92
-5767
-5769.08
-5771.16
-5773.24
-5775.32
-5777.39
-5779.47
-5781.55
-5783.63
-5785.7
-5787.78
-5789.86
-5791.94
-5794.01
-5796.09
-5798.17
-5800.24
-5802.32
-5804.4
-5806.47
-5808.55
-5810.62
-5812.7
-5814.78
-5816.85
-5818.93
-5821
-5823.08
-5825.15
-5827.23
-5829.3
-5831.38
-5833.45
-5835.53
-5837.6
-5839.68
-5841.75
-5843.83
-5845.9
-5847.98
-5850.05
-5852.12
-5854.2
-5856.27
-5858.34
-5860.42
-5862.49
-5864.56
-5866.64
-5868.71
-5870.78
-5872.86
-5874.93
-5877
-5879.07
-5881.15
-5883.22
-5885.29
-5887.36
-5889.43
-5891.51
-5893.58
-5895.65
-5897.72
-5899.79
-5901.86
-5903.93
-5906
-5908.07
-5910.15
-5912.22
-5914.29
-5916.36
-5918.43
-5920.5
-5922.57
-5924.64
-5926.71
-5928.78
-5930.85
-5932.92
-5934.99
-5937.05
-5939.12
-5941.19
-5943.26
-5945.33
-5947.4
-5949.47
-5951.54
-5953.6
-5955.67
-5957.74
-5959.81
-5961.88
-5963.94
-5966.01
-5968.08
-5970.15
-5972.21
-5974.28
-5976.35
-5978.42
-5980.48
-5982.55
-5984.62
-5986.68
-5988.75
-5990.82
-5992.88
-5994.95
-5997.01
-5999.08
-6001.15
-6003.21
-6005.28
-6007.34
-6009.41
-6011.47
-6013.54
-6015.6
-6017.67
-6019.73
-6021.8
-6023.86
-6025.93
-6027.99
-6030.05
-6032.12
-6034.18
-6036.25
-6038.31
-6040.37
-6042.44
-6044.5
-6046.56
-6048.63
-6050.69
-6052.75
-6054.81
-6056.88
-6058.94
-6061
-6063.06
-6065.13
-6067.19
-6069.25
-6071.31
-6073.37
-6075.44
-6077.5
-6079.56
-6081.62
-6083.68
-6085.74
-6087.8
-6089.86
-6091.92
-6093.99
-6096.05
-6098.11
-6100.17
-6102.23
-6104.29
-6106.35
-6108.41
-6110.47
-6112.53
-6114.59
-6116.64
-6118.7
-6120.76
-6122.82
-6124.88
-6126.94
-6129
-6131.06
-6133.12
-6135.17
-6137.23
-6139.29
-6141.35
-6143.41
-6145.46
-6147.52
-6149.58
-6151.64
-6153.69
-6155.75
-6157.81
-6159.86
-6161.92
-6163.98
-6166.03
-6168.09
-6170.15
-6172.2
-6174.26
-6176.32
-6178.37
-6180.43
-6182.48
-6184.54
-6186.59
-6188.65
-6190.7
-6192.76
-6194.81
-6196.87
-6198.92
-6200.98
-6203.03
-6205.09
-6207.14
-6209.2
-6211.25
-6213.3
-6215.36
-6217.41
-6219.47
-6221.52
-6223.57
-6225.63
-6227.68
-6229.73
-6231.78
-6233.84
-6235.89
-6237.94
-6240
-6242.05
-6244.1
-6246.15
-6248.2
-6250.26
-6252.31
-6254.36
-6256.41
-6258.46
-6260.51
-6262.56
-6264.62
-6266.67
-6268.72
-6270.77
-6272.82
-6274.87
-6276.92
-6278.97
-6281.02
-6283.07
-6285.12
-6287.17
-6289.22
-6291.27
-6293.32
-6295.37
-6297.42
-6299.47
-6301.51
-6303.56
-6305.61
-6307.66
-6309.71
-6311.76
-6313.81
-6315.85
-6317.9
-6319.95
-6322
-6324.05
-6326.09
-6328.14
-6330.19
-6332.23
-6334.28
-6336.33
-6338.38
-6340.42
-6342.47
-6344.52
-6346.56
-6348.61
-6350.65
-6352.7
-6354.75
-6356.79
-6358.84
-6360.88
-6362.93
-6364.97
-6367.02
-6369.06
-6371.11
-6373.15
-6375.2
-6377.24
-6379.29
-6381.33
-6383.38
-6385.42
-6387.46
-6389.51
-6391.55
-6393.6
-6395.64
-6397.68
-6399.73
-6401.77
-6403.81
-6405.86
-6407.9
-6409.94
-6411.98
-6414.03
-6416.07
-6418.11
-6420.15
-6422.2
-6424.24
-6426.28
-6428.32
-6430.36
-6432.4
-6434.45
-6436.49
-6438.53
-6440.57
-6442.61
-6444.65
-6446.69
-6448.73
-6450.77
-6452.81
-6454.85
-6456.89
-6458.93
-6460.97
-6463.01
-6465.05
-6467.09
-6469.13
-6471.17
-6473.21
-6475.25
-6477.29
-6479.32
-6481.36
-6483.4
-6485.44
-6487.48
-6489.52
-6491.55
-6493.59
-6495.63
-6497.67
-6499.71
-6501.74
-6503.78
-6505.82
-6507.85
-6509.89
-6511.93
-6513.96
-6516
-6518.04
-6520.07
-6522.11
-6524.15
-6526.18
-6528.22
-6530.25
-6532.29
-6534.33
-6536.36
-6538.4
-6540.43
-6542.47
-6544.5
-6546.54
-6548.57
-6550.61
-6552.64
-6554.67
-6556.71
-6558.74
-6560.78
-6562.81
-6564.84
-6566.88
-6568.91
-6570.94
-6572.98
-6575.01
-6577.04
-6579.08
-6581.11
-6583.14
-6585.17
-6587.21
-6589.24
-6591.27
-6593.3
-6595.34
-6597.37
-6599.4
-6601.43
-6603.46
-6605.49
-6607.52
-6609.56
-6611.59
-6613.62
-6615.65
-6617.68
-6619.71
-6621.74
-6623.77
-6625.8
-6627.83
-6629.86
-6631.89
-6633.92
-6635.95
-6637.98
-6640.01
-6642.04
-6644.07
-6646.1
-6648.12
-6650.15
-6652.18
-6654.21
-6656.24
-6658.27
-6660.29
-6662.32
-6664.35
-6666.38
-6668.41
-6670.43
-6672.46
-6674.49
-6676.51
-6678.54
-6680.57
-6682.6
-6684.62
-6686.65
-6688.68
-6690.7
-6692.73
-6694.75
-6696.78
-6698.81
-6700.83
-6702.86
-6704.88
-6706.91
-6708.93
-6710.96
-6712.98
-6715.01
-6717.03
-6719.06
-6721.08
-6723.11
-6725.13
-6727.15
-6729.18
-6731.2
-6733.23
-6735.25
-6737.27
-6739.3
-6741.32
-6743.34
-6745.37
-6747.39
-6749.41
-6751.43
-6753.46
-6755.48
-6757.5
-6759.52
-6761.55
-6763.57
-6765.59
-6767.61
-6769.63
-6771.65
-6773.67
-6775.7
-6777.72
-6779.74
-6781.76
-6783.78
-6785.8
-6787.82
-6789.84
-6791.86
-6793.88
-6795.9
-6797.92
-6799.94
-6801.96
-6803.98
-6806
-6808.02
-6810.04
-6812.06
-6814.08
-6816.09
-6818.11
-6820.13
-6822.15
-6824.17
-6826.19
-6828.2
-6830.22
-6832.24
-6834.26
-6836.27
-6838.29
-6840.31
-6842.33
-6844.34
-6846.36
-6848.38
-6850.39
-6852.41
-6854.43
-6856.44
-6858.46
-6860.48
-6862.49
-6864.51
-6866.52
-6868.54
-6870.55
-6872.57
-6874.58
-6876.6
-6878.61
-6880.63
-6882.64
-6884.66
-6886.67
-6888.69
-6890.7
-6892.72
-6894.73
-6896.74
-6898.76
-6900.77
-6902.78
-6904.8
-6906.81
-6908.82
-6910.84
-6912.85
-6914.86
-6916.87
-6918.89
-6920.9
-6922.91
-6924.92
-6926.94
-6928.95
-6930.96
-6932.97
-6934.98
-6936.99
-6939
-6941.02
-6943.03
-6945.04
-6947.05
-6949.06
-6951.07
-6953.08
-6955.09
-6957.1
-6959.11
-6961.12
-6963.13
-6965.14
-6967.15
-6969.16
-6971.17
-6973.18
-6975.19
-6977.19
-6979.2
-6981.21
-6983.22
-6985.23
-6987.24
-6989.24
-6991.25
-6993.26
-6995.27
-6997.28
-6999.28
-7001.29
-7003.3
-7005.3
-7007.31
-7009.32
-7011.33
-7013.33
-7015.34
-7017.34
-7019.35
-7021.36
-7023.36
-7025.37
-7027.37
-7029.38
-7031.39
-7033.39
-7035.4
-7037.4
-7039.41
-7041.41
-7043.42
-7045.42
-7047.42
-7049.43
-7051.43
-7053.44
-7055.44
-7057.45
-7059.45
-7061.45
-7063.46
-7065.46
-7067.46
-7069.47
-7071.47
-7073.47
-7075.47
-7077.48
-7079.48
-7081.48
-7083.48
-7085.49
-7087.49
-7089.49
-7091.49
-7093.49
-7095.49
-7097.5
-7099.5
-7101.5
-7103.5
-7105.5
-7107.5
-7109.5
-7111.5
-7113.5
-7115.5
-7117.5
-7119.5
-7121.5
-7123.5
-7125.5
-7127.5
-7129.5
-7131.5
-7133.5
-7135.5
-7137.5
-7139.49
-7141.49
-7143.49
-7145.49
-7147.49
-7149.49
-7151.48
-7153.48
-7155.48
-7157.48
-7159.47
-7161.47
-7163.47
-7165.47
-7167.46
-7169.46
-7171.46
-7173.45
-7175.45
-7177.44
-7179.44
-7181.44
-7183.43
-7185.43
-7187.42
-7189.42
-7191.41
-7193.41
-7195.4
-7197.4
-7199.39
-7201.39
-7203.38
-7205.38
-7207.37
-7209.37
-7211.36
-7213.35
-7215.35
-7217.34
-7219.34
-7221.33
-7223.32
-7225.32
-7227.31
-7229.3
-7231.29
-7233.29
-7235.28
-7237.27
-7239.26
-7241.26
-7243.25
-7245.24
-7247.23
-7249.22
-7251.22
-7253.21
-7255.2
-7257.19
-7259.18
-7261.17
-7263.16
-7265.15
-7267.14
-7269.13
-7271.12
-7273.11
-7275.1
-7277.09
-7279.08
-7281.07
-7283.06
-7285.05
-7287.04
-7289.03
-7291.02
-7293.01
-7295
-7296.98
-7298.97
-7300.96
-7302.95
-7304.94
-7306.92
-7308.91
-7310.9
-7312.89
-7314.87
-7316.86
-7318.85
-7320.84
-7322.82
-7324.81
-7326.8
-7328.78
-7330.77
-7332.76
-7334.74
-7336.73
-7338.71
-7340.7
-7342.68
-7344.67
-7346.66
-7348.64
-7350.63
-7352.61
-7354.59
-7356.58
-7358.56
-7360.55
-7362.53
-7364.52
-7366.5
-7368.48
-7370.47
-7372.45
-7374.44
-7376.42
-7378.4
-7380.38
-7382.37
-7384.35
-7386.33
-7388.32
-7390.3
-7392.28
-7394.26
-7396.24
-7398.23
-7400.21
-7402.19
-7404.17
-7406.15
-7408.13
-7410.11
-7412.1
-7414.08
-7416.06
-7418.04
-7420.02
-7422
-7423.98
-7425.96
-7427.94
-7429.92
-7431.9
-7433.88
-7435.86
-7437.84
-7439.82
-7441.79
-7443.77
-7445.75
-7447.73
-7449.71
-7451.69
-7453.67
-7455.64
-7457.62
-7459.6
-7461.58
-7463.55
-7465.53
-7467.51
-7469.49
-7471.46
-7473.44
-7475.42
-7477.39
-7479.37
-7481.35
-7483.32
-7485.3
-7487.27
-7489.25
-7491.23
-7493.2
-7495.18
-7497.15
-7499.13
-7501.1
-7503.08
-7505.05
-7507.03
-7509
-7510.98
-7512.95
-7514.92
-7516.9
-7518.87
-7520.85
-7522.82
-7524.79
-7526.77
-7528.74
-7530.71
-7532.68
-7534.66
-7536.63
-7538.6
-7540.57
-7542.55
-7544.52
-7546.49
-7548.46
-7550.43
-7552.41
-7554.38
-7556.35
-7558.32
-7560.29
-7562.26
-7564.23
-7566.2
-7568.17
-7570.14
-7572.11
-7574.08
-7576.05
-7578.02
-7579.99
-7581.96
-7583.93
-7585.9
-7587.87
-7589.84
-7591.81
-7593.78
-7595.75
-7597.71
-7599.68
-7601.65
-7603.62
-7605.59
-7607.55
-7609.52
-7611.49
-7613.46
-7615.42
-7617.39
-7619.36
-7621.33
-7623.29
-7625.26
-7627.23
-7629.19
-7631.16
-7633.12
-7635.09
-7637.06
-7639.02
-7640.99
-7642.95
-7644.92
-7646.88
-7648.85
-7650.81
-7652.78
-7654.74
-7656.71
-7658.67
-7660.63
-7662.6
-7664.56
-7666.53
-7668.49
-7670.45
-7672.42
-7674.38
-7676.34
-7678.31
-7680.27
-7682.23
-7684.19
-7686.16
-7688.12
-7690.08
-7692.04
-7694
-7695.97
-7697.93
-7699.89
-7701.85
-7703.81
-7705.77
-7707.73
-7709.69
-7711.65
-7713.61
-7715.57
-7717.53
-7719.49
-7721.45
-7723.41
-7725.37
-7727.33
-7729.29
-7731.25
-7733.21
-7735.17
-7737.13
-7739.09
-7741.05
-7743
-7744.96
-7746.92
-7748.88
-7750.84
-7752.79
-7754.75
-7756.71
-7758.67
-7760.62
-7762.58
-7764.54
-7766.49
-7768.45
-7770.41
-7772.36
-7774.32
-7776.28
-7778.23
-7780.19
-7782.14
-7784.1
-7786.05
-7788.01
-7789.96
-7791.92
-7793.87
-7795.83
-7797.78
-7799.74
-7801.69
-7803.65
-7805.6
-7807.55
-7809.51
-7811.46
-7813.41
-7815.37
-7817.32
-7819.27
-7821.23
-7823.18
-7825.13
-7827.08
-7829.04
-7830.99
-7832.94
-7834.89
-7836.84
-7838.8
-7840.75
-7842.7
-7844.65
-7846.6
-7848.55
-7850.5
-7852.45
-7854.4
-7856.35
-7858.3
-7860.25
-7862.2
-7864.15
-7866.1
-7868.05
-7870
-7871.95
-7873.9
-7875.85
-7877.8
-7879.75
-7881.7
-7883.64
-7885.59
-7887.54
-7889.49
-7891.44
-7893.38
-7895.33
-7897.28
-7899.23
-7901.17
-7903.12
-7905.07
-7907.01
-7908.96
-7910.91
-7912.85
-7914.8
-7916.75
-7918.69
-7920.64
-7922.58
-7924.53
-7926.47
-7928.42
-7930.36
-7932.31
-7934.25
-7936.2
-7938.14
-7940.09
-7942.03
-7943.98
-7945.92
-7947.86
-7949.81
-7951.75
-7953.69
-7955.64
-7957.58
-7959.52
-7961.46
-7963.41
-7965.35
-7967.29
-7969.23
-7971.18
-7973.12
-7975.06
-7977
-7978.94
-7980.88
-7982.83
-7984.77
-7986.71
-7988.65
-7990.59
-7992.53
-7994.47
-7996.41
-7998.35
-8000.29
-8002.23
-8004.17
-8006.11
-8008.05
-8009.99
-8011.93
-8013.87
-8015.8
-8017.74
-8019.68
-8021.62
-8023.56
-8025.5
-8027.43
-8029.37
-8031.31
-8033.25
-8035.18
-8037.12
-8039.06
-8040.99
-8042.93
-8044.87
-8046.8
-8048.74
-8050.68
-8052.61
-8054.55
-8056.48
-8058.42
-8060.36
-8062.29
-8064.23
-8066.16
-8068.1
-8070.03
-8071.97
-8073.9
-8075.83
-8077.77
-8079.7
-8081.64
-8083.57
-8085.5
-8087.44
-8089.37
-8091.3
-8093.24
-8095.17
-8097.1
-8099.03
-8100.97
-8102.9
-8104.83
-8106.76
-8108.7
-8110.63
-8112.56
-8114.49
-8116.42
-8118.35
-8120.28
-8122.21
-8124.14
-8126.08
-8128.01
-8129.94
-8131.87
-8133.8
-8135.73
-8137.66
-8139.58
-8141.51
-8143.44
-8145.37
-8147.3
-8149.23
-8151.16
-8153.09
-8155.02
-8156.94
-8158.87
-8160.8
-8162.73
-8164.66
-8166.58
-8168.51
-8170.44
-8172.36
-8174.29
-8176.22
-8178.14
-8180.07
-8182
-8183.92
-8185.85
-8187.77
-8189.7
-8191.63
-8193.55
-8195.48
-8197.4
-8199.33
-8201.25
-8203.18
-8205.1
-8207.03
-8208.95
-8210.87
-8212.8
-8214.72
-8216.64
-8218.57
-8220.49
-8222.41
-8224.34
-8226.26
-8228.18
-8230.11
-8232.03
-8233.95
-8235.87
-8237.79
-8239.72
-8241.64
-8243.56
-8245.48
-8247.4
-8249.32
-8251.24
-8253.17
-8255.09
-8257.01
-8258.93
-8260.85
-8262.77
-8264.69
-8266.61
-8268.53
-8270.45
-8272.37
-8274.28
-8276.2
-8278.12
-8280.04
-8281.96
-8283.88
-8285.8
-8287.71
-8289.63
-8291.55
-8293.47
-8295.39
-8297.3
-8299.22
-8301.14
-8303.05
-8304.97
-8306.89
-8308.8
-8310.72
-8312.64
-8314.55
-8316.47
-8318.38
-8320.3
-8322.22
-8324.13
-8326.05
-8327.96
-8329.88
-8331.79
-8333.7
-8335.62
-8337.53
-8339.45
-8341.36
-8343.27
-8345.19
-8347.1
-8349.02
-8350.93
-8352.84
-8354.75
-8356.67
-8358.58
-8360.49
-8362.4
-8364.32
-8366.23
-8368.14
-8370.05
-8371.96
-8373.87
-8375.79
-8377.7
-8379.61
-8381.52
-8383.43
-8385.34
-8387.25
-8389.16
-8391.07
-8392.98
-8394.89
-8396.8
-8398.71
-8400.62
-8402.53
-8404.44
-8406.34
-8408.25
-8410.16
-8412.07
-8413.98
-8415.89
-8417.79
-8419.7
-8421.61
-8423.52
-8425.42
-8427.33
-8429.24
-8431.14
-8433.05
-8434.96
-8436.86
-8438.77
-8440.68
-8442.58
-8444.49
-8446.39
-8448.3
-8450.2
-8452.11
-8454.01
-8455.92
-8457.82
-8459.73
-8461.63
-8463.54
-8465.44
-8467.34
-8469.25
-8471.15
-8473.05
-8474.96
-8476.86
-8478.76
-8480.67
-8482.57
-8484.47
-8486.37
-8488.28
-8490.18
-8492.08
-8493.98
-8495.88
-8497.78
-8499.68
-8501.59
-8503.49
-8505.39
-8507.29
-8509.19
-8511.09
-8512.99
-8514.89
-8516.79
-8518.69
-8520.59
-8522.49
-8524.39
-8526.29
-8528.18
-8530.08
-8531.98
-8533.88
-8535.78
-8537.68
-8539.57
-8541.47
-8543.37
-8545.27
-8547.16
-8549.06
-8550.96
-8552.86
-8554.75
-8556.65
-8558.54
-8560.44
-8562.34
-8564.23
-8566.13
-8568.02
-8569.92
-8571.81
-8573.71
-8575.61
-8577.5
-8579.39
-8581.29
-8583.18
-8585.08
-8586.97
-8588.87
-8590.76
-8592.65
-8594.55
-8596.44
-8598.33
-8600.22
-8602.12
-8604.01
-8605.9
-8607.8
-8609.69
-8611.58
-8613.47
-8615.36
-8617.25
-8619.15
-8621.04
-8622.93
-8624.82
-8626.71
-8628.6
-8630.49
-8632.38
-8634.27
-8636.16
-8638.05
-8639.94
-8641.83
-8643.72
-8645.61
-8647.5
-8649.38
-8651.27
-8653.16
-8655.05
-8656.94
-8658.83
-8660.71
-8662.6
-8664.49
-8666.38
-8668.26
-8670.15
-8672.04
-8673.92
-8675.81
-8677.7
-8679.58
-8681.47
-8683.36
-8685.24
-8687.13
-8689.01
-8690.9
-8692.78
-8694.67
-8696.55
-8698.44
-8700.32
-8702.2
-8704.09
-8705.97
-8707.86
-8709.74
-8711.62
-8713.51
-8715.39
-8717.27
-8719.16
-8721.04
-8722.92
-8724.8
-8726.69
-8728.57
-8730.45
-8732.33
-8734.21
-8736.09
-8737.98
-8739.86
-8741.74
-8743.62
-8745.5
-8747.38
-8749.26
-8751.14
-8753.02
-8754.9
-8756.78
-8758.66
-8760.54
-8762.42
-8764.3
-8766.17
-8768.05
-8769.93
-8771.81
-8773.69
-8775.57
-8777.44
-8779.32
-8781.2
-8783.08
-8784.95
-8786.83
-8788.71
-8790.58
-8792.46
-8794.34
-8796.21
-8798.09
-8799.96
-8801.84
-8803.71
-8805.59
-8807.46
-8809.34
-8811.21
-8813.09
-8814.96
-8816.84
-8818.71
-8820.59
-8822.46
-8824.33
-8826.21
-8828.08
-8829.95
-8831.83
-8833.7
-8835.57
-8837.44
-8839.32
-8841.19
-8843.06
-8844.93
-8846.8
-8848.68
-8850.55
-8852.42
-8854.29
-8856.16
-8858.03
-8859.9
-8861.77
-8863.64
-8865.51
-8867.38
-8869.25
-8871.12
-8872.99
-8874.86
-8876.73
-8878.6
-8880.47
-8882.34
-8884.2
-8886.07
-8887.94
-8889.81
-8891.68
-8893.54
-8895.41
-8897.28
-8899.14
-8901.01
-8902.88
-8904.74
-8906.61
-8908.48
-8910.34
-8912.21
-8914.07
-8915.94
-8917.8
-8919.67
-8921.53
-8923.4
-8925.26
-8927.13
-8928.99
-8930.86
-8932.72
-8934.59
-8936.45
-8938.31
-8940.18
-8942.04
-8943.9
-8945.76
-8947.63
-8949.49
-8951.35
-8953.21
-8955.08
-8956.94
-8958.8
-8960.66
-8962.52
-8964.38
-8966.24
-8968.1
-8969.97
-8971.83
-8973.69
-8975.55
-8977.41
-8979.27
-8981.13
-8982.98
-8984.84
-8986.7
-8988.56
-8990.42
-8992.28
-8994.14
-8996
-8997.85
-8999.71
-9001.57
-9003.43
-9005.28
-9007.14
-9009
-9010.85
-9012.71
-9014.57
-9016.42
-9018.28
-9020.14
-9021.99
-9023.85
-9025.7
-9027.56
-9029.41
-9031.27
-9033.12
-9034.98
-9036.83
-9038.69
-9040.54
-9042.39
-9044.25
-9046.1
-9047.96
-9049.81
-9051.66
-9053.51
-9055.37
-9057.22
-9059.07
-9060.92
-9062.78
-9064.63
-9066.48
-9068.33
-9070.18
-9072.03
-9073.88
-9075.73
-9077.59
-9079.44
-9081.29
-9083.14
-9084.99
-9086.84
-9088.69
-9090.53
-9092.38
-9094.23
-9096.08
-9097.93
-9099.78
-9101.63
-9103.48
-9105.32
-9107.17
-9109.02
-9110.87
-9112.71
-9114.56
-9116.41
-9118.25
-9120.1
-9121.95
-9123.79
-9125.64
-9127.49
-9129.33
-9131.18
-9133.02
-9134.87
-9136.71
-9138.56
-9140.4
-9142.25
-9144.09
-9145.93
-9147.78
-9149.62
-9151.47
-9153.31
-9155.15
-9157
-9158.84
-9160.68
-9162.52
-9164.37
-9166.21
-9168.05
-9169.89
-9171.73
-9173.57
-9175.42
-9177.26
-9179.1
-9180.94
-9182.78
-9184.62
-9186.46
-9188.3
-9190.14
-9191.98
-9193.82
-9195.66
-9197.5
-9199.34
-9201.17
-9203.01
-9204.85
-9206.69
-9208.53
-9210.37
-9212.2
-9214.04
-9215.88
-9217.72
-9219.55
-9221.39
-9223.23
-9225.06
-9226.9
-9228.73
-9230.57
-9232.41
-9234.24
-9236.08
-9237.91
-9239.75
-9241.58
-9243.42
-9245.25
-9247.09
-9248.92
-9250.75
-9252.59
-9254.42
-9256.25
-9258.09
-9259.92
-9261.75
-9263.59
-9265.42
-9267.25
-9269.08
-9270.91
-9272.75
-9274.58
-9276.41
-9278.24
-9280.07
-9281.9
-9283.73
-9285.56
-9287.39
-9289.22
-9291.05
-9292.88
-9294.71
-9296.54
-9298.37
-9300.2
-9302.03
-9303.86
-9305.69
-9307.51
-9309.34
-9311.17
-9313
-9314.83
-9316.65
-9318.48
-9320.31
-9322.13
-9323.96
-9325.79
-9327.61
-9329.44
-9331.26
-9333.09
-9334.92
-9336.74
-9338.57
-9340.39
-9342.22
-9344.04
-9345.87
-9347.69
-9349.51
-9351.34
-9353.16
-9354.98
-9356.81
-9358.63
-9360.45
-9362.28
-9364.1
-9365.92
-9367.74
-9369.57
-9371.39
-9373.21
-9375.03
-9376.85
-9378.67
-9380.49
-9382.31
-9384.13
-9385.95
-9387.77
-9389.59
-9391.41
-9393.23
-9395.05
-9396.87
-9398.69
-9400.51
-9402.33
-9404.15
-9405.97
-9407.78
-9409.6
-9411.42
-9413.24
-9415.05
-9416.87
-9418.69
-9420.5
-9422.32
-9424.14
-9425.95
-9427.77
-9429.59
-9431.4
-9433.22
-9435.03
-9436.85
-9438.66
-9440.48
-9442.29
-9444.11
-9445.92
-9447.73
-9449.55
-9451.36
-9453.17
-9454.99
-9456.8
-9458.61
-9460.43
-9462.24
-9464.05
-9465.86
-9467.67
-9469.49
-9471.3
-9473.11
-9474.92
-9476.73
-9478.54
-9480.35
-9482.16
-9483.97
-9485.78
-9487.59
-9489.4
-9491.21
-9493.02
-9494.83
-9496.64
-9498.45
-9500.25
-9502.06
-9503.87
-9505.68
-9507.49
-9509.29
-9511.1
-9512.91
-9514.71
-9516.52
-9518.33
-9520.13
-9521.94
-9523.74
-9525.55
-9527.36
-9529.16
-9530.97
-9532.77
-9534.58
-9536.38
-9538.18
-9539.99
-9541.79
-9543.6
-9545.4
-9547.2
-9549.01
-9550.81
-9552.61
-9554.41
-9556.22
-9558.02
-9559.82
-9561.62
-9563.42
-9565.23
-9567.03
-9568.83
-9570.63
-9572.43
-9574.23
-9576.03
-9577.83
-9579.63
-9581.43
-9583.23
-9585.03
-9586.83
-9588.63
-9590.43
-9592.22
-9594.02
-9595.82
-9597.62
-9599.42
-9601.21
-9603.01
-9604.81
-9606.6
-9608.4
-9610.2
-9611.99
-9613.79
-9615.59
-9617.38
-9619.18
-9620.97
-9622.77
-9624.56
-9626.36
-9628.15
-9629.95
-9631.74
-9633.53
-9635.33
-9637.12
-9638.91
-9640.71
-9642.5
-9644.29
-9646.09
-9647.88
-9649.67
-9651.46
-9653.25
-9655.04
-9656.84
-9658.63
-9660.42
-9662.21
-9664
-9665.79
-9667.58
-9669.37
-9671.16
-9672.95
-9674.74
-9676.53
-9678.32
-9680.11
-9681.89
-9683.68
-9685.47
-9687.26
-9689.05
-9690.83
-9692.62
-9694.41
-9696.19
-9697.98
-9699.77
-9701.55
-9703.34
-9705.13
-9706.91
-9708.7
-9710.48
-9712.27
-9714.05
-9715.84
-9717.62
-9719.41
-9721.19
-9722.97
-9724.76
-9726.54
-9728.32
-9730.11
-9731.89
-9733.67
-9735.46
-9737.24
-9739.02
-9740.8
-9742.58
-9744.36
-9746.15
-9747.93
-9749.71
-9751.49
-9753.27
-9755.05
-9756.83
-9758.61
-9760.39
-9762.17
-9763.95
-9765.73
-9767.5
-9769.28
-9771.06
-9772.84
-9774.62
-9776.39
-9778.17
-9779.95
-9781.73
-9783.5
-9785.28
-9787.06
-9788.83
-9790.61
-9792.38
-9794.16
-9795.94
-9797.71
-9799.49
-9801.26
-9803.04
-9804.81
-9806.58
-9808.36
-9810.13
-9811.91
-9813.68
-9815.45
-9817.23
-9819
-9820.77
-9822.54
-9824.31
-9826.09
-9827.86
-9829.63
-9831.4
-9833.17
-9834.94
-9836.71
-9838.48
-9840.25
-9842.02
-9843.79
-9845.56
-9847.33
-9849.1
-9850.87
-9852.64
-9854.41
-9856.18
-9857.95
-9859.71
-9861.48
-9863.25
-9865.02
-9866.78
-9868.55
-9870.32
-9872.08
-9873.85
-9875.61
-9877.38
-9879.15
-9880.91
-9882.68
-9884.44
-9886.21
-9887.97
-9889.74
-9891.5
-9893.26
-9895.03
-9896.79
-9898.55
-9900.32
-9902.08
-9903.84
-9905.6
-9907.37
-9909.13
-9910.89
-9912.65
-9914.41
-9916.17
-9917.94
-9919.7
-9921.46
-9923.22
-9924.98
-9926.74
-9928.5
-9930.26
-9932.01
-9933.77
-9935.53
-9937.29
-9939.05
-9940.81
-9942.56
-9944.32
-9946.08
-9947.84
-9949.59
-9951.35
-9953.11
-9954.86
-9956.62
-9958.38
-9960.13
-9961.89
-9963.64
-9965.4
-9967.15
-9968.91
-9970.66
-9972.42
-9974.17
-9975.92
-9977.68
-9979.43
-9981.18
-9982.94
-9984.69
-9986.44
-9988.19
-9989.95
-9991.7
-9993.45
-9995.2
-9996.95
-9998.7
-10000.5
-10002.2
-10004
-10005.7
-10007.5
-10009.2
-10011
-10012.7
-10014.5
-10016.2
-10017.9
-10019.7
-10021.4
-10023.2
-10024.9
-10026.7
-10028.4
-10030.2
-10031.9
-10033.7
-10035.4
-10037.2
-10038.9
-10040.7
-10042.4
-10044.1
-10045.9
-10047.6
-10049.4
-10051.1
-10052.9
-10054.6
-10056.4
-10058.1
-10059.8
-10061.6
-10063.3
-10065.1
-10066.8
-10068.6
-10070.3
-10072
-10073.8
-10075.5
-10077.3
-10079
-10080.7
-10082.5
-10084.2
-10086
-10087.7
-10089.4
-10091.2
-10092.9
-10094.7
-10096.4
-10098.1
-10099.9
-10101.6
-10103.3
-10105.1
-10106.8
-10108.6
-10110.3
-10112
-10113.8
-10115.5
-10117.2
-10119
-10120.7
-10122.4
-10124.2
-10125.9
-10127.7
-10129.4
-10131.1
-10132.9
-10134.6
-10136.3
-10138.1
-10139.8
-10141.5
-10143.2
-10145
-10146.7
-10148.4
-10150.2
-10151.9
-10153.6
-10155.4
-10157.1
-10158.8
-10160.6
-10162.3
-10164
-10165.7
-10167.5
-10169.2
-10170.9
-10172.7
-10174.4
-10176.1
-10177.8
-10179.6
-10181.3
-10183
-10184.8
-10186.5
-10188.2
-10189.9
-10191.7
-10193.4
-10195.1
-10196.8
-10198.6
-10200.3
-10202
-10203.7
-10205.5
-10207.2
-10208.9
-10210.6
-10212.3
-10214.1
-10215.8
-10217.5
-10219.2
-10221
-10222.7
-10224.4
-10226.1
-10227.8
-10229.6
-10231.3
-10233
-10234.7
-10236.4
-10238.2
-10239.9
-10241.6
-10243.3
-10245
-10246.8
-10248.5
-10250.2
-10251.9
-10253.6
-10255.3
-10257.1
-10258.8
-10260.5
-10262.2
-10263.9
-10265.6
-10267.4
-10269.1
-10270.8
-10272.5
-10274.2
-10275.9
-10277.6
-10279.4
-10281.1
-10282.8
-10284.5
-10286.2
-10287.9
-10289.6
-10291.4
-10293.1
-10294.8
-10296.5
-10298.2
-10299.9
-10301.6
-10303.3
-10305
-10306.7
-10308.5
-10310.2
-10311.9
-10313.6
-10315.3
-10317
-10318.7
-10320.4
-10322.1
-10323.8
-10325.5
-10327.2
-10329
-10330.7
-10332.4
-10334.1
-10335.8
-10337.5
-10339.2
-10340.9
-10342.6
-10344.3
-10346
-10347.7
-10349.4
-10351.1
-10352.8
-10354.5
-10356.2
-10357.9
-10359.6
-10361.3
-10363
-10364.7
-10366.4
-10368.1
-10369.8
-10371.5
-10373.2
-10374.9
-10376.6
-10378.3
-10380
-10381.7
-10383.4
-10385.1
-10386.8
-10388.5
-10390.2
-10391.9
-10393.6
-10395.3
-10397
-10398.7
-10400.4
-10402.1
-10403.8
-10405.5
-10407.2
-10408.9
-10410.6
-10412.3
-10414
-10415.7
-10417.4
-10419.1
-10420.7
-10422.4
-10424.1
-10425.8
-10427.5
-10429.2
-10430.9
-10432.6
-10434.3
-10436
-10437.7
-10439.4
-10441
-10442.7
-10444.4
-10446.1
-10447.8
-10449.5
-10451.2
-10452.9
-10454.6
-10456.2
-10457.9
-10459.6
-10461.3
-10463
-10464.7
-10466.4
-10468.1
-10469.7
-10471.4
-10473.1
-10474.8
-10476.5
-10478.2
-10479.9
-10481.5
-10483.2
-10484.9
-10486.6
-10488.3
-10490
-10491.6
-10493.3
-10495
-10496.7
-10498.4
-10500
-10501.7
-10503.4
-10505.1
-10506.8
-10508.4
-10510.1
-10511.8
-10513.5
-10515.2
-10516.8
-10518.5
-10520.2
-10521.9
-10523.6
-10525.2
-10526.9
-10528.6
-10530.3
-10531.9
-10533.6
-10535.3
-10537
-10538.6
-10540.3
-10542
-10543.7
-10545.3
-10547
-10548.7
-10550.4
-10552
-10553.7
-10555.4
-10557.1
-10558.7
-10560.4
-10562.1
-10563.7
-10565.4
-10567.1
-10568.7
-10570.4
-10572.1
-10573.8
-10575.4
-10577.1
-10578.8
-10580.4
-10582.1
-10583.8
-10585.4
-10587.1
-10588.8
-10590.4
-10592.1
-10593.8
-10595.4
-10597.1
-10598.8
-10600.4
-10602.1
-10603.8
-10605.4
-10607.1
-10608.8
-10610.4
-10612.1
-10613.7
-10615.4
-10617.1
-10618.7
-10620.4
-10622.1
-10623.7
-10625.4
-10627
-10628.7
-10630.4
-10632
-10633.7
-10635.3
-10637
-10638.7
-10640.3
-10642
-10643.6
-10645.3
-10647
-10648.6
-10650.3
-10651.9
-10653.6
-10655.2
-10656.9
-10658.5
-10660.2
-10661.9
-10663.5
-10665.2
-10666.8
-10668.5
-10670.1
-10671.8
-10673.4
-10675.1
-10676.7
-10678.4
-10680
-10681.7
-10683.4
-10685
-10686.7
-10688.3
-10690
-10691.6
-10693.3
-10694.9
-10696.6
-10698.2
-10699.9
-10701.5
-10703.1
-10704.8
-10706.4
-10708.1
-10709.7
-10711.4
-10713
-10714.7
-10716.3
-10718
-10719.6
-10721.3
-10722.9
-10724.5
-10726.2
-10727.8
-10729.5
-10731.1
-10732.8
-10734.4
-10736.1
-10737.7
-10739.3
-10741
-10742.6
-10744.3
-10745.9
-10747.5
-10749.2
-10750.8
-10752.5
-10754.1
-10755.7
-10757.4
-10759
-10760.7
-10762.3
-10763.9
-10765.6
-10767.2
-10768.8
-10770.5
-10772.1
-10773.7
-10775.4
-10777
-10778.7
-10780.3
-10781.9
-10783.6
-10785.2
-10786.8
-10788.5
-10790.1
-10791.7
-10793.4
-10795
-10796.6
-10798.2
-10799.9
-10801.5
-10803.1
-10804.8
-10806.4
-10808
-10809.7
-10811.3
-10812.9
-10814.5
-10816.2
-10817.8
-10819.4
-10821.1
-10822.7
-10824.3
-10825.9
-10827.6
-10829.2
-10830.8
-10832.4
-10834.1
-10835.7
-10837.3
-10838.9
-10840.6
-10842.2
-10843.8
-10845.4
-10847
-10848.7
-10850.3
-10851.9
-10853.5
-10855.2
-10856.8
-10858.4
-10860
-10861.6
-10863.3
-10864.9
-10866.5
-10868.1
-10869.7
-10871.3
-10873
-10874.6
-10876.2
-10877.8
-10879.4
-10881
-10882.7
-10884.3
-10885.9
-10887.5
-10889.1
-10890.7
-10892.4
-10894
-10895.6
-10897.2
-10898.8
-10900.4
-10902
-10903.6
-10905.2
-10906.9
-10908.5
-10910.1
-10911.7
-10913.3
-10914.9
-10916.5
-10918.1
-10919.7
-10921.3
-10923
-10924.6
-10926.2
-10927.8
-10929.4
-10931
-10932.6
-10934.2
-10935.8
-10937.4
-10939
-10940.6
-10942.2
-10943.8
-10945.4
-10947
-10948.6
-10950.2
-10951.8
-10953.4
-10955
-10956.6
-10958.2
-10959.8
-10961.4
-10963
-10964.6
-10966.2
-10967.8
-10969.4
-10971
-10972.6
-10974.2
-10975.8
-10977.4
-10979
-10980.6
-10982.2
-10983.8
-10985.4
-10987
-10988.6
-10990.2
-10991.8
-10993.4
-10995
-10996.6
-10998.2
-10999.7
-11001.3
-11002.9
-11004.5
-11006.1
-11007.7
-11009.3
-11010.9
-11012.5
-11014.1
-11015.6
-11017.2
-11018.8
-11020.4
-11022
-11023.6
-11025.2
-11026.8
-11028.3
-11029.9
-11031.5
-11033.1
-11034.7
-11036.3
-11037.9
-11039.4
-11041
-11042.6
-11044.2
-11045.8
-11047.4
-11048.9
-11050.5
-11052.1
-11053.7
-11055.3
-11056.8
-11058.4
-11060
-11061.6
-11063.2
-11064.7
-11066.3
-11067.9
-11069.5
-11071
-11072.6
-11074.2
-11075.8
-11077.4
-11078.9
-11080.5
-11082.1
-11083.6
-11085.2
-11086.8
-11088.4
-11089.9
-11091.5
-11093.1
-11094.7
-11096.2
-11097.8
-11099.4
-11100.9
-11102.5
-11104.1
-11105.7
-11107.2
-11108.8
-11110.4
-11111.9
-11113.5
-11115.1
-11116.6
-11118.2
-11119.8
-11121.3
-11122.9
-11124.5
-11126
-11127.6
-11129.1
-11130.7
-11132.3
-11133.8
-11135.4
-11137
-11138.5
-11140.1
-11141.6
-11143.2
-11144.8
-11146.3
-11147.9
-11149.4
-11151
-11152.6
-11154.1
-11155.7
-11157.2
-11158.8
-11160.3
-11161.9
-11163.5
-11165
-11166.6
-11168.1
-11169.7
-11171.2
-11172.8
-11174.3
-11175.9
-11177.4
-11179
-11180.5
-11182.1
-11183.7
-11185.2
-11186.8
-11188.3
-11189.9
-11191.4
-11192.9
-11194.5
-11196
-11197.6
-11199.1
-11200.7
-11202.2
-11203.8
-11205.3
-11206.9
-11208.4
-11210
-11211.5
-11213
-11214.6
-11216.1
-11217.7
-11219.2
-11220.8
-11222.3
-11223.8
-11225.4
-11226.9
-11228.5
-11230
-11231.5
-11233.1
-11234.6
-11236.2
-11237.7
-11239.2
-11240.8
-11242.3
-11243.8
-11245.4
-11246.9
-11248.4
-11250
-11251.5
-11253
-11254.6
-11256.1
-11257.6
-11259.2
-11260.7
-11262.2
-11263.8
-11265.3
-11266.8
-11268.4
-11269.9
-11271.4
-11272.9
-11274.5
-11276
-11277.5
-11279.1
-11280.6
-11282.1
-11283.6
-11285.2
-11286.7
-11288.2
-11289.7
-11291.3
-11292.8
-11294.3
-11295.8
-11297.3
-11298.9
-11300.4
-11301.9
-11303.4
-11304.9
-11306.5
-11308
-11309.5
-11311
-11312.5
-11314.1
-11315.6
-11317.1
-11318.6
-11320.1
-11321.6
-11323.1
-11324.7
-11326.2
-11327.7
-11329.2
-11330.7
-11332.2
-11333.7
-11335.2
-11336.8
-11338.3
-11339.8
-11341.3
-11342.8
-11344.3
-11345.8
-11347.3
-11348.8
-11350.3
-11351.8
-11353.4
-11354.9
-11356.4
-11357.9
-11359.4
-11360.9
-11362.4
-11363.9
-11365.4
-11366.9
-11368.4
-11369.9
-11371.4
-11372.9
-11374.4
-11375.9
-11377.4
-11378.9
-11380.4
-11381.9
-11383.4
-11384.9
-11386.4
-11387.9
-11389.4
-11390.9
-11392.4
-11393.8
-11395.3
-11396.8
-11398.3
-11399.8
-11401.3
-11402.8
-11404.3
-11405.8
-11407.3
-11408.8
-11410.2
-11411.7
-11413.2
-11414.7
-11416.2
-11417.7
-11419.2
-11420.7
-11422.1
-11423.6
-11425.1
-11426.6
-11428.1
-11429.6
-11431
-11432.5
-11434
-11435.5
-11437
-11438.4
-11439.9
-11441.4
-11442.9
-11444.4
-11445.8
-11447.3
-11448.8
-11450.3
-11451.7
-11453.2
-11454.7
-11456.2
-11457.6
-11459.1
-11460.6
-11462.1
-11463.5
-11465
-11466.5
-11467.9
-11469.4
-11470.9
-11472.4
-11473.8
-11475.3
-11476.8
-11478.2
-11479.7
-11481.2
-11482.6
-11484.1
-11485.6
-11487
-11488.5
-11489.9
-11491.4
-11492.9
-11494.3
-11495.8
-11497.3
-11498.7
-11500.2
-11501.6
-11503.1
-11504.5
-11506
-11507.5
-11508.9
-11510.4
-11511.8
-11513.3
-11514.7
-11516.2
-11517.6
-11519.1
-11520.5
-11522
-11523.4
-11524.9
-11526.3
-11527.8
-11529.2
-11530.7
-11532.1
-11533.6
-11535
-11536.5
-11537.9
-11539.4
-11540.8
-11542.3
-11543.7
-11545.1
-11546.6
-11548
-11549.5
-11550.9
-11552.4
-11553.8
-11555.2
-11556.7
-11558.1
-11559.5
-11561
-11562.4
-11563.9
-11565.3
-11566.7
-11568.2
-11569.6
-11571
-11572.5
-11573.9
-11575.3
-11576.8
-11578.2
-11579.6
-11581
-11582.5
-11583.9
-11585.3
-11586.8
-11588.2
-11589.6
-11591
-11592.5
-11593.9
-11595.3
-11596.7
-11598.1
-11599.6
-11601
-11602.4
-11603.8
-11605.2
-11606.7
-11608.1
-11609.5
-11610.9
-11612.3
-11613.8
-11615.2
-11616.6
-11618
-11619.4
-11620.8
-11622.2
-11623.6
-11625.1
-11626.5
-11627.9
-11629.3
-11630.7
-11632.1
-11633.5
-11634.9
-11636.3
-11637.7
-11639.1
-11640.5
-11641.9
-11643.3
-11644.7
-11646.1
-11647.5
-11648.9
-11650.3
-11651.7
-11653.1
-11654.5
-11655.9
-11657.3
-11658.7
-11660.1
-11661.5
-11662.9
-11664.3
-11665.7
-11667.1
-11668.5
-11669.9
-11671.3
-11672.7
-11674
-11675.4
-11676.8
-11678.2
-11679.6
-11681
-11682.4
-11683.8
-11685.1
-11686.5
-11687.9
-11689.3
-11690.7
-11692
-11693.4
-11694.8
-11696.2
-11697.6
-11698.9
-11700.3
-11701.7
-11703.1
-11704.4
-11705.8
-11707.2
-11708.6
-11709.9
-11711.3
-11712.7
-11714
-11715.4
-11716.8
-11718.1
-11719.5
-11720.9
-11722.2
-11723.6
-11725
-11726.3
-11727.7
-11729.1
-11730.4
-11731.8
-11733.1
-11734.5
-11735.9
-11737.2
-11738.6
-11739.9
-11741.3
-11742.6
-11744
-11745.3
-11746.7
-11748
-11749.4
-11750.7
-11752.1
-11753.4
-11754.8
-11756.1
-11757.5
-11758.8
-11760.2
-11761.5
-11762.9
-11764.2
-11765.6
-11766.9
-11768.2
-11769.6
-11770.9
-11772.2
-11773.6
-11774.9
-11776.3
-11777.6
-11778.9
-11780.3
-11781.6
-11782.9
-11784.3
-11785.6
-11786.9
-11788.2
-11789.6
-11790.9
-11792.2
-11793.6
-11794.9
-11796.2
-11797.5
-11798.8
-11800.2
-11801.5
-11802.8
-11804.1
-11805.4
-11806.8
-11808.1
-11809.4
-11810.7
-11812
-11813.3
-11814.7
-11816
-11817.3
-11818.6
-11819.9
-11821.2
-11822.5
-11823.8
-11825.1
-11826.4
-11827.7
-11829
-11830.3
-11831.6
-11832.9
-11834.2
-11835.5
-11836.8
-11838.1
-11839.4
-11840.7
-11842
-11843.3
-11844.6
-11845.9
-11847.2
-11848.5
-11849.8
-11851.1
-11852.3
-11853.6
-11854.9
-11856.2
-11857.5
-11858.8
-11860
-11861.3
-11862.6
-11863.9
-11865.2
-11866.4
-11867.7
-11869
-11870.3
-11871.5
-11872.8
-11874.1
-11875.4
-11876.6
-11877.9
-11879.2
-11880.4
-11881.7
-11883
-11884.2
-11885.5
-11886.7
-11888
-11889.3
-11890.5
-11891.8
-11893
-11894.3
-11895.6
-11896.8
-11898.1
-11899.3
-11900.6
-11901.8
-11903.1
-11904.3
-11905.6
-11906.8
-11908.1
-11909.3
-11910.5
-11911.8
-11913
-11914.3
-11915.5
-11916.7
-11918
-11919.2
-11920.4
-11921.7
-11922.9
-11924.1
-11925.4
-11926.6
-11927.8
-11929.1
-11930.3
-11931.5
-11932.7
-11934
-11935.2
-11936.4
-11937.6
-11938.8
-11940.1
-11941.3
-11942.5
-11943.7
-11944.9
-11946.1
-11947.3
-11948.5
-11949.8
-11951
-11952.2
-11953.4
-11954.6
-11955.8
-11957
-11958.2
-11959.4
-11960.6
-11961.8
-11963
-11964.2
-11965.4
-11966.6
-11967.7
-11968.9
-11970.1
-11971.3
-11972.5
-11973.7
-11974.9
-11976
-11977.2
-11978.4
-11979.6
-11980.8
-11981.9
-11983.1
-11984.3
-11985.5
-11986.6
-11987.8
-11989
-11990.1
-11991.3
-11992.5
-11993.6
-11994.8
-11996
-11997.1
-11998.3
-11999.4
-12000.6
-12001.8
-12002.9
-12004.1
-12005.2
-12006.4
-12007.5
-12008.7
-12009.8
-12010.9
-12012.1
-12013.2
-12014.4
-12015.5
-12016.6
-12017.8
-12018.9
-12020
-12021.2
-12022.3
-12023.4
-12024.6
-12025.7
-12026.8
-12027.9
-12029.1
-12030.2
-12031.3
-12032.4
-12033.5
-12034.6
-12035.8
-12036.9
-12038
-12039.1
-12040.2
-12041.3
-12042.4
-12043.5
-12044.6
-12045.7
-12046.8
-12047.9
-12049
-12050.1
-12051.2
-12052.3
-12053.4
-12054.5
-12055.5
-12056.6
-12057.7
-12058.8
-12059.9
-12061
-12062
-12063.1
-12064.2
-12065.3
-12066.3
-12067.4
-12068.5
-12069.5
-12070.6
-12071.6
-12072.7
-12073.8
-12074.8
-12075.9
-12076.9
-12078
-12079
-12080.1
-12081.1
-12082.2
-12083.2
-12084.3
-12085.3
-12086.3
-12087.4
-12088.4
-12089.4
-12090.5
-12091.5
-12092.5
-12093.6
-12094.6
-12095.6
-12096.6
-12097.6
-12098.7
-12099.7
-12100.7
-12101.7
-12102.7
-12103.7
-12104.7
-12105.7
-12106.7
-12107.7
-12108.7
-12109.7
-12110.7
-12111.7
-12112.7
-12113.7
-12114.7
-12115.6
-12116.6
-12117.6
-12118.6
-12119.6
-12120.5
-12121.5
-12122.5
-12123.4
-12124.4
-12125.4
-12126.3
-12127.3
-12128.3
-12129.2
-12130.2
-12131.1
-12132.1
-12133
-12134
-12134.9
-12135.8
-12136.8
-12137.7
-12138.6
-12139.6
-12140.5
-12141.4
-12142.4
-12143.3
-12144.2
-12145.1
-12146
-12146.9
-12147.9
-12148.8
-12149.7
-12150.6
-12151.5
-12152.4
-12153.3
-12154.2
-12155
-12155.9
-12156.8
-12157.7
-12158.6
-12159.5
-12160.3
-12161.2
-12162.1
-12163
-12163.8
-12164.7
-12165.6
-12166.4
-12167.3
-12168.1
-12169
-12169.8
-12170.7
-12171.5
-12172.3
-12173.2
-12174
-12174.8
-12175.7
-12176.5
-12177.3
-12178.1
-12179
-12179.8
-12180.6
-12181.4
-12182.2
-12183
-12183.8
-12184.6
-12185.4
-12186.2
-12187
-12187.8
-12188.5
-12189.3
-12190.1
-12190.9
-12191.6
-12192.4
-12193.2
-12193.9
-12194.7
-12195.4
-12196.2
-12196.9
-12197.7
-12198.4
-12199.2
-12199.9
-12200.6
-12201.3
-12202.1
-12202.8
-12203.5
-12204.2
-12204.9
-12205.6
-12206.3
-12207
-12207.7
-12208.4
-12209.1
-12209.8
-12210.5
-12211.2
-12211.8
-12212.5
-12213.2
-12213.8
-12214.5
-12215.1
-12215.8
-12216.4
-12217.1
-12217.7
-12218.3
-12219
-12219.6
-12220.2
-12220.8
-12221.4
-12222
-12222.6
-12223.2
-12223.8
-12224.4
-12225
-12225.6
-12226.2
-12226.7
-12227.3
-12227.9
-12228.4
-12229
-12229.5
-12230.1
-12230.6
-12231.2
-12231.7
-12232.2
-12232.7
-12233.2
-12233.7
-12234.2
-12234.7
-12235.2
-12235.7
-12236.2
-12236.7
-12237.2
-12237.6
-12238.1
-12238.5
-12239
-12239.4
-12239.9
-12240.3
-12240.7
-12241.1
-12241.5
-12241.9
-12242.3
-12242.7
-12243.1
-12243.5
-12243.9
-12244.2
-12244.6
-12245
-12245.3
-12245.6
-12246
-12246.3
-12246.6
-12246.9
-12247.2
-12247.5
-12247.8
-12248.1
-12248.4
-12248.6
-12248.9
-12249.1
-12249.4
-12249.6
-12249.8
-12250
-12250.2
-12250.4
-12250.6
-12250.8
-12251
-12251.1
-12251.3
-12251.4
-12251.5
-12251.7
-12251.8
-12251.9
-12252
-12252
-12252.1
-12252.2
-12252.2
-12252.2
-12252.3
-12252.3
-12252.3
-12252.2
-12252.2
-12252.2
-12252.1
-12252
-12252
-12251.9
-12251.7
-12251.6
-12251.5
-12251.3
-12251.1
-12250.9
-12250.7
-12250.5
-12250.3
-12250
-12249.7
-12249.4
-12249.1
-12248.8
-12248.4
-12248
-12247.6
-12247.2
-12246.7
-12246.2
-12245.7
-12245.2
-12244.6
-12244
-12243.4
-12242.8
-12242.1
-12241.4
-12240.6
-12239.8
-12239
-12238.1
-12237.1
-12236.2
-12235.1
-12234
-12232.9
-12231.7
-12230.4
-12229
-12227.6
-12226.1
-12224.4
-12222.7
-12220.8
-12218.7
-12216.5
-12214
-12211.3
-12208.2
-12204.7
-12200.4
-12194.9
-12186.1
