160.192
157.795
155.398
153.001
150.604
148.207
145.81
143.413
141.015
138.618
136.22
133.822
131.424
129.026
126.628
124.23
121.832
119.434
117.035
114.637
112.238
109.84
107.441
105.042
102.643
100.244
97.8451
95.4459
93.0466
90.6472
88.2477
85.8481
83.4485
81.0487
78.6489
76.2489
73.8489
71.4487
69.0485
66.6482
64.2478
61.8473
59.4467
57.046
54.6453
52.2444
49.8434
47.4424
45.0412
42.64
40.2387
37.8373
35.4357
33.0341
30.6324
28.2307
25.8288
23.4268
21.0247
18.6226
16.2203
13.818
11.4156
9.01303
6.61041
4.2077
1.8049
-0.597993
-3.00098
-5.40406
-7.80723
-10.2105
-12.6138
-15.0173
-17.4208
-19.8245
-22.2282
-24.632
-27.0359
-29.4399
-31.844
-34.2482
-36.6524
-39.0568
-41.4613
-43.8658
-46.2705
-48.6752
-51.08
-53.4849
-55.89
-58.2951
-60.7002
-63.1055
-65.5109
-67.9164
-70.3219
-72.7276
-75.1333
-77.5392
-79.9451
-82.3511
-84.7573
-87.1635
-89.5698
-91.9762
-94.3826
-96.7892
-99.1959
-101.603
-104.009
-106.416
-108.823
-111.231
-113.638
-116.045
-118.453
-120.86
-123.268
-125.675
-128.083
-130.491
-132.899
-135.307
-137.715
-140.123
-142.532
-144.94
-147.349
-149.757
-152.166
-154.575
-156.983
-159.392
-161.801
-164.211
-166.62
-169.029
-171.439
-173.848
-176.258
-178.667
-181.077
-183.487
-185.897
-188.307
-190.717
-193.128
-195.538
-197.948
-200.359
-202.769
-205.18
-207.591
-210.002
-212.413
-214.824
-217.235
-219.646
-222.058
-224.469
-226.881
-229.292
-231.704
-234.116
-236.528
-238.94
-241.352
-243.764
-246.176
-248.589
-251.001
-253.414
-255.826
-258.239
-260.652
-263.065
-265.478
-267.891
-270.304
-272.717
-275.131
-277.544
-279.958
-282.371
-284.785
-287.199
-289.613
-292.027
-294.441
-296.855
-299.269
-301.684
-304.098
-306.513
-308.928
-311.342
-313.757
-316.172
-318.587
-321.002
-323.417
-325.833
-328.248
-330.664
-333.079
-335.495
-337.911
-340.326
-342.742
-345.158
-347.575
-349.991
-352.407
-354.823
-357.24
-359.657
-362.073
-364.49
-366.907
-369.324
-371.741
-374.158
-376.575
-378.992
-381.41
-383.827
-386.245
-388.663
-391.08
-393.498
-395.916
-398.334
-400.752
-403.171
-405.589
-408.007
-410.426
-412.845
-415.263
-417.682
-420.101
-422.52
-424.939
-427.358
-429.777
-432.197
-434.616
-437.036
-439.455
-441.875
-444.295
-446.715
-449.134
-451.555
-453.975
-456.395
-458.815
-461.236
-463.656
-466.077
-468.498
-470.918
-473.339
-475.76
-478.181
-480.602
-483.024
-485.445
-487.866
-490.288
-492.71
-495.131
-497.553
-499.975
-502.397
-504.819
-507.241
-509.664
-512.086
-514.508
-516.931
-519.353
-521.776
-524.199
-526.622
-529.045
-531.468
-533.891
-536.314
-538.738
-541.161
-543.585
-546.008
-548.432
-550.856
-553.28
-555.704
-558.128
-560.552
-562.976
-565.401
-567.825
-570.25
-572.674
-575.099
-577.524
-579.949
-582.374
-584.799
-587.224
-589.649
-592.075
-594.5
-596.926
-599.351
-601.777
-604.203
-606.629
-609.055
-611.481
-613.907
-616.333
-618.76
-621.186
-623.613
-626.04
-628.466
-630.893
-633.32
-635.747
-638.174
-640.601
-643.029
-645.456
-647.883
-650.311
-652.739
-655.166
-657.594
-660.022
-662.45
-664.878
-667.307
-669.735
-672.163
-674.592
-677.02
-679.449
-681.878
-684.306
-686.735
-689.164
-691.594
-694.023
-696.452
-698.881
-701.311
-703.74
-706.17
-708.6
-711.03
-713.46
-715.89
-718.32
-720.75
-723.18
-725.611
-728.041
-730.472
-732.902
-735.333
-737.764
-740.195
-742.626
-745.057
-747.488
-749.92
-752.351
-754.783
-757.214
-759.646
-762.078
-764.509
-766.941
-769.373
-771.806
-774.238
-776.67
-779.102
-781.535
-783.968
-786.4
-788.833
-791.266
-793.699
-796.132
-798.565
-800.998
-803.431
-805.865
-808.298
-810.732
-813.166
-815.599
-818.033
-820.467
-822.901
-825.335
-827.77
-830.204
-832.638
-835.073
-837.507
-839.942
-842.377
-844.812
-847.247
-849.682
-852.117
-854.552
-856.987
-859.423
-861.858
-864.294
-866.73
-869.165
-871.601
-874.037
-876.473
-878.909
-881.346
-883.782
-886.218
-888.655
-891.091
-893.528
-895.965
-898.402
-900.839
-903.276
-905.713
-908.15
-910.587
-913.025
-915.462
-917.9
-920.338
-922.775
-925.213
-927.651
-930.089
-932.527
-934.966
-937.404
-939.842
-942.281
-944.72
-947.158
-949.597
-952.036
-954.475
-956.914
-959.353
-961.792
-964.232
-966.671
-969.111
-971.55
-973.99
-976.43
-978.869
-981.309
-983.75
-986.19
-988.63
-991.07
-993.511
-995.951
-998.392
-1000.83
-1003.27
-1005.71
-1008.16
-1010.6
-1013.04
-1015.48
-1017.92
-1020.36
-1022.8
-1025.24
-1027.69
-1030.13
-1032.57
-1035.01
-1037.45
-1039.9
-1042.34
-1044.78
-1047.22
-1049.67
-1052.11
-1054.55
-1056.99
-1059.44
-1061.88
-1064.32
-1066.77
-1069.21
-1071.65
-1074.1
-1076.54
-1078.98
-1081.43
-1083.87
-1086.31
-1088.76
-1091.2
-1093.65
-1096.09
-1098.53
-1100.98
-1103.42
-1105.87
-1108.31
-1110.76
-1113.2
-1115.65
-1118.09
-1120.54
-1122.98
-1125.43
-1127.87
-1130.32
-1132.76
-1135.21
-1137.66
-1140.1
-1142.55
-1144.99
-1147.44
-1149.89
-1152.33
-1154.78
-1157.23
-1159.67
-1162.12
-1164.57
-1167.01
-1169.46
-1171.91
-1174.35
-1176.8
-1179.25
-1181.7
-1184.14
-1186.59
-1189.04
-1191.49
-1193.93
-1196.38
-1198.83
-1201.28
-1203.73
-1206.18
-1208.62
-1211.07
-1213.52
-1215.97
-1218.42
-1220.87
-1223.32
-1225.77
-1228.21
-1230.66
-1233.11
-1235.56
-1238.01
-1240.46
-1242.91
-1245.36
-1247.81
-1250.26
-1252.71
-1255.16
-1257.61
-1260.06
-1262.51
-1264.96
-1267.41
-1269.86
-1272.31
-1274.77
-1277.22
-1279.67
-1282.12
-1284.57
-1287.02
-1289.47
-1291.92
-1294.38
-1296.83
-1299.28
-1301.73
-1304.18
-1306.63
-1309.09
-1311.54
-1313.99
-1316.44
-1318.9
-1321.35
-1323.8
-1326.25
-1328.71
-1331.16
-1333.61
-1336.07
-1338.52
-1340.97
-1343.43
-1345.88
-1348.33
-1350.79
-1353.24
-1355.7
-1358.15
-1360.6
-1363.06
-1365.51
-1367.97
-1370.42
-1372.87
-1375.33
-1377.78
-1380.24
-1382.69
-1385.15
-1387.6
-1390.06
-1392.51
-1394.97
-1397.42
-1399.88
-1402.34
-1404.79
-1407.25
-1409.7
-1412.16
-1414.62
-1417.07
-1419.53
-1421.98
-1424.44
-1426.9
-1429.35
-1431.81
-1434.27
-1436.72
-1439.18
-1441.64
-1444.09
-1446.55
-1449.01
-1451.47
-1453.92
-1456.38
-1458.84
-1461.3
-1463.75
-1466.21
-1468.67
-1471.13
-1473.59
-1476.05
-1478.5
-1480.96
-1483.42
-1485.88
-1488.34
-1490.8
-1493.26
-1495.72
-1498.17
-1500.63
-1503.09
-1505.55
-1508.01
-1510.47
-1512.93
-1515.39
-1517.85
-1520.31
-1522.77
-1525.23
-1527.69
-1530.15
-1532.61
-1535.07
-1537.53
-1539.99
-1542.45
-1544.92
-1547.38
-1549.84
-1552.3
-1554.76
-1557.22
-1559.68
-1562.14
-1564.61
-1567.07
-1569.53
-1571.99
-1574.45
-1576.91
-1579.38
-1581.84
-1584.3
-1586.76
-1589.23
-1591.69
-1594.15
-1596.61
-1599.08
-1601.54
-1604
-1606.47
-1608.93
-1611.39
-1613.86
-1616.32
-1618.78
-1621.25
-1623.71
-1626.17
-1628.64
-1631.1
-1633.57
-1636.03
-1638.49
-1640.96
-1643.42
-1645.89
-1648.35
-1650.82
-1653.28
-1655.75
-1658.21
-1660.68
-1663.14
-1665.61
-1668.07
-1670.54
-1673
-1675.47
-1677.94
-1680.4
-1682.87
-1685.33
-1687.8
-1690.27
-1692.73
-1695.2
-1697.66
-1700.13
-1702.6
-1705.06
-1707.53
-1710
-1712.47
-1714.93
-1717.4
-1719.87
-1722.33
-1724.8
-1727.27
-1729.74
-1732.2
-1734.67
-1737.14
-1739.61
-1742.08
-1744.54
-1747.01
-1749.48
-1751.95
-1754.42
-1756.89
-1759.36
-1761.82
-1764.29
-1766.76
-1769.23
-1771.7
-1774.17
-1776.64
-1779.11
-1781.58
-1784.05
-1786.52
-1788.99
-1791.46
-1793.93
-1796.4
-1798.87
-1801.34
-1803.81
-1806.28
-1808.75
-1811.22
-1813.69
-1816.16
-1818.63
-1821.1
-1823.57
-1826.04
-1828.52
-1830.99
-1833.46
-1835.93
-1838.4
-1840.87
-1843.35
-1845.82
-1848.29
-1850.76
-1853.23
-1855.71
-1858.18
-1860.65
-1863.12
-1865.6
-1868.07
-1870.54
-1873.01
-1875.49
-1877.96
-1880.43
-1882.91
-1885.38
-1887.85
-1890.33
-1892.8
-1895.27
-1897.75
-1900.22
-1902.7
-1905.17
-1907.64
-1910.12
-1912.59
-1915.07
-1917.54
-1920.02
-1922.49
-1924.97
-1927.44
-1929.92
-1932.39
-1934.87
-1937.34
-1939.82
-1942.29
-1944.77
-1947.24
-1949.72
-1952.19
-1954.67
-1957.15
-1959.62
-1962.1
-1964.57
-1967.05
-1969.53
-1972
-1974.48
-1976.96
-1979.43
-1981.91
-1984.39
-1986.86
-1989.34
-1991.82
-1994.3
-1996.77
-1999.25
-2001.73
-2004.21
-2006.68
-2009.16
-2011.64
-2014.12
-2016.6
-2019.07
-2021.55
-2024.03
-2026.51
-2028.99
-2031.47
-2033.95
-2036.42
-2038.9
-2041.38
-2043.86
-2046.34
-2048.82
-2051.3
-2053.78
-2056.26
-2058.74
-2061.22
-2063.7
-2066.18
-2068.66
-2071.14
-2073.62
-2076.1
-2078.58
-2081.06
-2083.54
-2086.02
-2088.5
-2090.98
-2093.46
-2095.94
-2098.42
-2100.91
-2103.39
-2105.87
-2108.35
-2110.83
-2113.31
-2115.79
-2118.28
-2120.76
-2123.24
-2125.72
-2128.2
-2130.69
-2133.17
-2135.65
-2138.13
-2140.62
-2143.1
-2145.58
-2148.07
-2150.55
-2153.03
-2155.51
-2158
-2160.48
-2162.96
-2165.45
-2167.93
-2170.42
-2172.9
-2175.38
-2177.87
-2180.35
-2182.84
-2185.32
-2187.8
-2190.29
-2192.77
-2195.26
-2197.74
-2200.23
-2202.71
-2205.2
-2207.68
-2210.17
-2212.65
-2215.14
-2217.62
-2220.11
-2222.59
-2225.08
-2227.57
-2230.05
-2232.54
-2235.02
-2237.51
-2240
-2242.48
-2244.97
-2247.46
-2249.94
-2252.43
-2254.92
-2257.4
-2259.89
-2262.38
-2264.86
-2267.35
-2269.84
-2272.33
-2274.81
-2277.3
-2279.79
-2282.28
-2284.76
-2287.25
-2289.74
-2292.23
-2294.72
-2297.2
-2299.69
-2302.18
-2304.67
-2307.16
-2309.65
-2312.14
-2314.62
-2317.11
-2319.6
-2322.09
-2324.58
-2327.07
-2329.56
-2332.05
-2334.54
-2337.03
-2339.52
-2342.01
-2344.5
-2346.99
-2349.48
-2351.97
-2354.46
-2356.95
-2359.44
-2361.93
-2364.42
-2366.91
-2369.4
-2371.9
-2374.39
-2376.88
-2379.37
-2381.86
-2384.35
-2386.84
-2389.33
-2391.83
-2394.32
-2396.81
-2399.3
-2401.79
-2404.29
-2406.78
-2409.27
-2411.76
-2414.26
-2416.75
-2419.24
-2421.73
-2424.23
-2426.72
-2429.21
-2431.71
-2434.2
-2436.69
-2439.19
-2441.68
-2444.17
-2446.67
-2449.16
-2451.66
-2454.15
-2456.64
-2459.14
-2461.63
-2464.13
-2466.62
-2469.12
-2471.61
-2474.1
-2476.6
-2479.09
-2481.59
-2484.08
-2486.58
-2489.07
-2491.57
-2494.07
-2496.56
-2499.06
-2501.55
-2504.05
-2506.54
-2509.04
-2511.54
-2514.03
-2516.53
-2519.02
-2521.52
-2524.02
-2526.51
-2529.01
-2531.51
-2534
-2536.5
-2539
-2541.5
-2543.99
-2546.49
-2548.99
-2551.48
-2553.98
-2556.48
-2558.98
-2561.48
-2563.97
-2566.47
-2568.97
-2571.47
-2573.97
-2576.46
-2578.96
-2581.46
-2583.96
-2586.46
-2588.96
-2591.46
-2593.96
-2596.46
-2598.95
-2601.45
-2603.95
-2606.45
-2608.95
-2611.45
-2613.95
-2616.45
-2618.95
-2621.45
-2623.95
-2626.45
-2628.95
-2631.45
-2633.95
-2636.45
-2638.95
-2641.45
-2643.96
-2646.46
-2648.96
-2651.46
-2653.96
-2656.46
-2658.96
-2661.46
-2663.97
-2666.47
-2668.97
-2671.47
-2673.97
-2676.47
-2678.98
-2681.48
-2683.98
-2686.48
-2688.99
-2691.49
-2693.99
-2696.49
-2699
-2701.5
-2704
-2706.51
-2709.01
-2711.51
-2714.02
-2716.52
-2719.02
-2721.53
-2724.03
-2726.53
-2729.04
-2731.54
-2734.05
-2736.55
-2739.05
-2741.56
-2744.06
-2746.57
-2749.07
-2751.58
-2754.08
-2756.59
-2759.09
-2761.6
-2764.1
-2766.61
-2769.11
-2771.62
-2774.12
-2776.63
-2779.13
-2781.64
-2784.15
-2786.65
-2789.16
-2791.66
-2794.17
-2796.68
-2799.18
-2801.69
-2804.2
-2806.7
-2809.21
-2811.72
-2814.22
-2816.73
-2819.24
-2821.74
-2824.25
-2826.76
-2829.27
-2831.77
-2834.28
-2836.79
-2839.3
-2841.81
-2844.31
-2846.82
-2849.33
-2851.84
-2854.35
-2856.85
-2859.36
-2861.87
-2864.38
-2866.89
-2869.4
-2871.91
-2874.42
-2876.93
-2879.43
-2881.94
-2884.45
-2886.96
-2889.47
-2891.98
-2894.49
-2897
-2899.51
-2902.02
-2904.53
-2907.04
-2909.55
-2912.06
-2914.57
-2917.08
-2919.6
-2922.11
-2924.62
-2927.13
-2929.64
-2932.15
-2934.66
-2937.17
-2939.68
-2942.2
-2944.71
-2947.22
-2949.73
-2952.24
-2954.76
-2957.27
-2959.78
-2962.29
-2964.8
-2967.32
-2969.83
-2972.34
-2974.85
-2977.37
-2979.88
-2982.39
-2984.91
-2987.42
-2989.93
-2992.45
-2994.96
-2997.47
-2999.99
-3002.5
-3005.01
-3007.53
-3010.04
-3012.56
-3015.07
-3017.58
-3020.1
-3022.61
-3025.13
-3027.64
-3030.16
-3032.67
-3035.19
-3037.7
-3040.22
-3042.73
-3045.25
-3047.76
-3050.28
-3052.79
-3055.31
-3057.82
-3060.34
-3062.86
-3065.37
-3067.89
-3070.4
-3072.92
-3075.44
-3077.95
-3080.47
-3082.99
-3085.5
-3088.02
-3090.54
-3093.05
-3095.57
-3098.09
-3100.6
-3103.12
-3105.64
-3108.16
-3110.67
-3113.19
-3115.71
-3118.23
-3120.74
-3123.26
-3125.78
-3128.3
-3130.82
-3133.34
-3135.85
-3138.37
-3140.89
-3143.41
-3145.93
-3148.45
-3150.97
-3153.49
-3156
-3158.52
-3161.04
-3163.56
-3166.08
-3168.6
-3171.12
-3173.64
-3176.16
-3178.68
-3181.2
-3183.72
-3186.24
-3188.76
-3191.28
-3193.8
-3196.32
-3198.84
-3201.36
-3203.89
-3206.41
-3208.93
-3211.45
-3213.97
-3216.49
-3219.01
-3221.53
-3224.06
-3226.58
-3229.1
-3231.62
-3234.14
-3236.67
-3239.19
-3241.71
-3244.23
-3246.75
-3249.28
-3251.8
-3254.32
-3256.84
-3259.37
-3261.89
-3264.41
-3266.94
-3269.46
-3271.98
-3274.51
-3277.03
-3279.55
-3282.08
-3284.6
-3287.12
-3289.65
-3292.17
-3294.7
-3297.22
-3299.75
-3302.27
-3304.79
-3307.32
-3309.84
-3312.37
-3314.89
-3317.42
-3319.94
-3322.47
-3324.99
-3327.52
-3330.04
-3332.57
-3335.09
-3337.62
-3340.15
-3342.67
-3345.2
-3347.72
-3350.25
-3352.78
-3355.3
-3357.83
-3360.36
-3362.88
-3365.41
-3367.94
-3370.46
-3372.99
-3375.52
-3378.04
-3380.57
-3383.1
-3385.62
-3388.15
-3390.68
-3393.21
-3395.73
-3398.26
-3400.79
-3403.32
-3405.85
-3408.37
-3410.9
-3413.43
-3415.96
-3418.49
-3421.02
-3423.55
-3426.07
-3428.6
-3431.13
-3433.66
-3436.19
-3438.72
-3441.25
-3443.78
-3446.31
-3448.84
-3451.37
-3453.9
-3456.43
-3458.96
-3461.49
-3464.02
-3466.55
-3469.08
-3471.61
-3474.14
-3476.67
-3479.2
-3481.73
-3484.26
-3486.79
-3489.32
-3491.85
-3494.39
-3496.92
-3499.45
-3501.98
-3504.51
-3507.04
-3509.57
-3512.11
-3514.64
-3517.17
-3519.7
-3522.23
-3524.77
-3527.3
-3529.83
-3532.36
-3534.9
-3537.43
-3539.96
-3542.49
-3545.03
-3547.56
-3550.09
-3552.63
-3555.16
-3557.69
-3560.23
-3562.76
-3565.3
-3567.83
-3570.36
-3572.9
-3575.43
-3577.97
-3580.5
-3583.03
-3585.57
-3588.1
-3590.64
-3593.17
-3595.71
-3598.24
-3600.78
-3603.31
-3605.85
-3608.38
-3610.92
-3613.45
-3615.99
-3618.52
-3621.06
-3623.6
-3626.13
-3628.67
-3631.2
-3633.74
-3636.28
-3638.81
-3641.35
-3643.88
-3646.42
-3648.96
-3651.49
-3654.03
-3656.57
-3659.11
-3661.64
-3664.18
-3666.72
-3669.25
-3671.79
-3674.33
-3676.87
-3679.41
-3681.94
-3684.48
-3687.02
-3689.56
-3692.1
-3694.63
-3697.17
-3699.71
-3702.25
-3704.79
-3707.33
-3709.87
-3712.4
-3714.94
-3717.48
-3720.02
-3722.56
-3725.1
-3727.64
-3730.18
-3732.72
-3735.26
-3737.8
-3740.34
-3742.88
-3745.42
-3747.96
-3750.5
-3753.04
-3755.58
-3758.12
-3760.66
-3763.2
-3765.74
-3768.28
-3770.82
-3773.37
-3775.91
-3778.45
-3780.99
-3783.53
-3786.07
-3788.61
-3791.16
-3793.7
-3796.24
-3798.78
-3801.32
-3803.87
-3806.41
-3808.95
-3811.49
-3814.03
-3816.58
-3819.12
-3821.66
-3824.21
-3826.75
-3829.29
-3831.83
-3834.38
-3836.92
-3839.46
-3842.01
-3844.55
-3847.1
-3849.64
-3852.18
-3854.73
-3857.27
-3859.82
-3862.36
-3864.9
-3867.45
-3869.99
-3872.54
-3875.08
-3877.63
-3880.17
-3882.72
-3885.26
-3887.81
-3890.35
-3892.9
-3895.44
-3897.99
-3900.53
-3903.08
-3905.62
-3908.17
-3910.72
-3913.26
-3915.81
-3918.35
-3920.9
-3923.45
-3925.99
-3928.54
-3931.09
-3933.63
-3936.18
-3938.73
-3941.27
-3943.82
-3946.37
-3948.92
-3951.46
-3954.01
-3956.56
-3959.11
-3961.65
-3964.2
-3966.75
-3969.3
-3971.85
-3974.39
-3976.94
-3979.49
-3982.04
-3984.59
-3987.14
-3989.68
-3992.23
-3994.78
-3997.33
-3999.88
-4002.43
-4004.98
-4007.53
-4010.08
-4012.63
-4015.18
-4017.73
-4020.28
-4022.83
-4025.38
-4027.93
-4030.48
-4033.03
-4035.58
-4038.13
-4040.68
-4043.23
-4045.78
-4048.33
-4050.88
-4053.43
-4055.98
-4058.53
-4061.08
-4063.64
-4066.19
-4068.74
-4071.29
-4073.84
-4076.39
-4078.95
-4081.5
-4084.05
-4086.6
-4089.15
-4091.71
-4094.26
-4096.81
-4099.36
-4101.92
-4104.47
-4107.02
-4109.58
-4112.13
-4114.68
-4117.23
-4119.79
-4122.34
-4124.89
-4127.45
-4130
-4132.56
-4135.11
-4137.66
-4140.22
-4142.77
-4145.33
-4147.88
-4150.43
-4152.99
-4155.54
-4158.1
-4160.65
-4163.21
-4165.76
-4168.32
-4170.87
-4173.43
-4175.98
-4178.54
-4181.09
-4183.65
-4186.2
-4188.76
-4191.32
-4193.87
-4196.43
-4198.98
-4201.54
-4204.1
-4206.65
-4209.21
-4211.77
-4214.32
-4216.88
-4219.44
-4221.99
-4224.55
-4227.11
-4229.66
-4232.22
-4234.78
-4237.34
-4239.89
-4242.45
-4245.01
-4247.57
-4250.12
-4252.68
-4255.24
-4257.8
-4260.36
-4262.92
-4265.47
-4268.03
-4270.59
-4273.15
-4275.71
-4278.27
-4280.83
-4283.38
-4285.94
-4288.5
-4291.06
-4293.62
-4296.18
-4298.74
-4301.3
-4303.86
-4306.42
-4308.98
-4311.54
-4314.1
-4316.66
-4319.22
-4321.78
-4324.34
-4326.9
-4329.46
-4332.02
-4334.58
-4337.15
-4339.71
-4342.27
-4344.83
-4347.39
-4349.95
-4352.51
-4355.07
-4357.64
-4360.2
-4362.76
-4365.32
-4367.88
-4370.45
-4373.01
-4375.57
-4378.13
-4380.69
-4383.26
-4385.82
-4388.38
-4390.95
-4393.51
-4396.07
-4398.63
-4401.2
-4403.76
-4406.32
-4408.89
-4411.45
-4414.01
-4416.58
-4419.14
-4421.71
-4424.27
-4426.83
-4429.4
-4431.96
-4434.53
-4437.09
-4439.66
-4442.22
-4444.79
-4447.35
-4449.91
-4452.48
-4455.04
-4457.61
-4460.18
-4462.74
-4465.31
-4467.87
-4470.44
-4473
-4475.57
-4478.13
-4480.7
-4483.27
-4485.83
-4488.4
-4490.96
-4493.53
-4496.1
-4498.66
-4501.23
-4503.8
-4506.36
-4508.93
-4511.5
-4514.07
-4516.63
-4519.2
-4521.77
-4524.34
-4526.9
-4529.47
-4532.04
-4534.61
-4537.17
-4539.74
-4542.31
-4544.88
-4547.45
-4550.01
-4552.58
-4555.15
-4557.72
-4560.29
-4562.86
-4565.43
-4568
-4570.57
-4573.13
-4575.7
-4578.27
-4580.84
-4583.41
-4585.98
-4588.55
-4591.12
-4593.69
-4596.26
-4598.83
-4601.4
-4603.97
-4606.54
-4609.11
-4611.68
-4614.25
-4616.82
-4619.4
-4621.97
-4624.54
-4627.11
-4629.68
-4632.25
-4634.82
-4637.39
-4639.96
-4642.54
-4645.11
-4647.68
-4650.25
-4652.82
-4655.4
-4657.97
-4660.54
-4663.11
-4665.68
-4668.26
-4670.83
-4673.4
-4675.98
-4678.55
-4681.12
-4683.69
-4686.27
-4688.84
-4691.41
-4693.99
-4696.56
-4699.13
-4701.71
-4704.28
-4706.86
-4709.43
-4712
-4714.58
-4717.15
-4719.73
-4722.3
-4724.88
-4727.45
-4730.02
-4732.6
-4735.17
-4737.75
-4740.32
-4742.9
-4745.47
-4748.05
-4750.63
-4753.2
-4755.78
-4758.35
-4760.93
-4763.5
-4766.08
-4768.66
-4771.23
-4773.81
-4776.38
-4778.96
-4781.54
-4784.11
-4786.69
-4789.27
-4791.84
-4794.42
-4797
-4799.58
-4802.15
-4804.73
-4807.31
-4809.88
-4812.46
-4815.04
-4817.62
-4820.2
-4822.77
-4825.35
-4827.93
-4830.51
-4833.09
-4835.66
-4838.24
-4840.82
-4843.4
-4845.98
-4848.56
-4851.14
-4853.72
-4856.29
-4858.87
-4861.45
-4864.03
-4866.61
-4869.19
-4871.77
-4874.35
-4876.93
-4879.51
-4882.09
-4884.67
-4887.25
-4889.83
-4892.41
-4894.99
-4897.57
-4900.15
-4902.73
-4905.31
-4907.89
-4910.48
-4913.06
-4915.64
-4918.22
-4920.8
-4923.38
-4925.96
-4928.55
-4931.13
-4933.71
-4936.29
-4938.87
-4941.45
-4944.04
-4946.62
-4949.2
-4951.78
-4954.37
-4956.95
-4959.53
-4962.11
-4964.7
-4967.28
-4969.86
-4972.45
-4975.03
-4977.61
-4980.2
-4982.78
-4985.36
-4987.95
-4990.53
-4993.11
-4995.7
-4998.28
-5000.87
-5003.45
-5006.04
-5008.62
-5011.2
-5013.79
-5016.37
-5018.96
-5021.54
-5024.13
-5026.71
-5029.3
-5031.88
-5034.47
-5037.05
-5039.64
-5042.22
-5044.81
-5047.4
-5049.98
-5052.57
-5055.15
-5057.74
-5060.33
-5062.91
-5065.5
-5068.09
-5070.67
-5073.26
-5075.85
-5078.43
-5081.02
-5083.61
-5086.19
-5088.78
-5091.37
-5093.96
-5096.54
-5099.13
-5101.72
-5104.31
-5106.89
-5109.48
-5112.07
-5114.66
-5117.25
-5119.83
-5122.42
-5125.01
-5127.6
-5130.19
-5132.78
-5135.37
-5137.95
-5140.54
-5143.13
-5145.72
-5148.31
-5150.9
-5153.49
-5156.08
-5158.67
-5161.26
-5163.85
-5166.44
-5169.03
-5171.62
-5174.21
-5176.8
-5179.39
-5181.98
-5184.57
-5187.16
-5189.75
-5192.34
-5194.93
-5197.52
-5200.11
-5202.71
-5205.3
-5207.89
-5210.48
-5213.07
-5215.66
-5218.25
-5220.85
-5223.44
-5226.03
-5228.62
-5231.21
-5233.81
-5236.4
-5238.99
-5241.58
-5244.18
-5246.77
-5249.36
-5251.96
-5254.55
-5257.14
-5259.73
-5262.33
-5264.92
-5267.51
-5270.11
-5272.7
-5275.3
-5277.89
-5280.48
-5283.08
-5285.67
-5288.26
-5290.86
-5293.45
-5296.05
-5298.64
-5301.24
-5303.83
-5306.43
-5309.02
-5311.62
-5314.21
-5316.81
-5319.4
-5322
-5324.59
-5327.19
-5329.78
-5332.38
-5334.97
-5337.57
-5340.17
-5342.76
-5345.36
-5347.95
-5350.55
-5353.15
-5355.74
-5358.34
-5360.94
-5363.53
-5366.13
-5368.73
-5371.32
-5373.92
-5376.52
-5379.12
-5381.71
-5384.31
-5386.91
-5389.51
-5392.1
-5394.7
-5397.3
-5399.9
-5402.5
-5405.09
-5407.69
-5410.29
-5412.89
-5415.49
-5418.09
-5420.69
-5423.28
-5425.88
-5428.48
-5431.08
-5433.68
-5436.28
-5438.88
-5441.48
-5444.08
-5446.68
-5449.28
-5451.88
-5454.48
-5457.08
-5459.68
-5462.28
-5464.88
-5467.48
-5470.08
-5472.68
-5475.28
-5477.88
-5480.48
-5483.08
-5485.68
-5488.28
-5490.89
-5493.49
-5496.09
-5498.69
-5501.29
-5503.89
-5506.49
-5509.1
-5511.7
-5514.3
-5516.9
-5519.5
-5522.11
-5524.71
-5527.31
-5529.91
-5532.52
-5535.12
-5537.72
-5540.33
-5542.93
-5545.53
-5548.13
-5550.74
-5553.34
-5555.94
-5558.55
-5561.15
-5563.76
-5566.36
-5568.96
-5571.57
-5574.17
-5576.78
-5579.38
-5581.98
-5584.59
-5587.19
-5589.8
-5592.4
-5595.01
-5597.61
-5600.22
-5602.82
-5605.43
-5608.03
-5610.64
-5613.24
-5615.85
-5618.45
-5621.06
-5623.67
-5626.27
-5628.88
-5631.48
-5634.09
-5636.7
-5639.3
-5641.91
-5644.52
-5647.12
-5649.73
-5652.34
-5654.94
-5657.55
-5660.16
-5662.76
-5665.37
-5667.98
-5670.59
-5673.19
-5675.8
-5678.41
-5681.02
-5683.62
-5686.23
-5688.84
-5691.45
-5694.06
-5696.67
-5699.27
-5701.88
-5704.49
-5707.1
-5709.71
-5712.32
-5714.93
-5717.53
-5720.14
-5722.75
-5725.36
-5727.97
-5730.58
-5733.19
-5735.8
-5738.41
-5741.02
-5743.63
-5746.24
-5748.85
-5751.46
-5754.07
-5756.68
-5759.29
-5761.9
-5764.51
-5767.12
-5769.74
-5772.35
-5774.96
-5777.57
-5780.18
-5782.79
-5785.4
-5788.01
-5790.63
-5793.24
-5795.85
-5798.46
-5801.07
-5803.68
-5806.3
-5808.91
-5811.52
-5814.13
-5816.75
-5819.36
-5821.97
-5824.58
-5827.2
-5829.81
-5832.42
-5835.04
-5837.65
-5840.26
-5842.88
-5845.49
-5848.1
-5850.72
-5853.33
-5855.94
-5858.56
-5861.17
-5863.79
-5866.4
-5869.02
-5871.63
-5874.24
-5876.86
-5879.47
-5882.09
-5884.7
-5887.32
-5889.93
-5892.55
-5895.16
-5897.78
-5900.39
-5903.01
-5905.63
-5908.24
-5910.86
-5913.47
-5916.09
-5918.7
-5921.32
-5923.94
-5926.55
-5929.17
-5931.79
-5934.4
-5937.02
-5939.64
-5942.25
-5944.87
-5947.49
-5950.1
-5952.72
-5955.34
-5957.96
-5960.57
-5963.19
-5965.81
-5968.43
-5971.04
-5973.66
-5976.28
-5978.9
-5981.52
-5984.14
-5986.75
-5989.37
-5991.99
-5994.61
-5997.23
-5999.85
-6002.47
-6005.08
-6007.7
-6010.32
-6012.94
-6015.56
-6018.18
-6020.8
-6023.42
-6026.04
-6028.66
-6031.28
-6033.9
-6036.52
-6039.14
-6041.76
-6044.38
-6047
-6049.62
-6052.24
-6054.86
-6057.48
-6060.11
-6062.73
-6065.35
-6067.97
-6070.59
-6073.21
-6075.83
-6078.45
-6081.08
-6083.7
-6086.32
-6088.94
-6091.56
-6094.19
-6096.81
-6099.43
-6102.05
-6104.68
-6107.3
-6109.92
-6112.54
-6115.17
-6117.79
-6120.41
-6123.04
-6125.66
-6128.28
-6130.91
-6133.53
-6136.15
-6138.78
-6141.4
-6144.02
-6146.65
-6149.27
-6151.9
-6154.52
-6157.14
-6159.77
-6162.39
-6165.02
-6167.64
-6170.27
-6172.89
-6175.52
-6178.14
-6180.77
-6183.39
-6186.02
-6188.64
-6191.27
-6193.89
-6196.52
-6199.15
-6201.77
-6204.4
-6207.02
-6209.65
-6212.28
-6214.9
-6217.53
-6220.16
-6222.78
-6225.41
-6228.04
-6230.66
-6233.29
-6235.92
-6238.54
-6241.17
-6243.8
-6246.43
-6249.05
-6251.68
-6254.31
-6256.94
-6259.56
-6262.19
-6264.82
-6267.45
-6270.08
-6272.7
-6275.33
-6277.96
-6280.59
-6283.22
-6285.85
-6288.48
-6291.11
-6293.73
-6296.36
-6298.99
-6301.62
-6304.25
-6306.88
-6309.51
-6312.14
-6314.77
-6317.4
-6320.03
-6322.66
-6325.29
-6327.92
-6330.55
-6333.18
-6335.81
-6338.44
-6341.07
-6343.7
-6346.34
-6348.97
-6351.6
-6354.23
-6356.86
-6359.49
-6362.12
-6364.75
-6367.39
-6370.02
-6372.65
-6375.28
-6377.91
-6380.54
-6383.18
-6385.81
-6388.44
-6391.07
-6393.71
-6396.34
-6398.97
-6401.6
-6404.24
-6406.87
-6409.5
-6412.14
-6414.77
-6417.4
-6420.04
-6422.67
-6425.3
-6427.94
-6430.57
-6433.21
-6435.84
-6438.47
-6441.11
-6443.74
-6446.38
-6449.01
-6451.65
-6454.28
-6456.91
-6459.55
-6462.18
-6464.82
-6467.45
-6470.09
-6472.73
-6475.36
-6478
-6480.63
-6483.27
-6485.9
-6488.54
-6491.17
-6493.81
-6496.45
-6499.08
-6501.72
-6504.36
-6506.99
-6509.63
-6512.27
-6514.9
-6517.54
-6520.18
-6522.81
-6525.45
-6528.09
-6530.72
-6533.36
-6536
-6538.64
-6541.27
-6543.91
-6546.55
-6549.19
-6551.83
-6554.46
-6557.1
-6559.74
-6562.38
-6565.02
-6567.66
-6570.29
-6572.93
-6575.57
-6578.21
-6580.85
-6583.49
-6586.13
-6588.77
-6591.41
-6594.05
-6596.69
-6599.33
-6601.97
-6604.61
-6607.25
-6609.89
-6612.53
-6615.17
-6617.81
-6620.45
-6623.09
-6625.73
-6628.37
-6631.01
-6633.65
-6636.29
-6638.93
-6641.57
-6644.21
-6646.86
-6649.5
-6652.14
-6654.78
-6657.42
-6660.06
-6662.71
-6665.35
-6667.99
-6670.63
-6673.27
-6675.92
-6678.56
-6681.2
-6683.84
-6686.49
-6689.13
-6691.77
-6694.41
-6697.06
-6699.7
-6702.34
-6704.99
-6707.63
-6710.27
-6712.92
-6715.56
-6718.21
-6720.85
-6723.49
-6726.14
-6728.78
-6731.43
-6734.07
-6736.71
-6739.36
-6742
-6744.65
-6747.29
-6749.94
-6752.58
-6755.23
-6757.87
-6760.52
-6763.16
-6765.81
-6768.46
-6771.1
-6773.75
-6776.39
-6779.04
-6781.68
-6784.33
-6786.98
-6789.62
-6792.27
-6794.92
-6797.56
-6800.21
-6802.86
-6805.5
-6808.15
-6810.8
-6813.44
-6816.09
-6818.74
-6821.39
-6824.03
-6826.68
-6829.33
-6831.98
-6834.62
-6837.27
-6839.92
-6842.57
-6845.22
-6847.86
-6850.51
-6853.16
-6855.81
-6858.46
-6861.11
-6863.76
-6866.41
-6869.05
-6871.7
-6874.35
-6877
-6879.65
-6882.3
-6884.95
-6887.6
-6890.25
-6892.9
-6895.55
-6898.2
-6900.85
-6903.5
-6906.15
-6908.8
-6911.45
-6914.1
-6916.75
-6919.4
-6922.05
-6924.71
-6927.36
-6930.01
-6932.66
-6935.31
-6937.96
-6940.61
-6943.26
-6945.92
-6948.57
-6951.22
-6953.87
-6956.52
-6959.18
-6961.83
-6964.48
-6967.13
-6969.79
-6972.44
-6975.09
-6977.74
-6980.4
-6983.05
-6985.7
-6988.36
-6991.01
-6993.66
-6996.32
-6998.97
-7001.62
-7004.28
-7006.93
-7009.59
-7012.24
-7014.89
-7017.55
-7020.2
-7022.86
-7025.51
-7028.17
-7030.82
-7033.48
-7036.13
-7038.78
-7041.44
-7044.09
-7046.75
-7049.41
-7052.06
-7054.72
-7057.37
-7060.03
-7062.68
-7065.34
-7068
-7070.65
-7073.31
-7075.96
-7078.62
-7081.28
-7083.93
-7086.59
-7089.25
-7091.9
-7094.56
-7097.22
-7099.87
-7102.53
-7105.19
-7107.85
-7110.5
-7113.16
-7115.82
-7118.48
-7121.13
-7123.79
-7126.45
-7129.11
-7131.77
-7134.42
-7137.08
-7139.74
-7142.4
-7145.06
-7147.72
-7150.38
-7153.04
-7155.69
-7158.35
-7161.01
-7163.67
-7166.33
-7168.99
-7171.65
-7174.31
-7176.97
-7179.63
-7182.29
-7184.95
-7187.61
-7190.27
-7192.93
-7195.59
-7198.25
-7200.91
-7203.57
-7206.23
-7208.89
-7211.56
-7214.22
-7216.88
-7219.54
-7222.2
-7224.86
-7227.52
-7230.18
-7232.85
-7235.51
-7238.17
-7240.83
-7243.49
-7246.16
-7248.82
-7251.48
-7254.14
-7256.81
-7259.47
-7262.13
-7264.79
-7267.46
-7270.12
-7272.78
-7275.45
-7278.11
-7280.77
-7283.44
-7286.1
-7288.76
-7291.43
-7294.09
-7296.76
-7299.42
-7302.08
-7304.75
-7307.41
-7310.08
-7312.74
-7315.41
-7318.07
-7320.73
-7323.4
-7326.06
-7328.73
-7331.39
-7334.06
-7336.73
-7339.39
-7342.06
-7344.72
-7347.39
-7350.05
-7352.72
-7355.39
-7358.05
-7360.72
-7363.38
-7366.05
-7368.72
-7371.38
-7374.05
-7376.72
-7379.38
-7382.05
-7384.72
-7387.38
-7390.05
-7392.72
-7395.39
-7398.05
-7400.72
-7403.39
-7406.06
-7408.72
-7411.39
-7414.06
-7416.73
-7419.4
-7422.07
-7424.73
-7427.4
-7430.07
-7432.74
-7435.41
-7438.08
-7440.75
-7443.42
-7446.08
-7448.75
-7451.42
-7454.09
-7456.76
-7459.43
-7462.1
-7464.77
-7467.44
-7470.11
-7472.78
-7475.45
-7478.12
-7480.79
-7483.46
-7486.13
-7488.8
-7491.47
-7494.15
-7496.82
-7499.49
-7502.16
-7504.83
-7507.5
-7510.17
-7512.84
-7515.52
-7518.19
-7520.86
-7523.53
-7526.2
-7528.87
-7531.55
-7534.22
-7536.89
-7539.56
-7542.24
-7544.91
-7547.58
-7550.25
-7552.93
-7555.6
-7558.27
-7560.95
-7563.62
-7566.29
-7568.97
-7571.64
-7574.31
-7576.99
-7579.66
-7582.34
-7585.01
-7587.68
-7590.36
-7593.03
-7595.71
-7598.38
-7601.06
-7603.73
-7606.41
-7609.08
-7611.76
-7614.43
-7617.11
-7619.78
-7622.46
-7625.13
-7627.81
-7630.48
-7633.16
-7635.83
-7638.51
-7641.19
-7643.86
-7646.54
-7649.21
-7651.89
-7654.57
-7657.24
-7659.92
-7662.6
-7665.27
-7667.95
-7670.63
-7673.31
-7675.98
-7678.66
-7681.34
-7684.01
-7686.69
-7689.37
-7692.05
-7694.73
-7697.4
-7700.08
-7702.76
-7705.44
-7708.12
-7710.79
-7713.47
-7716.15
-7718.83
-7721.51
-7724.19
-7726.87
-7729.55
-7732.23
-7734.9
-7737.58
-7740.26
-7742.94
-7745.62
-7748.3
-7750.98
-7753.66
-7756.34
-7759.02
-7761.7
-7764.38
-7767.06
-7769.74
-7772.42
-7775.11
-7777.79
-7780.47
-7783.15
-7785.83
-7788.51
-7791.19
-7793.87
-7796.55
-7799.24
-7801.92
-7804.6
-7807.28
-7809.96
-7812.64
-7815.33
-7818.01
-7820.69
-7823.37
-7826.06
-7828.74
-7831.42
-7834.1
-7836.79
-7839.47
-7842.15
-7844.84
-7847.52
-7850.2
-7852.89
-7855.57
-7858.25
-7860.94
-7863.62
-7866.3
-7868.99
-7871.67
-7874.36
-7877.04
-7879.73
-7882.41
-7885.09
-7887.78
-7890.46
-7893.15
-7895.83
-7898.52
-7901.2
-7903.89
-7906.57
-7909.26
-7911.95
-7914.63
-7917.32
-7920
-7922.69
-7925.37
-7928.06
-7930.75
-7933.43
-7936.12
-7938.81
-7941.49
-7944.18
-7946.87
-7949.55
-7952.24
-7954.93
-7957.61
-7960.3
-7962.99
-7965.68
-7968.36
-7971.05
-7973.74
-7976.43
-7979.11
-7981.8
-7984.49
-7987.18
-7989.87
-7992.55
-7995.24
-7997.93
-8000.62
-8003.31
-8006
-8008.69
-8011.38
-8014.07
-8016.75
-8019.44
-8022.13
-8024.82
-8027.51
-8030.2
-8032.89
-8035.58
-8038.27
-8040.96
-8043.65
-8046.34
-8049.03
-8051.72
-8054.41
-8057.1
-8059.79
-8062.49
-8065.18
-8067.87
-8070.56
-8073.25
-8075.94
-8078.63
-8081.32
-8084.02
-8086.71
-8089.4
-8092.09
-8094.78
-8097.47
-8100.17
-8102.86
-8105.55
-8108.24
-8110.94
-8113.63
-8116.32
-8119.01
-8121.71
-8124.4
-8127.09
-8129.79
-8132.48
-8135.17
-8137.87
-8140.56
-8143.25
-8145.95
-8148.64
-8151.34
-8154.03
-8156.72
-8159.42
-8162.11
-8164.81
-8167.5
-8170.2
-8172.89
-8175.59
-8178.28
-8180.98
-8183.67
-8186.37
-8189.06
-8191.76
-8194.45
-8197.15
-8199.84
-8202.54
-8205.23
-8207.93
-8210.63
-8213.32
-8216.02
-8218.72
-8221.41
-8224.11
-8226.8
-8229.5
-8232.2
-8234.9
-8237.59
-8240.29
-8242.99
-8245.68
-8248.38
-8251.08
-8253.78
-8256.47
-8259.17
-8261.87
-8264.57
-8267.27
-8269.96
-8272.66
-8275.36
-8278.06
-8280.76
-8283.46
-8286.15
-8288.85
-8291.55
-8294.25
-8296.95
-8299.65
-8302.35
-8305.05
-8307.75
-8310.45
-8313.15
-8315.85
-8318.55
-8321.25
-8323.95
-8326.65
-8329.35
-8332.05
-8334.75
-8337.45
-8340.15
-8342.85
-8345.55
-8348.25
-8350.95
-8353.65
-8356.36
-8359.06
-8361.76
-8364.46
-8367.16
-8369.86
-8372.56
-8375.27
-8377.97
-8380.67
-8383.37
-8386.08
-8388.78
-8391.48
-8394.18
-8396.89
-8399.59
-8402.29
-8404.99
-8407.7
-8410.4
-8413.1
-8415.81
-8418.51
-8421.21
-8423.92
-8426.62
-8429.33
-8432.03
-8434.73
-8437.44
-8440.14
-8442.85
-8445.55
-8448.25
-8450.96
-8453.66
-8456.37
-8459.07
-8461.78
-8464.48
-8467.19
-8469.89
-8472.6
-8475.3
-8478.01
-8480.72
-8483.42
-8486.13
-8488.83
-8491.54
-8494.25
-8496.95
-8499.66
-8502.36
-8505.07
-8507.78
-8510.48
-8513.19
-8515.9
-8518.61
-8521.31
-8524.02
-8526.73
-8529.43
-8532.14
-8534.85
-8537.56
-8540.26
-8542.97
-8545.68
-8548.39
-8551.1
-8553.81
-8556.51
-8559.22
-8561.93
-8564.64
-8567.35
-8570.06
-8572.77
-8575.47
-8578.18
-8580.89
-8583.6
-8586.31
-8589.02
-8591.73
-8594.44
-8597.15
-8599.86
-8602.57
-8605.28
-8607.99
-8610.7
-8613.41
-8616.12
-8618.83
-8621.54
-8624.25
-8626.96
-8629.68
-8632.39
-8635.1
-8637.81
-8640.52
-8643.23
-8645.94
-8648.66
-8651.37
-8654.08
-8656.79
-8659.5
-8662.21
-8664.93
-8667.64
-8670.35
-8673.06
-8675.78
-8678.49
-8681.2
-8683.92
-8686.63
-8689.34
-8692.05
-8694.77
-8697.48
-8700.2
-8702.91
-8705.62
-8708.34
-8711.05
-8713.76
-8716.48
-8719.19
-8721.91
-8724.62
-8727.34
-8730.05
-8732.76
-8735.48
-8738.19
-8740.91
-8743.62
-8746.34
-8749.05
-8751.77
-8754.49
-8757.2
-8759.92
-8762.63
-8765.35
-8768.06
-8770.78
-8773.5
-8776.21
-8778.93
-8781.65
-8784.36
-8787.08
-8789.8
-8792.51
-8795.23
-8797.95
-8800.66
-8803.38
-8806.1
-8808.82
-8811.53
-8814.25
-8816.97
-8819.69
-8822.4
-8825.12
-8827.84
-8830.56
-8833.28
-8835.99
-8838.71
-8841.43
-8844.15
-8846.87
-8849.59
-8852.31
-8855.03
-8857.75
-8860.46
-8863.18
-8865.9
-8868.62
-8871.34
-8874.06
-8876.78
-8879.5
-8882.22
-8884.94
-8887.66
-8890.38
-8893.1
-8895.82
-8898.54
-8901.27
-8903.99
-8906.71
-8909.43
-8912.15
-8914.87
-8917.59
-8920.31
-8923.03
-8925.76
-8928.48
-8931.2
-8933.92
-8936.64
-8939.37
-8942.09
-8944.81
-8947.53
-8950.26
-8952.98
-8955.7
-8958.42
-8961.15
-8963.87
-8966.59
-8969.32
-8972.04
-8974.76
-8977.49
-8980.21
-8982.93
-8985.66
-8988.38
-8991.1
-8993.83
-8996.55
-8999.28
-9002
-9004.73
-9007.45
-9010.18
-9012.9
-9015.62
-9018.35
-9021.07
-9023.8
-9026.53
-9029.25
-9031.98
-9034.7
-9037.43
-9040.15
-9042.88
-9045.61
-9048.33
-9051.06
-9053.78
-9056.51
-9059.24
-9061.96
-9064.69
-9067.42
-9070.14
-9072.87
-9075.6
-9078.32
-9081.05
-9083.78
-9086.51
-9089.23
-9091.96
-9094.69
-9097.42
-9100.15
-9102.87
-9105.6
-9108.33
-9111.06
-9113.79
-9116.51
-9119.24
-9121.97
-9124.7
-9127.43
-9130.16
-9132.89
-9135.62
-9138.35
-9141.08
-9143.81
-9146.54
-9149.26
-9151.99
-9154.72
-9157.45
-9160.18
-9162.92
-9165.65
-9168.38
-9171.11
-9173.84
-9176.57
-9179.3
-9182.03
-9184.76
-9187.49
-9190.22
-9192.95
-9195.69
-9198.42
-9201.15
-9203.88
-9206.61
-9209.34
-9212.08
-9214.81
-9217.54
-9220.27
-9223.01
-9225.74
-9228.47
-9231.2
-9233.94
-9236.67
-9239.4
-9242.13
-9244.87
-9247.6
-9250.33
-9253.07
-9255.8
-9258.54
-9261.27
-9264
-9266.74
-9269.47
-9272.21
-9274.94
-9277.67
-9280.41
-9283.14
-9285.88
-9288.61
-9291.35
-9294.08
-9296.82
-9299.55
-9302.29
-9305.02
-9307.76
-9310.5
-9313.23
-9315.97
-9318.7
-9321.44
-9324.17
-9326.91
-9329.65
-9332.38
-9335.12
-9337.86
-9340.59
-9343.33
-9346.07
-9348.8
-9351.54
-9354.28
-9357.02
-9359.75
-9362.49
-9365.23
-9367.97
-9370.7
-9373.44
-9376.18
-9378.92
-9381.66
-9384.39
-9387.13
-9389.87
-9392.61
-9395.35
-9398.09
-9400.83
-9403.57
-9406.31
-9409.04
-9411.78
-9414.52
-9417.26
-9420
-9422.74
-9425.48
-9428.22
-9430.96
-9433.7
-9436.44
-9439.18
-9441.92
-9444.66
-9447.4
-9450.14
-9452.89
-9455.63
-9458.37
-9461.11
-9463.85
-9466.59
-9469.33
-9472.07
-9474.82
-9477.56
-9480.3
-9483.04
-9485.78
-9488.53
-9491.27
-9494.01
-9496.75
-9499.5
-9502.24
-9504.98
-9507.72
-9510.47
-9513.21
-9515.95
-9518.7
-9521.44
-9524.18
-9526.93
-9529.67
-9532.41
-9535.16
-9537.9
-9540.65
-9543.39
-9546.13
-9548.88
-9551.62
-9554.37
-9557.11
-9559.86
-9562.6
-9565.35
-9568.09
-9570.84
-9573.58
-9576.33
-9579.07
-9581.82
-9584.57
-9587.31
-9590.06
-9592.8
-9595.55
-9598.3
-9601.04
-9603.79
-9606.53
-9609.28
-9612.03
-9614.78
-9617.52
-9620.27
-9623.02
-9625.76
-9628.51
-9631.26
-9634.01
-9636.75
-9639.5
-9642.25
-9645
-9647.75
-9650.49
-9653.24
-9655.99
-9658.74
-9661.49
-9664.24
-9666.98
-9669.73
-9672.48
-9675.23
-9677.98
-9680.73
-9683.48
-9686.23
-9688.98
-9691.73
-9694.48
-9697.23
-9699.98
-9702.73
-9705.48
-9708.23
-9710.98
-9713.73
-9716.48
-9719.23
-9721.98
-9724.73
-9727.48
-9730.23
-9732.99
-9735.74
-9738.49
-9741.24
-9743.99
-9746.74
-9749.5
-9752.25
-9755
-9757.75
-9760.5
-9763.26
-9766.01
-9768.76
-9771.51
-9774.27
-9777.02
-9779.77
-9782.53
-9785.28
-9788.03
-9790.79
-9793.54
-9796.29
-9799.05
-9801.8
-9804.55
-9807.31
-9810.06
-9812.82
-9815.57
-9818.32
-9821.08
-9823.83
-9826.59
-9829.34
-9832.1
-9834.85
-9837.61
-9840.36
-9843.12
-9845.87
-9848.63
-9851.39
-9854.14
-9856.9
-9859.65
-9862.41
-9865.17
-9867.92
-9870.68
-9873.44
-9876.19
-9878.95
-9881.71
-9884.46
-9887.22
-9889.98
-9892.73
-9895.49
-9898.25
-9901.01
-9903.76
-9906.52
-9909.28
-9912.04
-9914.8
-9917.55
-9920.31
-9923.07
-9925.83
-9928.59
-9931.35
-9934.1
-9936.86
-9939.62
-9942.38
-9945.14
-9947.9
-9950.66
-9953.42
-9956.18
-9958.94
-9961.7
-9964.46
-9967.22
-9969.98
-9972.74
-9975.5
-9978.26
-9981.02
-9983.78
-9986.54
-9989.3
-9992.06
-9994.82
-9997.59
-10000.3
-10003.1
-10005.9
-10008.6
-10011.4
-10014.2
-10016.9
-10019.7
-10022.4
-10025.2
-10028
-10030.7
-10033.5
-10036.3
-10039
-10041.8
-10044.5
-10047.3
-10050.1
-10052.8
-10055.6
-10058.4
-10061.1
-10063.9
-10066.6
-10069.4
-10072.2
-10074.9
-10077.7
-10080.5
-10083.2
-10086
-10088.8
-10091.5
-10094.3
-10097.1
-10099.8
-10102.6
-10105.4
-10108.1
-10110.9
-10113.6
-10116.4
-10119.2
-10121.9
-10124.7
-10127.5
-10130.2
-10133
-10135.8
-10138.5
-10141.3
-10144.1
-10146.8
-10149.6
-10152.4
-10155.1
-10157.9
-10160.7
-10163.4
-10166.2
-10169
-10171.8
-10174.5
-10177.3
-10180.1
-10182.8
-10185.6
-10188.4
-10191.1
-10193.9
-10196.7
-10199.4
-10202.2
-10205
-10207.7
-10210.5
-10213.3
-10216.1
-10218.8
-10221.6
-10224.4
-10227.1
-10229.9
-10232.7
-10235.4
-10238.2
-10241
-10243.8
-10246.5
-10249.3
-10252.1
-10254.8
-10257.6
-10260.4
-10263.1
-10265.9
-10268.7
-10271.5
-10274.2
-10277
-10279.8
-10282.5
-10285.3
-10288.1
-10290.9
-10293.6
-10296.4
-10299.2
-10302
-10304.7
-10307.5
-10310.3
-10313
-10315.8
-10318.6
-10321.4
-10324.1
-10326.9
-10329.7
-10332.5
-10335.2
-10338
-10340.8
-10343.6
-10346.3
-10349.1
-10351.9
-10354.7
-10357.4
-10360.2
-10363
-10365.8
-10368.5
-10371.3
-10374.1
-10376.9
-10379.6
-10382.4
-10385.2
-10388
-10390.7
-10393.5
-10396.3
-10399.1
-10401.8
-10404.6
-10407.4
-10410.2
-10413
-10415.7
-10418.5
-10421.3
-10424.1
-10426.8
-10429.6
-10432.4
-10435.2
-10438
-10440.7
-10443.5
-10446.3
-10449.1
-10451.8
-10454.6
-10457.4
-10460.2
-10463
-10465.7
-10468.5
-10471.3
-10474.1
-10476.9
-10479.6
-10482.4
-10485.2
-10488
-10490.8
-10493.5
-10496.3
-10499.1
-10501.9
-10504.7
-10507.4
-10510.2
-10513
-10515.8
-10518.6
-10521.3
-10524.1
-10526.9
-10529.7
-10532.5
-10535.3
-10538
-10540.8
-10543.6
-10546.4
-10549.2
-10551.9
-10554.7
-10557.5
-10560.3
-10563.1
-10565.9
-10568.6
-10571.4
-10574.2
-10577
-10579.8
-10582.6
-10585.3
-10588.1
-10590.9
-10593.7
-10596.5
-10599.3
-10602.1
-10604.8
-10607.6
-10610.4
-10613.2
-10616
-10618.8
-10621.5
-10624.3
-10627.1
-10629.9
-10632.7
-10635.5
-10638.3
-10641
-10643.8
-10646.6
-10649.4
-10652.2
-10655
-10657.8
-10660.6
-10663.3
-10666.1
-10668.9
-10671.7
-10674.5
-10677.3
-10680.1
-10682.8
-10685.6
-10688.4
-10691.2
-10694
-10696.8
-10699.6
-10702.4
-10705.2
-10707.9
-10710.7
-10713.5
-10716.3
-10719.1
-10721.9
-10724.7
-10727.5
-10730.3
-10733
-10735.8
-10738.6
-10741.4
-10744.2
-10747
-10749.8
-10752.6
-10755.4
-10758.2
-10760.9
-10763.7
-10766.5
-10769.3
-10772.1
-10774.9
-10777.7
-10780.5
-10783.3
-10786.1
-10788.9
-10791.7
-10794.4
-10797.2
-10800
-10802.8
-10805.6
-10808.4
-10811.2
-10814
-10816.8
-10819.6
-10822.4
-10825.2
-10828
-10830.8
-10833.5
-10836.3
-10839.1
-10841.9
-10844.7
-10847.5
-10850.3
-10853.1
-10855.9
-10858.7
-10861.5
-10864.3
-10867.1
-10869.9
-10872.7
-10875.5
-10878.3
-10881.1
-10883.9
-10886.6
-10889.4
-10892.2
-10895
-10897.8
-10900.6
-10903.4
-10906.2
-10909
-10911.8
-10914.6
-10917.4
-10920.2
-10923
-10925.8
-10928.6
-10931.4
-10934.2
-10937
-10939.8
-10942.6
-10945.4
-10948.2
-10951
-10953.8
-10956.6
-10959.4
-10962.2
-10965
-10967.8
-10970.6
-10973.4
-10976.2
-10979
-10981.8
-10984.6
-10987.4
-10990.2
-10993
-10995.8
-10998.6
-11001.4
-11004.2
-11007
-11009.8
-11012.6
-11015.4
-11018.2
-11021
-11023.8
-11026.6
-11029.4
-11032.2
-11035
-11037.8
-11040.6
-11043.4
-11046.2
-11049
-11051.8
-11054.6
-11057.4
-11060.2
-11063
-11065.8
-11068.6
-11071.4
-11074.2
-11077
-11079.8
-11082.6
-11085.4
-11088.2
-11091
-11093.8
-11096.6
-11099.5
-11102.3
-11105.1
-11107.9
-11110.7
-11113.5
-11116.3
-11119.1
-11121.9
-11124.7
-11127.5
-11130.3
-11133.1
-11135.9
-11138.7
-11141.5
-11144.3
-11147.1
-11150
-11152.8
-11155.6
-11158.4
-11161.2
-11164
-11166.8
-11169.6
-11172.4
-11175.2
-11178
-11180.8
-11183.6
-11186.4
-11189.3
-11192.1
-11194.9
-11197.7
-11200.5
-11203.3
-11206.1
-11208.9
-11211.7
-11214.5
-11217.3
-11220.1
-11223
-11225.8
-11228.6
-11231.4
-11234.2
-11237
-11239.8
-11242.6
-11245.4
-11248.2
-11251.1
-11253.9
-11256.7
-11259.5
-11262.3
-11265.1
-11267.9
-11270.7
-11273.5
-11276.4
-11279.2
-11282
-11284.8
-11287.6
-11290.4
-11293.2
-11296
-11298.9
-11301.7
-11304.5
-11307.3
-11310.1
-11312.9
-11315.7
-11318.5
-11321.4
-11324.2
-11327
-11329.8
-11332.6
-11335.4
-11338.2
-11341.1
-11343.9
-11346.7
-11349.5
-11352.3
-11355.1
-11357.9
-11360.8
-11363.6
-11366.4
-11369.2
-11372
-11374.8
-11377.7
-11380.5
-11383.3
-11386.1
-11388.9
-11391.7
-11394.6
-11397.4
-11400.2
-11403
-11405.8
-11408.6
-11411.5
-11414.3
-11417.1
-11419.9
-11422.7
-11425.5
-11428.4
-11431.2
-11434
-11436.8
-11439.6
-11442.5
-11445.3
-11448.1
-11450.9
-11453.7
-11456.5
-11459.4
-11462.2
-11465
-11467.8
-11470.6
-11473.5
-11476.3
-11479.1
-11481.9
-11484.7
-11487.6
-11490.4
-11493.2
-11496
-11498.8
-11501.7
-11504.5
-11507.3
-11510.1
-11513
-11515.8
-11518.6
-11521.4
-11524.2
-11527.1
-11529.9
-11532.7
-11535.5
-11538.4
-11541.2
-11544
-11546.8
-11549.6
-11552.5
-11555.3
-11558.1
-11560.9
-11563.8
-11566.6
-11569.4
-11572.2
-11575.1
-11577.9
-11580.7
-11583.5
-11586.4
-11589.2
-11592
-11594.8
-11597.7
-11600.5
-11603.3
-11606.1
-11609
-11611.8
-11614.6
-11617.4
-11620.3
-11623.1
-11625.9
-11628.7
-11631.6
-11634.4
-11637.2
-11640
-11642.9
-11645.7
-11648.5
-11651.4
-11654.2
-11657
-11659.8
-11662.7
-11665.5
-11668.3
-11671.2
-11674
-11676.8
-11679.6
-11682.5
-11685.3
-11688.1
-11691
-11693.8
-11696.6
-11699.4
-11702.3
-11705.1
-11707.9
-11710.8
-11713.6
-11716.4
-11719.2
-11722.1
-11724.9
-11727.7
-11730.6
-11733.4
-11736.2
-11739.1
-11741.9
-11744.7
-11747.6
-11750.4
-11753.2
-11756.1
-11758.9
-11761.7
-11764.6
-11767.4
-11770.2
-11773
-11775.9
-11778.7
-11781.5
-11784.4
-11787.2
-11790
-11792.9
-11795.7
-11798.5
-11801.4
-11804.2
-11807.1
-11809.9
-11812.7
-11815.6
-11818.4
-11821.2
-11824.1
-11826.9
-11829.7
-11832.6
-11835.4
-11838.2
-11841.1
-11843.9
-11846.7
-11849.6
-11852.4
-11855.2
-11858.1
-11860.9
-11863.8
-11866.6
-11869.4
-11872.3
-11875.1
-11877.9
-11880.8
-11883.6
-11886.5
-11889.3
-11892.1
-11895
-11897.8
-11900.6
-11903.5
-11906.3
-11909.2
-11912
-11914.8
-11917.7
-11920.5
-11923.4
-11926.2
-11929
-11931.9
-11934.7
-11937.6
-11940.4
-11943.2
-11946.1
-11948.9
-11951.8
-11954.6
-11957.4
-11960.3
-11963.1
-11966
-11968.8
-11971.6
-11974.5
-11977.3
-11980.2
-11983
-11985.9
-11988.7
-11991.5
-11994.4
-11997.2
-12000.1
-12002.9
-12005.7
-12008.6
-12011.4
-12014.3
-12017.1
-12020
-12022.8
-12025.7
-12028.5
-12031.3
-12034.2
-12037
-12039.9
-12042.7
-12045.6
-12048.4
-12051.3
-12054.1
-12056.9
-12059.8
-12062.6
-12065.5
-12068.3
-12071.2
-12074
-12076.9
-12079.7
-12082.6
-12085.4
-12088.2
-12091.1
-12093.9
-12096.8
-12099.6
-12102.5
-12105.3
-12108.2
-12111
-12113.9
-12116.7
-12119.6
-12122.4
-12125.3
-12128.1
-12131
-12133.8
-12136.7
-12139.5
-12142.4
-12145.2
-12148.1
-12150.9
-12153.8
-12156.6
-12159.5
-12162.3
-12165.2
-12168
-12170.9
-12173.7
-12176.6
-12179.4
-12182.3
-12185.1
-12188
-12190.8
-12193.7
-12196.5
-12199.4
-12202.2
-12205.1
-12207.9
-12210.8
-12213.6
-12216.5
-12219.3
-12222.2
-12225
-12227.9
-12230.7
-12233.6
-12236.4
-12239.3
-12242.2
-12245
-12247.9
-12250.7
-12253.6
-12256.4
-12259.3
-12262.1
-12265
-12267.8
-12270.7
-12273.6
-12276.4
-12279.3
-12282.1
-12285
-12287.8
-12290.7
-12293.5
-12296.4
-12299.3
-12302.1
-12305
-12307.8
-12310.7
-12313.5
-12316.4
-12319.3
-12322.1
-12325
-12327.8
-12330.7
-12333.5
-12336.4
-12339.3
-12342.1
-12345
-12347.8
-12350.7
-12353.5
-12356.4
-12359.3
-12362.1
-12365
-12367.8
-12370.7
-12373.6
-12376.4
-12379.3
-12382.1
-12385
-12387.9
-12390.7
-12393.6
-12396.4
-12399.3
-12402.2
-12405
-12407.9
-12410.7
-12413.6
-12416.5
-12419.3
-12422.2
-12425.1
-12427.9
-12430.8
-12433.6
-12436.5
-12439.4
-12442.2
-12445.1
-12448
-12450.8
-12453.7
-12456.5
-12459.4
-12462.3
-12465.1
-12468
-12470.9
-12473.7
-12476.6
-12479.5
-12482.3
-12485.2
-12488.1
-12490.9
-12493.8
-12496.7
-12499.5
-12502.4
-12505.2
-12508.1
-12511
-12513.8
-12516.7
-12519.6
-12522.4
-12525.3
-12528.2
-12531
-12533.9
-12536.8
-12539.7
-12542.5
-12545.4
-12548.3
-12551.1
-12554
-12556.9
-12559.7
-12562.6
-12565.5
-12568.3
-12571.2
-12574.1
-12576.9
-12579.8
-12582.7
-12585.5
-12588.4
-12591.3
-12594.2
-12597
-12599.9
-12602.8
-12605.6
-12608.5
-12611.4
-12614.3
-12617.1
-12620
-12622.9
-12625.7
-12628.6
-12631.5
-12634.4
-12637.2
-12640.1
-12643
-12645.8
-12648.7
-12651.6
-12654.5
-12657.3
-12660.2
-12663.1
-12666
-12668.8
-12671.7
-12674.6
-12677.5
-12680.3
-12683.2
-12686.1
-12688.9
-12691.8
-12694.7
-12697.6
-12700.4
-12703.3
-12706.2
-12709.1
-12712
-12714.8
-12717.7
-12720.6
-12723.5
-12726.3
-12729.2
-12732.1
-12735
-12737.8
-12740.7
-12743.6
-12746.5
-12749.3
-12752.2
-12755.1
-12758
-12760.9
-12763.7
-12766.6
-12769.5
-12772.4
-12775.3
-12778.1
-12781
-12783.9
-12786.8
-12789.7
-12792.5
-12795.4
-12798.3
-12801.2
-12804.1
-12806.9
-12809.8
-12812.7
-12815.6
-12818.5
-12821.3
-12824.2
-12827.1
-12830
-12832.9
-12835.7
-12838.6
-12841.5
-12844.4
-12847.3
-12850.2
-12853
-12855.9
-12858.8
-12861.7
-12864.6
-12867.5
-12870.3
-12873.2
-12876.1
-12879
-12881.9
-12884.8
-12887.6
-12890.5
-12893.4
-12896.3
-12899.2
-12902.1
-12905
-12907.8
-12910.7
-12913.6
-12916.5
-12919.4
-12922.3
-12925.2
-12928
-12930.9
-12933.8
-12936.7
-12939.6
-12942.5
-12945.4
-12948.3
-12951.1
-12954
-12956.9
-12959.8
-12962.7
-12965.6
-12968.5
-12971.4
-12974.2
-12977.1
-12980
-12982.9
-12985.8
-12988.7
-12991.6
-12994.5
-12997.4
-13000.3
-13003.1
-13006
-13008.9
-13011.8
-13014.7
-13017.6
-13020.5
-13023.4
-13026.3
-13029.2
-13032.1
-13034.9
-13037.8
-13040.7
-13043.6
-13046.5
-13049.4
-13052.3
-13055.2
-13058.1
-13061
-13063.9
-13066.8
-13069.7
-13072.6
-13075.5
-13078.3
-13081.2
-13084.1
-13087
-13089.9
-13092.8
-13095.7
-13098.6
-13101.5
-13104.4
-13107.3
-13110.2
-13113.1
-13116
-13118.9
-13121.8
-13124.7
-13127.6
-13130.5
-13133.4
-13136.3
-13139.2
-13142.1
-13145
-13147.9
-13150.8
-13153.7
-13156.6
-13159.5
-13162.3
-13165.2
-13168.1
-13171
-13173.9
-13176.8
-13179.7
-13182.6
-13185.5
-13188.4
-13191.3
-13194.2
-13197.1
-13200
-13202.9
-13205.8
-13208.8
-13211.7
-13214.6
-13217.5
-13220.4
-13223.3
-13226.2
-13229.1
-13232
-13234.9
-13237.8
-13240.7
-13243.6
-13246.5
-13249.4
-13252.3
-13255.2
-13258.1
-13261
-13263.9
-13266.8
-13269.7
-13272.6
-13275.5
-13278.4
-13281.3
-13284.2
-13287.1
-13290
-13293
-13295.9
-13298.8
-13301.7
-13304.6
-13307.5
-13310.4
-13313.3
-13316.2
-13319.1
-13322
-13324.9
-13327.8
-13330.7
-13333.7
-13336.6
-13339.5
-13342.4
-13345.3
-13348.2
-13351.1
-13354
-13356.9
-13359.8
-13362.7
-13365.6
-13368.6
-13371.5
-13374.4
-13377.3
-13380.2
-13383.1
-13386
-13388.9
-13391.8
-13394.8
-13397.7
-13400.6
-13403.5
-13406.4
-13409.3
-13412.2
-13415.1
-13418.1
-13421
-13423.9
-13426.8
-13429.7
-13432.6
-13435.5
-13438.4
-13441.4
-13444.3
-13447.2
-13450.1
-13453
-13455.9
-13458.8
-13461.8
-13464.7
-13467.6
-13470.5
-13473.4
-13476.3
-13479.3
-13482.2
-13485.1
-13488
-13490.9
-13493.8
-13496.8
-13499.7
-13502.6
-13505.5
-13508.4
-13511.3
-13514.3
-13517.2
-13520.1
-13523
-13525.9
-13528.9
-13531.8
-13534.7
-13537.6
-13540.5
-13543.5
-13546.4
-13549.3
-13552.2
-13555.1
-13558.1
-13561
-13563.9
-13566.8
-13569.7
-13572.7
-13575.6
-13578.5
-13581.4
-13584.3
-13587.3
-13590.2
-13593.1
-13596
-13599
-13601.9
-13604.8
-13607.7
-13610.7
-13613.6
-13616.5
-13619.4
-13622.4
-13625.3
-13628.2
-13631.1
-13634.1
-13637
-13639.9
-13642.8
-13645.8
-13648.7
-13651.6
-13654.5
-13657.5
-13660.4
-13663.3
-13666.2
-13669.2
-13672.1
-13675
-13678
-13680.9
-13683.8
-13686.7
-13689.7
-13692.6
-13695.5
-13698.4
-13701.4
-13704.3
-13707.2
-13710.2
-13713.1
-13716
-13719
-13721.9
-13724.8
-13727.7
-13730.7
-13733.6
-13736.5
-13739.5
-13742.4
-13745.3
-13748.3
-13751.2
-13754.1
-13757.1
-13760
-13762.9
-13765.9
-13768.8
-13771.7
-13774.7
-13777.6
-13780.5
-13783.5
-13786.4
-13789.3
-13792.3
-13795.2
-13798.1
-13801.1
-13804
-13806.9
-13809.9
-13812.8
-13815.8
-13818.7
-13821.6
-13824.6
-13827.5
-13830.4
-13833.4
-13836.3
-13839.3
-13842.2
-13845.1
-13848.1
-13851
-13853.9
-13856.9
-13859.8
-13862.8
-13865.7
-13868.6
-13871.6
-13874.5
-13877.5
-13880.4
-13883.3
-13886.3
-13889.2
-13892.2
-13895.1
-13898
-13901
-13903.9
-13906.9
-13909.8
-13912.8
-13915.7
-13918.6
-13921.6
-13924.5
-13927.5
-13930.4
-13933.4
-13936.3
-13939.2
-13942.2
-13945.1
-13948.1
-13951
-13954
-13956.9
-13959.9
-13962.8
-13965.8
-13968.7
-13971.6
-13974.6
-13977.5
-13980.5
-13983.4
-13986.4
-13989.3
-13992.3
-13995.2
-13998.2
-14001.1
-14004.1
-14007
-14010
-14012.9
-14015.9
-14018.8
-14021.8
-14024.7
-14027.7
-14030.6
-14033.6
-14036.5
-14039.5
-14042.4
-14045.4
-14048.3
-14051.3
-14054.2
-14057.2
-14060.1
-14063.1
-14066
-14069
-14071.9
-14074.9
-14077.8
-14080.8
-14083.7
-14086.7
-14089.7
-14092.6
-14095.6
-14098.5
-14101.5
-14104.4
-14107.4
-14110.3
-14113.3
-14116.3
-14119.2
-14122.2
-14125.1
-14128.1
-14131
-14134
-14136.9
-14139.9
-14142.9
-14145.8
-14148.8
-14151.7
-14154.7
-14157.7
-14160.6
-14163.6
-14166.5
-14169.5
-14172.5
-14175.4
-14178.4
-14181.3
-14184.3
-14187.3
-14190.2
-14193.2
-14196.1
-14199.1
-14202.1
-14205
-14208
-14211
-14213.9
-14216.9
-14219.8
-14222.8
-14225.8
-14228.7
-14231.7
-14234.7
-14237.6
-14240.6
-14243.6
-14246.5
-14249.5
-14252.5
-14255.4
-14258.4
-14261.4
-14264.3
-14267.3
-14270.3
-14273.2
-14276.2
-14279.2
-14282.1
-14285.1
-14288.1
-14291
-14294
-14297
-14299.9
-14302.9
-14305.9
-14308.8
-14311.8
-14314.8
-14317.8
-14320.7
-14323.7
-14326.7
-14329.6
-14332.6
-14335.6
-14338.6
-14341.5
-14344.5
-14347.5
-14350.5
-14353.4
-14356.4
-14359.4
-14362.3
-14365.3
-14368.3
-14371.3
-14374.2
-14377.2
-14380.2
-14383.2
-14386.1
-14389.1
-14392.1
-14395.1
-14398.1
-14401
-14404
-14407
-14410
-14412.9
-14415.9
-14418.9
-14421.9
-14424.9
-14427.8
-14430.8
-14433.8
-14436.8
-14439.8
-14442.7
-14445.7
-14448.7
-14451.7
-14454.7
-14457.6
-14460.6
-14463.6
-14466.6
-14469.6
-14472.6
-14475.5
-14478.5
-14481.5
-14484.5
-14487.5
-14490.5
-14493.4
-14496.4
-14499.4
-14502.4
-14505.4
-14508.4
-14511.4
-14514.3
-14517.3
-14520.3
-14523.3
-14526.3
-14529.3
-14532.3
-14535.2
-14538.2
-14541.2
-14544.2
-14547.2
-14550.2
-14553.2
-14556.2
-14559.2
-14562.2
-14565.1
-14568.1
-14571.1
-14574.1
-14577.1
-14580.1
-14583.1
-14586.1
-14589.1
-14592.1
-14595.1
-14598.1
-14601.1
-14604
-14607
-14610
-14613
-14616
-14619
-14622
-14625
-14628
-14631
-14634
-14637
-14640
-14643
-14646
-14649
-14652
-14655
-14658
-14661
-14664
-14667
-14670
-14673
-14676
-14679
-14682
-14685
-14688
-14691
-14694
-14697
-14700
-14703
-14706
-14709
-14712
-14715
-14718
-14721
-14724
-14727
-14730
-14733
-14736.1
-14739.1
-14742.1
-14745.1
-14748.1
-14751.1
-14754.1
-14757.1
-14760.1
-14763.1
-14766.1
-14769.1
-14772.1
-14775.2
-14778.2
-14781.2
-14784.2
-14787.2
-14790.2
-14793.2
-14796.2
-14799.2
-14802.3
-14805.3
-14808.3
-14811.3
-14814.3
-14817.3
-14820.3
-14823.4
-14826.4
-14829.4
-14832.4
-14835.4
-14838.4
-14841.4
-14844.5
-14847.5
-14850.5
-14853.5
-14856.5
-14859.6
-14862.6
-14865.6
-14868.6
-14871.6
-14874.7
-14877.7
-14880.7
-14883.7
-14886.7
-14889.8
-14892.8
-14895.8
-14898.8
-14901.8
-14904.9
-14907.9
-14910.9
-14913.9
-14917
-14920
-14923
-14926
-14929.1
-14932.1
-14935.1
-14938.1
-14941.2
-14944.2
-14947.2
-14950.3
-14953.3
-14956.3
-14959.3
-14962.4
-14965.4
-14968.4
-14971.5
-14974.5
-14977.5
-14980.5
-14983.6
-14986.6
-14989.6
-14992.7
-14995.7
-14998.7
-15001.8
-15004.8
-15007.8
-15010.9
-15013.9
-15017
-15020
-15023
-15026.1
-15029.1
-15032.1
-15035.2
-15038.2
-15041.2
-15044.3
-15047.3
-15050.4
-15053.4
-15056.4
-15059.5
-15062.5
-15065.6
-15068.6
-15071.6
-15074.7
-15077.7
-15080.8
-15083.8
-15086.9
-15089.9
-15093
-15096
-15099
-15102.1
-15105.1
-15108.2
-15111.2
-15114.3
-15117.3
-15120.4
-15123.4
-15126.5
-15129.5
-15132.6
-15135.6
-15138.7
-15141.7
-15144.8
-15147.8
-15150.9
-15153.9
-15157
-15160
-15163.1
-15166.1
-15169.2
-15172.2
-15175.3
-15178.4
-15181.4
-15184.5
-15187.5
-15190.6
-15193.6
-15196.7
-15199.7
-15202.8
-15205.9
-15208.9
-15212
-15215
-15218.1
-15221.2
-15224.2
-15227.3
-15230.4
-15233.4
-15236.5
-15239.5
-15242.6
-15245.7
-15248.7
-15251.8
-15254.9
-15257.9
-15261
-15264.1
-15267.1
-15270.2
-15273.3
-15276.3
-15279.4
-15282.5
-15285.5
-15288.6
-15291.7
-15294.8
-15297.8
-15300.9
-15304
-15307
-15310.1
-15313.2
-15316.3
-15319.3
-15322.4
-15325.5
-15328.6
-15331.6
-15334.7
-15337.8
-15340.9
-15344
-15347
-15350.1
-15353.2
-15356.3
-15359.4
-15362.4
-15365.5
-15368.6
-15371.7
-15374.8
-15377.8
-15380.9
-15384
-15387.1
-15390.2
-15393.3
-15396.4
-15399.4
-15402.5
-15405.6
-15408.7
-15411.8
-15414.9
-15418
-15421.1
-15424.2
-15427.2
-15430.3
-15433.4
-15436.5
-15439.6
-15442.7
-15445.8
-15448.9
-15452
-15455.1
-15458.2
-15461.3
-15464.4
-15467.5
-15470.6
-15473.7
-15476.8
-15479.9
-15483
-15486.1
-15489.2
-15492.3
-15495.4
-15498.5
-15501.6
-15504.7
-15507.8
-15510.9
-15514
-15517.1
-15520.2
-15523.3
-15526.4
-15529.5
-15532.7
-15535.8
-15538.9
-15542
-15545.1
-15548.2
-15551.3
-15554.4
-15557.6
-15560.7
-15563.8
-15566.9
-15570
-15573.1
-15576.2
-15579.4
-15582.5
-15585.6
-15588.7
-15591.8
-15595
-15598.1
-15601.2
-15604.3
-15607.4
-15610.6
-15613.7
-15616.8
-15619.9
-15623.1
-15626.2
-15629.3
-15632.5
-15635.6
-15638.7
-15641.8
-15645
-15648.1
-15651.2
-15654.4
-15657.5
-15660.6
-15663.8
-15666.9
-15670
-15673.2
-15676.3
-15679.5
-15682.6
-15685.7
-15688.9
-15692
-15695.1
-15698.3
-15701.4
-15704.6
-15707.7
-15710.9
-15714
-15717.2
-15720.3
-15723.4
-15726.6
-15729.7
-15732.9
-15736
-15739.2
-15742.3
-15745.5
-15748.6
-15751.8
-15755
-15758.1
-15761.3
-15764.4
-15767.6
-15770.7
-15773.9
-15777
-15780.2
-15783.4
-15786.5
-15789.7
-15792.9
-15796
-15799.2
-15802.3
-15805.5
-15808.7
-15811.8
-15815
-15818.2
-15821.3
-15824.5
-15827.7
-15830.9
-15834
-15837.2
-15840.4
-15843.6
-15846.7
-15849.9
-15853.1
-15856.3
-15859.4
-15862.6
-15865.8
-15869
-15872.2
-15875.3
-15878.5
-15881.7
-15884.9
-15888.1
-15891.3
-15894.5
-15897.6
-15900.8
-15904
-15907.2
-15910.4
-15913.6
-15916.8
-15920
-15923.2
-15926.4
-15929.6
-15932.8
-15936
-15939.2
-15942.4
-15945.6
-15948.8
-15952
-15955.2
-15958.4
-15961.6
-15964.8
-15968
-15971.2
-15974.4
-15977.6
-15980.9
-15984.1
-15987.3
-15990.5
-15993.7
-15996.9
-16000.1
-16003.4
-16006.6
-16009.8
-16013
-16016.2
-16019.5
-16022.7
-16025.9
-16029.1
-16032.4
-16035.6
-16038.8
-16042.1
-16045.3
-16048.5
-16051.8
-16055
-16058.2
-16061.5
-16064.7
-16067.9
-16071.2
-16074.4
-16077.7
-16080.9
-16084.1
-16087.4
-16090.6
-16093.9
-16097.1
-16100.4
-16103.6
-16106.9
-16110.1
-16113.4
-16116.6
-16119.9
-16123.1
-16126.4
-16129.7
-16132.9
-16136.2
-16139.5
-16142.7
-16146
-16149.2
-16152.5
-16155.8
-16159.1
-16162.3
-16165.6
-16168.9
-16172.1
-16175.4
-16178.7
-16182
-16185.3
-16188.5
-16191.8
-16195.1
-16198.4
-16201.7
-16205
-16208.2
-16211.5
-16214.8
-16218.1
-16221.4
-16224.7
-16228
-16231.3
-16234.6
-16237.9
-16241.2
-16244.5
-16247.8
-16251.1
-16254.4
-16257.7
-16261
-16264.3
-16267.7
-16271
-16274.3
-16277.6
-16280.9
-16284.2
-16287.6
-16290.9
-16294.2
-16297.5
-16300.9
-16304.2
-16307.5
-16310.9
-16314.2
-16317.5
-16320.9
-16324.2
-16327.5
-16330.9
-16334.2
-16337.6
-16340.9
-16344.2
-16347.6
-16350.9
-16354.3
-16357.6
-16361
-16364.4
-16367.7
-16371.1
-16374.4
-16377.8
-16381.2
-16384.5
-16387.9
-16391.3
-16394.6
-16398
-16401.4
-16404.8
-16408.1
-16411.5
-16414.9
-16418.3
-16421.7
-16425.1
-16428.5
-16431.8
-16435.2
-16438.6
-16442
-16445.4
-16448.8
-16452.2
-16455.6
-16459
-16462.5
-16465.9
-16469.3
-16472.7
-16476.1
-16479.5
-16482.9
-16486.4
-16489.8
-16493.2
-16496.6
-16500.1
-16503.5
-16506.9
-16510.4
-16513.8
-16517.3
-16520.7
-16524.1
-16527.6
-16531
-16534.5
-16537.9
-16541.4
-16544.9
-16548.3
-16551.8
-16555.2
-16558.7
-16562.2
-16565.7
-16569.1
-16572.6
-16576.1
-16579.6
-16583.1
-16586.5
-16590
-16593.5
-16597
-16600.5
-16604
-16607.5
-16611
-16614.5
-16618
-16621.5
-16625.1
-16628.6
-16632.1
-16635.6
-16639.1
-16642.7
-16646.2
-16649.7
-16653.3
-16656.8
-16660.4
-16663.9
-16667.4
-16671
-16674.6
-16678.1
-16681.7
-16685.2
-16688.8
-16692.4
-16695.9
-16699.5
-16703.1
-16706.7
-16710.3
-16713.8
-16717.4
-16721
-16724.6
-16728.2
-16731.8
-16735.4
-16739.1
-16742.7
-16746.3
-16749.9
-16753.5
-16757.2
-16760.8
-16764.4
-16768.1
-16771.7
-16775.4
-16779
-16782.7
-16786.3
-16790
-16793.6
-16797.3
-16801
-16804.7
-16808.4
-16812
-16815.7
-16819.4
-16823.1
-16826.8
-16830.5
-16834.2
-16838
-16841.7
-16845.4
-16849.1
-16852.9
-16856.6
-16860.3
-16864.1
-16867.8
-16871.6
-16875.4
-16879.1
-16882.9
-16886.7
-16890.5
-16894.2
-16898
-16901.8
-16905.6
-16909.4
-16913.3
-16917.1
-16920.9
-16924.7
-16928.6
-16932.4
-16936.2
-16940.1
-16944
-16947.8
-16951.7
-16955.6
-16959.5
-16963.3
-16967.2
-16971.1
-16975.1
-16979
-16982.9
-16986.8
-16990.8
-16994.7
-16998.7
-17002.6
-17006.6
-17010.5
-17014.5
-17018.5
-17022.5
-17026.5
-17030.5
-17034.5
-17038.6
-17042.6
-17046.6
-17050.7
-17054.8
-17058.8
-17062.9
-17067
-17071.1
-17075.2
-17079.3
-17083.4
-17087.6
-17091.7
-17095.9
-17100.1
-17104.2
-17108.4
-17112.6
-17116.8
-17121
-17125.3
-17129.5
-17133.8
-17138.1
-17142.3
-17146.6
-17150.9
-17155.3
-17159.6
-17163.9
-17168.3
-17172.7
-17177.1
-17181.5
-17185.9
-17190.3
-17194.8
-17199.3
-17203.8
-17208.3
-17212.8
-17217.3
-17221.9
-17226.5
-17231.1
-17235.7
-17240.3
-17245
-17249.7
-17254.4
-17259.1
-17263.8
-17268.6
-17273.4
-17278.2
-17283.1
-17288
-17292.9
-17297.8
-17302.8
-17307.8
-17312.8
-17317.9
-17323
-17328.1
-17333.3
-17338.5
-17343.7
-17349
-17354.4
-17359.8
-17365.2
-17370.7
-17376.2
-17381.8
-17387.4
-17393.1
-17398.9
-17404.7
-17410.6
-17416.6
-17422.7
-17428.8
-17435
-17441.4
-17447.8
-17454.3
-17461
-17467.8
-17474.7
-17481.8
-17489
-17496.5
-17504.1
-17512
-17520.1
-17528.5
-17537.3
-17546.4
-17556
-17566.2
-17577.2
-17589
-17602.2
-17617.2
-17635.7
-17662.9
