-15.4531
-15.9599
-16.4665
-16.9731
-17.4796
-17.986
-18.4923
-18.9985
-19.5046
-20.0107
-20.5166
-21.0225
-21.5283
-22.034
-22.5396
-23.0451
-23.5505
-24.0559
-24.5611
-25.0663
-25.5713
-26.0763
-26.5812
-27.086
-27.5907
-28.0954
-28.5999
-29.1043
-29.6087
-30.113
-30.6172
-31.1213
-31.6253
-32.1292
-32.633
-33.1368
-33.6404
-34.144
-34.6475
-35.1509
-35.6542
-36.1574
-36.6605
-37.1636
-37.6665
-38.1694
-38.6722
-39.1748
-39.6774
-40.18
-40.6824
-41.1847
-41.687
-42.1891
-42.6912
-43.1932
-43.695
-44.1968
-44.6986
-45.2002
-45.7017
-46.2032
-46.7045
-47.2058
-47.707
-48.2081
-48.7091
-49.21
-49.7108
-50.2116
-50.7122
-51.2128
-51.7133
-52.2137
-52.714
-53.2142
-53.7143
-54.2143
-54.7143
-55.2141
-55.7139
-56.2136
-56.7132
-57.2127
-57.7121
-58.2114
-58.7107
-59.2098
-59.7089
-60.2079
-60.7068
-61.2056
-61.7043
-62.2029
-62.7014
-63.1999
-63.6982
-64.1965
-64.6947
-65.1928
-65.6908
-66.1887
-66.6865
-67.1842
-67.6819
-68.1795
-68.6769
-69.1743
-69.6716
-70.1688
-70.6659
-71.163
-71.6599
-72.1568
-72.6535
-73.1502
-73.6468
-74.1433
-74.6397
-75.136
-75.6323
-76.1284
-76.6245
-77.1205
-77.6163
-78.1121
-78.6078
-79.1035
-79.599
-80.0944
-80.5898
-81.085
-81.5802
-82.0753
-82.5703
-83.0652
-83.56
-84.0548
-84.5494
-85.044
-85.5385
-86.0328
-86.5271
-87.0213
-87.5154
-88.0095
-88.5034
-88.9973
-89.491
-89.9847
-90.4783
-90.9718
-91.4652
-91.9585
-92.4517
-92.9449
-93.4379
-93.9309
-94.4238
-94.9166
-95.4093
-95.9019
-96.3944
-96.8869
-97.3792
-97.8715
-98.3636
-98.8557
-99.3477
-99.8396
-100.331
-100.823
-101.315
-101.806
-102.298
-102.789
-103.28
-103.772
-104.263
-104.754
-105.245
-105.736
-106.226
-106.717
-107.208
-107.698
-108.189
-108.679
-109.169
-109.659
-110.149
-110.639
-111.129
-111.619
-112.109
-112.598
-113.088
-113.577
-114.066
-114.556
-115.045
-115.534
-116.023
-116.512
-117.001
-117.489
-117.978
-118.467
-118.955
-119.443
-119.932
-120.42
-120.908
-121.396
-121.884
-122.372
-122.86
-123.347
-123.835
-124.322
-124.81
-125.297
-125.784
-126.271
-126.758
-127.245
-127.732
-128.219
-128.706
-129.192
-129.679
-130.165
-130.652
-131.138
-131.624
-132.11
-132.596
-133.082
-133.568
-134.053
-134.539
-135.025
-135.51
-135.995
-136.481
-136.966
-137.451
-137.936
-138.421
-138.906
-139.391
-139.875
-140.36
-140.844
-141.329
-141.813
-142.297
-142.781
-143.265
-143.749
-144.233
-144.717
-145.201
-145.684
-146.168
-146.651
-147.134
-147.618
-148.101
-148.584
-149.067
-149.55
-150.033
-150.515
-150.998
-151.481
-151.963
-152.445
-152.928
-153.41
-153.892
-154.374
-154.856
-155.338
-155.819
-156.301
-156.783
-157.264
-157.745
-158.227
-158.708
-159.189
-159.67
-160.151
-160.632
-161.113
-161.593
-162.074
-162.554
-163.035
-163.515
-163.995
-164.476
-164.956
-165.436
-165.916
-166.395
-166.875
-167.355
-167.834
-168.314
-168.793
-169.272
-169.751
-170.231
-170.71
-171.188
-171.667
-172.146
-172.625
-173.103
-173.582
-174.06
-174.538
-175.017
-175.495
-175.973
-176.451
-176.929
-177.406
-177.884
-178.362
-178.839
-179.316
-179.794
-180.271
-180.748
-181.225
-181.702
-182.179
-182.656
-183.133
-183.609
-184.086
-184.562
-185.038
-185.515
-185.991
-186.467
-186.943
-187.419
-187.895
-188.37
-188.846
-189.322
-189.797
-190.272
-190.748
-191.223
-191.698
-192.173
-192.648
-193.123
-193.598
-194.072
-194.547
-195.021
-195.496
-195.97
-196.444
-196.918
-197.393
-197.866
-198.34
-198.814
-199.288
-199.761
-200.235
-200.708
-201.182
-201.655
-202.128
-202.601
-203.074
-203.547
-204.02
-204.493
-204.965
-205.438
-205.91
-206.383
-206.855
-207.327
-207.799
-208.271
-208.743
-209.215
-209.687
-210.158
-210.63
-211.102
-211.573
-212.044
-212.515
-212.987
-213.458
-213.929
-214.399
-214.87
-215.341
-215.812
-216.282
-216.752
-217.223
-217.693
-218.163
-218.633
-219.103
-219.573
-220.043
-220.513
-220.982
-221.452
-221.921
-222.391
-222.86
-223.329
-223.798
-224.267
-224.736
-225.205
-225.674
-226.142
-226.611
-227.079
-227.548
-228.016
-228.484
-228.952
-229.421
-229.888
-230.356
-230.824
-231.292
-231.759
-232.227
-232.694
-233.162
-233.629
-234.096
-234.563
-235.03
-235.497
-235.964
-236.43
-236.897
-237.364
-237.83
-238.296
-238.763
-239.229
-239.695
-240.161
-240.627
-241.093
-241.558
-242.024
-242.49
-242.955
-243.42
-243.886
-244.351
-244.816
-245.281
-245.746
-246.211
-246.676
-247.14
-247.605
-248.069
-248.534
-248.998
-249.462
-249.927
-250.391
-250.855
-251.318
-251.782
-252.246
-252.71
-253.173
-253.637
-254.1
-254.563
-255.026
-255.489
-255.952
-256.415
-256.878
-257.341
-257.804
-258.266
-258.729
-259.191
-259.653
-260.115
-260.578
-261.04
-261.501
-261.963
-262.425
-262.887
-263.348
-263.81
-264.271
-264.733
-265.194
-265.655
-266.116
-266.577
-267.038
-267.499
-267.959
-268.42
-268.88
-269.341
-269.801
-270.261
-270.722
-271.182
-271.642
-272.102
-272.561
-273.021
-273.481
-273.94
-274.4
-274.859
-275.318
-275.778
-276.237
-276.696
-277.155
-277.613
-278.072
-278.531
-278.989
-279.448
-279.906
-280.365
-280.823
-281.281
-281.739
-282.197
-282.655
-283.113
-283.57
-284.028
-284.485
-284.943
-285.4
-285.857
-286.315
-286.772
-287.229
-287.686
-288.142
-288.599
-289.056
-289.512
-289.969
-290.425
-290.881
-291.337
-291.794
-292.25
-292.705
-293.161
-293.617
-294.073
-294.528
-294.984
-295.439
-295.894
-296.35
-296.805
-297.26
-297.715
-298.17
-298.624
-299.079
-299.534
-299.988
-300.443
-300.897
-301.351
-301.805
-302.259
-302.713
-303.167
-303.621
-304.075
-304.528
-304.982
-305.435
-305.889
-306.342
-306.795
-307.248
-307.701
-308.154
-308.607
-309.06
-309.512
-309.965
-310.417
-310.87
-311.322
-311.774
-312.226
-312.678
-313.13
-313.582
-314.034
-314.486
-314.937
-315.389
-315.84
-316.291
-316.743
-317.194
-317.645
-318.096
-318.547
-318.997
-319.448
-319.899
-320.349
-320.8
-321.25
-321.7
-322.15
-322.6
-323.05
-323.5
-323.95
-324.4
-324.85
-325.299
-325.749
-326.198
-326.647
-327.096
-327.546
-327.995
-328.443
-328.892
-329.341
-329.79
-330.238
-330.687
-331.135
-331.583
-332.032
-332.48
-332.928
-333.376
-333.824
-334.271
-334.719
-335.167
-335.614
-336.062
-336.509
-336.956
-337.403
-337.851
-338.297
-338.744
-339.191
-339.638
-340.085
-340.531
-340.978
-341.424
-341.87
-342.316
-342.762
-343.208
-343.654
-344.1
-344.546
-344.992
-345.437
-345.883
-346.328
-346.773
-347.219
-347.664
-348.109
-348.554
-348.998
-349.443
-349.888
-350.333
-350.777
-351.221
-351.666
-352.11
-352.554
-352.998
-353.442
-353.886
-354.33
-354.774
-355.217
-355.661
-356.104
-356.548
-356.991
-357.434
-357.877
-358.32
-358.763
-359.206
-359.649
-360.091
-360.534
-360.976
-361.419
-361.861
-362.303
-362.745
-363.187
-363.629
-364.071
-364.513
-364.954
-365.396
-365.837
-366.279
-366.72
-367.161
-367.603
-368.044
-368.485
-368.925
-369.366
-369.807
-370.248
-370.688
-371.129
-371.569
-372.009
-372.449
-372.889
-373.329
-373.769
-374.209
-374.649
-375.088
-375.528
-375.967
-376.407
-376.846
-377.285
-377.724
-378.163
-378.602
-379.041
-379.48
-379.919
-380.357
-380.796
-381.234
-381.672
-382.111
-382.549
-382.987
-383.425
-383.863
-384.3
-384.738
-385.176
-385.613
-386.051
-386.488
-386.925
-387.362
-387.799
-388.236
-388.673
-389.11
-389.547
-389.983
-390.42
-390.856
-391.293
-391.729
-392.165
-392.601
-393.037
-393.473
-393.909
-394.345
-394.78
-395.216
-395.651
-396.087
-396.522
-396.957
-397.392
-397.827
-398.262
-398.697
-399.132
-399.567
-400.001
-400.436
-400.87
-401.304
-401.739
-402.173
-402.607
-403.041
-403.475
-403.909
-404.342
-404.776
-405.209
-405.643
-406.076
-406.509
-406.943
-407.376
-407.809
-408.242
-408.674
-409.107
-409.54
-409.972
-410.405
-410.837
-411.269
-411.702
-412.134
-412.566
-412.998
-413.43
-413.861
-414.293
-414.725
-415.156
-415.587
-416.019
-416.45
-416.881
-417.312
-417.743
-418.174
-418.605
-419.035
-419.466
-419.897
-420.327
-420.757
-421.188
-421.618
-422.048
-422.478
-422.908
-423.338
-423.767
-424.197
-424.626
-425.056
-425.485
-425.915
-426.344
-426.773
-427.202
-427.631
-428.06
-428.488
-428.917
-429.346
-429.774
-430.202
-430.631
-431.059
-431.487
-431.915
-432.343
-432.771
-433.199
-433.626
-434.054
-434.481
-434.909
-435.336
-435.763
-436.191
-436.618
-437.045
-437.472
-437.898
-438.325
-438.752
-439.178
-439.605
-440.031
-440.457
-440.883
-441.309
-441.735
-442.161
-442.587
-443.013
-443.439
-443.864
-444.29
-444.715
-445.14
-445.565
-445.991
-446.416
-446.841
-447.265
-447.69
-448.115
-448.539
-448.964
-449.388
-449.813
-450.237
-450.661
-451.085
-451.509
-451.933
-452.357
-452.78
-453.204
-453.627
-454.051
-454.474
-454.898
-455.321
-455.744
-456.167
-456.59
-457.012
-457.435
-457.858
-458.28
-458.703
-459.125
-459.547
-459.97
-460.392
-460.814
-461.236
-461.658
-462.079
-462.501
-462.923
-463.344
-463.765
-464.187
-464.608
-465.029
-465.45
-465.871
-466.292
-466.713
-467.133
-467.554
-467.974
-468.395
-468.815
-469.235
-469.656
-470.076
-470.496
-470.916
-471.335
-471.755
-472.175
-472.594
-473.014
-473.433
-473.852
-474.271
-474.691
-475.11
-475.528
-475.947
-476.366
-476.785
-477.203
-477.622
-478.04
-478.458
-478.877
-479.295
-479.713
-480.131
-480.548
-480.966
-481.384
-481.801
-482.219
-482.636
-483.054
-483.471
-483.888
-484.305
-484.722
-485.139
-485.556
-485.972
-486.389
-486.806
-487.222
-487.638
-488.055
-488.471
-488.887
-489.303
-489.719
-490.135
-490.55
-490.966
-491.381
-491.797
-492.212
-492.628
-493.043
-493.458
-493.873
-494.288
-494.703
-495.117
-495.532
-495.947
-496.361
-496.776
-497.19
-497.604
-498.018
-498.432
-498.846
-499.26
-499.674
-500.087
-500.501
-500.915
-501.328
-501.741
-502.155
-502.568
-502.981
-503.394
-503.807
-504.219
-504.632
-505.045
-505.457
-505.87
-506.282
-506.694
-507.107
-507.519
-507.931
-508.343
-508.754
-509.166
-509.578
-509.989
-510.401
-510.812
-511.224
-511.635
-512.046
-512.457
-512.868
-513.279
-513.689
-514.1
-514.511
-514.921
-515.332
-515.742
-516.152
-516.562
-516.972
-517.382
-517.792
-518.202
-518.612
-519.021
-519.431
-519.84
-520.25
-520.659
-521.068
-521.477
-521.886
-522.295
-522.704
-523.112
-523.521
-523.93
-524.338
-524.746
-525.155
-525.563
-525.971
-526.379
-526.787
-527.195
-527.603
-528.01
-528.418
-528.825
-529.233
-529.64
-530.047
-530.454
-530.861
-531.268
-531.675
-532.082
-532.489
-532.895
-533.302
-533.708
-534.115
-534.521
-534.927
-535.333
-535.739
-536.145
-536.551
-536.956
-537.362
-537.768
-538.173
-538.578
-538.984
-539.389
-539.794
-540.199
-540.604
-541.009
-541.413
-541.818
-542.223
-542.627
-543.031
-543.436
-543.84
-544.244
-544.648
-545.052
-545.456
-545.86
-546.263
-546.667
-547.07
-547.474
-547.877
-548.28
-548.683
-549.086
-549.489
-549.892
-550.295
-550.698
-551.1
-551.503
-551.905
-552.308
-552.71
-553.112
-553.514
-553.916
-554.318
-554.72
-555.122
-555.523
-555.925
-556.326
-556.728
-557.129
-557.53
-557.931
-558.332
-558.733
-559.134
-559.535
-559.935
-560.336
-560.736
-561.137
-561.537
-561.937
-562.337
-562.737
-563.137
-563.537
-563.937
-564.337
-564.736
-565.136
-565.535
-565.935
-566.334
-566.733
-567.132
-567.531
-567.93
-568.329
-568.727
-569.126
-569.525
-569.923
-570.321
-570.72
-571.118
-571.516
-571.914
-572.312
-572.71
-573.107
-573.505
-573.903
-574.3
-574.697
-575.095
-575.492
-575.889
-576.286
-576.683
-577.08
-577.477
-577.873
-578.27
-578.666
-579.063
-579.459
-579.855
-580.251
-580.647
-581.043
-581.439
-581.835
-582.231
-582.626
-583.022
-583.417
-583.813
-584.208
-584.603
-584.998
-585.393
-585.788
-586.183
-586.577
-586.972
-587.367
-587.761
-588.155
-588.55
-588.944
-589.338
-589.732
-590.126
-590.52
-590.914
-591.307
-591.701
-592.094
-592.488
-592.881
-593.274
-593.667
-594.06
-594.453
-594.846
-595.239
-595.632
-596.024
-596.417
-596.809
-597.201
-597.594
-597.986
-598.378
-598.77
-599.162
-599.553
-599.945
-600.337
-600.728
-601.12
-601.511
-601.902
-602.293
-602.685
-603.076
-603.466
-603.857
-604.248
-604.639
-605.029
-605.42
-605.81
-606.2
-606.591
-606.981
-607.371
-607.761
-608.15
-608.54
-608.93
-609.319
-609.709
-610.098
-610.488
-610.877
-611.266
-611.655
-612.044
-612.433
-612.822
-613.21
-613.599
-613.987
-614.376
-614.764
-615.152
-615.541
-615.929
-616.317
-616.704
-617.092
-617.48
-617.868
-618.255
-618.643
-619.03
-619.417
-619.804
-620.192
-620.579
-620.965
-621.352
-621.739
-622.126
-622.512
-622.899
-623.285
-623.671
-624.058
-624.444
-624.83
-625.216
-625.601
-625.987
-626.373
-626.759
-627.144
-627.529
-627.915
-628.3
-628.685
-629.07
-629.455
-629.84
-630.225
-630.609
-630.994
-631.379
-631.763
-632.147
-632.532
-632.916
-633.3
-633.684
-634.068
-634.452
-634.835
-635.219
-635.602
-635.986
-636.369
-636.753
-637.136
-637.519
-637.902
-638.285
-638.668
-639.05
-639.433
-639.816
-640.198
-640.58
-640.963
-641.345
-641.727
-642.109
-642.491
-642.873
-643.255
-643.636
-644.018
-644.4
-644.781
-645.162
-645.543
-645.925
-646.306
-646.687
-647.068
-647.448
-647.829
-648.21
-648.59
-648.971
-649.351
-649.731
-650.111
-650.492
-650.872
-651.251
-651.631
-652.011
-652.391
-652.77
-653.15
-653.529
-653.908
-654.287
-654.667
-655.046
-655.425
-655.803
-656.182
-656.561
-656.939
-657.318
-657.696
-658.075
-658.453
-658.831
-659.209
-659.587
-659.965
-660.343
-660.72
-661.098
-661.475
-661.853
-662.23
-662.607
-662.985
-663.362
-663.739
-664.115
-664.492
-664.869
-665.246
-665.622
-665.999
-666.375
-666.751
-667.127
-667.504
-667.88
-668.255
-668.631
-669.007
-669.383
-669.758
-670.134
-670.509
-670.884
-671.26
-671.635
-672.01
-672.385
-672.759
-673.134
-673.509
-673.883
-674.258
-674.632
-675.007
-675.381
-675.755
-676.129
-676.503
-676.877
-677.251
-677.624
-677.998
-678.372
-678.745
-679.118
-679.492
-679.865
-680.238
-680.611
-680.984
-681.357
-681.729
-682.102
-682.474
-682.847
-683.219
-683.592
-683.964
-684.336
-684.708
-685.08
-685.452
-685.823
-686.195
-686.567
-686.938
-687.309
-687.681
-688.052
-688.423
-688.794
-689.165
-689.536
-689.907
-690.277
-690.648
-691.018
-691.389
-691.759
-692.129
-692.5
-692.87
-693.24
-693.609
-693.979
-694.349
-694.719
-695.088
-695.458
-695.827
-696.196
-696.565
-696.934
-697.303
-697.672
-698.041
-698.41
-698.778
-699.147
-699.515
-699.884
-700.252
-700.62
-700.988
-701.356
-701.724
-702.092
-702.46
-702.828
-703.195
-703.563
-703.93
-704.297
-704.665
-705.032
-705.399
-705.766
-706.133
-706.499
-706.866
-707.233
-707.599
-707.966
-708.332
-708.698
-709.064
-709.43
-709.796
-710.162
-710.528
-710.894
-711.259
-711.625
-711.99
-712.356
-712.721
-713.086
-713.451
-713.816
-714.181
-714.546
-714.911
-715.275
-715.64
-716.004
-716.369
-716.733
-717.097
-717.461
-717.825
-718.189
-718.553
-718.917
-719.281
-719.644
-720.008
-720.371
-720.734
-721.098
-721.461
-721.824
-722.187
-722.55
-722.912
-723.275
-723.638
-724
-724.363
-724.725
-725.087
-725.449
-725.811
-726.173
-726.535
-726.897
-727.259
-727.62
-727.982
-728.343
-728.705
-729.066
-729.427
-729.788
-730.149
-730.51
-730.871
-731.232
-731.592
-731.953
-732.313
-732.674
-733.034
-733.394
-733.754
-734.115
-734.474
-734.834
-735.194
-735.554
-735.913
-736.273
-736.632
-736.992
-737.351
-737.71
-738.069
-738.428
-738.787
-739.146
-739.504
-739.863
-740.221
-740.58
-740.938
-741.296
-741.655
-742.013
-742.371
-742.729
-743.086
-743.444
-743.802
-744.159
-744.517
-744.874
-745.231
-745.589
-745.946
-746.303
-746.66
-747.016
-747.373
-747.73
-748.086
-748.443
-748.799
-749.156
-749.512
-749.868
-750.224
-750.58
-750.936
-751.291
-751.647
-752.003
-752.358
-752.714
-753.069
-753.424
-753.779
-754.134
-754.489
-754.844
-755.199
-755.554
-755.908
-756.263
-756.617
-756.972
-757.326
-757.68
-758.034
-758.388
-758.742
-759.096
-759.45
-759.803
-760.157
-760.51
-760.864
-761.217
-761.57
-761.923
-762.276
-762.629
-762.982
-763.335
-763.687
-764.04
-764.392
-764.745
-765.097
-765.449
-765.801
-766.153
-766.505
-766.857
-767.209
-767.561
-767.912
-768.264
-768.615
-768.967
-769.318
-769.669
-770.02
-770.371
-770.722
-771.073
-771.423
-771.774
-772.124
-772.475
-772.825
-773.176
-773.526
-773.876
-774.226
-774.576
-774.925
-775.275
-775.625
-775.974
-776.324
-776.673
-777.023
-777.372
-777.721
-778.07
-778.419
-778.768
-779.116
-779.465
-779.814
-780.162
-780.51
-780.859
-781.207
-781.555
-781.903
-782.251
-782.599
-782.947
-783.294
-783.642
-783.99
-784.337
-784.684
-785.032
-785.379
-785.726
-786.073
-786.42
-786.766
-787.113
-787.46
-787.806
-788.153
-788.499
-788.845
-789.191
-789.538
-789.884
-790.229
-790.575
-790.921
-791.267
-791.612
-791.958
-792.303
-792.648
-792.994
-793.339
-793.684
-794.029
-794.373
-794.718
-795.063
-795.407
-795.752
-796.096
-796.441
-796.785
-797.129
-797.473
-797.817
-798.161
-798.505
-798.848
-799.192
-799.535
-799.879
-800.222
-800.565
-800.909
-801.252
-801.595
-801.937
-802.28
-802.623
-802.966
-803.308
-803.651
-803.993
-804.335
-804.677
-805.019
-805.361
-805.703
-806.045
-806.387
-806.729
-807.07
-807.412
-807.753
-808.094
-808.435
-808.777
-809.118
-809.459
-809.799
-810.14
-810.481
-810.821
-811.162
-811.502
-811.843
-812.183
-812.523
-812.863
-813.203
-813.543
-813.883
-814.222
-814.562
-814.901
-815.241
-815.58
-815.919
-816.259
-816.598
-816.937
-817.275
-817.614
-817.953
-818.292
-818.63
-818.969
-819.307
-819.645
-819.983
-820.321
-820.659
-820.997
-821.335
-821.673
-822.011
-822.348
-822.686
-823.023
-823.36
-823.697
-824.035
-824.372
-824.709
-825.045
-825.382
-825.719
-826.055
-826.392
-826.728
-827.065
-827.401
-827.737
-828.073
-828.409
-828.745
-829.081
-829.416
-829.752
-830.087
-830.423
-830.758
-831.093
-831.429
-831.764
-832.099
-832.434
-832.768
-833.103
-833.438
-833.772
-834.107
-834.441
-834.775
-835.109
-835.444
-835.778
-836.111
-836.445
-836.779
-837.113
-837.446
-837.78
-838.113
-838.446
-838.78
-839.113
-839.446
-839.779
-840.111
-840.444
-840.777
-841.109
-841.442
-841.774
-842.107
-842.439
-842.771
-843.103
-843.435
-843.767
-844.099
-844.43
-844.762
-845.094
-845.425
-845.756
-846.088
-846.419
-846.75
-847.081
-847.412
-847.742
-848.073
-848.404
-848.734
-849.065
-849.395
-849.725
-850.056
-850.386
-850.716
-851.046
-851.375
-851.705
-852.035
-852.364
-852.694
-853.023
-853.352
-853.682
-854.011
-854.34
-854.669
-854.998
-855.326
-855.655
-855.984
-856.312
-856.64
-856.969
-857.297
-857.625
-857.953
-858.281
-858.609
-858.937
-859.264
-859.592
-859.92
-860.247
-860.574
-860.902
-861.229
-861.556
-861.883
-862.21
-862.537
-862.863
-863.19
-863.516
-863.843
-864.169
-864.495
-864.822
-865.148
-865.474
-865.8
-866.125
-866.451
-866.777
-867.102
-867.428
-867.753
-868.079
-868.404
-868.729
-869.054
-869.379
-869.704
-870.028
-870.353
-870.678
-871.002
-871.327
-871.651
-871.975
-872.299
-872.623
-872.947
-873.271
-873.595
-873.919
-874.242
-874.566
-874.889
-875.212
-875.536
-875.859
-876.182
-876.505
-876.828
-877.151
-877.473
-877.796
-878.118
-878.441
-878.763
-879.086
-879.408
-879.73
-880.052
-880.374
-880.696
-881.017
-881.339
-881.66
-881.982
-882.303
-882.625
-882.946
-883.267
-883.588
-883.909
-884.23
-884.55
-884.871
-885.192
-885.512
-885.833
-886.153
-886.473
-886.793
-887.113
-887.433
-887.753
-888.073
-888.393
-888.712
-889.032
-889.351
-889.67
-889.99
-890.309
-890.628
-890.947
-891.266
-891.585
-891.903
-892.222
-892.54
-892.859
-893.177
-893.496
-893.814
-894.132
-894.45
-894.768
-895.085
-895.403
-895.721
-896.038
-896.356
-896.673
-896.991
-897.308
-897.625
-897.942
-898.259
-898.576
-898.892
-899.209
-899.526
-899.842
-900.159
-900.475
-900.791
-901.107
-901.423
-901.739
-902.055
-902.371
-902.687
-903.002
-903.318
-903.633
-903.948
-904.264
-904.579
-904.894
-905.209
-905.524
-905.838
-906.153
-906.468
-906.782
-907.097
-907.411
-907.725
-908.04
-908.354
-908.668
-908.982
-909.295
-909.609
-909.923
-910.236
-910.55
-910.863
-911.176
-911.49
-911.803
-912.116
-912.429
-912.742
-913.054
-913.367
-913.68
-913.992
-914.304
-914.617
-914.929
-915.241
-915.553
-915.865
-916.177
-916.489
-916.8
-917.112
-917.423
-917.735
-918.046
-918.357
-918.669
-918.98
-919.291
-919.602
-919.912
-920.223
-920.534
-920.844
-921.155
-921.465
-921.775
-922.085
-922.395
-922.705
-923.015
-923.325
-923.635
-923.945
-924.254
-924.564
-924.873
-925.182
-925.491
-925.8
-926.109
-926.418
-926.727
-927.036
-927.345
-927.653
-927.962
-928.27
-928.578
-928.887
-929.195
-929.503
-929.811
-930.119
-930.426
-930.734
-931.042
-931.349
-931.657
-931.964
-932.271
-932.578
-932.885
-933.192
-933.499
-933.806
-934.113
-934.419
-934.726
-935.032
-935.339
-935.645
-935.951
-936.257
-936.563
-936.869
-937.175
-937.48
-937.786
-938.092
-938.397
-938.702
-939.008
-939.313
-939.618
-939.923
-940.228
-940.533
-940.838
-941.142
-941.447
-941.751
-942.056
-942.36
-942.664
-942.968
-943.272
-943.576
-943.88
-944.184
-944.488
-944.791
-945.095
-945.398
-945.701
-946.005
-946.308
-946.611
-946.914
-947.217
-947.519
-947.822
-948.125
-948.427
-948.73
-949.032
-949.334
-949.636
-949.938
-950.24
-950.542
-950.844
-951.146
-951.448
-951.749
-952.051
-952.352
-952.653
-952.954
-953.255
-953.556
-953.857
-954.158
-954.459
-954.76
-955.06
-955.361
-955.661
-955.961
-956.261
-956.562
-956.862
-957.162
-957.461
-957.761
-958.061
-958.36
-958.66
-958.959
-959.259
-959.558
-959.857
-960.156
-960.455
-960.754
-961.053
-961.351
-961.65
-961.948
-962.247
-962.545
-962.843
-963.142
-963.44
-963.738
-964.036
-964.333
-964.631
-964.929
-965.226
-965.524
-965.821
-966.118
-966.415
-966.713
-967.01
-967.306
-967.603
-967.9
-968.197
-968.493
-968.79
-969.086
-969.382
-969.679
-969.975
-970.271
-970.567
-970.862
-971.158
-971.454
-971.749
-972.045
-972.34
-972.636
-972.931
-973.226
-973.521
-973.816
-974.111
-974.406
-974.7
-974.995
-975.289
-975.584
-975.878
-976.172
-976.467
-976.761
-977.055
-977.349
-977.642
-977.936
-978.23
-978.523
-978.817
-979.11
-979.403
-979.696
-979.989
-980.282
-980.575
-980.868
-981.161
-981.454
-981.746
-982.039
-982.331
-982.623
-982.915
-983.208
-983.5
-983.791
-984.083
-984.375
-984.667
-984.958
-985.25
-985.541
-985.832
-986.124
-986.415
-986.706
-986.997
-987.288
-987.578
-987.869
-988.16
-988.45
-988.741
-989.031
-989.321
-989.611
-989.901
-990.191
-990.481
-990.771
-991.061
-991.35
-991.64
-991.929
-992.219
-992.508
-992.797
-993.086
-993.375
-993.664
-993.953
-994.241
-994.53
-994.819
-995.107
-995.395
-995.684
-995.972
-996.26
-996.548
-996.836
-997.124
-997.412
-997.699
-997.987
-998.274
-998.562
-998.849
-999.136
-999.423
-999.71
-999.997
-1000.28
-1000.57
-1000.86
-1001.14
-1001.43
-1001.72
-1002
-1002.29
-1002.58
-1002.86
-1003.15
-1003.43
-1003.72
-1004
-1004.29
-1004.58
-1004.86
-1005.15
-1005.43
-1005.72
-1006
-1006.29
-1006.57
-1006.86
-1007.14
-1007.43
-1007.71
-1008
-1008.28
-1008.56
-1008.85
-1009.13
-1009.42
-1009.7
-1009.98
-1010.27
-1010.55
-1010.83
-1011.12
-1011.4
-1011.68
-1011.97
-1012.25
-1012.53
-1012.82
-1013.1
-1013.38
-1013.67
-1013.95
-1014.23
-1014.51
-1014.8
-1015.08
-1015.36
-1015.64
-1015.92
-1016.21
-1016.49
-1016.77
-1017.05
-1017.33
-1017.61
-1017.89
-1018.18
-1018.46
-1018.74
-1019.02
-1019.3
-1019.58
-1019.86
-1020.14
-1020.42
-1020.7
-1020.98
-1021.26
-1021.54
-1021.82
-1022.1
-1022.38
-1022.66
-1022.94
-1023.22
-1023.5
-1023.78
-1024.06
-1024.34
-1024.62
-1024.9
-1025.18
-1025.46
-1025.74
-1026.01
-1026.29
-1026.57
-1026.85
-1027.13
-1027.41
-1027.69
-1027.96
-1028.24
-1028.52
-1028.8
-1029.07
-1029.35
-1029.63
-1029.91
-1030.18
-1030.46
-1030.74
-1031.02
-1031.29
-1031.57
-1031.85
-1032.12
-1032.4
-1032.68
-1032.95
-1033.23
-1033.51
-1033.78
-1034.06
-1034.34
-1034.61
-1034.89
-1035.16
-1035.44
-1035.71
-1035.99
-1036.27
-1036.54
-1036.82
-1037.09
-1037.37
-1037.64
-1037.92
-1038.19
-1038.47
-1038.74
-1039.01
-1039.29
-1039.56
-1039.84
-1040.11
-1040.39
-1040.66
-1040.93
-1041.21
-1041.48
-1041.76
-1042.03
-1042.3
-1042.58
-1042.85
-1043.12
-1043.4
-1043.67
-1043.94
-1044.21
-1044.49
-1044.76
-1045.03
-1045.31
-1045.58
-1045.85
-1046.12
-1046.39
-1046.67
-1046.94
-1047.21
-1047.48
-1047.75
-1048.03
-1048.3
-1048.57
-1048.84
-1049.11
-1049.38
-1049.65
-1049.92
-1050.2
-1050.47
-1050.74
-1051.01
-1051.28
-1051.55
-1051.82
-1052.09
-1052.36
-1052.63
-1052.9
-1053.17
-1053.44
-1053.71
-1053.98
-1054.25
-1054.52
-1054.79
-1055.06
-1055.33
-1055.59
-1055.86
-1056.13
-1056.4
-1056.67
-1056.94
-1057.21
-1057.48
-1057.74
-1058.01
-1058.28
-1058.55
-1058.82
-1059.08
-1059.35
-1059.62
-1059.89
-1060.16
-1060.42
-1060.69
-1060.96
-1061.23
-1061.49
-1061.76
-1062.03
-1062.29
-1062.56
-1062.83
-1063.09
-1063.36
-1063.63
-1063.89
-1064.16
-1064.43
-1064.69
-1064.96
-1065.22
-1065.49
-1065.75
-1066.02
-1066.29
-1066.55
-1066.82
-1067.08
-1067.35
-1067.61
-1067.88
-1068.14
-1068.41
-1068.67
-1068.94
-1069.2
-1069.47
-1069.73
-1069.99
-1070.26
-1070.52
-1070.79
-1071.05
-1071.31
-1071.58
-1071.84
-1072.11
-1072.37
-1072.63
-1072.9
-1073.16
-1073.42
-1073.69
-1073.95
-1074.21
-1074.47
-1074.74
-1075
-1075.26
-1075.52
-1075.79
-1076.05
-1076.31
-1076.57
-1076.84
-1077.1
-1077.36
-1077.62
-1077.88
-1078.14
-1078.41
-1078.67
-1078.93
-1079.19
-1079.45
-1079.71
-1079.97
-1080.23
-1080.49
-1080.75
-1081.01
-1081.28
-1081.54
-1081.8
-1082.06
-1082.32
-1082.58
-1082.84
-1083.1
-1083.36
-1083.62
-1083.87
-1084.13
-1084.39
-1084.65
-1084.91
-1085.17
-1085.43
-1085.69
-1085.95
-1086.21
-1086.47
-1086.72
-1086.98
-1087.24
-1087.5
-1087.76
-1088.02
-1088.27
-1088.53
-1088.79
-1089.05
-1089.31
-1089.56
-1089.82
-1090.08
-1090.34
-1090.59
-1090.85
-1091.11
-1091.36
-1091.62
-1091.88
-1092.13
-1092.39
-1092.65
-1092.9
-1093.16
-1093.42
-1093.67
-1093.93
-1094.18
-1094.44
-1094.7
-1094.95
-1095.21
-1095.46
-1095.72
-1095.97
-1096.23
-1096.49
-1096.74
-1097
-1097.25
-1097.5
-1097.76
-1098.01
-1098.27
-1098.52
-1098.78
-1099.03
-1099.29
-1099.54
-1099.79
-1100.05
-1100.3
-1100.56
-1100.81
-1101.06
-1101.32
-1101.57
-1101.82
-1102.08
-1102.33
-1102.58
-1102.84
-1103.09
-1103.34
-1103.59
-1103.85
-1104.1
-1104.35
-1104.6
-1104.86
-1105.11
-1105.36
-1105.61
-1105.87
-1106.12
-1106.37
-1106.62
-1106.87
-1107.12
-1107.37
-1107.63
-1107.88
-1108.13
-1108.38
-1108.63
-1108.88
-1109.13
-1109.38
-1109.63
-1109.88
-1110.13
-1110.38
-1110.63
-1110.88
-1111.13
-1111.38
-1111.63
-1111.88
-1112.13
-1112.38
-1112.63
-1112.88
-1113.13
-1113.38
-1113.63
-1113.88
-1114.13
-1114.38
-1114.63
-1114.87
-1115.12
-1115.37
-1115.62
-1115.87
-1116.12
-1116.36
-1116.61
-1116.86
-1117.11
-1117.36
-1117.6
-1117.85
-1118.1
-1118.35
-1118.59
-1118.84
-1119.09
-1119.34
-1119.58
-1119.83
-1120.08
-1120.32
-1120.57
-1120.82
-1121.06
-1121.31
-1121.56
-1121.8
-1122.05
-1122.29
-1122.54
-1122.79
-1123.03
-1123.28
-1123.52
-1123.77
-1124.01
-1124.26
-1124.5
-1124.75
-1124.99
-1125.24
-1125.48
-1125.73
-1125.97
-1126.22
-1126.46
-1126.71
-1126.95
-1127.2
-1127.44
-1127.68
-1127.93
-1128.17
-1128.42
-1128.66
-1128.9
-1129.15
-1129.39
-1129.63
-1129.88
-1130.12
-1130.36
-1130.61
-1130.85
-1131.09
-1131.33
-1131.58
-1131.82
-1132.06
-1132.3
-1132.55
-1132.79
-1133.03
-1133.27
-1133.51
-1133.76
-1134
-1134.24
-1134.48
-1134.72
-1134.96
-1135.2
-1135.45
-1135.69
-1135.93
-1136.17
-1136.41
-1136.65
-1136.89
-1137.13
-1137.37
-1137.61
-1137.85
-1138.09
-1138.33
-1138.57
-1138.81
-1139.05
-1139.29
-1139.53
-1139.77
-1140.01
-1140.25
-1140.49
-1140.73
-1140.97
-1141.21
-1141.45
-1141.69
-1141.92
-1142.16
-1142.4
-1142.64
-1142.88
-1143.12
-1143.36
-1143.59
-1143.83
-1144.07
-1144.31
-1144.55
-1144.78
-1145.02
-1145.26
-1145.5
-1145.73
-1145.97
-1146.21
-1146.44
-1146.68
-1146.92
-1147.16
-1147.39
-1147.63
-1147.87
-1148.1
-1148.34
-1148.57
-1148.81
-1149.05
-1149.28
-1149.52
-1149.75
-1149.99
-1150.23
-1150.46
-1150.7
-1150.93
-1151.17
-1151.4
-1151.64
-1151.87
-1152.11
-1152.34
-1152.58
-1152.81
-1153.05
-1153.28
-1153.52
-1153.75
-1153.98
-1154.22
-1154.45
-1154.69
-1154.92
-1155.15
-1155.39
-1155.62
-1155.86
-1156.09
-1156.32
-1156.56
-1156.79
-1157.02
-1157.25
-1157.49
-1157.72
-1157.95
-1158.19
-1158.42
-1158.65
-1158.88
-1159.12
-1159.35
-1159.58
-1159.81
-1160.04
-1160.28
-1160.51
-1160.74
-1160.97
-1161.2
-1161.43
-1161.66
-1161.9
-1162.13
-1162.36
-1162.59
-1162.82
-1163.05
-1163.28
-1163.51
-1163.74
-1163.97
-1164.2
-1164.43
-1164.66
-1164.89
-1165.12
-1165.35
-1165.58
-1165.81
-1166.04
-1166.27
-1166.5
-1166.73
-1166.96
-1167.19
-1167.42
-1167.65
-1167.88
-1168.1
-1168.33
-1168.56
-1168.79
-1169.02
-1169.25
-1169.47
-1169.7
-1169.93
-1170.16
-1170.39
-1170.61
-1170.84
-1171.07
-1171.3
-1171.52
-1171.75
-1171.98
-1172.21
-1172.43
-1172.66
-1172.89
-1173.11
-1173.34
-1173.57
-1173.79
-1174.02
-1174.25
-1174.47
-1174.7
-1174.93
-1175.15
-1175.38
-1175.6
-1175.83
-1176.06
-1176.28
-1176.51
-1176.73
-1176.96
-1177.18
-1177.41
-1177.63
-1177.86
-1178.08
-1178.31
-1178.53
-1178.76
-1178.98
-1179.2
-1179.43
-1179.65
-1179.88
-1180.1
-1180.33
-1180.55
-1180.77
-1181
-1181.22
-1181.44
-1181.67
-1181.89
-1182.11
-1182.34
-1182.56
-1182.78
-1183.01
-1183.23
-1183.45
-1183.67
-1183.9
-1184.12
-1184.34
-1184.56
-1184.79
-1185.01
-1185.23
-1185.45
-1185.67
-1185.9
-1186.12
-1186.34
-1186.56
-1186.78
-1187
-1187.22
-1187.45
-1187.67
-1187.89
-1188.11
-1188.33
-1188.55
-1188.77
-1188.99
-1189.21
-1189.43
-1189.65
-1189.87
-1190.09
-1190.31
-1190.53
-1190.75
-1190.97
-1191.19
-1191.41
-1191.63
-1191.85
-1192.07
-1192.29
-1192.51
-1192.72
-1192.94
-1193.16
-1193.38
-1193.6
-1193.82
-1194.04
-1194.26
-1194.47
-1194.69
-1194.91
-1195.13
-1195.35
-1195.56
-1195.78
-1196
-1196.22
-1196.43
-1196.65
-1196.87
-1197.09
-1197.3
-1197.52
-1197.74
-1197.95
-1198.17
-1198.39
-1198.6
-1198.82
-1199.04
-1199.25
-1199.47
-1199.68
-1199.9
-1200.12
-1200.33
-1200.55
-1200.76
-1200.98
-1201.19
-1201.41
-1201.63
-1201.84
-1202.06
-1202.27
-1202.49
-1202.7
-1202.91
-1203.13
-1203.34
-1203.56
-1203.77
-1203.99
-1204.2
-1204.42
-1204.63
-1204.84
-1205.06
-1205.27
-1205.49
-1205.7
-1205.91
-1206.13
-1206.34
-1206.55
-1206.77
-1206.98
-1207.19
-1207.4
-1207.62
-1207.83
-1208.04
-1208.25
-1208.47
-1208.68
-1208.89
-1209.1
-1209.32
-1209.53
-1209.74
-1209.95
-1210.16
-1210.38
-1210.59
-1210.8
-1211.01
-1211.22
-1211.43
-1211.64
-1211.85
-1212.06
-1212.28
-1212.49
-1212.7
-1212.91
-1213.12
-1213.33
-1213.54
-1213.75
-1213.96
-1214.17
-1214.38
-1214.59
-1214.8
-1215.01
-1215.22
-1215.43
-1215.64
-1215.85
-1216.06
-1216.26
-1216.47
-1216.68
-1216.89
-1217.1
-1217.31
-1217.52
-1217.73
-1217.93
-1218.14
-1218.35
-1218.56
-1218.77
-1218.97
-1219.18
-1219.39
-1219.6
-1219.81
-1220.01
-1220.22
-1220.43
-1220.64
-1220.84
-1221.05
-1221.26
-1221.46
-1221.67
-1221.88
-1222.08
-1222.29
-1222.5
-1222.7
-1222.91
-1223.12
-1223.32
-1223.53
-1223.73
-1223.94
-1224.14
-1224.35
-1224.56
-1224.76
-1224.97
-1225.17
-1225.38
-1225.58
-1225.79
-1225.99
-1226.2
-1226.4
-1226.61
-1226.81
-1227.02
-1227.22
-1227.42
-1227.63
-1227.83
-1228.04
-1228.24
-1228.44
-1228.65
-1228.85
-1229.06
-1229.26
-1229.46
-1229.67
-1229.87
-1230.07
-1230.27
-1230.48
-1230.68
-1230.88
-1231.09
-1231.29
-1231.49
-1231.69
-1231.9
-1232.1
-1232.3
-1232.5
-1232.7
-1232.91
-1233.11
-1233.31
-1233.51
-1233.71
-1233.91
-1234.12
-1234.32
-1234.52
-1234.72
-1234.92
-1235.12
-1235.32
-1235.52
-1235.72
-1235.92
-1236.12
-1236.32
-1236.52
-1236.72
-1236.92
-1237.12
-1237.32
-1237.52
-1237.72
-1237.92
-1238.12
-1238.32
-1238.52
-1238.72
-1238.92
-1239.12
-1239.32
-1239.52
-1239.72
-1239.92
-1240.11
-1240.31
-1240.51
-1240.71
-1240.91
-1241.11
-1241.3
-1241.5
-1241.7
-1241.9
-1242.1
-1242.29
-1242.49
-1242.69
-1242.89
-1243.08
-1243.28
-1243.48
-1243.67
-1243.87
-1244.07
-1244.26
-1244.46
-1244.66
-1244.85
-1245.05
-1245.25
-1245.44
-1245.64
-1245.84
-1246.03
-1246.23
-1246.42
-1246.62
-1246.81
-1247.01
-1247.21
-1247.4
-1247.6
-1247.79
-1247.99
-1248.18
-1248.38
-1248.57
-1248.77
-1248.96
-1249.16
-1249.35
-1249.54
-1249.74
-1249.93
-1250.13
-1250.32
-1250.51
-1250.71
-1250.9
-1251.1
-1251.29
-1251.48
-1251.68
-1251.87
-1252.06
-1252.26
-1252.45
-1252.64
-1252.83
-1253.03
-1253.22
-1253.41
-1253.6
-1253.8
-1253.99
-1254.18
-1254.37
-1254.57
-1254.76
-1254.95
-1255.14
-1255.33
-1255.52
-1255.72
-1255.91
-1256.1
-1256.29
-1256.48
-1256.67
-1256.86
-1257.05
-1257.24
-1257.44
-1257.63
-1257.82
-1258.01
-1258.2
-1258.39
-1258.58
-1258.77
-1258.96
-1259.15
-1259.34
-1259.53
-1259.72
-1259.91
-1260.1
-1260.29
-1260.47
-1260.66
-1260.85
-1261.04
-1261.23
-1261.42
-1261.61
-1261.8
-1261.99
-1262.17
-1262.36
-1262.55
-1262.74
-1262.93
-1263.11
-1263.3
-1263.49
-1263.68
-1263.87
-1264.05
-1264.24
-1264.43
-1264.62
-1264.8
-1264.99
-1265.18
-1265.36
-1265.55
-1265.74
-1265.92
-1266.11
-1266.3
-1266.48
-1266.67
-1266.86
-1267.04
-1267.23
-1267.41
-1267.6
-1267.79
-1267.97
-1268.16
-1268.34
-1268.53
-1268.71
-1268.9
-1269.08
-1269.27
-1269.45
-1269.64
-1269.82
-1270.01
-1270.19
-1270.38
-1270.56
-1270.75
-1270.93
-1271.11
-1271.3
-1271.48
-1271.67
-1271.85
-1272.03
-1272.22
-1272.4
-1272.58
-1272.77
-1272.95
-1273.13
-1273.32
-1273.5
-1273.68
-1273.87
-1274.05
-1274.23
-1274.41
-1274.6
-1274.78
-1274.96
-1275.14
-1275.32
-1275.51
-1275.69
-1275.87
-1276.05
-1276.23
-1276.41
-1276.6
-1276.78
-1276.96
-1277.14
-1277.32
-1277.5
-1277.68
-1277.86
-1278.04
-1278.23
-1278.41
-1278.59
-1278.77
-1278.95
-1279.13
-1279.31
-1279.49
-1279.67
-1279.85
-1280.03
-1280.21
-1280.39
-1280.57
-1280.75
-1280.92
-1281.1
-1281.28
-1281.46
-1281.64
-1281.82
-1282
-1282.18
-1282.36
-1282.53
-1282.71
-1282.89
-1283.07
-1283.25
-1283.43
-1283.6
-1283.78
-1283.96
-1284.14
-1284.31
-1284.49
-1284.67
-1284.85
-1285.02
-1285.2
-1285.38
-1285.56
-1285.73
-1285.91
-1286.09
-1286.26
-1286.44
-1286.62
-1286.79
-1286.97
-1287.14
-1287.32
-1287.5
-1287.67
-1287.85
-1288.02
-1288.2
-1288.37
-1288.55
-1288.73
-1288.9
-1289.08
-1289.25
-1289.43
-1289.6
-1289.78
-1289.95
-1290.13
-1290.3
-1290.47
-1290.65
-1290.82
-1291
-1291.17
-1291.35
-1291.52
-1291.69
-1291.87
-1292.04
-1292.21
-1292.39
-1292.56
-1292.73
-1292.91
-1293.08
-1293.25
-1293.43
-1293.6
-1293.77
-1293.94
-1294.12
-1294.29
-1294.46
-1294.63
-1294.81
-1294.98
-1295.15
-1295.32
-1295.49
-1295.67
-1295.84
-1296.01
-1296.18
-1296.35
-1296.52
-1296.7
-1296.87
-1297.04
-1297.21
-1297.38
-1297.55
-1297.72
-1297.89
-1298.06
-1298.23
-1298.4
-1298.57
-1298.74
-1298.91
-1299.08
-1299.25
-1299.42
-1299.59
-1299.76
-1299.93
-1300.1
-1300.27
-1300.44
-1300.61
-1300.78
-1300.95
-1301.12
-1301.28
-1301.45
-1301.62
-1301.79
-1301.96
-1302.13
-1302.3
-1302.46
-1302.63
-1302.8
-1302.97
-1303.14
-1303.3
-1303.47
-1303.64
-1303.81
-1303.97
-1304.14
-1304.31
-1304.48
-1304.64
-1304.81
-1304.98
-1305.14
-1305.31
-1305.48
-1305.64
-1305.81
-1305.98
-1306.14
-1306.31
-1306.47
-1306.64
-1306.81
-1306.97
-1307.14
-1307.3
-1307.47
-1307.63
-1307.8
-1307.96
-1308.13
-1308.29
-1308.46
-1308.62
-1308.79
-1308.95
-1309.12
-1309.28
-1309.45
-1309.61
-1309.78
-1309.94
-1310.1
-1310.27
-1310.43
-1310.6
-1310.76
-1310.92
-1311.09
-1311.25
-1311.41
-1311.58
-1311.74
-1311.9
-1312.07
-1312.23
-1312.39
-1312.55
-1312.72
-1312.88
-1313.04
-1313.2
-1313.37
-1313.53
-1313.69
-1313.85
-1314.01
-1314.18
-1314.34
-1314.5
-1314.66
-1314.82
-1314.98
-1315.15
-1315.31
-1315.47
-1315.63
-1315.79
-1315.95
-1316.11
-1316.27
-1316.43
-1316.59
-1316.75
-1316.91
-1317.07
-1317.23
-1317.39
-1317.55
-1317.71
-1317.87
-1318.03
-1318.19
-1318.35
-1318.51
-1318.67
-1318.83
-1318.99
-1319.15
-1319.31
-1319.47
-1319.63
-1319.78
-1319.94
-1320.1
-1320.26
-1320.42
-1320.58
-1320.73
-1320.89
-1321.05
-1321.21
-1321.37
-1321.52
-1321.68
-1321.84
-1322
-1322.15
-1322.31
-1322.47
-1322.62
-1322.78
-1322.94
-1323.1
-1323.25
-1323.41
-1323.57
-1323.72
-1323.88
-1324.03
-1324.19
-1324.35
-1324.5
-1324.66
-1324.81
-1324.97
-1325.13
-1325.28
-1325.44
-1325.59
-1325.75
-1325.9
-1326.06
-1326.21
-1326.37
-1326.52
-1326.68
-1326.83
-1326.99
-1327.14
-1327.29
-1327.45
-1327.6
-1327.76
-1327.91
-1328.07
-1328.22
-1328.37
-1328.53
-1328.68
-1328.83
-1328.99
-1329.14
-1329.29
-1329.45
-1329.6
-1329.75
-1329.91
-1330.06
-1330.21
-1330.36
-1330.52
-1330.67
-1330.82
-1330.97
-1331.12
-1331.28
-1331.43
-1331.58
-1331.73
-1331.88
-1332.04
-1332.19
-1332.34
-1332.49
-1332.64
-1332.79
-1332.94
-1333.09
-1333.25
-1333.4
-1333.55
-1333.7
-1333.85
-1334
-1334.15
-1334.3
-1334.45
-1334.6
-1334.75
-1334.9
-1335.05
-1335.2
-1335.35
-1335.5
-1335.65
-1335.8
-1335.95
-1336.09
-1336.24
-1336.39
-1336.54
-1336.69
-1336.84
-1336.99
-1337.14
-1337.28
-1337.43
-1337.58
-1337.73
-1337.88
-1338.03
-1338.17
-1338.32
-1338.47
-1338.62
-1338.76
-1338.91
-1339.06
-1339.21
-1339.35
-1339.5
-1339.65
-1339.79
-1339.94
-1340.09
-1340.23
-1340.38
-1340.53
-1340.67
-1340.82
-1340.97
-1341.11
-1341.26
-1341.4
-1341.55
-1341.7
-1341.84
-1341.99
-1342.13
-1342.28
-1342.42
-1342.57
-1342.71
-1342.86
-1343
-1343.15
-1343.29
-1343.44
-1343.58
-1343.73
-1343.87
-1344.02
-1344.16
-1344.3
-1344.45
-1344.59
-1344.74
-1344.88
-1345.02
-1345.17
-1345.31
-1345.45
-1345.6
-1345.74
-1345.88
-1346.03
-1346.17
-1346.31
-1346.46
-1346.6
-1346.74
-1346.88
-1347.03
-1347.17
-1347.31
-1347.45
-1347.59
-1347.74
-1347.88
-1348.02
-1348.16
-1348.3
-1348.45
-1348.59
-1348.73
-1348.87
-1349.01
-1349.15
-1349.29
-1349.43
-1349.57
-1349.71
-1349.86
-1350
-1350.14
-1350.28
-1350.42
-1350.56
-1350.7
-1350.84
-1350.98
-1351.12
-1351.26
-1351.4
-1351.54
-1351.68
-1351.81
-1351.95
-1352.09
-1352.23
-1352.37
-1352.51
-1352.65
-1352.79
-1352.93
-1353.07
-1353.2
-1353.34
-1353.48
-1353.62
-1353.76
-1353.89
-1354.03
-1354.17
-1354.31
-1354.45
-1354.58
-1354.72
-1354.86
-1355
-1355.13
-1355.27
-1355.41
-1355.54
-1355.68
-1355.82
-1355.95
-1356.09
-1356.23
-1356.36
-1356.5
-1356.64
-1356.77
-1356.91
-1357.04
-1357.18
-1357.32
-1357.45
-1357.59
-1357.72
-1357.86
-1357.99
-1358.13
-1358.26
-1358.4
-1358.53
-1358.67
-1358.8
-1358.94
-1359.07
-1359.21
-1359.34
-1359.48
-1359.61
-1359.74
-1359.88
-1360.01
-1360.15
-1360.28
-1360.41
-1360.55
-1360.68
-1360.81
-1360.95
-1361.08
-1361.21
-1361.35
-1361.48
-1361.61
-1361.75
-1361.88
-1362.01
-1362.14
-1362.28
-1362.41
-1362.54
-1362.67
-1362.8
-1362.94
-1363.07
-1363.2
-1363.33
-1363.46
-1363.6
-1363.73
-1363.86
-1363.99
-1364.12
-1364.25
-1364.38
-1364.51
-1364.64
-1364.78
-1364.91
-1365.04
-1365.17
-1365.3
-1365.43
-1365.56
-1365.69
-1365.82
-1365.95
-1366.08
-1366.21
-1366.34
-1366.47
-1366.6
-1366.73
-1366.85
-1366.98
-1367.11
-1367.24
-1367.37
-1367.5
-1367.63
-1367.76
-1367.89
-1368.01
-1368.14
-1368.27
-1368.4
-1368.53
-1368.66
-1368.78
-1368.91
-1369.04
-1369.17
-1369.29
-1369.42
-1369.55
-1369.68
-1369.8
-1369.93
-1370.06
-1370.18
-1370.31
-1370.44
-1370.57
-1370.69
-1370.82
-1370.94
-1371.07
-1371.2
-1371.32
-1371.45
-1371.58
-1371.7
-1371.83
-1371.95
-1372.08
-1372.2
-1372.33
-1372.45
-1372.58
-1372.7
-1372.83
-1372.95
-1373.08
-1373.2
-1373.33
-1373.45
-1373.58
-1373.7
-1373.83
-1373.95
-1374.08
-1374.2
-1374.32
-1374.45
-1374.57
-1374.7
-1374.82
-1374.94
-1375.07
-1375.19
-1375.31
-1375.44
-1375.56
-1375.68
-1375.8
-1375.93
-1376.05
-1376.17
-1376.3
-1376.42
-1376.54
-1376.66
-1376.78
-1376.91
-1377.03
-1377.15
-1377.27
-1377.39
-1377.52
-1377.64
-1377.76
-1377.88
-1378
-1378.12
-1378.24
-1378.36
-1378.49
-1378.61
-1378.73
-1378.85
-1378.97
-1379.09
-1379.21
-1379.33
-1379.45
-1379.57
-1379.69
-1379.81
-1379.93
-1380.05
-1380.17
-1380.29
-1380.41
-1380.53
-1380.65
-1380.77
-1380.88
-1381
-1381.12
-1381.24
-1381.36
-1381.48
-1381.6
-1381.72
-1381.83
-1381.95
-1382.07
-1382.19
-1382.31
-1382.43
-1382.54
-1382.66
-1382.78
-1382.9
-1383.01
-1383.13
-1383.25
-1383.37
-1383.48
-1383.6
-1383.72
-1383.83
-1383.95
-1384.07
-1384.18
-1384.3
-1384.42
-1384.53
-1384.65
-1384.77
-1384.88
-1385
-1385.11
-1385.23
-1385.34
-1385.46
-1385.58
-1385.69
-1385.81
-1385.92
-1386.04
-1386.15
-1386.27
-1386.38
-1386.5
-1386.61
-1386.73
-1386.84
-1386.95
-1387.07
-1387.18
-1387.3
-1387.41
-1387.53
-1387.64
-1387.75
-1387.87
-1387.98
-1388.09
-1388.21
-1388.32
-1388.43
-1388.55
-1388.66
-1388.77
-1388.89
-1389
-1389.11
-1389.22
-1389.34
-1389.45
-1389.56
-1389.67
-1389.79
-1389.9
-1390.01
-1390.12
-1390.23
-1390.35
-1390.46
-1390.57
-1390.68
-1390.79
-1390.9
-1391.01
-1391.13
-1391.24
-1391.35
-1391.46
-1391.57
-1391.68
-1391.79
-1391.9
-1392.01
-1392.12
-1392.23
-1392.34
-1392.45
-1392.56
-1392.67
-1392.78
-1392.89
-1393
-1393.11
-1393.22
-1393.33
-1393.44
-1393.55
-1393.66
-1393.76
-1393.87
-1393.98
-1394.09
-1394.2
-1394.31
-1394.42
-1394.52
-1394.63
-1394.74
-1394.85
-1394.96
-1395.06
-1395.17
-1395.28
-1395.39
-1395.5
-1395.6
-1395.71
-1395.82
-1395.92
-1396.03
-1396.14
-1396.25
-1396.35
-1396.46
-1396.57
-1396.67
-1396.78
-1396.88
-1396.99
-1397.1
-1397.2
-1397.31
-1397.41
-1397.52
-1397.63
-1397.73
-1397.84
-1397.94
-1398.05
-1398.15
-1398.26
-1398.36
-1398.47
-1398.57
-1398.68
-1398.78
-1398.89
-1398.99
-1399.1
-1399.2
-1399.3
-1399.41
-1399.51
-1399.62
-1399.72
-1399.82
-1399.93
-1400.03
-1400.14
-1400.24
-1400.34
-1400.45
-1400.55
-1400.65
-1400.75
-1400.86
-1400.96
-1401.06
-1401.17
-1401.27
-1401.37
-1401.47
-1401.58
-1401.68
-1401.78
-1401.88
-1401.98
-1402.09
-1402.19
-1402.29
-1402.39
-1402.49
-1402.59
-1402.69
-1402.8
-1402.9
-1403
-1403.1
-1403.2
-1403.3
-1403.4
-1403.5
-1403.6
-1403.7
-1403.8
-1403.9
-1404
-1404.1
-1404.2
-1404.3
-1404.4
-1404.5
-1404.6
-1404.7
-1404.8
-1404.9
-1405
-1405.1
-1405.2
-1405.3
-1405.39
-1405.49
-1405.59
-1405.69
-1405.79
-1405.89
-1405.98
-1406.08
-1406.18
-1406.28
-1406.38
-1406.47
-1406.57
-1406.67
-1406.77
-1406.87
-1406.96
-1407.06
-1407.16
-1407.25
-1407.35
-1407.45
-1407.55
-1407.64
-1407.74
-1407.84
-1407.93
-1408.03
-1408.12
-1408.22
-1408.32
-1408.41
-1408.51
-1408.6
-1408.7
-1408.8
-1408.89
-1408.99
-1409.08
-1409.18
-1409.27
-1409.37
-1409.46
-1409.56
-1409.65
-1409.75
-1409.84
-1409.94
-1410.03
-1410.13
-1410.22
-1410.31
-1410.41
-1410.5
-1410.6
-1410.69
-1410.78
-1410.88
-1410.97
-1411.06
-1411.16
-1411.25
-1411.34
-1411.44
-1411.53
-1411.62
-1411.72
-1411.81
-1411.9
-1411.99
-1412.09
-1412.18
-1412.27
-1412.36
-1412.46
-1412.55
-1412.64
-1412.73
-1412.82
-1412.92
-1413.01
-1413.1
-1413.19
-1413.28
-1413.37
-1413.46
-1413.55
-1413.65
-1413.74
-1413.83
-1413.92
-1414.01
-1414.1
-1414.19
-1414.28
-1414.37
-1414.46
-1414.55
-1414.64
-1414.73
-1414.82
-1414.91
-1415
-1415.09
-1415.18
-1415.27
-1415.36
-1415.45
-1415.54
-1415.62
-1415.71
-1415.8
-1415.89
-1415.98
-1416.07
-1416.16
-1416.24
-1416.33
-1416.42
-1416.51
-1416.6
-1416.68
-1416.77
-1416.86
-1416.95
-1417.04
-1417.12
-1417.21
-1417.3
-1417.38
-1417.47
-1417.56
-1417.65
-1417.73
-1417.82
-1417.91
-1417.99
-1418.08
-1418.17
-1418.25
-1418.34
-1418.42
-1418.51
-1418.6
-1418.68
-1418.77
-1418.85
-1418.94
-1419.02
-1419.11
-1419.19
-1419.28
-1419.36
-1419.45
-1419.53
-1419.62
-1419.7
-1419.79
-1419.87
-1419.96
-1420.04
-1420.13
-1420.21
-1420.29
-1420.38
-1420.46
-1420.55
-1420.63
-1420.71
-1420.8
-1420.88
-1420.96
-1421.05
-1421.13
-1421.21
-1421.3
-1421.38
-1421.46
-1421.55
-1421.63
-1421.71
-1421.79
-1421.88
-1421.96
-1422.04
-1422.12
-1422.2
-1422.29
-1422.37
-1422.45
-1422.53
-1422.61
-1422.69
-1422.78
-1422.86
-1422.94
-1423.02
-1423.1
-1423.18
-1423.26
-1423.34
-1423.42
-1423.5
-1423.58
-1423.66
-1423.75
-1423.83
-1423.91
-1423.99
-1424.07
-1424.15
-1424.23
-1424.3
-1424.38
-1424.46
-1424.54
-1424.62
-1424.7
-1424.78
-1424.86
-1424.94
-1425.02
-1425.1
-1425.18
-1425.25
-1425.33
-1425.41
-1425.49
-1425.57
-1425.65
-1425.72
-1425.8
-1425.88
-1425.96
-1426.03
-1426.11
-1426.19
-1426.27
-1426.34
-1426.42
-1426.5
-1426.58
-1426.65
-1426.73
-1426.81
-1426.88
-1426.96
-1427.04
-1427.11
-1427.19
-1427.26
-1427.34
-1427.42
-1427.49
-1427.57
-1427.64
-1427.72
-1427.8
-1427.87
-1427.95
-1428.02
-1428.1
-1428.17
-1428.25
-1428.32
-1428.4
-1428.47
-1428.55
-1428.62
-1428.7
-1428.77
-1428.84
-1428.92
-1428.99
-1429.07
-1429.14
-1429.22
-1429.29
-1429.36
-1429.44
-1429.51
-1429.58
-1429.66
-1429.73
-1429.8
-1429.88
-1429.95
-1430.02
-1430.09
-1430.17
-1430.24
-1430.31
-1430.38
-1430.46
-1430.53
-1430.6
-1430.67
-1430.75
-1430.82
-1430.89
-1430.96
-1431.03
-1431.1
-1431.18
-1431.25
-1431.32
-1431.39
-1431.46
-1431.53
-1431.6
-1431.67
-1431.74
-1431.81
-1431.88
-1431.96
-1432.03
-1432.1
-1432.17
-1432.24
-1432.31
-1432.38
-1432.45
-1432.52
-1432.59
-1432.65
-1432.72
-1432.79
-1432.86
-1432.93
-1433
-1433.07
-1433.14
-1433.21
-1433.28
-1433.34
-1433.41
-1433.48
-1433.55
-1433.62
-1433.69
-1433.75
-1433.82
-1433.89
-1433.96
-1434.03
-1434.09
-1434.16
-1434.23
-1434.3
-1434.36
-1434.43
-1434.5
-1434.56
-1434.63
-1434.7
-1434.77
-1434.83
-1434.9
-1434.96
-1435.03
-1435.1
-1435.16
-1435.23
-1435.3
-1435.36
-1435.43
-1435.49
-1435.56
-1435.62
-1435.69
-1435.76
-1435.82
-1435.89
-1435.95
-1436.02
-1436.08
-1436.15
-1436.21
-1436.27
-1436.34
-1436.4
-1436.47
-1436.53
-1436.6
-1436.66
-1436.72
-1436.79
-1436.85
-1436.92
-1436.98
-1437.04
-1437.11
-1437.17
-1437.23
-1437.3
-1437.36
-1437.42
-1437.49
-1437.55
-1437.61
-1437.67
-1437.74
-1437.8
-1437.86
-1437.92
-1437.99
-1438.05
-1438.11
-1438.17
-1438.23
-1438.3
-1438.36
-1438.42
-1438.48
-1438.54
-1438.6
-1438.66
-1438.73
-1438.79
-1438.85
-1438.91
-1438.97
-1439.03
-1439.09
-1439.15
-1439.21
-1439.27
-1439.33
-1439.39
-1439.45
-1439.51
-1439.57
-1439.63
-1439.69
-1439.75
-1439.81
-1439.87
-1439.93
-1439.99
-1440.05
-1440.11
-1440.17
-1440.22
-1440.28
-1440.34
-1440.4
-1440.46
-1440.52
-1440.58
-1440.63
-1440.69
-1440.75
-1440.81
-1440.87
-1440.92
-1440.98
-1441.04
-1441.1
-1441.15
-1441.21
-1441.27
-1441.33
-1441.38
-1441.44
-1441.5
-1441.55
-1441.61
-1441.67
-1441.72
-1441.78
-1441.84
-1441.89
-1441.95
-1442
-1442.06
-1442.12
-1442.17
-1442.23
-1442.28
-1442.34
-1442.39
-1442.45
-1442.5
-1442.56
-1442.61
-1442.67
-1442.72
-1442.78
-1442.83
-1442.89
-1442.94
-1443
-1443.05
-1443.11
-1443.16
-1443.21
-1443.27
-1443.32
-1443.38
-1443.43
-1443.48
-1443.54
-1443.59
-1443.64
-1443.7
-1443.75
-1443.8
-1443.86
-1443.91
-1443.96
-1444.01
-1444.07
-1444.12
-1444.17
-1444.22
-1444.28
-1444.33
-1444.38
-1444.43
-1444.48
-1444.54
-1444.59
-1444.64
-1444.69
-1444.74
-1444.79
-1444.85
-1444.9
-1444.95
-1445
-1445.05
-1445.1
-1445.15
-1445.2
-1445.25
-1445.3
-1445.35
-1445.4
-1445.45
-1445.5
-1445.55
-1445.6
-1445.65
-1445.7
-1445.75
-1445.8
-1445.85
-1445.9
-1445.95
-1446
-1446.05
-1446.1
-1446.15
-1446.2
-1446.24
-1446.29
-1446.34
-1446.39
-1446.44
-1446.49
-1446.53
-1446.58
-1446.63
-1446.68
-1446.73
-1446.77
-1446.82
-1446.87
-1446.92
-1446.96
-1447.01
-1447.06
-1447.11
-1447.15
-1447.2
-1447.25
-1447.29
-1447.34
-1447.39
-1447.43
-1447.48
-1447.53
-1447.57
-1447.62
-1447.66
-1447.71
-1447.76
-1447.8
-1447.85
-1447.89
-1447.94
-1447.98
-1448.03
-1448.07
-1448.12
-1448.16
-1448.21
-1448.25
-1448.3
-1448.34
-1448.39
-1448.43
-1448.48
-1448.52
-1448.57
-1448.61
-1448.65
-1448.7
-1448.74
-1448.79
-1448.83
-1448.87
-1448.92
-1448.96
-1449
-1449.05
-1449.09
-1449.13
-1449.18
-1449.22
-1449.26
-1449.3
-1449.35
-1449.39
-1449.43
-1449.47
-1449.52
-1449.56
-1449.6
-1449.64
-1449.68
-1449.73
-1449.77
-1449.81
-1449.85
-1449.89
-1449.93
-1449.98
-1450.02
-1450.06
-1450.1
-1450.14
-1450.18
-1450.22
-1450.26
-1450.3
-1450.34
-1450.38
-1450.42
-1450.46
-1450.5
-1450.54
-1450.58
-1450.62
-1450.66
-1450.7
-1450.74
-1450.78
-1450.82
-1450.86
-1450.9
-1450.94
-1450.98
-1451.02
-1451.06
-1451.09
-1451.13
-1451.17
-1451.21
-1451.25
-1451.29
-1451.33
-1451.36
-1451.4
-1451.44
-1451.48
-1451.51
-1451.55
-1451.59
-1451.63
-1451.66
-1451.7
-1451.74
-1451.78
-1451.81
-1451.85
-1451.89
-1451.92
-1451.96
-1452
-1452.03
-1452.07
-1452.11
-1452.14
-1452.18
-1452.22
-1452.25
-1452.29
-1452.32
-1452.36
-1452.39
-1452.43
-1452.47
-1452.5
-1452.54
-1452.57
-1452.61
-1452.64
-1452.68
-1452.71
-1452.75
-1452.78
-1452.81
-1452.85
-1452.88
-1452.92
-1452.95
-1452.99
-1453.02
-1453.05
-1453.09
-1453.12
-1453.16
-1453.19
-1453.22
-1453.26
-1453.29
-1453.32
-1453.36
-1453.39
-1453.42
-1453.45
-1453.49
-1453.52
-1453.55
-1453.58
-1453.62
-1453.65
-1453.68
-1453.71
-1453.75
-1453.78
-1453.81
-1453.84
-1453.87
-1453.9
-1453.94
-1453.97
-1454
-1454.03
-1454.06
-1454.09
-1454.12
-1454.15
-1454.19
-1454.22
-1454.25
-1454.28
-1454.31
-1454.34
-1454.37
-1454.4
-1454.43
-1454.46
-1454.49
-1454.52
-1454.55
-1454.58
-1454.61
-1454.64
-1454.67
-1454.7
-1454.72
-1454.75
-1454.78
-1454.81
-1454.84
-1454.87
-1454.9
-1454.93
-1454.96
-1454.98
-1455.01
-1455.04
-1455.07
-1455.1
-1455.12
-1455.15
-1455.18
-1455.21
-1455.24
-1455.26
-1455.29
-1455.32
-1455.35
-1455.37
-1455.4
-1455.43
-1455.45
-1455.48
-1455.51
-1455.53
-1455.56
-1455.59
-1455.61
-1455.64
-1455.67
-1455.69
-1455.72
-1455.74
-1455.77
-1455.8
-1455.82
-1455.85
-1455.87
-1455.9
-1455.92
-1455.95
-1455.97
-1456
-1456.02
-1456.05
-1456.07
-1456.1
-1456.12
-1456.15
-1456.17
-1456.2
-1456.22
-1456.24
-1456.27
-1456.29
-1456.32
-1456.34
-1456.36
-1456.39
-1456.41
-1456.43
-1456.46
-1456.48
-1456.5
-1456.53
-1456.55
-1456.57
-1456.6
-1456.62
-1456.64
-1456.66
-1456.69
-1456.71
-1456.73
-1456.75
-1456.78
-1456.8
-1456.82
-1456.84
-1456.86
-1456.89
-1456.91
-1456.93
-1456.95
-1456.97
-1456.99
-1457.01
-1457.04
-1457.06
-1457.08
-1457.1
-1457.12
-1457.14
-1457.16
-1457.18
-1457.2
-1457.22
-1457.24
-1457.26
-1457.28
-1457.3
-1457.32
-1457.34
-1457.36
-1457.38
-1457.4
-1457.42
-1457.44
-1457.46
-1457.48
-1457.5
-1457.52
-1457.54
-1457.55
-1457.57
-1457.59
-1457.61
-1457.63
-1457.65
-1457.67
-1457.68
-1457.7
-1457.72
-1457.74
-1457.76
-1457.77
-1457.79
-1457.81
-1457.83
-1457.84
-1457.86
-1457.88
-1457.9
-1457.91
-1457.93
-1457.95
-1457.96
-1457.98
-1458
-1458.01
-1458.03
-1458.05
-1458.06
-1458.08
-1458.1
-1458.11
-1458.13
-1458.14
-1458.16
-1458.18
-1458.19
-1458.21
-1458.22
-1458.24
-1458.25
-1458.27
-1458.28
-1458.3
-1458.31
-1458.33
-1458.34
-1458.36
-1458.37
-1458.39
-1458.4
-1458.42
-1458.43
-1458.45
-1458.46
-1458.47
-1458.49
-1458.5
-1458.52
-1458.53
-1458.54
-1458.56
-1458.57
-1458.58
-1458.6
-1458.61
-1458.62
-1458.64
-1458.65
-1458.66
-1458.67
-1458.69
-1458.7
-1458.71
-1458.72
-1458.74
-1458.75
-1458.76
-1458.77
-1458.79
-1458.8
-1458.81
-1458.82
-1458.83
-1458.84
-1458.86
-1458.87
-1458.88
-1458.89
-1458.9
-1458.91
-1458.92
-1458.93
-1458.95
-1458.96
-1458.97
-1458.98
-1458.99
-1459
-1459.01
-1459.02
-1459.03
-1459.04
-1459.05
-1459.06
-1459.07
-1459.08
-1459.09
-1459.1
-1459.11
-1459.12
-1459.13
-1459.14
-1459.15
-1459.15
-1459.16
-1459.17
-1459.18
-1459.19
-1459.2
-1459.21
-1459.22
-1459.22
-1459.23
-1459.24
-1459.25
-1459.26
-1459.27
-1459.27
-1459.28
-1459.29
-1459.3
-1459.3
-1459.31
-1459.32
-1459.33
-1459.33
-1459.34
-1459.35
-1459.36
-1459.36
-1459.37
-1459.38
-1459.38
-1459.39
-1459.4
-1459.4
-1459.41
-1459.42
-1459.42
-1459.43
-1459.43
-1459.44
-1459.45
-1459.45
-1459.46
-1459.46
-1459.47
-1459.47
-1459.48
-1459.49
-1459.49
-1459.5
-1459.5
-1459.51
-1459.51
-1459.52
-1459.52
-1459.53
-1459.53
-1459.53
-1459.54
-1459.54
-1459.55
-1459.55
-1459.56
-1459.56
-1459.56
-1459.57
-1459.57
-1459.58
-1459.58
-1459.58
-1459.59
-1459.59
-1459.59
-1459.6
-1459.6
-1459.6
-1459.61
-1459.61
-1459.61
-1459.62
-1459.62
-1459.62
-1459.62
-1459.63
-1459.63
-1459.63
-1459.63
-1459.64
-1459.64
-1459.64
-1459.64
-1459.64
-1459.65
-1459.65
-1459.65
-1459.65
-1459.65
-1459.65
-1459.65
-1459.66
-1459.66
-1459.66
-1459.66
-1459.66
-1459.66
-1459.66
-1459.66
-1459.66
-1459.66
-1459.66
-1459.66
-1459.66
-1459.67
-1459.67
-1459.67
-1459.67
-1459.67
-1459.67
-1459.67
-1459.66
-1459.66
-1459.66
-1459.66
-1459.66
-1459.66
-1459.66
-1459.66
-1459.66
-1459.66
-1459.66
-1459.66
-1459.66
-1459.65
-1459.65
-1459.65
-1459.65
-1459.65
-1459.65
-1459.65
-1459.64
-1459.64
-1459.64
-1459.64
-1459.64
-1459.63
-1459.63
-1459.63
-1459.63
-1459.62
-1459.62
-1459.62
-1459.62
-1459.61
-1459.61
-1459.61
-1459.61
-1459.6
-1459.6
-1459.6
-1459.59
-1459.59
-1459.59
-1459.58
-1459.58
-1459.58
-1459.57
-1459.57
-1459.57
-1459.56
-1459.56
-1459.55
-1459.55
-1459.55
-1459.54
-1459.54
-1459.53
-1459.53
-1459.52
-1459.52
-1459.51
-1459.51
-1459.5
-1459.5
-1459.49
-1459.49
-1459.48
-1459.48
-1459.47
-1459.47
-1459.46
-1459.46
-1459.45
-1459.45
-1459.44
-1459.44
-1459.43
-1459.42
-1459.42
-1459.41
-1459.41
-1459.4
-1459.39
-1459.39
-1459.38
-1459.38
-1459.37
-1459.36
-1459.36
-1459.35
-1459.34
-1459.34
-1459.33
-1459.32
-1459.32
-1459.31
-1459.3
-1459.29
-1459.29
-1459.28
-1459.27
-1459.26
-1459.26
-1459.25
-1459.24
-1459.23
-1459.23
-1459.22
-1459.21
-1459.2
-1459.2
-1459.19
-1459.18
-1459.17
-1459.16
-1459.15
-1459.15
-1459.14
-1459.13
-1459.12
-1459.11
-1459.1
-1459.09
-1459.09
-1459.08
-1459.07
-1459.06
-1459.05
-1459.04
-1459.03
-1459.02
-1459.01
-1459
-1458.99
-1458.98
-1458.97
-1458.96
-1458.96
-1458.95
-1458.94
-1458.93
-1458.92
-1458.91
-1458.9
-1458.89
-1458.88
-1458.87
-1458.85
-1458.84
-1458.83
-1458.82
-1458.81
-1458.8
-1458.79
-1458.78
-1458.77
-1458.76
-1458.75
-1458.74
-1458.73
-1458.72
-1458.7
-1458.69
-1458.68
-1458.67
-1458.66
-1458.65
-1458.64
-1458.63
-1458.61
-1458.6
-1458.59
-1458.58
-1458.57
-1458.56
-1458.54
-1458.53
-1458.52
-1458.51
-1458.5
-1458.48
-1458.47
-1458.46
-1458.45
-1458.43
-1458.42
-1458.41
-1458.4
-1458.38
-1458.37
-1458.36
-1458.35
-1458.33
-1458.32
-1458.31
-1458.3
-1458.28
-1458.27
-1458.26
-1458.24
-1458.23
-1458.22
-1458.2
-1458.19
-1458.18
-1458.16
-1458.15
-1458.14
-1458.12
-1458.11
-1458.1
-1458.08
-1458.07
-1458.06
-1458.04
-1458.03
-1458.01
-1458
-1457.99
-1457.97
-1457.96
-1457.94
-1457.93
-1457.91
-1457.9
-1457.89
-1457.87
-1457.86
-1457.84
-1457.83
-1457.81
-1457.8
-1457.79
-1457.77
-1457.76
-1457.74
-1457.73
-1457.71
-1457.7
-1457.68
-1457.67
-1457.65
-1457.64
-1457.62
-1457.61
-1457.59
-1457.58
-1457.56
-1457.55
-1457.53
-1457.52
-1457.5
-1457.49
-1457.47
-1457.45
-1457.44
-1457.42
-1457.41
-1457.39
-1457.38
-1457.36
-1457.35
-1457.33
-1457.31
-1457.3
-1457.28
-1457.27
-1457.25
-1457.24
-1457.22
-1457.2
-1457.19
-1457.17
-1457.16
-1457.14
-1457.12
-1457.11
-1457.09
-1457.07
-1457.06
-1457.04
-1457.03
-1457.01
-1456.99
-1456.98
-1456.96
-1456.94
-1456.93
-1456.91
-1456.9
-1456.88
-1456.86
-1456.85
-1456.83
-1456.81
-1456.8
-1456.78
-1456.76
-1456.75
-1456.73
-1456.71
-1456.7
-1456.68
-1456.66
-1456.65
-1456.63
-1456.61
-1456.6
-1456.58
-1456.56
-1456.55
-1456.53
-1456.51
-1456.49
-1456.48
-1456.46
-1456.44
-1456.43
-1456.41
-1456.39
-1456.38
-1456.36
-1456.34
-1456.33
-1456.31
-1456.29
-1456.27
-1456.26
-1456.24
-1456.22
-1456.21
-1456.19
-1456.17
-1456.16
-1456.14
-1456.12
-1456.1
-1456.09
-1456.07
-1456.05
-1456.04
-1456.02
-1456
-1455.98
-1455.97
-1455.95
-1455.93
-1455.92
-1455.9
-1455.88
-1455.87
-1455.85
-1455.83
-1455.81
-1455.8
-1455.78
-1455.76
-1455.75
-1455.73
-1455.71
-1455.69
-1455.68
-1455.66
-1455.64
-1455.63
-1455.61
-1455.59
-1455.58
-1455.56
-1455.54
-1455.53
-1455.51
-1455.49
-1455.48
-1455.46
-1455.44
-1455.43
-1455.41
-1455.39
-1455.38
-1455.36
-1455.34
-1455.33
-1455.31
-1455.29
-1455.28
-1455.26
-1455.24
-1455.23
-1455.21
-1455.19
-1455.18
-1455.16
-1455.14
-1455.13
-1455.11
-1455.1
-1455.08
-1455.06
-1455.05
-1455.03
-1455.02
-1455
-1454.98
-1454.97
-1454.95
-1454.94
-1454.92
-1454.91
-1454.89
-1454.87
-1454.86
-1454.84
-1454.83
-1454.81
-1454.8
-1454.78
-1454.77
-1454.75
-1454.74
-1454.72
-1454.71
-1454.69
-1454.68
-1454.66
-1454.65
-1454.63
-1454.62
-1454.6
-1454.59
-1454.57
-1454.56
-1454.55
-1454.53
-1454.52
-1454.5
-1454.49
-1454.48
-1454.46
-1454.45
-1454.43
-1454.42
-1454.41
-1454.39
-1454.38
-1454.37
-1454.35
-1454.34
-1454.33
-1454.32
-1454.3
-1454.29
-1454.28
-1454.26
-1454.25
-1454.24
-1454.23
-1454.22
-1454.2
-1454.19
-1454.18
-1454.17
-1454.16
-1454.14
-1454.13
-1454.12
-1454.11
-1454.1
-1454.09
-1454.08
-1454.07
-1454.06
-1454.05
-1454.04
-1454.03
-1454.02
-1454.01
-1454
-1453.99
-1453.98
-1453.97
-1453.96
-1453.95
-1453.94
-1453.93
-1453.92
-1453.91
-1453.91
-1453.9
-1453.89
-1453.88
-1453.87
-1453.87
-1453.86
-1453.85
-1453.84
-1453.84
-1453.83
-1453.82
-1453.82
-1453.81
-1453.81
-1453.8
-1453.79
-1453.79
-1453.78
-1453.78
-1453.77
-1453.77
-1453.76
-1453.76
-1453.76
-1453.75
-1453.75
-1453.75
-1453.74
-1453.74
-1453.74
-1453.73
-1453.73
-1453.73
-1453.73
-1453.73
-1453.73
-1453.72
-1453.72
-1453.72
-1453.72
-1453.72
-1453.72
-1453.72
-1453.72
-1453.72
-1453.73
-1453.73
-1453.73
-1453.73
-1453.73
-1453.74
-1453.74
-1453.74
-1453.75
-1453.75
-1453.76
-1453.76
-1453.76
-1453.77
-1453.78
-1453.78
-1453.79
-1453.79
-1453.8
-1453.81
-1453.82
-1453.82
-1453.83
-1453.84
-1453.85
-1453.86
-1453.87
-1453.88
-1453.89
-1453.9
-1453.92
-1453.93
-1453.94
-1453.95
-1453.97
-1453.98
-1453.99
-1454.01
-1454.02
-1454.04
-1454.06
-1454.07
-1454.09
-1454.11
-1454.13
-1454.15
-1454.16
-1454.18
-1454.21
-1454.23
-1454.25
-1454.27
-1454.29
-1454.32
-1454.34
-1454.36
-1454.39
-1454.42
-1454.44
-1454.47
-1454.5
-1454.53
-1454.55
-1454.58
-1454.62
-1454.65
-1454.68
-1454.71
-1454.75
-1454.78
-1454.82
-1454.85
-1454.89
-1454.93
-1454.96
-1455
-1455.04
-1455.09
-1455.13
-1455.17
-1455.22
-1455.26
-1455.31
-1455.35
-1455.4
-1455.45
-1455.5
-1455.55
-1455.61
-1455.66
-1455.72
-1455.77
-1455.83
-1455.89
-1455.95
-1456.01
-1456.07
-1456.14
-1456.2
-1456.27
-1456.34
-1456.41
-1456.48
-1456.55
-1456.63
-1456.7
-1456.78
-1456.86
-1456.94
-1457.03
-1457.11
-1457.2
-1457.29
-1457.38
-1457.48
-1457.57
-1457.67
-1457.77
-1457.87
-1457.98
-1458.09
-1458.2
-1458.31
-1458.43
-1458.55
-1458.67
-1458.79
-1458.92
-1459.05
-1459.19
-1459.32
-1459.47
-1459.61
-1459.76
-1459.92
-1460.07
-1460.24
-1460.4
-1460.58
-1460.75
-1460.94
-1461.13
-1461.32
-1461.52
-1461.73
-1461.94
-1462.16
-1462.39
-1462.62
-1462.87
-1463.12
-1463.39
-1463.66
-1463.94
-1464.24
-1464.55
-1464.87
-1465.21
-1465.56
-1465.93
-1466.32
-1466.73
-1467.17
-1467.63
-1468.12
-1468.64
-1469.21
-1469.82
-1470.48
-1471.22
-1472.03
-1472.96
-1474.03
-1475.34
-1477.03
-1479.76
