6.14131
5.94733
5.75332
5.55928
5.36522
5.17112
4.977
4.78284
4.58866
4.39445
4.20021
4.00594
3.81164
3.61731
3.42295
3.22857
3.03415
2.8397
2.64523
2.45073
2.25619
2.06163
1.86704
1.67242
1.47777
1.28309
1.08838
0.893645
0.698879
0.504084
0.309259
0.114405
-0.0804775
-0.27539
-0.470331
-0.665301
-0.860301
-1.05533
-1.25039
-1.44547
-1.64059
-1.83574
-2.03091
-2.22611
-2.42135
-2.61661
-2.8119
-3.00722
-3.20257
-3.39795
-3.59336
-3.78879
-3.98426
-4.17976
-4.37528
-4.57084
-4.76642
-4.96203
-5.15767
-5.35334
-5.54904
-5.74477
-5.94053
-6.13632
-6.33213
-6.52798
-6.72385
-6.91976
-7.11569
-7.31165
-7.50764
-7.70366
-7.89971
-8.09579
-8.2919
-8.48804
-8.6842
-8.8804
-9.07662
-9.27288
-9.46916
-9.66547
-9.86181
-10.0582
-10.2546
-10.451
-10.6475
-10.844
-11.0405
-11.237
-11.4336
-11.6302
-11.8268
-12.0235
-12.2202
-12.4169
-12.6137
-12.8104
-13.0072
-13.2041
-13.4009
-13.5978
-13.7948
-13.9917
-14.1887
-14.3857
-14.5828
-14.7798
-14.9769
-15.1741
-15.3712
-15.5684
-15.7656
-15.9629
-16.1601
-16.3574
-16.5548
-16.7521
-16.9495
-17.1469
-17.3444
-17.5419
-17.7394
-17.9369
-18.1345
-18.3321
-18.5297
-18.7274
-18.925
-19.1227
-19.3205
-19.5183
-19.7161
-19.9139
-20.1117
-20.3096
-20.5075
-20.7055
-20.9035
-21.1015
-21.2995
-21.4976
-21.6957
-21.8938
-22.0919
-22.2901
-22.4883
-22.6866
-22.8848
-23.0831
-23.2814
-23.4798
-23.6782
-23.8766
-24.075
-24.2735
-24.472
-24.6705
-24.8691
-25.0677
-25.2663
-25.4649
-25.6636
-25.8623
-26.061
-26.2598
-26.4586
-26.6574
-26.8563
-27.0551
-27.254
-27.453
-27.6519
-27.8509
-28.05
-28.249
-28.4481
-28.6472
-28.8464
-29.0455
-29.2447
-29.444
-29.6432
-29.8425
-30.0418
-30.2412
-30.4405
-30.6399
-30.8394
-31.0388
-31.2383
-31.4378
-31.6374
-31.837
-32.0366
-32.2362
-32.4359
-32.6356
-32.8353
-33.035
-33.2348
-33.4346
-33.6345
-33.8344
-34.0343
-34.2342
-34.4341
-34.6341
-34.8341
-35.0342
-35.2343
-35.4344
-35.6345
-35.8347
-36.0348
-36.2351
-36.4353
-36.6356
-36.8359
-37.0362
-37.2366
-37.437
-37.6374
-37.8379
-38.0384
-38.2389
-38.4394
-38.64
-38.8406
-39.0412
-39.2419
-39.4425
-39.6433
-39.844
-40.0448
-40.2456
-40.4464
-40.6473
-40.8482
-41.0491
-41.25
-41.451
-41.652
-41.853
-42.0541
-42.2552
-42.4563
-42.6575
-42.8587
-43.0599
-43.2611
-43.4624
-43.6637
-43.865
-44.0664
-44.2678
-44.4692
-44.6706
-44.8721
-45.0736
-45.2751
-45.4767
-45.6783
-45.8799
-46.0815
-46.2832
-46.4849
-46.6867
-46.8884
-47.0902
-47.292
-47.4939
-47.6958
-47.8977
-48.0996
-48.3016
-48.5036
-48.7056
-48.9077
-49.1098
-49.3119
-49.514
-49.7162
-49.9184
-50.1206
-50.3229
-50.5252
-50.7275
-50.9298
-51.1322
-51.3346
-51.5371
-51.7395
-51.942
-52.1445
-52.3471
-52.5497
-52.7523
-52.9549
-53.1576
-53.3603
-53.563
-53.7658
-53.9686
-54.1714
-54.3742
-54.5771
-54.78
-54.9829
-55.1859
-55.3889
-55.5919
-55.7949
-55.998
-56.2011
-56.4042
-56.6074
-56.8106
-57.0138
-57.2171
-57.4204
-57.6237
-57.827
-58.0304
-58.2338
-58.4372
-58.6407
-58.8441
-59.0477
-59.2512
-59.4548
-59.6584
-59.862
-60.0657
-60.2693
-60.4731
-60.6768
-60.8806
-61.0844
-61.2882
-61.4921
-61.696
-61.8999
-62.1039
-62.3078
-62.5118
-62.7159
-62.9199
-63.124
-63.3282
-63.5323
-63.7365
-63.9407
-64.145
-64.3492
-64.5535
-64.7579
-64.9622
-65.1666
-65.371
-65.5755
-65.78
-65.9845
-66.189
-66.3936
-66.5981
-66.8028
-67.0074
-67.2121
-67.4168
-67.6215
-67.8263
-68.0311
-68.2359
-68.4408
-68.6457
-68.8506
-69.0555
-69.2605
-69.4655
-69.6705
-69.8756
-70.0807
-70.2858
-70.4909
-70.6961
-70.9013
-71.1065
-71.3118
-71.5171
-71.7224
-71.9278
-72.1331
-72.3386
-72.544
-72.7495
-72.955
-73.1605
-73.366
-73.5716
-73.7772
-73.9829
-74.1885
-74.3942
-74.6
-74.8057
-75.0115
-75.2173
-75.4232
-75.629
-75.835
-76.0409
-76.2468
-76.4528
-76.6589
-76.8649
-77.071
-77.2771
-77.4832
-77.6894
-77.8956
-78.1018
-78.3081
-78.5143
-78.7207
-78.927
-79.1334
-79.3398
-79.5462
-79.7527
-79.9591
-80.1657
-80.3722
-80.5788
-80.7854
-80.992
-81.1987
-81.4054
-81.6121
-81.8188
-82.0256
-82.2324
-82.4392
-82.6461
-82.853
-83.0599
-83.2669
-83.4739
-83.6809
-83.8879
-84.095
-84.3021
-84.5092
-84.7164
-84.9236
-85.1308
-85.338
-85.5453
-85.7526
-85.9599
-86.1673
-86.3747
-86.5821
-86.7895
-86.997
-87.2045
-87.412
-87.6196
-87.8272
-88.0348
-88.2425
-88.4502
-88.6579
-88.8656
-89.0734
-89.2812
-89.489
-89.6969
-89.9047
-90.1127
-90.3206
-90.5286
-90.7366
-90.9446
-91.1527
-91.3608
-91.5689
-91.777
-91.9852
-92.1934
-92.4016
-92.6099
-92.8182
-93.0265
-93.2349
-93.4432
-93.6517
-93.8601
-94.0686
-94.2771
-94.4856
-94.6941
-94.9027
-95.1113
-95.32
-95.5286
-95.7373
-95.9461
-96.1548
-96.3636
-96.5724
-96.7813
-96.9902
-97.1991
-97.408
-97.617
-97.826
-98.035
-98.244
-98.4531
-98.6622
-98.8714
-99.0805
-99.2897
-99.4989
-99.7082
-99.9175
-100.127
-100.336
-100.545
-100.755
-100.964
-101.174
-101.383
-101.593
-101.802
-102.012
-102.222
-102.431
-102.641
-102.85
-103.06
-103.27
-103.48
-103.69
-103.899
-104.109
-104.319
-104.529
-104.739
-104.949
-105.159
-105.369
-105.579
-105.789
-105.999
-106.21
-106.42
-106.63
-106.84
-107.05
-107.261
-107.471
-107.681
-107.892
-108.102
-108.313
-108.523
-108.734
-108.944
-109.155
-109.365
-109.576
-109.787
-109.997
-110.208
-110.419
-110.63
-110.84
-111.051
-111.262
-111.473
-111.684
-111.895
-112.106
-112.317
-112.528
-112.739
-112.95
-113.161
-113.372
-113.583
-113.795
-114.006
-114.217
-114.428
-114.64
-114.851
-115.062
-115.274
-115.485
-115.697
-115.908
-116.12
-116.331
-116.543
-116.755
-116.966
-117.178
-117.39
-117.601
-117.813
-118.025
-118.237
-118.448
-118.66
-118.872
-119.084
-119.296
-119.508
-119.72
-119.932
-120.144
-120.356
-120.569
-120.781
-120.993
-121.205
-121.417
-121.63
-121.842
-122.054
-122.267
-122.479
-122.691
-122.904
-123.116
-123.329
-123.542
-123.754
-123.967
-124.179
-124.392
-124.605
-124.817
-125.03
-125.243
-125.456
-125.669
-125.881
-126.094
-126.307
-126.52
-126.733
-126.946
-127.159
-127.372
-127.585
-127.799
-128.012
-128.225
-128.438
-128.651
-128.865
-129.078
-129.291
-129.505
-129.718
-129.931
-130.145
-130.358
-130.572
-130.785
-130.999
-131.213
-131.426
-131.64
-131.853
-132.067
-132.281
-132.495
-132.708
-132.922
-133.136
-133.35
-133.564
-133.778
-133.992
-134.206
-134.42
-134.634
-134.848
-135.062
-135.276
-135.491
-135.705
-135.919
-136.133
-136.348
-136.562
-136.776
-136.991
-137.205
-137.419
-137.634
-137.848
-138.063
-138.277
-138.492
-138.707
-138.921
-139.136
-139.351
-139.565
-139.78
-139.995
-140.21
-140.425
-140.639
-140.854
-141.069
-141.284
-141.499
-141.714
-141.929
-142.144
-142.36
-142.575
-142.79
-143.005
-143.22
-143.435
-143.651
-143.866
-144.081
-144.297
-144.512
-144.728
-144.943
-145.159
-145.374
-145.59
-145.805
-146.021
-146.236
-146.452
-146.668
-146.883
-147.099
-147.315
-147.531
-147.747
-147.963
-148.178
-148.394
-148.61
-148.826
-149.042
-149.258
-149.474
-149.69
-149.907
-150.123
-150.339
-150.555
-150.771
-150.988
-151.204
-151.42
-151.637
-151.853
-152.069
-152.286
-152.502
-152.719
-152.935
-153.152
-153.369
-153.585
-153.802
-154.019
-154.235
-154.452
-154.669
-154.886
-155.102
-155.319
-155.536
-155.753
-155.97
-156.187
-156.404
-156.621
-156.838
-157.055
-157.272
-157.489
-157.707
-157.924
-158.141
-158.358
-158.576
-158.793
-159.01
-159.228
-159.445
-159.662
-159.88
-160.097
-160.315
-160.532
-160.75
-160.968
-161.185
-161.403
-161.621
-161.838
-162.056
-162.274
-162.492
-162.71
-162.927
-163.145
-163.363
-163.581
-163.799
-164.017
-164.235
-164.453
-164.671
-164.89
-165.108
-165.326
-165.544
-165.762
-165.981
-166.199
-166.417
-166.636
-166.854
-167.073
-167.291
-167.509
-167.728
-167.947
-168.165
-168.384
-168.602
-168.821
-169.04
-169.258
-169.477
-169.696
-169.915
-170.134
-170.352
-170.571
-170.79
-171.009
-171.228
-171.447
-171.666
-171.885
-172.104
-172.324
-172.543
-172.762
-172.981
-173.2
-173.42
-173.639
-173.858
-174.078
-174.297
-174.516
-174.736
-174.955
-175.175
-175.394
-175.614
-175.833
-176.053
-176.273
-176.492
-176.712
-176.932
-177.152
-177.371
-177.591
-177.811
-178.031
-178.251
-178.471
-178.691
-178.911
-179.131
-179.351
-179.571
-179.791
-180.011
-180.231
-180.452
-180.672
-180.892
-181.112
-181.333
-181.553
-181.773
-181.994
-182.214
-182.435
-182.655
-182.876
-183.096
-183.317
-183.537
-183.758
-183.979
-184.199
-184.42
-184.641
-184.862
-185.082
-185.303
-185.524
-185.745
-185.966
-186.187
-186.408
-186.629
-186.85
-187.071
-187.292
-187.513
-187.734
-187.956
-188.177
-188.398
-188.619
-188.841
-189.062
-189.283
-189.505
-189.726
-189.948
-190.169
-190.391
-190.612
-190.834
-191.055
-191.277
-191.499
-191.72
-191.942
-192.164
-192.386
-192.607
-192.829
-193.051
-193.273
-193.495
-193.717
-193.939
-194.161
-194.383
-194.605
-194.827
-195.049
-195.271
-195.493
-195.716
-195.938
-196.16
-196.382
-196.605
-196.827
-197.05
-197.272
-197.494
-197.717
-197.939
-198.162
-198.384
-198.607
-198.83
-199.052
-199.275
-199.498
-199.72
-199.943
-200.166
-200.389
-200.612
-200.834
-201.057
-201.28
-201.503
-201.726
-201.949
-202.172
-202.395
-202.619
-202.842
-203.065
-203.288
-203.511
-203.735
-203.958
-204.181
-204.404
-204.628
-204.851
-205.075
-205.298
-205.522
-205.745
-205.969
-206.192
-206.416
-206.639
-206.863
-207.087
-207.311
-207.534
-207.758
-207.982
-208.206
-208.43
-208.653
-208.877
-209.101
-209.325
-209.549
-209.773
-209.997
-210.222
-210.446
-210.67
-210.894
-211.118
-211.342
-211.567
-211.791
-212.015
-212.24
-212.464
-212.689
-212.913
-213.137
-213.362
-213.587
-213.811
-214.036
-214.26
-214.485
-214.71
-214.934
-215.159
-215.384
-215.609
-215.833
-216.058
-216.283
-216.508
-216.733
-216.958
-217.183
-217.408
-217.633
-217.858
-218.083
-218.308
-218.534
-218.759
-218.984
-219.209
-219.435
-219.66
-219.885
-220.111
-220.336
-220.562
-220.787
-221.012
-221.238
-221.464
-221.689
-221.915
-222.14
-222.366
-222.592
-222.817
-223.043
-223.269
-223.495
-223.721
-223.947
-224.172
-224.398
-224.624
-224.85
-225.076
-225.302
-225.528
-225.755
-225.981
-226.207
-226.433
-226.659
-226.886
-227.112
-227.338
-227.564
-227.791
-228.017
-228.244
-228.47
-228.697
-228.923
-229.15
-229.376
-229.603
-229.829
-230.056
-230.283
-230.509
-230.736
-230.963
-231.19
-231.417
-231.644
-231.87
-232.097
-232.324
-232.551
-232.778
-233.005
-233.232
-233.459
-233.687
-233.914
-234.141
-234.368
-234.595
-234.823
-235.05
-235.277
-235.505
-235.732
-235.959
-236.187
-236.414
-236.642
-236.869
-237.097
-237.324
-237.552
-237.78
-238.007
-238.235
-238.463
-238.691
-238.918
-239.146
-239.374
-239.602
-239.83
-240.058
-240.286
-240.514
-240.742
-240.97
-241.198
-241.426
-241.654
-241.882
-242.111
-242.339
-242.567
-242.795
-243.024
-243.252
-243.48
-243.709
-243.937
-244.166
-244.394
-244.623
-244.851
-245.08
-245.308
-245.537
-245.766
-245.994
-246.223
-246.452
-246.681
-246.909
-247.138
-247.367
-247.596
-247.825
-248.054
-248.283
-248.512
-248.741
-248.97
-249.199
-249.428
-249.657
-249.887
-250.116
-250.345
-250.574
-250.804
-251.033
-251.262
-251.492
-251.721
-251.951
-252.18
-252.41
-252.639
-252.869
-253.098
-253.328
-253.557
-253.787
-254.017
-254.247
-254.476
-254.706
-254.936
-255.166
-255.396
-255.626
-255.856
-256.086
-256.316
-256.546
-256.776
-257.006
-257.236
-257.466
-257.696
-257.926
-258.157
-258.387
-258.617
-258.847
-259.078
-259.308
-259.539
-259.769
-259.999
-260.23
-260.461
-260.691
-260.922
-261.152
-261.383
-261.614
-261.844
-262.075
-262.306
-262.537
-262.767
-262.998
-263.229
-263.46
-263.691
-263.922
-264.153
-264.384
-264.615
-264.846
-265.077
-265.308
-265.539
-265.771
-266.002
-266.233
-266.464
-266.696
-266.927
-267.158
-267.39
-267.621
-267.853
-268.084
-268.316
-268.547
-268.779
-269.01
-269.242
-269.474
-269.705
-269.937
-270.169
-270.4
-270.632
-270.864
-271.096
-271.328
-271.56
-271.792
-272.024
-272.256
-272.488
-272.72
-272.952
-273.184
-273.416
-273.648
-273.881
-274.113
-274.345
-274.577
-274.81
-275.042
-275.274
-275.507
-275.739
-275.972
-276.204
-276.437
-276.669
-276.902
-277.134
-277.367
-277.6
-277.833
-278.065
-278.298
-278.531
-278.764
-278.996
-279.229
-279.462
-279.695
-279.928
-280.161
-280.394
-280.627
-280.86
-281.093
-281.327
-281.56
-281.793
-282.026
-282.259
-282.493
-282.726
-282.959
-283.193
-283.426
-283.659
-283.893
-284.126
-284.36
-284.593
-284.827
-285.061
-285.294
-285.528
-285.762
-285.995
-286.229
-286.463
-286.697
-286.931
-287.164
-287.398
-287.632
-287.866
-288.1
-288.334
-288.568
-288.802
-289.036
-289.27
-289.505
-289.739
-289.973
-290.207
-290.442
-290.676
-290.91
-291.145
-291.379
-291.613
-291.848
-292.082
-292.317
-292.551
-292.786
-293.02
-293.255
-293.49
-293.724
-293.959
-294.194
-294.429
-294.663
-294.898
-295.133
-295.368
-295.603
-295.838
-296.073
-296.308
-296.543
-296.778
-297.013
-297.248
-297.483
-297.718
-297.953
-298.189
-298.424
-298.659
-298.895
-299.13
-299.365
-299.601
-299.836
-300.072
-300.307
-300.543
-300.778
-301.014
-301.249
-301.485
-301.721
-301.956
-302.192
-302.428
-302.664
-302.899
-303.135
-303.371
-303.607
-303.843
-304.079
-304.315
-304.551
-304.787
-305.023
-305.259
-305.495
-305.731
-305.968
-306.204
-306.44
-306.676
-306.913
-307.149
-307.385
-307.622
-307.858
-308.095
-308.331
-308.568
-308.804
-309.041
-309.277
-309.514
-309.75
-309.987
-310.224
-310.461
-310.697
-310.934
-311.171
-311.408
-311.645
-311.882
-312.119
-312.356
-312.593
-312.83
-313.067
-313.304
-313.541
-313.778
-314.015
-314.252
-314.49
-314.727
-314.964
-315.201
-315.439
-315.676
-315.914
-316.151
-316.388
-316.626
-316.863
-317.101
-317.339
-317.576
-317.814
-318.052
-318.289
-318.527
-318.765
-319.002
-319.24
-319.478
-319.716
-319.954
-320.192
-320.43
-320.668
-320.906
-321.144
-321.382
-321.62
-321.858
-322.096
-322.335
-322.573
-322.811
-323.049
-323.288
-323.526
-323.764
-324.003
-324.241
-324.48
-324.718
-324.957
-325.195
-325.434
-325.672
-325.911
-326.149
-326.388
-326.627
-326.866
-327.104
-327.343
-327.582
-327.821
-328.06
-328.299
-328.538
-328.777
-329.016
-329.255
-329.494
-329.733
-329.972
-330.211
-330.45
-330.689
-330.929
-331.168
-331.407
-331.647
-331.886
-332.125
-332.365
-332.604
-332.844
-333.083
-333.323
-333.562
-333.802
-334.041
-334.281
-334.521
-334.76
-335
-335.24
-335.48
-335.719
-335.959
-336.199
-336.439
-336.679
-336.919
-337.159
-337.399
-337.639
-337.879
-338.119
-338.359
-338.599
-338.84
-339.08
-339.32
-339.56
-339.801
-340.041
-340.281
-340.522
-340.762
-341.003
-341.243
-341.484
-341.724
-341.965
-342.205
-342.446
-342.687
-342.927
-343.168
-343.409
-343.65
-343.89
-344.131
-344.372
-344.613
-344.854
-345.095
-345.336
-345.577
-345.818
-346.059
-346.3
-346.541
-346.782
-347.023
-347.265
-347.506
-347.747
-347.988
-348.23
-348.471
-348.712
-348.954
-349.195
-349.437
-349.678
-349.92
-350.161
-350.403
-350.645
-350.886
-351.128
-351.37
-351.611
-351.853
-352.095
-352.337
-352.579
-352.82
-353.062
-353.304
-353.546
-353.788
-354.03
-354.272
-354.514
-354.756
-354.999
-355.241
-355.483
-355.725
-355.967
-356.21
-356.452
-356.694
-356.937
-357.179
-357.422
-357.664
-357.906
-358.149
-358.392
-358.634
-358.877
-359.119
-359.362
-359.605
-359.847
-360.09
-360.333
-360.576
-360.819
-361.061
-361.304
-361.547
-361.79
-362.033
-362.276
-362.519
-362.762
-363.005
-363.248
-363.492
-363.735
-363.978
-364.221
-364.464
-364.708
-364.951
-365.194
-365.438
-365.681
-365.925
-366.168
-366.412
-366.655
-366.899
-367.142
-367.386
-367.63
-367.873
-368.117
-368.361
-368.604
-368.848
-369.092
-369.336
-369.58
-369.824
-370.068
-370.312
-370.556
-370.8
-371.044
-371.288
-371.532
-371.776
-372.02
-372.264
-372.509
-372.753
-372.997
-373.241
-373.486
-373.73
-373.974
-374.219
-374.463
-374.708
-374.952
-375.197
-375.441
-375.686
-375.931
-376.175
-376.42
-376.665
-376.909
-377.154
-377.399
-377.644
-377.889
-378.134
-378.379
-378.624
-378.868
-379.113
-379.359
-379.604
-379.849
-380.094
-380.339
-380.584
-380.829
-381.075
-381.32
-381.565
-381.81
-382.056
-382.301
-382.547
-382.792
-383.038
-383.283
-383.529
-383.774
-384.02
-384.265
-384.511
-384.757
-385.002
-385.248
-385.494
-385.74
-385.985
-386.231
-386.477
-386.723
-386.969
-387.215
-387.461
-387.707
-387.953
-388.199
-388.445
-388.691
-388.938
-389.184
-389.43
-389.676
-389.922
-390.169
-390.415
-390.661
-390.908
-391.154
-391.401
-391.647
-391.894
-392.14
-392.387
-392.633
-392.88
-393.127
-393.373
-393.62
-393.867
-394.114
-394.36
-394.607
-394.854
-395.101
-395.348
-395.595
-395.842
-396.089
-396.336
-396.583
-396.83
-397.077
-397.324
-397.572
-397.819
-398.066
-398.313
-398.561
-398.808
-399.055
-399.303
-399.55
-399.797
-400.045
-400.292
-400.54
-400.788
-401.035
-401.283
-401.53
-401.778
-402.026
-402.273
-402.521
-402.769
-403.017
-403.265
-403.513
-403.76
-404.008
-404.256
-404.504
-404.752
-405
-405.249
-405.497
-405.745
-405.993
-406.241
-406.489
-406.738
-406.986
-407.234
-407.483
-407.731
-407.979
-408.228
-408.476
-408.725
-408.973
-409.222
-409.47
-409.719
-409.967
-410.216
-410.465
-410.714
-410.962
-411.211
-411.46
-411.709
-411.958
-412.206
-412.455
-412.704
-412.953
-413.202
-413.451
-413.7
-413.949
-414.199
-414.448
-414.697
-414.946
-415.195
-415.445
-415.694
-415.943
-416.193
-416.442
-416.691
-416.941
-417.19
-417.44
-417.689
-417.939
-418.188
-418.438
-418.688
-418.937
-419.187
-419.437
-419.687
-419.936
-420.186
-420.436
-420.686
-420.936
-421.186
-421.436
-421.686
-421.936
-422.186
-422.436
-422.686
-422.936
-423.186
-423.436
-423.687
-423.937
-424.187
-424.438
-424.688
-424.938
-425.189
-425.439
-425.689
-425.94
-426.19
-426.441
-426.692
-426.942
-427.193
-427.443
-427.694
-427.945
-428.196
-428.446
-428.697
-428.948
-429.199
-429.45
-429.701
-429.952
-430.203
-430.454
-430.705
-430.956
-431.207
-431.458
-431.709
-431.96
-432.211
-432.463
-432.714
-432.965
-433.217
-433.468
-433.719
-433.971
-434.222
-434.474
-434.725
-434.977
-435.228
-435.48
-435.731
-435.983
-436.235
-436.486
-436.738
-436.99
-437.242
-437.493
-437.745
-437.997
-438.249
-438.501
-438.753
-439.005
-439.257
-439.509
-439.761
-440.013
-440.265
-440.518
-440.77
-441.022
-441.274
-441.526
-441.779
-442.031
-442.283
-442.536
-442.788
-443.041
-443.293
-443.546
-443.798
-444.051
-444.303
-444.556
-444.809
-445.061
-445.314
-445.567
-445.82
-446.072
-446.325
-446.578
-446.831
-447.084
-447.337
-447.59
-447.843
-448.096
-448.349
-448.602
-448.855
-449.108
-449.361
-449.615
-449.868
-450.121
-450.374
-450.628
-450.881
-451.134
-451.388
-451.641
-451.895
-452.148
-452.402
-452.655
-452.909
-453.163
-453.416
-453.67
-453.924
-454.177
-454.431
-454.685
-454.939
-455.192
-455.446
-455.7
-455.954
-456.208
-456.462
-456.716
-456.97
-457.224
-457.478
-457.732
-457.987
-458.241
-458.495
-458.749
-459.004
-459.258
-459.512
-459.767
-460.021
-460.275
-460.53
-460.784
-461.039
-461.293
-461.548
-461.802
-462.057
-462.312
-462.566
-462.821
-463.076
-463.331
-463.585
-463.84
-464.095
-464.35
-464.605
-464.86
-465.115
-465.37
-465.625
-465.88
-466.135
-466.39
-466.645
-466.9
-467.156
-467.411
-467.666
-467.921
-468.177
-468.432
-468.687
-468.943
-469.198
-469.454
-469.709
-469.965
-470.22
-470.476
-470.731
-470.987
-471.243
-471.498
-471.754
-472.01
-472.266
-472.522
-472.777
-473.033
-473.289
-473.545
-473.801
-474.057
-474.313
-474.569
-474.825
-475.081
-475.337
-475.593
-475.85
-476.106
-476.362
-476.618
-476.875
-477.131
-477.387
-477.644
-477.9
-478.157
-478.413
-478.67
-478.926
-479.183
-479.439
-479.696
-479.953
-480.209
-480.466
-480.723
-480.979
-481.236
-481.493
-481.75
-482.007
-482.264
-482.521
-482.778
-483.035
-483.292
-483.549
-483.806
-484.063
-484.32
-484.577
-484.834
-485.092
-485.349
-485.606
-485.863
-486.121
-486.378
-486.636
-486.893
-487.15
-487.408
-487.665
-487.923
-488.181
-488.438
-488.696
-488.953
-489.211
-489.469
-489.727
-489.984
-490.242
-490.5
-490.758
-491.016
-491.274
-491.532
-491.79
-492.048
-492.306
-492.564
-492.822
-493.08
-493.338
-493.596
-493.854
-494.113
-494.371
-494.629
-494.888
-495.146
-495.404
-495.663
-495.921
-496.18
-496.438
-496.697
-496.955
-497.214
-497.472
-497.731
-497.99
-498.248
-498.507
-498.766
-499.025
-499.284
-499.542
-499.801
-500.06
-500.319
-500.578
-500.837
-501.096
-501.355
-501.614
-501.873
-502.132
-502.392
-502.651
-502.91
-503.169
-503.429
-503.688
-503.947
-504.207
-504.466
-504.725
-504.985
-505.244
-505.504
-505.763
-506.023
-506.283
-506.542
-506.802
-507.061
-507.321
-507.581
-507.841
-508.101
-508.36
-508.62
-508.88
-509.14
-509.4
-509.66
-509.92
-510.18
-510.44
-510.7
-510.96
-511.22
-511.481
-511.741
-512.001
-512.261
-512.522
-512.782
-513.042
-513.303
-513.563
-513.823
-514.084
-514.344
-514.605
-514.865
-515.126
-515.387
-515.647
-515.908
-516.169
-516.429
-516.69
-516.951
-517.212
-517.473
-517.733
-517.994
-518.255
-518.516
-518.777
-519.038
-519.299
-519.56
-519.821
-520.083
-520.344
-520.605
-520.866
-521.127
-521.389
-521.65
-521.911
-522.173
-522.434
-522.695
-522.957
-523.218
-523.48
-523.741
-524.003
-524.265
-524.526
-524.788
-525.049
-525.311
-525.573
-525.835
-526.096
-526.358
-526.62
-526.882
-527.144
-527.406
-527.668
-527.93
-528.192
-528.454
-528.716
-528.978
-529.24
-529.502
-529.765
-530.027
-530.289
-530.551
-530.814
-531.076
-531.338
-531.601
-531.863
-532.126
-532.388
-532.651
-532.913
-533.176
-533.438
-533.701
-533.964
-534.226
-534.489
-534.752
-535.015
-535.277
-535.54
-535.803
-536.066
-536.329
-536.592
-536.855
-537.118
-537.381
-537.644
-537.907
-538.17
-538.433
-538.697
-538.96
-539.223
-539.486
-539.75
-540.013
-540.276
-540.54
-540.803
-541.066
-541.33
-541.593
-541.857
-542.121
-542.384
-542.648
-542.911
-543.175
-543.439
-543.702
-543.966
-544.23
-544.494
-544.758
-545.022
-545.285
-545.549
-545.813
-546.077
-546.341
-546.605
-546.869
-547.134
-547.398
-547.662
-547.926
-548.19
-548.455
-548.719
-548.983
-549.247
-549.512
-549.776
-550.041
-550.305
-550.57
-550.834
-551.099
-551.363
-551.628
-551.892
-552.157
-552.422
-552.686
-552.951
-553.216
-553.481
-553.746
-554.01
-554.275
-554.54
-554.805
-555.07
-555.335
-555.6
-555.865
-556.13
-556.395
-556.661
-556.926
-557.191
-557.456
-557.721
-557.987
-558.252
-558.517
-558.783
-559.048
-559.314
-559.579
-559.845
-560.11
-560.376
-560.641
-560.907
-561.172
-561.438
-561.704
-561.97
-562.235
-562.501
-562.767
-563.033
-563.299
-563.564
-563.83
-564.096
-564.362
-564.628
-564.894
-565.16
-565.427
-565.693
-565.959
-566.225
-566.491
-566.757
-567.024
-567.29
-567.556
-567.823
-568.089
-568.356
-568.622
-568.888
-569.155
-569.421
-569.688
-569.955
-570.221
-570.488
-570.755
-571.021
-571.288
-571.555
-571.822
-572.088
-572.355
-572.622
-572.889
-573.156
-573.423
-573.69
-573.957
-574.224
-574.491
-574.758
-575.025
-575.292
-575.56
-575.827
-576.094
-576.361
-576.629
-576.896
-577.163
-577.431
-577.698
-577.966
-578.233
-578.501
-578.768
-579.036
-579.303
-579.571
-579.839
-580.106
-580.374
-580.642
-580.91
-581.177
-581.445
-581.713
-581.981
-582.249
-582.517
-582.785
-583.053
-583.321
-583.589
-583.857
-584.125
-584.393
-584.661
-584.93
-585.198
-585.466
-585.734
-586.003
-586.271
-586.539
-586.808
-587.076
-587.345
-587.613
-587.882
-588.15
-588.419
-588.687
-588.956
-589.225
-589.493
-589.762
-590.031
-590.3
-590.569
-590.837
-591.106
-591.375
-591.644
-591.913
-592.182
-592.451
-592.72
-592.989
-593.258
-593.527
-593.796
-594.066
-594.335
-594.604
-594.873
-595.143
-595.412
-595.681
-595.951
-596.22
-596.49
-596.759
-597.029
-597.298
-597.568
-597.837
-598.107
-598.377
-598.646
-598.916
-599.186
-599.455
-599.725
-599.995
-600.265
-600.535
-600.805
-601.075
-601.345
-601.615
-601.885
-602.155
-602.425
-602.695
-602.965
-603.235
-603.505
-603.775
-604.046
-604.316
-604.586
-604.857
-605.127
-605.397
-605.668
-605.938
-606.209
-606.479
-606.75
-607.02
-607.291
-607.562
-607.832
-608.103
-608.374
-608.644
-608.915
-609.186
-609.457
-609.728
-609.999
-610.269
-610.54
-610.811
-611.082
-611.353
-611.624
-611.896
-612.167
-612.438
-612.709
-612.98
-613.251
-613.523
-613.794
-614.065
-614.337
-614.608
-614.879
-615.151
-615.422
-615.694
-615.965
-616.237
-616.508
-616.78
-617.052
-617.323
-617.595
-617.867
-618.139
-618.41
-618.682
-618.954
-619.226
-619.498
-619.77
-620.042
-620.314
-620.586
-620.858
-621.13
-621.402
-621.674
-621.946
-622.218
-622.49
-622.763
-623.035
-623.307
-623.58
-623.852
-624.124
-624.397
-624.669
-624.942
-625.214
-625.487
-625.759
-626.032
-626.304
-626.577
-626.85
-627.122
-627.395
-627.668
-627.941
-628.214
-628.486
-628.759
-629.032
-629.305
-629.578
-629.851
-630.124
-630.397
-630.67
-630.943
-631.216
-631.49
-631.763
-632.036
-632.309
-632.583
-632.856
-633.129
-633.403
-633.676
-633.949
-634.223
-634.496
-634.77
-635.043
-635.317
-635.591
-635.864
-636.138
-636.411
-636.685
-636.959
-637.233
-637.506
-637.78
-638.054
-638.328
-638.602
-638.876
-639.15
-639.424
-639.698
-639.972
-640.246
-640.52
-640.794
-641.068
-641.343
-641.617
-641.891
-642.165
-642.44
-642.714
-642.988
-643.263
-643.537
-643.812
-644.086
-644.361
-644.635
-644.91
-645.184
-645.459
-645.734
-646.008
-646.283
-646.558
-646.833
-647.108
-647.382
-647.657
-647.932
-648.207
-648.482
-648.757
-649.032
-649.307
-649.582
-649.857
-650.132
-650.407
-650.683
-650.958
-651.233
-651.508
-651.784
-652.059
-652.334
-652.61
-652.885
-653.16
-653.436
-653.711
-653.987
-654.263
-654.538
-654.814
-655.089
-655.365
-655.641
-655.916
-656.192
-656.468
-656.744
-657.02
-657.296
-657.571
-657.847
-658.123
-658.399
-658.675
-658.951
-659.227
-659.504
-659.78
-660.056
-660.332
-660.608
-660.884
-661.161
-661.437
-661.713
-661.99
-662.266
-662.543
-662.819
-663.095
-663.372
-663.648
-663.925
-664.202
-664.478
-664.755
-665.032
-665.308
-665.585
-665.862
-666.139
-666.415
-666.692
-666.969
-667.246
-667.523
-667.8
-668.077
-668.354
-668.631
-668.908
-669.185
-669.462
-669.739
-670.017
-670.294
-670.571
-670.848
-671.126
-671.403
-671.68
-671.958
-672.235
-672.513
-672.79
-673.068
-673.345
-673.623
-673.9
-674.178
-674.456
-674.733
-675.011
-675.289
-675.567
-675.844
-676.122
-676.4
-676.678
-676.956
-677.234
-677.512
-677.79
-678.068
-678.346
-678.624
-678.902
-679.18
-679.458
-679.737
-680.015
-680.293
-680.571
-680.85
-681.128
-681.406
-681.685
-681.963
-682.242
-682.52
-682.799
-683.077
-683.356
-683.634
-683.913
-684.192
-684.47
-684.749
-685.028
-685.307
-685.585
-685.864
-686.143
-686.422
-686.701
-686.98
-687.259
-687.538
-687.817
-688.096
-688.375
-688.654
-688.933
-689.213
-689.492
-689.771
-690.05
-690.33
-690.609
-690.888
-691.168
-691.447
-691.726
-692.006
-692.285
-692.565
-692.844
-693.124
-693.404
-693.683
-693.963
-694.243
-694.522
-694.802
-695.082
-695.362
-695.642
-695.921
-696.201
-696.481
-696.761
-697.041
-697.321
-697.601
-697.881
-698.161
-698.442
-698.722
-699.002
-699.282
-699.562
-699.843
-700.123
-700.403
-700.684
-700.964
-701.244
-701.525
-701.805
-702.086
-702.366
-702.647
-702.928
-703.208
-703.489
-703.77
-704.05
-704.331
-704.612
-704.893
-705.173
-705.454
-705.735
-706.016
-706.297
-706.578
-706.859
-707.14
-707.421
-707.702
-707.983
-708.264
-708.545
-708.827
-709.108
-709.389
-709.67
-709.952
-710.233
-710.514
-710.796
-711.077
-711.359
-711.64
-711.922
-712.203
-712.485
-712.766
-713.048
-713.33
-713.611
-713.893
-714.175
-714.456
-714.738
-715.02
-715.302
-715.584
-715.866
-716.148
-716.43
-716.712
-716.994
-717.276
-717.558
-717.84
-718.122
-718.404
-718.686
-718.969
-719.251
-719.533
-719.815
-720.098
-720.38
-720.663
-720.945
-721.227
-721.51
-721.792
-722.075
-722.358
-722.64
-722.923
-723.206
-723.488
-723.771
-724.054
-724.336
-724.619
-724.902
-725.185
-725.468
-725.751
-726.034
-726.317
-726.6
-726.883
-727.166
-727.449
-727.732
-728.015
-728.298
-728.581
-728.865
-729.148
-729.431
-729.715
-729.998
-730.281
-730.565
-730.848
-731.132
-731.415
-731.699
-731.982
-732.266
-732.549
-732.833
-733.117
-733.4
-733.684
-733.968
-734.252
-734.535
-734.819
-735.103
-735.387
-735.671
-735.955
-736.239
-736.523
-736.807
-737.091
-737.375
-737.659
-737.943
-738.227
-738.512
-738.796
-739.08
-739.365
-739.649
-739.933
-740.218
-740.502
-740.786
-741.071
-741.355
-741.64
-741.924
-742.209
-742.494
-742.778
-743.063
-743.348
-743.632
-743.917
-744.202
-744.487
-744.772
-745.056
-745.341
-745.626
-745.911
-746.196
-746.481
-746.766
-747.051
-747.336
-747.622
-747.907
-748.192
-748.477
-748.762
-749.048
-749.333
-749.618
-749.904
-750.189
-750.474
-750.76
-751.045
-751.331
-751.616
-751.902
-752.188
-752.473
-752.759
-753.044
-753.33
-753.616
-753.902
-754.187
-754.473
-754.759
-755.045
-755.331
-755.617
-755.903
-756.189
-756.475
-756.761
-757.047
-757.333
-757.619
-757.905
-758.191
-758.478
-758.764
-759.05
-759.337
-759.623
-759.909
-760.196
-760.482
-760.768
-761.055
-761.341
-761.628
-761.915
-762.201
-762.488
-762.774
-763.061
-763.348
-763.635
-763.921
-764.208
-764.495
-764.782
-765.069
-765.356
-765.643
-765.929
-766.216
-766.503
-766.791
-767.078
-767.365
-767.652
-767.939
-768.226
-768.513
-768.801
-769.088
-769.375
-769.663
-769.95
-770.237
-770.525
-770.812
-771.1
-771.387
-771.675
-771.962
-772.25
-772.538
-772.825
-773.113
-773.401
-773.688
-773.976
-774.264
-774.552
-774.84
-775.128
-775.415
-775.703
-775.991
-776.279
-776.567
-776.855
-777.143
-777.432
-777.72
-778.008
-778.296
-778.584
-778.873
-779.161
-779.449
-779.738
-780.026
-780.314
-780.603
-780.891
-781.18
-781.468
-781.757
-782.045
-782.334
-782.623
-782.911
-783.2
-783.489
-783.777
-784.066
-784.355
-784.644
-784.933
-785.221
-785.51
-785.799
-786.088
-786.377
-786.666
-786.955
-787.244
-787.534
-787.823
-788.112
-788.401
-788.69
-788.98
-789.269
-789.558
-789.848
-790.137
-790.426
-790.716
-791.005
-791.295
-791.584
-791.874
-792.163
-792.453
-792.743
-793.032
-793.322
-793.612
-793.901
-794.191
-794.481
-794.771
-795.061
-795.351
-795.641
-795.93
-796.22
-796.51
-796.8
-797.091
-797.381
-797.671
-797.961
-798.251
-798.541
-798.832
-799.122
-799.412
-799.702
-799.993
-800.283
-800.574
-800.864
-801.154
-801.445
-801.735
-802.026
-802.317
-802.607
-802.898
-803.188
-803.479
-803.77
-804.061
-804.351
-804.642
-804.933
-805.224
-805.515
-805.806
-806.097
-806.388
-806.679
-806.97
-807.261
-807.552
-807.843
-808.134
-808.425
-808.717
-809.008
-809.299
-809.59
-809.882
-810.173
-810.464
-810.756
-811.047
-811.339
-811.63
-811.922
-812.213
-812.505
-812.796
-813.088
-813.38
-813.671
-813.963
-814.255
-814.547
-814.839
-815.13
-815.422
-815.714
-816.006
-816.298
-816.59
-816.882
-817.174
-817.466
-817.758
-818.05
-818.342
-818.635
-818.927
-819.219
-819.511
-819.804
-820.096
-820.388
-820.681
-820.973
-821.266
-821.558
-821.851
-822.143
-822.436
-822.728
-823.021
-823.313
-823.606
-823.899
-824.192
-824.484
-824.777
-825.07
-825.363
-825.656
-825.949
-826.241
-826.534
-826.827
-827.12
-827.413
-827.707
-828
-828.293
-828.586
-828.879
-829.172
-829.466
-829.759
-830.052
-830.345
-830.639
-830.932
-831.226
-831.519
-831.813
-832.106
-832.4
-832.693
-832.987
-833.28
-833.574
-833.868
-834.161
-834.455
-834.749
-835.043
-835.336
-835.63
-835.924
-836.218
-836.512
-836.806
-837.1
-837.394
-837.688
-837.982
-838.276
-838.57
-838.864
-839.159
-839.453
-839.747
-840.041
-840.336
-840.63
-840.924
-841.219
-841.513
-841.808
-842.102
-842.397
-842.691
-842.986
-843.28
-843.575
-843.869
-844.164
-844.459
-844.754
-845.048
-845.343
-845.638
-845.933
-846.228
-846.523
-846.817
-847.112
-847.407
-847.702
-847.997
-848.293
-848.588
-848.883
-849.178
-849.473
-849.768
-850.064
-850.359
-850.654
-850.95
-851.245
-851.54
-851.836
-852.131
-852.427
-852.722
-853.018
-853.313
-853.609
-853.904
-854.2
-854.496
-854.791
-855.087
-855.383
-855.679
-855.975
-856.27
-856.566
-856.862
-857.158
-857.454
-857.75
-858.046
-858.342
-858.638
-858.934
-859.23
-859.527
-859.823
-860.119
-860.415
-860.711
-861.008
-861.304
-861.6
-861.897
-862.193
-862.49
-862.786
-863.083
-863.379
-863.676
-863.972
-864.269
-864.566
-864.862
-865.159
-865.456
-865.753
-866.049
-866.346
-866.643
-866.94
-867.237
-867.534
-867.831
-868.128
-868.425
-868.722
-869.019
-869.316
-869.613
-869.91
-870.207
-870.505
-870.802
-871.099
-871.396
-871.694
-871.991
-872.288
-872.586
-872.883
-873.181
-873.478
-873.776
-874.073
-874.371
-874.669
-874.966
-875.264
-875.562
-875.859
-876.157
-876.455
-876.753
-877.051
-877.348
-877.646
-877.944
-878.242
-878.54
-878.838
-879.136
-879.434
-879.733
-880.031
-880.329
-880.627
-880.925
-881.223
-881.522
-881.82
-882.118
-882.417
-882.715
-883.014
-883.312
-883.61
-883.909
-884.208
-884.506
-884.805
-885.103
-885.402
-885.701
-885.999
-886.298
-886.597
-886.896
-887.194
-887.493
-887.792
-888.091
-888.39
-888.689
-888.988
-889.287
-889.586
-889.885
-890.184
-890.483
-890.782
-891.082
-891.381
-891.68
-891.979
-892.279
-892.578
-892.877
-893.177
-893.476
-893.776
-894.075
-894.375
-894.674
-894.974
-895.273
-895.573
-895.873
-896.172
-896.472
-896.772
-897.071
-897.371
-897.671
-897.971
-898.271
-898.571
-898.871
-899.171
-899.471
-899.771
-900.071
-900.371
-900.671
-900.971
-901.271
-901.571
-901.871
-902.172
-902.472
-902.772
-903.073
-903.373
-903.673
-903.974
-904.274
-904.575
-904.875
-905.176
-905.476
-905.777
-906.078
-906.378
-906.679
-906.98
-907.28
-907.581
-907.882
-908.183
-908.484
-908.784
-909.085
-909.386
-909.687
-909.988
-910.289
-910.59
-910.891
-911.192
-911.494
-911.795
-912.096
-912.397
-912.698
-913
-913.301
-913.602
-913.904
-914.205
-914.506
-914.808
-915.109
-915.411
-915.712
-916.014
-916.316
-916.617
-916.919
-917.22
-917.522
-917.824
-918.126
-918.427
-918.729
-919.031
-919.333
-919.635
-919.937
-920.239
-920.541
-920.843
-921.145
-921.447
-921.749
-922.051
-922.353
-922.655
-922.958
-923.26
-923.562
-923.864
-924.167
-924.469
-924.772
-925.074
-925.376
-925.679
-925.981
-926.284
-926.586
-926.889
-927.192
-927.494
-927.797
-928.1
-928.402
-928.705
-929.008
-929.311
-929.614
-929.916
-930.219
-930.522
-930.825
-931.128
-931.431
-931.734
-932.037
-932.34
-932.644
-932.947
-933.25
-933.553
-933.856
-934.16
-934.463
-934.766
-935.07
-935.373
-935.676
-935.98
-936.283
-936.587
-936.89
-937.194
-937.498
-937.801
-938.105
-938.408
-938.712
-939.016
-939.32
-939.623
-939.927
-940.231
-940.535
-940.839
-941.143
-941.447
-941.751
-942.055
-942.359
-942.663
-942.967
-943.271
-943.575
-943.879
-944.184
-944.488
-944.792
-945.096
-945.401
-945.705
-946.009
-946.314
-946.618
-946.923
-947.227
-947.532
-947.836
-948.141
-948.446
-948.75
-949.055
-949.36
-949.664
-949.969
-950.274
-950.579
-950.883
-951.188
-951.493
-951.798
-952.103
-952.408
-952.713
-953.018
-953.323
-953.628
-953.933
-954.239
-954.544
-954.849
-955.154
-955.459
-955.765
-956.07
-956.375
-956.681
-956.986
-957.292
-957.597
-957.903
-958.208
-958.514
-958.819
-959.125
-959.43
-959.736
-960.042
-960.348
-960.653
-960.959
-961.265
-961.571
-961.877
-962.182
-962.488
-962.794
-963.1
-963.406
-963.712
-964.018
-964.324
-964.631
-964.937
-965.243
-965.549
-965.855
-966.162
-966.468
-966.774
-967.081
-967.387
-967.693
-968
-968.306
-968.613
-968.919
-969.226
-969.532
-969.839
-970.146
-970.452
-970.759
-971.066
-971.372
-971.679
-971.986
-972.293
-972.6
-972.907
-973.214
-973.52
-973.827
-974.134
-974.441
-974.749
-975.056
-975.363
-975.67
-975.977
-976.284
-976.591
-976.899
-977.206
-977.513
-977.821
-978.128
-978.435
-978.743
-979.05
-979.358
-979.665
-979.973
-980.28
-980.588
-980.896
-981.203
-981.511
-981.819
-982.126
-982.434
-982.742
-983.05
-983.358
-983.666
-983.974
-984.281
-984.589
-984.897
-985.205
-985.514
-985.822
-986.13
-986.438
-986.746
-987.054
-987.362
-987.671
-987.979
-988.287
-988.596
-988.904
-989.212
-989.521
-989.829
-990.138
-990.446
-990.755
-991.063
-991.372
-991.681
-991.989
-992.298
-992.607
-992.915
-993.224
-993.533
-993.842
-994.151
-994.459
-994.768
-995.077
-995.386
-995.695
-996.004
-996.313
-996.622
-996.932
-997.241
-997.55
-997.859
-998.168
-998.477
-998.787
-999.096
-999.405
-999.715
-1000.02
-1000.33
-1000.64
-1000.95
-1001.26
-1001.57
-1001.88
-1002.19
-1002.5
-1002.81
-1003.12
-1003.43
-1003.74
-1004.05
-1004.36
-1004.67
-1004.98
-1005.29
-1005.6
-1005.91
-1006.22
-1006.53
-1006.84
-1007.15
-1007.46
-1007.77
-1008.08
-1008.39
-1008.7
-1009.01
-1009.32
-1009.63
-1009.94
-1010.25
-1010.56
-1010.87
-1011.18
-1011.49
-1011.8
-1012.11
-1012.42
-1012.73
-1013.04
-1013.35
-1013.67
-1013.98
-1014.29
-1014.6
-1014.91
-1015.22
-1015.53
-1015.84
-1016.15
-1016.46
-1016.77
-1017.08
-1017.4
-1017.71
-1018.02
-1018.33
-1018.64
-1018.95
-1019.26
-1019.57
-1019.88
-1020.2
-1020.51
-1020.82
-1021.13
-1021.44
-1021.75
-1022.06
-1022.37
-1022.69
-1023
-1023.31
-1023.62
-1023.93
-1024.24
-1024.56
-1024.87
-1025.18
-1025.49
-1025.8
-1026.11
-1026.43
-1026.74
-1027.05
-1027.36
-1027.67
-1027.99
-1028.3
-1028.61
-1028.92
-1029.23
-1029.55
-1029.86
-1030.17
-1030.48
-1030.79
-1031.11
-1031.42
-1031.73
-1032.04
-1032.36
-1032.67
-1032.98
-1033.29
-1033.61
-1033.92
-1034.23
-1034.54
-1034.86
-1035.17
-1035.48
-1035.79
-1036.11
-1036.42
-1036.73
-1037.04
-1037.36
-1037.67
-1037.98
-1038.3
-1038.61
-1038.92
-1039.23
-1039.55
-1039.86
-1040.17
-1040.49
-1040.8
-1041.11
-1041.43
-1041.74
-1042.05
-1042.37
-1042.68
-1042.99
-1043.31
-1043.62
-1043.93
-1044.25
-1044.56
-1044.87
-1045.19
-1045.5
-1045.81
-1046.13
-1046.44
-1046.75
-1047.07
-1047.38
-1047.7
-1048.01
-1048.32
-1048.64
-1048.95
-1049.26
-1049.58
-1049.89
-1050.21
-1050.52
-1050.83
-1051.15
-1051.46
-1051.78
-1052.09
-1052.41
-1052.72
-1053.03
-1053.35
-1053.66
-1053.98
-1054.29
-1054.61
-1054.92
-1055.23
-1055.55
-1055.86
-1056.18
-1056.49
-1056.81
-1057.12
-1057.44
-1057.75
-1058.06
-1058.38
-1058.69
-1059.01
-1059.32
-1059.64
-1059.95
-1060.27
-1060.58
-1060.9
-1061.21
-1061.53
-1061.84
-1062.16
-1062.47
-1062.79
-1063.1
-1063.42
-1063.73
-1064.05
-1064.36
-1064.68
-1064.99
-1065.31
-1065.63
-1065.94
-1066.26
-1066.57
-1066.89
-1067.2
-1067.52
-1067.83
-1068.15
-1068.46
-1068.78
-1069.1
-1069.41
-1069.73
-1070.04
-1070.36
-1070.67
-1070.99
-1071.31
-1071.62
-1071.94
-1072.25
-1072.57
-1072.89
-1073.2
-1073.52
-1073.83
-1074.15
-1074.47
-1074.78
-1075.1
-1075.42
-1075.73
-1076.05
-1076.36
-1076.68
-1077
-1077.31
-1077.63
-1077.95
-1078.26
-1078.58
-1078.9
-1079.21
-1079.53
-1079.85
-1080.16
-1080.48
-1080.8
-1081.11
-1081.43
-1081.75
-1082.06
-1082.38
-1082.7
-1083.01
-1083.33
-1083.65
-1083.96
-1084.28
-1084.6
-1084.92
-1085.23
-1085.55
-1085.87
-1086.18
-1086.5
-1086.82
-1087.14
-1087.45
-1087.77
-1088.09
-1088.41
-1088.72
-1089.04
-1089.36
-1089.68
-1089.99
-1090.31
-1090.63
-1090.95
-1091.26
-1091.58
-1091.9
-1092.22
-1092.53
-1092.85
-1093.17
-1093.49
-1093.81
-1094.12
-1094.44
-1094.76
-1095.08
-1095.39
-1095.71
-1096.03
-1096.35
-1096.67
-1096.99
-1097.3
-1097.62
-1097.94
-1098.26
-1098.58
-1098.89
-1099.21
-1099.53
-1099.85
-1100.17
-1100.49
-1100.81
-1101.12
-1101.44
-1101.76
-1102.08
-1102.4
-1102.72
-1103.04
-1103.35
-1103.67
-1103.99
-1104.31
-1104.63
-1104.95
-1105.27
-1105.59
-1105.91
-1106.22
-1106.54
-1106.86
-1107.18
-1107.5
-1107.82
-1108.14
-1108.46
-1108.78
-1109.1
-1109.42
-1109.73
-1110.05
-1110.37
-1110.69
-1111.01
-1111.33
-1111.65
-1111.97
-1112.29
-1112.61
-1112.93
-1113.25
-1113.57
-1113.89
-1114.21
-1114.53
-1114.85
-1115.17
-1115.49
-1115.81
-1116.13
-1116.45
-1116.77
-1117.09
-1117.41
-1117.73
-1118.05
-1118.37
-1118.69
-1119.01
-1119.33
-1119.65
-1119.97
-1120.29
-1120.61
-1120.93
-1121.25
-1121.57
-1121.89
-1122.21
-1122.53
-1122.85
-1123.17
-1123.49
-1123.81
-1124.13
-1124.45
-1124.77
-1125.09
-1125.41
-1125.74
-1126.06
-1126.38
-1126.7
-1127.02
-1127.34
-1127.66
-1127.98
-1128.3
-1128.62
-1128.94
-1129.26
-1129.59
-1129.91
-1130.23
-1130.55
-1130.87
-1131.19
-1131.51
-1131.83
-1132.16
-1132.48
-1132.8
-1133.12
-1133.44
-1133.76
-1134.08
-1134.4
-1134.73
-1135.05
-1135.37
-1135.69
-1136.01
-1136.33
-1136.66
-1136.98
-1137.3
-1137.62
-1137.94
-1138.26
-1138.59
-1138.91
-1139.23
-1139.55
-1139.87
-1140.2
-1140.52
-1140.84
-1141.16
-1141.48
-1141.81
-1142.13
-1142.45
-1142.77
-1143.09
-1143.42
-1143.74
-1144.06
-1144.38
-1144.71
-1145.03
-1145.35
-1145.67
-1146
-1146.32
-1146.64
-1146.96
-1147.29
-1147.61
-1147.93
-1148.25
-1148.58
-1148.9
-1149.22
-1149.55
-1149.87
-1150.19
-1150.51
-1150.84
-1151.16
-1151.48
-1151.81
-1152.13
-1152.45
-1152.77
-1153.1
-1153.42
-1153.74
-1154.07
-1154.39
-1154.71
-1155.04
-1155.36
-1155.68
-1156.01
-1156.33
-1156.65
-1156.98
-1157.3
-1157.62
-1157.95
-1158.27
-1158.59
-1158.92
-1159.24
-1159.57
-1159.89
-1160.21
-1160.54
-1160.86
-1161.18
-1161.51
-1161.83
-1162.16
-1162.48
-1162.8
-1163.13
-1163.45
-1163.78
-1164.1
-1164.42
-1164.75
-1165.07
-1165.4
-1165.72
-1166.04
-1166.37
-1166.69
-1167.02
-1167.34
-1167.67
-1167.99
-1168.32
-1168.64
-1168.96
-1169.29
-1169.61
-1169.94
-1170.26
-1170.59
-1170.91
-1171.24
-1171.56
-1171.89
-1172.21
-1172.54
-1172.86
-1173.18
-1173.51
-1173.83
-1174.16
-1174.48
-1174.81
-1175.13
-1175.46
-1175.78
-1176.11
-1176.43
-1176.76
-1177.09
-1177.41
-1177.74
-1178.06
-1178.39
-1178.71
-1179.04
-1179.36
-1179.69
-1180.01
-1180.34
-1180.66
-1180.99
-1181.32
-1181.64
-1181.97
-1182.29
-1182.62
-1182.94
-1183.27
-1183.59
-1183.92
-1184.25
-1184.57
-1184.9
-1185.22
-1185.55
-1185.88
-1186.2
-1186.53
-1186.85
-1187.18
-1187.51
-1187.83
-1188.16
-1188.48
-1188.81
-1189.14
-1189.46
-1189.79
-1190.12
-1190.44
-1190.77
-1191.09
-1191.42
-1191.75
-1192.07
-1192.4
-1192.73
-1193.05
-1193.38
-1193.71
-1194.03
-1194.36
-1194.69
-1195.01
-1195.34
-1195.67
-1195.99
-1196.32
-1196.65
-1196.97
-1197.3
-1197.63
-1197.96
-1198.28
-1198.61
-1198.94
-1199.26
-1199.59
-1199.92
-1200.25
-1200.57
-1200.9
-1201.23
-1201.55
-1201.88
-1202.21
-1202.54
-1202.86
-1203.19
-1203.52
-1203.85
-1204.17
-1204.5
-1204.83
-1205.16
-1205.48
-1205.81
-1206.14
-1206.47
-1206.79
-1207.12
-1207.45
-1207.78
-1208.11
-1208.43
-1208.76
-1209.09
-1209.42
-1209.75
-1210.07
-1210.4
-1210.73
-1211.06
-1211.39
-1211.71
-1212.04
-1212.37
-1212.7
-1213.03
-1213.36
-1213.68
-1214.01
-1214.34
-1214.67
-1215
-1215.33
-1215.65
-1215.98
-1216.31
-1216.64
-1216.97
-1217.3
-1217.63
-1217.95
-1218.28
-1218.61
-1218.94
-1219.27
-1219.6
-1219.93
-1220.26
-1220.59
-1220.91
-1221.24
-1221.57
-1221.9
-1222.23
-1222.56
-1222.89
-1223.22
-1223.55
-1223.88
-1224.21
-1224.53
-1224.86
-1225.19
-1225.52
-1225.85
-1226.18
-1226.51
-1226.84
-1227.17
-1227.5
-1227.83
-1228.16
-1228.49
-1228.82
-1229.15
-1229.48
-1229.81
-1230.14
-1230.47
-1230.8
-1231.13
-1231.46
-1231.79
-1232.12
-1232.45
-1232.78
-1233.11
-1233.44
-1233.77
-1234.1
-1234.43
-1234.76
-1235.09
-1235.42
-1235.75
-1236.08
-1236.41
-1236.74
-1237.07
-1237.4
-1237.73
-1238.06
-1238.39
-1238.72
-1239.05
-1239.38
-1239.71
-1240.04
-1240.37
-1240.7
-1241.03
-1241.36
-1241.7
-1242.03
-1242.36
-1242.69
-1243.02
-1243.35
-1243.68
-1244.01
-1244.34
-1244.67
-1245
-1245.33
-1245.67
-1246
-1246.33
-1246.66
-1246.99
-1247.32
-1247.65
-1247.98
-1248.32
-1248.65
-1248.98
-1249.31
-1249.64
-1249.97
-1250.3
-1250.64
-1250.97
-1251.3
-1251.63
-1251.96
-1252.29
-1252.62
-1252.96
-1253.29
-1253.62
-1253.95
-1254.28
-1254.62
-1254.95
-1255.28
-1255.61
-1255.94
-1256.27
-1256.61
-1256.94
-1257.27
-1257.6
-1257.93
-1258.27
-1258.6
-1258.93
-1259.26
-1259.6
-1259.93
-1260.26
-1260.59
-1260.92
-1261.26
-1261.59
-1261.92
-1262.25
-1262.59
-1262.92
-1263.25
-1263.58
-1263.92
-1264.25
-1264.58
-1264.92
-1265.25
-1265.58
-1265.91
-1266.25
-1266.58
-1266.91
-1267.24
-1267.58
-1267.91
-1268.24
-1268.58
-1268.91
-1269.24
-1269.58
-1269.91
-1270.24
-1270.58
-1270.91
-1271.24
-1271.57
-1271.91
-1272.24
-1272.57
-1272.91
-1273.24
-1273.57
-1273.91
-1274.24
-1274.58
-1274.91
-1275.24
-1275.58
-1275.91
-1276.24
-1276.58
-1276.91
-1277.24
-1277.58
-1277.91
-1278.25
-1278.58
-1278.91
-1279.25
-1279.58
-1279.92
-1280.25
-1280.58
-1280.92
-1281.25
-1281.59
-1281.92
-1282.25
-1282.59
-1282.92
-1283.26
-1283.59
-1283.92
-1284.26
-1284.59
-1284.93
-1285.26
-1285.6
-1285.93
-1286.27
-1286.6
-1286.93
-1287.27
-1287.6
-1287.94
-1288.27
-1288.61
-1288.94
-1289.28
-1289.61
-1289.95
-1290.28
-1290.62
-1290.95
-1291.29
-1291.62
-1291.96
-1292.29
-1292.63
-1292.96
-1293.3
-1293.63
-1293.97
-1294.3
-1294.64
-1294.97
-1295.31
-1295.64
-1295.98
-1296.31
-1296.65
-1296.98
-1297.32
-1297.65
-1297.99
-1298.33
-1298.66
-1299
-1299.33
-1299.67
-1300
-1300.34
-1300.67
-1301.01
-1301.35
-1301.68
-1302.02
-1302.35
-1302.69
-1303.02
-1303.36
-1303.7
-1304.03
-1304.37
-1304.7
-1305.04
-1305.38
-1305.71
-1306.05
-1306.38
-1306.72
-1307.06
-1307.39
-1307.73
-1308.07
-1308.4
-1308.74
-1309.08
-1309.41
-1309.75
-1310.08
-1310.42
-1310.76
-1311.09
-1311.43
-1311.77
-1312.1
-1312.44
-1312.78
-1313.11
-1313.45
-1313.79
-1314.12
-1314.46
-1314.8
-1315.13
-1315.47
-1315.81
-1316.15
-1316.48
-1316.82
-1317.16
-1317.49
-1317.83
-1318.17
-1318.51
-1318.84
-1319.18
-1319.52
-1319.85
-1320.19
-1320.53
-1320.87
-1321.2
-1321.54
-1321.88
-1322.22
-1322.55
-1322.89
-1323.23
-1323.57
-1323.9
-1324.24
-1324.58
-1324.92
-1325.25
-1325.59
-1325.93
-1326.27
-1326.61
-1326.94
-1327.28
-1327.62
-1327.96
-1328.29
-1328.63
-1328.97
-1329.31
-1329.65
-1329.99
-1330.32
-1330.66
-1331
-1331.34
-1331.68
-1332.01
-1332.35
-1332.69
-1333.03
-1333.37
-1333.71
-1334.04
-1334.38
-1334.72
-1335.06
-1335.4
-1335.74
-1336.08
-1336.41
-1336.75
-1337.09
-1337.43
-1337.77
-1338.11
-1338.45
-1338.79
-1339.12
-1339.46
-1339.8
-1340.14
-1340.48
-1340.82
-1341.16
-1341.5
-1341.84
-1342.18
-1342.51
-1342.85
-1343.19
-1343.53
-1343.87
-1344.21
-1344.55
-1344.89
-1345.23
-1345.57
-1345.91
-1346.25
-1346.59
-1346.93
-1347.27
-1347.6
-1347.94
-1348.28
-1348.62
-1348.96
-1349.3
-1349.64
-1349.98
-1350.32
-1350.66
-1351
-1351.34
-1351.68
-1352.02
-1352.36
-1352.7
-1353.04
-1353.38
-1353.72
-1354.06
-1354.4
-1354.74
-1355.08
-1355.42
-1355.76
-1356.1
-1356.44
-1356.78
-1357.12
-1357.46
-1357.8
-1358.14
-1358.49
-1358.83
-1359.17
-1359.51
-1359.85
-1360.19
-1360.53
-1360.87
-1361.21
-1361.55
-1361.89
-1362.23
-1362.57
-1362.91
-1363.25
-1363.6
-1363.94
-1364.28
-1364.62
-1364.96
-1365.3
-1365.64
-1365.98
-1366.32
-1366.66
-1367.01
-1367.35
-1367.69
-1368.03
-1368.37
-1368.71
-1369.05
-1369.39
-1369.74
-1370.08
-1370.42
-1370.76
-1371.1
-1371.44
-1371.78
-1372.13
-1372.47
-1372.81
-1373.15
-1373.49
-1373.83
-1374.18
-1374.52
-1374.86
-1375.2
-1375.54
-1375.89
-1376.23
-1376.57
-1376.91
-1377.25
-1377.59
-1377.94
-1378.28
-1378.62
-1378.96
-1379.31
-1379.65
-1379.99
-1380.33
-1380.67
-1381.02
-1381.36
-1381.7
-1382.04
-1382.39
-1382.73
-1383.07
-1383.41
-1383.76
-1384.1
-1384.44
-1384.78
-1385.13
-1385.47
-1385.81
-1386.15
-1386.5
-1386.84
-1387.18
-1387.53
-1387.87
-1388.21
-1388.55
-1388.9
-1389.24
-1389.58
-1389.93
-1390.27
-1390.61
-1390.95
-1391.3
-1391.64
-1391.98
-1392.33
-1392.67
-1393.01
-1393.36
-1393.7
-1394.04
-1394.39
-1394.73
-1395.07
-1395.42
-1395.76
-1396.1
-1396.45
-1396.79
-1397.13
-1397.48
-1397.82
-1398.17
-1398.51
-1398.85
-1399.2
-1399.54
-1399.88
-1400.23
-1400.57
-1400.92
-1401.26
-1401.6
-1401.95
-1402.29
-1402.64
-1402.98
-1403.32
-1403.67
-1404.01
-1404.36
-1404.7
-1405.05
-1405.39
-1405.73
-1406.08
-1406.42
-1406.77
-1407.11
-1407.46
-1407.8
-1408.14
-1408.49
-1408.83
-1409.18
-1409.52
-1409.87
-1410.21
-1410.56
-1410.9
-1411.25
-1411.59
-1411.94
-1412.28
-1412.63
-1412.97
-1413.31
-1413.66
-1414
-1414.35
-1414.69
-1415.04
-1415.38
-1415.73
-1416.07
-1416.42
-1416.77
-1417.11
-1417.46
-1417.8
-1418.15
-1418.49
-1418.84
-1419.18
-1419.53
-1419.87
-1420.22
-1420.56
-1420.91
-1421.25
-1421.6
-1421.95
-1422.29
-1422.64
-1422.98
-1423.33
-1423.67
-1424.02
-1424.37
-1424.71
-1425.06
-1425.4
-1425.75
-1426.1
-1426.44
-1426.79
-1427.13
-1427.48
-1427.83
-1428.17
-1428.52
-1428.86
-1429.21
-1429.56
-1429.9
-1430.25
-1430.59
-1430.94
-1431.29
-1431.63
-1431.98
-1432.33
-1432.67
-1433.02
-1433.37
-1433.71
-1434.06
-1434.41
-1434.75
-1435.1
-1435.45
-1435.79
-1436.14
-1436.49
-1436.83
-1437.18
-1437.53
-1437.87
-1438.22
-1438.57
-1438.91
-1439.26
-1439.61
-1439.95
-1440.3
-1440.65
-1441
-1441.34
-1441.69
-1442.04
-1442.38
-1442.73
-1443.08
-1443.43
-1443.77
-1444.12
-1444.47
-1444.82
-1445.16
-1445.51
-1445.86
-1446.21
-1446.55
-1446.9
-1447.25
-1447.6
-1447.94
-1448.29
-1448.64
-1448.99
-1449.33
-1449.68
-1450.03
-1450.38
-1450.73
-1451.07
-1451.42
-1451.77
-1452.12
-1452.47
-1452.81
-1453.16
-1453.51
-1453.86
-1454.21
-1454.55
-1454.9
-1455.25
-1455.6
-1455.95
-1456.3
-1456.64
-1456.99
-1457.34
-1457.69
-1458.04
-1458.39
-1458.73
-1459.08
-1459.43
-1459.78
-1460.13
-1460.48
-1460.83
-1461.17
-1461.52
-1461.87
-1462.22
-1462.57
-1462.92
-1463.27
-1463.62
-1463.97
-1464.31
-1464.66
-1465.01
-1465.36
-1465.71
-1466.06
-1466.41
-1466.76
-1467.11
-1467.46
-1467.81
-1468.15
-1468.5
-1468.85
-1469.2
-1469.55
-1469.9
-1470.25
-1470.6
-1470.95
-1471.3
-1471.65
-1472
-1472.35
-1472.7
-1473.05
-1473.4
-1473.75
-1474.1
-1474.45
-1474.8
-1475.15
-1475.5
-1475.85
-1476.2
-1476.55
-1476.9
-1477.25
-1477.6
-1477.95
-1478.3
-1478.65
-1479
-1479.35
-1479.7
-1480.05
-1480.4
-1480.75
-1481.1
-1481.45
-1481.8
-1482.15
-1482.5
-1482.85
-1483.2
-1483.55
-1483.9
-1484.25
-1484.6
-1484.95
-1485.3
-1485.65
-1486
-1486.35
-1486.7
-1487.06
-1487.41
-1487.76
-1488.11
-1488.46
-1488.81
-1489.16
-1489.51
-1489.86
-1490.21
-1490.56
-1490.92
-1491.27
-1491.62
-1491.97
-1492.32
-1492.67
-1493.02
-1493.37
-1493.73
-1494.08
-1494.43
-1494.78
-1495.13
-1495.48
-1495.83
-1496.18
-1496.54
-1496.89
-1497.24
-1497.59
-1497.94
-1498.29
-1498.65
-1499
-1499.35
-1499.7
-1500.05
-1500.4
-1500.76
-1501.11
-1501.46
-1501.81
-1502.16
-1502.52
-1502.87
-1503.22
-1503.57
-1503.92
-1504.28
-1504.63
-1504.98
-1505.33
-1505.68
-1506.04
-1506.39
-1506.74
-1507.09
-1507.45
-1507.8
-1508.15
-1508.5
-1508.86
-1509.21
-1509.56
-1509.91
-1510.27
-1510.62
-1510.97
-1511.32
-1511.68
-1512.03
-1512.38
-1512.73
-1513.09
-1513.44
-1513.79
-1514.15
-1514.5
-1514.85
-1515.2
-1515.56
-1515.91
-1516.26
-1516.62
-1516.97
-1517.32
-1517.68
-1518.03
-1518.38
-1518.74
-1519.09
-1519.44
-1519.8
-1520.15
-1520.5
-1520.86
-1521.21
-1521.56
-1521.92
-1522.27
-1522.62
-1522.98
-1523.33
-1523.68
-1524.04
-1524.39
-1524.74
-1525.1
-1525.45
-1525.81
-1526.16
-1526.51
-1526.87
-1527.22
-1527.57
-1527.93
-1528.28
-1528.64
-1528.99
-1529.34
-1529.7
-1530.05
-1530.41
-1530.76
-1531.12
-1531.47
-1531.82
-1532.18
-1532.53
-1532.89
-1533.24
-1533.6
-1533.95
-1534.3
-1534.66
-1535.01
-1535.37
-1535.72
-1536.08
-1536.43
-1536.79
-1537.14
-1537.5
-1537.85
-1538.2
-1538.56
-1538.91
-1539.27
-1539.62
-1539.98
-1540.33
-1540.69
-1541.04
-1541.4
-1541.75
-1542.11
-1542.46
-1542.82
-1543.17
-1543.53
-1543.88
-1544.24
-1544.59
-1544.95
-1545.31
-1545.66
-1546.02
-1546.37
-1546.73
-1547.08
-1547.44
-1547.79
-1548.15
-1548.5
-1548.86
-1549.22
-1549.57
-1549.93
-1550.28
-1550.64
-1550.99
-1551.35
-1551.7
-1552.06
-1552.42
-1552.77
-1553.13
-1553.48
-1553.84
-1554.2
-1554.55
-1554.91
-1555.26
-1555.62
-1555.98
-1556.33
-1556.69
-1557.04
-1557.4
-1557.76
-1558.11
-1558.47
-1558.83
-1559.18
-1559.54
-1559.9
-1560.25
-1560.61
-1560.96
-1561.32
-1561.68
-1562.03
-1562.39
-1562.75
-1563.1
-1563.46
-1563.82
-1564.17
-1564.53
-1564.89
-1565.24
-1565.6
-1565.96
-1566.32
-1566.67
-1567.03
-1567.39
-1567.74
-1568.1
-1568.46
-1568.81
-1569.17
-1569.53
-1569.89
-1570.24
-1570.6
-1570.96
-1571.31
-1571.67
-1572.03
-1572.39
-1572.74
-1573.1
-1573.46
-1573.82
-1574.17
-1574.53
-1574.89
-1575.25
-1575.6
-1575.96
-1576.32
-1576.68
-1577.03
-1577.39
-1577.75
-1578.11
-1578.47
-1578.82
-1579.18
-1579.54
-1579.9
-1580.26
-1580.61
-1580.97
-1581.33
-1581.69
-1582.05
-1582.4
-1582.76
-1583.12
-1583.48
-1583.84
-1584.19
-1584.55
-1584.91
-1585.27
-1585.63
-1585.99
-1586.34
-1586.7
-1587.06
-1587.42
-1587.78
-1588.14
-1588.5
-1588.85
-1589.21
-1589.57
-1589.93
-1590.29
-1590.65
-1591.01
-1591.37
-1591.72
-1592.08
-1592.44
-1592.8
-1593.16
-1593.52
-1593.88
-1594.24
-1594.6
-1594.95
-1595.31
-1595.67
-1596.03
-1596.39
-1596.75
-1597.11
-1597.47
-1597.83
-1598.19
-1598.55
-1598.91
-1599.27
-1599.63
-1599.98
-1600.34
-1600.7
-1601.06
-1601.42
-1601.78
-1602.14
-1602.5
-1602.86
-1603.22
-1603.58
-1603.94
-1604.3
-1604.66
-1605.02
-1605.38
-1605.74
-1606.1
-1606.46
-1606.82
-1607.18
-1607.54
-1607.9
-1608.26
-1608.62
-1608.98
-1609.34
-1609.7
-1610.06
-1610.42
-1610.78
-1611.14
-1611.5
-1611.86
-1612.22
-1612.58
-1612.94
-1613.3
-1613.66
-1614.02
-1614.39
-1614.75
-1615.11
-1615.47
-1615.83
-1616.19
-1616.55
-1616.91
-1617.27
-1617.63
-1617.99
-1618.35
-1618.71
-1619.08
-1619.44
-1619.8
-1620.16
-1620.52
-1620.88
-1621.24
-1621.6
-1621.96
-1622.32
-1622.69
-1623.05
-1623.41
-1623.77
-1624.13
-1624.49
-1624.85
-1625.21
-1625.58
-1625.94
-1626.3
-1626.66
-1627.02
-1627.38
-1627.74
-1628.11
-1628.47
-1628.83
-1629.19
-1629.55
-1629.91
-1630.28
-1630.64
-1631
-1631.36
-1631.72
-1632.09
-1632.45
-1632.81
-1633.17
-1633.53
-1633.9
-1634.26
-1634.62
-1634.98
-1635.34
-1635.71
-1636.07
-1636.43
-1636.79
-1637.15
-1637.52
-1637.88
-1638.24
-1638.6
-1638.97
-1639.33
-1639.69
-1640.05
-1640.42
-1640.78
-1641.14
-1641.5
-1641.87
-1642.23
-1642.59
-1642.95
-1643.32
-1643.68
-1644.04
-1644.41
-1644.77
-1645.13
-1645.49
-1645.86
-1646.22
-1646.58
-1646.95
-1647.31
-1647.67
-1648.04
-1648.4
-1648.76
-1649.12
-1649.49
-1649.85
-1650.21
-1650.58
-1650.94
-1651.3
-1651.67
-1652.03
-1652.39
-1652.76
-1653.12
-1653.48
-1653.85
-1654.21
-1654.58
-1654.94
-1655.3
-1655.67
-1656.03
-1656.39
-1656.76
-1657.12
-1657.48
-1657.85
-1658.21
-1658.58
-1658.94
-1659.3
-1659.67
-1660.03
-1660.4
-1660.76
-1661.12
-1661.49
-1661.85
-1662.22
-1662.58
-1662.94
-1663.31
-1663.67
-1664.04
-1664.4
-1664.77
-1665.13
-1665.49
-1665.86
-1666.22
-1666.59
-1666.95
-1667.32
-1667.68
-1668.05
-1668.41
-1668.77
-1669.14
-1669.5
-1669.87
-1670.23
-1670.6
-1670.96
-1671.33
-1671.69
-1672.06
-1672.42
-1672.79
-1673.15
-1673.52
-1673.88
-1674.25
-1674.61
-1674.98
-1675.34
-1675.71
-1676.07
-1676.44
-1676.8
-1677.17
-1677.53
-1677.9
-1678.26
-1678.63
-1679
-1679.36
-1679.73
-1680.09
-1680.46
-1680.82
-1681.19
-1681.55
-1681.92
-1682.28
-1682.65
-1683.02
-1683.38
-1683.75
-1684.11
-1684.48
-1684.84
-1685.21
-1685.58
-1685.94
-1686.31
-1686.67
-1687.04
-1687.41
-1687.77
-1688.14
-1688.5
-1688.87
-1689.24
-1689.6
-1689.97
-1690.34
-1690.7
-1691.07
-1691.43
-1691.8
-1692.17
-1692.53
-1692.9
-1693.27
-1693.63
-1694
-1694.37
-1694.73
-1695.1
-1695.46
-1695.83
-1696.2
-1696.56
-1696.93
-1697.3
-1697.66
-1698.03
-1698.4
-1698.77
-1699.13
-1699.5
-1699.87
-1700.23
-1700.6
-1700.97
-1701.33
-1701.7
-1702.07
-1702.44
-1702.8
-1703.17
-1703.54
-1703.9
-1704.27
-1704.64
-1705.01
-1705.37
-1705.74
-1706.11
-1706.47
-1706.84
-1707.21
-1707.58
-1707.94
-1708.31
-1708.68
-1709.05
-1709.42
-1709.78
-1710.15
-1710.52
-1710.89
-1711.25
-1711.62
-1711.99
-1712.36
-1712.72
-1713.09
-1713.46
-1713.83
-1714.2
-1714.56
-1714.93
-1715.3
-1715.67
-1716.04
-1716.4
-1716.77
-1717.14
-1717.51
-1717.88
-1718.25
-1718.61
-1718.98
-1719.35
-1719.72
-1720.09
-1720.46
-1720.82
-1721.19
-1721.56
-1721.93
-1722.3
-1722.67
-1723.04
-1723.4
-1723.77
-1724.14
-1724.51
-1724.88
-1725.25
-1725.62
-1725.99
-1726.35
-1726.72
-1727.09
-1727.46
-1727.83
-1728.2
-1728.57
-1728.94
-1729.31
-1729.68
-1730.04
-1730.41
-1730.78
-1731.15
-1731.52
-1731.89
-1732.26
-1732.63
-1733
-1733.37
-1733.74
-1734.11
-1734.48
-1734.85
-1735.21
-1735.58
-1735.95
-1736.32
-1736.69
-1737.06
-1737.43
-1737.8
-1738.17
-1738.54
-1738.91
-1739.28
-1739.65
-1740.02
-1740.39
-1740.76
-1741.13
-1741.5
-1741.87
-1742.24
-1742.61
-1742.98
-1743.35
-1743.72
-1744.09
-1744.46
-1744.83
-1745.2
-1745.57
-1745.94
-1746.31
-1746.68
-1747.05
-1747.42
-1747.79
-1748.16
-1748.53
-1748.9
-1749.28
-1749.65
-1750.02
-1750.39
-1750.76
-1751.13
-1751.5
-1751.87
-1752.24
-1752.61
-1752.98
-1753.35
-1753.72
-1754.09
-1754.47
-1754.84
-1755.21
-1755.58
-1755.95
-1756.32
-1756.69
-1757.06
-1757.43
-1757.8
-1758.18
-1758.55
-1758.92
-1759.29
-1759.66
-1760.03
-1760.4
-1760.77
-1761.15
-1761.52
-1761.89
-1762.26
-1762.63
-1763
-1763.37
-1763.75
-1764.12
-1764.49
-1764.86
-1765.23
-1765.6
-1765.98
-1766.35
-1766.72
-1767.09
-1767.46
-1767.84
-1768.21
-1768.58
-1768.95
-1769.32
-1769.69
-1770.07
-1770.44
-1770.81
-1771.18
-1771.56
-1771.93
-1772.3
-1772.67
-1773.04
-1773.42
-1773.79
-1774.16
-1774.53
-1774.91
-1775.28
-1775.65
-1776.02
-1776.4
-1776.77
-1777.14
-1777.51
-1777.89
-1778.26
-1778.63
-1779
-1779.38
-1779.75
-1780.12
-1780.49
-1780.87
-1781.24
-1781.61
-1781.99
-1782.36
-1782.73
-1783.1
-1783.48
-1783.85
-1784.22
-1784.6
-1784.97
-1785.34
-1785.72
-1786.09
-1786.46
-1786.84
-1787.21
-1787.58
-1787.95
-1788.33
-1788.7
-1789.07
-1789.45
-1789.82
-1790.2
-1790.57
-1790.94
-1791.32
-1791.69
-1792.06
-1792.44
-1792.81
-1793.18
-1793.56
-1793.93
-1794.31
-1794.68
-1795.05
-1795.43
-1795.8
-1796.17
-1796.55
-1796.92
-1797.3
-1797.67
-1798.04
-1798.42
-1798.79
-1799.17
-1799.54
-1799.91
-1800.29
-1800.66
-1801.04
-1801.41
-1801.79
-1802.16
-1802.53
-1802.91
-1803.28
-1803.66
-1804.03
-1804.41
-1804.78
-1805.16
-1805.53
-1805.9
-1806.28
-1806.65
-1807.03
-1807.4
-1807.78
-1808.15
-1808.53
-1808.9
-1809.28
-1809.65
-1810.03
-1810.4
-1810.78
-1811.15
-1811.53
-1811.9
-1812.28
-1812.65
-1813.03
-1813.4
-1813.78
-1814.15
-1814.53
-1814.9
-1815.28
-1815.65
-1816.03
-1816.4
-1816.78
-1817.15
-1817.53
-1817.91
-1818.28
-1818.66
-1819.03
-1819.41
-1819.78
-1820.16
-1820.53
-1820.91
-1821.29
-1821.66
-1822.04
-1822.41
-1822.79
-1823.16
-1823.54
-1823.92
-1824.29
-1824.67
-1825.04
-1825.42
-1825.8
-1826.17
-1826.55
-1826.92
-1827.3
-1827.68
-1828.05
-1828.43
-1828.81
-1829.18
-1829.56
