1065.02
1064.83
1064.65
1064.46
1064.27
1064.09
1063.9
1063.71
1063.53
1063.34
1063.15
1062.97
1062.78
1062.59
1062.41
1062.22
1062.04
1061.85
1061.66
1061.48
1061.29
1061.1
1060.92
1060.73
1060.55
1060.36
1060.17
1059.99
1059.8
1059.62
1059.43
1059.24
1059.06
1058.87
1058.69
1058.5
1058.31
1058.13
1057.94
1057.76
1057.57
1057.39
1057.2
1057.01
1056.83
1056.64
1056.46
1056.27
1056.09
1055.9
1055.72
1055.53
1055.34
1055.16
1054.97
1054.79
1054.6
1054.42
1054.23
1054.05
1053.86
1053.68
1053.49
1053.3
1053.12
1052.93
1052.75
1052.56
1052.38
1052.19
1052.01
1051.82
1051.64
1051.45
1051.27
1051.08
1050.9
1050.71
1050.53
1050.34
1050.16
1049.97
1049.79
1049.6
1049.42
1049.23
1049.05
1048.86
1048.68
1048.5
1048.31
1048.13
1047.94
1047.76
1047.57
1047.39
1047.2
1047.02
1046.83
1046.65
1046.46
1046.28
1046.1
1045.91
1045.73
1045.54
1045.36
1045.17
1044.99
1044.8
1044.62
1044.44
1044.25
1044.07
1043.88
1043.7
1043.52
1043.33
1043.15
1042.96
1042.78
1042.59
1042.41
1042.23
1042.04
1041.86
1041.67
1041.49
1041.31
1041.12
1040.94
1040.76
1040.57
1040.39
1040.2
1040.02
1039.84
1039.65
1039.47
1039.29
1039.1
1038.92
1038.73
1038.55
1038.37
1038.18
1038
1037.82
1037.63
1037.45
1037.27
1037.08
1036.9
1036.72
1036.53
1036.35
1036.17
1035.98
1035.8
1035.62
1035.43
1035.25
1035.07
1034.88
1034.7
1034.52
1034.33
1034.15
1033.97
1033.78
1033.6
1033.42
1033.24
1033.05
1032.87
1032.69
1032.5
1032.32
1032.14
1031.95
1031.77
1031.59
1031.41
1031.22
1031.04
1030.86
1030.68
1030.49
1030.31
1030.13
1029.94
1029.76
1029.58
1029.4
1029.21
1029.03
1028.85
1028.67
1028.48
1028.3
1028.12
1027.94
1027.76
1027.57
1027.39
1027.21
1027.03
1026.84
1026.66
1026.48
1026.3
1026.11
1025.93
1025.75
1025.57
1025.39
1025.2
1025.02
1024.84
1024.66
1024.48
1024.29
1024.11
1023.93
1023.75
1023.57
1023.38
1023.2
1023.02
1022.84
1022.66
1022.48
1022.29
1022.11
1021.93
1021.75
1021.57
1021.39
1021.2
1021.02
1020.84
1020.66
1020.48
1020.3
1020.11
1019.93
1019.75
1019.57
1019.39
1019.21
1019.03
1018.84
1018.66
1018.48
1018.3
1018.12
1017.94
1017.76
1017.58
1017.39
1017.21
1017.03
1016.85
1016.67
1016.49
1016.31
1016.13
1015.95
1015.77
1015.58
1015.4
1015.22
1015.04
1014.86
1014.68
1014.5
1014.32
1014.14
1013.96
1013.78
1013.59
1013.41
1013.23
1013.05
1012.87
1012.69
1012.51
1012.33
1012.15
1011.97
1011.79
1011.61
1011.43
1011.25
1011.07
1010.89
1010.71
1010.53
1010.35
1010.16
1009.98
1009.8
1009.62
1009.44
1009.26
1009.08
1008.9
1008.72
1008.54
1008.36
1008.18
1008
1007.82
1007.64
1007.46
1007.28
1007.1
1006.92
1006.74
1006.56
1006.38
1006.2
1006.02
1005.84
1005.66
1005.48
1005.3
1005.12
1004.94
1004.76
1004.58
1004.41
1004.23
1004.05
1003.87
1003.69
1003.51
1003.33
1003.15
1002.97
1002.79
1002.61
1002.43
1002.25
1002.07
1001.89
1001.71
1001.53
1001.35
1001.17
1001
1000.82
1000.64
1000.46
1000.28
1000.1
999.92
999.741
999.562
999.383
999.204
999.025
998.846
998.667
998.488
998.309
998.13
997.951
997.772
997.593
997.414
997.236
997.057
996.878
996.699
996.52
996.342
996.163
995.984
995.806
995.627
995.448
995.27
995.091
994.913
994.734
994.556
994.377
994.199
994.02
993.842
993.663
993.485
993.307
993.128
992.95
992.772
992.593
992.415
992.237
992.059
991.88
991.702
991.524
991.346
991.168
990.99
990.812
990.633
990.455
990.277
990.099
989.921
989.743
989.566
989.388
989.21
989.032
988.854
988.676
988.498
988.321
988.143
987.965
987.787
987.61
987.432
987.254
987.077
986.899
986.721
986.544
986.366
986.189
986.011
985.834
985.656
985.479
985.301
985.124
984.947
984.769
984.592
984.415
984.237
984.06
983.883
983.705
983.528
983.351
983.174
982.997
982.82
982.642
982.465
982.288
982.111
981.934
981.757
981.58
981.403
981.226
981.049
980.872
980.696
980.519
980.342
980.165
979.988
979.811
979.635
979.458
979.281
979.105
978.928
978.751
978.575
978.398
978.221
978.045
977.868
977.692
977.515
977.339
977.162
976.986
976.809
976.633
976.457
976.28
976.104
975.927
975.751
975.575
975.399
975.222
975.046
974.87
974.694
974.518
974.342
974.165
973.989
973.813
973.637
973.461
973.285
973.109
972.933
972.757
972.581
972.405
972.23
972.054
971.878
971.702
971.526
971.35
971.175
970.999
970.823
970.647
970.472
970.296
970.121
969.945
969.769
969.594
969.418
969.243
969.067
968.892
968.716
968.541
968.365
968.19
968.015
967.839
967.664
967.489
967.313
967.138
966.963
966.787
966.612
966.437
966.262
966.087
965.912
965.736
965.561
965.386
965.211
965.036
964.861
964.686
964.511
964.336
964.161
963.986
963.812
963.637
963.462
963.287
963.112
962.937
962.763
962.588
962.413
962.239
962.064
961.889
961.715
961.54
961.365
961.191
961.016
960.842
960.667
960.493
960.318
960.144
959.969
959.795
959.621
959.446
959.272
959.098
958.923
958.749
958.575
958.401
958.226
958.052
957.878
957.704
957.53
957.356
957.182
957.007
956.833
956.659
956.485
956.311
956.137
955.963
955.79
955.616
955.442
955.268
955.094
954.92
954.746
954.573
954.399
954.225
954.051
953.878
953.704
953.53
953.357
953.183
953.01
952.836
952.663
952.489
952.315
952.142
951.969
951.795
951.622
951.448
951.275
951.102
950.928
950.755
950.582
950.408
950.235
950.062
949.889
949.715
949.542
949.369
949.196
949.023
948.85
948.677
948.504
948.331
948.158
947.985
947.812
947.639
947.466
947.293
947.12
946.947
946.774
946.601
946.429
946.256
946.083
945.91
945.738
945.565
945.392
945.22
945.047
944.874
944.702
944.529
944.357
944.184
944.012
943.839
943.667
943.494
943.322
943.15
942.977
942.805
942.632
942.46
942.288
942.116
941.943
941.771
941.599
941.427
941.254
941.082
940.91
940.738
940.566
940.394
940.222
940.05
939.878
939.706
939.534
939.362
939.19
939.018
938.846
938.674
938.503
938.331
938.159
937.987
937.815
937.644
937.472
937.3
937.129
936.957
936.785
936.614
936.442
936.271
936.099
935.928
935.756
935.585
935.413
935.242
935.07
934.899
934.727
934.556
934.385
934.213
934.042
933.871
933.7
933.528
933.357
933.186
933.015
932.844
932.672
932.501
932.33
932.159
931.988
931.817
931.646
931.475
931.304
931.133
930.962
930.791
930.621
930.45
930.279
930.108
929.937
929.766
929.596
929.425
929.254
929.084
928.913
928.742
928.572
928.401
928.23
928.06
927.889
927.719
927.548
927.378
927.207
927.037
926.866
926.696
926.526
926.355
926.185
926.015
925.844
925.674
925.504
925.334
925.163
924.993
924.823
924.653
924.483
924.313
924.143
923.972
923.802
923.632
923.462
923.292
923.122
922.952
922.783
922.613
922.443
922.273
922.103
921.933
921.763
921.594
921.424
921.254
921.084
920.915
920.745
920.575
920.406
920.236
920.067
919.897
919.727
919.558
919.388
919.219
919.049
918.88
918.711
918.541
918.372
918.202
918.033
917.864
917.695
917.525
917.356
917.187
917.018
916.848
916.679
916.51
916.341
916.172
916.003
915.834
915.665
915.496
915.327
915.158
914.989
914.82
914.651
914.482
914.313
914.144
913.975
913.806
913.638
913.469
913.3
913.131
912.963
912.794
912.625
912.457
912.288
912.119
911.951
911.782
911.614
911.445
911.277
911.108
910.94
910.771
910.603
910.434
910.266
910.098
909.929
909.761
909.593
909.424
909.256
909.088
908.92
908.751
908.583
908.415
908.247
908.079
907.911
907.743
907.575
907.407
907.239
907.071
906.903
906.735
906.567
906.399
906.231
906.063
905.895
905.727
905.56
905.392
905.224
905.056
904.889
904.721
904.553
904.386
904.218
904.05
903.883
903.715
903.548
903.38
903.212
903.045
902.878
902.71
902.543
902.375
902.208
902.04
901.873
901.706
901.539
901.371
901.204
901.037
900.869
900.702
900.535
900.368
900.201
900.034
899.867
899.7
899.532
899.365
899.198
899.031
898.864
898.697
898.531
898.364
898.197
898.03
897.863
897.696
897.529
897.363
897.196
897.029
896.862
896.696
896.529
896.362
896.196
896.029
895.862
895.696
895.529
895.363
895.196
895.03
894.863
894.697
894.53
894.364
894.198
894.031
893.865
893.699
893.532
893.366
893.2
893.033
892.867
892.701
892.535
892.369
892.202
892.036
891.87
891.704
891.538
891.372
891.206
891.04
890.874
890.708
890.542
890.376
890.21
890.044
889.879
889.713
889.547
889.381
889.215
889.05
888.884
888.718
888.553
888.387
888.221
888.056
887.89
887.724
887.559
887.393
887.228
887.062
886.897
886.731
886.566
886.4
886.235
886.07
885.904
885.739
885.574
885.408
885.243
885.078
884.913
884.747
884.582
884.417
884.252
884.087
883.922
883.757
883.591
883.426
883.261
883.096
882.931
882.766
882.602
882.437
882.272
882.107
881.942
881.777
881.612
881.447
881.283
881.118
880.953
880.788
880.624
880.459
880.294
880.13
879.965
879.801
879.636
879.471
879.307
879.142
878.978
878.814
878.649
878.485
878.32
878.156
877.991
877.827
877.663
877.498
877.334
877.17
877.006
876.841
876.677
876.513
876.349
876.185
876.021
875.857
875.693
875.528
875.364
875.2
875.036
874.872
874.709
874.545
874.381
874.217
874.053
873.889
873.725
873.561
873.398
873.234
873.07
872.906
872.743
872.579
872.415
872.252
872.088
871.924
871.761
871.597
871.434
871.27
871.107
870.943
870.78
870.616
870.453
870.29
870.126
869.963
869.8
869.636
869.473
869.31
869.146
868.983
868.82
868.657
868.494
868.331
868.167
868.004
867.841
867.678
867.515
867.352
867.189
867.026
866.863
866.7
866.537
866.374
866.211
866.049
865.886
865.723
865.56
865.397
865.235
865.072
864.909
864.747
864.584
864.421
864.259
864.096
863.933
863.771
863.608
863.446
863.283
863.121
862.958
862.796
862.633
862.471
862.309
862.146
861.984
861.822
861.659
861.497
861.335
861.173
861.01
860.848
860.686
860.524
860.362
860.2
860.037
859.875
859.713
859.551
859.389
859.227
859.065
858.903
858.741
858.579
858.418
858.256
858.094
857.932
857.77
857.608
857.447
857.285
857.123
856.962
856.8
856.638
856.477
856.315
856.153
855.992
855.83
855.669
855.507
855.346
855.184
855.023
854.861
854.7
854.538
854.377
854.216
854.054
853.893
853.732
853.571
853.409
853.248
853.087
852.926
852.764
852.603
852.442
852.281
852.12
851.959
851.798
851.637
851.476
851.315
851.154
850.993
850.832
850.671
850.51
850.349
850.189
850.028
849.867
849.706
849.545
849.385
849.224
849.063
848.903
848.742
848.581
848.421
848.26
848.1
847.939
847.779
847.618
847.458
847.297
847.137
846.976
846.816
846.655
846.495
846.335
846.174
846.014
845.854
845.693
845.533
845.373
845.213
845.053
844.892
844.732
844.572
844.412
844.252
844.092
843.932
843.772
843.612
843.452
843.292
843.132
842.972
842.812
842.652
842.493
842.333
842.173
842.013
841.853
841.694
841.534
841.374
841.214
841.055
840.895
840.736
840.576
840.416
840.257
840.097
839.938
839.778
839.619
839.459
839.3
839.14
838.981
838.822
838.662
838.503
838.344
838.184
838.025
837.866
837.707
837.547
837.388
837.229
837.07
836.911
836.752
836.592
836.433
836.274
836.115
835.956
835.797
835.638
835.479
835.32
835.162
835.003
834.844
834.685
834.526
834.367
834.209
834.05
833.891
833.732
833.574
833.415
833.256
833.098
832.939
832.78
832.622
832.463
832.305
832.146
831.988
831.829
831.671
831.512
831.354
831.196
831.037
830.879
830.721
830.562
830.404
830.246
830.087
829.929
829.771
829.613
829.455
829.296
829.138
828.98
828.822
828.664
828.506
828.348
828.19
828.032
827.874
827.716
827.558
827.4
827.242
827.084
826.927
826.769
826.611
826.453
826.295
826.138
825.98
825.822
825.665
825.507
825.349
825.192
825.034
824.877
824.719
824.561
824.404
824.246
824.089
823.932
823.774
823.617
823.459
823.302
823.145
822.987
822.83
822.673
822.515
822.358
822.201
822.044
821.887
821.729
821.572
821.415
821.258
821.101
820.944
820.787
820.63
820.473
820.316
820.159
820.002
819.845
819.688
819.531
819.374
819.217
819.061
818.904
818.747
818.59
818.434
818.277
818.12
817.963
817.807
817.65
817.494
817.337
817.18
817.024
816.867
816.711
816.554
816.398
816.241
816.085
815.929
815.772
815.616
815.459
815.303
815.147
814.991
814.834
814.678
814.522
814.366
814.209
814.053
813.897
813.741
813.585
813.429
813.273
813.117
812.961
812.805
812.649
812.493
812.337
812.181
812.025
811.869
811.713
811.557
811.402
811.246
811.09
810.934
810.778
810.623
810.467
810.311
810.156
810
809.844
809.689
809.533
809.378
809.222
809.067
808.911
808.756
808.6
808.445
808.289
808.134
807.979
807.823
807.668
807.513
807.357
807.202
807.047
806.892
806.736
806.581
806.426
806.271
806.116
805.961
805.806
805.651
805.496
805.341
805.186
805.031
804.876
804.721
804.566
804.411
804.256
804.101
803.946
803.791
803.637
803.482
803.327
803.172
803.018
802.863
802.708
802.554
802.399
802.244
802.09
801.935
801.781
801.626
801.472
801.317
801.163
801.008
800.854
800.699
800.545
800.39
800.236
800.082
799.928
799.773
799.619
799.465
799.31
799.156
799.002
798.848
798.694
798.54
798.386
798.231
798.077
797.923
797.769
797.615
797.461
797.307
797.153
796.999
796.846
796.692
796.538
796.384
796.23
796.076
795.923
795.769
795.615
795.461
795.308
795.154
795
794.847
794.693
794.539
794.386
794.232
794.079
793.925
793.772
793.618
793.465
793.311
793.158
793.005
792.851
792.698
792.544
792.391
792.238
792.085
791.931
791.778
791.625
791.472
791.318
791.165
791.012
790.859
790.706
790.553
790.4
790.247
790.094
789.941
789.788
789.635
789.482
789.329
789.176
789.023
788.87
788.718
788.565
788.412
788.259
788.107
787.954
787.801
787.648
787.496
787.343
787.19
787.038
786.885
786.733
786.58
786.428
786.275
786.123
785.97
785.818
785.665
785.513
785.361
785.208
785.056
784.903
784.751
784.599
784.447
784.294
784.142
783.99
783.838
783.686
783.534
783.381
783.229
783.077
782.925
782.773
782.621
782.469
782.317
782.165
782.013
781.861
781.709
781.558
781.406
781.254
781.102
780.95
780.798
780.647
780.495
780.343
780.192
780.04
779.888
779.737
779.585
779.433
779.282
779.13
778.979
778.827
778.676
778.524
778.373
778.221
778.07
777.919
777.767
777.616
777.464
777.313
777.162
777.011
776.859
776.708
776.557
776.406
776.255
776.103
775.952
775.801
775.65
775.499
775.348
775.197
775.046
774.895
774.744
774.593
774.442
774.291
774.14
773.989
773.839
773.688
773.537
773.386
773.235
773.085
772.934
772.783
772.633
772.482
772.331
772.181
772.03
771.879
771.729
771.578
771.428
771.277
771.127
770.976
770.826
770.675
770.525
770.375
770.224
770.074
769.924
769.773
769.623
769.473
769.323
769.172
769.022
768.872
768.722
768.572
768.422
768.271
768.121
767.971
767.821
767.671
767.521
767.371
767.221
767.071
766.921
766.772
766.622
766.472
766.322
766.172
766.022
765.873
765.723
765.573
765.423
765.274
765.124
764.974
764.825
764.675
764.525
764.376
764.226
764.077
763.927
763.778
763.628
763.479
763.329
763.18
763.031
762.881
762.732
762.583
762.433
762.284
762.135
761.985
761.836
761.687
761.538
761.389
761.239
761.09
760.941
760.792
760.643
760.494
760.345
760.196
760.047
759.898
759.749
759.6
759.451
759.302
759.153
759.005
758.856
758.707
758.558
758.409
758.261
758.112
757.963
757.814
757.666
757.517
757.368
757.22
757.071
756.923
756.774
756.626
756.477
756.329
756.18
756.032
755.883
755.735
755.586
755.438
755.29
755.141
754.993
754.845
754.697
754.548
754.4
754.252
754.104
753.956
753.807
753.659
753.511
753.363
753.215
753.067
752.919
752.771
752.623
752.475
752.327
752.179
752.031
751.883
751.735
751.588
751.44
751.292
751.144
750.996
750.849
750.701
750.553
750.405
750.258
750.11
749.962
749.815
749.667
749.52
749.372
749.225
749.077
748.93
748.782
748.635
748.487
748.34
748.192
748.045
747.898
747.75
747.603
747.456
747.309
747.161
747.014
746.867
746.72
746.573
746.425
746.278
746.131
745.984
745.837
745.69
745.543
745.396
745.249
745.102
744.955
744.808
744.661
744.514
744.367
744.221
744.074
743.927
743.78
743.633
743.487
743.34
743.193
743.046
742.9
742.753
742.607
742.46
742.313
742.167
742.02
741.874
741.727
741.581
741.434
741.288
741.141
740.995
740.849
740.702
740.556
740.409
740.263
740.117
739.971
739.824
739.678
739.532
739.386
739.24
739.093
738.947
738.801
738.655
738.509
738.363
738.217
738.071
737.925
737.779
737.633
737.487
737.341
737.195
737.049
736.904
736.758
736.612
736.466
736.32
736.175
736.029
735.883
735.737
735.592
735.446
735.3
735.155
735.009
734.864
734.718
734.573
734.427
734.282
734.136
733.991
733.845
733.7
733.554
733.409
733.264
733.118
732.973
732.828
732.683
732.537
732.392
732.247
732.102
731.956
731.811
731.666
731.521
731.376
731.231
731.086
730.941
730.796
730.651
730.506
730.361
730.216
730.071
729.926
729.781
729.636
729.492
729.347
729.202
729.057
728.912
728.768
728.623
728.478
728.334
728.189
728.044
727.9
727.755
727.61
727.466
727.321
727.177
727.032
726.888
726.743
726.599
726.455
726.31
726.166
726.021
725.877
725.733
725.588
725.444
725.3
725.156
725.011
724.867
724.723
724.579
724.435
724.291
724.147
724.002
723.858
723.714
723.57
723.426
723.282
723.138
722.994
722.851
722.707
722.563
722.419
722.275
722.131
721.987
721.844
721.7
721.556
721.412
721.269
721.125
720.981
720.838
720.694
720.55
720.407
720.263
720.12
719.976
719.833
719.689
719.546
719.402
719.259
719.115
718.972
718.829
718.685
718.542
718.399
718.255
718.112
717.969
717.826
717.682
717.539
717.396
717.253
717.11
716.967
716.824
716.681
716.538
716.394
716.251
716.108
715.966
715.823
715.68
715.537
715.394
715.251
715.108
714.965
714.822
714.68
714.537
714.394
714.251
714.109
713.966
713.823
713.681
713.538
713.395
713.253
713.11
712.968
712.825
712.683
712.54
712.398
712.255
712.113
711.97
711.828
711.686
711.543
711.401
711.258
711.116
710.974
710.832
710.689
710.547
710.405
710.263
710.121
709.978
709.836
709.694
709.552
709.41
709.268
709.126
708.984
708.842
708.7
708.558
708.416
708.274
708.132
707.991
707.849
707.707
707.565
707.423
707.281
707.14
706.998
706.856
706.715
706.573
706.431
706.29
706.148
706.006
705.865
705.723
705.582
705.44
705.299
705.157
705.016
704.874
704.733
704.592
704.45
704.309
704.168
704.026
703.885
703.744
703.602
703.461
703.32
703.179
703.038
702.896
702.755
702.614
702.473
702.332
702.191
702.05
701.909
701.768
701.627
701.486
701.345
701.204
701.063
700.922
700.781
700.64
700.5
700.359
700.218
700.077
699.937
699.796
699.655
699.514
699.374
699.233
699.092
698.952
698.811
698.671
698.53
698.39
698.249
698.109
697.968
697.828
697.687
697.547
697.406
697.266
697.126
696.985
696.845
696.705
696.564
696.424
696.284
696.144
696.004
695.863
695.723
695.583
695.443
695.303
695.163
695.023
694.883
694.743
694.603
694.463
694.323
694.183
694.043
693.903
693.763
693.623
693.483
693.344
693.204
693.064
692.924
692.784
692.645
692.505
692.365
692.226
692.086
691.946
691.807
691.667
691.528
691.388
691.248
691.109
690.969
690.83
690.691
690.551
690.412
690.272
690.133
689.994
689.854
689.715
689.576
689.436
689.297
689.158
689.019
688.879
688.74
688.601
688.462
688.323
688.184
688.045
687.906
687.766
687.627
687.488
687.349
687.21
687.072
686.933
686.794
686.655
686.516
686.377
686.238
686.099
685.961
685.822
685.683
685.544
685.406
685.267
685.128
684.99
684.851
684.712
684.574
684.435
684.297
684.158
684.02
683.881
683.743
683.604
683.466
683.327
683.189
683.051
682.912
682.774
682.635
682.497
682.359
682.221
682.082
681.944
681.806
681.668
681.53
681.391
681.253
681.115
680.977
680.839
680.701
680.563
680.425
680.287
680.149
680.011
679.873
679.735
679.597
679.459
679.322
679.184
679.046
678.908
678.77
678.633
678.495
678.357
678.219
678.082
677.944
677.806
677.669
677.531
677.394
677.256
677.118
676.981
676.843
676.706
676.568
676.431
676.294
676.156
676.019
675.881
675.744
675.607
675.469
675.332
675.195
675.058
674.92
674.783
674.646
674.509
674.372
674.234
674.097
673.96
673.823
673.686
673.549
673.412
673.275
673.138
673.001
672.864
672.727
672.59
672.453
672.317
672.18
672.043
671.906
671.769
671.632
671.496
671.359
671.222
671.086
670.949
670.812
670.676
670.539
670.402
670.266
670.129
669.993
669.856
669.72
669.583
669.447
669.31
669.174
669.037
668.901
668.765
668.628
668.492
668.356
668.219
668.083
667.947
667.811
667.674
667.538
667.402
667.266
667.13
666.994
666.858
666.722
666.585
666.449
666.313
666.177
666.041
665.905
665.77
665.634
665.498
665.362
665.226
665.09
664.954
664.818
664.683
664.547
664.411
664.275
664.14
664.004
663.868
663.733
663.597
663.461
663.326
663.19
663.055
662.919
662.784
662.648
662.513
662.377
662.242
662.106
661.971
661.836
661.7
661.565
661.43
661.294
661.159
661.024
660.888
660.753
660.618
660.483
660.348
660.213
660.077
659.942
659.807
659.672
659.537
659.402
659.267
659.132
658.997
658.862
658.727
658.592
658.457
658.322
658.188
658.053
657.918
657.783
657.648
657.514
657.379
657.244
657.109
656.975
656.84
656.705
656.571
656.436
656.301
656.167
656.032
655.898
655.763
655.629
655.494
655.36
655.225
655.091
654.957
654.822
654.688
654.553
654.419
654.285
654.151
654.016
653.882
653.748
653.614
653.479
653.345
653.211
653.077
652.943
652.809
652.675
652.541
652.407
652.273
652.139
652.005
651.871
651.737
651.603
651.469
651.335
651.201
651.067
650.933
650.8
650.666
650.532
650.398
650.265
650.131
649.997
649.863
649.73
649.596
649.463
649.329
649.195
649.062
648.928
648.795
648.661
648.528
648.394
648.261
648.127
647.994
647.861
647.727
647.594
647.461
647.327
647.194
647.061
646.927
646.794
646.661
646.528
646.395
646.261
646.128
645.995
645.862
645.729
645.596
645.463
645.33
645.197
645.064
644.931
644.798
644.665
644.532
644.399
644.266
644.133
644.001
643.868
643.735
643.602
643.469
643.337
643.204
643.071
642.939
642.806
642.673
642.541
642.408
642.275
642.143
642.01
641.878
641.745
641.613
641.48
641.348
641.215
641.083
640.951
640.818
640.686
640.553
640.421
640.289
640.157
640.024
639.892
639.76
639.628
639.495
639.363
639.231
639.099
638.967
638.835
638.703
638.571
638.439
638.307
638.175
638.043
637.911
637.779
637.647
637.515
637.383
637.251
637.119
636.987
636.856
636.724
636.592
636.46
636.329
636.197
636.065
635.933
635.802
635.67
635.539
635.407
635.275
635.144
635.012
634.881
634.749
634.618
634.486
634.355
634.223
634.092
633.961
633.829
633.698
633.566
633.435
633.304
633.173
633.041
632.91
632.779
632.648
632.516
632.385
632.254
632.123
631.992
631.861
631.73
631.599
631.468
631.337
631.206
631.075
630.944
630.813
630.682
630.551
630.42
630.289
630.158
630.027
629.897
629.766
629.635
629.504
629.374
629.243
629.112
628.982
628.851
628.72
628.59
628.459
628.328
628.198
628.067
627.937
627.806
627.676
627.545
627.415
627.284
627.154
627.024
626.893
626.763
626.633
626.502
626.372
626.242
626.111
625.981
625.851
625.721
625.591
625.46
625.33
625.2
625.07
624.94
624.81
624.68
624.55
624.42
624.29
624.16
624.03
623.9
623.77
623.64
623.51
623.38
623.25
623.121
622.991
622.861
622.731
622.601
622.472
622.342
622.212
622.083
621.953
621.823
621.694
621.564
621.434
621.305
621.175
621.046
620.916
620.787
620.657
620.528
620.398
620.269
620.14
620.01
619.881
619.752
619.622
619.493
619.364
619.234
619.105
618.976
618.847
618.717
618.588
618.459
618.33
618.201
618.072
617.943
617.814
617.685
617.556
617.427
617.298
617.169
617.04
616.911
616.782
616.653
616.524
616.395
616.266
616.138
616.009
615.88
615.751
615.622
615.494
615.365
615.236
615.108
614.979
614.85
614.722
614.593
614.465
614.336
614.207
614.079
613.95
613.822
613.694
613.565
613.437
613.308
613.18
613.051
612.923
612.795
612.666
612.538
612.41
612.282
612.153
612.025
611.897
611.769
611.641
611.512
611.384
611.256
611.128
611
610.872
610.744
610.616
610.488
610.36
610.232
610.104
609.976
609.848
609.72
609.592
609.465
609.337
609.209
609.081
608.953
608.826
608.698
608.57
608.443
608.315
608.187
608.06
607.932
607.804
607.677
607.549
607.422
607.294
607.167
607.039
606.912
606.784
606.657
606.529
606.402
606.274
606.147
606.02
605.892
605.765
605.638
605.511
605.383
605.256
605.129
605.002
604.874
604.747
604.62
604.493
604.366
604.239
604.112
603.985
603.858
603.731
603.604
603.477
603.35
603.223
603.096
602.969
602.842
602.715
602.588
602.461
602.335
602.208
602.081
601.954
601.828
601.701
601.574
601.447
601.321
601.194
601.068
600.941
600.814
600.688
600.561
600.435
600.308
600.182
600.055
599.929
599.802
599.676
599.549
599.423
599.297
599.17
599.044
598.918
598.791
598.665
598.539
598.413
598.286
598.16
598.034
597.908
597.782
597.656
597.53
597.403
597.277
597.151
597.025
596.899
596.773
596.647
596.521
596.395
596.269
596.144
596.018
595.892
595.766
595.64
595.514
595.388
595.263
595.137
595.011
594.885
594.76
594.634
594.508
594.383
594.257
594.131
594.006
593.88
593.755
593.629
593.504
593.378
593.253
593.127
593.002
592.876
592.751
592.626
592.5
592.375
592.249
592.124
591.999
591.874
591.748
591.623
591.498
591.373
591.247
591.122
590.997
590.872
590.747
590.622
590.497
590.372
590.247
590.122
589.997
589.872
589.747
589.622
589.497
589.372
589.247
589.122
588.997
588.872
588.747
588.623
588.498
588.373
588.248
588.124
587.999
587.874
587.749
587.625
587.5
587.376
587.251
587.126
587.002
586.877
586.753
586.628
586.504
586.379
586.255
586.13
586.006
585.881
585.757
585.633
585.508
585.384
585.26
585.135
585.011
584.887
584.763
584.638
584.514
584.39
584.266
584.142
584.018
583.893
583.769
583.645
583.521
583.397
583.273
583.149
583.025
582.901
582.777
582.653
582.529
582.406
582.282
582.158
582.034
581.91
581.786
581.663
581.539
581.415
581.291
581.168
581.044
580.92
580.797
580.673
580.549
580.426
580.302
580.179
580.055
579.931
579.808
579.684
579.561
579.437
579.314
579.191
579.067
578.944
578.82
578.697
578.574
578.45
578.327
578.204
578.081
577.957
577.834
577.711
577.588
577.465
577.341
577.218
577.095
576.972
576.849
576.726
576.603
576.48
576.357
576.234
576.111
575.988
575.865
575.742
575.619
575.496
575.373
575.251
575.128
575.005
574.882
574.759
574.637
574.514
574.391
574.269
574.146
574.023
573.901
573.778
573.655
573.533
573.41
573.288
573.165
573.043
572.92
572.798
572.675
572.553
572.43
572.308
572.185
572.063
571.941
571.818
571.696
571.574
571.451
571.329
571.207
571.085
570.962
570.84
570.718
570.596
570.474
570.352
570.23
570.107
569.985
569.863
569.741
569.619
569.497
569.375
569.253
569.131
569.009
568.888
568.766
568.644
568.522
568.4
568.278
568.157
568.035
567.913
567.791
567.669
567.548
567.426
567.304
567.183
567.061
566.939
566.818
566.696
566.575
566.453
566.332
566.21
566.089
565.967
565.846
565.724
565.603
565.481
565.36
565.239
565.117
564.996
564.875
564.753
564.632
564.511
564.39
564.268
564.147
564.026
563.905
563.784
563.663
563.541
563.42
563.299
563.178
563.057
562.936
562.815
562.694
562.573
562.452
562.331
562.21
562.089
561.968
561.848
561.727
561.606
561.485
561.364
561.244
561.123
561.002
560.881
560.761
560.64
560.519
560.399
560.278
560.157
560.037
559.916
559.796
559.675
559.554
559.434
559.313
559.193
559.073
558.952
558.832
558.711
558.591
558.471
558.35
558.23
558.11
557.989
557.869
557.749
557.628
557.508
557.388
557.268
557.148
557.027
556.907
556.787
556.667
556.547
556.427
556.307
556.187
556.067
555.947
555.827
555.707
555.587
555.467
555.347
555.227
555.107
554.987
554.868
554.748
554.628
554.508
554.388
554.269
554.149
554.029
553.91
553.79
553.67
553.551
553.431
553.311
553.192
553.072
552.953
552.833
552.714
552.594
552.475
552.355
552.236
552.116
551.997
551.877
551.758
551.639
551.519
551.4
551.281
551.161
551.042
550.923
550.804
550.684
550.565
550.446
550.327
550.208
550.089
549.97
549.85
549.731
549.612
549.493
549.374
549.255
549.136
549.017
548.898
548.779
548.66
548.542
548.423
548.304
548.185
548.066
547.947
547.828
547.71
547.591
547.472
547.353
547.235
547.116
546.997
546.879
546.76
546.641
546.523
546.404
546.286
546.167
546.049
545.93
545.812
545.693
545.575
545.456
545.338
545.219
545.101
544.983
544.864
544.746
544.628
544.509
544.391
544.273
544.154
544.036
543.918
543.8
543.682
543.563
543.445
543.327
543.209
543.091
542.973
542.855
542.737
542.619
542.501
542.383
542.265
542.147
542.029
541.911
541.793
541.675
541.557
541.44
541.322
541.204
541.086
540.968
540.851
540.733
540.615
540.497
540.38
540.262
540.144
540.027
539.909
539.791
539.674
539.556
539.439
539.321
539.204
539.086
538.969
538.851
538.734
538.616
538.499
538.382
538.264
538.147
538.029
537.912
537.795
537.678
537.56
537.443
537.326
537.209
537.091
536.974
536.857
536.74
536.623
536.506
536.388
536.271
536.154
536.037
535.92
535.803
535.686
535.569
535.452
535.335
535.218
535.101
534.985
534.868
534.751
534.634
534.517
534.4
534.284
534.167
534.05
533.933
533.817
533.7
533.583
533.467
533.35
533.233
533.117
533
532.883
532.767
532.65
532.534
532.417
532.301
532.184
532.068
531.951
531.835
531.719
531.602
531.486
531.369
531.253
531.137
531.02
530.904
530.788
530.672
530.555
530.439
530.323
530.207
530.091
529.975
529.858
529.742
529.626
529.51
529.394
529.278
529.162
529.046
528.93
528.814
528.698
528.582
528.466
528.35
528.234
528.118
528.003
527.887
527.771
527.655
527.539
527.424
527.308
527.192
527.076
526.961
526.845
526.729
526.614
526.498
526.382
526.267
526.151
526.036
525.92
525.805
525.689
525.574
525.458
525.343
525.227
525.112
524.996
524.881
524.766
524.65
524.535
524.42
524.304
524.189
524.074
523.958
523.843
523.728
523.613
523.498
523.382
523.267
523.152
523.037
522.922
522.807
522.692
522.577
522.462
522.347
522.232
522.117
522.002
521.887
521.772
521.657
521.542
521.427
521.312
521.197
521.083
520.968
520.853
520.738
520.623
520.509
520.394
520.279
520.164
520.05
519.935
519.82
519.706
519.591
519.477
519.362
519.248
519.133
519.018
518.904
518.789
518.675
518.561
518.446
518.332
518.217
518.103
517.989
517.874
517.76
517.646
517.531
517.417
517.303
517.188
517.074
516.96
516.846
516.732
516.617
516.503
516.389
516.275
516.161
516.047
515.933
515.819
515.705
515.591
515.477
515.363
515.249
515.135
515.021
514.907
514.793
514.679
514.565
514.451
514.338
514.224
514.11
513.996
513.882
513.769
513.655
513.541
513.428
513.314
513.2
513.087
512.973
512.859
512.746
512.632
512.519
512.405
512.292
512.178
512.065
511.951
511.838
511.724
511.611
511.497
511.384
511.271
511.157
511.044
510.931
510.817
510.704
510.591
510.477
510.364
510.251
510.138
510.025
509.911
509.798
509.685
509.572
509.459
509.346
509.233
509.12
509.007
508.894
508.781
508.668
508.555
508.442
508.329
508.216
508.103
507.99
507.877
507.764
507.651
507.539
507.426
507.313
507.2
507.088
506.975
506.862
506.749
506.637
506.524
506.411
506.299
506.186
506.074
505.961
505.848
505.736
505.623
505.511
505.398
505.286
505.173
505.061
504.948
504.836
504.724
504.611
504.499
504.387
504.274
504.162
504.05
503.937
503.825
503.713
503.601
503.488
503.376
503.264
503.152
503.04
502.927
502.815
502.703
502.591
502.479
502.367
502.255
502.143
502.031
501.919
501.807
501.695
501.583
501.471
501.359
501.247
501.136
501.024
500.912
500.8
500.688
500.576
500.465
500.353
500.241
500.129
500.018
499.906
499.794
499.683
499.571
499.459
499.348
499.236
499.125
499.013
498.902
498.79
498.679
498.567
498.456
498.344
498.233
498.121
498.01
497.899
497.787
497.676
497.564
497.453
497.342
497.231
497.119
497.008
496.897
496.786
496.674
496.563
496.452
496.341
496.23
496.119
496.007
495.896
495.785
495.674
495.563
495.452
495.341
495.23
495.119
495.008
494.897
494.786
494.675
494.565
494.454
494.343
494.232
494.121
494.01
493.899
493.789
493.678
493.567
493.456
493.346
493.235
493.124
493.014
492.903
492.792
492.682
492.571
492.461
492.35
492.239
492.129
492.018
491.908
491.797
491.687
491.577
491.466
491.356
491.245
491.135
491.025
490.914
490.804
490.694
490.583
490.473
490.363
490.252
490.142
490.032
489.922
489.812
489.701
489.591
489.481
489.371
489.261
489.151
489.041
488.931
488.821
488.711
488.6
488.49
488.381
488.271
488.161
488.051
487.941
487.831
487.721
487.611
487.501
487.391
487.282
487.172
487.062
486.952
486.843
486.733
486.623
486.513
486.404
486.294
486.184
486.075
485.965
485.855
485.746
485.636
485.527
485.417
485.308
485.198
485.089
484.979
484.87
484.76
484.651
484.541
484.432
484.323
484.213
484.104
483.995
483.885
483.776
483.667
483.558
483.448
483.339
483.23
483.121
483.011
482.902
482.793
482.684
482.575
482.466
482.357
482.248
482.139
482.029
481.92
481.811
481.702
481.594
481.485
481.376
481.267
481.158
481.049
480.94
480.831
480.722
480.613
480.505
480.396
480.287
480.178
480.07
479.961
479.852
479.743
479.635
479.526
479.417
479.309
479.2
479.092
478.983
478.874
478.766
478.657
478.549
478.44
478.332
478.223
478.115
478.006
477.898
477.79
477.681
477.573
477.464
477.356
477.248
477.139
477.031
476.923
476.815
476.706
476.598
476.49
476.382
476.273
476.165
476.057
475.949
475.841
475.733
475.625
475.517
475.408
475.3
475.192
475.084
474.976
474.868
474.76
474.652
474.545
474.437
474.329
474.221
474.113
474.005
473.897
473.789
473.682
473.574
473.466
473.358
473.251
473.143
473.035
472.927
472.82
472.712
472.604
472.497
472.389
472.282
472.174
472.066
471.959
471.851
471.744
471.636
471.529
471.421
471.314
471.206
471.099
470.992
470.884
470.777
470.67
470.562
470.455
470.348
470.24
470.133
470.026
469.918
469.811
469.704
469.597
469.49
469.382
469.275
469.168
469.061
468.954
468.847
468.74
468.633
468.526
468.419
468.312
468.205
468.098
467.991
467.884
467.777
467.67
467.563
467.456
467.349
467.242
467.135
467.029
466.922
466.815
466.708
466.601
466.495
466.388
466.281
466.175
466.068
465.961
465.854
465.748
465.641
465.535
465.428
465.321
465.215
465.108
465.002
464.895
464.789
464.682
464.576
464.469
464.363
464.257
464.15
464.044
463.937
463.831
463.725
463.618
463.512
463.406
463.299
463.193
463.087
462.981
462.875
462.768
462.662
462.556
462.45
462.344
462.238
462.131
462.025
461.919
461.813
461.707
461.601
461.495
461.389
461.283
461.177
461.071
460.965
460.859
460.753
460.648
460.542
460.436
460.33
460.224
460.118
460.013
459.907
459.801
459.695
459.59
459.484
459.378
459.272
459.167
459.061
458.955
458.85
458.744
458.639
458.533
458.427
458.322
458.216
458.111
458.005
457.9
457.794
457.689
457.584
457.478
457.373
457.267
457.162
457.057
456.951
456.846
456.741
456.635
456.53
456.425
456.319
456.214
456.109
456.004
455.899
455.793
455.688
455.583
455.478
455.373
455.268
455.163
455.058
454.953
454.847
454.742
454.637
454.532
454.427
454.323
454.218
454.113
454.008
453.903
453.798
453.693
453.588
453.483
453.379
453.274
453.169
453.064
452.959
452.855
452.75
452.645
452.54
452.436
452.331
452.226
452.122
452.017
451.913
451.808
451.703
451.599
451.494
451.39
451.285
451.181
451.076
450.972
450.867
450.763
450.658
450.554
450.45
450.345
450.241
450.137
450.032
449.928
449.824
449.719
449.615
449.511
449.406
449.302
449.198
449.094
448.99
448.885
448.781
448.677
448.573
448.469
448.365
448.261
448.157
448.053
447.949
447.845
447.741
447.637
447.533
447.429
447.325
447.221
447.117
447.013
446.909
446.805
446.701
446.598
446.494
446.39
446.286
446.182
446.079
445.975
445.871
445.767
445.664
445.56
445.456
445.353
445.249
445.145
445.042
444.938
444.835
444.731
444.628
444.524
444.42
444.317
444.213
444.11
444.007
443.903
443.8
443.696
443.593
443.489
443.386
443.283
443.179
443.076
442.973
442.869
442.766
442.663
442.56
442.456
442.353
442.25
442.147
442.044
441.941
441.837
441.734
441.631
441.528
441.425
441.322
441.219
441.116
441.013
440.91
440.807
440.704
440.601
440.498
440.395
440.292
440.189
440.086
439.983
439.88
439.778
439.675
439.572
439.469
439.366
439.264
439.161
439.058
438.955
438.853
438.75
438.647
438.545
438.442
438.339
438.237
438.134
438.031
437.929
437.826
437.724
437.621
437.519
437.416
437.314
437.211
437.109
437.006
436.904
436.801
436.699
436.597
436.494
436.392
436.29
436.187
436.085
435.983
435.88
435.778
435.676
435.574
435.471
435.369
435.267
435.165
435.063
434.961
434.858
434.756
434.654
434.552
434.45
434.348
434.246
434.144
434.042
433.94
433.838
433.736
433.634
433.532
433.43
433.328
433.226
433.124
433.022
432.921
432.819
432.717
432.615
432.513
432.412
432.31
432.208
432.106
432.005
431.903
431.801
431.699
431.598
431.496
431.394
431.293
431.191
431.09
430.988
430.887
430.785
430.683
430.582
430.48
430.379
430.277
430.176
430.075
429.973
429.872
429.77
429.669
429.568
429.466
429.365
429.263
429.162
429.061
428.96
428.858
428.757
428.656
428.555
428.453
428.352
428.251
428.15
428.049
427.947
427.846
427.745
427.644
427.543
427.442
427.341
427.24
427.139
427.038
426.937
426.836
426.735
426.634
426.533
426.432
426.331
426.23
426.129
426.029
425.928
425.827
425.726
425.625
425.524
425.424
425.323
425.222
425.121
425.021
424.92
424.819
424.719
424.618
424.517
424.417
424.316
424.215
424.115
424.014
423.914
423.813
423.713
423.612
423.512
423.411
423.311
423.21
423.11
423.009
422.909
422.808
422.708
422.608
422.507
422.407
422.307
422.206
422.106
422.006
421.905
421.805
421.705
421.605
421.504
421.404
421.304
421.204
421.104
421.003
420.903
420.803
420.703
420.603
420.503
420.403
420.303
420.203
420.103
420.003
419.903
419.803
419.703
419.603
419.503
419.403
419.303
419.203
419.103
419.003
418.904
418.804
418.704
418.604
418.504
418.405
418.305
418.205
418.105
418.006
417.906
417.806
417.706
417.607
417.507
417.407
417.308
417.208
417.109
417.009
416.909
416.81
416.71
416.611
416.511
416.412
416.312
416.213
416.113
416.014
415.915
415.815
415.716
415.616
415.517
415.418
415.318
415.219
415.12
415.02
414.921
414.822
414.723
414.623
414.524
414.425
414.326
414.226
414.127
414.028
413.929
413.83
413.731
413.632
413.532
413.433
413.334
413.235
413.136
413.037
412.938
412.839
412.74
412.641
412.542
412.443
412.344
412.246
412.147
412.048
411.949
411.85
411.751
411.652
411.554
411.455
411.356
411.257
411.158
411.06
410.961
410.862
410.764
410.665
410.566
410.468
410.369
410.27
410.172
410.073
409.974
409.876
409.777
409.679
409.58
409.482
409.383
409.285
409.186
409.088
408.989
408.891
408.792
408.694
408.596
408.497
408.399
408.3
408.202
408.104
408.005
407.907
407.809
407.711
407.612
407.514
407.416
407.318
407.219
407.121
407.023
406.925
406.827
406.729
406.631
406.532
406.434
406.336
406.238
406.14
406.042
405.944
405.846
405.748
405.65
405.552
405.454
405.356
405.258
405.16
405.062
404.965
404.867
404.769
404.671
404.573
404.475
404.377
404.28
404.182
404.084
403.986
403.889
403.791
403.693
403.595
403.498
403.4
403.302
403.205
403.107
403.01
402.912
402.814
402.717
402.619
402.522
402.424
402.327
402.229
402.132
402.034
401.937
401.839
401.742
401.644
401.547
401.45
401.352
401.255
401.157
401.06
400.963
400.865
400.768
400.671
400.574
400.476
400.379
400.282
400.185
400.087
399.99
399.893
399.796
399.699
399.601
399.504
399.407
399.31
399.213
399.116
399.019
398.922
398.825
398.728
398.631
398.534
398.437
398.34
398.243
398.146
398.049
397.952
397.855
397.758
397.661
397.564
397.468
397.371
397.274
397.177
397.08
396.984
396.887
396.79
396.693
396.597
396.5
396.403
396.306
396.21
396.113
396.016
395.92
395.823
395.727
395.63
395.533
395.437
395.34
395.244
395.147
395.051
394.954
394.858
394.761
394.665
394.568
394.472
394.375
394.279
394.183
394.086
393.99
393.893
393.797
393.701
393.604
393.508
393.412
393.316
393.219
393.123
393.027
392.931
392.834
392.738
392.642
392.546
392.45
392.354
392.257
392.161
392.065
391.969
391.873
391.777
391.681
391.585
391.489
391.393
391.297
391.201
391.105
391.009
390.913
390.817
390.721
390.625
390.529
390.433
390.337
390.242
390.146
390.05
389.954
389.858
389.762
389.667
389.571
389.475
389.379
389.284
389.188
389.092
388.997
388.901
388.805
388.71
388.614
388.518
388.423
388.327
388.232
388.136
388.04
387.945
387.849
387.754
387.658
387.563
387.467
387.372
387.276
387.181
387.085
386.99
386.895
386.799
386.704
386.608
386.513
386.418
386.322
386.227
386.132
386.037
385.941
385.846
385.751
385.656
385.56
385.465
385.37
385.275
385.18
385.084
384.989
384.894
384.799
384.704
384.609
384.514
384.419
384.324
384.228
384.133
384.038
383.943
383.848
383.753
383.658
383.564
383.469
383.374
383.279
383.184
383.089
382.994
382.899
382.804
382.709
382.615
382.52
382.425
382.33
382.235
382.141
382.046
381.951
381.856
381.762
381.667
381.572
381.478
381.383
381.288
381.194
381.099
381.004
380.91
380.815
380.721
380.626
380.532
380.437
380.343
380.248
380.154
380.059
379.965
379.87
379.776
379.681
379.587
379.492
379.398
379.304
379.209
379.115
379.021
378.926
378.832
378.738
378.643
378.549
378.455
378.36
378.266
378.172
378.078
377.983
377.889
377.795
377.701
377.607
377.513
377.418
377.324
377.23
377.136
377.042
376.948
376.854
376.76
376.666
376.572
376.478
376.384
376.29
376.196
376.102
376.008
375.914
375.82
375.726
375.632
375.538
375.445
375.351
375.257
375.163
375.069
374.975
374.882
374.788
374.694
374.6
374.506
374.413
374.319
374.225
374.132
374.038
373.944
373.851
373.757
373.663
373.57
373.476
373.382
373.289
373.195
373.102
373.008
372.915
372.821
372.728
372.634
372.541
372.447
372.354
372.26
372.167
372.073
371.98
371.886
371.793
371.7
371.606
371.513
371.42
371.326
371.233
371.14
371.046
370.953
370.86
370.766
370.673
370.58
370.487
370.394
370.3
370.207
370.114
370.021
369.928
369.835
369.741
369.648
369.555
369.462
369.369
369.276
369.183
369.09
368.997
368.904
368.811
368.718
368.625
368.532
368.439
368.346
368.253
368.16
368.067
367.974
367.881
367.789
367.696
367.603
367.51
367.417
367.324
367.232
367.139
367.046
366.953
366.861
366.768
366.675
366.582
366.49
366.397
366.304
366.212
366.119
366.026
365.934
365.841
365.748
365.656
365.563
365.471
365.378
365.286
365.193
365.101
365.008
364.916
364.823
364.731
364.638
364.546
364.453
364.361
364.268
364.176
364.084
363.991
363.899
363.806
363.714
363.622
363.529
363.437
363.345
363.253
363.16
363.068
362.976
362.883
362.791
362.699
362.607
362.515
362.422
362.33
362.238
362.146
362.054
361.962
361.87
361.778
361.685
361.593
361.501
361.409
361.317
361.225
361.133
361.041
360.949
360.857
360.765
360.673
360.581
360.489
360.397
360.306
360.214
360.122
360.03
359.938
359.846
359.754
359.662
359.571
359.479
359.387
359.295
359.204
359.112
359.02
358.928
358.837
358.745
358.653
358.561
358.47
358.378
358.286
358.195
358.103
358.012
357.92
357.828
357.737
357.645
357.554
357.462
357.371
357.279
357.187
357.096
357.004
356.913
356.822
356.73
356.639
356.547
356.456
356.364
356.273
356.182
356.09
355.999
355.907
355.816
355.725
355.633
355.542
355.451
355.36
355.268
355.177
355.086
354.995
354.903
354.812
354.721
354.63
354.539
354.447
354.356
354.265
354.174
354.083
353.992
353.901
353.809
353.718
353.627
353.536
353.445
353.354
353.263
353.172
353.081
352.99
352.899
352.808
352.717
352.626
352.535
352.444
352.353
352.263
352.172
352.081
351.99
351.899
351.808
351.717
351.627
351.536
351.445
351.354
351.263
351.173
351.082
350.991
350.9
350.81
350.719
350.628
350.538
350.447
350.356
350.266
350.175
350.084
349.994
349.903
349.813
349.722
349.631
349.541
349.45
349.36
349.269
349.179
349.088
348.998
348.907
348.817
348.726
348.636
348.545
348.455
348.364
348.274
348.184
348.093
348.003
347.913
347.822
347.732
347.641
347.551
347.461
347.371
347.28
347.19
347.1
347.009
346.919
346.829
346.739
346.649
346.558
346.468
346.378
346.288
346.198
346.108
346.017
345.927
345.837
345.747
345.657
345.567
345.477
345.387
345.297
345.207
345.117
345.027
344.937
344.847
344.757
344.667
344.577
344.487
344.397
344.307
344.217
344.127
344.037
343.947
343.857
343.768
343.678
343.588
343.498
343.408
343.318
343.229
343.139
343.049
342.959
342.87
342.78
342.69
342.6
342.511
342.421
342.331
342.242
342.152
342.062
341.973
341.883
341.793
341.704
341.614
341.525
341.435
341.345
341.256
341.166
341.077
340.987
340.898
340.808
340.719
340.629
340.54
340.45
340.361
340.271
340.182
340.092
340.003
339.914
339.824
339.735
339.646
339.556
339.467
339.377
339.288
339.199
339.11
339.02
338.931
338.842
338.752
338.663
338.574
338.485
338.395
338.306
338.217
338.128
338.039
337.949
337.86
337.771
337.682
337.593
337.504
337.415
337.326
337.237
337.147
337.058
336.969
336.88
336.791
336.702
336.613
336.524
336.435
336.346
336.257
336.168
336.079
335.99
335.901
335.813
335.724
335.635
335.546
335.457
335.368
335.279
335.19
335.102
335.013
334.924
334.835
334.746
334.658
334.569
334.48
334.391
334.303
334.214
334.125
334.036
333.948
333.859
333.77
333.682
333.593
333.504
333.416
333.327
333.238
333.15
333.061
332.973
332.884
332.795
332.707
332.618
332.53
332.441
332.353
332.264
332.176
332.087
331.999
331.91
331.822
331.733
331.645
331.557
331.468
331.38
331.291
331.203
331.115
331.026
330.938
330.85
330.761
330.673
330.585
330.496
330.408
330.32
330.231
330.143
330.055
329.967
329.878
329.79
329.702
329.614
329.526
329.437
329.349
329.261
329.173
329.085
328.997
328.908
328.82
328.732
328.644
328.556
328.468
328.38
328.292
328.204
328.116
328.028
327.94
327.852
327.764
327.676
327.588
327.5
327.412
327.324
327.236
327.148
327.06
326.972
326.884
326.796
326.709
326.621
326.533
326.445
326.357
326.269
326.182
326.094
326.006
325.918
325.83
325.743
325.655
325.567
325.479
325.392
325.304
325.216
325.128
325.041
324.953
324.865
324.778
324.69
324.602
324.515
324.427
324.34
324.252
324.164
324.077
323.989
323.902
323.814
323.727
323.639
323.552
323.464
323.377
323.289
323.202
323.114
323.027
322.939
322.852
322.764
322.677
322.589
322.502
322.415
322.327
322.24
322.152
322.065
321.978
321.89
321.803
321.716
321.628
321.541
321.454
321.367
321.279
321.192
321.105
321.017
320.93
320.843
320.756
320.669
320.581
320.494
320.407
320.32
320.233
320.146
320.058
319.971
319.884
319.797
319.71
319.623
319.536
319.449
319.362
319.275
319.187
319.1
319.013
318.926
318.839
318.752
318.665
318.578
318.491
318.404
318.317
318.231
318.144
318.057
317.97
317.883
317.796
317.709
317.622
317.535
317.448
317.362
317.275
317.188
317.101
317.014
316.927
316.841
316.754
316.667
316.58
316.494
316.407
316.32
316.233
316.147
316.06
315.973
315.886
315.8
315.713
315.626
315.54
315.453
315.366
315.28
315.193
315.107
315.02
314.933
314.847
314.76
314.674
314.587
314.501
314.414
314.328
314.241
314.154
314.068
313.981
313.895
313.808
313.722
313.636
313.549
313.463
313.376
313.29
313.203
313.117
313.031
312.944
312.858
312.771
312.685
312.599
312.512
312.426
312.34
312.253
312.167
312.081
311.995
311.908
311.822
311.736
311.649
311.563
311.477
311.391
311.305
311.218
311.132
311.046
310.96
310.874
310.787
310.701
310.615
310.529
310.443
310.357
310.271
310.185
310.098
310.012
309.926
309.84
309.754
309.668
309.582
309.496
309.41
309.324
309.238
309.152
309.066
308.98
308.894
308.808
308.722
308.636
308.55
308.464
308.378
308.292
308.207
308.121
308.035
307.949
307.863
307.777
307.691
307.605
307.52
307.434
307.348
307.262
307.176
307.091
307.005
306.919
306.833
306.748
306.662
306.576
306.49
306.405
306.319
306.233
306.148
306.062
305.976
305.89
305.805
305.719
305.634
305.548
305.462
305.377
305.291
305.205
305.12
305.034
304.949
304.863
304.778
304.692
304.606
304.521
304.435
304.35
304.264
304.179
304.093
304.008
303.922
303.837
303.751
303.666
303.581
303.495
303.41
303.324
303.239
303.154
303.068
302.983
302.897
302.812
302.727
302.641
302.556
302.471
302.385
302.3
302.215
302.129
302.044
301.959
301.874
301.788
301.703
301.618
301.532
301.447
301.362
301.277
301.192
301.106
301.021
300.936
300.851
300.766
300.681
300.595
300.51
300.425
300.34
300.255
300.17
300.085
300
299.914
299.829
299.744
299.659
299.574
299.489
299.404
299.319
299.234
299.149
299.064
298.979
298.894
298.809
298.724
298.639
298.554
298.469
298.384
298.299
298.214
298.129
298.045
297.96
297.875
297.79
297.705
297.62
297.535
297.45
297.366
297.281
297.196
297.111
297.026
296.941
296.857
296.772
296.687
296.602
296.518
296.433
296.348
296.263
296.179
296.094
296.009
295.924
295.84
295.755
295.67
295.586
295.501
295.416
295.332
295.247
295.162
295.078
294.993
294.908
294.824
294.739
294.655
294.57
294.485
294.401
294.316
294.232
294.147
294.063
293.978
293.894
293.809
293.725
293.64
293.556
293.471
293.387
293.302
293.218
293.133
293.049
292.964
292.88
292.795
292.711
292.627
292.542
292.458
292.373
292.289
292.205
292.12
292.036
291.952
291.867
291.783
291.699
291.614
291.53
291.446
291.361
291.277
291.193
291.108
291.024
290.94
290.856
290.771
290.687
290.603
290.519
290.435
290.35
290.266
290.182
290.098
290.014
289.929
289.845
289.761
289.677
289.593
289.509
289.425
289.34
289.256
289.172
289.088
289.004
288.92
288.836
288.752
288.668
288.584
288.5
288.416
288.332
288.247
288.163
288.079
287.995
287.911
287.827
287.743
287.66
287.576
287.492
287.408
287.324
287.24
287.156
287.072
286.988
286.904
286.82
286.736
286.652
286.568
286.485
286.401
286.317
286.233
286.149
286.065
285.982
285.898
285.814
285.73
285.646
285.562
285.479
285.395
285.311
285.227
285.144
285.06
284.976
284.892
284.809
284.725
284.641
284.557
284.474
284.39
284.306
284.223
284.139
284.055
283.972
283.888
283.804
283.721
283.637
283.553
283.47
283.386
283.303
283.219
283.135
283.052
282.968
282.885
282.801
282.718
282.634
282.55
282.467
282.383
282.3
282.216
282.133
282.049
281.966
281.882
281.799
281.715
281.632
281.548
281.465
281.381
281.298
281.215
281.131
281.048
280.964
280.881
280.798
280.714
280.631
280.547
280.464
280.381
280.297
280.214
280.13
280.047
279.964
279.88
279.797
279.714
279.631
279.547
279.464
279.381
279.297
279.214
279.131
279.048
278.964
278.881
278.798
278.715
278.631
278.548
278.465
278.382
278.298
278.215
278.132
278.049
277.966
277.882
277.799
277.716
277.633
277.55
277.467
277.384
277.3
277.217
277.134
277.051
276.968
276.885
276.802
276.719
276.636
276.553
276.469
276.386
276.303
276.22
276.137
276.054
275.971
275.888
275.805
275.722
275.639
275.556
275.473
275.39
275.307
275.224
275.141
275.058
274.975
274.892
274.809
274.727
274.644
274.561
274.478
274.395
274.312
274.229
274.146
274.063
273.98
273.897
273.815
273.732
273.649
273.566
273.483
273.4
273.318
273.235
273.152
273.069
272.986
272.903
272.821
272.738
272.655
272.572
272.49
272.407
272.324
272.241
272.159
272.076
271.993
271.91
271.828
271.745
271.662
271.579
271.497
271.414
271.331
271.249
271.166
271.083
271.001
270.918
270.835
270.753
270.67
270.587
270.505
270.422
270.34
270.257
270.174
270.092
270.009
269.927
269.844
269.761
269.679
269.596
269.514
269.431
269.349
269.266
269.183
269.101
269.018
268.936
268.853
268.771
268.688
268.606
268.523
268.441
268.358
268.276
268.193
268.111
268.028
267.946
267.864
267.781
267.699
267.616
267.534
267.451
267.369
267.287
267.204
267.122
267.039
266.957
266.875
266.792
266.71
266.627
266.545
266.463
266.38
266.298
266.216
266.133
266.051
265.969
265.886
265.804
265.722
265.639
265.557
265.475
265.393
265.31
265.228
265.146
265.063
264.981
264.899
264.817
264.734
264.652
264.57
264.488
264.406
264.323
264.241
264.159
264.077
263.994
263.912
263.83
263.748
263.666
263.584
263.501
263.419
263.337
263.255
263.173
263.091
263.008
262.926
262.844
262.762
262.68
262.598
262.516
262.434
262.351
262.269
262.187
262.105
262.023
261.941
261.859
261.777
261.695
261.613
261.531
261.449
261.367
261.284
261.202
261.12
261.038
260.956
260.874
260.792
260.71
260.628
260.546
260.464
260.382
260.3
260.218
260.136
260.054
259.972
259.89
259.808
259.726
259.644
259.562
259.481
259.399
259.317
259.235
259.153
259.071
258.989
258.907
258.825
258.743
258.661
258.579
258.497
258.415
258.333
258.252
258.17
258.088
258.006
257.924
257.842
257.76
257.678
257.596
257.514
257.432
257.35
257.269
257.187
257.105
257.023
256.941
256.859
256.777
256.695
256.613
256.531
256.449
256.366
256.284
