151.668
150.558
149.448
148.338
147.228
146.118
145.008
143.898
142.788
141.678
140.568
139.458
138.348
137.238
136.127
135.017
133.907
132.797
131.686
130.576
129.465
128.355
127.244
126.134
125.023
123.913
122.802
121.692
120.581
119.47
118.359
117.249
116.138
115.027
113.916
112.805
111.694
110.584
109.473
108.362
107.251
106.139
105.028
103.917
102.806
101.695
100.584
99.4724
98.3612
97.2498
96.1385
95.0271
93.9157
92.8043
91.6929
90.5814
89.4698
88.3583
87.2467
86.1351
85.0235
83.9118
82.8001
81.6883
80.5766
79.4648
78.353
77.2411
76.1292
75.0173
73.9053
72.7934
71.6814
70.5693
69.4573
68.3452
67.233
66.1209
65.0087
63.8964
62.7842
61.6719
60.5596
59.4472
58.3349
57.2225
56.11
54.9976
53.8851
52.7725
51.66
50.5474
49.4348
48.3221
47.2094
46.0967
44.984
43.8712
42.7584
41.6456
40.5327
39.4198
38.3069
37.1939
36.0809
34.9679
33.8549
32.7418
31.6287
30.5156
29.4024
28.2892
27.176
26.0627
24.9494
23.8361
22.7227
21.6093
20.4959
19.3825
18.269
17.1555
16.042
14.9284
13.8148
12.7012
11.5875
10.4738
9.36012
8.24638
7.1326
6.01879
4.90495
3.79108
2.67717
1.56324
0.44928
-0.664713
-1.77874
-2.89279
-4.00687
-5.12099
-6.23514
-7.34931
-8.46352
-9.57775
-10.692
-11.8063
-12.9206
-14.035
-15.1494
-16.2638
-17.3783
-18.4927
-19.6073
-20.7218
-21.8364
-22.951
-24.0656
-25.1803
-26.295
-27.4097
-28.5244
-29.6392
-30.754
-31.8689
-32.9838
-34.0987
-35.2136
-36.3286
-37.4436
-38.5586
-39.6737
-40.7888
-41.9039
-43.019
-44.1342
-45.2494
-46.3647
-47.4799
-48.5952
-49.7106
-50.8259
-51.9413
-53.0568
-54.1722
-55.2877
-56.4032
-57.5188
-58.6344
-59.75
-60.8656
-61.9813
-63.097
-64.2127
-65.3285
-66.4443
-67.5601
-68.6759
-69.7918
-70.9077
-72.0237
-73.1396
-74.2556
-75.3717
-76.4877
-77.6038
-78.72
-79.8361
-80.9523
-82.0685
-83.1848
-84.301
-85.4174
-86.5337
-87.6501
-88.7665
-89.8829
-90.9994
-92.1159
-93.2324
-94.3489
-95.4655
-96.5821
-97.6988
-98.8154
-99.9321
-101.049
-102.166
-103.282
-104.399
-105.516
-106.633
-107.75
-108.867
-109.984
-111.101
-112.218
-113.335
-114.452
-115.569
-116.686
-117.804
-118.921
-120.038
-121.155
-122.273
-123.39
-124.507
-125.625
-126.742
-127.86
-128.977
-130.095
-131.212
-132.33
-133.447
-134.565
-135.683
-136.8
-137.918
-139.036
-140.154
-141.272
-142.389
-143.507
-144.625
-145.743
-146.861
-147.979
-149.097
-150.215
-151.333
-152.452
-153.57
-154.688
-155.806
-156.924
-158.043
-159.161
-160.279
-161.398
-162.516
-163.635
-164.753
-165.872
-166.99
-168.109
-169.227
-170.346
-171.465
-172.583
-173.702
-174.821
-175.939
-177.058
-178.177
-179.296
-180.415
-181.534
-182.653
-183.772
-184.891
-186.01
-187.129
-188.248
-189.367
-190.486
-191.605
-192.725
-193.844
-194.963
-196.083
-197.202
-198.321
-199.441
-200.56
-201.68
-202.799
-203.919
-205.038
-206.158
-207.277
-208.397
-209.517
-210.636
-211.756
-212.876
-213.996
-215.116
-216.235
-217.355
-218.475
-219.595
-220.715
-221.835
-222.955
-224.075
-225.196
-226.316
-227.436
-228.556
-229.676
-230.797
-231.917
-233.037
-234.157
-235.278
-236.398
-237.519
-238.639
-239.76
-240.88
-242.001
-243.121
-244.242
-245.363
-246.483
-247.604
-248.725
-249.846
-250.966
-252.087
-253.208
-254.329
-255.45
-256.571
-257.692
-258.813
-259.934
-261.055
-262.176
-263.297
-264.418
-265.54
-266.661
-267.782
-268.903
-270.025
-271.146
-272.268
-273.389
-274.51
-275.632
-276.753
-277.875
-278.997
-280.118
-281.24
-282.361
-283.483
-284.605
-285.727
-286.848
-287.97
-289.092
-290.214
-291.336
-292.458
-293.58
-294.702
-295.824
-296.946
-298.068
-299.19
-300.312
-301.434
-302.556
-303.679
-304.801
-305.923
-307.046
-308.168
-309.29
-310.413
-311.535
-312.658
-313.78
-314.903
-316.025
-317.148
-318.27
-319.393
-320.516
-321.639
-322.761
-323.884
-325.007
-326.13
-327.253
-328.375
-329.498
-330.621
-331.744
-332.867
-333.99
-335.114
-336.237
-337.36
-338.483
-339.606
-340.729
-341.853
-342.976
-344.099
-345.223
-346.346
-347.469
-348.593
-349.716
-350.84
-351.963
-353.087
-354.211
-355.334
-356.458
-357.582
-358.705
-359.829
-360.953
-362.077
-363.2
-364.324
-365.448
-366.572
-367.696
-368.82
-369.944
-371.068
-372.192
-373.316
-374.441
-375.565
-376.689
-377.813
-378.937
-380.062
-381.186
-382.31
-383.435
-384.559
-385.684
-386.808
-387.933
-389.057
-390.182
-391.306
-392.431
-393.556
-394.68
-395.805
-396.93
-398.055
-399.179
-400.304
-401.429
-402.554
-403.679
-404.804
-405.929
-407.054
-408.179
-409.304
-410.429
-411.554
-412.679
-413.805
-414.93
-416.055
-417.18
-418.306
-419.431
-420.556
-421.682
-422.807
-423.933
-425.058
-426.184
-427.309
-428.435
-429.561
-430.686
-431.812
-432.938
-434.063
-435.189
-436.315
-437.441
-438.567
-439.693
-440.819
-441.945
-443.07
-444.197
-445.323
-446.449
-447.575
-448.701
-449.827
-450.953
-452.079
-453.206
-454.332
-455.458
-456.585
-457.711
-458.838
-459.964
-461.09
-462.217
-463.343
-464.47
-465.597
-466.723
-467.85
-468.977
-470.103
-471.23
-472.357
-473.484
-474.61
-475.737
-476.864
-477.991
-479.118
-480.245
-481.372
-482.499
-483.626
-484.753
-485.881
-487.008
-488.135
-489.262
-490.389
-491.517
-492.644
-493.771
-494.899
-496.026
-497.154
-498.281
-499.409
-500.536
-501.664
-502.791
-503.919
-505.046
-506.174
-507.302
-508.43
-509.557
-510.685
-511.813
-512.941
-514.069
-515.197
-516.325
-517.453
-518.581
-519.709
-520.837
-521.965
-523.093
-524.221
-525.349
-526.478
-527.606
-528.734
-529.862
-530.991
-532.119
-533.248
-534.376
-535.505
-536.633
-537.762
-538.89
-540.019
-541.147
-542.276
-543.405
-544.533
-545.662
-546.791
-547.92
-549.048
-550.177
-551.306
-552.435
-553.564
-554.693
-555.822
-556.951
-558.08
-559.209
-560.338
-561.468
-562.597
-563.726
-564.855
-565.985
-567.114
-568.243
-569.373
-570.502
-571.631
-572.761
-573.89
-575.02
-576.149
-577.279
-578.409
-579.538
-580.668
-581.798
-582.927
-584.057
-585.187
-586.317
-587.447
-588.577
-589.706
-590.836
-591.966
-593.096
-594.226
-595.356
-596.487
-597.617
-598.747
-599.877
-601.007
-602.138
-603.268
-604.398
-605.528
-606.659
-607.789
-608.92
-610.05
-611.181
-612.311
-613.442
-614.572
-615.703
-616.834
-617.964
-619.095
-620.226
-621.356
-622.487
-623.618
-624.749
-625.88
-627.011
-628.142
-629.273
-630.404
-631.535
-632.666
-633.797
-634.928
-636.059
-637.19
-638.321
-639.453
-640.584
-641.715
-642.847
-643.978
-645.109
-646.241
-647.372
-648.504
-649.635
-650.767
-651.898
-653.03
-654.162
-655.293
-656.425
-657.557
-658.688
-659.82
-660.952
-662.084
-663.216
-664.348
-665.48
-666.612
-667.744
-668.876
-670.008
-671.14
-672.272
-673.404
-674.536
-675.668
-676.801
-677.933
-679.065
-680.197
-681.33
-682.462
-683.595
-684.727
-685.86
-686.992
-688.125
-689.257
-690.39
-691.522
-692.655
-693.788
-694.92
-696.053
-697.186
-698.319
-699.452
-700.585
-701.717
-702.85
-703.983
-705.116
-706.249
-707.382
-708.515
-709.649
-710.782
-711.915
-713.048
-714.181
-715.315
-716.448
-717.581
-718.715
-719.848
-720.981
-722.115
-723.248
-724.382
-725.515
-726.649
-727.782
-728.916
-730.05
-731.183
-732.317
-733.451
-734.585
-735.718
-736.852
-737.986
-739.12
-740.254
-741.388
-742.522
-743.656
-744.79
-745.924
-747.058
-748.192
-749.326
-750.461
-751.595
-752.729
-753.863
-754.998
-756.132
-757.266
-758.401
-759.535
-760.67
-761.804
-762.939
-764.073
-765.208
-766.342
-767.477
-768.612
-769.746
-770.881
-772.016
-773.151
-774.286
-775.42
-776.555
-777.69
-778.825
-779.96
-781.095
-782.23
-783.365
-784.5
-785.635
-786.771
-787.906
-789.041
-790.176
-791.312
-792.447
-793.582
-794.718
-795.853
-796.988
-798.124
-799.259
-800.395
-801.53
-802.666
-803.802
-804.937
-806.073
-807.209
-808.344
-809.48
-810.616
-811.752
-812.888
-814.023
-815.159
-816.295
-817.431
-818.567
-819.703
-820.839
-821.975
-823.112
-824.248
-825.384
-826.52
-827.656
-828.793
-829.929
-831.065
-832.202
-833.338
-834.474
-835.611
-836.747
-837.884
-839.02
-840.157
-841.293
-842.43
-843.567
-844.703
-845.84
-846.977
-848.114
-849.251
-850.387
-851.524
-852.661
-853.798
-854.935
-856.072
-857.209
-858.346
-859.483
-860.62
-861.757
-862.895
-864.032
-865.169
-866.306
-867.444
-868.581
-869.718
-870.856
-871.993
-873.13
-874.268
-875.405
-876.543
-877.68
-878.818
-879.956
-881.093
-882.231
-883.369
-884.506
-885.644
-886.782
-887.92
-889.058
-890.196
-891.334
-892.471
-893.609
-894.747
-895.885
-897.024
-898.162
-899.3
-900.438
-901.576
-902.714
-903.853
-904.991
-906.129
-907.268
-908.406
-909.544
-910.683
-911.821
-912.96
-914.098
-915.237
-916.375
-917.514
-918.653
-919.791
-920.93
-922.069
-923.207
-924.346
-925.485
-926.624
-927.763
-928.902
-930.041
-931.18
-932.319
-933.458
-934.597
-935.736
-936.875
-938.014
-939.153
-940.292
-941.432
-942.571
-943.71
-944.85
-945.989
-947.128
-948.268
-949.407
-950.547
-951.686
-952.826
-953.965
-955.105
-956.244
-957.384
-958.524
-959.664
-960.803
-961.943
-963.083
-964.223
-965.363
-966.502
-967.642
-968.782
-969.922
-971.062
-972.202
-973.342
-974.483
-975.623
-976.763
-977.903
-979.043
-980.184
-981.324
-982.464
-983.605
-984.745
-985.885
-987.026
-988.166
-989.307
-990.447
-991.588
-992.728
-993.869
-995.01
-996.15
-997.291
-998.432
-999.573
-1000.71
-1001.85
-1002.99
-1004.14
-1005.28
-1006.42
-1007.56
-1008.7
-1009.84
-1010.98
-1012.12
-1013.26
-1014.41
-1015.55
-1016.69
-1017.83
-1018.97
-1020.11
-1021.25
-1022.39
-1023.54
-1024.68
-1025.82
-1026.96
-1028.1
-1029.24
-1030.38
-1031.53
-1032.67
-1033.81
-1034.95
-1036.09
-1037.23
-1038.38
-1039.52
-1040.66
-1041.8
-1042.94
-1044.09
-1045.23
-1046.37
-1047.51
-1048.65
-1049.8
-1050.94
-1052.08
-1053.22
-1054.36
-1055.51
-1056.65
-1057.79
-1058.93
-1060.08
-1061.22
-1062.36
-1063.5
-1064.65
-1065.79
-1066.93
-1068.07
-1069.22
-1070.36
-1071.5
-1072.64
-1073.79
-1074.93
-1076.07
-1077.21
-1078.36
-1079.5
-1080.64
-1081.79
-1082.93
-1084.07
-1085.22
-1086.36
-1087.5
-1088.64
-1089.79
-1090.93
-1092.07
-1093.22
-1094.36
-1095.5
-1096.65
-1097.79
-1098.93
-1100.08
-1101.22
-1102.36
-1103.51
-1104.65
-1105.79
-1106.94
-1108.08
-1109.23
-1110.37
-1111.51
-1112.66
-1113.8
-1114.94
-1116.09
-1117.23
-1118.38
-1119.52
-1120.66
-1121.81
-1122.95
-1124.1
-1125.24
-1126.38
-1127.53
-1128.67
-1129.82
-1130.96
-1132.1
-1133.25
-1134.39
-1135.54
-1136.68
-1137.83
-1138.97
-1140.11
-1141.26
-1142.4
-1143.55
-1144.69
-1145.84
-1146.98
-1148.13
-1149.27
-1150.42
-1151.56
-1152.71
-1153.85
-1155
-1156.14
-1157.29
-1158.43
-1159.58
-1160.72
-1161.87
-1163.01
-1164.16
-1165.3
-1166.45
-1167.59
-1168.74
-1169.88
-1171.03
-1172.17
-1173.32
-1174.46
-1175.61
-1176.75
-1177.9
-1179.04
-1180.19
-1181.33
-1182.48
-1183.63
-1184.77
-1185.92
-1187.06
-1188.21
-1189.35
-1190.5
-1191.65
-1192.79
-1193.94
-1195.08
-1196.23
-1197.38
-1198.52
-1199.67
-1200.81
-1201.96
-1203.11
-1204.25
-1205.4
-1206.54
-1207.69
-1208.84
-1209.98
-1211.13
-1212.28
-1213.42
-1214.57
-1215.71
-1216.86
-1218.01
-1219.15
-1220.3
-1221.45
-1222.59
-1223.74
-1224.89
-1226.03
-1227.18
-1228.33
-1229.47
-1230.62
-1231.77
-1232.91
-1234.06
-1235.21
-1236.35
-1237.5
-1238.65
-1239.8
-1240.94
-1242.09
-1243.24
-1244.38
-1245.53
-1246.68
-1247.83
-1248.97
-1250.12
-1251.27
-1252.42
-1253.56
-1254.71
-1255.86
-1257
-1258.15
-1259.3
-1260.45
-1261.6
-1262.74
-1263.89
-1265.04
-1266.19
-1267.33
-1268.48
-1269.63
-1270.78
-1271.93
-1273.07
-1274.22
-1275.37
-1276.52
-1277.66
-1278.81
-1279.96
-1281.11
-1282.26
-1283.41
-1284.55
-1285.7
-1286.85
-1288
-1289.15
-1290.3
-1291.44
-1292.59
-1293.74
-1294.89
-1296.04
-1297.19
-1298.33
-1299.48
-1300.63
-1301.78
-1302.93
-1304.08
-1305.23
-1306.38
-1307.52
-1308.67
-1309.82
-1310.97
-1312.12
-1313.27
-1314.42
-1315.57
-1316.72
-1317.86
-1319.01
-1320.16
-1321.31
-1322.46
-1323.61
-1324.76
-1325.91
-1327.06
-1328.21
-1329.36
-1330.51
-1331.66
-1332.81
-1333.95
-1335.1
-1336.25
-1337.4
-1338.55
-1339.7
-1340.85
-1342
-1343.15
-1344.3
-1345.45
-1346.6
-1347.75
-1348.9
-1350.05
-1351.2
-1352.35
-1353.5
-1354.65
-1355.8
-1356.95
-1358.1
-1359.25
-1360.4
-1361.55
-1362.7
-1363.85
-1365
-1366.15
-1367.3
-1368.45
-1369.6
-1370.75
-1371.9
-1373.05
-1374.21
-1375.36
-1376.51
-1377.66
-1378.81
-1379.96
-1381.11
-1382.26
-1383.41
-1384.56
-1385.71
-1386.86
-1388.01
-1389.16
-1390.32
-1391.47
-1392.62
-1393.77
-1394.92
-1396.07
-1397.22
-1398.37
-1399.52
-1400.68
-1401.83
-1402.98
-1404.13
-1405.28
-1406.43
-1407.58
-1408.73
-1409.89
-1411.04
-1412.19
-1413.34
-1414.49
-1415.64
-1416.8
-1417.95
-1419.1
-1420.25
-1421.4
-1422.55
-1423.71
-1424.86
-1426.01
-1427.16
-1428.31
-1429.47
-1430.62
-1431.77
-1432.92
-1434.07
-1435.23
-1436.38
-1437.53
-1438.68
-1439.83
-1440.99
-1442.14
-1443.29
-1444.44
-1445.6
-1446.75
-1447.9
-1449.05
-1450.21
-1451.36
-1452.51
-1453.66
-1454.82
-1455.97
-1457.12
-1458.27
-1459.43
-1460.58
-1461.73
-1462.88
-1464.04
-1465.19
-1466.34
-1467.5
-1468.65
-1469.8
-1470.96
-1472.11
-1473.26
-1474.41
-1475.57
-1476.72
-1477.87
-1479.03
-1480.18
-1481.33
-1482.49
-1483.64
-1484.79
-1485.95
-1487.1
-1488.25
-1489.41
-1490.56
-1491.71
-1492.87
-1494.02
-1495.18
-1496.33
-1497.48
-1498.64
-1499.79
-1500.94
-1502.1
-1503.25
-1504.41
-1505.56
-1506.71
-1507.87
-1509.02
-1510.18
-1511.33
-1512.48
-1513.64
-1514.79
-1515.95
-1517.1
-1518.25
-1519.41
-1520.56
-1521.72
-1522.87
-1524.03
-1525.18
-1526.34
-1527.49
-1528.64
-1529.8
-1530.95
-1532.11
-1533.26
-1534.42
-1535.57
-1536.73
-1537.88
-1539.04
-1540.19
-1541.35
-1542.5
-1543.66
-1544.81
-1545.97
-1547.12
-1548.28
-1549.43
-1550.59
-1551.74
-1552.9
-1554.05
-1555.21
-1556.36
-1557.52
-1558.67
-1559.83
-1560.98
-1562.14
-1563.29
-1564.45
-1565.6
-1566.76
-1567.91
-1569.07
-1570.23
-1571.38
-1572.54
-1573.69
-1574.85
-1576
-1577.16
-1578.32
-1579.47
-1580.63
-1581.78
-1582.94
-1584.1
-1585.25
-1586.41
-1587.56
-1588.72
-1589.88
-1591.03
-1592.19
-1593.34
-1594.5
-1595.66
-1596.81
-1597.97
-1599.12
-1600.28
-1601.44
-1602.59
-1603.75
-1604.91
-1606.06
-1607.22
-1608.38
-1609.53
-1610.69
-1611.85
-1613
-1614.16
-1615.32
-1616.47
-1617.63
-1618.79
-1619.94
-1621.1
-1622.26
-1623.41
-1624.57
-1625.73
-1626.89
-1628.04
-1629.2
-1630.36
-1631.51
-1632.67
-1633.83
-1634.99
-1636.14
-1637.3
-1638.46
-1639.61
-1640.77
-1641.93
-1643.09
-1644.24
-1645.4
-1646.56
-1647.72
-1648.87
-1650.03
-1651.19
-1652.35
-1653.51
-1654.66
-1655.82
-1656.98
-1658.14
-1659.29
-1660.45
-1661.61
-1662.77
-1663.93
-1665.08
-1666.24
-1667.4
-1668.56
-1669.72
-1670.87
-1672.03
-1673.19
-1674.35
-1675.51
-1676.67
-1677.82
-1678.98
-1680.14
-1681.3
-1682.46
-1683.62
-1684.77
-1685.93
-1687.09
-1688.25
-1689.41
-1690.57
-1691.73
-1692.88
-1694.04
-1695.2
-1696.36
-1697.52
-1698.68
-1699.84
-1701
-1702.16
-1703.31
-1704.47
-1705.63
-1706.79
-1707.95
-1709.11
-1710.27
-1711.43
-1712.59
-1713.75
-1714.91
-1716.06
-1717.22
-1718.38
-1719.54
-1720.7
-1721.86
-1723.02
-1724.18
-1725.34
-1726.5
-1727.66
-1728.82
-1729.98
-1731.14
-1732.3
-1733.46
-1734.62
-1735.78
-1736.94
-1738.1
-1739.26
-1740.42
-1741.58
-1742.74
-1743.9
-1745.06
-1746.22
-1747.38
-1748.54
-1749.7
-1750.86
-1752.02
-1753.18
-1754.34
-1755.5
-1756.66
-1757.82
-1758.98
-1760.14
-1761.3
-1762.46
-1763.62
-1764.78
-1765.94
-1767.1
-1768.26
-1769.42
-1770.59
-1771.75
-1772.91
-1774.07
-1775.23
-1776.39
-1777.55
-1778.71
-1779.87
-1781.03
-1782.19
-1783.35
-1784.52
-1785.68
-1786.84
-1788
-1789.16
-1790.32
-1791.48
-1792.64
-1793.81
-1794.97
-1796.13
-1797.29
-1798.45
-1799.61
-1800.77
-1801.94
-1803.1
-1804.26
-1805.42
-1806.58
-1807.74
-1808.9
-1810.07
-1811.23
-1812.39
-1813.55
-1814.71
-1815.88
-1817.04
-1818.2
-1819.36
-1820.52
-1821.68
-1822.85
-1824.01
-1825.17
-1826.33
-1827.5
-1828.66
-1829.82
-1830.98
-1832.14
-1833.31
-1834.47
-1835.63
-1836.79
-1837.96
-1839.12
-1840.28
-1841.44
-1842.61
-1843.77
-1844.93
-1846.09
-1847.26
-1848.42
-1849.58
-1850.74
-1851.91
-1853.07
-1854.23
-1855.4
-1856.56
-1857.72
-1858.88
-1860.05
-1861.21
-1862.37
-1863.54
-1864.7
-1865.86
-1867.03
-1868.19
-1869.35
-1870.51
-1871.68
-1872.84
-1874
-1875.17
-1876.33
-1877.49
-1878.66
-1879.82
-1880.99
-1882.15
-1883.31
-1884.48
-1885.64
-1886.8
-1887.97
-1889.13
-1890.29
-1891.46
-1892.62
-1893.79
-1894.95
-1896.11
-1897.28
-1898.44
-1899.61
-1900.77
-1901.93
-1903.1
-1904.26
-1905.43
-1906.59
-1907.75
-1908.92
-1910.08
-1911.25
-1912.41
-1913.57
-1914.74
-1915.9
-1917.07
-1918.23
-1919.4
-1920.56
-1921.73
-1922.89
-1924.05
-1925.22
-1926.38
-1927.55
-1928.71
-1929.88
-1931.04
-1932.21
-1933.37
-1934.54
-1935.7
-1936.87
-1938.03
-1939.2
-1940.36
-1941.53
-1942.69
-1943.86
-1945.02
-1946.19
-1947.35
-1948.52
-1949.68
-1950.85
-1952.01
-1953.18
-1954.34
-1955.51
-1956.68
-1957.84
-1959.01
-1960.17
-1961.34
-1962.5
-1963.67
-1964.83
-1966
-1967.17
-1968.33
-1969.5
-1970.66
-1971.83
-1972.99
-1974.16
-1975.33
-1976.49
-1977.66
-1978.82
-1979.99
-1981.16
-1982.32
-1983.49
-1984.65
-1985.82
-1986.99
-1988.15
-1989.32
-1990.48
-1991.65
-1992.82
-1993.98
-1995.15
-1996.32
-1997.48
-1998.65
-1999.82
-2000.98
-2002.15
-2003.32
-2004.48
-2005.65
-2006.82
-2007.98
-2009.15
-2010.32
-2011.48
-2012.65
-2013.82
-2014.98
-2016.15
-2017.32
-2018.48
-2019.65
-2020.82
-2021.98
-2023.15
-2024.32
-2025.49
-2026.65
-2027.82
-2028.99
-2030.15
-2031.32
-2032.49
-2033.66
-2034.82
-2035.99
-2037.16
-2038.33
-2039.49
-2040.66
-2041.83
-2043
-2044.16
-2045.33
-2046.5
-2047.67
-2048.83
-2050
-2051.17
-2052.34
-2053.51
-2054.67
-2055.84
-2057.01
-2058.18
-2059.35
-2060.51
-2061.68
-2062.85
-2064.02
-2065.19
-2066.35
-2067.52
-2068.69
-2069.86
-2071.03
-2072.2
-2073.36
-2074.53
-2075.7
-2076.87
-2078.04
-2079.21
-2080.37
-2081.54
-2082.71
-2083.88
-2085.05
-2086.22
-2087.39
-2088.56
-2089.72
-2090.89
-2092.06
-2093.23
-2094.4
-2095.57
-2096.74
-2097.91
-2099.07
-2100.24
-2101.41
-2102.58
-2103.75
-2104.92
-2106.09
-2107.26
-2108.43
-2109.6
-2110.77
-2111.94
-2113.11
-2114.27
-2115.44
-2116.61
-2117.78
-2118.95
-2120.12
-2121.29
-2122.46
-2123.63
-2124.8
-2125.97
-2127.14
-2128.31
-2129.48
-2130.65
-2131.82
-2132.99
-2134.16
-2135.33
-2136.5
-2137.67
-2138.84
-2140.01
-2141.18
-2142.35
-2143.52
-2144.69
-2145.86
-2147.03
-2148.2
-2149.37
-2150.54
-2151.71
-2152.88
-2154.05
-2155.22
-2156.39
-2157.56
-2158.73
-2159.9
-2161.07
-2162.24
-2163.41
-2164.58
-2165.76
-2166.93
-2168.1
-2169.27
-2170.44
-2171.61
-2172.78
-2173.95
-2175.12
-2176.29
-2177.46
-2178.63
-2179.81
-2180.98
-2182.15
-2183.32
-2184.49
-2185.66
-2186.83
-2188
-2189.17
-2190.35
-2191.52
-2192.69
-2193.86
-2195.03
-2196.2
-2197.37
-2198.55
-2199.72
-2200.89
-2202.06
-2203.23
-2204.4
-2205.58
-2206.75
-2207.92
-2209.09
-2210.26
-2211.43
-2212.61
-2213.78
-2214.95
-2216.12
-2217.29
-2218.47
-2219.64
-2220.81
-2221.98
-2223.15
-2224.33
-2225.5
-2226.67
-2227.84
-2229.01
-2230.19
-2231.36
-2232.53
-2233.7
-2234.88
-2236.05
-2237.22
-2238.39
-2239.57
-2240.74
-2241.91
-2243.08
-2244.26
-2245.43
-2246.6
-2247.77
-2248.95
-2250.12
-2251.29
-2252.47
-2253.64
-2254.81
-2255.98
-2257.16
-2258.33
-2259.5
-2260.68
-2261.85
-2263.02
-2264.2
-2265.37
-2266.54
-2267.72
-2268.89
-2270.06
-2271.23
-2272.41
-2273.58
-2274.75
-2275.93
-2277.1
-2278.28
-2279.45
-2280.62
-2281.8
-2282.97
-2284.14
-2285.32
-2286.49
-2287.66
-2288.84
-2290.01
-2291.19
-2292.36
-2293.53
-2294.71
-2295.88
-2297.05
-2298.23
-2299.4
-2300.58
-2301.75
-2302.92
-2304.1
-2305.27
-2306.45
-2307.62
-2308.8
-2309.97
-2311.14
-2312.32
-2313.49
-2314.67
-2315.84
-2317.02
-2318.19
-2319.36
-2320.54
-2321.71
-2322.89
-2324.06
-2325.24
-2326.41
-2327.59
-2328.76
-2329.94
-2331.11
-2332.29
-2333.46
-2334.64
-2335.81
-2336.99
-2338.16
-2339.34
-2340.51
-2341.69
-2342.86
-2344.04
-2345.21
-2346.39
-2347.56
-2348.74
-2349.91
-2351.09
-2352.26
-2353.44
-2354.61
-2355.79
-2356.96
-2358.14
-2359.32
-2360.49
-2361.67
-2362.84
-2364.02
-2365.19
-2366.37
-2367.54
-2368.72
-2369.9
-2371.07
-2372.25
-2373.42
-2374.6
-2375.77
-2376.95
-2378.13
-2379.3
-2380.48
-2381.65
-2382.83
-2384.01
-2385.18
-2386.36
-2387.54
-2388.71
-2389.89
-2391.06
-2392.24
-2393.42
-2394.59
-2395.77
-2396.95
-2398.12
-2399.3
-2400.48
-2401.65
-2402.83
-2404.01
-2405.18
-2406.36
-2407.53
-2408.71
-2409.89
-2411.07
-2412.24
-2413.42
-2414.6
-2415.77
-2416.95
-2418.13
-2419.3
-2420.48
-2421.66
-2422.83
-2424.01
-2425.19
-2426.37
-2427.54
-2428.72
-2429.9
-2431.07
-2432.25
-2433.43
-2434.61
-2435.78
-2436.96
-2438.14
-2439.32
-2440.49
-2441.67
-2442.85
-2444.03
-2445.2
-2446.38
-2447.56
-2448.74
-2449.91
-2451.09
-2452.27
-2453.45
-2454.63
-2455.8
-2456.98
-2458.16
-2459.34
-2460.52
-2461.69
-2462.87
-2464.05
-2465.23
-2466.41
-2467.58
-2468.76
-2469.94
-2471.12
-2472.3
-2473.48
-2474.65
-2475.83
-2477.01
-2478.19
-2479.37
-2480.55
-2481.72
-2482.9
-2484.08
-2485.26
-2486.44
-2487.62
-2488.8
-2489.97
-2491.15
-2492.33
-2493.51
-2494.69
-2495.87
-2497.05
-2498.23
-2499.41
-2500.58
-2501.76
-2502.94
-2504.12
-2505.3
-2506.48
-2507.66
-2508.84
-2510.02
-2511.2
-2512.38
-2513.56
-2514.73
-2515.91
-2517.09
-2518.27
-2519.45
-2520.63
-2521.81
-2522.99
-2524.17
-2525.35
-2526.53
-2527.71
-2528.89
-2530.07
-2531.25
-2532.43
-2533.61
-2534.79
-2535.97
-2537.15
-2538.33
-2539.51
-2540.69
-2541.87
-2543.05
-2544.23
-2545.41
-2546.59
-2547.77
-2548.95
-2550.13
-2551.31
-2552.49
-2553.67
-2554.85
-2556.03
-2557.21
-2558.39
-2559.57
-2560.75
-2561.93
-2563.11
-2564.29
-2565.47
-2566.65
-2567.83
-2569.02
-2570.2
-2571.38
-2572.56
-2573.74
-2574.92
-2576.1
-2577.28
-2578.46
-2579.64
-2580.82
-2582
-2583.19
-2584.37
-2585.55
-2586.73
-2587.91
-2589.09
-2590.27
-2591.45
-2592.63
-2593.82
-2595
-2596.18
-2597.36
-2598.54
-2599.72
-2600.9
-2602.09
-2603.27
-2604.45
-2605.63
-2606.81
-2607.99
-2609.18
-2610.36
-2611.54
-2612.72
-2613.9
-2615.08
-2616.27
-2617.45
-2618.63
-2619.81
-2620.99
-2622.18
-2623.36
-2624.54
-2625.72
-2626.9
-2628.09
-2629.27
-2630.45
-2631.63
-2632.81
-2634
-2635.18
-2636.36
-2637.54
-2638.73
-2639.91
-2641.09
-2642.27
-2643.46
-2644.64
-2645.82
-2647
-2648.19
-2649.37
-2650.55
-2651.73
-2652.92
-2654.1
-2655.28
-2656.47
-2657.65
-2658.83
-2660.01
-2661.2
-2662.38
-2663.56
-2664.75
-2665.93
-2667.11
-2668.3
-2669.48
-2670.66
-2671.84
-2673.03
-2674.21
-2675.39
-2676.58
-2677.76
-2678.94
-2680.13
-2681.31
-2682.49
-2683.68
-2684.86
-2686.05
-2687.23
-2688.41
-2689.6
-2690.78
-2691.96
-2693.15
-2694.33
-2695.51
-2696.7
-2697.88
-2699.07
-2700.25
-2701.43
-2702.62
-2703.8
-2704.99
-2706.17
-2707.35
-2708.54
-2709.72
-2710.91
-2712.09
-2713.27
-2714.46
-2715.64
-2716.83
-2718.01
-2719.2
-2720.38
-2721.57
-2722.75
-2723.93
-2725.12
-2726.3
-2727.49
-2728.67
-2729.86
-2731.04
-2732.23
-2733.41
-2734.6
-2735.78
-2736.96
-2738.15
-2739.33
-2740.52
-2741.7
-2742.89
-2744.07
-2745.26
-2746.44
-2747.63
-2748.81
-2750
-2751.18
-2752.37
-2753.56
-2754.74
-2755.93
-2757.11
-2758.3
-2759.48
-2760.67
-2761.85
-2763.04
-2764.22
-2765.41
-2766.59
-2767.78
-2768.97
-2770.15
-2771.34
-2772.52
-2773.71
-2774.89
-2776.08
-2777.26
-2778.45
-2779.64
-2780.82
-2782.01
-2783.19
-2784.38
-2785.57
-2786.75
-2787.94
-2789.12
-2790.31
-2791.5
-2792.68
-2793.87
-2795.06
-2796.24
-2797.43
-2798.61
-2799.8
-2800.99
-2802.17
-2803.36
-2804.55
-2805.73
-2806.92
-2808.11
-2809.29
-2810.48
-2811.66
-2812.85
-2814.04
-2815.22
-2816.41
-2817.6
-2818.79
-2819.97
-2821.16
-2822.35
-2823.53
-2824.72
-2825.91
-2827.09
-2828.28
-2829.47
-2830.65
-2831.84
-2833.03
-2834.22
-2835.4
-2836.59
-2837.78
-2838.96
-2840.15
-2841.34
-2842.53
-2843.71
-2844.9
-2846.09
-2847.28
-2848.46
-2849.65
-2850.84
-2852.03
-2853.21
-2854.4
-2855.59
-2856.78
-2857.97
-2859.15
-2860.34
-2861.53
-2862.72
-2863.9
-2865.09
-2866.28
-2867.47
-2868.66
-2869.84
-2871.03
-2872.22
-2873.41
-2874.6
-2875.78
-2876.97
-2878.16
-2879.35
-2880.54
-2881.73
-2882.91
-2884.1
-2885.29
-2886.48
-2887.67
-2888.86
-2890.05
-2891.23
-2892.42
-2893.61
-2894.8
-2895.99
-2897.18
-2898.37
-2899.55
-2900.74
-2901.93
-2903.12
-2904.31
-2905.5
-2906.69
-2907.88
-2909.07
-2910.25
-2911.44
-2912.63
-2913.82
-2915.01
-2916.2
-2917.39
-2918.58
-2919.77
-2920.96
-2922.15
-2923.34
-2924.52
-2925.71
-2926.9
-2928.09
-2929.28
-2930.47
-2931.66
-2932.85
-2934.04
-2935.23
-2936.42
-2937.61
-2938.8
-2939.99
-2941.18
-2942.37
-2943.56
-2944.75
-2945.94
-2947.13
-2948.32
-2949.51
-2950.7
-2951.89
-2953.08
-2954.27
-2955.46
-2956.65
-2957.84
-2959.03
-2960.22
-2961.41
-2962.6
-2963.79
-2964.98
-2966.17
-2967.36
-2968.55
-2969.74
-2970.93
-2972.12
-2973.31
-2974.5
-2975.69
-2976.88
-2978.08
-2979.27
-2980.46
-2981.65
-2982.84
-2984.03
-2985.22
-2986.41
-2987.6
-2988.79
-2989.98
-2991.17
-2992.37
-2993.56
-2994.75
-2995.94
-2997.13
-2998.32
-2999.51
-3000.7
-3001.89
-3003.09
-3004.28
-3005.47
-3006.66
-3007.85
-3009.04
-3010.23
-3011.43
-3012.62
-3013.81
-3015
-3016.19
-3017.38
-3018.57
-3019.77
-3020.96
-3022.15
-3023.34
-3024.53
-3025.72
-3026.92
-3028.11
-3029.3
-3030.49
-3031.68
-3032.88
-3034.07
-3035.26
-3036.45
-3037.64
-3038.84
-3040.03
-3041.22
-3042.41
-3043.61
-3044.8
-3045.99
-3047.18
-3048.37
-3049.57
-3050.76
-3051.95
-3053.14
-3054.34
-3055.53
-3056.72
-3057.91
-3059.11
-3060.3
-3061.49
-3062.69
-3063.88
-3065.07
-3066.26
-3067.46
-3068.65
-3069.84
-3071.03
-3072.23
-3073.42
-3074.61
-3075.81
-3077
-3078.19
-3079.39
-3080.58
-3081.77
-3082.97
-3084.16
-3085.35
-3086.54
-3087.74
-3088.93
-3090.12
-3091.32
-3092.51
-3093.71
-3094.9
-3096.09
-3097.29
-3098.48
-3099.67
-3100.87
-3102.06
-3103.25
-3104.45
-3105.64
-3106.83
-3108.03
-3109.22
-3110.42
-3111.61
-3112.8
-3114
-3115.19
-3116.39
-3117.58
-3118.77
-3119.97
-3121.16
-3122.36
-3123.55
-3124.74
-3125.94
-3127.13
-3128.33
-3129.52
-3130.72
-3131.91
-3133.1
-3134.3
-3135.49
-3136.69
-3137.88
-3139.08
-3140.27
-3141.47
-3142.66
-3143.86
-3145.05
-3146.25
-3147.44
-3148.63
-3149.83
-3151.02
-3152.22
-3153.41
-3154.61
-3155.8
-3157
-3158.19
-3159.39
-3160.58
-3161.78
-3162.97
-3164.17
-3165.36
-3166.56
-3167.75
-3168.95
-3170.15
-3171.34
-3172.54
-3173.73
-3174.93
-3176.12
-3177.32
-3178.51
-3179.71
-3180.9
-3182.1
-3183.3
-3184.49
-3185.69
-3186.88
-3188.08
-3189.27
-3190.47
-3191.67
-3192.86
-3194.06
-3195.25
-3196.45
-3197.64
-3198.84
-3200.04
-3201.23
-3202.43
-3203.62
-3204.82
-3206.02
-3207.21
-3208.41
-3209.61
-3210.8
-3212
-3213.19
-3214.39
-3215.59
-3216.78
-3217.98
-3219.18
-3220.37
-3221.57
-3222.77
-3223.96
-3225.16
-3226.36
-3227.55
-3228.75
-3229.95
-3231.14
-3232.34
-3233.54
-3234.73
-3235.93
-3237.13
-3238.32
-3239.52
-3240.72
-3241.91
-3243.11
-3244.31
-3245.51
-3246.7
-3247.9
-3249.1
-3250.29
-3251.49
-3252.69
-3253.89
-3255.08
-3256.28
-3257.48
-3258.68
-3259.87
-3261.07
-3262.27
-3263.47
-3264.66
-3265.86
-3267.06
-3268.26
-3269.45
-3270.65
-3271.85
-3273.05
-3274.24
-3275.44
-3276.64
-3277.84
-3279.04
-3280.23
-3281.43
-3282.63
-3283.83
-3285.03
-3286.22
-3287.42
-3288.62
-3289.82
-3291.02
-3292.21
-3293.41
-3294.61
-3295.81
-3297.01
-3298.21
-3299.4
-3300.6
-3301.8
-3303
-3304.2
-3305.4
-3306.59
-3307.79
-3308.99
-3310.19
-3311.39
-3312.59
-3313.79
-3314.99
-3316.18
-3317.38
-3318.58
-3319.78
-3320.98
-3322.18
-3323.38
-3324.58
-3325.78
-3326.97
-3328.17
-3329.37
-3330.57
-3331.77
-3332.97
-3334.17
-3335.37
-3336.57
-3337.77
-3338.97
-3340.17
-3341.36
-3342.56
-3343.76
-3344.96
-3346.16
-3347.36
-3348.56
-3349.76
-3350.96
-3352.16
-3353.36
-3354.56
-3355.76
-3356.96
-3358.16
-3359.36
-3360.56
-3361.76
-3362.96
-3364.16
-3365.36
-3366.56
-3367.76
-3368.96
-3370.16
-3371.36
-3372.56
-3373.76
-3374.96
-3376.16
-3377.36
-3378.56
-3379.76
-3380.96
-3382.16
-3383.36
-3384.56
-3385.76
-3386.96
-3388.16
-3389.36
-3390.56
-3391.76
-3392.96
-3394.17
-3395.37
-3396.57
-3397.77
-3398.97
-3400.17
-3401.37
-3402.57
-3403.77
-3404.97
-3406.17
-3407.37
-3408.57
-3409.78
-3410.98
-3412.18
-3413.38
-3414.58
-3415.78
-3416.98
-3418.18
-3419.38
-3420.59
-3421.79
-3422.99
-3424.19
-3425.39
-3426.59
-3427.79
-3429
-3430.2
-3431.4
-3432.6
-3433.8
-3435
-3436.21
-3437.41
-3438.61
-3439.81
-3441.01
-3442.21
-3443.42
-3444.62
-3445.82
-3447.02
-3448.22
-3449.42
-3450.63
-3451.83
-3453.03
-3454.23
-3455.43
-3456.64
-3457.84
-3459.04
-3460.24
-3461.45
-3462.65
-3463.85
-3465.05
-3466.25
-3467.46
-3468.66
-3469.86
-3471.06
-3472.27
-3473.47
-3474.67
-3475.87
-3477.08
-3478.28
-3479.48
-3480.69
-3481.89
-3483.09
-3484.29
-3485.5
-3486.7
-3487.9
-3489.1
-3490.31
-3491.51
-3492.71
-3493.92
-3495.12
-3496.32
-3497.53
-3498.73
-3499.93
-3501.14
-3502.34
-3503.54
-3504.74
-3505.95
-3507.15
-3508.35
-3509.56
-3510.76
-3511.96
-3513.17
-3514.37
-3515.58
-3516.78
-3517.98
-3519.19
-3520.39
-3521.59
-3522.8
-3524
-3525.2
-3526.41
-3527.61
-3528.82
-3530.02
-3531.22
-3532.43
-3533.63
-3534.84
-3536.04
-3537.24
-3538.45
-3539.65
-3540.86
-3542.06
-3543.26
-3544.47
-3545.67
-3546.88
-3548.08
-3549.28
-3550.49
-3551.69
-3552.9
-3554.1
-3555.31
-3556.51
-3557.72
-3558.92
-3560.12
-3561.33
-3562.53
-3563.74
-3564.94
-3566.15
-3567.35
-3568.56
-3569.76
-3570.97
-3572.17
-3573.38
-3574.58
-3575.79
-3576.99
-3578.2
-3579.4
-3580.61
-3581.81
-3583.02
-3584.22
-3585.43
-3586.63
-3587.84
-3589.04
-3590.25
-3591.45
-3592.66
-3593.86
-3595.07
-3596.27
-3597.48
-3598.69
-3599.89
-3601.1
-3602.3
-3603.51
-3604.71
-3605.92
-3607.12
-3608.33
-3609.54
-3610.74
-3611.95
-3613.15
-3614.36
-3615.56
-3616.77
-3617.98
-3619.18
-3620.39
-3621.59
-3622.8
-3624.01
-3625.21
-3626.42
-3627.62
-3628.83
-3630.04
-3631.24
-3632.45
-3633.66
-3634.86
-3636.07
-3637.28
-3638.48
-3639.69
-3640.89
-3642.1
-3643.31
-3644.51
-3645.72
-3646.93
-3648.13
-3649.34
-3650.55
-3651.75
-3652.96
-3654.17
-3655.37
-3656.58
-3657.79
-3658.99
-3660.2
-3661.41
-3662.62
-3663.82
-3665.03
-3666.24
-3667.44
-3668.65
-3669.86
-3671.06
-3672.27
-3673.48
-3674.69
-3675.89
-3677.1
-3678.31
-3679.52
-3680.72
-3681.93
-3683.14
-3684.35
-3685.55
-3686.76
-3687.97
-3689.18
-3690.38
-3691.59
-3692.8
-3694.01
-3695.21
-3696.42
-3697.63
-3698.84
-3700.05
-3701.25
-3702.46
-3703.67
-3704.88
-3706.09
-3707.29
-3708.5
-3709.71
-3710.92
-3712.13
-3713.33
-3714.54
-3715.75
-3716.96
-3718.17
-3719.37
-3720.58
-3721.79
-3723
-3724.21
-3725.42
-3726.63
-3727.83
-3729.04
-3730.25
-3731.46
-3732.67
-3733.88
-3735.09
-3736.29
-3737.5
-3738.71
-3739.92
-3741.13
-3742.34
-3743.55
-3744.76
-3745.96
-3747.17
-3748.38
-3749.59
-3750.8
-3752.01
-3753.22
-3754.43
-3755.64
-3756.85
-3758.06
-3759.26
-3760.47
-3761.68
-3762.89
-3764.1
-3765.31
-3766.52
-3767.73
-3768.94
-3770.15
-3771.36
-3772.57
-3773.78
-3774.99
-3776.2
-3777.41
-3778.62
-3779.83
-3781.04
-3782.24
-3783.45
-3784.66
-3785.87
-3787.08
-3788.29
-3789.5
-3790.71
-3791.92
-3793.13
-3794.34
-3795.55
-3796.76
-3797.97
-3799.18
-3800.39
-3801.61
-3802.82
-3804.03
-3805.24
-3806.45
-3807.66
-3808.87
-3810.08
-3811.29
-3812.5
-3813.71
-3814.92
-3816.13
-3817.34
-3818.55
-3819.76
-3820.97
-3822.18
-3823.39
-3824.6
-3825.82
-3827.03
-3828.24
-3829.45
-3830.66
-3831.87
-3833.08
-3834.29
-3835.5
-3836.71
-3837.92
-3839.14
-3840.35
-3841.56
-3842.77
-3843.98
-3845.19
-3846.4
-3847.61
-3848.83
-3850.04
-3851.25
-3852.46
-3853.67
-3854.88
-3856.09
-3857.31
-3858.52
-3859.73
-3860.94
-3862.15
-3863.36
-3864.58
-3865.79
-3867
-3868.21
-3869.42
-3870.63
-3871.85
-3873.06
-3874.27
-3875.48
-3876.69
-3877.91
-3879.12
-3880.33
-3881.54
-3882.75
-3883.97
-3885.18
-3886.39
-3887.6
-3888.81
-3890.03
-3891.24
-3892.45
-3893.66
-3894.88
-3896.09
-3897.3
-3898.51
-3899.73
-3900.94
-3902.15
-3903.36
-3904.58
-3905.79
-3907
-3908.21
-3909.43
-3910.64
-3911.85
-3913.07
-3914.28
-3915.49
-3916.7
-3917.92
-3919.13
-3920.34
-3921.56
-3922.77
-3923.98
-3925.2
-3926.41
-3927.62
-3928.83
-3930.05
-3931.26
-3932.47
-3933.69
-3934.9
-3936.11
-3937.33
-3938.54
-3939.75
-3940.97
-3942.18
-3943.39
-3944.61
-3945.82
-3947.04
-3948.25
-3949.46
-3950.68
-3951.89
-3953.1
-3954.32
-3955.53
-3956.75
-3957.96
-3959.17
-3960.39
-3961.6
-3962.81
-3964.03
-3965.24
-3966.46
-3967.67
-3968.88
-3970.1
-3971.31
-3972.53
-3973.74
-3974.96
-3976.17
-3977.38
-3978.6
-3979.81
-3981.03
-3982.24
-3983.46
-3984.67
-3985.89
-3987.1
-3988.31
-3989.53
-3990.74
-3991.96
-3993.17
-3994.39
-3995.6
-3996.82
-3998.03
-3999.25
-4000.46
-4001.68
-4002.89
-4004.11
-4005.32
-4006.54
-4007.75
-4008.97
-4010.18
-4011.4
-4012.61
-4013.83
-4015.04
-4016.26
-4017.47
-4018.69
-4019.9
-4021.12
-4022.33
-4023.55
-4024.76
-4025.98
-4027.19
-4028.41
-4029.63
-4030.84
-4032.06
-4033.27
-4034.49
-4035.7
-4036.92
-4038.14
-4039.35
-4040.57
-4041.78
-4043
-4044.21
-4045.43
-4046.65
-4047.86
-4049.08
-4050.29
-4051.51
-4052.73
-4053.94
-4055.16
-4056.37
-4057.59
-4058.81
-4060.02
-4061.24
-4062.45
-4063.67
-4064.89
-4066.1
-4067.32
-4068.54
-4069.75
-4070.97
-4072.19
-4073.4
-4074.62
-4075.84
-4077.05
-4078.27
-4079.49
-4080.7
-4081.92
-4083.14
-4084.35
-4085.57
-4086.79
-4088
-4089.22
-4090.44
-4091.65
-4092.87
-4094.09
-4095.3
-4096.52
-4097.74
-4098.96
-4100.17
-4101.39
-4102.61
-4103.82
-4105.04
-4106.26
-4107.48
-4108.69
-4109.91
-4111.13
-4112.35
-4113.56
-4114.78
-4116
-4117.22
-4118.43
-4119.65
-4120.87
-4122.09
-4123.3
-4124.52
-4125.74
-4126.96
-4128.17
-4129.39
-4130.61
-4131.83
-4133.05
-4134.26
-4135.48
-4136.7
-4137.92
-4139.14
-4140.35
-4141.57
-4142.79
-4144.01
-4145.23
-4146.44
-4147.66
-4148.88
-4150.1
-4151.32
-4152.54
-4153.75
-4154.97
-4156.19
-4157.41
-4158.63
-4159.85
-4161.06
-4162.28
-4163.5
-4164.72
-4165.94
-4167.16
-4168.38
-4169.6
-4170.81
-4172.03
-4173.25
-4174.47
-4175.69
-4176.91
-4178.13
-4179.35
-4180.57
-4181.78
-4183
-4184.22
-4185.44
-4186.66
-4187.88
-4189.1
-4190.32
-4191.54
-4192.76
-4193.98
-4195.19
-4196.41
-4197.63
-4198.85
-4200.07
-4201.29
-4202.51
-4203.73
-4204.95
-4206.17
-4207.39
-4208.61
-4209.83
-4211.05
-4212.27
-4213.49
-4214.71
-4215.93
-4217.15
-4218.37
-4219.59
-4220.81
-4222.03
-4223.25
-4224.47
-4225.69
-4226.91
-4228.13
-4229.35
-4230.57
-4231.79
-4233.01
-4234.23
-4235.45
-4236.67
-4237.89
-4239.11
-4240.33
-4241.55
-4242.77
-4243.99
-4245.21
-4246.43
-4247.65
-4248.87
-4250.09
-4251.31
-4252.53
-4253.75
-4254.98
-4256.2
-4257.42
-4258.64
-4259.86
-4261.08
-4262.3
-4263.52
-4264.74
-4265.96
-4267.18
-4268.4
-4269.63
-4270.85
-4272.07
-4273.29
-4274.51
-4275.73
-4276.95
-4278.17
-4279.39
-4280.62
-4281.84
-4283.06
-4284.28
-4285.5
-4286.72
-4287.94
-4289.17
-4290.39
-4291.61
-4292.83
-4294.05
-4295.27
-4296.49
-4297.72
-4298.94
-4300.16
-4301.38
-4302.6
-4303.82
-4305.05
-4306.27
-4307.49
-4308.71
-4309.93
-4311.16
-4312.38
-4313.6
-4314.82
-4316.04
-4317.27
-4318.49
-4319.71
-4320.93
-4322.15
-4323.38
-4324.6
-4325.82
-4327.04
-4328.27
-4329.49
-4330.71
-4331.93
-4333.16
-4334.38
-4335.6
-4336.82
-4338.05
-4339.27
-4340.49
-4341.71
-4342.94
-4344.16
-4345.38
-4346.6
-4347.83
-4349.05
-4350.27
-4351.5
-4352.72
-4353.94
-4355.16
-4356.39
-4357.61
-4358.83
-4360.06
-4361.28
-4362.5
-4363.73
-4364.95
-4366.17
-4367.4
-4368.62
-4369.84
-4371.07
-4372.29
-4373.51
-4374.74
-4375.96
-4377.18
-4378.41
-4379.63
-4380.85
-4382.08
-4383.3
-4384.52
-4385.75
-4386.97
-4388.2
-4389.42
-4390.64
-4391.87
-4393.09
-4394.31
-4395.54
-4396.76
-4397.99
-4399.21
-4400.43
-4401.66
-4402.88
-4404.11
-4405.33
-4406.55
-4407.78
-4409
-4410.23
-4411.45
-4412.67
-4413.9
-4415.12
-4416.35
-4417.57
-4418.8
-4420.02
-4421.25
-4422.47
-4423.69
-4424.92
-4426.14
-4427.37
-4428.59
-4429.82
-4431.04
-4432.27
-4433.49
-4434.72
-4435.94
-4437.17
-4438.39
-4439.62
-4440.84
-4442.07
-4443.29
-4444.52
-4445.74
-4446.97
-4448.19
-4449.42
-4450.64
-4451.87
-4453.09
-4454.32
-4455.54
-4456.77
-4457.99
-4459.22
-4460.44
-4461.67
-4462.89
-4464.12
-4465.34
-4466.57
-4467.79
-4469.02
-4470.25
-4471.47
-4472.7
-4473.92
-4475.15
-4476.37
-4477.6
-4478.83
-4480.05
-4481.28
-4482.5
-4483.73
-4484.95
-4486.18
-4487.41
-4488.63
-4489.86
-4491.08
-4492.31
-4493.54
-4494.76
-4495.99
-4497.22
-4498.44
-4499.67
-4500.89
-4502.12
-4503.35
-4504.57
-4505.8
-4507.03
-4508.25
-4509.48
-4510.7
-4511.93
-4513.16
-4514.38
-4515.61
-4516.84
-4518.06
-4519.29
-4520.52
-4521.74
-4522.97
-4524.2
-4525.42
-4526.65
-4527.88
-4529.11
-4530.33
-4531.56
-4532.79
-4534.01
-4535.24
-4536.47
-4537.69
-4538.92
-4540.15
-4541.38
-4542.6
-4543.83
-4545.06
-4546.28
-4547.51
-4548.74
-4549.97
-4551.19
-4552.42
-4553.65
-4554.88
-4556.1
-4557.33
-4558.56
-4559.79
-4561.01
-4562.24
-4563.47
-4564.7
-4565.92
-4567.15
-4568.38
-4569.61
-4570.84
-4572.06
-4573.29
-4574.52
-4575.75
-4576.97
-4578.2
-4579.43
-4580.66
-4581.89
-4583.12
-4584.34
-4585.57
-4586.8
-4588.03
-4589.26
-4590.48
-4591.71
-4592.94
-4594.17
-4595.4
-4596.63
-4597.85
-4599.08
-4600.31
-4601.54
-4602.77
-4604
-4605.23
-4606.45
-4607.68
-4608.91
-4610.14
-4611.37
-4612.6
-4613.83
-4615.06
-4616.28
-4617.51
-4618.74
-4619.97
-4621.2
-4622.43
-4623.66
-4624.89
-4626.12
-4627.34
-4628.57
-4629.8
-4631.03
-4632.26
-4633.49
-4634.72
-4635.95
-4637.18
-4638.41
-4639.64
-4640.87
-4642.1
-4643.33
-4644.55
-4645.78
-4647.01
-4648.24
-4649.47
-4650.7
-4651.93
-4653.16
-4654.39
-4655.62
-4656.85
-4658.08
-4659.31
-4660.54
-4661.77
-4663
-4664.23
-4665.46
-4666.69
-4667.92
-4669.15
-4670.38
-4671.61
-4672.84
-4674.07
-4675.3
-4676.53
-4677.76
-4678.99
-4680.22
-4681.45
-4682.68
-4683.91
-4685.14
-4686.37
-4687.6
-4688.83
-4690.06
-4691.3
-4692.53
-4693.76
-4694.99
-4696.22
-4697.45
-4698.68
-4699.91
-4701.14
-4702.37
-4703.6
-4704.83
-4706.06
-4707.29
-4708.53
-4709.76
-4710.99
-4712.22
-4713.45
-4714.68
-4715.91
-4717.14
-4718.37
-4719.6
-4720.84
-4722.07
-4723.3
-4724.53
-4725.76
-4726.99
-4728.22
-4729.45
-4730.69
-4731.92
-4733.15
-4734.38
-4735.61
-4736.84
-4738.07
-4739.31
-4740.54
-4741.77
-4743
-4744.23
-4745.46
-4746.7
-4747.93
-4749.16
-4750.39
-4751.62
-4752.86
-4754.09
-4755.32
-4756.55
-4757.78
-4759.02
-4760.25
-4761.48
-4762.71
-4763.94
-4765.18
-4766.41
-4767.64
-4768.87
-4770.1
-4771.34
-4772.57
-4773.8
-4775.03
-4776.27
-4777.5
-4778.73
-4779.96
-4781.2
-4782.43
-4783.66
-4784.89
-4786.13
-4787.36
-4788.59
-4789.82
-4791.06
-4792.29
-4793.52
-4794.76
-4795.99
-4797.22
-4798.45
-4799.69
-4800.92
-4802.15
-4803.39
-4804.62
-4805.85
-4807.09
-4808.32
-4809.55
-4810.78
-4812.02
-4813.25
-4814.48
-4815.72
-4816.95
-4818.18
-4819.42
-4820.65
-4821.88
-4823.12
-4824.35
-4825.58
-4826.82
-4828.05
-4829.29
-4830.52
-4831.75
-4832.99
-4834.22
-4835.45
-4836.69
-4837.92
-4839.16
-4840.39
-4841.62
-4842.86
-4844.09
-4845.32
-4846.56
-4847.79
-4849.03
-4850.26
-4851.49
-4852.73
-4853.96
-4855.2
-4856.43
-4857.67
-4858.9
-4860.13
-4861.37
-4862.6
-4863.84
-4865.07
-4866.31
-4867.54
-4868.77
-4870.01
-4871.24
-4872.48
-4873.71
-4874.95
-4876.18
-4877.42
-4878.65
-4879.89
-4881.12
-4882.36
-4883.59
-4884.82
-4886.06
-4887.29
-4888.53
-4889.76
-4891
-4892.23
-4893.47
-4894.7
-4895.94
-4897.17
-4898.41
-4899.64
-4900.88
-4902.11
-4903.35
-4904.59
-4905.82
-4907.06
-4908.29
-4909.53
-4910.76
-4912
-4913.23
-4914.47
-4915.7
-4916.94
-4918.17
-4919.41
-4920.65
-4921.88
-4923.12
-4924.35
-4925.59
-4926.82
-4928.06
-4929.3
-4930.53
-4931.77
-4933
-4934.24
-4935.48
-4936.71
-4937.95
-4939.18
-4940.42
-4941.66
-4942.89
-4944.13
-4945.36
-4946.6
-4947.84
-4949.07
-4950.31
-4951.54
-4952.78
-4954.02
-4955.25
-4956.49
-4957.73
-4958.96
-4960.2
-4961.44
-4962.67
-4963.91
-4965.15
-4966.38
-4967.62
-4968.86
-4970.09
-4971.33
-4972.57
-4973.8
-4975.04
-4976.28
-4977.51
-4978.75
-4979.99
-4981.22
-4982.46
-4983.7
-4984.93
-4986.17
-4987.41
-4988.65
-4989.88
-4991.12
-4992.36
-4993.59
-4994.83
-4996.07
-4997.31
-4998.54
-4999.78
-5001.02
-5002.25
-5003.49
-5004.73
-5005.97
-5007.2
-5008.44
-5009.68
-5010.92
-5012.15
-5013.39
-5014.63
-5015.87
-5017.11
-5018.34
-5019.58
-5020.82
-5022.06
-5023.29
-5024.53
-5025.77
-5027.01
-5028.25
-5029.48
-5030.72
-5031.96
-5033.2
-5034.44
-5035.67
-5036.91
-5038.15
-5039.39
-5040.63
-5041.87
-5043.1
-5044.34
-5045.58
-5046.82
-5048.06
-5049.3
-5050.53
-5051.77
-5053.01
-5054.25
-5055.49
-5056.73
-5057.97
-5059.2
-5060.44
-5061.68
-5062.92
-5064.16
-5065.4
-5066.64
-5067.87
-5069.11
-5070.35
-5071.59
-5072.83
-5074.07
-5075.31
-5076.55
-5077.79
-5079.03
-5080.26
-5081.5
-5082.74
-5083.98
-5085.22
-5086.46
-5087.7
-5088.94
-5090.18
-5091.42
-5092.66
-5093.9
-5095.14
-5096.38
-5097.61
-5098.85
-5100.09
-5101.33
-5102.57
-5103.81
-5105.05
-5106.29
-5107.53
-5108.77
-5110.01
-5111.25
-5112.49
-5113.73
-5114.97
-5116.21
-5117.45
-5118.69
-5119.93
-5121.17
-5122.41
-5123.65
-5124.89
-5126.13
-5127.37
-5128.61
-5129.85
-5131.09
-5132.33
-5133.57
-5134.81
-5136.05
-5137.29
-5138.53
-5139.77
-5141.01
-5142.25
-5143.49
-5144.73
-5145.97
-5147.22
-5148.46
-5149.7
-5150.94
-5152.18
-5153.42
-5154.66
-5155.9
-5157.14
-5158.38
-5159.62
-5160.86
-5162.1
-5163.34
-5164.59
-5165.83
-5167.07
-5168.31
-5169.55
-5170.79
-5172.03
-5173.27
-5174.51
-5175.76
-5177
-5178.24
-5179.48
-5180.72
-5181.96
-5183.2
-5184.44
-5185.69
-5186.93
-5188.17
-5189.41
-5190.65
-5191.89
-5193.13
-5194.38
-5195.62
-5196.86
-5198.1
-5199.34
-5200.58
-5201.83
-5203.07
-5204.31
-5205.55
-5206.79
-5208.03
-5209.28
-5210.52
-5211.76
-5213
-5214.24
-5215.49
-5216.73
-5217.97
-5219.21
-5220.46
-5221.7
-5222.94
-5224.18
-5225.42
-5226.67
-5227.91
-5229.15
-5230.39
-5231.64
-5232.88
-5234.12
-5235.36
-5236.61
-5237.85
-5239.09
-5240.33
-5241.58
-5242.82
-5244.06
-5245.3
-5246.55
-5247.79
-5249.03
-5250.27
-5251.52
-5252.76
-5254
-5255.25
-5256.49
-5257.73
-5258.97
-5260.22
-5261.46
-5262.7
-5263.95
-5265.19
-5266.43
-5267.68
-5268.92
-5270.16
-5271.41
-5272.65
-5273.89
-5275.14
-5276.38
-5277.62
-5278.87
-5280.11
-5281.35
-5282.6
-5283.84
-5285.08
-5286.33
-5287.57
-5288.81
-5290.06
-5291.3
-5292.54
-5293.79
-5295.03
-5296.28
-5297.52
-5298.76
-5300.01
-5301.25
-5302.5
-5303.74
-5304.98
-5306.23
-5307.47
-5308.71
-5309.96
-5311.2
-5312.45
-5313.69
-5314.94
-5316.18
-5317.42
-5318.67
-5319.91
-5321.16
-5322.4
-5323.65
-5324.89
-5326.13
-5327.38
-5328.62
-5329.87
-5331.11
-5332.36
-5333.6
-5334.85
-5336.09
-5337.34
-5338.58
-5339.82
-5341.07
-5342.31
-5343.56
-5344.8
-5346.05
-5347.29
-5348.54
-5349.78
-5351.03
-5352.27
-5353.52
-5354.76
-5356.01
-5357.25
-5358.5
-5359.74
-5360.99
-5362.23
-5363.48
-5364.72
-5365.97
-5367.21
-5368.46
-5369.71
-5370.95
-5372.2
-5373.44
-5374.69
-5375.93
-5377.18
-5378.42
-5379.67
-5380.91
-5382.16
-5383.41
-5384.65
-5385.9
-5387.14
-5388.39
-5389.63
-5390.88
-5392.13
-5393.37
-5394.62
-5395.86
-5397.11
-5398.36
-5399.6
-5400.85
-5402.09
-5403.34
-5404.59
-5405.83
-5407.08
-5408.32
-5409.57
-5410.82
-5412.06
-5413.31
-5414.56
-5415.8
-5417.05
-5418.29
-5419.54
-5420.79
-5422.03
-5423.28
-5424.53
-5425.77
-5427.02
-5428.27
-5429.51
-5430.76
-5432.01
-5433.25
-5434.5
-5435.75
-5436.99
-5438.24
-5439.49
-5440.73
-5441.98
-5443.23
-5444.47
-5445.72
-5446.97
-5448.22
-5449.46
-5450.71
-5451.96
-5453.2
-5454.45
-5455.7
-5456.95
-5458.19
-5459.44
-5460.69
-5461.93
-5463.18
-5464.43
-5465.68
-5466.92
-5468.17
-5469.42
-5470.67
-5471.91
-5473.16
-5474.41
-5475.66
-5476.9
-5478.15
-5479.4
-5480.65
-5481.9
-5483.14
-5484.39
-5485.64
-5486.89
-5488.13
-5489.38
-5490.63
-5491.88
-5493.13
-5494.37
-5495.62
-5496.87
-5498.12
-5499.37
-5500.61
-5501.86
-5503.11
-5504.36
-5505.61
-5506.86
-5508.1
-5509.35
-5510.6
-5511.85
-5513.1
-5514.35
-5515.59
-5516.84
-5518.09
-5519.34
-5520.59
-5521.84
-5523.09
-5524.33
-5525.58
-5526.83
-5528.08
-5529.33
-5530.58
-5531.83
-5533.07
-5534.32
-5535.57
-5536.82
-5538.07
-5539.32
-5540.57
-5541.82
-5543.07
-5544.32
-5545.56
-5546.81
-5548.06
-5549.31
-5550.56
-5551.81
-5553.06
-5554.31
-5555.56
-5556.81
-5558.06
-5559.31
-5560.56
-5561.81
-5563.05
-5564.3
-5565.55
-5566.8
-5568.05
-5569.3
-5570.55
-5571.8
-5573.05
-5574.3
-5575.55
-5576.8
-5578.05
-5579.3
-5580.55
-5581.8
-5583.05
-5584.3
-5585.55
-5586.8
-5588.05
-5589.3
-5590.55
-5591.8
-5593.05
-5594.3
-5595.55
-5596.8
-5598.05
-5599.3
-5600.55
-5601.8
-5603.05
-5604.3
-5605.55
-5606.8
-5608.05
-5609.3
-5610.55
-5611.8
-5613.05
-5614.31
-5615.56
-5616.81
-5618.06
-5619.31
-5620.56
-5621.81
-5623.06
-5624.31
-5625.56
-5626.81
-5628.06
-5629.31
-5630.56
-5631.82
-5633.07
-5634.32
-5635.57
-5636.82
-5638.07
-5639.32
-5640.57
-5641.82
-5643.07
-5644.33
-5645.58
-5646.83
-5648.08
-5649.33
-5650.58
-5651.83
-5653.08
-5654.34
-5655.59
-5656.84
-5658.09
-5659.34
-5660.59
-5661.85
-5663.1
-5664.35
-5665.6
-5666.85
-5668.1
-5669.35
-5670.61
-5671.86
-5673.11
-5674.36
-5675.61
-5676.87
-5678.12
-5679.37
-5680.62
-5681.87
-5683.13
-5684.38
-5685.63
-5686.88
-5688.13
-5689.39
-5690.64
-5691.89
-5693.14
-5694.39
-5695.65
-5696.9
-5698.15
-5699.4
-5700.66
-5701.91
-5703.16
-5704.41
-5705.67
-5706.92
-5708.17
-5709.42
-5710.68
-5711.93
-5713.18
-5714.43
-5715.69
-5716.94
-5718.19
-5719.44
-5720.7
-5721.95
-5723.2
-5724.46
-5725.71
-5726.96
-5728.21
-5729.47
-5730.72
-5731.97
-5733.23
-5734.48
-5735.73
-5736.99
-5738.24
-5739.49
-5740.74
-5742
-5743.25
-5744.5
-5745.76
-5747.01
-5748.26
-5749.52
-5750.77
-5752.02
-5753.28
-5754.53
-5755.79
-5757.04
-5758.29
-5759.55
-5760.8
-5762.05
-5763.31
-5764.56
-5765.81
-5767.07
-5768.32
-5769.58
-5770.83
-5772.08
-5773.34
-5774.59
-5775.84
-5777.1
-5778.35
-5779.61
-5780.86
-5782.11
-5783.37
-5784.62
-5785.88
-5787.13
-5788.39
-5789.64
-5790.89
-5792.15
-5793.4
-5794.66
-5795.91
-5797.17
-5798.42
-5799.67
-5800.93
-5802.18
-5803.44
-5804.69
-5805.95
-5807.2
-5808.46
-5809.71
-5810.97
-5812.22
-5813.47
-5814.73
-5815.98
-5817.24
-5818.49
-5819.75
-5821
-5822.26
-5823.51
-5824.77
-5826.02
-5827.28
-5828.53
-5829.79
-5831.04
-5832.3
-5833.55
-5834.81
-5836.06
-5837.32
-5838.57
-5839.83
-5841.08
-5842.34
-5843.6
-5844.85
-5846.11
-5847.36
-5848.62
-5849.87
-5851.13
-5852.38
-5853.64
-5854.89
-5856.15
-5857.41
-5858.66
-5859.92
-5861.17
-5862.43
-5863.68
-5864.94
-5866.2
-5867.45
-5868.71
-5869.96
-5871.22
-5872.48
-5873.73
-5874.99
-5876.24
-5877.5
-5878.76
-5880.01
-5881.27
-5882.52
-5883.78
-5885.04
-5886.29
-5887.55
-5888.8
-5890.06
-5891.32
-5892.57
-5893.83
-5895.09
-5896.34
-5897.6
-5898.86
-5900.11
-5901.37
-5902.63
-5903.88
-5905.14
-5906.39
-5907.65
-5908.91
-5910.16
-5911.42
-5912.68
-5913.94
-5915.19
-5916.45
-5917.71
-5918.96
-5920.22
-5921.48
-5922.73
-5923.99
-5925.25
-5926.5
-5927.76
-5929.02
-5930.28
-5931.53
-5932.79
-5934.05
-5935.3
-5936.56
-5937.82
-5939.08
-5940.33
-5941.59
-5942.85
-5944.11
-5945.36
-5946.62
-5947.88
-5949.14
-5950.39
-5951.65
-5952.91
-5954.17
-5955.42
-5956.68
-5957.94
-5959.2
-5960.45
-5961.71
-5962.97
-5964.23
-5965.49
-5966.74
-5968
-5969.26
-5970.52
-5971.78
-5973.03
-5974.29
-5975.55
-5976.81
-5978.07
-5979.32
-5980.58
-5981.84
-5983.1
-5984.36
-5985.61
-5986.87
-5988.13
-5989.39
-5990.65
-5991.91
-5993.16
-5994.42
-5995.68
-5996.94
-5998.2
-5999.46
-6000.72
-6001.97
-6003.23
-6004.49
-6005.75
-6007.01
-6008.27
-6009.53
-6010.79
-6012.04
-6013.3
-6014.56
-6015.82
-6017.08
-6018.34
-6019.6
-6020.86
-6022.12
-6023.37
-6024.63
-6025.89
-6027.15
-6028.41
-6029.67
-6030.93
-6032.19
-6033.45
-6034.71
-6035.97
-6037.23
-6038.48
-6039.74
-6041
-6042.26
-6043.52
-6044.78
-6046.04
-6047.3
-6048.56
-6049.82
-6051.08
-6052.34
-6053.6
-6054.86
-6056.12
-6057.38
-6058.64
-6059.9
-6061.16
-6062.42
-6063.68
-6064.94
-6066.2
-6067.46
-6068.72
-6069.98
-6071.24
-6072.5
-6073.76
-6075.02
-6076.28
-6077.54
-6078.8
-6080.06
-6081.32
-6082.58
-6083.84
-6085.1
-6086.36
-6087.62
-6088.88
-6090.14
-6091.4
-6092.66
-6093.92
-6095.18
-6096.44
-6097.7
-6098.96
-6100.22
-6101.48
-6102.75
-6104.01
-6105.27
-6106.53
-6107.79
-6109.05
-6110.31
-6111.57
-6112.83
-6114.09
-6115.35
-6116.61
-6117.88
-6119.14
-6120.4
-6121.66
-6122.92
-6124.18
-6125.44
-6126.7
-6127.96
-6129.22
-6130.49
-6131.75
-6133.01
-6134.27
-6135.53
-6136.79
-6138.05
-6139.32
-6140.58
-6141.84
-6143.1
-6144.36
-6145.62
-6146.88
-6148.15
-6149.41
-6150.67
-6151.93
-6153.19
-6154.45
-6155.72
-6156.98
-6158.24
-6159.5
-6160.76
-6162.02
-6163.29
-6164.55
-6165.81
-6167.07
-6168.33
-6169.6
-6170.86
-6172.12
-6173.38
-6174.64
-6175.91
-6177.17
-6178.43
-6179.69
-6180.96
-6182.22
-6183.48
-6184.74
-6186
-6187.27
-6188.53
-6189.79
-6191.05
-6192.32
-6193.58
-6194.84
-6196.1
-6197.37
-6198.63
-6199.89
-6201.15
-6202.42
-6203.68
-6204.94
-6206.21
-6207.47
-6208.73
-6209.99
-6211.26
-6212.52
-6213.78
-6215.05
-6216.31
-6217.57
-6218.83
-6220.1
-6221.36
-6222.62
-6223.89
-6225.15
-6226.41
-6227.68
-6228.94
-6230.2
-6231.47
-6232.73
-6233.99
-6235.26
-6236.52
-6237.78
-6239.05
-6240.31
-6241.57
-6242.84
-6244.1
-6245.36
-6246.63
-6247.89
-6249.15
-6250.42
-6251.68
-6252.95
-6254.21
-6255.47
-6256.74
-6258
-6259.26
-6260.53
-6261.79
-6263.06
-6264.32
-6265.58
-6266.85
-6268.11
-6269.38
-6270.64
-6271.9
-6273.17
-6274.43
-6275.7
-6276.96
-6278.22
-6279.49
-6280.75
-6282.02
-6283.28
-6284.55
-6285.81
-6287.07
-6288.34
-6289.6
-6290.87
-6292.13
-6293.4
-6294.66
-6295.93
-6297.19
-6298.45
-6299.72
-6300.98
-6302.25
-6303.51
-6304.78
-6306.04
-6307.31
-6308.57
-6309.84
-6311.1
-6312.37
-6313.63
-6314.9
-6316.16
-6317.43
-6318.69
-6319.96
-6321.22
-6322.49
-6323.75
-6325.02
-6326.28
-6327.55
-6328.81
-6330.08
-6331.34
-6332.61
-6333.87
-6335.14
-6336.4
-6337.67
-6338.94
-6340.2
-6341.47
-6342.73
-6344
-6345.26
-6346.53
-6347.79
-6349.06
-6350.33
-6351.59
-6352.86
-6354.12
-6355.39
-6356.65
-6357.92
-6359.19
-6360.45
-6361.72
-6362.98
-6364.25
-6365.51
-6366.78
-6368.05
-6369.31
-6370.58
-6371.84
-6373.11
-6374.38
-6375.64
-6376.91
-6378.18
-6379.44
-6380.71
-6381.97
-6383.24
-6384.51
-6385.77
-6387.04
-6388.31
-6389.57
-6390.84
-6392.11
-6393.37
-6394.64
-6395.9
-6397.17
-6398.44
-6399.7
-6400.97
-6402.24
-6403.5
-6404.77
-6406.04
-6407.3
-6408.57
-6409.84
-6411.1
-6412.37
-6413.64
-6414.91
-6416.17
-6417.44
-6418.71
-6419.97
-6421.24
-6422.51
-6423.77
-6425.04
-6426.31
-6427.58
-6428.84
-6430.11
-6431.38
-6432.65
-6433.91
-6435.18
-6436.45
-6437.71
-6438.98
-6440.25
-6441.52
-6442.78
-6444.05
-6445.32
-6446.59
-6447.85
-6449.12
-6450.39
-6451.66
-6452.92
-6454.19
-6455.46
-6456.73
-6458
-6459.26
-6460.53
-6461.8
-6463.07
-6464.33
-6465.6
-6466.87
-6468.14
-6469.41
-6470.67
-6471.94
-6473.21
-6474.48
-6475.75
-6477.02
-6478.28
-6479.55
-6480.82
-6482.09
-6483.36
-6484.62
-6485.89
-6487.16
-6488.43
-6489.7
-6490.97
-6492.23
-6493.5
-6494.77
-6496.04
-6497.31
-6498.58
-6499.85
-6501.11
-6502.38
-6503.65
-6504.92
-6506.19
-6507.46
-6508.73
-6510
-6511.26
-6512.53
-6513.8
-6515.07
-6516.34
-6517.61
-6518.88
-6520.15
-6521.42
-6522.68
-6523.95
-6525.22
-6526.49
-6527.76
-6529.03
-6530.3
-6531.57
-6532.84
-6534.11
-6535.38
-6536.65
-6537.92
-6539.18
-6540.45
-6541.72
-6542.99
-6544.26
-6545.53
-6546.8
-6548.07
-6549.34
-6550.61
-6551.88
-6553.15
-6554.42
-6555.69
-6556.96
-6558.23
-6559.5
-6560.77
-6562.04
-6563.31
-6564.58
-6565.85
-6567.12
-6568.39
-6569.66
-6570.93
-6572.2
-6573.47
-6574.74
-6576.01
-6577.28
-6578.55
-6579.82
-6581.09
-6582.36
-6583.63
-6584.9
-6586.17
-6587.44
-6588.71
-6589.98
-6591.25
-6592.52
-6593.79
-6595.06
-6596.33
-6597.6
-6598.87
-6600.14
-6601.41
-6602.68
-6603.96
-6605.23
-6606.5
-6607.77
-6609.04
-6610.31
-6611.58
-6612.85
-6614.12
-6615.39
-6616.66
-6617.93
-6619.2
-6620.48
-6621.75
-6623.02
-6624.29
-6625.56
-6626.83
-6628.1
-6629.37
-6630.64
-6631.92
-6633.19
-6634.46
-6635.73
-6637
-6638.27
-6639.54
-6640.81
-6642.09
-6643.36
-6644.63
-6645.9
-6647.17
-6648.44
-6649.71
-6650.99
-6652.26
-6653.53
-6654.8
-6656.07
-6657.34
-6658.62
-6659.89
-6661.16
-6662.43
-6663.7
-6664.97
-6666.25
-6667.52
-6668.79
-6670.06
-6671.33
-6672.61
-6673.88
-6675.15
-6676.42
-6677.69
-6678.97
-6680.24
-6681.51
-6682.78
-6684.05
-6685.33
-6686.6
-6687.87
-6689.14
-6690.42
-6691.69
-6692.96
-6694.23
-6695.51
-6696.78
-6698.05
-6699.32
-6700.6
-6701.87
-6703.14
-6704.41
-6705.69
-6706.96
-6708.23
-6709.5
-6710.78
-6712.05
-6713.32
-6714.59
-6715.87
-6717.14
-6718.41
-6719.69
-6720.96
-6722.23
-6723.5
-6724.78
-6726.05
-6727.32
-6728.6
-6729.87
-6731.14
-6732.42
-6733.69
-6734.96
-6736.24
-6737.51
-6738.78
-6740.05
-6741.33
-6742.6
-6743.87
-6745.15
-6746.42
-6747.69
-6748.97
-6750.24
-6751.52
-6752.79
-6754.06
-6755.34
-6756.61
-6757.88
-6759.16
-6760.43
-6761.7
-6762.98
-6764.25
-6765.53
-6766.8
-6768.07
-6769.35
-6770.62
-6771.89
-6773.17
-6774.44
-6775.72
-6776.99
-6778.26
-6779.54
-6780.81
-6782.09
-6783.36
-6784.63
-6785.91
-6787.18
-6788.46
-6789.73
-6791.01
-6792.28
-6793.55
-6794.83
-6796.1
-6797.38
-6798.65
-6799.93
-6801.2
-6802.47
-6803.75
-6805.02
-6806.3
-6807.57
-6808.85
-6810.12
-6811.4
-6812.67
-6813.95
-6815.22
-6816.5
-6817.77
-6819.04
-6820.32
-6821.59
-6822.87
-6824.14
-6825.42
-6826.69
-6827.97
-6829.24
-6830.52
-6831.79
-6833.07
-6834.34
-6835.62
-6836.89
-6838.17
-6839.44
-6840.72
-6841.99
-6843.27
-6844.55
-6845.82
-6847.1
-6848.37
-6849.65
-6850.92
-6852.2
-6853.47
-6854.75
-6856.02
-6857.3
-6858.57
-6859.85
-6861.13
-6862.4
-6863.68
-6864.95
-6866.23
-6867.5
-6868.78
-6870.06
-6871.33
-6872.61
-6873.88
-6875.16
-6876.43
-6877.71
-6878.99
-6880.26
-6881.54
-6882.81
-6884.09
-6885.37
-6886.64
-6887.92
-6889.19
-6890.47
-6891.75
-6893.02
-6894.3
-6895.58
-6896.85
-6898.13
-6899.4
-6900.68
-6901.96
-6903.23
-6904.51
-6905.79
-6907.06
-6908.34
-6909.62
-6910.89
-6912.17
-6913.45
-6914.72
-6916
-6917.27
-6918.55
-6919.83
-6921.1
-6922.38
-6923.66
-6924.94
-6926.21
-6927.49
-6928.77
-6930.04
-6931.32
-6932.6
-6933.87
-6935.15
-6936.43
-6937.7
-6938.98
-6940.26
-6941.54
-6942.81
-6944.09
-6945.37
-6946.64
-6947.92
-6949.2
-6950.48
-6951.75
-6953.03
-6954.31
-6955.59
-6956.86
-6958.14
-6959.42
-6960.69
-6961.97
-6963.25
-6964.53
-6965.8
-6967.08
-6968.36
-6969.64
-6970.92
-6972.19
-6973.47
-6974.75
-6976.03
-6977.3
-6978.58
-6979.86
-6981.14
-6982.42
-6983.69
-6984.97
-6986.25
-6987.53
-6988.8
-6990.08
-6991.36
-6992.64
-6993.92
-6995.2
-6996.47
-6997.75
-6999.03
-7000.31
-7001.59
-7002.86
-7004.14
-7005.42
-7006.7
-7007.98
-7009.26
-7010.53
-7011.81
-7013.09
-7014.37
-7015.65
-7016.93
-7018.2
-7019.48
-7020.76
-7022.04
-7023.32
-7024.6
-7025.88
-7027.16
-7028.43
-7029.71
-7030.99
-7032.27
-7033.55
-7034.83
-7036.11
-7037.39
-7038.66
-7039.94
-7041.22
-7042.5
-7043.78
-7045.06
-7046.34
-7047.62
-7048.9
-7050.18
-7051.46
-7052.73
-7054.01
-7055.29
-7056.57
-7057.85
-7059.13
-7060.41
-7061.69
-7062.97
-7064.25
-7065.53
-7066.81
-7068.09
-7069.37
-7070.65
-7071.92
-7073.2
-7074.48
-7075.76
-7077.04
-7078.32
-7079.6
-7080.88
-7082.16
-7083.44
-7084.72
-7086
-7087.28
-7088.56
-7089.84
-7091.12
-7092.4
-7093.68
-7094.96
-7096.24
-7097.52
-7098.8
-7100.08
-7101.36
-7102.64
-7103.92
-7105.2
-7106.48
-7107.76
-7109.04
-7110.32
-7111.6
-7112.88
-7114.16
-7115.44
-7116.72
-7118
-7119.28
-7120.56
-7121.84
-7123.13
-7124.41
-7125.69
-7126.97
-7128.25
-7129.53
-7130.81
-7132.09
-7133.37
-7134.65
-7135.93
-7137.21
-7138.49
-7139.77
-7141.05
-7142.34
-7143.62
-7144.9
-7146.18
-7147.46
-7148.74
-7150.02
-7151.3
-7152.58
-7153.86
-7155.14
-7156.43
-7157.71
-7158.99
-7160.27
-7161.55
-7162.83
-7164.11
-7165.39
-7166.68
-7167.96
-7169.24
-7170.52
-7171.8
-7173.08
-7174.36
-7175.65
-7176.93
-7178.21
-7179.49
-7180.77
-7182.05
-7183.33
-7184.62
-7185.9
-7187.18
-7188.46
-7189.74
-7191.02
-7192.31
-7193.59
-7194.87
-7196.15
-7197.43
-7198.72
-7200
-7201.28
-7202.56
-7203.84
-7205.12
-7206.41
-7207.69
-7208.97
-7210.25
-7211.54
-7212.82
-7214.1
-7215.38
-7216.66
-7217.95
-7219.23
-7220.51
-7221.79
-7223.07
-7224.36
-7225.64
-7226.92
-7228.2
-7229.49
-7230.77
-7232.05
-7233.33
-7234.62
-7235.9
-7237.18
-7238.46
-7239.75
-7241.03
-7242.31
-7243.6
-7244.88
-7246.16
-7247.44
-7248.73
-7250.01
-7251.29
-7252.57
-7253.86
-7255.14
-7256.42
-7257.71
-7258.99
-7260.27
-7261.56
-7262.84
-7264.12
-7265.4
-7266.69
-7267.97
-7269.25
-7270.54
-7271.82
-7273.1
-7274.39
-7275.67
-7276.95
-7278.24
-7279.52
-7280.8
-7282.09
-7283.37
-7284.65
-7285.94
-7287.22
-7288.5
-7289.79
-7291.07
-7292.35
-7293.64
-7294.92
-7296.2
-7297.49
-7298.77
-7300.06
-7301.34
-7302.62
-7303.91
-7305.19
-7306.47
-7307.76
-7309.04
-7310.33
-7311.61
-7312.89
-7314.18
-7315.46
-7316.75
-7318.03
-7319.31
-7320.6
-7321.88
-7323.17
-7324.45
-7325.73
-7327.02
-7328.3
-7329.59
-7330.87
-7332.16
-7333.44
-7334.72
-7336.01
-7337.29
-7338.58
-7339.86
-7341.15
-7342.43
-7343.72
-7345
-7346.28
-7347.57
-7348.85
-7350.14
-7351.42
-7352.71
-7353.99
-7355.28
-7356.56
-7357.85
-7359.13
-7360.42
-7361.7
-7362.99
-7364.27
-7365.56
-7366.84
-7368.13
-7369.41
-7370.7
-7371.98
-7373.27
-7374.55
-7375.84
-7377.12
-7378.41
-7379.69
-7380.98
-7382.26
-7383.55
-7384.83
-7386.12
-7387.4
-7388.69
-7389.97
-7391.26
-7392.54
-7393.83
-7395.11
-7396.4
-7397.68
-7398.97
-7400.26
-7401.54
-7402.83
-7404.11
-7405.4
-7406.68
-7407.97
-7409.25
-7410.54
-7411.83
-7413.11
-7414.4
-7415.68
-7416.97
-7418.25
-7419.54
-7420.83
-7422.11
-7423.4
-7424.68
-7425.97
-7427.26
-7428.54
-7429.83
-7431.11
-7432.4
-7433.69
-7434.97
-7436.26
-7437.54
-7438.83
-7440.12
-7441.4
-7442.69
-7443.98
-7445.26
-7446.55
-7447.83
-7449.12
-7450.41
-7451.69
-7452.98
-7454.27
-7455.55
-7456.84
-7458.13
-7459.41
-7460.7
-7461.99
-7463.27
-7464.56
-7465.85
-7467.13
-7468.42
-7469.71
-7470.99
-7472.28
-7473.57
-7474.85
-7476.14
-7477.43
-7478.71
-7480
-7481.29
-7482.57
-7483.86
-7485.15
-7486.44
-7487.72
-7489.01
-7490.3
-7491.58
-7492.87
-7494.16
-7495.44
-7496.73
-7498.02
-7499.31
-7500.59
-7501.88
-7503.17
-7504.46
-7505.74
-7507.03
-7508.32
-7509.6
-7510.89
-7512.18
-7513.47
-7514.75
-7516.04
-7517.33
-7518.62
-7519.9
-7521.19
-7522.48
-7523.77
-7525.05
-7526.34
-7527.63
-7528.92
-7530.21
-7531.49
-7532.78
-7534.07
-7535.36
-7536.64
-7537.93
-7539.22
-7540.51
-7541.8
-7543.08
-7544.37
-7545.66
-7546.95
-7548.24
-7549.52
-7550.81
-7552.1
-7553.39
-7554.67
-7555.96
-7557.25
-7558.54
-7559.83
