1064.98
1064.59
1064.2
1063.82
1063.43
1063.05
1062.66
1062.28
1061.89
1061.51
1061.12
1060.74
1060.36
1059.97
1059.59
1059.2
1058.82
1058.43
1058.05
1057.66
1057.28
1056.89
1056.51
1056.13
1055.74
1055.36
1054.97
1054.59
1054.21
1053.82
1053.44
1053.05
1052.67
1052.29
1051.9
1051.52
1051.14
1050.75
1050.37
1049.99
1049.6
1049.22
1048.84
1048.45
1048.07
1047.69
1047.3
1046.92
1046.54
1046.16
1045.77
1045.39
1045.01
1044.62
1044.24
1043.86
1043.48
1043.09
1042.71
1042.33
1041.95
1041.56
1041.18
1040.8
1040.42
1040.04
1039.65
1039.27
1038.89
1038.51
1038.13
1037.74
1037.36
1036.98
1036.6
1036.22
1035.84
1035.46
1035.07
1034.69
1034.31
1033.93
1033.55
1033.17
1032.79
1032.41
1032.02
1031.64
1031.26
1030.88
1030.5
1030.12
1029.74
1029.36
1028.98
1028.6
1028.22
1027.84
1027.46
1027.08
1026.7
1026.31
1025.93
1025.55
1025.17
1024.79
1024.41
1024.03
1023.65
1023.27
1022.89
1022.51
1022.13
1021.76
1021.38
1021
1020.62
1020.24
1019.86
1019.48
1019.1
1018.72
1018.34
1017.96
1017.58
1017.2
1016.82
1016.44
1016.07
1015.69
1015.31
1014.93
1014.55
1014.17
1013.79
1013.41
1013.04
1012.66
1012.28
1011.9
1011.52
1011.14
1010.77
1010.39
1010.01
1009.63
1009.25
1008.88
1008.5
1008.12
1007.74
1007.36
1006.99
1006.61
1006.23
1005.85
1005.48
1005.1
1004.72
1004.34
1003.97
1003.59
1003.21
1002.83
1002.46
1002.08
1001.7
1001.33
1000.95
1000.57
1000.2
999.818
999.442
999.065
998.688
998.312
997.935
997.559
997.182
996.806
996.429
996.053
995.677
995.301
994.925
994.548
994.172
993.796
993.42
993.045
992.669
992.293
991.917
991.541
991.166
990.79
990.415
990.039
989.664
989.288
988.913
988.538
988.162
987.787
987.412
987.037
986.662
986.287
985.912
985.537
985.162
984.787
984.412
984.038
983.663
983.288
982.914
982.539
982.165
981.79
981.416
981.042
980.667
980.293
979.919
979.545
979.171
978.797
978.423
978.049
977.675
977.301
976.927
976.554
976.18
975.806
975.433
975.059
974.686
974.312
973.939
973.566
973.192
972.819
972.446
972.073
971.7
971.327
970.954
970.581
970.208
969.835
969.462
969.09
968.717
968.344
967.972
967.599
967.227
966.854
966.482
966.109
965.737
965.365
964.993
964.621
964.249
963.877
963.505
963.133
962.761
962.389
962.017
961.645
961.274
960.902
960.53
960.159
959.787
959.416
959.044
958.673
958.302
957.931
957.559
957.188
956.817
956.446
956.075
955.704
955.333
954.962
954.592
954.221
953.85
953.479
953.109
952.738
952.368
951.997
951.627
951.256
950.886
950.516
950.146
949.776
949.405
949.035
948.665
948.295
947.925
947.556
947.186
946.816
946.446
946.077
945.707
945.337
944.968
944.598
944.229
943.86
943.49
943.121
942.752
942.383
942.013
941.644
941.275
940.906
940.537
940.169
939.8
939.431
939.062
938.694
938.325
937.956
937.588
937.219
936.851
936.482
936.114
935.746
935.378
935.009
934.641
934.273
933.905
933.537
933.169
932.801
932.433
932.066
931.698
931.33
930.963
930.595
930.227
929.86
929.492
929.125
928.758
928.39
928.023
927.656
927.289
926.922
926.555
926.188
925.821
925.454
925.087
924.72
924.353
923.986
923.62
923.253
922.887
922.52
922.154
921.787
921.421
921.055
920.688
920.322
919.956
919.59
919.224
918.858
918.492
918.126
917.76
917.394
917.028
916.662
916.297
915.931
915.566
915.2
914.834
914.469
914.104
913.738
913.373
913.008
912.643
912.277
911.912
911.547
911.182
910.817
910.452
910.088
909.723
909.358
908.993
908.629
908.264
907.899
907.535
907.17
906.806
906.442
906.077
905.713
905.349
904.985
904.621
904.257
903.892
903.529
903.165
902.801
902.437
902.073
901.709
901.346
900.982
900.618
900.255
899.891
899.528
899.165
898.801
898.438
898.075
897.712
897.348
896.985
896.622
896.259
895.896
895.533
895.171
894.808
894.445
894.082
893.72
893.357
892.994
892.632
892.269
891.907
891.545
891.182
890.82
890.458
890.096
889.734
889.372
889.009
888.648
888.286
887.924
887.562
887.2
886.838
886.477
886.115
885.753
885.392
885.03
884.669
884.308
883.946
883.585
883.224
882.863
882.501
882.14
881.779
881.418
881.057
880.696
880.335
879.975
879.614
879.253
878.893
878.532
878.171
877.811
877.45
877.09
876.73
876.369
876.009
875.649
875.289
874.928
874.568
874.208
873.848
873.488
873.128
872.769
872.409
872.049
871.689
871.33
870.97
870.611
870.251
869.892
869.532
869.173
868.814
868.454
868.095
867.736
867.377
867.018
866.659
866.3
865.941
865.582
865.223
864.864
864.506
864.147
863.788
863.43
863.071
862.713
862.354
861.996
861.638
861.279
860.921
860.563
860.205
859.847
859.488
859.13
858.773
858.415
858.057
857.699
857.341
856.983
856.626
856.268
855.911
855.553
855.196
854.838
854.481
854.123
853.766
853.409
853.052
852.695
852.338
851.98
851.623
851.267
850.91
850.553
850.196
849.839
849.483
849.126
848.769
848.413
848.056
847.7
847.343
846.987
846.631
846.274
845.918
845.562
845.206
844.85
844.494
844.138
843.782
843.426
843.07
842.714
842.358
842.003
841.647
841.291
840.936
840.58
840.225
839.87
839.514
839.159
838.804
838.448
838.093
837.738
837.383
837.028
836.673
836.318
835.963
835.608
835.254
834.899
834.544
834.189
833.835
833.48
833.126
832.771
832.417
832.063
831.708
831.354
831
830.646
830.291
829.937
829.583
829.229
828.875
828.522
828.168
827.814
827.46
827.106
826.753
826.399
826.046
825.692
825.339
824.985
824.632
824.279
823.925
823.572
823.219
822.866
822.513
822.16
821.807
821.454
821.101
820.748
820.395
820.043
819.69
819.337
818.985
818.632
818.28
817.927
817.575
817.222
816.87
816.518
816.165
815.813
815.461
815.109
814.757
814.405
814.053
813.701
813.349
812.998
812.646
812.294
811.942
811.591
811.239
810.888
810.536
810.185
809.834
809.482
809.131
808.78
808.428
808.077
807.726
807.375
807.024
806.673
806.322
805.972
805.621
805.27
804.919
804.569
804.218
803.867
803.517
803.166
802.816
802.466
802.115
801.765
801.415
801.065
800.714
800.364
800.014
799.664
799.314
798.964
798.614
798.265
797.915
797.565
797.215
796.866
796.516
796.167
795.817
795.468
795.118
794.769
794.42
794.07
793.721
793.372
793.023
792.674
792.325
791.976
791.627
791.278
790.929
790.58
790.232
789.883
789.534
789.186
788.837
788.489
788.14
787.792
787.443
787.095
786.747
786.399
786.05
785.702
785.354
785.006
784.658
784.31
783.962
783.615
783.267
782.919
782.571
782.224
781.876
781.528
781.181
780.833
780.486
780.139
779.791
779.444
779.097
778.749
778.402
778.055
777.708
777.361
777.014
776.667
776.32
775.973
775.627
775.28
774.933
774.587
774.24
773.893
773.547
773.201
772.854
772.508
772.161
771.815
771.469
771.123
770.777
770.43
770.084
769.738
769.392
769.047
768.701
768.355
768.009
767.663
767.318
766.972
766.627
766.281
765.936
765.59
765.245
764.899
764.554
764.209
763.864
763.518
763.173
762.828
762.483
762.138
761.793
761.448
761.103
760.759
760.414
760.069
759.725
759.38
759.035
758.691
758.346
758.002
757.658
757.313
756.969
756.625
756.28
755.936
755.592
755.248
754.904
754.56
754.216
753.872
753.529
753.185
752.841
752.497
752.154
751.81
751.466
751.123
750.779
750.436
750.093
749.749
749.406
749.063
748.72
748.376
748.033
747.69
747.347
747.004
746.661
746.319
745.976
745.633
745.29
744.947
744.605
744.262
743.92
743.577
743.235
742.892
742.55
742.208
741.865
741.523
741.181
740.839
740.497
740.155
739.812
739.471
739.129
738.787
738.445
738.103
737.761
737.42
737.078
736.736
736.395
736.053
735.712
735.37
735.029
734.688
734.346
734.005
733.664
733.323
732.982
732.641
732.3
731.959
731.618
731.277
730.936
730.595
730.255
729.914
729.573
729.233
728.892
728.551
728.211
727.871
727.53
727.19
726.85
726.509
726.169
725.829
725.489
725.149
724.809
724.469
724.129
723.789
723.449
723.109
722.769
722.43
722.09
721.75
721.411
721.071
720.732
720.392
720.053
719.714
719.374
719.035
718.696
718.357
718.018
717.678
717.339
717
716.661
716.323
715.984
715.645
715.306
714.967
714.629
714.29
713.951
713.613
713.274
712.936
712.598
712.259
711.921
711.583
711.244
710.906
710.568
710.23
709.892
709.554
709.216
708.878
708.54
708.202
707.864
707.527
707.189
706.851
706.514
706.176
705.839
705.501
705.164
704.826
704.489
704.152
703.814
703.477
703.14
702.803
702.466
702.129
701.792
701.455
701.118
700.781
700.444
700.107
699.771
699.434
699.097
698.761
698.424
698.088
697.751
697.415
697.078
696.742
696.406
696.069
695.733
695.397
695.061
694.725
694.389
694.053
693.717
693.381
693.045
692.709
692.373
692.038
691.702
691.366
691.031
690.695
690.36
690.024
689.689
689.354
689.018
688.683
688.348
688.012
687.677
687.342
687.007
686.672
686.337
686.002
685.667
685.332
684.998
684.663
684.328
683.993
683.659
683.324
682.99
682.655
682.321
681.986
681.652
681.318
680.983
680.649
680.315
679.981
679.647
679.313
678.978
678.645
678.311
677.977
677.643
677.309
676.975
676.642
676.308
675.974
675.641
675.307
674.974
674.64
674.307
673.973
673.64
673.307
672.973
672.64
672.307
671.974
671.641
671.308
670.975
670.642
670.309
669.976
669.643
669.31
668.978
668.645
668.312
667.98
667.647
667.315
666.982
666.65
666.317
665.985
665.653
665.32
664.988
664.656
664.324
663.992
663.66
663.328
662.996
662.664
662.332
662
661.668
661.337
661.005
660.673
660.342
660.01
659.678
659.347
659.016
658.684
658.353
658.021
657.69
657.359
657.028
656.697
656.365
656.034
655.703
655.372
655.041
654.71
654.38
654.049
653.718
653.387
653.057
652.726
652.395
652.065
651.734
651.404
651.073
650.743
650.413
650.082
649.752
649.422
649.092
648.761
648.431
648.101
647.771
647.441
647.111
646.781
646.452
646.122
645.792
645.462
645.133
644.803
644.473
644.144
643.814
643.485
643.155
642.826
642.497
642.167
641.838
641.509
641.18
640.85
640.521
640.192
639.863
639.534
639.205
638.876
638.548
638.219
637.89
637.561
637.233
636.904
636.575
636.247
635.918
635.59
635.261
634.933
634.605
634.276
633.948
633.62
633.292
632.964
632.635
632.307
631.979
631.651
631.323
630.996
630.668
630.34
630.012
629.684
629.357
629.029
628.701
628.374
628.046
627.719
627.391
627.064
626.737
626.409
626.082
625.755
625.428
625.1
624.773
624.446
624.119
623.792
623.465
623.138
622.811
622.485
622.158
621.831
621.504
621.178
620.851
620.525
620.198
619.871
619.545
619.219
618.892
618.566
618.24
617.913
617.587
617.261
616.935
616.609
616.283
615.957
615.631
615.305
614.979
614.653
614.327
614.001
613.676
613.35
613.024
612.699
612.373
612.048
611.722
611.397
611.071
610.746
610.42
610.095
609.77
609.445
609.12
608.794
608.469
608.144
607.819
607.494
607.169
606.844
606.52
606.195
605.87
605.545
605.221
604.896
604.571
604.247
603.922
603.598
603.273
602.949
602.625
602.3
601.976
601.652
601.327
601.003
600.679
600.355
600.031
599.707
599.383
599.059
598.735
598.411
598.088
597.764
597.44
597.116
596.793
596.469
596.146
595.822
595.498
595.175
594.852
594.528
594.205
593.882
593.558
593.235
592.912
592.589
592.266
591.943
591.62
591.297
590.974
590.651
590.328
590.005
589.682
589.36
589.037
588.714
588.392
588.069
587.746
587.424
587.101
586.779
586.457
586.134
585.812
585.49
585.167
584.845
584.523
584.201
583.879
583.557
583.235
582.913
582.591
582.269
581.947
581.625
581.303
580.982
580.66
580.338
580.017
579.695
579.374
579.052
578.731
578.409
578.088
577.766
577.445
577.124
576.803
576.481
576.16
575.839
575.518
575.197
574.876
574.555
574.234
573.913
573.592
573.272
572.951
572.63
572.309
571.989
571.668
571.348
571.027
570.706
570.386
570.066
569.745
569.425
569.105
568.784
568.464
568.144
567.824
567.503
567.183
566.863
566.543
566.223
565.903
565.584
565.264
564.944
564.624
564.304
563.985
563.665
563.345
563.026
562.706
562.387
562.067
561.748
561.428
561.109
560.79
560.47
560.151
559.832
559.513
559.193
558.874
558.555
558.236
557.917
557.598
557.279
556.96
556.642
556.323
556.004
555.685
555.367
555.048
554.729
554.411
554.092
553.774
553.455
553.137
552.818
552.5
552.182
551.863
551.545
551.227
550.909
550.591
550.272
549.954
549.636
549.318
549
548.682
548.365
548.047
547.729
547.411
547.093
546.776
546.458
546.14
545.823
545.505
545.188
544.87
544.553
544.235
543.918
543.601
543.283
542.966
542.649
542.332
542.015
541.697
541.38
541.063
540.746
540.429
540.112
539.796
539.479
539.162
538.845
538.528
538.212
537.895
537.578
537.262
536.945
536.629
536.312
535.996
535.679
535.363
535.046
534.73
534.414
534.098
533.781
533.465
533.149
532.833
532.517
532.201
531.885
531.569
531.253
530.937
530.621
530.305
529.99
529.674
529.358
529.042
528.727
528.411
528.096
527.78
527.465
527.149
526.834
526.518
526.203
525.888
525.572
525.257
524.942
524.627
524.312
523.996
523.681
523.366
523.051
522.736
522.421
522.106
521.792
521.477
521.162
520.847
520.533
520.218
519.903
519.589
519.274
518.959
518.645
518.33
518.016
517.702
517.387
517.073
516.759
516.444
516.13
515.816
515.502
515.188
514.873
514.559
514.245
513.931
513.617
513.303
512.99
512.676
512.362
512.048
511.734
511.421
511.107
510.793
510.48
510.166
509.853
509.539
509.226
508.912
508.599
508.285
507.972
507.659
507.345
507.032
506.719
506.406
506.093
505.78
505.467
505.153
504.84
504.528
504.215
503.902
503.589
503.276
502.963
502.65
502.338
502.025
501.712
501.4
501.087
500.775
500.462
500.15
499.837
499.525
499.212
498.9
498.588
498.275
497.963
497.651
497.339
497.026
496.714
496.402
496.09
495.778
495.466
495.154
494.842
494.53
494.218
493.907
493.595
493.283
492.971
492.66
492.348
492.036
491.725
491.413
491.102
490.79
490.479
490.167
489.856
489.545
489.233
488.922
488.611
488.299
487.988
487.677
487.366
487.055
486.744
486.433
486.122
485.811
485.5
485.189
484.878
484.567
484.256
483.946
483.635
483.324
483.013
482.703
482.392
482.082
481.771
481.46
481.15
480.84
480.529
480.219
479.908
479.598
479.288
478.977
478.667
478.357
478.047
477.737
477.427
477.117
476.807
476.497
476.187
475.877
475.567
475.257
474.947
474.637
474.327
474.018
473.708
473.398
473.089
472.779
472.469
472.16
471.85
471.541
471.231
470.922
470.612
470.303
469.994
469.684
469.375
469.066
468.757
468.447
468.138
467.829
467.52
467.211
466.902
466.593
466.284
465.975
465.666
465.357
465.048
464.74
464.431
464.122
463.813
463.505
463.196
462.887
462.579
462.27
461.962
461.653
461.345
461.036
460.728
460.419
460.111
459.803
459.494
459.186
458.878
458.57
458.261
457.953
457.645
457.337
457.029
456.721
456.413
456.105
455.797
455.489
455.181
454.874
454.566
454.258
453.95
453.642
453.335
453.027
452.719
452.412
452.104
451.797
451.489
451.182
450.874
450.567
450.26
449.952
449.645
449.338
449.03
448.723
448.416
448.109
447.801
447.494
447.187
446.88
446.573
446.266
445.959
445.652
445.345
445.038
444.731
444.425
444.118
443.811
443.504
443.198
442.891
442.584
442.278
441.971
441.664
441.358
441.051
440.745
440.438
440.132
439.826
439.519
439.213
438.907
438.6
438.294
437.988
437.682
437.375
437.069
436.763
436.457
436.151
435.845
435.539
435.233
434.927
434.621
434.315
434.009
433.704
433.398
433.092
432.786
432.481
432.175
431.869
431.564
431.258
430.952
430.647
430.341
430.036
429.73
429.425
429.12
428.814
428.509
428.203
427.898
427.593
427.288
426.982
426.677
426.372
426.067
425.762
425.457
425.152
424.847
424.542
424.237
423.932
423.627
423.322
423.017
422.712
422.408
422.103
421.798
421.493
421.189
420.884
420.579
420.275
419.97
419.666
419.361
419.056
418.752
418.448
418.143
417.839
417.534
417.23
416.926
416.621
416.317
416.013
415.709
415.405
415.1
414.796
414.492
414.188
413.884
413.58
413.276
412.972
412.668
412.364
412.06
411.756
411.453
411.149
410.845
410.541
410.237
409.934
409.63
409.326
409.023
408.719
408.416
408.112
407.808
407.505
407.201
406.898
406.595
406.291
405.988
405.684
405.381
405.078
404.775
404.471
404.168
403.865
403.562
403.259
402.955
402.652
402.349
402.046
401.743
401.44
401.137
400.834
400.531
400.229
399.926
399.623
399.32
399.017
398.714
398.412
398.109
397.806
397.504
397.201
396.898
396.596
396.293
395.991
395.688
395.386
395.083
394.781
394.478
394.176
393.874
393.571
393.269
392.967
392.664
392.362
392.06
391.758
391.455
391.153
390.851
390.549
390.247
389.945
389.643
389.341
389.039
388.737
388.435
388.133
387.831
387.529
387.227
386.926
386.624
386.322
386.02
385.719
385.417
385.115
384.814
384.512
384.21
383.909
383.607
383.306
383.004
382.703
382.401
382.1
381.798
381.497
381.196
380.894
380.593
380.292
379.99
379.689
379.388
379.087
378.785
378.484
378.183
377.882
377.581
377.28
376.979
376.678
376.377
376.076
375.775
375.474
375.173
374.872
374.571
374.27
373.969
373.669
373.368
373.067
372.766
372.466
372.165
371.864
371.564
371.263
370.962
370.662
370.361
370.061
369.76
369.46
369.159
368.859
368.558
368.258
367.958
367.657
367.357
367.057
366.756
366.456
366.156
365.855
365.555
365.255
364.955
364.655
364.355
364.055
363.754
363.454
363.154
362.854
362.554
362.254
361.954
361.654
361.355
361.055
360.755
360.455
360.155
359.855
359.555
359.256
358.956
358.656
358.357
358.057
357.757
357.458
357.158
356.858
356.559
356.259
355.96
355.66
355.361
355.061
354.762
354.462
354.163
353.863
353.564
353.265
352.965
352.666
352.367
352.067
351.768
351.469
351.17
350.87
350.571
350.272
349.973
349.674
349.375
349.076
348.777
348.478
348.179
347.88
347.581
347.282
346.983
346.684
346.385
346.086
345.787
345.488
345.189
344.891
344.592
344.293
343.994
343.696
343.397
343.098
342.799
342.501
342.202
341.903
341.605
341.306
341.008
340.709
340.411
340.112
339.814
339.515
339.217
338.918
338.62
338.321
338.023
337.725
337.426
337.128
336.83
336.531
336.233
335.935
335.637
335.338
335.04
334.742
334.444
334.146
333.848
333.55
333.251
332.953
332.655
332.357
332.059
331.761
331.463
331.165
330.867
330.569
330.271
329.974
329.676
329.378
329.08
328.782
328.484
328.187
327.889
327.591
327.293
326.996
326.698
326.4
326.102
325.805
325.507
325.209
324.912
324.614
324.317
324.019
323.722
323.424
323.127
322.829
322.532
322.234
321.937
321.639
321.342
321.044
320.747
320.45
320.152
319.855
319.558
319.26
318.963
318.666
318.369
318.071
317.774
317.477
317.18
316.883
316.585
316.288
315.991
315.694
315.397
315.1
314.803
314.506
314.209
313.912
313.615
313.318
313.021
312.724
312.427
312.13
311.833
311.536
311.239
310.942
310.645
310.349
310.052
309.755
309.458
309.161
308.865
308.568
308.271
307.974
307.678
307.381
307.084
306.788
306.491
306.194
305.898
305.601
305.305
305.008
304.711
304.415
304.118
303.822
303.525
303.229
302.932
302.636
302.339
302.043
301.747
301.45
301.154
300.857
300.561
300.265
299.968
299.672
299.376
299.079
298.783
298.487
298.19
297.894
297.598
297.302
297.006
296.709
296.413
296.117
295.821
295.525
295.229
294.932
294.636
294.34
294.044
293.748
293.452
293.156
292.86
292.564
292.268
291.972
291.676
291.38
291.084
290.788
290.492
290.196
289.9
289.604
289.308
289.013
288.717
288.421
288.125
287.829
287.533
287.238
286.942
286.646
286.35
286.055
285.759
285.463
285.167
284.872
284.576
284.28
283.985
283.689
283.393
283.098
282.802
282.506
282.211
281.915
281.62
281.324
281.028
280.733
280.437
280.142
279.846
279.551
279.255
278.96
278.664
278.369
278.073
277.778
277.482
277.187
276.892
276.596
276.301
276.005
275.71
275.415
275.119
274.824
274.529
274.233
273.938
273.643
273.347
273.052
272.757
272.461
272.166
271.871
271.576
271.28
270.985
270.69
270.395
270.1
269.804
269.509
269.214
268.919
268.624
268.329
268.034
267.738
267.443
267.148
266.853
266.558
266.263
265.968
265.673
265.378
265.083
264.788
264.493
264.198
263.903
263.608
263.313
263.018
262.723
262.428
262.133
261.838
261.543
261.248
260.953
260.658
260.363
260.068
259.773
259.478
259.184
258.889
258.594
258.299
258.004
257.709
257.414
257.12
256.825
256.53
256.235
255.94
255.645
255.351
255.056
254.761
254.466
254.172
253.877
253.582
253.287
252.993
252.698
252.403
252.108
251.814
251.519
251.224
250.93
250.635
250.34
250.046
249.751
249.456
249.162
248.867
248.572
248.278
247.983
247.689
247.394
247.099
246.805
246.51
246.216
245.921
245.626
245.332
245.037
244.743
244.448
244.154
243.859
243.564
243.27
242.975
242.681
242.386
242.092
241.797
241.503
241.208
240.914
240.619
240.325
240.03
239.736
239.441
239.147
238.852
238.558
238.263
237.969
237.675
237.38
237.086
236.791
236.497
236.202
235.908
235.614
235.319
235.025
234.73
234.436
234.141
233.847
233.553
233.258
232.964
232.67
232.375
232.081
231.786
231.492
231.198
230.903
230.609
230.315
230.02
229.726
229.431
229.137
228.843
228.548
228.254
227.96
227.665
227.371
227.077
226.782
226.488
226.194
225.9
225.605
225.311
225.017
224.722
224.428
224.134
223.839
223.545
223.251
222.956
222.662
222.368
222.074
221.779
221.485
221.191
220.896
220.602
220.308
220.014
219.719
219.425
219.131
218.836
218.542
218.248
217.954
217.659
217.365
217.071
216.776
216.482
216.188
215.894
215.599
215.305
215.011
214.717
214.422
214.128
213.834
213.54
213.245
212.951
212.657
212.362
212.068
211.774
211.48
211.185
210.891
210.597
210.303
210.008
209.714
209.42
209.126
208.831
208.537
208.243
207.948
207.654
207.36
207.066
206.771
206.477
206.183
205.889
205.594
205.3
205.006
204.711
204.417
204.123
203.829
203.534
203.24
202.946
202.651
202.357
202.063
201.768
201.474
201.18
200.886
200.591
200.297
200.003
199.708
199.414
199.12
198.825
198.531
198.237
197.942
197.648
197.354
197.059
196.765
196.471
196.176
195.882
195.588
195.293
194.999
194.705
194.41
194.116
193.821
193.527
193.233
192.938
192.644
192.35
192.055
191.761
191.466
191.172
190.878
190.583
190.289
189.994
189.7
189.405
189.111
188.817
188.522
188.228
187.933
187.639
187.344
187.05
186.755
186.461
186.166
185.872
185.577
185.283
184.988
184.694
184.399
184.105
183.81
183.516
183.221
182.927
182.632
182.338
182.043
181.749
181.454
181.16
180.865
180.57
180.276
179.981
179.687
179.392
179.097
178.803
178.508
178.214
177.919
177.624
177.33
177.035
176.74
176.446
176.151
175.856
175.562
175.267
174.972
174.678
174.383
174.088
173.793
173.499
173.204
172.909
172.614
172.32
172.025
171.73
171.435
171.141
170.846
170.551
170.256
169.961
169.667
169.372
169.077
168.782
168.487
168.192
167.897
167.602
167.308
167.013
166.718
166.423
166.128
165.833
165.538
165.243
164.948
164.653
164.358
164.063
163.768
163.473
163.178
162.883
162.588
162.293
161.998
161.703
161.408
161.113
160.818
160.523
160.227
159.932
159.637
159.342
159.047
158.752
158.457
158.161
157.866
157.571
157.276
156.981
156.685
156.39
156.095
155.799
155.504
155.209
154.914
154.618
154.323
154.028
153.732
153.437
153.142
152.846
152.551
152.255
151.96
151.665
151.369
151.074
150.778
150.483
150.187
149.892
149.596
149.301
149.005
148.71
148.414
148.119
147.823
147.527
147.232
146.936
146.641
146.345
146.049
145.754
145.458
145.162
144.867
144.571
144.275
143.979
143.684
143.388
143.092
142.796
142.5
142.205
141.909
141.613
141.317
141.021
140.725
140.429
140.133
139.838
139.542
139.246
138.95
138.654
138.358
138.062
137.766
137.47
137.173
136.877
136.581
136.285
135.989
135.693
135.397
135.101
134.804
134.508
134.212
133.916
133.62
133.323
133.027
132.731
132.434
132.138
131.842
131.545
131.249
130.953
130.656
130.36
130.063
129.767
129.47
129.174
128.878
128.581
128.284
127.988
127.691
127.395
127.098
126.802
126.505
126.208
125.912
125.615
125.318
125.022
124.725
124.428
124.131
123.834
123.538
123.241
122.944
122.647
122.35
122.053
121.756
121.46
121.163
120.866
120.569
120.272
119.975
119.678
119.381
119.083
118.786
118.489
118.192
117.895
117.598
117.301
117.003
116.706
116.409
116.112
115.814
115.517
115.22
114.922
114.625
114.328
114.03
113.733
113.435
113.138
112.841
112.543
112.245
111.948
111.65
111.353
111.055
110.758
110.46
110.162
109.865
109.567
109.269
108.971
108.674
108.376
108.078
107.78
107.482
107.185
106.887
106.589
106.291
105.993
105.695
105.397
105.099
104.801
104.503
104.205
103.906
103.608
103.31
103.012
102.714
102.416
102.117
101.819
101.521
101.222
100.924
100.626
100.327
100.029
99.7306
99.4321
99.1337
98.8352
98.5367
98.2381
97.9395
97.641
97.3423
97.0437
96.7451
96.4464
96.1477
95.8489
95.5502
95.2514
94.9526
94.6538
94.3549
94.056
93.7571
93.4582
93.1592
92.8603
92.5613
92.2622
91.9632
91.6641
91.365
91.0659
90.7667
90.4676
90.1684
89.8691
89.5699
89.2706
88.9713
88.672
88.3726
88.0733
87.7738
87.4744
87.175
86.8755
86.576
86.2764
85.9769
85.6773
85.3777
85.078
84.7784
84.4787
84.1789
83.8792
83.5794
83.2796
82.9798
82.6799
82.38
82.0801
81.7802
81.4802
81.1802
80.8802
80.5802
80.2801
79.98
79.6798
79.3797
79.0795
78.7793
78.479
78.1788
77.8784
77.5781
77.2778
76.9774
76.677
76.3765
76.076
75.7755
75.475
75.1744
74.8739
74.5732
74.2726
73.9719
73.6712
73.3705
73.0697
72.7689
72.4681
72.1672
71.8663
71.5654
71.2645
70.9635
70.6625
70.3615
70.0604
69.7593
69.4582
69.157
68.8558
68.5546
68.2534
67.9521
67.6508
67.3494
67.0481
66.7467
66.4452
66.1438
65.8423
65.5407
65.2392
64.9376
64.636
64.3343
64.0326
63.7309
63.4291
63.1274
62.8255
62.5237
62.2218
61.9199
61.6179
61.316
61.014
60.7119
60.4098
60.1077
59.8056
59.5034
59.2012
58.899
58.5967
58.2944
57.992
57.6897
57.3872
57.0848
56.7823
56.4798
56.1773
55.8747
55.5721
55.2694
54.9668
54.664
54.3613
54.0585
53.7557
53.4528
53.1499
52.847
52.5441
52.2411
51.938
51.635
51.3319
51.0287
50.7256
50.4224
50.1191
49.8159
49.5125
49.2092
48.9058
48.6024
48.2989
47.9954
47.6919
47.3883
47.0847
46.7811
46.4774
46.1737
45.87
45.5662
45.2624
44.9585
44.6546
44.3507
44.0467
43.7427
43.4387
43.1346
42.8305
42.5263
42.2221
41.9179
41.6136
41.3093
41.005
40.7006
40.3962
40.0917
39.7872
39.4827
39.1781
38.8735
38.5688
38.2641
37.9594
37.6546
37.3498
37.045
36.7401
36.4352
36.1302
35.8252
35.5202
35.2151
34.91
34.6048
34.2996
33.9944
33.6891
33.3837
33.0784
32.773
32.4675
32.162
31.8565
31.551
31.2454
30.9397
30.634
30.3283
30.0225
29.7167
29.4109
29.105
28.799
28.493
28.187
27.881
27.5749
27.2687
26.9625
26.6563
26.35
26.0437
25.7374
25.431
25.1245
24.818
24.5115
24.205
23.8983
23.5917
23.285
22.9783
22.6715
22.3647
22.0578
21.7509
21.4439
21.1369
20.8299
20.5228
20.2157
19.9085
19.6013
19.294
18.9867
18.6793
18.3719
18.0645
17.757
17.4495
17.1419
16.8343
16.5266
16.2189
15.9112
15.6034
15.2955
14.9876
14.6797
14.3717
14.0637
13.7556
13.4475
13.1393
12.8311
12.5229
12.2146
11.9062
11.5978
11.2894
10.9809
10.6723
10.3638
10.0551
9.74645
9.43773
9.12896
8.82014
8.51127
8.20236
7.8934
7.58439
7.27534
6.96624
6.65708
6.34789
6.03864
5.72934
5.42
5.11061
4.80117
4.49168
4.18215
3.87256
3.56293
3.25324
2.94351
2.63373
2.3239
2.01402
1.70409
1.39411
1.08408
0.774005
0.463878
0.153701
-0.156526
-0.466803
-0.77713
-1.08751
-1.39794
-1.70841
-2.01894
-2.32952
-2.64015
-2.95083
-3.26156
-3.57234
-3.88318
-4.19406
-4.505
-4.81598
-5.12702
-5.43811
-5.74925
-6.06045
-6.37169
-6.68299
-6.99434
-7.30574
-7.61719
-7.9287
-8.24025
-8.55186
-8.86353
-9.17524
-9.48701
-9.79883
-10.1107
-10.4226
-10.7346
-11.0466
-11.3587
-11.6709
-11.9831
-12.2953
-12.6076
-12.92
-13.2324
-13.5448
-13.8574
-14.1699
-14.4826
-14.7952
-15.108
-15.4208
-15.7336
-16.0465
-16.3595
-16.6725
-16.9855
-17.2986
-17.6118
-17.925
-18.2383
-18.5517
-18.8651
-19.1785
-19.492
-19.8056
-20.1192
-20.4329
-20.7466
-21.0604
-21.3743
-21.6882
-22.0021
-22.3161
-22.6302
-22.9443
-23.2585
-23.5728
-23.8871
-24.2014
-24.5158
-24.8303
-25.1448
-25.4594
-25.7741
-26.0888
-26.4035
-26.7184
-27.0332
-27.3482
-27.6632
-27.9782
-28.2933
-28.6085
-28.9237
-29.239
-29.5544
-29.8698
-30.1853
-30.5008
-30.8164
-31.132
-31.4477
-31.7635
-32.0793
-32.3952
-32.7111
-33.0271
-33.3432
-33.6593
-33.9755
-34.2918
-34.6081
-34.9244
-35.2409
-35.5574
-35.8739
-36.1905
-36.5072
-36.8239
-37.1407
-37.4576
-37.7745
-38.0915
-38.4085
-38.7257
-39.0428
-39.3601
-39.6774
-39.9947
-40.3121
-40.6296
-40.9472
-41.2648
-41.5824
-41.9002
-42.218
-42.5358
-42.8537
-43.1717
-43.4898
-43.8079
-44.1261
-44.4443
-44.7626
-45.081
-45.3994
-45.7179
-46.0365
-46.3551
-46.6738
-46.9926
-47.3114
-47.6303
-47.9492
-48.2683
-48.5873
-48.9065
-49.2257
-49.545
-49.8643
-50.1838
-50.5032
-50.8228
-51.1424
-51.4621
-51.7818
-52.1016
-52.4215
-52.7414
-53.0615
-53.3815
-53.7017
-54.0219
-54.3422
-54.6625
-54.9829
-55.3034
-55.624
-55.9446
-56.2653
-56.586
-56.9068
-57.2277
-57.5487
-57.8697
-58.1908
-58.512
-58.8332
-59.1545
-59.4759
-59.7973
-60.1188
-60.4404
-60.7621
-61.0838
-61.4056
-61.7274
-62.0494
-62.3714
-62.6934
-63.0156
-63.3378
-63.66
-63.9824
-64.3048
-64.6273
-64.9499
-65.2725
-65.5952
-65.918
-66.2408
-66.5638
-66.8867
-67.2098
-67.5329
-67.8562
-68.1794
-68.5028
-68.8262
-69.1497
-69.4733
-69.7969
-70.1206
-70.4444
-70.7683
-71.0922
-71.4162
-71.7403
-72.0644
-72.3887
-72.713
-73.0373
-73.3618
-73.6863
-74.0109
-74.3356
-74.6603
-74.9851
-75.31
-75.635
-75.96
-76.2852
-76.6104
-76.9356
-77.261
-77.5864
-77.9119
-78.2375
-78.5631
-78.8888
-79.2146
-79.5405
-79.8664
-80.1925
-80.5186
-80.8448
-81.171
-81.4973
-81.8238
-82.1502
-82.4768
-82.8034
-83.1302
-83.457
-83.7838
-84.1108
-84.4378
-84.7649
-85.0921
-85.4194
-85.7467
-86.0741
-86.4016
-86.7292
-87.0569
-87.3846
-87.7124
-88.0403
-88.3683
-88.6964
-89.0245
-89.3527
-89.681
-90.0094
-90.3378
-90.6664
-90.995
-91.3237
-91.6524
-91.9813
-92.3102
-92.6392
-92.9683
-93.2975
-93.6268
-93.9561
-94.2855
-94.615
-94.9446
-95.2743
-95.604
-95.9339
-96.2638
-96.5938
-96.9239
-97.254
-97.5843
-97.9146
-98.245
-98.5755
-98.9061
-99.2367
-99.5675
-99.8983
-100.229
-100.56
-100.891
-101.222
-101.554
-101.885
-102.216
-102.548
-102.88
-103.211
-103.543
-103.875
-104.207
-104.539
-104.871
-105.203
-105.535
-105.868
-106.2
-106.533
-106.865
-107.198
-107.531
-107.864
-108.196
-108.53
-108.863
-109.196
-109.529
-109.863
-110.196
-110.53
-110.863
-111.197
-111.531
-111.865
-112.199
-112.533
-112.867
-113.201
-113.536
-113.87
-114.205
-114.539
-114.874
-115.209
-115.544
-115.879
-116.214
-116.549
-116.884
-117.22
-117.555
-117.891
-118.226
-118.562
-118.898
-119.234
-119.569
-119.906
-120.242
-120.578
-120.914
-121.251
-121.587
-121.924
-122.261
-122.597
-122.934
-123.271
-123.608
-123.946
-124.283
-124.62
-124.958
-125.295
-125.633
-125.971
-126.308
-126.646
-126.984
-127.322
-127.661
-127.999
-128.337
-128.676
-129.014
-129.353
-129.692
-130.031
-130.37
-130.709
-131.048
-131.387
-131.726
-132.066
-132.405
-132.745
-133.085
-133.425
-133.765
-134.105
-134.445
-134.785
-135.125
-135.466
-135.806
-136.147
-136.487
-136.828
-137.169
-137.51
-137.851
-138.192
-138.534
-138.875
-139.217
-139.558
-139.9
-140.242
-140.584
-140.926
-141.268
-141.61
-141.952
-142.294
-142.637
-142.98
-143.322
-143.665
-144.008
-144.351
-144.694
-145.037
-145.38
-145.724
-146.067
-146.411
-146.755
-147.098
-147.442
-147.786
-148.13
-148.475
-148.819
-149.163
-149.508
-149.852
-150.197
-150.542
-150.887
-151.232
-151.577
-151.922
-152.268
-152.613
-152.959
-153.304
-153.65
-153.996
-154.342
-154.688
-155.034
-155.38
-155.727
-156.073
-156.42
-156.767
-157.113
-157.46
-157.807
-158.155
-158.502
-158.849
-159.197
-159.544
-159.892
-160.24
-160.587
-160.935
-161.284
-161.632
-161.98
-162.329
-162.677
-163.026
-163.374
-163.723
-164.072
-164.421
-164.771
-165.12
-165.469
-165.819
-166.168
-166.518
-166.868
-167.218
-167.568
-167.918
-168.268
-168.619
-168.969
-169.32
-169.671
-170.022
-170.372
-170.724
-171.075
-171.426
-171.777
-172.129
-172.481
-172.832
-173.184
-173.536
-173.888
-174.24
-174.593
-174.945
-175.298
-175.65
-176.003
-176.356
-176.709
-177.062
-177.415
-177.769
-178.122
-178.476
-178.829
-179.183
-179.537
-179.891
-180.245
-180.599
-180.954
-181.308
-181.663
-182.018
-182.372
-182.727
-183.082
-183.438
-183.793
-184.148
-184.504
-184.86
-185.215
-185.571
-185.927
-186.283
-186.64
-186.996
-187.352
-187.709
-188.066
-188.423
-188.78
-189.137
-189.494
-189.851
-190.209
-190.566
-190.924
-191.282
-191.64
-191.998
-192.356
-192.714
-193.073
-193.431
-193.79
-194.149
-194.507
-194.866
-195.226
-195.585
-195.944
-196.304
-196.663
-197.023
-197.383
-197.743
-198.103
-198.463
-198.824
-199.184
-199.545
-199.906
-200.267
-200.628
-200.989
-201.35
-201.711
-202.073
-202.434
-202.796
-203.158
-203.52
-203.882
-204.244
-204.607
-204.969
-205.332
-205.695
-206.058
-206.421
-206.784
-207.147
-207.51
-207.874
-208.238
-208.601
-208.965
-209.329
-209.694
-210.058
-210.422
-210.787
-211.152
-211.516
-211.881
-212.246
-212.612
-212.977
-213.342
-213.708
-214.074
-214.44
-214.806
-215.172
-215.538
-215.904
-216.271
-216.638
-217.004
-217.371
-217.738
-218.105
-218.473
-218.84
-219.208
-219.575
-219.943
-220.311
-220.679
-221.048
-221.416
-221.785
-222.153
-222.522
-222.891
-223.26
-223.629
-223.998
-224.368
-224.737
-225.107
-225.477
-225.847
-226.217
-226.587
-226.958
-227.328
-227.699
-228.07
-228.441
-228.812
-229.183
-229.555
-229.926
-230.298
-230.67
-231.041
-231.414
-231.786
-232.158
-232.531
-232.903
-233.276
-233.649
-234.022
-234.395
-234.768
-235.142
-235.515
-235.889
-236.263
-236.637
-237.011
-237.386
-237.76
-238.135
-238.509
-238.884
-239.259
-239.634
-240.01
-240.385
-240.761
-241.137
-241.512
-241.888
-242.265
-242.641
-243.017
-243.394
-243.771
-244.148
-244.525
-244.902
-245.279
-245.657
-246.034
-246.412
-246.79
-247.168
-247.546
-247.924
-248.303
-248.682
-249.06
-249.439
-249.818
-250.198
-250.577
-250.956
-251.336
-251.716
-252.096
-252.476
-252.856
-253.237
-253.617
-253.998
-254.379
-254.76
-255.141
-255.522
-255.904
-256.285
-256.667
-257.049
-257.431
-257.813
-258.196
-258.578
-258.961
-259.344
-259.727
-260.11
-260.493
-260.877
-261.26
-261.644
-262.028
-262.412
-262.796
-263.18
-263.565
-263.95
-264.334
-264.719
-265.104
-265.49
-265.875
-266.261
-266.646
-267.032
-267.418
-267.805
-268.191
-268.578
-268.964
-269.351
-269.738
-270.125
-270.513
-270.9
-271.288
-271.675
-272.063
-272.451
-272.84
-273.228
-273.617
-274.005
-274.394
-274.783
-275.173
-275.562
-275.952
-276.341
-276.731
-277.121
-277.511
-277.902
-278.292
-278.683
-279.074
-279.465
-279.856
-280.247
-280.638
-281.03
-281.422
-281.814
-282.206
-282.598
-282.991
-283.383
-283.776
-284.169
-284.562
-284.955
-285.349
-285.743
-286.136
-286.53
-286.924
-287.319
-287.713
-288.108
-288.502
-288.897
-289.292
-289.688
-290.083
-290.479
-290.874
-291.27
-291.666
-292.063
-292.459
-292.856
-293.253
-293.649
-294.047
-294.444
-294.841
-295.239
-295.637
-296.035
-296.433
-296.831
-297.23
-297.628
-298.027
-298.426
-298.825
-299.225
-299.624
-300.024
-300.424
-300.824
-301.224
-301.624
-302.025
-302.425
-302.826
-303.227
-303.629
-304.03
-304.432
-304.833
-305.235
-305.637
-306.04
-306.442
-306.845
-307.248
-307.651
-308.054
-308.457
-308.861
-309.264
-309.668
-310.072
-310.476
-310.881
-311.285
-311.69
-312.095
-312.5
-312.905
-313.311
-313.717
-314.122
-314.528
-314.935
-315.341
-315.748
-316.154
-316.561
-316.968
-317.376
-317.783
-318.191
-318.598
-319.006
-319.415
-319.823
-320.232
-320.64
-321.049
-321.458
-321.868
-322.277
-322.687
-323.097
-323.507
-323.917
-324.327
-324.738
-325.148
-325.559
-325.971
-326.382
-326.793
-327.205
-327.617
-328.029
-328.441
-328.854
-329.266
-329.679
-330.092
-330.505
-330.919
-331.332
-331.746
-332.16
-332.574
-332.988
-333.403
-333.818
-334.232
-334.647
-335.063
-335.478
-335.894
-336.31
-336.726
-337.142
-337.558
-337.975
-338.392
-338.809
-339.226
-339.643
-340.061
-340.479
-340.897
-341.315
-341.733
-342.152
-342.57
-342.989
-343.408
-343.828
-344.247
-344.667
-345.087
-345.507
-345.927
-346.348
-346.768
-347.189
-347.61
-348.032
-348.453
-348.875
-349.297
-349.719
-350.141
-350.564
-350.986
-351.409
-351.832
-352.256
-352.679
-353.103
-353.527
-353.951
-354.375
-354.799
-355.224
-355.649
-356.074
-356.499
-356.925
-357.35
-357.776
-358.202
-358.629
-359.055
-359.482
-359.909
-360.336
-360.763
-361.191
-361.618
-362.046
-362.475
-362.903
-363.331
-363.76
-364.189
-364.618
-365.048
-365.477
-365.907
-366.337
-366.767
-367.198
-367.628
-368.059
-368.49
-368.921
-369.353
-369.784
-370.216
-370.648
-371.081
-371.513
-371.946
-372.379
-372.812
-373.245
-373.679
-374.113
-374.547
-374.981
-375.415
-375.85
-376.285
-376.72
-377.155
-377.59
-378.026
-378.462
-378.898
-379.334
-379.771
-380.208
-380.645
-381.082
-381.519
-381.957
-382.395
-382.833
-383.271
-383.71
-384.148
-384.587
-385.026
-385.466
-385.905
-386.345
-386.785
-387.225
-387.666
-388.106
-388.547
-388.988
-389.43
-389.871
-390.313
-390.755
-391.197
-391.64
-392.082
-392.525
-392.968
-393.412
-393.855
-394.299
-394.743
-395.187
-395.632
-396.076
-396.521
-396.966
-397.412
-397.857
-398.303
-398.749
-399.195
-399.642
-400.088
-400.535
-400.983
-401.43
-401.877
-402.325
-402.773
-403.222
-403.67
-404.119
-404.568
-405.017
-405.467
-405.916
-406.366
-406.816
-407.267
-407.717
-408.168
-408.619
-409.07
-409.522
-409.974
-410.426
-410.878
-411.33
-411.783
-412.236
-412.689
-413.142
-413.596
-414.05
-414.504
-414.958
-415.413
-415.867
-416.322
-416.778
-417.233
-417.689
-418.145
-418.601
-419.058
-419.514
-419.971
-420.428
-420.886
-421.343
-421.801
-422.259
-422.718
-423.176
-423.635
-424.094
-424.553
-425.013
-425.473
-425.933
-426.393
-426.854
-427.314
-427.775
-428.237
-428.698
-429.16
-429.622
-430.084
-430.546
-431.009
-431.472
-431.935
-432.399
-432.862
-433.326
-433.79
-434.255
-434.72
-435.184
-435.65
-436.115
-436.581
-437.047
-437.513
-437.979
-438.446
-438.913
-439.38
-439.847
-440.315
-440.783
-441.251
-441.719
-442.188
-442.657
-443.126
-443.596
-444.065
-444.535
-445.005
-445.476
-445.946
-446.417
-446.888
-447.36
-447.832
-448.304
-448.776
-449.248
-449.721
-450.194
-450.667
-451.141
-451.614
-452.088
-452.563
-453.037
-453.512
-453.987
-454.462
-454.938
-455.413
-455.889
-456.366
-456.842
-457.319
-457.796
-458.274
-458.751
-459.229
-459.707
-460.186
-460.664
-461.143
-461.622
-462.102
-462.582
-463.062
-463.542
-464.022
-464.503
-464.984
-465.466
-465.947
-466.429
-466.911
-467.393
-467.876
-468.359
-468.842
-469.326
-469.809
-470.293
-470.777
-471.262
-471.747
-472.232
-472.717
-473.203
-473.689
-474.175
-474.661
-475.148
-475.635
-476.122
-476.609
-477.097
-477.585
-478.073
-478.562
-479.051
-479.54
-480.029
-480.519
-481.009
-481.499
-481.99
-482.48
-482.972
-483.463
-483.954
-484.446
-484.938
-485.431
-485.924
-486.417
-486.91
-487.403
-487.897
-488.391
-488.886
-489.38
-489.875
-490.371
-490.866
-491.362
-491.858
-492.354
-492.851
-493.348
-493.845
-494.342
-494.84
-495.338
-495.837
-496.335
-496.834
-497.333
-497.833
-498.333
-498.833
-499.333
-499.834
-500.334
-500.836
-501.337
-501.839
-502.341
-502.843
-503.346
-503.849
-504.352
-504.855
-505.359
-505.863
-506.368
-506.872
-507.377
-507.883
-508.388
-508.894
-509.4
-509.906
-510.413
-510.92
-511.427
-511.935
-512.443
-512.951
-513.46
-513.968
-514.477
-514.987
-515.496
-516.006
-516.517
-517.027
-517.538
-518.049
-518.561
-519.072
-519.584
-520.097
-520.609
-521.122
-521.635
-522.149
-522.663
-523.177
-523.691
-524.206
-524.721
-525.237
-525.752
-526.268
-526.784
-527.301
-527.818
-528.335
-528.853
-529.37
-529.888
-530.407
-530.926
-531.445
-531.964
-532.484
-533.003
-533.524
-534.044
-534.565
-535.086
-535.608
-536.13
-536.652
-537.174
-537.697
-538.22
-538.743
-539.267
-539.791
-540.315
-540.84
-541.365
-541.89
-542.415
-542.941
-543.467
-543.994
-544.521
-545.048
-545.575
-546.103
-546.631
-547.159
-547.688
-548.217
-548.746
-549.276
-549.806
-550.336
-550.867
-551.398
-551.929
-552.461
-552.993
-553.525
-554.057
-554.59
-555.123
-555.657
-556.191
-556.725
-557.259
-557.794
-558.329
-558.865
-559.4
-559.936
-560.473
-561.01
-561.547
-562.084
-562.622
-563.16
-563.698
-564.237
-564.776
-565.315
-565.855
-566.395
-566.936
-567.476
-568.017
-568.559
-569.1
-569.642
-570.185
-570.727
-571.27
-571.814
-572.357
-572.901
-573.446
-573.991
-574.536
-575.081
-575.627
-576.173
-576.719
-577.266
-577.813
-578.36
-578.908
-579.456
-580.004
-580.553
-581.102
-581.652
-582.201
-582.752
-583.302
-583.853
-584.404
-584.955
-585.507
-586.059
-586.612
-587.165
-587.718
-588.272
-588.825
-589.38
-589.934
-590.489
-591.044
-591.6
-592.156
-592.712
-593.269
-593.826
-594.383
-594.941
-595.499
-596.058
-596.616
-597.176
-597.735
-598.295
-598.855
-599.416
-599.976
-600.538
-601.099
-601.661
-602.224
-602.786
-603.349
-603.913
-604.476
-605.04
-605.605
-606.17
-606.735
-607.3
-607.866
-608.432
-608.999
-609.566
-610.133
-610.701
-611.269
-611.837
-612.406
-612.975
-613.545
-614.114
-614.685
-615.255
-615.826
-616.398
-616.969
-617.541
-618.114
-618.686
-619.26
-619.833
-620.407
-620.981
-621.556
-622.131
-622.706
-623.282
-623.858
-624.434
-625.011
-625.588
-626.166
-626.744
-627.322
-627.901
-628.48
-629.059
-629.639
-630.219
-630.8
-631.381
-631.962
-632.544
-633.126
-633.708
-634.291
-634.874
-635.458
-636.042
-636.626
-637.211
-637.796
-638.381
-638.967
-639.554
-640.14
-640.727
-641.315
-641.902
-642.491
-643.079
-643.668
-644.257
-644.847
-645.437
-646.028
-646.618
-647.21
-647.801
-648.393
-648.986
-649.578
-650.172
-650.765
-651.359
-651.954
-652.548
-653.143
-653.739
-654.335
-654.931
-655.528
-656.125
-656.723
-657.32
-657.919
-658.517
-659.116
-659.716
-660.316
-660.916
-661.517
-662.118
-662.719
-663.321
-663.923
-664.526
-665.129
-665.733
-666.336
-666.941
-667.545
-668.151
-668.756
-669.362
-669.968
-670.575
-671.182
-671.789
-672.397
-673.006
-673.614
-674.224
-674.833
-675.443
-676.053
-676.664
-677.275
-677.887
-678.499
-679.111
-679.724
-680.337
-680.951
-681.565
-682.18
-682.794
-683.41
-684.025
-684.642
-685.258
-685.875
-686.493
-687.11
-687.729
-688.347
-688.966
-689.586
-690.206
-690.826
-691.447
-692.068
-692.689
-693.311
-693.934
-694.557
-695.18
-695.804
-696.428
-697.052
-697.677
-698.303
-698.929
-699.555
-700.182
-700.809
-701.436
-702.064
-702.693
-703.321
-703.951
-704.58
-705.21
-705.841
-706.472
-707.103
-707.735
-708.368
-709
-709.633
-710.267
-710.901
-711.536
-712.17
-712.806
-713.442
-714.078
-714.714
-715.352
-715.989
-716.627
-717.265
-717.904
-718.544
-719.183
-719.824
-720.464
-721.105
-721.747
-722.389
-723.031
-723.674
-724.317
-724.961
-725.605
-726.25
-726.895
-727.541
-728.187
-728.833
-729.48
-730.127
-730.775
-731.424
-732.072
-732.721
-733.371
-734.021
-734.672
-735.323
-735.974
-736.626
-737.278
-737.931
-738.585
-739.238
-739.893
-740.547
-741.202
-741.858
-742.514
-743.17
-743.827
-744.485
-745.143
-745.801
-746.46
-747.119
-747.779
-748.439
-749.1
-749.761
-750.423
-751.085
-751.747
-752.411
-753.074
-753.738
-754.403
-755.067
-755.733
-756.399
-757.065
-757.732
-758.399
-759.067
-759.735
-760.404
-761.073
-761.743
-762.413
-763.084
-763.755
-764.427
-765.099
-765.771
-766.444
-767.118
-767.792
-768.466
-769.141
-769.817
-770.493
-771.169
-771.846
-772.524
-773.202
-773.88
-774.559
-775.238
-775.918
-776.599
-777.279
-777.961
-778.643
-779.325
-780.008
-780.691
-781.375
-782.059
-782.744
-783.429
-784.115
-784.802
-785.488
-786.176
-786.864
-787.552
-788.241
-788.93
-789.62
-790.31
-791.001
-791.692
-792.384
-793.077
-793.769
-794.463
-795.157
-795.851
-796.546
-797.241
-797.937
-798.634
-799.331
-800.028
-800.726
-801.424
-802.123
-802.823
-803.523
-804.223
-804.925
-805.626
-806.328
-807.031
-807.734
-808.438
-809.142
-809.846
-810.552
-811.257
-811.964
-812.67
-813.378
-814.086
-814.794
-815.503
-816.212
-816.922
-817.633
-818.344
-819.055
-819.767
-820.48
-821.193
-821.907
-822.621
-823.335
-824.051
-824.766
-825.483
-826.2
-826.917
-827.635
-828.353
-829.072
-829.792
-830.512
-831.233
-831.954
-832.676
-833.398
-834.121
-834.844
-835.568
-836.292
-837.017
-837.743
-838.469
-839.196
-839.923
-840.651
-841.379
-842.108
-842.837
-843.567
-844.298
-845.029
-845.76
-846.493
-847.225
-847.959
-848.692
-849.427
-850.162
-850.897
-851.633
-852.37
-853.107
-853.845
-854.583
-855.322
-856.062
-856.802
-857.543
-858.284
-859.025
-859.768
-860.511
-861.254
-861.998
-862.743
-863.488
-864.234
-864.98
-865.727
-866.474
-867.222
-867.971
-868.72
-869.47
-870.22
-870.971
-871.723
-872.475
-873.228
-873.981
-874.735
-875.489
-876.244
-877
-877.756
-878.513
-879.271
-880.029
-880.787
-881.546
-882.306
-883.066
-883.827
-884.589
-885.351
-886.114
-886.877
-887.641
-888.406
-889.171
-889.937
-890.703
-891.47
-892.237
-893.006
-893.774
-894.544
-895.314
-896.084
-896.855
-897.627
-898.4
-899.173
-899.946
-900.72
-901.495
-902.271
-903.047
-903.824
-904.601
-905.379
-906.157
-906.937
-907.716
-908.497
-909.278
-910.06
-910.842
-911.625
-912.408
-913.192
-913.977
-914.763
-915.549
-916.335
-917.123
-917.911
-918.699
-919.488
-920.278
-921.069
-921.86
-922.652
-923.444
-924.237
-925.031
-925.825
-926.62
-927.416
-928.212
-929.009
-929.806
-930.604
-931.403
-932.203
-933.003
-933.804
-934.605
-935.407
-936.21
-937.013
-937.817
-938.622
-939.427
-940.233
-941.04
-941.847
-942.655
-943.464
-944.273
-945.083
-945.894
-946.705
-947.517
-948.33
-949.143
-949.957
-950.771
-951.587
-952.403
-953.219
-954.037
-954.855
-955.673
-956.493
-957.313
-958.133
-958.955
-959.777
-960.6
-961.423
-962.247
-963.072
-963.898
-964.724
-965.551
-966.378
-967.206
-968.035
-968.865
-969.695
-970.526
-971.358
-972.19
-973.023
-973.857
-974.692
-975.527
-976.363
-977.2
-978.037
-978.875
-979.714
-980.553
-981.393
-982.234
-983.076
-983.918
-984.761
-985.604
-986.449
-987.294
-988.14
-988.986
-989.834
-990.682
-991.53
-992.38
-993.23
-994.081
-994.933
-995.785
-996.638
-997.492
-998.346
-999.202
-1000.06
-1000.91
-1001.77
-1002.63
-1003.49
-1004.35
-1005.21
-1006.07
-1006.93
-1007.79
-1008.66
-1009.52
-1010.39
-1011.25
-1012.12
-1012.99
-1013.85
-1014.72
-1015.59
-1016.46
-1017.33
-1018.2
-1019.08
-1019.95
-1020.82
-1021.7
-1022.57
-1023.45
-1024.33
-1025.21
-1026.08
-1026.96
-1027.84
-1028.72
-1029.61
-1030.49
-1031.37
-1032.26
-1033.14
-1034.03
-1034.91
-1035.8
-1036.69
-1037.58
-1038.46
-1039.35
-1040.25
-1041.14
-1042.03
-1042.92
-1043.82
-1044.71
-1045.61
-1046.5
-1047.4
-1048.3
-1049.2
-1050.1
-1051
-1051.9
-1052.8
-1053.71
-1054.61
-1055.51
-1056.42
-1057.33
-1058.23
-1059.14
-1060.05
-1060.96
-1061.87
-1062.78
-1063.69
-1064.61
-1065.52
-1066.43
-1067.35
-1068.26
-1069.18
-1070.1
-1071.02
-1071.94
-1072.86
-1073.78
-1074.7
-1075.62
-1076.55
-1077.47
-1078.4
-1079.32
-1080.25
-1081.18
-1082.11
-1083.04
-1083.97
-1084.9
-1085.83
-1086.76
-1087.7
-1088.63
-1089.57
-1090.5
-1091.44
-1092.38
-1093.32
-1094.26
-1095.2
-1096.14
-1097.08
-1098.03
-1098.97
-1099.92
-1100.86
-1101.81
-1102.76
-1103.71
-1104.66
-1105.61
-1106.56
-1107.51
-1108.46
-1109.42
-1110.37
-1111.33
-1112.29
-1113.24
-1114.2
-1115.16
-1116.12
-1117.08
-1118.05
-1119.01
-1119.97
-1120.94
-1121.9
-1122.87
-1123.84
-1124.81
-1125.78
-1126.75
-1127.72
-1128.69
-1129.67
-1130.64
-1131.62
-1132.59
-1133.57
-1134.55
-1135.53
-1136.51
-1137.49
-1138.47
-1139.45
-1140.43
-1141.42
-1142.41
-1143.39
-1144.38
-1145.37
-1146.36
-1147.35
-1148.34
-1149.33
-1150.33
-1151.32
-1152.32
-1153.31
-1154.31
-1155.31
-1156.31
-1157.31
-1158.31
-1159.31
-1160.31
-1161.32
-1162.32
-1163.33
-1164.34
-1165.34
-1166.35
-1167.36
-1168.37
-1169.39
-1170.4
-1171.41
-1172.43
-1173.45
-1174.46
-1175.48
-1176.5
-1177.52
-1178.54
-1179.57
-1180.59
-1181.61
-1182.64
-1183.67
-1184.69
-1185.72
-1186.75
-1187.78
-1188.81
-1189.85
-1190.88
-1191.91
-1192.95
-1193.99
-1195.03
-1196.07
-1197.11
-1198.15
-1199.19
-1200.23
-1201.28
-1202.32
-1203.37
-1204.42
-1205.47
-1206.52
-1207.57
-1208.62
-1209.67
-1210.73
-1211.78
-1212.84
-1213.9
-1214.95
-1216.01
-1217.07
-1218.14
-1219.2
-1220.26
-1221.33
-1222.4
-1223.46
-1224.53
-1225.6
-1226.67
-1227.74
-1228.82
-1229.89
-1230.97
-1232.04
-1233.12
-1234.2
-1235.28
-1236.36
-1237.44
-1238.53
-1239.61
-1240.7
-1241.79
-1242.87
-1243.96
-1245.05
-1246.14
-1247.24
-1248.33
-1249.43
-1250.52
-1251.62
-1252.72
-1253.82
-1254.92
-1256.02
-1257.13
-1258.23
-1259.34
-1260.44
-1261.55
-1262.66
-1263.77
-1264.88
-1266
-1267.11
-1268.23
-1269.35
-1270.46
-1271.58
-1272.7
-1273.83
-1274.95
-1276.07
-1277.2
-1278.32
-1279.45
-1280.58
-1281.71
-1282.84
-1283.98
-1285.11
-1286.25
-1287.38
-1288.52
-1289.66
-1290.8
-1291.95
-1293.09
-1294.23
-1295.38
-1296.53
-1297.68
-1298.83
-1299.98
-1301.13
-1302.28
-1303.44
-1304.59
-1305.75
-1306.91
-1308.07
-1309.23
-1310.4
-1311.56
-1312.73
-1313.89
-1315.06
-1316.23
-1317.4
-1318.58
-1319.75
-1320.92
-1322.1
-1323.28
-1324.46
-1325.64
-1326.82
-1328.01
-1329.19
-1330.38
-1331.56
-1332.75
-1333.94
-1335.14
-1336.33
-1337.52
-1338.72
-1339.92
-1341.12
-1342.32
-1343.52
-1344.72
-1345.93
-1347.13
-1348.34
-1349.55
-1350.76
-1351.97
-1353.19
-1354.4
-1355.62
-1356.83
-1358.05
-1359.27
-1360.5
-1361.72
-1362.95
-1364.17
-1365.4
-1366.63
-1367.86
-1369.09
-1370.33
-1371.56
-1372.8
-1374.04
-1375.28
-1376.52
-1377.77
-1379.01
-1380.26
-1381.51
-1382.75
-1384.01
-1385.26
-1386.51
-1387.77
-1389.03
-1390.28
-1391.55
-1392.81
-1394.07
-1395.34
-1396.6
-1397.87
-1399.14
-1400.41
-1401.69
-1402.96
-1404.24
-1405.52
-1406.8
-1408.08
-1409.36
-1410.65
-1411.93
-1413.22
-1414.51
-1415.8
-1417.09
-1418.39
-1419.69
-1420.98
-1422.28
-1423.59
-1424.89
-1426.19
-1427.5
-1428.81
-1430.12
-1431.43
-1432.74
-1434.06
-1435.37
-1436.69
-1438.01
-1439.34
-1440.66
-1441.99
-1443.31
-1444.64
-1445.97
-1447.31
-1448.64
-1449.98
-1451.31
-1452.65
-1454
-1455.34
-1456.68
-1458.03
-1459.38
-1460.73
-1462.08
-1463.44
-1464.79
-1466.15
-1467.51
-1468.87
-1470.24
-1471.6
-1472.97
-1474.34
-1475.71
-1477.08
-1478.46
-1479.84
-1481.21
-1482.59
-1483.98
-1485.36
-1486.75
-1488.14
-1489.53
-1490.92
-1492.31
-1493.71
-1495.11
-1496.51
-1497.91
-1499.31
-1500.72
-1502.13
-1503.54
-1504.95
-1506.36
-1507.78
-1509.2
-1510.62
-1512.04
-1513.47
-1514.89
-1516.32
-1517.75
-1519.18
-1520.62
-1522.05
-1523.49
-1524.93
-1526.38
-1527.82
-1529.27
-1530.72
-1532.17
-1533.62
-1535.08
-1536.54
-1538
-1539.46
-1540.92
-1542.39
-1543.86
-1545.33
-1546.8
-1548.28
-1549.75
-1551.23
-1552.71
-1554.2
-1555.68
-1557.17
-1558.66
-1560.16
-1561.65
-1563.15
-1564.65
-1566.15
-1567.66
-1569.16
-1570.67
-1572.18
-1573.7
-1575.21
-1576.73
-1578.25
-1579.78
-1581.3
-1582.83
-1584.36
-1585.89
-1587.43
-1588.96
-1590.5
-1592.05
-1593.59
-1595.14
-1596.69
-1598.24
-1599.79
-1601.35
-1602.91
-1604.47
-1606.03
-1607.6
-1609.17
-1610.74
-1612.32
-1613.89
-1615.47
-1617.05
-1618.64
-1620.23
-1621.82
-1623.41
-1625
-1626.6
-1628.2
-1629.8
-1631.41
-1633.02
-1634.63
-1636.24
-1637.85
-1639.47
-1641.09
-1642.72
-1644.34
-1645.97
-1647.61
-1649.24
-1650.88
-1652.52
-1654.16
-1655.81
-1657.46
-1659.11
-1660.76
-1662.42
-1664.08
-1665.74
-1667.41
-1669.07
-1670.75
-1672.42
-1674.1
-1675.78
-1677.46
-1679.14
-1680.83
-1682.52
-1684.22
-1685.92
-1687.62
-1689.32
-1691.03
-1692.74
-1694.45
-1696.16
-1697.88
-1699.6
-1701.33
-1703.05
-1704.78
-1706.52
-1708.26
-1710
-1711.74
-1713.48
-1715.23
-1716.99
-1718.74
-1720.5
-1722.26
-1724.03
-1725.8
-1727.57
-1729.34
-1731.12
-1732.9
-1734.69
-1736.47
-1738.27
-1740.06
-1741.86
-1743.66
-1745.46
-1747.27
-1749.08
-1750.9
-1752.72
-1754.54
-1756.36
-1758.19
-1760.02
-1761.86
-1763.7
-1765.54
-1767.39
-1769.24
-1771.09
-1772.95
-1774.81
-1776.67
-1778.54
-1780.41
-1782.28
-1784.16
-1786.04
-1787.93
-1789.82
-1791.71
-1793.61
-1795.51
-1797.41
-1799.32
-1801.23
-1803.15
-1805.07
-1806.99
-1808.92
-1810.85
-1812.78
-1814.72
-1816.67
-1818.61
-1820.56
-1822.52
-1824.48
-1826.44
-1828.41
-1830.38
-1832.35
-1834.33
-1836.31
-1838.3
-1840.29
-1842.29
-1844.29
-1846.29
-1848.3
-1850.31
-1852.33
-1854.35
-1856.37
-1858.4
-1860.43
-1862.47
-1864.51
-1866.56
-1868.61
-1870.66
-1872.72
-1874.79
-1876.86
-1878.93
-1881.01
-1883.09
-1885.18
-1887.27
-1889.36
-1891.46
-1893.57
-1895.68
-1897.79
-1899.91
-1902.03
-1904.16
-1906.3
-1908.43
-1910.58
-1912.72
-1914.88
-1917.03
-1919.2
-1921.36
-1923.54
-1925.71
-1927.89
-1930.08
-1932.27
-1934.47
-1936.67
-1938.88
-1941.09
-1943.31
-1945.53
-1947.76
-1950
-1952.23
-1954.48
-1956.73
-1958.98
-1961.24
-1963.51
-1965.78
-1968.05
-1970.34
-1972.62
-1974.92
-1977.21
-1979.52
-1981.83
-1984.14
-1986.46
-1988.79
-1991.12
-1993.46
-1995.8
-1998.15
-2000.51
-2002.87
-2005.24
-2007.61
-2009.99
-2012.38
-2014.77
-2017.16
-2019.57
-2021.98
-2024.39
-2026.81
-2029.24
-2031.68
-2034.12
-2036.57
-2039.02
-2041.48
-2043.95
-2046.42
-2048.9
-2051.38
-2053.88
-2056.38
-2058.88
-2061.4
-2063.91
-2066.44
-2068.97
-2071.51
-2074.06
-2076.61
-2079.18
-2081.74
-2084.32
-2086.9
-2089.49
-2092.09
-2094.69
-2097.3
-2099.92
-2102.54
-2105.18
-2107.82
-2110.47
-2113.12
-2115.78
-2118.45
-2121.13
-2123.82
-2126.51
-2129.22
-2131.92
-2134.64
-2137.37
-2140.1
-2142.84
-2145.59
-2148.35
-2151.12
-2153.89
-2156.67
-2159.47
-2162.27
-2165.07
-2167.89
-2170.72
-2173.55
-2176.39
-2179.25
-2182.11
-2184.98
-2187.85
-2190.74
-2193.64
-2196.54
-2199.46
-2202.38
-2205.32
-2208.26
-2211.21
-2214.17
-2217.15
-2220.13
-2223.12
-2226.12
-2229.13
-2232.15
-2235.18
-2238.22
-2241.27
-2244.34
-2247.41
-2250.49
-2253.58
-2256.69
-2259.8
-2262.93
-2266.06
-2269.21
-2272.36
-2275.53
-2278.71
-2281.9
-2285.11
-2288.32
-2291.55
-2294.78
-2298.03
-2301.29
-2304.56
-2307.85
-2311.15
-2314.45
-2317.78
-2321.11
-2324.46
-2327.81
-2331.19
-2334.57
-2337.97
-2341.38
-2344.8
-2348.24
-2351.69
-2355.15
-2358.63
-2362.12
-2365.62
-2369.14
-2372.68
-2376.22
-2379.79
-2383.36
-2386.95
-2390.56
-2394.18
-2397.82
-2401.47
-2405.13
-2408.82
-2412.52
-2416.23
-2419.96
-2423.71
-2427.47
-2431.25
-2435.04
-2438.86
-2442.69
-2446.53
-2450.4
-2454.28
-2458.18
-2462.1
-2466.03
-2469.99
-2473.96
-2477.95
-2481.96
-2485.99
-2490.04
-2494.11
-2498.2
-2502.31
-2506.44
-2510.59
-2514.76
-2518.95
-2523.17
-2527.4
-2531.66
-2535.94
-2540.24
-2544.57
-2548.91
-2553.28
-2557.68
-2562.1
-2566.54
-2571.01
-2575.5
-2580.02
-2584.56
-2589.13
-2593.72
-2598.35
-2603
-2607.67
-2612.38
-2617.11
-2621.87
-2626.66
-2631.48
-2636.33
-2641.22
-2646.13
-2651.07
-2656.05
-2661.06
-2666.1
-2671.17
-2676.28
-2681.42
-2686.6
-2691.82
-2697.07
-2702.36
-2707.69
-2713.05
-2718.46
-2723.9
-2729.39
-2734.91
-2740.48
-2746.1
-2751.75
-2757.45
-2763.2
-2769
-2774.84
-2780.73
-2786.67
-2792.66
-2798.71
-2804.8
-2810.95
-2817.16
-2823.43
-2829.75
-2836.13
-2842.57
-2849.08
-2855.65
-2862.29
-2868.99
-2875.77
-2882.61
-2889.53
-2896.52
-2903.59
-2910.75
-2917.98
-2925.3
-2932.7
-2940.2
-2947.79
-2955.47
-2963.26
-2971.14
-2979.14
-2987.24
-2995.45
-3003.79
-3012.25
-3020.83
-3029.55
-3038.4
-3047.4
-3056.55
-3065.86
-3075.33
-3084.97
-3094.8
-3104.81
-3115.02
-3125.44
-3136.09
-3146.96
-3158.09
-3169.48
-3181.15
-3193.12
-3205.42
-3218.05
-3231.06
-3244.47
-3258.32
-3272.64
-3287.49
-3302.91
-3318.96
-3335.73
-3353.33
-3371.83
-3391.38
-3412.17
-3434.42
-3458.47
-3484.75
-3513.95
-3547.14
-3586.31
-3635.95
-3712.9
