14.6194
14.1303
13.6411
13.1519
12.6625
12.1731
11.6836
11.1941
10.7044
10.2146
9.72481
9.2349
8.7449
8.25481
7.76465
7.27439
6.78406
6.29364
5.80314
5.31255
4.82188
4.33113
3.84029
3.34937
2.85836
2.36727
1.8761
1.38484
0.893502
0.402077
-0.0894313
-0.581024
-1.0727
-1.56446
-2.0563
-2.54823
-3.04024
-3.53234
-4.02452
-4.51678
-5.00913
-5.50156
-5.99407
-6.48667
-6.97936
-7.47212
-7.96497
-8.45791
-8.95092
-9.44403
-9.93721
-10.4305
-10.9238
-11.4173
-11.9108
-12.4044
-12.8981
-13.3919
-13.8857
-14.3797
-14.8737
-15.3678
-15.862
-16.3562
-16.8506
-17.3451
-17.8396
-18.3342
-18.8289
-19.3237
-19.8185
-20.3135
-20.8085
-21.3036
-21.7988
-22.2941
-22.7895
-23.2849
-23.7804
-24.2761
-24.7718
-25.2675
-25.7634
-26.2594
-26.7554
-27.2515
-27.7477
-28.244
-28.7404
-29.2368
-29.7334
-30.23
-30.7267
-31.2235
-31.7204
-32.2173
-32.7144
-33.2115
-33.7087
-34.206
-34.7034
-35.2008
-35.6984
-36.196
-36.6937
-37.1915
-37.6894
-38.1873
-38.6854
-39.1835
-39.6817
-40.18
-40.6784
-41.1769
-41.6754
-42.1741
-42.6728
-43.1716
-43.6705
-44.1694
-44.6685
-45.1676
-45.6669
-46.1662
-46.6656
-47.165
-47.6646
-48.1642
-48.6639
-49.1637
-49.6636
-50.1636
-50.6637
-51.1638
-51.664
-52.1644
-52.6647
-53.1652
-53.6658
-54.1664
-54.6672
-55.168
-55.6689
-56.1699
-56.6709
-57.1721
-57.6733
-58.1746
-58.676
-59.1775
-59.6791
-60.1807
-60.6825
-61.1843
-61.6862
-62.1882
-62.6902
-63.1924
-63.6946
-64.1969
-64.6993
-65.2018
-65.7044
-66.2071
-66.7098
-67.2126
-67.7155
-68.2185
-68.7216
-69.2248
-69.728
-70.2313
-70.7347
-71.2382
-71.7418
-72.2455
-72.7492
-73.2531
-73.757
-74.261
-74.7651
-75.2692
-75.7735
-76.2778
-76.7822
-77.2867
-77.7913
-78.296
-78.8007
-79.3056
-79.8105
-80.3155
-80.8206
-81.3257
-81.831
-82.3363
-82.8417
-83.3473
-83.8528
-84.3585
-84.8643
-85.3701
-85.876
-86.382
-86.8881
-87.3943
-87.9006
-88.4069
-88.9133
-89.4199
-89.9265
-90.4331
-90.9399
-91.4467
-91.9537
-92.4607
-92.9678
-93.475
-93.9822
-94.4896
-94.997
-95.5045
-96.0121
-96.5198
-97.0276
-97.5354
-98.0434
-98.5514
-99.0595
-99.5677
-100.076
-100.584
-101.093
-101.601
-102.11
-102.619
-103.127
-103.636
-104.145
-104.654
-105.163
-105.672
-106.182
-106.691
-107.201
-107.71
-108.22
-108.729
-109.239
-109.749
-110.259
-110.769
-111.279
-111.789
-112.3
-112.81
-113.32
-113.831
-114.342
-114.852
-115.363
-115.874
-116.385
-116.896
-117.407
-117.918
-118.429
-118.941
-119.452
-119.964
-120.475
-120.987
-121.499
-122.011
-122.523
-123.035
-123.547
-124.059
-124.571
-125.084
-125.596
-126.109
-126.621
-127.134
-127.647
-128.16
-128.673
-129.186
-129.699
-130.212
-130.725
-131.239
-131.752
-132.266
-132.78
-133.293
-133.807
-134.321
-134.835
-135.349
-135.863
-136.377
-136.892
-137.406
-137.92
-138.435
-138.95
-139.464
-139.979
-140.494
-141.009
-141.524
-142.039
-142.554
-143.07
-143.585
-144.101
-144.616
-145.132
-145.648
-146.163
-146.679
-147.195
-147.711
-148.227
-148.744
-149.26
-149.776
-150.293
-150.809
-151.326
-151.843
-152.36
-152.876
-153.393
-153.911
-154.428
-154.945
-155.462
-155.98
-156.497
-157.015
-157.532
-158.05
-158.568
-159.086
-159.604
-160.122
-160.64
-161.158
-161.677
-162.195
-162.713
-163.232
-163.751
-164.269
-164.788
-165.307
-165.826
-166.345
-166.864
-167.384
-167.903
-168.422
-168.942
-169.461
-169.981
-170.501
-171.021
-171.541
-172.061
-172.581
-173.101
-173.621
-174.141
-174.662
-175.182
-175.703
-176.224
-176.744
-177.265
-177.786
-178.307
-178.828
-179.349
-179.871
-180.392
-180.913
-181.435
-181.956
-182.478
-183
-183.522
-184.044
-184.566
-185.088
-185.61
-186.132
-186.655
-187.177
-187.699
-188.222
-188.745
-189.267
-189.79
-190.313
-190.836
-191.359
-191.883
-192.406
-192.929
-193.453
-193.976
-194.5
-195.023
-195.547
-196.071
-196.595
-197.119
-197.643
-198.167
-198.691
-199.216
-199.74
-200.265
-200.789
-201.314
-201.839
-202.364
-202.889
-203.414
-203.939
-204.464
-204.989
-205.515
-206.04
-206.566
-207.091
-207.617
-208.143
-208.668
-209.194
-209.72
-210.247
-210.773
-211.299
-211.825
-212.352
-212.878
-213.405
-213.932
-214.458
-214.985
-215.512
-216.039
-216.566
-217.094
-217.621
-218.148
-218.676
-219.203
-219.731
-220.258
-220.786
-221.314
-221.842
-222.37
-222.898
-223.426
-223.955
-224.483
-225.012
-225.54
-226.069
-226.597
-227.126
-227.655
-228.184
-228.713
-229.242
-229.771
-230.301
-230.83
-231.36
-231.889
-232.419
-232.948
-233.478
-234.008
-234.538
-235.068
-235.598
-236.128
-236.659
-237.189
-237.72
-238.25
-238.781
-239.311
-239.842
-240.373
-240.904
-241.435
-241.966
-242.497
-243.029
-243.56
-244.092
-244.623
-245.155
-245.686
-246.218
-246.75
-247.282
-247.814
-248.346
-248.879
-249.411
-249.943
-250.476
-251.008
-251.541
-252.074
-252.606
-253.139
-253.672
-254.205
-254.738
-255.272
-255.805
-256.338
-256.872
-257.405
-257.939
-258.473
-259.007
-259.541
-260.074
-260.609
-261.143
-261.677
-262.211
-262.746
-263.28
-263.815
-264.349
-264.884
-265.419
-265.954
-266.489
-267.024
-267.559
-268.094
-268.63
-269.165
-269.7
-270.236
-270.772
-271.307
-271.843
-272.379
-272.915
-273.451
-273.987
-274.524
-275.06
-275.596
-276.133
-276.669
-277.206
-277.743
-278.28
-278.816
-279.353
-279.89
-280.428
-280.965
-281.502
-282.04
-282.577
-283.115
-283.652
-284.19
-284.728
-285.266
-285.804
-286.342
-286.88
-287.418
-287.957
-288.495
-289.034
-289.572
-290.111
-290.65
-291.188
-291.727
-292.266
-292.805
-293.344
-293.884
-294.423
-294.962
-295.502
-296.042
-296.581
-297.121
-297.661
-298.201
-298.741
-299.281
-299.821
-300.361
-300.902
-301.442
-301.983
-302.523
-303.064
-303.605
-304.145
-304.686
-305.227
-305.768
-306.31
-306.851
-307.392
-307.934
-308.475
-309.017
-309.558
-310.1
-310.642
-311.184
-311.726
-312.268
-312.81
-313.352
-313.895
-314.437
-314.98
-315.522
-316.065
-316.608
-317.151
-317.694
-318.237
-318.78
-319.323
-319.866
-320.409
-320.953
-321.496
-322.04
-322.584
-323.127
-323.671
-324.215
-324.759
-325.303
-325.847
-326.392
-326.936
-327.481
-328.025
-328.57
-329.114
-329.659
-330.204
-330.749
-331.294
-331.839
-332.384
-332.929
-333.475
-334.02
-334.566
-335.111
-335.657
-336.203
-336.749
-337.295
-337.841
-338.387
-338.933
-339.479
-340.026
-340.572
-341.119
-341.665
-342.212
-342.759
-343.306
-343.853
-344.4
-344.947
-345.494
-346.041
-346.588
-347.136
-347.683
-348.231
-348.779
-349.327
-349.874
-350.422
-350.97
-351.519
-352.067
-352.615
-353.163
-353.712
-354.26
-354.809
-355.358
-355.906
-356.455
-357.004
-357.553
-358.102
-358.652
-359.201
-359.75
-360.3
-360.849
-361.399
-361.949
-362.498
-363.048
-363.598
-364.148
-364.698
-365.249
-365.799
-366.349
-366.9
-367.45
-368.001
-368.552
-369.102
-369.653
-370.204
-370.755
-371.306
-371.858
-372.409
-372.96
-373.512
-374.063
-374.615
-375.167
-375.718
-376.27
-376.822
-377.374
-377.926
-378.479
-379.031
-379.583
-380.136
-380.688
-381.241
-381.794
-382.346
-382.899
-383.452
-384.005
-384.559
-385.112
-385.665
-386.218
-386.772
-387.325
-387.879
-388.433
-388.987
-389.54
-390.094
-390.649
-391.203
-391.757
-392.311
-392.866
-393.42
-393.975
-394.529
-395.084
-395.639
-396.194
-396.749
-397.304
-397.859
-398.414
-398.969
-399.525
-400.08
-400.636
-401.191
-401.747
-402.303
-402.859
-403.415
-403.971
-404.527
-405.083
-405.64
-406.196
-406.752
-407.309
-407.866
-408.422
-408.979
-409.536
-410.093
-410.65
-411.207
-411.765
-412.322
-412.879
-413.437
-413.994
-414.552
-415.11
-415.667
-416.225
-416.783
-417.341
-417.9
-418.458
-419.016
-419.575
-420.133
-420.692
-421.25
-421.809
-422.368
-422.927
-423.486
-424.045
-424.604
-425.163
-425.722
-426.282
-426.841
-427.401
-427.961
-428.52
-429.08
-429.64
-430.2
-430.76
-431.32
-431.881
-432.441
-433.001
-433.562
-434.122
-434.683
-435.244
-435.805
-436.365
-436.926
-437.488
-438.049
-438.61
-439.171
-439.733
-440.294
-440.856
-441.417
-441.979
-442.541
-443.103
-443.665
-444.227
-444.789
-445.351
-445.914
-446.476
-447.039
-447.601
-448.164
-448.727
-449.289
-449.852
-450.415
-450.978
-451.542
-452.105
-452.668
-453.232
-453.795
-454.359
-454.922
-455.486
-456.05
-456.614
-457.178
-457.742
-458.306
-458.87
-459.435
-459.999
-460.564
-461.128
-461.693
-462.258
-462.822
-463.387
-463.952
-464.518
-465.083
-465.648
-466.213
-466.779
-467.344
-467.91
-468.475
-469.041
-469.607
-470.173
-470.739
-471.305
-471.871
-472.438
-473.004
-473.57
-474.137
-474.703
-475.27
-475.837
-476.404
-476.971
-477.538
-478.105
-478.672
-479.239
-479.807
-480.374
-480.941
-481.509
-482.077
-482.645
-483.212
-483.78
-484.348
-484.916
-485.485
-486.053
-486.621
-487.19
-487.758
-488.327
-488.895
-489.464
-490.033
-490.602
-491.171
-491.74
-492.309
-492.879
-493.448
-494.017
-494.587
-495.156
-495.726
-496.296
-496.866
-497.436
-498.006
-498.576
-499.146
-499.716
-500.287
-500.857
-501.428
-501.998
-502.569
-503.14
-503.711
-504.281
-504.852
-505.424
-505.995
-506.566
-507.137
-507.709
-508.28
-508.852
-509.424
-509.995
-510.567
-511.139
-511.711
-512.283
-512.856
-513.428
-514
-514.573
-515.145
-515.718
-516.29
-516.863
-517.436
-518.009
-518.582
-519.155
-519.728
-520.302
-520.875
-521.448
-522.022
-522.596
-523.169
-523.743
-524.317
-524.891
-525.465
-526.039
-526.613
-527.188
-527.762
-528.336
-528.911
-529.486
-530.06
-530.635
-531.21
-531.785
-532.36
-532.935
-533.51
-534.085
-534.661
-535.236
-535.812
-536.387
-536.963
-537.539
-538.115
-538.691
-539.267
-539.843
-540.419
-540.995
-541.572
-542.148
-542.725
-543.301
-543.878
-544.455
-545.032
-545.609
-546.186
-546.763
-547.34
-547.917
-548.495
-549.072
-549.65
-550.227
-550.805
-551.383
-551.961
-552.539
-553.117
-553.695
-554.273
-554.851
-555.43
-556.008
-556.587
-557.165
-557.744
-558.323
-558.902
-559.481
-560.06
-560.639
-561.218
-561.797
-562.377
-562.956
-563.536
-564.115
-564.695
-565.275
-565.855
-566.435
-567.015
-567.595
-568.175
-568.755
-569.336
-569.916
-570.497
-571.077
-571.658
-572.239
-572.82
-573.401
-573.982
-574.563
-575.144
-575.725
-576.307
-576.888
-577.47
-578.052
-578.633
-579.215
-579.797
-580.379
-580.961
-581.543
-582.125
-582.708
-583.29
-583.872
-584.455
-585.038
-585.62
-586.203
-586.786
-587.369
-587.952
-588.535
-589.118
-589.702
-590.285
-590.869
-591.452
-592.036
-592.62
-593.203
-593.787
-594.371
-594.955
-595.539
-596.124
-596.708
-597.292
-597.877
-598.461
-599.046
-599.631
-600.216
-600.8
-601.385
-601.97
-602.556
-603.141
-603.726
-604.312
-604.897
-605.483
-606.068
-606.654
-607.24
-607.826
-608.412
-608.998
-609.584
-610.17
-610.756
-611.343
-611.929
-612.516
-613.102
-613.689
-614.276
-614.863
-615.45
-616.037
-616.624
-617.211
-617.799
-618.386
-618.973
-619.561
-620.149
-620.736
-621.324
-621.912
-622.5
-623.088
-623.676
-624.265
-624.853
-625.441
-626.03
-626.618
-627.207
-627.796
-628.385
-628.973
-629.562
-630.151
-630.741
-631.33
-631.919
-632.509
-633.098
-633.688
-634.277
-634.867
-635.457
-636.047
-636.637
-637.227
-637.817
-638.407
-638.997
-639.588
-640.178
-640.769
-641.36
-641.95
-642.541
-643.132
-643.723
-644.314
-644.905
-645.497
-646.088
-646.679
-647.271
-647.862
-648.454
-649.046
-649.638
-650.229
-650.821
-651.413
-652.006
-652.598
-653.19
-653.783
-654.375
-654.968
-655.56
-656.153
-656.746
-657.339
-657.932
-658.525
-659.118
-659.711
-660.305
-660.898
-661.492
-662.085
-662.679
-663.273
-663.866
-664.46
-665.054
-665.648
-666.242
-666.837
-667.431
-668.025
-668.62
-669.215
-669.809
-670.404
-670.999
-671.594
-672.189
-672.784
-673.379
-673.974
-674.569
-675.165
-675.76
-676.356
-676.952
-677.547
-678.143
-678.739
-679.335
-679.931
-680.527
-681.124
-681.72
-682.316
-682.913
-683.509
-684.106
-684.703
-685.3
-685.897
-686.494
-687.091
-687.688
-688.285
-688.882
-689.48
-690.077
-690.675
-691.273
-691.87
-692.468
-693.066
-693.664
-694.262
-694.86
-695.459
-696.057
-696.655
-697.254
-697.852
-698.451
-699.05
-699.649
-700.248
-700.847
-701.446
-702.045
-702.644
-703.244
-703.843
-704.442
-705.042
-705.642
-706.241
-706.841
-707.441
-708.041
-708.641
-709.241
-709.842
-710.442
-711.043
-711.643
-712.244
-712.844
-713.445
-714.046
-714.647
-715.248
-715.849
-716.45
-717.051
-717.653
-718.254
-718.856
-719.457
-720.059
-720.661
-721.262
-721.864
-722.466
-723.068
-723.671
-724.273
-724.875
-725.478
-726.08
-726.683
-727.285
-727.888
-728.491
-729.094
-729.697
-730.3
-730.903
-731.507
-732.11
-732.713
-733.317
-733.92
-734.524
-735.128
-735.732
-736.336
-736.94
-737.544
-738.148
-738.752
-739.357
-739.961
-740.565
-741.17
-741.775
-742.38
-742.984
-743.589
-744.194
-744.799
-745.405
-746.01
-746.615
-747.221
-747.826
-748.432
-749.037
-749.643
-750.249
-750.855
-751.461
-752.067
-752.673
-753.28
-753.886
-754.492
-755.099
-755.705
-756.312
-756.919
-757.526
-758.133
-758.74
-759.347
-759.954
-760.561
-761.169
-761.776
-762.384
-762.991
-763.599
-764.207
-764.814
-765.422
-766.03
-766.638
-767.247
-767.855
-768.463
-769.072
-769.68
-770.289
-770.898
-771.506
-772.115
-772.724
-773.333
-773.942
-774.551
-775.161
-775.77
-776.379
-776.989
-777.599
-778.208
-778.818
-779.428
-780.038
-780.648
-781.258
-781.868
-782.478
-783.089
-783.699
-784.31
-784.92
-785.531
-786.142
-786.753
-787.364
-787.975
-788.586
-789.197
-789.808
-790.42
-791.031
-791.643
-792.254
-792.866
-793.478
-794.089
-794.701
-795.313
-795.926
-796.538
-797.15
-797.762
-798.375
-798.987
-799.6
-800.213
-800.825
-801.438
-802.051
-802.664
-803.277
-803.891
-804.504
-805.117
-805.731
-806.344
-806.958
-807.571
-808.185
-808.799
-809.413
-810.027
-810.641
-811.255
-811.87
-812.484
-813.098
-813.713
-814.328
-814.942
-815.557
-816.172
-816.787
-817.402
-818.017
-818.632
-819.247
-819.863
-820.478
-821.094
-821.709
-822.325
-822.941
-823.557
-824.173
-824.789
-825.405
-826.021
-826.637
-827.254
-827.87
-828.487
-829.103
-829.72
-830.337
-830.954
-831.571
-832.188
-832.805
-833.422
-834.039
-834.657
-835.274
-835.892
-836.509
-837.127
-837.745
-838.362
-838.98
-839.598
-840.217
-840.835
-841.453
-842.071
-842.69
-843.308
-843.927
-844.546
-845.165
-845.783
-846.402
-847.021
-847.64
-848.26
-848.879
-849.498
-850.118
-850.737
-851.357
-851.977
-852.596
-853.216
-853.836
-854.456
-855.076
-855.697
-856.317
-856.937
-857.558
-858.178
-858.799
-859.42
-860.04
-860.661
-861.282
-861.903
-862.524
-863.146
-863.767
-864.388
-865.01
-865.631
-866.253
-866.874
-867.496
-868.118
-868.74
-869.362
-869.984
-870.606
-871.229
-871.851
-872.474
-873.096
-873.719
-874.341
-874.964
-875.587
-876.21
-876.833
-877.456
-878.079
-878.703
-879.326
-879.95
-880.573
-881.197
-881.82
-882.444
-883.068
-883.692
-884.316
-884.94
-885.564
-886.189
-886.813
-887.437
-888.062
-888.687
-889.311
-889.936
-890.561
-891.186
-891.811
-892.436
-893.061
-893.687
-894.312
-894.937
-895.563
-896.189
-896.814
-897.44
-898.066
-898.692
-899.318
-899.944
-900.57
-901.197
-901.823
-902.449
-903.076
-903.703
-904.329
-904.956
-905.583
-906.21
-906.837
-907.464
-908.091
-908.719
-909.346
-909.973
-910.601
-911.229
-911.856
-912.484
-913.112
-913.74
-914.368
-914.996
-915.624
-916.253
-916.881
-917.51
-918.138
-918.767
-919.395
-920.024
-920.653
-921.282
-921.911
-922.54
-923.169
-923.799
-924.428
-925.058
-925.687
-926.317
-926.946
-927.576
-928.206
-928.836
-929.466
-930.096
-930.726
-931.357
-931.987
-932.618
-933.248
-933.879
-934.509
-935.14
-935.771
-936.402
-937.033
-937.664
-938.295
-938.927
-939.558
-940.19
-940.821
-941.453
-942.085
-942.716
-943.348
-943.98
-944.612
-945.244
-945.877
-946.509
-947.141
-947.774
-948.406
-949.039
-949.672
-950.304
-950.937
-951.57
-952.203
-952.836
-953.47
-954.103
-954.736
-955.37
-956.003
-956.637
-957.271
-957.904
-958.538
-959.172
-959.806
-960.44
-961.075
-961.709
-962.343
-962.978
-963.612
-964.247
-964.882
-965.517
-966.151
-966.786
-967.421
-968.057
-968.692
-969.327
-969.962
-970.598
-971.233
-971.869
-972.505
-973.141
-973.777
-974.412
-975.049
-975.685
-976.321
-976.957
-977.594
-978.23
-978.867
-979.503
-980.14
-980.777
-981.414
-982.051
-982.688
-983.325
-983.962
-984.599
-985.237
-985.874
-986.512
-987.149
-987.787
-988.425
-989.063
-989.701
-990.339
-990.977
-991.615
-992.253
-992.892
-993.53
-994.169
-994.807
-995.446
-996.085
-996.724
-997.363
-998.002
-998.641
-999.28
-999.92
-1000.56
-1001.2
-1001.84
-1002.48
-1003.12
-1003.76
-1004.4
-1005.04
-1005.68
-1006.32
-1006.96
-1007.6
-1008.24
-1008.88
-1009.52
-1010.16
-1010.8
-1011.44
-1012.08
-1012.72
-1013.36
-1014.01
-1014.65
-1015.29
-1015.93
-1016.57
-1017.21
-1017.85
-1018.5
-1019.14
-1019.78
-1020.42
-1021.06
-1021.71
-1022.35
-1022.99
-1023.63
-1024.27
-1024.92
-1025.56
-1026.2
-1026.85
-1027.49
-1028.13
-1028.77
-1029.42
-1030.06
-1030.7
-1031.35
-1031.99
-1032.63
-1033.28
-1033.92
-1034.57
-1035.21
-1035.85
-1036.5
-1037.14
-1037.79
-1038.43
-1039.07
-1039.72
-1040.36
-1041.01
-1041.65
-1042.3
-1042.94
-1043.59
-1044.23
-1044.88
-1045.52
-1046.17
-1046.81
-1047.46
-1048.1
-1048.75
-1049.4
-1050.04
-1050.69
-1051.33
-1051.98
-1052.63
-1053.27
-1053.92
-1054.57
-1055.21
-1055.86
-1056.5
-1057.15
-1057.8
-1058.45
-1059.09
-1059.74
-1060.39
-1061.03
-1061.68
-1062.33
-1062.98
-1063.62
-1064.27
-1064.92
-1065.57
-1066.21
-1066.86
-1067.51
-1068.16
-1068.81
-1069.46
-1070.1
-1070.75
-1071.4
-1072.05
-1072.7
-1073.35
-1074
-1074.64
-1075.29
-1075.94
-1076.59
-1077.24
-1077.89
-1078.54
-1079.19
-1079.84
-1080.49
-1081.14
-1081.79
-1082.44
-1083.09
-1083.74
-1084.39
-1085.04
-1085.69
-1086.34
-1086.99
-1087.64
-1088.29
-1088.94
-1089.59
-1090.25
-1090.9
-1091.55
-1092.2
-1092.85
-1093.5
-1094.15
-1094.8
-1095.46
-1096.11
-1096.76
-1097.41
-1098.06
-1098.72
-1099.37
-1100.02
-1100.67
-1101.32
-1101.98
-1102.63
-1103.28
-1103.93
-1104.59
-1105.24
-1105.89
-1106.55
-1107.2
-1107.85
-1108.51
-1109.16
-1109.81
-1110.47
-1111.12
-1111.77
-1112.43
-1113.08
-1113.74
-1114.39
-1115.04
-1115.7
-1116.35
-1117.01
-1117.66
-1118.32
-1118.97
-1119.63
-1120.28
-1120.93
-1121.59
-1122.24
-1122.9
-1123.56
-1124.21
-1124.87
-1125.52
-1126.18
-1126.83
-1127.49
-1128.14
-1128.8
-1129.46
-1130.11
-1130.77
-1131.42
-1132.08
-1132.74
-1133.39
-1134.05
-1134.71
-1135.36
-1136.02
-1136.68
-1137.33
-1137.99
-1138.65
-1139.31
-1139.96
-1140.62
-1141.28
-1141.94
-1142.59
-1143.25
-1143.91
-1144.57
-1145.22
-1145.88
-1146.54
-1147.2
-1147.86
-1148.52
-1149.17
-1149.83
-1150.49
-1151.15
-1151.81
-1152.47
-1153.13
-1153.79
-1154.45
-1155.1
-1155.76
-1156.42
-1157.08
-1157.74
-1158.4
-1159.06
-1159.72
-1160.38
-1161.04
-1161.7
-1162.36
-1163.02
-1163.68
-1164.34
-1165
-1165.66
-1166.32
-1166.98
-1167.65
-1168.31
-1168.97
-1169.63
-1170.29
-1170.95
-1171.61
-1172.27
-1172.94
-1173.6
-1174.26
-1174.92
-1175.58
-1176.24
-1176.91
-1177.57
-1178.23
-1178.89
-1179.55
-1180.22
-1180.88
-1181.54
-1182.2
-1182.87
-1183.53
-1184.19
-1184.86
-1185.52
-1186.18
-1186.85
-1187.51
-1188.17
-1188.84
-1189.5
-1190.16
-1190.83
-1191.49
-1192.15
-1192.82
-1193.48
-1194.15
-1194.81
-1195.48
-1196.14
-1196.8
-1197.47
-1198.13
-1198.8
-1199.46
-1200.13
-1200.79
-1201.46
-1202.12
-1202.79
-1203.45
-1204.12
-1204.78
-1205.45
-1206.12
-1206.78
-1207.45
-1208.11
-1208.78
-1209.45
-1210.11
-1210.78
-1211.44
-1212.11
-1212.78
-1213.44
-1214.11
-1214.78
-1215.44
-1216.11
-1216.78
-1217.44
-1218.11
-1218.78
-1219.45
-1220.11
-1220.78
-1221.45
-1222.12
-1222.78
-1223.45
-1224.12
-1224.79
-1225.46
-1226.12
-1226.79
-1227.46
-1228.13
-1228.8
-1229.47
-1230.13
-1230.8
-1231.47
-1232.14
-1232.81
-1233.48
-1234.15
-1234.82
-1235.49
-1236.16
-1236.83
-1237.5
-1238.16
-1238.83
-1239.5
-1240.17
-1240.84
-1241.51
-1242.18
-1242.85
-1243.52
-1244.2
-1244.87
-1245.54
-1246.21
-1246.88
-1247.55
-1248.22
-1248.89
-1249.56
-1250.23
-1250.9
-1251.58
-1252.25
-1252.92
-1253.59
-1254.26
-1254.93
-1255.6
-1256.28
-1256.95
-1257.62
-1258.29
-1258.97
-1259.64
-1260.31
-1260.98
-1261.66
-1262.33
-1263
-1263.67
-1264.35
-1265.02
-1265.69
-1266.37
-1267.04
-1267.71
-1268.39
-1269.06
-1269.73
-1270.41
-1271.08
-1271.75
-1272.43
-1273.1
-1273.78
-1274.45
-1275.12
-1275.8
-1276.47
-1277.15
-1277.82
-1278.5
-1279.17
-1279.85
-1280.52
-1281.2
-1281.87
-1282.55
-1283.22
-1283.9
-1284.57
-1285.25
-1285.92
-1286.6
-1287.27
-1287.95
-1288.63
-1289.3
-1289.98
-1290.65
-1291.33
-1292.01
-1292.68
-1293.36
-1294.04
-1294.71
-1295.39
-1296.07
-1296.74
-1297.42
-1298.1
-1298.77
-1299.45
-1300.13
-1300.81
-1301.48
-1302.16
-1302.84
-1303.52
-1304.19
-1304.87
-1305.55
-1306.23
-1306.91
-1307.59
-1308.26
-1308.94
-1309.62
-1310.3
-1310.98
-1311.66
-1312.34
-1313.01
-1313.69
-1314.37
-1315.05
-1315.73
-1316.41
-1317.09
-1317.77
-1318.45
-1319.13
-1319.81
-1320.49
-1321.17
-1321.85
-1322.53
-1323.21
-1323.89
-1324.57
-1325.25
-1325.93
-1326.61
-1327.29
-1327.97
-1328.65
-1329.33
-1330.01
-1330.7
-1331.38
-1332.06
-1332.74
-1333.42
-1334.1
-1334.78
-1335.46
-1336.15
-1336.83
-1337.51
-1338.19
-1338.87
-1339.56
-1340.24
-1340.92
-1341.6
-1342.29
-1342.97
-1343.65
-1344.33
-1345.02
-1345.7
-1346.38
-1347.07
-1347.75
-1348.43
-1349.12
-1349.8
-1350.48
-1351.17
-1351.85
-1352.53
-1353.22
-1353.9
-1354.59
-1355.27
-1355.95
-1356.64
-1357.32
-1358.01
-1358.69
-1359.38
-1360.06
-1360.74
-1361.43
-1362.11
-1362.8
-1363.48
-1364.17
-1364.85
-1365.54
-1366.23
-1366.91
-1367.6
-1368.28
-1368.97
-1369.65
-1370.34
-1371.03
-1371.71
-1372.4
-1373.08
-1373.77
-1374.46
-1375.14
-1375.83
-1376.52
-1377.2
-1377.89
-1378.58
-1379.26
-1379.95
-1380.64
-1381.33
-1382.01
-1382.7
-1383.39
-1384.08
-1384.76
-1385.45
-1386.14
-1386.83
-1387.51
-1388.2
-1388.89
-1389.58
-1390.27
-1390.96
-1391.64
-1392.33
-1393.02
-1393.71
-1394.4
-1395.09
-1395.78
-1396.47
-1397.16
-1397.84
-1398.53
-1399.22
-1399.91
-1400.6
-1401.29
-1401.98
-1402.67
-1403.36
-1404.05
-1404.74
-1405.43
-1406.12
-1406.81
-1407.5
-1408.19
-1408.88
-1409.57
-1410.27
-1410.96
-1411.65
-1412.34
-1413.03
-1413.72
-1414.41
-1415.1
-1415.79
-1416.49
-1417.18
-1417.87
-1418.56
-1419.25
-1419.94
-1420.64
-1421.33
-1422.02
-1422.71
-1423.41
-1424.1
-1424.79
-1425.48
-1426.18
-1426.87
-1427.56
-1428.25
-1428.95
-1429.64
-1430.33
-1431.03
-1431.72
-1432.41
-1433.11
-1433.8
-1434.49
-1435.19
-1435.88
-1436.58
-1437.27
-1437.96
-1438.66
-1439.35
-1440.05
-1440.74
-1441.43
-1442.13
-1442.82
-1443.52
-1444.21
-1444.91
-1445.6
-1446.3
-1446.99
-1447.69
-1448.38
-1449.08
-1449.78
-1450.47
-1451.17
-1451.86
-1452.56
-1453.25
-1453.95
-1454.65
-1455.34
-1456.04
-1456.73
-1457.43
-1458.13
-1458.82
-1459.52
-1460.22
-1460.91
-1461.61
-1462.31
-1463.01
-1463.7
-1464.4
-1465.1
-1465.79
-1466.49
-1467.19
-1467.89
-1468.59
-1469.28
-1469.98
-1470.68
-1471.38
-1472.08
-1472.77
-1473.47
-1474.17
-1474.87
-1475.57
-1476.27
-1476.96
-1477.66
-1478.36
-1479.06
-1479.76
-1480.46
-1481.16
-1481.86
-1482.56
-1483.26
-1483.96
-1484.66
-1485.36
-1486.06
-1486.76
-1487.46
-1488.16
-1488.86
-1489.56
-1490.26
-1490.96
-1491.66
-1492.36
-1493.06
-1493.76
-1494.46
-1495.16
-1495.86
-1496.56
-1497.26
-1497.97
-1498.67
-1499.37
-1500.07
-1500.77
-1501.47
-1502.17
-1502.88
-1503.58
-1504.28
-1504.98
-1505.68
-1506.39
-1507.09
-1507.79
-1508.49
-1509.2
-1509.9
-1510.6
-1511.31
-1512.01
-1512.71
-1513.41
-1514.12
-1514.82
-1515.52
-1516.23
-1516.93
-1517.63
-1518.34
-1519.04
-1519.75
-1520.45
-1521.15
-1521.86
-1522.56
-1523.27
-1523.97
-1524.67
-1525.38
-1526.08
-1526.79
-1527.49
-1528.2
-1528.9
-1529.61
-1530.31
-1531.02
-1531.72
-1532.43
-1533.13
-1533.84
-1534.55
-1535.25
-1535.96
-1536.66
-1537.37
-1538.07
-1538.78
-1539.49
-1540.19
-1540.9
-1541.61
-1542.31
-1543.02
-1543.73
-1544.43
-1545.14
-1545.85
-1546.55
-1547.26
-1547.97
-1548.67
-1549.38
-1550.09
-1550.8
-1551.5
-1552.21
-1552.92
-1553.63
-1554.34
-1555.04
-1555.75
-1556.46
-1557.17
-1557.88
-1558.59
-1559.29
-1560
-1560.71
-1561.42
-1562.13
-1562.84
-1563.55
-1564.26
-1564.96
-1565.67
-1566.38
-1567.09
-1567.8
-1568.51
-1569.22
-1569.93
-1570.64
-1571.35
-1572.06
-1572.77
-1573.48
-1574.19
-1574.9
-1575.61
-1576.32
-1577.03
-1577.74
-1578.45
-1579.17
-1579.88
-1580.59
-1581.3
-1582.01
-1582.72
-1583.43
-1584.14
-1584.86
-1585.57
-1586.28
-1586.99
-1587.7
-1588.41
-1589.13
-1589.84
-1590.55
-1591.26
-1591.97
-1592.69
-1593.4
-1594.11
-1594.83
-1595.54
-1596.25
-1596.96
-1597.68
-1598.39
-1599.1
-1599.82
-1600.53
-1601.24
-1601.96
-1602.67
-1603.38
-1604.1
-1604.81
-1605.53
-1606.24
-1606.95
-1607.67
-1608.38
-1609.1
-1609.81
-1610.53
-1611.24
-1611.95
-1612.67
-1613.38
-1614.1
-1614.81
-1615.53
-1616.24
-1616.96
-1617.67
-1618.39
-1619.11
-1619.82
-1620.54
-1621.25
-1621.97
-1622.68
-1623.4
-1624.12
-1624.83
-1625.55
-1626.27
-1626.98
-1627.7
-1628.41
-1629.13
-1629.85
-1630.57
-1631.28
-1632
-1632.72
-1633.43
-1634.15
-1634.87
-1635.59
-1636.3
-1637.02
-1637.74
-1638.46
-1639.17
-1639.89
-1640.61
-1641.33
-1642.05
-1642.76
-1643.48
-1644.2
-1644.92
-1645.64
-1646.36
-1647.08
-1647.79
-1648.51
-1649.23
-1649.95
-1650.67
-1651.39
-1652.11
-1652.83
-1653.55
-1654.27
-1654.99
-1655.71
-1656.43
-1657.15
-1657.87
-1658.59
-1659.31
-1660.03
-1660.75
-1661.47
-1662.19
-1662.91
-1663.63
-1664.35
-1665.07
-1665.79
-1666.51
-1667.23
-1667.96
-1668.68
-1669.4
-1670.12
-1670.84
-1671.56
-1672.29
-1673.01
-1673.73
-1674.45
-1675.17
-1675.89
-1676.62
-1677.34
-1678.06
-1678.78
-1679.51
-1680.23
-1680.95
-1681.67
-1682.4
-1683.12
-1683.84
-1684.57
-1685.29
-1686.01
-1686.74
-1687.46
-1688.18
-1688.91
-1689.63
-1690.35
-1691.08
-1691.8
-1692.53
-1693.25
-1693.97
-1694.7
-1695.42
-1696.15
-1696.87
-1697.6
-1698.32
-1699.05
-1699.77
-1700.5
-1701.22
-1701.95
-1702.67
-1703.4
-1704.12
-1704.85
-1705.57
-1706.3
-1707.02
-1707.75
-1708.48
-1709.2
-1709.93
-1710.65
-1711.38
-1712.11
-1712.83
-1713.56
-1714.29
-1715.01
-1715.74
-1716.47
-1717.19
-1717.92
-1718.65
-1719.37
-1720.1
-1720.83
-1721.56
-1722.28
-1723.01
-1723.74
-1724.47
-1725.19
-1725.92
-1726.65
-1727.38
-1728.11
-1728.83
-1729.56
-1730.29
-1731.02
-1731.75
-1732.48
-1733.2
-1733.93
-1734.66
-1735.39
-1736.12
-1736.85
-1737.58
-1738.31
-1739.04
-1739.77
-1740.5
-1741.23
-1741.96
-1742.69
-1743.42
-1744.15
-1744.88
-1745.61
-1746.34
-1747.07
-1747.8
-1748.53
-1749.26
-1749.99
-1750.72
-1751.45
-1752.18
-1752.91
-1753.64
-1754.37
-1755.1
-1755.84
-1756.57
-1757.3
-1758.03
-1758.76
-1759.49
-1760.23
-1760.96
-1761.69
-1762.42
-1763.15
-1763.89
-1764.62
-1765.35
-1766.08
-1766.81
-1767.55
-1768.28
-1769.01
-1769.75
-1770.48
-1771.21
-1771.94
-1772.68
-1773.41
-1774.14
-1774.88
-1775.61
-1776.35
-1777.08
-1777.81
-1778.55
-1779.28
-1780.01
-1780.75
-1781.48
-1782.22
-1782.95
-1783.69
-1784.42
-1785.16
-1785.89
-1786.62
-1787.36
-1788.09
-1788.83
-1789.56
-1790.3
-1791.04
-1791.77
-1792.51
-1793.24
-1793.98
-1794.71
-1795.45
-1796.18
-1796.92
-1797.66
-1798.39
-1799.13
-1799.87
-1800.6
-1801.34
-1802.07
-1802.81
-1803.55
-1804.29
-1805.02
-1805.76
-1806.5
-1807.23
-1807.97
-1808.71
-1809.44
-1810.18
-1810.92
-1811.66
-1812.4
-1813.13
-1813.87
-1814.61
-1815.35
-1816.09
-1816.82
-1817.56
-1818.3
-1819.04
-1819.78
-1820.52
-1821.25
-1821.99
-1822.73
-1823.47
-1824.21
-1824.95
-1825.69
-1826.43
-1827.17
-1827.91
-1828.65
-1829.39
-1830.13
-1830.87
-1831.61
-1832.35
-1833.09
-1833.83
-1834.57
-1835.31
-1836.05
-1836.79
-1837.53
-1838.27
-1839.01
-1839.75
-1840.49
-1841.23
-1841.97
-1842.71
-1843.45
-1844.2
-1844.94
-1845.68
-1846.42
-1847.16
-1847.9
-1848.65
-1849.39
-1850.13
-1850.87
-1851.61
-1852.36
-1853.1
-1853.84
-1854.58
-1855.33
-1856.07
-1856.81
-1857.55
-1858.3
-1859.04
-1859.78
-1860.53
-1861.27
-1862.01
-1862.76
-1863.5
-1864.24
-1864.99
-1865.73
-1866.47
-1867.22
-1867.96
-1868.71
-1869.45
-1870.19
-1870.94
-1871.68
-1872.43
-1873.17
-1873.92
-1874.66
-1875.41
-1876.15
-1876.9
-1877.64
-1878.39
-1879.13
-1879.88
-1880.62
-1881.37
-1882.11
-1882.86
-1883.61
-1884.35
-1885.1
-1885.84
-1886.59
-1887.34
-1888.08
-1888.83
-1889.57
-1890.32
-1891.07
-1891.81
-1892.56
-1893.31
-1894.05
-1894.8
-1895.55
-1896.3
-1897.04
-1897.79
-1898.54
-1899.28
-1900.03
-1900.78
-1901.53
-1902.28
-1903.02
-1903.77
-1904.52
-1905.27
-1906.02
-1906.76
-1907.51
-1908.26
-1909.01
-1909.76
-1910.51
-1911.26
-1912.01
-1912.75
-1913.5
-1914.25
-1915
-1915.75
-1916.5
-1917.25
-1918
-1918.75
-1919.5
-1920.25
-1921
-1921.75
-1922.5
-1923.25
-1924
-1924.75
-1925.5
-1926.25
-1927
-1927.75
-1928.5
-1929.25
-1930
-1930.76
-1931.51
-1932.26
-1933.01
-1933.76
-1934.51
-1935.26
-1936.01
-1936.77
-1937.52
-1938.27
-1939.02
-1939.77
-1940.53
-1941.28
-1942.03
-1942.78
-1943.54
-1944.29
-1945.04
-1945.79
-1946.55
-1947.3
-1948.05
-1948.8
-1949.56
-1950.31
-1951.06
-1951.82
-1952.57
-1953.32
-1954.08
-1954.83
-1955.59
-1956.34
-1957.09
-1957.85
-1958.6
-1959.36
-1960.11
-1960.86
-1961.62
-1962.37
-1963.13
-1963.88
-1964.64
-1965.39
-1966.15
-1966.9
-1967.66
-1968.41
-1969.17
-1969.92
-1970.68
-1971.43
-1972.19
-1972.95
-1973.7
-1974.46
-1975.21
-1975.97
-1976.72
-1977.48
-1978.24
-1978.99
-1979.75
-1980.51
-1981.26
-1982.02
-1982.78
-1983.53
-1984.29
-1985.05
-1985.8
-1986.56
-1987.32
-1988.08
-1988.83
-1989.59
-1990.35
-1991.11
-1991.86
-1992.62
-1993.38
-1994.14
-1994.9
-1995.65
-1996.41
-1997.17
-1997.93
-1998.69
-1999.45
-2000.21
-2000.96
-2001.72
-2002.48
-2003.24
-2004
-2004.76
-2005.52
-2006.28
-2007.04
-2007.8
-2008.56
-2009.32
-2010.08
-2010.84
-2011.6
-2012.36
-2013.12
-2013.88
-2014.64
-2015.4
-2016.16
-2016.92
-2017.68
-2018.44
-2019.2
-2019.96
-2020.72
-2021.48
-2022.24
-2023.01
-2023.77
-2024.53
-2025.29
-2026.05
-2026.81
-2027.58
-2028.34
-2029.1
-2029.86
-2030.62
-2031.38
-2032.15
-2032.91
-2033.67
-2034.43
-2035.2
-2035.96
-2036.72
-2037.49
-2038.25
-2039.01
-2039.77
-2040.54
-2041.3
-2042.06
-2042.83
-2043.59
-2044.35
-2045.12
-2045.88
-2046.65
-2047.41
-2048.17
-2048.94
-2049.7
-2050.47
-2051.23
-2051.99
-2052.76
-2053.52
-2054.29
-2055.05
-2055.82
-2056.58
-2057.35
-2058.11
-2058.88
-2059.64
-2060.41
-2061.17
-2061.94
-2062.7
-2063.47
-2064.24
-2065
-2065.77
-2066.53
-2067.3
-2068.07
-2068.83
-2069.6
-2070.37
-2071.13
-2071.9
-2072.66
-2073.43
-2074.2
-2074.97
-2075.73
-2076.5
-2077.27
-2078.03
-2078.8
-2079.57
-2080.34
-2081.1
-2081.87
-2082.64
-2083.41
-2084.17
-2084.94
-2085.71
-2086.48
-2087.25
-2088.02
-2088.78
-2089.55
-2090.32
-2091.09
-2091.86
-2092.63
-2093.4
-2094.17
-2094.93
-2095.7
-2096.47
-2097.24
-2098.01
-2098.78
-2099.55
-2100.32
-2101.09
-2101.86
-2102.63
-2103.4
-2104.17
-2104.94
-2105.71
-2106.48
-2107.25
-2108.02
-2108.79
-2109.56
-2110.33
-2111.11
-2111.88
-2112.65
-2113.42
-2114.19
-2114.96
-2115.73
-2116.5
-2117.27
-2118.05
-2118.82
-2119.59
-2120.36
-2121.13
-2121.91
-2122.68
-2123.45
-2124.22
-2124.99
-2125.77
-2126.54
-2127.31
-2128.09
-2128.86
-2129.63
-2130.4
-2131.18
-2131.95
-2132.72
-2133.5
-2134.27
-2135.04
-2135.82
-2136.59
-2137.36
-2138.14
-2138.91
-2139.69
-2140.46
-2141.23
-2142.01
-2142.78
-2143.56
-2144.33
-2145.11
-2145.88
-2146.66
-2147.43
-2148.2
-2148.98
-2149.75
-2150.53
-2151.31
-2152.08
-2152.86
-2153.63
-2154.41
-2155.18
-2155.96
-2156.73
-2157.51
-2158.29
-2159.06
-2159.84
-2160.61
-2161.39
-2162.17
-2162.94
-2163.72
-2164.5
-2165.27
-2166.05
-2166.83
-2167.6
-2168.38
-2169.16
-2169.94
-2170.71
-2171.49
-2172.27
-2173.05
-2173.82
-2174.6
-2175.38
-2176.16
-2176.93
-2177.71
-2178.49
-2179.27
-2180.05
-2180.83
-2181.6
-2182.38
-2183.16
-2183.94
-2184.72
-2185.5
-2186.28
-2187.06
-2187.84
-2188.61
-2189.39
-2190.17
-2190.95
-2191.73
-2192.51
-2193.29
-2194.07
-2194.85
-2195.63
-2196.41
-2197.19
-2197.97
-2198.75
-2199.53
-2200.31
-2201.09
-2201.87
-2202.66
-2203.44
-2204.22
-2205
-2205.78
-2206.56
-2207.34
-2208.12
-2208.9
-2209.69
-2210.47
-2211.25
-2212.03
-2212.81
-2213.59
-2214.38
-2215.16
-2215.94
-2216.72
-2217.51
-2218.29
-2219.07
-2219.85
-2220.64
-2221.42
-2222.2
-2222.98
-2223.77
-2224.55
-2225.33
-2226.12
-2226.9
-2227.68
-2228.47
-2229.25
-2230.03
-2230.82
-2231.6
-2232.39
-2233.17
-2233.95
-2234.74
-2235.52
-2236.31
-2237.09
-2237.88
-2238.66
-2239.45
-2240.23
-2241.02
-2241.8
-2242.59
-2243.37
-2244.16
-2244.94
-2245.73
-2246.51
-2247.3
-2248.08
-2248.87
-2249.65
-2250.44
-2251.23
-2252.01
-2252.8
-2253.59
-2254.37
-2255.16
-2255.94
-2256.73
-2257.52
-2258.3
-2259.09
-2259.88
-2260.67
-2261.45
-2262.24
-2263.03
-2263.81
-2264.6
-2265.39
-2266.18
-2266.96
-2267.75
-2268.54
-2269.33
-2270.12
-2270.9
-2271.69
-2272.48
-2273.27
-2274.06
-2274.85
-2275.63
-2276.42
-2277.21
-2278
-2278.79
-2279.58
-2280.37
-2281.16
-2281.95
-2282.73
-2283.52
-2284.31
-2285.1
-2285.89
-2286.68
-2287.47
-2288.26
-2289.05
-2289.84
-2290.63
-2291.42
-2292.21
-2293
-2293.79
-2294.58
-2295.38
-2296.17
-2296.96
-2297.75
-2298.54
-2299.33
-2300.12
-2300.91
-2301.7
-2302.5
-2303.29
-2304.08
-2304.87
-2305.66
-2306.45
-2307.25
-2308.04
-2308.83
-2309.62
-2310.41
-2311.21
-2312
-2312.79
-2313.58
-2314.38
-2315.17
-2315.96
-2316.76
-2317.55
-2318.34
-2319.14
-2319.93
-2320.72
-2321.52
-2322.31
-2323.1
-2323.9
-2324.69
-2325.48
-2326.28
-2327.07
-2327.87
-2328.66
-2329.45
-2330.25
-2331.04
-2331.84
-2332.63
-2333.43
-2334.22
-2335.02
-2335.81
-2336.61
-2337.4
-2338.2
-2338.99
-2339.79
-2340.58
-2341.38
-2342.18
-2342.97
-2343.77
-2344.56
-2345.36
-2346.15
-2346.95
-2347.75
-2348.54
-2349.34
-2350.14
-2350.93
-2351.73
-2352.53
-2353.32
-2354.12
-2354.92
-2355.71
-2356.51
-2357.31
-2358.11
-2358.9
-2359.7
-2360.5
-2361.3
-2362.09
-2362.89
-2363.69
-2364.49
-2365.29
-2366.08
-2366.88
-2367.68
-2368.48
-2369.28
-2370.08
-2370.88
-2371.67
-2372.47
-2373.27
-2374.07
-2374.87
-2375.67
-2376.47
-2377.27
-2378.07
-2378.87
-2379.67
-2380.47
-2381.27
-2382.07
-2382.87
-2383.67
-2384.47
-2385.27
-2386.07
-2386.87
-2387.67
-2388.47
-2389.27
-2390.07
-2390.87
-2391.67
-2392.47
-2393.27
-2394.07
-2394.88
-2395.68
-2396.48
-2397.28
-2398.08
-2398.88
-2399.68
-2400.49
-2401.29
-2402.09
-2402.89
-2403.69
-2404.5
-2405.3
-2406.1
-2406.9
-2407.71
-2408.51
-2409.31
-2410.11
-2410.92
-2411.72
-2412.52
-2413.33
-2414.13
-2414.93
-2415.74
-2416.54
-2417.34
-2418.15
-2418.95
-2419.76
-2420.56
-2421.36
-2422.17
-2422.97
-2423.78
-2424.58
-2425.38
-2426.19
-2426.99
-2427.8
-2428.6
-2429.41
-2430.21
-2431.02
-2431.82
-2432.63
-2433.43
-2434.24
-2435.04
-2435.85
-2436.66
-2437.46
-2438.27
-2439.07
-2439.88
-2440.69
-2441.49
-2442.3
-2443.1
-2443.91
-2444.72
-2445.52
-2446.33
-2447.14
-2447.94
-2448.75
-2449.56
-2450.36
-2451.17
-2451.98
-2452.79
-2453.59
-2454.4
-2455.21
-2456.02
-2456.82
-2457.63
-2458.44
-2459.25
-2460.06
-2460.86
-2461.67
-2462.48
-2463.29
-2464.1
-2464.91
-2465.71
-2466.52
-2467.33
-2468.14
-2468.95
-2469.76
-2470.57
-2471.38
-2472.19
-2473
-2473.81
-2474.62
-2475.43
-2476.23
-2477.04
-2477.85
-2478.66
-2479.47
-2480.29
-2481.1
-2481.91
-2482.72
-2483.53
-2484.34
-2485.15
-2485.96
-2486.77
-2487.58
-2488.39
-2489.2
-2490.01
-2490.83
-2491.64
-2492.45
-2493.26
-2494.07
-2494.88
-2495.69
-2496.51
-2497.32
-2498.13
-2498.94
-2499.76
-2500.57
-2501.38
-2502.19
-2503
-2503.82
-2504.63
-2505.44
-2506.26
-2507.07
-2507.88
-2508.7
-2509.51
-2510.32
-2511.14
-2511.95
-2512.76
-2513.58
-2514.39
-2515.2
-2516.02
-2516.83
-2517.65
-2518.46
-2519.27
-2520.09
-2520.9
-2521.72
-2522.53
-2523.35
-2524.16
-2524.98
-2525.79
-2526.61
-2527.42
-2528.24
-2529.05
-2529.87
-2530.68
-2531.5
-2532.31
-2533.13
-2533.95
-2534.76
-2535.58
-2536.39
-2537.21
-2538.03
-2538.84
-2539.66
-2540.47
-2541.29
-2542.11
-2542.92
-2543.74
-2544.56
-2545.37
-2546.19
-2547.01
-2547.83
-2548.64
-2549.46
-2550.28
-2551.1
-2551.91
-2552.73
-2553.55
-2554.37
-2555.19
-2556
-2556.82
-2557.64
-2558.46
-2559.28
-2560.1
-2560.91
-2561.73
-2562.55
-2563.37
-2564.19
-2565.01
-2565.83
-2566.65
-2567.47
-2568.28
-2569.1
-2569.92
-2570.74
-2571.56
-2572.38
-2573.2
-2574.02
-2574.84
-2575.66
-2576.48
-2577.3
-2578.12
-2578.94
-2579.76
-2580.59
-2581.41
-2582.23
-2583.05
-2583.87
-2584.69
-2585.51
-2586.33
-2587.15
-2587.97
-2588.8
-2589.62
-2590.44
-2591.26
-2592.08
-2592.9
-2593.73
-2594.55
-2595.37
-2596.19
-2597.02
-2597.84
-2598.66
-2599.48
-2600.31
-2601.13
-2601.95
-2602.77
-2603.6
-2604.42
-2605.24
-2606.07
-2606.89
-2607.71
-2608.54
-2609.36
-2610.18
-2611.01
-2611.83
-2612.66
-2613.48
-2614.3
-2615.13
-2615.95
-2616.78
-2617.6
-2618.43
-2619.25
-2620.08
-2620.9
-2621.73
-2622.55
-2623.38
-2624.2
-2625.03
-2625.85
-2626.68
-2627.5
-2628.33
-2629.15
-2629.98
-2630.8
-2631.63
-2632.46
-2633.28
-2634.11
-2634.93
-2635.76
-2636.59
-2637.41
-2638.24
-2639.07
-2639.89
-2640.72
-2641.55
-2642.37
-2643.2
-2644.03
-2644.86
-2645.68
-2646.51
-2647.34
-2648.17
-2648.99
-2649.82
-2650.65
-2651.48
-2652.31
-2653.13
-2653.96
-2654.79
-2655.62
-2656.45
-2657.28
-2658.1
-2658.93
-2659.76
-2660.59
-2661.42
-2662.25
-2663.08
-2663.91
-2664.74
-2665.57
-2666.4
-2667.22
-2668.05
-2668.88
-2669.71
-2670.54
-2671.37
-2672.2
-2673.03
-2673.86
-2674.69
-2675.53
-2676.36
-2677.19
-2678.02
-2678.85
-2679.68
-2680.51
-2681.34
-2682.17
-2683
-2683.83
-2684.67
-2685.5
-2686.33
-2687.16
-2687.99
-2688.82
-2689.66
-2690.49
-2691.32
-2692.15
-2692.98
-2693.82
-2694.65
-2695.48
-2696.31
-2697.15
-2697.98
-2698.81
-2699.64
-2700.48
-2701.31
-2702.14
-2702.98
-2703.81
-2704.64
-2705.48
-2706.31
-2707.14
-2707.98
-2708.81
-2709.65
-2710.48
-2711.31
-2712.15
-2712.98
-2713.82
-2714.65
-2715.49
-2716.32
-2717.16
-2717.99
-2718.83
-2719.66
-2720.5
-2721.33
-2722.17
-2723
-2723.84
-2724.67
-2725.51
-2726.34
-2727.18
-2728.01
-2728.85
-2729.69
-2730.52
-2731.36
-2732.19
-2733.03
-2733.87
-2734.7
-2735.54
-2736.38
-2737.21
-2738.05
-2738.89
-2739.72
-2740.56
-2741.4
-2742.24
-2743.07
-2743.91
-2744.75
-2745.59
-2746.42
-2747.26
-2748.1
-2748.94
-2749.78
-2750.61
-2751.45
-2752.29
-2753.13
-2753.97
-2754.81
-2755.64
-2756.48
-2757.32
-2758.16
-2759
-2759.84
-2760.68
-2761.52
-2762.36
-2763.2
-2764.04
-2764.87
-2765.71
-2766.55
-2767.39
-2768.23
-2769.07
-2769.91
-2770.75
-2771.59
-2772.43
-2773.28
-2774.12
-2774.96
-2775.8
-2776.64
-2777.48
-2778.32
-2779.16
-2780
-2780.84
-2781.68
-2782.53
-2783.37
-2784.21
-2785.05
-2785.89
-2786.73
-2787.58
-2788.42
-2789.26
-2790.1
-2790.94
-2791.79
-2792.63
-2793.47
-2794.31
-2795.16
-2796
-2796.84
-2797.69
-2798.53
-2799.37
-2800.21
-2801.06
-2801.9
-2802.74
-2803.59
-2804.43
-2805.28
-2806.12
-2806.96
-2807.81
-2808.65
-2809.5
-2810.34
-2811.18
-2812.03
-2812.87
-2813.72
-2814.56
-2815.41
-2816.25
-2817.1
-2817.94
-2818.79
-2819.63
-2820.48
-2821.32
-2822.17
-2823.01
-2823.86
-2824.7
-2825.55
-2826.4
-2827.24
-2828.09
-2828.93
-2829.78
-2830.63
-2831.47
-2832.32
-2833.17
-2834.01
-2834.86
-2835.71
-2836.55
-2837.4
-2838.25
-2839.09
-2839.94
-2840.79
-2841.64
-2842.48
-2843.33
-2844.18
-2845.03
-2845.87
-2846.72
-2847.57
-2848.42
-2849.27
-2850.11
-2850.96
-2851.81
-2852.66
-2853.51
-2854.36
-2855.21
-2856.05
-2856.9
-2857.75
-2858.6
-2859.45
-2860.3
-2861.15
-2862
-2862.85
-2863.7
-2864.55
-2865.4
-2866.25
-2867.1
-2867.95
-2868.8
-2869.65
-2870.5
-2871.35
-2872.2
-2873.05
-2873.9
-2874.75
-2875.6
-2876.45
-2877.3
-2878.16
-2879.01
-2879.86
-2880.71
-2881.56
-2882.41
-2883.26
-2884.12
-2884.97
-2885.82
-2886.67
-2887.52
-2888.38
-2889.23
-2890.08
-2890.93
-2891.79
-2892.64
-2893.49
-2894.34
-2895.2
-2896.05
-2896.9
-2897.76
-2898.61
-2899.46
-2900.31
-2901.17
-2902.02
-2902.88
-2903.73
-2904.58
-2905.44
-2906.29
-2907.14
-2908
-2908.85
-2909.71
-2910.56
-2911.42
-2912.27
-2913.13
-2913.98
-2914.84
-2915.69
-2916.55
-2917.4
-2918.26
-2919.11
-2919.97
-2920.82
-2921.68
-2922.53
-2923.39
-2924.24
-2925.1
-2925.96
-2926.81
-2927.67
-2928.52
-2929.38
-2930.24
-2931.09
-2931.95
-2932.81
-2933.66
-2934.52
-2935.38
-2936.23
-2937.09
-2937.95
-2938.81
-2939.66
-2940.52
-2941.38
-2942.24
-2943.09
-2943.95
-2944.81
-2945.67
-2946.52
-2947.38
-2948.24
-2949.1
-2949.96
-2950.82
-2951.67
-2952.53
-2953.39
-2954.25
-2955.11
-2955.97
-2956.83
-2957.69
-2958.55
-2959.41
-2960.27
-2961.12
-2961.98
-2962.84
-2963.7
-2964.56
-2965.42
-2966.28
-2967.14
-2968
-2968.86
-2969.72
-2970.58
-2971.45
-2972.31
-2973.17
-2974.03
-2974.89
-2975.75
-2976.61
-2977.47
-2978.33
-2979.19
-2980.06
-2980.92
-2981.78
-2982.64
-2983.5
-2984.36
-2985.23
-2986.09
-2986.95
-2987.81
-2988.67
-2989.54
-2990.4
-2991.26
-2992.12
-2992.99
-2993.85
-2994.71
-2995.58
-2996.44
-2997.3
-2998.17
-2999.03
-2999.89
-3000.76
-3001.62
-3002.48
-3003.35
-3004.21
-3005.07
-3005.94
-3006.8
-3007.67
-3008.53
-3009.4
-3010.26
-3011.12
-3011.99
-3012.85
-3013.72
-3014.58
-3015.45
-3016.31
-3017.18
-3018.04
-3018.91
-3019.78
-3020.64
-3021.51
-3022.37
-3023.24
-3024.1
-3024.97
-3025.84
-3026.7
-3027.57
-3028.43
-3029.3
-3030.17
-3031.03
-3031.9
-3032.77
-3033.63
-3034.5
-3035.37
-3036.23
-3037.1
-3037.97
-3038.84
-3039.7
-3040.57
-3041.44
-3042.31
-3043.17
-3044.04
-3044.91
-3045.78
-3046.65
-3047.51
-3048.38
-3049.25
-3050.12
-3050.99
-3051.86
-3052.73
-3053.59
-3054.46
-3055.33
-3056.2
-3057.07
-3057.94
-3058.81
-3059.68
-3060.55
-3061.42
-3062.29
-3063.16
-3064.03
-3064.9
-3065.77
-3066.64
-3067.51
-3068.38
-3069.25
-3070.12
-3070.99
-3071.86
-3072.73
-3073.6
-3074.47
-3075.34
-3076.22
-3077.09
-3077.96
-3078.83
-3079.7
-3080.57
-3081.44
-3082.32
-3083.19
-3084.06
-3084.93
-3085.8
-3086.68
-3087.55
-3088.42
-3089.29
-3090.17
-3091.04
-3091.91
-3092.78
-3093.66
-3094.53
-3095.4
-3096.28
-3097.15
-3098.02
-3098.9
-3099.77
-3100.64
-3101.52
-3102.39
-3103.26
-3104.14
-3105.01
-3105.89
-3106.76
-3107.63
-3108.51
-3109.38
-3110.26
-3111.13
-3112.01
-3112.88
-3113.76
-3114.63
-3115.51
-3116.38
-3117.26
-3118.13
-3119.01
-3119.88
-3120.76
-3121.63
-3122.51
-3123.39
-3124.26
-3125.14
-3126.01
-3126.89
-3127.77
-3128.64
-3129.52
-3130.4
-3131.27
-3132.15
-3133.03
-3133.9
-3134.78
-3135.66
-3136.53
-3137.41
-3138.29
-3139.17
-3140.04
-3140.92
-3141.8
-3142.68
-3143.55
-3144.43
-3145.31
-3146.19
-3147.07
-3147.95
-3148.82
-3149.7
-3150.58
-3151.46
-3152.34
-3153.22
-3154.1
-3154.98
-3155.85
-3156.73
-3157.61
-3158.49
-3159.37
-3160.25
-3161.13
-3162.01
-3162.89
-3163.77
-3164.65
-3165.53
-3166.41
-3167.29
-3168.17
-3169.05
-3169.93
-3170.81
-3171.69
-3172.57
-3173.46
-3174.34
-3175.22
-3176.1
-3176.98
-3177.86
-3178.74
-3179.62
-3180.51
-3181.39
-3182.27
-3183.15
-3184.03
-3184.91
-3185.8
-3186.68
-3187.56
-3188.44
-3189.33
-3190.21
-3191.09
-3191.97
-3192.86
-3193.74
-3194.62
-3195.51
-3196.39
-3197.27
-3198.16
-3199.04
-3199.92
-3200.81
-3201.69
-3202.57
-3203.46
-3204.34
-3205.23
-3206.11
-3206.99
-3207.88
-3208.76
-3209.65
-3210.53
-3211.42
-3212.3
-3213.19
-3214.07
-3214.96
-3215.84
-3216.73
-3217.61
-3218.5
-3219.38
-3220.27
-3221.15
-3222.04
-3222.93
-3223.81
-3224.7
-3225.58
-3226.47
-3227.36
-3228.24
-3229.13
-3230.02
-3230.9
-3231.79
-3232.68
-3233.56
-3234.45
-3235.34
-3236.22
-3237.11
-3238
-3238.89
-3239.77
-3240.66
-3241.55
-3242.44
-3243.32
-3244.21
-3245.1
-3245.99
-3246.88
-3247.77
-3248.65
-3249.54
-3250.43
-3251.32
-3252.21
-3253.1
-3253.99
-3254.88
-3255.76
-3256.65
-3257.54
-3258.43
-3259.32
-3260.21
-3261.1
-3261.99
-3262.88
-3263.77
-3264.66
-3265.55
-3266.44
-3267.33
-3268.22
-3269.11
-3270
-3270.89
-3271.78
-3272.68
-3273.57
-3274.46
-3275.35
-3276.24
-3277.13
-3278.02
-3278.91
-3279.81
-3280.7
-3281.59
-3282.48
-3283.37
-3284.26
-3285.16
-3286.05
-3286.94
-3287.83
-3288.73
-3289.62
-3290.51
-3291.4
-3292.3
-3293.19
-3294.08
-3294.98
-3295.87
-3296.76
-3297.66
-3298.55
-3299.44
-3300.34
-3301.23
-3302.12
-3303.02
-3303.91
-3304.8
-3305.7
-3306.59
-3307.49
-3308.38
-3309.28
-3310.17
-3311.07
-3311.96
-3312.86
-3313.75
-3314.65
-3315.54
-3316.44
-3317.33
-3318.23
-3319.12
-3320.02
-3320.91
-3321.81
-3322.7
-3323.6
-3324.5
-3325.39
-3326.29
-3327.19
-3328.08
-3328.98
-3329.88
-3330.77
-3331.67
-3332.57
-3333.46
-3334.36
-3335.26
-3336.15
-3337.05
-3337.95
-3338.85
-3339.74
-3340.64
-3341.54
-3342.44
-3343.33
-3344.23
-3345.13
-3346.03
-3346.93
-3347.83
-3348.72
-3349.62
-3350.52
-3351.42
-3352.32
-3353.22
-3354.12
-3355.02
-3355.91
-3356.81
-3357.71
-3358.61
-3359.51
-3360.41
-3361.31
-3362.21
-3363.11
-3364.01
-3364.91
-3365.81
-3366.71
-3367.61
-3368.51
-3369.41
-3370.31
-3371.21
-3372.12
-3373.02
-3373.92
-3374.82
-3375.72
-3376.62
-3377.52
-3378.42
-3379.33
-3380.23
-3381.13
-3382.03
-3382.93
-3383.83
-3384.74
-3385.64
-3386.54
-3387.44
-3388.35
-3389.25
-3390.15
-3391.05
-3391.96
-3392.86
-3393.76
-3394.67
-3395.57
-3396.47
-3397.38
-3398.28
-3399.18
-3400.09
-3400.99
-3401.89
-3402.8
-3403.7
-3404.61
-3405.51
-3406.41
-3407.32
-3408.22
-3409.13
-3410.03
-3410.94
-3411.84
-3412.75
-3413.65
-3414.56
-3415.46
-3416.37
-3417.27
-3418.18
-3419.08
-3419.99
-3420.89
-3421.8
-3422.71
-3423.61
-3424.52
-3425.42
-3426.33
-3427.24
-3428.14
-3429.05
-3429.96
-3430.86
-3431.77
-3432.68
-3433.58
-3434.49
-3435.4
-3436.31
-3437.21
-3438.12
-3439.03
-3439.94
-3440.84
-3441.75
-3442.66
-3443.57
-3444.47
-3445.38
-3446.29
-3447.2
-3448.11
-3449.02
-3449.93
-3450.83
-3451.74
-3452.65
-3453.56
-3454.47
-3455.38
-3456.29
-3457.2
-3458.11
-3459.02
-3459.93
-3460.84
-3461.75
-3462.66
-3463.57
-3464.48
-3465.39
-3466.3
-3467.21
-3468.12
-3469.03
-3469.94
-3470.85
-3471.76
-3472.67
-3473.58
-3474.49
-3475.4
-3476.32
-3477.23
-3478.14
-3479.05
-3479.96
-3480.87
-3481.78
-3482.7
-3483.61
-3484.52
-3485.43
-3486.35
-3487.26
-3488.17
-3489.08
-3490
-3490.91
-3491.82
-3492.73
-3493.65
-3494.56
-3495.47
-3496.39
-3497.3
-3498.21
-3499.13
-3500.04
-3500.95
-3501.87
-3502.78
-3503.7
-3504.61
-3505.52
-3506.44
-3507.35
-3508.27
-3509.18
-3510.1
-3511.01
-3511.93
-3512.84
-3513.76
-3514.67
-3515.59
-3516.5
-3517.42
-3518.33
-3519.25
-3520.17
-3521.08
-3522
-3522.91
-3523.83
-3524.75
-3525.66
-3526.58
-3527.49
-3528.41
-3529.33
-3530.24
-3531.16
-3532.08
-3532.99
-3533.91
-3534.83
-3535.75
-3536.66
-3537.58
-3538.5
-3539.42
-3540.33
-3541.25
-3542.17
-3543.09
-3544.01
-3544.92
-3545.84
-3546.76
-3547.68
-3548.6
-3549.52
-3550.44
-3551.35
-3552.27
-3553.19
-3554.11
-3555.03
-3555.95
-3556.87
-3557.79
-3558.71
-3559.63
-3560.55
-3561.47
-3562.39
-3563.31
-3564.23
-3565.15
-3566.07
-3566.99
-3567.91
-3568.83
-3569.75
-3570.67
-3571.59
-3572.51
-3573.43
-3574.36
-3575.28
-3576.2
-3577.12
-3578.04
-3578.96
-3579.88
-3580.81
-3581.73
-3582.65
-3583.57
-3584.5
-3585.42
-3586.34
-3587.26
-3588.18
-3589.11
-3590.03
-3590.95
-3591.88
-3592.8
-3593.72
-3594.65
-3595.57
-3596.49
-3597.42
-3598.34
-3599.26
-3600.19
-3601.11
-3602.03
-3602.96
-3603.88
-3604.81
-3605.73
-3606.66
-3607.58
-3608.51
-3609.43
-3610.35
-3611.28
-3612.2
-3613.13
-3614.06
-3614.98
-3615.91
-3616.83
-3617.76
-3618.68
-3619.61
-3620.53
-3621.46
-3622.39
-3623.31
-3624.24
-3625.16
-3626.09
-3627.02
-3627.94
-3628.87
-3629.8
-3630.72
-3631.65
-3632.58
-3633.51
-3634.43
-3635.36
-3636.29
-3637.22
-3638.14
-3639.07
-3640
-3640.93
-3641.85
-3642.78
-3643.71
-3644.64
-3645.57
-3646.5
-3647.43
-3648.35
-3649.28
-3650.21
-3651.14
-3652.07
-3653
-3653.93
-3654.86
-3655.79
-3656.72
-3657.65
-3658.58
-3659.51
-3660.44
-3661.37
-3662.3
-3663.23
-3664.16
-3665.09
-3666.02
-3666.95
-3667.88
-3668.81
-3669.74
-3670.67
-3671.6
-3672.53
-3673.46
-3674.4
-3675.33
-3676.26
-3677.19
-3678.12
-3679.05
-3679.99
-3680.92
-3681.85
-3682.78
-3683.71
-3684.65
-3685.58
-3686.51
-3687.44
-3688.38
-3689.31
-3690.24
-3691.18
-3692.11
-3693.04
-3693.98
-3694.91
-3695.84
-3696.78
-3697.71
-3698.64
-3699.58
-3700.51
-3701.45
-3702.38
-3703.31
-3704.25
-3705.18
-3706.12
-3707.05
-3707.99
-3708.92
-3709.86
-3710.79
-3711.73
-3712.66
-3713.6
-3714.53
-3715.47
-3716.4
-3717.34
-3718.28
-3719.21
-3720.15
-3721.08
-3722.02
-3722.96
-3723.89
-3724.83
-3725.77
-3726.7
-3727.64
-3728.58
-3729.51
-3730.45
-3731.39
-3732.33
-3733.26
-3734.2
-3735.14
-3736.08
-3737.01
-3737.95
-3738.89
-3739.83
-3740.77
-3741.7
-3742.64
-3743.58
-3744.52
-3745.46
-3746.4
-3747.33
-3748.27
-3749.21
-3750.15
-3751.09
-3752.03
-3752.97
-3753.91
-3754.85
-3755.79
-3756.73
-3757.67
-3758.61
-3759.55
-3760.49
-3761.43
-3762.37
-3763.31
-3764.25
-3765.19
-3766.13
-3767.07
-3768.01
-3768.95
-3769.9
-3770.84
-3771.78
-3772.72
-3773.66
-3774.6
-3775.54
-3776.49
-3777.43
-3778.37
-3779.31
-3780.25
-3781.2
-3782.14
-3783.08
-3784.02
-3784.97
-3785.91
-3786.85
-3787.8
-3788.74
-3789.68
-3790.62
-3791.57
-3792.51
-3793.46
-3794.4
-3795.34
-3796.29
-3797.23
-3798.17
-3799.12
-3800.06
-3801.01
-3801.95
-3802.9
-3803.84
-3804.79
-3805.73
-3806.68
-3807.62
-3808.57
-3809.51
-3810.46
-3811.4
-3812.35
-3813.29
-3814.24
-3815.18
-3816.13
-3817.08
-3818.02
-3818.97
-3819.92
-3820.86
-3821.81
-3822.75
-3823.7
-3824.65
-3825.59
-3826.54
-3827.49
-3828.44
-3829.38
-3830.33
-3831.28
-3832.23
-3833.17
-3834.12
-3835.07
-3836.02
-3836.97
-3837.91
-3838.86
-3839.81
-3840.76
-3841.71
-3842.66
-3843.6
-3844.55
-3845.5
-3846.45
-3847.4
-3848.35
-3849.3
-3850.25
-3851.2
-3852.15
-3853.1
-3854.05
-3855
-3855.95
-3856.9
-3857.85
-3858.8
-3859.75
-3860.7
-3861.65
-3862.6
-3863.55
-3864.5
-3865.45
-3866.41
-3867.36
-3868.31
-3869.26
-3870.21
-3871.16
-3872.11
-3873.07
-3874.02
-3874.97
-3875.92
-3876.87
-3877.83
-3878.78
-3879.73
-3880.68
-3881.64
-3882.59
-3883.54
-3884.5
-3885.45
-3886.4
-3887.36
-3888.31
-3889.26
-3890.22
-3891.17
-3892.12
-3893.08
-3894.03
-3894.99
-3895.94
-3896.9
-3897.85
-3898.8
-3899.76
-3900.71
-3901.67
-3902.62
-3903.58
-3904.53
-3905.49
-3906.44
-3907.4
-3908.36
-3909.31
-3910.27
-3911.22
-3912.18
-3913.14
-3914.09
-3915.05
-3916
-3916.96
-3917.92
-3918.87
-3919.83
-3920.79
-3921.74
-3922.7
-3923.66
-3924.62
-3925.57
-3926.53
-3927.49
-3928.45
-3929.4
-3930.36
-3931.32
-3932.28
-3933.24
-3934.19
-3935.15
-3936.11
-3937.07
-3938.03
-3938.99
-3939.95
-3940.91
-3941.87
-3942.82
-3943.78
-3944.74
-3945.7
-3946.66
-3947.62
-3948.58
-3949.54
-3950.5
-3951.46
-3952.42
-3953.38
-3954.34
-3955.3
-3956.26
-3957.23
-3958.19
-3959.15
-3960.11
-3961.07
-3962.03
-3962.99
-3963.95
-3964.92
-3965.88
-3966.84
-3967.8
-3968.76
-3969.72
-3970.69
-3971.65
-3972.61
-3973.57
-3974.54
-3975.5
-3976.46
-3977.43
-3978.39
-3979.35
-3980.31
-3981.28
-3982.24
-3983.21
-3984.17
-3985.13
-3986.1
-3987.06
-3988.02
-3988.99
-3989.95
-3990.92
-3991.88
-3992.85
-3993.81
-3994.78
-3995.74
-3996.71
-3997.67
-3998.64
-3999.6
-4000.57
-4001.53
-4002.5
-4003.46
-4004.43
-4005.4
-4006.36
-4007.33
-4008.29
-4009.26
-4010.23
-4011.19
-4012.16
-4013.13
-4014.09
-4015.06
-4016.03
-4017
-4017.96
-4018.93
-4019.9
-4020.87
-4021.83
-4022.8
-4023.77
-4024.74
-4025.71
-4026.67
-4027.64
-4028.61
-4029.58
-4030.55
-4031.52
-4032.49
-4033.45
-4034.42
-4035.39
-4036.36
-4037.33
-4038.3
-4039.27
-4040.24
-4041.21
-4042.18
-4043.15
-4044.12
-4045.09
-4046.06
-4047.03
-4048
-4048.97
-4049.94
-4050.91
-4051.89
-4052.86
-4053.83
-4054.8
-4055.77
-4056.74
-4057.71
-4058.69
-4059.66
-4060.63
-4061.6
-4062.57
-4063.55
-4064.52
-4065.49
-4066.46
-4067.44
-4068.41
-4069.38
-4070.36
-4071.33
-4072.3
-4073.28
-4074.25
-4075.22
-4076.2
-4077.17
-4078.14
-4079.12
-4080.09
-4081.07
-4082.04
-4083.02
-4083.99
-4084.96
-4085.94
-4086.91
-4087.89
-4088.86
-4089.84
-4090.82
-4091.79
-4092.77
-4093.74
-4094.72
-4095.69
-4096.67
-4097.65
-4098.62
-4099.6
-4100.57
-4101.55
-4102.53
-4103.5
-4104.48
-4105.46
-4106.44
-4107.41
-4108.39
-4109.37
-4110.34
-4111.32
-4112.3
-4113.28
-4114.26
-4115.23
-4116.21
-4117.19
-4118.17
-4119.15
-4120.13
-4121.11
-4122.08
-4123.06
-4124.04
-4125.02
-4126
-4126.98
-4127.96
-4128.94
-4129.92
-4130.9
-4131.88
-4132.86
-4133.84
-4134.82
-4135.8
-4136.78
-4137.76
-4138.74
-4139.72
-4140.7
-4141.68
-4142.67
-4143.65
-4144.63
-4145.61
-4146.59
-4147.57
-4148.56
-4149.54
-4150.52
-4151.5
-4152.48
-4153.47
-4154.45
-4155.43
-4156.41
-4157.4
-4158.38
-4159.36
-4160.35
-4161.33
-4162.31
-4163.3
-4164.28
-4165.26
-4166.25
-4167.23
-4168.22
-4169.2
-4170.19
-4171.17
-4172.15
-4173.14
-4174.12
-4175.11
-4176.09
-4177.08
-4178.06
-4179.05
-4180.04
-4181.02
-4182.01
-4182.99
-4183.98
-4184.96
-4185.95
-4186.94
-4187.92
-4188.91
-4189.9
-4190.88
-4191.87
-4192.86
-4193.84
-4194.83
-4195.82
-4196.81
-4197.79
-4198.78
-4199.77
-4200.76
-4201.75
-4202.73
-4203.72
-4204.71
-4205.7
-4206.69
-4207.68
-4208.67
-4209.65
-4210.64
-4211.63
-4212.62
-4213.61
-4214.6
-4215.59
-4216.58
-4217.57
-4218.56
-4219.55
-4220.54
-4221.53
-4222.52
-4223.51
-4224.5
-4225.49
-4226.48
-4227.48
-4228.47
-4229.46
-4230.45
-4231.44
-4232.43
-4233.43
-4234.42
-4235.41
-4236.4
-4237.39
-4238.39
-4239.38
-4240.37
-4241.36
-4242.36
-4243.35
-4244.34
-4245.34
-4246.33
-4247.32
-4248.32
-4249.31
-4250.3
-4251.3
-4252.29
-4253.29
-4254.28
-4255.28
-4256.27
-4257.26
-4258.26
-4259.25
-4260.25
-4261.24
-4262.24
-4263.24
-4264.23
-4265.23
-4266.22
-4267.22
-4268.21
-4269.21
-4270.21
-4271.2
-4272.2
-4273.2
-4274.19
-4275.19
-4276.19
-4277.18
-4278.18
-4279.18
-4280.18
-4281.17
-4282.17
-4283.17
-4284.17
-4285.17
-4286.16
-4287.16
-4288.16
-4289.16
-4290.16
-4291.16
-4292.16
-4293.16
-4294.15
-4295.15
-4296.15
-4297.15
-4298.15
-4299.15
-4300.15
-4301.15
-4302.15
-4303.15
-4304.15
-4305.16
-4306.16
-4307.16
-4308.16
-4309.16
-4310.16
-4311.16
-4312.16
-4313.16
-4314.17
-4315.17
-4316.17
-4317.17
-4318.18
-4319.18
-4320.18
-4321.18
-4322.19
-4323.19
-4324.19
-4325.19
-4326.2
-4327.2
-4328.21
-4329.21
-4330.21
-4331.22
-4332.22
-4333.23
-4334.23
-4335.23
-4336.24
-4337.24
-4338.25
-4339.25
-4340.26
-4341.26
-4342.27
-4343.27
-4344.28
-4345.29
-4346.29
-4347.3
-4348.3
-4349.31
-4350.32
-4351.32
-4352.33
-4353.34
-4354.34
-4355.35
-4356.36
-4357.37
-4358.37
-4359.38
-4360.39
-4361.4
-4362.41
-4363.41
-4364.42
-4365.43
-4366.44
-4367.45
-4368.46
-4369.47
-4370.47
-4371.48
-4372.49
-4373.5
-4374.51
-4375.52
-4376.53
-4377.54
-4378.55
-4379.56
-4380.57
-4381.58
-4382.59
-4383.61
-4384.62
-4385.63
-4386.64
-4387.65
-4388.66
-4389.67
-4390.69
-4391.7
-4392.71
-4393.72
-4394.74
-4395.75
-4396.76
-4397.77
-4398.79
-4399.8
-4400.81
-4401.83
-4402.84
-4403.85
-4404.87
-4405.88
-4406.9
-4407.91
-4408.92
-4409.94
-4410.95
-4411.97
-4412.98
-4414
-4415.01
-4416.03
-4417.04
-4418.06
-4419.08
-4420.09
-4421.11
-4422.12
-4423.14
-4424.16
-4425.17
-4426.19
-4427.21
-4428.22
-4429.24
-4430.26
-4431.28
-4432.29
-4433.31
-4434.33
-4435.35
-4436.37
-4437.38
-4438.4
-4439.42
-4440.44
-4441.46
-4442.48
-4443.5
-4444.52
-4445.54
-4446.56
-4447.58
-4448.6
-4449.62
-4450.64
-4451.66
-4452.68
-4453.7
-4454.72
-4455.74
-4456.76
-4457.78
-4458.81
-4459.83
-4460.85
-4461.87
-4462.89
-4463.92
-4464.94
-4465.96
-4466.98
-4468.01
-4469.03
-4470.05
-4471.08
-4472.1
-4473.12
-4474.15
-4475.17
-4476.19
-4477.22
-4478.24
-4479.27
-4480.29
-4481.32
-4482.34
-4483.37
-4484.39
-4485.42
-4486.44
-4487.47
-4488.5
-4489.52
-4490.55
-4491.58
-4492.6
-4493.63
-4494.66
-4495.68
-4496.71
-4497.74
-4498.76
-4499.79
-4500.82
-4501.85
-4502.88
-4503.91
-4504.93
-4505.96
-4506.99
-4508.02
-4509.05
-4510.08
-4511.11
-4512.14
-4513.17
-4514.2
-4515.23
-4516.26
-4517.29
-4518.32
-4519.35
-4520.38
-4521.41
-4522.44
-4523.47
-4524.51
-4525.54
-4526.57
-4527.6
-4528.63
-4529.67
-4530.7
-4531.73
-4532.77
-4533.8
-4534.83
-4535.87
-4536.9
-4537.93
-4538.97
-4540
-4541.04
-4542.07
-4543.1
-4544.14
-4545.17
-4546.21
-4547.24
-4548.28
-4549.32
-4550.35
-4551.39
-4552.42
-4553.46
-4554.5
-4555.53
-4556.57
-4557.61
-4558.64
-4559.68
-4560.72
-4561.76
-4562.8
-4563.83
-4564.87
-4565.91
-4566.95
-4567.99
-4569.03
-4570.07
-4571.11
-4572.14
-4573.18
-4574.22
-4575.26
-4576.3
-4577.34
-4578.39
-4579.43
-4580.47
-4581.51
-4582.55
-4583.59
-4584.63
-4585.67
-4586.72
-4587.76
-4588.8
-4589.84
-4590.89
-4591.93
-4592.97
-4594.02
-4595.06
-4596.1
-4597.15
-4598.19
-4599.24
-4600.28
-4601.32
-4602.37
-4603.41
-4604.46
-4605.5
-4606.55
-4607.6
-4608.64
-4609.69
-4610.73
-4611.78
-4612.83
-4613.87
-4614.92
-4615.97
-4617.02
-4618.06
-4619.11
-4620.16
-4621.21
-4622.26
-4623.3
-4624.35
-4625.4
-4626.45
-4627.5
-4628.55
-4629.6
-4630.65
-4631.7
-4632.75
-4633.8
-4634.85
-4635.9
-4636.95
-4638
-4639.06
-4640.11
-4641.16
-4642.21
-4643.26
-4644.32
-4645.37
-4646.42
-4647.47
-4648.53
-4649.58
-4650.63
-4651.69
-4652.74
-4653.8
-4654.85
-4655.9
-4656.96
-4658.01
-4659.07
-4660.12
-4661.18
-4662.24
-4663.29
-4664.35
-4665.4
-4666.46
-4667.52
-4668.57
-4669.63
-4670.69
-4671.75
-4672.8
-4673.86
-4674.92
-4675.98
-4677.04
-4678.09
-4679.15
-4680.21
-4681.27
-4682.33
-4683.39
-4684.45
-4685.51
-4686.57
-4687.63
-4688.69
-4689.75
-4690.81
-4691.87
-4692.94
-4694
-4695.06
-4696.12
-4697.18
-4698.25
-4699.31
-4700.37
-4701.43
-4702.5
-4703.56
-4704.62
-4705.69
-4706.75
-4707.81
-4708.88
-4709.94
-4711.01
-4712.07
-4713.14
-4714.2
-4715.27
-4716.33
-4717.4
-4718.46
-4719.53
-4720.6
-4721.66
-4722.73
-4723.8
-4724.86
-4725.93
-4727
-4728.06
-4729.13
-4730.2
-4731.27
-4732.33
-4733.4
-4734.47
-4735.54
-4736.61
-4737.68
-4738.75
-4739.81
-4740.88
-4741.95
-4743.02
-4744.09
-4745.16
-4746.23
-4747.3
-4748.37
-4749.44
-4750.51
-4751.58
-4752.65
-4753.72
-4754.79
-4755.86
-4756.93
-4758
-4759.08
-4760.15
-4761.22
-4762.29
-4763.36
-4764.43
-4765.5
-4766.57
-4767.64
-4768.72
-4769.79
-4770.86
-4771.93
-4773
-4774.07
-4775.14
-4776.22
-4777.29
-4778.36
-4779.43
-4780.5
-4781.57
-4782.64
-4783.71
-4784.78
-4785.85
-4786.93
-4788
-4789.07
-4790.14
-4791.21
-4792.28
-4793.35
-4794.41
-4795.48
-4796.55
-4797.62
-4798.69
-4799.76
-4800.82
-4801.89
-4802.96
-4804.02
-4805.09
-4806.15
-4807.22
-4808.28
-4809.35
-4810.41
-4811.47
-4812.53
-4813.6
-4814.66
-4815.72
-4816.77
-4817.83
-4818.89
-4819.94
-4821
-4822.05
-4823.1
-4824.16
-4825.21
-4826.25
-4827.3
-4828.35
-4829.39
-4830.43
-4831.47
-4832.51
-4833.55
-4834.58
-4835.61
-4836.64
-4837.67
-4838.69
-4839.71
-4840.73
-4841.74
-4842.75
-4843.75
-4844.75
-4845.75
-4846.74
-4847.73
-4848.71
-4849.68
-4850.64
-4851.6
-4852.55
-4853.48
-4854.41
-4855.33
-4856.23
-4857.11
-4857.97
-4858.82
-4859.63
-4860.42
-4861.17
-4861.86
-4862.49
-4863.01
-4863.36
-4863.25
