-1065.55
-1065.74
-1065.93
-1066.12
-1066.32
-1066.51
-1066.7
-1066.89
-1067.08
-1067.27
-1067.46
-1067.65
-1067.85
-1068.04
-1068.23
-1068.42
-1068.61
-1068.8
-1068.99
-1069.19
-1069.38
-1069.57
-1069.76
-1069.95
-1070.14
-1070.33
-1070.53
-1070.72
-1070.91
-1071.1
-1071.29
-1071.48
-1071.68
-1071.87
-1072.06
-1072.25
-1072.44
-1072.64
-1072.83
-1073.02
-1073.21
-1073.4
-1073.59
-1073.79
-1073.98
-1074.17
-1074.36
-1074.55
-1074.75
-1074.94
-1075.13
-1075.32
-1075.52
-1075.71
-1075.9
-1076.09
-1076.28
-1076.48
-1076.67
-1076.86
-1077.05
-1077.25
-1077.44
-1077.63
-1077.82
-1078.01
-1078.21
-1078.4
-1078.59
-1078.78
-1078.98
-1079.17
-1079.36
-1079.55
-1079.75
-1079.94
-1080.13
-1080.33
-1080.52
-1080.71
-1080.9
-1081.1
-1081.29
-1081.48
-1081.67
-1081.87
-1082.06
-1082.25
-1082.45
-1082.64
-1082.83
-1083.02
-1083.22
-1083.41
-1083.6
-1083.8
-1083.99
-1084.18
-1084.38
-1084.57
-1084.76
-1084.96
-1085.15
-1085.34
-1085.53
-1085.73
-1085.92
-1086.11
-1086.31
-1086.5
-1086.69
-1086.89
-1087.08
-1087.27
-1087.47
-1087.66
-1087.85
-1088.05
-1088.24
-1088.44
-1088.63
-1088.82
-1089.02
-1089.21
-1089.4
-1089.6
-1089.79
-1089.98
-1090.18
-1090.37
-1090.57
-1090.76
-1090.95
-1091.15
-1091.34
-1091.53
-1091.73
-1091.92
-1092.12
-1092.31
-1092.5
-1092.7
-1092.89
-1093.09
-1093.28
-1093.47
-1093.67
-1093.86
-1094.06
-1094.25
-1094.44
-1094.64
-1094.83
-1095.03
-1095.22
-1095.42
-1095.61
-1095.8
-1096
-1096.19
-1096.39
-1096.58
-1096.78
-1096.97
-1097.16
-1097.36
-1097.55
-1097.75
-1097.94
-1098.14
-1098.33
-1098.53
-1098.72
-1098.92
-1099.11
-1099.31
-1099.5
-1099.69
-1099.89
-1100.08
-1100.28
-1100.47
-1100.67
-1100.86
-1101.06
-1101.25
-1101.45
-1101.64
-1101.84
-1102.03
-1102.23
-1102.42
-1102.62
-1102.81
-1103.01
-1103.2
-1103.4
-1103.59
-1103.79
-1103.98
-1104.18
-1104.37
-1104.57
-1104.76
-1104.96
-1105.15
-1105.35
-1105.55
-1105.74
-1105.94
-1106.13
-1106.33
-1106.52
-1106.72
-1106.91
-1107.11
-1107.3
-1107.5
-1107.7
-1107.89
-1108.09
-1108.28
-1108.48
-1108.67
-1108.87
-1109.07
-1109.26
-1109.46
-1109.65
-1109.85
-1110.04
-1110.24
-1110.44
-1110.63
-1110.83
-1111.02
-1111.22
-1111.42
-1111.61
-1111.81
-1112
-1112.2
-1112.4
-1112.59
-1112.79
-1112.98
-1113.18
-1113.38
-1113.57
-1113.77
-1113.96
-1114.16
-1114.36
-1114.55
-1114.75
-1114.95
-1115.14
-1115.34
-1115.53
-1115.73
-1115.93
-1116.12
-1116.32
-1116.52
-1116.71
-1116.91
-1117.11
-1117.3
-1117.5
-1117.7
-1117.89
-1118.09
-1118.29
-1118.48
-1118.68
-1118.88
-1119.07
-1119.27
-1119.47
-1119.66
-1119.86
-1120.06
-1120.25
-1120.45
-1120.65
-1120.84
-1121.04
-1121.24
-1121.44
-1121.63
-1121.83
-1122.03
-1122.22
-1122.42
-1122.62
-1122.82
-1123.01
-1123.21
-1123.41
-1123.6
-1123.8
-1124
-1124.2
-1124.39
-1124.59
-1124.79
-1124.99
-1125.18
-1125.38
-1125.58
-1125.77
-1125.97
-1126.17
-1126.37
-1126.56
-1126.76
-1126.96
-1127.16
-1127.36
-1127.55
-1127.75
-1127.95
-1128.15
-1128.34
-1128.54
-1128.74
-1128.94
-1129.13
-1129.33
-1129.53
-1129.73
-1129.93
-1130.12
-1130.32
-1130.52
-1130.72
-1130.92
-1131.11
-1131.31
-1131.51
-1131.71
-1131.91
-1132.1
-1132.3
-1132.5
-1132.7
-1132.9
-1133.09
-1133.29
-1133.49
-1133.69
-1133.89
-1134.09
-1134.28
-1134.48
-1134.68
-1134.88
-1135.08
-1135.28
-1135.48
-1135.67
-1135.87
-1136.07
-1136.27
-1136.47
-1136.67
-1136.86
-1137.06
-1137.26
-1137.46
-1137.66
-1137.86
-1138.06
-1138.26
-1138.45
-1138.65
-1138.85
-1139.05
-1139.25
-1139.45
-1139.65
-1139.85
-1140.05
-1140.24
-1140.44
-1140.64
-1140.84
-1141.04
-1141.24
-1141.44
-1141.64
-1141.84
-1142.04
-1142.23
-1142.43
-1142.63
-1142.83
-1143.03
-1143.23
-1143.43
-1143.63
-1143.83
-1144.03
-1144.23
-1144.43
-1144.63
-1144.83
-1145.03
-1145.22
-1145.42
-1145.62
-1145.82
-1146.02
-1146.22
-1146.42
-1146.62
-1146.82
-1147.02
-1147.22
-1147.42
-1147.62
-1147.82
-1148.02
-1148.22
-1148.42
-1148.62
-1148.82
-1149.02
-1149.22
-1149.42
-1149.62
-1149.82
-1150.02
-1150.22
-1150.42
-1150.62
-1150.82
-1151.02
-1151.22
-1151.42
-1151.62
-1151.82
-1152.02
-1152.22
-1152.42
-1152.62
-1152.82
-1153.02
-1153.22
-1153.42
-1153.62
-1153.82
-1154.02
-1154.22
-1154.42
-1154.62
-1154.82
-1155.02
-1155.22
-1155.42
-1155.63
-1155.83
-1156.03
-1156.23
-1156.43
-1156.63
-1156.83
-1157.03
-1157.23
-1157.43
-1157.63
-1157.83
-1158.03
-1158.23
-1158.43
-1158.64
-1158.84
-1159.04
-1159.24
-1159.44
-1159.64
-1159.84
-1160.04
-1160.24
-1160.44
-1160.65
-1160.85
-1161.05
-1161.25
-1161.45
-1161.65
-1161.85
-1162.05
-1162.25
-1162.46
-1162.66
-1162.86
-1163.06
-1163.26
-1163.46
-1163.66
-1163.86
-1164.07
-1164.27
-1164.47
-1164.67
-1164.87
-1165.07
-1165.28
-1165.48
-1165.68
-1165.88
-1166.08
-1166.28
-1166.48
-1166.69
-1166.89
-1167.09
-1167.29
-1167.49
-1167.69
-1167.9
-1168.1
-1168.3
-1168.5
-1168.7
-1168.91
-1169.11
-1169.31
-1169.51
-1169.71
-1169.92
-1170.12
-1170.32
-1170.52
-1170.72
-1170.93
-1171.13
-1171.33
-1171.53
-1171.73
-1171.94
-1172.14
-1172.34
-1172.54
-1172.75
-1172.95
-1173.15
-1173.35
-1173.55
-1173.76
-1173.96
-1174.16
-1174.36
-1174.57
-1174.77
-1174.97
-1175.17
-1175.38
-1175.58
-1175.78
-1175.98
-1176.19
-1176.39
-1176.59
-1176.8
-1177
-1177.2
-1177.4
-1177.61
-1177.81
-1178.01
-1178.21
-1178.42
-1178.62
-1178.82
-1179.03
-1179.23
-1179.43
-1179.64
-1179.84
-1180.04
-1180.24
-1180.45
-1180.65
-1180.85
-1181.06
-1181.26
-1181.46
-1181.67
-1181.87
-1182.07
-1182.28
-1182.48
-1182.68
-1182.89
-1183.09
-1183.29
-1183.5
-1183.7
-1183.9
-1184.11
-1184.31
-1184.51
-1184.72
-1184.92
-1185.12
-1185.33
-1185.53
-1185.73
-1185.94
-1186.14
-1186.34
-1186.55
-1186.75
-1186.96
-1187.16
-1187.36
-1187.57
-1187.77
-1187.97
-1188.18
-1188.38
-1188.59
-1188.79
-1188.99
-1189.2
-1189.4
-1189.61
-1189.81
-1190.01
-1190.22
-1190.42
-1190.63
-1190.83
-1191.03
-1191.24
-1191.44
-1191.65
-1191.85
-1192.06
-1192.26
-1192.46
-1192.67
-1192.87
-1193.08
-1193.28
-1193.49
-1193.69
-1193.89
-1194.1
-1194.3
-1194.51
-1194.71
-1194.92
-1195.12
-1195.33
-1195.53
-1195.73
-1195.94
-1196.14
-1196.35
-1196.55
-1196.76
-1196.96
-1197.17
-1197.37
-1197.58
-1197.78
-1197.99
-1198.19
-1198.4
-1198.6
-1198.81
-1199.01
-1199.22
-1199.42
-1199.63
-1199.83
-1200.04
-1200.24
-1200.45
-1200.65
-1200.86
-1201.06
-1201.27
-1201.47
-1201.68
-1201.88
-1202.09
-1202.29
-1202.5
-1202.7
-1202.91
-1203.11
-1203.32
-1203.52
-1203.73
-1203.94
-1204.14
-1204.35
-1204.55
-1204.76
-1204.96
-1205.17
-1205.37
-1205.58
-1205.78
-1205.99
-1206.2
-1206.4
-1206.61
-1206.81
-1207.02
-1207.22
-1207.43
-1207.64
-1207.84
-1208.05
-1208.25
-1208.46
-1208.67
-1208.87
-1209.08
-1209.28
-1209.49
-1209.7
-1209.9
-1210.11
-1210.31
-1210.52
-1210.73
-1210.93
-1211.14
-1211.34
-1211.55
-1211.76
-1211.96
-1212.17
-1212.37
-1212.58
-1212.79
-1212.99
-1213.2
-1213.41
-1213.61
-1213.82
-1214.03
-1214.23
-1214.44
-1214.64
-1214.85
-1215.06
-1215.26
-1215.47
-1215.68
-1215.88
-1216.09
-1216.3
-1216.5
-1216.71
-1216.92
-1217.12
-1217.33
-1217.54
-1217.74
-1217.95
-1218.16
-1218.36
-1218.57
-1218.78
-1218.99
-1219.19
-1219.4
-1219.61
-1219.81
-1220.02
-1220.23
-1220.43
-1220.64
-1220.85
-1221.06
-1221.26
-1221.47
-1221.68
-1221.88
-1222.09
-1222.3
-1222.51
-1222.71
-1222.92
-1223.13
-1223.34
-1223.54
-1223.75
-1223.96
-1224.16
-1224.37
-1224.58
-1224.79
-1224.99
-1225.2
-1225.41
-1225.62
-1225.82
-1226.03
-1226.24
-1226.45
-1226.66
-1226.86
-1227.07
-1227.28
-1227.49
-1227.69
-1227.9
-1228.11
-1228.32
-1228.52
-1228.73
-1228.94
-1229.15
-1229.36
-1229.56
-1229.77
-1229.98
-1230.19
-1230.4
-1230.6
-1230.81
-1231.02
-1231.23
-1231.44
-1231.64
-1231.85
-1232.06
-1232.27
-1232.48
-1232.69
-1232.89
-1233.1
-1233.31
-1233.52
-1233.73
-1233.94
-1234.14
-1234.35
-1234.56
-1234.77
-1234.98
-1235.19
-1235.39
-1235.6
-1235.81
-1236.02
-1236.23
-1236.44
-1236.65
-1236.86
-1237.06
-1237.27
-1237.48
-1237.69
-1237.9
-1238.11
-1238.32
-1238.53
-1238.73
-1238.94
-1239.15
-1239.36
-1239.57
-1239.78
-1239.99
-1240.2
-1240.41
-1240.61
-1240.82
-1241.03
-1241.24
-1241.45
-1241.66
-1241.87
-1242.08
-1242.29
-1242.5
-1242.71
-1242.91
-1243.12
-1243.33
-1243.54
-1243.75
-1243.96
-1244.17
-1244.38
-1244.59
-1244.8
-1245.01
-1245.22
-1245.43
-1245.64
-1245.85
-1246.06
-1246.27
-1246.48
-1246.68
-1246.89
-1247.1
-1247.31
-1247.52
-1247.73
-1247.94
-1248.15
-1248.36
-1248.57
-1248.78
-1248.99
-1249.2
-1249.41
-1249.62
-1249.83
-1250.04
-1250.25
-1250.46
-1250.67
-1250.88
-1251.09
-1251.3
-1251.51
-1251.72
-1251.93
-1252.14
-1252.35
-1252.56
-1252.77
-1252.98
-1253.19
-1253.4
-1253.61
-1253.82
-1254.03
-1254.24
-1254.45
-1254.66
-1254.88
-1255.09
-1255.3
-1255.51
-1255.72
-1255.93
-1256.14
-1256.35
-1256.56
-1256.77
-1256.98
-1257.19
-1257.4
-1257.61
-1257.82
-1258.03
-1258.24
-1258.46
-1258.67
-1258.88
-1259.09
-1259.3
-1259.51
-1259.72
-1259.93
-1260.14
-1260.35
-1260.56
-1260.77
-1260.99
-1261.2
-1261.41
-1261.62
-1261.83
-1262.04
-1262.25
-1262.46
-1262.67
-1262.89
-1263.1
-1263.31
-1263.52
-1263.73
-1263.94
-1264.15
-1264.36
-1264.58
-1264.79
-1265
-1265.21
-1265.42
-1265.63
-1265.84
-1266.06
-1266.27
-1266.48
-1266.69
-1266.9
-1267.11
-1267.32
-1267.54
-1267.75
-1267.96
-1268.17
-1268.38
-1268.59
-1268.81
-1269.02
-1269.23
-1269.44
-1269.65
-1269.87
-1270.08
-1270.29
-1270.5
-1270.71
-1270.93
-1271.14
-1271.35
-1271.56
-1271.77
-1271.99
-1272.2
-1272.41
-1272.62
-1272.83
-1273.05
-1273.26
-1273.47
-1273.68
-1273.89
-1274.11
-1274.32
-1274.53
-1274.74
-1274.96
-1275.17
-1275.38
-1275.59
-1275.81
-1276.02
-1276.23
-1276.44
-1276.66
-1276.87
-1277.08
-1277.29
-1277.51
-1277.72
-1277.93
-1278.14
-1278.36
-1278.57
-1278.78
-1278.99
-1279.21
-1279.42
-1279.63
-1279.85
-1280.06
-1280.27
-1280.48
-1280.7
-1280.91
-1281.12
-1281.34
-1281.55
-1281.76
-1281.97
-1282.19
-1282.4
-1282.61
-1282.83
-1283.04
-1283.25
-1283.47
-1283.68
-1283.89
-1284.11
-1284.32
-1284.53
-1284.74
-1284.96
-1285.17
-1285.38
-1285.6
-1285.81
-1286.02
-1286.24
-1286.45
-1286.67
-1286.88
-1287.09
-1287.31
-1287.52
-1287.73
-1287.95
-1288.16
-1288.37
-1288.59
-1288.8
-1289.01
-1289.23
-1289.44
-1289.66
-1289.87
-1290.08
-1290.3
-1290.51
-1290.72
-1290.94
-1291.15
-1291.37
-1291.58
-1291.79
-1292.01
-1292.22
-1292.44
-1292.65
-1292.86
-1293.08
-1293.29
-1293.51
-1293.72
-1293.93
-1294.15
-1294.36
-1294.58
-1294.79
-1295.01
-1295.22
-1295.43
-1295.65
-1295.86
-1296.08
-1296.29
-1296.51
-1296.72
-1296.93
-1297.15
-1297.36
-1297.58
-1297.79
-1298.01
-1298.22
-1298.44
-1298.65
-1298.86
-1299.08
-1299.29
-1299.51
-1299.72
-1299.94
-1300.15
-1300.37
-1300.58
-1300.8
-1301.01
-1301.23
-1301.44
-1301.66
-1301.87
-1302.09
-1302.3
-1302.52
-1302.73
-1302.95
-1303.16
-1303.38
-1303.59
-1303.81
-1304.02
-1304.24
-1304.45
-1304.67
-1304.88
-1305.1
-1305.31
-1305.53
-1305.74
-1305.96
-1306.17
-1306.39
-1306.6
-1306.82
-1307.03
-1307.25
-1307.46
-1307.68
-1307.9
-1308.11
-1308.33
-1308.54
-1308.76
-1308.97
-1309.19
-1309.4
-1309.62
-1309.84
-1310.05
-1310.27
-1310.48
-1310.7
-1310.91
-1311.13
-1311.35
-1311.56
-1311.78
-1311.99
-1312.21
-1312.42
-1312.64
-1312.86
-1313.07
-1313.29
-1313.5
-1313.72
-1313.94
-1314.15
-1314.37
-1314.58
-1314.8
-1315.02
-1315.23
-1315.45
-1315.66
-1315.88
-1316.1
-1316.31
-1316.53
-1316.75
-1316.96
-1317.18
-1317.39
-1317.61
-1317.83
-1318.04
-1318.26
-1318.48
-1318.69
-1318.91
-1319.13
-1319.34
-1319.56
-1319.78
-1319.99
-1320.21
-1320.43
-1320.64
-1320.86
-1321.08
-1321.29
-1321.51
-1321.73
-1321.94
-1322.16
-1322.38
-1322.59
-1322.81
-1323.03
-1323.24
-1323.46
-1323.68
-1323.89
-1324.11
-1324.33
-1324.54
-1324.76
-1324.98
-1325.2
-1325.41
-1325.63
-1325.85
-1326.06
-1326.28
-1326.5
-1326.72
-1326.93
-1327.15
-1327.37
-1327.58
-1327.8
-1328.02
-1328.24
-1328.45
-1328.67
-1328.89
-1329.11
-1329.32
-1329.54
-1329.76
-1329.98
-1330.19
-1330.41
-1330.63
-1330.85
-1331.06
-1331.28
-1331.5
-1331.72
-1331.93
-1332.15
-1332.37
-1332.59
-1332.81
-1333.02
-1333.24
-1333.46
-1333.68
-1333.89
-1334.11
-1334.33
-1334.55
-1334.77
-1334.98
-1335.2
-1335.42
-1335.64
-1335.86
-1336.07
-1336.29
-1336.51
-1336.73
-1336.95
-1337.16
-1337.38
-1337.6
-1337.82
-1338.04
-1338.26
-1338.47
-1338.69
-1338.91
-1339.13
-1339.35
-1339.57
-1339.78
-1340
-1340.22
-1340.44
-1340.66
-1340.88
-1341.09
-1341.31
-1341.53
-1341.75
-1341.97
-1342.19
-1342.41
-1342.62
-1342.84
-1343.06
-1343.28
-1343.5
-1343.72
-1343.94
-1344.16
-1344.37
-1344.59
-1344.81
-1345.03
-1345.25
-1345.47
-1345.69
-1345.91
-1346.13
-1346.34
-1346.56
-1346.78
-1347
-1347.22
-1347.44
-1347.66
-1347.88
-1348.1
-1348.32
-1348.54
-1348.76
-1348.97
-1349.19
-1349.41
-1349.63
-1349.85
-1350.07
-1350.29
-1350.51
-1350.73
-1350.95
-1351.17
-1351.39
-1351.61
-1351.83
-1352.05
-1352.27
-1352.48
-1352.7
-1352.92
-1353.14
-1353.36
-1353.58
-1353.8
-1354.02
-1354.24
-1354.46
-1354.68
-1354.9
-1355.12
-1355.34
-1355.56
-1355.78
-1356
-1356.22
-1356.44
-1356.66
-1356.88
-1357.1
-1357.32
-1357.54
-1357.76
-1357.98
-1358.2
-1358.42
-1358.64
-1358.86
-1359.08
-1359.3
-1359.52
-1359.74
-1359.96
-1360.18
-1360.4
-1360.62
-1360.84
-1361.06
-1361.28
-1361.5
-1361.72
-1361.94
-1362.16
-1362.39
-1362.61
-1362.83
-1363.05
-1363.27
-1363.49
-1363.71
-1363.93
-1364.15
-1364.37
-1364.59
-1364.81
-1365.03
-1365.25
-1365.47
-1365.69
-1365.91
-1366.14
-1366.36
-1366.58
-1366.8
-1367.02
-1367.24
-1367.46
-1367.68
-1367.9
-1368.12
-1368.34
-1368.57
-1368.79
-1369.01
-1369.23
-1369.45
-1369.67
-1369.89
-1370.11
-1370.33
-1370.56
-1370.78
-1371
-1371.22
-1371.44
-1371.66
-1371.88
-1372.1
-1372.33
-1372.55
-1372.77
-1372.99
-1373.21
-1373.43
-1373.65
-1373.88
-1374.1
-1374.32
-1374.54
-1374.76
-1374.98
-1375.21
-1375.43
-1375.65
-1375.87
-1376.09
-1376.31
-1376.54
-1376.76
-1376.98
-1377.2
-1377.42
-1377.64
-1377.87
-1378.09
-1378.31
-1378.53
-1378.75
-1378.98
-1379.2
-1379.42
-1379.64
-1379.86
-1380.09
-1380.31
-1380.53
-1380.75
-1380.97
-1381.2
-1381.42
-1381.64
-1381.86
-1382.08
-1382.31
-1382.53
-1382.75
-1382.97
-1383.2
-1383.42
-1383.64
-1383.86
-1384.09
-1384.31
-1384.53
-1384.75
-1384.98
-1385.2
-1385.42
-1385.64
-1385.87
-1386.09
-1386.31
-1386.53
-1386.76
-1386.98
-1387.2
-1387.42
-1387.65
-1387.87
-1388.09
-1388.31
-1388.54
-1388.76
-1388.98
-1389.21
-1389.43
-1389.65
-1389.87
-1390.1
-1390.32
-1390.54
-1390.77
-1390.99
-1391.21
-1391.44
-1391.66
-1391.88
-1392.11
-1392.33
-1392.55
-1392.77
-1393
-1393.22
-1393.44
-1393.67
-1393.89
-1394.11
-1394.34
-1394.56
-1394.78
-1395.01
-1395.23
-1395.45
-1395.68
-1395.9
-1396.12
-1396.35
-1396.57
-1396.79
-1397.02
-1397.24
-1397.47
-1397.69
-1397.91
-1398.14
-1398.36
-1398.58
-1398.81
-1399.03
-1399.26
-1399.48
-1399.7
-1399.93
-1400.15
-1400.37
-1400.6
-1400.82
-1401.05
-1401.27
-1401.49
-1401.72
-1401.94
-1402.17
-1402.39
-1402.61
-1402.84
-1403.06
-1403.29
-1403.51
-1403.73
-1403.96
-1404.18
-1404.41
-1404.63
-1404.86
-1405.08
-1405.3
-1405.53
-1405.75
-1405.98
-1406.2
-1406.43
-1406.65
-1406.87
-1407.1
-1407.32
-1407.55
-1407.77
-1408
-1408.22
-1408.45
-1408.67
-1408.89
-1409.12
-1409.34
-1409.57
-1409.79
-1410.02
-1410.24
-1410.47
-1410.69
-1410.92
-1411.14
-1411.37
-1411.59
-1411.82
-1412.04
-1412.27
-1412.49
-1412.72
-1412.94
-1413.17
-1413.39
-1413.62
-1413.84
-1414.07
-1414.29
-1414.52
-1414.74
-1414.97
-1415.19
-1415.42
-1415.64
-1415.87
-1416.09
-1416.32
-1416.54
-1416.77
-1416.99
-1417.22
-1417.44
-1417.67
-1417.89
-1418.12
-1418.35
-1418.57
-1418.8
-1419.02
-1419.25
-1419.47
-1419.7
-1419.92
-1420.15
-1420.38
-1420.6
-1420.83
-1421.05
-1421.28
-1421.5
-1421.73
-1421.95
-1422.18
-1422.41
-1422.63
-1422.86
-1423.08
-1423.31
-1423.54
-1423.76
-1423.99
-1424.21
-1424.44
-1424.67
-1424.89
-1425.12
-1425.34
-1425.57
-1425.8
-1426.02
-1426.25
-1426.47
-1426.7
-1426.93
-1427.15
-1427.38
-1427.6
-1427.83
-1428.06
-1428.28
-1428.51
-1428.74
-1428.96
-1429.19
-1429.42
-1429.64
-1429.87
-1430.09
-1430.32
-1430.55
-1430.77
-1431
-1431.23
-1431.45
-1431.68
-1431.91
-1432.13
-1432.36
-1432.59
-1432.81
-1433.04
-1433.27
-1433.49
-1433.72
-1433.95
-1434.17
-1434.4
-1434.63
-1434.85
-1435.08
-1435.31
-1435.53
-1435.76
-1435.99
-1436.22
-1436.44
-1436.67
-1436.9
-1437.12
-1437.35
-1437.58
-1437.81
-1438.03
-1438.26
-1438.49
-1438.71
-1438.94
-1439.17
-1439.4
-1439.62
-1439.85
-1440.08
-1440.3
-1440.53
-1440.76
-1440.99
-1441.21
-1441.44
-1441.67
-1441.9
-1442.12
-1442.35
-1442.58
-1442.81
-1443.03
-1443.26
-1443.49
-1443.72
-1443.94
-1444.17
-1444.4
-1444.63
-1444.86
-1445.08
-1445.31
-1445.54
-1445.77
-1445.99
-1446.22
-1446.45
-1446.68
-1446.91
-1447.13
-1447.36
-1447.59
-1447.82
-1448.05
-1448.27
-1448.5
-1448.73
-1448.96
-1449.19
-1449.41
-1449.64
-1449.87
-1450.1
-1450.33
-1450.55
-1450.78
-1451.01
-1451.24
-1451.47
-1451.7
-1451.92
-1452.15
-1452.38
-1452.61
-1452.84
-1453.07
-1453.29
-1453.52
-1453.75
-1453.98
-1454.21
-1454.44
-1454.67
-1454.89
-1455.12
-1455.35
-1455.58
-1455.81
-1456.04
-1456.27
-1456.49
-1456.72
-1456.95
-1457.18
-1457.41
-1457.64
-1457.87
-1458.1
-1458.33
-1458.55
-1458.78
-1459.01
-1459.24
-1459.47
-1459.7
-1459.93
-1460.16
-1460.39
-1460.61
-1460.84
-1461.07
-1461.3
-1461.53
-1461.76
-1461.99
-1462.22
-1462.45
-1462.68
-1462.91
-1463.14
-1463.37
-1463.59
-1463.82
-1464.05
-1464.28
-1464.51
-1464.74
-1464.97
-1465.2
-1465.43
-1465.66
-1465.89
-1466.12
-1466.35
-1466.58
-1466.81
-1467.04
-1467.27
-1467.5
-1467.73
-1467.96
-1468.18
-1468.41
-1468.64
-1468.87
-1469.1
-1469.33
-1469.56
-1469.79
-1470.02
-1470.25
-1470.48
-1470.71
-1470.94
-1471.17
-1471.4
-1471.63
-1471.86
-1472.09
-1472.32
-1472.55
-1472.78
-1473.01
-1473.24
-1473.47
-1473.7
-1473.93
-1474.16
-1474.39
-1474.62
-1474.85
-1475.09
-1475.32
-1475.55
-1475.78
-1476.01
-1476.24
-1476.47
-1476.7
-1476.93
-1477.16
-1477.39
-1477.62
-1477.85
-1478.08
-1478.31
-1478.54
-1478.77
-1479
-1479.23
-1479.46
-1479.69
-1479.93
-1480.16
-1480.39
-1480.62
-1480.85
-1481.08
-1481.31
-1481.54
-1481.77
-1482
-1482.23
-1482.46
-1482.7
-1482.93
-1483.16
-1483.39
-1483.62
-1483.85
-1484.08
-1484.31
-1484.54
-1484.77
-1485.01
-1485.24
-1485.47
-1485.7
-1485.93
-1486.16
-1486.39
-1486.62
-1486.86
-1487.09
-1487.32
-1487.55
-1487.78
-1488.01
-1488.24
-1488.47
-1488.71
-1488.94
-1489.17
-1489.4
-1489.63
-1489.86
-1490.1
-1490.33
-1490.56
-1490.79
-1491.02
-1491.25
-1491.48
-1491.72
-1491.95
-1492.18
-1492.41
-1492.64
-1492.88
-1493.11
-1493.34
-1493.57
-1493.8
-1494.03
-1494.27
-1494.5
-1494.73
-1494.96
-1495.19
-1495.43
-1495.66
-1495.89
-1496.12
-1496.35
-1496.59
-1496.82
-1497.05
-1497.28
-1497.51
-1497.75
-1497.98
-1498.21
-1498.44
-1498.68
-1498.91
-1499.14
-1499.37
-1499.61
-1499.84
-1500.07
-1500.3
-1500.53
-1500.77
-1501
-1501.23
-1501.46
-1501.7
-1501.93
-1502.16
-1502.39
-1502.63
-1502.86
-1503.09
-1503.33
-1503.56
-1503.79
-1504.02
-1504.26
-1504.49
-1504.72
-1504.95
-1505.19
-1505.42
-1505.65
-1505.89
-1506.12
-1506.35
-1506.58
-1506.82
-1507.05
-1507.28
-1507.52
-1507.75
-1507.98
-1508.22
-1508.45
-1508.68
-1508.91
-1509.15
-1509.38
-1509.61
-1509.85
-1510.08
-1510.31
-1510.55
-1510.78
-1511.01
-1511.25
-1511.48
-1511.71
-1511.95
-1512.18
-1512.41
-1512.65
-1512.88
-1513.11
-1513.35
-1513.58
-1513.81
-1514.05
-1514.28
-1514.51
-1514.75
-1514.98
-1515.22
-1515.45
-1515.68
-1515.92
-1516.15
-1516.38
-1516.62
-1516.85
-1517.09
-1517.32
-1517.55
-1517.79
-1518.02
-1518.25
-1518.49
-1518.72
-1518.96
-1519.19
-1519.42
-1519.66
-1519.89
-1520.13
-1520.36
-1520.59
-1520.83
-1521.06
-1521.3
-1521.53
-1521.76
-1522
-1522.23
-1522.47
-1522.7
-1522.94
-1523.17
-1523.4
-1523.64
-1523.87
-1524.11
-1524.34
-1524.58
-1524.81
-1525.05
-1525.28
-1525.51
-1525.75
-1525.98
-1526.22
-1526.45
-1526.69
-1526.92
-1527.16
-1527.39
-1527.63
-1527.86
-1528.09
-1528.33
-1528.56
-1528.8
-1529.03
-1529.27
-1529.5
-1529.74
-1529.97
-1530.21
-1530.44
-1530.68
-1530.91
-1531.15
-1531.38
-1531.62
-1531.85
-1532.09
-1532.32
-1532.56
-1532.79
-1533.03
-1533.26
-1533.5
-1533.73
-1533.97
-1534.2
-1534.44
-1534.67
-1534.91
-1535.14
-1535.38
-1535.61
-1535.85
-1536.08
-1536.32
-1536.56
-1536.79
-1537.03
-1537.26
-1537.5
-1537.73
-1537.97
-1538.2
-1538.44
-1538.67
-1538.91
-1539.15
-1539.38
-1539.62
-1539.85
-1540.09
-1540.32
-1540.56
-1540.8
-1541.03
-1541.27
-1541.5
-1541.74
-1541.97
-1542.21
-1542.45
-1542.68
-1542.92
-1543.15
-1543.39
-1543.63
-1543.86
-1544.1
-1544.33
-1544.57
-1544.81
-1545.04
-1545.28
-1545.51
-1545.75
-1545.99
-1546.22
-1546.46
-1546.69
-1546.93
-1547.17
-1547.4
-1547.64
-1547.88
-1548.11
-1548.35
-1548.58
-1548.82
-1549.06
-1549.29
-1549.53
-1549.77
-1550
-1550.24
-1550.48
-1550.71
-1550.95
-1551.19
-1551.42
-1551.66
-1551.9
-1552.13
-1552.37
-1552.6
-1552.84
-1553.08
-1553.31
-1553.55
-1553.79
-1554.03
-1554.26
-1554.5
-1554.74
-1554.97
-1555.21
-1555.45
-1555.68
-1555.92
-1556.16
-1556.39
-1556.63
-1556.87
-1557.1
-1557.34
-1557.58
-1557.82
-1558.05
-1558.29
-1558.53
-1558.76
-1559
-1559.24
-1559.48
-1559.71
-1559.95
-1560.19
-1560.43
-1560.66
-1560.9
-1561.14
-1561.37
-1561.61
-1561.85
-1562.09
-1562.32
-1562.56
-1562.8
-1563.04
-1563.27
-1563.51
-1563.75
-1563.99
-1564.22
-1564.46
-1564.7
-1564.94
-1565.17
-1565.41
-1565.65
-1565.89
-1566.13
-1566.36
-1566.6
-1566.84
-1567.08
-1567.31
-1567.55
-1567.79
-1568.03
-1568.27
-1568.5
-1568.74
-1568.98
-1569.22
-1569.46
-1569.69
-1569.93
-1570.17
-1570.41
-1570.65
-1570.88
-1571.12
-1571.36
-1571.6
-1571.84
-1572.07
-1572.31
-1572.55
-1572.79
-1573.03
-1573.27
-1573.5
-1573.74
-1573.98
-1574.22
-1574.46
-1574.7
-1574.93
-1575.17
-1575.41
-1575.65
-1575.89
-1576.13
-1576.37
-1576.6
-1576.84
-1577.08
-1577.32
-1577.56
-1577.8
-1578.04
-1578.27
-1578.51
-1578.75
-1578.99
-1579.23
-1579.47
-1579.71
-1579.95
-1580.19
-1580.42
-1580.66
-1580.9
-1581.14
-1581.38
-1581.62
-1581.86
-1582.1
-1582.34
-1582.57
-1582.81
-1583.05
-1583.29
-1583.53
-1583.77
-1584.01
-1584.25
-1584.49
-1584.73
-1584.97
-1585.21
-1585.44
-1585.68
-1585.92
-1586.16
-1586.4
-1586.64
-1586.88
-1587.12
-1587.36
-1587.6
-1587.84
-1588.08
-1588.32
-1588.56
-1588.8
-1589.04
-1589.28
-1589.51
-1589.75
-1589.99
-1590.23
-1590.47
-1590.71
-1590.95
-1591.19
-1591.43
-1591.67
-1591.91
-1592.15
-1592.39
-1592.63
-1592.87
-1593.11
-1593.35
-1593.59
-1593.83
-1594.07
-1594.31
-1594.55
-1594.79
-1595.03
-1595.27
-1595.51
-1595.75
-1595.99
-1596.23
-1596.47
-1596.71
-1596.95
-1597.19
-1597.43
-1597.67
-1597.91
-1598.15
-1598.39
-1598.63
-1598.87
-1599.11
-1599.35
-1599.59
-1599.83
-1600.07
-1600.31
-1600.56
-1600.8
-1601.04
-1601.28
-1601.52
-1601.76
-1602
-1602.24
-1602.48
-1602.72
-1602.96
-1603.2
-1603.44
-1603.68
-1603.92
-1604.16
-1604.4
-1604.65
-1604.89
-1605.13
-1605.37
-1605.61
-1605.85
-1606.09
-1606.33
-1606.57
-1606.81
-1607.05
-1607.29
-1607.54
-1607.78
-1608.02
-1608.26
-1608.5
-1608.74
-1608.98
-1609.22
-1609.46
-1609.71
-1609.95
-1610.19
-1610.43
-1610.67
-1610.91
-1611.15
-1611.39
-1611.64
-1611.88
-1612.12
-1612.36
-1612.6
-1612.84
-1613.08
-1613.32
-1613.57
-1613.81
-1614.05
-1614.29
-1614.53
-1614.77
-1615.02
-1615.26
-1615.5
-1615.74
-1615.98
-1616.22
-1616.46
-1616.71
-1616.95
-1617.19
-1617.43
-1617.67
-1617.92
-1618.16
-1618.4
-1618.64
-1618.88
-1619.12
-1619.37
-1619.61
-1619.85
-1620.09
-1620.33
-1620.58
-1620.82
-1621.06
-1621.3
-1621.54
-1621.79
-1622.03
-1622.27
-1622.51
-1622.75
-1623
-1623.24
-1623.48
-1623.72
-1623.97
-1624.21
-1624.45
-1624.69
-1624.93
-1625.18
-1625.42
-1625.66
-1625.9
-1626.15
-1626.39
-1626.63
-1626.87
-1627.12
-1627.36
-1627.6
-1627.84
-1628.09
-1628.33
-1628.57
-1628.81
-1629.06
-1629.3
-1629.54
-1629.78
-1630.03
-1630.27
-1630.51
-1630.76
-1631
-1631.24
-1631.48
-1631.73
-1631.97
-1632.21
-1632.46
-1632.7
-1632.94
-1633.18
-1633.43
-1633.67
-1633.91
-1634.16
-1634.4
-1634.64
-1634.88
-1635.13
-1635.37
-1635.61
-1635.86
-1636.1
-1636.34
-1636.59
-1636.83
-1637.07
-1637.32
-1637.56
-1637.8
-1638.05
-1638.29
-1638.53
-1638.78
-1639.02
-1639.26
-1639.51
-1639.75
-1639.99
-1640.24
-1640.48
-1640.72
-1640.97
-1641.21
-1641.45
-1641.7
-1641.94
-1642.19
-1642.43
-1642.67
-1642.92
-1643.16
-1643.4
-1643.65
-1643.89
-1644.13
-1644.38
-1644.62
-1644.87
-1645.11
-1645.35
-1645.6
-1645.84
-1646.09
-1646.33
-1646.57
-1646.82
-1647.06
-1647.31
-1647.55
-1647.79
-1648.04
-1648.28
-1648.53
-1648.77
-1649.01
-1649.26
-1649.5
-1649.75
-1649.99
-1650.23
-1650.48
-1650.72
-1650.97
-1651.21
-1651.46
-1651.7
-1651.94
-1652.19
-1652.43
-1652.68
-1652.92
-1653.17
-1653.41
-1653.66
-1653.9
-1654.14
-1654.39
-1654.63
-1654.88
-1655.12
-1655.37
-1655.61
-1655.86
-1656.1
-1656.35
-1656.59
-1656.84
-1657.08
-1657.33
-1657.57
-1657.81
-1658.06
-1658.3
-1658.55
-1658.79
-1659.04
-1659.28
-1659.53
-1659.77
-1660.02
-1660.26
-1660.51
-1660.75
-1661
-1661.24
-1661.49
-1661.73
-1661.98
-1662.22
-1662.47
-1662.71
-1662.96
-1663.2
-1663.45
-1663.69
-1663.94
-1664.19
-1664.43
-1664.68
-1664.92
-1665.17
-1665.41
-1665.66
-1665.9
-1666.15
-1666.39
-1666.64
-1666.88
-1667.13
-1667.38
-1667.62
-1667.87
-1668.11
-1668.36
-1668.6
-1668.85
-1669.09
-1669.34
-1669.59
-1669.83
-1670.08
-1670.32
-1670.57
-1670.81
-1671.06
-1671.31
-1671.55
-1671.8
-1672.04
-1672.29
-1672.53
-1672.78
-1673.03
-1673.27
-1673.52
-1673.76
-1674.01
-1674.26
-1674.5
-1674.75
-1674.99
-1675.24
-1675.49
-1675.73
-1675.98
-1676.23
-1676.47
-1676.72
-1676.96
-1677.21
-1677.46
-1677.7
-1677.95
-1678.19
-1678.44
-1678.69
-1678.93
-1679.18
-1679.43
-1679.67
-1679.92
-1680.17
-1680.41
-1680.66
-1680.91
-1681.15
-1681.4
-1681.64
-1681.89
-1682.14
-1682.38
-1682.63
-1682.88
-1683.12
-1683.37
-1683.62
-1683.86
-1684.11
-1684.36
-1684.6
-1684.85
-1685.1
-1685.35
-1685.59
-1685.84
-1686.09
-1686.33
-1686.58
-1686.83
-1687.07
-1687.32
-1687.57
-1687.81
-1688.06
-1688.31
-1688.56
-1688.8
-1689.05
-1689.3
-1689.54
-1689.79
-1690.04
-1690.29
-1690.53
-1690.78
-1691.03
-1691.27
-1691.52
-1691.77
-1692.02
-1692.26
-1692.51
-1692.76
-1693.01
-1693.25
-1693.5
-1693.75
-1693.99
-1694.24
-1694.49
-1694.74
-1694.98
-1695.23
-1695.48
-1695.73
-1695.98
-1696.22
-1696.47
-1696.72
-1696.97
-1697.21
-1697.46
-1697.71
-1697.96
-1698.2
-1698.45
-1698.7
-1698.95
-1699.2
-1699.44
-1699.69
-1699.94
-1700.19
-1700.43
-1700.68
-1700.93
-1701.18
-1701.43
-1701.67
-1701.92
-1702.17
-1702.42
-1702.67
-1702.91
-1703.16
-1703.41
-1703.66
-1703.91
-1704.16
-1704.4
-1704.65
-1704.9
-1705.15
-1705.4
-1705.64
-1705.89
-1706.14
-1706.39
-1706.64
-1706.89
-1707.13
-1707.38
-1707.63
-1707.88
-1708.13
-1708.38
-1708.63
-1708.87
-1709.12
-1709.37
-1709.62
-1709.87
-1710.12
-1710.37
-1710.61
-1710.86
-1711.11
-1711.36
-1711.61
-1711.86
-1712.11
-1712.36
-1712.6
-1712.85
-1713.1
-1713.35
-1713.6
-1713.85
-1714.1
-1714.35
-1714.59
-1714.84
-1715.09
-1715.34
-1715.59
-1715.84
-1716.09
-1716.34
-1716.59
-1716.84
-1717.09
-1717.33
-1717.58
-1717.83
-1718.08
-1718.33
-1718.58
-1718.83
-1719.08
-1719.33
-1719.58
-1719.83
-1720.08
-1720.33
-1720.57
-1720.82
-1721.07
-1721.32
-1721.57
-1721.82
-1722.07
-1722.32
-1722.57
-1722.82
-1723.07
-1723.32
-1723.57
-1723.82
-1724.07
-1724.32
-1724.57
-1724.82
-1725.07
-1725.32
-1725.57
-1725.81
-1726.06
-1726.31
-1726.56
-1726.81
-1727.06
-1727.31
-1727.56
-1727.81
-1728.06
-1728.31
-1728.56
-1728.81
-1729.06
-1729.31
-1729.56
-1729.81
-1730.06
-1730.31
-1730.56
-1730.81
-1731.06
-1731.31
-1731.56
-1731.81
-1732.06
-1732.31
-1732.56
-1732.81
-1733.06
-1733.31
-1733.56
-1733.82
-1734.07
-1734.32
-1734.57
-1734.82
-1735.07
-1735.32
-1735.57
-1735.82
-1736.07
-1736.32
-1736.57
-1736.82
-1737.07
-1737.32
-1737.57
-1737.82
-1738.07
-1738.32
-1738.57
-1738.82
-1739.08
-1739.33
-1739.58
-1739.83
-1740.08
-1740.33
-1740.58
-1740.83
-1741.08
-1741.33
-1741.58
-1741.83
-1742.08
-1742.34
-1742.59
-1742.84
-1743.09
-1743.34
-1743.59
-1743.84
-1744.09
-1744.34
-1744.59
-1744.85
-1745.1
-1745.35
-1745.6
-1745.85
-1746.1
-1746.35
-1746.6
-1746.85
-1747.11
-1747.36
-1747.61
-1747.86
-1748.11
-1748.36
-1748.61
-1748.86
-1749.12
-1749.37
-1749.62
-1749.87
-1750.12
-1750.37
-1750.62
-1750.88
-1751.13
-1751.38
-1751.63
-1751.88
-1752.13
-1752.39
-1752.64
-1752.89
-1753.14
-1753.39
-1753.64
-1753.9
-1754.15
-1754.4
-1754.65
-1754.9
-1755.15
-1755.41
-1755.66
-1755.91
-1756.16
-1756.41
-1756.66
-1756.92
-1757.17
-1757.42
-1757.67
-1757.92
-1758.18
-1758.43
-1758.68
-1758.93
-1759.18
-1759.44
-1759.69
-1759.94
-1760.19
-1760.45
-1760.7
-1760.95
-1761.2
-1761.45
-1761.71
-1761.96
-1762.21
-1762.46
-1762.72
-1762.97
-1763.22
-1763.47
-1763.72
-1763.98
-1764.23
-1764.48
-1764.73
-1764.99
-1765.24
-1765.49
-1765.74
-1766
-1766.25
-1766.5
-1766.75
-1767.01
-1767.26
-1767.51
-1767.76
-1768.02
-1768.27
-1768.52
-1768.78
-1769.03
-1769.28
-1769.53
-1769.79
-1770.04
-1770.29
-1770.55
-1770.8
-1771.05
-1771.3
-1771.56
-1771.81
-1772.06
-1772.32
-1772.57
-1772.82
-1773.07
-1773.33
-1773.58
-1773.83
-1774.09
-1774.34
-1774.59
-1774.85
-1775.1
-1775.35
-1775.61
-1775.86
-1776.11
-1776.37
-1776.62
-1776.87
-1777.12
-1777.38
-1777.63
-1777.88
-1778.14
-1778.39
-1778.64
-1778.9
-1779.15
-1779.41
-1779.66
-1779.91
-1780.17
-1780.42
-1780.67
-1780.93
-1781.18
-1781.43
-1781.69
-1781.94
-1782.19
-1782.45
-1782.7
-1782.96
-1783.21
-1783.46
-1783.72
-1783.97
-1784.22
-1784.48
-1784.73
-1784.99
-1785.24
-1785.49
-1785.75
-1786
-1786.25
-1786.51
-1786.76
-1787.02
-1787.27
-1787.52
-1787.78
-1788.03
-1788.29
-1788.54
-1788.79
-1789.05
-1789.3
-1789.56
-1789.81
-1790.07
-1790.32
-1790.57
-1790.83
-1791.08
-1791.34
-1791.59
-1791.84
-1792.1
-1792.35
-1792.61
-1792.86
-1793.12
-1793.37
-1793.63
-1793.88
-1794.13
-1794.39
-1794.64
-1794.9
-1795.15
-1795.41
-1795.66
-1795.92
-1796.17
-1796.42
-1796.68
-1796.93
-1797.19
-1797.44
-1797.7
-1797.95
-1798.21
-1798.46
-1798.72
-1798.97
-1799.23
-1799.48
-1799.74
-1799.99
-1800.25
-1800.5
-1800.76
-1801.01
-1801.27
-1801.52
-1801.78
-1802.03
-1802.29
-1802.54
-1802.8
-1803.05
-1803.31
-1803.56
-1803.82
-1804.07
-1804.33
-1804.58
-1804.84
-1805.09
-1805.35
-1805.6
-1805.86
-1806.11
-1806.37
-1806.62
-1806.88
-1807.13
-1807.39
-1807.64
-1807.9
-1808.15
-1808.41
-1808.67
-1808.92
-1809.18
-1809.43
-1809.69
-1809.94
-1810.2
-1810.45
-1810.71
-1810.96
-1811.22
-1811.48
-1811.73
-1811.99
-1812.24
-1812.5
-1812.75
-1813.01
-1813.27
-1813.52
-1813.78
-1814.03
-1814.29
-1814.54
-1814.8
-1815.06
-1815.31
-1815.57
-1815.82
-1816.08
-1816.34
-1816.59
-1816.85
-1817.1
-1817.36
-1817.61
-1817.87
-1818.13
-1818.38
-1818.64
-1818.9
-1819.15
-1819.41
-1819.66
-1819.92
-1820.18
-1820.43
-1820.69
-1820.94
-1821.2
-1821.46
-1821.71
-1821.97
-1822.23
-1822.48
-1822.74
-1822.99
-1823.25
-1823.51
-1823.76
-1824.02
-1824.28
-1824.53
-1824.79
-1825.05
-1825.3
-1825.56
-1825.82
-1826.07
-1826.33
-1826.59
-1826.84
-1827.1
-1827.36
-1827.61
-1827.87
-1828.13
-1828.38
-1828.64
-1828.9
-1829.15
-1829.41
-1829.67
-1829.92
-1830.18
-1830.44
-1830.69
-1830.95
-1831.21
-1831.46
-1831.72
-1831.98
-1832.23
-1832.49
-1832.75
-1833.01
-1833.26
-1833.52
-1833.78
-1834.03
-1834.29
-1834.55
-1834.81
-1835.06
-1835.32
-1835.58
-1835.83
-1836.09
-1836.35
-1836.61
-1836.86
-1837.12
-1837.38
-1837.63
-1837.89
-1838.15
-1838.41
-1838.66
-1838.92
-1839.18
-1839.44
-1839.69
-1839.95
-1840.21
-1840.47
-1840.72
-1840.98
-1841.24
-1841.5
-1841.75
-1842.01
-1842.27
-1842.53
-1842.78
-1843.04
-1843.3
-1843.56
-1843.81
-1844.07
-1844.33
-1844.59
-1844.85
-1845.1
-1845.36
-1845.62
-1845.88
-1846.13
-1846.39
-1846.65
-1846.91
-1847.17
-1847.42
-1847.68
-1847.94
-1848.2
-1848.46
-1848.71
-1848.97
-1849.23
-1849.49
-1849.75
-1850
-1850.26
-1850.52
-1850.78
-1851.04
-1851.3
-1851.55
-1851.81
-1852.07
-1852.33
-1852.59
-1852.84
-1853.1
-1853.36
-1853.62
-1853.88
-1854.14
-1854.39
-1854.65
-1854.91
-1855.17
-1855.43
-1855.69
-1855.95
-1856.2
-1856.46
-1856.72
-1856.98
-1857.24
-1857.5
-1857.76
-1858.01
-1858.27
-1858.53
-1858.79
-1859.05
-1859.31
-1859.57
-1859.82
-1860.08
-1860.34
-1860.6
-1860.86
-1861.12
-1861.38
-1861.64
-1861.9
-1862.15
-1862.41
-1862.67
-1862.93
-1863.19
-1863.45
-1863.71
-1863.97
-1864.23
-1864.48
-1864.74
-1865
-1865.26
-1865.52
-1865.78
-1866.04
-1866.3
-1866.56
-1866.82
-1867.08
-1867.34
-1867.59
-1867.85
-1868.11
-1868.37
-1868.63
-1868.89
-1869.15
-1869.41
-1869.67
-1869.93
-1870.19
-1870.45
-1870.71
-1870.97
-1871.23
-1871.48
-1871.74
-1872
-1872.26
-1872.52
-1872.78
-1873.04
-1873.3
-1873.56
-1873.82
-1874.08
-1874.34
-1874.6
-1874.86
-1875.12
-1875.38
-1875.64
-1875.9
-1876.16
-1876.42
-1876.68
-1876.94
-1877.2
-1877.46
-1877.72
-1877.98
-1878.24
-1878.5
-1878.76
-1879.02
-1879.28
-1879.54
-1879.8
-1880.06
-1880.32
-1880.58
-1880.84
-1881.1
-1881.36
-1881.62
-1881.88
-1882.14
-1882.4
-1882.66
-1882.92
-1883.18
-1883.44
-1883.7
-1883.96
-1884.22
-1884.48
-1884.74
-1885
-1885.26
-1885.52
-1885.78
-1886.04
-1886.3
-1886.56
-1886.82
-1887.08
-1887.34
-1887.6
-1887.86
-1888.12
-1888.39
-1888.65
-1888.91
-1889.17
-1889.43
-1889.69
-1889.95
-1890.21
-1890.47
-1890.73
-1890.99
-1891.25
-1891.51
-1891.77
-1892.03
-1892.29
-1892.56
-1892.82
-1893.08
-1893.34
-1893.6
-1893.86
-1894.12
-1894.38
-1894.64
-1894.9
-1895.16
-1895.43
-1895.69
-1895.95
-1896.21
-1896.47
-1896.73
-1896.99
-1897.25
-1897.51
-1897.77
-1898.04
-1898.3
-1898.56
-1898.82
-1899.08
-1899.34
-1899.6
-1899.86
-1900.13
-1900.39
-1900.65
-1900.91
-1901.17
-1901.43
-1901.69
-1901.95
-1902.22
-1902.48
-1902.74
-1903
-1903.26
-1903.52
-1903.78
-1904.05
-1904.31
-1904.57
-1904.83
-1905.09
-1905.35
-1905.62
-1905.88
-1906.14
-1906.4
-1906.66
-1906.92
-1907.19
-1907.45
-1907.71
-1907.97
-1908.23
-1908.49
-1908.76
-1909.02
-1909.28
-1909.54
-1909.8
-1910.06
-1910.33
-1910.59
-1910.85
-1911.11
-1911.37
-1911.64
-1911.9
-1912.16
-1912.42
-1912.68
-1912.95
-1913.21
-1913.47
-1913.73
-1913.99
-1914.26
-1914.52
-1914.78
-1915.04
-1915.31
-1915.57
-1915.83
-1916.09
-1916.35
-1916.62
-1916.88
-1917.14
-1917.4
-1917.67
-1917.93
-1918.19
-1918.45
-1918.71
-1918.98
-1919.24
-1919.5
-1919.76
-1920.03
-1920.29
-1920.55
-1920.81
-1921.08
-1921.34
-1921.6
-1921.86
-1922.13
-1922.39
-1922.65
-1922.91
-1923.18
-1923.44
-1923.7
-1923.97
-1924.23
-1924.49
-1924.75
-1925.02
-1925.28
-1925.54
-1925.8
-1926.07
-1926.33
-1926.59
-1926.86
-1927.12
-1927.38
-1927.65
-1927.91
-1928.17
-1928.43
-1928.7
-1928.96
-1929.22
-1929.49
-1929.75
-1930.01
-1930.28
-1930.54
-1930.8
-1931.06
-1931.33
-1931.59
-1931.85
-1932.12
-1932.38
-1932.64
-1932.91
-1933.17
-1933.43
-1933.7
-1933.96
-1934.22
-1934.49
-1934.75
-1935.01
-1935.28
-1935.54
-1935.8
-1936.07
-1936.33
-1936.59
-1936.86
-1937.12
-1937.38
-1937.65
-1937.91
-1938.17
-1938.44
-1938.7
-1938.97
-1939.23
-1939.49
-1939.76
-1940.02
-1940.28
-1940.55
-1940.81
-1941.07
-1941.34
-1941.6
-1941.87
-1942.13
-1942.39
-1942.66
-1942.92
-1943.18
-1943.45
-1943.71
-1943.98
-1944.24
-1944.5
-1944.77
-1945.03
-1945.3
-1945.56
-1945.82
-1946.09
-1946.35
-1946.62
-1946.88
-1947.14
-1947.41
-1947.67
-1947.94
-1948.2
-1948.46
-1948.73
-1948.99
-1949.26
-1949.52
-1949.79
-1950.05
-1950.31
-1950.58
-1950.84
-1951.11
-1951.37
-1951.64
-1951.9
-1952.16
-1952.43
-1952.69
-1952.96
-1953.22
-1953.49
-1953.75
-1954.02
-1954.28
-1954.54
-1954.81
-1955.07
-1955.34
-1955.6
-1955.87
-1956.13
-1956.4
-1956.66
-1956.93
-1957.19
-1957.46
-1957.72
-1957.98
-1958.25
-1958.51
-1958.78
-1959.04
-1959.31
-1959.57
-1959.84
-1960.1
-1960.37
-1960.63
-1960.9
-1961.16
-1961.43
-1961.69
-1961.96
-1962.22
-1962.49
-1962.75
-1963.02
-1963.28
-1963.55
-1963.81
-1964.08
-1964.34
-1964.61
-1964.87
-1965.14
-1965.4
-1965.67
-1965.93
-1966.2
-1966.46
-1966.73
-1966.99
-1967.26
-1967.52
-1967.79
-1968.05
-1968.32
-1968.59
-1968.85
-1969.12
-1969.38
-1969.65
-1969.91
-1970.18
-1970.44
-1970.71
-1970.97
-1971.24
-1971.51
-1971.77
-1972.04
-1972.3
-1972.57
-1972.83
-1973.1
-1973.36
-1973.63
-1973.9
-1974.16
-1974.43
-1974.69
-1974.96
-1975.22
-1975.49
-1975.75
-1976.02
-1976.29
-1976.55
-1976.82
-1977.08
-1977.35
-1977.62
-1977.88
-1978.15
-1978.41
-1978.68
-1978.94
-1979.21
-1979.48
-1979.74
-1980.01
-1980.27
-1980.54
-1980.81
-1981.07
-1981.34
-1981.6
-1981.87
-1982.14
-1982.4
-1982.67
-1982.94
-1983.2
-1983.47
-1983.73
-1984
-1984.27
-1984.53
-1984.8
-1985.07
-1985.33
-1985.6
-1985.86
-1986.13
-1986.4
-1986.66
-1986.93
-1987.2
-1987.46
-1987.73
-1987.99
-1988.26
-1988.53
-1988.79
-1989.06
-1989.33
-1989.59
-1989.86
-1990.13
-1990.39
-1990.66
-1990.93
-1991.19
-1991.46
-1991.73
-1991.99
-1992.26
-1992.53
-1992.79
-1993.06
-1993.33
-1993.59
-1993.86
-1994.13
-1994.39
-1994.66
-1994.93
-1995.19
-1995.46
-1995.73
-1995.99
-1996.26
-1996.53
-1996.8
-1997.06
-1997.33
-1997.6
-1997.86
-1998.13
-1998.4
-1998.66
-1998.93
-1999.2
-1999.47
-1999.73
-2000
-2000.27
-2000.53
-2000.8
-2001.07
-2001.34
-2001.6
-2001.87
-2002.14
-2002.4
-2002.67
-2002.94
-2003.21
-2003.47
-2003.74
-2004.01
-2004.28
-2004.54
-2004.81
-2005.08
-2005.34
-2005.61
-2005.88
-2006.15
-2006.41
-2006.68
-2006.95
-2007.22
-2007.48
-2007.75
-2008.02
-2008.29
-2008.55
-2008.82
-2009.09
-2009.36
-2009.63
-2009.89
-2010.16
-2010.43
-2010.7
-2010.96
-2011.23
-2011.5
-2011.77
-2012.03
-2012.3
-2012.57
-2012.84
-2013.11
-2013.37
-2013.64
-2013.91
-2014.18
-2014.45
-2014.71
-2014.98
-2015.25
-2015.52
-2015.78
-2016.05
-2016.32
-2016.59
-2016.86
-2017.12
-2017.39
-2017.66
-2017.93
-2018.2
-2018.47
-2018.73
-2019
-2019.27
-2019.54
-2019.81
-2020.07
-2020.34
-2020.61
-2020.88
-2021.15
-2021.42
-2021.68
-2021.95
-2022.22
-2022.49
-2022.76
-2023.03
-2023.29
-2023.56
-2023.83
-2024.1
-2024.37
-2024.64
-2024.9
-2025.17
-2025.44
-2025.71
-2025.98
-2026.25
-2026.52
-2026.78
-2027.05
-2027.32
-2027.59
-2027.86
-2028.13
-2028.4
-2028.66
-2028.93
-2029.2
-2029.47
-2029.74
-2030.01
-2030.28
-2030.55
-2030.81
-2031.08
-2031.35
-2031.62
-2031.89
-2032.16
-2032.43
-2032.7
-2032.97
-2033.23
-2033.5
-2033.77
-2034.04
-2034.31
-2034.58
-2034.85
-2035.12
-2035.39
-2035.66
-2035.92
-2036.19
-2036.46
-2036.73
-2037
-2037.27
-2037.54
-2037.81
-2038.08
-2038.35
-2038.62
-2038.89
-2039.15
-2039.42
-2039.69
-2039.96
-2040.23
-2040.5
-2040.77
-2041.04
-2041.31
-2041.58
-2041.85
-2042.12
-2042.39
-2042.66
-2042.93
-2043.19
-2043.46
-2043.73
-2044
-2044.27
-2044.54
-2044.81
-2045.08
-2045.35
-2045.62
-2045.89
-2046.16
-2046.43
-2046.7
-2046.97
-2047.24
-2047.51
-2047.78
-2048.05
-2048.32
-2048.59
-2048.86
-2049.13
-2049.4
-2049.67
-2049.94
-2050.21
-2050.48
-2050.75
-2051.02
-2051.29
-2051.56
-2051.83
-2052.09
-2052.36
-2052.63
-2052.9
-2053.17
-2053.44
-2053.71
-2053.98
-2054.25
-2054.52
-2054.8
-2055.07
-2055.34
-2055.61
-2055.88
-2056.15
-2056.42
-2056.69
-2056.96
-2057.23
-2057.5
-2057.77
-2058.04
-2058.31
-2058.58
-2058.85
-2059.12
-2059.39
-2059.66
-2059.93
-2060.2
-2060.47
-2060.74
-2061.01
-2061.28
-2061.55
-2061.82
-2062.09
-2062.36
-2062.63
-2062.9
-2063.17
-2063.44
-2063.72
-2063.99
-2064.26
-2064.53
-2064.8
-2065.07
-2065.34
-2065.61
-2065.88
-2066.15
-2066.42
-2066.69
-2066.96
-2067.23
-2067.5
-2067.78
-2068.05
-2068.32
-2068.59
-2068.86
-2069.13
-2069.4
-2069.67
-2069.94
-2070.21
-2070.48
-2070.75
-2071.03
-2071.3
-2071.57
-2071.84
-2072.11
-2072.38
-2072.65
-2072.92
-2073.19
-2073.46
-2073.74
-2074.01
-2074.28
-2074.55
-2074.82
-2075.09
-2075.36
-2075.63
-2075.9
-2076.18
-2076.45
-2076.72
-2076.99
-2077.26
-2077.53
-2077.8
-2078.07
-2078.35
-2078.62
-2078.89
-2079.16
-2079.43
-2079.7
-2079.97
-2080.24
-2080.52
-2080.79
-2081.06
-2081.33
-2081.6
-2081.87
-2082.14
-2082.42
-2082.69
-2082.96
-2083.23
-2083.5
-2083.77
-2084.05
-2084.32
-2084.59
-2084.86
-2085.13
-2085.4
-2085.68
-2085.95
-2086.22
-2086.49
-2086.76
-2087.03
-2087.31
-2087.58
-2087.85
-2088.12
-2088.39
-2088.66
-2088.94
-2089.21
-2089.48
-2089.75
-2090.02
-2090.3
-2090.57
-2090.84
-2091.11
-2091.38
-2091.66
-2091.93
-2092.2
-2092.47
-2092.74
-2093.02
-2093.29
-2093.56
-2093.83
-2094.1
-2094.38
-2094.65
-2094.92
-2095.19
-2095.46
-2095.74
-2096.01
-2096.28
-2096.55
-2096.83
-2097.1
-2097.37
-2097.64
-2097.91
-2098.19
-2098.46
-2098.73
-2099
-2099.28
-2099.55
-2099.82
-2100.09
-2100.37
-2100.64
-2100.91
-2101.18
-2101.46
-2101.73
-2102
-2102.27
-2102.55
-2102.82
-2103.09
-2103.36
-2103.64
-2103.91
-2104.18
-2104.45
-2104.73
-2105
-2105.27
-2105.54
-2105.82
-2106.09
-2106.36
-2106.63
-2106.91
-2107.18
-2107.45
-2107.73
-2108
-2108.27
-2108.54
-2108.82
-2109.09
-2109.36
-2109.64
-2109.91
-2110.18
-2110.45
-2110.73
-2111
-2111.27
-2111.55
-2111.82
-2112.09
-2112.36
-2112.64
-2112.91
-2113.18
-2113.46
-2113.73
-2114
-2114.28
-2114.55
-2114.82
-2115.1
-2115.37
-2115.64
-2115.92
-2116.19
-2116.46
-2116.73
-2117.01
-2117.28
-2117.55
-2117.83
-2118.1
-2118.37
-2118.65
-2118.92
-2119.19
-2119.47
-2119.74
-2120.01
-2120.29
-2120.56
-2120.83
-2121.11
-2121.38
-2121.65
-2121.93
-2122.2
-2122.48
-2122.75
-2123.02
-2123.3
-2123.57
-2123.84
-2124.12
-2124.39
-2124.66
-2124.94
-2125.21
-2125.48
-2125.76
-2126.03
-2126.31
-2126.58
-2126.85
-2127.13
-2127.4
-2127.67
-2127.95
-2128.22
-2128.5
-2128.77
-2129.04
-2129.32
-2129.59
-2129.86
-2130.14
-2130.41
-2130.69
-2130.96
-2131.23
-2131.51
-2131.78
-2132.06
-2132.33
-2132.6
-2132.88
-2133.15
-2133.43
-2133.7
-2133.97
-2134.25
-2134.52
-2134.8
-2135.07
-2135.34
-2135.62
-2135.89
-2136.17
-2136.44
-2136.72
-2136.99
-2137.26
-2137.54
-2137.81
-2138.09
-2138.36
-2138.64
-2138.91
-2139.18
-2139.46
-2139.73
-2140.01
-2140.28
-2140.56
-2140.83
-2141.1
-2141.38
-2141.65
-2141.93
-2142.2
-2142.48
-2142.75
-2143.03
-2143.3
-2143.57
-2143.85
-2144.12
-2144.4
-2144.67
-2144.95
-2145.22
-2145.5
-2145.77
-2146.05
-2146.32
-2146.59
-2146.87
-2147.14
-2147.42
-2147.69
-2147.97
-2148.24
-2148.52
-2148.79
-2149.07
-2149.34
-2149.62
-2149.89
-2150.17
-2150.44
-2150.72
-2150.99
-2151.27
-2151.54
-2151.82
-2152.09
-2152.37
-2152.64
-2152.92
-2153.19
-2153.46
-2153.74
-2154.01
-2154.29
-2154.56
-2154.84
-2155.12
-2155.39
-2155.67
-2155.94
-2156.22
-2156.49
-2156.77
-2157.04
-2157.32
-2157.59
-2157.87
-2158.14
-2158.42
-2158.69
-2158.97
-2159.24
-2159.52
-2159.79
-2160.07
-2160.34
-2160.62
-2160.89
-2161.17
-2161.44
-2161.72
-2162
-2162.27
-2162.55
-2162.82
-2163.1
-2163.37
-2163.65
-2163.92
-2164.2
-2164.47
-2164.75
-2165.03
-2165.3
-2165.58
-2165.85
-2166.13
-2166.4
-2166.68
-2166.95
-2167.23
-2167.51
-2167.78
-2168.06
-2168.33
-2168.61
-2168.88
-2169.16
-2169.44
-2169.71
-2169.99
-2170.26
-2170.54
-2170.81
-2171.09
-2171.37
-2171.64
-2171.92
-2172.19
-2172.47
-2172.74
-2173.02
-2173.3
-2173.57
-2173.85
-2174.12
-2174.4
-2174.68
-2174.95
-2175.23
-2175.5
-2175.78
-2176.06
-2176.33
-2176.61
-2176.88
-2177.16
-2177.44
-2177.71
-2177.99
-2178.26
-2178.54
-2178.82
-2179.09
-2179.37
-2179.65
-2179.92
-2180.2
-2180.47
-2180.75
-2181.03
-2181.3
-2181.58
-2181.86
-2182.13
-2182.41
-2182.68
-2182.96
-2183.24
-2183.51
-2183.79
-2184.07
-2184.34
-2184.62
-2184.89
-2185.17
-2185.45
-2185.72
-2186
-2186.28
-2186.55
-2186.83
-2187.11
-2187.38
-2187.66
-2187.94
-2188.21
-2188.49
-2188.77
-2189.04
-2189.32
-2189.6
-2189.87
-2190.15
-2190.43
-2190.7
-2190.98
-2191.26
-2191.53
-2191.81
-2192.09
-2192.36
-2192.64
-2192.92
-2193.19
-2193.47
-2193.75
-2194.02
-2194.3
-2194.58
-2194.85
-2195.13
-2195.41
-2195.68
-2195.96
-2196.24
-2196.52
-2196.79
-2197.07
-2197.35
-2197.62
-2197.9
-2198.18
-2198.45
-2198.73
-2199.01
-2199.28
-2199.56
-2199.84
-2200.12
-2200.39
-2200.67
-2200.95
-2201.22
-2201.5
-2201.78
-2202.06
-2202.33
-2202.61
-2202.89
-2203.16
-2203.44
-2203.72
-2204
-2204.27
-2204.55
-2204.83
-2205.11
-2205.38
-2205.66
-2205.94
-2206.21
-2206.49
-2206.77
-2207.05
-2207.32
-2207.6
-2207.88
-2208.16
-2208.43
-2208.71
-2208.99
-2209.27
-2209.54
-2209.82
-2210.1
-2210.38
-2210.65
-2210.93
-2211.21
-2211.49
-2211.76
-2212.04
-2212.32
-2212.6
-2212.87
-2213.15
-2213.43
-2213.71
-2213.99
-2214.26
-2214.54
-2214.82
-2215.1
-2215.37
-2215.65
-2215.93
-2216.21
-2216.49
-2216.76
-2217.04
-2217.32
-2217.6
-2217.87
-2218.15
-2218.43
-2218.71
-2218.99
-2219.26
-2219.54
-2219.82
-2220.1
-2220.38
-2220.65
-2220.93
-2221.21
-2221.49
-2221.77
-2222.04
-2222.32
-2222.6
-2222.88
-2223.16
-2223.43
-2223.71
-2223.99
-2224.27
-2224.55
-2224.82
-2225.1
-2225.38
-2225.66
-2225.94
-2226.22
-2226.49
-2226.77
-2227.05
-2227.33
-2227.61
-2227.88
-2228.16
-2228.44
-2228.72
-2229
-2229.28
-2229.55
-2229.83
-2230.11
-2230.39
-2230.67
-2230.95
-2231.22
-2231.5
-2231.78
-2232.06
-2232.34
-2232.62
-2232.9
-2233.17
-2233.45
-2233.73
-2234.01
-2234.29
-2234.57
-2234.85
-2235.12
-2235.4
-2235.68
-2235.96
-2236.24
-2236.52
-2236.8
-2237.07
-2237.35
-2237.63
-2237.91
-2238.19
-2238.47
-2238.75
-2239.03
-2239.3
-2239.58
-2239.86
-2240.14
-2240.42
-2240.7
-2240.98
-2241.26
-2241.53
-2241.81
-2242.09
-2242.37
-2242.65
-2242.93
-2243.21
-2243.49
-2243.77
-2244.04
-2244.32
-2244.6
-2244.88
-2245.16
-2245.44
-2245.72
-2246
-2246.28
-2246.56
-2246.83
-2247.11
-2247.39
-2247.67
-2247.95
-2248.23
-2248.51
-2248.79
-2249.07
-2249.35
-2249.63
-2249.9
-2250.18
-2250.46
-2250.74
-2251.02
-2251.3
-2251.58
-2251.86
-2252.14
-2252.42
-2252.7
-2252.98
-2253.26
-2253.54
-2253.81
-2254.09
-2254.37
-2254.65
-2254.93
-2255.21
-2255.49
-2255.77
-2256.05
-2256.33
-2256.61
-2256.89
-2257.17
-2257.45
-2257.73
-2258.01
-2258.29
-2258.56
-2258.84
-2259.12
-2259.4
-2259.68
-2259.96
-2260.24
-2260.52
-2260.8
-2261.08
-2261.36
-2261.64
-2261.92
-2262.2
-2262.48
-2262.76
-2263.04
-2263.32
-2263.6
-2263.88
-2264.16
-2264.44
-2264.72
-2265
-2265.28
-2265.56
-2265.84
-2266.12
-2266.4
-2266.68
-2266.96
-2267.24
-2267.52
-2267.8
-2268.08
-2268.36
-2268.64
-2268.92
-2269.2
-2269.48
-2269.76
-2270.04
-2270.32
-2270.6
-2270.88
-2271.16
-2271.44
-2271.72
-2272
-2272.28
-2272.56
-2272.84
-2273.12
-2273.4
-2273.68
-2273.96
-2274.24
-2274.52
-2274.8
-2275.08
-2275.36
-2275.64
-2275.92
-2276.2
-2276.48
-2276.76
-2277.04
-2277.32
-2277.6
-2277.88
-2278.16
-2278.44
-2278.72
-2279
-2279.28
-2279.56
-2279.84
-2280.12
-2280.4
-2280.68
-2280.96
-2281.24
-2281.52
-2281.8
-2282.08
-2282.37
-2282.65
-2282.93
-2283.21
-2283.49
-2283.77
-2284.05
-2284.33
-2284.61
-2284.89
-2285.17
-2285.45
-2285.73
-2286.01
-2286.29
-2286.57
-2286.85
-2287.13
-2287.42
-2287.7
-2287.98
-2288.26
-2288.54
-2288.82
-2289.1
-2289.38
-2289.66
-2289.94
-2290.22
-2290.5
-2290.78
-2291.06
-2291.35
-2291.63
-2291.91
-2292.19
-2292.47
-2292.75
-2293.03
-2293.31
-2293.59
-2293.87
-2294.15
-2294.44
-2294.72
-2295
-2295.28
-2295.56
-2295.84
-2296.12
-2296.4
-2296.68
-2296.96
-2297.24
-2297.53
-2297.81
-2298.09
-2298.37
-2298.65
-2298.93
-2299.21
-2299.49
-2299.77
-2300.06
-2300.34
-2300.62
-2300.9
-2301.18
-2301.46
-2301.74
-2302.02
-2302.31
-2302.59
-2302.87
-2303.15
-2303.43
-2303.71
-2303.99
-2304.27
-2304.56
-2304.84
-2305.12
-2305.4
-2305.68
-2305.96
-2306.24
-2306.52
-2306.81
-2307.09
-2307.37
-2307.65
-2307.93
-2308.21
-2308.49
-2308.78
-2309.06
-2309.34
-2309.62
-2309.9
-2310.18
-2310.46
-2310.75
-2311.03
-2311.31
-2311.59
-2311.87
-2312.15
-2312.44
-2312.72
-2313
-2313.28
-2313.56
-2313.84
-2314.13
-2314.41
-2314.69
-2314.97
-2315.25
-2315.53
-2315.82
-2316.1
-2316.38
-2316.66
-2316.94
-2317.22
-2317.51
-2317.79
-2318.07
-2318.35
-2318.63
-2318.91
-2319.2
-2319.48
-2319.76
-2320.04
-2320.32
-2320.61
-2320.89
-2321.17
-2321.45
-2321.73
-2322.02
-2322.3
-2322.58
-2322.86
-2323.14
-2323.43
-2323.71
-2323.99
-2324.27
-2324.55
-2324.84
-2325.12
-2325.4
-2325.68
-2325.96
-2326.25
-2326.53
-2326.81
-2327.09
-2327.37
-2327.66
-2327.94
-2328.22
-2328.5
-2328.78
-2329.07
-2329.35
-2329.63
-2329.91
-2330.2
-2330.48
-2330.76
-2331.04
-2331.32
-2331.61
-2331.89
-2332.17
-2332.45
-2332.74
-2333.02
-2333.3
-2333.58
-2333.87
-2334.15
-2334.43
-2334.71
-2335
-2335.28
-2335.56
-2335.84
-2336.12
-2336.41
-2336.69
-2336.97
-2337.25
-2337.54
-2337.82
-2338.1
-2338.38
-2338.67
-2338.95
-2339.23
-2339.51
-2339.8
-2340.08
-2340.36
-2340.64
-2340.93
-2341.21
-2341.49
-2341.78
-2342.06
-2342.34
-2342.62
-2342.91
-2343.19
-2343.47
-2343.75
-2344.04
-2344.32
-2344.6
-2344.88
-2345.17
-2345.45
-2345.73
-2346.02
-2346.3
-2346.58
-2346.86
-2347.15
-2347.43
-2347.71
-2348
-2348.28
-2348.56
-2348.84
-2349.13
-2349.41
-2349.69
-2349.98
-2350.26
-2350.54
-2350.82
-2351.11
-2351.39
-2351.67
-2351.96
-2352.24
-2352.52
-2352.81
-2353.09
-2353.37
-2353.65
-2353.94
-2354.22
-2354.5
-2354.79
-2355.07
-2355.35
-2355.64
-2355.92
-2356.2
-2356.48
-2356.77
-2357.05
-2357.33
-2357.62
-2357.9
-2358.18
-2358.47
-2358.75
-2359.03
-2359.32
-2359.6
-2359.88
-2360.17
-2360.45
-2360.73
-2361.02
-2361.3
-2361.58
-2361.87
-2362.15
-2362.43
-2362.72
-2363
-2363.28
-2363.57
-2363.85
-2364.13
-2364.42
-2364.7
-2364.98
-2365.27
-2365.55
-2365.83
-2366.12
-2366.4
-2366.68
-2366.97
-2367.25
-2367.53
-2367.82
-2368.1
-2368.38
-2368.67
-2368.95
-2369.23
-2369.52
-2369.8
-2370.09
-2370.37
-2370.65
-2370.94
-2371.22
-2371.5
-2371.79
-2372.07
-2372.35
-2372.64
-2372.92
-2373.21
-2373.49
-2373.77
-2374.06
-2374.34
-2374.62
-2374.91
-2375.19
-2375.47
-2375.76
-2376.04
-2376.33
-2376.61
-2376.89
-2377.18
-2377.46
-2377.75
-2378.03
-2378.31
-2378.6
-2378.88
-2379.16
-2379.45
-2379.73
-2380.02
-2380.3
-2380.58
-2380.87
-2381.15
-2381.44
-2381.72
-2382
-2382.29
-2382.57
-2382.86
-2383.14
-2383.42
-2383.71
-2383.99
-2384.28
-2384.56
-2384.84
-2385.13
-2385.41
-2385.7
-2385.98
-2386.26
-2386.55
-2386.83
-2387.12
-2387.4
-2387.68
-2387.97
-2388.25
-2388.54
-2388.82
-2389.1
-2389.39
-2389.67
-2389.96
-2390.24
-2390.53
-2390.81
-2391.09
-2391.38
-2391.66
-2391.95
-2392.23
-2392.52
-2392.8
-2393.08
-2393.37
-2393.65
-2393.94
-2394.22
-2394.51
-2394.79
-2395.07
-2395.36
-2395.64
-2395.93
-2396.21
-2396.5
-2396.78
-2397.06
-2397.35
-2397.63
-2397.92
-2398.2
-2398.49
-2398.77
-2399.06
-2399.34
-2399.62
-2399.91
-2400.19
-2400.48
-2400.76
-2401.05
-2401.33
-2401.62
-2401.9
-2402.19
-2402.47
-2402.75
-2403.04
-2403.32
-2403.61
-2403.89
-2404.18
-2404.46
-2404.75
-2405.03
-2405.32
-2405.6
-2405.89
-2406.17
-2406.46
-2406.74
-2407.02
-2407.31
-2407.59
-2407.88
-2408.16
-2408.45
-2408.73
-2409.02
-2409.3
-2409.59
-2409.87
-2410.16
-2410.44
-2410.73
-2411.01
-2411.3
-2411.58
-2411.87
-2412.15
-2412.44
-2412.72
-2413.01
-2413.29
-2413.57
-2413.86
-2414.14
-2414.43
-2414.71
-2415
-2415.28
-2415.57
-2415.85
-2416.14
-2416.42
-2416.71
-2416.99
-2417.28
-2417.56
-2417.85
-2418.13
-2418.42
-2418.7
-2418.99
-2419.27
-2419.56
-2419.84
-2420.13
-2420.41
-2420.7
-2420.99
-2421.27
-2421.56
-2421.84
-2422.13
-2422.41
-2422.7
-2422.98
-2423.27
-2423.55
-2423.84
-2424.12
-2424.41
-2424.69
-2424.98
-2425.26
-2425.55
-2425.83
-2426.12
-2426.4
-2426.69
-2426.97
-2427.26
-2427.54
-2427.83
-2428.12
-2428.4
-2428.69
-2428.97
-2429.26
-2429.54
-2429.83
-2430.11
-2430.4
-2430.68
-2430.97
-2431.25
-2431.54
-2431.83
-2432.11
-2432.4
-2432.68
-2432.97
-2433.25
-2433.54
-2433.82
-2434.11
-2434.39
-2434.68
-2434.97
-2435.25
-2435.54
-2435.82
-2436.11
-2436.39
-2436.68
-2436.96
-2437.25
-2437.54
-2437.82
-2438.11
-2438.39
-2438.68
-2438.96
-2439.25
-2439.53
-2439.82
-2440.11
-2440.39
-2440.68
-2440.96
-2441.25
-2441.53
-2441.82
-2442.11
-2442.39
-2442.68
-2442.96
-2443.25
-2443.53
-2443.82
-2444.11
-2444.39
-2444.68
-2444.96
-2445.25
-2445.53
-2445.82
-2446.11
-2446.39
-2446.68
-2446.96
-2447.25
-2447.54
-2447.82
-2448.11
-2448.39
-2448.68
-2448.96
-2449.25
-2449.54
-2449.82
-2450.11
-2450.39
-2450.68
-2450.97
-2451.25
-2451.54
-2451.82
-2452.11
-2452.4
-2452.68
-2452.97
-2453.25
-2453.54
-2453.83
-2454.11
-2454.4
-2454.68
-2454.97
-2455.26
-2455.54
-2455.83
-2456.11
-2456.4
-2456.69
-2456.97
-2457.26
-2457.54
-2457.83
-2458.12
-2458.4
-2458.69
-2458.97
-2459.26
-2459.55
-2459.83
-2460.12
-2460.41
-2460.69
-2460.98
-2461.26
-2461.55
-2461.84
-2462.12
-2462.41
-2462.7
-2462.98
-2463.27
-2463.55
-2463.84
-2464.13
-2464.41
-2464.7
-2464.99
-2465.27
-2465.56
-2465.84
-2466.13
-2466.42
-2466.7
-2466.99
-2467.28
-2467.56
-2467.85
-2468.14
-2468.42
-2468.71
-2468.99
-2469.28
-2469.57
-2469.85
-2470.14
-2470.43
-2470.71
-2471
-2471.29
-2471.57
-2471.86
-2472.14
-2472.43
-2472.72
-2473
-2473.29
-2473.58
-2473.86
-2474.15
-2474.44
-2474.72
-2475.01
-2475.3
-2475.58
-2475.87
-2476.16
-2476.44
-2476.73
-2477.02
-2477.3
-2477.59
-2477.88
-2478.16
-2478.45
-2478.74
-2479.02
-2479.31
-2479.6
-2479.88
-2480.17
-2480.46
-2480.74
-2481.03
-2481.32
-2481.6
-2481.89
-2482.18
-2482.46
-2482.75
-2483.04
-2483.32
-2483.61
-2483.9
-2484.18
-2484.47
-2484.76
-2485.04
-2485.33
-2485.62
-2485.9
-2486.19
-2486.48
-2486.76
-2487.05
-2487.34
-2487.62
-2487.91
-2488.2
-2488.49
-2488.77
-2489.06
-2489.35
-2489.63
-2489.92
-2490.21
-2490.49
-2490.78
-2491.07
-2491.35
-2491.64
-2491.93
-2492.21
-2492.5
-2492.79
-2493.08
-2493.36
-2493.65
-2493.94
-2494.22
-2494.51
-2494.8
-2495.08
-2495.37
-2495.66
-2495.95
-2496.23
-2496.52
-2496.81
-2497.09
-2497.38
-2497.67
-2497.96
-2498.24
-2498.53
-2498.82
-2499.1
-2499.39
-2499.68
-2499.96
-2500.25
-2500.54
-2500.83
-2501.11
-2501.4
-2501.69
-2501.97
-2502.26
-2502.55
-2502.84
-2503.12
-2503.41
-2503.7
-2503.99
-2504.27
-2504.56
-2504.85
-2505.13
-2505.42
-2505.71
-2506
-2506.28
-2506.57
-2506.86
-2507.14
-2507.43
-2507.72
-2508.01
-2508.29
-2508.58
-2508.87
-2509.16
-2509.44
-2509.73
-2510.02
-2510.31
-2510.59
-2510.88
-2511.17
-2511.45
-2511.74
-2512.03
-2512.32
-2512.6
-2512.89
-2513.18
-2513.47
-2513.75
-2514.04
-2514.33
-2514.62
-2514.9
-2515.19
-2515.48
-2515.77
-2516.05
-2516.34
-2516.63
-2516.92
-2517.2
-2517.49
-2517.78
-2518.07
-2518.35
-2518.64
-2518.93
-2519.22
-2519.5
-2519.79
-2520.08
-2520.37
-2520.65
-2520.94
-2521.23
-2521.52
-2521.8
-2522.09
-2522.38
-2522.67
-2522.95
-2523.24
-2523.53
-2523.82
-2524.1
-2524.39
-2524.68
-2524.97
-2525.26
-2525.54
-2525.83
-2526.12
-2526.41
-2526.69
-2526.98
-2527.27
-2527.56
-2527.84
-2528.13
-2528.42
-2528.71
-2529
-2529.28
-2529.57
-2529.86
-2530.15
-2530.43
-2530.72
-2531.01
-2531.3
-2531.59
-2531.87
-2532.16
-2532.45
-2532.74
-2533.02
-2533.31
-2533.6
-2533.89
-2534.18
-2534.46
-2534.75
-2535.04
-2535.33
-2535.61
-2535.9
-2536.19
-2536.48
-2536.77
-2537.05
-2537.34
-2537.63
-2537.92
-2538.21
-2538.49
-2538.78
-2539.07
-2539.36
-2539.65
-2539.93
-2540.22
-2540.51
-2540.8
-2541.09
-2541.37
-2541.66
-2541.95
-2542.24
-2542.52
-2542.81
-2543.1
-2543.39
-2543.68
-2543.96
-2544.25
-2544.54
-2544.83
-2545.12
-2545.41
-2545.69
-2545.98
-2546.27
-2546.56
-2546.85
-2547.13
-2547.42
-2547.71
-2548
-2548.29
-2548.57
-2548.86
-2549.15
-2549.44
-2549.73
-2550.01
-2550.3
-2550.59
-2550.88
-2551.17
-2551.46
-2551.74
-2552.03
-2552.32
-2552.61
-2552.9
-2553.18
-2553.47
-2553.76
-2554.05
-2554.34
-2554.63
-2554.91
-2555.2
-2555.49
-2555.78
-2556.07
-2556.35
-2556.64
-2556.93
-2557.22
-2557.51
-2557.8
-2558.08
-2558.37
-2558.66
-2558.95
-2559.24
-2559.53
-2559.81
-2560.1
-2560.39
-2560.68
-2560.97
-2561.26
-2561.54
-2561.83
-2562.12
-2562.41
-2562.7
-2562.99
-2563.27
-2563.56
-2563.85
-2564.14
-2564.43
-2564.72
-2565
-2565.29
-2565.58
-2565.87
-2566.16
-2566.45
-2566.73
-2567.02
-2567.31
-2567.6
-2567.89
-2568.18
-2568.46
-2568.75
-2569.04
-2569.33
-2569.62
-2569.91
-2570.2
-2570.48
-2570.77
-2571.06
-2571.35
-2571.64
-2571.93
-2572.22
-2572.5
-2572.79
-2573.08
-2573.37
-2573.66
-2573.95
-2574.23
-2574.52
-2574.81
-2575.1
-2575.39
-2575.68
-2575.97
-2576.25
-2576.54
-2576.83
-2577.12
-2577.41
-2577.7
-2577.99
-2578.27
-2578.56
-2578.85
-2579.14
-2579.43
-2579.72
-2580.01
-2580.3
-2580.58
-2580.87
-2581.16
-2581.45
-2581.74
-2582.03
-2582.32
-2582.6
-2582.89
-2583.18
-2583.47
-2583.76
-2584.05
-2584.34
-2584.62
-2584.91
-2585.2
-2585.49
-2585.78
-2586.07
-2586.36
-2586.65
-2586.93
-2587.22
-2587.51
-2587.8
-2588.09
-2588.38
-2588.67
-2588.96
-2589.24
-2589.53
-2589.82
-2590.11
-2590.4
-2590.69
-2590.98
-2591.27
-2591.55
-2591.84
-2592.13
-2592.42
-2592.71
-2593
-2593.29
-2593.58
-2593.87
-2594.15
-2594.44
-2594.73
-2595.02
-2595.31
-2595.6
-2595.89
-2596.18
-2596.46
-2596.75
-2597.04
-2597.33
-2597.62
-2597.91
-2598.2
-2598.49
-2598.78
-2599.06
-2599.35
-2599.64
-2599.93
-2600.22
-2600.51
-2600.8
-2601.09
-2601.38
-2601.67
-2601.95
-2602.24
-2602.53
-2602.82
-2603.11
-2603.4
-2603.69
-2603.98
-2604.27
-2604.55
-2604.84
-2605.13
-2605.42
-2605.71
-2606
-2606.29
-2606.58
-2606.87
-2607.16
-2607.44
-2607.73
-2608.02
-2608.31
-2608.6
-2608.89
-2609.18
-2609.47
-2609.76
-2610.05
-2610.33
-2610.62
-2610.91
-2611.2
-2611.49
-2611.78
-2612.07
-2612.36
-2612.65
-2612.94
-2613.23
-2613.51
-2613.8
-2614.09
-2614.38
-2614.67
-2614.96
-2615.25
-2615.54
-2615.83
-2616.12
-2616.41
-2616.69
-2616.98
-2617.27
-2617.56
-2617.85
-2618.14
-2618.43
-2618.72
-2619.01
-2619.3
-2619.59
-2619.87
-2620.16
-2620.45
-2620.74
-2621.03
-2621.32
-2621.61
-2621.9
-2622.19
-2622.48
-2622.77
-2623.06
-2623.34
-2623.63
-2623.92
-2624.21
-2624.5
-2624.79
-2625.08
-2625.37
-2625.66
-2625.95
-2626.24
-2626.53
-2626.82
-2627.1
-2627.39
-2627.68
-2627.97
-2628.26
-2628.55
-2628.84
-2629.13
-2629.42
-2629.71
-2630
-2630.29
-2630.58
-2630.86
-2631.15
-2631.44
-2631.73
-2632.02
-2632.31
-2632.6
-2632.89
-2633.18
-2633.47
-2633.76
-2634.05
-2634.34
-2634.62
-2634.91
-2635.2
-2635.49
-2635.78
-2636.07
-2636.36
-2636.65
-2636.94
-2637.23
-2637.52
-2637.81
-2638.1
-2638.39
-2638.68
-2638.96
-2639.25
-2639.54
-2639.83
-2640.12
-2640.41
-2640.7
-2640.99
-2641.28
-2641.57
-2641.86
-2642.15
-2642.44
-2642.73
-2643.02
-2643.3
-2643.59
-2643.88
-2644.17
-2644.46
-2644.75
-2645.04
-2645.33
-2645.62
-2645.91
-2646.2
-2646.49
-2646.78
-2647.07
-2647.36
-2647.65
-2647.93
-2648.22
-2648.51
-2648.8
-2649.09
-2649.38
-2649.67
-2649.96
-2650.25
-2650.54
-2650.83
-2651.12
-2651.41
-2651.7
-2651.99
-2652.28
-2652.56
-2652.85
-2653.14
-2653.43
-2653.72
-2654.01
-2654.3
-2654.59
-2654.88
-2655.17
-2655.46
-2655.75
-2656.04
-2656.33
-2656.62
-2656.9
-2657.19
-2657.48
-2657.77
-2658.06
-2658.35
-2658.64
-2658.93
-2659.22
-2659.51
-2659.8
-2660.09
-2660.38
-2660.67
-2660.96
-2661.24
-2661.53
-2661.82
-2662.11
-2662.4
-2662.69
-2662.98
-2663.27
-2663.56
-2663.84
-2664.13
