-163.69
-164.791
-165.893
-166.994
-168.095
-169.196
-170.297
-171.398
-172.499
-173.6
-174.701
-175.802
-176.903
-178.004
-179.105
-180.205
-181.306
-182.407
-183.508
-184.608
-185.709
-186.81
-187.91
-189.011
-190.111
-191.212
-192.312
-193.413
-194.513
-195.613
-196.714
-197.814
-198.914
-200.015
-201.115
-202.215
-203.315
-204.415
-205.515
-206.615
-207.715
-208.815
-209.915
-211.015
-212.115
-213.215
-214.315
-215.415
-216.515
-217.614
-218.714
-219.814
-220.913
-222.013
-223.113
-224.212
-225.312
-226.411
-227.511
-228.61
-229.709
-230.809
-231.908
-233.007
-234.107
-235.206
-236.305
-237.404
-238.504
-239.603
-240.702
-241.801
-242.9
-243.999
-245.098
-246.197
-247.296
-248.395
-249.493
-250.592
-251.691
-252.79
-253.888
-254.987
-256.086
-257.184
-258.283
-259.382
-260.48
-261.579
-262.677
-263.776
-264.874
-265.972
-267.071
-268.169
-269.267
-270.366
-271.464
-272.562
-273.66
-274.758
-275.856
-276.954
-278.052
-279.15
-280.248
-281.346
-282.444
-283.542
-284.64
-285.738
-286.836
-287.933
-289.031
-290.129
-291.226
-292.324
-293.422
-294.519
-295.617
-296.714
-297.812
-298.909
-300.007
-301.104
-302.201
-303.299
-304.396
-305.493
-306.59
-307.688
-308.785
-309.882
-310.979
-312.076
-313.173
-314.27
-315.367
-316.464
-317.561
-318.658
-319.755
-320.851
-321.948
-323.045
-324.142
-325.238
-326.335
-327.432
-328.528
-329.625
-330.721
-331.818
-332.914
-334.011
-335.107
-336.204
-337.3
-338.396
-339.493
-340.589
-341.685
-342.781
-343.877
-344.974
-346.07
-347.166
-348.262
-349.358
-350.454
-351.55
-352.646
-353.741
-354.837
-355.933
-357.029
-358.125
-359.22
-360.316
-361.412
-362.507
-363.603
-364.699
-365.794
-366.89
-367.985
-369.081
-370.176
-371.271
-372.367
-373.462
-374.557
-375.653
-376.748
-377.843
-378.938
-380.033
-381.128
-382.223
-383.318
-384.413
-385.508
-386.603
-387.698
-388.793
-389.888
-390.983
-392.078
-393.172
-394.267
-395.362
-396.457
-397.551
-398.646
-399.74
-400.835
-401.929
-403.024
-404.118
-405.213
-406.307
-407.401
-408.496
-409.59
-410.684
-411.779
-412.873
-413.967
-415.061
-416.155
-417.249
-418.343
-419.437
-420.531
-421.625
-422.719
-423.813
-424.907
-426.001
-427.094
-428.188
-429.282
-430.376
-431.469
-432.563
-433.657
-434.75
-435.844
-436.937
-438.031
-439.124
-440.217
-441.311
-442.404
-443.498
-444.591
-445.684
-446.777
-447.87
-448.964
-450.057
-451.15
-452.243
-453.336
-454.429
-455.522
-456.615
-457.708
-458.801
-459.894
-460.986
-462.079
-463.172
-464.265
-465.357
-466.45
-467.543
-468.635
-469.728
-470.82
-471.913
-473.005
-474.098
-475.19
-476.283
-477.375
-478.467
-479.56
-480.652
-481.744
-482.836
-483.928
-485.021
-486.113
-487.205
-488.297
-489.389
-490.481
-491.573
-492.665
-493.756
-494.848
-495.94
-497.032
-498.124
-499.215
-500.307
-501.399
-502.49
-503.582
-504.674
-505.765
-506.857
-507.948
-509.04
-510.131
-511.222
-512.314
-513.405
-514.496
-515.588
-516.679
-517.77
-518.861
-519.952
-521.043
-522.134
-523.225
-524.316
-525.407
-526.498
-527.589
-528.68
-529.771
-530.862
-531.953
-533.043
-534.134
-535.225
-536.315
-537.406
-538.497
-539.587
-540.678
-541.768
-542.859
-543.949
-545.04
-546.13
-547.22
-548.311
-549.401
-550.491
-551.581
-552.672
-553.762
-554.852
-555.942
-557.032
-558.122
-559.212
-560.302
-561.392
-562.482
-563.572
-564.662
-565.752
-566.841
-567.931
-569.021
-570.11
-571.2
-572.29
-573.379
-574.469
-575.558
-576.648
-577.737
-578.827
-579.916
-581.006
-582.095
-583.184
-584.274
-585.363
-586.452
-587.541
-588.63
-589.72
-590.809
-591.898
-592.987
-594.076
-595.165
-596.254
-597.343
-598.431
-599.52
-600.609
-601.698
-602.787
-603.875
-604.964
-606.053
-607.141
-608.23
-609.318
-610.407
-611.495
-612.584
-613.672
-614.761
-615.849
-616.938
-618.026
-619.114
-620.202
-621.291
-622.379
-623.467
-624.555
-625.643
-626.731
-627.819
-628.907
-629.995
-631.083
-632.171
-633.259
-634.347
-635.435
-636.522
-637.61
-638.698
-639.785
-640.873
-641.961
-643.048
-644.136
-645.223
-646.311
-647.398
-648.486
-649.573
-650.661
-651.748
-652.835
-653.922
-655.01
-656.097
-657.184
-658.271
-659.358
-660.445
-661.533
-662.62
-663.707
-664.794
-665.88
-666.967
-668.054
-669.141
-670.228
-671.315
-672.401
-673.488
-674.575
-675.661
-676.748
-677.835
-678.921
-680.008
-681.094
-682.181
-683.267
-684.353
-685.44
-686.526
-687.612
-688.699
-689.785
-690.871
-691.957
-693.044
-694.13
-695.216
-696.302
-697.388
-698.474
-699.56
-700.646
-701.732
-702.817
-703.903
-704.989
-706.075
-707.161
-708.246
-709.332
-710.418
-711.503
-712.589
-713.674
-714.76
-715.845
-716.931
-718.016
-719.102
-720.187
-721.272
-722.358
-723.443
-724.528
-725.613
-726.698
-727.784
-728.869
-729.954
-731.039
-732.124
-733.209
-734.294
-735.379
-736.464
-737.548
-738.633
-739.718
-740.803
-741.888
-742.972
-744.057
-745.142
-746.226
-747.311
-748.395
-749.48
-750.564
-751.649
-752.733
-753.818
-754.902
-755.986
-757.07
-758.155
-759.239
-760.323
-761.407
-762.491
-763.576
-764.66
-765.744
-766.828
-767.912
-768.996
-770.08
-771.163
-772.247
-773.331
-774.415
-775.499
-776.582
-777.666
-778.75
-779.833
-780.917
-782.001
-783.084
-784.168
-785.251
-786.334
-787.418
-788.501
-789.585
-790.668
-791.751
-792.834
-793.918
-795.001
-796.084
-797.167
-798.25
-799.333
-800.416
-801.499
-802.582
-803.665
-804.748
-805.831
-806.914
-807.997
-809.079
-810.162
-811.245
-812.328
-813.41
-814.493
-815.576
-816.658
-817.741
-818.823
-819.906
-820.988
-822.07
-823.153
-824.235
-825.317
-826.4
-827.482
-828.564
-829.646
-830.728
-831.811
-832.893
-833.975
-835.057
-836.139
-837.221
-838.303
-839.385
-840.466
-841.548
-842.63
-843.712
-844.794
-845.875
-846.957
-848.039
-849.12
-850.202
-851.283
-852.365
-853.446
-854.528
-855.609
-856.691
-857.772
-858.853
-859.935
-861.016
-862.097
-863.178
-864.26
-865.341
-866.422
-867.503
-868.584
-869.665
-870.746
-871.827
-872.908
-873.989
-875.07
-876.15
-877.231
-878.312
-879.393
-880.473
-881.554
-882.635
-883.715
-884.796
-885.876
-886.957
-888.037
-889.118
-890.198
-891.279
-892.359
-893.439
-894.52
-895.6
-896.68
-897.76
-898.84
-899.921
-901.001
-902.081
-903.161
-904.241
-905.321
-906.401
-907.481
-908.561
-909.64
-910.72
-911.8
-912.88
-913.96
-915.039
-916.119
-917.198
-918.278
-919.358
-920.437
-921.517
-922.596
-923.676
-924.755
-925.834
-926.914
-927.993
-929.072
-930.152
-931.231
-932.31
-933.389
-934.468
-935.547
-936.626
-937.705
-938.784
-939.863
-940.942
-942.021
-943.1
-944.179
-945.258
-946.337
-947.415
-948.494
-949.573
-950.651
-951.73
-952.809
-953.887
-954.966
-956.044
-957.123
-958.201
-959.279
-960.358
-961.436
-962.514
-963.593
-964.671
-965.749
-966.827
-967.905
-968.984
-970.062
-971.14
-972.218
-973.296
-974.374
-975.452
-976.53
-977.607
-978.685
-979.763
-980.841
-981.919
-982.996
-984.074
-985.152
-986.229
-987.307
-988.384
-989.462
-990.539
-991.617
-992.694
-993.772
-994.849
-995.926
-997.003
-998.081
-999.158
-1000.24
-1001.31
-1002.39
-1003.47
-1004.54
-1005.62
-1006.7
-1007.77
-1008.85
-1009.93
-1011.01
-1012.08
-1013.16
-1014.24
-1015.31
-1016.39
-1017.47
-1018.54
-1019.62
-1020.7
-1021.77
-1022.85
-1023.93
-1025
-1026.08
-1027.15
-1028.23
-1029.31
-1030.38
-1031.46
-1032.54
-1033.61
-1034.69
-1035.76
-1036.84
-1037.92
-1038.99
-1040.07
-1041.15
-1042.22
-1043.3
-1044.37
-1045.45
-1046.52
-1047.6
-1048.68
-1049.75
-1050.83
-1051.9
-1052.98
-1054.05
-1055.13
-1056.21
-1057.28
-1058.36
-1059.43
-1060.51
-1061.58
-1062.66
-1063.73
-1064.81
-1065.88
-1066.96
-1068.03
-1069.11
-1070.19
-1071.26
-1072.34
-1073.41
-1074.49
-1075.56
-1076.64
-1077.71
-1078.79
-1079.86
-1080.93
-1082.01
-1083.08
-1084.16
-1085.23
-1086.31
-1087.38
-1088.46
-1089.53
-1090.61
-1091.68
-1092.76
-1093.83
-1094.9
-1095.98
-1097.05
-1098.13
-1099.2
-1100.28
-1101.35
-1102.42
-1103.5
-1104.57
-1105.65
-1106.72
-1107.8
-1108.87
-1109.94
-1111.02
-1112.09
-1113.17
-1114.24
-1115.31
-1116.39
-1117.46
-1118.53
-1119.61
-1120.68
-1121.75
-1122.83
-1123.9
-1124.98
-1126.05
-1127.12
-1128.2
-1129.27
-1130.34
-1131.42
-1132.49
-1133.56
-1134.64
-1135.71
-1136.78
-1137.86
-1138.93
-1140
-1141.07
-1142.15
-1143.22
-1144.29
-1145.37
-1146.44
-1147.51
-1148.59
-1149.66
-1150.73
-1151.8
-1152.88
-1153.95
-1155.02
-1156.09
-1157.17
-1158.24
-1159.31
-1160.38
-1161.46
-1162.53
-1163.6
-1164.67
-1165.75
-1166.82
-1167.89
-1168.96
-1170.04
-1171.11
-1172.18
-1173.25
-1174.32
-1175.4
-1176.47
-1177.54
-1178.61
-1179.68
-1180.76
-1181.83
-1182.9
-1183.97
-1185.04
-1186.11
-1187.19
-1188.26
-1189.33
-1190.4
-1191.47
-1192.54
-1193.62
-1194.69
-1195.76
-1196.83
-1197.9
-1198.97
-1200.04
-1201.12
-1202.19
-1203.26
-1204.33
-1205.4
-1206.47
-1207.54
-1208.61
-1209.68
-1210.76
-1211.83
-1212.9
-1213.97
-1215.04
-1216.11
-1217.18
-1218.25
-1219.32
-1220.39
-1221.46
-1222.53
-1223.6
-1224.68
-1225.75
-1226.82
-1227.89
-1228.96
-1230.03
-1231.1
-1232.17
-1233.24
-1234.31
-1235.38
-1236.45
-1237.52
-1238.59
-1239.66
-1240.73
-1241.8
-1242.87
-1243.94
-1245.01
-1246.08
-1247.15
-1248.22
-1249.29
-1250.36
-1251.43
-1252.5
-1253.57
-1254.64
-1255.71
-1256.78
-1257.85
-1258.92
-1259.99
-1261.06
-1262.13
-1263.19
-1264.26
-1265.33
-1266.4
-1267.47
-1268.54
-1269.61
-1270.68
-1271.75
-1272.82
-1273.89
-1274.96
-1276.03
-1277.09
-1278.16
-1279.23
-1280.3
-1281.37
-1282.44
-1283.51
-1284.58
-1285.65
-1286.71
-1287.78
-1288.85
-1289.92
-1290.99
-1292.06
-1293.13
-1294.19
-1295.26
-1296.33
-1297.4
-1298.47
-1299.54
-1300.6
-1301.67
-1302.74
-1303.81
-1304.88
-1305.95
-1307.01
-1308.08
-1309.15
-1310.22
-1311.29
-1312.35
-1313.42
-1314.49
-1315.56
-1316.63
-1317.69
-1318.76
-1319.83
-1320.9
-1321.96
-1323.03
-1324.1
-1325.17
-1326.24
-1327.3
-1328.37
-1329.44
-1330.5
-1331.57
-1332.64
-1333.71
-1334.77
-1335.84
-1336.91
-1337.98
-1339.04
-1340.11
-1341.18
-1342.24
-1343.31
-1344.38
-1345.45
-1346.51
-1347.58
-1348.65
-1349.71
-1350.78
-1351.85
-1352.91
-1353.98
-1355.05
-1356.11
-1357.18
-1358.25
-1359.31
-1360.38
-1361.45
-1362.51
-1363.58
-1364.65
-1365.71
-1366.78
-1367.85
-1368.91
-1369.98
-1371.04
-1372.11
-1373.18
-1374.24
-1375.31
-1376.37
-1377.44
-1378.51
-1379.57
-1380.64
-1381.7
-1382.77
-1383.84
-1384.9
-1385.97
-1387.03
-1388.1
-1389.16
-1390.23
-1391.3
-1392.36
-1393.43
-1394.49
-1395.56
-1396.62
-1397.69
-1398.75
-1399.82
-1400.89
-1401.95
-1403.02
-1404.08
-1405.15
-1406.21
-1407.28
-1408.34
-1409.41
-1410.47
-1411.54
-1412.6
-1413.67
-1414.73
-1415.8
-1416.86
-1417.93
-1418.99
-1420.06
-1421.12
-1422.18
-1423.25
-1424.31
-1425.38
-1426.44
-1427.51
-1428.57
-1429.64
-1430.7
-1431.77
-1432.83
-1433.89
-1434.96
-1436.02
-1437.09
-1438.15
-1439.22
-1440.28
-1441.34
-1442.41
-1443.47
-1444.54
-1445.6
-1446.66
-1447.73
-1448.79
-1449.86
-1450.92
-1451.98
-1453.05
-1454.11
-1455.17
-1456.24
-1457.3
-1458.37
-1459.43
-1460.49
-1461.56
-1462.62
-1463.68
-1464.75
-1465.81
-1466.87
-1467.94
-1469
-1470.06
-1471.13
-1472.19
-1473.25
-1474.32
-1475.38
-1476.44
-1477.5
-1478.57
-1479.63
-1480.69
-1481.76
-1482.82
-1483.88
-1484.95
-1486.01
-1487.07
-1488.13
-1489.2
-1490.26
-1491.32
-1492.38
-1493.45
-1494.51
-1495.57
-1496.63
-1497.7
-1498.76
-1499.82
-1500.88
-1501.95
-1503.01
-1504.07
-1505.13
-1506.19
-1507.26
-1508.32
-1509.38
-1510.44
-1511.51
-1512.57
-1513.63
-1514.69
-1515.75
-1516.81
-1517.88
-1518.94
-1520
-1521.06
-1522.12
-1523.19
-1524.25
-1525.31
-1526.37
-1527.43
-1528.49
-1529.55
-1530.62
-1531.68
-1532.74
-1533.8
-1534.86
-1535.92
-1536.98
-1538.04
-1539.11
-1540.17
-1541.23
-1542.29
-1543.35
-1544.41
-1545.47
-1546.53
-1547.59
-1548.66
-1549.72
-1550.78
-1551.84
-1552.9
-1553.96
-1555.02
-1556.08
-1557.14
-1558.2
-1559.26
-1560.32
-1561.38
-1562.44
-1563.5
-1564.56
-1565.63
-1566.69
-1567.75
-1568.81
-1569.87
-1570.93
-1571.99
-1573.05
-1574.11
-1575.17
-1576.23
-1577.29
-1578.35
-1579.41
-1580.47
-1581.53
-1582.59
-1583.65
-1584.71
-1585.77
-1586.83
-1587.89
-1588.95
-1590.01
-1591.06
-1592.12
-1593.18
-1594.24
-1595.3
-1596.36
-1597.42
-1598.48
-1599.54
-1600.6
-1601.66
-1602.72
-1603.78
-1604.84
-1605.9
-1606.96
-1608.01
-1609.07
-1610.13
-1611.19
-1612.25
-1613.31
-1614.37
-1615.43
-1616.49
-1617.54
-1618.6
-1619.66
-1620.72
-1621.78
-1622.84
-1623.9
-1624.96
-1626.01
-1627.07
-1628.13
-1629.19
-1630.25
-1631.31
-1632.36
-1633.42
-1634.48
-1635.54
-1636.6
-1637.66
-1638.71
-1639.77
-1640.83
-1641.89
-1642.95
-1644
-1645.06
-1646.12
-1647.18
-1648.24
-1649.29
-1650.35
-1651.41
-1652.47
-1653.53
-1654.58
-1655.64
-1656.7
-1657.76
-1658.81
-1659.87
-1660.93
-1661.99
-1663.04
-1664.1
-1665.16
-1666.22
-1667.27
-1668.33
-1669.39
-1670.44
-1671.5
-1672.56
-1673.62
-1674.67
-1675.73
-1676.79
-1677.84
-1678.9
-1679.96
-1681.01
-1682.07
-1683.13
-1684.19
-1685.24
-1686.3
-1687.36
-1688.41
-1689.47
-1690.53
-1691.58
-1692.64
-1693.69
-1694.75
-1695.81
-1696.86
-1697.92
-1698.98
-1700.03
-1701.09
-1702.15
-1703.2
-1704.26
-1705.31
-1706.37
-1707.43
-1708.48
-1709.54
-1710.59
-1711.65
-1712.71
-1713.76
-1714.82
-1715.87
-1716.93
-1717.99
-1719.04
-1720.1
-1721.15
-1722.21
-1723.26
-1724.32
-1725.37
-1726.43
-1727.49
-1728.54
-1729.6
-1730.65
-1731.71
-1732.76
-1733.82
-1734.87
-1735.93
-1736.98
-1738.04
-1739.09
-1740.15
-1741.2
-1742.26
-1743.31
-1744.37
-1745.42
-1746.48
-1747.53
-1748.59
-1749.64
-1750.7
-1751.75
-1752.81
-1753.86
-1754.92
-1755.97
-1757.03
-1758.08
-1759.14
-1760.19
-1761.24
-1762.3
-1763.35
-1764.41
-1765.46
-1766.52
-1767.57
-1768.62
-1769.68
-1770.73
-1771.79
-1772.84
-1773.89
-1774.95
-1776
-1777.06
-1778.11
-1779.16
-1780.22
-1781.27
-1782.33
-1783.38
-1784.43
-1785.49
-1786.54
-1787.59
-1788.65
-1789.7
-1790.76
-1791.81
-1792.86
-1793.92
-1794.97
-1796.02
-1797.08
-1798.13
-1799.18
-1800.24
-1801.29
-1802.34
-1803.4
-1804.45
-1805.5
-1806.55
-1807.61
-1808.66
-1809.71
-1810.77
-1811.82
-1812.87
-1813.93
-1814.98
-1816.03
-1817.08
-1818.14
-1819.19
-1820.24
-1821.29
-1822.35
-1823.4
-1824.45
-1825.5
-1826.56
-1827.61
-1828.66
-1829.71
-1830.77
-1831.82
-1832.87
-1833.92
-1834.98
-1836.03
-1837.08
-1838.13
-1839.18
-1840.24
-1841.29
-1842.34
-1843.39
-1844.44
-1845.5
-1846.55
-1847.6
-1848.65
-1849.7
-1850.75
-1851.81
-1852.86
-1853.91
-1854.96
-1856.01
-1857.06
-1858.12
-1859.17
-1860.22
-1861.27
-1862.32
-1863.37
-1864.42
-1865.48
-1866.53
-1867.58
-1868.63
-1869.68
-1870.73
-1871.78
-1872.83
-1873.88
-1874.93
-1875.99
-1877.04
-1878.09
-1879.14
-1880.19
-1881.24
-1882.29
-1883.34
-1884.39
-1885.44
-1886.49
-1887.54
-1888.59
-1889.65
-1890.7
-1891.75
-1892.8
-1893.85
-1894.9
-1895.95
-1897
-1898.05
-1899.1
-1900.15
-1901.2
-1902.25
-1903.3
-1904.35
-1905.4
-1906.45
-1907.5
-1908.55
-1909.6
-1910.65
-1911.7
-1912.75
-1913.8
-1914.85
-1915.9
-1916.95
-1918
-1919.05
-1920.1
-1921.15
-1922.2
-1923.24
-1924.29
-1925.34
-1926.39
-1927.44
-1928.49
-1929.54
-1930.59
-1931.64
-1932.69
-1933.74
-1934.79
-1935.84
-1936.89
-1937.93
-1938.98
-1940.03
-1941.08
-1942.13
-1943.18
-1944.23
-1945.28
-1946.33
-1947.37
-1948.42
-1949.47
-1950.52
-1951.57
-1952.62
-1953.67
-1954.71
-1955.76
-1956.81
-1957.86
-1958.91
-1959.96
-1961
-1962.05
-1963.1
-1964.15
-1965.2
-1966.25
-1967.29
-1968.34
-1969.39
-1970.44
-1971.49
-1972.53
-1973.58
-1974.63
-1975.68
-1976.73
-1977.77
-1978.82
-1979.87
-1980.92
-1981.96
-1983.01
-1984.06
-1985.11
-1986.15
-1987.2
-1988.25
-1989.3
-1990.34
-1991.39
-1992.44
-1993.49
-1994.53
-1995.58
-1996.63
-1997.68
-1998.72
-1999.77
-2000.82
-2001.86
-2002.91
-2003.96
-2005.01
-2006.05
-2007.1
-2008.15
-2009.19
-2010.24
-2011.29
-2012.33
-2013.38
-2014.43
-2015.47
-2016.52
-2017.57
-2018.61
-2019.66
-2020.71
-2021.75
-2022.8
-2023.85
-2024.89
-2025.94
-2026.98
-2028.03
-2029.08
-2030.12
-2031.17
-2032.22
-2033.26
-2034.31
-2035.35
-2036.4
-2037.45
-2038.49
-2039.54
-2040.58
-2041.63
-2042.67
-2043.72
-2044.77
-2045.81
-2046.86
-2047.9
-2048.95
-2049.99
-2051.04
-2052.09
-2053.13
-2054.18
-2055.22
-2056.27
-2057.31
-2058.36
-2059.4
-2060.45
-2061.49
-2062.54
-2063.58
-2064.63
-2065.67
-2066.72
-2067.76
-2068.81
-2069.85
-2070.9
-2071.94
-2072.99
-2074.03
-2075.08
-2076.12
-2077.17
-2078.21
-2079.26
-2080.3
-2081.35
-2082.39
-2083.44
-2084.48
-2085.52
-2086.57
-2087.61
-2088.66
-2089.7
-2090.75
-2091.79
-2092.84
-2093.88
-2094.92
-2095.97
-2097.01
-2098.06
-2099.1
-2100.14
-2101.19
-2102.23
-2103.28
-2104.32
-2105.36
-2106.41
-2107.45
-2108.49
-2109.54
-2110.58
-2111.63
-2112.67
-2113.71
-2114.76
-2115.8
-2116.84
-2117.89
-2118.93
-2119.97
-2121.02
-2122.06
-2123.1
-2124.15
-2125.19
-2126.23
-2127.28
-2128.32
-2129.36
-2130.41
-2131.45
-2132.49
-2133.54
-2134.58
-2135.62
-2136.66
-2137.71
-2138.75
-2139.79
-2140.84
-2141.88
-2142.92
-2143.96
-2145.01
-2146.05
-2147.09
-2148.13
-2149.18
-2150.22
-2151.26
-2152.3
-2153.35
-2154.39
-2155.43
-2156.47
-2157.52
-2158.56
-2159.6
-2160.64
-2161.68
-2162.73
-2163.77
-2164.81
-2165.85
-2166.89
-2167.94
-2168.98
-2170.02
-2171.06
-2172.1
-2173.14
-2174.19
-2175.23
-2176.27
-2177.31
-2178.35
-2179.39
-2180.44
-2181.48
-2182.52
-2183.56
-2184.6
-2185.64
-2186.68
-2187.73
-2188.77
-2189.81
-2190.85
-2191.89
-2192.93
-2193.97
-2195.01
-2196.05
-2197.1
-2198.14
-2199.18
-2200.22
-2201.26
-2202.3
-2203.34
-2204.38
-2205.42
-2206.46
-2207.5
-2208.54
-2209.59
-2210.63
-2211.67
-2212.71
-2213.75
-2214.79
-2215.83
-2216.87
-2217.91
-2218.95
-2219.99
-2221.03
-2222.07
-2223.11
-2224.15
-2225.19
-2226.23
-2227.27
-2228.31
-2229.35
-2230.39
-2231.43
-2232.47
-2233.51
-2234.55
-2235.59
-2236.63
-2237.67
-2238.71
-2239.75
-2240.79
-2241.83
-2242.87
-2243.91
-2244.95
-2245.99
-2247.03
-2248.07
-2249.1
-2250.14
-2251.18
-2252.22
-2253.26
-2254.3
-2255.34
-2256.38
-2257.42
-2258.46
-2259.5
-2260.54
-2261.57
-2262.61
-2263.65
-2264.69
-2265.73
-2266.77
-2267.81
-2268.85
-2269.89
-2270.92
-2271.96
-2273
-2274.04
-2275.08
-2276.12
-2277.16
-2278.19
-2279.23
-2280.27
-2281.31
-2282.35
-2283.39
-2284.42
-2285.46
-2286.5
-2287.54
-2288.58
-2289.61
-2290.65
-2291.69
-2292.73
-2293.77
-2294.8
-2295.84
-2296.88
-2297.92
-2298.96
-2299.99
-2301.03
-2302.07
-2303.11
-2304.14
-2305.18
-2306.22
-2307.26
-2308.3
-2309.33
-2310.37
-2311.41
-2312.44
-2313.48
-2314.52
-2315.56
-2316.59
-2317.63
-2318.67
-2319.71
-2320.74
-2321.78
-2322.82
-2323.85
-2324.89
-2325.93
-2326.96
-2328
-2329.04
-2330.08
-2331.11
-2332.15
-2333.19
-2334.22
-2335.26
-2336.3
-2337.33
-2338.37
-2339.41
-2340.44
-2341.48
-2342.52
-2343.55
-2344.59
-2345.62
-2346.66
-2347.7
-2348.73
-2349.77
-2350.81
-2351.84
-2352.88
-2353.91
-2354.95
-2355.99
-2357.02
-2358.06
-2359.09
-2360.13
-2361.17
-2362.2
-2363.24
-2364.27
-2365.31
-2366.34
-2367.38
-2368.42
-2369.45
-2370.49
-2371.52
-2372.56
-2373.59
-2374.63
-2375.66
-2376.7
-2377.73
-2378.77
-2379.81
-2380.84
-2381.88
-2382.91
-2383.95
-2384.98
-2386.02
-2387.05
-2388.09
-2389.12
-2390.16
-2391.19
-2392.23
-2393.26
-2394.3
-2395.33
-2396.37
-2397.4
-2398.43
-2399.47
-2400.5
-2401.54
-2402.57
-2403.61
-2404.64
-2405.68
-2406.71
-2407.75
-2408.78
-2409.81
-2410.85
-2411.88
-2412.92
-2413.95
-2414.98
-2416.02
-2417.05
-2418.09
-2419.12
-2420.16
-2421.19
-2422.22
-2423.26
-2424.29
-2425.32
-2426.36
-2427.39
-2428.43
-2429.46
-2430.49
-2431.53
-2432.56
-2433.59
-2434.63
-2435.66
-2436.69
-2437.73
-2438.76
-2439.79
-2440.83
-2441.86
-2442.89
-2443.93
-2444.96
-2445.99
-2447.03
-2448.06
-2449.09
-2450.13
-2451.16
-2452.19
-2453.23
-2454.26
-2455.29
-2456.32
-2457.36
-2458.39
-2459.42
-2460.46
-2461.49
-2462.52
-2463.55
-2464.59
-2465.62
-2466.65
-2467.68
-2468.72
-2469.75
-2470.78
-2471.81
-2472.85
-2473.88
-2474.91
-2475.94
-2476.97
-2478.01
-2479.04
-2480.07
-2481.1
-2482.13
-2483.17
-2484.2
-2485.23
-2486.26
-2487.29
-2488.33
-2489.36
-2490.39
-2491.42
-2492.45
-2493.48
-2494.52
-2495.55
-2496.58
-2497.61
-2498.64
-2499.67
-2500.71
-2501.74
-2502.77
-2503.8
-2504.83
-2505.86
-2506.89
-2507.92
-2508.96
-2509.99
-2511.02
-2512.05
-2513.08
-2514.11
-2515.14
-2516.17
-2517.2
-2518.24
-2519.27
-2520.3
-2521.33
-2522.36
-2523.39
-2524.42
-2525.45
-2526.48
-2527.51
-2528.54
-2529.57
-2530.6
-2531.63
-2532.66
-2533.69
-2534.72
-2535.76
-2536.79
-2537.82
-2538.85
-2539.88
-2540.91
-2541.94
-2542.97
-2544
-2545.03
-2546.06
-2547.09
-2548.12
-2549.15
-2550.18
-2551.21
-2552.24
-2553.27
-2554.3
-2555.32
-2556.35
-2557.38
-2558.41
-2559.44
-2560.47
-2561.5
-2562.53
-2563.56
-2564.59
-2565.62
-2566.65
-2567.68
-2568.71
-2569.74
-2570.77
-2571.8
-2572.82
-2573.85
-2574.88
-2575.91
-2576.94
-2577.97
-2579
-2580.03
-2581.06
-2582.09
-2583.11
-2584.14
-2585.17
-2586.2
-2587.23
-2588.26
-2589.29
-2590.32
-2591.34
-2592.37
-2593.4
-2594.43
-2595.46
-2596.49
-2597.51
-2598.54
-2599.57
-2600.6
-2601.63
-2602.66
-2603.68
-2604.71
-2605.74
-2606.77
-2607.8
-2608.82
-2609.85
-2610.88
-2611.91
-2612.94
-2613.96
-2614.99
-2616.02
-2617.05
-2618.07
-2619.1
-2620.13
-2621.16
-2622.18
-2623.21
-2624.24
-2625.27
-2626.29
-2627.32
-2628.35
-2629.38
-2630.4
-2631.43
-2632.46
-2633.49
-2634.51
-2635.54
-2636.57
-2637.59
-2638.62
-2639.65
-2640.68
-2641.7
-2642.73
-2643.76
-2644.78
-2645.81
-2646.84
-2647.86
-2648.89
-2649.92
-2650.94
-2651.97
-2653
-2654.02
-2655.05
-2656.08
-2657.1
-2658.13
-2659.16
-2660.18
-2661.21
-2662.23
-2663.26
-2664.29
-2665.31
-2666.34
-2667.37
-2668.39
-2669.42
-2670.44
-2671.47
-2672.5
-2673.52
-2674.55
-2675.57
-2676.6
-2677.62
-2678.65
-2679.68
-2680.7
-2681.73
-2682.75
-2683.78
-2684.8
-2685.83
-2686.86
-2687.88
-2688.91
-2689.93
-2690.96
-2691.98
-2693.01
-2694.03
-2695.06
-2696.08
-2697.11
-2698.13
-2699.16
-2700.18
-2701.21
-2702.23
-2703.26
-2704.28
-2705.31
-2706.33
-2707.36
-2708.38
-2709.41
-2710.43
-2711.46
-2712.48
-2713.51
-2714.53
-2715.56
-2716.58
-2717.6
-2718.63
-2719.65
-2720.68
-2721.7
-2722.73
-2723.75
-2724.77
-2725.8
-2726.82
-2727.85
-2728.87
-2729.9
-2730.92
-2731.94
-2732.97
-2733.99
-2735.02
-2736.04
-2737.06
-2738.09
-2739.11
-2740.13
-2741.16
-2742.18
-2743.21
-2744.23
-2745.25
-2746.28
-2747.3
-2748.32
-2749.35
-2750.37
-2751.39
-2752.42
-2753.44
-2754.46
-2755.49
-2756.51
-2757.53
-2758.56
-2759.58
-2760.6
-2761.63
-2762.65
-2763.67
-2764.7
-2765.72
-2766.74
-2767.76
-2768.79
-2769.81
-2770.83
-2771.86
-2772.88
-2773.9
-2774.92
-2775.95
-2776.97
-2777.99
-2779.01
-2780.04
-2781.06
-2782.08
-2783.1
-2784.13
-2785.15
-2786.17
-2787.19
-2788.21
-2789.24
-2790.26
-2791.28
-2792.3
-2793.33
-2794.35
-2795.37
-2796.39
-2797.41
-2798.44
-2799.46
-2800.48
-2801.5
-2802.52
-2803.54
-2804.57
-2805.59
-2806.61
-2807.63
-2808.65
-2809.67
-2810.7
-2811.72
-2812.74
-2813.76
-2814.78
-2815.8
-2816.82
-2817.84
-2818.87
-2819.89
-2820.91
-2821.93
-2822.95
-2823.97
-2824.99
-2826.01
-2827.03
-2828.06
-2829.08
-2830.1
-2831.12
-2832.14
-2833.16
-2834.18
-2835.2
-2836.22
-2837.24
-2838.26
-2839.28
-2840.3
-2841.32
-2842.35
-2843.37
-2844.39
-2845.41
-2846.43
-2847.45
-2848.47
-2849.49
-2850.51
-2851.53
-2852.55
-2853.57
-2854.59
-2855.61
-2856.63
-2857.65
-2858.67
-2859.69
-2860.71
-2861.73
-2862.75
-2863.77
-2864.79
-2865.81
-2866.83
-2867.85
-2868.87
-2869.89
-2870.9
-2871.92
-2872.94
-2873.96
-2874.98
-2876
-2877.02
-2878.04
-2879.06
-2880.08
-2881.1
-2882.12
-2883.14
-2884.16
-2885.17
-2886.19
-2887.21
-2888.23
-2889.25
-2890.27
-2891.29
-2892.31
-2893.33
-2894.34
-2895.36
-2896.38
-2897.4
-2898.42
-2899.44
-2900.46
-2901.48
-2902.49
-2903.51
-2904.53
-2905.55
-2906.57
-2907.59
-2908.6
-2909.62
-2910.64
-2911.66
-2912.68
-2913.7
-2914.71
-2915.73
-2916.75
-2917.77
-2918.79
-2919.8
-2920.82
-2921.84
-2922.86
-2923.87
-2924.89
-2925.91
-2926.93
-2927.95
-2928.96
-2929.98
-2931
-2932.02
-2933.03
-2934.05
-2935.07
-2936.09
-2937.1
-2938.12
-2939.14
-2940.16
-2941.17
-2942.19
-2943.21
-2944.22
-2945.24
-2946.26
-2947.28
-2948.29
-2949.31
-2950.33
-2951.34
-2952.36
-2953.38
-2954.39
-2955.41
-2956.43
-2957.44
-2958.46
-2959.48
-2960.49
-2961.51
-2962.53
-2963.54
-2964.56
-2965.58
-2966.59
-2967.61
-2968.63
-2969.64
-2970.66
-2971.67
-2972.69
-2973.71
-2974.72
-2975.74
-2976.76
-2977.77
-2978.79
-2979.8
-2980.82
-2981.84
-2982.85
-2983.87
-2984.88
-2985.9
-2986.91
-2987.93
-2988.95
-2989.96
-2990.98
-2991.99
-2993.01
-2994.02
-2995.04
-2996.05
-2997.07
-2998.09
-2999.1
-3000.12
-3001.13
-3002.15
-3003.16
-3004.18
-3005.19
-3006.21
-3007.22
-3008.24
-3009.25
-3010.27
-3011.28
-3012.3
-3013.31
-3014.33
-3015.34
-3016.36
-3017.37
-3018.39
-3019.4
-3020.42
-3021.43
-3022.44
-3023.46
-3024.47
-3025.49
-3026.5
-3027.52
-3028.53
-3029.55
-3030.56
-3031.57
-3032.59
-3033.6
-3034.62
-3035.63
-3036.65
-3037.66
-3038.67
-3039.69
-3040.7
-3041.72
-3042.73
-3043.74
-3044.76
-3045.77
-3046.78
-3047.8
-3048.81
-3049.83
-3050.84
-3051.85
-3052.87
-3053.88
-3054.89
-3055.91
-3056.92
-3057.93
-3058.95
-3059.96
-3060.97
-3061.99
-3063
-3064.01
-3065.03
-3066.04
-3067.05
-3068.07
-3069.08
-3070.09
-3071.11
-3072.12
-3073.13
-3074.14
-3075.16
-3076.17
-3077.18
-3078.2
-3079.21
-3080.22
-3081.23
-3082.25
-3083.26
-3084.27
-3085.28
-3086.3
-3087.31
-3088.32
-3089.33
-3090.35
-3091.36
-3092.37
-3093.38
-3094.39
-3095.41
-3096.42
-3097.43
-3098.44
-3099.46
-3100.47
-3101.48
-3102.49
-3103.5
-3104.51
-3105.53
-3106.54
-3107.55
-3108.56
-3109.57
-3110.59
-3111.6
-3112.61
-3113.62
-3114.63
-3115.64
-3116.65
-3117.67
-3118.68
-3119.69
-3120.7
-3121.71
-3122.72
-3123.73
-3124.75
-3125.76
-3126.77
-3127.78
-3128.79
-3129.8
-3130.81
-3131.82
-3132.83
-3133.84
-3134.86
-3135.87
-3136.88
-3137.89
-3138.9
-3139.91
-3140.92
-3141.93
-3142.94
-3143.95
-3144.96
-3145.97
-3146.98
-3147.99
-3149
-3150.01
-3151.02
-3152.04
-3153.05
-3154.06
-3155.07
-3156.08
-3157.09
-3158.1
-3159.11
-3160.12
-3161.13
-3162.14
-3163.15
-3164.16
-3165.17
-3166.18
-3167.19
-3168.2
-3169.21
-3170.22
-3171.22
-3172.23
-3173.24
-3174.25
-3175.26
-3176.27
-3177.28
-3178.29
-3179.3
-3180.31
-3181.32
-3182.33
-3183.34
-3184.35
-3185.36
-3186.37
-3187.37
-3188.38
-3189.39
-3190.4
-3191.41
-3192.42
-3193.43
-3194.44
-3195.45
-3196.46
-3197.46
-3198.47
-3199.48
-3200.49
-3201.5
-3202.51
-3203.52
-3204.53
-3205.53
-3206.54
-3207.55
-3208.56
-3209.57
-3210.58
-3211.58
-3212.59
-3213.6
-3214.61
-3215.62
-3216.63
-3217.63
-3218.64
-3219.65
-3220.66
-3221.67
-3222.67
-3223.68
-3224.69
-3225.7
-3226.7
-3227.71
-3228.72
-3229.73
-3230.74
-3231.74
-3232.75
-3233.76
-3234.77
-3235.77
-3236.78
-3237.79
-3238.8
-3239.8
-3240.81
-3241.82
-3242.83
-3243.83
-3244.84
-3245.85
-3246.85
-3247.86
-3248.87
-3249.88
-3250.88
-3251.89
-3252.9
-3253.9
-3254.91
-3255.92
-3256.92
-3257.93
-3258.94
-3259.94
-3260.95
-3261.96
-3262.96
-3263.97
-3264.98
-3265.98
-3266.99
-3268
-3269
-3270.01
-3271.02
-3272.02
-3273.03
-3274.03
-3275.04
-3276.05
-3277.05
-3278.06
-3279.07
-3280.07
-3281.08
-3282.08
-3283.09
-3284.1
-3285.1
-3286.11
-3287.11
-3288.12
-3289.12
-3290.13
-3291.14
-3292.14
-3293.15
-3294.15
-3295.16
-3296.16
-3297.17
-3298.17
-3299.18
-3300.19
-3301.19
-3302.2
-3303.2
-3304.21
-3305.21
-3306.22
-3307.22
-3308.23
-3309.23
-3310.24
-3311.24
-3312.25
-3313.25
-3314.26
-3315.26
-3316.27
-3317.27
-3318.28
-3319.28
-3320.29
-3321.29
-3322.3
-3323.3
-3324.3
-3325.31
-3326.31
-3327.32
-3328.32
-3329.33
-3330.33
-3331.34
-3332.34
-3333.34
-3334.35
-3335.35
-3336.36
-3337.36
-3338.36
-3339.37
-3340.37
-3341.38
-3342.38
-3343.38
-3344.39
-3345.39
-3346.4
-3347.4
-3348.4
-3349.41
-3350.41
-3351.41
-3352.42
-3353.42
-3354.43
-3355.43
-3356.43
-3357.44
-3358.44
-3359.44
-3360.45
-3361.45
-3362.45
-3363.46
-3364.46
-3365.46
-3366.47
-3367.47
-3368.47
-3369.47
-3370.48
-3371.48
-3372.48
-3373.49
-3374.49
-3375.49
-3376.49
-3377.5
-3378.5
-3379.5
-3380.51
-3381.51
-3382.51
-3383.51
-3384.52
-3385.52
-3386.52
-3387.52
-3388.53
-3389.53
-3390.53
-3391.53
-3392.54
-3393.54
-3394.54
-3395.54
-3396.54
-3397.55
-3398.55
-3399.55
-3400.55
-3401.55
-3402.56
-3403.56
-3404.56
-3405.56
-3406.56
-3407.57
-3408.57
-3409.57
-3410.57
-3411.57
-3412.57
-3413.58
-3414.58
-3415.58
-3416.58
-3417.58
-3418.58
-3419.58
-3420.59
-3421.59
-3422.59
-3423.59
-3424.59
-3425.59
-3426.59
-3427.59
-3428.59
-3429.6
-3430.6
-3431.6
-3432.6
-3433.6
-3434.6
-3435.6
-3436.6
-3437.6
-3438.6
-3439.6
-3440.6
-3441.6
-3442.61
-3443.61
-3444.61
-3445.61
-3446.61
-3447.61
-3448.61
-3449.61
-3450.61
-3451.61
-3452.61
-3453.61
-3454.61
-3455.61
-3456.61
-3457.61
-3458.61
-3459.61
-3460.61
-3461.61
-3462.61
-3463.61
-3464.61
-3465.61
-3466.61
-3467.61
-3468.61
-3469.61
-3470.61
-3471.61
-3472.61
-3473.61
-3474.61
-3475.61
-3476.6
-3477.6
-3478.6
-3479.6
-3480.6
-3481.6
-3482.6
-3483.6
-3484.6
-3485.6
-3486.6
-3487.6
-3488.6
-3489.59
-3490.59
-3491.59
-3492.59
-3493.59
-3494.59
-3495.59
-3496.59
-3497.59
-3498.58
-3499.58
-3500.58
-3501.58
-3502.58
-3503.58
-3504.58
-3505.57
-3506.57
-3507.57
-3508.57
-3509.57
-3510.57
-3511.56
-3512.56
-3513.56
-3514.56
-3515.56
-3516.55
-3517.55
-3518.55
-3519.55
-3520.55
-3521.54
-3522.54
-3523.54
-3524.54
-3525.54
-3526.53
-3527.53
-3528.53
-3529.53
-3530.52
-3531.52
-3532.52
-3533.52
-3534.51
-3535.51
-3536.51
-3537.51
-3538.5
-3539.5
-3540.5
-3541.49
-3542.49
-3543.49
-3544.49
-3545.48
-3546.48
-3547.48
-3548.47
-3549.47
-3550.47
-3551.47
-3552.46
-3553.46
-3554.46
-3555.45
-3556.45
-3557.45
-3558.44
-3559.44
-3560.44
-3561.43
-3562.43
-3563.43
-3564.42
-3565.42
-3566.41
-3567.41
-3568.41
-3569.4
-3570.4
-3571.4
-3572.39
-3573.39
-3574.38
-3575.38
-3576.38
-3577.37
-3578.37
-3579.36
-3580.36
-3581.36
-3582.35
-3583.35
-3584.34
-3585.34
-3586.33
-3587.33
-3588.33
-3589.32
-3590.32
-3591.31
-3592.31
-3593.3
-3594.3
-3595.29
-3596.29
-3597.28
-3598.28
-3599.28
-3600.27
-3601.27
-3602.26
-3603.26
-3604.25
-3605.25
-3606.24
-3607.24
-3608.23
-3609.23
-3610.22
-3611.22
-3612.21
-3613.21
-3614.2
-3615.19
-3616.19
-3617.18
-3618.18
-3619.17
-3620.17
-3621.16
-3622.16
-3623.15
-3624.15
-3625.14
-3626.13
-3627.13
-3628.12
-3629.12
-3630.11
-3631.11
-3632.1
-3633.09
-3634.09
-3635.08
-3636.08
-3637.07
-3638.06
-3639.06
-3640.05
-3641.04
-3642.04
-3643.03
-3644.03
-3645.02
-3646.01
-3647.01
-3648
-3648.99
-3649.99
-3650.98
-3651.97
-3652.97
-3653.96
-3654.95
-3655.95
-3656.94
-3657.93
-3658.93
-3659.92
-3660.91
-3661.91
-3662.9
-3663.89
-3664.89
-3665.88
-3666.87
-3667.86
-3668.86
-3669.85
-3670.84
-3671.84
-3672.83
-3673.82
-3674.81
-3675.81
-3676.8
-3677.79
-3678.78
-3679.78
-3680.77
-3681.76
-3682.75
-3683.75
-3684.74
-3685.73
-3686.72
-3687.72
-3688.71
-3689.7
-3690.69
-3691.68
-3692.68
-3693.67
-3694.66
-3695.65
-3696.64
-3697.64
-3698.63
-3699.62
-3700.61
-3701.6
-3702.59
-3703.59
-3704.58
-3705.57
-3706.56
-3707.55
-3708.54
-3709.54
-3710.53
-3711.52
-3712.51
-3713.5
-3714.49
-3715.48
-3716.47
-3717.47
-3718.46
-3719.45
-3720.44
-3721.43
-3722.42
-3723.41
-3724.4
-3725.39
-3726.38
-3727.38
-3728.37
-3729.36
-3730.35
-3731.34
-3732.33
-3733.32
-3734.31
-3735.3
-3736.29
-3737.28
-3738.27
-3739.26
-3740.25
-3741.24
-3742.23
-3743.22
-3744.21
-3745.21
-3746.2
-3747.19
-3748.18
-3749.17
-3750.16
-3751.15
-3752.14
-3753.13
-3754.12
-3755.11
-3756.1
-3757.09
-3758.07
-3759.06
-3760.05
-3761.04
-3762.03
-3763.02
-3764.01
-3765
-3765.99
-3766.98
-3767.97
-3768.96
-3769.95
-3770.94
-3771.93
-3772.92
-3773.91
-3774.9
-3775.88
-3776.87
-3777.86
-3778.85
-3779.84
-3780.83
-3781.82
-3782.81
-3783.8
-3784.79
-3785.77
-3786.76
-3787.75
-3788.74
-3789.73
-3790.72
-3791.71
-3792.7
-3793.68
-3794.67
-3795.66
-3796.65
-3797.64
-3798.63
-3799.61
-3800.6
-3801.59
-3802.58
-3803.57
-3804.56
-3805.54
-3806.53
-3807.52
-3808.51
-3809.5
-3810.48
-3811.47
-3812.46
-3813.45
-3814.44
-3815.42
-3816.41
-3817.4
-3818.39
-3819.37
-3820.36
-3821.35
-3822.34
-3823.32
-3824.31
-3825.3
-3826.29
-3827.27
-3828.26
-3829.25
-3830.24
-3831.22
-3832.21
-3833.2
-3834.18
-3835.17
-3836.16
-3837.15
-3838.13
-3839.12
-3840.11
-3841.09
-3842.08
-3843.07
-3844.05
-3845.04
-3846.03
-3847.01
-3848
-3848.99
-3849.97
-3850.96
-3851.95
-3852.93
-3853.92
-3854.91
-3855.89
-3856.88
-3857.87
-3858.85
-3859.84
-3860.82
-3861.81
-3862.8
-3863.78
-3864.77
-3865.75
-3866.74
-3867.73
-3868.71
-3869.7
-3870.68
-3871.67
-3872.66
-3873.64
-3874.63
-3875.61
-3876.6
-3877.58
-3878.57
-3879.56
-3880.54
-3881.53
-3882.51
-3883.5
-3884.48
-3885.47
-3886.45
-3887.44
-3888.42
-3889.41
-3890.39
-3891.38
-3892.36
-3893.35
-3894.33
-3895.32
-3896.3
-3897.29
-3898.27
-3899.26
-3900.24
-3901.23
-3902.21
-3903.2
-3904.18
-3905.17
-3906.15
-3907.14
-3908.12
-3909.11
-3910.09
-3911.07
-3912.06
-3913.04
-3914.03
-3915.01
-3916
-3916.98
-3917.96
-3918.95
-3919.93
-3920.92
-3921.9
-3922.89
-3923.87
-3924.85
-3925.84
-3926.82
-3927.8
-3928.79
-3929.77
-3930.76
-3931.74
-3932.72
-3933.71
-3934.69
-3935.67
-3936.66
-3937.64
-3938.62
-3939.61
-3940.59
-3941.58
-3942.56
-3943.54
-3944.52
-3945.51
-3946.49
-3947.47
-3948.46
-3949.44
-3950.42
-3951.41
-3952.39
-3953.37
-3954.36
-3955.34
-3956.32
-3957.3
-3958.29
-3959.27
-3960.25
-3961.24
-3962.22
-3963.2
-3964.18
-3965.17
-3966.15
-3967.13
-3968.11
-3969.1
-3970.08
-3971.06
-3972.04
-3973.02
-3974.01
-3974.99
-3975.97
-3976.95
-3977.94
-3978.92
-3979.9
-3980.88
-3981.86
-3982.85
-3983.83
-3984.81
-3985.79
-3986.77
-3987.75
-3988.74
-3989.72
-3990.7
-3991.68
-3992.66
-3993.64
-3994.63
-3995.61
-3996.59
-3997.57
-3998.55
-3999.53
-4000.51
-4001.5
-4002.48
-4003.46
-4004.44
-4005.42
-4006.4
-4007.38
-4008.36
-4009.34
-4010.32
-4011.31
-4012.29
-4013.27
-4014.25
-4015.23
-4016.21
-4017.19
-4018.17
-4019.15
-4020.13
-4021.11
-4022.09
-4023.07
-4024.05
-4025.04
-4026.02
-4027
-4027.98
-4028.96
-4029.94
-4030.92
-4031.9
-4032.88
-4033.86
-4034.84
-4035.82
-4036.8
-4037.78
-4038.76
-4039.74
-4040.72
-4041.7
-4042.68
-4043.66
-4044.64
-4045.62
-4046.6
-4047.58
-4048.55
-4049.53
-4050.51
-4051.49
-4052.47
-4053.45
-4054.43
-4055.41
-4056.39
-4057.37
-4058.35
-4059.33
-4060.31
-4061.29
-4062.27
-4063.24
-4064.22
-4065.2
-4066.18
-4067.16
-4068.14
-4069.12
-4070.1
-4071.08
-4072.05
-4073.03
-4074.01
-4074.99
-4075.97
-4076.95
-4077.93
-4078.9
-4079.88
-4080.86
-4081.84
-4082.82
-4083.8
-4084.78
-4085.75
-4086.73
-4087.71
-4088.69
-4089.67
-4090.64
-4091.62
-4092.6
-4093.58
-4094.56
-4095.53
-4096.51
-4097.49
-4098.47
-4099.45
-4100.42
-4101.4
-4102.38
-4103.36
-4104.33
-4105.31
-4106.29
-4107.27
-4108.24
-4109.22
-4110.2
-4111.18
-4112.15
-4113.13
-4114.11
-4115.09
-4116.06
-4117.04
-4118.02
-4118.99
-4119.97
-4120.95
-4121.92
-4122.9
-4123.88
-4124.86
-4125.83
-4126.81
-4127.79
-4128.76
-4129.74
-4130.72
-4131.69
-4132.67
-4133.65
-4134.62
-4135.6
-4136.58
-4137.55
-4138.53
-4139.5
-4140.48
-4141.46
-4142.43
-4143.41
-4144.39
-4145.36
-4146.34
-4147.31
-4148.29
-4149.27
-4150.24
-4151.22
-4152.19
-4153.17
-4154.15
-4155.12
-4156.1
-4157.07
-4158.05
-4159.02
-4160
-4160.98
-4161.95
-4162.93
-4163.9
-4164.88
-4165.85
-4166.83
-4167.8
-4168.78
-4169.75
-4170.73
-4171.7
-4172.68
-4173.65
-4174.63
-4175.61
-4176.58
-4177.56
-4178.53
-4179.51
-4180.48
-4181.45
-4182.43
-4183.4
-4184.38
-4185.35
-4186.33
-4187.3
-4188.28
-4189.25
-4190.23
-4191.2
-4192.18
-4193.15
-4194.12
-4195.1
-4196.07
-4197.05
-4198.02
-4199
-4199.97
-4200.94
-4201.92
-4202.89
-4203.87
-4204.84
-4205.81
-4206.79
-4207.76
-4208.74
-4209.71
-4210.68
-4211.66
-4212.63
-4213.61
-4214.58
-4215.55
-4216.53
-4217.5
-4218.47
-4219.45
-4220.42
-4221.39
-4222.37
-4223.34
-4224.31
-4225.29
-4226.26
-4227.23
-4228.21
-4229.18
-4230.15
-4231.13
-4232.1
-4233.07
-4234.04
-4235.02
-4235.99
-4236.96
-4237.94
-4238.91
-4239.88
-4240.85
-4241.83
-4242.8
-4243.77
-4244.74
-4245.72
-4246.69
-4247.66
-4248.63
-4249.61
-4250.58
-4251.55
-4252.52
-4253.5
-4254.47
-4255.44
-4256.41
-4257.39
-4258.36
-4259.33
-4260.3
-4261.27
-4262.25
-4263.22
-4264.19
-4265.16
-4266.13
-4267.1
-4268.08
-4269.05
-4270.02
-4270.99
-4271.96
-4272.93
-4273.91
-4274.88
-4275.85
-4276.82
-4277.79
-4278.76
-4279.73
-4280.71
-4281.68
-4282.65
-4283.62
-4284.59
-4285.56
-4286.53
-4287.5
-4288.47
-4289.45
-4290.42
-4291.39
-4292.36
-4293.33
-4294.3
-4295.27
-4296.24
-4297.21
-4298.18
-4299.15
-4300.12
-4301.09
-4302.06
-4303.03
-4304.01
-4304.98
-4305.95
-4306.92
-4307.89
-4308.86
-4309.83
-4310.8
-4311.77
-4312.74
-4313.71
-4314.68
-4315.65
-4316.62
-4317.59
-4318.56
-4319.53
-4320.5
-4321.47
-4322.44
-4323.41
-4324.38
-4325.35
-4326.32
-4327.28
-4328.25
-4329.22
-4330.19
-4331.16
-4332.13
-4333.1
-4334.07
-4335.04
-4336.01
-4336.98
-4337.95
-4338.92
-4339.89
-4340.86
-4341.82
-4342.79
-4343.76
-4344.73
-4345.7
-4346.67
-4347.64
-4348.61
-4349.58
-4350.54
-4351.51
-4352.48
-4353.45
-4354.42
-4355.39
-4356.36
-4357.32
-4358.29
-4359.26
-4360.23
-4361.2
-4362.17
-4363.13
-4364.1
-4365.07
-4366.04
-4367.01
-4367.98
-4368.94
-4369.91
-4370.88
-4371.85
-4372.82
-4373.78
-4374.75
-4375.72
-4376.69
-4377.65
-4378.62
-4379.59
-4380.56
-4381.53
-4382.49
-4383.46
-4384.43
-4385.4
-4386.36
-4387.33
-4388.3
-4389.26
-4390.23
-4391.2
-4392.17
-4393.13
-4394.1
-4395.07
-4396.03
-4397
-4397.97
-4398.94
-4399.9
-4400.87
-4401.84
-4402.8
-4403.77
-4404.74
-4405.7
-4406.67
-4407.64
-4408.6
-4409.57
-4410.54
-4411.5
-4412.47
-4413.44
-4414.4
-4415.37
-4416.34
-4417.3
-4418.27
-4419.23
-4420.2
-4421.17
-4422.13
-4423.1
-4424.06
-4425.03
-4426
-4426.96
-4427.93
-4428.89
-4429.86
-4430.83
-4431.79
-4432.76
-4433.72
-4434.69
-4435.65
-4436.62
-4437.59
-4438.55
-4439.52
-4440.48
-4441.45
-4442.41
-4443.38
-4444.34
-4445.31
-4446.27
-4447.24
-4448.2
-4449.17
-4450.13
-4451.1
-4452.06
-4453.03
-4453.99
-4454.96
-4455.92
-4456.89
-4457.85
-4458.82
-4459.78
-4460.75
-4461.71
-4462.68
-4463.64
-4464.61
-4465.57
-4466.54
-4467.5
-4468.46
-4469.43
-4470.39
-4471.36
-4472.32
-4473.29
-4474.25
-4475.21
-4476.18
-4477.14
-4478.11
-4479.07
-4480.03
-4481
-4481.96
-4482.93
-4483.89
-4484.85
-4485.82
-4486.78
-4487.75
-4488.71
-4489.67
-4490.64
-4491.6
-4492.56
-4493.53
-4494.49
-4495.45
-4496.42
-4497.38
-4498.34
-4499.31
-4500.27
-4501.23
-4502.2
-4503.16
-4504.12
-4505.09
-4506.05
-4507.01
-4507.97
-4508.94
-4509.9
-4510.86
-4511.83
-4512.79
-4513.75
-4514.71
-4515.68
-4516.64
-4517.6
-4518.57
-4519.53
-4520.49
-4521.45
-4522.41
-4523.38
-4524.34
-4525.3
-4526.26
-4527.23
-4528.19
-4529.15
-4530.11
-4531.08
-4532.04
-4533
-4533.96
-4534.92
-4535.89
-4536.85
-4537.81
-4538.77
-4539.73
-4540.69
-4541.66
-4542.62
-4543.58
-4544.54
-4545.5
-4546.46
-4547.43
-4548.39
-4549.35
-4550.31
-4551.27
-4552.23
-4553.19
-4554.15
-4555.12
-4556.08
-4557.04
-4558
-4558.96
-4559.92
-4560.88
-4561.84
-4562.8
-4563.77
-4564.73
-4565.69
-4566.65
-4567.61
-4568.57
-4569.53
-4570.49
-4571.45
-4572.41
-4573.37
-4574.33
-4575.29
-4576.25
-4577.21
-4578.17
-4579.13
-4580.1
-4581.06
-4582.02
-4582.98
-4583.94
-4584.9
-4585.86
-4586.82
-4587.78
-4588.74
-4589.7
-4590.66
-4591.62
-4592.58
-4593.54
-4594.49
-4595.45
-4596.41
-4597.37
-4598.33
-4599.29
-4600.25
-4601.21
-4602.17
-4603.13
-4604.09
-4605.05
-4606.01
-4606.97
-4607.93
-4608.89
-4609.85
-4610.81
-4611.76
-4612.72
-4613.68
-4614.64
-4615.6
-4616.56
-4617.52
-4618.48
-4619.44
-4620.39
-4621.35
-4622.31
-4623.27
-4624.23
-4625.19
-4626.15
-4627.1
-4628.06
-4629.02
-4629.98
-4630.94
-4631.9
-4632.86
-4633.81
-4634.77
-4635.73
-4636.69
-4637.65
-4638.6
-4639.56
-4640.52
-4641.48
-4642.44
-4643.39
-4644.35
-4645.31
-4646.27
-4647.23
-4648.18
-4649.14
-4650.1
-4651.06
-4652.01
-4652.97
-4653.93
-4654.89
-4655.84
-4656.8
-4657.76
-4658.72
-4659.67
-4660.63
-4661.59
-4662.55
-4663.5
-4664.46
-4665.42
-4666.37
-4667.33
-4668.29
-4669.24
-4670.2
-4671.16
-4672.12
-4673.07
-4674.03
-4674.99
-4675.94
-4676.9
-4677.86
-4678.81
-4679.77
-4680.73
-4681.68
-4682.64
-4683.59
-4684.55
-4685.51
-4686.46
-4687.42
-4688.38
-4689.33
-4690.29
-4691.24
-4692.2
-4693.16
-4694.11
-4695.07
-4696.02
-4696.98
-4697.94
-4698.89
-4699.85
-4700.8
-4701.76
-4702.72
-4703.67
-4704.63
-4705.58
-4706.54
-4707.49
-4708.45
-4709.4
-4710.36
-4711.31
-4712.27
-4713.23
-4714.18
-4715.14
-4716.09
-4717.05
-4718
-4718.96
-4719.91
-4720.87
-4721.82
-4722.78
-4723.73
-4724.69
-4725.64
-4726.6
-4727.55
-4728.51
-4729.46
-4730.41
-4731.37
-4732.32
-4733.28
-4734.23
-4735.19
-4736.14
-4737.1
-4738.05
-4739
-4739.96
-4740.91
-4741.87
-4742.82
-4743.78
-4744.73
-4745.68
-4746.64
-4747.59
-4748.55
-4749.5
-4750.45
-4751.41
-4752.36
-4753.31
-4754.27
-4755.22
-4756.18
-4757.13
-4758.08
-4759.04
-4759.99
-4760.94
-4761.9
-4762.85
-4763.8
-4764.76
-4765.71
-4766.66
-4767.62
-4768.57
-4769.52
-4770.48
-4771.43
-4772.38
-4773.34
-4774.29
-4775.24
-4776.19
-4777.15
-4778.1
-4779.05
-4780.01
-4780.96
-4781.91
-4782.86
-4783.82
-4784.77
-4785.72
-4786.67
-4787.63
-4788.58
-4789.53
-4790.48
-4791.44
-4792.39
-4793.34
-4794.29
-4795.25
-4796.2
-4797.15
-4798.1
-4799.05
-4800.01
-4800.96
-4801.91
-4802.86
-4803.81
-4804.77
-4805.72
-4806.67
-4807.62
-4808.57
-4809.52
-4810.48
-4811.43
-4812.38
-4813.33
-4814.28
-4815.23
-4816.18
-4817.14
-4818.09
-4819.04
-4819.99
-4820.94
-4821.89
-4822.84
-4823.79
-4824.75
-4825.7
-4826.65
-4827.6
-4828.55
-4829.5
-4830.45
-4831.4
-4832.35
-4833.3
-4834.25
-4835.2
-4836.15
-4837.11
-4838.06
-4839.01
-4839.96
-4840.91
-4841.86
-4842.81
-4843.76
-4844.71
-4845.66
-4846.61
-4847.56
-4848.51
-4849.46
-4850.41
-4851.36
-4852.31
-4853.26
-4854.21
-4855.16
-4856.11
-4857.06
-4858.01
-4858.96
-4859.91
-4860.86
-4861.81
-4862.76
-4863.71
-4864.66
-4865.61
-4866.56
-4867.51
-4868.45
-4869.4
-4870.35
-4871.3
-4872.25
-4873.2
-4874.15
-4875.1
-4876.05
-4877
-4877.95
-4878.9
-4879.84
-4880.79
-4881.74
-4882.69
-4883.64
-4884.59
-4885.54
-4886.49
-4887.43
-4888.38
-4889.33
-4890.28
-4891.23
-4892.18
-4893.13
-4894.07
-4895.02
-4895.97
-4896.92
-4897.87
-4898.82
-4899.76
-4900.71
-4901.66
-4902.61
-4903.56
-4904.5
-4905.45
-4906.4
-4907.35
-4908.3
-4909.24
-4910.19
-4911.14
-4912.09
-4913.03
-4913.98
-4914.93
-4915.88
-4916.83
-4917.77
-4918.72
-4919.67
-4920.61
-4921.56
-4922.51
-4923.46
-4924.4
-4925.35
-4926.3
-4927.25
-4928.19
-4929.14
-4930.09
-4931.03
-4931.98
-4932.93
-4933.87
-4934.82
-4935.77
-4936.71
-4937.66
-4938.61
-4939.55
-4940.5
-4941.45
-4942.39
-4943.34
-4944.29
-4945.23
-4946.18
-4947.13
-4948.07
-4949.02
-4949.97
-4950.91
-4951.86
-4952.8
-4953.75
-4954.7
-4955.64
-4956.59
-4957.53
-4958.48
-4959.43
-4960.37
-4961.32
-4962.26
-4963.21
-4964.15
-4965.1
-4966.05
-4966.99
-4967.94
-4968.88
-4969.83
-4970.77
-4971.72
-4972.66
-4973.61
-4974.56
-4975.5
-4976.45
-4977.39
-4978.34
-4979.28
-4980.23
-4981.17
-4982.12
-4983.06
-4984.01
-4984.95
-4985.9
-4986.84
-4987.79
-4988.73
-4989.68
-4990.62
-4991.56
-4992.51
-4993.45
-4994.4
-4995.34
-4996.29
-4997.23
-4998.18
-4999.12
-5000.06
-5001.01
-5001.95
-5002.9
-5003.84
-5004.79
-5005.73
-5006.67
-5007.62
-5008.56
-5009.51
-5010.45
-5011.39
-5012.34
-5013.28
-5014.22
-5015.17
-5016.11
-5017.06
-5018
-5018.94
-5019.89
-5020.83
-5021.77
-5022.72
-5023.66
-5024.6
-5025.55
-5026.49
-5027.43
-5028.38
-5029.32
-5030.26
-5031.21
-5032.15
-5033.09
-5034.04
-5034.98
-5035.92
-5036.86
-5037.81
-5038.75
-5039.69
-5040.64
-5041.58
-5042.52
-5043.46
-5044.41
-5045.35
-5046.29
-5047.23
-5048.18
-5049.12
-5050.06
-5051
-5051.94
-5052.89
-5053.83
-5054.77
-5055.71
-5056.66
-5057.6
-5058.54
-5059.48
-5060.42
-5061.37
-5062.31
-5063.25
-5064.19
-5065.13
-5066.07
-5067.02
-5067.96
-5068.9
-5069.84
-5070.78
-5071.72
-5072.67
-5073.61
-5074.55
-5075.49
-5076.43
-5077.37
-5078.31
-5079.26
-5080.2
-5081.14
-5082.08
-5083.02
-5083.96
-5084.9
-5085.84
-5086.78
-5087.72
-5088.67
-5089.61
-5090.55
-5091.49
-5092.43
-5093.37
-5094.31
-5095.25
-5096.19
-5097.13
-5098.07
-5099.01
-5099.95
-5100.89
-5101.83
-5102.77
-5103.71
-5104.65
-5105.59
-5106.53
-5107.47
-5108.41
-5109.35
-5110.29
-5111.23
-5112.17
-5113.11
-5114.05
-5114.99
-5115.93
-5116.87
-5117.81
-5118.75
-5119.69
-5120.63
-5121.57
-5122.51
-5123.45
-5124.39
-5125.33
-5126.27
-5127.21
-5128.15
-5129.09
-5130.03
-5130.97
-5131.9
-5132.84
-5133.78
-5134.72
-5135.66
-5136.6
-5137.54
-5138.48
-5139.42
-5140.35
-5141.29
-5142.23
-5143.17
-5144.11
-5145.05
-5145.99
-5146.93
-5147.86
-5148.8
-5149.74
-5150.68
-5151.62
-5152.56
-5153.49
-5154.43
-5155.37
-5156.31
-5157.25
-5158.19
-5159.12
-5160.06
-5161
-5161.94
-5162.88
-5163.81
-5164.75
-5165.69
-5166.63
-5167.56
-5168.5
-5169.44
-5170.38
-5171.32
-5172.25
-5173.19
-5174.13
-5175.06
-5176
-5176.94
-5177.88
-5178.81
-5179.75
-5180.69
-5181.63
-5182.56
-5183.5
-5184.44
-5185.37
-5186.31
-5187.25
-5188.19
-5189.12
-5190.06
-5191
-5191.93
-5192.87
-5193.81
-5194.74
-5195.68
-5196.62
-5197.55
-5198.49
-5199.43
-5200.36
-5201.3
-5202.23
-5203.17
-5204.11
-5205.04
-5205.98
-5206.92
-5207.85
-5208.79
-5209.72
-5210.66
-5211.6
-5212.53
-5213.47
-5214.4
-5215.34
-5216.28
-5217.21
-5218.15
-5219.08
-5220.02
-5220.95
-5221.89
-5222.83
-5223.76
-5224.7
-5225.63
-5226.57
-5227.5
-5228.44
-5229.37
-5230.31
-5231.24
-5232.18
-5233.11
-5234.05
-5234.98
-5235.92
-5236.85
-5237.79
-5238.72
-5239.66
-5240.59
-5241.53
-5242.46
-5243.4
-5244.33
-5245.27
-5246.2
-5247.14
-5248.07
-5249.01
-5249.94
-5250.87
-5251.81
-5252.74
-5253.68
-5254.61
-5255.55
-5256.48
-5257.41
-5258.35
-5259.28
-5260.22
-5261.15
-5262.08
-5263.02
-5263.95
-5264.89
-5265.82
-5266.75
-5267.69
-5268.62
-5269.55
-5270.49
-5271.42
-5272.36
-5273.29
-5274.22
-5275.16
-5276.09
-5277.02
-5277.96
-5278.89
-5279.82
-5280.76
-5281.69
-5282.62
-5283.56
-5284.49
-5285.42
-5286.35
-5287.29
-5288.22
-5289.15
-5290.09
-5291.02
-5291.95
-5292.88
-5293.82
-5294.75
-5295.68
-5296.61
-5297.55
-5298.48
-5299.41
-5300.34
-5301.28
-5302.21
-5303.14
-5304.07
-5305.01
-5305.94
-5306.87
-5307.8
-5308.73
-5309.67
-5310.6
-5311.53
-5312.46
-5313.39
-5314.33
-5315.26
-5316.19
-5317.12
-5318.05
-5318.99
-5319.92
-5320.85
-5321.78
-5322.71
-5323.64
-5324.57
-5325.51
-5326.44
-5327.37
-5328.3
-5329.23
-5330.16
-5331.09
-5332.03
-5332.96
-5333.89
-5334.82
-5335.75
-5336.68
-5337.61
-5338.54
-5339.47
-5340.4
-5341.33
-5342.27
-5343.2
-5344.13
-5345.06
-5345.99
-5346.92
-5347.85
-5348.78
-5349.71
-5350.64
-5351.57
-5352.5
-5353.43
-5354.36
-5355.29
-5356.22
-5357.15
-5358.08
-5359.01
-5359.94
-5360.87
-5361.8
-5362.73
-5363.66
-5364.59
-5365.52
-5366.45
-5367.38
-5368.31
-5369.24
-5370.17
-5371.1
-5372.03
-5372.96
-5373.89
-5374.82
-5375.75
-5376.68
-5377.61
-5378.54
-5379.46
-5380.39
-5381.32
-5382.25
-5383.18
-5384.11
-5385.04
-5385.97
-5386.9
-5387.83
-5388.75
-5389.68
-5390.61
-5391.54
-5392.47
-5393.4
-5394.33
-5395.26
-5396.18
-5397.11
-5398.04
-5398.97
-5399.9
-5400.83
-5401.75
-5402.68
-5403.61
-5404.54
-5405.47
-5406.4
-5407.32
-5408.25
-5409.18
-5410.11
-5411.04
-5411.96
-5412.89
-5413.82
-5414.75
-5415.68
-5416.6
-5417.53
-5418.46
-5419.39
-5420.31
-5421.24
-5422.17
-5423.1
-5424.02
-5424.95
-5425.88
-5426.81
-5427.73
-5428.66
-5429.59
-5430.51
-5431.44
-5432.37
-5433.3
-5434.22
-5435.15
-5436.08
-5437
-5437.93
-5438.86
-5439.78
-5440.71
-5441.64
-5442.56
-5443.49
-5444.42
-5445.34
-5446.27
-5447.2
-5448.12
-5449.05
-5449.98
-5450.9
-5451.83
-5452.75
-5453.68
-5454.61
-5455.53
-5456.46
-5457.39
-5458.31
-5459.24
-5460.16
-5461.09
-5462.02
-5462.94
-5463.87
-5464.79
-5465.72
-5466.64
-5467.57
-5468.5
-5469.42
-5470.35
-5471.27
-5472.2
-5473.12
-5474.05
-5474.97
-5475.9
-5476.82
-5477.75
-5478.67
-5479.6
-5480.52
-5481.45
-5482.37
-5483.3
-5484.22
-5485.15
-5486.07
-5487
-5487.92
-5488.85
-5489.77
-5490.7
-5491.62
-5492.55
-5493.47
-5494.4
-5495.32
-5496.25
-5497.17
-5498.09
-5499.02
-5499.94
-5500.87
-5501.79
-5502.72
-5503.64
-5504.56
-5505.49
-5506.41
-5507.34
-5508.26
-5509.18
-5510.11
-5511.03
-5511.96
-5512.88
-5513.8
-5514.73
-5515.65
-5516.57
-5517.5
-5518.42
-5519.34
-5520.27
-5521.19
-5522.12
-5523.04
-5523.96
-5524.89
-5525.81
-5526.73
-5527.65
-5528.58
-5529.5
-5530.42
-5531.35
-5532.27
-5533.19
-5534.12
-5535.04
-5535.96
-5536.88
-5537.81
-5538.73
-5539.65
-5540.58
-5541.5
-5542.42
-5543.34
-5544.27
-5545.19
-5546.11
-5547.03
-5547.95
-5548.88
-5549.8
-5550.72
-5551.64
-5552.57
-5553.49
-5554.41
-5555.33
-5556.25
-5557.18
-5558.1
-5559.02
-5559.94
-5560.86
-5561.78
-5562.71
-5563.63
-5564.55
-5565.47
-5566.39
-5567.31
-5568.24
-5569.16
-5570.08
-5571
-5571.92
-5572.84
-5573.76
-5574.69
-5575.61
-5576.53
-5577.45
-5578.37
-5579.29
-5580.21
-5581.13
-5582.05
-5582.97
-5583.9
-5584.82
-5585.74
-5586.66
-5587.58
-5588.5
-5589.42
-5590.34
-5591.26
-5592.18
-5593.1
-5594.02
-5594.94
-5595.86
-5596.78
-5597.7
-5598.62
-5599.54
-5600.46
-5601.38
-5602.3
-5603.22
-5604.14
-5605.06
-5605.98
-5606.9
-5607.82
-5608.74
-5609.66
-5610.58
-5611.5
-5612.42
-5613.34
-5614.26
-5615.18
-5616.1
-5617.02
-5617.94
-5618.86
-5619.78
-5620.7
-5621.62
-5622.54
-5623.45
-5624.37
-5625.29
-5626.21
-5627.13
-5628.05
-5628.97
-5629.89
-5630.81
-5631.73
-5632.64
-5633.56
-5634.48
-5635.4
-5636.32
-5637.24
-5638.16
-5639.07
-5639.99
-5640.91
-5641.83
-5642.75
-5643.67
-5644.59
-5645.5
-5646.42
-5647.34
-5648.26
-5649.18
-5650.09
-5651.01
-5651.93
-5652.85
-5653.77
-5654.68
-5655.6
-5656.52
-5657.44
-5658.36
-5659.27
-5660.19
-5661.11
-5662.03
-5662.94
-5663.86
-5664.78
-5665.7
-5666.61
-5667.53
-5668.45
-5669.36
-5670.28
-5671.2
-5672.12
-5673.03
-5673.95
-5674.87
-5675.78
-5676.7
-5677.62
-5678.53
-5679.45
-5680.37
-5681.29
-5682.2
-5683.12
-5684.04
-5684.95
-5685.87
-5686.78
-5687.7
-5688.62
-5689.53
-5690.45
-5691.37
-5692.28
-5693.2
-5694.12
-5695.03
-5695.95
-5696.86
-5697.78
-5698.7
-5699.61
-5700.53
-5701.44
-5702.36
-5703.28
-5704.19
-5705.11
-5706.02
-5706.94
-5707.85
-5708.77
-5709.69
-5710.6
-5711.52
-5712.43
-5713.35
-5714.26
-5715.18
-5716.09
-5717.01
-5717.92
-5718.84
-5719.75
-5720.67
-5721.58
-5722.5
-5723.41
-5724.33
-5725.24
-5726.16
-5727.07
-5727.99
-5728.9
-5729.82
-5730.73
-5731.65
-5732.56
-5733.48
-5734.39
-5735.3
-5736.22
-5737.13
-5738.05
-5738.96
-5739.88
-5740.79
-5741.7
-5742.62
-5743.53
-5744.45
-5745.36
-5746.28
-5747.19
-5748.1
-5749.02
-5749.93
-5750.84
-5751.76
-5752.67
-5753.59
-5754.5
-5755.41
-5756.33
-5757.24
-5758.15
-5759.07
-5759.98
-5760.89
-5761.81
-5762.72
-5763.63
-5764.55
-5765.46
-5766.37
-5767.29
-5768.2
-5769.11
-5770.03
-5770.94
-5771.85
-5772.76
-5773.68
-5774.59
-5775.5
-5776.42
-5777.33
-5778.24
-5779.15
-5780.07
-5780.98
-5781.89
-5782.8
-5783.72
-5784.63
-5785.54
-5786.45
-5787.36
-5788.28
-5789.19
-5790.1
-5791.01
-5791.93
-5792.84
-5793.75
-5794.66
-5795.57
-5796.48
-5797.4
-5798.31
-5799.22
-5800.13
-5801.04
-5801.96
-5802.87
-5803.78
-5804.69
-5805.6
-5806.51
-5807.42
-5808.34
-5809.25
-5810.16
-5811.07
-5811.98
-5812.89
-5813.8
-5814.71
-5815.62
-5816.54
-5817.45
-5818.36
-5819.27
-5820.18
-5821.09
-5822
-5822.91
-5823.82
-5824.73
-5825.64
-5826.55
-5827.46
-5828.37
-5829.29
-5830.2
-5831.11
-5832.02
-5832.93
-5833.84
-5834.75
-5835.66
-5836.57
-5837.48
-5838.39
-5839.3
-5840.21
-5841.12
-5842.03
-5842.94
-5843.85
-5844.76
-5845.67
-5846.58
-5847.49
-5848.4
-5849.3
-5850.21
-5851.12
-5852.03
-5852.94
-5853.85
-5854.76
-5855.67
-5856.58
-5857.49
-5858.4
-5859.31
-5860.22
-5861.13
-5862.03
-5862.94
-5863.85
-5864.76
-5865.67
-5866.58
-5867.49
-5868.4
-5869.31
-5870.21
-5871.12
-5872.03
-5872.94
-5873.85
-5874.76
-5875.67
-5876.57
-5877.48
-5878.39
-5879.3
-5880.21
-5881.12
-5882.02
-5882.93
-5883.84
-5884.75
-5885.66
-5886.56
-5887.47
-5888.38
-5889.29
-5890.19
-5891.1
-5892.01
-5892.92
-5893.83
-5894.73
-5895.64
-5896.55
-5897.46
-5898.36
-5899.27
-5900.18
-5901.09
-5901.99
-5902.9
-5903.81
-5904.71
-5905.62
-5906.53
-5907.44
-5908.34
-5909.25
-5910.16
-5911.06
-5911.97
-5912.88
-5913.78
-5914.69
-5915.6
-5916.5
-5917.41
-5918.32
-5919.22
-5920.13
-5921.04
-5921.94
-5922.85
-5923.76
-5924.66
-5925.57
-5926.47
-5927.38
-5928.29
-5929.19
-5930.1
-5931.01
-5931.91
-5932.82
-5933.72
-5934.63
-5935.53
-5936.44
-5937.35
-5938.25
-5939.16
-5940.06
-5940.97
-5941.87
-5942.78
-5943.69
-5944.59
-5945.5
-5946.4
-5947.31
-5948.21
-5949.12
-5950.02
-5950.93
-5951.83
-5952.74
-5953.64
-5954.55
-5955.45
-5956.36
-5957.26
-5958.17
-5959.07
-5959.98
-5960.88
-5961.79
-5962.69
-5963.6
-5964.5
-5965.4
-5966.31
-5967.21
-5968.12
-5969.02
-5969.93
-5970.83
-5971.74
-5972.64
-5973.54
-5974.45
-5975.35
-5976.26
-5977.16
-5978.06
-5978.97
-5979.87
-5980.78
-5981.68
-5982.58
-5983.49
-5984.39
-5985.29
-5986.2
-5987.1
-5988
-5988.91
-5989.81
-5990.72
-5991.62
-5992.52
-5993.43
-5994.33
-5995.23
-5996.13
-5997.04
-5997.94
-5998.84
-5999.75
-6000.65
-6001.55
-6002.46
-6003.36
-6004.26
-6005.16
-6006.07
-6006.97
-6007.87
-6008.77
-6009.68
-6010.58
-6011.48
-6012.38
-6013.29
-6014.19
-6015.09
-6015.99
-6016.9
-6017.8
-6018.7
-6019.6
-6020.51
-6021.41
-6022.31
-6023.21
-6024.11
-6025.02
-6025.92
-6026.82
-6027.72
-6028.62
-6029.52
-6030.43
-6031.33
-6032.23
-6033.13
-6034.03
-6034.93
-6035.83
-6036.74
-6037.64
-6038.54
-6039.44
-6040.34
-6041.24
-6042.14
-6043.04
-6043.95
-6044.85
-6045.75
-6046.65
-6047.55
-6048.45
-6049.35
-6050.25
-6051.15
-6052.05
-6052.95
-6053.85
-6054.75
-6055.66
-6056.56
-6057.46
-6058.36
-6059.26
-6060.16
-6061.06
-6061.96
-6062.86
-6063.76
-6064.66
-6065.56
-6066.46
-6067.36
-6068.26
-6069.16
-6070.06
-6070.96
-6071.86
-6072.76
-6073.66
-6074.56
-6075.46
-6076.36
-6077.26
-6078.16
-6079.06
-6079.95
-6080.85
-6081.75
-6082.65
-6083.55
-6084.45
-6085.35
-6086.25
-6087.15
-6088.05
-6088.95
-6089.85
-6090.74
-6091.64
-6092.54
-6093.44
-6094.34
-6095.24
-6096.14
-6097.04
-6097.94
-6098.83
-6099.73
-6100.63
-6101.53
-6102.43
-6103.33
-6104.22
-6105.12
-6106.02
-6106.92
-6107.82
-6108.72
-6109.61
-6110.51
-6111.41
-6112.31
-6113.21
-6114.1
-6115
-6115.9
-6116.8
-6117.7
-6118.59
-6119.49
-6120.39
-6121.29
-6122.18
-6123.08
-6123.98
-6124.88
-6125.77
-6126.67
-6127.57
-6128.46
-6129.36
-6130.26
-6131.16
-6132.05
-6132.95
-6133.85
-6134.74
-6135.64
-6136.54
-6137.44
-6138.33
-6139.23
-6140.13
-6141.02
-6141.92
-6142.82
-6143.71
-6144.61
-6145.51
-6146.4
-6147.3
-6148.19
-6149.09
-6149.99
-6150.88
-6151.78
-6152.68
-6153.57
-6154.47
-6155.36
-6156.26
-6157.16
-6158.05
-6158.95
-6159.84
-6160.74
-6161.64
-6162.53
-6163.43
-6164.32
-6165.22
-6166.11
-6167.01
-6167.9
-6168.8
-6169.7
-6170.59
-6171.49
-6172.38
-6173.28
-6174.17
-6175.07
-6175.96
-6176.86
-6177.75
-6178.65
-6179.54
-6180.44
-6181.33
-6182.23
-6183.12
-6184.02
-6184.91
-6185.81
-6186.7
-6187.6
-6188.49
-6189.38
-6190.28
-6191.17
-6192.07
-6192.96
-6193.86
-6194.75
-6195.64
-6196.54
-6197.43
-6198.33
-6199.22
-6200.12
-6201.01
-6201.9
-6202.8
-6203.69
-6204.59
-6205.48
-6206.37
-6207.27
-6208.16
-6209.05
-6209.95
-6210.84
-6211.73
-6212.63
-6213.52
-6214.41
-6215.31
-6216.2
-6217.09
-6217.99
-6218.88
-6219.77
-6220.67
-6221.56
-6222.45
-6223.35
-6224.24
-6225.13
-6226.02
-6226.92
-6227.81
-6228.7
-6229.6
-6230.49
-6231.38
-6232.27
-6233.17
-6234.06
-6234.95
-6235.84
-6236.74
-6237.63
-6238.52
-6239.41
-6240.3
-6241.2
-6242.09
-6242.98
-6243.87
-6244.77
-6245.66
-6246.55
-6247.44
-6248.33
-6249.22
-6250.12
-6251.01
-6251.9
-6252.79
-6253.68
-6254.57
-6255.47
-6256.36
-6257.25
-6258.14
-6259.03
-6259.92
-6260.81
-6261.71
-6262.6
-6263.49
-6264.38
-6265.27
-6266.16
-6267.05
-6267.94
-6268.83
-6269.72
-6270.61
-6271.51
-6272.4
-6273.29
-6274.18
-6275.07
-6275.96
-6276.85
-6277.74
-6278.63
-6279.52
-6280.41
-6281.3
-6282.19
-6283.08
-6283.97
-6284.86
-6285.75
-6286.64
-6287.53
-6288.42
-6289.31
-6290.2
-6291.09
-6291.98
-6292.87
-6293.76
-6294.65
-6295.54
-6296.43
-6297.32
-6298.21
-6299.1
-6299.99
-6300.88
-6301.77
-6302.66
-6303.55
-6304.44
-6305.32
-6306.21
-6307.1
-6307.99
-6308.88
-6309.77
-6310.66
-6311.55
-6312.44
-6313.33
-6314.21
-6315.1
-6315.99
-6316.88
-6317.77
-6318.66
-6319.55
-6320.43
-6321.32
-6322.21
-6323.1
-6323.99
-6324.88
-6325.76
-6326.65
-6327.54
-6328.43
-6329.32
-6330.21
-6331.09
-6331.98
-6332.87
-6333.76
-6334.64
-6335.53
-6336.42
-6337.31
-6338.2
-6339.08
-6339.97
-6340.86
-6341.75
-6342.63
-6343.52
-6344.41
-6345.3
-6346.18
-6347.07
-6347.96
-6348.84
-6349.73
-6350.62
-6351.51
-6352.39
-6353.28
-6354.17
-6355.05
-6355.94
-6356.83
-6357.71
-6358.6
-6359.49
-6360.37
-6361.26
-6362.15
-6363.03
-6363.92
-6364.81
-6365.69
-6366.58
-6367.47
-6368.35
-6369.24
-6370.12
-6371.01
-6371.9
-6372.78
-6373.67
-6374.56
-6375.44
-6376.33
-6377.21
-6378.1
-6378.98
-6379.87
-6380.76
-6381.64
-6382.53
-6383.41
-6384.3
-6385.18
-6386.07
-6386.95
-6387.84
-6388.73
-6389.61
-6390.5
-6391.38
-6392.27
-6393.15
-6394.04
-6394.92
-6395.81
-6396.69
-6397.58
-6398.46
-6399.35
-6400.23
-6401.12
-6402
-6402.88
-6403.77
-6404.65
-6405.54
-6406.42
-6407.31
-6408.19
-6409.08
-6409.96
-6410.84
-6411.73
-6412.61
-6413.5
-6414.38
-6415.27
-6416.15
-6417.03
-6417.92
-6418.8
-6419.68
-6420.57
-6421.45
-6422.34
-6423.22
-6424.1
-6424.99
-6425.87
-6426.75
-6427.64
-6428.52
-6429.4
-6430.29
-6431.17
-6432.05
-6432.94
-6433.82
-6434.7
-6435.59
-6436.47
-6437.35
-6438.24
-6439.12
-6440
-6440.89
-6441.77
-6442.65
-6443.53
-6444.42
-6445.3
-6446.18
-6447.06
-6447.95
-6448.83
-6449.71
-6450.59
-6451.48
-6452.36
-6453.24
-6454.12
-6455.01
-6455.89
-6456.77
-6457.65
-6458.53
-6459.42
-6460.3
-6461.18
-6462.06
-6462.94
-6463.82
-6464.71
-6465.59
-6466.47
-6467.35
-6468.23
-6469.11
-6470
-6470.88
-6471.76
-6472.64
-6473.52
-6474.4
-6475.28
-6476.17
-6477.05
-6477.93
-6478.81
-6479.69
-6480.57
-6481.45
-6482.33
-6483.21
-6484.09
-6484.97
-6485.86
-6486.74
-6487.62
-6488.5
-6489.38
-6490.26
-6491.14
-6492.02
-6492.9
-6493.78
-6494.66
-6495.54
-6496.42
-6497.3
-6498.18
-6499.06
-6499.94
-6500.82
-6501.7
-6502.58
-6503.46
-6504.34
-6505.22
-6506.1
-6506.98
-6507.86
-6508.74
-6509.62
-6510.5
-6511.38
-6512.26
-6513.14
-6514.02
-6514.9
-6515.77
-6516.65
-6517.53
-6518.41
-6519.29
-6520.17
-6521.05
-6521.93
-6522.81
-6523.69
-6524.57
-6525.44
-6526.32
-6527.2
-6528.08
-6528.96
-6529.84
-6530.72
-6531.59
-6532.47
-6533.35
-6534.23
-6535.11
-6535.99
-6536.87
-6537.74
-6538.62
-6539.5
-6540.38
-6541.26
-6542.13
-6543.01
