-15.1365
-15.3541
-15.5716
-15.7891
-16.0065
-16.224
-16.4414
-16.6587
-16.8761
-17.0934
-17.3107
-17.5279
-17.7451
-17.9623
-18.1794
-18.3966
-18.6137
-18.8307
-19.0477
-19.2647
-19.4817
-19.6986
-19.9155
-20.1324
-20.3492
-20.5661
-20.7828
-20.9996
-21.2163
-21.433
-21.6496
-21.8662
-22.0828
-22.2994
-22.5159
-22.7324
-22.9489
-23.1653
-23.3817
-23.5981
-23.8144
-24.0307
-24.247
-24.4633
-24.6795
-24.8957
-25.1118
-25.328
-25.544
-25.7601
-25.9761
-26.1921
-26.4081
-26.624
-26.8399
-27.0558
-27.2717
-27.4875
-27.7032
-27.919
-28.1347
-28.3504
-28.5661
-28.7817
-28.9973
-29.2128
-29.4284
-29.6439
-29.8593
-30.0748
-30.2902
-30.5056
-30.7209
-30.9362
-31.1515
-31.3667
-31.582
-31.7972
-32.0123
-32.2274
-32.4425
-32.6576
-32.8726
-33.0876
-33.3026
-33.5175
-33.7324
-33.9473
-34.1622
-34.377
-34.5918
-34.8065
-35.0212
-35.2359
-35.4506
-35.6652
-35.8798
-36.0944
-36.3089
-36.5234
-36.7379
-36.9523
-37.1667
-37.3811
-37.5955
-37.8098
-38.0241
-38.2383
-38.4525
-38.6667
-38.8809
-39.095
-39.3091
-39.5232
-39.7372
-39.9512
-40.1652
-40.3791
-40.5931
-40.8069
-41.0208
-41.2346
-41.4484
-41.6621
-41.8759
-42.0896
-42.3032
-42.5168
-42.7304
-42.944
-43.1576
-43.3711
-43.5845
-43.798
-44.0114
-44.2248
-44.4381
-44.6514
-44.8647
-45.078
-45.2912
-45.5044
-45.7176
-45.9307
-46.1438
-46.3569
-46.5699
-46.7829
-46.9959
-47.2088
-47.4218
-47.6346
-47.8475
-48.0603
-48.2731
-48.4859
-48.6986
-48.9113
-49.1239
-49.3366
-49.5492
-49.7618
-49.9743
-50.1868
-50.3993
-50.6117
-50.8241
-51.0365
-51.2489
-51.4612
-51.6735
-51.8858
-52.098
-52.3102
-52.5223
-52.7345
-52.9466
-53.1587
-53.3707
-53.5827
-53.7947
-54.0066
-54.2186
-54.4304
-54.6423
-54.8541
-55.0659
-55.2777
-55.4894
-55.7011
-55.9128
-56.1244
-56.336
-56.5476
-56.7591
-56.9706
-57.1821
-57.3936
-57.605
-57.8164
-58.0277
-58.2391
-58.4504
-58.6616
-58.8729
-59.0841
-59.2952
-59.5064
-59.7175
-59.9285
-60.1396
-60.3506
-60.5616
-60.7725
-60.9835
-61.1943
-61.4052
-61.616
-61.8268
-62.0376
-62.2483
-62.459
-62.6697
-62.8803
-63.0909
-63.3015
-63.5121
-63.7226
-63.9331
-64.1435
-64.3539
-64.5643
-64.7747
-64.985
-65.1953
-65.4056
-65.6158
-65.826
-66.0362
-66.2463
-66.4564
-66.6665
-66.8766
-67.0866
-67.2966
-67.5065
-67.7164
-67.9263
-68.1362
-68.346
-68.5558
-68.7656
-68.9753
-69.185
-69.3947
-69.6044
-69.814
-70.0235
-70.2331
-70.4426
-70.6521
-70.8616
-71.071
-71.2804
-71.4897
-71.6991
-71.9084
-72.1176
-72.3269
-72.5361
-72.7453
-72.9544
-73.1635
-73.3726
-73.5816
-73.7907
-73.9996
-74.2086
-74.4175
-74.6264
-74.8353
-75.0441
-75.2529
-75.4617
-75.6704
-75.8791
-76.0878
-76.2965
-76.5051
-76.7137
-76.9222
-77.1307
-77.3392
-77.5477
-77.7561
-77.9645
-78.1729
-78.3812
-78.5895
-78.7978
-79.006
-79.2142
-79.4224
-79.6306
-79.8387
-80.0468
-80.2548
-80.4628
-80.6708
-80.8788
-81.0867
-81.2946
-81.5025
-81.7103
-81.9181
-82.1259
-82.3336
-82.5413
-82.749
-82.9567
-83.1643
-83.3719
-83.5794
-83.7869
-83.9944
-84.2019
-84.4093
-84.6167
-84.8241
-85.0314
-85.2387
-85.446
-85.6533
-85.8605
-86.0677
-86.2748
-86.4819
-86.689
-86.8961
-87.1031
-87.3101
-87.517
-87.724
-87.9309
-88.1377
-88.3446
-88.5514
-88.7582
-88.9649
-89.1716
-89.3783
-89.585
-89.7916
-89.9982
-90.2047
-90.4113
-90.6177
-90.8242
-91.0306
-91.237
-91.4434
-91.6498
-91.8561
-92.0623
-92.2686
-92.4748
-92.681
-92.8871
-93.0933
-93.2994
-93.5054
-93.7114
-93.9174
-94.1234
-94.3293
-94.5352
-94.7411
-94.947
-95.1528
-95.3585
-95.5643
-95.77
-95.9757
-96.1813
-96.387
-96.5926
-96.7981
-97.0036
-97.2091
-97.4146
-97.62
-97.8255
-98.0308
-98.2362
-98.4415
-98.6468
-98.852
-99.0572
-99.2624
-99.4676
-99.6727
-99.8778
-100.083
-100.288
-100.493
-100.698
-100.903
-101.108
-101.313
-101.517
-101.722
-101.927
-102.132
-102.336
-102.541
-102.746
-102.95
-103.155
-103.36
-103.564
-103.769
-103.973
-104.178
-104.382
-104.586
-104.791
-104.995
-105.199
-105.404
-105.608
-105.812
-106.016
-106.22
-106.424
-106.628
-106.832
-107.036
-107.24
-107.444
-107.648
-107.852
-108.056
-108.26
-108.464
-108.667
-108.871
-109.075
-109.278
-109.482
-109.686
-109.889
-110.093
-110.296
-110.5
-110.703
-110.907
-111.11
-111.313
-111.517
-111.72
-111.923
-112.126
-112.33
-112.533
-112.736
-112.939
-113.142
-113.345
-113.548
-113.751
-113.954
-114.157
-114.36
-114.563
-114.765
-114.968
-115.171
-115.374
-115.576
-115.779
-115.982
-116.184
-116.387
-116.589
-116.792
-116.994
-117.197
-117.399
-117.602
-117.804
-118.006
-118.209
-118.411
-118.613
-118.815
-119.017
-119.22
-119.422
-119.624
-119.826
-120.028
-120.23
-120.432
-120.634
-120.835
-121.037
-121.239
-121.441
-121.643
-121.844
-122.046
-122.248
-122.449
-122.651
-122.853
-123.054
-123.256
-123.457
-123.659
-123.86
-124.061
-124.263
-124.464
-124.665
-124.867
-125.068
-125.269
-125.47
-125.671
-125.872
-126.073
-126.274
-126.476
-126.676
-126.877
-127.078
-127.279
-127.48
-127.681
-127.882
-128.082
-128.283
-128.484
-128.685
-128.885
-129.086
-129.286
-129.487
-129.687
-129.888
-130.088
-130.289
-130.489
-130.69
-130.89
-131.09
-131.29
-131.491
-131.691
-131.891
-132.091
-132.291
-132.491
-132.691
-132.891
-133.091
-133.291
-133.491
-133.691
-133.891
-134.091
-134.291
-134.49
-134.69
-134.89
-135.089
-135.289
-135.489
-135.688
-135.888
-136.087
-136.287
-136.486
-136.686
-136.885
-137.084
-137.284
-137.483
-137.682
-137.882
-138.081
-138.28
-138.479
-138.678
-138.877
-139.076
-139.275
-139.474
-139.673
-139.872
-140.071
-140.27
-140.469
-140.668
-140.866
-141.065
-141.264
-141.462
-141.661
-141.86
-142.058
-142.257
-142.455
-142.654
-142.852
-143.051
-143.249
-143.447
-143.646
-143.844
-144.042
-144.241
-144.439
-144.637
-144.835
-145.033
-145.231
-145.429
-145.627
-145.825
-146.023
-146.221
-146.419
-146.617
-146.815
-147.013
-147.21
-147.408
-147.606
-147.804
-148.001
-148.199
-148.396
-148.594
-148.791
-148.989
-149.186
-149.384
-149.581
-149.779
-149.976
-150.173
-150.37
-150.568
-150.765
-150.962
-151.159
-151.356
-151.553
-151.75
-151.947
-152.144
-152.341
-152.538
-152.735
-152.932
-153.129
-153.326
-153.523
-153.719
-153.916
-154.113
-154.309
-154.506
-154.702
-154.899
-155.096
-155.292
-155.489
-155.685
-155.881
-156.078
-156.274
-156.47
-156.667
-156.863
-157.059
-157.255
-157.451
-157.648
-157.844
-158.04
-158.236
-158.432
-158.628
-158.824
-159.019
-159.215
-159.411
-159.607
-159.803
-159.998
-160.194
-160.39
-160.586
-160.781
-160.977
-161.172
-161.368
-161.563
-161.759
-161.954
-162.15
-162.345
-162.54
-162.736
-162.931
-163.126
-163.321
-163.517
-163.712
-163.907
-164.102
-164.297
-164.492
-164.687
-164.882
-165.077
-165.272
-165.467
-165.661
-165.856
-166.051
-166.246
-166.44
-166.635
-166.83
-167.024
-167.219
-167.414
-167.608
-167.803
-167.997
-168.192
-168.386
-168.58
-168.775
-168.969
-169.163
-169.357
-169.552
-169.746
-169.94
-170.134
-170.328
-170.522
-170.716
-170.91
-171.104
-171.298
-171.492
-171.686
-171.88
-172.074
-172.267
-172.461
-172.655
-172.849
-173.042
-173.236
-173.429
-173.623
-173.817
-174.01
-174.203
-174.397
-174.59
-174.784
-174.977
-175.17
-175.364
-175.557
-175.75
-175.943
-176.136
-176.33
-176.523
-176.716
-176.909
-177.102
-177.295
-177.488
-177.681
-177.873
-178.066
-178.259
-178.452
-178.645
-178.837
-179.03
-179.223
-179.415
-179.608
-179.8
-179.993
-180.185
-180.378
-180.57
-180.763
-180.955
-181.148
-181.34
-181.532
-181.724
-181.917
-182.109
-182.301
-182.493
-182.685
-182.877
-183.069
-183.261
-183.453
-183.645
-183.837
-184.029
-184.221
-184.413
-184.604
-184.796
-184.988
-185.18
-185.371
-185.563
-185.754
-185.946
-186.138
-186.329
-186.521
-186.712
-186.903
-187.095
-187.286
-187.477
-187.669
-187.86
-188.051
-188.242
-188.434
-188.625
-188.816
-189.007
-189.198
-189.389
-189.58
-189.771
-189.962
-190.153
-190.343
-190.534
-190.725
-190.916
-191.106
-191.297
-191.488
-191.678
-191.869
-192.06
-192.25
-192.441
-192.631
-192.822
-193.012
-193.202
-193.393
-193.583
-193.773
-193.964
-194.154
-194.344
-194.534
-194.724
-194.914
-195.104
-195.295
-195.485
-195.674
-195.864
-196.054
-196.244
-196.434
-196.624
-196.814
-197.003
-197.193
-197.383
-197.573
-197.762
-197.952
-198.141
-198.331
-198.52
-198.71
-198.899
-199.089
-199.278
-199.467
-199.657
-199.846
-200.035
-200.225
-200.414
-200.603
-200.792
-200.981
-201.17
-201.359
-201.548
-201.737
-201.926
-202.115
-202.304
-202.493
-202.682
-202.87
-203.059
-203.248
-203.437
-203.625
-203.814
-204.003
-204.191
-204.38
-204.568
-204.757
-204.945
-205.134
-205.322
-205.51
-205.699
-205.887
-206.075
-206.263
-206.452
-206.64
-206.828
-207.016
-207.204
-207.392
-207.58
-207.768
-207.956
-208.144
-208.332
-208.52
-208.708
-208.895
-209.083
-209.271
-209.458
-209.646
-209.834
-210.021
-210.209
-210.397
-210.584
-210.772
-210.959
-211.146
-211.334
-211.521
-211.708
-211.896
-212.083
-212.27
-212.457
-212.645
-212.832
-213.019
-213.206
-213.393
-213.58
-213.767
-213.954
-214.141
-214.328
-214.515
-214.701
-214.888
-215.075
-215.262
-215.448
-215.635
-215.822
-216.008
-216.195
-216.381
-216.568
-216.754
-216.941
-217.127
-217.314
-217.5
-217.686
-217.873
-218.059
-218.245
-218.431
-218.618
-218.804
-218.99
-219.176
-219.362
-219.548
-219.734
-219.92
-220.106
-220.292
-220.478
-220.663
-220.849
-221.035
-221.221
-221.406
-221.592
-221.778
-221.963
-222.149
-222.334
-222.52
-222.705
-222.891
-223.076
-223.262
-223.447
-223.632
-223.818
-224.003
-224.188
-224.373
-224.559
-224.744
-224.929
-225.114
-225.299
-225.484
-225.669
-225.854
-226.039
-226.224
-226.409
-226.593
-226.778
-226.963
-227.148
-227.332
-227.517
-227.702
-227.886
-228.071
-228.256
-228.44
-228.625
-228.809
-228.993
-229.178
-229.362
-229.547
-229.731
-229.915
-230.099
-230.284
-230.468
-230.652
-230.836
-231.02
-231.204
-231.388
-231.572
-231.756
-231.94
-232.124
-232.308
-232.492
-232.675
-232.859
-233.043
-233.227
-233.41
-233.594
-233.778
-233.961
-234.145
-234.328
-234.512
-234.695
-234.879
-235.062
-235.245
-235.429
-235.612
-235.795
-235.979
-236.162
-236.345
-236.528
-236.711
-236.894
-237.077
-237.26
-237.443
-237.626
-237.809
-237.992
-238.175
-238.358
-238.541
-238.723
-238.906
-239.089
-239.272
-239.454
-239.637
-239.819
-240.002
-240.184
-240.367
-240.549
-240.732
-240.914
-241.097
-241.279
-241.461
-241.644
-241.826
-242.008
-242.19
-242.372
-242.554
-242.737
-242.919
-243.101
-243.283
-243.465
-243.646
-243.828
-244.01
-244.192
-244.374
-244.556
-244.737
-244.919
-245.101
-245.282
-245.464
-245.646
-245.827
-246.009
-246.19
-246.372
-246.553
-246.735
-246.916
-247.097
-247.279
-247.46
-247.641
-247.822
-248.003
-248.185
-248.366
-248.547
-248.728
-248.909
-249.09
-249.271
-249.452
-249.633
-249.814
-249.994
-250.175
-250.356
-250.537
-250.718
-250.898
-251.079
-251.259
-251.44
-251.621
-251.801
-251.982
-252.162
-252.343
-252.523
-252.703
-252.884
-253.064
-253.244
-253.424
-253.605
-253.785
-253.965
-254.145
-254.325
-254.505
-254.685
-254.865
-255.045
-255.225
-255.405
-255.585
-255.765
-255.945
-256.124
-256.304
-256.484
-256.664
-256.843
-257.023
-257.203
-257.382
-257.562
-257.741
-257.921
-258.1
-258.279
-258.459
-258.638
-258.817
-258.997
-259.176
-259.355
-259.534
-259.714
-259.893
-260.072
-260.251
-260.43
-260.609
-260.788
-260.967
-261.146
-261.325
-261.503
-261.682
-261.861
-262.04
-262.218
-262.397
-262.576
-262.754
-262.933
-263.112
-263.29
-263.469
-263.647
-263.826
-264.004
-264.182
-264.361
-264.539
-264.717
-264.896
-265.074
-265.252
-265.43
-265.608
-265.786
-265.964
-266.142
-266.32
-266.498
-266.676
-266.854
-267.032
-267.21
-267.388
-267.566
-267.743
-267.921
-268.099
-268.276
-268.454
-268.632
-268.809
-268.987
-269.164
-269.342
-269.519
-269.697
-269.874
-270.051
-270.229
-270.406
-270.583
-270.76
-270.938
-271.115
-271.292
-271.469
-271.646
-271.823
-272
-272.177
-272.354
-272.531
-272.708
-272.885
-273.061
-273.238
-273.415
-273.592
-273.768
-273.945
-274.122
-274.298
-274.475
-274.651
-274.828
-275.004
-275.181
-275.357
-275.534
-275.71
-275.886
-276.063
-276.239
-276.415
-276.591
-276.767
-276.944
-277.12
-277.296
-277.472
-277.648
-277.824
-278
-278.176
-278.351
-278.527
-278.703
-278.879
-279.055
-279.23
-279.406
-279.582
-279.757
-279.933
-280.109
-280.284
-280.46
-280.635
-280.811
-280.986
-281.161
-281.337
-281.512
-281.687
-281.863
-282.038
-282.213
-282.388
-282.563
-282.738
-282.914
-283.089
-283.264
-283.439
-283.613
-283.788
-283.963
-284.138
-284.313
-284.488
-284.663
-284.837
-285.012
-285.187
-285.361
-285.536
-285.71
-285.885
-286.059
-286.234
-286.408
-286.583
-286.757
-286.932
-287.106
-287.28
-287.454
-287.629
-287.803
-287.977
-288.151
-288.325
-288.499
-288.673
-288.847
-289.021
-289.195
-289.369
-289.543
-289.717
-289.891
-290.065
-290.238
-290.412
-290.586
-290.759
-290.933
-291.107
-291.28
-291.454
-291.627
-291.801
-291.974
-292.148
-292.321
-292.494
-292.668
-292.841
-293.014
-293.188
-293.361
-293.534
-293.707
-293.88
-294.053
-294.226
-294.399
-294.572
-294.745
-294.918
-295.091
-295.264
-295.437
-295.61
-295.782
-295.955
-296.128
-296.3
-296.473
-296.646
-296.818
-296.991
-297.163
-297.336
-297.508
-297.681
-297.853
-298.025
-298.198
-298.37
-298.542
-298.715
-298.887
-299.059
-299.231
-299.403
-299.575
-299.747
-299.919
-300.091
-300.263
-300.435
-300.607
-300.779
-300.951
-301.123
-301.294
-301.466
-301.638
-301.809
-301.981
-302.153
-302.324
-302.496
-302.667
-302.839
-303.01
-303.182
-303.353
-303.525
-303.696
-303.867
-304.038
-304.21
-304.381
-304.552
-304.723
-304.894
-305.065
-305.236
-305.407
-305.578
-305.749
-305.92
-306.091
-306.262
-306.433
-306.604
-306.774
-306.945
-307.116
-307.287
-307.457
-307.628
-307.798
-307.969
-308.14
-308.31
-308.48
-308.651
-308.821
-308.992
-309.162
-309.332
-309.503
-309.673
-309.843
-310.013
-310.183
-310.353
-310.524
-310.694
-310.864
-311.034
-311.204
-311.373
-311.543
-311.713
-311.883
-312.053
-312.223
-312.392
-312.562
-312.732
-312.901
-313.071
-313.241
-313.41
-313.58
-313.749
-313.919
-314.088
-314.257
-314.427
-314.596
-314.765
-314.935
-315.104
-315.273
-315.442
-315.612
-315.781
-315.95
-316.119
-316.288
-316.457
-316.626
-316.795
-316.964
-317.132
-317.301
-317.47
-317.639
-317.808
-317.976
-318.145
-318.314
-318.482
-318.651
-318.819
-318.988
-319.156
-319.325
-319.493
-319.662
-319.83
-319.998
-320.167
-320.335
-320.503
-320.671
-320.84
-321.008
-321.176
-321.344
-321.512
-321.68
-321.848
-322.016
-322.184
-322.352
-322.52
-322.688
-322.855
-323.023
-323.191
-323.359
-323.526
-323.694
-323.862
-324.029
-324.197
-324.364
-324.532
-324.699
-324.867
-325.034
-325.201
-325.369
-325.536
-325.703
-325.871
-326.038
-326.205
-326.372
-326.539
-326.706
-326.873
-327.041
-327.207
-327.374
-327.541
-327.708
-327.875
-328.042
-328.209
-328.376
-328.542
-328.709
-328.876
-329.042
-329.209
-329.376
-329.542
-329.709
-329.875
-330.042
-330.208
-330.375
-330.541
-330.707
-330.874
-331.04
-331.206
-331.372
-331.538
-331.705
-331.871
-332.037
-332.203
-332.369
-332.535
-332.701
-332.867
-333.033
-333.199
-333.364
-333.53
-333.696
-333.862
-334.028
-334.193
-334.359
-334.525
-334.69
-334.856
-335.021
-335.187
-335.352
-335.518
-335.683
-335.848
-336.014
-336.179
-336.344
-336.51
-336.675
-336.84
-337.005
-337.17
-337.335
-337.5
-337.665
-337.83
-337.995
-338.16
-338.325
-338.49
-338.655
-338.82
-338.985
-339.149
-339.314
-339.479
-339.643
-339.808
-339.973
-340.137
-340.302
-340.466
-340.631
-340.795
-340.96
-341.124
-341.288
-341.453
-341.617
-341.781
-341.945
-342.11
-342.274
-342.438
-342.602
-342.766
-342.93
-343.094
-343.258
-343.422
-343.586
-343.75
-343.914
-344.077
-344.241
-344.405
-344.569
-344.732
-344.896
-345.06
-345.223
-345.387
-345.55
-345.714
-345.877
-346.041
-346.204
-346.368
-346.531
-346.694
-346.858
-347.021
-347.184
-347.347
-347.51
-347.674
-347.837
-348
-348.163
-348.326
-348.489
-348.652
-348.815
-348.977
-349.14
-349.303
-349.466
-349.629
-349.791
-349.954
-350.117
-350.279
-350.442
-350.605
-350.767
-350.93
-351.092
-351.255
-351.417
-351.579
-351.742
-351.904
-352.066
-352.229
-352.391
-352.553
-352.715
-352.877
-353.039
-353.201
-353.364
-353.526
-353.688
-353.849
-354.011
-354.173
-354.335
-354.497
-354.659
-354.82
-354.982
-355.144
-355.306
-355.467
-355.629
-355.79
-355.952
-356.113
-356.275
-356.436
-356.598
-356.759
-356.921
-357.082
-357.243
-357.404
-357.566
-357.727
-357.888
-358.049
-358.21
-358.371
-358.532
-358.693
-358.854
-359.015
-359.176
-359.337
-359.498
-359.659
-359.82
-359.98
-360.141
-360.302
-360.462
-360.623
-360.784
-360.944
-361.105
-361.265
-361.426
-361.586
-361.747
-361.907
-362.067
-362.228
-362.388
-362.548
-362.709
-362.869
-363.029
-363.189
-363.349
-363.509
-363.669
-363.829
-363.989
-364.149
-364.309
-364.469
-364.629
-364.789
-364.949
-365.108
-365.268
-365.428
-365.587
-365.747
-365.907
-366.066
-366.226
-366.385
-366.545
-366.704
-366.864
-367.023
-367.182
-367.342
-367.501
-367.66
-367.82
-367.979
-368.138
-368.297
-368.456
-368.615
-368.774
-368.933
-369.092
-369.251
-369.41
-369.569
-369.728
-369.887
-370.046
-370.204
-370.363
-370.522
-370.68
-370.839
-370.998
-371.156
-371.315
-371.473
-371.632
-371.79
-371.949
-372.107
-372.265
-372.424
-372.582
-372.74
-372.899
-373.057
-373.215
-373.373
-373.531
-373.689
-373.847
-374.005
-374.163
-374.321
-374.479
-374.637
-374.795
-374.953
-375.111
-375.268
-375.426
-375.584
-375.741
-375.899
-376.057
-376.214
-376.372
-376.529
-376.687
-376.844
-377.002
-377.159
-377.317
-377.474
-377.631
-377.788
-377.946
-378.103
-378.26
-378.417
-378.574
-378.731
-378.888
-379.045
-379.202
-379.359
-379.516
-379.673
-379.83
-379.987
-380.144
-380.301
-380.457
-380.614
-380.771
-380.927
-381.084
-381.241
-381.397
-381.554
-381.71
-381.867
-382.023
-382.179
-382.336
-382.492
-382.648
-382.805
-382.961
-383.117
-383.273
-383.429
-383.586
-383.742
-383.898
-384.054
-384.21
-384.366
-384.522
-384.678
-384.833
-384.989
-385.145
-385.301
-385.457
-385.612
-385.768
-385.924
-386.079
-386.235
-386.39
-386.546
-386.701
-386.857
-387.012
-387.168
-387.323
-387.478
-387.634
-387.789
-387.944
-388.099
-388.255
-388.41
-388.565
-388.72
-388.875
-389.03
-389.185
-389.34
-389.495
-389.65
-389.805
-389.96
-390.114
-390.269
-390.424
-390.579
-390.733
-390.888
-391.043
-391.197
-391.352
-391.506
-391.661
-391.815
-391.97
-392.124
-392.278
-392.433
-392.587
-392.741
-392.896
-393.05
-393.204
-393.358
-393.512
-393.666
-393.82
-393.974
-394.128
-394.282
-394.436
-394.59
-394.744
-394.898
-395.052
-395.206
-395.359
-395.513
-395.667
-395.82
-395.974
-396.128
-396.281
-396.435
-396.588
-396.742
-396.895
-397.048
-397.202
-397.355
-397.509
-397.662
-397.815
-397.968
-398.121
-398.275
-398.428
-398.581
-398.734
-398.887
-399.04
-399.193
-399.346
-399.499
-399.652
-399.804
-399.957
-400.11
-400.263
-400.416
-400.568
-400.721
-400.874
-401.026
-401.179
-401.331
-401.484
-401.636
-401.789
-401.941
-402.093
-402.246
-402.398
-402.55
-402.703
-402.855
-403.007
-403.159
-403.311
-403.463
-403.615
-403.767
-403.919
-404.071
-404.223
-404.375
-404.527
-404.679
-404.831
-404.983
-405.134
-405.286
-405.438
-405.589
-405.741
-405.893
-406.044
-406.196
-406.347
-406.499
-406.65
-406.802
-406.953
-407.104
-407.256
-407.407
-407.558
-407.709
-407.861
-408.012
-408.163
-408.314
-408.465
-408.616
-408.767
-408.918
-409.069
-409.22
-409.371
-409.522
-409.673
-409.823
-409.974
-410.125
-410.275
-410.426
-410.577
-410.727
-410.878
-411.029
-411.179
-411.329
-411.48
-411.63
-411.781
-411.931
-412.081
-412.232
-412.382
-412.532
-412.682
-412.833
-412.983
-413.133
-413.283
-413.433
-413.583
-413.733
-413.883
-414.033
-414.183
-414.332
-414.482
-414.632
-414.782
-414.932
-415.081
-415.231
-415.381
-415.53
-415.68
-415.829
-415.979
-416.128
-416.278
-416.427
-416.577
-416.726
-416.875
-417.024
-417.174
-417.323
-417.472
-417.621
-417.77
-417.92
-418.069
-418.218
-418.367
-418.516
-418.665
-418.814
-418.962
-419.111
-419.26
-419.409
-419.558
-419.706
-419.855
-420.004
-420.152
-420.301
-420.45
-420.598
-420.747
-420.895
-421.044
-421.192
-421.34
-421.489
-421.637
-421.785
-421.934
-422.082
-422.23
-422.378
-422.526
-422.674
-422.823
-422.971
-423.119
-423.267
-423.415
-423.562
-423.71
-423.858
-424.006
-424.154
-424.302
-424.449
-424.597
-424.745
-424.892
-425.04
-425.188
-425.335
-425.483
-425.63
-425.778
-425.925
-426.072
-426.22
-426.367
-426.514
-426.662
-426.809
-426.956
-427.103
-427.25
-427.397
-427.545
-427.692
-427.839
-427.986
-428.133
-428.28
-428.426
-428.573
-428.72
-428.867
-429.014
-429.16
-429.307
-429.454
-429.6
-429.747
-429.894
-430.04
-430.187
-430.333
-430.48
-430.626
-430.772
-430.919
-431.065
-431.211
-431.358
-431.504
-431.65
-431.796
-431.942
-432.089
-432.235
-432.381
-432.527
-432.673
-432.819
-432.965
-433.111
-433.256
-433.402
-433.548
-433.694
-433.84
-433.985
-434.131
-434.277
-434.422
-434.568
-434.713
-434.859
-435.004
-435.15
-435.295
-435.441
-435.586
-435.731
-435.877
-436.022
-436.167
-436.312
-436.458
-436.603
-436.748
-436.893
-437.038
-437.183
-437.328
-437.473
-437.618
-437.763
-437.908
-438.052
-438.197
-438.342
-438.487
-438.631
-438.776
-438.921
-439.065
-439.21
-439.355
-439.499
-439.644
-439.788
-439.932
-440.077
-440.221
-440.366
-440.51
-440.654
-440.798
-440.943
-441.087
-441.231
-441.375
-441.519
-441.663
-441.807
-441.951
-442.095
-442.239
-442.383
-442.527
-442.671
-442.815
-442.958
-443.102
-443.246
-443.389
-443.533
-443.677
-443.82
-443.964
-444.107
-444.251
-444.394
-444.538
-444.681
-444.825
-444.968
-445.111
-445.254
-445.398
-445.541
-445.684
-445.827
-445.97
-446.114
-446.257
-446.4
-446.543
-446.686
-446.828
-446.971
-447.114
-447.257
-447.4
-447.543
-447.685
-447.828
-447.971
-448.114
-448.256
-448.399
-448.541
-448.684
-448.826
-448.969
-449.111
-449.254
-449.396
-449.538
-449.681
-449.823
-449.965
-450.107
-450.25
-450.392
-450.534
-450.676
-450.818
-450.96
-451.102
-451.244
-451.386
-451.528
-451.67
-451.812
-451.953
-452.095
-452.237
-452.379
-452.52
-452.662
-452.804
-452.945
-453.087
-453.228
-453.37
-453.511
-453.653
-453.794
-453.936
-454.077
-454.218
-454.359
-454.501
-454.642
-454.783
-454.924
-455.065
-455.207
-455.348
-455.489
-455.63
-455.771
-455.912
-456.052
-456.193
-456.334
-456.475
-456.616
-456.757
-456.897
-457.038
-457.179
-457.319
-457.46
-457.6
-457.741
-457.881
-458.022
-458.162
-458.303
-458.443
-458.584
-458.724
-458.864
-459.004
-459.145
-459.285
-459.425
-459.565
-459.705
-459.845
-459.985
-460.125
-460.265
-460.405
-460.545
-460.685
-460.825
-460.965
-461.104
-461.244
-461.384
-461.524
-461.663
-461.803
-461.943
-462.082
-462.222
-462.361
-462.501
-462.64
-462.78
-462.919
-463.058
-463.198
-463.337
-463.476
-463.615
-463.755
-463.894
-464.033
-464.172
-464.311
-464.45
-464.589
-464.728
-464.867
-465.006
-465.145
-465.284
-465.423
-465.561
-465.7
-465.839
-465.977
-466.116
-466.255
-466.393
-466.532
-466.671
-466.809
-466.948
-467.086
-467.224
-467.363
-467.501
-467.639
-467.778
-467.916
-468.054
-468.192
-468.331
-468.469
-468.607
-468.745
-468.883
-469.021
-469.159
-469.297
-469.435
-469.573
-469.711
-469.848
-469.986
-470.124
-470.262
-470.399
-470.537
-470.675
-470.812
-470.95
-471.087
-471.225
-471.362
-471.5
-471.637
-471.775
-471.912
-472.049
-472.187
-472.324
-472.461
-472.598
-472.736
-472.873
-473.01
-473.147
-473.284
-473.421
-473.558
-473.695
-473.832
-473.969
-474.106
-474.242
-474.379
-474.516
-474.653
-474.789
-474.926
-475.063
-475.199
-475.336
-475.472
-475.609
-475.745
-475.882
-476.018
-476.155
-476.291
-476.427
-476.564
-476.7
-476.836
-476.972
-477.109
-477.245
-477.381
-477.517
-477.653
-477.789
-477.925
-478.061
-478.197
-478.333
-478.469
-478.605
-478.74
-478.876
-479.012
-479.148
-479.283
-479.419
-479.554
-479.69
-479.826
-479.961
-480.097
-480.232
-480.368
-480.503
-480.638
-480.774
-480.909
-481.044
-481.179
-481.315
-481.45
-481.585
-481.72
-481.855
-481.99
-482.125
-482.26
-482.395
-482.53
-482.665
-482.8
-482.935
-483.07
-483.204
-483.339
-483.474
-483.608
-483.743
-483.878
-484.012
-484.147
-484.281
-484.416
-484.55
-484.685
-484.819
-484.954
-485.088
-485.222
-485.356
-485.491
-485.625
-485.759
-485.893
-486.027
-486.161
-486.296
-486.43
-486.564
-486.698
-486.831
-486.965
-487.099
-487.233
-487.367
-487.501
-487.634
-487.768
-487.902
-488.035
-488.169
-488.303
-488.436
-488.57
-488.703
-488.837
-488.97
-489.104
-489.237
-489.37
-489.504
-489.637
-489.77
-489.903
-490.037
-490.17
-490.303
-490.436
-490.569
-490.702
-490.835
-490.968
-491.101
-491.234
-491.367
-491.5
-491.632
-491.765
-491.898
-492.031
-492.163
-492.296
-492.429
-492.561
-492.694
-492.826
-492.959
-493.091
-493.224
-493.356
-493.488
-493.621
-493.753
-493.885
-494.018
-494.15
-494.282
-494.414
-494.546
-494.678
-494.81
-494.943
-495.075
-495.207
-495.338
-495.47
-495.602
-495.734
-495.866
-495.998
-496.129
-496.261
-496.393
-496.525
-496.656
-496.788
-496.919
-497.051
-497.182
-497.314
-497.445
-497.577
-497.708
-497.839
-497.971
-498.102
-498.233
-498.364
-498.496
-498.627
-498.758
-498.889
-499.02
-499.151
-499.282
-499.413
-499.544
-499.675
-499.806
-499.937
-500.068
-500.198
-500.329
-500.46
-500.591
-500.721
-500.852
-500.982
-501.113
-501.244
-501.374
-501.505
-501.635
-501.765
-501.896
-502.026
-502.156
-502.287
-502.417
-502.547
-502.677
-502.808
-502.938
-503.068
-503.198
-503.328
-503.458
-503.588
-503.718
-503.848
-503.978
-504.108
-504.237
-504.367
-504.497
-504.627
-504.756
-504.886
-505.016
-505.145
-505.275
-505.404
-505.534
-505.663
-505.793
-505.922
-506.052
-506.181
-506.31
-506.44
-506.569
-506.698
-506.827
-506.956
-507.086
-507.215
-507.344
-507.473
-507.602
-507.731
-507.86
-507.989
-508.118
-508.246
-508.375
-508.504
-508.633
-508.762
-508.89
-509.019
-509.148
-509.276
-509.405
-509.533
-509.662
-509.79
-509.919
-510.047
-510.176
-510.304
-510.432
-510.561
-510.689
-510.817
-510.945
-511.073
-511.202
-511.33
-511.458
-511.586
-511.714
-511.842
-511.97
-512.098
-512.226
-512.354
-512.481
-512.609
-512.737
-512.865
-512.992
-513.12
-513.248
-513.375
-513.503
-513.63
-513.758
-513.885
-514.013
-514.14
-514.268
-514.395
-514.522
-514.65
-514.777
-514.904
-515.031
-515.159
-515.286
-515.413
-515.54
-515.667
-515.794
-515.921
-516.048
-516.175
-516.302
-516.429
-516.556
-516.682
-516.809
-516.936
-517.063
-517.189
-517.316
-517.442
-517.569
-517.696
-517.822
-517.949
-518.075
-518.202
-518.328
-518.454
-518.581
-518.707
-518.833
-518.959
-519.086
-519.212
-519.338
-519.464
-519.59
-519.716
-519.842
-519.968
-520.094
-520.22
-520.346
-520.472
-520.598
-520.724
-520.849
-520.975
-521.101
-521.227
-521.352
-521.478
-521.603
-521.729
-521.855
-521.98
-522.105
-522.231
-522.356
-522.482
-522.607
-522.732
-522.858
-522.983
-523.108
-523.233
-523.358
-523.484
-523.609
-523.734
-523.859
-523.984
-524.109
-524.234
-524.359
-524.483
-524.608
-524.733
-524.858
-524.983
-525.107
-525.232
-525.357
-525.481
-525.606
-525.73
-525.855
-525.979
-526.104
-526.228
-526.353
-526.477
-526.602
-526.726
-526.85
-526.974
-527.099
-527.223
-527.347
-527.471
-527.595
-527.719
-527.843
-527.967
-528.091
-528.215
-528.339
-528.463
-528.587
-528.711
-528.834
-528.958
-529.082
-529.206
-529.329
-529.453
-529.576
-529.7
-529.824
-529.947
-530.071
-530.194
-530.317
-530.441
-530.564
-530.687
-530.811
-530.934
-531.057
-531.18
-531.304
-531.427
-531.55
-531.673
-531.796
-531.919
-532.042
-532.165
-532.288
-532.411
-532.534
-532.656
-532.779
-532.902
-533.025
-533.147
-533.27
-533.393
-533.515
-533.638
-533.76
-533.883
-534.005
-534.128
-534.25
-534.373
-534.495
-534.617
-534.74
-534.862
-534.984
-535.106
-535.228
-535.351
-535.473
-535.595
-535.717
-535.839
-535.961
-536.083
-536.205
-536.326
-536.448
-536.57
-536.692
-536.814
-536.935
-537.057
-537.179
-537.3
-537.422
-537.544
-537.665
-537.787
-537.908
-538.03
-538.151
-538.272
-538.394
-538.515
-538.636
-538.758
-538.879
-539
-539.121
-539.242
-539.364
-539.485
-539.606
-539.727
-539.848
-539.969
-540.09
-540.21
-540.331
-540.452
-540.573
-540.694
-540.814
-540.935
-541.056
-541.176
-541.297
-541.418
-541.538
-541.659
-541.779
-541.9
-542.02
-542.141
-542.261
-542.381
-542.502
-542.622
-542.742
-542.862
-542.982
-543.103
-543.223
-543.343
-543.463
-543.583
-543.703
-543.823
-543.943
-544.063
-544.182
-544.302
-544.422
-544.542
-544.662
-544.781
-544.901
-545.021
-545.14
-545.26
-545.379
-545.499
-545.618
-545.738
-545.857
-545.977
-546.096
-546.215
-546.335
-546.454
-546.573
-546.692
-546.812
-546.931
-547.05
-547.169
-547.288
-547.407
-547.526
-547.645
-547.764
-547.883
-548.002
-548.121
-548.239
-548.358
-548.477
-548.596
-548.714
-548.833
-548.952
-549.07
-549.189
-549.307
-549.426
-549.544
-549.663
-549.781
-549.899
-550.018
-550.136
-550.254
-550.373
-550.491
-550.609
-550.727
-550.845
-550.963
-551.081
-551.199
-551.317
-551.435
-551.553
-551.671
-551.789
-551.907
-552.025
-552.143
-552.26
-552.378
-552.496
-552.613
-552.731
-552.849
-552.966
-553.084
-553.201
-553.319
-553.436
-553.554
-553.671
-553.788
-553.906
-554.023
-554.14
-554.257
-554.375
-554.492
-554.609
-554.726
-554.843
-554.96
-555.077
-555.194
-555.311
-555.428
-555.545
-555.662
-555.778
-555.895
-556.012
-556.129
-556.245
-556.362
-556.479
-556.595
-556.712
-556.828
-556.945
-557.061
-557.178
-557.294
-557.411
-557.527
-557.643
-557.76
-557.876
-557.992
-558.108
-558.224
-558.341
-558.457
-558.573
-558.689
-558.805
-558.921
-559.037
-559.153
-559.268
-559.384
-559.5
-559.616
-559.732
-559.847
-559.963
-560.079
-560.194
-560.31
-560.426
-560.541
-560.657
-560.772
-560.888
-561.003
-561.118
-561.234
-561.349
-561.464
-561.58
-561.695
-561.81
-561.925
-562.04
-562.155
-562.271
-562.386
-562.501
-562.616
-562.731
-562.845
-562.96
-563.075
-563.19
-563.305
-563.42
-563.534
-563.649
-563.764
-563.878
-563.993
-564.108
-564.222
-564.337
-564.451
-564.566
-564.68
-564.794
-564.909
-565.023
-565.137
-565.252
-565.366
-565.48
-565.594
-565.708
-565.823
-565.937
-566.051
-566.165
-566.279
-566.393
-566.507
-566.62
-566.734
-566.848
-566.962
-567.076
-567.189
-567.303
-567.417
-567.53
-567.644
-567.758
-567.871
-567.985
-568.098
-568.212
-568.325
-568.439
-568.552
-568.665
-568.779
-568.892
-569.005
-569.118
-569.231
-569.345
-569.458
-569.571
-569.684
-569.797
-569.91
-570.023
-570.136
-570.249
-570.362
-570.474
-570.587
-570.7
-570.813
-570.925
-571.038
-571.151
-571.263
-571.376
-571.489
-571.601
-571.714
-571.826
-571.938
-572.051
-572.163
-572.276
-572.388
-572.5
-572.612
-572.725
-572.837
-572.949
-573.061
-573.173
-573.285
-573.397
-573.509
-573.621
-573.733
-573.845
-573.957
-574.069
-574.181
-574.292
-574.404
-574.516
-574.628
-574.739
-574.851
-574.962
-575.074
-575.186
-575.297
-575.408
-575.52
-575.631
-575.743
-575.854
-575.965
-576.077
-576.188
-576.299
-576.41
-576.521
-576.633
-576.744
-576.855
-576.966
-577.077
-577.188
-577.299
-577.41
-577.521
-577.631
-577.742
-577.853
-577.964
-578.074
-578.185
-578.296
-578.406
-578.517
-578.628
-578.738
-578.849
-578.959
-579.07
-579.18
-579.29
-579.401
-579.511
-579.621
-579.732
-579.842
-579.952
-580.062
-580.172
-580.282
-580.392
-580.503
-580.613
-580.723
-580.832
-580.942
-581.052
-581.162
-581.272
-581.382
-581.492
-581.601
-581.711
-581.821
-581.93
-582.04
-582.149
-582.259
-582.368
-582.478
-582.587
-582.697
-582.806
-582.916
-583.025
-583.134
-583.243
-583.353
-583.462
-583.571
-583.68
-583.789
-583.898
-584.007
-584.116
-584.225
-584.334
-584.443
-584.552
-584.661
-584.77
-584.879
-584.987
-585.096
-585.205
-585.314
-585.422
-585.531
-585.639
-585.748
-585.856
-585.965
-586.073
-586.182
-586.29
-586.399
-586.507
-586.615
-586.724
-586.832
-586.94
-587.048
-587.156
-587.264
-587.372
-587.481
-587.589
-587.697
-587.805
-587.912
-588.02
-588.128
-588.236
-588.344
-588.452
-588.559
-588.667
-588.775
-588.882
-588.99
-589.098
-589.205
-589.313
-589.42
-589.528
-589.635
-589.742
-589.85
-589.957
-590.064
-590.172
-590.279
-590.386
-590.493
-590.601
-590.708
-590.815
-590.922
-591.029
-591.136
-591.243
-591.35
-591.457
-591.564
-591.67
-591.777
-591.884
-591.991
-592.097
-592.204
-592.311
-592.417
-592.524
-592.631
-592.737
-592.844
-592.95
-593.056
-593.163
-593.269
-593.376
-593.482
-593.588
-593.694
-593.801
-593.907
-594.013
-594.119
-594.225
-594.331
-594.437
-594.543
-594.649
-594.755
-594.861
-594.967
-595.073
-595.179
-595.284
-595.39
-595.496
-595.602
-595.707
-595.813
-595.919
-596.024
-596.13
-596.235
-596.341
-596.446
-596.551
-596.657
-596.762
-596.868
-596.973
-597.078
-597.183
-597.289
-597.394
-597.499
-597.604
-597.709
-597.814
-597.919
-598.024
-598.129
-598.234
-598.339
-598.444
-598.548
-598.653
-598.758
-598.863
-598.967
-599.072
-599.177
-599.281
-599.386
-599.49
-599.595
-599.699
-599.804
-599.908
-600.013
-600.117
-600.221
-600.326
-600.43
-600.534
-600.638
-600.743
-600.847
-600.951
-601.055
-601.159
-601.263
-601.367
-601.471
-601.575
-601.679
-601.783
-601.886
-601.99
-602.094
-602.198
-602.301
-602.405
-602.509
-602.612
-602.716
-602.819
-602.923
-603.026
-603.13
-603.233
-603.337
-603.44
-603.543
-603.647
-603.75
-603.853
-603.956
-604.06
-604.163
-604.266
-604.369
-604.472
-604.575
-604.678
-604.781
-604.884
-604.987
-605.09
-605.193
-605.295
-605.398
-605.501
-605.604
-605.706
-605.809
-605.911
-606.014
-606.117
-606.219
-606.322
-606.424
-606.527
-606.629
-606.731
-606.834
-606.936
-607.038
-607.141
-607.243
-607.345
-607.447
-607.549
-607.651
-607.753
-607.855
-607.957
-608.059
-608.161
-608.263
-608.365
-608.467
-608.569
-608.67
-608.772
-608.874
-608.976
-609.077
-609.179
-609.28
-609.382
-609.484
-609.585
-609.687
-609.788
-609.889
-609.991
-610.092
-610.193
-610.295
-610.396
-610.497
-610.598
-610.7
-610.801
-610.902
-611.003
-611.104
-611.205
-611.306
-611.407
-611.508
-611.609
-611.709
-611.81
-611.911
-612.012
-612.113
-612.213
-612.314
-612.415
-612.515
-612.616
-612.716
-612.817
-612.917
-613.018
-613.118
-613.218
-613.319
-613.419
-613.519
-613.62
-613.72
-613.82
-613.92
-614.02
-614.121
-614.221
-614.321
-614.421
-614.521
-614.621
-614.721
-614.82
-614.92
-615.02
-615.12
-615.22
-615.319
-615.419
-615.519
-615.618
-615.718
-615.818
-615.917
-616.017
-616.116
-616.216
-616.315
-616.414
-616.514
-616.613
-616.712
-616.812
-616.911
-617.01
-617.109
-617.208
-617.307
-617.407
-617.506
-617.605
-617.704
-617.803
-617.902
-618
-618.099
-618.198
-618.297
-618.396
-618.494
-618.593
-618.692
-618.79
-618.889
-618.988
-619.086
-619.185
-619.283
-619.382
-619.48
-619.579
-619.677
-619.775
-619.874
-619.972
-620.07
-620.168
-620.266
-620.365
-620.463
-620.561
-620.659
-620.757
-620.855
-620.953
-621.051
-621.149
-621.247
-621.344
-621.442
-621.54
-621.638
-621.735
-621.833
-621.931
-622.028
-622.126
-622.224
-622.321
-622.419
-622.516
-622.613
-622.711
-622.808
-622.906
-623.003
-623.1
-623.197
-623.295
-623.392
-623.489
-623.586
-623.683
-623.78
-623.877
-623.974
-624.071
-624.168
-624.265
-624.362
-624.459
-624.556
-624.652
-624.749
-624.846
-624.943
-625.039
-625.136
-625.233
-625.329
-625.426
-625.522
-625.619
-625.715
-625.811
-625.908
-626.004
-626.101
-626.197
-626.293
-626.389
-626.486
-626.582
-626.678
-626.774
-626.87
-626.966
-627.062
-627.158
-627.254
-627.35
-627.446
-627.542
-627.637
-627.733
-627.829
-627.925
-628.02
-628.116
-628.212
-628.307
-628.403
-628.498
-628.594
-628.689
-628.785
-628.88
-628.976
-629.071
-629.166
-629.262
-629.357
-629.452
-629.547
-629.643
-629.738
-629.833
-629.928
-630.023
-630.118
-630.213
-630.308
-630.403
-630.498
-630.593
-630.687
-630.782
-630.877
-630.972
-631.066
-631.161
-631.256
-631.35
-631.445
-631.54
-631.634
-631.729
-631.823
-631.917
-632.012
-632.106
-632.201
-632.295
-632.389
-632.483
-632.578
-632.672
-632.766
-632.86
-632.954
-633.048
-633.142
-633.236
-633.33
-633.424
-633.518
-633.612
-633.706
-633.8
-633.893
-633.987
-634.081
-634.174
-634.268
-634.362
-634.455
-634.549
-634.642
-634.736
-634.829
-634.923
-635.016
-635.11
-635.203
-635.296
-635.39
-635.483
-635.576
-635.669
-635.762
-635.855
-635.949
-636.042
-636.135
-636.228
-636.321
-636.414
-636.507
-636.599
-636.692
-636.785
-636.878
-636.971
-637.063
-637.156
-637.249
-637.341
-637.434
-637.526
-637.619
-637.712
-637.804
-637.896
-637.989
-638.081
-638.174
-638.266
-638.358
-638.45
-638.543
-638.635
-638.727
-638.819
-638.911
-639.003
-639.095
-639.187
-639.279
-639.371
-639.463
-639.555
-639.647
-639.739
-639.831
-639.922
-640.014
-640.106
-640.198
-640.289
-640.381
-640.472
-640.564
-640.655
-640.747
-640.838
-640.93
-641.021
-641.113
-641.204
-641.295
-641.386
-641.478
-641.569
-641.66
-641.751
-641.842
-641.933
-642.024
-642.115
-642.206
-642.297
-642.388
-642.479
-642.57
-642.661
-642.752
-642.842
-642.933
-643.024
-643.115
-643.205
-643.296
-643.386
-643.477
-643.568
-643.658
-643.749
-643.839
-643.929
-644.02
-644.11
-644.2
-644.291
-644.381
-644.471
-644.561
-644.651
-644.742
-644.832
-644.922
-645.012
-645.102
-645.192
-645.282
-645.372
-645.461
-645.551
-645.641
-645.731
-645.821
-645.91
-646
-646.09
-646.179
-646.269
-646.358
-646.448
-646.537
-646.627
-646.716
-646.806
-646.895
-646.985
-647.074
-647.163
-647.252
-647.342
-647.431
-647.52
-647.609
-647.698
-647.787
-647.876
-647.965
-648.054
-648.143
-648.232
-648.321
-648.41
-648.499
-648.588
-648.676
-648.765
-648.854
-648.942
-649.031
-649.12
-649.208
-649.297
-649.385
-649.474
-649.562
-649.651
-649.739
-649.827
-649.916
-650.004
-650.092
-650.18
-650.269
-650.357
-650.445
-650.533
-650.621
-650.709
-650.797
-650.885
-650.973
-651.061
-651.149
-651.237
-651.325
-651.412
-651.5
-651.588
-651.676
-651.763
-651.851
-651.939
-652.026
-652.114
-652.201
-652.289
-652.376
-652.464
-652.551
-652.638
-652.726
-652.813
-652.9
-652.988
-653.075
-653.162
-653.249
-653.336
-653.423
-653.51
-653.597
-653.684
-653.771
-653.858
-653.945
-654.032
-654.119
-654.206
-654.292
-654.379
-654.466
-654.553
-654.639
-654.726
-654.813
-654.899
-654.986
-655.072
-655.159
-655.245
-655.331
-655.418
-655.504
-655.59
-655.677
-655.763
-655.849
-655.935
-656.022
-656.108
-656.194
-656.28
-656.366
-656.452
-656.538
-656.624
-656.71
-656.796
-656.881
-656.967
-657.053
-657.139
-657.225
-657.31
-657.396
-657.482
-657.567
-657.653
-657.738
-657.824
-657.909
-657.995
-658.08
-658.165
-658.251
-658.336
-658.421
-658.507
-658.592
-658.677
-658.762
-658.847
-658.933
-659.018
-659.103
-659.188
-659.273
-659.358
-659.443
-659.527
-659.612
-659.697
-659.782
-659.867
-659.951
-660.036
-660.121
-660.205
-660.29
-660.375
-660.459
-660.544
-660.628
-660.713
-660.797
-660.881
-660.966
-661.05
-661.134
-661.219
-661.303
-661.387
-661.471
-661.556
-661.64
-661.724
-661.808
-661.892
-661.976
-662.06
-662.144
-662.228
-662.311
-662.395
-662.479
-662.563
-662.647
-662.73
-662.814
-662.898
-662.981
-663.065
-663.148
-663.232
-663.316
-663.399
-663.482
-663.566
-663.649
-663.733
-663.816
-663.899
-663.982
-664.066
-664.149
-664.232
-664.315
-664.398
-664.481
-664.564
-664.647
-664.73
-664.813
-664.896
-664.979
-665.062
-665.145
-665.227
-665.31
-665.393
-665.476
-665.558
-665.641
-665.724
-665.806
-665.889
-665.971
-666.054
-666.136
-666.218
-666.301
-666.383
-666.466
-666.548
-666.63
-666.712
-666.795
-666.877
-666.959
-667.041
-667.123
-667.205
-667.287
-667.369
-667.451
-667.533
-667.615
-667.697
-667.779
-667.86
-667.942
-668.024
-668.106
-668.187
-668.269
-668.35
-668.432
-668.514
-668.595
-668.677
-668.758
-668.839
-668.921
-669.002
-669.084
-669.165
-669.246
-669.327
-669.409
-669.49
-669.571
-669.652
-669.733
-669.814
-669.895
-669.976
-670.057
-670.138
-670.219
-670.3
-670.381
-670.462
-670.542
-670.623
-670.704
-670.784
-670.865
-670.946
-671.026
-671.107
-671.187
-671.268
-671.348
-671.429
-671.509
-671.59
-671.67
-671.75
-671.831
-671.911
-671.991
-672.071
-672.151
-672.232
-672.312
-672.392
-672.472
-672.552
-672.632
-672.712
-672.792
-672.871
-672.951
-673.031
-673.111
-673.191
-673.27
-673.35
-673.43
-673.509
-673.589
-673.669
-673.748
-673.828
-673.907
-673.987
-674.066
-674.145
-674.225
-674.304
-674.383
-674.463
-674.542
-674.621
-674.7
-674.779
-674.858
-674.938
-675.017
-675.096
-675.175
-675.254
-675.332
-675.411
-675.49
-675.569
-675.648
-675.727
-675.805
-675.884
-675.963
-676.041
-676.12
-676.199
-676.277
-676.356
-676.434
-676.513
-676.591
-676.669
-676.748
-676.826
-676.904
-676.983
-677.061
-677.139
-677.217
-677.296
-677.374
-677.452
-677.53
-677.608
-677.686
-677.764
-677.842
-677.92
-677.998
-678.075
-678.153
-678.231
-678.309
-678.386
-678.464
-678.542
-678.619
-678.697
-678.775
-678.852
-678.93
-679.007
-679.085
-679.162
-679.239
-679.317
-679.394
-679.471
-679.549
-679.626
-679.703
-679.78
-679.857
-679.934
-680.011
-680.088
-680.165
-680.242
-680.319
-680.396
-680.473
-680.55
-680.627
-680.704
-680.78
-680.857
-680.934
-681.011
-681.087
-681.164
-681.24
-681.317
-681.393
-681.47
-681.546
-681.623
-681.699
-681.776
-681.852
-681.928
-682.004
-682.081
-682.157
-682.233
-682.309
-682.385
-682.461
-682.537
-682.613
-682.689
-682.765
-682.841
-682.917
-682.993
-683.069
-683.145
-683.221
-683.296
-683.372
-683.448
-683.523
-683.599
-683.675
-683.75
-683.826
-683.901
-683.977
-684.052
-684.127
-684.203
-684.278
-684.353
-684.429
-684.504
-684.579
-684.654
-684.73
-684.805
-684.88
-684.955
-685.03
-685.105
-685.18
-685.255
-685.33
-685.405
-685.479
-685.554
-685.629
-685.704
-685.779
-685.853
-685.928
-686.003
-686.077
-686.152
-686.226
-686.301
-686.375
-686.45
-686.524
-686.598
-686.673
-686.747
-686.821
-686.896
-686.97
-687.044
-687.118
-687.192
-687.267
-687.341
-687.415
-687.489
-687.563
-687.637
-687.711
-687.784
-687.858
-687.932
-688.006
-688.08
-688.153
-688.227
-688.301
-688.374
-688.448
-688.522
-688.595
-688.669
-688.742
-688.816
-688.889
-688.963
-689.036
-689.109
-689.183
-689.256
-689.329
-689.402
-689.475
-689.549
-689.622
-689.695
-689.768
-689.841
-689.914
-689.987
-690.06
-690.133
-690.206
-690.278
-690.351
-690.424
-690.497
-690.57
-690.642
-690.715
-690.788
-690.86
-690.933
-691.005
-691.078
-691.15
-691.223
-691.295
-691.367
-691.44
-691.512
-691.584
-691.657
-691.729
-691.801
-691.873
-691.945
-692.017
-692.09
-692.162
-692.234
-692.306
-692.378
-692.449
-692.521
-692.593
-692.665
-692.737
-692.809
-692.88
-692.952
-693.024
-693.095
-693.167
-693.239
-693.31
-693.382
-693.453
-693.525
-693.596
-693.667
-693.739
-693.81
-693.881
-693.953
-694.024
-694.095
-694.166
-694.237
-694.309
-694.38
-694.451
-694.522
-694.593
-694.664
-694.735
-694.806
-694.876
-694.947
-695.018
-695.089
-695.16
-695.23
-695.301
-695.372
-695.442
-695.513
-695.583
-695.654
-695.724
-695.795
-695.865
-695.936
-696.006
-696.076
-696.147
-696.217
-696.287
-696.358
-696.428
-696.498
-696.568
-696.638
-696.708
-696.778
-696.848
-696.918
-696.988
-697.058
-697.128
-697.198
-697.268
-697.337
-697.407
-697.477
-697.547
-697.616
-697.686
-697.756
-697.825
-697.895
-697.964
-698.034
-698.103
-698.173
-698.242
-698.311
-698.381
-698.45
-698.519
-698.588
-698.658
-698.727
-698.796
-698.865
-698.934
-699.003
-699.072
-699.141
-699.21
-699.279
-699.348
-699.417
-699.486
-699.555
-699.623
-699.692
-699.761
-699.83
-699.898
-699.967
-700.035
-700.104
-700.172
-700.241
-700.309
-700.378
-700.446
-700.515
-700.583
-700.651
-700.72
-700.788
-700.856
-700.924
-700.992
-701.061
-701.129
-701.197
-701.265
-701.333
-701.401
-701.469
-701.537
-701.605
-701.672
-701.74
-701.808
-701.876
-701.943
-702.011
-702.079
-702.146
-702.214
-702.282
-702.349
-702.417
-702.484
-702.552
-702.619
-702.686
-702.754
-702.821
-702.888
-702.956
-703.023
-703.09
-703.157
-703.224
-703.292
-703.359
-703.426
-703.493
-703.56
-703.627
-703.694
-703.761
-703.827
-703.894
-703.961
-704.028
-704.095
-704.161
-704.228
-704.295
-704.361
-704.428
-704.494
-704.561
-704.627
-704.694
-704.76
-704.827
-704.893
-704.959
-705.026
-705.092
-705.158
-705.225
-705.291
-705.357
-705.423
-705.489
-705.555
-705.621
-705.687
-705.753
-705.819
-705.885
-705.951
-706.017
-706.083
-706.148
-706.214
-706.28
-706.346
-706.411
-706.477
-706.543
-706.608
-706.674
-706.739
-706.805
-706.87
-706.936
-707.001
-707.066
-707.132
-707.197
-707.262
-707.327
-707.393
-707.458
-707.523
-707.588
-707.653
-707.718
-707.783
-707.848
-707.913
-707.978
-708.043
-708.108
-708.173
-708.238
-708.302
-708.367
-708.432
-708.496
-708.561
-708.626
-708.69
-708.755
-708.819
-708.884
-708.948
-709.013
-709.077
-709.142
-709.206
-709.27
-709.335
-709.399
-709.463
-709.527
-709.591
-709.656
-709.72
-709.784
-709.848
-709.912
-709.976
-710.04
-710.104
-710.167
-710.231
-710.295
-710.359
-710.423
-710.486
-710.55
-710.614
-710.677
-710.741
-710.805
-710.868
-710.932
-710.995
-711.059
-711.122
-711.185
-711.249
-711.312
-711.375
-711.439
-711.502
-711.565
-711.628
-711.692
-711.755
-711.818
-711.881
-711.944
-712.007
-712.07
-712.133
-712.196
-712.258
-712.321
-712.384
-712.447
-712.51
-712.572
-712.635
-712.698
-712.76
-712.823
-712.885
-712.948
-713.011
-713.073
-713.135
-713.198
-713.26
-713.323
-713.385
-713.447
-713.509
-713.572
-713.634
-713.696
-713.758
-713.82
-713.882
-713.944
-714.006
-714.068
-714.13
-714.192
-714.254
-714.316
-714.378
-714.44
-714.501
-714.563
-714.625
-714.686
-714.748
-714.81
-714.871
-714.933
-714.994
-715.056
-715.117
-715.179
-715.24
-715.302
-715.363
-715.424
-715.485
-715.547
-715.608
-715.669
-715.73
-715.791
-715.852
-715.914
-715.975
-716.036
-716.097
-716.157
-716.218
-716.279
-716.34
-716.401
-716.462
-716.522
-716.583
-716.644
-716.704
-716.765
-716.826
-716.886
-716.947
-717.007
-717.068
-717.128
-717.189
-717.249
-717.309
-717.37
-717.43
-717.49
-717.551
-717.611
-717.671
-717.731
-717.791
-717.851
-717.911
-717.971
-718.031
-718.091
-718.151
-718.211
-718.271
-718.331
-718.391
-718.45
-718.51
-718.57
-718.629
-718.689
-718.749
-718.808
-718.868
-718.927
-718.987
-719.046
-719.106
-719.165
-719.225
-719.284
-719.343
-719.402
-719.462
-719.521
-719.58
-719.639
-719.698
-719.757
-719.817
-719.876
-719.935
-719.994
-720.053
-720.111
-720.17
-720.229
-720.288
-720.347
-720.406
-720.464
-720.523
-720.582
-720.64
-720.699
-720.757
-720.816
-720.874
-720.933
-720.991
-721.05
-721.108
-721.167
-721.225
-721.283
-721.341
-721.4
-721.458
-721.516
-721.574
-721.632
-721.69
-721.749
-721.807
-721.865
-721.922
-721.98
-722.038
-722.096
-722.154
-722.212
-722.27
-722.327
-722.385
-722.443
-722.5
-722.558
-722.616
-722.673
-722.731
-722.788
-722.846
-722.903
-722.961
-723.018
-723.075
-723.133
-723.19
-723.247
-723.304
-723.362
-723.419
-723.476
-723.533
-723.59
-723.647
-723.704
-723.761
-723.818
-723.875
-723.932
-723.989
-724.046
-724.102
-724.159
-724.216
-724.273
-724.329
-724.386
-724.442
-724.499
-724.556
-724.612
-724.669
-724.725
-724.781
-724.838
-724.894
-724.951
-725.007
-725.063
-725.119
-725.176
-725.232
-725.288
-725.344
-725.4
-725.456
-725.512
-725.568
-725.624
-725.68
-725.736
-725.792
-725.848
-725.904
-725.959
-726.015
-726.071
-726.127
-726.182
-726.238
-726.294
-726.349
-726.405
-726.46
-726.516
-726.571
-726.626
-726.682
-726.737
-726.793
-726.848
-726.903
-726.958
-727.014
-727.069
-727.124
-727.179
-727.234
-727.289
-727.344
-727.399
-727.454
-727.509
-727.564
-727.619
-727.674
-727.728
-727.783
-727.838
-727.893
-727.947
-728.002
-728.057
-728.111
-728.166
-728.22
-728.275
-728.329
-728.384
-728.438
-728.493
-728.547
-728.601
-728.655
-728.71
-728.764
-728.818
-728.872
-728.926
-728.981
-729.035
-729.089
-729.143
-729.197
-729.251
-729.305
-729.358
-729.412
-729.466
-729.52
-729.574
-729.627
-729.681
-729.735
-729.788
-729.842
-729.896
-729.949
-730.003
-730.056
-730.11
-730.163
-730.216
-730.27
-730.323
-730.376
-730.43
-730.483
-730.536
-730.589
-730.643
-730.696
-730.749
-730.802
-730.855
-730.908
-730.961
-731.014
-731.067
-731.12
-731.172
-731.225
-731.278
-731.331
-731.384
-731.436
-731.489
-731.542
-731.594
-731.647
-731.699
-731.752
-731.804
-731.857
-731.909
-731.962
-732.014
-732.066
-732.118
-732.171
-732.223
-732.275
-732.327
-732.38
-732.432
-732.484
-732.536
-732.588
-732.64
-732.692
-732.744
-732.796
-732.847
-732.899
-732.951
-733.003
-733.055
-733.106
-733.158
-733.21
-733.261
-733.313
-733.365
-733.416
-733.468
-733.519
-733.57
-733.622
-733.673
-733.725
-733.776
-733.827
-733.878
-733.93
-733.981
-734.032
-734.083
-734.134
-734.185
-734.236
-734.287
-734.338
-734.389
-734.44
-734.491
-734.542
-734.593
-734.644
-734.695
-734.745
-734.796
-734.847
-734.897
-734.948
-734.999
-735.049
-735.1
-735.15
-735.201
-735.251
-735.301
-735.352
-735.402
-735.452
-735.503
-735.553
-735.603
-735.653
-735.704
-735.754
-735.804
-735.854
-735.904
-735.954
-736.004
-736.054
-736.104
-736.154
-736.203
-736.253
-736.303
-736.353
-736.403
-736.452
-736.502
-736.552
-736.601
-736.651
-736.7
-736.75
-736.799
-736.849
-736.898
-736.948
-736.997
-737.046
-737.096
-737.145
-737.194
-737.243
-737.293
-737.342
-737.391
-737.44
-737.489
-737.538
-737.587
-737.636
-737.685
-737.734
-737.783
-737.832
-737.88
-737.929
-737.978
-738.027
-738.075
-738.124
-738.173
-738.221
-738.27
-738.318
-738.367
-738.415
-738.464
-738.512
-738.561
-738.609
-738.657
-738.706
-738.754
-738.802
-738.85
-738.899
-738.947
-738.995
-739.043
-739.091
-739.139
-739.187
-739.235
-739.283
-739.331
-739.379
-739.427
-739.474
-739.522
-739.57
-739.618
-739.665
-739.713
-739.761
-739.808
-739.856
-739.903
-739.951
-739.998
-740.046
-740.093
-740.141
-740.188
-740.235
-740.283
-740.33
-740.377
-740.424
-740.471
-740.519
-740.566
-740.613
-740.66
-740.707
-740.754
-740.801
-740.848
-740.895
-740.942
-740.988
-741.035
-741.082
-741.129
-741.175
-741.222
-741.269
-741.315
-741.362
-741.409
-741.455
-741.502
-741.548
-741.595
-741.641
-741.687
-741.734
-741.78
-741.826
-741.873
-741.919
-741.965
-742.011
-742.057
-742.103
-742.149
-742.196
-742.242
-742.288
-742.333
-742.379
-742.425
-742.471
-742.517
-742.563
-742.609
-742.654
-742.7
-742.746
-742.791
-742.837
-742.883
-742.928
-742.974
-743.019
-743.065
-743.11
-743.156
-743.201
-743.246
-743.292
-743.337
-743.382
-743.427
-743.473
-743.518
-743.563
-743.608
-743.653
-743.698
-743.743
-743.788
-743.833
-743.878
-743.923
-743.968
-744.013
-744.057
-744.102
-744.147
-744.192
-744.236
-744.281
-744.326
-744.37
-744.415
-744.459
-744.504
-744.548
-744.593
-744.637
-744.681
-744.726
-744.77
-744.814
-744.859
-744.903
-744.947
-744.991
-745.035
-745.079
-745.123
-745.168
-745.212
-745.256
-745.299
-745.343
-745.387
-745.431
-745.475
-745.519
-745.563
-745.606
-745.65
-745.694
-745.737
-745.781
-745.825
-745.868
-745.912
-745.955
-745.999
-746.042
-746.085
-746.129
-746.172
-746.215
-746.259
-746.302
-746.345
-746.388
-746.432
-746.475
-746.518
-746.561
-746.604
-746.647
-746.69
-746.733
-746.776
-746.819
-746.862
-746.904
-746.947
-746.99
-747.033
-747.075
-747.118
-747.161
-747.203
-747.246
-747.288
-747.331
-747.373
-747.416
-747.458
-747.501
-747.543
-747.585
-747.628
-747.67
-747.712
-747.755
-747.797
-747.839
-747.881
-747.923
-747.965
-748.007
-748.049
-748.091
-748.133
-748.175
-748.217
-748.259
-748.301
-748.342
-748.384
-748.426
-748.468
-748.509
-748.551
-748.593
-748.634
-748.676
-748.717
-748.759
-748.8
-748.842
-748.883
-748.924
-748.966
-749.007
-749.048
-749.09
-749.131
-749.172
-749.213
-749.254
-749.295
-749.337
-749.378
-749.419
-749.46
-749.501
-749.541
-749.582
-749.623
-749.664
-749.705
-749.746
-749.786
-749.827
-749.868
-749.908
-749.949
-749.99
-750.03
-750.071
-750.111
-750.152
-750.192
-750.232
-750.273
-750.313
-750.354
-750.394
-750.434
-750.474
-750.514
-750.555
-750.595
-750.635
-750.675
-750.715
-750.755
-750.795
-750.835
-750.875
-750.915
-750.955
-750.994
-751.034
-751.074
-751.114
-751.153
-751.193
-751.233
-751.272
-751.312
-751.352
-751.391
-751.431
-751.47
-751.51
-751.549
-751.588
-751.628
-751.667
-751.706
-751.746
-751.785
-751.824
-751.863
-751.902
-751.941
-751.98
-752.019
-752.058
-752.097
-752.136
-752.175
-752.214
-752.253
-752.292
-752.331
-752.37
-752.408
-752.447
-752.486
-752.524
-752.563
-752.602
-752.64
-752.679
-752.717
-752.756
-752.794
-752.832
-752.871
-752.909
-752.948
-752.986
-753.024
-753.062
-753.101
-753.139
-753.177
-753.215
-753.253
-753.291
-753.329
-753.367
-753.405
-753.443
-753.481
-753.519
-753.557
-753.594
-753.632
-753.67
-753.708
-753.745
-753.783
-753.821
-753.858
-753.896
-753.933
-753.971
-754.008
-754.046
-754.083
-754.121
-754.158
-754.195
-754.233
-754.27
-754.307
-754.344
-754.381
-754.419
-754.456
-754.493
-754.53
-754.567
-754.604
-754.641
-754.678
-754.715
-754.752
-754.788
-754.825
-754.862
-754.899
-754.936
-754.972
-755.009
-755.046
-755.082
-755.119
-755.155
-755.192
-755.228
-755.265
-755.301
-755.338
-755.374
-755.41
-755.447
-755.483
-755.519
-755.555
-755.592
-755.628
-755.664
-755.7
-755.736
-755.772
-755.808
-755.844
-755.88
-755.916
-755.952
-755.988
-756.023
-756.059
-756.095
-756.131
-756.166
-756.202
-756.238
-756.273
-756.309
-756.344
-756.38
-756.416
-756.451
-756.486
-756.522
-756.557
-756.593
-756.628
-756.663
-756.698
-756.734
-756.769
-756.804
-756.839
-756.874
-756.909
-756.944
-756.979
-757.014
-757.049
-757.084
-757.119
-757.154
-757.189
-757.224
-757.258
-757.293
-757.328
-757.363
-757.397
-757.432
-757.466
-757.501
-757.536
-757.57
-757.605
-757.639
-757.673
-757.708
-757.742
-757.776
-757.811
-757.845
-757.879
-757.913
-757.948
-757.982
-758.016
-758.05
-758.084
-758.118
-758.152
-758.186
-758.22
-758.254
-758.288
-758.322
-758.355
-758.389
-758.423
-758.457
-758.49
-758.524
-758.558
-758.591
-758.625
-758.659
-758.692
-758.726
-758.759
-758.792
-758.826
-758.859
-758.893
-758.926
-758.959
-758.992
-759.026
-759.059
-759.092
-759.125
-759.158
-759.191
-759.224
-759.257
-759.29
-759.323
-759.356
-759.389
-759.422
-759.455
-759.488
-759.52
-759.553
-759.586
-759.619
-759.651
-759.684
-759.716
-759.749
-759.782
-759.814
-759.847
-759.879
-759.911
-759.944
-759.976
-760.008
-760.041
-760.073
-760.105
-760.137
-760.17
-760.202
-760.234
-760.266
-760.298
-760.33
-760.362
-760.394
-760.426
-760.458
-760.49
-760.522
-760.554
-760.585
-760.617
-760.649
-760.681
-760.712
-760.744
-760.775
-760.807
-760.839
-760.87
-760.902
-760.933
-760.965
-760.996
-761.027
-761.059
-761.09
-761.121
-761.153
-761.184
-761.215
-761.246
-761.277
-761.308
-761.34
-761.371
-761.402
-761.433
-761.464
-761.495
-761.525
-761.556
-761.587
-761.618
-761.649
-761.68
-761.71
-761.741
-761.772
-761.802
-761.833
-761.863
-761.894
-761.925
-761.955
-761.985
-762.016
-762.046
-762.077
-762.107
-762.137
-762.168
-762.198
-762.228
-762.258
-762.289
-762.319
-762.349
-762.379
-762.409
-762.439
-762.469
-762.499
-762.529
-762.559
-762.589
-762.618
-762.648
-762.678
-762.708
-762.738
-762.767
-762.797
-762.827
-762.856
-762.886
-762.915
-762.945
-762.974
-763.004
-763.033
-763.063
-763.092
-763.121
-763.151
-763.18
-763.209
-763.238
-763.268
-763.297
-763.326
-763.355
-763.384
-763.413
-763.442
-763.471
-763.5
-763.529
-763.558
-763.587
-763.616
-763.645
-763.673
-763.702
-763.731
-763.76
-763.788
-763.817
-763.845
-763.874
-763.903
-763.931
-763.96
-763.988
-764.017
-764.045
-764.073
-764.102
-764.13
-764.158
-764.187
-764.215
-764.243
-764.271
-764.299
-764.327
-764.356
-764.384
-764.412
-764.44
-764.468
-764.496
-764.524
-764.551
-764.579
-764.607
-764.635
-764.663
-764.69
-764.718
-764.746
-764.773
-764.801
-764.829
-764.856
-764.884
-764.911
-764.939
-764.966
-764.994
-765.021
-765.048
-765.076
-765.103
-765.13
-765.158
-765.185
-765.212
-765.239
-765.266
-765.293
-765.321
-765.348
-765.375
-765.402
-765.429
-765.456
-765.482
-765.509
-765.536
-765.563
-765.59
-765.617
-765.643
-765.67
-765.697
-765.723
-765.75
-765.777
-765.803
-765.83
-765.856
-765.883
-765.909
-765.935
-765.962
-765.988
-766.015
-766.041
-766.067
-766.093
-766.12
-766.146
-766.172
-766.198
-766.224
-766.25
-766.276
-766.302
-766.328
-766.354
-766.38
-766.406
-766.432
-766.458
-766.484
-766.51
-766.535
-766.561
-766.587
-766.613
-766.638
-766.664
-766.689
-766.715
-766.741
-766.766
-766.792
-766.817
-766.842
-766.868
-766.893
-766.919
-766.944
-766.969
-766.994
-767.02
-767.045
-767.07
-767.095
-767.12
-767.145
-767.171
-767.196
-767.221
-767.246
-767.271
-767.295
-767.32
-767.345
-767.37
-767.395
-767.42
-767.445
-767.469
-767.494
-767.519
-767.543
-767.568
-767.593
-767.617
-767.642
-767.666
-767.691
-767.715
-767.74
-767.764
-767.788
-767.813
-767.837
-767.861
-767.886
-767.91
-767.934
-767.958
-767.983
-768.007
-768.031
-768.055
-768.079
-768.103
-768.127
-768.151
-768.175
-768.199
-768.223
-768.247
-768.271
-768.294
-768.318
-768.342
-768.366
-768.389
-768.413
-768.437
-768.46
-768.484
-768.508
-768.531
-768.555
-768.578
-768.602
-768.625
-768.649
-768.672
-768.695
-768.719
-768.742
-768.766
-768.789
-768.812
-768.835
-768.859
-768.882
-768.905
-768.928
-768.951
-768.974
-768.997
-769.02
-769.043
-769.066
-769.089
-769.112
-769.135
-769.158
-769.181
-769.204
-769.227
-769.249
-769.272
-769.295
-769.318
-769.34
-769.363
-769.386
-769.408
-769.431
-769.454
-769.476
-769.499
-769.521
-769.544
-769.566
-769.589
-769.611
-769.634
-769.656
-769.679
-769.701
-769.723
-769.746
-769.768
-769.79
-769.812
-769.835
-769.857
-769.879
-769.901
-769.924
-769.946
-769.968
-769.99
-770.012
-770.034
-770.056
-770.078
-770.1
-770.122
-770.145
-770.167
-770.189
-770.211
-770.233
-770.254
-770.276
-770.298
-770.32
-770.342
-770.364
-770.386
-770.408
-770.43
-770.452
-770.474
-770.496
-770.518
-770.539
-770.561
-770.583
-770.605
-770.627
-770.649
-770.671
-770.693
-770.715
-770.737
-770.759
-770.781
-770.803
-770.825
-770.847
-770.87
-770.892
-770.914
-770.937
-770.959
-770.982
-771.004
-771.027
-771.05
-771.073
-771.096
-771.12
-771.143
-771.167
-771.192
-771.217
-771.243
-771.27
-771.299
-771.333
