11.0332
10.8343
10.6354
10.4365
10.2376
10.0386
9.83955
9.6405
9.44143
9.24232
9.04319
8.84403
8.64483
8.44561
8.24636
8.04708
7.84777
7.64843
7.44906
7.24966
7.05023
6.85078
6.65129
6.45178
6.25223
6.05266
5.85305
5.65342
5.45376
5.25407
5.05435
4.8546
4.65482
4.45501
4.25517
4.05531
3.85541
3.65549
3.45553
3.25555
3.05553
2.85549
2.65542
2.45532
2.25519
2.05503
1.85484
1.65462
1.45437
1.25409
1.05379
0.853451
0.653085
0.452691
0.252267
0.0518142
-0.148668
-0.34918
-0.549721
-0.750291
-0.950891
-1.15152
-1.35218
-1.55287
-1.75358
-1.95433
-2.1551
-2.35591
-2.55674
-2.75761
-2.9585
-3.15942
-3.36037
-3.56135
-3.76236
-3.9634
-4.16447
-4.36557
-4.56669
-4.76785
-4.96904
-5.17025
-5.37149
-5.57277
-5.77407
-5.9754
-6.17676
-6.37816
-6.57958
-6.78102
-6.9825
-7.18401
-7.38555
-7.58711
-7.78871
-7.99034
-8.19199
-8.39367
-8.59539
-8.79713
-8.9989
-9.2007
-9.40253
-9.60439
-9.80628
-10.0082
-10.2101
-10.4121
-10.6141
-10.8162
-11.0182
-11.2203
-11.4224
-11.6246
-11.8268
-12.029
-12.2312
-12.4335
-12.6358
-12.8381
-13.0405
-13.2429
-13.4453
-13.6477
-13.8502
-14.0527
-14.2552
-14.4578
-14.6604
-14.863
-15.0657
-15.2684
-15.4711
-15.6738
-15.8766
-16.0794
-16.2822
-16.485
-16.6879
-16.8908
-17.0938
-17.2968
-17.4998
-17.7028
-17.9059
-18.1089
-18.3121
-18.5152
-18.7184
-18.9216
-19.1248
-19.3281
-19.5314
-19.7347
-19.9381
-20.1415
-20.3449
-20.5483
-20.7518
-20.9553
-21.1588
-21.3624
-21.566
-21.7696
-21.9732
-22.1769
-22.3806
-22.5843
-22.7881
-22.9919
-23.1957
-23.3996
-23.6035
-23.8074
-24.0113
-24.2153
-24.4193
-24.6233
-24.8274
-25.0314
-25.2356
-25.4397
-25.6439
-25.8481
-26.0523
-26.2566
-26.4609
-26.6652
-26.8695
-27.0739
-27.2783
-27.4828
-27.6872
-27.8917
-28.0963
-28.3008
-28.5054
-28.71
-28.9146
-29.1193
-29.324
-29.5287
-29.7335
-29.9383
-30.1431
-30.348
-30.5528
-30.7577
-30.9627
-31.1676
-31.3726
-31.5777
-31.7827
-31.9878
-32.1929
-32.3981
-32.6032
-32.8084
-33.0137
-33.2189
-33.4242
-33.6295
-33.8349
-34.0402
-34.2456
-34.4511
-34.6565
-34.862
-35.0675
-35.2731
-35.4787
-35.6843
-35.8899
-36.0956
-36.3013
-36.507
-36.7128
-36.9186
-37.1244
-37.3302
-37.5361
-37.742
-37.9479
-38.1539
-38.3599
-38.5659
-38.7719
-38.978
-39.1841
-39.3903
-39.5964
-39.8026
-40.0089
-40.2151
-40.4214
-40.6277
-40.834
-41.0404
-41.2468
-41.4532
-41.6597
-41.8662
-42.0727
-42.2793
-42.4858
-42.6924
-42.8991
-43.1057
-43.3124
-43.5191
-43.7259
-43.9327
-44.1395
-44.3463
-44.5532
-44.7601
-44.967
-45.174
-45.381
-45.588
-45.795
-46.0021
-46.2092
-46.4163
-46.6235
-46.8307
-47.0379
-47.2452
-47.4524
-47.6597
-47.8671
-48.0744
-48.2818
-48.4893
-48.6967
-48.9042
-49.1117
-49.3193
-49.5268
-49.7344
-49.9421
-50.1497
-50.3574
-50.5651
-50.7729
-50.9807
-51.1885
-51.3963
-51.6042
-51.8121
-52.02
-52.2279
-52.4359
-52.6439
-52.852
-53.06
-53.2681
-53.4763
-53.6844
-53.8926
-54.1008
-54.3091
-54.5173
-54.7256
-54.934
-55.1423
-55.3507
-55.5592
-55.7676
-55.9761
-56.1846
-56.3931
-56.6017
-56.8103
-57.0189
-57.2276
-57.4363
-57.645
-57.8537
-58.0625
-58.2713
-58.4801
-58.689
-58.8979
-59.1068
-59.3157
-59.5247
-59.7337
-59.9428
-60.1518
-60.3609
-60.57
-60.7792
-60.9884
-61.1976
-61.4068
-61.6161
-61.8254
-62.0347
-62.2441
-62.4535
-62.6629
-62.8723
-63.0818
-63.2913
-63.5008
-63.7104
-63.92
-64.1296
-64.3393
-64.549
-64.7587
-64.9684
-65.1782
-65.388
-65.5978
-65.8077
-66.0175
-66.2274
-66.4374
-66.6474
-66.8574
-67.0674
-67.2775
-67.4876
-67.6977
-67.9078
-68.118
-68.3282
-68.5384
-68.7487
-68.959
-69.1693
-69.3797
-69.5901
-69.8005
-70.0109
-70.2214
-70.4319
-70.6424
-70.853
-71.0636
-71.2742
-71.4848
-71.6955
-71.9062
-72.1169
-72.3277
-72.5385
-72.7493
-72.9602
-73.171
-73.382
-73.5929
-73.8039
-74.0149
-74.2259
-74.4369
-74.648
-74.8591
-75.0703
-75.2815
-75.4927
-75.7039
-75.9152
-76.1264
-76.3378
-76.5491
-76.7605
-76.9719
-77.1833
-77.3948
-77.6063
-77.8178
-78.0294
-78.241
-78.4526
-78.6642
-78.8759
-79.0876
-79.2993
-79.5111
-79.7229
-79.9347
-80.1465
-80.3584
-80.5703
-80.7822
-80.9942
-81.2062
-81.4182
-81.6303
-81.8424
-82.0545
-82.2666
-82.4788
-82.691
-82.9032
-83.1155
-83.3277
-83.5401
-83.7524
-83.9648
-84.1772
-84.3896
-84.6021
-84.8146
-85.0271
-85.2396
-85.4522
-85.6648
-85.8774
-86.0901
-86.3028
-86.5155
-86.7283
-86.9411
-87.1539
-87.3667
-87.5796
-87.7925
-88.0054
-88.2184
-88.4314
-88.6444
-88.8574
-89.0705
-89.2836
-89.4968
-89.7099
-89.9231
-90.1363
-90.3496
-90.5629
-90.7762
-90.9895
-91.2029
-91.4163
-91.6297
-91.8432
-92.0566
-92.2702
-92.4837
-92.6973
-92.9109
-93.1245
-93.3382
-93.5519
-93.7656
-93.9793
-94.1931
-94.4069
-94.6208
-94.8346
-95.0485
-95.2624
-95.4764
-95.6904
-95.9044
-96.1184
-96.3325
-96.5466
-96.7607
-96.9749
-97.1891
-97.4033
-97.6176
-97.8318
-98.0461
-98.2605
-98.4748
-98.6892
-98.9036
-99.1181
-99.3326
-99.5471
-99.7616
-99.9762
-100.191
-100.405
-100.62
-100.835
-101.049
-101.264
-101.479
-101.694
-101.909
-102.123
-102.338
-102.553
-102.768
-102.983
-103.198
-103.413
-103.628
-103.843
-104.059
-104.274
-104.489
-104.704
-104.919
-105.135
-105.35
-105.565
-105.781
-105.996
-106.211
-106.427
-106.642
-106.858
-107.073
-107.289
-107.505
-107.72
-107.936
-108.151
-108.367
-108.583
-108.799
-109.015
-109.23
-109.446
-109.662
-109.878
-110.094
-110.31
-110.526
-110.742
-110.958
-111.174
-111.39
-111.606
-111.823
-112.039
-112.255
-112.471
-112.688
-112.904
-113.12
-113.337
-113.553
-113.769
-113.986
-114.202
-114.419
-114.636
-114.852
-115.069
-115.285
-115.502
-115.719
-115.935
-116.152
-116.369
-116.586
-116.803
-117.02
-117.237
-117.453
-117.67
-117.887
-118.104
-118.321
-118.539
-118.756
-118.973
-119.19
-119.407
-119.624
-119.842
-120.059
-120.276
-120.494
-120.711
-120.928
-121.146
-121.363
-121.581
-121.798
-122.016
-122.234
-122.451
-122.669
-122.886
-123.104
-123.322
-123.54
-123.757
-123.975
-124.193
-124.411
-124.629
-124.847
-125.065
-125.283
-125.501
-125.719
-125.937
-126.155
-126.373
-126.591
-126.809
-127.028
-127.246
-127.464
-127.683
-127.901
-128.119
-128.338
-128.556
-128.775
-128.993
-129.212
-129.43
-129.649
-129.867
-130.086
-130.305
-130.523
-130.742
-130.961
-131.18
-131.398
-131.617
-131.836
-132.055
-132.274
-132.493
-132.712
-132.931
-133.15
-133.369
-133.588
-133.807
-134.026
-134.246
-134.465
-134.684
-134.903
-135.123
-135.342
-135.561
-135.781
-136
-136.22
-136.439
-136.659
-136.878
-137.098
-137.317
-137.537
-137.757
-137.976
-138.196
-138.416
-138.636
-138.855
-139.075
-139.295
-139.515
-139.735
-139.955
-140.175
-140.395
-140.615
-140.835
-141.055
-141.275
-141.495
-141.716
-141.936
-142.156
-142.376
-142.597
-142.817
-143.037
-143.258
-143.478
-143.699
-143.919
-144.139
-144.36
-144.581
-144.801
-145.022
-145.242
-145.463
-145.684
-145.905
-146.125
-146.346
-146.567
-146.788
-147.009
-147.23
-147.451
-147.672
-147.893
-148.114
-148.335
-148.556
-148.777
-148.998
-149.219
-149.44
-149.662
-149.883
-150.104
-150.326
-150.547
-150.768
-150.99
-151.211
-151.433
-151.654
-151.876
-152.097
-152.319
-152.54
-152.762
-152.984
-153.206
-153.427
-153.649
-153.871
-154.093
-154.314
-154.536
-154.758
-154.98
-155.202
-155.424
-155.646
-155.868
-156.09
-156.312
-156.535
-156.757
-156.979
-157.201
-157.423
-157.646
-157.868
-158.09
-158.313
-158.535
-158.758
-158.98
-159.203
-159.425
-159.648
-159.87
-160.093
-160.316
-160.538
-160.761
-160.984
-161.206
-161.429
-161.652
-161.875
-162.098
-162.321
-162.544
-162.767
-162.99
-163.213
-163.436
-163.659
-163.882
-164.105
-164.328
-164.551
-164.775
-164.998
-165.221
-165.444
-165.668
-165.891
-166.115
-166.338
-166.561
-166.785
-167.008
-167.232
-167.456
-167.679
-167.903
-168.126
-168.35
-168.574
-168.798
-169.021
-169.245
-169.469
-169.693
-169.917
-170.141
-170.365
-170.589
-170.813
-171.037
-171.261
-171.485
-171.709
-171.933
-172.157
-172.382
-172.606
-172.83
-173.055
-173.279
-173.503
-173.728
-173.952
-174.177
-174.401
-174.626
-174.85
-175.075
-175.299
-175.524
-175.749
-175.973
-176.198
-176.423
-176.647
-176.872
-177.097
-177.322
-177.547
-177.772
-177.997
-178.222
-178.447
-178.672
-178.897
-179.122
-179.347
-179.572
-179.797
-180.023
-180.248
-180.473
-180.698
-180.924
-181.149
-181.375
-181.6
-181.825
-182.051
-182.276
-182.502
-182.727
-182.953
-183.179
-183.404
-183.63
-183.856
-184.082
-184.307
-184.533
-184.759
-184.985
-185.211
-185.437
-185.663
-185.888
-186.114
-186.341
-186.567
-186.793
-187.019
-187.245
-187.471
-187.697
-187.924
-188.15
-188.376
-188.602
-188.829
-189.055
-189.282
-189.508
-189.735
-189.961
-190.188
-190.414
-190.641
-190.867
-191.094
-191.321
-191.547
-191.774
-192.001
-192.228
-192.454
-192.681
-192.908
-193.135
-193.362
-193.589
-193.816
-194.043
-194.27
-194.497
-194.724
-194.951
-195.179
-195.406
-195.633
-195.86
-196.088
-196.315
-196.542
-196.77
-196.997
-197.225
-197.452
-197.679
-197.907
-198.135
-198.362
-198.59
-198.817
-199.045
-199.273
-199.501
-199.728
-199.956
-200.184
-200.412
-200.64
-200.868
-201.095
-201.323
-201.551
-201.779
-202.007
-202.236
-202.464
-202.692
-202.92
-203.148
-203.376
-203.605
-203.833
-204.061
-204.29
-204.518
-204.746
-204.975
-205.203
-205.432
-205.66
-205.889
-206.117
-206.346
-206.575
-206.803
-207.032
-207.261
-207.489
-207.718
-207.947
-208.176
-208.405
-208.634
-208.863
-209.092
-209.321
-209.55
-209.779
-210.008
-210.237
-210.466
-210.695
-210.924
-211.153
-211.383
-211.612
-211.841
-212.071
-212.3
-212.529
-212.759
-212.988
-213.218
-213.447
-213.677
-213.906
-214.136
-214.366
-214.595
-214.825
-215.055
-215.284
-215.514
-215.744
-215.974
-216.204
-216.434
-216.663
-216.893
-217.123
-217.353
-217.583
-217.814
-218.044
-218.274
-218.504
-218.734
-218.964
-219.195
-219.425
-219.655
-219.885
-220.116
-220.346
-220.577
-220.807
-221.038
-221.268
-221.499
-221.729
-221.96
-222.19
-222.421
-222.652
-222.882
-223.113
-223.344
-223.575
-223.806
-224.036
-224.267
-224.498
-224.729
-224.96
-225.191
-225.422
-225.653
-225.884
-226.115
-226.347
-226.578
-226.809
-227.04
-227.271
-227.503
-227.734
-227.965
-228.197
-228.428
-228.66
-228.891
-229.123
-229.354
-229.586
-229.817
-230.049
-230.281
-230.512
-230.744
-230.976
-231.207
-231.439
-231.671
-231.903
-232.135
-232.367
-232.599
-232.831
-233.063
-233.295
-233.527
-233.759
-233.991
-234.223
-234.455
-234.687
-234.92
-235.152
-235.384
-235.616
-235.849
-236.081
-236.314
-236.546
-236.778
-237.011
-237.243
-237.476
-237.709
-237.941
-238.174
-238.406
-238.639
-238.872
-239.105
-239.337
-239.57
-239.803
-240.036
-240.269
-240.502
-240.735
-240.968
-241.201
-241.434
-241.667
-241.9
-242.133
-242.366
-242.599
-242.833
-243.066
-243.299
-243.533
-243.766
-243.999
-244.233
-244.466
-244.7
-244.933
-245.166
-245.4
-245.634
-245.867
-246.101
-246.335
-246.568
-246.802
-247.036
-247.269
-247.503
-247.737
-247.971
-248.205
-248.439
-248.673
-248.907
-249.141
-249.375
-249.609
-249.843
-250.077
-250.311
-250.545
-250.78
-251.014
-251.248
-251.482
-251.717
-251.951
-252.185
-252.42
-252.654
-252.889
-253.123
-253.358
-253.592
-253.827
-254.062
-254.296
-254.531
-254.766
-255
-255.235
-255.47
-255.705
-255.94
-256.175
-256.409
-256.644
-256.879
-257.114
-257.349
-257.584
-257.82
-258.055
-258.29
-258.525
-258.76
-258.995
-259.231
-259.466
-259.701
-259.937
-260.172
-260.408
-260.643
-260.878
-261.114
-261.349
-261.585
-261.821
-262.056
-262.292
-262.528
-262.763
-262.999
-263.235
-263.471
-263.706
-263.942
-264.178
-264.414
-264.65
-264.886
-265.122
-265.358
-265.594
-265.83
-266.066
-266.302
-266.538
-266.775
-267.011
-267.247
-267.483
-267.72
-267.956
-268.192
-268.429
-268.665
-268.902
-269.138
-269.375
-269.611
-269.848
-270.085
-270.321
-270.558
-270.795
-271.031
-271.268
-271.505
-271.742
-271.978
-272.215
-272.452
-272.689
-272.926
-273.163
-273.4
-273.637
-273.874
-274.111
-274.348
-274.586
-274.823
-275.06
-275.297
-275.535
-275.772
-276.009
-276.247
-276.484
-276.721
-276.959
-277.196
-277.434
-277.671
-277.909
-278.147
-278.384
-278.622
-278.86
-279.097
-279.335
-279.573
-279.811
-280.048
-280.286
-280.524
-280.762
-281
-281.238
-281.476
-281.714
-281.952
-282.19
-282.428
-282.667
-282.905
-283.143
-283.381
-283.619
-283.858
-284.096
-284.334
-284.573
-284.811
-285.05
-285.288
-285.527
-285.765
-286.004
-286.242
-286.481
-286.72
-286.958
-287.197
-287.436
-287.675
-287.913
-288.152
-288.391
-288.63
-288.869
-289.108
-289.347
-289.586
-289.825
-290.064
-290.303
-290.542
-290.781
-291.02
-291.26
-291.499
-291.738
-291.977
-292.217
-292.456
-292.695
-292.935
-293.174
-293.414
-293.653
-293.893
-294.132
-294.372
-294.611
-294.851
-295.091
-295.33
-295.57
-295.81
-296.05
-296.29
-296.529
-296.769
-297.009
-297.249
-297.489
-297.729
-297.969
-298.209
-298.449
-298.689
-298.93
-299.17
-299.41
-299.65
-299.89
-300.131
-300.371
-300.611
-300.852
-301.092
-301.333
-301.573
-301.813
-302.054
-302.295
-302.535
-302.776
-303.016
-303.257
-303.498
-303.738
-303.979
-304.22
-304.461
-304.702
-304.942
-305.183
-305.424
-305.665
-305.906
-306.147
-306.388
-306.629
-306.87
-307.112
-307.353
-307.594
-307.835
-308.076
-308.318
-308.559
-308.8
-309.042
-309.283
-309.525
-309.766
-310.007
-310.249
-310.491
-310.732
-310.974
-311.215
-311.457
-311.699
-311.94
-312.182
-312.424
-312.666
-312.908
-313.149
-313.391
-313.633
-313.875
-314.117
-314.359
-314.601
-314.843
-315.085
-315.327
-315.57
-315.812
-316.054
-316.296
-316.538
-316.781
-317.023
-317.265
-317.508
-317.75
-317.993
-318.235
-318.478
-318.72
-318.963
-319.205
-319.448
-319.691
-319.933
-320.176
-320.419
-320.662
-320.904
-321.147
-321.39
-321.633
-321.876
-322.119
-322.362
-322.605
-322.848
-323.091
-323.334
-323.577
-323.82
-324.063
-324.307
-324.55
-324.793
-325.036
-325.28
-325.523
-325.766
-326.01
-326.253
-326.497
-326.74
-326.984
-327.227
-327.471
-327.714
-327.958
-328.202
-328.445
-328.689
-328.933
-329.177
-329.42
-329.664
-329.908
-330.152
-330.396
-330.64
-330.884
-331.128
-331.372
-331.616
-331.86
-332.104
-332.349
-332.593
-332.837
-333.081
-333.325
-333.57
-333.814
-334.059
-334.303
-334.547
-334.792
-335.036
-335.281
-335.525
-335.77
-336.015
-336.259
-336.504
-336.748
-336.993
-337.238
-337.483
-337.728
-337.972
-338.217
-338.462
-338.707
-338.952
-339.197
-339.442
-339.687
-339.932
-340.177
-340.422
-340.667
-340.913
-341.158
-341.403
-341.648
-341.894
-342.139
-342.384
-342.63
-342.875
-343.121
-343.366
-343.612
-343.857
-344.103
-344.348
-344.594
-344.84
-345.085
-345.331
-345.577
-345.822
-346.068
-346.314
-346.56
-346.806
-347.052
-347.298
-347.544
-347.79
-348.036
-348.282
-348.528
-348.774
-349.02
-349.266
-349.513
-349.759
-350.005
-350.251
-350.498
-350.744
-350.99
-351.237
-351.483
-351.73
-351.976
-352.223
-352.469
-352.716
-352.962
-353.209
-353.456
-353.702
-353.949
-354.196
-354.443
-354.69
-354.936
-355.183
-355.43
-355.677
-355.924
-356.171
-356.418
-356.665
-356.912
-357.159
-357.406
-357.654
-357.901
-358.148
-358.395
-358.643
-358.89
-359.137
-359.385
-359.632
-359.879
-360.127
-360.374
-360.622
-360.869
-361.117
-361.365
-361.612
-361.86
-362.108
-362.355
-362.603
-362.851
-363.099
-363.347
-363.594
-363.842
-364.09
-364.338
-364.586
-364.834
-365.082
-365.33
-365.578
-365.826
-366.075
-366.323
-366.571
-366.819
-367.068
-367.316
-367.564
-367.813
-368.061
-368.309
-368.558
-368.806
-369.055
-369.303
-369.552
-369.801
-370.049
-370.298
-370.546
-370.795
-371.044
-371.293
-371.541
-371.79
-372.039
-372.288
-372.537
-372.786
-373.035
-373.284
-373.533
-373.782
-374.031
-374.28
-374.529
-374.779
-375.028
-375.277
-375.526
-375.776
-376.025
-376.274
-376.524
-376.773
-377.022
-377.272
-377.521
-377.771
-378.02
-378.27
-378.52
-378.769
-379.019
-379.269
-379.518
-379.768
-380.018
-380.268
-380.518
-380.768
-381.017
-381.267
-381.517
-381.767
-382.017
-382.267
-382.517
-382.768
-383.018
-383.268
-383.518
-383.768
-384.019
-384.269
-384.519
-384.77
-385.02
-385.27
-385.521
-385.771
-386.022
-386.272
-386.523
-386.773
-387.024
-387.275
-387.525
-387.776
-388.027
-388.277
-388.528
-388.779
-389.03
-389.281
-389.532
-389.783
-390.033
-390.284
-390.535
-390.787
-391.038
-391.289
-391.54
-391.791
-392.042
-392.293
-392.545
-392.796
-393.047
-393.299
-393.55
-393.801
-394.053
-394.304
-394.556
-394.807
-395.059
-395.31
-395.562
-395.813
-396.065
-396.317
-396.569
-396.82
-397.072
-397.324
-397.576
-397.828
-398.079
-398.331
-398.583
-398.835
-399.087
-399.339
-399.591
-399.843
-400.096
-400.348
-400.6
-400.852
-401.104
-401.357
-401.609
-401.861
-402.114
-402.366
-402.618
-402.871
-403.123
-403.376
-403.628
-403.881
-404.133
-404.386
-404.639
-404.891
-405.144
-405.397
-405.65
-405.902
-406.155
-406.408
-406.661
-406.914
-407.167
-407.42
-407.673
-407.926
-408.179
-408.432
-408.685
-408.938
-409.191
-409.444
-409.698
-409.951
-410.204
-410.458
-410.711
-410.964
-411.218
-411.471
-411.725
-411.978
-412.232
-412.485
-412.739
-412.992
-413.246
-413.5
-413.753
-414.007
-414.261
-414.514
-414.768
-415.022
-415.276
-415.53
-415.784
-416.038
-416.292
-416.546
-416.8
-417.054
-417.308
-417.562
-417.816
-418.07
-418.325
-418.579
-418.833
-419.088
-419.342
-419.596
-419.851
-420.105
-420.359
-420.614
-420.868
-421.123
-421.378
-421.632
-421.887
-422.141
-422.396
-422.651
-422.906
-423.16
-423.415
-423.67
-423.925
-424.18
-424.435
-424.69
-424.945
-425.2
-425.455
-425.71
-425.965
-426.22
-426.475
-426.73
-426.985
-427.241
-427.496
-427.751
-428.006
-428.262
-428.517
-428.773
-429.028
-429.284
-429.539
-429.795
-430.05
-430.306
-430.561
-430.817
-431.073
-431.328
-431.584
-431.84
-432.096
-432.351
-432.607
-432.863
-433.119
-433.375
-433.631
-433.887
-434.143
-434.399
-434.655
-434.911
-435.167
-435.423
-435.68
-435.936
-436.192
-436.448
-436.705
-436.961
-437.217
-437.474
-437.73
-437.987
-438.243
-438.5
-438.756
-439.013
-439.269
-439.526
-439.783
-440.039
-440.296
-440.553
-440.81
-441.066
-441.323
-441.58
-441.837
-442.094
-442.351
-442.608
-442.865
-443.122
-443.379
-443.636
-443.893
-444.15
-444.408
-444.665
-444.922
-445.179
-445.437
-445.694
-445.951
-446.209
-446.466
-446.724
-446.981
-447.239
-447.496
-447.754
-448.011
-448.269
-448.527
-448.784
-449.042
-449.3
-449.557
-449.815
-450.073
-450.331
-450.589
-450.847
-451.105
-451.363
-451.621
-451.879
-452.137
-452.395
-452.653
-452.911
-453.169
-453.427
-453.686
-453.944
-454.202
-454.46
-454.719
-454.977
-455.236
-455.494
-455.753
-456.011
-456.27
-456.528
-456.787
-457.045
-457.304
-457.563
-457.821
-458.08
-458.339
-458.598
-458.856
-459.115
-459.374
-459.633
-459.892
-460.151
-460.41
-460.669
-460.928
-461.187
-461.446
-461.705
-461.964
-462.224
-462.483
-462.742
-463.001
-463.261
-463.52
-463.779
-464.039
-464.298
-464.558
-464.817
-465.077
-465.336
-465.596
-465.855
-466.115
-466.375
-466.634
-466.894
-467.154
-467.414
-467.673
-467.933
-468.193
-468.453
-468.713
-468.973
-469.233
-469.493
-469.753
-470.013
-470.273
-470.533
-470.793
-471.053
-471.314
-471.574
-471.834
-472.094
-472.355
-472.615
-472.875
-473.136
-473.396
-473.657
-473.917
-474.178
-474.438
-474.699
-474.96
-475.22
-475.481
-475.742
-476.002
-476.263
-476.524
-476.785
-477.046
-477.306
-477.567
-477.828
-478.089
-478.35
-478.611
-478.872
-479.133
-479.395
-479.656
-479.917
-480.178
-480.439
-480.701
-480.962
-481.223
-481.484
-481.746
-482.007
-482.269
-482.53
-482.792
-483.053
-483.315
-483.576
-483.838
-484.099
-484.361
-484.623
-484.885
-485.146
-485.408
-485.67
-485.932
-486.194
-486.455
-486.717
-486.979
-487.241
-487.503
-487.765
-488.027
-488.29
-488.552
-488.814
-489.076
-489.338
-489.601
-489.863
-490.125
-490.387
-490.65
-490.912
-491.175
-491.437
-491.7
-491.962
-492.225
-492.487
-492.75
-493.012
-493.275
-493.538
-493.8
-494.063
-494.326
-494.589
-494.851
-495.114
-495.377
-495.64
-495.903
-496.166
-496.429
-496.692
-496.955
-497.218
-497.481
-497.744
-498.008
-498.271
-498.534
-498.797
-499.061
-499.324
-499.587
-499.851
-500.114
-500.378
-500.641
-500.905
-501.168
-501.432
-501.695
-501.959
-502.222
-502.486
-502.75
-503.014
-503.277
-503.541
-503.805
-504.069
-504.333
-504.596
-504.86
-505.124
-505.388
-505.652
-505.916
-506.18
-506.445
-506.709
-506.973
-507.237
-507.501
-507.766
-508.03
-508.294
-508.558
-508.823
-509.087
-509.352
-509.616
-509.881
-510.145
-510.41
-510.674
-510.939
-511.203
-511.468
-511.733
-511.997
-512.262
-512.527
-512.792
-513.057
-513.321
-513.586
-513.851
-514.116
-514.381
-514.646
-514.911
-515.176
-515.441
-515.707
-515.972
-516.237
-516.502
-516.767
-517.033
-517.298
-517.563
-517.829
-518.094
-518.359
-518.625
-518.89
-519.156
-519.421
-519.687
-519.952
-520.218
-520.484
-520.749
-521.015
-521.281
-521.547
-521.812
-522.078
-522.344
-522.61
-522.876
-523.142
-523.408
-523.674
-523.94
-524.206
-524.472
-524.738
-525.004
-525.27
-525.536
-525.803
-526.069
-526.335
-526.602
-526.868
-527.134
-527.401
-527.667
-527.934
-528.2
-528.467
-528.733
-529
-529.266
-529.533
-529.8
-530.066
-530.333
-530.6
-530.866
-531.133
-531.4
-531.667
-531.934
-532.201
-532.468
-532.735
-533.002
-533.269
-533.536
-533.803
-534.07
-534.337
-534.604
-534.872
-535.139
-535.406
-535.673
-535.941
-536.208
-536.475
-536.743
-537.01
-537.278
-537.545
-537.813
-538.08
-538.348
-538.616
-538.883
-539.151
-539.419
-539.686
-539.954
-540.222
-540.49
-540.758
-541.025
-541.293
-541.561
-541.829
-542.097
-542.365
-542.633
-542.901
-543.17
-543.438
-543.706
-543.974
-544.242
-544.511
-544.779
-545.047
-545.316
-545.584
-545.852
-546.121
-546.389
-546.658
-546.926
-547.195
-547.463
-547.732
-548.001
-548.269
-548.538
-548.807
-549.075
-549.344
-549.613
-549.882
-550.151
-550.42
-550.688
-550.957
-551.226
-551.495
-551.764
-552.034
-552.303
-552.572
-552.841
-553.11
-553.379
-553.649
-553.918
-554.187
-554.456
-554.726
-554.995
-555.265
-555.534
-555.804
-556.073
-556.343
-556.612
-556.882
-557.151
-557.421
-557.691
-557.96
-558.23
-558.5
-558.77
-559.04
-559.309
-559.579
-559.849
-560.119
-560.389
-560.659
-560.929
-561.199
-561.469
-561.739
-562.01
-562.28
-562.55
-562.82
-563.09
-563.361
-563.631
-563.901
-564.172
-564.442
-564.713
-564.983
-565.254
-565.524
-565.795
-566.065
-566.336
-566.606
-566.877
-567.148
-567.419
-567.689
-567.96
-568.231
-568.502
-568.773
-569.043
-569.314
-569.585
-569.856
-570.127
-570.398
-570.669
-570.941
-571.212
-571.483
-571.754
-572.025
-572.296
-572.568
-572.839
-573.11
-573.382
-573.653
-573.925
-574.196
-574.468
-574.739
-575.011
-575.282
-575.554
-575.825
-576.097
-576.369
-576.64
-576.912
-577.184
-577.456
-577.728
-577.999
-578.271
-578.543
-578.815
-579.087
-579.359
-579.631
-579.903
-580.175
-580.447
-580.72
-580.992
-581.264
-581.536
-581.808
-582.081
-582.353
-582.625
-582.898
-583.17
-583.443
-583.715
-583.988
-584.26
-584.533
-584.805
-585.078
-585.35
-585.623
-585.896
-586.169
-586.441
-586.714
-586.987
-587.26
-587.533
-587.805
-588.078
-588.351
-588.624
-588.897
-589.17
-589.443
-589.717
-589.99
-590.263
-590.536
-590.809
-591.083
-591.356
-591.629
-591.902
-592.176
-592.449
-592.723
-592.996
-593.27
-593.543
-593.817
-594.09
-594.364
-594.637
-594.911
-595.185
-595.458
-595.732
-596.006
-596.28
-596.554
-596.827
-597.101
-597.375
-597.649
-597.923
-598.197
-598.471
-598.745
-599.019
-599.293
-599.568
-599.842
-600.116
-600.39
-600.664
-600.939
-601.213
-601.487
-601.762
-602.036
-602.311
-602.585
-602.86
-603.134
-603.409
-603.683
-603.958
-604.232
-604.507
-604.782
-605.057
-605.331
-605.606
-605.881
-606.156
-606.431
-606.706
-606.98
-607.255
-607.53
-607.805
-608.08
-608.356
-608.631
-608.906
-609.181
-609.456
-609.731
-610.007
-610.282
-610.557
-610.833
-611.108
-611.383
-611.659
-611.934
-612.21
-612.485
-612.761
-613.036
-613.312
-613.587
-613.863
-614.139
-614.415
-614.69
-614.966
-615.242
-615.518
-615.794
-616.069
-616.345
-616.621
-616.897
-617.173
-617.449
-617.725
-618.001
-618.278
-618.554
-618.83
-619.106
-619.382
-619.659
-619.935
-620.211
-620.487
-620.764
-621.04
-621.317
-621.593
-621.87
-622.146
-622.423
-622.699
-622.976
-623.253
-623.529
-623.806
-624.083
-624.359
-624.636
-624.913
-625.19
-625.467
-625.744
-626.021
-626.298
-626.574
-626.852
-627.129
-627.406
-627.683
-627.96
-628.237
-628.514
-628.791
-629.069
-629.346
-629.623
-629.901
-630.178
-630.455
-630.733
-631.01
-631.288
-631.565
-631.843
-632.12
-632.398
-632.676
-632.953
-633.231
-633.509
-633.786
-634.064
-634.342
-634.62
-634.898
-635.175
-635.453
-635.731
-636.009
-636.287
-636.565
-636.843
-637.121
-637.4
-637.678
-637.956
-638.234
-638.512
-638.791
-639.069
-639.347
-639.626
-639.904
-640.182
-640.461
-640.739
-641.018
-641.296
-641.575
-641.853
-642.132
-642.411
-642.689
-642.968
-643.247
-643.525
-643.804
-644.083
-644.362
-644.641
-644.92
-645.199
-645.478
-645.756
-646.036
-646.315
-646.594
-646.873
-647.152
-647.431
-647.71
-647.989
-648.269
-648.548
-648.827
-649.107
-649.386
-649.665
-649.945
-650.224
-650.504
-650.783
-651.063
-651.342
-651.622
-651.901
-652.181
-652.461
-652.741
-653.02
-653.3
-653.58
-653.86
-654.139
-654.419
-654.699
-654.979
-655.259
-655.539
-655.819
-656.099
-656.379
-656.659
-656.94
-657.22
-657.5
-657.78
-658.06
-658.341
-658.621
-658.901
-659.182
-659.462
-659.743
-660.023
-660.304
-660.584
-660.865
-661.145
-661.426
-661.706
-661.987
-662.268
-662.549
-662.829
-663.11
-663.391
-663.672
-663.953
-664.233
-664.514
-664.795
-665.076
-665.357
-665.638
-665.919
-666.201
-666.482
-666.763
-667.044
-667.325
-667.606
-667.888
-668.169
-668.45
-668.732
-669.013
-669.295
-669.576
-669.857
-670.139
-670.42
-670.702
-670.984
-671.265
-671.547
-671.829
-672.11
-672.392
-672.674
-672.956
-673.237
-673.519
-673.801
-674.083
-674.365
-674.647
-674.929
-675.211
-675.493
-675.775
-676.057
-676.339
-676.621
-676.904
-677.186
-677.468
-677.75
-678.033
-678.315
-678.597
-678.88
-679.162
-679.445
-679.727
-680.01
-680.292
-680.575
-680.857
-681.14
-681.423
-681.705
-681.988
-682.271
-682.554
-682.837
-683.119
-683.402
-683.685
-683.968
-684.251
-684.534
-684.817
-685.1
-685.383
-685.666
-685.949
-686.232
-686.516
-686.799
-687.082
-687.365
-687.649
-687.932
-688.215
-688.499
-688.782
-689.066
-689.349
-689.632
-689.916
-690.2
-690.483
-690.767
-691.05
-691.334
-691.618
-691.902
-692.185
-692.469
-692.753
-693.037
-693.321
-693.605
-693.888
-694.172
-694.456
-694.74
-695.024
-695.309
-695.593
-695.877
-696.161
-696.445
-696.729
-697.014
-697.298
-697.582
-697.867
-698.151
-698.435
-698.72
-699.004
-699.289
-699.573
-699.858
-700.142
-700.427
-700.711
-700.996
-701.281
-701.566
-701.85
-702.135
-702.42
-702.705
-702.99
-703.274
-703.559
-703.844
-704.129
-704.414
-704.699
-704.984
-705.269
-705.555
-705.84
-706.125
-706.41
-706.695
-706.981
-707.266
-707.551
-707.837
-708.122
-708.407
-708.693
-708.978
-709.264
-709.549
-709.835
-710.12
-710.406
-710.692
-710.977
-711.263
-711.549
-711.834
-712.12
-712.406
-712.692
-712.978
-713.264
-713.55
-713.836
-714.122
-714.408
-714.694
-714.98
-715.266
-715.552
-715.838
-716.124
-716.41
-716.697
-716.983
-717.269
-717.556
-717.842
-718.128
-718.415
-718.701
-718.988
-719.274
-719.561
-719.847
-720.134
-720.421
-720.707
-720.994
-721.281
-721.567
-721.854
-722.141
-722.428
-722.715
-723.001
-723.288
-723.575
-723.862
-724.149
-724.436
-724.723
-725.01
-725.297
-725.585
-725.872
-726.159
-726.446
-726.733
-727.021
-727.308
-727.595
-727.883
-728.17
-728.458
-728.745
-729.033
-729.32
-729.608
-729.895
-730.183
-730.47
-730.758
-731.046
-731.333
-731.621
-731.909
-732.197
-732.485
-732.773
-733.06
-733.348
-733.636
-733.924
-734.212
-734.5
-734.788
-735.076
-735.365
-735.653
-735.941
-736.229
-736.517
-736.806
-737.094
-737.382
-737.671
-737.959
-738.247
-738.536
-738.824
-739.113
-739.401
-739.69
-739.978
-740.267
-740.556
-740.844
-741.133
-741.422
-741.711
-741.999
-742.288
-742.577
-742.866
-743.155
-743.444
-743.733
-744.022
-744.311
-744.6
-744.889
-745.178
-745.467
-745.756
-746.045
-746.335
-746.624
-746.913
-747.202
-747.492
-747.781
-748.071
-748.36
-748.649
-748.939
-749.228
-749.518
-749.808
-750.097
-750.387
-750.676
-750.966
-751.256
-751.546
-751.835
-752.125
-752.415
-752.705
-752.995
-753.285
-753.574
-753.864
-754.154
-754.444
-754.735
-755.025
-755.315
-755.605
-755.895
-756.185
-756.475
-756.766
-757.056
-757.346
-757.637
-757.927
-758.217
-758.508
-758.798
-759.089
-759.379
-759.67
-759.961
-760.251
-760.542
-760.832
-761.123
-761.414
-761.705
-761.995
-762.286
-762.577
-762.868
-763.159
-763.45
-763.741
-764.032
-764.323
-764.614
-764.905
-765.196
-765.487
-765.778
-766.069
-766.36
-766.652
-766.943
-767.234
-767.526
-767.817
-768.108
-768.4
-768.691
-768.983
-769.274
-769.566
-769.857
-770.149
-770.44
-770.732
-771.024
-771.315
-771.607
-771.899
-772.191
-772.483
-772.774
-773.066
-773.358
-773.65
-773.942
-774.234
-774.526
-774.818
-775.11
-775.402
-775.694
-775.987
-776.279
-776.571
-776.863
-777.156
-777.448
-777.74
-778.033
-778.325
-778.617
-778.91
-779.202
-779.495
-779.787
-780.08
-780.373
-780.665
-780.958
-781.251
-781.543
-781.836
-782.129
-782.422
-782.714
-783.007
-783.3
-783.593
-783.886
-784.179
-784.472
-784.765
-785.058
-785.351
-785.644
-785.937
-786.231
-786.524
-786.817
-787.11
-787.403
-787.697
-787.99
-788.284
-788.577
-788.87
-789.164
-789.457
-789.751
-790.044
-790.338
-790.632
-790.925
-791.219
-791.513
-791.806
-792.1
-792.394
-792.688
-792.981
-793.275
-793.569
-793.863
-794.157
-794.451
-794.745
-795.039
-795.333
-795.627
-795.921
-796.216
-796.51
-796.804
-797.098
-797.392
-797.687
-797.981
-798.275
-798.57
-798.864
-799.159
-799.453
-799.748
-800.042
-800.337
-800.631
-800.926
-801.221
-801.515
-801.81
-802.105
-802.399
-802.694
-802.989
-803.284
-803.579
-803.874
-804.169
-804.464
-804.758
-805.054
-805.349
-805.644
-805.939
-806.234
-806.529
-806.824
-807.119
-807.415
-807.71
-808.005
-808.301
-808.596
-808.891
-809.187
-809.482
-809.778
-810.073
-810.369
-810.664
-810.96
-811.256
-811.551
-811.847
-812.143
-812.438
-812.734
-813.03
-813.326
-813.622
-813.917
-814.213
-814.509
-814.805
-815.101
-815.397
-815.693
-815.989
-816.286
-816.582
-816.878
-817.174
-817.47
-817.766
-818.063
-818.359
-818.655
-818.952
-819.248
-819.545
-819.841
-820.138
-820.434
-820.731
-821.027
-821.324
-821.62
-821.917
-822.214
-822.511
-822.807
-823.104
-823.401
-823.698
-823.995
-824.291
-824.588
-824.885
-825.182
-825.479
-825.776
-826.073
-826.37
-826.668
-826.965
-827.262
-827.559
-827.856
-828.154
-828.451
-828.748
-829.046
-829.343
-829.64
-829.938
-830.235
-830.533
-830.83
-831.128
-831.425
-831.723
-832.021
-832.318
-832.616
-832.914
-833.211
-833.509
-833.807
-834.105
-834.403
-834.701
-834.999
-835.297
-835.595
-835.893
-836.191
-836.489
-836.787
-837.085
-837.383
-837.681
-837.979
-838.278
-838.576
-838.874
-839.173
-839.471
-839.769
-840.068
-840.366
-840.665
-840.963
-841.262
-841.56
-841.859
-842.157
-842.456
-842.755
-843.053
-843.352
-843.651
-843.95
-844.249
-844.547
-844.846
-845.145
-845.444
-845.743
-846.042
-846.341
-846.64
-846.939
-847.238
-847.537
-847.837
-848.136
-848.435
-848.734
-849.034
-849.333
-849.632
-849.932
-850.231
-850.53
-850.83
-851.129
-851.429
-851.728
-852.028
-852.328
-852.627
-852.927
-853.227
-853.526
-853.826
-854.126
-854.426
-854.725
-855.025
-855.325
-855.625
-855.925
-856.225
-856.525
-856.825
-857.125
-857.425
-857.725
-858.025
-858.326
-858.626
-858.926
-859.226
-859.526
-859.827
-860.127
-860.428
-860.728
-861.028
-861.329
-861.629
-861.93
-862.23
-862.531
-862.832
-863.132
-863.433
-863.733
-864.034
-864.335
-864.636
-864.937
-865.237
-865.538
-865.839
-866.14
-866.441
-866.742
-867.043
-867.344
-867.645
-867.946
-868.247
-868.548
-868.85
-869.151
-869.452
-869.753
-870.055
-870.356
-870.657
-870.959
-871.26
-871.561
-871.863
-872.164
-872.466
-872.768
-873.069
-873.371
-873.672
-873.974
-874.276
-874.577
-874.879
-875.181
-875.483
-875.785
-876.086
-876.388
-876.69
-876.992
-877.294
-877.596
-877.898
-878.2
-878.502
-878.805
-879.107
-879.409
-879.711
-880.013
-880.316
-880.618
-880.92
-881.223
-881.525
-881.827
-882.13
-882.432
-882.735
-883.037
-883.34
-883.642
-883.945
-884.248
-884.55
-884.853
-885.156
-885.459
-885.761
-886.064
-886.367
-886.67
-886.973
-887.276
-887.579
-887.882
-888.185
-888.488
-888.791
-889.094
-889.397
-889.7
-890.003
-890.307
-890.61
-890.913
-891.216
-891.52
-891.823
-892.127
-892.43
-892.733
-893.037
-893.34
-893.644
-893.947
-894.251
-894.555
-894.858
-895.162
-895.466
-895.769
-896.073
-896.377
-896.681
-896.985
-897.289
-897.592
-897.896
-898.2
-898.504
-898.808
-899.112
-899.416
-899.721
-900.025
-900.329
-900.633
-900.937
-901.242
-901.546
-901.85
-902.155
-902.459
-902.763
-903.068
-903.372
-903.677
-903.981
-904.286
-904.59
-904.895
-905.199
-905.504
-905.809
-906.114
-906.418
-906.723
-907.028
-907.333
-907.637
-907.942
-908.247
-908.552
-908.857
-909.162
-909.467
-909.772
-910.077
-910.382
-910.688
-910.993
-911.298
-911.603
-911.908
-912.214
-912.519
-912.824
-913.13
-913.435
-913.741
-914.046
-914.352
-914.657
-914.963
-915.268
-915.574
-915.879
-916.185
-916.491
-916.796
-917.102
-917.408
-917.714
-918.02
-918.325
-918.631
-918.937
-919.243
-919.549
-919.855
-920.161
-920.467
-920.773
-921.08
-921.386
-921.692
-921.998
-922.304
-922.611
-922.917
-923.223
-923.529
-923.836
-924.142
-924.449
-924.755
-925.062
-925.368
-925.675
-925.981
-926.288
-926.595
-926.901
-927.208
-927.515
-927.821
-928.128
-928.435
-928.742
-929.049
-929.356
-929.662
-929.969
-930.276
-930.583
-930.89
-931.197
-931.505
-931.812
-932.119
-932.426
-932.733
-933.04
-933.348
-933.655
-933.962
-934.27
-934.577
-934.884
-935.192
-935.499
-935.807
-936.114
-936.422
-936.73
-937.037
-937.345
-937.652
-937.96
-938.268
-938.576
-938.883
-939.191
-939.499
-939.807
-940.115
-940.423
-940.731
-941.039
-941.347
-941.655
-941.963
-942.271
-942.579
-942.887
-943.195
-943.504
-943.812
-944.12
-944.428
-944.737
-945.045
-945.353
-945.662
-945.97
-946.279
-946.587
-946.896
-947.204
-947.513
-947.822
-948.13
-948.439
-948.748
-949.056
-949.365
-949.674
-949.983
-950.291
-950.6
-950.909
-951.218
-951.527
-951.836
-952.145
-952.454
-952.763
-953.072
-953.381
-953.691
-954
-954.309
-954.618
-954.928
-955.237
-955.546
-955.856
-956.165
-956.474
-956.784
-957.093
-957.403
-957.712
-958.022
-958.331
-958.641
-958.951
-959.26
-959.57
-959.88
-960.19
-960.499
-960.809
-961.119
-961.429
-961.739
-962.049
-962.359
-962.669
-962.979
-963.289
-963.599
-963.909
-964.219
-964.529
-964.839
-965.15
-965.46
-965.77
-966.08
-966.391
-966.701
-967.011
-967.322
-967.632
-967.943
-968.253
-968.564
-968.874
-969.185
-969.496
-969.806
-970.117
-970.428
-970.738
-971.049
-971.36
-971.671
-971.982
-972.292
-972.603
-972.914
-973.225
-973.536
-973.847
-974.158
-974.469
-974.78
-975.092
-975.403
-975.714
-976.025
-976.336
-976.648
-976.959
-977.27
-977.582
-977.893
-978.205
-978.516
-978.827
-979.139
-979.451
-979.762
-980.074
-980.385
-980.697
-981.009
-981.32
-981.632
-981.944
-982.256
-982.567
-982.879
-983.191
-983.503
-983.815
-984.127
-984.439
-984.751
-985.063
-985.375
-985.687
-985.999
-986.312
-986.624
-986.936
-987.248
-987.56
-987.873
-988.185
-988.497
-988.81
-989.122
-989.435
-989.747
-990.06
-990.372
-990.685
-990.997
-991.31
-991.623
-991.935
-992.248
-992.561
-992.874
-993.186
-993.499
-993.812
-994.125
-994.438
-994.751
-995.064
-995.377
-995.69
-996.003
-996.316
-996.629
-996.942
-997.255
-997.568
-997.882
-998.195
-998.508
-998.822
-999.135
-999.448
-999.762
-1000.08
-1000.39
-1000.7
-1001.02
-1001.33
-1001.64
-1001.96
-1002.27
-1002.58
-1002.9
-1003.21
-1003.52
-1003.84
-1004.15
-1004.47
-1004.78
-1005.09
-1005.41
-1005.72
-1006.04
-1006.35
-1006.66
-1006.98
-1007.29
-1007.61
-1007.92
-1008.23
-1008.55
-1008.86
-1009.18
-1009.49
-1009.81
-1010.12
-1010.43
-1010.75
-1011.06
-1011.38
-1011.69
-1012.01
-1012.32
-1012.64
-1012.95
-1013.26
-1013.58
-1013.89
-1014.21
-1014.52
-1014.84
-1015.15
-1015.47
-1015.78
-1016.1
-1016.41
-1016.73
-1017.04
-1017.36
-1017.67
-1017.99
-1018.3
-1018.62
-1018.93
-1019.25
-1019.56
-1019.88
-1020.19
-1020.51
-1020.82
-1021.14
-1021.45
-1021.77
-1022.09
-1022.4
-1022.72
-1023.03
-1023.35
-1023.66
-1023.98
-1024.29
-1024.61
-1024.93
-1025.24
-1025.56
-1025.87
-1026.19
-1026.5
-1026.82
-1027.14
-1027.45
-1027.77
-1028.08
-1028.4
-1028.72
-1029.03
-1029.35
-1029.66
-1029.98
-1030.3
-1030.61
-1030.93
-1031.25
-1031.56
-1031.88
-1032.19
-1032.51
-1032.83
-1033.14
-1033.46
-1033.78
-1034.09
-1034.41
-1034.73
-1035.04
-1035.36
-1035.68
-1035.99
-1036.31
-1036.63
-1036.94
-1037.26
-1037.58
-1037.89
-1038.21
-1038.53
-1038.84
-1039.16
-1039.48
-1039.8
-1040.11
-1040.43
-1040.75
-1041.06
-1041.38
-1041.7
-1042.02
-1042.33
-1042.65
-1042.97
-1043.28
-1043.6
-1043.92
-1044.24
-1044.55
-1044.87
-1045.19
-1045.51
-1045.82
-1046.14
-1046.46
-1046.78
-1047.09
-1047.41
-1047.73
-1048.05
-1048.37
-1048.68
-1049
-1049.32
-1049.64
-1049.95
-1050.27
-1050.59
-1050.91
-1051.23
-1051.55
-1051.86
-1052.18
-1052.5
-1052.82
-1053.14
-1053.45
-1053.77
-1054.09
-1054.41
-1054.73
-1055.05
-1055.36
-1055.68
-1056
-1056.32
-1056.64
-1056.96
-1057.28
-1057.59
-1057.91
-1058.23
-1058.55
-1058.87
-1059.19
-1059.51
-1059.83
-1060.14
-1060.46
-1060.78
-1061.1
-1061.42
-1061.74
-1062.06
-1062.38
-1062.7
-1063.01
-1063.33
-1063.65
-1063.97
-1064.29
-1064.61
-1064.93
-1065.25
-1065.57
-1065.89
-1066.21
-1066.53
-1066.85
-1067.17
-1067.49
-1067.8
-1068.12
-1068.44
-1068.76
-1069.08
-1069.4
-1069.72
-1070.04
-1070.36
-1070.68
-1071
-1071.32
-1071.64
-1071.96
-1072.28
-1072.6
-1072.92
-1073.24
-1073.56
-1073.88
-1074.2
-1074.52
-1074.84
-1075.16
-1075.48
-1075.8
-1076.12
-1076.44
-1076.76
-1077.08
-1077.4
-1077.72
-1078.05
-1078.37
-1078.69
-1079.01
-1079.33
-1079.65
-1079.97
-1080.29
-1080.61
-1080.93
-1081.25
-1081.57
-1081.89
-1082.21
-1082.53
-1082.86
-1083.18
-1083.5
-1083.82
-1084.14
-1084.46
-1084.78
-1085.1
-1085.42
-1085.74
-1086.07
-1086.39
-1086.71
-1087.03
-1087.35
-1087.67
-1087.99
-1088.31
-1088.64
-1088.96
-1089.28
-1089.6
-1089.92
-1090.24
-1090.56
-1090.89
-1091.21
-1091.53
-1091.85
-1092.17
-1092.49
-1092.82
-1093.14
-1093.46
-1093.78
-1094.1
-1094.43
-1094.75
-1095.07
-1095.39
-1095.71
-1096.04
-1096.36
-1096.68
-1097
-1097.32
-1097.65
-1097.97
-1098.29
-1098.61
-1098.94
-1099.26
-1099.58
-1099.9
-1100.22
-1100.55
-1100.87
-1101.19
-1101.51
-1101.84
-1102.16
-1102.48
-1102.81
-1103.13
-1103.45
-1103.77
-1104.1
-1104.42
-1104.74
-1105.06
-1105.39
-1105.71
-1106.03
-1106.36
-1106.68
-1107
-1107.33
-1107.65
-1107.97
-1108.29
-1108.62
-1108.94
-1109.26
-1109.59
-1109.91
-1110.23
-1110.56
-1110.88
-1111.2
-1111.53
-1111.85
-1112.17
-1112.5
-1112.82
-1113.14
-1113.47
-1113.79
-1114.12
-1114.44
-1114.76
-1115.09
-1115.41
-1115.73
-1116.06
-1116.38
-1116.71
-1117.03
-1117.35
-1117.68
-1118
-1118.33
-1118.65
-1118.97
-1119.3
-1119.62
-1119.95
-1120.27
-1120.59
-1120.92
-1121.24
-1121.57
-1121.89
-1122.22
-1122.54
-1122.86
-1123.19
-1123.51
-1123.84
-1124.16
-1124.49
-1124.81
-1125.14
-1125.46
-1125.79
-1126.11
-1126.43
-1126.76
-1127.08
-1127.41
-1127.73
-1128.06
-1128.38
-1128.71
-1129.03
-1129.36
-1129.68
-1130.01
-1130.33
-1130.66
-1130.98
-1131.31
-1131.63
-1131.96
-1132.28
-1132.61
-1132.93
-1133.26
-1133.59
-1133.91
-1134.24
-1134.56
-1134.89
-1135.21
-1135.54
-1135.86
-1136.19
-1136.52
-1136.84
-1137.17
-1137.49
-1137.82
-1138.14
-1138.47
-1138.79
-1139.12
-1139.45
-1139.77
-1140.1
-1140.42
-1140.75
-1141.08
-1141.4
-1141.73
-1142.05
-1142.38
-1142.71
-1143.03
-1143.36
-1143.69
-1144.01
-1144.34
-1144.66
-1144.99
-1145.32
-1145.64
-1145.97
-1146.3
-1146.62
-1146.95
-1147.28
-1147.6
-1147.93
-1148.26
-1148.58
-1148.91
-1149.24
-1149.56
-1149.89
-1150.22
-1150.54
-1150.87
-1151.2
-1151.52
-1151.85
-1152.18
-1152.5
-1152.83
-1153.16
-1153.49
-1153.81
-1154.14
-1154.47
-1154.79
-1155.12
-1155.45
-1155.78
-1156.1
-1156.43
-1156.76
-1157.08
-1157.41
-1157.74
-1158.07
-1158.39
-1158.72
-1159.05
-1159.38
-1159.71
-1160.03
-1160.36
-1160.69
-1161.02
-1161.34
-1161.67
-1162
-1162.33
-1162.65
-1162.98
-1163.31
-1163.64
-1163.97
-1164.29
-1164.62
-1164.95
-1165.28
-1165.61
-1165.94
-1166.26
-1166.59
-1166.92
-1167.25
-1167.58
-1167.9
-1168.23
-1168.56
-1168.89
-1169.22
-1169.55
-1169.88
-1170.2
-1170.53
-1170.86
-1171.19
-1171.52
-1171.85
-1172.18
-1172.5
-1172.83
-1173.16
-1173.49
-1173.82
-1174.15
-1174.48
-1174.81
-1175.14
-1175.46
-1175.79
-1176.12
-1176.45
-1176.78
-1177.11
-1177.44
-1177.77
-1178.1
-1178.43
-1178.76
-1179.08
-1179.41
-1179.74
-1180.07
-1180.4
-1180.73
-1181.06
-1181.39
-1181.72
-1182.05
-1182.38
-1182.71
-1183.04
-1183.37
-1183.7
-1184.03
-1184.36
-1184.69
-1185.02
-1185.35
-1185.68
-1186.01
-1186.34
-1186.67
-1187
-1187.33
-1187.66
-1187.99
-1188.32
-1188.65
-1188.98
-1189.31
-1189.64
-1189.97
-1190.3
-1190.63
-1190.96
-1191.29
-1191.62
-1191.95
-1192.28
-1192.61
-1192.94
-1193.27
-1193.6
-1193.93
-1194.26
-1194.59
-1194.92
-1195.25
-1195.59
-1195.92
-1196.25
-1196.58
-1196.91
-1197.24
-1197.57
-1197.9
-1198.23
-1198.56
-1198.89
-1199.22
-1199.56
-1199.89
-1200.22
-1200.55
-1200.88
-1201.21
-1201.54
-1201.87
-1202.21
-1202.54
-1202.87
-1203.2
-1203.53
-1203.86
-1204.19
-1204.52
-1204.86
-1205.19
-1205.52
-1205.85
-1206.18
-1206.51
-1206.85
-1207.18
-1207.51
-1207.84
-1208.17
-1208.5
-1208.84
-1209.17
-1209.5
-1209.83
-1210.16
-1210.5
-1210.83
-1211.16
-1211.49
-1211.82
-1212.16
-1212.49
-1212.82
-1213.15
-1213.49
-1213.82
-1214.15
-1214.48
-1214.81
-1215.15
-1215.48
-1215.81
-1216.14
-1216.48
-1216.81
-1217.14
-1217.47
-1217.81
-1218.14
-1218.47
-1218.8
-1219.14
-1219.47
-1219.8
-1220.14
-1220.47
-1220.8
-1221.13
-1221.47
-1221.8
-1222.13
-1222.47
-1222.8
-1223.13
-1223.47
-1223.8
-1224.13
-1224.46
-1224.8
-1225.13
-1225.46
-1225.8
-1226.13
-1226.46
-1226.8
-1227.13
-1227.46
-1227.8
-1228.13
-1228.47
-1228.8
-1229.13
-1229.47
-1229.8
-1230.13
-1230.47
-1230.8
-1231.13
-1231.47
-1231.8
-1232.14
-1232.47
-1232.8
-1233.14
-1233.47
-1233.81
-1234.14
-1234.47
-1234.81
-1235.14
-1235.48
-1235.81
-1236.14
-1236.48
-1236.81
-1237.15
-1237.48
-1237.81
-1238.15
-1238.48
-1238.82
-1239.15
-1239.49
-1239.82
-1240.16
-1240.49
-1240.82
-1241.16
-1241.49
-1241.83
-1242.16
-1242.5
-1242.83
-1243.17
-1243.5
-1243.84
-1244.17
-1244.51
-1244.84
-1245.18
-1245.51
-1245.85
-1246.18
-1246.52
-1246.85
-1247.19
-1247.52
-1247.86
-1248.19
-1248.53
-1248.86
-1249.2
-1249.53
-1249.87
-1250.2
-1250.54
-1250.87
-1251.21
-1251.55
-1251.88
-1252.22
-1252.55
-1252.89
-1253.22
-1253.56
-1253.89
-1254.23
-1254.57
-1254.9
-1255.24
-1255.57
-1255.91
-1256.24
-1256.58
-1256.92
-1257.25
-1257.59
-1257.92
-1258.26
-1258.6
-1258.93
-1259.27
-1259.6
-1259.94
-1260.28
-1260.61
-1260.95
-1261.29
-1261.62
-1261.96
-1262.3
-1262.63
-1262.97
-1263.3
-1263.64
-1263.98
-1264.31
-1264.65
-1264.99
-1265.32
-1265.66
-1266
-1266.33
-1266.67
-1267.01
-1267.34
-1267.68
-1268.02
-1268.35
-1268.69
-1269.03
-1269.37
-1269.7
-1270.04
-1270.38
-1270.71
-1271.05
-1271.39
-1271.72
-1272.06
-1272.4
-1272.74
-1273.07
-1273.41
-1273.75
-1274.09
-1274.42
-1274.76
-1275.1
-1275.44
-1275.77
-1276.11
-1276.45
-1276.79
-1277.12
-1277.46
-1277.8
-1278.14
-1278.47
-1278.81
-1279.15
-1279.49
-1279.82
-1280.16
-1280.5
-1280.84
-1281.18
-1281.51
-1281.85
-1282.19
-1282.53
-1282.87
-1283.2
-1283.54
-1283.88
-1284.22
-1284.56
-1284.9
-1285.23
-1285.57
-1285.91
-1286.25
-1286.59
-1286.93
-1287.26
-1287.6
-1287.94
-1288.28
-1288.62
-1288.96
-1289.3
-1289.63
-1289.97
-1290.31
-1290.65
-1290.99
-1291.33
-1291.67
-1292.01
-1292.34
-1292.68
-1293.02
-1293.36
-1293.7
-1294.04
-1294.38
-1294.72
-1295.06
-1295.4
-1295.73
-1296.07
-1296.41
-1296.75
-1297.09
-1297.43
-1297.77
-1298.11
-1298.45
-1298.79
-1299.13
-1299.47
-1299.81
-1300.15
-1300.49
-1300.82
-1301.16
-1301.5
-1301.84
-1302.18
-1302.52
-1302.86
-1303.2
-1303.54
-1303.88
-1304.22
-1304.56
-1304.9
-1305.24
-1305.58
-1305.92
-1306.26
-1306.6
-1306.94
-1307.28
-1307.62
-1307.96
-1308.3
-1308.64
-1308.98
-1309.32
-1309.66
-1310
-1310.34
-1310.68
-1311.03
-1311.37
-1311.71
-1312.05
-1312.39
-1312.73
-1313.07
-1313.41
-1313.75
-1314.09
-1314.43
-1314.77
-1315.11
-1315.45
-1315.79
-1316.13
-1316.48
-1316.82
-1317.16
-1317.5
-1317.84
-1318.18
-1318.52
-1318.86
-1319.2
-1319.54
-1319.89
-1320.23
-1320.57
-1320.91
-1321.25
-1321.59
-1321.93
-1322.27
-1322.62
-1322.96
-1323.3
-1323.64
-1323.98
-1324.32
-1324.66
-1325.01
-1325.35
-1325.69
-1326.03
-1326.37
-1326.71
-1327.06
-1327.4
-1327.74
-1328.08
-1328.42
-1328.77
-1329.11
-1329.45
-1329.79
-1330.13
-1330.48
-1330.82
-1331.16
-1331.5
-1331.84
-1332.19
-1332.53
-1332.87
-1333.21
-1333.55
-1333.9
-1334.24
-1334.58
-1334.92
-1335.27
-1335.61
-1335.95
-1336.29
-1336.64
-1336.98
-1337.32
-1337.66
-1338.01
-1338.35
-1338.69
-1339.04
-1339.38
-1339.72
-1340.06
-1340.41
-1340.75
-1341.09
-1341.44
-1341.78
-1342.12
-1342.46
-1342.81
-1343.15
-1343.49
-1343.84
-1344.18
-1344.52
-1344.87
-1345.21
-1345.55
-1345.9
-1346.24
-1346.58
-1346.93
-1347.27
-1347.61
-1347.96
-1348.3
-1348.64
-1348.99
-1349.33
-1349.67
-1350.02
-1350.36
-1350.7
-1351.05
-1351.39
-1351.74
-1352.08
-1352.42
-1352.77
-1353.11
-1353.45
-1353.8
-1354.14
-1354.49
-1354.83
-1355.17
-1355.52
-1355.86
-1356.21
-1356.55
-1356.9
-1357.24
-1357.58
-1357.93
-1358.27
-1358.62
-1358.96
-1359.31
-1359.65
-1359.99
-1360.34
-1360.68
-1361.03
-1361.37
-1361.72
-1362.06
-1362.41
-1362.75
-1363.1
-1363.44
-1363.78
-1364.13
-1364.47
-1364.82
-1365.16
-1365.51
-1365.85
-1366.2
-1366.54
-1366.89
-1367.23
-1367.58
-1367.92
-1368.27
-1368.61
-1368.96
-1369.3
-1369.65
-1370
-1370.34
-1370.69
-1371.03
-1371.38
-1371.72
-1372.07
-1372.41
-1372.76
-1373.1
-1373.45
-1373.79
-1374.14
-1374.49
-1374.83
-1375.18
-1375.52
-1375.87
-1376.21
-1376.56
-1376.91
-1377.25
-1377.6
-1377.94
-1378.29
-1378.64
-1378.98
-1379.33
-1379.67
-1380.02
-1380.37
-1380.71
-1381.06
-1381.4
-1381.75
-1382.1
-1382.44
-1382.79
-1383.14
-1383.48
-1383.83
-1384.17
-1384.52
-1384.87
-1385.21
-1385.56
-1385.91
-1386.25
-1386.6
-1386.95
-1387.29
-1387.64
-1387.99
-1388.33
-1388.68
-1389.03
-1389.37
-1389.72
-1390.07
-1390.41
-1390.76
-1391.11
-1391.46
-1391.8
-1392.15
-1392.5
-1392.84
-1393.19
-1393.54
-1393.88
-1394.23
-1394.58
-1394.93
-1395.27
-1395.62
-1395.97
-1396.32
-1396.66
-1397.01
-1397.36
-1397.71
-1398.05
-1398.4
-1398.75
-1399.1
-1399.44
-1399.79
-1400.14
-1400.49
-1400.83
-1401.18
-1401.53
-1401.88
-1402.23
-1402.57
-1402.92
-1403.27
-1403.62
-1403.97
-1404.31
-1404.66
-1405.01
-1405.36
-1405.71
-1406.05
-1406.4
-1406.75
-1407.1
-1407.45
-1407.79
-1408.14
-1408.49
-1408.84
-1409.19
-1409.54
-1409.89
-1410.23
-1410.58
-1410.93
-1411.28
-1411.63
-1411.98
-1412.33
-1412.67
-1413.02
-1413.37
-1413.72
-1414.07
-1414.42
-1414.77
-1415.12
-1415.46
-1415.81
-1416.16
-1416.51
-1416.86
-1417.21
-1417.56
-1417.91
-1418.26
-1418.61
-1418.96
-1419.3
-1419.65
-1420
-1420.35
-1420.7
-1421.05
-1421.4
-1421.75
-1422.1
-1422.45
-1422.8
-1423.15
-1423.5
-1423.85
-1424.2
-1424.55
-1424.9
-1425.25
-1425.6
-1425.94
-1426.29
-1426.64
-1426.99
-1427.34
-1427.69
-1428.04
-1428.39
-1428.74
-1429.09
-1429.44
-1429.79
-1430.14
-1430.49
-1430.84
-1431.19
-1431.54
-1431.89
-1432.25
-1432.6
-1432.95
-1433.3
-1433.65
-1434
-1434.35
-1434.7
-1435.05
-1435.4
-1435.75
-1436.1
-1436.45
-1436.8
-1437.15
-1437.5
-1437.85
-1438.2
-1438.55
-1438.91
-1439.26
-1439.61
-1439.96
-1440.31
-1440.66
-1441.01
-1441.36
-1441.71
-1442.06
-1442.41
-1442.77
-1443.12
-1443.47
-1443.82
-1444.17
-1444.52
-1444.87
-1445.22
-1445.58
-1445.93
-1446.28
-1446.63
-1446.98
-1447.33
-1447.68
-1448.04
-1448.39
-1448.74
-1449.09
-1449.44
-1449.79
-1450.14
-1450.5
-1450.85
-1451.2
-1451.55
-1451.9
-1452.26
-1452.61
-1452.96
-1453.31
-1453.66
-1454.02
-1454.37
-1454.72
-1455.07
-1455.42
-1455.78
-1456.13
-1456.48
-1456.83
-1457.18
-1457.54
-1457.89
-1458.24
-1458.59
-1458.95
-1459.3
-1459.65
-1460
-1460.36
-1460.71
-1461.06
-1461.41
-1461.77
-1462.12
-1462.47
-1462.82
-1463.18
-1463.53
-1463.88
-1464.23
-1464.59
-1464.94
-1465.29
-1465.65
-1466
-1466.35
-1466.7
-1467.06
-1467.41
-1467.76
-1468.12
-1468.47
-1468.82
-1469.18
-1469.53
-1469.88
-1470.24
-1470.59
-1470.94
-1471.3
-1471.65
-1472
-1472.36
-1472.71
-1473.06
-1473.42
-1473.77
-1474.12
-1474.48
-1474.83
-1475.18
-1475.54
-1475.89
-1476.25
-1476.6
-1476.95
-1477.31
-1477.66
-1478.01
-1478.37
-1478.72
-1479.08
-1479.43
-1479.78
-1480.14
-1480.49
-1480.85
-1481.2
-1481.56
-1481.91
-1482.26
-1482.62
-1482.97
-1483.33
-1483.68
-1484.03
-1484.39
-1484.74
-1485.1
-1485.45
-1485.81
-1486.16
-1486.52
-1486.87
-1487.23
-1487.58
-1487.93
-1488.29
-1488.64
-1489
-1489.35
-1489.71
-1490.06
-1490.42
-1490.77
-1491.13
-1491.48
-1491.84
-1492.19
-1492.55
-1492.9
-1493.26
-1493.61
-1493.97
-1494.32
-1494.68
-1495.03
-1495.39
-1495.74
-1496.1
-1496.45
-1496.81
-1497.17
-1497.52
-1497.88
-1498.23
-1498.59
-1498.94
-1499.3
-1499.65
-1500.01
-1500.36
-1500.72
-1501.08
-1501.43
-1501.79
-1502.14
-1502.5
-1502.85
-1503.21
-1503.57
-1503.92
-1504.28
-1504.63
-1504.99
-1505.35
-1505.7
-1506.06
-1506.41
-1506.77
-1507.13
-1507.48
-1507.84
-1508.2
-1508.55
-1508.91
-1509.26
-1509.62
-1509.98
-1510.33
-1510.69
-1511.05
-1511.4
-1511.76
-1512.12
-1512.47
-1512.83
-1513.19
-1513.54
-1513.9
-1514.26
-1514.61
-1514.97
-1515.33
-1515.68
-1516.04
-1516.4
-1516.75
-1517.11
-1517.47
-1517.82
-1518.18
-1518.54
-1518.9
-1519.25
-1519.61
-1519.97
-1520.32
-1520.68
-1521.04
-1521.4
-1521.75
-1522.11
-1522.47
-1522.82
-1523.18
-1523.54
-1523.9
-1524.25
-1524.61
-1524.97
-1525.33
-1525.68
-1526.04
-1526.4
-1526.76
-1527.12
-1527.47
-1527.83
-1528.19
-1528.55
-1528.9
-1529.26
-1529.62
-1529.98
-1530.34
-1530.69
-1531.05
-1531.41
-1531.77
-1532.13
-1532.48
-1532.84
-1533.2
-1533.56
-1533.92
-1534.27
-1534.63
-1534.99
-1535.35
-1535.71
-1536.07
-1536.43
-1536.78
-1537.14
-1537.5
-1537.86
-1538.22
-1538.58
-1538.93
-1539.29
-1539.65
-1540.01
-1540.37
-1540.73
-1541.09
-1541.45
-1541.8
-1542.16
-1542.52
-1542.88
-1543.24
-1543.6
-1543.96
-1544.32
-1544.68
-1545.04
-1545.39
-1545.75
-1546.11
-1546.47
-1546.83
-1547.19
-1547.55
-1547.91
-1548.27
-1548.63
-1548.99
-1549.35
-1549.71
-1550.07
-1550.42
-1550.78
-1551.14
-1551.5
-1551.86
-1552.22
-1552.58
-1552.94
-1553.3
-1553.66
-1554.02
-1554.38
-1554.74
-1555.1
-1555.46
-1555.82
-1556.18
-1556.54
-1556.9
-1557.26
-1557.62
-1557.98
-1558.34
-1558.7
-1559.06
-1559.42
-1559.78
-1560.14
-1560.5
-1560.86
-1561.22
-1561.58
-1561.94
-1562.3
-1562.66
-1563.02
-1563.39
-1563.75
-1564.11
-1564.47
-1564.83
-1565.19
-1565.55
-1565.91
-1566.27
-1566.63
-1566.99
-1567.35
-1567.71
-1568.07
-1568.43
-1568.8
-1569.16
-1569.52
-1569.88
-1570.24
-1570.6
-1570.96
-1571.32
-1571.68
-1572.05
-1572.41
-1572.77
-1573.13
-1573.49
-1573.85
-1574.21
-1574.57
-1574.94
-1575.3
-1575.66
-1576.02
-1576.38
-1576.74
-1577.1
-1577.47
-1577.83
-1578.19
-1578.55
-1578.91
-1579.27
-1579.64
-1580
-1580.36
-1580.72
-1581.08
-1581.44
-1581.81
-1582.17
-1582.53
-1582.89
-1583.25
-1583.62
-1583.98
-1584.34
-1584.7
-1585.06
-1585.43
-1585.79
-1586.15
-1586.51
-1586.88
-1587.24
-1587.6
-1587.96
-1588.33
-1588.69
-1589.05
-1589.41
-1589.78
-1590.14
-1590.5
-1590.86
-1591.23
-1591.59
-1591.95
-1592.31
-1592.68
-1593.04
-1593.4
-1593.76
-1594.13
-1594.49
-1594.85
-1595.22
-1595.58
-1595.94
-1596.3
-1596.67
-1597.03
-1597.39
-1597.76
-1598.12
-1598.48
-1598.85
-1599.21
-1599.57
-1599.94
-1600.3
-1600.66
-1601.03
-1601.39
-1601.75
-1602.12
-1602.48
-1602.84
-1603.21
-1603.57
-1603.93
-1604.3
-1604.66
-1605.02
-1605.39
-1605.75
-1606.12
-1606.48
-1606.84
-1607.21
-1607.57
-1607.94
-1608.3
-1608.66
-1609.03
-1609.39
-1609.76
-1610.12
-1610.48
-1610.85
-1611.21
-1611.58
-1611.94
-1612.3
-1612.67
-1613.03
-1613.4
-1613.76
-1614.13
-1614.49
-1614.85
-1615.22
-1615.58
-1615.95
-1616.31
-1616.68
-1617.04
-1617.41
-1617.77
-1618.13
-1618.5
-1618.86
-1619.23
-1619.59
-1619.96
-1620.32
-1620.69
-1621.05
-1621.42
-1621.78
-1622.15
-1622.51
-1622.88
-1623.24
-1623.61
-1623.97
-1624.34
-1624.7
-1625.07
-1625.43
-1625.8
-1626.16
-1626.53
-1626.89
-1627.26
-1627.63
-1627.99
-1628.36
-1628.72
-1629.09
-1629.45
-1629.82
-1630.18
-1630.55
-1630.91
-1631.28
-1631.65
-1632.01
-1632.38
-1632.74
-1633.11
-1633.47
-1633.84
-1634.21
-1634.57
-1634.94
-1635.3
-1635.67
-1636.04
-1636.4
-1636.77
-1637.13
-1637.5
-1637.87
-1638.23
-1638.6
-1638.96
-1639.33
-1639.7
-1640.06
-1640.43
-1640.8
-1641.16
-1641.53
-1641.9
-1642.26
-1642.63
-1642.99
-1643.36
-1643.73
-1644.09
-1644.46
-1644.83
-1645.19
-1645.56
-1645.93
-1646.29
-1646.66
-1647.03
-1647.4
-1647.76
-1648.13
-1648.5
-1648.86
-1649.23
-1649.6
-1649.96
-1650.33
-1650.7
-1651.07
-1651.43
-1651.8
-1652.17
-1652.53
-1652.9
-1653.27
-1653.64
-1654
-1654.37
-1654.74
-1655.11
-1655.47
-1655.84
-1656.21
-1656.58
-1656.94
-1657.31
-1657.68
-1658.05
-1658.41
-1658.78
-1659.15
-1659.52
-1659.88
-1660.25
-1660.62
-1660.99
-1661.36
-1661.72
-1662.09
-1662.46
-1662.83
-1663.2
-1663.56
-1663.93
-1664.3
-1664.67
-1665.04
-1665.4
-1665.77
-1666.14
-1666.51
-1666.88
-1667.24
-1667.61
-1667.98
-1668.35
-1668.72
-1669.09
-1669.46
-1669.82
-1670.19
-1670.56
-1670.93
-1671.3
-1671.67
-1672.04
-1672.4
-1672.77
-1673.14
-1673.51
-1673.88
-1674.25
-1674.62
-1674.99
-1675.35
-1675.72
-1676.09
-1676.46
-1676.83
-1677.2
-1677.57
-1677.94
-1678.31
-1678.68
-1679.05
-1679.41
-1679.78
-1680.15
-1680.52
-1680.89
-1681.26
-1681.63
-1682
-1682.37
-1682.74
-1683.11
-1683.48
-1683.85
-1684.22
-1684.59
-1684.96
-1685.33
-1685.7
-1686.07
-1686.43
-1686.8
-1687.17
-1687.54
-1687.91
-1688.28
-1688.65
-1689.02
-1689.39
-1689.76
-1690.13
-1690.5
-1690.87
-1691.24
-1691.61
-1691.98
-1692.35
-1692.72
-1693.09
-1693.46
-1693.84
-1694.21
-1694.58
-1694.95
-1695.32
-1695.69
-1696.06
-1696.43
-1696.8
-1697.17
-1697.54
-1697.91
-1698.28
-1698.65
-1699.02
-1699.39
-1699.76
-1700.13
-1700.5
-1700.88
-1701.25
-1701.62
-1701.99
-1702.36
-1702.73
-1703.1
-1703.47
-1703.84
-1704.21
-1704.59
-1704.96
-1705.33
-1705.7
-1706.07
-1706.44
-1706.81
-1707.18
-1707.55
-1707.93
-1708.3
-1708.67
-1709.04
-1709.41
-1709.78
-1710.15
-1710.53
-1710.9
-1711.27
-1711.64
-1712.01
-1712.38
-1712.76
-1713.13
-1713.5
-1713.87
-1714.24
-1714.61
-1714.99
-1715.36
-1715.73
-1716.1
-1716.47
-1716.85
-1717.22
-1717.59
-1717.96
-1718.33
-1718.71
-1719.08
-1719.45
-1719.82
-1720.19
-1720.57
-1720.94
-1721.31
-1721.68
-1722.06
-1722.43
-1722.8
-1723.17
-1723.55
-1723.92
-1724.29
-1724.66
-1725.04
-1725.41
-1725.78
-1726.15
-1726.53
-1726.9
-1727.27
-1727.64
-1728.02
-1728.39
-1728.76
-1729.14
-1729.51
-1729.88
-1730.25
-1730.63
-1731
-1731.37
-1731.75
-1732.12
-1732.49
-1732.87
-1733.24
-1733.61
-1733.99
-1734.36
-1734.73
-1735.1
-1735.48
-1735.85
-1736.23
-1736.6
-1736.97
-1737.35
-1737.72
-1738.09
-1738.47
-1738.84
-1739.21
-1739.59
-1739.96
-1740.33
-1740.71
-1741.08
-1741.46
-1741.83
-1742.2
-1742.58
-1742.95
-1743.32
-1743.7
-1744.07
-1744.45
-1744.82
-1745.19
-1745.57
-1745.94
-1746.32
-1746.69
-1747.06
-1747.44
-1747.81
-1748.19
-1748.56
-1748.94
-1749.31
-1749.68
-1750.06
-1750.43
-1750.81
-1751.18
-1751.56
-1751.93
-1752.31
-1752.68
-1753.05
-1753.43
-1753.8
-1754.18
-1754.55
-1754.93
-1755.3
-1755.68
-1756.05
-1756.43
-1756.8
-1757.18
-1757.55
-1757.93
-1758.3
-1758.68
-1759.05
-1759.43
-1759.8
-1760.18
-1760.55
-1760.93
-1761.3
-1761.68
-1762.05
-1762.43
-1762.8
-1763.18
-1763.55
-1763.93
-1764.31
-1764.68
-1765.06
-1765.43
-1765.81
-1766.18
-1766.56
-1766.93
-1767.31
-1767.69
-1768.06
-1768.44
-1768.81
-1769.19
-1769.56
-1769.94
-1770.32
-1770.69
-1771.07
-1771.44
-1771.82
-1772.2
-1772.57
-1772.95
-1773.32
-1773.7
-1774.08
-1774.45
-1774.83
-1775.2
-1775.58
-1775.96
-1776.33
-1776.71
-1777.09
-1777.46
-1777.84
-1778.21
-1778.59
-1778.97
-1779.34
-1779.72
-1780.1
-1780.47
-1780.85
-1781.23
-1781.6
-1781.98
-1782.36
-1782.73
-1783.11
-1783.49
-1783.86
-1784.24
-1784.62
-1784.99
-1785.37
-1785.75
-1786.13
-1786.5
-1786.88
-1787.26
-1787.63
-1788.01
-1788.39
-1788.76
-1789.14
-1789.52
-1789.9
-1790.27
-1790.65
-1791.03
-1791.41
-1791.78
-1792.16
-1792.54
-1792.92
-1793.29
-1793.67
-1794.05
-1794.43
-1794.8
-1795.18
-1795.56
-1795.94
-1796.31
-1796.69
-1797.07
-1797.45
-1797.82
-1798.2
-1798.58
-1798.96
-1799.34
-1799.71
-1800.09
-1800.47
-1800.85
-1801.23
-1801.6
-1801.98
-1802.36
-1802.74
-1803.12
-1803.5
-1803.87
-1804.25
-1804.63
-1805.01
-1805.39
-1805.76
-1806.14
-1806.52
-1806.9
-1807.28
-1807.66
-1808.04
-1808.41
-1808.79
-1809.17
-1809.55
-1809.93
-1810.31
-1810.69
-1811.07
-1811.44
-1811.82
-1812.2
-1812.58
-1812.96
-1813.34
-1813.72
-1814.1
-1814.48
-1814.85
-1815.23
-1815.61
-1815.99
-1816.37
-1816.75
-1817.13
-1817.51
-1817.89
-1818.27
-1818.65
-1819.03
-1819.4
-1819.78
-1820.16
-1820.54
-1820.92
-1821.3
-1821.68
-1822.06
-1822.44
-1822.82
-1823.2
-1823.58
-1823.96
-1824.34
-1824.72
-1825.1
-1825.48
-1825.86
-1826.24
-1826.62
-1827
-1827.38
-1827.76
-1828.14
-1828.52
-1828.9
-1829.28
-1829.66
-1830.04
-1830.42
-1830.8
-1831.18
-1831.56
-1831.94
-1832.32
-1832.7
-1833.08
-1833.46
-1833.84
-1834.22
-1834.6
-1834.98
-1835.36
-1835.74
-1836.12
-1836.5
-1836.88
-1837.26
-1837.64
-1838.03
-1838.41
-1838.79
-1839.17
-1839.55
-1839.93
-1840.31
-1840.69
-1841.07
-1841.45
-1841.83
-1842.21
-1842.6
-1842.98
-1843.36
-1843.74
-1844.12
-1844.5
-1844.88
-1845.26
-1845.64
-1846.03
-1846.41
-1846.79
-1847.17
-1847.55
-1847.93
-1848.31
-1848.7
-1849.08
-1849.46
-1849.84
-1850.22
-1850.6
-1850.98
-1851.37
-1851.75
-1852.13
-1852.51
-1852.89
-1853.27
-1853.66
-1854.04
-1854.42
-1854.8
-1855.18
-1855.57
-1855.95
-1856.33
-1856.71
-1857.09
-1857.48
-1857.86
-1858.24
-1858.62
-1859.01
