13.9195
13.4447
12.9699
12.4949
12.0199
11.5448
11.0696
10.5943
10.1189
9.64349
9.16796
8.69234
8.21664
7.74086
7.26499
6.78903
6.31299
5.83687
5.36067
4.88438
4.408
3.93154
3.455
2.97837
2.50166
2.02486
1.54798
1.07102
0.593972
0.116839
-0.360378
-0.837679
-1.31506
-1.79253
-2.27009
-2.74773
-3.22545
-3.70325
-4.18115
-4.65912
-5.13718
-5.61532
-6.09355
-6.57186
-7.05026
-7.52874
-8.0073
-8.48595
-8.96468
-9.4435
-9.9224
-10.4014
-10.8805
-11.3596
-11.8389
-12.3182
-12.7976
-13.2771
-13.7566
-14.2363
-14.716
-15.1959
-15.6758
-16.1558
-16.6359
-17.116
-17.5963
-18.0766
-18.557
-19.0375
-19.5181
-19.9988
-20.4795
-20.9604
-21.4413
-21.9223
-22.4034
-22.8846
-23.3658
-23.8472
-24.3286
-24.8101
-25.2917
-25.7734
-26.2552
-26.737
-27.2189
-27.701
-28.1831
-28.6652
-29.1475
-29.6299
-30.1123
-30.5948
-31.0774
-31.5601
-32.0429
-32.5258
-33.0087
-33.4917
-33.9748
-34.458
-34.9413
-35.4247
-35.9081
-36.3917
-36.8753
-37.359
-37.8428
-38.3266
-38.8106
-39.2946
-39.7787
-40.263
-40.7472
-41.2316
-41.7161
-42.2006
-42.6853
-43.17
-43.6548
-44.1396
-44.6246
-45.1097
-45.5948
-46.08
-46.5653
-47.0507
-47.5362
-48.0217
-48.5073
-48.9931
-49.4789
-49.9648
-50.4507
-50.9368
-51.4229
-51.9092
-52.3955
-52.8819
-53.3684
-53.8549
-54.3416
-54.8283
-55.3151
-55.802
-56.289
-56.7761
-57.2632
-57.7505
-58.2378
-58.7252
-59.2127
-59.7003
-60.1879
-60.6757
-61.1635
-61.6514
-62.1394
-62.6275
-63.1156
-63.6039
-64.0922
-64.5806
-65.0691
-65.5577
-66.0464
-66.5351
-67.024
-67.5129
-68.0019
-68.491
-68.9802
-69.4694
-69.9588
-70.4482
-70.9377
-71.4273
-71.917
-72.4067
-72.8966
-73.3865
-73.8765
-74.3666
-74.8568
-75.3471
-75.8374
-76.3279
-76.8184
-77.309
-77.7997
-78.2905
-78.7813
-79.2723
-79.7633
-80.2544
-80.7456
-81.2369
-81.7282
-82.2197
-82.7112
-83.2028
-83.6945
-84.1863
-84.6782
-85.1701
-85.6622
-86.1543
-86.6465
-87.1388
-87.6311
-88.1236
-88.6161
-89.1088
-89.6015
-90.0943
-90.5871
-91.0801
-91.5732
-92.0663
-92.5595
-93.0528
-93.5462
-94.0396
-94.5332
-95.0268
-95.5205
-96.0144
-96.5082
-97.0022
-97.4963
-97.9904
-98.4846
-98.9789
-99.4733
-99.9678
-100.462
-100.957
-101.452
-101.947
-102.441
-102.936
-103.432
-103.927
-104.422
-104.917
-105.413
-105.908
-106.404
-106.899
-107.395
-107.891
-108.387
-108.883
-109.379
-109.875
-110.371
-110.868
-111.364
-111.861
-112.357
-112.854
-113.35
-113.847
-114.344
-114.841
-115.338
-115.836
-116.333
-116.83
-117.328
-117.825
-118.323
-118.82
-119.318
-119.816
-120.314
-120.812
-121.31
-121.808
-122.306
-122.805
-123.303
-123.802
-124.3
-124.799
-125.298
-125.797
-126.296
-126.795
-127.294
-127.793
-128.292
-128.791
-129.291
-129.79
-130.29
-130.79
-131.29
-131.789
-132.289
-132.789
-133.289
-133.79
-134.29
-134.79
-135.291
-135.791
-136.292
-136.793
-137.293
-137.794
-138.295
-138.796
-139.297
-139.799
-140.3
-140.801
-141.303
-141.804
-142.306
-142.808
-143.309
-143.811
-144.313
-144.815
-145.317
-145.82
-146.322
-146.824
-147.327
-147.829
-148.332
-148.835
-149.338
-149.84
-150.343
-150.847
-151.35
-151.853
-152.356
-152.86
-153.363
-153.867
-154.37
-154.874
-155.378
-155.882
-156.386
-156.89
-157.394
-157.898
-158.403
-158.907
-159.411
-159.916
-160.421
-160.925
-161.43
-161.935
-162.44
-162.945
-163.45
-163.956
-164.461
-164.966
-165.472
-165.977
-166.483
-166.989
-167.495
-168.001
-168.507
-169.013
-169.519
-170.025
-170.531
-171.038
-171.544
-172.051
-172.558
-173.064
-173.571
-174.078
-174.585
-175.092
-175.6
-176.107
-176.614
-177.122
-177.629
-178.137
-178.644
-179.152
-179.66
-180.168
-180.676
-181.184
-181.692
-182.201
-182.709
-183.217
-183.726
-184.235
-184.743
-185.252
-185.761
-186.27
-186.779
-187.288
-187.797
-188.306
-188.816
-189.325
-189.835
-190.344
-190.854
-191.364
-191.874
-192.384
-192.894
-193.404
-193.914
-194.424
-194.935
-195.445
-195.956
-196.466
-196.977
-197.488
-197.999
-198.51
-199.021
-199.532
-200.043
-200.555
-201.066
-201.577
-202.089
-202.601
-203.112
-203.624
-204.136
-204.648
-205.16
-205.672
-206.184
-206.697
-207.209
-207.722
-208.234
-208.747
-209.26
-209.772
-210.285
-210.798
-211.311
-211.825
-212.338
-212.851
-213.365
-213.878
-214.392
-214.905
-215.419
-215.933
-216.447
-216.961
-217.475
-217.989
-218.503
-219.018
-219.532
-220.046
-220.561
-221.076
-221.59
-222.105
-222.62
-223.135
-223.65
-224.165
-224.681
-225.196
-225.712
-226.227
-226.743
-227.258
-227.774
-228.29
-228.806
-229.322
-229.838
-230.354
-230.87
-231.387
-231.903
-232.42
-232.936
-233.453
-233.97
-234.487
-235.004
-235.521
-236.038
-236.555
-237.072
-237.59
-238.107
-238.624
-239.142
-239.66
-240.178
-240.695
-241.213
-241.731
-242.25
-242.768
-243.286
-243.804
-244.323
-244.841
-245.36
-245.879
-246.398
-246.916
-247.435
-247.954
-248.474
-248.993
-249.512
-250.031
-250.551
-251.07
-251.59
-252.11
-252.63
-253.149
-253.669
-254.189
-254.71
-255.23
-255.75
-256.27
-256.791
-257.312
-257.832
-258.353
-258.874
-259.395
-259.916
-260.437
-260.958
-261.479
-262
-262.522
-263.043
-263.565
-264.086
-264.608
-265.13
-265.652
-266.174
-266.696
-267.218
-267.74
-268.263
-268.785
-269.308
-269.83
-270.353
-270.875
-271.398
-271.921
-272.444
-272.967
-273.49
-274.014
-274.537
-275.06
-275.584
-276.108
-276.631
-277.155
-277.679
-278.203
-278.727
-279.251
-279.775
-280.299
-280.824
-281.348
-281.872
-282.397
-282.922
-283.447
-283.971
-284.496
-285.021
-285.546
-286.072
-286.597
-287.122
-287.648
-288.173
-288.699
-289.224
-289.75
-290.276
-290.802
-291.328
-291.854
-292.38
-292.907
-293.433
-293.959
-294.486
-295.012
-295.539
-296.066
-296.593
-297.12
-297.647
-298.174
-298.701
-299.228
-299.756
-300.283
-300.811
-301.338
-301.866
-302.394
-302.922
-303.45
-303.978
-304.506
-305.034
-305.562
-306.091
-306.619
-307.148
-307.676
-308.205
-308.734
-309.263
-309.792
-310.321
-310.85
-311.379
-311.908
-312.438
-312.967
-313.497
-314.026
-314.556
-315.086
-315.616
-316.146
-316.676
-317.206
-317.736
-318.267
-318.797
-319.327
-319.858
-320.389
-320.919
-321.45
-321.981
-322.512
-323.043
-323.574
-324.105
-324.637
-325.168
-325.7
-326.231
-326.763
-327.295
-327.826
-328.358
-328.89
-329.422
-329.955
-330.487
-331.019
-331.552
-332.084
-332.617
-333.149
-333.682
-334.215
-334.748
-335.281
-335.814
-336.347
-336.88
-337.414
-337.947
-338.48
-339.014
-339.548
-340.081
-340.615
-341.149
-341.683
-342.217
-342.752
-343.286
-343.82
-344.355
-344.889
-345.424
-345.958
-346.493
-347.028
-347.563
-348.098
-348.633
-349.168
-349.703
-350.239
-350.774
-351.31
-351.845
-352.381
-352.917
-353.453
-353.989
-354.525
-355.061
-355.597
-356.133
-356.67
-357.206
-357.743
-358.279
-358.816
-359.353
-359.889
-360.426
-360.963
-361.501
-362.038
-362.575
-363.112
-363.65
-364.187
-364.725
-365.263
-365.801
-366.338
-366.876
-367.414
-367.952
-368.491
-369.029
-369.567
-370.106
-370.644
-371.183
-371.722
-372.261
-372.799
-373.338
-373.877
-374.417
-374.956
-375.495
-376.034
-376.574
-377.113
-377.653
-378.193
-378.733
-379.273
-379.812
-380.353
-380.893
-381.433
-381.973
-382.514
-383.054
-383.595
-384.135
-384.676
-385.217
-385.758
-386.299
-386.84
-387.381
-387.922
-388.463
-389.005
-389.546
-390.088
-390.63
-391.171
-391.713
-392.255
-392.797
-393.339
-393.881
-394.424
-394.966
-395.508
-396.051
-396.593
-397.136
-397.679
-398.222
-398.764
-399.307
-399.851
-400.394
-400.937
-401.48
-402.024
-402.567
-403.111
-403.654
-404.198
-404.742
-405.286
-405.83
-406.374
-406.918
-407.462
-408.007
-408.551
-409.096
-409.64
-410.185
-410.73
-411.275
-411.82
-412.365
-412.91
-413.455
-414
-414.545
-415.091
-415.636
-416.182
-416.728
-417.274
-417.819
-418.365
-418.911
-419.457
-420.004
-420.55
-421.096
-421.643
-422.189
-422.736
-423.283
-423.829
-424.376
-424.923
-425.47
-426.017
-426.564
-427.112
-427.659
-428.207
-428.754
-429.302
-429.849
-430.397
-430.945
-431.493
-432.041
-432.589
-433.137
-433.686
-434.234
-434.782
-435.331
-435.88
-436.428
-436.977
-437.526
-438.075
-438.624
-439.173
-439.722
-440.272
-440.821
-441.371
-441.92
-442.47
-443.019
-443.569
-444.119
-444.669
-445.219
-445.769
-446.32
-446.87
-447.42
-447.971
-448.521
-449.072
-449.623
-450.173
-450.724
-451.275
-451.826
-452.378
-452.929
-453.48
-454.031
-454.583
-455.135
-455.686
-456.238
-456.79
-457.342
-457.894
-458.446
-458.998
-459.55
-460.102
-460.655
-461.207
-461.76
-462.313
-462.865
-463.418
-463.971
-464.524
-465.077
-465.63
-466.183
-466.737
-467.29
-467.844
-468.397
-468.951
-469.505
-470.059
-470.612
-471.166
-471.721
-472.275
-472.829
-473.383
-473.938
-474.492
-475.047
-475.602
-476.156
-476.711
-477.266
-477.821
-478.376
-478.931
-479.487
-480.042
-480.597
-481.153
-481.708
-482.264
-482.82
-483.376
-483.932
-484.488
-485.044
-485.6
-486.156
-486.713
-487.269
-487.826
-488.382
-488.939
-489.496
-490.053
-490.609
-491.166
-491.724
-492.281
-492.838
-493.395
-493.953
-494.51
-495.068
-495.626
-496.183
-496.741
-497.299
-497.857
-498.415
-498.974
-499.532
-500.09
-500.649
-501.207
-501.766
-502.325
-502.883
-503.442
-504.001
-504.56
-505.119
-505.679
-506.238
-506.797
-507.357
-507.916
-508.476
-509.036
-509.595
-510.155
-510.715
-511.275
-511.835
-512.396
-512.956
-513.516
-514.077
-514.637
-515.198
-515.759
-516.32
-516.88
-517.441
-518.002
-518.564
-519.125
-519.686
-520.248
-520.809
-521.371
-521.932
-522.494
-523.056
-523.618
-524.18
-524.742
-525.304
-525.866
-526.428
-526.991
-527.553
-528.116
-528.678
-529.241
-529.804
-530.367
-530.93
-531.493
-532.056
-532.619
-533.183
-533.746
-534.31
-534.873
-535.437
-536.001
-536.564
-537.128
-537.692
-538.256
-538.821
-539.385
-539.949
-540.514
-541.078
-541.643
-542.207
-542.772
-543.337
-543.902
-544.467
-545.032
-545.597
-546.162
-546.728
-547.293
-547.859
-548.424
-548.99
-549.556
-550.121
-550.687
-551.253
-551.819
-552.386
-552.952
-553.518
-554.085
-554.651
-555.218
-555.785
-556.351
-556.918
-557.485
-558.052
-558.619
-559.186
-559.754
-560.321
-560.888
-561.456
-562.024
-562.591
-563.159
-563.727
-564.295
-564.863
-565.431
-565.999
-566.567
-567.136
-567.704
-568.273
-568.841
-569.41
-569.979
-570.548
-571.117
-571.686
-572.255
-572.824
-573.393
-573.963
-574.532
-575.102
-575.671
-576.241
-576.811
-577.381
-577.951
-578.521
-579.091
-579.661
-580.231
-580.802
-581.372
-581.943
-582.513
-583.084
-583.655
-584.226
-584.797
-585.368
-585.939
-586.51
-587.081
-587.653
-588.224
-588.796
-589.367
-589.939
-590.511
-591.083
-591.655
-592.227
-592.799
-593.371
-593.943
-594.516
-595.088
-595.661
-596.234
-596.806
-597.379
-597.952
-598.525
-599.098
-599.671
-600.244
-600.818
-601.391
-601.965
-602.538
-603.112
-603.685
-604.259
-604.833
-605.407
-605.981
-606.555
-607.13
-607.704
-608.278
-608.853
-609.427
-610.002
-610.577
-611.152
-611.727
-612.302
-612.877
-613.452
-614.027
-614.602
-615.178
-615.753
-616.329
-616.905
-617.48
-618.056
-618.632
-619.208
-619.784
-620.36
-620.937
-621.513
-622.089
-622.666
-623.242
-623.819
-624.396
-624.973
-625.55
-626.127
-626.704
-627.281
-627.858
-628.435
-629.013
-629.59
-630.168
-630.746
-631.323
-631.901
-632.479
-633.057
-633.635
-634.213
-634.792
-635.37
-635.949
-636.527
-637.106
-637.684
-638.263
-638.842
-639.421
-640
-640.579
-641.158
-641.737
-642.317
-642.896
-643.476
-644.055
-644.635
-645.215
-645.795
-646.375
-646.955
-647.535
-648.115
-648.695
-649.276
-649.856
-650.437
-651.017
-651.598
-652.179
-652.76
-653.341
-653.922
-654.503
-655.084
-655.665
-656.247
-656.828
-657.41
-657.991
-658.573
-659.155
-659.737
-660.319
-660.901
-661.483
-662.065
-662.647
-663.23
-663.812
-664.395
-664.977
-665.56
-666.143
-666.726
-667.309
-667.892
-668.475
-669.058
-669.641
-670.225
-670.808
-671.392
-671.975
-672.559
-673.143
-673.727
-674.311
-674.895
-675.479
-676.063
-676.647
-677.232
-677.816
-678.401
-678.986
-679.57
-680.155
-680.74
-681.325
-681.91
-682.495
-683.08
-683.666
-684.251
-684.837
-685.422
-686.008
-686.594
-687.179
-687.765
-688.351
-688.937
-689.524
-690.11
-690.696
-691.282
-691.869
-692.456
-693.042
-693.629
-694.216
-694.803
-695.39
-695.977
-696.564
-697.151
-697.738
-698.326
-698.913
-699.501
-700.089
-700.676
-701.264
-701.852
-702.44
-703.028
-703.616
-704.205
-704.793
-705.381
-705.97
-706.558
-707.147
-707.736
-708.325
-708.914
-709.503
-710.092
-710.681
-711.27
-711.86
-712.449
-713.038
-713.628
-714.218
-714.808
-715.397
-715.987
-716.577
-717.167
-717.758
-718.348
-718.938
-719.529
-720.119
-720.71
-721.3
-721.891
-722.482
-723.073
-723.664
-724.255
-724.846
-725.438
-726.029
-726.62
-727.212
-727.804
-728.395
-728.987
-729.579
-730.171
-730.763
-731.355
-731.947
-732.539
-733.132
-733.724
-734.317
-734.909
-735.502
-736.095
-736.688
-737.281
-737.874
-738.467
-739.06
-739.653
-740.247
-740.84
-741.434
-742.027
-742.621
-743.215
-743.809
-744.403
-744.997
-745.591
-746.185
-746.779
-747.374
-747.968
-748.563
-749.157
-749.752
-750.347
-750.942
-751.537
-752.132
-752.727
-753.322
-753.917
-754.513
-755.108
-755.704
-756.299
-756.895
-757.491
-758.087
-758.683
-759.279
-759.875
-760.471
-761.068
-761.664
-762.26
-762.857
-763.454
-764.05
-764.647
-765.244
-765.841
-766.438
-767.035
-767.632
-768.23
-768.827
-769.425
-770.022
-770.62
-771.218
-771.815
-772.413
-773.011
-773.609
-774.208
-774.806
-775.404
-776.002
-776.601
-777.2
-777.798
-778.397
-778.996
-779.595
-780.194
-780.793
-781.392
-781.991
-782.59
-783.19
-783.789
-784.389
-784.989
-785.588
-786.188
-786.788
-787.388
-787.988
-788.588
-789.189
-789.789
-790.389
-790.99
-791.59
-792.191
-792.792
-793.393
-793.994
-794.595
-795.196
-795.797
-796.398
-796.999
-797.601
-798.202
-798.804
-799.406
-800.007
-800.609
-801.211
-801.813
-802.415
-803.018
-803.62
-804.222
-804.825
-805.427
-806.03
-806.632
-807.235
-807.838
-808.441
-809.044
-809.647
-810.25
-810.853
-811.457
-812.06
-812.664
-813.267
-813.871
-814.475
-815.079
-815.683
-816.287
-816.891
-817.495
-818.099
-818.704
-819.308
-819.913
-820.517
-821.122
-821.727
-822.332
-822.936
-823.542
-824.147
-824.752
-825.357
-825.962
-826.568
-827.173
-827.779
-828.385
-828.991
-829.596
-830.202
-830.808
-831.415
-832.021
-832.627
-833.233
-833.84
-834.446
-835.053
-835.66
-836.267
-836.873
-837.48
-838.087
-838.695
-839.302
-839.909
-840.516
-841.124
-841.731
-842.339
-842.947
-843.555
-844.162
-844.77
-845.378
-845.987
-846.595
-847.203
-847.812
-848.42
-849.029
-849.637
-850.246
-850.855
-851.464
-852.073
-852.682
-853.291
-853.9
-854.509
-855.119
-855.728
-856.338
-856.947
-857.557
-858.167
-858.777
-859.387
-859.997
-860.607
-861.217
-861.828
-862.438
-863.048
-863.659
-864.27
-864.88
-865.491
-866.102
-866.713
-867.324
-867.935
-868.547
-869.158
-869.769
-870.381
-870.992
-871.604
-872.216
-872.828
-873.439
-874.051
-874.664
-875.276
-875.888
-876.5
-877.113
-877.725
-878.338
-878.95
-879.563
-880.176
-880.789
-881.402
-882.015
-882.628
-883.241
-883.855
-884.468
-885.082
-885.695
-886.309
-886.923
-887.537
-888.15
-888.764
-889.379
-889.993
-890.607
-891.221
-891.836
-892.45
-893.065
-893.68
-894.294
-894.909
-895.524
-896.139
-896.754
-897.369
-897.985
-898.6
-899.215
-899.831
-900.447
-901.062
-901.678
-902.294
-902.91
-903.526
-904.142
-904.758
-905.374
-905.991
-906.607
-907.224
-907.84
-908.457
-909.074
-909.691
-910.308
-910.925
-911.542
-912.159
-912.776
-913.393
-914.011
-914.628
-915.246
-915.864
-916.482
-917.099
-917.717
-918.335
-918.953
-919.572
-920.19
-920.808
-921.427
-922.045
-922.664
-923.283
-923.901
-924.52
-925.139
-925.758
-926.377
-926.997
-927.616
-928.235
-928.855
-929.474
-930.094
-930.714
-931.333
-931.953
-932.573
-933.193
-933.813
-934.434
-935.054
-935.674
-936.295
-936.915
-937.536
-938.157
-938.777
-939.398
-940.019
-940.64
-941.261
-941.883
-942.504
-943.125
-943.747
-944.368
-944.99
-945.612
-946.234
-946.855
-947.477
-948.099
-948.722
-949.344
-949.966
-950.589
-951.211
-951.834
-952.456
-953.079
-953.702
-954.325
-954.948
-955.571
-956.194
-956.817
-957.44
-958.064
-958.687
-959.311
-959.934
-960.558
-961.182
-961.806
-962.43
-963.054
-963.678
-964.302
-964.927
-965.551
-966.176
-966.8
-967.425
-968.05
-968.674
-969.299
-969.924
-970.549
-971.175
-971.8
-972.425
-973.05
-973.676
-974.302
-974.927
-975.553
-976.179
-976.805
-977.431
-978.057
-978.683
-979.309
-979.936
-980.562
-981.188
-981.815
-982.442
-983.068
-983.695
-984.322
-984.949
-985.576
-986.203
-986.831
-987.458
-988.085
-988.713
-989.341
-989.968
-990.596
-991.224
-991.852
-992.48
-993.108
-993.736
-994.364
-994.993
-995.621
-996.25
-996.878
-997.507
-998.136
-998.765
-999.393
-1000.02
-1000.65
-1001.28
-1001.91
-1002.54
-1003.17
-1003.8
-1004.43
-1005.06
-1005.69
-1006.32
-1006.95
-1007.58
-1008.21
-1008.84
-1009.47
-1010.1
-1010.73
-1011.36
-1011.99
-1012.62
-1013.25
-1013.88
-1014.51
-1015.14
-1015.78
-1016.41
-1017.04
-1017.67
-1018.3
-1018.93
-1019.56
-1020.2
-1020.83
-1021.46
-1022.09
-1022.72
-1023.36
-1023.99
-1024.62
-1025.25
-1025.88
-1026.52
-1027.15
-1027.78
-1028.41
-1029.05
-1029.68
-1030.31
-1030.95
-1031.58
-1032.21
-1032.85
-1033.48
-1034.11
-1034.75
-1035.38
-1036.01
-1036.65
-1037.28
-1037.92
-1038.55
-1039.19
-1039.82
-1040.45
-1041.09
-1041.72
-1042.36
-1042.99
-1043.63
-1044.26
-1044.9
-1045.53
-1046.17
-1046.8
-1047.44
-1048.07
-1048.71
-1049.34
-1049.98
-1050.62
-1051.25
-1051.89
-1052.52
-1053.16
-1053.8
-1054.43
-1055.07
-1055.7
-1056.34
-1056.98
-1057.61
-1058.25
-1058.89
-1059.52
-1060.16
-1060.8
-1061.44
-1062.07
-1062.71
-1063.35
-1063.99
-1064.62
-1065.26
-1065.9
-1066.54
-1067.17
-1067.81
-1068.45
-1069.09
-1069.73
-1070.36
-1071
-1071.64
-1072.28
-1072.92
-1073.56
-1074.2
-1074.84
-1075.47
-1076.11
-1076.75
-1077.39
-1078.03
-1078.67
-1079.31
-1079.95
-1080.59
-1081.23
-1081.87
-1082.51
-1083.15
-1083.79
-1084.43
-1085.07
-1085.71
-1086.35
-1086.99
-1087.63
-1088.27
-1088.91
-1089.55
-1090.19
-1090.84
-1091.48
-1092.12
-1092.76
-1093.4
-1094.04
-1094.68
-1095.32
-1095.97
-1096.61
-1097.25
-1097.89
-1098.53
-1099.18
-1099.82
-1100.46
-1101.1
-1101.75
-1102.39
-1103.03
-1103.67
-1104.32
-1104.96
-1105.6
-1106.24
-1106.89
-1107.53
-1108.17
-1108.82
-1109.46
-1110.1
-1110.75
-1111.39
-1112.04
-1112.68
-1113.32
-1113.97
-1114.61
-1115.26
-1115.9
-1116.54
-1117.19
-1117.83
-1118.48
-1119.12
-1119.77
-1120.41
-1121.06
-1121.7
-1122.35
-1122.99
-1123.64
-1124.28
-1124.93
-1125.57
-1126.22
-1126.87
-1127.51
-1128.16
-1128.8
-1129.45
-1130.1
-1130.74
-1131.39
-1132.03
-1132.68
-1133.33
-1133.97
-1134.62
-1135.27
-1135.91
-1136.56
-1137.21
-1137.86
-1138.5
-1139.15
-1139.8
-1140.44
-1141.09
-1141.74
-1142.39
-1143.04
-1143.68
-1144.33
-1144.98
-1145.63
-1146.28
-1146.92
-1147.57
-1148.22
-1148.87
-1149.52
-1150.17
-1150.82
-1151.46
-1152.11
-1152.76
-1153.41
-1154.06
-1154.71
-1155.36
-1156.01
-1156.66
-1157.31
-1157.96
-1158.61
-1159.26
-1159.91
-1160.56
-1161.21
-1161.86
-1162.51
-1163.16
-1163.81
-1164.46
-1165.11
-1165.76
-1166.41
-1167.06
-1167.71
-1168.36
-1169.02
-1169.67
-1170.32
-1170.97
-1171.62
-1172.27
-1172.92
-1173.58
-1174.23
-1174.88
-1175.53
-1176.18
-1176.84
-1177.49
-1178.14
-1178.79
-1179.45
-1180.1
-1180.75
-1181.4
-1182.06
-1182.71
-1183.36
-1184.02
-1184.67
-1185.32
-1185.98
-1186.63
-1187.28
-1187.94
-1188.59
-1189.24
-1189.9
-1190.55
-1191.2
-1191.86
-1192.51
-1193.17
-1193.82
-1194.48
-1195.13
-1195.79
-1196.44
-1197.09
-1197.75
-1198.4
-1199.06
-1199.71
-1200.37
-1201.02
-1201.68
-1202.34
-1202.99
-1203.65
-1204.3
-1204.96
-1205.61
-1206.27
-1206.93
-1207.58
-1208.24
-1208.89
-1209.55
-1210.21
-1210.86
-1211.52
-1212.18
-1212.83
-1213.49
-1214.15
-1214.8
-1215.46
-1216.12
-1216.78
-1217.43
-1218.09
-1218.75
-1219.41
-1220.06
-1220.72
-1221.38
-1222.04
-1222.7
-1223.35
-1224.01
-1224.67
-1225.33
-1225.99
-1226.65
-1227.3
-1227.96
-1228.62
-1229.28
-1229.94
-1230.6
-1231.26
-1231.92
-1232.58
-1233.24
-1233.89
-1234.55
-1235.21
-1235.87
-1236.53
-1237.19
-1237.85
-1238.51
-1239.17
-1239.83
-1240.49
-1241.15
-1241.81
-1242.48
-1243.14
-1243.8
-1244.46
-1245.12
-1245.78
-1246.44
-1247.1
-1247.76
-1248.42
-1249.09
-1249.75
-1250.41
-1251.07
-1251.73
-1252.39
-1253.06
-1253.72
-1254.38
-1255.04
-1255.7
-1256.37
-1257.03
-1257.69
-1258.35
-1259.02
-1259.68
-1260.34
-1261
-1261.67
-1262.33
-1262.99
-1263.66
-1264.32
-1264.98
-1265.65
-1266.31
-1266.97
-1267.64
-1268.3
-1268.97
-1269.63
-1270.29
-1270.96
-1271.62
-1272.29
-1272.95
-1273.62
-1274.28
-1274.94
-1275.61
-1276.27
-1276.94
-1277.6
-1278.27
-1278.93
-1279.6
-1280.27
-1280.93
-1281.6
-1282.26
-1282.93
-1283.59
-1284.26
-1284.92
-1285.59
-1286.26
-1286.92
-1287.59
-1288.26
-1288.92
-1289.59
-1290.25
-1290.92
-1291.59
-1292.26
-1292.92
-1293.59
-1294.26
-1294.92
-1295.59
-1296.26
-1296.93
-1297.59
-1298.26
-1298.93
-1299.6
-1300.26
-1300.93
-1301.6
-1302.27
-1302.94
-1303.6
-1304.27
-1304.94
-1305.61
-1306.28
-1306.95
-1307.62
-1308.28
-1308.95
-1309.62
-1310.29
-1310.96
-1311.63
-1312.3
-1312.97
-1313.64
-1314.31
-1314.98
-1315.65
-1316.32
-1316.99
-1317.66
-1318.33
-1319
-1319.67
-1320.34
-1321.01
-1321.68
-1322.35
-1323.02
-1323.69
-1324.36
-1325.03
-1325.7
-1326.37
-1327.05
-1327.72
-1328.39
-1329.06
-1329.73
-1330.4
-1331.08
-1331.75
-1332.42
-1333.09
-1333.76
-1334.43
-1335.11
-1335.78
-1336.45
-1337.12
-1337.8
-1338.47
-1339.14
-1339.81
-1340.49
-1341.16
-1341.83
-1342.51
-1343.18
-1343.85
-1344.53
-1345.2
-1345.87
-1346.55
-1347.22
-1347.89
-1348.57
-1349.24
-1349.92
-1350.59
-1351.26
-1351.94
-1352.61
-1353.29
-1353.96
-1354.64
-1355.31
-1355.99
-1356.66
-1357.34
-1358.01
-1358.69
-1359.36
-1360.04
-1360.71
-1361.39
-1362.06
-1362.74
-1363.42
-1364.09
-1364.77
-1365.44
-1366.12
-1366.8
-1367.47
-1368.15
-1368.82
-1369.5
-1370.18
-1370.85
-1371.53
-1372.21
-1372.88
-1373.56
-1374.24
-1374.92
-1375.59
-1376.27
-1376.95
-1377.62
-1378.3
-1378.98
-1379.66
-1380.34
-1381.01
-1381.69
-1382.37
-1383.05
-1383.73
-1384.4
-1385.08
-1385.76
-1386.44
-1387.12
-1387.8
-1388.48
-1389.15
-1389.83
-1390.51
-1391.19
-1391.87
-1392.55
-1393.23
-1393.91
-1394.59
-1395.27
-1395.95
-1396.63
-1397.31
-1397.99
-1398.67
-1399.35
-1400.03
-1400.71
-1401.39
-1402.07
-1402.75
-1403.43
-1404.11
-1404.79
-1405.47
-1406.15
-1406.84
-1407.52
-1408.2
-1408.88
-1409.56
-1410.24
-1410.92
-1411.61
-1412.29
-1412.97
-1413.65
-1414.33
-1415.02
-1415.7
-1416.38
-1417.06
-1417.74
-1418.43
-1419.11
-1419.79
-1420.48
-1421.16
-1421.84
-1422.52
-1423.21
-1423.89
-1424.57
-1425.26
-1425.94
-1426.62
-1427.31
-1427.99
-1428.68
-1429.36
-1430.04
-1430.73
-1431.41
-1432.1
-1432.78
-1433.46
-1434.15
-1434.83
-1435.52
-1436.2
-1436.89
-1437.57
-1438.26
-1438.94
-1439.63
-1440.31
-1441
-1441.68
-1442.37
-1443.05
-1443.74
-1444.43
-1445.11
-1445.8
-1446.48
-1447.17
-1447.86
-1448.54
-1449.23
-1449.91
-1450.6
-1451.29
-1451.97
-1452.66
-1453.35
-1454.03
-1454.72
-1455.41
-1456.1
-1456.78
-1457.47
-1458.16
-1458.84
-1459.53
-1460.22
-1460.91
-1461.6
-1462.28
-1462.97
-1463.66
-1464.35
-1465.04
-1465.72
-1466.41
-1467.1
-1467.79
-1468.48
-1469.17
-1469.86
-1470.54
-1471.23
-1471.92
-1472.61
-1473.3
-1473.99
-1474.68
-1475.37
-1476.06
-1476.75
-1477.44
-1478.13
-1478.82
-1479.51
-1480.2
-1480.89
-1481.58
-1482.27
-1482.96
-1483.65
-1484.34
-1485.03
-1485.72
-1486.41
-1487.1
-1487.79
-1488.49
-1489.18
-1489.87
-1490.56
-1491.25
-1491.94
-1492.63
-1493.33
-1494.02
-1494.71
-1495.4
-1496.09
-1496.78
-1497.48
-1498.17
-1498.86
-1499.55
-1500.25
-1500.94
-1501.63
-1502.32
-1503.02
-1503.71
-1504.4
-1505.1
-1505.79
-1506.48
-1507.18
-1507.87
-1508.56
-1509.26
-1509.95
-1510.64
-1511.34
-1512.03
-1512.73
-1513.42
-1514.11
-1514.81
-1515.5
-1516.2
-1516.89
-1517.59
-1518.28
-1518.98
-1519.67
-1520.37
-1521.06
-1521.76
-1522.45
-1523.15
-1523.84
-1524.54
-1525.23
-1525.93
-1526.62
-1527.32
-1528.02
-1528.71
-1529.41
-1530.1
-1530.8
-1531.5
-1532.19
-1532.89
-1533.59
-1534.28
-1534.98
-1535.68
-1536.37
-1537.07
-1537.77
-1538.46
-1539.16
-1539.86
-1540.56
-1541.25
-1541.95
-1542.65
-1543.35
-1544.04
-1544.74
-1545.44
-1546.14
-1546.84
-1547.53
-1548.23
-1548.93
-1549.63
-1550.33
-1551.03
-1551.72
-1552.42
-1553.12
-1553.82
-1554.52
-1555.22
-1555.92
-1556.62
-1557.32
-1558.02
-1558.72
-1559.42
-1560.12
-1560.82
-1561.52
-1562.22
-1562.92
-1563.62
-1564.32
-1565.02
-1565.72
-1566.42
-1567.12
-1567.82
-1568.52
-1569.22
-1569.92
-1570.62
-1571.32
-1572.02
-1572.73
-1573.43
-1574.13
-1574.83
-1575.53
-1576.23
-1576.93
-1577.64
-1578.34
-1579.04
-1579.74
-1580.44
-1581.15
-1581.85
-1582.55
-1583.25
-1583.96
-1584.66
-1585.36
-1586.06
-1586.77
-1587.47
-1588.17
-1588.88
-1589.58
-1590.28
-1590.99
-1591.69
-1592.39
-1593.1
-1593.8
-1594.51
-1595.21
-1595.91
-1596.62
-1597.32
-1598.03
-1598.73
-1599.43
-1600.14
-1600.84
-1601.55
-1602.25
-1602.96
-1603.66
-1604.37
-1605.07
-1605.78
-1606.48
-1607.19
-1607.89
-1608.6
-1609.31
-1610.01
-1610.72
-1611.42
-1612.13
-1612.83
-1613.54
-1614.25
-1614.95
-1615.66
-1616.37
-1617.07
-1617.78
-1618.49
-1619.19
-1619.9
-1620.61
-1621.31
-1622.02
-1622.73
-1623.44
-1624.14
-1624.85
-1625.56
-1626.27
-1626.97
-1627.68
-1628.39
-1629.1
-1629.8
-1630.51
-1631.22
-1631.93
-1632.64
-1633.35
-1634.05
-1634.76
-1635.47
-1636.18
-1636.89
-1637.6
-1638.31
-1639.02
-1639.73
-1640.44
-1641.14
-1641.85
-1642.56
-1643.27
-1643.98
-1644.69
-1645.4
-1646.11
-1646.82
-1647.53
-1648.24
-1648.95
-1649.66
-1650.37
-1651.08
-1651.8
-1652.51
-1653.22
-1653.93
-1654.64
-1655.35
-1656.06
-1656.77
-1657.48
-1658.2
-1658.91
-1659.62
-1660.33
-1661.04
-1661.75
-1662.47
-1663.18
-1663.89
-1664.6
-1665.31
-1666.03
-1666.74
-1667.45
-1668.16
-1668.88
-1669.59
-1670.3
-1671.01
-1671.73
-1672.44
-1673.15
-1673.87
-1674.58
-1675.29
-1676.01
-1676.72
-1677.43
-1678.15
-1678.86
-1679.58
-1680.29
-1681
-1681.72
-1682.43
-1683.15
-1683.86
-1684.58
-1685.29
-1686.01
-1686.72
-1687.44
-1688.15
-1688.87
-1689.58
-1690.3
-1691.01
-1691.73
-1692.44
-1693.16
-1693.87
-1694.59
-1695.3
-1696.02
-1696.74
-1697.45
-1698.17
-1698.88
-1699.6
-1700.32
-1701.03
-1701.75
-1702.47
-1703.18
-1703.9
-1704.62
-1705.33
-1706.05
-1706.77
-1707.48
-1708.2
-1708.92
-1709.64
-1710.35
-1711.07
-1711.79
-1712.51
-1713.23
-1713.94
-1714.66
-1715.38
-1716.1
-1716.82
-1717.53
-1718.25
-1718.97
-1719.69
-1720.41
-1721.13
-1721.85
-1722.57
-1723.28
-1724
-1724.72
-1725.44
-1726.16
-1726.88
-1727.6
-1728.32
-1729.04
-1729.76
-1730.48
-1731.2
-1731.92
-1732.64
-1733.36
-1734.08
-1734.8
-1735.52
-1736.24
-1736.96
-1737.68
-1738.4
-1739.13
-1739.85
-1740.57
-1741.29
-1742.01
-1742.73
-1743.45
-1744.17
-1744.9
-1745.62
-1746.34
-1747.06
-1747.78
-1748.5
-1749.23
-1749.95
-1750.67
-1751.39
-1752.12
-1752.84
-1753.56
-1754.28
-1755.01
-1755.73
-1756.45
-1757.18
-1757.9
-1758.62
-1759.34
-1760.07
-1760.79
-1761.51
-1762.24
-1762.96
-1763.69
-1764.41
-1765.13
-1765.86
-1766.58
-1767.31
-1768.03
-1768.75
-1769.48
-1770.2
-1770.93
-1771.65
-1772.38
-1773.1
-1773.83
-1774.55
-1775.28
-1776
-1776.73
-1777.45
-1778.18
-1778.9
-1779.63
-1780.36
-1781.08
-1781.81
-1782.53
-1783.26
-1783.99
-1784.71
-1785.44
-1786.16
-1786.89
-1787.62
-1788.34
-1789.07
-1789.8
-1790.52
-1791.25
-1791.98
-1792.71
-1793.43
-1794.16
-1794.89
-1795.61
-1796.34
-1797.07
-1797.8
-1798.53
-1799.25
-1799.98
-1800.71
-1801.44
-1802.17
-1802.89
-1803.62
-1804.35
-1805.08
-1805.81
-1806.54
-1807.27
-1807.99
-1808.72
-1809.45
-1810.18
-1810.91
-1811.64
-1812.37
-1813.1
-1813.83
-1814.56
-1815.29
-1816.02
-1816.75
-1817.48
-1818.21
-1818.94
-1819.67
-1820.4
-1821.13
-1821.86
-1822.59
-1823.32
-1824.05
-1824.78
-1825.51
-1826.24
-1826.98
-1827.71
-1828.44
-1829.17
-1829.9
-1830.63
-1831.36
-1832.1
-1832.83
-1833.56
-1834.29
-1835.02
-1835.76
-1836.49
-1837.22
-1837.95
-1838.68
-1839.42
-1840.15
-1840.88
-1841.61
-1842.35
-1843.08
-1843.81
-1844.55
-1845.28
-1846.01
-1846.75
-1847.48
-1848.21
-1848.95
-1849.68
-1850.41
-1851.15
-1851.88
-1852.62
-1853.35
-1854.08
-1854.82
-1855.55
-1856.29
-1857.02
-1857.76
-1858.49
-1859.23
-1859.96
-1860.7
-1861.43
-1862.17
-1862.9
-1863.64
-1864.37
-1865.11
-1865.84
-1866.58
-1867.32
-1868.05
-1868.79
-1869.52
-1870.26
-1870.99
-1871.73
-1872.47
-1873.2
-1873.94
-1874.68
-1875.41
-1876.15
-1876.89
-1877.62
-1878.36
-1879.1
-1879.84
-1880.57
-1881.31
-1882.05
-1882.78
-1883.52
-1884.26
-1885
-1885.74
-1886.47
-1887.21
-1887.95
-1888.69
-1889.43
-1890.16
-1890.9
-1891.64
-1892.38
-1893.12
-1893.86
-1894.6
-1895.33
-1896.07
-1896.81
-1897.55
-1898.29
-1899.03
-1899.77
-1900.51
-1901.25
-1901.99
-1902.73
-1903.47
-1904.21
-1904.95
-1905.69
-1906.43
-1907.17
-1907.91
-1908.65
-1909.39
-1910.13
-1910.87
-1911.61
-1912.35
-1913.09
-1913.84
-1914.58
-1915.32
-1916.06
-1916.8
-1917.54
-1918.28
-1919.02
-1919.77
-1920.51
-1921.25
-1921.99
-1922.73
-1923.48
-1924.22
-1924.96
-1925.7
-1926.45
-1927.19
-1927.93
-1928.67
-1929.42
-1930.16
-1930.9
-1931.65
-1932.39
-1933.13
-1933.88
-1934.62
-1935.36
-1936.11
-1936.85
-1937.59
-1938.34
-1939.08
-1939.82
-1940.57
-1941.31
-1942.06
-1942.8
-1943.55
-1944.29
-1945.03
-1945.78
-1946.52
-1947.27
-1948.01
-1948.76
-1949.5
-1950.25
-1950.99
-1951.74
-1952.49
-1953.23
-1953.98
-1954.72
-1955.47
-1956.21
-1956.96
-1957.71
-1958.45
-1959.2
-1959.94
-1960.69
-1961.44
-1962.18
-1962.93
-1963.68
-1964.42
-1965.17
-1965.92
-1966.66
-1967.41
-1968.16
-1968.91
-1969.65
-1970.4
-1971.15
-1971.9
-1972.64
-1973.39
-1974.14
-1974.89
-1975.63
-1976.38
-1977.13
-1977.88
-1978.63
-1979.38
-1980.12
-1980.87
-1981.62
-1982.37
-1983.12
-1983.87
-1984.62
-1985.37
-1986.12
-1986.87
-1987.61
-1988.36
-1989.11
-1989.86
-1990.61
-1991.36
-1992.11
-1992.86
-1993.61
-1994.36
-1995.11
-1995.86
-1996.61
-1997.36
-1998.12
-1998.87
-1999.62
-2000.37
-2001.12
-2001.87
-2002.62
-2003.37
-2004.12
-2004.87
-2005.63
-2006.38
-2007.13
-2007.88
-2008.63
-2009.38
-2010.14
-2010.89
-2011.64
-2012.39
-2013.14
-2013.9
-2014.65
-2015.4
-2016.15
-2016.91
-2017.66
-2018.41
-2019.17
-2019.92
-2020.67
-2021.42
-2022.18
-2022.93
-2023.68
-2024.44
-2025.19
-2025.95
-2026.7
-2027.45
-2028.21
-2028.96
-2029.72
-2030.47
-2031.22
-2031.98
-2032.73
-2033.49
-2034.24
-2035
-2035.75
-2036.51
-2037.26
-2038.02
-2038.77
-2039.53
-2040.28
-2041.04
-2041.79
-2042.55
-2043.3
-2044.06
-2044.82
-2045.57
-2046.33
-2047.08
-2047.84
-2048.6
-2049.35
-2050.11
-2050.86
-2051.62
-2052.38
-2053.13
-2053.89
-2054.65
-2055.41
-2056.16
-2056.92
-2057.68
-2058.43
-2059.19
-2059.95
-2060.71
-2061.46
-2062.22
-2062.98
-2063.74
-2064.5
-2065.25
-2066.01
-2066.77
-2067.53
-2068.29
-2069.05
-2069.8
-2070.56
-2071.32
-2072.08
-2072.84
-2073.6
-2074.36
-2075.12
-2075.88
-2076.64
-2077.39
-2078.15
-2078.91
-2079.67
-2080.43
-2081.19
-2081.95
-2082.71
-2083.47
-2084.23
-2084.99
-2085.75
-2086.51
-2087.28
-2088.04
-2088.8
-2089.56
-2090.32
-2091.08
-2091.84
-2092.6
-2093.36
-2094.12
-2094.89
-2095.65
-2096.41
-2097.17
-2097.93
-2098.69
-2099.46
-2100.22
-2100.98
-2101.74
-2102.5
-2103.27
-2104.03
-2104.79
-2105.55
-2106.32
-2107.08
-2107.84
-2108.6
-2109.37
-2110.13
-2110.89
-2111.66
-2112.42
-2113.18
-2113.95
-2114.71
-2115.47
-2116.24
-2117
-2117.77
-2118.53
-2119.29
-2120.06
-2120.82
-2121.59
-2122.35
-2123.12
-2123.88
-2124.65
-2125.41
-2126.18
-2126.94
-2127.71
-2128.47
-2129.24
-2130
-2130.77
-2131.53
-2132.3
-2133.06
-2133.83
-2134.59
-2135.36
-2136.13
-2136.89
-2137.66
-2138.42
-2139.19
-2139.96
-2140.72
-2141.49
-2142.26
-2143.02
-2143.79
-2144.56
-2145.32
-2146.09
-2146.86
-2147.63
-2148.39
-2149.16
-2149.93
-2150.7
-2151.46
-2152.23
-2153
-2153.77
-2154.53
-2155.3
-2156.07
-2156.84
-2157.61
-2158.38
-2159.14
-2159.91
-2160.68
-2161.45
-2162.22
-2162.99
-2163.76
-2164.53
-2165.3
-2166.06
-2166.83
-2167.6
-2168.37
-2169.14
-2169.91
-2170.68
-2171.45
-2172.22
-2172.99
-2173.76
-2174.53
-2175.3
-2176.07
-2176.84
-2177.61
-2178.38
-2179.15
-2179.93
-2180.7
-2181.47
-2182.24
-2183.01
-2183.78
-2184.55
-2185.32
-2186.1
-2186.87
-2187.64
-2188.41
-2189.18
-2189.95
-2190.73
-2191.5
-2192.27
-2193.04
-2193.81
-2194.59
-2195.36
-2196.13
-2196.9
-2197.68
-2198.45
-2199.22
-2200
-2200.77
-2201.54
-2202.32
-2203.09
-2203.86
-2204.64
-2205.41
-2206.18
-2206.96
-2207.73
-2208.5
-2209.28
-2210.05
-2210.83
-2211.6
-2212.38
-2213.15
-2213.92
-2214.7
-2215.47
-2216.25
-2217.02
-2217.8
-2218.57
-2219.35
-2220.12
-2220.9
-2221.67
-2222.45
-2223.23
-2224
-2224.78
-2225.55
-2226.33
-2227.1
-2227.88
-2228.66
-2229.43
-2230.21
-2230.99
-2231.76
-2232.54
-2233.32
-2234.09
-2234.87
-2235.65
-2236.42
-2237.2
-2237.98
-2238.75
-2239.53
-2240.31
-2241.09
-2241.86
-2242.64
-2243.42
-2244.2
-2244.98
-2245.75
-2246.53
-2247.31
-2248.09
-2248.87
-2249.64
-2250.42
-2251.2
-2251.98
-2252.76
-2253.54
-2254.32
-2255.1
-2255.88
-2256.65
-2257.43
-2258.21
-2258.99
-2259.77
-2260.55
-2261.33
-2262.11
-2262.89
-2263.67
-2264.45
-2265.23
-2266.01
-2266.79
-2267.57
-2268.35
-2269.13
-2269.91
-2270.69
-2271.48
-2272.26
-2273.04
-2273.82
-2274.6
-2275.38
-2276.16
-2276.94
-2277.72
-2278.51
-2279.29
-2280.07
-2280.85
-2281.63
-2282.42
-2283.2
-2283.98
-2284.76
-2285.54
-2286.33
-2287.11
-2287.89
-2288.67
-2289.46
-2290.24
-2291.02
-2291.81
-2292.59
-2293.37
-2294.16
-2294.94
-2295.72
-2296.51
-2297.29
-2298.07
-2298.86
-2299.64
-2300.43
-2301.21
-2301.99
-2302.78
-2303.56
-2304.35
-2305.13
-2305.92
-2306.7
-2307.48
-2308.27
-2309.05
-2309.84
-2310.62
-2311.41
-2312.19
-2312.98
-2313.77
-2314.55
-2315.34
-2316.12
-2316.91
-2317.69
-2318.48
-2319.27
-2320.05
-2320.84
-2321.62
-2322.41
-2323.2
-2323.98
-2324.77
-2325.56
-2326.34
-2327.13
-2327.92
-2328.7
-2329.49
-2330.28
-2331.07
-2331.85
-2332.64
-2333.43
-2334.22
-2335
-2335.79
-2336.58
-2337.37
-2338.16
-2338.94
-2339.73
-2340.52
-2341.31
-2342.1
-2342.89
-2343.67
-2344.46
-2345.25
-2346.04
-2346.83
-2347.62
-2348.41
-2349.2
-2349.99
-2350.78
-2351.57
-2352.36
-2353.14
-2353.93
-2354.72
-2355.51
-2356.3
-2357.09
-2357.88
-2358.68
-2359.47
-2360.26
-2361.05
-2361.84
-2362.63
-2363.42
-2364.21
-2365
-2365.79
-2366.58
-2367.37
-2368.16
-2368.96
-2369.75
-2370.54
-2371.33
-2372.12
-2372.91
-2373.71
-2374.5
-2375.29
-2376.08
-2376.87
-2377.67
-2378.46
-2379.25
-2380.04
-2380.84
-2381.63
-2382.42
-2383.22
-2384.01
-2384.8
-2385.6
-2386.39
-2387.18
-2387.98
-2388.77
-2389.56
-2390.36
-2391.15
-2391.94
-2392.74
-2393.53
-2394.33
-2395.12
-2395.91
-2396.71
-2397.5
-2398.3
-2399.09
-2399.89
-2400.68
-2401.48
-2402.27
-2403.07
-2403.86
-2404.66
-2405.45
-2406.25
-2407.04
-2407.84
-2408.63
-2409.43
-2410.23
-2411.02
-2411.82
-2412.61
-2413.41
-2414.21
-2415
-2415.8
-2416.6
-2417.39
-2418.19
-2418.99
-2419.78
-2420.58
-2421.38
-2422.17
-2422.97
-2423.77
-2424.57
-2425.36
-2426.16
-2426.96
-2427.76
-2428.55
-2429.35
-2430.15
-2430.95
-2431.75
-2432.54
-2433.34
-2434.14
-2434.94
-2435.74
-2436.54
-2437.33
-2438.13
-2438.93
-2439.73
-2440.53
-2441.33
-2442.13
-2442.93
-2443.73
-2444.53
-2445.33
-2446.13
-2446.93
-2447.73
-2448.53
-2449.33
-2450.13
-2450.93
-2451.73
-2452.53
-2453.33
-2454.13
-2454.93
-2455.73
-2456.53
-2457.33
-2458.13
-2458.93
-2459.73
-2460.54
-2461.34
-2462.14
-2462.94
-2463.74
-2464.54
-2465.34
-2466.15
-2466.95
-2467.75
-2468.55
-2469.35
-2470.16
-2470.96
-2471.76
-2472.56
-2473.37
-2474.17
-2474.97
-2475.77
-2476.58
-2477.38
-2478.18
-2478.99
-2479.79
-2480.59
-2481.4
-2482.2
-2483
-2483.81
-2484.61
-2485.42
-2486.22
-2487.02
-2487.83
-2488.63
-2489.44
-2490.24
-2491.04
-2491.85
-2492.65
-2493.46
-2494.26
-2495.07
-2495.87
-2496.68
-2497.48
-2498.29
-2499.09
-2499.9
-2500.71
-2501.51
-2502.32
-2503.12
-2503.93
-2504.73
-2505.54
-2506.35
-2507.15
-2507.96
-2508.76
-2509.57
-2510.38
-2511.18
-2511.99
-2512.8
-2513.6
-2514.41
-2515.22
-2516.03
-2516.83
-2517.64
-2518.45
-2519.26
-2520.06
-2520.87
-2521.68
-2522.49
-2523.29
-2524.1
-2524.91
-2525.72
-2526.53
-2527.33
-2528.14
-2528.95
-2529.76
-2530.57
-2531.38
-2532.19
-2533
-2533.8
-2534.61
-2535.42
-2536.23
-2537.04
-2537.85
-2538.66
-2539.47
-2540.28
-2541.09
-2541.9
-2542.71
-2543.52
-2544.33
-2545.14
-2545.95
-2546.76
-2547.57
-2548.38
-2549.19
-2550
-2550.81
-2551.63
-2552.44
-2553.25
-2554.06
-2554.87
-2555.68
-2556.49
-2557.3
-2558.12
-2558.93
-2559.74
-2560.55
-2561.36
-2562.17
-2562.99
-2563.8
-2564.61
-2565.42
-2566.24
-2567.05
-2567.86
-2568.67
-2569.49
-2570.3
-2571.11
-2571.93
-2572.74
-2573.55
-2574.37
-2575.18
-2575.99
-2576.81
-2577.62
-2578.43
-2579.25
-2580.06
-2580.88
-2581.69
-2582.5
-2583.32
-2584.13
-2584.95
-2585.76
-2586.58
-2587.39
-2588.21
-2589.02
-2589.84
-2590.65
-2591.47
-2592.28
-2593.1
-2593.91
-2594.73
-2595.54
-2596.36
-2597.17
-2597.99
-2598.81
-2599.62
-2600.44
-2601.25
-2602.07
-2602.89
-2603.7
-2604.52
-2605.34
-2606.15
-2606.97
-2607.79
-2608.6
-2609.42
-2610.24
-2611.05
-2611.87
-2612.69
-2613.51
-2614.32
-2615.14
-2615.96
-2616.78
-2617.6
-2618.41
-2619.23
-2620.05
-2620.87
-2621.69
-2622.5
-2623.32
-2624.14
-2624.96
-2625.78
-2626.6
-2627.42
-2628.24
-2629.06
-2629.87
-2630.69
-2631.51
-2632.33
-2633.15
-2633.97
-2634.79
-2635.61
-2636.43
-2637.25
-2638.07
-2638.89
-2639.71
-2640.53
-2641.35
-2642.17
-2642.99
-2643.81
-2644.63
-2645.46
-2646.28
-2647.1
-2647.92
-2648.74
-2649.56
-2650.38
-2651.2
-2652.03
-2652.85
-2653.67
-2654.49
-2655.31
-2656.13
-2656.96
-2657.78
-2658.6
-2659.42
-2660.25
-2661.07
-2661.89
-2662.71
-2663.54
-2664.36
-2665.18
-2666
-2666.83
-2667.65
-2668.47
-2669.3
-2670.12
-2670.94
-2671.77
-2672.59
-2673.42
-2674.24
-2675.06
-2675.89
-2676.71
-2677.54
-2678.36
-2679.18
-2680.01
-2680.83
-2681.66
-2682.48
-2683.31
-2684.13
-2684.96
-2685.78
-2686.61
-2687.43
-2688.26
-2689.08
-2689.91
-2690.74
-2691.56
-2692.39
-2693.21
-2694.04
-2694.86
-2695.69
-2696.52
-2697.34
-2698.17
-2699
-2699.82
-2700.65
-2701.48
-2702.3
-2703.13
-2703.96
-2704.78
-2705.61
-2706.44
-2707.27
-2708.09
-2708.92
-2709.75
-2710.58
-2711.4
-2712.23
-2713.06
-2713.89
-2714.72
-2715.54
-2716.37
-2717.2
-2718.03
-2718.86
-2719.69
-2720.51
-2721.34
-2722.17
-2723
-2723.83
-2724.66
-2725.49
-2726.32
-2727.15
-2727.98
-2728.81
-2729.64
-2730.47
-2731.3
-2732.13
-2732.96
-2733.79
-2734.62
-2735.45
-2736.28
-2737.11
-2737.94
-2738.77
-2739.6
-2740.43
-2741.26
-2742.09
-2742.92
-2743.75
-2744.59
-2745.42
-2746.25
-2747.08
-2747.91
-2748.74
-2749.57
-2750.41
-2751.24
-2752.07
-2752.9
-2753.74
-2754.57
-2755.4
-2756.23
-2757.06
-2757.9
-2758.73
-2759.56
-2760.4
-2761.23
-2762.06
-2762.9
-2763.73
-2764.56
-2765.4
-2766.23
-2767.06
-2767.9
-2768.73
-2769.56
-2770.4
-2771.23
-2772.07
-2772.9
-2773.73
-2774.57
-2775.4
-2776.24
-2777.07
-2777.91
-2778.74
-2779.58
-2780.41
-2781.25
-2782.08
-2782.92
-2783.75
-2784.59
-2785.42
-2786.26
-2787.09
-2787.93
-2788.77
-2789.6
-2790.44
-2791.27
-2792.11
-2792.95
-2793.78
-2794.62
-2795.46
-2796.29
-2797.13
-2797.97
-2798.8
-2799.64
-2800.48
-2801.32
-2802.15
-2802.99
-2803.83
-2804.66
-2805.5
-2806.34
-2807.18
-2808.02
-2808.85
-2809.69
-2810.53
-2811.37
-2812.21
-2813.04
-2813.88
-2814.72
-2815.56
-2816.4
-2817.24
-2818.08
-2818.92
-2819.76
-2820.59
-2821.43
-2822.27
-2823.11
-2823.95
-2824.79
-2825.63
-2826.47
-2827.31
-2828.15
-2828.99
-2829.83
-2830.67
-2831.51
-2832.35
-2833.19
-2834.03
-2834.87
-2835.71
-2836.56
-2837.4
-2838.24
-2839.08
-2839.92
-2840.76
-2841.6
-2842.44
-2843.29
-2844.13
-2844.97
-2845.81
-2846.65
-2847.49
-2848.34
-2849.18
-2850.02
-2850.86
-2851.71
-2852.55
-2853.39
-2854.23
-2855.08
-2855.92
-2856.76
-2857.61
-2858.45
-2859.29
-2860.14
-2860.98
-2861.82
-2862.67
-2863.51
-2864.35
-2865.2
-2866.04
-2866.89
-2867.73
-2868.57
-2869.42
-2870.26
-2871.11
-2871.95
-2872.8
-2873.64
-2874.49
-2875.33
-2876.18
-2877.02
-2877.87
-2878.71
-2879.56
-2880.4
-2881.25
-2882.09
-2882.94
-2883.78
-2884.63
-2885.48
-2886.32
-2887.17
-2888.01
-2888.86
-2889.71
-2890.55
-2891.4
-2892.25
-2893.09
-2893.94
-2894.79
-2895.63
-2896.48
-2897.33
-2898.18
-2899.02
-2899.87
-2900.72
-2901.57
-2902.41
-2903.26
-2904.11
-2904.96
-2905.8
-2906.65
-2907.5
-2908.35
-2909.2
-2910.05
-2910.9
-2911.74
-2912.59
-2913.44
-2914.29
-2915.14
-2915.99
-2916.84
-2917.69
-2918.54
-2919.39
-2920.24
-2921.09
-2921.93
-2922.78
-2923.63
-2924.48
-2925.33
-2926.18
-2927.04
-2927.89
-2928.74
-2929.59
-2930.44
-2931.29
-2932.14
-2932.99
-2933.84
-2934.69
-2935.54
-2936.39
-2937.25
-2938.1
-2938.95
-2939.8
-2940.65
-2941.5
-2942.36
-2943.21
-2944.06
-2944.91
-2945.76
-2946.62
-2947.47
-2948.32
-2949.17
-2950.03
-2950.88
-2951.73
-2952.58
-2953.44
-2954.29
-2955.14
-2956
-2956.85
-2957.7
-2958.56
-2959.41
-2960.26
-2961.12
-2961.97
-2962.83
-2963.68
-2964.53
-2965.39
-2966.24
-2967.1
-2967.95
-2968.81
-2969.66
-2970.52
-2971.37
-2972.23
-2973.08
-2973.94
-2974.79
-2975.65
-2976.5
-2977.36
-2978.21
-2979.07
-2979.92
-2980.78
-2981.64
-2982.49
-2983.35
-2984.2
-2985.06
-2985.92
-2986.77
-2987.63
-2988.49
-2989.34
-2990.2
-2991.06
-2991.91
-2992.77
-2993.63
-2994.49
-2995.34
-2996.2
-2997.06
-2997.92
-2998.77
-2999.63
-3000.49
-3001.35
-3002.21
-3003.06
-3003.92
-3004.78
-3005.64
-3006.5
-3007.36
-3008.21
-3009.07
-3009.93
-3010.79
-3011.65
-3012.51
-3013.37
-3014.23
-3015.09
-3015.95
-3016.81
-3017.67
-3018.53
-3019.39
-3020.25
-3021.11
-3021.97
-3022.83
-3023.69
-3024.55
-3025.41
-3026.27
-3027.13
-3027.99
-3028.85
-3029.71
-3030.57
-3031.43
-3032.29
-3033.15
-3034.02
-3034.88
-3035.74
-3036.6
-3037.46
-3038.32
-3039.19
-3040.05
-3040.91
-3041.77
-3042.63
-3043.5
-3044.36
-3045.22
-3046.08
-3046.95
-3047.81
-3048.67
-3049.54
-3050.4
-3051.26
-3052.13
-3052.99
-3053.85
-3054.72
-3055.58
-3056.44
-3057.31
-3058.17
-3059.03
-3059.9
-3060.76
-3061.63
-3062.49
-3063.36
-3064.22
-3065.08
-3065.95
-3066.81
-3067.68
-3068.54
-3069.41
-3070.27
-3071.14
-3072
-3072.87
-3073.74
-3074.6
-3075.47
-3076.33
-3077.2
-3078.06
-3078.93
-3079.8
-3080.66
-3081.53
-3082.39
-3083.26
-3084.13
-3084.99
-3085.86
-3086.73
-3087.59
-3088.46
-3089.33
-3090.2
-3091.06
-3091.93
-3092.8
-3093.67
-3094.53
-3095.4
-3096.27
-3097.14
-3098
-3098.87
-3099.74
-3100.61
-3101.48
-3102.35
-3103.21
-3104.08
-3104.95
-3105.82
-3106.69
-3107.56
-3108.43
-3109.3
-3110.17
-3111.04
-3111.9
-3112.77
-3113.64
-3114.51
-3115.38
-3116.25
-3117.12
-3117.99
-3118.86
-3119.73
-3120.6
-3121.47
-3122.34
-3123.22
-3124.09
-3124.96
-3125.83
-3126.7
-3127.57
-3128.44
-3129.31
-3130.18
-3131.05
-3131.93
-3132.8
-3133.67
-3134.54
-3135.41
-3136.28
-3137.16
-3138.03
-3138.9
-3139.77
-3140.65
-3141.52
-3142.39
-3143.26
-3144.14
-3145.01
-3145.88
-3146.76
-3147.63
-3148.5
-3149.37
-3150.25
-3151.12
-3152
-3152.87
-3153.74
-3154.62
-3155.49
-3156.36
-3157.24
-3158.11
-3158.99
-3159.86
-3160.74
-3161.61
-3162.49
-3163.36
-3164.23
-3165.11
-3165.98
-3166.86
-3167.74
-3168.61
-3169.49
-3170.36
-3171.24
-3172.11
-3172.99
-3173.86
-3174.74
-3175.62
-3176.49
-3177.37
-3178.24
-3179.12
-3180
-3180.87
-3181.75
-3182.63
-3183.5
-3184.38
-3185.26
-3186.14
-3187.01
-3187.89
-3188.77
-3189.64
-3190.52
-3191.4
-3192.28
-3193.16
-3194.03
-3194.91
-3195.79
-3196.67
-3197.55
-3198.42
-3199.3
-3200.18
-3201.06
-3201.94
-3202.82
-3203.7
-3204.58
-3205.45
-3206.33
-3207.21
-3208.09
-3208.97
-3209.85
-3210.73
-3211.61
-3212.49
-3213.37
-3214.25
-3215.13
-3216.01
-3216.89
-3217.77
-3218.65
-3219.53
-3220.41
-3221.29
-3222.17
-3223.06
-3223.94
-3224.82
-3225.7
-3226.58
-3227.46
-3228.34
-3229.22
-3230.11
-3230.99
-3231.87
-3232.75
-3233.63
-3234.52
-3235.4
-3236.28
-3237.16
-3238.04
-3238.93
-3239.81
-3240.69
-3241.58
-3242.46
-3243.34
-3244.22
-3245.11
-3245.99
-3246.87
-3247.76
-3248.64
-3249.53
-3250.41
-3251.29
-3252.18
-3253.06
-3253.94
-3254.83
-3255.71
-3256.6
-3257.48
-3258.37
-3259.25
-3260.14
-3261.02
-3261.91
-3262.79
-3263.68
-3264.56
-3265.45
-3266.33
-3267.22
-3268.1
-3268.99
-3269.87
-3270.76
-3271.65
-3272.53
-3273.42
-3274.3
-3275.19
-3276.08
-3276.96
-3277.85
-3278.74
-3279.62
-3280.51
-3281.4
-3282.28
-3283.17
-3284.06
-3284.95
-3285.83
-3286.72
-3287.61
-3288.5
-3289.38
-3290.27
-3291.16
-3292.05
-3292.94
-3293.82
-3294.71
-3295.6
-3296.49
-3297.38
-3298.27
-3299.16
-3300.05
-3300.93
-3301.82
-3302.71
-3303.6
-3304.49
-3305.38
-3306.27
-3307.16
-3308.05
-3308.94
-3309.83
-3310.72
-3311.61
-3312.5
-3313.39
-3314.28
-3315.17
-3316.06
-3316.95
-3317.84
-3318.73
-3319.62
-3320.52
-3321.41
-3322.3
-3323.19
-3324.08
-3324.97
-3325.86
-3326.75
-3327.65
-3328.54
-3329.43
-3330.32
-3331.21
-3332.11
-3333
-3333.89
-3334.78
-3335.68
-3336.57
-3337.46
-3338.35
-3339.25
-3340.14
-3341.03
-3341.93
-3342.82
-3343.71
-3344.61
-3345.5
-3346.39
-3347.29
-3348.18
-3349.08
-3349.97
-3350.86
-3351.76
-3352.65
-3353.55
-3354.44
-3355.34
-3356.23
-3357.13
-3358.02
-3358.92
-3359.81
-3360.71
-3361.6
-3362.5
-3363.39
-3364.29
-3365.18
-3366.08
-3366.98
-3367.87
-3368.77
-3369.66
-3370.56
-3371.46
-3372.35
-3373.25
-3374.15
-3375.04
-3375.94
-3376.84
-3377.73
-3378.63
-3379.53
-3380.42
-3381.32
-3382.22
-3383.12
-3384.01
-3384.91
-3385.81
-3386.71
-3387.61
-3388.5
-3389.4
-3390.3
-3391.2
-3392.1
-3393
-3393.89
-3394.79
-3395.69
-3396.59
-3397.49
-3398.39
-3399.29
-3400.19
-3401.09
-3401.99
-3402.89
-3403.79
-3404.69
-3405.59
-3406.49
-3407.39
-3408.29
-3409.19
-3410.09
-3410.99
-3411.89
-3412.79
-3413.69
-3414.59
-3415.49
-3416.39
-3417.29
-3418.19
-3419.09
-3420
-3420.9
-3421.8
-3422.7
-3423.6
-3424.5
-3425.41
-3426.31
-3427.21
-3428.11
-3429.01
-3429.92
-3430.82
-3431.72
-3432.62
-3433.53
-3434.43
-3435.33
-3436.24
-3437.14
-3438.04
-3438.95
-3439.85
-3440.75
-3441.66
-3442.56
-3443.46
-3444.37
-3445.27
-3446.18
-3447.08
-3447.98
-3448.89
-3449.79
-3450.7
-3451.6
-3452.51
-3453.41
-3454.32
-3455.22
-3456.13
-3457.03
-3457.94
-3458.84
-3459.75
-3460.65
-3461.56
-3462.47
-3463.37
-3464.28
-3465.18
-3466.09
-3467
-3467.9
-3468.81
-3469.72
-3470.62
-3471.53
-3472.44
-3473.34
-3474.25
-3475.16
-3476.06
-3476.97
-3477.88
-3478.79
-3479.69
-3480.6
-3481.51
-3482.42
-3483.33
-3484.23
-3485.14
-3486.05
-3486.96
-3487.87
-3488.78
-3489.68
-3490.59
-3491.5
-3492.41
-3493.32
-3494.23
-3495.14
-3496.05
-3496.96
-3497.87
-3498.78
-3499.69
-3500.6
-3501.51
-3502.42
-3503.33
-3504.24
-3505.15
-3506.06
-3506.97
-3507.88
-3508.79
-3509.7
-3510.61
-3511.52
-3512.43
-3513.34
-3514.25
-3515.17
-3516.08
-3516.99
-3517.9
-3518.81
-3519.72
-3520.64
-3521.55
-3522.46
-3523.37
-3524.28
-3525.2
-3526.11
-3527.02
-3527.93
-3528.85
-3529.76
-3530.67
-3531.59
-3532.5
-3533.41
-3534.33
-3535.24
-3536.15
-3537.07
-3537.98
-3538.89
-3539.81
-3540.72
-3541.64
-3542.55
-3543.46
-3544.38
-3545.29
-3546.21
-3547.12
-3548.04
-3548.95
-3549.87
-3550.78
-3551.7
-3552.61
-3553.53
-3554.44
-3555.36
-3556.27
-3557.19
-3558.11
-3559.02
-3559.94
-3560.85
-3561.77
-3562.69
-3563.6
-3564.52
-3565.44
-3566.35
-3567.27
-3568.19
-3569.1
-3570.02
-3570.94
-3571.86
-3572.77
-3573.69
-3574.61
-3575.53
-3576.44
-3577.36
-3578.28
-3579.2
-3580.12
-3581.03
-3581.95
-3582.87
-3583.79
-3584.71
-3585.63
-3586.55
-3587.46
-3588.38
-3589.3
-3590.22
-3591.14
-3592.06
-3592.98
-3593.9
-3594.82
-3595.74
-3596.66
-3597.58
-3598.5
-3599.42
-3600.34
-3601.26
-3602.18
-3603.1
-3604.02
-3604.94
-3605.86
-3606.78
-3607.71
-3608.63
-3609.55
-3610.47
-3611.39
-3612.31
-3613.23
-3614.16
-3615.08
-3616
-3616.92
-3617.84
-3618.77
-3619.69
-3620.61
-3621.53
-3622.46
-3623.38
-3624.3
-3625.23
-3626.15
-3627.07
-3627.99
-3628.92
-3629.84
-3630.77
-3631.69
-3632.61
-3633.54
-3634.46
-3635.38
-3636.31
-3637.23
-3638.16
-3639.08
-3640.01
-3640.93
-3641.86
-3642.78
-3643.71
-3644.63
-3645.56
-3646.48
-3647.41
-3648.33
-3649.26
-3650.18
-3651.11
-3652.03
-3652.96
-3653.89
-3654.81
-3655.74
-3656.67
-3657.59
-3658.52
-3659.44
-3660.37
-3661.3
-3662.23
-3663.15
-3664.08
-3665.01
-3665.93
-3666.86
-3667.79
-3668.72
-3669.64
-3670.57
-3671.5
-3672.43
-3673.36
-3674.28
-3675.21
-3676.14
-3677.07
-3678
-3678.93
-3679.86
-3680.78
-3681.71
-3682.64
-3683.57
-3684.5
-3685.43
-3686.36
-3687.29
-3688.22
-3689.15
-3690.08
-3691.01
-3691.94
-3692.87
-3693.8
-3694.73
-3695.66
-3696.59
-3697.52
-3698.45
-3699.38
-3700.31
-3701.25
-3702.18
-3703.11
-3704.04
-3704.97
-3705.9
-3706.83
-3707.77
-3708.7
-3709.63
-3710.56
-3711.5
-3712.43
-3713.36
-3714.29
-3715.22
-3716.16
-3717.09
-3718.02
-3718.96
-3719.89
-3720.82
-3721.76
-3722.69
-3723.62
-3724.56
-3725.49
-3726.42
-3727.36
-3728.29
-3729.23
-3730.16
-3731.1
-3732.03
-3732.96
-3733.9
-3734.83
-3735.77
-3736.7
-3737.64
-3738.57
-3739.51
-3740.44
-3741.38
-3742.32
-3743.25
-3744.19
-3745.12
-3746.06
-3746.99
-3747.93
-3748.87
-3749.8
-3750.74
-3751.68
-3752.61
-3753.55
-3754.49
-3755.42
-3756.36
-3757.3
-3758.24
-3759.17
-3760.11
-3761.05
-3761.99
-3762.92
-3763.86
-3764.8
-3765.74
-3766.68
-3767.61
-3768.55
-3769.49
-3770.43
-3771.37
-3772.31
-3773.25
-3774.19
-3775.13
-3776.06
-3777
-3777.94
-3778.88
-3779.82
-3780.76
-3781.7
-3782.64
-3783.58
-3784.52
-3785.46
-3786.4
-3787.34
-3788.28
-3789.23
-3790.17
-3791.11
-3792.05
-3792.99
-3793.93
-3794.87
-3795.81
-3796.75
-3797.7
-3798.64
-3799.58
-3800.52
-3801.46
-3802.41
-3803.35
-3804.29
-3805.23
-3806.18
-3807.12
-3808.06
-3809
-3809.95
-3810.89
-3811.83
-3812.78
-3813.72
-3814.66
-3815.61
-3816.55
-3817.5
-3818.44
-3819.38
-3820.33
-3821.27
-3822.22
-3823.16
-3824.11
-3825.05
-3825.99
-3826.94
-3827.88
-3828.83
-3829.77
-3830.72
-3831.67
-3832.61
-3833.56
-3834.5
-3835.45
-3836.39
-3837.34
-3838.29
-3839.23
-3840.18
-3841.13
-3842.07
-3843.02
-3843.97
-3844.91
-3845.86
-3846.81
-3847.75
-3848.7
-3849.65
-3850.6
-3851.54
-3852.49
-3853.44
-3854.39
-3855.34
-3856.28
-3857.23
-3858.18
-3859.13
-3860.08
-3861.03
-3861.98
-3862.92
-3863.87
-3864.82
-3865.77
-3866.72
-3867.67
-3868.62
-3869.57
-3870.52
-3871.47
-3872.42
-3873.37
-3874.32
-3875.27
-3876.22
-3877.17
-3878.12
-3879.07
-3880.02
-3880.97
-3881.93
-3882.88
-3883.83
-3884.78
-3885.73
-3886.68
-3887.63
-3888.59
-3889.54
-3890.49
-3891.44
-3892.39
-3893.35
-3894.3
-3895.25
-3896.2
-3897.16
-3898.11
-3899.06
-3900.02
-3900.97
-3901.92
-3902.88
-3903.83
-3904.78
-3905.74
-3906.69
-3907.65
-3908.6
-3909.55
-3910.51
-3911.46
-3912.42
-3913.37
-3914.33
-3915.28
-3916.24
-3917.19
-3918.15
-3919.1
-3920.06
-3921.01
-3921.97
-3922.93
-3923.88
-3924.84
-3925.79
-3926.75
-3927.71
-3928.66
-3929.62
-3930.58
-3931.53
-3932.49
-3933.45
-3934.4
-3935.36
-3936.32
-3937.28
-3938.23
-3939.19
-3940.15
-3941.11
-3942.06
-3943.02
-3943.98
-3944.94
-3945.9
-3946.86
-3947.82
-3948.77
-3949.73
-3950.69
-3951.65
-3952.61
-3953.57
-3954.53
-3955.49
-3956.45
-3957.41
-3958.37
-3959.33
-3960.29
-3961.25
-3962.21
-3963.17
-3964.13
-3965.09
-3966.05
-3967.01
-3967.97
-3968.93
-3969.9
-3970.86
-3971.82
-3972.78
-3973.74
-3974.7
-3975.67
-3976.63
-3977.59
-3978.55
-3979.51
-3980.48
-3981.44
-3982.4
-3983.37
-3984.33
-3985.29
-3986.26
-3987.22
-3988.18
-3989.15
-3990.11
-3991.07
-3992.04
-3993
-3993.96
-3994.93
-3995.89
-3996.86
-3997.82
-3998.79
-3999.75
-4000.72
-4001.68
-4002.65
-4003.61
-4004.58
-4005.54
-4006.51
-4007.48
-4008.44
-4009.41
-4010.37
-4011.34
-4012.31
-4013.27
-4014.24
-4015.21
-4016.17
-4017.14
-4018.11
-4019.07
-4020.04
-4021.01
-4021.98
-4022.94
-4023.91
-4024.88
-4025.85
-4026.82
-4027.78
-4028.75
-4029.72
-4030.69
-4031.66
-4032.63
-4033.6
-4034.56
-4035.53
-4036.5
-4037.47
-4038.44
-4039.41
-4040.38
-4041.35
-4042.32
-4043.29
-4044.26
-4045.23
-4046.2
-4047.17
-4048.14
-4049.11
-4050.09
-4051.06
-4052.03
-4053
-4053.97
-4054.94
-4055.91
-4056.89
-4057.86
-4058.83
-4059.8
-4060.77
-4061.75
-4062.72
-4063.69
-4064.66
-4065.64
-4066.61
-4067.58
-4068.56
-4069.53
-4070.5
-4071.48
-4072.45
-4073.43
-4074.4
-4075.37
-4076.35
-4077.32
-4078.3
-4079.27
-4080.25
-4081.22
-4082.2
-4083.17
-4084.15
-4085.12
-4086.1
-4087.07
-4088.05
-4089.02
-4090
-4090.98
-4091.95
-4092.93
-4093.91
-4094.88
-4095.86
-4096.84
-4097.81
-4098.79
-4099.77
-4100.74
-4101.72
-4102.7
-4103.68
-4104.65
-4105.63
-4106.61
-4107.59
-4108.57
-4109.55
-4110.52
-4111.5
-4112.48
-4113.46
-4114.44
-4115.42
-4116.4
-4117.38
-4118.36
-4119.34
-4120.32
-4121.3
-4122.28
-4123.26
-4124.24
-4125.22
-4126.2
-4127.18
-4128.16
-4129.14
-4130.12
-4131.11
-4132.09
-4133.07
-4134.05
-4135.03
-4136.01
-4137
-4137.98
-4138.96
-4139.94
-4140.93
-4141.91
-4142.89
-4143.87
-4144.86
-4145.84
-4146.82
-4147.81
-4148.79
-4149.78
-4150.76
-4151.74
-4152.73
-4153.71
-4154.7
-4155.68
-4156.67
-4157.65
-4158.64
-4159.62
-4160.61
-4161.59
-4162.58
-4163.56
-4164.55
-4165.53
-4166.52
-4167.51
-4168.49
-4169.48
-4170.47
-4171.45
-4172.44
-4173.43
-4174.41
-4175.4
-4176.39
-4177.38
-4178.36
-4179.35
-4180.34
-4181.33
-4182.32
-4183.3
-4184.29
-4185.28
-4186.27
-4187.26
-4188.25
-4189.24
-4190.23
-4191.22
-4192.21
-4193.2
-4194.19
-4195.18
-4196.17
-4197.16
-4198.15
-4199.14
-4200.13
-4201.12
-4202.11
-4203.1
-4204.09
-4205.08
-4206.07
-4207.07
-4208.06
-4209.05
-4210.04
-4211.03
-4212.03
-4213.02
-4214.01
-4215.01
-4216
-4216.99
-4217.98
-4218.98
-4219.97
-4220.97
-4221.96
-4222.95
-4223.95
-4224.94
-4225.94
-4226.93
-4227.92
-4228.92
-4229.91
-4230.91
-4231.91
-4232.9
-4233.9
-4234.89
-4235.89
-4236.88
-4237.88
-4238.88
-4239.87
-4240.87
-4241.87
-4242.86
-4243.86
-4244.86
-4245.85
-4246.85
-4247.85
-4248.85
-4249.85
-4250.84
-4251.84
-4252.84
-4253.84
-4254.84
-4255.84
-4256.84
-4257.83
-4258.83
-4259.83
-4260.83
-4261.83
-4262.83
-4263.83
-4264.83
-4265.83
-4266.83
-4267.83
-4268.83
-4269.84
-4270.84
-4271.84
-4272.84
-4273.84
-4274.84
-4275.84
-4276.85
-4277.85
-4278.85
-4279.85
-4280.86
-4281.86
-4282.86
-4283.87
-4284.87
-4285.87
-4286.88
-4287.88
-4288.88
-4289.89
-4290.89
-4291.9
-4292.9
-4293.91
-4294.91
-4295.92
-4296.92
-4297.93
-4298.93
-4299.94
-4300.94
-4301.95
-4302.96
-4303.96
-4304.97
-4305.98
-4306.98
-4307.99
-4309
-4310
-4311.01
-4312.02
-4313.03
-4314.03
-4315.04
-4316.05
-4317.06
-4318.07
-4319.08
-4320.09
-4321.09
-4322.1
-4323.11
-4324.12
-4325.13
-4326.14
-4327.15
-4328.16
-4329.17
-4330.18
-4331.2
-4332.21
-4333.22
-4334.23
-4335.24
-4336.25
-4337.26
-4338.28
-4339.29
-4340.3
-4341.31
-4342.33
-4343.34
-4344.35
-4345.36
-4346.38
-4347.39
-4348.41
-4349.42
-4350.43
-4351.45
-4352.46
-4353.48
-4354.49
-4355.51
-4356.52
-4357.54
-4358.55
-4359.57
-4360.58
-4361.6
-4362.62
-4363.63
-4364.65
-4365.67
-4366.68
-4367.7
-4368.72
-4369.74
-4370.75
-4371.77
-4372.79
-4373.81
-4374.83
-4375.84
-4376.86
-4377.88
-4378.9
-4379.92
-4380.94
-4381.96
-4382.98
-4384
-4385.02
-4386.04
-4387.06
-4388.08
-4389.1
-4390.12
-4391.15
-4392.17
-4393.19
-4394.21
-4395.23
-4396.26
-4397.28
-4398.3
-4399.32
-4400.35
-4401.37
-4402.4
-4403.42
-4404.44
-4405.47
-4406.49
-4407.52
-4408.54
-4409.57
-4410.59
-4411.62
-4412.64
-4413.67
-4414.69
-4415.72
-4416.75
-4417.77
-4418.8
-4419.83
-4420.85
-4421.88
-4422.91
-4423.94
-4424.96
-4425.99
-4427.02
-4428.05
-4429.08
-4430.11
-4431.14
-4432.17
-4433.2
-4434.23
-4435.26
-4436.29
-4437.32
-4438.35
-4439.38
-4440.41
-4441.44
-4442.47
-4443.5
-4444.54
-4445.57
-4446.6
-4447.63
-4448.67
-4449.7
-4450.73
-4451.77
-4452.8
-4453.83
-4454.87
-4455.9
-4456.94
-4457.97
-4459.01
-4460.04
-4461.08
-4462.11
-4463.15
-4464.19
-4465.22
-4466.26
-4467.3
-4468.33
-4469.37
-4470.41
-4471.45
-4472.49
-4473.52
-4474.56
-4475.6
-4476.64
-4477.68
-4478.72
-4479.76
-4480.8
-4481.84
-4482.88
-4483.92
-4484.96
-4486
-4487.04
-4488.09
-4489.13
-4490.17
-4491.21
-4492.25
-4493.3
-4494.34
-4495.38
-4496.43
-4497.47
-4498.52
-4499.56
-4500.61
-4501.65
-4502.7
-4503.74
-4504.79
-4505.83
-4506.88
-4507.93
-4508.97
-4510.02
-4511.07
-4512.11
-4513.16
-4514.21
-4515.26
-4516.31
-4517.36
-4518.4
-4519.45
-4520.5
-4521.55
-4522.6
-4523.65
-4524.7
-4525.76
-4526.81
-4527.86
-4528.91
-4529.96
-4531.02
-4532.07
-4533.12
-4534.17
-4535.23
-4536.28
-4537.34
-4538.39
-4539.44
-4540.5
-4541.55
-4542.61
-4543.67
-4544.72
-4545.78
-4546.84
-4547.89
-4548.95
-4550.01
-4551.07
-4552.12
-4553.18
-4554.24
-4555.3
-4556.36
-4557.42
-4558.48
-4559.54
-4560.6
-4561.66
-4562.72
-4563.78
-4564.85
-4565.91
-4566.97
-4568.03
-4569.1
-4570.16
-4571.22
-4572.29
-4573.35
-4574.42
-4575.48
-4576.55
-4577.61
-4578.68
-4579.75
-4580.81
-4581.88
-4582.95
-4584.02
-4585.08
-4586.15
-4587.22
-4588.29
-4589.36
-4590.43
-4591.5
-4592.57
-4593.64
-4594.71
-4595.79
-4596.86
-4597.93
-4599
-4600.08
-4601.15
-4602.22
-4603.3
-4604.37
-4605.45
-4606.52
-4607.6
-4608.68
-4609.75
-4610.83
-4611.91
-4612.98
-4614.06
-4615.14
-4616.22
-4617.3
-4618.38
-4619.46
-4620.54
-4621.62
-4622.7
-4623.78
-4624.87
-4625.95
-4627.03
-4628.11
-4629.2
-4630.28
-4631.37
-4632.45
-4633.54
-4634.62
-4635.71
-4636.8
-4637.88
-4638.97
-4640.06
-4641.15
-4642.24
-4643.33
-4644.42
-4645.51
-4646.6
-4647.69
-4648.78
-4649.88
-4650.97
-4652.06
-4653.16
-4654.25
-4655.34
-4656.44
-4657.54
-4658.63
-4659.73
-4660.83
-4661.92
-4663.02
-4664.12
-4665.22
-4666.32
-4667.42
-4668.52
-4669.62
-4670.73
-4671.83
-4672.93
-4674.04
-4675.14
-4676.24
-4677.35
-4678.46
-4679.56
-4680.67
-4681.78
-4682.89
-4683.99
-4685.1
-4686.21
-4687.33
-4688.44
-4689.55
-4690.66
-4691.77
-4692.89
-4694
-4695.12
-4696.23
-4697.35
-4698.47
-4699.59
-4700.7
-4701.82
-4702.94
-4704.06
-4705.19
-4706.31
-4707.43
-4708.56
-4709.68
-4710.8
-4711.93
-4713.06
-4714.18
-4715.31
-4716.44
-4717.57
-4718.7
-4719.83
-4720.97
-4722.1
-4723.23
-4724.37
-4725.5
-4726.64
-4727.78
-4728.92
-4730.06
-4731.2
-4732.34
-4733.48
-4734.62
-4735.77
-4736.91
-4738.06
-4739.21
-4740.35
-4741.5
-4742.65
-4743.81
-4744.96
-4746.11
-4747.27
-4748.42
-4749.58
-4750.74
-4751.9
-4753.06
-4754.23
-4755.39
-4756.55
-4757.72
-4758.89
-4760.06
-4761.23
-4762.4
-4763.58
-4764.75
-4765.93
-4767.11
-4768.29
-4769.48
-4770.66
-4771.85
-4773.04
-4774.23
-4775.42
-4776.62
-4777.82
-4779.02
-4780.22
-4781.42
-4782.63
-4783.84
-4785.06
-4786.28
-4787.5
-4788.72
-4789.95
-4791.18
-4792.42
-4793.66
-4794.91
-4796.16
-4797.42
-4798.69
-4799.96
-4801.25
-4802.54
-4803.85
-4805.18
-4806.52
-4807.9
-4809.32
-4810.8
-4812.48
