-145.383
-147.79
-150.197
-152.604
-155.011
-157.418
-159.825
-162.231
-164.638
-167.044
-169.451
-171.857
-174.263
-176.67
-179.076
-181.482
-183.888
-186.293
-188.699
-191.105
-193.51
-195.916
-198.321
-200.727
-203.132
-205.537
-207.942
-210.347
-212.752
-215.157
-217.562
-219.966
-222.371
-224.776
-227.18
-229.584
-231.989
-234.393
-236.797
-239.201
-241.605
-244.009
-246.413
-248.816
-251.22
-253.624
-256.027
-258.43
-260.834
-263.237
-265.64
-268.043
-270.446
-272.849
-275.252
-277.655
-280.057
-282.46
-284.862
-287.265
-289.667
-292.069
-294.471
-296.874
-299.276
-301.678
-304.079
-306.481
-308.883
-311.284
-313.686
-316.087
-318.489
-320.89
-323.291
-325.692
-328.093
-330.494
-332.895
-335.296
-337.697
-340.097
-342.498
-344.898
-347.299
-349.699
-352.099
-354.499
-356.899
-359.299
-361.699
-364.099
-366.499
-368.898
-371.298
-373.698
-376.097
-378.496
-380.895
-383.295
-385.694
-388.093
-390.492
-392.89
-395.289
-397.688
-400.086
-402.485
-404.883
-407.282
-409.68
-412.078
-414.476
-416.874
-419.272
-421.67
-424.068
-426.466
-428.863
-431.261
-433.658
-436.056
-438.453
-440.85
-443.247
-445.644
-448.041
-450.438
-452.835
-455.232
-457.628
-460.025
-462.421
-464.818
-467.214
-469.61
-472.006
-474.402
-476.798
-479.194
-481.59
-483.986
-486.382
-488.777
-491.173
-493.568
-495.963
-498.359
-500.754
-503.149
-505.544
-507.939
-510.334
-512.728
-515.123
-517.518
-519.912
-522.307
-524.701
-527.095
-529.489
-531.884
-534.278
-536.672
-539.065
-541.459
-543.853
-546.246
-548.64
-551.033
-553.427
-555.82
-558.213
-560.606
-563
-565.393
-567.785
-570.178
-572.571
-574.964
-577.356
-579.749
-582.141
-584.533
-586.926
-589.318
-591.71
-594.102
-596.494
-598.885
-601.277
-603.669
-606.06
-608.452
-610.843
-613.235
-615.626
-618.017
-620.408
-622.799
-625.19
-627.581
-629.972
-632.362
-634.753
-637.144
-639.534
-641.924
-644.315
-646.705
-649.095
-651.485
-653.875
-656.265
-658.654
-661.044
-663.434
-665.823
-668.213
-670.602
-672.991
-675.381
-677.77
-680.159
-682.548
-684.937
-687.325
-689.714
-692.103
-694.491
-696.88
-699.268
-701.657
-704.045
-706.433
-708.821
-711.209
-713.597
-715.985
-718.372
-720.76
-723.148
-725.535
-727.923
-730.31
-732.697
-735.084
-737.471
-739.858
-742.245
-744.632
-747.019
-749.406
-751.792
-754.179
-756.565
-758.951
-761.338
-763.724
-766.11
-768.496
-770.882
-773.268
-775.654
-778.039
-780.425
-782.81
-785.196
-787.581
-789.966
-792.352
-794.737
-797.122
-799.507
-801.892
-804.276
-806.661
-809.046
-811.43
-813.815
-816.199
-818.583
-820.968
-823.352
-825.736
-828.12
-830.504
-832.887
-835.271
-837.655
-840.038
-842.422
-844.805
-847.189
-849.572
-851.955
-854.338
-856.721
-859.104
-861.487
-863.869
-866.252
-868.635
-871.017
-873.4
-875.782
-878.164
-880.546
-882.928
-885.31
-887.692
-890.074
-892.456
-894.838
-897.219
-899.601
-901.982
-904.363
-906.745
-909.126
-911.507
-913.888
-916.269
-918.65
-921.03
-923.411
-925.792
-928.172
-930.553
-932.933
-935.313
-937.694
-940.074
-942.454
-944.834
-947.214
-949.593
-951.973
-954.353
-956.732
-959.112
-961.491
-963.87
-966.249
-968.629
-971.008
-973.387
-975.765
-978.144
-980.523
-982.902
-985.28
-987.659
-990.037
-992.415
-994.794
-997.172
-999.55
-1001.93
-1004.31
-1006.68
-1009.06
-1011.44
-1013.82
-1016.19
-1018.57
-1020.95
-1023.33
-1025.7
-1028.08
-1030.46
-1032.83
-1035.21
-1037.59
-1039.96
-1042.34
-1044.72
-1047.09
-1049.47
-1051.85
-1054.22
-1056.6
-1058.97
-1061.35
-1063.73
-1066.1
-1068.48
-1070.85
-1073.23
-1075.6
-1077.98
-1080.35
-1082.73
-1085.1
-1087.48
-1089.85
-1092.23
-1094.6
-1096.98
-1099.35
-1101.73
-1104.1
-1106.48
-1108.85
-1111.23
-1113.6
-1115.97
-1118.35
-1120.72
-1123.1
-1125.47
-1127.84
-1130.22
-1132.59
-1134.96
-1137.34
-1139.71
-1142.08
-1144.46
-1146.83
-1149.2
-1151.57
-1153.95
-1156.32
-1158.69
-1161.06
-1163.44
-1165.81
-1168.18
-1170.55
-1172.93
-1175.3
-1177.67
-1180.04
-1182.41
-1184.78
-1187.16
-1189.53
-1191.9
-1194.27
-1196.64
-1199.01
-1201.38
-1203.75
-1206.13
-1208.5
-1210.87
-1213.24
-1215.61
-1217.98
-1220.35
-1222.72
-1225.09
-1227.46
-1229.83
-1232.2
-1234.57
-1236.94
-1239.31
-1241.68
-1244.05
-1246.42
-1248.79
-1251.16
-1253.53
-1255.89
-1258.26
-1260.63
-1263
-1265.37
-1267.74
-1270.11
-1272.48
-1274.85
-1277.21
-1279.58
-1281.95
-1284.32
-1286.69
-1289.05
-1291.42
-1293.79
-1296.16
-1298.53
-1300.89
-1303.26
-1305.63
-1308
-1310.36
-1312.73
-1315.1
-1317.46
-1319.83
-1322.2
-1324.56
-1326.93
-1329.3
-1331.66
-1334.03
-1336.4
-1338.76
-1341.13
-1343.5
-1345.86
-1348.23
-1350.59
-1352.96
-1355.32
-1357.69
-1360.06
-1362.42
-1364.79
-1367.15
-1369.52
-1371.88
-1374.25
-1376.61
-1378.98
-1381.34
-1383.71
-1386.07
-1388.44
-1390.8
-1393.16
-1395.53
-1397.89
-1400.26
-1402.62
-1404.98
-1407.35
-1409.71
-1412.08
-1414.44
-1416.8
-1419.17
-1421.53
-1423.89
-1426.26
-1428.62
-1430.98
-1433.35
-1435.71
-1438.07
-1440.43
-1442.8
-1445.16
-1447.52
-1449.88
-1452.25
-1454.61
-1456.97
-1459.33
-1461.69
-1464.06
-1466.42
-1468.78
-1471.14
-1473.5
-1475.86
-1478.23
-1480.59
-1482.95
-1485.31
-1487.67
-1490.03
-1492.39
-1494.75
-1497.11
-1499.47
-1501.83
-1504.2
-1506.56
-1508.92
-1511.28
-1513.64
-1516
-1518.36
-1520.72
-1523.08
-1525.44
-1527.8
-1530.15
-1532.51
-1534.87
-1537.23
-1539.59
-1541.95
-1544.31
-1546.67
-1549.03
-1551.39
-1553.75
-1556.1
-1558.46
-1560.82
-1563.18
-1565.54
-1567.9
-1570.25
-1572.61
-1574.97
-1577.33
-1579.69
-1582.04
-1584.4
-1586.76
-1589.12
-1591.47
-1593.83
-1596.19
-1598.55
-1600.9
-1603.26
-1605.62
-1607.97
-1610.33
-1612.69
-1615.04
-1617.4
-1619.76
-1622.11
-1624.47
-1626.82
-1629.18
-1631.54
-1633.89
-1636.25
-1638.6
-1640.96
-1643.31
-1645.67
-1648.03
-1650.38
-1652.74
-1655.09
-1657.45
-1659.8
-1662.16
-1664.51
-1666.87
-1669.22
-1671.57
-1673.93
-1676.28
-1678.64
-1680.99
-1683.35
-1685.7
-1688.05
-1690.41
-1692.76
-1695.12
-1697.47
-1699.82
-1702.18
-1704.53
-1706.88
-1709.24
-1711.59
-1713.94
-1716.3
-1718.65
-1721
-1723.35
-1725.71
-1728.06
-1730.41
-1732.76
-1735.12
-1737.47
-1739.82
-1742.17
-1744.52
-1746.88
-1749.23
-1751.58
-1753.93
-1756.28
-1758.63
-1760.99
-1763.34
-1765.69
-1768.04
-1770.39
-1772.74
-1775.09
-1777.44
-1779.79
-1782.14
-1784.49
-1786.85
-1789.2
-1791.55
-1793.9
-1796.25
-1798.6
-1800.95
-1803.3
-1805.65
-1808
-1810.35
-1812.69
-1815.04
-1817.39
-1819.74
-1822.09
-1824.44
-1826.79
-1829.14
-1831.49
-1833.84
-1836.19
-1838.53
-1840.88
-1843.23
-1845.58
-1847.93
-1850.28
-1852.62
-1854.97
-1857.32
-1859.67
-1862.02
-1864.36
-1866.71
-1869.06
-1871.41
-1873.75
-1876.1
-1878.45
-1880.8
-1883.14
-1885.49
-1887.84
-1890.18
-1892.53
-1894.88
-1897.22
-1899.57
-1901.92
-1904.26
-1906.61
-1908.95
-1911.3
-1913.65
-1915.99
-1918.34
-1920.68
-1923.03
-1925.37
-1927.72
-1930.06
-1932.41
-1934.76
-1937.1
-1939.45
-1941.79
-1944.14
-1946.48
-1948.82
-1951.17
-1953.51
-1955.86
-1958.2
-1960.55
-1962.89
-1965.24
-1967.58
-1969.92
-1972.27
-1974.61
-1976.95
-1979.3
-1981.64
-1983.98
-1986.33
-1988.67
-1991.01
-1993.36
-1995.7
-1998.04
-2000.39
-2002.73
-2005.07
-2007.41
-2009.76
-2012.1
-2014.44
-2016.78
-2019.13
-2021.47
-2023.81
-2026.15
-2028.49
-2030.84
-2033.18
-2035.52
-2037.86
-2040.2
-2042.54
-2044.88
-2047.23
-2049.57
-2051.91
-2054.25
-2056.59
-2058.93
-2061.27
-2063.61
-2065.95
-2068.29
-2070.63
-2072.97
-2075.31
-2077.65
-2079.99
-2082.33
-2084.67
-2087.01
-2089.35
-2091.69
-2094.03
-2096.37
-2098.71
-2101.05
-2103.39
-2105.73
-2108.07
-2110.4
-2112.74
-2115.08
-2117.42
-2119.76
-2122.1
-2124.44
-2126.77
-2129.11
-2131.45
-2133.79
-2136.13
-2138.46
-2140.8
-2143.14
-2145.48
-2147.82
-2150.15
-2152.49
-2154.83
-2157.16
-2159.5
-2161.84
-2164.18
-2166.51
-2168.85
-2171.19
-2173.52
-2175.86
-2178.2
-2180.53
-2182.87
-2185.2
-2187.54
-2189.88
-2192.21
-2194.55
-2196.88
-2199.22
-2201.56
-2203.89
-2206.23
-2208.56
-2210.9
-2213.23
-2215.57
-2217.9
-2220.24
-2222.57
-2224.91
-2227.24
-2229.58
-2231.91
-2234.24
-2236.58
-2238.91
-2241.25
-2243.58
-2245.92
-2248.25
-2250.58
-2252.92
-2255.25
-2257.58
-2259.92
-2262.25
-2264.58
-2266.92
-2269.25
-2271.58
-2273.92
-2276.25
-2278.58
-2280.92
-2283.25
-2285.58
-2287.91
-2290.25
-2292.58
-2294.91
-2297.24
-2299.57
-2301.91
-2304.24
-2306.57
-2308.9
-2311.23
-2313.56
-2315.9
-2318.23
-2320.56
-2322.89
-2325.22
-2327.55
-2329.88
-2332.21
-2334.54
-2336.88
-2339.21
-2341.54
-2343.87
-2346.2
-2348.53
-2350.86
-2353.19
-2355.52
-2357.85
-2360.18
-2362.51
-2364.84
-2367.17
-2369.5
-2371.83
-2374.15
-2376.48
-2378.81
-2381.14
-2383.47
-2385.8
-2388.13
-2390.46
-2392.79
-2395.11
-2397.44
-2399.77
-2402.1
-2404.43
-2406.76
-2409.08
-2411.41
-2413.74
-2416.07
-2418.4
-2420.72
-2423.05
-2425.38
-2427.71
-2430.03
-2432.36
-2434.69
-2437.01
-2439.34
-2441.67
-2444
-2446.32
-2448.65
-2450.97
-2453.3
-2455.63
-2457.95
-2460.28
-2462.61
-2464.93
-2467.26
-2469.58
-2471.91
-2474.24
-2476.56
-2478.89
-2481.21
-2483.54
-2485.86
-2488.19
-2490.51
-2492.84
-2495.16
-2497.49
-2499.81
-2502.14
-2504.46
-2506.79
-2509.11
-2511.43
-2513.76
-2516.08
-2518.41
-2520.73
-2523.06
-2525.38
-2527.7
-2530.03
-2532.35
-2534.67
-2537
-2539.32
-2541.64
-2543.97
-2546.29
-2548.61
-2550.94
-2553.26
-2555.58
-2557.9
-2560.23
-2562.55
-2564.87
-2567.19
-2569.52
-2571.84
-2574.16
-2576.48
-2578.8
-2581.12
-2583.45
-2585.77
-2588.09
-2590.41
-2592.73
-2595.05
-2597.37
-2599.7
-2602.02
-2604.34
-2606.66
-2608.98
-2611.3
-2613.62
-2615.94
-2618.26
-2620.58
-2622.9
-2625.22
-2627.54
-2629.86
-2632.18
-2634.5
-2636.82
-2639.14
-2641.46
-2643.78
-2646.1
-2648.42
-2650.74
-2653.06
-2655.38
-2657.7
-2660.01
-2662.33
-2664.65
-2666.97
-2669.29
-2671.61
-2673.93
-2676.24
-2678.56
-2680.88
-2683.2
-2685.52
-2687.83
-2690.15
-2692.47
-2694.79
-2697.1
-2699.42
-2701.74
-2704.06
-2706.37
-2708.69
-2711.01
-2713.32
-2715.64
-2717.96
-2720.27
-2722.59
-2724.91
-2727.22
-2729.54
-2731.86
-2734.17
-2736.49
-2738.8
-2741.12
-2743.44
-2745.75
-2748.07
-2750.38
-2752.7
-2755.01
-2757.33
-2759.64
-2761.96
-2764.27
-2766.59
-2768.9
-2771.22
-2773.53
-2775.85
-2778.16
-2780.48
-2782.79
-2785.11
-2787.42
-2789.73
-2792.05
-2794.36
-2796.68
-2798.99
-2801.3
-2803.62
-2805.93
-2808.24
-2810.56
-2812.87
-2815.18
-2817.5
-2819.81
-2822.12
-2824.43
-2826.75
-2829.06
-2831.37
-2833.68
-2836
-2838.31
-2840.62
-2842.93
-2845.25
-2847.56
-2849.87
-2852.18
-2854.49
-2856.8
-2859.12
-2861.43
-2863.74
-2866.05
-2868.36
-2870.67
-2872.98
-2875.29
-2877.6
-2879.92
-2882.23
-2884.54
-2886.85
-2889.16
-2891.47
-2893.78
-2896.09
-2898.4
-2900.71
-2903.02
-2905.33
-2907.64
-2909.95
-2912.26
-2914.57
-2916.88
-2919.18
-2921.49
-2923.8
-2926.11
-2928.42
-2930.73
-2933.04
-2935.35
-2937.66
-2939.96
-2942.27
-2944.58
-2946.89
-2949.2
-2951.51
-2953.81
-2956.12
-2958.43
-2960.74
-2963.04
-2965.35
-2967.66
-2969.97
-2972.27
-2974.58
-2976.89
-2979.19
-2981.5
-2983.81
-2986.12
-2988.42
-2990.73
-2993.04
-2995.34
-2997.65
-2999.95
-3002.26
-3004.57
-3006.87
-3009.18
-3011.48
-3013.79
-3016.1
-3018.4
-3020.71
-3023.01
-3025.32
-3027.62
-3029.93
-3032.23
-3034.54
-3036.84
-3039.15
-3041.45
-3043.76
-3046.06
-3048.37
-3050.67
-3052.97
-3055.28
-3057.58
-3059.89
-3062.19
-3064.49
-3066.8
-3069.1
-3071.4
-3073.71
-3076.01
-3078.31
-3080.62
-3082.92
-3085.22
-3087.53
-3089.83
-3092.13
-3094.44
-3096.74
-3099.04
-3101.34
-3103.65
-3105.95
-3108.25
-3110.55
-3112.85
-3115.16
-3117.46
-3119.76
-3122.06
-3124.36
-3126.66
-3128.97
-3131.27
-3133.57
-3135.87
-3138.17
-3140.47
-3142.77
-3145.07
-3147.37
-3149.67
-3151.97
-3154.27
-3156.58
-3158.88
-3161.18
-3163.48
-3165.78
-3168.08
-3170.38
-3172.68
-3174.97
-3177.27
-3179.57
-3181.87
-3184.17
-3186.47
-3188.77
-3191.07
-3193.37
-3195.67
-3197.97
-3200.27
-3202.56
-3204.86
-3207.16
-3209.46
-3211.76
-3214.06
-3216.35
-3218.65
-3220.95
-3223.25
-3225.55
-3227.84
-3230.14
-3232.44
-3234.74
-3237.03
-3239.33
-3241.63
-3243.92
-3246.22
-3248.52
-3250.81
-3253.11
-3255.41
-3257.7
-3260
-3262.3
-3264.59
-3266.89
-3269.19
-3271.48
-3273.78
-3276.07
-3278.37
-3280.67
-3282.96
-3285.26
-3287.55
-3289.85
-3292.14
-3294.44
-3296.73
-3299.03
-3301.32
-3303.62
-3305.91
-3308.21
-3310.5
-3312.8
-3315.09
-3317.38
-3319.68
-3321.97
-3324.27
-3326.56
-3328.85
-3331.15
-3333.44
-3335.73
-3338.03
-3340.32
-3342.61
-3344.91
-3347.2
-3349.49
-3351.79
-3354.08
-3356.37
-3358.67
-3360.96
-3363.25
-3365.54
-3367.84
-3370.13
-3372.42
-3374.71
-3377
-3379.3
-3381.59
-3383.88
-3386.17
-3388.46
-3390.75
-3393.05
-3395.34
-3397.63
-3399.92
-3402.21
-3404.5
-3406.79
-3409.08
-3411.37
-3413.66
-3415.95
-3418.24
-3420.54
-3422.83
-3425.12
-3427.41
-3429.7
-3431.99
-3434.28
-3436.56
-3438.85
-3441.14
-3443.43
-3445.72
-3448.01
-3450.3
-3452.59
-3454.88
-3457.17
-3459.46
-3461.75
-3464.03
-3466.32
-3468.61
-3470.9
-3473.19
-3475.48
-3477.76
-3480.05
-3482.34
-3484.63
-3486.92
-3489.2
-3491.49
-3493.78
-3496.07
-3498.35
-3500.64
-3502.93
-3505.22
-3507.5
-3509.79
-3512.08
-3514.36
-3516.65
-3518.94
-3521.22
-3523.51
-3525.8
-3528.08
-3530.37
-3532.65
-3534.94
-3537.23
-3539.51
-3541.8
-3544.08
-3546.37
-3548.65
-3550.94
-3553.22
-3555.51
-3557.79
-3560.08
-3562.36
-3564.65
-3566.93
-3569.22
-3571.5
-3573.79
-3576.07
-3578.36
-3580.64
-3582.92
-3585.21
-3587.49
-3589.78
-3592.06
-3594.34
-3596.63
-3598.91
-3601.19
-3603.48
-3605.76
-3608.04
-3610.33
-3612.61
-3614.89
-3617.17
-3619.46
-3621.74
-3624.02
-3626.31
-3628.59
-3630.87
-3633.15
-3635.43
-3637.72
-3640
-3642.28
-3644.56
-3646.84
-3649.12
-3651.41
-3653.69
-3655.97
-3658.25
-3660.53
-3662.81
-3665.09
-3667.37
-3669.65
-3671.93
-3674.22
-3676.5
-3678.78
-3681.06
-3683.34
-3685.62
-3687.9
-3690.18
-3692.46
-3694.74
-3697.02
-3699.3
-3701.58
-3703.85
-3706.13
-3708.41
-3710.69
-3712.97
-3715.25
-3717.53
-3719.81
-3722.09
-3724.37
-3726.64
-3728.92
-3731.2
-3733.48
-3735.76
-3738.04
-3740.31
-3742.59
-3744.87
-3747.15
-3749.42
-3751.7
-3753.98
-3756.26
-3758.53
-3760.81
-3763.09
-3765.37
-3767.64
-3769.92
-3772.2
-3774.47
-3776.75
-3779.03
-3781.3
-3783.58
-3785.85
-3788.13
-3790.41
-3792.68
-3794.96
-3797.23
-3799.51
-3801.79
-3804.06
-3806.34
-3808.61
-3810.89
-3813.16
-3815.44
-3817.71
-3819.99
-3822.26
-3824.54
-3826.81
-3829.09
-3831.36
-3833.63
-3835.91
-3838.18
-3840.46
-3842.73
-3845.01
-3847.28
-3849.55
-3851.83
-3854.1
-3856.37
-3858.65
-3860.92
-3863.19
-3865.47
-3867.74
-3870.01
-3872.29
-3874.56
-3876.83
-3879.1
-3881.38
-3883.65
-3885.92
-3888.19
-3890.46
-3892.74
-3895.01
-3897.28
-3899.55
-3901.82
-3904.1
-3906.37
-3908.64
-3910.91
-3913.18
-3915.45
-3917.72
-3919.99
-3922.27
-3924.54
-3926.81
-3929.08
-3931.35
-3933.62
-3935.89
-3938.16
-3940.43
-3942.7
-3944.97
-3947.24
-3949.51
-3951.78
-3954.05
-3956.32
-3958.59
-3960.86
-3963.13
-3965.4
-3967.66
-3969.93
-3972.2
-3974.47
-3976.74
-3979.01
-3981.28
-3983.55
-3985.81
-3988.08
-3990.35
-3992.62
-3994.89
-3997.15
-3999.42
-4001.69
-4003.96
-4006.23
-4008.49
-4010.76
-4013.03
-4015.29
-4017.56
-4019.83
-4022.1
-4024.36
-4026.63
-4028.9
-4031.16
-4033.43
-4035.7
-4037.96
-4040.23
-4042.49
-4044.76
-4047.03
-4049.29
-4051.56
-4053.82
-4056.09
-4058.35
-4060.62
-4062.89
-4065.15
-4067.42
-4069.68
-4071.95
-4074.21
-4076.48
-4078.74
-4081
-4083.27
-4085.53
-4087.8
-4090.06
-4092.33
-4094.59
-4096.85
-4099.12
-4101.38
-4103.65
-4105.91
-4108.17
-4110.44
-4112.7
-4114.96
-4117.23
-4119.49
-4121.75
-4124.02
-4126.28
-4128.54
-4130.8
-4133.07
-4135.33
-4137.59
-4139.85
-4142.12
-4144.38
-4146.64
-4148.9
-4151.16
-4153.42
-4155.69
-4157.95
-4160.21
-4162.47
-4164.73
-4166.99
-4169.25
-4171.52
-4173.78
-4176.04
-4178.3
-4180.56
-4182.82
-4185.08
-4187.34
-4189.6
-4191.86
-4194.12
-4196.38
-4198.64
-4200.9
-4203.16
-4205.42
-4207.68
-4209.94
-4212.2
-4214.46
-4216.72
-4218.98
-4221.24
-4223.49
-4225.75
-4228.01
-4230.27
-4232.53
-4234.79
-4237.05
-4239.3
-4241.56
-4243.82
-4246.08
-4248.34
-4250.59
-4252.85
-4255.11
-4257.37
-4259.62
-4261.88
-4264.14
-4266.4
-4268.65
-4270.91
-4273.17
-4275.42
-4277.68
-4279.94
-4282.19
-4284.45
-4286.71
-4288.96
-4291.22
-4293.48
-4295.73
-4297.99
-4300.24
-4302.5
-4304.76
-4307.01
-4309.27
-4311.52
-4313.78
-4316.03
-4318.29
-4320.54
-4322.8
-4325.05
-4327.31
-4329.56
-4331.82
-4334.07
-4336.33
-4338.58
-4340.83
-4343.09
-4345.34
-4347.6
-4349.85
-4352.1
-4354.36
-4356.61
-4358.86
-4361.12
-4363.37
-4365.62
-4367.88
-4370.13
-4372.38
-4374.64
-4376.89
-4379.14
-4381.39
-4383.65
-4385.9
-4388.15
-4390.4
-4392.66
-4394.91
-4397.16
-4399.41
-4401.66
-4403.92
-4406.17
-4408.42
-4410.67
-4412.92
-4415.17
-4417.42
-4419.67
-4421.93
-4424.18
-4426.43
-4428.68
-4430.93
-4433.18
-4435.43
-4437.68
-4439.93
-4442.18
-4444.43
-4446.68
-4448.93
-4451.18
-4453.43
-4455.68
-4457.93
-4460.18
-4462.43
-4464.68
-4466.93
-4469.17
-4471.42
-4473.67
-4475.92
-4478.17
-4480.42
-4482.67
-4484.91
-4487.16
-4489.41
-4491.66
-4493.91
-4496.16
-4498.4
-4500.65
-4502.9
-4505.15
-4507.39
-4509.64
-4511.89
-4514.14
-4516.38
-4518.63
-4520.88
-4523.12
-4525.37
-4527.62
-4529.86
-4532.11
-4534.36
-4536.6
-4538.85
-4541.09
-4543.34
-4545.59
-4547.83
-4550.08
-4552.32
-4554.57
-4556.81
-4559.06
-4561.31
-4563.55
-4565.8
-4568.04
-4570.29
-4572.53
-4574.78
-4577.02
-4579.26
-4581.51
-4583.75
-4586
-4588.24
-4590.49
-4592.73
-4594.97
-4597.22
-4599.46
-4601.7
-4603.95
-4606.19
-4608.43
-4610.68
-4612.92
-4615.16
-4617.41
-4619.65
-4621.89
-4624.14
-4626.38
-4628.62
-4630.86
-4633.11
-4635.35
-4637.59
-4639.83
-4642.07
-4644.32
-4646.56
-4648.8
-4651.04
-4653.28
-4655.52
-4657.76
-4660.01
-4662.25
-4664.49
-4666.73
-4668.97
-4671.21
-4673.45
-4675.69
-4677.93
-4680.17
-4682.41
-4684.65
-4686.89
-4689.13
-4691.37
-4693.61
-4695.85
-4698.09
-4700.33
-4702.57
-4704.81
-4707.05
-4709.29
-4711.53
-4713.77
-4716.01
-4718.25
-4720.48
-4722.72
-4724.96
-4727.2
-4729.44
-4731.68
-4733.91
-4736.15
-4738.39
-4740.63
-4742.87
-4745.1
-4747.34
-4749.58
-4751.82
-4754.05
-4756.29
-4758.53
-4760.77
-4763
-4765.24
-4767.48
-4769.71
-4771.95
-4774.19
-4776.42
-4778.66
-4780.89
-4783.13
-4785.37
-4787.6
-4789.84
-4792.07
-4794.31
-4796.55
-4798.78
-4801.02
-4803.25
-4805.49
-4807.72
-4809.96
-4812.19
-4814.43
-4816.66
-4818.9
-4821.13
-4823.37
-4825.6
-4827.83
-4830.07
-4832.3
-4834.54
-4836.77
-4839
-4841.24
-4843.47
-4845.7
-4847.94
-4850.17
-4852.4
-4854.64
-4856.87
-4859.1
-4861.34
-4863.57
-4865.8
-4868.03
-4870.27
-4872.5
-4874.73
-4876.96
-4879.2
-4881.43
-4883.66
-4885.89
-4888.12
-4890.36
-4892.59
-4894.82
-4897.05
-4899.28
-4901.51
-4903.74
-4905.97
-4908.21
-4910.44
-4912.67
-4914.9
-4917.13
-4919.36
-4921.59
-4923.82
-4926.05
-4928.28
-4930.51
-4932.74
-4934.97
-4937.2
-4939.43
-4941.66
-4943.89
-4946.12
-4948.35
-4950.57
-4952.8
-4955.03
-4957.26
-4959.49
-4961.72
-4963.95
-4966.18
-4968.4
-4970.63
-4972.86
-4975.09
-4977.32
-4979.55
-4981.77
-4984
-4986.23
-4988.46
-4990.68
-4992.91
-4995.14
-4997.36
-4999.59
-5001.82
-5004.05
-5006.27
-5008.5
-5010.73
-5012.95
-5015.18
-5017.41
-5019.63
-5021.86
-5024.08
-5026.31
-5028.54
-5030.76
-5032.99
-5035.21
-5037.44
-5039.66
-5041.89
-5044.11
-5046.34
-5048.56
-5050.79
-5053.01
-5055.24
-5057.46
-5059.69
-5061.91
-5064.14
-5066.36
-5068.58
-5070.81
-5073.03
-5075.26
-5077.48
-5079.7
-5081.93
-5084.15
-5086.37
-5088.6
-5090.82
-5093.04
-5095.27
-5097.49
-5099.71
-5101.94
-5104.16
-5106.38
-5108.6
-5110.83
-5113.05
-5115.27
-5117.49
-5119.71
-5121.94
-5124.16
-5126.38
-5128.6
-5130.82
-5133.04
-5135.26
-5137.49
-5139.71
-5141.93
-5144.15
-5146.37
-5148.59
-5150.81
-5153.03
-5155.25
-5157.47
-5159.69
-5161.91
-5164.13
-5166.35
-5168.57
-5170.79
-5173.01
-5175.23
-5177.45
-5179.67
-5181.89
-5184.11
-5186.33
-5188.55
-5190.77
-5192.99
-5195.2
-5197.42
-5199.64
-5201.86
-5204.08
-5206.3
-5208.51
-5210.73
-5212.95
-5215.17
-5217.39
-5219.6
-5221.82
-5224.04
-5226.26
-5228.47
-5230.69
-5232.91
-5235.13
-5237.34
-5239.56
-5241.78
-5243.99
-5246.21
-5248.43
-5250.64
-5252.86
-5255.07
-5257.29
-5259.51
-5261.72
-5263.94
-5266.15
-5268.37
-5270.59
-5272.8
-5275.02
-5277.23
-5279.45
-5281.66
-5283.88
-5286.09
-5288.31
-5290.52
-5292.74
-5294.95
-5297.16
-5299.38
-5301.59
-5303.81
-5306.02
-5308.23
-5310.45
-5312.66
-5314.88
-5317.09
-5319.3
-5321.52
-5323.73
-5325.94
-5328.16
-5330.37
-5332.58
-5334.79
-5337.01
-5339.22
-5341.43
-5343.64
-5345.86
-5348.07
-5350.28
-5352.49
-5354.7
-5356.92
-5359.13
-5361.34
-5363.55
-5365.76
-5367.97
-5370.18
-5372.4
-5374.61
-5376.82
-5379.03
-5381.24
-5383.45
-5385.66
-5387.87
-5390.08
-5392.29
-5394.5
-5396.71
-5398.92
-5401.13
-5403.34
-5405.55
-5407.76
-5409.97
-5412.18
-5414.39
-5416.6
-5418.81
-5421.02
-5423.22
-5425.43
-5427.64
-5429.85
-5432.06
-5434.27
-5436.48
-5438.68
-5440.89
-5443.1
-5445.31
-5447.52
-5449.72
-5451.93
-5454.14
-5456.35
-5458.55
-5460.76
-5462.97
-5465.18
-5467.38
-5469.59
-5471.8
-5474
-5476.21
-5478.42
-5480.62
-5482.83
-5485.03
-5487.24
-5489.45
-5491.65
-5493.86
-5496.06
-5498.27
-5500.47
-5502.68
-5504.89
-5507.09
-5509.3
-5511.5
-5513.71
-5515.91
-5518.12
-5520.32
-5522.52
-5524.73
-5526.93
-5529.14
-5531.34
-5533.55
-5535.75
-5537.95
-5540.16
-5542.36
-5544.56
-5546.77
-5548.97
-5551.18
-5553.38
-5555.58
-5557.78
-5559.99
-5562.19
-5564.39
-5566.6
-5568.8
-5571
-5573.2
-5575.4
-5577.61
-5579.81
-5582.01
-5584.21
-5586.41
-5588.62
-5590.82
-5593.02
-5595.22
-5597.42
-5599.62
-5601.82
-5604.02
-5606.23
-5608.43
-5610.63
-5612.83
-5615.03
-5617.23
-5619.43
-5621.63
-5623.83
-5626.03
-5628.23
-5630.43
-5632.63
-5634.83
-5637.03
-5639.23
-5641.43
-5643.63
-5645.82
-5648.02
-5650.22
-5652.42
-5654.62
-5656.82
-5659.02
-5661.22
-5663.41
-5665.61
-5667.81
-5670.01
-5672.21
-5674.4
-5676.6
-5678.8
-5681
-5683.19
-5685.39
-5687.59
-5689.79
-5691.98
-5694.18
-5696.38
-5698.57
-5700.77
-5702.97
-5705.16
-5707.36
-5709.56
-5711.75
-5713.95
-5716.14
-5718.34
-5720.53
-5722.73
-5724.93
-5727.12
-5729.32
-5731.51
-5733.71
-5735.9
-5738.1
-5740.29
-5742.49
-5744.68
-5746.88
-5749.07
-5751.27
-5753.46
-5755.65
-5757.85
-5760.04
-5762.24
-5764.43
-5766.62
-5768.82
-5771.01
-5773.2
-5775.4
-5777.59
-5779.78
-5781.98
-5784.17
-5786.36
-5788.55
-5790.75
-5792.94
-5795.13
-5797.32
-5799.52
-5801.71
-5803.9
-5806.09
-5808.28
-5810.48
-5812.67
-5814.86
-5817.05
-5819.24
-5821.43
-5823.62
-5825.82
-5828.01
-5830.2
-5832.39
-5834.58
-5836.77
-5838.96
-5841.15
-5843.34
-5845.53
-5847.72
-5849.91
-5852.1
-5854.29
-5856.48
-5858.67
-5860.86
-5863.05
-5865.24
-5867.43
-5869.62
-5871.8
-5873.99
-5876.18
-5878.37
-5880.56
-5882.75
-5884.94
-5887.12
-5889.31
-5891.5
-5893.69
-5895.88
-5898.06
-5900.25
-5902.44
-5904.63
-5906.81
-5909
-5911.19
-5913.38
-5915.56
-5917.75
-5919.94
-5922.12
-5924.31
-5926.5
-5928.68
-5930.87
-5933.05
-5935.24
-5937.43
-5939.61
-5941.8
-5943.98
-5946.17
-5948.35
-5950.54
-5952.73
-5954.91
-5957.1
-5959.28
-5961.47
-5963.65
-5965.83
-5968.02
-5970.2
-5972.39
-5974.57
-5976.76
-5978.94
-5981.12
-5983.31
-5985.49
-5987.68
-5989.86
-5992.04
-5994.23
-5996.41
-5998.59
-6000.78
-6002.96
-6005.14
-6007.32
-6009.51
-6011.69
-6013.87
-6016.05
-6018.24
-6020.42
-6022.6
-6024.78
-6026.96
-6029.15
-6031.33
-6033.51
-6035.69
-6037.87
-6040.05
-6042.23
-6044.42
-6046.6
-6048.78
-6050.96
-6053.14
-6055.32
-6057.5
-6059.68
-6061.86
-6064.04
-6066.22
-6068.4
-6070.58
-6072.76
-6074.94
-6077.12
-6079.3
-6081.48
-6083.66
-6085.84
-6088.02
-6090.19
-6092.37
-6094.55
-6096.73
-6098.91
-6101.09
-6103.27
-6105.44
-6107.62
-6109.8
-6111.98
-6114.16
-6116.33
-6118.51
-6120.69
-6122.87
-6125.04
-6127.22
-6129.4
-6131.57
-6133.75
-6135.93
-6138.11
-6140.28
-6142.46
-6144.63
-6146.81
-6148.99
-6151.16
-6153.34
-6155.52
-6157.69
-6159.87
-6162.04
-6164.22
-6166.39
-6168.57
-6170.74
-6172.92
-6175.09
-6177.27
-6179.44
-6181.62
-6183.79
-6185.97
-6188.14
-6190.32
-6192.49
-6194.66
-6196.84
-6199.01
-6201.19
-6203.36
-6205.53
-6207.71
-6209.88
-6212.05
-6214.23
-6216.4
-6218.57
-6220.74
-6222.92
-6225.09
-6227.26
-6229.44
-6231.61
-6233.78
-6235.95
-6238.12
-6240.3
-6242.47
-6244.64
-6246.81
-6248.98
-6251.15
-6253.33
-6255.5
-6257.67
-6259.84
-6262.01
-6264.18
-6266.35
-6268.52
-6270.69
-6272.86
-6275.03
-6277.2
-6279.37
-6281.54
-6283.71
-6285.88
-6288.05
-6290.22
-6292.39
-6294.56
-6296.73
-6298.9
-6301.07
-6303.24
-6305.41
-6307.57
-6309.74
-6311.91
-6314.08
-6316.25
-6318.42
-6320.59
-6322.75
-6324.92
-6327.09
-6329.26
-6331.42
-6333.59
-6335.76
-6337.93
-6340.09
-6342.26
-6344.43
-6346.59
-6348.76
-6350.93
-6353.09
-6355.26
-6357.43
-6359.59
-6361.76
-6363.93
-6366.09
-6368.26
-6370.42
-6372.59
-6374.75
-6376.92
-6379.09
-6381.25
-6383.42
-6385.58
-6387.75
-6389.91
-6392.08
-6394.24
-6396.4
-6398.57
-6400.73
-6402.9
-6405.06
-6407.23
-6409.39
-6411.55
-6413.72
-6415.88
-6418.04
-6420.21
-6422.37
-6424.53
-6426.7
-6428.86
-6431.02
-6433.19
-6435.35
-6437.51
-6439.67
-6441.84
-6444
-6446.16
-6448.32
-6450.48
-6452.65
-6454.81
-6456.97
-6459.13
-6461.29
-6463.45
-6465.61
-6467.78
-6469.94
-6472.1
-6474.26
-6476.42
-6478.58
-6480.74
-6482.9
-6485.06
-6487.22
-6489.38
-6491.54
-6493.7
-6495.86
-6498.02
-6500.18
-6502.34
-6504.5
-6506.66
-6508.82
-6510.98
-6513.13
-6515.29
-6517.45
-6519.61
-6521.77
-6523.93
-6526.09
-6528.24
-6530.4
-6532.56
-6534.72
-6536.88
-6539.03
-6541.19
-6543.35
-6545.51
-6547.66
-6549.82
-6551.98
-6554.13
-6556.29
-6558.45
-6560.6
-6562.76
-6564.92
-6567.07
-6569.23
-6571.39
-6573.54
-6575.7
-6577.85
-6580.01
-6582.16
-6584.32
-6586.48
-6588.63
-6590.79
-6592.94
-6595.1
-6597.25
-6599.4
-6601.56
-6603.71
-6605.87
-6608.02
-6610.18
-6612.33
-6614.48
-6616.64
-6618.79
-6620.95
-6623.1
-6625.25
-6627.41
-6629.56
-6631.71
-6633.87
-6636.02
-6638.17
-6640.32
-6642.48
-6644.63
-6646.78
-6648.93
-6651.09
-6653.24
-6655.39
-6657.54
-6659.69
-6661.85
-6664
-6666.15
-6668.3
-6670.45
-6672.6
-6674.75
-6676.9
-6679.05
-6681.21
-6683.36
-6685.51
-6687.66
-6689.81
-6691.96
-6694.11
-6696.26
-6698.41
-6700.56
-6702.71
-6704.86
-6707.01
-6709.15
-6711.3
-6713.45
-6715.6
-6717.75
-6719.9
-6722.05
-6724.2
-6726.35
-6728.49
-6730.64
-6732.79
-6734.94
-6737.09
-6739.23
-6741.38
-6743.53
-6745.68
-6747.82
-6749.97
-6752.12
-6754.27
-6756.41
-6758.56
-6760.71
-6762.85
-6765
-6767.15
-6769.29
-6771.44
-6773.58
-6775.73
-6777.88
-6780.02
-6782.17
-6784.31
-6786.46
-6788.6
-6790.75
-6792.89
-6795.04
-6797.18
-6799.33
-6801.47
-6803.62
-6805.76
-6807.91
-6810.05
-6812.2
-6814.34
-6816.48
-6818.63
-6820.77
-6822.92
-6825.06
-6827.2
-6829.35
-6831.49
-6833.63
-6835.78
-6837.92
-6840.06
-6842.2
-6844.35
-6846.49
-6848.63
-6850.77
-6852.92
-6855.06
-6857.2
-6859.34
-6861.48
-6863.62
-6865.77
-6867.91
-6870.05
-6872.19
-6874.33
-6876.47
-6878.61
-6880.75
-6882.89
-6885.03
-6887.17
-6889.32
-6891.46
-6893.6
-6895.74
-6897.88
-6900.01
-6902.15
-6904.29
-6906.43
-6908.57
-6910.71
-6912.85
-6914.99
-6917.13
-6919.27
-6921.41
-6923.55
-6925.68
-6927.82
-6929.96
-6932.1
-6934.24
-6936.37
-6938.51
-6940.65
-6942.79
-6944.92
-6947.06
-6949.2
-6951.34
-6953.47
-6955.61
-6957.75
-6959.88
-6962.02
-6964.16
-6966.29
-6968.43
-6970.57
-6972.7
-6974.84
-6976.97
-6979.11
-6981.25
-6983.38
-6985.52
-6987.65
-6989.79
-6991.92
-6994.06
-6996.19
-6998.33
-7000.46
-7002.6
-7004.73
-7006.86
-7009
-7011.13
-7013.27
-7015.4
-7017.53
-7019.67
-7021.8
-7023.93
-7026.07
-7028.2
-7030.33
-7032.47
-7034.6
-7036.73
-7038.87
-7041
-7043.13
-7045.26
-7047.4
-7049.53
-7051.66
-7053.79
-7055.92
-7058.05
-7060.19
-7062.32
-7064.45
-7066.58
-7068.71
-7070.84
-7072.97
-7075.1
-7077.23
-7079.37
-7081.5
-7083.63
-7085.76
-7087.89
-7090.02
-7092.15
-7094.28
-7096.41
-7098.54
-7100.66
-7102.79
-7104.92
-7107.05
-7109.18
-7111.31
-7113.44
-7115.57
-7117.7
-7119.82
-7121.95
-7124.08
-7126.21
-7128.34
-7130.47
-7132.59
-7134.72
-7136.85
-7138.98
-7141.1
-7143.23
-7145.36
-7147.49
-7149.61
-7151.74
-7153.87
-7155.99
-7158.12
-7160.24
-7162.37
-7164.5
-7166.62
-7168.75
-7170.87
-7173
-7175.13
-7177.25
-7179.38
-7181.5
-7183.63
-7185.75
-7187.88
-7190
-7192.13
-7194.25
-7196.38
-7198.5
-7200.62
-7202.75
-7204.87
-7207
-7209.12
-7211.24
-7213.37
-7215.49
-7217.61
-7219.74
-7221.86
-7223.98
-7226.11
-7228.23
-7230.35
-7232.47
-7234.6
-7236.72
-7238.84
-7240.96
-7243.09
-7245.21
-7247.33
-7249.45
-7251.57
-7253.69
-7255.82
-7257.94
-7260.06
-7262.18
-7264.3
-7266.42
-7268.54
-7270.66
-7272.78
-7274.9
-7277.02
-7279.14
-7281.26
-7283.38
-7285.5
-7287.62
-7289.74
-7291.86
-7293.98
-7296.1
-7298.22
-7300.34
-7302.46
-7304.57
-7306.69
-7308.81
-7310.93
-7313.05
-7315.17
-7317.28
-7319.4
-7321.52
-7323.64
-7325.76
-7327.87
-7329.99
-7332.11
-7334.23
-7336.34
-7338.46
-7340.58
-7342.69
-7344.81
-7346.93
-7349.04
-7351.16
-7353.27
-7355.39
-7357.51
-7359.62
-7361.74
-7363.85
-7365.97
-7368.08
-7370.2
-7372.31
-7374.43
-7376.54
-7378.66
-7380.77
-7382.89
-7385
-7387.12
-7389.23
-7391.35
-7393.46
-7395.57
-7397.69
-7399.8
-7401.91
-7404.03
-7406.14
-7408.25
-7410.37
-7412.48
-7414.59
-7416.71
-7418.82
-7420.93
-7423.04
-7425.15
-7427.27
-7429.38
-7431.49
-7433.6
-7435.71
-7437.83
-7439.94
-7442.05
-7444.16
-7446.27
-7448.38
-7450.49
-7452.6
-7454.71
-7456.82
-7458.94
-7461.05
-7463.16
-7465.27
-7467.38
-7469.49
-7471.6
-7473.7
-7475.81
-7477.92
-7480.03
-7482.14
-7484.25
-7486.36
-7488.47
-7490.58
-7492.69
-7494.79
-7496.9
-7499.01
-7501.12
-7503.23
-7505.33
-7507.44
-7509.55
-7511.66
-7513.77
-7515.87
-7517.98
-7520.09
-7522.19
-7524.3
-7526.41
-7528.51
-7530.62
-7532.73
-7534.83
-7536.94
-7539.05
-7541.15
-7543.26
-7545.36
-7547.47
-7549.57
-7551.68
-7553.78
-7555.89
-7557.99
-7560.1
-7562.2
-7564.31
-7566.41
-7568.52
-7570.62
-7572.73
-7574.83
-7576.93
-7579.04
-7581.14
-7583.24
-7585.35
-7587.45
-7589.55
-7591.66
-7593.76
-7595.86
-7597.97
-7600.07
-7602.17
-7604.27
-7606.38
-7608.48
-7610.58
-7612.68
-7614.78
-7616.89
-7618.99
-7621.09
-7623.19
-7625.29
-7627.39
-7629.49
-7631.59
-7633.69
-7635.8
-7637.9
-7640
-7642.1
-7644.2
-7646.3
-7648.4
-7650.5
-7652.6
-7654.7
-7656.8
-7658.89
-7660.99
-7663.09
-7665.19
-7667.29
-7669.39
-7671.49
-7673.59
-7675.69
-7677.78
-7679.88
-7681.98
-7684.08
-7686.18
-7688.27
-7690.37
-7692.47
-7694.57
-7696.66
-7698.76
-7700.86
-7702.95
-7705.05
-7707.15
-7709.24
-7711.34
-7713.44
-7715.53
-7717.63
-7719.72
-7721.82
-7723.92
-7726.01
-7728.11
-7730.2
-7732.3
-7734.39
-7736.49
-7738.58
-7740.68
-7742.77
-7744.87
-7746.96
-7749.05
-7751.15
-7753.24
-7755.34
-7757.43
-7759.52
-7761.62
-7763.71
-7765.8
-7767.9
-7769.99
-7772.08
-7774.18
-7776.27
-7778.36
-7780.45
-7782.55
-7784.64
-7786.73
-7788.82
-7790.91
-7793.01
-7795.1
-7797.19
-7799.28
-7801.37
-7803.46
-7805.55
-7807.64
-7809.74
-7811.83
-7813.92
-7816.01
-7818.1
-7820.19
-7822.28
-7824.37
-7826.46
-7828.55
-7830.64
-7832.73
-7834.82
-7836.9
-7838.99
-7841.08
-7843.17
-7845.26
-7847.35
-7849.44
-7851.53
-7853.61
-7855.7
-7857.79
-7859.88
-7861.97
-7864.05
-7866.14
-7868.23
-7870.32
-7872.4
-7874.49
-7876.58
-7878.66
-7880.75
-7882.84
-7884.92
-7887.01
-7889.1
-7891.18
-7893.27
-7895.35
-7897.44
-7899.52
-7901.61
-7903.7
-7905.78
-7907.87
-7909.95
-7912.04
-7914.12
-7916.2
-7918.29
-7920.37
-7922.46
-7924.54
-7926.63
-7928.71
-7930.79
-7932.88
-7934.96
-7937.04
-7939.13
-7941.21
-7943.29
-7945.38
-7947.46
-7949.54
-7951.62
-7953.71
-7955.79
-7957.87
-7959.95
-7962.04
-7964.12
-7966.2
-7968.28
-7970.36
-7972.44
-7974.52
-7976.61
-7978.69
-7980.77
-7982.85
-7984.93
-7987.01
-7989.09
-7991.17
-7993.25
-7995.33
-7997.41
-7999.49
-8001.57
-8003.65
-8005.73
-8007.81
-8009.89
-8011.96
-8014.04
-8016.12
-8018.2
-8020.28
-8022.36
-8024.44
-8026.51
-8028.59
-8030.67
-8032.75
-8034.82
-8036.9
-8038.98
-8041.06
-8043.13
-8045.21
-8047.29
-8049.36
-8051.44
-8053.52
-8055.59
-8057.67
-8059.75
-8061.82
-8063.9
-8065.97
-8068.05
-8070.12
-8072.2
-8074.28
-8076.35
-8078.43
-8080.5
-8082.58
-8084.65
-8086.72
-8088.8
-8090.87
-8092.95
-8095.02
-8097.09
-8099.17
-8101.24
-8103.32
-8105.39
-8107.46
-8109.54
-8111.61
-8113.68
-8115.75
-8117.83
-8119.9
-8121.97
-8124.04
-8126.12
-8128.19
-8130.26
-8132.33
-8134.4
-8136.47
-8138.55
-8140.62
-8142.69
-8144.76
-8146.83
-8148.9
-8150.97
-8153.04
-8155.11
-8157.18
-8159.25
-8161.32
-8163.39
-8165.46
-8167.53
-8169.6
-8171.67
-8173.74
-8175.81
-8177.88
-8179.95
-8182.02
-8184.08
-8186.15
-8188.22
-8190.29
-8192.36
-8194.42
-8196.49
-8198.56
-8200.63
-8202.7
-8204.76
-8206.83
-8208.9
-8210.96
-8213.03
-8215.1
-8217.16
-8219.23
-8221.3
-8223.36
-8225.43
-8227.49
-8229.56
-8231.63
-8233.69
-8235.76
-8237.82
-8239.89
-8241.95
-8244.02
-8246.08
-8248.15
-8250.21
-8252.28
-8254.34
-8256.4
-8258.47
-8260.53
-8262.6
-8264.66
-8266.72
-8268.79
-8270.85
-8272.91
-8274.98
-8277.04
-8279.1
-8281.16
-8283.23
-8285.29
-8287.35
-8289.41
-8291.47
-8293.54
-8295.6
-8297.66
-8299.72
-8301.78
-8303.84
-8305.9
-8307.97
-8310.03
-8312.09
-8314.15
-8316.21
-8318.27
-8320.33
-8322.39
-8324.45
-8326.51
-8328.57
-8330.63
-8332.69
-8334.75
-8336.81
-8338.86
-8340.92
-8342.98
-8345.04
-8347.1
-8349.16
-8351.22
-8353.27
-8355.33
-8357.39
-8359.45
-8361.5
-8363.56
-8365.62
-8367.68
-8369.73
-8371.79
-8373.85
-8375.9
-8377.96
-8380.02
-8382.07
-8384.13
-8386.18
-8388.24
-8390.3
-8392.35
-8394.41
-8396.46
-8398.52
-8400.57
-8402.63
-8404.68
-8406.74
-8408.79
-8410.85
-8412.9
-8414.95
-8417.01
-8419.06
-8421.12
-8423.17
-8425.22
-8427.28
-8429.33
-8431.38
-8433.44
-8435.49
-8437.54
-8439.59
-8441.65
-8443.7
-8445.75
-8447.8
-8449.86
-8451.91
-8453.96
-8456.01
-8458.06
-8460.11
-8462.16
-8464.22
-8466.27
-8468.32
-8470.37
-8472.42
-8474.47
-8476.52
-8478.57
-8480.62
-8482.67
-8484.72
-8486.77
-8488.82
-8490.87
-8492.92
-8494.96
-8497.01
-8499.06
-8501.11
-8503.16
-8505.21
-8507.26
-8509.3
-8511.35
-8513.4
-8515.45
-8517.49
-8519.54
-8521.59
-8523.64
-8525.68
-8527.73
-8529.78
-8531.82
-8533.87
-8535.92
-8537.96
-8540.01
-8542.06
-8544.1
-8546.15
-8548.19
-8550.24
-8552.28
-8554.33
-8556.37
-8558.42
-8560.46
-8562.51
-8564.55
-8566.6
-8568.64
-8570.68
-8572.73
-8574.77
-8576.82
-8578.86
-8580.9
-8582.95
-8584.99
-8587.03
-8589.07
-8591.12
-8593.16
-8595.2
-8597.24
-8599.29
-8601.33
-8603.37
-8605.41
-8607.45
-8609.5
-8611.54
-8613.58
-8615.62
-8617.66
-8619.7
-8621.74
-8623.78
-8625.82
-8627.86
-8629.9
-8631.94
-8633.98
-8636.02
-8638.06
-8640.1
-8642.14
-8644.18
-8646.22
-8648.26
-8650.3
-8652.34
-8654.38
-8656.41
-8658.45
-8660.49
-8662.53
-8664.57
-8666.6
-8668.64
-8670.68
-8672.72
-8674.75
-8676.79
-8678.83
-8680.86
-8682.9
-8684.94
-8686.97
-8689.01
-8691.05
-8693.08
-8695.12
-8697.15
-8699.19
-8701.22
-8703.26
-8705.29
-8707.33
-8709.36
-8711.4
-8713.43
-8715.47
-8717.5
-8719.54
-8721.57
-8723.6
-8725.64
-8727.67
-8729.7
-8731.74
-8733.77
-8735.8
-8737.84
-8739.87
-8741.9
-8743.93
-8745.97
-8748
-8750.03
-8752.06
-8754.09
-8756.13
-8758.16
-8760.19
-8762.22
-8764.25
-8766.28
-8768.31
-8770.34
-8772.37
-8774.41
-8776.44
-8778.47
-8780.5
-8782.53
-8784.56
-8786.58
-8788.61
-8790.64
-8792.67
-8794.7
-8796.73
-8798.76
-8800.79
-8802.82
-8804.84
-8806.87
-8808.9
-8810.93
-8812.96
-8814.98
-8817.01
-8819.04
-8821.07
-8823.09
-8825.12
-8827.15
-8829.17
-8831.2
-8833.23
-8835.25
-8837.28
-8839.3
-8841.33
-8843.36
-8845.38
-8847.41
-8849.43
-8851.46
-8853.48
-8855.51
-8857.53
-8859.56
-8861.58
-8863.6
-8865.63
-8867.65
-8869.68
-8871.7
-8873.72
-8875.75
-8877.77
-8879.79
-8881.82
-8883.84
-8885.86
-8887.88
-8889.91
-8891.93
-8893.95
-8895.97
-8897.99
-8900.02
-8902.04
-8904.06
-8906.08
-8908.1
-8910.12
-8912.14
-8914.16
-8916.18
-8918.21
-8920.23
-8922.25
-8924.27
-8926.29
-8928.3
-8930.32
-8932.34
-8934.36
-8936.38
-8938.4
-8940.42
-8942.44
-8944.46
-8946.48
-8948.49
-8950.51
-8952.53
-8954.55
-8956.57
-8958.58
-8960.6
-8962.62
-8964.63
-8966.65
-8968.67
-8970.69
-8972.7
-8974.72
-8976.73
-8978.75
-8980.77
-8982.78
-8984.8
-8986.81
-8988.83
-8990.84
-8992.86
-8994.87
-8996.89
-8998.9
-9000.92
-9002.93
-9004.95
-9006.96
-9008.97
-9010.99
-9013
-9015.02
-9017.03
-9019.04
-9021.05
-9023.07
-9025.08
-9027.09
-9029.11
-9031.12
-9033.13
-9035.14
-9037.15
-9039.17
-9041.18
-9043.19
-9045.2
-9047.21
-9049.22
-9051.23
-9053.24
-9055.25
-9057.26
-9059.28
-9061.29
-9063.3
-9065.3
-9067.31
-9069.32
-9071.33
-9073.34
-9075.35
-9077.36
-9079.37
-9081.38
-9083.39
-9085.4
-9087.4
-9089.41
-9091.42
-9093.43
-9095.43
-9097.44
-9099.45
-9101.46
-9103.46
-9105.47
-9107.48
-9109.48
-9111.49
-9113.5
-9115.5
-9117.51
-9119.51
-9121.52
-9123.53
-9125.53
-9127.54
-9129.54
-9131.55
-9133.55
-9135.56
-9137.56
-9139.57
-9141.57
-9143.57
-9145.58
-9147.58
-9149.58
-9151.59
-9153.59
-9155.59
-9157.6
-9159.6
-9161.6
-9163.61
-9165.61
-9167.61
-9169.61
-9171.61
-9173.62
-9175.62
-9177.62
-9179.62
-9181.62
-9183.62
-9185.62
-9187.63
-9189.63
-9191.63
-9193.63
-9195.63
-9197.63
-9199.63
-9201.63
-9203.63
-9205.63
-9207.62
-9209.62
-9211.62
-9213.62
-9215.62
-9217.62
-9219.62
-9221.62
-9223.61
-9225.61
-9227.61
-9229.61
-9231.6
-9233.6
-9235.6
-9237.6
-9239.59
-9241.59
-9243.59
-9245.58
-9247.58
-9249.57
-9251.57
-9253.57
-9255.56
-9257.56
-9259.55
-9261.55
-9263.54
-9265.54
-9267.53
-9269.53
-9271.52
-9273.52
-9275.51
-9277.5
-9279.5
-9281.49
-9283.48
-9285.48
-9287.47
-9289.46
-9291.46
-9293.45
-9295.44
-9297.43
-9299.43
-9301.42
-9303.41
-9305.4
-9307.39
-9309.39
-9311.38
-9313.37
-9315.36
-9317.35
-9319.34
-9321.33
-9323.32
-9325.31
-9327.3
-9329.29
-9331.28
-9333.27
-9335.26
-9337.25
-9339.24
-9341.23
-9343.22
-9345.21
-9347.2
-9349.18
-9351.17
-9353.16
-9355.15
-9357.14
-9359.12
-9361.11
-9363.1
-9365.09
-9367.07
-9369.06
-9371.05
-9373.03
-9375.02
-9377
-9378.99
-9380.98
-9382.96
-9384.95
-9386.93
-9388.92
-9390.9
-9392.89
-9394.87
-9396.86
-9398.84
-9400.83
-9402.81
-9404.8
-9406.78
-9408.76
-9410.75
-9412.73
-9414.71
-9416.7
-9418.68
-9420.66
-9422.64
-9424.63
-9426.61
-9428.59
-9430.57
-9432.56
-9434.54
-9436.52
-9438.5
-9440.48
-9442.46
-9444.44
-9446.42
-9448.4
-9450.38
-9452.37
-9454.35
-9456.33
-9458.3
-9460.28
-9462.26
-9464.24
-9466.22
-9468.2
-9470.18
-9472.16
-9474.14
-9476.12
-9478.09
-9480.07
-9482.05
-9484.03
-9486
-9487.98
-9489.96
-9491.94
-9493.91
-9495.89
-9497.87
-9499.84
-9501.82
-9503.8
-9505.77
-9507.75
-9509.72
-9511.7
-9513.67
-9515.65
-9517.62
-9519.6
-9521.57
-9523.55
-9525.52
-9527.5
-9529.47
-9531.44
-9533.42
-9535.39
-9537.36
-9539.34
-9541.31
-9543.28
-9545.26
-9547.23
-9549.2
-9551.17
-9553.15
-9555.12
-9557.09
-9559.06
-9561.03
-9563
-9564.97
-9566.95
-9568.92
-9570.89
-9572.86
-9574.83
-9576.8
-9578.77
-9580.74
-9582.71
-9584.68
-9586.65
-9588.61
-9590.58
-9592.55
-9594.52
-9596.49
-9598.46
-9600.43
-9602.39
-9604.36
-9606.33
-9608.3
-9610.26
-9612.23
-9614.2
-9616.17
-9618.13
-9620.1
-9622.06
-9624.03
-9626
-9627.96
-9629.93
-9631.89
-9633.86
-9635.82
-9637.79
-9639.75
-9641.72
-9643.68
-9645.65
-9647.61
-9649.58
-9651.54
-9653.5
-9655.47
-9657.43
-9659.39
-9661.36
-9663.32
-9665.28
-9667.24
-9669.21
-9671.17
-9673.13
-9675.09
-9677.06
-9679.02
-9680.98
-9682.94
-9684.9
-9686.86
-9688.82
-9690.78
-9692.74
-9694.7
-9696.66
-9698.62
-9700.58
-9702.54
-9704.5
-9706.46
-9708.42
-9710.38
-9712.34
-9714.3
-9716.25
-9718.21
-9720.17
-9722.13
-9724.09
-9726.04
-9728
-9729.96
-9731.91
-9733.87
-9735.83
-9737.78
-9739.74
-9741.7
-9743.65
-9745.61
-9747.56
-9749.52
-9751.48
-9753.43
-9755.39
-9757.34
-9759.29
-9761.25
-9763.2
-9765.16
-9767.11
-9769.07
-9771.02
-9772.97
-9774.93
-9776.88
-9778.83
-9780.78
-9782.74
-9784.69
-9786.64
-9788.59
-9790.55
-9792.5
-9794.45
-9796.4
-9798.35
-9800.3
-9802.25
-9804.2
-9806.15
-9808.1
-9810.05
-9812
-9813.95
-9815.9
-9817.85
-9819.8
-9821.75
-9823.7
-9825.65
-9827.6
-9829.55
-9831.5
-9833.44
-9835.39
-9837.34
-9839.29
-9841.23
-9843.18
-9845.13
-9847.08
-9849.02
-9850.97
-9852.91
-9854.86
-9856.81
-9858.75
-9860.7
-9862.64
-9864.59
-9866.53
-9868.48
-9870.42
-9872.37
-9874.31
-9876.26
-9878.2
-9880.15
-9882.09
-9884.03
-9885.98
-9887.92
-9889.86
-9891.81
-9893.75
-9895.69
-9897.63
-9899.58
-9901.52
-9903.46
-9905.4
-9907.34
-9909.28
-9911.22
-9913.17
-9915.11
-9917.05
-9918.99
-9920.93
-9922.87
-9924.81
-9926.75
-9928.69
-9930.63
-9932.57
-9934.5
-9936.44
-9938.38
-9940.32
-9942.26
-9944.2
-9946.13
-9948.07
-9950.01
-9951.95
-9953.88
-9955.82
-9957.76
-9959.7
-9961.63
-9963.57
-9965.5
-9967.44
-9969.38
-9971.31
-9973.25
-9975.18
-9977.12
-9979.05
-9980.99
-9982.92
-9984.86
-9986.79
-9988.72
-9990.66
-9992.59
-9994.52
-9996.46
-9998.39
-10000.3
-10002.3
-10004.2
-10006.1
-10008.1
-10010
-10011.9
-10013.8
-10015.8
-10017.7
-10019.6
-10021.6
-10023.5
-10025.4
-10027.4
-10029.3
-10031.2
-10033.2
-10035.1
-10037
-10038.9
-10040.9
-10042.8
-10044.7
-10046.7
-10048.6
-10050.5
-10052.4
-10054.4
-10056.3
-10058.2
-10060.2
-10062.1
-10064
-10065.9
-10067.9
-10069.8
-10071.7
-10073.6
-10075.6
-10077.5
-10079.4
-10081.3
-10083.3
-10085.2
-10087.1
-10089
-10091
-10092.9
-10094.8
-10096.7
-10098.7
-10100.6
-10102.5
-10104.4
-10106.4
-10108.3
-10110.2
-10112.1
-10114
-10116
-10117.9
-10119.8
-10121.7
-10123.7
-10125.6
-10127.5
-10129.4
-10131.3
-10133.3
-10135.2
-10137.1
-10139
-10140.9
-10142.9
-10144.8
-10146.7
-10148.6
-10150.5
-10152.4
-10154.4
-10156.3
-10158.2
-10160.1
-10162
-10164
-10165.9
-10167.8
-10169.7
-10171.6
-10173.5
-10175.5
-10177.4
-10179.3
-10181.2
-10183.1
-10185
-10186.9
-10188.9
-10190.8
-10192.7
-10194.6
-10196.5
-10198.4
-10200.3
-10202.3
-10204.2
-10206.1
-10208
-10209.9
-10211.8
-10213.7
-10215.6
-10217.6
-10219.5
-10221.4
-10223.3
-10225.2
-10227.1
-10229
-10230.9
-10232.8
-10234.8
-10236.7
-10238.6
-10240.5
-10242.4
-10244.3
-10246.2
-10248.1
-10250
-10251.9
-10253.8
-10255.8
-10257.7
-10259.6
-10261.5
-10263.4
-10265.3
-10267.2
-10269.1
-10271
-10272.9
-10274.8
-10276.7
-10278.6
-10280.5
-10282.4
-10284.4
-10286.3
-10288.2
-10290.1
-10292
-10293.9
-10295.8
-10297.7
-10299.6
-10301.5
-10303.4
-10305.3
-10307.2
-10309.1
-10311
-10312.9
-10314.8
-10316.7
-10318.6
-10320.5
-10322.4
-10324.3
-10326.2
-10328.1
-10330
-10331.9
-10333.8
-10335.7
-10337.6
-10339.5
-10341.4
-10343.3
-10345.2
-10347.1
-10349
-10350.9
-10352.8
-10354.7
-10356.6
-10358.5
-10360.4
-10362.3
-10364.2
-10366.1
-10368
-10369.9
-10371.8
-10373.7
-10375.6
-10377.5
-10379.4
-10381.3
-10383.2
-10385
-10386.9
-10388.8
-10390.7
-10392.6
-10394.5
-10396.4
-10398.3
-10400.2
-10402.1
-10404
-10405.9
-10407.8
-10409.7
-10411.6
-10413.4
-10415.3
-10417.2
-10419.1
-10421
-10422.9
-10424.8
-10426.7
-10428.6
-10430.5
-10432.4
-10434.2
-10436.1
-10438
-10439.9
-10441.8
-10443.7
-10445.6
-10447.5
-10449.3
-10451.2
-10453.1
-10455
-10456.9
-10458.8
-10460.7
-10462.6
-10464.4
-10466.3
-10468.2
-10470.1
-10472
-10473.9
-10475.8
-10477.6
-10479.5
-10481.4
-10483.3
-10485.2
-10487.1
-10488.9
-10490.8
-10492.7
-10494.6
-10496.5
-10498.4
-10500.2
-10502.1
-10504
-10505.9
-10507.8
-10509.7
-10511.5
-10513.4
-10515.3
-10517.2
-10519.1
-10520.9
-10522.8
-10524.7
-10526.6
-10528.5
-10530.3
-10532.2
-10534.1
-10536
-10537.8
-10539.7
-10541.6
-10543.5
-10545.4
-10547.2
-10549.1
-10551
-10552.9
-10554.7
-10556.6
-10558.5
-10560.4
-10562.2
-10564.1
-10566
-10567.9
-10569.7
-10571.6
-10573.5
-10575.4
-10577.2
-10579.1
-10581
-10582.9
-10584.7
-10586.6
-10588.5
-10590.3
-10592.2
-10594.1
-10596
-10597.8
-10599.7
-10601.6
-10603.4
-10605.3
-10607.2
-10609.1
-10610.9
-10612.8
-10614.7
-10616.5
-10618.4
-10620.3
-10622.1
-10624
-10625.9
-10627.7
-10629.6
-10631.5
-10633.3
-10635.2
-10637.1
-10639
-10640.8
-10642.7
-10644.5
-10646.4
-10648.3
-10650.1
-10652
-10653.9
-10655.7
-10657.6
-10659.5
-10661.3
-10663.2
-10665.1
-10666.9
-10668.8
-10670.6
-10672.5
-10674.4
-10676.2
-10678.1
-10680
-10681.8
-10683.7
-10685.5
-10687.4
-10689.3
-10691.1
-10693
-10694.8
-10696.7
-10698.6
-10700.4
-10702.3
-10704.1
-10706
-10707.9
-10709.7
-10711.6
-10713.4
-10715.3
-10717.2
-10719
-10720.9
-10722.7
-10724.6
-10726.4
-10728.3
-10730.1
-10732
-10733.9
-10735.7
-10737.6
-10739.4
-10741.3
-10743.1
-10745
-10746.8
-10748.7
-10750.5
-10752.4
-10754.3
-10756.1
-10758
-10759.8
-10761.7
-10763.5
-10765.4
-10767.2
-10769.1
-10770.9
-10772.8
-10774.6
-10776.5
-10778.3
-10780.2
-10782
-10783.9
-10785.7
-10787.6
-10789.4
-10791.3
-10793.1
-10795
-10796.8
-10798.7
-10800.5
-10802.4
-10804.2
-10806
-10807.9
-10809.7
-10811.6
-10813.4
-10815.3
-10817.1
-10819
-10820.8
-10822.7
-10824.5
-10826.3
-10828.2
-10830
-10831.9
-10833.7
-10835.6
-10837.4
-10839.2
-10841.1
-10842.9
-10844.8
-10846.6
-10848.5
-10850.3
-10852.1
-10854
-10855.8
-10857.7
-10859.5
-10861.3
-10863.2
-10865
-10866.9
-10868.7
-10870.5
-10872.4
-10874.2
-10876
-10877.9
-10879.7
-10881.6
-10883.4
-10885.2
-10887.1
-10888.9
-10890.7
-10892.6
-10894.4
-10896.2
-10898.1
-10899.9
-10901.7
-10903.6
-10905.4
-10907.3
-10909.1
-10910.9
-10912.8
-10914.6
-10916.4
-10918.2
-10920.1
-10921.9
-10923.7
-10925.6
-10927.4
-10929.2
-10931.1
-10932.9
-10934.7
-10936.6
-10938.4
-10940.2
-10942
-10943.9
-10945.7
-10947.5
-10949.4
-10951.2
-10953
-10954.8
-10956.7
-10958.5
-10960.3
-10962.2
-10964
-10965.8
-10967.6
-10969.5
-10971.3
-10973.1
-10974.9
-10976.8
-10978.6
-10980.4
-10982.2
-10984.1
-10985.9
-10987.7
-10989.5
-10991.3
-10993.2
-10995
-10996.8
-10998.6
-11000.5
-11002.3
-11004.1
-11005.9
-11007.7
-11009.6
-11011.4
-11013.2
-11015
-11016.8
-11018.7
-11020.5
-11022.3
-11024.1
-11025.9
-11027.7
-11029.6
-11031.4
-11033.2
-11035
-11036.8
-11038.6
-11040.5
-11042.3
-11044.1
-11045.9
-11047.7
-11049.5
-11051.4
-11053.2
-11055
-11056.8
-11058.6
-11060.4
-11062.2
-11064.1
-11065.9
-11067.7
-11069.5
-11071.3
-11073.1
-11074.9
-11076.7
-11078.5
-11080.4
-11082.2
-11084
-11085.8
-11087.6
-11089.4
-11091.2
-11093
-11094.8
-11096.6
-11098.4
-11100.3
-11102.1
-11103.9
-11105.7
-11107.5
-11109.3
-11111.1
-11112.9
-11114.7
-11116.5
-11118.3
-11120.1
-11121.9
-11123.7
-11125.5
-11127.3
-11129.1
-11130.9
-11132.7
-11134.5
-11136.4
-11138.2
-11140
-11141.8
-11143.6
-11145.4
-11147.2
-11149
-11150.8
-11152.6
-11154.4
-11156.2
-11158
-11159.8
-11161.6
-11163.4
-11165.2
-11167
-11168.8
-11170.6
-11172.3
-11174.1
-11175.9
-11177.7
-11179.5
-11181.3
-11183.1
-11184.9
-11186.7
-11188.5
-11190.3
-11192.1
-11193.9
-11195.7
-11197.5
-11199.3
-11201.1
-11202.9
-11204.7
-11206.4
-11208.2
-11210
-11211.8
-11213.6
-11215.4
-11217.2
-11219
-11220.8
-11222.6
-11224.4
-11226.1
-11227.9
-11229.7
-11231.5
-11233.3
-11235.1
-11236.9
-11238.7
-11240.4
-11242.2
-11244
-11245.8
-11247.6
-11249.4
-11251.2
-11252.9
-11254.7
-11256.5
-11258.3
-11260.1
-11261.9
-11263.7
-11265.4
-11267.2
-11269
-11270.8
-11272.6
-11274.4
-11276.1
-11277.9
-11279.7
-11281.5
-11283.3
-11285
-11286.8
-11288.6
-11290.4
-11292.2
-11293.9
-11295.7
-11297.5
-11299.3
-11301
-11302.8
-11304.6
-11306.4
-11308.2
-11309.9
-11311.7
-11313.5
-11315.3
-11317
-11318.8
-11320.6
-11322.4
-11324.1
-11325.9
-11327.7
-11329.5
-11331.2
-11333
-11334.8
-11336.5
-11338.3
-11340.1
-11341.9
-11343.6
-11345.4
-11347.2
-11348.9
-11350.7
-11352.5
-11354.2
-11356
-11357.8
-11359.6
-11361.3
-11363.1
-11364.9
-11366.6
-11368.4
-11370.2
-11371.9
-11373.7
-11375.5
-11377.2
-11379
-11380.8
-11382.5
-11384.3
-11386
-11387.8
-11389.6
-11391.3
-11393.1
-11394.9
-11396.6
-11398.4
-11400.1
-11401.9
-11403.7
-11405.4
-11407.2
-11408.9
-11410.7
-11412.5
-11414.2
-11416
-11417.7
-11419.5
-11421.3
-11423
-11424.8
-11426.5
-11428.3
-11430
-11431.8
-11433.6
-11435.3
-11437.1
-11438.8
-11440.6
-11442.3
-11444.1
-11445.8
-11447.6
-11449.4
-11451.1
-11452.9
-11454.6
-11456.4
-11458.1
-11459.9
-11461.6
-11463.4
-11465.1
-11466.9
-11468.6
-11470.4
-11472.1
-11473.9
-11475.6
-11477.4
-11479.1
-11480.9
-11482.6
-11484.4
-11486.1
-11487.8
-11489.6
-11491.3
-11493.1
-11494.8
-11496.6
-11498.3
-11500.1
-11501.8
-11503.6
-11505.3
-11507
-11508.8
-11510.5
-11512.3
-11514
-11515.8
-11517.5
-11519.2
-11521
-11522.7
-11524.5
-11526.2
-11527.9
-11529.7
-11531.4
-11533.2
-11534.9
-11536.6
-11538.4
-11540.1
-11541.8
-11543.6
-11545.3
-11547
-11548.8
-11550.5
-11552.3
-11554
-11555.7
-11557.5
-11559.2
-11560.9
-11562.7
-11564.4
-11566.1
-11567.9
-11569.6
-11571.3
-11573
-11574.8
-11576.5
-11578.2
-11580
-11581.7
-11583.4
-11585.2
-11586.9
-11588.6
-11590.3
-11592.1
-11593.8
-11595.5
-11597.3
-11599
-11600.7
-11602.4
-11604.2
-11605.9
-11607.6
-11609.3
-11611.1
-11612.8
-11614.5
-11616.2
-11617.9
-11619.7
-11621.4
-11623.1
-11624.8
-11626.6
-11628.3
-11630
-11631.7
-11633.4
-11635.2
-11636.9
-11638.6
-11640.3
-11642
-11643.7
-11645.5
-11647.2
-11648.9
-11650.6
-11652.3
-11654
-11655.8
-11657.5
-11659.2
-11660.9
-11662.6
-11664.3
-11666
-11667.8
-11669.5
-11671.2
-11672.9
-11674.6
-11676.3
-11678
-11679.7
-11681.4
-11683.1
-11684.9
-11686.6
-11688.3
-11690
-11691.7
-11693.4
-11695.1
-11696.8
-11698.5
-11700.2
-11701.9
-11703.6
-11705.3
-11707
-11708.8
-11710.5
-11712.2
-11713.9
-11715.6
-11717.3
-11719
-11720.7
-11722.4
-11724.1
-11725.8
-11727.5
-11729.2
-11730.9
-11732.6
-11734.3
-11736
-11737.7
-11739.4
-11741.1
-11742.8
-11744.5
-11746.2
-11747.8
-11749.5
-11751.2
-11752.9
-11754.6
-11756.3
-11758
-11759.7
-11761.4
-11763.1
-11764.8
-11766.5
-11768.2
-11769.9
-11771.6
-11773.2
-11774.9
-11776.6
-11778.3
-11780
-11781.7
-11783.4
-11785.1
-11786.8
-11788.4
-11790.1
-11791.8
-11793.5
-11795.2
-11796.9
-11798.6
-11800.2
-11801.9
-11803.6
-11805.3
-11807
-11808.7
-11810.3
-11812
-11813.7
-11815.4
-11817.1
-11818.7
-11820.4
-11822.1
-11823.8
-11825.5
-11827.1
-11828.8
-11830.5
-11832.2
-11833.8
-11835.5
-11837.2
-11838.9
-11840.6
-11842.2
-11843.9
-11845.6
-11847.2
-11848.9
-11850.6
-11852.3
-11853.9
-11855.6
-11857.3
-11858.9
-11860.6
-11862.3
-11864
-11865.6
-11867.3
-11869
-11870.6
-11872.3
-11874
-11875.6
-11877.3
-11879
-11880.6
-11882.3
-11884
-11885.6
-11887.3
-11889
-11890.6
-11892.3
-11893.9
-11895.6
-11897.3
-11898.9
-11900.6
-11902.2
-11903.9
-11905.6
-11907.2
-11908.9
-11910.5
-11912.2
-11913.9
-11915.5
-11917.2
-11918.8
-11920.5
-11922.1
-11923.8
-11925.4
-11927.1
-11928.7
-11930.4
-11932.1
-11933.7
-11935.4
-11937
-11938.7
-11940.3
-11942
-11943.6
-11945.3
-11946.9
-11948.6
-11950.2
-11951.8
-11953.5
-11955.1
-11956.8
-11958.4
-11960.1
-11961.7
-11963.4
-11965
-11966.7
-11968.3
-11969.9
-11971.6
-11973.2
-11974.9
-11976.5
-11978.1
-11979.8
-11981.4
-11983.1
-11984.7
-11986.3
-11988
-11989.6
-11991.2
-11992.9
-11994.5
-11996.2
-11997.8
-11999.4
-12001.1
-12002.7
-12004.3
-12006
-12007.6
-12009.2
-12010.9
-12012.5
-12014.1
-12015.7
-12017.4
-12019
-12020.6
-12022.3
-12023.9
-12025.5
-12027.1
-12028.8
-12030.4
-12032
-12033.6
-12035.3
-12036.9
-12038.5
-12040.1
-12041.8
-12043.4
-12045
-12046.6
-12048.2
-12049.9
-12051.5
-12053.1
-12054.7
-12056.3
-12057.9
-12059.6
-12061.2
-12062.8
-12064.4
-12066
-12067.6
-12069.3
-12070.9
-12072.5
-12074.1
-12075.7
-12077.3
-12078.9
-12080.5
-12082.1
-12083.8
-12085.4
-12087
-12088.6
-12090.2
-12091.8
-12093.4
-12095
-12096.6
-12098.2
-12099.8
-12101.4
-12103
-12104.6
-12106.2
-12107.8
-12109.4
-12111
-12112.6
-12114.2
-12115.8
-12117.4
-12119
-12120.6
-12122.2
-12123.8
-12125.4
-12127
-12128.6
-12130.2
-12131.8
-12133.4
-12135
-12136.6
-12138.2
-12139.7
-12141.3
-12142.9
-12144.5
-12146.1
-12147.7
-12149.3
-12150.9
-12152.5
-12154
-12155.6
-12157.2
-12158.8
-12160.4
-12162
-12163.5
-12165.1
-12166.7
-12168.3
-12169.9
-12171.4
-12173
-12174.6
-12176.2
-12177.8
-12179.3
-12180.9
-12182.5
-12184.1
-12185.6
-12187.2
-12188.8
-12190.4
-12191.9
-12193.5
-12195.1
-12196.6
-12198.2
-12199.8
-12201.4
-12202.9
-12204.5
-12206.1
-12207.6
-12209.2
-12210.8
-12212.3
-12213.9
-12215.4
-12217
-12218.6
-12220.1
-12221.7
-12223.3
-12224.8
-12226.4
-12227.9
-12229.5
-12231
-12232.6
-12234.2
-12235.7
-12237.3
-12238.8
-12240.4
-12241.9
-12243.5
-12245
-12246.6
-12248.1
-12249.7
-12251.2
-12252.8
-12254.3
-12255.9
-12257.4
-12259
-12260.5
-12262.1
-12263.6
-12265.2
-12266.7
-12268.2
-12269.8
-12271.3
-12272.9
-12274.4
-12275.9
-12277.5
-12279
-12280.6
-12282.1
-12283.6
-12285.2
-12286.7
-12288.2
-12289.8
-12291.3
-12292.8
-12294.4
-12295.9
-12297.4
-12298.9
-12300.5
-12302
-12303.5
-12305
-12306.6
-12308.1
-12309.6
-12311.1
-12312.7
-12314.2
-12315.7
-12317.2
-12318.8
-12320.3
-12321.8
-12323.3
-12324.8
-12326.3
-12327.9
-12329.4
-12330.9
-12332.4
-12333.9
-12335.4
-12336.9
-12338.4
-12340
-12341.5
-12343
-12344.5
-12346
-12347.5
-12349
-12350.5
-12352
-12353.5
-12355
-12356.5
-12358
-12359.5
-12361
-12362.5
-12364
-12365.5
-12367
-12368.5
-12370
-12371.5
-12373
-12374.5
-12376
-12377.5
-12378.9
-12380.4
-12381.9
-12383.4
-12384.9
-12386.4
-12387.9
-12389.4
-12390.8
-12392.3
-12393.8
-12395.3
-12396.8
-12398.2
-12399.7
-12401.2
-12402.7
-12404.1
-12405.6
-12407.1
-12408.6
-12410
-12411.5
-12413
-12414.5
-12415.9
-12417.4
-12418.9
-12420.3
-12421.8
-12423.3
-12424.7
-12426.2
-12427.7
-12429.1
-12430.6
-12432
-12433.5
-12435
-12436.4
-12437.9
-12439.3
-12440.8
-12442.2
-12443.7
-12445.1
-12446.6
-12448
-12449.5
-12450.9
-12452.4
-12453.8
-12455.3
-12456.7
-12458.2
-12459.6
-12461.1
-12462.5
-12463.9
-12465.4
-12466.8
-12468.2
-12469.7
-12471.1
-12472.6
-12474
-12475.4
-12476.9
-12478.3
-12479.7
-12481.1
-12482.6
-12484
-12485.4
-12486.8
-12488.3
-12489.7
-12491.1
-12492.5
-12494
-12495.4
-12496.8
-12498.2
-12499.6
-12501
-12502.5
-12503.9
-12505.3
-12506.7
-12508.1
-12509.5
-12510.9
-12512.3
-12513.7
-12515.1
-12516.5
-12517.9
-12519.3
-12520.7
-12522.1
-12523.5
-12524.9
-12526.3
-12527.7
-12529.1
-12530.5
-12531.9
-12533.3
-12534.7
-12536.1
-12537.5
-12538.8
-12540.2
-12541.6
-12543
-12544.4
-12545.8
-12547.1
-12548.5
-12549.9
-12551.3
-12552.6
-12554
-12555.4
-12556.8
-12558.1
-12559.5
-12560.9
-12562.2
-12563.6
-12565
-12566.3
-12567.7
-12569
-12570.4
-12571.8
-12573.1
-12574.5
-12575.8
-12577.2
-12578.5
-12579.9
-12581.2
-12582.6
-12583.9
-12585.3
-12586.6
-12588
-12589.3
-12590.6
-12592
-12593.3
-12594.7
-12596
-12597.3
-12598.7
-12600
-12601.3
-12602.7
-12604
-12605.3
-12606.6
-12608
-12609.3
-12610.6
-12611.9
-12613.2
-12614.6
-12615.9
-12617.2
-12618.5
-12619.8
-12621.1
-12622.4
-12623.7
-12625
-12626.3
-12627.6
-12629
-12630.3
-12631.5
-12632.8
-12634.1
-12635.4
-12636.7
-12638
-12639.3
-12640.6
-12641.9
-12643.2
-12644.5
-12645.7
-12647
-12648.3
-12649.6
-12650.9
-12652.1
-12653.4
-12654.7
-12655.9
-12657.2
-12658.5
-12659.7
-12661
-12662.3
-12663.5
-12664.8
-12666
-12667.3
-12668.6
-12669.8
-12671.1
-12672.3
-12673.6
-12674.8
-12676
-12677.3
-12678.5
-12679.8
-12681
-12682.2
-12683.5
-12684.7
-12685.9
-12687.2
-12688.4
-12689.6
-12690.8
-12692.1
-12693.3
-12694.5
-12695.7
-12696.9
-12698.1
-12699.3
-12700.6
-12701.8
-12703
-12704.2
-12705.4
-12706.6
-12707.8
-12709
-12710.2
-12711.4
-12712.5
-12713.7
-12714.9
-12716.1
-12717.3
-12718.5
-12719.6
-12720.8
-12722
-12723.2
-12724.3
-12725.5
-12726.7
-12727.8
-12729
-12730.2
-12731.3
-12732.5
-12733.6
-12734.8
-12735.9
-12737.1
-12738.2
-12739.4
-12740.5
-12741.6
-12742.8
-12743.9
-12745
-12746.2
-12747.3
-12748.4
-12749.6
-12750.7
-12751.8
-12752.9
-12754
-12755.1
-12756.2
-12757.4
-12758.5
-12759.6
-12760.7
-12761.8
-12762.9
-12764
-12765
-12766.1
-12767.2
-12768.3
-12769.4
-12770.5
-12771.5
-12772.6
-12773.7
-12774.7
-12775.8
-12776.9
-12777.9
-12779
-12780
-12781.1
-12782.1
-12783.2
-12784.2
-12785.3
-12786.3
-12787.4
-12788.4
-12789.4
-12790.5
-12791.5
-12792.5
-12793.5
-12794.5
-12795.5
-12796.6
-12797.6
-12798.6
-12799.6
-12800.6
-12801.6
-12802.6
-12803.6
-12804.5
-12805.5
-12806.5
-12807.5
-12808.5
-12809.4
-12810.4
-12811.4
-12812.3
-12813.3
-12814.2
-12815.2
-12816.1
-12817.1
-12818
-12819
-12819.9
-12820.8
-12821.8
-12822.7
-12823.6
-12824.5
-12825.5
-12826.4
-12827.3
-12828.2
-12829.1
-12830
-12830.9
-12831.8
-12832.7
-12833.5
-12834.4
-12835.3
-12836.2
-12837
-12837.9
-12838.8
-12839.6
-12840.5
-12841.3
-12842.2
-12843
-12843.8
-12844.7
-12845.5
-12846.3
-12847.1
-12847.9
-12848.8
-12849.6
-12850.4
-12851.2
-12852
-12852.8
-12853.5
-12854.3
-12855.1
-12855.9
-12856.6
-12857.4
-12858.2
-12858.9
-12859.7
-12860.4
-12861.1
-12861.9
-12862.6
-12863.3
-12864
-12864.8
-12865.5
-12866.2
-12866.9
-12867.6
-12868.2
-12868.9
-12869.6
-12870.3
-12870.9
-12871.6
-12872.3
-12872.9
-12873.5
-12874.2
-12874.8
-12875.4
-12876.1
-12876.7
-12877.3
-12877.9
-12878.5
-12879.1
-12879.7
-12880.2
-12880.8
-12881.4
-12881.9
-12882.5
-12883
-12883.6
-12884.1
-12884.6
-12885.2
-12885.7
-12886.2
-12886.7
-12887.2
-12887.6
-12888.1
-12888.6
-12889
-12889.5
-12889.9
-12890.4
-12890.8
-12891.2
-12891.6
-12892.1
-12892.4
-12892.8
-12893.2
-12893.6
-12894
-12894.3
-12894.7
-12895
-12895.3
-12895.6
-12895.9
-12896.2
-12896.5
-12896.8
-12897.1
-12897.3
-12897.6
-12897.8
-12898.1
-12898.3
-12898.5
-12898.7
-12898.9
-12899.1
-12899.2
-12899.4
-12899.5
-12899.6
-12899.8
-12899.9
-12900
-12900
-12900.1
-12900.2
-12900.2
-12900.2
-12900.3
-12900.3
-12900.2
-12900.2
-12900.2
-12900.1
-12900
-12900
-12899.9
-12899.7
-12899.6
-12899.5
-12899.3
-12899.1
-12898.9
-12898.7
-12898.4
-12898.2
-12897.9
-12897.6
-12897.3
-12897
-12896.6
-12896.3
-12895.9
-12895.4
-12895
-12894.5
-12894
-12893.5
-12893
-12892.4
-12891.9
-12891.3
-12890.6
-12890
-12889.3
-12888.5
-12887.8
-12887
-12886.2
-12885.3
-12884.5
-12883.6
-12882.6
-12881.6
-12880.6
-12879.5
-12878.4
-12877.3
-12876.1
-12874.9
-12873.6
-12872.3
-12870.9
-12869.5
-12868.1
-12866.5
-12865
-12863.3
-12861.6
-12859.9
-12858
-12856.1
-12854.2
-12852.1
-12850
-12847.8
-12845.5
-12843.1
-12840.7
-12838.1
-12835.4
-12832.6
-12829.7
-12826.6
-12823.4
-12820.1
-12816.6
-12812.9
-12809.1
-12805
-12800.8
-12796.3
-12791.5
-12786.5
-12781.1
-12775.4
-12769.3
-12762.7
-12755.6
-12747.9
-12739.4
-12730
-12719.5
-12707.5
-12693.5
-12676.4
-12653.9
-12617.4
