141.851
140.726
139.601
138.476
137.351
136.226
135.101
133.976
132.851
131.725
130.6
129.475
128.349
127.224
126.099
124.973
123.848
122.723
121.597
120.472
119.346
118.221
117.095
115.969
114.844
113.718
112.592
111.467
110.341
109.215
108.089
106.963
105.837
104.712
103.586
102.46
101.334
100.208
99.0815
97.9555
96.8294
95.7032
94.577
93.4508
92.3246
91.1983
90.0721
88.9457
87.8194
86.693
85.5666
84.4402
83.3137
82.1872
81.0607
79.9341
78.8076
77.681
76.5543
75.4277
74.301
73.1742
72.0475
70.9207
69.7939
68.667
67.5402
66.4133
65.2863
64.1594
63.0324
61.9054
60.7783
59.6512
58.5241
57.397
56.2698
55.1427
54.0154
52.8882
51.7609
50.6336
49.5063
48.3789
47.2515
46.1241
44.9966
43.8691
42.7416
41.6141
40.4865
39.3589
38.2313
37.1036
35.9759
34.8482
33.7205
32.5927
31.4649
30.337
29.2092
28.0813
26.9534
25.8254
24.6974
23.5694
22.4414
21.3133
20.1852
19.0571
17.929
16.8008
15.6726
14.5443
13.4161
12.2878
11.1594
10.0311
8.90268
7.77427
6.64582
5.51735
4.38884
3.26031
2.13175
1.00316
-0.12546
-1.25411
-2.38279
-3.51149
-4.64023
-5.76899
-6.89779
-8.02661
-9.15546
-10.2843
-11.4133
-12.5422
-13.6712
-14.8002
-15.9292
-17.0582
-18.1873
-19.3164
-20.4456
-21.5748
-22.704
-23.8332
-24.9625
-26.0917
-27.2211
-28.3504
-29.4798
-30.6092
-31.7386
-32.8681
-33.9976
-35.1271
-36.2567
-37.3862
-38.5158
-39.6455
-40.7752
-41.9048
-43.0346
-44.1643
-45.2941
-46.4239
-47.5538
-48.6836
-49.8135
-50.9435
-52.0734
-53.2034
-54.3334
-55.4635
-56.5935
-57.7237
-58.8538
-59.9839
-61.1141
-62.2444
-63.3746
-64.5049
-65.6352
-66.7655
-67.8959
-69.0263
-70.1567
-71.2872
-72.4176
-73.5482
-74.6787
-75.8093
-76.9399
-78.0705
-79.2011
-80.3318
-81.4625
-82.5933
-83.7241
-84.8549
-85.9857
-87.1166
-88.2474
-89.3784
-90.5093
-91.6403
-92.7713
-93.9023
-95.0334
-96.1645
-97.2956
-98.4267
-99.5579
-100.689
-101.82
-102.952
-104.083
-105.214
-106.346
-107.477
-108.608
-109.74
-110.871
-112.003
-113.134
-114.266
-115.397
-116.529
-117.661
-118.792
-119.924
-121.056
-122.188
-123.319
-124.451
-125.583
-126.715
-127.847
-128.979
-130.111
-131.243
-132.375
-133.507
-134.639
-135.771
-136.903
-138.035
-139.167
-140.3
-141.432
-142.564
-143.697
-144.829
-145.961
-147.094
-148.226
-149.359
-150.491
-151.624
-152.756
-153.889
-155.021
-156.154
-157.287
-158.419
-159.552
-160.685
-161.818
-162.95
-164.083
-165.216
-166.349
-167.482
-168.615
-169.748
-170.881
-172.014
-173.147
-174.28
-175.413
-176.546
-177.679
-178.813
-179.946
-181.079
-182.212
-183.346
-184.479
-185.613
-186.746
-187.879
-189.013
-190.146
-191.28
-192.413
-193.547
-194.681
-195.814
-196.948
-198.082
-199.215
-200.349
-201.483
-202.617
-203.751
-204.885
-206.018
-207.152
-208.286
-209.42
-210.554
-211.688
-212.822
-213.957
-215.091
-216.225
-217.359
-218.493
-219.628
-220.762
-221.896
-223.031
-224.165
-225.299
-226.434
-227.568
-228.703
-229.837
-230.972
-232.106
-233.241
-234.376
-235.51
-236.645
-237.78
-238.914
-240.049
-241.184
-242.319
-243.454
-244.589
-245.723
-246.858
-247.993
-249.128
-250.263
-251.399
-252.534
-253.669
-254.804
-255.939
-257.074
-258.21
-259.345
-260.48
-261.615
-262.751
-263.886
-265.022
-266.157
-267.292
-268.428
-269.564
-270.699
-271.835
-272.97
-274.106
-275.242
-276.377
-277.513
-278.649
-279.785
-280.92
-282.056
-283.192
-284.328
-285.464
-286.6
-287.736
-288.872
-290.008
-291.144
-292.28
-293.416
-294.553
-295.689
-296.825
-297.961
-299.097
-300.234
-301.37
-302.507
-303.643
-304.779
-305.916
-307.052
-308.189
-309.325
-310.462
-311.599
-312.735
-313.872
-315.008
-316.145
-317.282
-318.419
-319.556
-320.692
-321.829
-322.966
-324.103
-325.24
-326.377
-327.514
-328.651
-329.788
-330.925
-332.062
-333.199
-334.337
-335.474
-336.611
-337.748
-338.886
-340.023
-341.16
-342.298
-343.435
-344.573
-345.71
-346.848
-347.985
-349.123
-350.26
-351.398
-352.535
-353.673
-354.811
-355.949
-357.086
-358.224
-359.362
-360.5
-361.638
-362.776
-363.913
-365.051
-366.189
-367.327
-368.465
-369.604
-370.742
-371.88
-373.018
-374.156
-375.294
-376.433
-377.571
-378.709
-379.848
-380.986
-382.124
-383.263
-384.401
-385.54
-386.678
-387.817
-388.955
-390.094
-391.233
-392.371
-393.51
-394.649
-395.787
-396.926
-398.065
-399.204
-400.343
-401.481
-402.62
-403.759
-404.898
-406.037
-407.176
-408.315
-409.454
-410.594
-411.733
-412.872
-414.011
-415.15
-416.29
-417.429
-418.568
-419.708
-420.847
-421.986
-423.126
-424.265
-425.405
-426.544
-427.684
-428.823
-429.963
-431.103
-432.242
-433.382
-434.522
-435.661
-436.801
-437.941
-439.081
-440.221
-441.361
-442.501
-443.641
-444.781
-445.921
-447.061
-448.201
-449.341
-450.481
-451.621
-452.761
-453.901
-455.042
-456.182
-457.322
-458.463
-459.603
-460.743
-461.884
-463.024
-464.165
-465.305
-466.446
-467.586
-468.727
-469.867
-471.008
-472.149
-473.29
-474.43
-475.571
-476.712
-477.853
-478.993
-480.134
-481.275
-482.416
-483.557
-484.698
-485.839
-486.98
-488.121
-489.262
-490.404
-491.545
-492.686
-493.827
-494.968
-496.11
-497.251
-498.392
-499.534
-500.675
-501.817
-502.958
-504.099
-505.241
-506.382
-507.524
-508.666
-509.807
-510.949
-512.091
-513.232
-514.374
-515.516
-516.658
-517.799
-518.941
-520.083
-521.225
-522.367
-523.509
-524.651
-525.793
-526.935
-528.077
-529.219
-530.362
-531.504
-532.646
-533.788
-534.93
-536.073
-537.215
-538.357
-539.5
-540.642
-541.785
-542.927
-544.07
-545.212
-546.355
-547.497
-548.64
-549.782
-550.925
-552.068
-553.211
-554.353
-555.496
-556.639
-557.782
-558.925
-560.067
-561.21
-562.353
-563.496
-564.639
-565.782
-566.925
-568.069
-569.212
-570.355
-571.498
-572.641
-573.784
-574.928
-576.071
-577.214
-578.358
-579.501
-580.645
-581.788
-582.931
-584.075
-585.218
-586.362
-587.506
-588.649
-589.793
-590.937
-592.08
-593.224
-594.368
-595.512
-596.655
-597.799
-598.943
-600.087
-601.231
-602.375
-603.519
-604.663
-605.807
-606.951
-608.095
-609.239
-610.383
-611.528
-612.672
-613.816
-614.96
-616.105
-617.249
-618.393
-619.538
-620.682
-621.827
-622.971
-624.116
-625.26
-626.405
-627.549
-628.694
-629.839
-630.983
-632.128
-633.273
-634.417
-635.562
-636.707
-637.852
-638.997
-640.142
-641.287
-642.432
-643.577
-644.722
-645.867
-647.012
-648.157
-649.302
-650.447
-651.592
-652.738
-653.883
-655.028
-656.173
-657.319
-658.464
-659.61
-660.755
-661.9
-663.046
-664.191
-665.337
-666.483
-667.628
-668.774
-669.919
-671.065
-672.211
-673.357
-674.502
-675.648
-676.794
-677.94
-679.086
-680.232
-681.378
-682.524
-683.67
-684.816
-685.962
-687.108
-688.254
-689.4
-690.546
-691.692
-692.839
-693.985
-695.131
-696.278
-697.424
-698.57
-699.717
-700.863
-702.01
-703.156
-704.303
-705.449
-706.596
-707.742
-708.889
-710.036
-711.182
-712.329
-713.476
-714.623
-715.769
-716.916
-718.063
-719.21
-720.357
-721.504
-722.651
-723.798
-724.945
-726.092
-727.239
-728.386
-729.533
-730.68
-731.828
-732.975
-734.122
-735.27
-736.417
-737.564
-738.712
-739.859
-741.006
-742.154
-743.301
-744.449
-745.596
-746.744
-747.892
-749.039
-750.187
-751.335
-752.482
-753.63
-754.778
-755.926
-757.074
-758.221
-759.369
-760.517
-761.665
-762.813
-763.961
-765.109
-766.257
-767.405
-768.554
-769.702
-770.85
-771.998
-773.146
-774.295
-775.443
-776.591
-777.74
-778.888
-780.036
-781.185
-782.333
-783.482
-784.63
-785.779
-786.928
-788.076
-789.225
-790.373
-791.522
-792.671
-793.82
-794.968
-796.117
-797.266
-798.415
-799.564
-800.713
-801.862
-803.011
-804.16
-805.309
-806.458
-807.607
-808.756
-809.905
-811.054
-812.204
-813.353
-814.502
-815.652
-816.801
-817.95
-819.1
-820.249
-821.398
-822.548
-823.697
-824.847
-825.997
-827.146
-828.296
-829.445
-830.595
-831.745
-832.895
-834.044
-835.194
-836.344
-837.494
-838.644
-839.794
-840.943
-842.093
-843.243
-844.393
-845.543
-846.694
-847.844
-848.994
-850.144
-851.294
-852.444
-853.595
-854.745
-855.895
-857.046
-858.196
-859.346
-860.497
-861.647
-862.798
-863.948
-865.099
-866.249
-867.4
-868.55
-869.701
-870.852
-872.003
-873.153
-874.304
-875.455
-876.606
-877.756
-878.907
-880.058
-881.209
-882.36
-883.511
-884.662
-885.813
-886.964
-888.115
-889.267
-890.418
-891.569
-892.72
-893.871
-895.023
-896.174
-897.325
-898.477
-899.628
-900.78
-901.931
-903.082
-904.234
-905.385
-906.537
-907.689
-908.84
-909.992
-911.144
-912.295
-913.447
-914.599
-915.751
-916.902
-918.054
-919.206
-920.358
-921.51
-922.662
-923.814
-924.966
-926.118
-927.27
-928.422
-929.574
-930.727
-931.879
-933.031
-934.183
-935.336
-936.488
-937.64
-938.793
-939.945
-941.097
-942.25
-943.402
-944.555
-945.707
-946.86
-948.013
-949.165
-950.318
-951.47
-952.623
-953.776
-954.929
-956.081
-957.234
-958.387
-959.54
-960.693
-961.846
-962.999
-964.152
-965.305
-966.458
-967.611
-968.764
-969.917
-971.07
-972.224
-973.377
-974.53
-975.683
-976.837
-977.99
-979.143
-980.297
-981.45
-982.604
-983.757
-984.911
-986.064
-987.218
-988.371
-989.525
-990.679
-991.832
-992.986
-994.14
-995.294
-996.447
-997.601
-998.755
-999.909
-1001.06
-1002.22
-1003.37
-1004.52
-1005.68
-1006.83
-1007.99
-1009.14
-1010.3
-1011.45
-1012.6
-1013.76
-1014.91
-1016.07
-1017.22
-1018.37
-1019.53
-1020.68
-1021.84
-1022.99
-1024.15
-1025.3
-1026.46
-1027.61
-1028.77
-1029.92
-1031.07
-1032.23
-1033.38
-1034.54
-1035.69
-1036.85
-1038
-1039.16
-1040.31
-1041.47
-1042.62
-1043.78
-1044.93
-1046.09
-1047.24
-1048.4
-1049.55
-1050.71
-1051.86
-1053.02
-1054.17
-1055.33
-1056.48
-1057.64
-1058.79
-1059.95
-1061.11
-1062.26
-1063.42
-1064.57
-1065.73
-1066.88
-1068.04
-1069.19
-1070.35
-1071.51
-1072.66
-1073.82
-1074.97
-1076.13
-1077.28
-1078.44
-1079.6
-1080.75
-1081.91
-1083.06
-1084.22
-1085.38
-1086.53
-1087.69
-1088.84
-1090
-1091.16
-1092.31
-1093.47
-1094.62
-1095.78
-1096.94
-1098.09
-1099.25
-1100.41
-1101.56
-1102.72
-1103.88
-1105.03
-1106.19
-1107.34
-1108.5
-1109.66
-1110.81
-1111.97
-1113.13
-1114.28
-1115.44
-1116.6
-1117.75
-1118.91
-1120.07
-1121.23
-1122.38
-1123.54
-1124.7
-1125.85
-1127.01
-1128.17
-1129.32
-1130.48
-1131.64
-1132.8
-1133.95
-1135.11
-1136.27
-1137.42
-1138.58
-1139.74
-1140.9
-1142.05
-1143.21
-1144.37
-1145.53
-1146.68
-1147.84
-1149
-1150.16
-1151.31
-1152.47
-1153.63
-1154.79
-1155.95
-1157.1
-1158.26
-1159.42
-1160.58
-1161.73
-1162.89
-1164.05
-1165.21
-1166.37
-1167.52
-1168.68
-1169.84
-1171
-1172.16
-1173.31
-1174.47
-1175.63
-1176.79
-1177.95
-1179.11
-1180.26
-1181.42
-1182.58
-1183.74
-1184.9
-1186.06
-1187.21
-1188.37
-1189.53
-1190.69
-1191.85
-1193.01
-1194.17
-1195.32
-1196.48
-1197.64
-1198.8
-1199.96
-1201.12
-1202.28
-1203.44
-1204.6
-1205.75
-1206.91
-1208.07
-1209.23
-1210.39
-1211.55
-1212.71
-1213.87
-1215.03
-1216.19
-1217.35
-1218.5
-1219.66
-1220.82
-1221.98
-1223.14
-1224.3
-1225.46
-1226.62
-1227.78
-1228.94
-1230.1
-1231.26
-1232.42
-1233.58
-1234.74
-1235.9
-1237.06
-1238.22
-1239.38
-1240.54
-1241.7
-1242.86
-1244.02
-1245.18
-1246.34
-1247.5
-1248.66
-1249.82
-1250.98
-1252.14
-1253.3
-1254.46
-1255.62
-1256.78
-1257.94
-1259.1
-1260.26
-1261.42
-1262.58
-1263.74
-1264.9
-1266.06
-1267.22
-1268.38
-1269.54
-1270.7
-1271.86
-1273.02
-1274.18
-1275.34
-1276.5
-1277.67
-1278.83
-1279.99
-1281.15
-1282.31
-1283.47
-1284.63
-1285.79
-1286.95
-1288.11
-1289.27
-1290.44
-1291.6
-1292.76
-1293.92
-1295.08
-1296.24
-1297.4
-1298.56
-1299.72
-1300.89
-1302.05
-1303.21
-1304.37
-1305.53
-1306.69
-1307.85
-1309.02
-1310.18
-1311.34
-1312.5
-1313.66
-1314.82
-1315.99
-1317.15
-1318.31
-1319.47
-1320.63
-1321.79
-1322.96
-1324.12
-1325.28
-1326.44
-1327.6
-1328.77
-1329.93
-1331.09
-1332.25
-1333.41
-1334.58
-1335.74
-1336.9
-1338.06
-1339.22
-1340.39
-1341.55
-1342.71
-1343.87
-1345.04
-1346.2
-1347.36
-1348.52
-1349.69
-1350.85
-1352.01
-1353.17
-1354.34
-1355.5
-1356.66
-1357.82
-1358.99
-1360.15
-1361.31
-1362.47
-1363.64
-1364.8
-1365.96
-1367.13
-1368.29
-1369.45
-1370.62
-1371.78
-1372.94
-1374.1
-1375.27
-1376.43
-1377.59
-1378.76
-1379.92
-1381.08
-1382.25
-1383.41
-1384.57
-1385.74
-1386.9
-1388.06
-1389.23
-1390.39
-1391.55
-1392.72
-1393.88
-1395.04
-1396.21
-1397.37
-1398.54
-1399.7
-1400.86
-1402.03
-1403.19
-1404.35
-1405.52
-1406.68
-1407.85
-1409.01
-1410.17
-1411.34
-1412.5
-1413.67
-1414.83
-1415.99
-1417.16
-1418.32
-1419.49
-1420.65
-1421.81
-1422.98
-1424.14
-1425.31
-1426.47
-1427.64
-1428.8
-1429.97
-1431.13
-1432.29
-1433.46
-1434.62
-1435.79
-1436.95
-1438.12
-1439.28
-1440.45
-1441.61
-1442.78
-1443.94
-1445.11
-1446.27
-1447.44
-1448.6
-1449.77
-1450.93
-1452.1
-1453.26
-1454.43
-1455.59
-1456.76
-1457.92
-1459.09
-1460.25
-1461.42
-1462.58
-1463.75
-1464.91
-1466.08
-1467.24
-1468.41
-1469.57
-1470.74
-1471.9
-1473.07
-1474.24
-1475.4
-1476.57
-1477.73
-1478.9
-1480.06
-1481.23
-1482.39
-1483.56
-1484.73
-1485.89
-1487.06
-1488.22
-1489.39
-1490.56
-1491.72
-1492.89
-1494.05
-1495.22
-1496.39
-1497.55
-1498.72
-1499.88
-1501.05
-1502.22
-1503.38
-1504.55
-1505.71
-1506.88
-1508.05
-1509.21
-1510.38
-1511.55
-1512.71
-1513.88
-1515.05
-1516.21
-1517.38
-1518.55
-1519.71
-1520.88
-1522.05
-1523.21
-1524.38
-1525.55
-1526.71
-1527.88
-1529.05
-1530.21
-1531.38
-1532.55
-1533.71
-1534.88
-1536.05
-1537.21
-1538.38
-1539.55
-1540.72
-1541.88
-1543.05
-1544.22
-1545.39
-1546.55
-1547.72
-1548.89
-1550.05
-1551.22
-1552.39
-1553.56
-1554.72
-1555.89
-1557.06
-1558.23
-1559.39
-1560.56
-1561.73
-1562.9
-1564.06
-1565.23
-1566.4
-1567.57
-1568.74
-1569.9
-1571.07
-1572.24
-1573.41
-1574.58
-1575.74
-1576.91
-1578.08
-1579.25
-1580.42
-1581.58
-1582.75
-1583.92
-1585.09
-1586.26
-1587.42
-1588.59
-1589.76
-1590.93
-1592.1
-1593.27
-1594.43
-1595.6
-1596.77
-1597.94
-1599.11
-1600.28
-1601.45
-1602.61
-1603.78
-1604.95
-1606.12
-1607.29
-1608.46
-1609.63
-1610.8
-1611.96
-1613.13
-1614.3
-1615.47
-1616.64
-1617.81
-1618.98
-1620.15
-1621.32
-1622.49
-1623.65
-1624.82
-1625.99
-1627.16
-1628.33
-1629.5
-1630.67
-1631.84
-1633.01
-1634.18
-1635.35
-1636.52
-1637.69
-1638.86
-1640.03
-1641.2
-1642.36
-1643.53
-1644.7
-1645.87
-1647.04
-1648.21
-1649.38
-1650.55
-1651.72
-1652.89
-1654.06
-1655.23
-1656.4
-1657.57
-1658.74
-1659.91
-1661.08
-1662.25
-1663.42
-1664.59
-1665.76
-1666.93
-1668.1
-1669.27
-1670.44
-1671.61
-1672.78
-1673.95
-1675.12
-1676.29
-1677.47
-1678.64
-1679.81
-1680.98
-1682.15
-1683.32
-1684.49
-1685.66
-1686.83
-1688
-1689.17
-1690.34
-1691.51
-1692.68
-1693.85
-1695.03
-1696.2
-1697.37
-1698.54
-1699.71
-1700.88
-1702.05
-1703.22
-1704.39
-1705.56
-1706.74
-1707.91
-1709.08
-1710.25
-1711.42
-1712.59
-1713.76
-1714.93
-1716.11
-1717.28
-1718.45
-1719.62
-1720.79
-1721.96
-1723.13
-1724.31
-1725.48
-1726.65
-1727.82
-1728.99
-1730.16
-1731.34
-1732.51
-1733.68
-1734.85
-1736.02
-1737.19
-1738.37
-1739.54
-1740.71
-1741.88
-1743.05
-1744.23
-1745.4
-1746.57
-1747.74
-1748.92
-1750.09
-1751.26
-1752.43
-1753.6
-1754.78
-1755.95
-1757.12
-1758.29
-1759.47
-1760.64
-1761.81
-1762.98
-1764.16
-1765.33
-1766.5
-1767.67
-1768.85
-1770.02
-1771.19
-1772.36
-1773.54
-1774.71
-1775.88
-1777.06
-1778.23
-1779.4
-1780.57
-1781.75
-1782.92
-1784.09
-1785.27
-1786.44
-1787.61
-1788.78
-1789.96
-1791.13
-1792.3
-1793.48
-1794.65
-1795.82
-1797
-1798.17
-1799.34
-1800.52
-1801.69
-1802.86
-1804.04
-1805.21
-1806.38
-1807.56
-1808.73
-1809.91
-1811.08
-1812.25
-1813.43
-1814.6
-1815.77
-1816.95
-1818.12
-1819.3
-1820.47
-1821.64
-1822.82
-1823.99
-1825.17
-1826.34
-1827.51
-1828.69
-1829.86
-1831.04
-1832.21
-1833.38
-1834.56
-1835.73
-1836.91
-1838.08
-1839.26
-1840.43
-1841.6
-1842.78
-1843.95
-1845.13
-1846.3
-1847.48
-1848.65
-1849.83
-1851
-1852.17
-1853.35
-1854.52
-1855.7
-1856.87
-1858.05
-1859.22
-1860.4
-1861.57
-1862.75
-1863.92
-1865.1
-1866.27
-1867.45
-1868.62
-1869.8
-1870.97
-1872.15
-1873.32
-1874.5
-1875.67
-1876.85
-1878.02
-1879.2
-1880.37
-1881.55
-1882.72
-1883.9
-1885.08
-1886.25
-1887.43
-1888.6
-1889.78
-1890.95
-1892.13
-1893.3
-1894.48
-1895.66
-1896.83
-1898.01
-1899.18
-1900.36
-1901.53
-1902.71
-1903.89
-1905.06
-1906.24
-1907.41
-1908.59
-1909.77
-1910.94
-1912.12
-1913.29
-1914.47
-1915.65
-1916.82
-1918
-1919.17
-1920.35
-1921.53
-1922.7
-1923.88
-1925.06
-1926.23
-1927.41
-1928.59
-1929.76
-1930.94
-1932.12
-1933.29
-1934.47
-1935.65
-1936.82
-1938
-1939.18
-1940.35
-1941.53
-1942.71
-1943.88
-1945.06
-1946.24
-1947.41
-1948.59
-1949.77
-1950.94
-1952.12
-1953.3
-1954.47
-1955.65
-1956.83
-1958.01
-1959.18
-1960.36
-1961.54
-1962.72
-1963.89
-1965.07
-1966.25
-1967.42
-1968.6
-1969.78
-1970.96
-1972.13
-1973.31
-1974.49
-1975.67
-1976.84
-1978.02
-1979.2
-1980.38
-1981.56
-1982.73
-1983.91
-1985.09
-1986.27
-1987.44
-1988.62
-1989.8
-1990.98
-1992.16
-1993.33
-1994.51
-1995.69
-1996.87
-1998.05
-1999.22
-2000.4
-2001.58
-2002.76
-2003.94
-2005.12
-2006.29
-2007.47
-2008.65
-2009.83
-2011.01
-2012.19
-2013.36
-2014.54
-2015.72
-2016.9
-2018.08
-2019.26
-2020.44
-2021.61
-2022.79
-2023.97
-2025.15
-2026.33
-2027.51
-2028.69
-2029.87
-2031.04
-2032.22
-2033.4
-2034.58
-2035.76
-2036.94
-2038.12
-2039.3
-2040.48
-2041.66
-2042.84
-2044.01
-2045.19
-2046.37
-2047.55
-2048.73
-2049.91
-2051.09
-2052.27
-2053.45
-2054.63
-2055.81
-2056.99
-2058.17
-2059.35
-2060.53
-2061.71
-2062.89
-2064.07
-2065.24
-2066.42
-2067.6
-2068.78
-2069.96
-2071.14
-2072.32
-2073.5
-2074.68
-2075.86
-2077.04
-2078.22
-2079.4
-2080.58
-2081.76
-2082.94
-2084.12
-2085.3
-2086.48
-2087.66
-2088.84
-2090.03
-2091.21
-2092.39
-2093.57
-2094.75
-2095.93
-2097.11
-2098.29
-2099.47
-2100.65
-2101.83
-2103.01
-2104.19
-2105.37
-2106.55
-2107.73
-2108.91
-2110.09
-2111.28
-2112.46
-2113.64
-2114.82
-2116
-2117.18
-2118.36
-2119.54
-2120.72
-2121.9
-2123.08
-2124.27
-2125.45
-2126.63
-2127.81
-2128.99
-2130.17
-2131.35
-2132.53
-2133.72
-2134.9
-2136.08
-2137.26
-2138.44
-2139.62
-2140.8
-2141.99
-2143.17
-2144.35
-2145.53
-2146.71
-2147.89
-2149.08
-2150.26
-2151.44
-2152.62
-2153.8
-2154.98
-2156.17
-2157.35
-2158.53
-2159.71
-2160.89
-2162.08
-2163.26
-2164.44
-2165.62
-2166.8
-2167.99
-2169.17
-2170.35
-2171.53
-2172.72
-2173.9
-2175.08
-2176.26
-2177.44
-2178.63
-2179.81
-2180.99
-2182.17
-2183.36
-2184.54
-2185.72
-2186.9
-2188.09
-2189.27
-2190.45
-2191.63
-2192.82
-2194
-2195.18
-2196.37
-2197.55
-2198.73
-2199.91
-2201.1
-2202.28
-2203.46
-2204.65
-2205.83
-2207.01
-2208.2
-2209.38
-2210.56
-2211.74
-2212.93
-2214.11
-2215.29
-2216.48
-2217.66
-2218.84
-2220.03
-2221.21
-2222.39
-2223.58
-2224.76
-2225.95
-2227.13
-2228.31
-2229.5
-2230.68
-2231.86
-2233.05
-2234.23
-2235.41
-2236.6
-2237.78
-2238.97
-2240.15
-2241.33
-2242.52
-2243.7
-2244.89
-2246.07
-2247.25
-2248.44
-2249.62
-2250.81
-2251.99
-2253.17
-2254.36
-2255.54
-2256.73
-2257.91
-2259.09
-2260.28
-2261.46
-2262.65
-2263.83
-2265.02
-2266.2
-2267.39
-2268.57
-2269.75
-2270.94
-2272.12
-2273.31
-2274.49
-2275.68
-2276.86
-2278.05
-2279.23
-2280.42
-2281.6
-2282.79
-2283.97
-2285.16
-2286.34
-2287.53
-2288.71
-2289.9
-2291.08
-2292.27
-2293.45
-2294.64
-2295.82
-2297.01
-2298.19
-2299.38
-2300.56
-2301.75
-2302.93
-2304.12
-2305.3
-2306.49
-2307.67
-2308.86
-2310.05
-2311.23
-2312.42
-2313.6
-2314.79
-2315.97
-2317.16
-2318.34
-2319.53
-2320.72
-2321.9
-2323.09
-2324.27
-2325.46
-2326.65
-2327.83
-2329.02
-2330.2
-2331.39
-2332.58
-2333.76
-2334.95
-2336.13
-2337.32
-2338.51
-2339.69
-2340.88
-2342.06
-2343.25
-2344.44
-2345.62
-2346.81
-2348
-2349.18
-2350.37
-2351.56
-2352.74
-2353.93
-2355.11
-2356.3
-2357.49
-2358.67
-2359.86
-2361.05
-2362.23
-2363.42
-2364.61
-2365.79
-2366.98
-2368.17
-2369.36
-2370.54
-2371.73
-2372.92
-2374.1
-2375.29
-2376.48
-2377.66
-2378.85
-2380.04
-2381.23
-2382.41
-2383.6
-2384.79
-2385.97
-2387.16
-2388.35
-2389.54
-2390.72
-2391.91
-2393.1
-2394.29
-2395.47
-2396.66
-2397.85
-2399.04
-2400.22
-2401.41
-2402.6
-2403.79
-2404.97
-2406.16
-2407.35
-2408.54
-2409.73
-2410.91
-2412.1
-2413.29
-2414.48
-2415.67
-2416.85
-2418.04
-2419.23
-2420.42
-2421.61
-2422.79
-2423.98
-2425.17
-2426.36
-2427.55
-2428.73
-2429.92
-2431.11
-2432.3
-2433.49
-2434.68
-2435.86
-2437.05
-2438.24
-2439.43
-2440.62
-2441.81
-2443
-2444.18
-2445.37
-2446.56
-2447.75
-2448.94
-2450.13
-2451.32
-2452.51
-2453.69
-2454.88
-2456.07
-2457.26
-2458.45
-2459.64
-2460.83
-2462.02
-2463.21
-2464.4
-2465.58
-2466.77
-2467.96
-2469.15
-2470.34
-2471.53
-2472.72
-2473.91
-2475.1
-2476.29
-2477.48
-2478.67
-2479.86
-2481.05
-2482.24
-2483.43
-2484.61
-2485.8
-2486.99
-2488.18
-2489.37
-2490.56
-2491.75
-2492.94
-2494.13
-2495.32
-2496.51
-2497.7
-2498.89
-2500.08
-2501.27
-2502.46
-2503.65
-2504.84
-2506.03
-2507.22
-2508.41
-2509.6
-2510.79
-2511.98
-2513.17
-2514.36
-2515.55
-2516.74
-2517.93
-2519.12
-2520.31
-2521.51
-2522.7
-2523.89
-2525.08
-2526.27
-2527.46
-2528.65
-2529.84
-2531.03
-2532.22
-2533.41
-2534.6
-2535.79
-2536.98
-2538.17
-2539.37
-2540.56
-2541.75
-2542.94
-2544.13
-2545.32
-2546.51
-2547.7
-2548.89
-2550.08
-2551.28
-2552.47
-2553.66
-2554.85
-2556.04
-2557.23
-2558.42
-2559.61
-2560.81
-2562
-2563.19
-2564.38
-2565.57
-2566.76
-2567.95
-2569.15
-2570.34
-2571.53
-2572.72
-2573.91
-2575.1
-2576.3
-2577.49
-2578.68
-2579.87
-2581.06
-2582.25
-2583.45
-2584.64
-2585.83
-2587.02
-2588.21
-2589.41
-2590.6
-2591.79
-2592.98
-2594.17
-2595.37
-2596.56
-2597.75
-2598.94
-2600.14
-2601.33
-2602.52
-2603.71
-2604.9
-2606.1
-2607.29
-2608.48
-2609.67
-2610.87
-2612.06
-2613.25
-2614.44
-2615.64
-2616.83
-2618.02
-2619.22
-2620.41
-2621.6
-2622.79
-2623.99
-2625.18
-2626.37
-2627.56
-2628.76
-2629.95
-2631.14
-2632.34
-2633.53
-2634.72
-2635.92
-2637.11
-2638.3
-2639.5
-2640.69
-2641.88
-2643.08
-2644.27
-2645.46
-2646.66
-2647.85
-2649.04
-2650.24
-2651.43
-2652.62
-2653.82
-2655.01
-2656.2
-2657.4
-2658.59
-2659.78
-2660.98
-2662.17
-2663.36
-2664.56
-2665.75
-2666.95
-2668.14
-2669.33
-2670.53
-2671.72
-2672.92
-2674.11
-2675.3
-2676.5
-2677.69
-2678.89
-2680.08
-2681.27
-2682.47
-2683.66
-2684.86
-2686.05
-2687.25
-2688.44
-2689.63
-2690.83
-2692.02
-2693.22
-2694.41
-2695.61
-2696.8
-2697.99
-2699.19
-2700.38
-2701.58
-2702.77
-2703.97
-2705.16
-2706.36
-2707.55
-2708.75
-2709.94
-2711.14
-2712.33
-2713.53
-2714.72
-2715.92
-2717.11
-2718.31
-2719.5
-2720.7
-2721.89
-2723.09
-2724.28
-2725.48
-2726.67
-2727.87
-2729.06
-2730.26
-2731.45
-2732.65
-2733.84
-2735.04
-2736.23
-2737.43
-2738.63
-2739.82
-2741.02
-2742.21
-2743.41
-2744.6
-2745.8
-2746.99
-2748.19
-2749.39
-2750.58
-2751.78
-2752.97
-2754.17
-2755.36
-2756.56
-2757.76
-2758.95
-2760.15
-2761.34
-2762.54
-2763.74
-2764.93
-2766.13
-2767.32
-2768.52
-2769.72
-2770.91
-2772.11
-2773.31
-2774.5
-2775.7
-2776.9
-2778.09
-2779.29
-2780.48
-2781.68
-2782.88
-2784.07
-2785.27
-2786.47
-2787.66
-2788.86
-2790.06
-2791.25
-2792.45
-2793.65
-2794.84
-2796.04
-2797.24
-2798.43
-2799.63
-2800.83
-2802.02
-2803.22
-2804.42
-2805.62
-2806.81
-2808.01
-2809.21
-2810.4
-2811.6
-2812.8
-2814
-2815.19
-2816.39
-2817.59
-2818.78
-2819.98
-2821.18
-2822.38
-2823.57
-2824.77
-2825.97
-2827.17
-2828.36
-2829.56
-2830.76
-2831.96
-2833.15
-2834.35
-2835.55
-2836.75
-2837.95
-2839.14
-2840.34
-2841.54
-2842.74
-2843.93
-2845.13
-2846.33
-2847.53
-2848.73
-2849.92
-2851.12
-2852.32
-2853.52
-2854.72
-2855.92
-2857.11
-2858.31
-2859.51
-2860.71
-2861.91
-2863.1
-2864.3
-2865.5
-2866.7
-2867.9
-2869.1
-2870.3
-2871.49
-2872.69
-2873.89
-2875.09
-2876.29
-2877.49
-2878.69
-2879.88
-2881.08
-2882.28
-2883.48
-2884.68
-2885.88
-2887.08
-2888.28
-2889.48
-2890.67
-2891.87
-2893.07
-2894.27
-2895.47
-2896.67
-2897.87
-2899.07
-2900.27
-2901.47
-2902.67
-2903.86
-2905.06
-2906.26
-2907.46
-2908.66
-2909.86
-2911.06
-2912.26
-2913.46
-2914.66
-2915.86
-2917.06
-2918.26
-2919.46
-2920.66
-2921.86
-2923.06
-2924.26
-2925.46
-2926.66
-2927.86
-2929.06
-2930.26
-2931.46
-2932.66
-2933.86
-2935.06
-2936.26
-2937.46
-2938.66
-2939.86
-2941.06
-2942.26
-2943.46
-2944.66
-2945.86
-2947.06
-2948.26
-2949.46
-2950.66
-2951.86
-2953.06
-2954.26
-2955.46
-2956.66
-2957.86
-2959.06
-2960.26
-2961.46
-2962.66
-2963.86
-2965.06
-2966.26
-2967.47
-2968.67
-2969.87
-2971.07
-2972.27
-2973.47
-2974.67
-2975.87
-2977.07
-2978.27
-2979.47
-2980.68
-2981.88
-2983.08
-2984.28
-2985.48
-2986.68
-2987.88
-2989.08
-2990.28
-2991.49
-2992.69
-2993.89
-2995.09
-2996.29
-2997.49
-2998.69
-2999.9
-3001.1
-3002.3
-3003.5
-3004.7
-3005.9
-3007.11
-3008.31
-3009.51
-3010.71
-3011.91
-3013.11
-3014.32
-3015.52
-3016.72
-3017.92
-3019.12
-3020.32
-3021.53
-3022.73
-3023.93
-3025.13
-3026.33
-3027.54
-3028.74
-3029.94
-3031.14
-3032.35
-3033.55
-3034.75
-3035.95
-3037.15
-3038.36
-3039.56
-3040.76
-3041.96
-3043.17
-3044.37
-3045.57
-3046.77
-3047.98
-3049.18
-3050.38
-3051.58
-3052.79
-3053.99
-3055.19
-3056.4
-3057.6
-3058.8
-3060
-3061.21
-3062.41
-3063.61
-3064.82
-3066.02
-3067.22
-3068.42
-3069.63
-3070.83
-3072.03
-3073.24
-3074.44
-3075.64
-3076.85
-3078.05
-3079.25
-3080.46
-3081.66
-3082.86
-3084.07
-3085.27
-3086.47
-3087.68
-3088.88
-3090.08
-3091.29
-3092.49
-3093.69
-3094.9
-3096.1
-3097.31
-3098.51
-3099.71
-3100.92
-3102.12
-3103.32
-3104.53
-3105.73
-3106.94
-3108.14
-3109.34
-3110.55
-3111.75
-3112.96
-3114.16
-3115.36
-3116.57
-3117.77
-3118.98
-3120.18
-3121.39
-3122.59
-3123.79
-3125
-3126.2
-3127.41
-3128.61
-3129.82
-3131.02
-3132.22
-3133.43
-3134.63
-3135.84
-3137.04
-3138.25
-3139.45
-3140.66
-3141.86
-3143.07
-3144.27
-3145.48
-3146.68
-3147.89
-3149.09
-3150.3
-3151.5
-3152.71
-3153.91
-3155.12
-3156.32
-3157.53
-3158.73
-3159.94
-3161.14
-3162.35
-3163.55
-3164.76
-3165.96
-3167.17
-3168.37
-3169.58
-3170.78
-3171.99
-3173.19
-3174.4
-3175.6
-3176.81
-3178.02
-3179.22
-3180.43
-3181.63
-3182.84
-3184.04
-3185.25
-3186.46
-3187.66
-3188.87
-3190.07
-3191.28
-3192.48
-3193.69
-3194.9
-3196.1
-3197.31
-3198.51
-3199.72
-3200.93
-3202.13
-3203.34
-3204.54
-3205.75
-3206.96
-3208.16
-3209.37
-3210.58
-3211.78
-3212.99
-3214.19
-3215.4
-3216.61
-3217.81
-3219.02
-3220.23
-3221.43
-3222.64
-3223.85
-3225.05
-3226.26
-3227.47
-3228.67
-3229.88
-3231.09
-3232.29
-3233.5
-3234.71
-3235.91
-3237.12
-3238.33
-3239.53
-3240.74
-3241.95
-3243.15
-3244.36
-3245.57
-3246.78
-3247.98
-3249.19
-3250.4
-3251.6
-3252.81
-3254.02
-3255.23
-3256.43
-3257.64
-3258.85
-3260.06
-3261.26
-3262.47
-3263.68
-3264.89
-3266.09
-3267.3
-3268.51
-3269.72
-3270.92
-3272.13
-3273.34
-3274.55
-3275.75
-3276.96
-3278.17
-3279.38
-3280.59
-3281.79
-3283
-3284.21
-3285.42
-3286.62
-3287.83
-3289.04
-3290.25
-3291.46
-3292.67
-3293.87
-3295.08
-3296.29
-3297.5
-3298.71
-3299.91
-3301.12
-3302.33
-3303.54
-3304.75
-3305.96
-3307.16
-3308.37
-3309.58
-3310.79
-3312
-3313.21
-3314.42
-3315.62
-3316.83
-3318.04
-3319.25
-3320.46
-3321.67
-3322.88
-3324.09
-3325.29
-3326.5
-3327.71
-3328.92
-3330.13
-3331.34
-3332.55
-3333.76
-3334.97
-3336.18
-3337.38
-3338.59
-3339.8
-3341.01
-3342.22
-3343.43
-3344.64
-3345.85
-3347.06
-3348.27
-3349.48
-3350.69
-3351.9
-3353.11
-3354.32
-3355.52
-3356.73
-3357.94
-3359.15
-3360.36
-3361.57
-3362.78
-3363.99
-3365.2
-3366.41
-3367.62
-3368.83
-3370.04
-3371.25
-3372.46
-3373.67
-3374.88
-3376.09
-3377.3
-3378.51
-3379.72
-3380.93
-3382.14
-3383.35
-3384.56
-3385.77
-3386.98
-3388.19
-3389.4
-3390.61
-3391.82
-3393.03
-3394.24
-3395.45
-3396.67
-3397.88
-3399.09
-3400.3
-3401.51
-3402.72
-3403.93
-3405.14
-3406.35
-3407.56
-3408.77
-3409.98
-3411.19
-3412.4
-3413.61
-3414.83
-3416.04
-3417.25
-3418.46
-3419.67
-3420.88
-3422.09
-3423.3
-3424.51
-3425.72
-3426.94
-3428.15
-3429.36
-3430.57
-3431.78
-3432.99
-3434.2
-3435.41
-3436.63
-3437.84
-3439.05
-3440.26
-3441.47
-3442.68
-3443.89
-3445.11
-3446.32
-3447.53
-3448.74
-3449.95
-3451.16
-3452.38
-3453.59
-3454.8
-3456.01
-3457.22
-3458.43
-3459.65
-3460.86
-3462.07
-3463.28
-3464.49
-3465.71
-3466.92
-3468.13
-3469.34
-3470.55
-3471.77
-3472.98
-3474.19
-3475.4
-3476.62
-3477.83
-3479.04
-3480.25
-3481.46
-3482.68
-3483.89
-3485.1
-3486.31
-3487.53
-3488.74
-3489.95
-3491.16
-3492.38
-3493.59
-3494.8
-3496.02
-3497.23
-3498.44
-3499.65
-3500.87
-3502.08
-3503.29
-3504.5
-3505.72
-3506.93
-3508.14
-3509.36
-3510.57
-3511.78
-3513
-3514.21
-3515.42
-3516.64
-3517.85
-3519.06
-3520.27
-3521.49
-3522.7
-3523.91
-3525.13
-3526.34
-3527.55
-3528.77
-3529.98
-3531.19
-3532.41
-3533.62
-3534.84
-3536.05
-3537.26
-3538.48
-3539.69
-3540.9
-3542.12
-3543.33
-3544.54
-3545.76
-3546.97
-3548.19
-3549.4
-3550.61
-3551.83
-3553.04
-3554.26
-3555.47
-3556.68
-3557.9
-3559.11
-3560.33
-3561.54
-3562.75
-3563.97
-3565.18
-3566.4
-3567.61
-3568.83
-3570.04
-3571.25
-3572.47
-3573.68
-3574.9
-3576.11
-3577.33
-3578.54
-3579.76
-3580.97
-3582.19
-3583.4
-3584.61
-3585.83
-3587.04
-3588.26
-3589.47
-3590.69
-3591.9
-3593.12
-3594.33
-3595.55
-3596.76
-3597.98
-3599.19
-3600.41
-3601.62
-3602.84
-3604.05
-3605.27
-3606.48
-3607.7
-3608.91
-3610.13
-3611.34
-3612.56
-3613.77
-3614.99
-3616.21
-3617.42
-3618.64
-3619.85
-3621.07
-3622.28
-3623.5
-3624.71
-3625.93
-3627.14
-3628.36
-3629.58
-3630.79
-3632.01
-3633.22
-3634.44
-3635.65
-3636.87
-3638.09
-3639.3
-3640.52
-3641.73
-3642.95
-3644.17
-3645.38
-3646.6
-3647.81
-3649.03
-3650.25
-3651.46
-3652.68
-3653.9
-3655.11
-3656.33
-3657.54
-3658.76
-3659.98
-3661.19
-3662.41
-3663.63
-3664.84
-3666.06
-3667.28
-3668.49
-3669.71
-3670.92
-3672.14
-3673.36
-3674.57
-3675.79
-3677.01
-3678.22
-3679.44
-3680.66
-3681.88
-3683.09
-3684.31
-3685.53
-3686.74
-3687.96
-3689.18
-3690.39
-3691.61
-3692.83
-3694.05
-3695.26
-3696.48
-3697.7
-3698.91
-3700.13
-3701.35
-3702.57
-3703.78
-3705
-3706.22
-3707.43
-3708.65
-3709.87
-3711.09
-3712.3
-3713.52
-3714.74
-3715.96
-3717.18
-3718.39
-3719.61
-3720.83
-3722.05
-3723.26
-3724.48
-3725.7
-3726.92
-3728.13
-3729.35
-3730.57
-3731.79
-3733.01
-3734.22
-3735.44
-3736.66
-3737.88
-3739.1
-3740.31
-3741.53
-3742.75
-3743.97
-3745.19
-3746.41
-3747.62
-3748.84
-3750.06
-3751.28
-3752.5
-3753.72
-3754.93
-3756.15
-3757.37
-3758.59
-3759.81
-3761.03
-3762.25
-3763.46
-3764.68
-3765.9
-3767.12
-3768.34
-3769.56
-3770.78
-3772
-3773.21
-3774.43
-3775.65
-3776.87
-3778.09
-3779.31
-3780.53
-3781.75
-3782.97
-3784.19
-3785.4
-3786.62
-3787.84
-3789.06
-3790.28
-3791.5
-3792.72
-3793.94
-3795.16
-3796.38
-3797.6
-3798.82
-3800.04
-3801.26
-3802.47
-3803.69
-3804.91
-3806.13
-3807.35
-3808.57
-3809.79
-3811.01
-3812.23
-3813.45
-3814.67
-3815.89
-3817.11
-3818.33
-3819.55
-3820.77
-3821.99
-3823.21
-3824.43
-3825.65
-3826.87
-3828.09
-3829.31
-3830.53
-3831.75
-3832.97
-3834.19
-3835.41
-3836.63
-3837.85
-3839.07
-3840.29
-3841.51
-3842.73
-3843.95
-3845.17
-3846.39
-3847.61
-3848.84
-3850.06
-3851.28
-3852.5
-3853.72
-3854.94
-3856.16
-3857.38
-3858.6
-3859.82
-3861.04
-3862.26
-3863.48
-3864.7
-3865.93
-3867.15
-3868.37
-3869.59
-3870.81
-3872.03
-3873.25
-3874.47
-3875.69
-3876.91
-3878.14
-3879.36
-3880.58
-3881.8
-3883.02
-3884.24
-3885.46
-3886.68
-3887.91
-3889.13
-3890.35
-3891.57
-3892.79
-3894.01
-3895.23
-3896.46
-3897.68
-3898.9
-3900.12
-3901.34
-3902.56
-3903.79
-3905.01
-3906.23
-3907.45
-3908.67
-3909.9
-3911.12
-3912.34
-3913.56
-3914.78
-3916.01
-3917.23
-3918.45
-3919.67
-3920.89
-3922.12
-3923.34
-3924.56
-3925.78
-3927
-3928.23
-3929.45
-3930.67
-3931.89
-3933.12
-3934.34
-3935.56
-3936.78
-3938.01
-3939.23
-3940.45
-3941.67
-3942.9
-3944.12
-3945.34
-3946.56
-3947.79
-3949.01
-3950.23
-3951.45
-3952.68
-3953.9
-3955.12
-3956.35
-3957.57
-3958.79
-3960.01
-3961.24
-3962.46
-3963.68
-3964.91
-3966.13
-3967.35
-3968.58
-3969.8
-3971.02
-3972.25
-3973.47
-3974.69
-3975.92
-3977.14
-3978.36
-3979.59
-3980.81
-3982.03
-3983.26
-3984.48
-3985.7
-3986.93
-3988.15
-3989.37
-3990.6
-3991.82
-3993.04
-3994.27
-3995.49
-3996.72
-3997.94
-3999.16
-4000.39
-4001.61
-4002.84
-4004.06
-4005.28
-4006.51
-4007.73
-4008.95
-4010.18
-4011.4
-4012.63
-4013.85
-4015.08
-4016.3
-4017.52
-4018.75
-4019.97
-4021.2
-4022.42
-4023.65
-4024.87
-4026.09
-4027.32
-4028.54
-4029.77
-4030.99
-4032.22
-4033.44
-4034.67
-4035.89
-4037.12
-4038.34
-4039.56
-4040.79
-4042.01
-4043.24
-4044.46
-4045.69
-4046.91
-4048.14
-4049.36
-4050.59
-4051.81
-4053.04
-4054.26
-4055.49
-4056.71
-4057.94
-4059.16
-4060.39
-4061.61
-4062.84
-4064.06
-4065.29
-4066.51
-4067.74
-4068.97
-4070.19
-4071.42
-4072.64
-4073.87
-4075.09
-4076.32
-4077.54
-4078.77
-4079.99
-4081.22
-4082.45
-4083.67
-4084.9
-4086.12
-4087.35
-4088.57
-4089.8
-4091.03
-4092.25
-4093.48
-4094.7
-4095.93
-4097.16
-4098.38
-4099.61
-4100.83
-4102.06
-4103.29
-4104.51
-4105.74
-4106.96
-4108.19
-4109.42
-4110.64
-4111.87
-4113.1
-4114.32
-4115.55
-4116.77
-4118
-4119.23
-4120.45
-4121.68
-4122.91
-4124.13
-4125.36
-4126.59
-4127.81
-4129.04
-4130.27
-4131.49
-4132.72
-4133.95
-4135.17
-4136.4
-4137.63
-4138.85
-4140.08
-4141.31
-4142.53
-4143.76
-4144.99
-4146.22
-4147.44
-4148.67
-4149.9
-4151.12
-4152.35
-4153.58
-4154.81
-4156.03
-4157.26
-4158.49
-4159.71
-4160.94
-4162.17
-4163.4
-4164.62
-4165.85
-4167.08
-4168.31
-4169.53
-4170.76
-4171.99
-4173.22
-4174.44
-4175.67
-4176.9
-4178.13
-4179.35
-4180.58
-4181.81
-4183.04
-4184.27
-4185.49
-4186.72
-4187.95
-4189.18
-4190.41
-4191.63
-4192.86
-4194.09
-4195.32
-4196.55
-4197.77
-4199
-4200.23
-4201.46
-4202.69
-4203.92
-4205.14
-4206.37
-4207.6
-4208.83
-4210.06
-4211.29
-4212.51
-4213.74
-4214.97
-4216.2
-4217.43
-4218.66
-4219.89
-4221.11
-4222.34
-4223.57
-4224.8
-4226.03
-4227.26
-4228.49
-4229.72
-4230.94
-4232.17
-4233.4
-4234.63
-4235.86
-4237.09
-4238.32
-4239.55
-4240.78
-4242
-4243.23
-4244.46
-4245.69
-4246.92
-4248.15
-4249.38
-4250.61
-4251.84
-4253.07
-4254.3
-4255.53
-4256.76
-4257.99
-4259.21
-4260.44
-4261.67
-4262.9
-4264.13
-4265.36
-4266.59
-4267.82
-4269.05
-4270.28
-4271.51
-4272.74
-4273.97
-4275.2
-4276.43
-4277.66
-4278.89
-4280.12
-4281.35
-4282.58
-4283.81
-4285.04
-4286.27
-4287.5
-4288.73
-4289.96
-4291.19
-4292.42
-4293.65
-4294.88
-4296.11
-4297.34
-4298.57
-4299.8
-4301.03
-4302.26
-4303.49
-4304.72
-4305.95
-4307.18
-4308.42
-4309.65
-4310.88
-4312.11
-4313.34
-4314.57
-4315.8
-4317.03
-4318.26
-4319.49
-4320.72
-4321.95
-4323.18
-4324.41
-4325.65
-4326.88
-4328.11
-4329.34
-4330.57
-4331.8
-4333.03
-4334.26
-4335.49
-4336.72
-4337.96
-4339.19
-4340.42
-4341.65
-4342.88
-4344.11
-4345.34
-4346.57
-4347.81
-4349.04
-4350.27
-4351.5
-4352.73
-4353.96
-4355.2
-4356.43
-4357.66
-4358.89
-4360.12
-4361.35
-4362.58
-4363.82
-4365.05
-4366.28
-4367.51
-4368.74
-4369.98
-4371.21
-4372.44
-4373.67
-4374.9
-4376.14
-4377.37
-4378.6
-4379.83
-4381.06
-4382.3
-4383.53
-4384.76
-4385.99
-4387.22
-4388.46
-4389.69
-4390.92
-4392.15
-4393.39
-4394.62
-4395.85
-4397.08
-4398.32
-4399.55
-4400.78
-4402.01
-4403.25
-4404.48
-4405.71
-4406.94
-4408.18
-4409.41
-4410.64
-4411.87
-4413.11
-4414.34
-4415.57
-4416.81
-4418.04
-4419.27
-4420.5
-4421.74
-4422.97
-4424.2
-4425.44
-4426.67
-4427.9
-4429.14
-4430.37
-4431.6
-4432.84
-4434.07
-4435.3
-4436.53
-4437.77
-4439
-4440.23
-4441.47
-4442.7
-4443.94
-4445.17
-4446.4
-4447.64
-4448.87
-4450.1
-4451.34
-4452.57
-4453.8
-4455.04
-4456.27
-4457.5
-4458.74
-4459.97
-4461.21
-4462.44
-4463.67
-4464.91
-4466.14
-4467.38
-4468.61
-4469.84
-4471.08
-4472.31
-4473.55
-4474.78
-4476.01
-4477.25
-4478.48
-4479.72
-4480.95
-4482.18
-4483.42
-4484.65
-4485.89
-4487.12
-4488.36
-4489.59
-4490.83
-4492.06
-4493.29
-4494.53
-4495.76
-4497
-4498.23
-4499.47
-4500.7
-4501.94
-4503.17
-4504.41
-4505.64
-4506.88
-4508.11
-4509.35
-4510.58
-4511.81
-4513.05
-4514.28
-4515.52
-4516.75
-4517.99
-4519.22
-4520.46
-4521.69
-4522.93
-4524.17
-4525.4
-4526.64
-4527.87
-4529.11
-4530.34
-4531.58
-4532.81
-4534.05
-4535.28
-4536.52
-4537.75
-4538.99
-4540.22
-4541.46
-4542.7
-4543.93
-4545.17
-4546.4
-4547.64
-4548.87
-4550.11
-4551.35
-4552.58
-4553.82
-4555.05
-4556.29
-4557.52
-4558.76
-4560
-4561.23
-4562.47
-4563.7
-4564.94
-4566.18
-4567.41
-4568.65
-4569.88
-4571.12
-4572.36
-4573.59
-4574.83
-4576.07
-4577.3
-4578.54
-4579.77
-4581.01
-4582.25
-4583.48
-4584.72
-4585.96
-4587.19
-4588.43
-4589.67
-4590.9
-4592.14
-4593.38
-4594.61
-4595.85
-4597.09
-4598.32
-4599.56
-4600.8
-4602.03
-4603.27
-4604.51
-4605.74
-4606.98
-4608.22
-4609.45
-4610.69
-4611.93
-4613.17
-4614.4
-4615.64
-4616.88
-4618.11
-4619.35
-4620.59
-4621.83
-4623.06
-4624.3
-4625.54
-4626.77
-4628.01
-4629.25
-4630.49
-4631.72
-4632.96
-4634.2
-4635.44
-4636.67
-4637.91
-4639.15
-4640.39
-4641.62
-4642.86
-4644.1
-4645.34
-4646.58
-4647.81
-4649.05
-4650.29
-4651.53
-4652.76
-4654
-4655.24
-4656.48
-4657.72
-4658.95
-4660.19
-4661.43
-4662.67
-4663.91
-4665.14
-4666.38
-4667.62
-4668.86
-4670.1
-4671.34
-4672.57
-4673.81
-4675.05
-4676.29
-4677.53
-4678.77
-4680
-4681.24
-4682.48
-4683.72
-4684.96
-4686.2
-4687.44
-4688.67
-4689.91
-4691.15
-4692.39
-4693.63
-4694.87
-4696.11
-4697.35
-4698.58
-4699.82
-4701.06
-4702.3
-4703.54
-4704.78
-4706.02
-4707.26
-4708.5
-4709.74
-4710.97
-4712.21
-4713.45
-4714.69
-4715.93
-4717.17
-4718.41
-4719.65
-4720.89
-4722.13
-4723.37
-4724.61
-4725.85
-4727.09
-4728.33
-4729.56
-4730.8
-4732.04
-4733.28
-4734.52
-4735.76
-4737
-4738.24
-4739.48
-4740.72
-4741.96
-4743.2
-4744.44
-4745.68
-4746.92
-4748.16
-4749.4
-4750.64
-4751.88
-4753.12
-4754.36
-4755.6
-4756.84
-4758.08
-4759.32
-4760.56
-4761.8
-4763.04
-4764.28
-4765.52
-4766.76
-4768
-4769.24
-4770.48
-4771.72
-4772.96
-4774.2
-4775.44
-4776.69
-4777.93
-4779.17
-4780.41
-4781.65
-4782.89
-4784.13
-4785.37
-4786.61
-4787.85
-4789.09
-4790.33
-4791.57
-4792.81
-4794.06
-4795.3
-4796.54
-4797.78
-4799.02
-4800.26
-4801.5
-4802.74
-4803.98
-4805.22
-4806.47
-4807.71
-4808.95
-4810.19
-4811.43
-4812.67
-4813.91
-4815.15
-4816.4
-4817.64
-4818.88
-4820.12
-4821.36
-4822.6
-4823.84
-4825.09
-4826.33
-4827.57
-4828.81
-4830.05
-4831.29
-4832.54
-4833.78
-4835.02
-4836.26
-4837.5
-4838.74
-4839.99
-4841.23
-4842.47
-4843.71
-4844.95
-4846.2
-4847.44
-4848.68
-4849.92
-4851.16
-4852.41
-4853.65
-4854.89
-4856.13
-4857.37
-4858.62
-4859.86
-4861.1
-4862.34
-4863.59
-4864.83
-4866.07
-4867.31
-4868.55
-4869.8
-4871.04
-4872.28
-4873.52
-4874.77
-4876.01
-4877.25
-4878.5
-4879.74
-4880.98
-4882.22
-4883.47
-4884.71
-4885.95
-4887.19
-4888.44
-4889.68
-4890.92
-4892.17
-4893.41
-4894.65
-4895.9
-4897.14
-4898.38
-4899.62
-4900.87
-4902.11
-4903.35
-4904.6
-4905.84
-4907.08
-4908.33
-4909.57
-4910.81
-4912.06
-4913.3
-4914.54
-4915.79
-4917.03
-4918.27
-4919.52
-4920.76
-4922
-4923.25
-4924.49
-4925.73
-4926.98
-4928.22
-4929.47
-4930.71
-4931.95
-4933.2
-4934.44
-4935.68
-4936.93
-4938.17
-4939.42
-4940.66
-4941.9
-4943.15
-4944.39
-4945.64
-4946.88
-4948.12
-4949.37
-4950.61
-4951.86
-4953.1
-4954.35
-4955.59
-4956.83
-4958.08
-4959.32
-4960.57
-4961.81
-4963.06
-4964.3
-4965.54
-4966.79
-4968.03
-4969.28
-4970.52
-4971.77
-4973.01
-4974.26
-4975.5
-4976.75
-4977.99
-4979.24
-4980.48
-4981.72
-4982.97
-4984.21
-4985.46
-4986.7
-4987.95
-4989.19
-4990.44
-4991.68
-4992.93
-4994.17
-4995.42
-4996.66
-4997.91
-4999.15
-5000.4
-5001.65
-5002.89
-5004.14
-5005.38
-5006.63
-5007.87
-5009.12
-5010.36
-5011.61
-5012.85
-5014.1
-5015.34
-5016.59
-5017.84
-5019.08
-5020.33
-5021.57
-5022.82
-5024.06
-5025.31
-5026.55
-5027.8
-5029.05
-5030.29
-5031.54
-5032.78
-5034.03
-5035.28
-5036.52
-5037.77
-5039.01
-5040.26
-5041.51
-5042.75
-5044
-5045.24
-5046.49
-5047.74
-5048.98
-5050.23
-5051.47
-5052.72
-5053.97
-5055.21
-5056.46
-5057.71
-5058.95
-5060.2
-5061.45
-5062.69
-5063.94
-5065.19
-5066.43
-5067.68
-5068.92
-5070.17
-5071.42
-5072.66
-5073.91
-5075.16
-5076.41
-5077.65
-5078.9
-5080.15
-5081.39
-5082.64
-5083.89
-5085.13
-5086.38
-5087.63
-5088.87
-5090.12
-5091.37
-5092.62
-5093.86
-5095.11
-5096.36
-5097.6
-5098.85
-5100.1
-5101.35
-5102.59
-5103.84
-5105.09
-5106.34
-5107.58
-5108.83
-5110.08
-5111.32
-5112.57
-5113.82
-5115.07
-5116.32
-5117.56
-5118.81
-5120.06
-5121.31
-5122.55
-5123.8
-5125.05
-5126.3
-5127.54
-5128.79
-5130.04
-5131.29
-5132.54
-5133.78
-5135.03
-5136.28
-5137.53
-5138.78
-5140.02
-5141.27
-5142.52
-5143.77
-5145.02
-5146.26
-5147.51
-5148.76
-5150.01
-5151.26
-5152.51
-5153.75
-5155
-5156.25
-5157.5
-5158.75
-5160
-5161.25
-5162.49
-5163.74
-5164.99
-5166.24
-5167.49
-5168.74
-5169.99
-5171.23
-5172.48
-5173.73
-5174.98
-5176.23
-5177.48
-5178.73
-5179.98
-5181.23
-5182.47
-5183.72
-5184.97
-5186.22
-5187.47
-5188.72
-5189.97
-5191.22
-5192.47
-5193.72
-5194.96
-5196.21
-5197.46
-5198.71
-5199.96
-5201.21
-5202.46
-5203.71
-5204.96
-5206.21
-5207.46
-5208.71
-5209.96
-5211.21
-5212.46
-5213.71
-5214.96
-5216.21
-5217.46
-5218.7
-5219.95
-5221.2
-5222.45
-5223.7
-5224.95
-5226.2
-5227.45
-5228.7
-5229.95
-5231.2
-5232.45
-5233.7
-5234.95
-5236.2
-5237.45
-5238.7
-5239.95
-5241.2
-5242.45
-5243.7
-5244.95
-5246.2
-5247.45
-5248.71
-5249.96
-5251.21
-5252.46
-5253.71
-5254.96
-5256.21
-5257.46
-5258.71
-5259.96
-5261.21
-5262.46
-5263.71
-5264.96
-5266.21
-5267.46
-5268.71
-5269.96
-5271.22
-5272.47
-5273.72
-5274.97
-5276.22
-5277.47
-5278.72
-5279.97
-5281.22
-5282.47
-5283.72
-5284.98
-5286.23
-5287.48
-5288.73
-5289.98
-5291.23
-5292.48
-5293.73
-5294.98
-5296.24
-5297.49
-5298.74
-5299.99
-5301.24
-5302.49
-5303.74
-5305
-5306.25
-5307.5
-5308.75
-5310
-5311.25
-5312.51
-5313.76
-5315.01
-5316.26
-5317.51
-5318.76
-5320.02
-5321.27
-5322.52
-5323.77
-5325.02
-5326.27
-5327.53
-5328.78
-5330.03
-5331.28
-5332.53
-5333.79
-5335.04
-5336.29
-5337.54
-5338.8
-5340.05
-5341.3
-5342.55
-5343.8
-5345.06
-5346.31
-5347.56
-5348.81
-5350.07
-5351.32
-5352.57
-5353.82
-5355.08
-5356.33
-5357.58
-5358.83
-5360.09
-5361.34
-5362.59
-5363.84
-5365.1
-5366.35
-5367.6
-5368.85
-5370.11
-5371.36
-5372.61
-5373.87
-5375.12
-5376.37
-5377.62
-5378.88
-5380.13
-5381.38
-5382.64
-5383.89
-5385.14
-5386.4
-5387.65
-5388.9
-5390.16
-5391.41
-5392.66
-5393.92
-5395.17
-5396.42
-5397.68
-5398.93
-5400.18
-5401.44
-5402.69
-5403.94
-5405.2
-5406.45
-5407.7
-5408.96
-5410.21
-5411.46
-5412.72
-5413.97
-5415.22
-5416.48
-5417.73
-5418.99
-5420.24
-5421.49
-5422.75
-5424
-5425.26
-5426.51
-5427.76
-5429.02
-5430.27
-5431.53
-5432.78
-5434.03
-5435.29
-5436.54
-5437.8
-5439.05
-5440.3
-5441.56
-5442.81
-5444.07
-5445.32
-5446.58
-5447.83
-5449.08
-5450.34
-5451.59
-5452.85
-5454.1
-5455.36
-5456.61
-5457.87
-5459.12
-5460.38
-5461.63
-5462.88
-5464.14
-5465.39
-5466.65
-5467.9
-5469.16
-5470.41
-5471.67
-5472.92
-5474.18
-5475.43
-5476.69
-5477.94
-5479.2
-5480.45
-5481.71
-5482.96
-5484.22
-5485.47
-5486.73
-5487.98
-5489.24
-5490.49
-5491.75
-5493
-5494.26
-5495.52
-5496.77
-5498.03
-5499.28
-5500.54
-5501.79
-5503.05
-5504.3
-5505.56
-5506.81
-5508.07
-5509.33
-5510.58
-5511.84
-5513.09
-5514.35
-5515.6
-5516.86
-5518.12
-5519.37
-5520.63
-5521.88
-5523.14
-5524.4
-5525.65
-5526.91
-5528.16
-5529.42
-5530.68
-5531.93
-5533.19
-5534.44
-5535.7
-5536.96
-5538.21
-5539.47
-5540.72
-5541.98
-5543.24
-5544.49
-5545.75
-5547.01
-5548.26
-5549.52
-5550.78
-5552.03
-5553.29
-5554.54
-5555.8
-5557.06
-5558.31
-5559.57
-5560.83
-5562.08
-5563.34
-5564.6
-5565.85
-5567.11
-5568.37
-5569.63
-5570.88
-5572.14
-5573.4
-5574.65
-5575.91
-5577.17
-5578.42
-5579.68
-5580.94
-5582.19
-5583.45
-5584.71
-5585.97
-5587.22
-5588.48
-5589.74
-5591
-5592.25
-5593.51
-5594.77
-5596.02
-5597.28
-5598.54
-5599.8
-5601.05
-5602.31
-5603.57
-5604.83
-5606.08
-5607.34
-5608.6
-5609.86
-5611.11
-5612.37
-5613.63
-5614.89
-5616.15
-5617.4
-5618.66
-5619.92
-5621.18
-5622.44
-5623.69
-5624.95
-5626.21
-5627.47
-5628.72
-5629.98
-5631.24
-5632.5
-5633.76
-5635.02
-5636.27
-5637.53
-5638.79
-5640.05
-5641.31
-5642.56
-5643.82
-5645.08
-5646.34
-5647.6
-5648.86
-5650.12
-5651.37
-5652.63
-5653.89
-5655.15
-5656.41
-5657.67
-5658.92
-5660.18
-5661.44
-5662.7
-5663.96
-5665.22
-5666.48
-5667.74
-5668.99
-5670.25
-5671.51
-5672.77
-5674.03
-5675.29
-5676.55
-5677.81
-5679.07
-5680.33
-5681.58
-5682.84
-5684.1
-5685.36
-5686.62
-5687.88
-5689.14
-5690.4
-5691.66
-5692.92
-5694.18
-5695.44
-5696.7
-5697.95
-5699.21
-5700.47
-5701.73
-5702.99
-5704.25
-5705.51
-5706.77
-5708.03
-5709.29
-5710.55
-5711.81
-5713.07
-5714.33
-5715.59
-5716.85
-5718.11
-5719.37
-5720.63
-5721.89
-5723.15
-5724.41
-5725.67
-5726.93
-5728.19
-5729.45
-5730.71
-5731.97
-5733.23
-5734.49
-5735.75
-5737.01
-5738.27
-5739.53
-5740.79
-5742.05
-5743.31
-5744.57
-5745.83
-5747.09
-5748.35
-5749.61
-5750.87
-5752.13
-5753.39
-5754.65
-5755.91
-5757.18
-5758.44
-5759.7
-5760.96
-5762.22
-5763.48
-5764.74
-5766
-5767.26
-5768.52
-5769.78
-5771.04
-5772.3
-5773.57
-5774.83
-5776.09
-5777.35
-5778.61
-5779.87
-5781.13
-5782.39
-5783.65
-5784.91
-5786.18
-5787.44
-5788.7
-5789.96
-5791.22
-5792.48
-5793.74
-5795
-5796.27
-5797.53
-5798.79
-5800.05
-5801.31
-5802.57
-5803.83
-5805.1
-5806.36
-5807.62
-5808.88
-5810.14
-5811.4
-5812.67
-5813.93
-5815.19
-5816.45
-5817.71
-5818.97
-5820.24
-5821.5
-5822.76
-5824.02
-5825.28
-5826.55
-5827.81
-5829.07
-5830.33
-5831.59
-5832.86
-5834.12
-5835.38
-5836.64
-5837.91
-5839.17
-5840.43
-5841.69
-5842.95
-5844.22
-5845.48
-5846.74
-5848
-5849.27
-5850.53
-5851.79
-5853.05
-5854.32
-5855.58
-5856.84
-5858.1
-5859.37
-5860.63
-5861.89
-5863.15
-5864.42
-5865.68
-5866.94
-5868.21
-5869.47
-5870.73
-5871.99
-5873.26
-5874.52
-5875.78
-5877.05
-5878.31
-5879.57
-5880.83
-5882.1
-5883.36
-5884.62
-5885.89
-5887.15
-5888.41
-5889.68
-5890.94
-5892.2
-5893.47
-5894.73
-5895.99
-5897.26
-5898.52
-5899.78
-5901.05
-5902.31
-5903.57
-5904.84
-5906.1
-5907.36
-5908.63
-5909.89
-5911.15
-5912.42
-5913.68
-5914.95
-5916.21
-5917.47
-5918.74
-5920
-5921.26
-5922.53
-5923.79
-5925.06
-5926.32
-5927.58
-5928.85
-5930.11
-5931.38
-5932.64
-5933.9
-5935.17
-5936.43
-5937.7
-5938.96
-5940.23
-5941.49
-5942.75
-5944.02
-5945.28
-5946.55
-5947.81
-5949.08
-5950.34
-5951.6
-5952.87
-5954.13
-5955.4
-5956.66
-5957.93
-5959.19
-5960.46
-5961.72
-5962.99
-5964.25
-5965.51
-5966.78
-5968.04
-5969.31
-5970.57
-5971.84
-5973.1
-5974.37
-5975.63
-5976.9
-5978.16
-5979.43
-5980.69
-5981.96
-5983.22
-5984.49
-5985.75
-5987.02
-5988.28
-5989.55
-5990.81
-5992.08
-5993.34
-5994.61
-5995.88
-5997.14
-5998.41
-5999.67
-6000.94
-6002.2
-6003.47
-6004.73
-6006
-6007.26
-6008.53
-6009.8
-6011.06
-6012.33
-6013.59
-6014.86
-6016.12
-6017.39
-6018.65
-6019.92
-6021.19
-6022.45
-6023.72
-6024.98
-6026.25
-6027.52
-6028.78
-6030.05
-6031.31
-6032.58
-6033.85
-6035.11
-6036.38
-6037.64
-6038.91
-6040.18
-6041.44
-6042.71
-6043.98
-6045.24
-6046.51
-6047.77
-6049.04
-6050.31
-6051.57
-6052.84
-6054.11
-6055.37
-6056.64
-6057.91
-6059.17
-6060.44
-6061.71
-6062.97
-6064.24
-6065.51
-6066.77
-6068.04
-6069.31
-6070.57
-6071.84
-6073.11
-6074.37
-6075.64
-6076.91
-6078.17
-6079.44
-6080.71
-6081.97
-6083.24
-6084.51
-6085.77
-6087.04
-6088.31
-6089.58
-6090.84
-6092.11
-6093.38
-6094.65
-6095.91
-6097.18
-6098.45
-6099.71
-6100.98
-6102.25
-6103.52
-6104.78
-6106.05
-6107.32
-6108.59
-6109.85
-6111.12
-6112.39
-6113.66
-6114.92
-6116.19
-6117.46
-6118.73
-6119.99
-6121.26
-6122.53
-6123.8
-6125.07
-6126.33
-6127.6
-6128.87
-6130.14
-6131.41
-6132.67
-6133.94
-6135.21
-6136.48
-6137.75
-6139.01
-6140.28
-6141.55
-6142.82
-6144.09
-6145.35
-6146.62
-6147.89
-6149.16
-6150.43
-6151.7
-6152.96
-6154.23
-6155.5
-6156.77
-6158.04
-6159.31
-6160.58
-6161.84
-6163.11
-6164.38
-6165.65
-6166.92
-6168.19
-6169.46
-6170.72
-6171.99
-6173.26
-6174.53
-6175.8
-6177.07
-6178.34
-6179.61
-6180.87
-6182.14
-6183.41
-6184.68
-6185.95
-6187.22
-6188.49
-6189.76
-6191.03
-6192.3
-6193.57
-6194.83
-6196.1
-6197.37
-6198.64
-6199.91
-6201.18
-6202.45
-6203.72
-6204.99
-6206.26
-6207.53
-6208.8
-6210.07
-6211.34
-6212.61
-6213.87
-6215.14
-6216.41
-6217.68
-6218.95
-6220.22
-6221.49
-6222.76
-6224.03
-6225.3
-6226.57
-6227.84
-6229.11
-6230.38
-6231.65
-6232.92
-6234.19
-6235.46
-6236.73
-6238
-6239.27
-6240.54
-6241.81
-6243.08
-6244.35
-6245.62
-6246.89
-6248.16
-6249.43
-6250.7
-6251.97
-6253.24
-6254.51
-6255.78
-6257.05
-6258.32
-6259.59
-6260.87
-6262.14
-6263.41
-6264.68
-6265.95
-6267.22
-6268.49
-6269.76
-6271.03
-6272.3
-6273.57
-6274.84
-6276.11
-6277.38
-6278.65
-6279.92
-6281.2
-6282.47
-6283.74
-6285.01
-6286.28
-6287.55
-6288.82
-6290.09
-6291.36
-6292.63
-6293.91
-6295.18
-6296.45
-6297.72
-6298.99
-6300.26
-6301.53
-6302.8
-6304.07
-6305.35
-6306.62
-6307.89
-6309.16
-6310.43
-6311.7
-6312.97
-6314.25
-6315.52
-6316.79
-6318.06
-6319.33
-6320.6
-6321.88
-6323.15
-6324.42
-6325.69
-6326.96
-6328.23
-6329.51
-6330.78
-6332.05
-6333.32
-6334.59
-6335.86
-6337.14
-6338.41
-6339.68
-6340.95
-6342.22
-6343.5
-6344.77
-6346.04
-6347.31
-6348.59
-6349.86
-6351.13
-6352.4
-6353.67
-6354.95
-6356.22
-6357.49
-6358.76
-6360.04
-6361.31
-6362.58
-6363.85
-6365.13
-6366.4
-6367.67
-6368.94
-6370.22
-6371.49
-6372.76
-6374.03
-6375.31
-6376.58
-6377.85
-6379.12
-6380.4
-6381.67
-6382.94
-6384.21
-6385.49
-6386.76
-6388.03
-6389.31
-6390.58
-6391.85
-6393.13
-6394.4
-6395.67
-6396.94
-6398.22
-6399.49
-6400.76
-6402.04
-6403.31
-6404.58
-6405.86
-6407.13
-6408.4
-6409.68
-6410.95
-6412.22
-6413.5
-6414.77
-6416.04
-6417.32
-6418.59
-6419.86
-6421.14
-6422.41
-6423.68
-6424.96
-6426.23
-6427.5
-6428.78
-6430.05
-6431.33
-6432.6
-6433.87
-6435.15
-6436.42
-6437.69
-6438.97
-6440.24
-6441.52
-6442.79
-6444.06
-6445.34
-6446.61
-6447.89
-6449.16
-6450.43
-6451.71
-6452.98
-6454.26
-6455.53
-6456.81
-6458.08
-6459.35
-6460.63
-6461.9
-6463.18
-6464.45
-6465.73
-6467
-6468.27
-6469.55
-6470.82
-6472.1
-6473.37
-6474.65
-6475.92
-6477.2
-6478.47
-6479.74
-6481.02
-6482.29
-6483.57
-6484.84
-6486.12
-6487.39
-6488.67
-6489.94
-6491.22
-6492.49
-6493.77
-6495.04
-6496.32
-6497.59
-6498.87
-6500.14
-6501.42
-6502.69
-6503.97
-6505.24
-6506.52
-6507.79
-6509.07
-6510.34
-6511.62
-6512.89
-6514.17
-6515.44
-6516.72
-6518
-6519.27
-6520.55
-6521.82
-6523.1
-6524.37
-6525.65
-6526.92
-6528.2
-6529.47
-6530.75
-6532.03
-6533.3
-6534.58
-6535.85
-6537.13
-6538.4
-6539.68
-6540.96
-6542.23
-6543.51
-6544.78
-6546.06
-6547.34
-6548.61
-6549.89
-6551.16
-6552.44
-6553.71
-6554.99
-6556.27
-6557.54
-6558.82
-6560.1
-6561.37
-6562.65
-6563.92
-6565.2
-6566.48
-6567.75
-6569.03
-6570.31
-6571.58
-6572.86
-6574.13
-6575.41
-6576.69
-6577.96
-6579.24
-6580.52
-6581.79
-6583.07
-6584.35
-6585.62
-6586.9
-6588.18
-6589.45
-6590.73
-6592.01
-6593.28
-6594.56
-6595.84
-6597.11
-6598.39
-6599.67
-6600.95
-6602.22
-6603.5
-6604.78
-6606.05
-6607.33
-6608.61
-6609.88
-6611.16
-6612.44
-6613.72
-6614.99
-6616.27
-6617.55
-6618.82
-6620.1
-6621.38
-6622.66
-6623.93
-6625.21
-6626.49
-6627.77
-6629.04
-6630.32
-6631.6
-6632.88
-6634.15
-6635.43
-6636.71
-6637.99
-6639.26
-6640.54
-6641.82
-6643.1
-6644.37
-6645.65
-6646.93
-6648.21
-6649.49
-6650.76
-6652.04
-6653.32
-6654.6
-6655.88
-6657.15
-6658.43
-6659.71
-6660.99
-6662.27
-6663.54
-6664.82
-6666.1
-6667.38
-6668.66
-6669.93
-6671.21
-6672.49
-6673.77
-6675.05
-6676.33
-6677.6
-6678.88
-6680.16
-6681.44
-6682.72
-6684
-6685.28
-6686.55
-6687.83
-6689.11
-6690.39
-6691.67
-6692.95
-6694.23
-6695.5
-6696.78
-6698.06
-6699.34
-6700.62
-6701.9
-6703.18
-6704.46
-6705.73
-6707.01
-6708.29
-6709.57
-6710.85
-6712.13
-6713.41
-6714.69
-6715.97
-6717.25
-6718.52
-6719.8
-6721.08
-6722.36
-6723.64
-6724.92
-6726.2
-6727.48
-6728.76
-6730.04
-6731.32
-6732.6
-6733.88
-6735.16
-6736.44
-6737.71
-6738.99
-6740.27
-6741.55
-6742.83
-6744.11
-6745.39
-6746.67
-6747.95
-6749.23
-6750.51
-6751.79
-6753.07
-6754.35
-6755.63
-6756.91
-6758.19
-6759.47
-6760.75
-6762.03
-6763.31
-6764.59
-6765.87
-6767.15
-6768.43
-6769.71
-6770.99
-6772.27
-6773.55
-6774.83
-6776.11
-6777.39
-6778.67
-6779.95
-6781.23
-6782.51
-6783.79
-6785.07
-6786.35
-6787.63
-6788.91
-6790.19
-6791.47
-6792.76
-6794.04
-6795.32
-6796.6
-6797.88
-6799.16
-6800.44
-6801.72
-6803
-6804.28
-6805.56
-6806.84
-6808.12
-6809.4
-6810.69
-6811.97
-6813.25
-6814.53
-6815.81
-6817.09
-6818.37
-6819.65
-6820.93
-6822.21
-6823.49
-6824.78
-6826.06
-6827.34
-6828.62
-6829.9
-6831.18
-6832.46
-6833.74
-6835.03
-6836.31
-6837.59
-6838.87
-6840.15
-6841.43
-6842.71
-6844
-6845.28
-6846.56
-6847.84
-6849.12
-6850.4
-6851.68
-6852.97
-6854.25
-6855.53
-6856.81
-6858.09
-6859.37
-6860.66
-6861.94
-6863.22
-6864.5
-6865.78
-6867.07
-6868.35
-6869.63
-6870.91
-6872.19
-6873.48
-6874.76
-6876.04
-6877.32
-6878.6
-6879.89
-6881.17
-6882.45
-6883.73
-6885.02
-6886.3
-6887.58
-6888.86
-6890.14
-6891.43
-6892.71
-6893.99
-6895.27
-6896.56
-6897.84
-6899.12
-6900.4
-6901.69
-6902.97
-6904.25
-6905.53
-6906.82
-6908.1
-6909.38
-6910.66
-6911.95
-6913.23
-6914.51
-6915.8
-6917.08
-6918.36
-6919.64
-6920.93
-6922.21
-6923.49
-6924.78
-6926.06
-6927.34
-6928.63
-6929.91
-6931.19
-6932.47
-6933.76
-6935.04
-6936.32
-6937.61
-6938.89
-6940.17
-6941.46
-6942.74
-6944.02
-6945.31
-6946.59
-6947.87
-6949.16
-6950.44
-6951.72
-6953.01
-6954.29
-6955.57
-6956.86
-6958.14
-6959.43
-6960.71
-6961.99
-6963.28
-6964.56
-6965.84
-6967.13
-6968.41
-6969.69
-6970.98
-6972.26
-6973.55
-6974.83
-6976.11
-6977.4
-6978.68
-6979.97
-6981.25
-6982.53
-6983.82
-6985.1
-6986.39
-6987.67
-6988.95
-6990.24
-6991.52
-6992.81
-6994.09
-6995.38
-6996.66
-6997.94
-6999.23
-7000.51
-7001.8
-7003.08
-7004.37
-7005.65
-7006.94
-7008.22
-7009.5
-7010.79
-7012.07
-7013.36
-7014.64
-7015.93
-7017.21
-7018.5
-7019.78
-7021.07
-7022.35
-7023.64
-7024.92
-7026.21
-7027.49
-7028.78
-7030.06
-7031.35
-7032.63
-7033.92
-7035.2
-7036.49
-7037.77
-7039.06
-7040.34
-7041.63
-7042.91
-7044.2
-7045.48
-7046.77
-7048.05
-7049.34
-7050.62
-7051.91
-7053.19
-7054.48
-7055.76
-7057.05
-7058.33
-7059.62
-7060.91
-7062.19
-7063.48
-7064.76
-7066.05
-7067.33
-7068.62
-7069.9
-7071.19
-7072.48
-7073.76
-7075.05
-7076.33
-7077.62
-7078.91
-7080.19
-7081.48
-7082.76
-7084.05
-7085.33
-7086.62
-7087.91
-7089.19
-7090.48
-7091.76
-7093.05
-7094.34
-7095.62
-7096.91
-7098.2
-7099.48
-7100.77
-7102.05
-7103.34
-7104.63
-7105.91
-7107.2
-7108.49
-7109.77
-7111.06
-7112.34
-7113.63
-7114.92
-7116.2
-7117.49
-7118.78
-7120.06
-7121.35
-7122.64
-7123.92
-7125.21
-7126.5
-7127.78
-7129.07
-7130.36
-7131.64
-7132.93
-7134.22
-7135.5
-7136.79
-7138.08
-7139.37
-7140.65
-7141.94
-7143.23
-7144.51
-7145.8
-7147.09
-7148.38
-7149.66
-7150.95
-7152.24
-7153.52
-7154.81
-7156.1
-7157.39
-7158.67
-7159.96
-7161.25
-7162.53
-7163.82
-7165.11
-7166.4
-7167.68
-7168.97
-7170.26
-7171.55
-7172.83
-7174.12
-7175.41
-7176.7
-7177.99
-7179.27
-7180.56
-7181.85
-7183.14
-7184.42
-7185.71
-7187
-7188.29
-7189.58
-7190.86
-7192.15
-7193.44
-7194.73
-7196.02
-7197.3
-7198.59
-7199.88
-7201.17
-7202.46
-7203.74
-7205.03
-7206.32
-7207.61
-7208.9
-7210.18
-7211.47
-7212.76
-7214.05
-7215.34
-7216.63
-7217.91
-7219.2
-7220.49
-7221.78
-7223.07
-7224.36
-7225.65
-7226.93
-7228.22
-7229.51
-7230.8
-7232.09
-7233.38
-7234.67
-7235.96
-7237.24
-7238.53
-7239.82
-7241.11
-7242.4
-7243.69
-7244.98
-7246.27
-7247.56
-7248.84
-7250.13
-7251.42
-7252.71
-7254
-7255.29
-7256.58
-7257.87
-7259.16
-7260.45
-7261.74
-7263.02
-7264.31
-7265.6
-7266.89
-7268.18
-7269.47
-7270.76
-7272.05
-7273.34
-7274.63
-7275.92
-7277.21
-7278.5
-7279.79
-7281.08
-7282.37
-7283.66
-7284.95
-7286.24
-7287.53
-7288.81
-7290.1
-7291.39
-7292.68
-7293.97
-7295.26
-7296.55
-7297.84
-7299.13
-7300.42
-7301.71
-7303
-7304.29
-7305.58
-7306.87
-7308.16
-7309.45
-7310.74
-7312.03
-7313.32
-7314.62
-7315.91
-7317.2
-7318.49
-7319.78
-7321.07
-7322.36
-7323.65
-7324.94
-7326.23
-7327.52
-7328.81
-7330.1
-7331.39
-7332.68
-7333.97
-7335.26
-7336.55
-7337.84
-7339.13
-7340.43
-7341.72
-7343.01
-7344.3
-7345.59
-7346.88
-7348.17
-7349.46
-7350.75
-7352.04
-7353.33
-7354.63
-7355.92
-7357.21
-7358.5
-7359.79
-7361.08
-7362.37
-7363.66
-7364.95
-7366.25
-7367.54
-7368.83
-7370.12
-7371.41
-7372.7
-7373.99
-7375.28
-7376.58
-7377.87
-7379.16
-7380.45
-7381.74
-7383.03
-7384.33
-7385.62
-7386.91
-7388.2
-7389.49
-7390.78
-7392.08
-7393.37
-7394.66
-7395.95
-7397.24
-7398.53
-7399.83
-7401.12
-7402.41
-7403.7
-7404.99
-7406.29
-7407.58
-7408.87
-7410.16
-7411.46
-7412.75
-7414.04
-7415.33
-7416.62
-7417.92
-7419.21
-7420.5
-7421.79
-7423.09
-7424.38
-7425.67
-7426.96
-7428.26
-7429.55
-7430.84
-7432.13
-7433.43
-7434.72
-7436.01
-7437.3
-7438.6
-7439.89
-7441.18
-7442.47
-7443.77
-7445.06
-7446.35
-7447.65
-7448.94
-7450.23
-7451.52
-7452.82
-7454.11
-7455.4
-7456.7
-7457.99
-7459.28
-7460.58
-7461.87
-7463.16
-7464.46
-7465.75
-7467.04
-7468.34
-7469.63
-7470.92
-7472.22
-7473.51
-7474.8
-7476.1
-7477.39
-7478.68
-7479.98
-7481.27
-7482.56
-7483.86
-7485.15
-7486.45
-7487.74
-7489.03
-7490.33
-7491.62
-7492.92
-7494.21
-7495.5
-7496.8
-7498.09
-7499.39
-7500.68
-7501.97
-7503.27
-7504.56
-7505.86
-7507.15
-7508.44
-7509.74
-7511.03
-7512.33
-7513.62
-7514.92
-7516.21
-7517.51
-7518.8
-7520.09
-7521.39
-7522.68
-7523.98
-7525.27
-7526.57
-7527.86
-7529.16
-7530.45
-7531.75
-7533.04
-7534.34
-7535.63
-7536.93
-7538.22
-7539.52
-7540.81
-7542.11
-7543.4
-7544.7
-7545.99
-7547.29
-7548.58
-7549.88
-7551.17
-7552.47
-7553.77
-7555.06
-7556.36
-7557.65
-7558.95
-7560.24
-7561.54
-7562.84
-7564.13
-7565.43
-7566.72
-7568.02
-7569.31
-7570.61
-7571.91
-7573.2
-7574.5
-7575.8
-7577.09
-7578.39
-7579.68
-7580.98
-7582.28
-7583.57
-7584.87
-7586.17
-7587.46
-7588.76
-7590.06
-7591.36
-7592.65
-7593.95
-7595.25
-7596.54
-7597.84
-7599.14
-7600.44
-7601.73
-7603.03
-7604.33
-7605.63
-7606.92
-7608.22
-7609.52
-7610.82
-7612.12
-7613.42
-7614.72
-7616.01
-7617.31
-7618.61
-7619.91
-7621.21
-7622.51
-7623.81
-7625.11
-7626.41
-7627.71
-7629.01
-7630.32
-7631.62
-7632.92
-7634.23
-7635.53
-7636.84
-7638.15
-7639.47
