10.8946
10.4315
9.96834
9.50509
9.04175
8.57834
8.11483
7.65125
7.18758
6.72382
6.25998
5.79606
5.33205
4.86796
4.40378
3.93952
3.47518
3.01075
2.54624
2.08164
1.61696
1.1522
0.687348
0.222416
-0.242601
-0.707702
-1.17289
-1.63816
-2.10351
-2.56895
-3.03447
-3.50007
-3.96576
-4.43154
-4.8974
-5.36334
-5.82936
-6.29548
-6.76167
-7.22795
-7.69431
-8.16076
-8.62729
-9.0939
-9.5606
-10.0274
-10.4943
-10.9612
-11.4282
-11.8954
-12.3626
-12.8299
-13.2972
-13.7647
-14.2322
-14.6998
-15.1676
-15.6353
-16.1032
-16.5712
-17.0392
-17.5074
-17.9756
-18.4439
-18.9122
-19.3807
-19.8493
-20.3179
-20.7866
-21.2554
-21.7243
-22.1933
-22.6623
-23.1315
-23.6007
-24.07
-24.5394
-25.0089
-25.4784
-25.9481
-26.4178
-26.8876
-27.3575
-27.8275
-28.2975
-28.7677
-29.2379
-29.7082
-30.1786
-30.6491
-31.1197
-31.5903
-32.0611
-32.5319
-33.0028
-33.4738
-33.9448
-34.416
-34.8872
-35.3586
-35.83
-36.3015
-36.773
-37.2447
-37.7165
-38.1883
-38.6602
-39.1322
-39.6043
-40.0764
-40.5487
-41.021
-41.4934
-41.9659
-42.4385
-42.9112
-43.384
-43.8568
-44.3297
-44.8027
-45.2758
-45.749
-46.2222
-46.6956
-47.169
-47.6425
-48.1161
-48.5898
-49.0636
-49.5374
-50.0113
-50.4854
-50.9595
-51.4336
-51.9079
-52.3823
-52.8567
-53.3312
-53.8058
-54.2805
-54.7553
-55.2301
-55.7051
-56.1801
-56.6552
-57.1304
-57.6057
-58.081
-58.5565
-59.032
-59.5076
-59.9833
-60.4591
-60.935
-61.4109
-61.8869
-62.3631
-62.8393
-63.3156
-63.7919
-64.2684
-64.7449
-65.2215
-65.6982
-66.175
-66.6519
-67.1289
-67.6059
-68.083
-68.5602
-69.0375
-69.5149
-69.9924
-70.4699
-70.9476
-71.4253
-71.9031
-72.381
-72.8589
-73.337
-73.8151
-74.2933
-74.7716
-75.25
-75.7285
-76.207
-76.6857
-77.1644
-77.6432
-78.1221
-78.6011
-79.0801
-79.5593
-80.0385
-80.5178
-80.9972
-81.4767
-81.9563
-82.4359
-82.9156
-83.3955
-83.8754
-84.3554
-84.8354
-85.3156
-85.7958
-86.2761
-86.7565
-87.237
-87.7176
-88.1983
-88.679
-89.1598
-89.6407
-90.1217
-90.6028
-91.084
-91.5652
-92.0465
-92.528
-93.0095
-93.491
-93.9727
-94.4544
-94.9363
-95.4182
-95.9002
-96.3823
-96.8645
-97.3467
-97.8291
-98.3115
-98.794
-99.2766
-99.7592
-100.242
-100.725
-101.208
-101.691
-102.174
-102.657
-103.14
-103.624
-104.107
-104.591
-105.074
-105.558
-106.042
-106.526
-107.009
-107.493
-107.978
-108.462
-108.946
-109.43
-109.915
-110.399
-110.884
-111.369
-111.853
-112.338
-112.823
-113.308
-113.793
-114.279
-114.764
-115.249
-115.735
-116.22
-116.706
-117.192
-117.677
-118.163
-118.649
-119.135
-119.621
-120.107
-120.594
-121.08
-121.567
-122.053
-122.54
-123.026
-123.513
-124
-124.487
-124.974
-125.461
-125.948
-126.436
-126.923
-127.411
-127.898
-128.386
-128.874
-129.361
-129.849
-130.337
-130.825
-131.313
-131.802
-132.29
-132.778
-133.267
-133.755
-134.244
-134.733
-135.222
-135.71
-136.199
-136.688
-137.178
-137.667
-138.156
-138.646
-139.135
-139.625
-140.114
-140.604
-141.094
-141.584
-142.074
-142.564
-143.054
-143.544
-144.034
-144.525
-145.015
-145.506
-145.997
-146.487
-146.978
-147.469
-147.96
-148.451
-148.942
-149.434
-149.925
-150.416
-150.908
-151.399
-151.891
-152.383
-152.875
-153.367
-153.859
-154.351
-154.843
-155.335
-155.827
-156.32
-156.812
-157.305
-157.798
-158.29
-158.783
-159.276
-159.769
-160.262
-160.755
-161.249
-161.742
-162.235
-162.729
-163.223
-163.716
-164.21
-164.704
-165.198
-165.692
-166.186
-166.68
-167.174
-167.669
-168.163
-168.658
-169.152
-169.647
-170.142
-170.637
-171.132
-171.627
-172.122
-172.617
-173.112
-173.608
-174.103
-174.599
-175.094
-175.59
-176.086
-176.582
-177.077
-177.574
-178.07
-178.566
-179.062
-179.559
-180.055
-180.552
-181.048
-181.545
-182.042
-182.539
-183.035
-183.533
-184.03
-184.527
-185.024
-185.522
-186.019
-186.517
-187.014
-187.512
-188.01
-188.508
-189.006
-189.504
-190.002
-190.5
-190.998
-191.497
-191.995
-192.494
-192.992
-193.491
-193.99
-194.489
-194.988
-195.487
-195.986
-196.485
-196.984
-197.484
-197.983
-198.483
-198.983
-199.482
-199.982
-200.482
-200.982
-201.482
-201.982
-202.482
-202.983
-203.483
-203.984
-204.484
-204.985
-205.486
-205.986
-206.487
-206.988
-207.489
-207.991
-208.492
-208.993
-209.495
-209.996
-210.498
-210.999
-211.501
-212.003
-212.505
-213.007
-213.509
-214.011
-214.513
-215.016
-215.518
-216.021
-216.523
-217.026
-217.529
-218.031
-218.534
-219.037
-219.54
-220.044
-220.547
-221.05
-221.554
-222.057
-222.561
-223.064
-223.568
-224.072
-224.576
-225.08
-225.584
-226.088
-226.593
-227.097
-227.601
-228.106
-228.611
-229.115
-229.62
-230.125
-230.63
-231.135
-231.64
-232.145
-232.65
-233.156
-233.661
-234.167
-234.672
-235.178
-235.684
-236.19
-236.696
-237.202
-237.708
-238.214
-238.72
-239.227
-239.733
-240.24
-240.746
-241.253
-241.76
-242.267
-242.774
-243.281
-243.788
-244.295
-244.802
-245.31
-245.817
-246.325
-246.832
-247.34
-247.848
-248.356
-248.864
-249.372
-249.88
-250.388
-250.896
-251.405
-251.913
-252.422
-252.93
-253.439
-253.948
-254.457
-254.966
-255.475
-255.984
-256.493
-257.002
-257.512
-258.021
-258.531
-259.04
-259.55
-260.06
-260.57
-261.08
-261.59
-262.1
-262.61
-263.121
-263.631
-264.142
-264.652
-265.163
-265.673
-266.184
-266.695
-267.206
-267.717
-268.228
-268.74
-269.251
-269.762
-270.274
-270.785
-271.297
-271.809
-272.321
-272.833
-273.345
-273.857
-274.369
-274.881
-275.393
-275.906
-276.418
-276.931
-277.444
-277.956
-278.469
-278.982
-279.495
-280.008
-280.521
-281.035
-281.548
-282.061
-282.575
-283.088
-283.602
-284.116
-284.63
-285.144
-285.658
-286.172
-286.686
-287.2
-287.715
-288.229
-288.743
-289.258
-289.773
-290.287
-290.802
-291.317
-291.832
-292.347
-292.863
-293.378
-293.893
-294.409
-294.924
-295.44
-295.955
-296.471
-296.987
-297.503
-298.019
-298.535
-299.051
-299.568
-300.084
-300.6
-301.117
-301.634
-302.15
-302.667
-303.184
-303.701
-304.218
-304.735
-305.252
-305.769
-306.287
-306.804
-307.322
-307.839
-308.357
-308.875
-309.393
-309.911
-310.429
-310.947
-311.465
-311.983
-312.502
-313.02
-313.539
-314.057
-314.576
-315.095
-315.614
-316.133
-316.652
-317.171
-317.69
-318.209
-318.729
-319.248
-319.768
-320.288
-320.807
-321.327
-321.847
-322.367
-322.887
-323.407
-323.927
-324.448
-324.968
-325.488
-326.009
-326.53
-327.05
-327.571
-328.092
-328.613
-329.134
-329.655
-330.177
-330.698
-331.219
-331.741
-332.262
-332.784
-333.306
-333.827
-334.349
-334.871
-335.393
-335.916
-336.438
-336.96
-337.483
-338.005
-338.528
-339.05
-339.573
-340.096
-340.619
-341.142
-341.665
-342.188
-342.711
-343.235
-343.758
-344.281
-344.805
-345.329
-345.852
-346.376
-346.9
-347.424
-347.948
-348.472
-348.997
-349.521
-350.045
-350.57
-351.094
-351.619
-352.144
-352.669
-353.194
-353.719
-354.244
-354.769
-355.294
-355.82
-356.345
-356.87
-357.396
-357.922
-358.448
-358.973
-359.499
-360.025
-360.551
-361.078
-361.604
-362.13
-362.657
-363.183
-363.71
-364.236
-364.763
-365.29
-365.817
-366.344
-366.871
-367.398
-367.926
-368.453
-368.98
-369.508
-370.035
-370.563
-371.091
-371.619
-372.147
-372.675
-373.203
-373.731
-374.259
-374.788
-375.316
-375.845
-376.373
-376.902
-377.431
-377.96
-378.489
-379.018
-379.547
-380.076
-380.605
-381.135
-381.664
-382.194
-382.723
-383.253
-383.783
-384.313
-384.843
-385.373
-385.903
-386.433
-386.963
-387.494
-388.024
-388.555
-389.085
-389.616
-390.147
-390.678
-391.209
-391.74
-392.271
-392.802
-393.333
-393.865
-394.396
-394.928
-395.459
-395.991
-396.523
-397.055
-397.587
-398.119
-398.651
-399.183
-399.715
-400.248
-400.78
-401.313
-401.846
-402.378
-402.911
-403.444
-403.977
-404.51
-405.043
-405.576
-406.11
-406.643
-407.177
-407.71
-408.244
-408.777
-409.311
-409.845
-410.379
-410.913
-411.447
-411.982
-412.516
-413.05
-413.585
-414.119
-414.654
-415.189
-415.724
-416.259
-416.794
-417.329
-417.864
-418.399
-418.934
-419.47
-420.005
-420.541
-421.077
-421.612
-422.148
-422.684
-423.22
-423.756
-424.292
-424.828
-425.365
-425.901
-426.438
-426.974
-427.511
-428.048
-428.585
-429.122
-429.659
-430.196
-430.733
-431.27
-431.807
-432.345
-432.882
-433.42
-433.958
-434.495
-435.033
-435.571
-436.109
-436.647
-437.185
-437.724
-438.262
-438.8
-439.339
-439.878
-440.416
-440.955
-441.494
-442.033
-442.572
-443.111
-443.65
-444.189
-444.729
-445.268
-445.808
-446.347
-446.887
-447.427
-447.967
-448.507
-449.047
-449.587
-450.127
-450.667
-451.208
-451.748
-452.288
-452.829
-453.37
-453.911
-454.451
-454.992
-455.533
-456.075
-456.616
-457.157
-457.698
-458.24
-458.781
-459.323
-459.865
-460.406
-460.948
-461.49
-462.032
-462.574
-463.117
-463.659
-464.201
-464.744
-465.286
-465.829
-466.372
-466.914
-467.457
-468
-468.543
-469.086
-469.63
-470.173
-470.716
-471.26
-471.803
-472.347
-472.891
-473.434
-473.978
-474.522
-475.066
-475.611
-476.155
-476.699
-477.243
-477.788
-478.332
-478.877
-479.422
-479.967
-480.512
-481.056
-481.602
-482.147
-482.692
-483.237
-483.783
-484.328
-484.874
-485.419
-485.965
-486.511
-487.057
-487.603
-488.149
-488.695
-489.241
-489.787
-490.334
-490.88
-491.427
-491.974
-492.52
-493.067
-493.614
-494.161
-494.708
-495.255
-495.802
-496.35
-496.897
-497.445
-497.992
-498.54
-499.088
-499.635
-500.183
-500.731
-501.279
-501.828
-502.376
-502.924
-503.473
-504.021
-504.57
-505.118
-505.667
-506.216
-506.765
-507.314
-507.863
-508.412
-508.961
-509.511
-510.06
-510.61
-511.159
-511.709
-512.259
-512.808
-513.358
-513.908
-514.458
-515.009
-515.559
-516.109
-516.66
-517.21
-517.761
-518.311
-518.862
-519.413
-519.964
-520.515
-521.066
-521.617
-522.169
-522.72
-523.271
-523.823
-524.374
-524.926
-525.478
-526.03
-526.582
-527.134
-527.686
-528.238
-528.79
-529.343
-529.895
-530.448
-531
-531.553
-532.106
-532.658
-533.211
-533.764
-534.318
-534.871
-535.424
-535.977
-536.531
-537.084
-537.638
-538.192
-538.745
-539.299
-539.853
-540.407
-540.961
-541.516
-542.07
-542.624
-543.179
-543.733
-544.288
-544.842
-545.397
-545.952
-546.507
-547.062
-547.617
-548.172
-548.728
-549.283
-549.839
-550.394
-550.95
-551.505
-552.061
-552.617
-553.173
-553.729
-554.285
-554.841
-555.398
-555.954
-556.511
-557.067
-557.624
-558.18
-558.737
-559.294
-559.851
-560.408
-560.965
-561.522
-562.08
-562.637
-563.195
-563.752
-564.31
-564.868
-565.425
-565.983
-566.541
-567.099
-567.657
-568.216
-568.774
-569.332
-569.891
-570.449
-571.008
-571.567
-572.126
-572.684
-573.243
-573.802
-574.362
-574.921
-575.48
-576.04
-576.599
-577.159
-577.718
-578.278
-578.838
-579.398
-579.958
-580.518
-581.078
-581.638
-582.198
-582.759
-583.319
-583.88
-584.441
-585.001
-585.562
-586.123
-586.684
-587.245
-587.806
-588.367
-588.929
-589.49
-590.052
-590.613
-591.175
-591.737
-592.298
-592.86
-593.422
-593.984
-594.547
-595.109
-595.671
-596.234
-596.796
-597.359
-597.921
-598.484
-599.047
-599.61
-600.173
-600.736
-601.299
-601.862
-602.426
-602.989
-603.553
-604.116
-604.68
-605.244
-605.807
-606.371
-606.935
-607.499
-608.064
-608.628
-609.192
-609.757
-610.321
-610.886
-611.45
-612.015
-612.58
-613.145
-613.71
-614.275
-614.84
-615.406
-615.971
-616.536
-617.102
-617.667
-618.233
-618.799
-619.365
-619.931
-620.497
-621.063
-621.629
-622.195
-622.762
-623.328
-623.895
-624.461
-625.028
-625.595
-626.161
-626.728
-627.295
-627.862
-628.43
-628.997
-629.564
-630.132
-630.699
-631.267
-631.835
-632.402
-632.97
-633.538
-634.106
-634.674
-635.243
-635.811
-636.379
-636.948
-637.516
-638.085
-638.653
-639.222
-639.791
-640.36
-640.929
-641.498
-642.067
-642.637
-643.206
-643.776
-644.345
-644.915
-645.484
-646.054
-646.624
-647.194
-647.764
-648.334
-648.904
-649.475
-650.045
-650.615
-651.186
-651.757
-652.327
-652.898
-653.469
-654.04
-654.611
-655.182
-655.753
-656.325
-656.896
-657.468
-658.039
-658.611
-659.182
-659.754
-660.326
-660.898
-661.47
-662.042
-662.614
-663.187
-663.759
-664.332
-664.904
-665.477
-666.05
-666.622
-667.195
-667.768
-668.341
-668.914
-669.488
-670.061
-670.634
-671.208
-671.781
-672.355
-672.929
-673.503
-674.076
-674.65
-675.225
-675.799
-676.373
-676.947
-677.522
-678.096
-678.671
-679.245
-679.82
-680.395
-680.97
-681.545
-682.12
-682.695
-683.27
-683.845
-684.421
-684.996
-685.572
-686.148
-686.723
-687.299
-687.875
-688.451
-689.027
-689.603
-690.18
-690.756
-691.332
-691.909
-692.485
-693.062
-693.639
-694.216
-694.792
-695.369
-695.947
-696.524
-697.101
-697.678
-698.256
-698.833
-699.411
-699.988
-700.566
-701.144
-701.722
-702.3
-702.878
-703.456
-704.034
-704.613
-705.191
-705.77
-706.348
-706.927
-707.506
-708.085
-708.663
-709.242
-709.822
-710.401
-710.98
-711.559
-712.139
-712.718
-713.298
-713.878
-714.457
-715.037
-715.617
-716.197
-716.777
-717.357
-717.938
-718.518
-719.098
-719.679
-720.26
-720.84
-721.421
-722.002
-722.583
-723.164
-723.745
-724.326
-724.907
-725.489
-726.07
-726.652
-727.233
-727.815
-728.397
-728.979
-729.56
-730.142
-730.725
-731.307
-731.889
-732.471
-733.054
-733.636
-734.219
-734.802
-735.384
-735.967
-736.55
-737.133
-737.716
-738.3
-738.883
-739.466
-740.05
-740.633
-741.217
-741.801
-742.384
-742.968
-743.552
-744.136
-744.72
-745.304
-745.889
-746.473
-747.058
-747.642
-748.227
-748.811
-749.396
-749.981
-750.566
-751.151
-751.736
-752.321
-752.907
-753.492
-754.077
-754.663
-755.249
-755.834
-756.42
-757.006
-757.592
-758.178
-758.764
-759.35
-759.937
-760.523
-761.109
-761.696
-762.283
-762.869
-763.456
-764.043
-764.63
-765.217
-765.804
-766.391
-766.979
-767.566
-768.154
-768.741
-769.329
-769.916
-770.504
-771.092
-771.68
-772.268
-772.856
-773.445
-774.033
-774.621
-775.21
-775.798
-776.387
-776.976
-777.564
-778.153
-778.742
-779.331
-779.92
-780.51
-781.099
-781.688
-782.278
-782.867
-783.457
-784.047
-784.637
-785.227
-785.817
-786.407
-786.997
-787.587
-788.177
-788.768
-789.358
-789.949
-790.539
-791.13
-791.721
-792.312
-792.903
-793.494
-794.085
-794.676
-795.268
-795.859
-796.45
-797.042
-797.634
-798.225
-798.817
-799.409
-800.001
-800.593
-801.185
-801.778
-802.37
-802.962
-803.555
-804.147
-804.74
-805.333
-805.926
-806.519
-807.112
-807.705
-808.298
-808.891
-809.484
-810.078
-810.671
-811.265
-811.859
-812.452
-813.046
-813.64
-814.234
-814.828
-815.422
-816.017
-816.611
-817.205
-817.8
-818.394
-818.989
-819.584
-820.179
-820.774
-821.369
-821.964
-822.559
-823.154
-823.749
-824.345
-824.94
-825.536
-826.132
-826.727
-827.323
-827.919
-828.515
-829.111
-829.707
-830.304
-830.9
-831.496
-832.093
-832.69
-833.286
-833.883
-834.48
-835.077
-835.674
-836.271
-836.868
-837.465
-838.063
-838.66
-839.258
-839.855
-840.453
-841.051
-841.649
-842.246
-842.844
-843.443
-844.041
-844.639
-845.237
-845.836
-846.434
-847.033
-847.632
-848.23
-848.829
-849.428
-850.027
-850.626
-851.226
-851.825
-852.424
-853.024
-853.623
-854.223
-854.822
-855.422
-856.022
-856.622
-857.222
-857.822
-858.422
-859.023
-859.623
-860.223
-860.824
-861.425
-862.025
-862.626
-863.227
-863.828
-864.429
-865.03
-865.631
-866.233
-866.834
-867.435
-868.037
-868.639
-869.24
-869.842
-870.444
-871.046
-871.648
-872.25
-872.852
-873.454
-874.057
-874.659
-875.262
-875.864
-876.467
-877.07
-877.673
-878.276
-878.879
-879.482
-880.085
-880.688
-881.292
-881.895
-882.499
-883.102
-883.706
-884.31
-884.914
-885.518
-886.122
-886.726
-887.33
-887.935
-888.539
-889.143
-889.748
-890.353
-890.957
-891.562
-892.167
-892.772
-893.377
-893.982
-894.587
-895.193
-895.798
-896.404
-897.009
-897.615
-898.22
-898.826
-899.432
-900.038
-900.644
-901.25
-901.857
-902.463
-903.069
-903.676
-904.282
-904.889
-905.496
-906.102
-906.709
-907.316
-907.923
-908.531
-909.138
-909.745
-910.352
-910.96
-911.568
-912.175
-912.783
-913.391
-913.999
-914.607
-915.215
-915.823
-916.431
-917.039
-917.648
-918.256
-918.865
-919.473
-920.082
-920.691
-921.3
-921.909
-922.518
-923.127
-923.736
-924.346
-924.955
-925.565
-926.174
-926.784
-927.394
-928.003
-928.613
-929.223
-929.833
-930.444
-931.054
-931.664
-932.275
-932.885
-933.496
-934.106
-934.717
-935.328
-935.939
-936.55
-937.161
-937.772
-938.383
-938.995
-939.606
-940.217
-940.829
-941.441
-942.052
-942.664
-943.276
-943.888
-944.5
-945.113
-945.725
-946.337
-946.95
-947.562
-948.175
-948.787
-949.4
-950.013
-950.626
-951.239
-951.852
-952.465
-953.078
-953.692
-954.305
-954.919
-955.532
-956.146
-956.76
-957.373
-957.987
-958.601
-959.215
-959.83
-960.444
-961.058
-961.673
-962.287
-962.902
-963.517
-964.131
-964.746
-965.361
-965.976
-966.591
-967.206
-967.822
-968.437
-969.052
-969.668
-970.284
-970.899
-971.515
-972.131
-972.747
-973.363
-973.979
-974.595
-975.211
-975.828
-976.444
-977.061
-977.677
-978.294
-978.911
-979.528
-980.145
-980.762
-981.379
-981.996
-982.613
-983.23
-983.848
-984.465
-985.083
-985.701
-986.319
-986.936
-987.554
-988.172
-988.79
-989.409
-990.027
-990.645
-991.264
-991.882
-992.501
-993.12
-993.738
-994.357
-994.976
-995.595
-996.214
-996.834
-997.453
-998.072
-998.692
-999.311
-999.931
-1000.55
-1001.17
-1001.79
-1002.41
-1003.03
-1003.65
-1004.27
-1004.89
-1005.51
-1006.13
-1006.75
-1007.37
-1007.99
-1008.61
-1009.24
-1009.86
-1010.48
-1011.1
-1011.72
-1012.34
-1012.96
-1013.58
-1014.21
-1014.83
-1015.45
-1016.07
-1016.69
-1017.31
-1017.94
-1018.56
-1019.18
-1019.8
-1020.43
-1021.05
-1021.67
-1022.29
-1022.92
-1023.54
-1024.16
-1024.78
-1025.41
-1026.03
-1026.65
-1027.28
-1027.9
-1028.52
-1029.15
-1029.77
-1030.39
-1031.02
-1031.64
-1032.27
-1032.89
-1033.51
-1034.14
-1034.76
-1035.39
-1036.01
-1036.64
-1037.26
-1037.89
-1038.51
-1039.14
-1039.76
-1040.39
-1041.01
-1041.64
-1042.26
-1042.89
-1043.51
-1044.14
-1044.76
-1045.39
-1046.01
-1046.64
-1047.27
-1047.89
-1048.52
-1049.15
-1049.77
-1050.4
-1051.02
-1051.65
-1052.28
-1052.9
-1053.53
-1054.16
-1054.79
-1055.41
-1056.04
-1056.67
-1057.29
-1057.92
-1058.55
-1059.18
-1059.8
-1060.43
-1061.06
-1061.69
-1062.32
-1062.94
-1063.57
-1064.2
-1064.83
-1065.46
-1066.09
-1066.71
-1067.34
-1067.97
-1068.6
-1069.23
-1069.86
-1070.49
-1071.12
-1071.75
-1072.37
-1073
-1073.63
-1074.26
-1074.89
-1075.52
-1076.15
-1076.78
-1077.41
-1078.04
-1078.67
-1079.3
-1079.93
-1080.56
-1081.19
-1081.82
-1082.46
-1083.09
-1083.72
-1084.35
-1084.98
-1085.61
-1086.24
-1086.87
-1087.5
-1088.14
-1088.77
-1089.4
-1090.03
-1090.66
-1091.29
-1091.93
-1092.56
-1093.19
-1093.82
-1094.45
-1095.09
-1095.72
-1096.35
-1096.98
-1097.62
-1098.25
-1098.88
-1099.52
-1100.15
-1100.78
-1101.41
-1102.05
-1102.68
-1103.31
-1103.95
-1104.58
-1105.22
-1105.85
-1106.48
-1107.12
-1107.75
-1108.38
-1109.02
-1109.65
-1110.29
-1110.92
-1111.56
-1112.19
-1112.83
-1113.46
-1114.1
-1114.73
-1115.37
-1116
-1116.64
-1117.27
-1117.91
-1118.54
-1119.18
-1119.81
-1120.45
-1121.08
-1121.72
-1122.36
-1122.99
-1123.63
-1124.26
-1124.9
-1125.54
-1126.17
-1126.81
-1127.45
-1128.08
-1128.72
-1129.36
-1129.99
-1130.63
-1131.27
-1131.91
-1132.54
-1133.18
-1133.82
-1134.45
-1135.09
-1135.73
-1136.37
-1137.01
-1137.64
-1138.28
-1138.92
-1139.56
-1140.2
-1140.83
-1141.47
-1142.11
-1142.75
-1143.39
-1144.03
-1144.67
-1145.31
-1145.94
-1146.58
-1147.22
-1147.86
-1148.5
-1149.14
-1149.78
-1150.42
-1151.06
-1151.7
-1152.34
-1152.98
-1153.62
-1154.26
-1154.9
-1155.54
-1156.18
-1156.82
-1157.46
-1158.1
-1158.74
-1159.38
-1160.02
-1160.67
-1161.31
-1161.95
-1162.59
-1163.23
-1163.87
-1164.51
-1165.15
-1165.8
-1166.44
-1167.08
-1167.72
-1168.36
-1169.01
-1169.65
-1170.29
-1170.93
-1171.57
-1172.22
-1172.86
-1173.5
-1174.15
-1174.79
-1175.43
-1176.07
-1176.72
-1177.36
-1178
-1178.65
-1179.29
-1179.93
-1180.58
-1181.22
-1181.86
-1182.51
-1183.15
-1183.8
-1184.44
-1185.08
-1185.73
-1186.37
-1187.02
-1187.66
-1188.31
-1188.95
-1189.6
-1190.24
-1190.89
-1191.53
-1192.18
-1192.82
-1193.47
-1194.11
-1194.76
-1195.4
-1196.05
-1196.69
-1197.34
-1197.98
-1198.63
-1199.28
-1199.92
-1200.57
-1201.22
-1201.86
-1202.51
-1203.15
-1203.8
-1204.45
-1205.09
-1205.74
-1206.39
-1207.04
-1207.68
-1208.33
-1208.98
-1209.62
-1210.27
-1210.92
-1211.57
-1212.21
-1212.86
-1213.51
-1214.16
-1214.81
-1215.45
-1216.1
-1216.75
-1217.4
-1218.05
-1218.7
-1219.34
-1219.99
-1220.64
-1221.29
-1221.94
-1222.59
-1223.24
-1223.89
-1224.54
-1225.18
-1225.83
-1226.48
-1227.13
-1227.78
-1228.43
-1229.08
-1229.73
-1230.38
-1231.03
-1231.68
-1232.33
-1232.98
-1233.63
-1234.28
-1234.93
-1235.59
-1236.24
-1236.89
-1237.54
-1238.19
-1238.84
-1239.49
-1240.14
-1240.79
-1241.45
-1242.1
-1242.75
-1243.4
-1244.05
-1244.7
-1245.36
-1246.01
-1246.66
-1247.31
-1247.96
-1248.62
-1249.27
-1249.92
-1250.57
-1251.23
-1251.88
-1252.53
-1253.19
-1253.84
-1254.49
-1255.14
-1255.8
-1256.45
-1257.1
-1257.76
-1258.41
-1259.07
-1259.72
-1260.37
-1261.03
-1261.68
-1262.33
-1262.99
-1263.64
-1264.3
-1264.95
-1265.61
-1266.26
-1266.92
-1267.57
-1268.23
-1268.88
-1269.54
-1270.19
-1270.85
-1271.5
-1272.16
-1272.81
-1273.47
-1274.12
-1274.78
-1275.43
-1276.09
-1276.75
-1277.4
-1278.06
-1278.71
-1279.37
-1280.03
-1280.68
-1281.34
-1282
-1282.65
-1283.31
-1283.97
-1284.62
-1285.28
-1285.94
-1286.6
-1287.25
-1287.91
-1288.57
-1289.23
-1289.88
-1290.54
-1291.2
-1291.86
-1292.51
-1293.17
-1293.83
-1294.49
-1295.15
-1295.81
-1296.46
-1297.12
-1297.78
-1298.44
-1299.1
-1299.76
-1300.42
-1301.08
-1301.73
-1302.39
-1303.05
-1303.71
-1304.37
-1305.03
-1305.69
-1306.35
-1307.01
-1307.67
-1308.33
-1308.99
-1309.65
-1310.31
-1310.97
-1311.63
-1312.29
-1312.95
-1313.61
-1314.27
-1314.93
-1315.6
-1316.26
-1316.92
-1317.58
-1318.24
-1318.9
-1319.56
-1320.22
-1320.89
-1321.55
-1322.21
-1322.87
-1323.53
-1324.19
-1324.86
-1325.52
-1326.18
-1326.84
-1327.51
-1328.17
-1328.83
-1329.49
-1330.16
-1330.82
-1331.48
-1332.14
-1332.81
-1333.47
-1334.13
-1334.8
-1335.46
-1336.12
-1336.79
-1337.45
-1338.12
-1338.78
-1339.44
-1340.11
-1340.77
-1341.43
-1342.1
-1342.76
-1343.43
-1344.09
-1344.76
-1345.42
-1346.09
-1346.75
-1347.42
-1348.08
-1348.75
-1349.41
-1350.08
-1350.74
-1351.41
-1352.07
-1352.74
-1353.4
-1354.07
-1354.74
-1355.4
-1356.07
-1356.73
-1357.4
-1358.07
-1358.73
-1359.4
-1360.07
-1360.73
-1361.4
-1362.07
-1362.73
-1363.4
-1364.07
-1364.73
-1365.4
-1366.07
-1366.73
-1367.4
-1368.07
-1368.74
-1369.4
-1370.07
-1370.74
-1371.41
-1372.08
-1372.74
-1373.41
-1374.08
-1374.75
-1375.42
-1376.09
-1376.75
-1377.42
-1378.09
-1378.76
-1379.43
-1380.1
-1380.77
-1381.44
-1382.11
-1382.78
-1383.44
-1384.11
-1384.78
-1385.45
-1386.12
-1386.79
-1387.46
-1388.13
-1388.8
-1389.47
-1390.14
-1390.81
-1391.48
-1392.16
-1392.83
-1393.5
-1394.17
-1394.84
-1395.51
-1396.18
-1396.85
-1397.52
-1398.19
-1398.86
-1399.54
-1400.21
-1400.88
-1401.55
-1402.22
-1402.89
-1403.57
-1404.24
-1404.91
-1405.58
-1406.26
-1406.93
-1407.6
-1408.27
-1408.94
-1409.62
-1410.29
-1410.96
-1411.64
-1412.31
-1412.98
-1413.66
-1414.33
-1415
-1415.68
-1416.35
-1417.02
-1417.7
-1418.37
-1419.04
-1419.72
-1420.39
-1421.07
-1421.74
-1422.41
-1423.09
-1423.76
-1424.44
-1425.11
-1425.79
-1426.46
-1427.14
-1427.81
-1428.49
-1429.16
-1429.84
-1430.51
-1431.19
-1431.86
-1432.54
-1433.21
-1433.89
-1434.57
-1435.24
-1435.92
-1436.59
-1437.27
-1437.95
-1438.62
-1439.3
-1439.98
-1440.65
-1441.33
-1442.01
-1442.68
-1443.36
-1444.04
-1444.71
-1445.39
-1446.07
-1446.74
-1447.42
-1448.1
-1448.78
-1449.45
-1450.13
-1450.81
-1451.49
-1452.17
-1452.84
-1453.52
-1454.2
-1454.88
-1455.56
-1456.24
-1456.91
-1457.59
-1458.27
-1458.95
-1459.63
-1460.31
-1460.99
-1461.67
-1462.35
-1463.02
-1463.7
-1464.38
-1465.06
-1465.74
-1466.42
-1467.1
-1467.78
-1468.46
-1469.14
-1469.82
-1470.5
-1471.18
-1471.86
-1472.54
-1473.22
-1473.9
-1474.59
-1475.27
-1475.95
-1476.63
-1477.31
-1477.99
-1478.67
-1479.35
-1480.03
-1480.72
-1481.4
-1482.08
-1482.76
-1483.44
-1484.12
-1484.81
-1485.49
-1486.17
-1486.85
-1487.53
-1488.22
-1488.9
-1489.58
-1490.27
-1490.95
-1491.63
-1492.31
-1493
-1493.68
-1494.36
-1495.05
-1495.73
-1496.41
-1497.1
-1497.78
-1498.46
-1499.15
-1499.83
-1500.51
-1501.2
-1501.88
-1502.57
-1503.25
-1503.94
-1504.62
-1505.3
-1505.99
-1506.67
-1507.36
-1508.04
-1508.73
-1509.41
-1510.1
-1510.78
-1511.47
-1512.15
-1512.84
-1513.53
-1514.21
-1514.9
-1515.58
-1516.27
-1516.95
-1517.64
-1518.33
-1519.01
-1519.7
-1520.38
-1521.07
-1521.76
-1522.44
-1523.13
-1523.82
-1524.5
-1525.19
-1525.88
-1526.57
-1527.25
-1527.94
-1528.63
-1529.31
-1530
-1530.69
-1531.38
-1532.07
-1532.75
-1533.44
-1534.13
-1534.82
-1535.51
-1536.19
-1536.88
-1537.57
-1538.26
-1538.95
-1539.64
-1540.32
-1541.01
-1541.7
-1542.39
-1543.08
-1543.77
-1544.46
-1545.15
-1545.84
-1546.53
-1547.22
-1547.91
-1548.6
-1549.29
-1549.98
-1550.67
-1551.36
-1552.05
-1552.74
-1553.43
-1554.12
-1554.81
-1555.5
-1556.19
-1556.88
-1557.57
-1558.26
-1558.95
-1559.64
-1560.34
-1561.03
-1561.72
-1562.41
-1563.1
-1563.79
-1564.48
-1565.18
-1565.87
-1566.56
-1567.25
-1567.94
-1568.64
-1569.33
-1570.02
-1570.71
-1571.41
-1572.1
-1572.79
-1573.48
-1574.18
-1574.87
-1575.56
-1576.26
-1576.95
-1577.64
-1578.34
-1579.03
-1579.72
-1580.42
-1581.11
-1581.8
-1582.5
-1583.19
-1583.89
-1584.58
-1585.27
-1585.97
-1586.66
-1587.36
-1588.05
-1588.75
-1589.44
-1590.14
-1590.83
-1591.53
-1592.22
-1592.92
-1593.61
-1594.31
-1595
-1595.7
-1596.39
-1597.09
-1597.78
-1598.48
-1599.18
-1599.87
-1600.57
-1601.26
-1601.96
-1602.66
-1603.35
-1604.05
-1604.75
-1605.44
-1606.14
-1606.84
-1607.53
-1608.23
-1608.93
-1609.62
-1610.32
-1611.02
-1611.72
-1612.41
-1613.11
-1613.81
-1614.51
-1615.2
-1615.9
-1616.6
-1617.3
-1618
-1618.69
-1619.39
-1620.09
-1620.79
-1621.49
-1622.19
-1622.89
-1623.58
-1624.28
-1624.98
-1625.68
-1626.38
-1627.08
-1627.78
-1628.48
-1629.18
-1629.88
-1630.58
-1631.28
-1631.98
-1632.68
-1633.38
-1634.08
-1634.78
-1635.48
-1636.18
-1636.88
-1637.58
-1638.28
-1638.98
-1639.68
-1640.38
-1641.08
-1641.78
-1642.48
-1643.19
-1643.89
-1644.59
-1645.29
-1645.99
-1646.69
-1647.39
-1648.1
-1648.8
-1649.5
-1650.2
-1650.9
-1651.61
-1652.31
-1653.01
-1653.71
-1654.42
-1655.12
-1655.82
-1656.52
-1657.23
-1657.93
-1658.63
-1659.34
-1660.04
-1660.74
-1661.45
-1662.15
-1662.85
-1663.56
-1664.26
-1664.96
-1665.67
-1666.37
-1667.08
-1667.78
-1668.48
-1669.19
-1669.89
-1670.6
-1671.3
-1672.01
-1672.71
-1673.42
-1674.12
-1674.83
-1675.53
-1676.24
-1676.94
-1677.65
-1678.35
-1679.06
-1679.76
-1680.47
-1681.17
-1681.88
-1682.59
-1683.29
-1684
-1684.7
-1685.41
-1686.12
-1686.82
-1687.53
-1688.23
-1688.94
-1689.65
-1690.36
-1691.06
-1691.77
-1692.48
-1693.18
-1693.89
-1694.6
-1695.3
-1696.01
-1696.72
-1697.43
-1698.14
-1698.84
-1699.55
-1700.26
-1700.97
-1701.68
-1702.38
-1703.09
-1703.8
-1704.51
-1705.22
-1705.93
-1706.63
-1707.34
-1708.05
-1708.76
-1709.47
-1710.18
-1710.89
-1711.6
-1712.31
-1713.02
-1713.73
-1714.44
-1715.15
-1715.86
-1716.57
-1717.28
-1717.99
-1718.7
-1719.41
-1720.12
-1720.83
-1721.54
-1722.25
-1722.96
-1723.67
-1724.38
-1725.09
-1725.8
-1726.51
-1727.22
-1727.93
-1728.65
-1729.36
-1730.07
-1730.78
-1731.49
-1732.2
-1732.92
-1733.63
-1734.34
-1735.05
-1735.76
-1736.48
-1737.19
-1737.9
-1738.61
-1739.33
-1740.04
-1740.75
-1741.46
-1742.18
-1742.89
-1743.6
-1744.32
-1745.03
-1745.74
-1746.46
-1747.17
-1747.88
-1748.6
-1749.31
-1750.02
-1750.74
-1751.45
-1752.17
-1752.88
-1753.59
-1754.31
-1755.02
-1755.74
-1756.45
-1757.17
-1757.88
-1758.6
-1759.31
-1760.03
-1760.74
-1761.46
-1762.17
-1762.89
-1763.6
-1764.32
-1765.03
-1765.75
-1766.47
-1767.18
-1767.9
-1768.61
-1769.33
-1770.05
-1770.76
-1771.48
-1772.19
-1772.91
-1773.63
-1774.34
-1775.06
-1775.78
-1776.5
-1777.21
-1777.93
-1778.65
-1779.36
-1780.08
-1780.8
-1781.52
-1782.23
-1782.95
-1783.67
-1784.39
-1785.11
-1785.82
-1786.54
-1787.26
-1787.98
-1788.7
-1789.41
-1790.13
-1790.85
-1791.57
-1792.29
-1793.01
-1793.73
-1794.45
-1795.17
-1795.88
-1796.6
-1797.32
-1798.04
-1798.76
-1799.48
-1800.2
-1800.92
-1801.64
-1802.36
-1803.08
-1803.8
-1804.52
-1805.24
-1805.96
-1806.68
-1807.4
-1808.12
-1808.84
-1809.57
-1810.29
-1811.01
-1811.73
-1812.45
-1813.17
-1813.89
-1814.61
-1815.33
-1816.06
-1816.78
-1817.5
-1818.22
-1818.94
-1819.67
-1820.39
-1821.11
-1821.83
-1822.55
-1823.28
-1824
-1824.72
-1825.44
-1826.17
-1826.89
-1827.61
-1828.34
-1829.06
-1829.78
-1830.5
-1831.23
-1831.95
-1832.68
-1833.4
-1834.12
-1834.85
-1835.57
-1836.29
-1837.02
-1837.74
-1838.47
-1839.19
-1839.91
-1840.64
-1841.36
-1842.09
-1842.81
-1843.54
-1844.26
-1844.99
-1845.71
-1846.44
-1847.16
-1847.89
-1848.61
-1849.34
-1850.06
-1850.79
-1851.52
-1852.24
-1852.97
-1853.69
-1854.42
-1855.14
-1855.87
-1856.6
-1857.32
-1858.05
-1858.78
-1859.5
-1860.23
-1860.96
-1861.68
-1862.41
-1863.14
-1863.86
-1864.59
-1865.32
-1866.05
-1866.77
-1867.5
-1868.23
-1868.96
-1869.68
-1870.41
-1871.14
-1871.87
-1872.6
-1873.32
-1874.05
-1874.78
-1875.51
-1876.24
-1876.97
-1877.7
-1878.42
-1879.15
-1879.88
-1880.61
-1881.34
-1882.07
-1882.8
-1883.53
-1884.26
-1884.99
-1885.72
-1886.45
-1887.18
-1887.91
-1888.64
-1889.37
-1890.1
-1890.83
-1891.56
-1892.29
-1893.02
-1893.75
-1894.48
-1895.21
-1895.94
-1896.67
-1897.4
-1898.13
-1898.86
-1899.6
-1900.33
-1901.06
-1901.79
-1902.52
-1903.25
-1903.98
-1904.72
-1905.45
-1906.18
-1906.91
-1907.64
-1908.38
-1909.11
-1909.84
-1910.57
-1911.31
-1912.04
-1912.77
-1913.5
-1914.24
-1914.97
-1915.7
-1916.44
-1917.17
-1917.9
-1918.64
-1919.37
-1920.1
-1920.84
-1921.57
-1922.3
-1923.04
-1923.77
-1924.51
-1925.24
-1925.98
-1926.71
-1927.44
-1928.18
-1928.91
-1929.65
-1930.38
-1931.12
-1931.85
-1932.59
-1933.32
-1934.06
-1934.79
-1935.53
-1936.26
-1937
-1937.73
-1938.47
-1939.21
-1939.94
-1940.68
-1941.41
-1942.15
-1942.89
-1943.62
-1944.36
-1945.1
-1945.83
-1946.57
-1947.31
-1948.04
-1948.78
-1949.52
-1950.25
-1950.99
-1951.73
-1952.46
-1953.2
-1953.94
-1954.68
-1955.41
-1956.15
-1956.89
-1957.63
-1958.37
-1959.1
-1959.84
-1960.58
-1961.32
-1962.06
-1962.8
-1963.53
-1964.27
-1965.01
-1965.75
-1966.49
-1967.23
-1967.97
-1968.71
-1969.44
-1970.18
-1970.92
-1971.66
-1972.4
-1973.14
-1973.88
-1974.62
-1975.36
-1976.1
-1976.84
-1977.58
-1978.32
-1979.06
-1979.8
-1980.54
-1981.28
-1982.02
-1982.77
-1983.51
-1984.25
-1984.99
-1985.73
-1986.47
-1987.21
-1987.95
-1988.69
-1989.44
-1990.18
-1990.92
-1991.66
-1992.4
-1993.14
-1993.89
-1994.63
-1995.37
-1996.11
-1996.85
-1997.6
-1998.34
-1999.08
-1999.83
-2000.57
-2001.31
-2002.05
-2002.8
-2003.54
-2004.28
-2005.03
-2005.77
-2006.51
-2007.26
-2008
-2008.74
-2009.49
-2010.23
-2010.98
-2011.72
-2012.46
-2013.21
-2013.95
-2014.7
-2015.44
-2016.18
-2016.93
-2017.67
-2018.42
-2019.16
-2019.91
-2020.65
-2021.4
-2022.14
-2022.89
-2023.63
-2024.38
-2025.13
-2025.87
-2026.62
-2027.36
-2028.11
-2028.85
-2029.6
-2030.35
-2031.09
-2031.84
-2032.59
-2033.33
-2034.08
-2034.83
-2035.57
-2036.32
-2037.07
-2037.81
-2038.56
-2039.31
-2040.05
-2040.8
-2041.55
-2042.3
-2043.04
-2043.79
-2044.54
-2045.29
-2046.03
-2046.78
-2047.53
-2048.28
-2049.03
-2049.78
-2050.52
-2051.27
-2052.02
-2052.77
-2053.52
-2054.27
-2055.02
-2055.77
-2056.51
-2057.26
-2058.01
-2058.76
-2059.51
-2060.26
-2061.01
-2061.76
-2062.51
-2063.26
-2064.01
-2064.76
-2065.51
-2066.26
-2067.01
-2067.76
-2068.51
-2069.26
-2070.01
-2070.76
-2071.51
-2072.26
-2073.01
-2073.77
-2074.52
-2075.27
-2076.02
-2076.77
-2077.52
-2078.27
-2079.03
-2079.78
-2080.53
-2081.28
-2082.03
-2082.78
-2083.54
-2084.29
-2085.04
-2085.79
-2086.55
-2087.3
-2088.05
-2088.8
-2089.56
-2090.31
-2091.06
-2091.82
-2092.57
-2093.32
-2094.08
-2094.83
-2095.58
-2096.34
-2097.09
-2097.84
-2098.6
-2099.35
-2100.1
-2100.86
-2101.61
-2102.37
-2103.12
-2103.88
-2104.63
-2105.38
-2106.14
-2106.89
-2107.65
-2108.4
-2109.16
-2109.91
-2110.67
-2111.42
-2112.18
-2112.93
-2113.69
-2114.45
-2115.2
-2115.96
-2116.71
-2117.47
-2118.22
-2118.98
-2119.74
-2120.49
-2121.25
-2122.01
-2122.76
-2123.52
-2124.28
-2125.03
-2125.79
-2126.55
-2127.3
-2128.06
-2128.82
-2129.57
-2130.33
-2131.09
-2131.85
-2132.6
-2133.36
-2134.12
-2134.88
-2135.64
-2136.39
-2137.15
-2137.91
-2138.67
-2139.43
-2140.19
-2140.94
-2141.7
-2142.46
-2143.22
-2143.98
-2144.74
-2145.5
-2146.26
-2147.02
-2147.77
-2148.53
-2149.29
-2150.05
-2150.81
-2151.57
-2152.33
-2153.09
-2153.85
-2154.61
-2155.37
-2156.13
-2156.89
-2157.65
-2158.41
-2159.17
-2159.93
-2160.7
-2161.46
-2162.22
-2162.98
-2163.74
-2164.5
-2165.26
-2166.02
-2166.78
-2167.55
-2168.31
-2169.07
-2169.83
-2170.59
-2171.35
-2172.12
-2172.88
-2173.64
-2174.4
-2175.16
-2175.93
-2176.69
-2177.45
-2178.22
-2178.98
-2179.74
-2180.5
-2181.27
-2182.03
-2182.79
-2183.56
-2184.32
-2185.08
-2185.85
-2186.61
-2187.37
-2188.14
-2188.9
-2189.67
-2190.43
-2191.19
-2191.96
-2192.72
-2193.49
-2194.25
-2195.02
-2195.78
-2196.54
-2197.31
-2198.07
-2198.84
-2199.6
-2200.37
-2201.13
-2201.9
-2202.66
-2203.43
-2204.2
-2204.96
-2205.73
-2206.49
-2207.26
-2208.02
-2208.79
-2209.56
-2210.32
-2211.09
-2211.86
-2212.62
-2213.39
-2214.16
-2214.92
-2215.69
-2216.46
-2217.22
-2217.99
-2218.76
-2219.52
-2220.29
-2221.06
-2221.83
-2222.59
-2223.36
-2224.13
-2224.9
-2225.67
-2226.43
-2227.2
-2227.97
-2228.74
-2229.51
-2230.27
-2231.04
-2231.81
-2232.58
-2233.35
-2234.12
-2234.89
-2235.66
-2236.43
-2237.19
-2237.96
-2238.73
-2239.5
-2240.27
-2241.04
-2241.81
-2242.58
-2243.35
-2244.12
-2244.89
-2245.66
-2246.43
-2247.2
-2247.97
-2248.74
-2249.51
-2250.28
-2251.05
-2251.82
-2252.6
-2253.37
-2254.14
-2254.91
-2255.68
-2256.45
-2257.22
-2257.99
-2258.77
-2259.54
-2260.31
-2261.08
-2261.85
-2262.62
-2263.4
-2264.17
-2264.94
-2265.71
-2266.49
-2267.26
-2268.03
-2268.8
-2269.58
-2270.35
-2271.12
-2271.9
-2272.67
-2273.44
-2274.21
-2274.99
-2275.76
-2276.54
-2277.31
-2278.08
-2278.86
-2279.63
-2280.4
-2281.18
-2281.95
-2282.73
-2283.5
-2284.27
-2285.05
-2285.82
-2286.6
-2287.37
-2288.15
-2288.92
-2289.7
-2290.47
-2291.25
-2292.02
-2292.8
-2293.57
-2294.35
-2295.12
-2295.9
-2296.68
-2297.45
-2298.23
-2299
-2299.78
-2300.56
-2301.33
-2302.11
-2302.88
-2303.66
-2304.44
-2305.21
-2305.99
-2306.77
-2307.54
-2308.32
-2309.1
-2309.88
-2310.65
-2311.43
-2312.21
-2312.99
-2313.76
-2314.54
-2315.32
-2316.1
-2316.87
-2317.65
-2318.43
-2319.21
-2319.99
-2320.77
-2321.54
-2322.32
-2323.1
-2323.88
-2324.66
-2325.44
-2326.22
-2327
-2327.77
-2328.55
-2329.33
-2330.11
-2330.89
-2331.67
-2332.45
-2333.23
-2334.01
-2334.79
-2335.57
-2336.35
-2337.13
-2337.91
-2338.69
-2339.47
-2340.25
-2341.03
-2341.81
-2342.59
-2343.37
-2344.16
-2344.94
-2345.72
-2346.5
-2347.28
-2348.06
-2348.84
-2349.62
-2350.41
-2351.19
-2351.97
-2352.75
-2353.53
-2354.31
-2355.1
-2355.88
-2356.66
-2357.44
-2358.23
-2359.01
-2359.79
-2360.57
-2361.36
-2362.14
-2362.92
-2363.71
-2364.49
-2365.27
-2366.05
-2366.84
-2367.62
-2368.41
-2369.19
-2369.97
-2370.76
-2371.54
-2372.32
-2373.11
-2373.89
-2374.68
-2375.46
-2376.25
-2377.03
-2377.81
-2378.6
-2379.38
-2380.17
-2380.95
-2381.74
-2382.52
-2383.31
-2384.09
-2384.88
-2385.66
-2386.45
-2387.24
-2388.02
-2388.81
-2389.59
-2390.38
-2391.16
-2391.95
-2392.74
-2393.52
-2394.31
-2395.1
-2395.88
-2396.67
-2397.46
-2398.24
-2399.03
-2399.82
-2400.6
-2401.39
-2402.18
-2402.96
-2403.75
-2404.54
-2405.33
-2406.11
-2406.9
-2407.69
-2408.48
-2409.27
-2410.05
-2410.84
-2411.63
-2412.42
-2413.21
-2414
-2414.78
-2415.57
-2416.36
-2417.15
-2417.94
-2418.73
-2419.52
-2420.31
-2421.1
-2421.89
-2422.67
-2423.46
-2424.25
-2425.04
-2425.83
-2426.62
-2427.41
-2428.2
-2428.99
-2429.78
-2430.57
-2431.36
-2432.15
-2432.94
-2433.74
-2434.53
-2435.32
-2436.11
-2436.9
-2437.69
-2438.48
-2439.27
-2440.06
-2440.85
-2441.65
-2442.44
-2443.23
-2444.02
-2444.81
-2445.6
-2446.4
-2447.19
-2447.98
-2448.77
-2449.57
-2450.36
-2451.15
-2451.94
-2452.74
-2453.53
-2454.32
-2455.11
-2455.91
-2456.7
-2457.49
-2458.29
-2459.08
-2459.87
-2460.67
-2461.46
-2462.25
-2463.05
-2463.84
-2464.64
-2465.43
-2466.22
-2467.02
-2467.81
-2468.61
-2469.4
-2470.2
-2470.99
-2471.78
-2472.58
-2473.37
-2474.17
-2474.96
-2475.76
-2476.55
-2477.35
-2478.15
-2478.94
-2479.74
-2480.53
-2481.33
-2482.12
-2482.92
-2483.72
-2484.51
-2485.31
-2486.1
-2486.9
-2487.7
-2488.49
-2489.29
-2490.09
-2490.88
-2491.68
-2492.48
-2493.27
-2494.07
-2494.87
-2495.67
-2496.46
-2497.26
-2498.06
-2498.86
-2499.65
-2500.45
-2501.25
-2502.05
-2502.84
-2503.64
-2504.44
-2505.24
-2506.04
-2506.84
-2507.63
-2508.43
-2509.23
-2510.03
-2510.83
-2511.63
-2512.43
-2513.23
-2514.03
-2514.83
-2515.63
-2516.42
-2517.22
-2518.02
-2518.82
-2519.62
-2520.42
-2521.22
-2522.02
-2522.82
-2523.62
-2524.42
-2525.22
-2526.03
-2526.83
-2527.63
-2528.43
-2529.23
-2530.03
-2530.83
-2531.63
-2532.43
-2533.23
-2534.04
-2534.84
-2535.64
-2536.44
-2537.24
-2538.04
-2538.85
-2539.65
-2540.45
-2541.25
-2542.05
-2542.86
-2543.66
-2544.46
-2545.26
-2546.07
-2546.87
-2547.67
-2548.47
-2549.28
-2550.08
-2550.88
-2551.69
-2552.49
-2553.29
-2554.1
-2554.9
-2555.7
-2556.51
-2557.31
-2558.12
-2558.92
-2559.72
-2560.53
-2561.33
-2562.14
-2562.94
-2563.75
-2564.55
-2565.36
-2566.16
-2566.97
-2567.77
-2568.58
-2569.38
-2570.19
-2570.99
-2571.8
-2572.6
-2573.41
-2574.21
-2575.02
-2575.83
-2576.63
-2577.44
-2578.24
-2579.05
-2579.86
-2580.66
-2581.47
-2582.28
-2583.08
-2583.89
-2584.7
-2585.5
-2586.31
-2587.12
-2587.92
-2588.73
-2589.54
-2590.35
-2591.15
-2591.96
-2592.77
-2593.58
-2594.38
-2595.19
-2596
-2596.81
-2597.62
-2598.42
-2599.23
-2600.04
-2600.85
-2601.66
-2602.47
-2603.28
-2604.08
-2604.89
-2605.7
-2606.51
-2607.32
-2608.13
-2608.94
-2609.75
-2610.56
-2611.37
-2612.18
-2612.99
-2613.8
-2614.61
-2615.42
-2616.23
-2617.04
-2617.85
-2618.66
-2619.47
-2620.28
-2621.09
-2621.9
-2622.71
-2623.52
-2624.33
-2625.14
-2625.96
-2626.77
-2627.58
-2628.39
-2629.2
-2630.01
-2630.82
-2631.64
-2632.45
-2633.26
-2634.07
-2634.88
-2635.7
-2636.51
-2637.32
-2638.13
-2638.95
-2639.76
-2640.57
-2641.38
-2642.2
-2643.01
-2643.82
-2644.64
-2645.45
-2646.26
-2647.08
-2647.89
-2648.7
-2649.52
-2650.33
-2651.14
-2651.96
-2652.77
-2653.59
-2654.4
-2655.22
-2656.03
-2656.84
-2657.66
-2658.47
-2659.29
-2660.1
-2660.92
-2661.73
-2662.55
-2663.36
-2664.18
-2664.99
-2665.81
-2666.62
-2667.44
-2668.26
-2669.07
-2669.89
-2670.7
-2671.52
-2672.34
-2673.15
-2673.97
-2674.78
-2675.6
-2676.42
-2677.23
-2678.05
-2678.87
-2679.68
-2680.5
-2681.32
-2682.14
-2682.95
-2683.77
-2684.59
-2685.4
-2686.22
-2687.04
-2687.86
-2688.68
-2689.49
-2690.31
-2691.13
-2691.95
-2692.77
-2693.58
-2694.4
-2695.22
-2696.04
-2696.86
-2697.68
-2698.5
-2699.31
-2700.13
-2700.95
-2701.77
-2702.59
-2703.41
-2704.23
-2705.05
-2705.87
-2706.69
-2707.51
-2708.33
-2709.15
-2709.97
-2710.79
-2711.61
-2712.43
-2713.25
-2714.07
-2714.89
-2715.71
-2716.53
-2717.35
-2718.17
-2719
-2719.82
-2720.64
-2721.46
-2722.28
-2723.1
-2723.92
-2724.75
-2725.57
-2726.39
-2727.21
-2728.03
-2728.85
-2729.68
-2730.5
-2731.32
-2732.14
-2732.97
-2733.79
-2734.61
-2735.43
-2736.26
-2737.08
-2737.9
-2738.73
-2739.55
-2740.37
-2741.2
-2742.02
-2742.84
-2743.67
-2744.49
-2745.31
-2746.14
-2746.96
-2747.79
-2748.61
-2749.43
-2750.26
-2751.08
-2751.91
-2752.73
-2753.56
-2754.38
-2755.21
-2756.03
-2756.86
-2757.68
-2758.51
-2759.33
-2760.16
-2760.98
-2761.81
-2762.63
-2763.46
-2764.29
-2765.11
-2765.94
-2766.76
-2767.59
-2768.42
-2769.24
-2770.07
-2770.9
-2771.72
-2772.55
-2773.38
-2774.2
-2775.03
-2775.86
-2776.68
-2777.51
-2778.34
-2779.16
-2779.99
-2780.82
-2781.65
-2782.48
-2783.3
-2784.13
-2784.96
-2785.79
-2786.62
-2787.44
-2788.27
-2789.1
-2789.93
-2790.76
-2791.59
-2792.41
-2793.24
-2794.07
-2794.9
-2795.73
-2796.56
-2797.39
-2798.22
-2799.05
-2799.88
-2800.71
-2801.54
-2802.37
-2803.2
-2804.03
-2804.86
-2805.69
-2806.52
-2807.35
-2808.18
-2809.01
-2809.84
-2810.67
-2811.5
-2812.33
-2813.16
-2813.99
-2814.82
-2815.66
-2816.49
-2817.32
-2818.15
-2818.98
-2819.81
-2820.64
-2821.48
-2822.31
-2823.14
-2823.97
-2824.8
-2825.64
-2826.47
-2827.3
-2828.13
-2828.97
-2829.8
-2830.63
-2831.46
-2832.3
-2833.13
-2833.96
-2834.8
-2835.63
-2836.46
-2837.3
-2838.13
-2838.96
-2839.8
-2840.63
-2841.47
-2842.3
-2843.13
-2843.97
-2844.8
-2845.64
-2846.47
-2847.31
-2848.14
-2848.97
-2849.81
-2850.64
-2851.48
-2852.31
-2853.15
-2853.98
-2854.82
-2855.66
-2856.49
-2857.33
-2858.16
-2859
-2859.83
-2860.67
-2861.51
-2862.34
-2863.18
-2864.01
-2864.85
-2865.69
-2866.52
-2867.36
-2868.2
-2869.03
-2869.87
-2870.71
-2871.54
-2872.38
-2873.22
-2874.06
-2874.89
-2875.73
-2876.57
-2877.41
-2878.24
-2879.08
-2879.92
-2880.76
-2881.6
-2882.43
-2883.27
-2884.11
-2884.95
-2885.79
-2886.63
-2887.47
-2888.3
-2889.14
-2889.98
-2890.82
-2891.66
-2892.5
-2893.34
-2894.18
-2895.02
-2895.86
-2896.7
-2897.54
-2898.38
-2899.22
-2900.06
-2900.9
-2901.74
-2902.58
-2903.42
-2904.26
-2905.1
-2905.94
-2906.78
-2907.62
-2908.46
-2909.3
-2910.14
-2910.99
-2911.83
-2912.67
-2913.51
-2914.35
-2915.19
-2916.03
-2916.88
-2917.72
-2918.56
-2919.4
-2920.24
-2921.09
-2921.93
-2922.77
-2923.61
-2924.46
-2925.3
-2926.14
-2926.98
-2927.83
-2928.67
-2929.51
-2930.36
-2931.2
-2932.04
-2932.89
-2933.73
-2934.57
-2935.42
-2936.26
-2937.11
-2937.95
-2938.79
-2939.64
-2940.48
-2941.33
-2942.17
-2943.02
-2943.86
-2944.71
-2945.55
-2946.39
-2947.24
-2948.08
-2948.93
-2949.78
-2950.62
-2951.47
-2952.31
-2953.16
-2954
-2954.85
-2955.69
-2956.54
-2957.39
-2958.23
-2959.08
-2959.92
-2960.77
-2961.62
-2962.46
-2963.31
-2964.16
-2965
-2965.85
-2966.7
-2967.55
-2968.39
-2969.24
-2970.09
-2970.93
-2971.78
-2972.63
-2973.48
-2974.33
-2975.17
-2976.02
-2976.87
-2977.72
-2978.57
-2979.41
-2980.26
-2981.11
-2981.96
-2982.81
-2983.66
-2984.51
-2985.36
-2986.2
-2987.05
-2987.9
-2988.75
-2989.6
-2990.45
-2991.3
-2992.15
-2993
-2993.85
-2994.7
-2995.55
-2996.4
-2997.25
-2998.1
-2998.95
-2999.8
-3000.65
-3001.5
-3002.35
-3003.2
-3004.05
-3004.91
-3005.76
-3006.61
-3007.46
-3008.31
-3009.16
-3010.01
-3010.86
-3011.72
-3012.57
-3013.42
-3014.27
-3015.12
-3015.98
-3016.83
-3017.68
-3018.53
-3019.39
-3020.24
-3021.09
-3021.94
-3022.8
-3023.65
-3024.5
-3025.36
-3026.21
-3027.06
-3027.92
-3028.77
-3029.62
-3030.48
-3031.33
-3032.18
-3033.04
-3033.89
-3034.75
-3035.6
-3036.45
-3037.31
-3038.16
-3039.02
-3039.87
-3040.73
-3041.58
-3042.44
-3043.29
-3044.15
-3045
-3045.86
-3046.71
-3047.57
-3048.42
-3049.28
-3050.14
-3050.99
-3051.85
-3052.7
-3053.56
-3054.41
-3055.27
-3056.13
-3056.98
-3057.84
-3058.7
-3059.55
-3060.41
-3061.27
-3062.12
-3062.98
-3063.84
-3064.7
-3065.55
-3066.41
-3067.27
-3068.13
-3068.98
-3069.84
-3070.7
-3071.56
-3072.41
-3073.27
-3074.13
-3074.99
-3075.85
-3076.71
-3077.56
-3078.42
-3079.28
-3080.14
-3081
-3081.86
-3082.72
-3083.58
-3084.44
-3085.3
-3086.16
-3087.01
-3087.87
-3088.73
-3089.59
-3090.45
-3091.31
-3092.17
-3093.03
-3093.89
-3094.75
-3095.62
-3096.48
-3097.34
-3098.2
-3099.06
-3099.92
-3100.78
-3101.64
-3102.5
-3103.36
-3104.22
-3105.09
-3105.95
-3106.81
-3107.67
-3108.53
-3109.39
-3110.26
-3111.12
-3111.98
-3112.84
-3113.71
-3114.57
-3115.43
-3116.29
-3117.16
-3118.02
-3118.88
-3119.74
-3120.61
-3121.47
-3122.33
-3123.2
-3124.06
-3124.92
-3125.79
-3126.65
-3127.51
-3128.38
-3129.24
-3130.11
-3130.97
-3131.83
-3132.7
-3133.56
-3134.43
-3135.29
-3136.16
-3137.02
-3137.89
-3138.75
-3139.62
-3140.48
-3141.35
-3142.21
-3143.08
-3143.94
-3144.81
-3145.67
-3146.54
-3147.41
-3148.27
-3149.14
-3150
-3150.87
-3151.74
-3152.6
-3153.47
-3154.34
-3155.2
-3156.07
-3156.94
-3157.8
-3158.67
-3159.54
-3160.4
-3161.27
-3162.14
-3163.01
-3163.87
-3164.74
-3165.61
-3166.48
-3167.35
-3168.21
-3169.08
-3169.95
-3170.82
-3171.69
-3172.55
-3173.42
-3174.29
-3175.16
-3176.03
-3176.9
-3177.77
-3178.64
-3179.51
-3180.37
-3181.24
-3182.11
-3182.98
-3183.85
-3184.72
-3185.59
-3186.46
-3187.33
-3188.2
-3189.07
-3189.94
-3190.81
-3191.68
-3192.55
-3193.42
-3194.3
-3195.17
-3196.04
-3196.91
-3197.78
-3198.65
-3199.52
-3200.39
-3201.26
-3202.14
-3203.01
-3203.88
-3204.75
-3205.62
-3206.49
-3207.37
-3208.24
-3209.11
-3209.98
-3210.86
-3211.73
-3212.6
-3213.47
-3214.35
-3215.22
-3216.09
-3216.97
-3217.84
-3218.71
-3219.59
-3220.46
-3221.33
-3222.21
-3223.08
-3223.95
-3224.83
-3225.7
-3226.58
-3227.45
-3228.32
-3229.2
-3230.07
-3230.95
-3231.82
-3232.7
-3233.57
-3234.45
-3235.32
-3236.2
-3237.07
-3237.95
-3238.82
-3239.7
-3240.57
-3241.45
-3242.33
-3243.2
-3244.08
-3244.95
-3245.83
-3246.71
-3247.58
-3248.46
-3249.33
-3250.21
-3251.09
-3251.96
-3252.84
-3253.72
-3254.59
-3255.47
-3256.35
-3257.23
-3258.1
-3258.98
-3259.86
-3260.74
-3261.61
-3262.49
-3263.37
-3264.25
-3265.13
-3266
-3266.88
-3267.76
-3268.64
-3269.52
-3270.4
-3271.28
-3272.15
-3273.03
-3273.91
-3274.79
-3275.67
-3276.55
-3277.43
-3278.31
-3279.19
-3280.07
-3280.95
-3281.83
-3282.71
-3283.59
-3284.47
-3285.35
-3286.23
-3287.11
-3287.99
-3288.87
-3289.75
-3290.63
-3291.51
-3292.39
-3293.27
-3294.16
-3295.04
-3295.92
-3296.8
-3297.68
-3298.56
-3299.44
-3300.33
-3301.21
-3302.09
-3302.97
-3303.85
-3304.74
-3305.62
-3306.5
-3307.38
-3308.27
-3309.15
-3310.03
-3310.91
-3311.8
-3312.68
-3313.56
-3314.45
-3315.33
-3316.21
-3317.1
-3317.98
-3318.86
-3319.75
-3320.63
-3321.52
-3322.4
-3323.28
-3324.17
-3325.05
-3325.94
-3326.82
-3327.71
-3328.59
-3329.48
-3330.36
-3331.25
-3332.13
-3333.02
-3333.9
-3334.79
-3335.67
-3336.56
-3337.44
-3338.33
-3339.22
-3340.1
-3340.99
-3341.87
-3342.76
-3343.65
-3344.53
-3345.42
-3346.31
-3347.19
-3348.08
-3348.97
-3349.85
-3350.74
-3351.63
-3352.51
-3353.4
-3354.29
-3355.18
-3356.06
-3356.95
-3357.84
-3358.73
-3359.62
-3360.5
-3361.39
-3362.28
-3363.17
-3364.06
-3364.95
-3365.83
-3366.72
-3367.61
-3368.5
-3369.39
-3370.28
-3371.17
-3372.06
-3372.95
-3373.84
-3374.73
-3375.62
-3376.51
-3377.4
-3378.29
-3379.18
-3380.07
-3380.96
-3381.85
-3382.74
-3383.63
-3384.52
-3385.41
-3386.3
-3387.19
-3388.08
-3388.97
-3389.86
-3390.75
-3391.65
-3392.54
-3393.43
-3394.32
-3395.21
-3396.1
-3397
-3397.89
-3398.78
-3399.67
-3400.56
-3401.46
-3402.35
-3403.24
-3404.13
-3405.03
-3405.92
-3406.81
-3407.71
-3408.6
-3409.49
-3410.39
-3411.28
-3412.17
-3413.07
-3413.96
-3414.85
-3415.75
-3416.64
-3417.54
-3418.43
-3419.32
-3420.22
-3421.11
-3422.01
-3422.9
-3423.8
-3424.69
-3425.59
-3426.48
-3427.38
-3428.27
-3429.17
-3430.06
-3430.96
-3431.85
-3432.75
-3433.65
-3434.54
-3435.44
-3436.33
-3437.23
-3438.13
-3439.02
-3439.92
-3440.81
-3441.71
-3442.61
-3443.5
-3444.4
-3445.3
-3446.2
-3447.09
-3447.99
-3448.89
-3449.79
-3450.68
-3451.58
-3452.48
-3453.38
-3454.27
-3455.17
-3456.07
-3456.97
-3457.87
-3458.77
-3459.66
-3460.56
-3461.46
-3462.36
-3463.26
-3464.16
-3465.06
-3465.96
-3466.86
-3467.75
-3468.65
-3469.55
-3470.45
-3471.35
-3472.25
-3473.15
-3474.05
-3474.95
-3475.85
-3476.75
-3477.65
-3478.55
-3479.46
-3480.36
-3481.26
-3482.16
-3483.06
-3483.96
-3484.86
-3485.76
-3486.66
-3487.57
-3488.47
-3489.37
-3490.27
-3491.17
-3492.07
-3492.98
-3493.88
-3494.78
-3495.68
-3496.59
-3497.49
-3498.39
-3499.29
-3500.2
-3501.1
-3502
-3502.9
-3503.81
-3504.71
-3505.61
-3506.52
-3507.42
-3508.33
-3509.23
-3510.13
-3511.04
-3511.94
-3512.85
-3513.75
-3514.65
-3515.56
-3516.46
-3517.37
-3518.27
-3519.18
-3520.08
-3520.99
-3521.89
-3522.8
-3523.7
-3524.61
-3525.51
-3526.42
-3527.32
-3528.23
-3529.14
-3530.04
-3530.95
-3531.85
-3532.76
-3533.67
-3534.57
-3535.48
-3536.39
-3537.29
-3538.2
-3539.11
-3540.01
-3540.92
-3541.83
-3542.74
-3543.64
-3544.55
-3545.46
-3546.37
-3547.27
-3548.18
-3549.09
-3550
-3550.91
-3551.82
-3552.72
-3553.63
-3554.54
-3555.45
-3556.36
-3557.27
-3558.18
-3559.09
-3559.99
-3560.9
-3561.81
-3562.72
-3563.63
-3564.54
-3565.45
-3566.36
-3567.27
-3568.18
-3569.09
-3570
-3570.91
-3571.82
-3572.73
-3573.64
-3574.55
-3575.47
-3576.38
-3577.29
-3578.2
-3579.11
-3580.02
-3580.93
-3581.84
-3582.76
-3583.67
-3584.58
-3585.49
-3586.4
-3587.32
-3588.23
-3589.14
-3590.05
-3590.96
-3591.88
-3592.79
-3593.7
-3594.62
-3595.53
-3596.44
-3597.36
-3598.27
-3599.18
-3600.1
-3601.01
-3601.92
-3602.84
-3603.75
-3604.66
-3605.58
-3606.49
-3607.41
-3608.32
-3609.24
-3610.15
-3611.06
-3611.98
-3612.89
-3613.81
-3614.72
-3615.64
-3616.55
-3617.47
-3618.39
-3619.3
-3620.22
-3621.13
-3622.05
-3622.96
-3623.88
-3624.8
-3625.71
-3626.63
-3627.55
-3628.46
-3629.38
-3630.3
-3631.21
-3632.13
-3633.05
-3633.96
-3634.88
-3635.8
-3636.72
-3637.63
-3638.55
-3639.47
-3640.39
-3641.3
-3642.22
-3643.14
-3644.06
-3644.98
-3645.9
-3646.81
-3647.73
-3648.65
-3649.57
-3650.49
-3651.41
-3652.33
-3653.25
-3654.17
-3655.09
-3656.01
-3656.92
-3657.84
-3658.76
-3659.68
-3660.6
-3661.52
-3662.44
-3663.37
-3664.29
-3665.21
-3666.13
-3667.05
-3667.97
-3668.89
-3669.81
-3670.73
-3671.65
-3672.57
-3673.5
-3674.42
-3675.34
-3676.26
-3677.18
-3678.1
-3679.03
-3679.95
-3680.87
-3681.79
-3682.72
-3683.64
-3684.56
-3685.48
-3686.41
-3687.33
-3688.25
-3689.18
-3690.1
-3691.02
-3691.95
-3692.87
-3693.79
-3694.72
-3695.64
-3696.57
-3697.49
-3698.41
-3699.34
-3700.26
-3701.19
-3702.11
-3703.04
-3703.96
-3704.89
-3705.81
-3706.74
-3707.66
-3708.59
-3709.51
-3710.44
-3711.36
-3712.29
-3713.21
-3714.14
-3715.07
-3715.99
-3716.92
-3717.84
-3718.77
-3719.7
-3720.62
-3721.55
-3722.48
-3723.4
-3724.33
-3725.26
-3726.19
-3727.11
-3728.04
-3728.97
-3729.9
-3730.82
-3731.75
-3732.68
-3733.61
-3734.54
-3735.46
-3736.39
-3737.32
-3738.25
-3739.18
-3740.11
-3741.04
-3741.97
-3742.89
-3743.82
-3744.75
-3745.68
-3746.61
-3747.54
-3748.47
-3749.4
-3750.33
-3751.26
-3752.19
-3753.12
-3754.05
-3754.98
-3755.91
-3756.84
-3757.77
-3758.71
-3759.64
-3760.57
-3761.5
-3762.43
-3763.36
-3764.29
-3765.22
-3766.16
-3767.09
-3768.02
-3768.95
-3769.88
-3770.82
-3771.75
-3772.68
-3773.61
-3774.55
-3775.48
-3776.41
-3777.35
-3778.28
-3779.21
-3780.14
-3781.08
-3782.01
-3782.95
-3783.88
-3784.81
-3785.75
-3786.68
-3787.61
-3788.55
-3789.48
-3790.42
-3791.35
-3792.29
-3793.22
-3794.16
-3795.09
-3796.03
-3796.96
-3797.9
-3798.83
-3799.77
-3800.7
-3801.64
-3802.58
-3803.51
-3804.45
-3805.38
-3806.32
-3807.26
-3808.19
-3809.13
-3810.07
-3811
-3811.94
-3812.88
-3813.81
-3814.75
-3815.69
-3816.63
-3817.56
-3818.5
-3819.44
-3820.38
-3821.31
-3822.25
-3823.19
-3824.13
-3825.07
-3826.01
-3826.94
-3827.88
-3828.82
-3829.76
-3830.7
-3831.64
-3832.58
-3833.52
-3834.46
-3835.4
-3836.34
-3837.28
-3838.22
-3839.16
-3840.1
-3841.04
-3841.98
-3842.92
-3843.86
-3844.8
-3845.74
-3846.68
-3847.62
-3848.56
-3849.5
-3850.44
-3851.39
-3852.33
-3853.27
-3854.21
-3855.15
-3856.1
-3857.04
-3857.98
-3858.92
-3859.86
-3860.81
-3861.75
-3862.69
-3863.63
-3864.58
-3865.52
-3866.46
-3867.41
-3868.35
-3869.29
-3870.24
-3871.18
-3872.13
-3873.07
-3874.01
-3874.96
-3875.9
-3876.85
-3877.79
-3878.74
-3879.68
-3880.63
-3881.57
-3882.52
-3883.46
-3884.41
-3885.35
-3886.3
-3887.24
-3888.19
-3889.13
-3890.08
-3891.03
-3891.97
-3892.92
-3893.86
-3894.81
-3895.76
-3896.7
-3897.65
-3898.6
-3899.55
-3900.49
-3901.44
-3902.39
-3903.34
-3904.28
-3905.23
-3906.18
-3907.13
-3908.07
-3909.02
-3909.97
-3910.92
-3911.87
-3912.82
-3913.77
-3914.71
-3915.66
-3916.61
-3917.56
-3918.51
-3919.46
-3920.41
-3921.36
-3922.31
-3923.26
-3924.21
-3925.16
-3926.11
-3927.06
-3928.01
-3928.96
-3929.91
-3930.86
-3931.81
-3932.77
-3933.72
-3934.67
-3935.62
-3936.57
-3937.52
-3938.47
-3939.43
-3940.38
-3941.33
-3942.28
-3943.23
-3944.19
-3945.14
-3946.09
-3947.05
-3948
-3948.95
-3949.9
-3950.86
-3951.81
-3952.76
-3953.72
-3954.67
-3955.63
-3956.58
-3957.53
-3958.49
-3959.44
-3960.4
-3961.35
-3962.31
-3963.26
-3964.22
-3965.17
-3966.13
-3967.08
-3968.04
-3968.99
-3969.95
-3970.9
-3971.86
-3972.82
-3973.77
-3974.73
-3975.68
-3976.64
-3977.6
-3978.55
-3979.51
-3980.47
-3981.42
-3982.38
-3983.34
-3984.3
-3985.25
-3986.21
-3987.17
-3988.13
-3989.09
-3990.04
-3991
-3991.96
-3992.92
-3993.88
-3994.84
-3995.79
-3996.75
-3997.71
-3998.67
-3999.63
-4000.59
-4001.55
-4002.51
-4003.47
-4004.43
-4005.39
-4006.35
-4007.31
-4008.27
-4009.23
-4010.19
-4011.15
-4012.11
-4013.07
-4014.04
-4015
-4015.96
-4016.92
-4017.88
-4018.84
-4019.81
-4020.77
-4021.73
-4022.69
-4023.65
-4024.62
-4025.58
-4026.54
-4027.51
-4028.47
-4029.43
-4030.4
-4031.36
-4032.32
-4033.29
-4034.25
-4035.21
-4036.18
-4037.14
-4038.11
-4039.07
-4040.03
-4041
-4041.96
-4042.93
-4043.89
-4044.86
-4045.82
-4046.79
-4047.76
-4048.72
-4049.69
-4050.65
-4051.62
-4052.59
-4053.55
-4054.52
-4055.48
-4056.45
-4057.42
-4058.39
-4059.35
-4060.32
-4061.29
-4062.25
-4063.22
-4064.19
-4065.16
-4066.13
-4067.09
-4068.06
-4069.03
-4070
-4070.97
-4071.94
-4072.91
-4073.87
-4074.84
-4075.81
-4076.78
-4077.75
-4078.72
-4079.69
-4080.66
-4081.63
-4082.6
-4083.57
-4084.54
-4085.51
-4086.48
-4087.46
-4088.43
-4089.4
-4090.37
-4091.34
-4092.31
-4093.28
-4094.26
-4095.23
-4096.2
-4097.17
-4098.14
-4099.12
-4100.09
-4101.06
-4102.03
-4103.01
-4103.98
-4104.95
-4105.93
-4106.9
-4107.87
-4108.85
-4109.82
-4110.8
-4111.77
-4112.75
-4113.72
-4114.69
-4115.67
-4116.64
-4117.62
-4118.59
-4119.57
-4120.55
-4121.52
-4122.5
-4123.47
-4124.45
-4125.43
-4126.4
-4127.38
-4128.35
-4129.33
-4130.31
-4131.29
-4132.26
-4133.24
-4134.22
-4135.2
-4136.17
-4137.15
-4138.13
-4139.11
-4140.09
-4141.06
-4142.04
-4143.02
-4144
-4144.98
-4145.96
-4146.94
-4147.92
-4148.9
-4149.88
-4150.86
-4151.84
-4152.82
-4153.8
-4154.78
-4155.76
-4156.74
-4157.72
-4158.7
-4159.68
-4160.66
-4161.64
-4162.63
-4163.61
-4164.59
-4165.57
-4166.55
-4167.54
-4168.52
-4169.5
-4170.48
-4171.47
-4172.45
-4173.43
-4174.42
-4175.4
-4176.38
-4177.37
-4178.35
-4179.34
-4180.32
-4181.31
-4182.29
-4183.27
-4184.26
-4185.24
-4186.23
-4187.22
-4188.2
-4189.19
-4190.17
-4191.16
-4192.14
-4193.13
-4194.12
-4195.1
-4196.09
-4197.08
-4198.06
-4199.05
-4200.04
-4201.03
-4202.01
-4203
-4203.99
-4204.98
-4205.97
-4206.95
-4207.94
-4208.93
-4209.92
-4210.91
-4211.9
-4212.89
-4213.88
-4214.87
-4215.86
-4216.85
-4217.84
-4218.83
-4219.82
-4220.81
-4221.8
-4222.79
-4223.78
-4224.77
-4225.77
-4226.76
-4227.75
-4228.74
-4229.73
-4230.73
-4231.72
-4232.71
-4233.7
-4234.7
-4235.69
-4236.68
-4237.68
-4238.67
-4239.66
-4240.66
-4241.65
-4242.65
-4243.64
-4244.64
-4245.63
-4246.63
-4247.62
-4248.62
-4249.61
-4250.61
-4251.6
-4252.6
-4253.6
-4254.59
-4255.59
-4256.58
-4257.58
-4258.58
-4259.58
-4260.57
-4261.57
-4262.57
-4263.57
-4264.56
-4265.56
-4266.56
-4267.56
-4268.56
-4269.56
-4270.56
-4271.56
-4272.56
-4273.55
-4274.55
-4275.55
-4276.56
-4277.56
-4278.56
-4279.56
-4280.56
-4281.56
-4282.56
-4283.56
-4284.56
-4285.56
-4286.57
-4287.57
-4288.57
-4289.57
-4290.58
-4291.58
-4292.58
-4293.59
-4294.59
-4295.59
-4296.6
-4297.6
-4298.61
-4299.61
-4300.61
-4301.62
-4302.62
-4303.63
-4304.63
-4305.64
-4306.65
-4307.65
-4308.66
-4309.66
-4310.67
-4311.68
-4312.68
-4313.69
-4314.7
-4315.71
-4316.71
-4317.72
-4318.73
-4319.74
-4320.75
-4321.76
-4322.76
-4323.77
-4324.78
-4325.79
-4326.8
-4327.81
-4328.82
-4329.83
-4330.84
-4331.85
-4332.86
-4333.88
-4334.89
-4335.9
-4336.91
-4337.92
-4338.93
-4339.95
-4340.96
-4341.97
-4342.98
-4344
-4345.01
-4346.02
-4347.04
-4348.05
-4349.07
-4350.08
-4351.1
-4352.11
-4353.13
-4354.14
-4355.16
-4356.17
-4357.19
-4358.2
-4359.22
-4360.24
-4361.25
-4362.27
-4363.29
-4364.31
-4365.32
-4366.34
-4367.36
-4368.38
-4369.4
-4370.42
-4371.43
-4372.45
-4373.47
-4374.49
-4375.51
-4376.53
-4377.55
-4378.57
-4379.6
-4380.62
-4381.64
-4382.66
-4383.68
-4384.7
-4385.73
-4386.75
-4387.77
-4388.79
-4389.82
-4390.84
-4391.86
-4392.89
-4393.91
-4394.94
-4395.96
-4396.99
-4398.01
-4399.04
-4400.06
-4401.09
-4402.11
-4403.14
-4404.17
-4405.19
-4406.22
-4407.25
-4408.28
-4409.3
-4410.33
-4411.36
-4412.39
-4413.42
-4414.45
-4415.48
-4416.51
-4417.54
-4418.57
-4419.6
-4420.63
-4421.66
-4422.69
-4423.72
-4424.75
-4425.79
-4426.82
-4427.85
-4428.88
-4429.92
-4430.95
-4431.98
-4433.02
-4434.05
-4435.09
-4436.12
-4437.16
-4438.19
-4439.23
-4440.26
-4441.3
-4442.34
-4443.37
-4444.41
-4445.45
-4446.49
-4447.52
-4448.56
-4449.6
-4450.64
-4451.68
-4452.72
-4453.76
-4454.8
-4455.84
-4456.88
-4457.92
-4458.96
-4460
-4461.04
-4462.09
-4463.13
-4464.17
-4465.21
-4466.26
-4467.3
-4468.35
-4469.39
-4470.44
-4471.48
-4472.53
-4473.57
-4474.62
-4475.66
-4476.71
-4477.76
-4478.8
-4479.85
-4480.9
-4481.95
-4483
-4484.05
-4485.09
-4486.14
-4487.19
-4488.24
-4489.3
-4490.35
-4491.4
-4492.45
-4493.5
-4494.55
-4495.61
-4496.66
-4497.71
-4498.77
-4499.82
-4500.88
-4501.93
-4502.99
-4504.04
-4505.1
-4506.15
-4507.21
-4508.27
-4509.33
-4510.38
-4511.44
-4512.5
-4513.56
-4514.62
-4515.68
-4516.74
-4517.8
-4518.86
-4519.92
-4520.99
-4522.05
-4523.11
-4524.17
-4525.24
-4526.3
-4527.37
-4528.43
-4529.5
-4530.56
-4531.63
-4532.7
-4533.76
-4534.83
-4535.9
-4536.97
-4538.04
-4539.1
-4540.17
-4541.24
-4542.32
-4543.39
-4544.46
-4545.53
-4546.6
-4547.68
-4548.75
-4549.82
-4550.9
-4551.97
-4553.05
-4554.12
-4555.2
-4556.28
-4557.36
-4558.43
-4559.51
-4560.59
-4561.67
-4562.75
-4563.83
-4564.91
-4565.99
-4567.08
-4568.16
-4569.24
-4570.33
-4571.41
-4572.5
-4573.58
-4574.67
-4575.75
-4576.84
-4577.93
-4579.02
-4580.11
-4581.2
-4582.29
-4583.38
-4584.47
-4585.56
-4586.66
-4587.75
-4588.84
-4589.94
-4591.03
-4592.13
-4593.23
-4594.32
-4595.42
-4596.52
-4597.62
-4598.72
-4599.82
-4600.93
-4602.03
-4603.13
-4604.24
-4605.34
-4606.45
-4607.55
-4608.66
-4609.77
-4610.88
-4611.99
-4613.1
-4614.21
-4615.32
-4616.43
-4617.55
-4618.66
-4619.78
-4620.89
-4622.01
-4623.13
-4624.25
-4625.37
-4626.49
-4627.61
-4628.73
-4629.86
-4630.98
-4632.11
-4633.24
-4634.37
-4635.5
-4636.63
-4637.76
-4638.89
-4640.02
-4641.16
-4642.3
-4643.43
-4644.57
-4645.71
-4646.85
-4648
-4649.14
-4650.28
-4651.43
-4652.58
-4653.73
-4654.88
-4656.03
-4657.18
-4658.34
-4659.5
-4660.66
-4661.82
-4662.98
-4664.14
-4665.31
-4666.47
-4667.64
-4668.81
-4669.99
-4671.16
-4672.34
-4673.52
-4674.7
-4675.88
-4677.07
-4678.25
-4679.44
-4680.64
-4681.83
-4683.03
-4684.23
-4685.43
-4686.64
-4687.85
-4689.06
-4690.27
-4691.49
-4692.72
-4693.94
-4695.17
-4696.4
-4697.64
-4698.88
-4700.13
-4701.38
-4702.63
-4703.89
-4705.16
-4706.43
-4707.71
-4708.99
-4710.28
-4711.58
-4712.89
-4714.2
-4715.52
-4716.85
-4718.2
-4719.55
-4720.91
-4722.29
-4723.69
-4725.1
-4726.52
-4727.97
-4729.45
-4730.95
-4732.48
-4734.06
-4735.69
-4737.38
-4739.16
-4741.07
-4743.21
-4745.95
