-164.483
-166.856
-169.229
-171.602
-173.975
-176.348
-178.721
-181.094
-183.466
-185.839
-188.211
-190.584
-192.956
-195.328
-197.7
-200.072
-202.444
-204.816
-207.187
-209.559
-211.93
-214.302
-216.673
-219.044
-221.416
-223.787
-226.158
-228.528
-230.899
-233.27
-235.641
-238.011
-240.381
-242.752
-245.122
-247.492
-249.862
-252.232
-254.602
-256.972
-259.341
-261.711
-264.08
-266.45
-268.819
-271.188
-273.558
-275.927
-278.295
-280.664
-283.033
-285.402
-287.77
-290.139
-292.507
-294.876
-297.244
-299.612
-301.98
-304.348
-306.716
-309.083
-311.451
-313.819
-316.186
-318.554
-320.921
-323.288
-325.655
-328.022
-330.389
-332.756
-335.123
-337.489
-339.856
-342.222
-344.589
-346.955
-349.321
-351.687
-354.053
-356.419
-358.785
-361.151
-363.516
-365.882
-368.247
-370.613
-372.978
-375.343
-377.708
-380.073
-382.438
-384.803
-387.168
-389.532
-391.897
-394.261
-396.626
-398.99
-401.354
-403.718
-406.082
-408.446
-410.81
-413.174
-415.537
-417.901
-420.264
-422.628
-424.991
-427.354
-429.717
-432.08
-434.443
-436.806
-439.169
-441.531
-443.894
-446.256
-448.619
-450.981
-453.343
-455.705
-458.067
-460.429
-462.791
-465.152
-467.514
-469.876
-472.237
-474.598
-476.96
-479.321
-481.682
-484.043
-486.404
-488.764
-491.125
-493.486
-495.846
-498.207
-500.567
-502.927
-505.287
-507.647
-510.007
-512.367
-514.727
-517.087
-519.446
-521.806
-524.165
-526.524
-528.884
-531.243
-533.602
-535.961
-538.32
-540.678
-543.037
-545.396
-547.754
-550.113
-552.471
-554.829
-557.187
-559.545
-561.903
-564.261
-566.619
-568.976
-571.334
-573.691
-576.049
-578.406
-580.763
-583.12
-585.477
-587.834
-590.191
-592.548
-594.905
-597.261
-599.618
-601.974
-604.33
-606.686
-609.043
-611.399
-613.754
-616.11
-618.466
-620.822
-623.177
-625.533
-627.888
-630.243
-632.598
-634.953
-637.308
-639.663
-642.018
-644.373
-646.728
-649.082
-651.437
-653.791
-656.145
-658.499
-660.853
-663.207
-665.561
-667.915
-670.269
-672.622
-674.976
-677.329
-679.683
-682.036
-684.389
-686.742
-689.095
-691.448
-693.801
-696.153
-698.506
-700.858
-703.211
-705.563
-707.915
-710.268
-712.62
-714.972
-717.323
-719.675
-722.027
-724.378
-726.73
-729.081
-731.433
-733.784
-736.135
-738.486
-740.837
-743.188
-745.539
-747.889
-750.24
-752.59
-754.941
-757.291
-759.641
-761.991
-764.341
-766.691
-769.041
-771.391
-773.74
-776.09
-778.439
-780.789
-783.138
-785.487
-787.836
-790.185
-792.534
-794.883
-797.232
-799.581
-801.929
-804.277
-806.626
-808.974
-811.322
-813.67
-816.018
-818.366
-820.714
-823.062
-825.409
-827.757
-830.104
-832.452
-834.799
-837.146
-839.493
-841.84
-844.187
-846.534
-848.881
-851.227
-853.574
-855.92
-858.266
-860.613
-862.959
-865.305
-867.651
-869.997
-872.342
-874.688
-877.034
-879.379
-881.725
-884.07
-886.415
-888.76
-891.105
-893.45
-895.795
-898.14
-900.484
-902.829
-905.174
-907.518
-909.862
-912.206
-914.55
-916.895
-919.238
-921.582
-923.926
-926.27
-928.613
-930.957
-933.3
-935.643
-937.987
-940.33
-942.673
-945.016
-947.358
-949.701
-952.044
-954.386
-956.729
-959.071
-961.413
-963.755
-966.098
-968.439
-970.781
-973.123
-975.465
-977.806
-980.148
-982.489
-984.831
-987.172
-989.513
-991.854
-994.195
-996.536
-998.877
-1001.22
-1003.56
-1005.9
-1008.24
-1010.58
-1012.92
-1015.26
-1017.6
-1019.94
-1022.28
-1024.62
-1026.96
-1029.3
-1031.64
-1033.98
-1036.32
-1038.66
-1041
-1043.33
-1045.67
-1048.01
-1050.35
-1052.69
-1055.03
-1057.37
-1059.7
-1062.04
-1064.38
-1066.72
-1069.06
-1071.4
-1073.73
-1076.07
-1078.41
-1080.75
-1083.08
-1085.42
-1087.76
-1090.1
-1092.43
-1094.77
-1097.11
-1099.44
-1101.78
-1104.12
-1106.45
-1108.79
-1111.13
-1113.46
-1115.8
-1118.13
-1120.47
-1122.81
-1125.14
-1127.48
-1129.81
-1132.15
-1134.48
-1136.82
-1139.15
-1141.49
-1143.82
-1146.16
-1148.49
-1150.83
-1153.16
-1155.5
-1157.83
-1160.17
-1162.5
-1164.84
-1167.17
-1169.5
-1171.84
-1174.17
-1176.5
-1178.84
-1181.17
-1183.51
-1185.84
-1188.17
-1190.51
-1192.84
-1195.17
-1197.5
-1199.84
-1202.17
-1204.5
-1206.84
-1209.17
-1211.5
-1213.83
-1216.16
-1218.5
-1220.83
-1223.16
-1225.49
-1227.82
-1230.16
-1232.49
-1234.82
-1237.15
-1239.48
-1241.81
-1244.14
-1246.47
-1248.8
-1251.14
-1253.47
-1255.8
-1258.13
-1260.46
-1262.79
-1265.12
-1267.45
-1269.78
-1272.11
-1274.44
-1276.77
-1279.1
-1281.43
-1283.76
-1286.09
-1288.41
-1290.74
-1293.07
-1295.4
-1297.73
-1300.06
-1302.39
-1304.72
-1307.05
-1309.37
-1311.7
-1314.03
-1316.36
-1318.69
-1321.01
-1323.34
-1325.67
-1328
-1330.33
-1332.65
-1334.98
-1337.31
-1339.64
-1341.96
-1344.29
-1346.62
-1348.94
-1351.27
-1353.6
-1355.92
-1358.25
-1360.58
-1362.9
-1365.23
-1367.55
-1369.88
-1372.21
-1374.53
-1376.86
-1379.18
-1381.51
-1383.83
-1386.16
-1388.49
-1390.81
-1393.14
-1395.46
-1397.79
-1400.11
-1402.44
-1404.76
-1407.08
-1409.41
-1411.73
-1414.06
-1416.38
-1418.71
-1421.03
-1423.35
-1425.68
-1428
-1430.32
-1432.65
-1434.97
-1437.29
-1439.62
-1441.94
-1444.26
-1446.59
-1448.91
-1451.23
-1453.56
-1455.88
-1458.2
-1460.52
-1462.84
-1465.17
-1467.49
-1469.81
-1472.13
-1474.45
-1476.78
-1479.1
-1481.42
-1483.74
-1486.06
-1488.38
-1490.71
-1493.03
-1495.35
-1497.67
-1499.99
-1502.31
-1504.63
-1506.95
-1509.27
-1511.59
-1513.91
-1516.23
-1518.55
-1520.87
-1523.19
-1525.51
-1527.83
-1530.15
-1532.47
-1534.79
-1537.11
-1539.43
-1541.75
-1544.07
-1546.38
-1548.7
-1551.02
-1553.34
-1555.66
-1557.98
-1560.3
-1562.61
-1564.93
-1567.25
-1569.57
-1571.89
-1574.2
-1576.52
-1578.84
-1581.16
-1583.47
-1585.79
-1588.11
-1590.43
-1592.74
-1595.06
-1597.38
-1599.69
-1602.01
-1604.33
-1606.64
-1608.96
-1611.28
-1613.59
-1615.91
-1618.22
-1620.54
-1622.86
-1625.17
-1627.49
-1629.8
-1632.12
-1634.43
-1636.75
-1639.06
-1641.38
-1643.69
-1646.01
-1648.32
-1650.64
-1652.95
-1655.27
-1657.58
-1659.9
-1662.21
-1664.53
-1666.84
-1669.15
-1671.47
-1673.78
-1676.09
-1678.41
-1680.72
-1683.04
-1685.35
-1687.66
-1689.98
-1692.29
-1694.6
-1696.91
-1699.23
-1701.54
-1703.85
-1706.16
-1708.48
-1710.79
-1713.1
-1715.41
-1717.73
-1720.04
-1722.35
-1724.66
-1726.97
-1729.28
-1731.6
-1733.91
-1736.22
-1738.53
-1740.84
-1743.15
-1745.46
-1747.77
-1750.08
-1752.39
-1754.7
-1757.01
-1759.32
-1761.64
-1763.95
-1766.26
-1768.57
-1770.87
-1773.18
-1775.49
-1777.8
-1780.11
-1782.42
-1784.73
-1787.04
-1789.35
-1791.66
-1793.97
-1796.28
-1798.59
-1800.89
-1803.2
-1805.51
-1807.82
-1810.13
-1812.44
-1814.74
-1817.05
-1819.36
-1821.67
-1823.98
-1826.28
-1828.59
-1830.9
-1833.2
-1835.51
-1837.82
-1840.13
-1842.43
-1844.74
-1847.05
-1849.35
-1851.66
-1853.97
-1856.27
-1858.58
-1860.88
-1863.19
-1865.5
-1867.8
-1870.11
-1872.41
-1874.72
-1877.03
-1879.33
-1881.64
-1883.94
-1886.25
-1888.55
-1890.86
-1893.16
-1895.47
-1897.77
-1900.08
-1902.38
-1904.68
-1906.99
-1909.29
-1911.6
-1913.9
-1916.2
-1918.51
-1920.81
-1923.12
-1925.42
-1927.72
-1930.03
-1932.33
-1934.63
-1936.94
-1939.24
-1941.54
-1943.84
-1946.15
-1948.45
-1950.75
-1953.05
-1955.36
-1957.66
-1959.96
-1962.26
-1964.56
-1966.87
-1969.17
-1971.47
-1973.77
-1976.07
-1978.37
-1980.68
-1982.98
-1985.28
-1987.58
-1989.88
-1992.18
-1994.48
-1996.78
-1999.08
-2001.38
-2003.68
-2005.98
-2008.28
-2010.58
-2012.88
-2015.18
-2017.48
-2019.78
-2022.08
-2024.38
-2026.68
-2028.98
-2031.28
-2033.58
-2035.88
-2038.18
-2040.47
-2042.77
-2045.07
-2047.37
-2049.67
-2051.97
-2054.27
-2056.56
-2058.86
-2061.16
-2063.46
-2065.76
-2068.05
-2070.35
-2072.65
-2074.95
-2077.24
-2079.54
-2081.84
-2084.13
-2086.43
-2088.73
-2091.02
-2093.32
-2095.62
-2097.91
-2100.21
-2102.51
-2104.8
-2107.1
-2109.4
-2111.69
-2113.99
-2116.28
-2118.58
-2120.87
-2123.17
-2125.46
-2127.76
-2130.05
-2132.35
-2134.64
-2136.94
-2139.23
-2141.53
-2143.82
-2146.12
-2148.41
-2150.71
-2153
-2155.29
-2157.59
-2159.88
-2162.18
-2164.47
-2166.76
-2169.06
-2171.35
-2173.64
-2175.94
-2178.23
-2180.52
-2182.82
-2185.11
-2187.4
-2189.69
-2191.99
-2194.28
-2196.57
-2198.86
-2201.16
-2203.45
-2205.74
-2208.03
-2210.32
-2212.62
-2214.91
-2217.2
-2219.49
-2221.78
-2224.07
-2226.36
-2228.65
-2230.95
-2233.24
-2235.53
-2237.82
-2240.11
-2242.4
-2244.69
-2246.98
-2249.27
-2251.56
-2253.85
-2256.14
-2258.43
-2260.72
-2263.01
-2265.3
-2267.59
-2269.88
-2272.17
-2274.46
-2276.74
-2279.03
-2281.32
-2283.61
-2285.9
-2288.19
-2290.48
-2292.77
-2295.05
-2297.34
-2299.63
-2301.92
-2304.21
-2306.49
-2308.78
-2311.07
-2313.36
-2315.64
-2317.93
-2320.22
-2322.51
-2324.79
-2327.08
-2329.37
-2331.65
-2333.94
-2336.23
-2338.51
-2340.8
-2343.09
-2345.37
-2347.66
-2349.94
-2352.23
-2354.52
-2356.8
-2359.09
-2361.37
-2363.66
-2365.94
-2368.23
-2370.51
-2372.8
-2375.08
-2377.37
-2379.65
-2381.94
-2384.22
-2386.51
-2388.79
-2391.08
-2393.36
-2395.64
-2397.93
-2400.21
-2402.49
-2404.78
-2407.06
-2409.35
-2411.63
-2413.91
-2416.2
-2418.48
-2420.76
-2423.04
-2425.33
-2427.61
-2429.89
-2432.18
-2434.46
-2436.74
-2439.02
-2441.31
-2443.59
-2445.87
-2448.15
-2450.43
-2452.71
-2455
-2457.28
-2459.56
-2461.84
-2464.12
-2466.4
-2468.68
-2470.96
-2473.25
-2475.53
-2477.81
-2480.09
-2482.37
-2484.65
-2486.93
-2489.21
-2491.49
-2493.77
-2496.05
-2498.33
-2500.61
-2502.89
-2505.17
-2507.45
-2509.73
-2512.01
-2514.28
-2516.56
-2518.84
-2521.12
-2523.4
-2525.68
-2527.96
-2530.24
-2532.51
-2534.79
-2537.07
-2539.35
-2541.63
-2543.9
-2546.18
-2548.46
-2550.74
-2553.01
-2555.29
-2557.57
-2559.85
-2562.12
-2564.4
-2566.68
-2568.95
-2571.23
-2573.51
-2575.78
-2578.06
-2580.34
-2582.61
-2584.89
-2587.17
-2589.44
-2591.72
-2593.99
-2596.27
-2598.54
-2600.82
-2603.1
-2605.37
-2607.65
-2609.92
-2612.2
-2614.47
-2616.75
-2619.02
-2621.3
-2623.57
-2625.84
-2628.12
-2630.39
-2632.67
-2634.94
-2637.21
-2639.49
-2641.76
-2644.04
-2646.31
-2648.58
-2650.86
-2653.13
-2655.4
-2657.68
-2659.95
-2662.22
-2664.49
-2666.77
-2669.04
-2671.31
-2673.58
-2675.86
-2678.13
-2680.4
-2682.67
-2684.95
-2687.22
-2689.49
-2691.76
-2694.03
-2696.3
-2698.58
-2700.85
-2703.12
-2705.39
-2707.66
-2709.93
-2712.2
-2714.47
-2716.74
-2719.01
-2721.28
-2723.55
-2725.82
-2728.09
-2730.36
-2732.63
-2734.9
-2737.17
-2739.44
-2741.71
-2743.98
-2746.25
-2748.52
-2750.79
-2753.06
-2755.33
-2757.6
-2759.87
-2762.13
-2764.4
-2766.67
-2768.94
-2771.21
-2773.48
-2775.74
-2778.01
-2780.28
-2782.55
-2784.82
-2787.08
-2789.35
-2791.62
-2793.89
-2796.15
-2798.42
-2800.69
-2802.95
-2805.22
-2807.49
-2809.75
-2812.02
-2814.29
-2816.55
-2818.82
-2821.09
-2823.35
-2825.62
-2827.88
-2830.15
-2832.41
-2834.68
-2836.95
-2839.21
-2841.48
-2843.74
-2846.01
-2848.27
-2850.54
-2852.8
-2855.07
-2857.33
-2859.6
-2861.86
-2864.12
-2866.39
-2868.65
-2870.92
-2873.18
-2875.44
-2877.71
-2879.97
-2882.23
-2884.5
-2886.76
-2889.03
-2891.29
-2893.55
-2895.81
-2898.08
-2900.34
-2902.6
-2904.87
-2907.13
-2909.39
-2911.65
-2913.91
-2916.18
-2918.44
-2920.7
-2922.96
-2925.22
-2927.49
-2929.75
-2932.01
-2934.27
-2936.53
-2938.79
-2941.05
-2943.31
-2945.57
-2947.84
-2950.1
-2952.36
-2954.62
-2956.88
-2959.14
-2961.4
-2963.66
-2965.92
-2968.18
-2970.44
-2972.7
-2974.96
-2977.22
-2979.48
-2981.74
-2983.99
-2986.25
-2988.51
-2990.77
-2993.03
-2995.29
-2997.55
-2999.81
-3002.06
-3004.32
-3006.58
-3008.84
-3011.1
-3013.36
-3015.61
-3017.87
-3020.13
-3022.39
-3024.64
-3026.9
-3029.16
-3031.41
-3033.67
-3035.93
-3038.19
-3040.44
-3042.7
-3044.96
-3047.21
-3049.47
-3051.72
-3053.98
-3056.24
-3058.49
-3060.75
-3063
-3065.26
-3067.52
-3069.77
-3072.03
-3074.28
-3076.54
-3078.79
-3081.05
-3083.3
-3085.56
-3087.81
-3090.07
-3092.32
-3094.58
-3096.83
-3099.08
-3101.34
-3103.59
-3105.85
-3108.1
-3110.35
-3112.61
-3114.86
-3117.11
-3119.37
-3121.62
-3123.87
-3126.13
-3128.38
-3130.63
-3132.89
-3135.14
-3137.39
-3139.64
-3141.9
-3144.15
-3146.4
-3148.65
-3150.9
-3153.16
-3155.41
-3157.66
-3159.91
-3162.16
-3164.41
-3166.67
-3168.92
-3171.17
-3173.42
-3175.67
-3177.92
-3180.17
-3182.42
-3184.67
-3186.92
-3189.17
-3191.42
-3193.67
-3195.92
-3198.17
-3200.42
-3202.67
-3204.92
-3207.17
-3209.42
-3211.67
-3213.92
-3216.17
-3218.42
-3220.67
-3222.92
-3225.17
-3227.41
-3229.66
-3231.91
-3234.16
-3236.41
-3238.66
-3240.9
-3243.15
-3245.4
-3247.65
-3249.9
-3252.14
-3254.39
-3256.64
-3258.89
-3261.13
-3263.38
-3265.63
-3267.87
-3270.12
-3272.37
-3274.61
-3276.86
-3279.11
-3281.35
-3283.6
-3285.85
-3288.09
-3290.34
-3292.58
-3294.83
-3297.08
-3299.32
-3301.57
-3303.81
-3306.06
-3308.3
-3310.55
-3312.79
-3315.04
-3317.28
-3319.53
-3321.77
-3324.02
-3326.26
-3328.5
-3330.75
-3332.99
-3335.24
-3337.48
-3339.72
-3341.97
-3344.21
-3346.45
-3348.7
-3350.94
-3353.18
-3355.43
-3357.67
-3359.91
-3362.16
-3364.4
-3366.64
-3368.88
-3371.13
-3373.37
-3375.61
-3377.85
-3380.1
-3382.34
-3384.58
-3386.82
-3389.06
-3391.3
-3393.55
-3395.79
-3398.03
-3400.27
-3402.51
-3404.75
-3406.99
-3409.23
-3411.47
-3413.71
-3415.95
-3418.19
-3420.43
-3422.67
-3424.91
-3427.15
-3429.39
-3431.63
-3433.87
-3436.11
-3438.35
-3440.59
-3442.83
-3445.07
-3447.31
-3449.55
-3451.79
-3454.03
-3456.27
-3458.5
-3460.74
-3462.98
-3465.22
-3467.46
-3469.7
-3471.93
-3474.17
-3476.41
-3478.65
-3480.88
-3483.12
-3485.36
-3487.6
-3489.83
-3492.07
-3494.31
-3496.54
-3498.78
-3501.02
-3503.25
-3505.49
-3507.73
-3509.96
-3512.2
-3514.44
-3516.67
-3518.91
-3521.14
-3523.38
-3525.62
-3527.85
-3530.09
-3532.32
-3534.56
-3536.79
-3539.03
-3541.26
-3543.5
-3545.73
-3547.97
-3550.2
-3552.43
-3554.67
-3556.9
-3559.14
-3561.37
-3563.61
-3565.84
-3568.07
-3570.31
-3572.54
-3574.77
-3577.01
-3579.24
-3581.47
-3583.71
-3585.94
-3588.17
-3590.4
-3592.64
-3594.87
-3597.1
-3599.33
-3601.57
-3603.8
-3606.03
-3608.26
-3610.5
-3612.73
-3614.96
-3617.19
-3619.42
-3621.65
-3623.88
-3626.12
-3628.35
-3630.58
-3632.81
-3635.04
-3637.27
-3639.5
-3641.73
-3643.96
-3646.19
-3648.42
-3650.65
-3652.88
-3655.11
-3657.34
-3659.57
-3661.8
-3664.03
-3666.26
-3668.49
-3670.72
-3672.95
-3675.18
-3677.4
-3679.63
-3681.86
-3684.09
-3686.32
-3688.55
-3690.78
-3693
-3695.23
-3697.46
-3699.69
-3701.92
-3704.14
-3706.37
-3708.6
-3710.83
-3713.05
-3715.28
-3717.51
-3719.73
-3721.96
-3724.19
-3726.41
-3728.64
-3730.87
-3733.09
-3735.32
-3737.55
-3739.77
-3742
-3744.22
-3746.45
-3748.68
-3750.9
-3753.13
-3755.35
-3757.58
-3759.8
-3762.03
-3764.25
-3766.48
-3768.7
-3770.93
-3773.15
-3775.38
-3777.6
-3779.83
-3782.05
-3784.27
-3786.5
-3788.72
-3790.95
-3793.17
-3795.39
-3797.62
-3799.84
-3802.06
-3804.29
-3806.51
-3808.73
-3810.96
-3813.18
-3815.4
-3817.62
-3819.85
-3822.07
-3824.29
-3826.51
-3828.74
-3830.96
-3833.18
-3835.4
-3837.62
-3839.84
-3842.07
-3844.29
-3846.51
-3848.73
-3850.95
-3853.17
-3855.39
-3857.61
-3859.83
-3862.05
-3864.28
-3866.5
-3868.72
-3870.94
-3873.16
-3875.38
-3877.6
-3879.82
-3882.04
-3884.26
-3886.47
-3888.69
-3890.91
-3893.13
-3895.35
-3897.57
-3899.79
-3902.01
-3904.23
-3906.45
-3908.66
-3910.88
-3913.1
-3915.32
-3917.54
-3919.76
-3921.97
-3924.19
-3926.41
-3928.63
-3930.84
-3933.06
-3935.28
-3937.5
-3939.71
-3941.93
-3944.15
-3946.36
-3948.58
-3950.8
-3953.01
-3955.23
-3957.45
-3959.66
-3961.88
-3964.09
-3966.31
-3968.53
-3970.74
-3972.96
-3975.17
-3977.39
-3979.6
-3981.82
-3984.03
-3986.25
-3988.46
-3990.68
-3992.89
-3995.11
-3997.32
-3999.54
-4001.75
-4003.97
-4006.18
-4008.39
-4010.61
-4012.82
-4015.03
-4017.25
-4019.46
-4021.67
-4023.89
-4026.1
-4028.31
-4030.53
-4032.74
-4034.95
-4037.17
-4039.38
-4041.59
-4043.8
-4046.02
-4048.23
-4050.44
-4052.65
-4054.86
-4057.08
-4059.29
-4061.5
-4063.71
-4065.92
-4068.13
-4070.34
-4072.55
-4074.77
-4076.98
-4079.19
-4081.4
-4083.61
-4085.82
-4088.03
-4090.24
-4092.45
-4094.66
-4096.87
-4099.08
-4101.29
-4103.5
-4105.71
-4107.92
-4110.13
-4112.34
-4114.55
-4116.76
-4118.96
-4121.17
-4123.38
-4125.59
-4127.8
-4130.01
-4132.22
-4134.42
-4136.63
-4138.84
-4141.05
-4143.26
-4145.46
-4147.67
-4149.88
-4152.09
-4154.29
-4156.5
-4158.71
-4160.91
-4163.12
-4165.33
-4167.54
-4169.74
-4171.95
-4174.15
-4176.36
-4178.57
-4180.77
-4182.98
-4185.19
-4187.39
-4189.6
-4191.8
-4194.01
-4196.21
-4198.42
-4200.62
-4202.83
-4205.03
-4207.24
-4209.44
-4211.65
-4213.85
-4216.06
-4218.26
-4220.47
-4222.67
-4224.87
-4227.08
-4229.28
-4231.49
-4233.69
-4235.89
-4238.1
-4240.3
-4242.5
-4244.71
-4246.91
-4249.11
-4251.32
-4253.52
-4255.72
-4257.92
-4260.13
-4262.33
-4264.53
-4266.73
-4268.93
-4271.14
-4273.34
-4275.54
-4277.74
-4279.94
-4282.14
-4284.35
-4286.55
-4288.75
-4290.95
-4293.15
-4295.35
-4297.55
-4299.75
-4301.95
-4304.15
-4306.35
-4308.55
-4310.75
-4312.95
-4315.15
-4317.35
-4319.55
-4321.75
-4323.95
-4326.15
-4328.35
-4330.55
-4332.75
-4334.95
-4337.15
-4339.35
-4341.54
-4343.74
-4345.94
-4348.14
-4350.34
-4352.54
-4354.73
-4356.93
-4359.13
-4361.33
-4363.53
-4365.72
-4367.92
-4370.12
-4372.32
-4374.51
-4376.71
-4378.91
-4381.1
-4383.3
-4385.5
-4387.69
-4389.89
-4392.09
-4394.28
-4396.48
-4398.67
-4400.87
-4403.07
-4405.26
-4407.46
-4409.65
-4411.85
-4414.04
-4416.24
-4418.43
-4420.63
-4422.82
-4425.02
-4427.21
-4429.41
-4431.6
-4433.8
-4435.99
-4438.19
-4440.38
-4442.57
-4444.77
-4446.96
-4449.15
-4451.35
-4453.54
-4455.74
-4457.93
-4460.12
-4462.31
-4464.51
-4466.7
-4468.89
-4471.09
-4473.28
-4475.47
-4477.66
-4479.86
-4482.05
-4484.24
-4486.43
-4488.62
-4490.81
-4493.01
-4495.2
-4497.39
-4499.58
-4501.77
-4503.96
-4506.15
-4508.34
-4510.54
-4512.73
-4514.92
-4517.11
-4519.3
-4521.49
-4523.68
-4525.87
-4528.06
-4530.25
-4532.44
-4534.63
-4536.82
-4539.01
-4541.2
-4543.39
-4545.57
-4547.76
-4549.95
-4552.14
-4554.33
-4556.52
-4558.71
-4560.9
-4563.08
-4565.27
-4567.46
-4569.65
-4571.84
-4574.02
-4576.21
-4578.4
-4580.59
-4582.77
-4584.96
-4587.15
-4589.34
-4591.52
-4593.71
-4595.9
-4598.08
-4600.27
-4602.46
-4604.64
-4606.83
-4609.01
-4611.2
-4613.39
-4615.57
-4617.76
-4619.94
-4622.13
-4624.31
-4626.5
-4628.68
-4630.87
-4633.05
-4635.24
-4637.42
-4639.61
-4641.79
-4643.98
-4646.16
-4648.35
-4650.53
-4652.72
-4654.9
-4657.08
-4659.27
-4661.45
-4663.63
-4665.82
-4668
-4670.18
-4672.37
-4674.55
-4676.73
-4678.92
-4681.1
-4683.28
-4685.46
-4687.65
-4689.83
-4692.01
-4694.19
-4696.37
-4698.56
-4700.74
-4702.92
-4705.1
-4707.28
-4709.46
-4711.65
-4713.83
-4716.01
-4718.19
-4720.37
-4722.55
-4724.73
-4726.91
-4729.09
-4731.27
-4733.45
-4735.63
-4737.81
-4739.99
-4742.17
-4744.35
-4746.53
-4748.71
-4750.89
-4753.07
-4755.25
-4757.43
-4759.61
-4761.79
-4763.97
-4766.14
-4768.32
-4770.5
-4772.68
-4774.86
-4777.04
-4779.21
-4781.39
-4783.57
-4785.75
-4787.92
-4790.1
-4792.28
-4794.46
-4796.63
-4798.81
-4800.99
-4803.17
-4805.34
-4807.52
-4809.7
-4811.87
-4814.05
-4816.22
-4818.4
-4820.58
-4822.75
-4824.93
-4827.1
-4829.28
-4831.46
-4833.63
-4835.81
-4837.98
-4840.16
-4842.33
-4844.51
-4846.68
-4848.86
-4851.03
-4853.2
-4855.38
-4857.55
-4859.73
-4861.9
-4864.08
-4866.25
-4868.42
-4870.6
-4872.77
-4874.94
-4877.12
-4879.29
-4881.46
-4883.64
-4885.81
-4887.98
-4890.15
-4892.33
-4894.5
-4896.67
-4898.84
-4901.02
-4903.19
-4905.36
-4907.53
-4909.7
-4911.88
-4914.05
-4916.22
-4918.39
-4920.56
-4922.73
-4924.9
-4927.07
-4929.25
-4931.42
-4933.59
-4935.76
-4937.93
-4940.1
-4942.27
-4944.44
-4946.61
-4948.78
-4950.95
-4953.12
-4955.29
-4957.46
-4959.63
-4961.79
-4963.96
-4966.13
-4968.3
-4970.47
-4972.64
-4974.81
-4976.98
-4979.14
-4981.31
-4983.48
-4985.65
-4987.82
-4989.98
-4992.15
-4994.32
-4996.49
-4998.66
-5000.82
-5002.99
-5005.16
-5007.32
-5009.49
-5011.66
-5013.82
-5015.99
-5018.16
-5020.32
-5022.49
-5024.66
-5026.82
-5028.99
-5031.15
-5033.32
-5035.49
-5037.65
-5039.82
-5041.98
-5044.15
-5046.31
-5048.48
-5050.64
-5052.81
-5054.97
-5057.14
-5059.3
-5061.46
-5063.63
-5065.79
-5067.96
-5070.12
-5072.28
-5074.45
-5076.61
-5078.78
-5080.94
-5083.1
-5085.27
-5087.43
-5089.59
-5091.75
-5093.92
-5096.08
-5098.24
-5100.41
-5102.57
-5104.73
-5106.89
-5109.05
-5111.22
-5113.38
-5115.54
-5117.7
-5119.86
-5122.02
-5124.18
-5126.35
-5128.51
-5130.67
-5132.83
-5134.99
-5137.15
-5139.31
-5141.47
-5143.63
-5145.79
-5147.95
-5150.11
-5152.27
-5154.43
-5156.59
-5158.75
-5160.91
-5163.07
-5165.23
-5167.39
-5169.55
-5171.71
-5173.86
-5176.02
-5178.18
-5180.34
-5182.5
-5184.66
-5186.82
-5188.97
-5191.13
-5193.29
-5195.45
-5197.61
-5199.76
-5201.92
-5204.08
-5206.23
-5208.39
-5210.55
-5212.71
-5214.86
-5217.02
-5219.18
-5221.33
-5223.49
-5225.64
-5227.8
-5229.96
-5232.11
-5234.27
-5236.42
-5238.58
-5240.74
-5242.89
-5245.05
-5247.2
-5249.36
-5251.51
-5253.67
-5255.82
-5257.98
-5260.13
-5262.28
-5264.44
-5266.59
-5268.75
-5270.9
-5273.06
-5275.21
-5277.36
-5279.52
-5281.67
-5283.82
-5285.98
-5288.13
-5290.28
-5292.44
-5294.59
-5296.74
-5298.89
-5301.05
-5303.2
-5305.35
-5307.5
-5309.66
-5311.81
-5313.96
-5316.11
-5318.26
-5320.41
-5322.57
-5324.72
-5326.87
-5329.02
-5331.17
-5333.32
-5335.47
-5337.62
-5339.77
-5341.92
-5344.07
-5346.22
-5348.37
-5350.52
-5352.67
-5354.82
-5356.97
-5359.12
-5361.27
-5363.42
-5365.57
-5367.72
-5369.87
-5372.02
-5374.17
-5376.32
-5378.46
-5380.61
-5382.76
-5384.91
-5387.06
-5389.21
-5391.35
-5393.5
-5395.65
-5397.8
-5399.95
-5402.09
-5404.24
-5406.39
-5408.53
-5410.68
-5412.83
-5414.97
-5417.12
-5419.27
-5421.41
-5423.56
-5425.71
-5427.85
-5430
-5432.15
-5434.29
-5436.44
-5438.58
-5440.73
-5442.87
-5445.02
-5447.16
-5449.31
-5451.45
-5453.6
-5455.74
-5457.89
-5460.03
-5462.18
-5464.32
-5466.47
-5468.61
-5470.75
-5472.9
-5475.04
-5477.18
-5479.33
-5481.47
-5483.61
-5485.76
-5487.9
-5490.04
-5492.19
-5494.33
-5496.47
-5498.61
-5500.76
-5502.9
-5505.04
-5507.18
-5509.33
-5511.47
-5513.61
-5515.75
-5517.89
-5520.03
-5522.18
-5524.32
-5526.46
-5528.6
-5530.74
-5532.88
-5535.02
-5537.16
-5539.3
-5541.44
-5543.58
-5545.72
-5547.86
-5550
-5552.14
-5554.28
-5556.42
-5558.56
-5560.7
-5562.84
-5564.98
-5567.12
-5569.26
-5571.4
-5573.53
-5575.67
-5577.81
-5579.95
-5582.09
-5584.23
-5586.36
-5588.5
-5590.64
-5592.78
-5594.92
-5597.05
-5599.19
-5601.33
-5603.47
-5605.6
-5607.74
-5609.88
-5612.01
-5614.15
-5616.29
-5618.42
-5620.56
-5622.7
-5624.83
-5626.97
-5629.1
-5631.24
-5633.37
-5635.51
-5637.65
-5639.78
-5641.92
-5644.05
-5646.19
-5648.32
-5650.46
-5652.59
-5654.73
-5656.86
-5658.99
-5661.13
-5663.26
-5665.4
-5667.53
-5669.66
-5671.8
-5673.93
-5676.06
-5678.2
-5680.33
-5682.46
-5684.6
-5686.73
-5688.86
-5691
-5693.13
-5695.26
-5697.39
-5699.53
-5701.66
-5703.79
-5705.92
-5708.05
-5710.18
-5712.32
-5714.45
-5716.58
-5718.71
-5720.84
-5722.97
-5725.1
-5727.23
-5729.36
-5731.5
-5733.63
-5735.76
-5737.89
-5740.02
-5742.15
-5744.28
-5746.41
-5748.54
-5750.67
-5752.79
-5754.92
-5757.05
-5759.18
-5761.31
-5763.44
-5765.57
-5767.7
-5769.83
-5771.96
-5774.08
-5776.21
-5778.34
-5780.47
-5782.6
-5784.72
-5786.85
-5788.98
-5791.11
-5793.23
-5795.36
-5797.49
-5799.61
-5801.74
-5803.87
-5806
-5808.12
-5810.25
-5812.37
-5814.5
-5816.63
-5818.75
-5820.88
-5823
-5825.13
-5827.26
-5829.38
-5831.51
-5833.63
-5835.76
-5837.88
-5840.01
-5842.13
-5844.26
-5846.38
-5848.51
-5850.63
-5852.75
-5854.88
-5857
-5859.13
-5861.25
-5863.37
-5865.5
-5867.62
-5869.74
-5871.87
-5873.99
-5876.11
-5878.24
-5880.36
-5882.48
-5884.6
-5886.73
-5888.85
-5890.97
-5893.09
-5895.22
-5897.34
-5899.46
-5901.58
-5903.7
-5905.82
-5907.94
-5910.07
-5912.19
-5914.31
-5916.43
-5918.55
-5920.67
-5922.79
-5924.91
-5927.03
-5929.15
-5931.27
-5933.39
-5935.51
-5937.63
-5939.75
-5941.87
-5943.99
-5946.11
-5948.23
-5950.35
-5952.47
-5954.59
-5956.7
-5958.82
-5960.94
-5963.06
-5965.18
-5967.3
-5969.41
-5971.53
-5973.65
-5975.77
-5977.89
-5980
-5982.12
-5984.24
-5986.35
-5988.47
-5990.59
-5992.71
-5994.82
-5996.94
-5999.06
-6001.17
-6003.29
-6005.4
-6007.52
-6009.64
-6011.75
-6013.87
-6015.98
-6018.1
-6020.21
-6022.33
-6024.44
-6026.56
-6028.67
-6030.79
-6032.9
-6035.02
-6037.13
-6039.25
-6041.36
-6043.48
-6045.59
-6047.7
-6049.82
-6051.93
-6054.04
-6056.16
-6058.27
-6060.38
-6062.5
-6064.61
-6066.72
-6068.84
-6070.95
-6073.06
-6075.17
-6077.29
-6079.4
-6081.51
-6083.62
-6085.73
-6087.85
-6089.96
-6092.07
-6094.18
-6096.29
-6098.4
-6100.51
-6102.62
-6104.73
-6106.85
-6108.96
-6111.07
-6113.18
-6115.29
-6117.4
-6119.51
-6121.62
-6123.73
-6125.84
-6127.95
-6130.06
-6132.16
-6134.27
-6136.38
-6138.49
-6140.6
-6142.71
-6144.82
-6146.93
-6149.04
-6151.14
-6153.25
-6155.36
-6157.47
-6159.58
-6161.68
-6163.79
-6165.9
-6168.01
-6170.11
-6172.22
-6174.33
-6176.43
-6178.54
-6180.65
-6182.75
-6184.86
-6186.97
-6189.07
-6191.18
-6193.29
-6195.39
-6197.5
-6199.6
-6201.71
-6203.81
-6205.92
-6208.02
-6210.13
-6212.23
-6214.34
-6216.44
-6218.55
-6220.65
-6222.76
-6224.86
-6226.97
-6229.07
-6231.17
-6233.28
-6235.38
-6237.48
-6239.59
-6241.69
-6243.79
-6245.9
-6248
-6250.1
-6252.21
-6254.31
-6256.41
-6258.51
-6260.62
-6262.72
-6264.82
-6266.92
-6269.02
-6271.13
-6273.23
-6275.33
-6277.43
-6279.53
-6281.63
-6283.73
-6285.84
-6287.94
-6290.04
-6292.14
-6294.24
-6296.34
-6298.44
-6300.54
-6302.64
-6304.74
-6306.84
-6308.94
-6311.04
-6313.14
-6315.24
-6317.34
-6319.43
-6321.53
-6323.63
-6325.73
-6327.83
-6329.93
-6332.03
-6334.12
-6336.22
-6338.32
-6340.42
-6342.52
-6344.61
-6346.71
-6348.81
-6350.91
-6353
-6355.1
-6357.2
-6359.3
-6361.39
-6363.49
-6365.58
-6367.68
-6369.78
-6371.87
-6373.97
-6376.07
-6378.16
-6380.26
-6382.35
-6384.45
-6386.54
-6388.64
-6390.73
-6392.83
-6394.92
-6397.02
-6399.11
-6401.21
-6403.3
-6405.4
-6407.49
-6409.58
-6411.68
-6413.77
-6415.87
-6417.96
-6420.05
-6422.15
-6424.24
-6426.33
-6428.43
-6430.52
-6432.61
-6434.7
-6436.8
-6438.89
-6440.98
-6443.07
-6445.17
-6447.26
-6449.35
-6451.44
-6453.53
-6455.62
-6457.72
-6459.81
-6461.9
-6463.99
-6466.08
-6468.17
-6470.26
-6472.35
-6474.44
-6476.53
-6478.62
-6480.71
-6482.8
-6484.89
-6486.98
-6489.07
-6491.16
-6493.25
-6495.34
-6497.43
-6499.52
-6501.61
-6503.7
-6505.79
-6507.87
-6509.96
-6512.05
-6514.14
-6516.23
-6518.31
-6520.4
-6522.49
-6524.58
-6526.67
-6528.75
-6530.84
-6532.93
-6535.01
-6537.1
-6539.19
-6541.27
-6543.36
-6545.45
-6547.53
-6549.62
-6551.71
-6553.79
-6555.88
-6557.96
-6560.05
-6562.13
-6564.22
-6566.31
-6568.39
-6570.48
-6572.56
-6574.64
-6576.73
-6578.81
-6580.9
-6582.98
-6585.07
-6587.15
-6589.23
-6591.32
-6593.4
-6595.49
-6597.57
-6599.65
-6601.74
-6603.82
-6605.9
-6607.98
-6610.07
-6612.15
-6614.23
-6616.32
-6618.4
-6620.48
-6622.56
-6624.64
-6626.73
-6628.81
-6630.89
-6632.97
-6635.05
-6637.13
-6639.21
-6641.29
-6643.38
-6645.46
-6647.54
-6649.62
-6651.7
-6653.78
-6655.86
-6657.94
-6660.02
-6662.1
-6664.18
-6666.26
-6668.34
-6670.42
-6672.49
-6674.57
-6676.65
-6678.73
-6680.81
-6682.89
-6684.97
-6687.05
-6689.12
-6691.2
-6693.28
-6695.36
-6697.43
-6699.51
-6701.59
-6703.67
-6705.74
-6707.82
-6709.9
-6711.98
-6714.05
-6716.13
-6718.21
-6720.28
-6722.36
-6724.43
-6726.51
-6728.59
-6730.66
-6732.74
-6734.81
-6736.89
-6738.96
-6741.04
-6743.11
-6745.19
-6747.26
-6749.34
-6751.41
-6753.49
-6755.56
-6757.64
-6759.71
-6761.78
-6763.86
-6765.93
-6768.01
-6770.08
-6772.15
-6774.23
-6776.3
-6778.37
-6780.44
-6782.52
-6784.59
-6786.66
-6788.73
-6790.81
-6792.88
-6794.95
-6797.02
-6799.1
-6801.17
-6803.24
-6805.31
-6807.38
-6809.45
-6811.52
-6813.59
-6815.67
-6817.74
-6819.81
-6821.88
-6823.95
-6826.02
-6828.09
-6830.16
-6832.23
-6834.3
-6836.37
-6838.44
-6840.51
-6842.57
-6844.64
-6846.71
-6848.78
-6850.85
-6852.92
-6854.99
-6857.06
-6859.12
-6861.19
-6863.26
-6865.33
-6867.4
-6869.46
-6871.53
-6873.6
-6875.67
-6877.73
-6879.8
-6881.87
-6883.93
-6886
-6888.07
-6890.13
-6892.2
-6894.27
-6896.33
-6898.4
-6900.46
-6902.53
-6904.6
-6906.66
-6908.73
-6910.79
-6912.86
-6914.92
-6916.99
-6919.05
-6921.12
-6923.18
-6925.24
-6927.31
-6929.37
-6931.44
-6933.5
-6935.56
-6937.63
-6939.69
-6941.75
-6943.82
-6945.88
-6947.94
-6950.01
-6952.07
-6954.13
-6956.19
-6958.26
-6960.32
-6962.38
-6964.44
-6966.51
-6968.57
-6970.63
-6972.69
-6974.75
-6976.81
-6978.87
-6980.93
-6983
-6985.06
-6987.12
-6989.18
-6991.24
-6993.3
-6995.36
-6997.42
-6999.48
-7001.54
-7003.6
-7005.66
-7007.72
-7009.78
-7011.84
-7013.89
-7015.95
-7018.01
-7020.07
-7022.13
-7024.19
-7026.25
-7028.3
-7030.36
-7032.42
-7034.48
-7036.54
-7038.59
-7040.65
-7042.71
-7044.76
-7046.82
-7048.88
-7050.94
-7052.99
-7055.05
-7057.11
-7059.16
-7061.22
-7063.27
-7065.33
-7067.39
-7069.44
-7071.5
-7073.55
-7075.61
-7077.66
-7079.72
-7081.77
-7083.83
-7085.88
-7087.94
-7089.99
-7092.05
-7094.1
-7096.15
-7098.21
-7100.26
-7102.31
-7104.37
-7106.42
-7108.47
-7110.53
-7112.58
-7114.63
-7116.69
-7118.74
-7120.79
-7122.84
-7124.9
-7126.95
-7129
-7131.05
-7133.1
-7135.16
-7137.21
-7139.26
-7141.31
-7143.36
-7145.41
-7147.46
-7149.51
-7151.57
-7153.62
-7155.67
-7157.72
-7159.77
-7161.82
-7163.87
-7165.92
-7167.97
-7170.02
-7172.06
-7174.11
-7176.16
-7178.21
-7180.26
-7182.31
-7184.36
-7186.41
-7188.46
-7190.5
-7192.55
-7194.6
-7196.65
-7198.7
-7200.74
-7202.79
-7204.84
-7206.88
-7208.93
-7210.98
-7213.03
-7215.07
-7217.12
-7219.17
-7221.21
-7223.26
-7225.3
-7227.35
-7229.4
-7231.44
-7233.49
-7235.53
-7237.58
-7239.62
-7241.67
-7243.71
-7245.76
-7247.8
-7249.85
-7251.89
-7253.94
-7255.98
-7258.02
-7260.07
-7262.11
-7264.16
-7266.2
-7268.24
-7270.29
-7272.33
-7274.37
-7276.42
-7278.46
-7280.5
-7282.54
-7284.59
-7286.63
-7288.67
-7290.71
-7292.75
-7294.8
-7296.84
-7298.88
-7300.92
-7302.96
-7305
-7307.04
-7309.08
-7311.12
-7313.17
-7315.21
-7317.25
-7319.29
-7321.33
-7323.37
-7325.41
-7327.45
-7329.49
-7331.52
-7333.56
-7335.6
-7337.64
-7339.68
-7341.72
-7343.76
-7345.8
-7347.84
-7349.87
-7351.91
-7353.95
-7355.99
-7358.03
-7360.06
-7362.1
-7364.14
-7366.18
-7368.21
-7370.25
-7372.29
-7374.32
-7376.36
-7378.4
-7380.43
-7382.47
-7384.51
-7386.54
-7388.58
-7390.61
-7392.65
-7394.68
-7396.72
-7398.75
-7400.79
-7402.82
-7404.86
-7406.89
-7408.93
-7410.96
-7413
-7415.03
-7417.06
-7419.1
-7421.13
-7423.17
-7425.2
-7427.23
-7429.27
-7431.3
-7433.33
-7435.36
-7437.4
-7439.43
-7441.46
-7443.49
-7445.53
-7447.56
-7449.59
-7451.62
-7453.65
-7455.69
-7457.72
-7459.75
-7461.78
-7463.81
-7465.84
-7467.87
-7469.9
-7471.93
-7473.96
-7475.99
-7478.02
-7480.05
-7482.08
-7484.11
-7486.14
-7488.17
-7490.2
-7492.23
-7494.26
-7496.29
-7498.32
-7500.35
-7502.37
-7504.4
-7506.43
-7508.46
-7510.49
-7512.52
-7514.54
-7516.57
-7518.6
-7520.63
-7522.65
-7524.68
-7526.71
-7528.73
-7530.76
-7532.79
-7534.81
-7536.84
-7538.87
-7540.89
-7542.92
-7544.94
-7546.97
-7548.99
-7551.02
-7553.04
-7555.07
-7557.09
-7559.12
-7561.14
-7563.17
-7565.19
-7567.22
-7569.24
-7571.27
-7573.29
-7575.31
-7577.34
-7579.36
-7581.38
-7583.41
-7585.43
-7587.45
-7589.48
-7591.5
-7593.52
-7595.54
-7597.57
-7599.59
-7601.61
-7603.63
-7605.65
-7607.68
-7609.7
-7611.72
-7613.74
-7615.76
-7617.78
-7619.8
-7621.82
-7623.84
-7625.86
-7627.88
-7629.9
-7631.92
-7633.94
-7635.96
-7637.98
-7640
-7642.02
-7644.04
-7646.06
-7648.08
-7650.1
-7652.12
-7654.14
-7656.15
-7658.17
-7660.19
-7662.21
-7664.23
-7666.24
-7668.26
-7670.28
-7672.3
-7674.31
-7676.33
-7678.35
-7680.36
-7682.38
-7684.4
-7686.41
-7688.43
-7690.45
-7692.46
-7694.48
-7696.49
-7698.51
-7700.53
-7702.54
-7704.56
-7706.57
-7708.59
-7710.6
-7712.62
-7714.63
-7716.64
-7718.66
-7720.67
-7722.69
-7724.7
-7726.71
-7728.73
-7730.74
-7732.75
-7734.77
-7736.78
-7738.79
-7740.81
-7742.82
-7744.83
-7746.84
-7748.86
-7750.87
-7752.88
-7754.89
-7756.9
-7758.91
-7760.93
-7762.94
-7764.95
-7766.96
-7768.97
-7770.98
-7772.99
-7775
-7777.01
-7779.02
-7781.03
-7783.04
-7785.05
-7787.06
-7789.07
-7791.08
-7793.09
-7795.1
-7797.11
-7799.12
-7801.12
-7803.13
-7805.14
-7807.15
-7809.16
-7811.17
-7813.17
-7815.18
-7817.19
-7819.2
-7821.2
-7823.21
-7825.22
-7827.22
-7829.23
-7831.24
-7833.24
-7835.25
-7837.26
-7839.26
-7841.27
-7843.27
-7845.28
-7847.29
-7849.29
-7851.3
-7853.3
-7855.31
-7857.31
-7859.32
-7861.32
-7863.32
-7865.33
-7867.33
-7869.34
-7871.34
-7873.34
-7875.35
-7877.35
-7879.36
-7881.36
-7883.36
-7885.36
-7887.37
-7889.37
-7891.37
-7893.37
-7895.38
-7897.38
-7899.38
-7901.38
-7903.38
-7905.39
-7907.39
-7909.39
-7911.39
-7913.39
-7915.39
-7917.39
-7919.39
-7921.39
-7923.39
-7925.39
-7927.39
-7929.39
-7931.39
-7933.39
-7935.39
-7937.39
-7939.39
-7941.39
-7943.39
-7945.39
-7947.38
-7949.38
-7951.38
-7953.38
-7955.38
-7957.37
-7959.37
-7961.37
-7963.37
-7965.36
-7967.36
-7969.36
-7971.36
-7973.35
-7975.35
-7977.35
-7979.34
-7981.34
-7983.33
-7985.33
-7987.33
-7989.32
-7991.32
-7993.31
-7995.31
-7997.3
-7999.3
-8001.29
-8003.29
-8005.28
-8007.28
-8009.27
-8011.26
-8013.26
-8015.25
-8017.25
-8019.24
-8021.23
-8023.23
-8025.22
-8027.21
-8029.2
-8031.2
-8033.19
-8035.18
-8037.17
-8039.17
-8041.16
-8043.15
-8045.14
-8047.13
-8049.12
-8051.12
-8053.11
-8055.1
-8057.09
-8059.08
-8061.07
-8063.06
-8065.05
-8067.04
-8069.03
-8071.02
-8073.01
-8075
-8076.99
-8078.98
-8080.97
-8082.96
-8084.94
-8086.93
-8088.92
-8090.91
-8092.9
-8094.89
-8096.87
-8098.86
-8100.85
-8102.84
-8104.82
-8106.81
-8108.8
-8110.79
-8112.77
-8114.76
-8116.75
-8118.73
-8120.72
-8122.7
-8124.69
-8126.68
-8128.66
-8130.65
-8132.63
-8134.62
-8136.6
-8138.59
-8140.57
-8142.56
-8144.54
-8146.53
-8148.51
-8150.49
-8152.48
-8154.46
-8156.45
-8158.43
-8160.41
-8162.4
-8164.38
-8166.36
-8168.35
-8170.33
-8172.31
-8174.29
-8176.27
-8178.26
-8180.24
-8182.22
-8184.2
-8186.18
-8188.16
-8190.15
-8192.13
-8194.11
-8196.09
-8198.07
-8200.05
-8202.03
-8204.01
-8205.99
-8207.97
-8209.95
-8211.93
-8213.91
-8215.89
-8217.87
-8219.85
-8221.83
-8223.8
-8225.78
-8227.76
-8229.74
-8231.72
-8233.7
-8235.67
-8237.65
-8239.63
-8241.61
-8243.58
-8245.56
-8247.54
-8249.51
-8251.49
-8253.47
-8255.44
-8257.42
-8259.4
-8261.37
-8263.35
-8265.32
-8267.3
-8269.27
-8271.25
-8273.22
-8275.2
-8277.17
-8279.15
-8281.12
-8283.1
-8285.07
-8287.05
-8289.02
-8290.99
-8292.97
-8294.94
-8296.91
-8298.89
-8300.86
-8302.83
-8304.8
-8306.78
-8308.75
-8310.72
-8312.69
-8314.67
-8316.64
-8318.61
-8320.58
-8322.55
-8324.52
-8326.49
-8328.47
-8330.44
-8332.41
-8334.38
-8336.35
-8338.32
-8340.29
-8342.26
-8344.23
-8346.2
-8348.17
-8350.14
-8352.1
-8354.07
-8356.04
-8358.01
-8359.98
-8361.95
-8363.92
-8365.88
-8367.85
-8369.82
-8371.79
-8373.76
-8375.72
-8377.69
-8379.66
-8381.62
-8383.59
-8385.56
-8387.52
-8389.49
-8391.46
-8393.42
-8395.39
-8397.35
-8399.32
-8401.28
-8403.25
-8405.21
-8407.18
-8409.14
-8411.11
-8413.07
-8415.04
-8417
-8418.97
-8420.93
-8422.89
-8424.86
-8426.82
-8428.78
-8430.75
-8432.71
-8434.67
-8436.64
-8438.6
-8440.56
-8442.52
-8444.48
-8446.45
-8448.41
-8450.37
-8452.33
-8454.29
-8456.25
-8458.21
-8460.18
-8462.14
-8464.1
-8466.06
-8468.02
-8469.98
-8471.94
-8473.9
-8475.86
-8477.82
-8479.78
-8481.73
-8483.69
-8485.65
-8487.61
-8489.57
-8491.53
-8493.49
-8495.44
-8497.4
-8499.36
-8501.32
-8503.28
-8505.23
-8507.19
-8509.15
-8511.1
-8513.06
-8515.02
-8516.97
-8518.93
-8520.89
-8522.84
-8524.8
-8526.75
-8528.71
-8530.66
-8532.62
-8534.57
-8536.53
-8538.48
-8540.44
-8542.39
-8544.35
-8546.3
-8548.26
-8550.21
-8552.16
-8554.12
-8556.07
-8558.02
-8559.98
-8561.93
-8563.88
-8565.83
-8567.79
-8569.74
-8571.69
-8573.64
-8575.6
-8577.55
-8579.5
-8581.45
-8583.4
-8585.35
-8587.3
-8589.25
-8591.2
-8593.15
-8595.1
-8597.05
-8599
-8600.95
-8602.9
-8604.85
-8606.8
-8608.75
-8610.7
-8612.65
-8614.6
-8616.55
-8618.5
-8620.44
-8622.39
-8624.34
-8626.29
-8628.24
-8630.18
-8632.13
-8634.08
-8636.02
-8637.97
-8639.92
-8641.86
-8643.81
-8645.76
-8647.7
-8649.65
-8651.59
-8653.54
-8655.48
-8657.43
-8659.38
-8661.32
-8663.27
-8665.21
-8667.15
-8669.1
-8671.04
-8672.99
-8674.93
-8676.87
-8678.82
-8680.76
-8682.7
-8684.65
-8686.59
-8688.53
-8690.48
-8692.42
-8694.36
-8696.3
-8698.24
-8700.19
-8702.13
-8704.07
-8706.01
-8707.95
-8709.89
-8711.83
-8713.77
-8715.71
-8717.65
-8719.59
-8721.53
-8723.47
-8725.41
-8727.35
-8729.29
-8731.23
-8733.17
-8735.11
-8737.05
-8738.99
-8740.93
-8742.86
-8744.8
-8746.74
-8748.68
-8750.62
-8752.55
-8754.49
-8756.43
-8758.36
-8760.3
-8762.24
-8764.17
-8766.11
-8768.05
-8769.98
-8771.92
-8773.86
-8775.79
-8777.73
-8779.66
-8781.6
-8783.53
-8785.47
-8787.4
-8789.33
-8791.27
-8793.2
-8795.14
-8797.07
-8799
-8800.94
-8802.87
-8804.8
-8806.74
-8808.67
-8810.6
-8812.54
-8814.47
-8816.4
-8818.33
-8820.26
-8822.2
-8824.13
-8826.06
-8827.99
-8829.92
-8831.85
-8833.78
-8835.71
-8837.64
-8839.57
-8841.5
-8843.43
-8845.36
-8847.29
-8849.22
-8851.15
-8853.08
-8855.01
-8856.94
-8858.87
-8860.79
-8862.72
-8864.65
-8866.58
-8868.51
-8870.43
-8872.36
-8874.29
-8876.22
-8878.14
-8880.07
-8882
-8883.92
-8885.85
-8887.77
-8889.7
-8891.63
-8893.55
-8895.48
-8897.4
-8899.33
-8901.25
-8903.18
-8905.1
-8907.03
-8908.95
-8910.88
-8912.8
-8914.72
-8916.65
-8918.57
-8920.49
-8922.42
-8924.34
-8926.26
-8928.19
-8930.11
-8932.03
-8933.95
-8935.87
-8937.8
-8939.72
-8941.64
-8943.56
-8945.48
-8947.4
-8949.32
-8951.24
-8953.16
-8955.08
-8957
-8958.92
-8960.84
-8962.76
-8964.68
-8966.6
-8968.52
-8970.44
-8972.36
-8974.28
-8976.2
-8978.12
-8980.03
-8981.95
-8983.87
-8985.79
-8987.7
-8989.62
-8991.54
-8993.46
-8995.37
-8997.29
-8999.21
-9001.12
-9003.04
-9004.95
-9006.87
-9008.79
-9010.7
-9012.62
-9014.53
-9016.45
-9018.36
-9020.28
-9022.19
-9024.1
-9026.02
-9027.93
-9029.85
-9031.76
-9033.67
-9035.59
-9037.5
-9039.41
-9041.33
-9043.24
-9045.15
-9047.06
-9048.97
-9050.89
-9052.8
-9054.71
-9056.62
-9058.53
-9060.44
-9062.35
-9064.27
-9066.18
-9068.09
-9070
-9071.91
-9073.82
-9075.73
-9077.64
-9079.54
-9081.45
-9083.36
-9085.27
-9087.18
-9089.09
-9091
-9092.91
-9094.81
-9096.72
-9098.63
-9100.54
-9102.44
-9104.35
-9106.26
-9108.16
-9110.07
-9111.98
-9113.88
-9115.79
-9117.7
-9119.6
-9121.51
-9123.41
-9125.32
-9127.22
-9129.13
-9131.03
-9132.94
-9134.84
-9136.75
-9138.65
-9140.55
-9142.46
-9144.36
-9146.26
-9148.17
-9150.07
-9151.97
-9153.88
-9155.78
-9157.68
-9159.58
-9161.48
-9163.39
-9165.29
-9167.19
-9169.09
-9170.99
-9172.89
-9174.79
-9176.69
-9178.59
-9180.49
-9182.39
-9184.29
-9186.19
-9188.09
-9189.99
-9191.89
-9193.79
-9195.69
-9197.59
-9199.49
-9201.38
-9203.28
-9205.18
-9207.08
-9208.98
-9210.87
-9212.77
-9214.67
-9216.56
-9218.46
-9220.36
-9222.25
-9224.15
-9226.05
-9227.94
-9229.84
-9231.73
-9233.63
-9235.52
-9237.42
-9239.31
-9241.21
-9243.1
-9245
-9246.89
-9248.78
-9250.68
-9252.57
-9254.46
-9256.36
-9258.25
-9260.14
-9262.04
-9263.93
-9265.82
-9267.71
-9269.6
-9271.5
-9273.39
-9275.28
-9277.17
-9279.06
-9280.95
-9282.84
-9284.73
-9286.62
-9288.51
-9290.4
-9292.29
-9294.18
-9296.07
-9297.96
-9299.85
-9301.74
-9303.63
-9305.52
-9307.4
-9309.29
-9311.18
-9313.07
-9314.96
-9316.84
-9318.73
-9320.62
-9322.5
-9324.39
-9326.28
-9328.16
-9330.05
-9331.94
-9333.82
-9335.71
-9337.59
-9339.48
-9341.36
-9343.25
-9345.13
-9347.02
-9348.9
-9350.78
-9352.67
-9354.55
-9356.44
-9358.32
-9360.2
-9362.09
-9363.97
-9365.85
-9367.73
-9369.62
-9371.5
-9373.38
-9375.26
-9377.14
-9379.03
-9380.91
-9382.79
-9384.67
-9386.55
-9388.43
-9390.31
-9392.19
-9394.07
-9395.95
-9397.83
-9399.71
-9401.59
-9403.47
-9405.35
-9407.22
-9409.1
-9410.98
-9412.86
-9414.74
-9416.61
-9418.49
-9420.37
-9422.25
-9424.12
-9426
-9427.88
-9429.75
-9431.63
-9433.51
-9435.38
-9437.26
-9439.13
-9441.01
-9442.88
-9444.76
-9446.63
-9448.51
-9450.38
-9452.26
-9454.13
-9456
-9457.88
-9459.75
-9461.63
-9463.5
-9465.37
-9467.24
-9469.12
-9470.99
-9472.86
-9474.73
-9476.6
-9478.48
-9480.35
-9482.22
-9484.09
-9485.96
-9487.83
-9489.7
-9491.57
-9493.44
-9495.31
-9497.18
-9499.05
-9500.92
-9502.79
-9504.66
-9506.53
-9508.4
-9510.26
-9512.13
-9514
-9515.87
-9517.74
-9519.6
-9521.47
-9523.34
-9525.21
-9527.07
-9528.94
-9530.8
-9532.67
-9534.54
-9536.4
-9538.27
-9540.13
-9542
-9543.86
-9545.73
-9547.59
-9549.46
-9551.32
-9553.19
-9555.05
-9556.91
-9558.78
-9560.64
-9562.5
-9564.37
-9566.23
-9568.09
-9569.95
-9571.82
-9573.68
-9575.54
-9577.4
-9579.26
-9581.12
-9582.98
-9584.85
-9586.71
-9588.57
-9590.43
-9592.29
-9594.15
-9596.01
-9597.87
-9599.73
-9601.58
-9603.44
-9605.3
-9607.16
-9609.02
-9610.88
-9612.73
-9614.59
-9616.45
-9618.31
-9620.16
-9622.02
-9623.88
-9625.73
-9627.59
-9629.45
-9631.3
-9633.16
-9635.01
-9636.87
-9638.72
-9640.58
-9642.43
-9644.29
-9646.14
-9648
-9649.85
-9651.71
-9653.56
-9655.41
-9657.27
-9659.12
-9660.97
-9662.82
-9664.68
-9666.53
-9668.38
-9670.23
-9672.08
-9673.94
-9675.79
-9677.64
-9679.49
-9681.34
-9683.19
-9685.04
-9686.89
-9688.74
-9690.59
-9692.44
-9694.29
-9696.14
-9697.99
-9699.84
-9701.68
-9703.53
-9705.38
-9707.23
-9709.08
-9710.92
-9712.77
-9714.62
-9716.47
-9718.31
-9720.16
-9722
-9723.85
-9725.7
-9727.54
-9729.39
-9731.23
-9733.08
-9734.92
-9736.77
-9738.61
-9740.46
-9742.3
-9744.15
-9745.99
-9747.83
-9749.68
-9751.52
-9753.36
-9755.2
-9757.05
-9758.89
-9760.73
-9762.57
-9764.42
-9766.26
-9768.1
-9769.94
-9771.78
-9773.62
-9775.46
-9777.3
-9779.14
-9780.98
-9782.82
-9784.66
-9786.5
-9788.34
-9790.18
-9792.02
-9793.86
-9795.69
-9797.53
-9799.37
-9801.21
-9803.04
-9804.88
-9806.72
-9808.56
-9810.39
-9812.23
-9814.07
-9815.9
-9817.74
-9819.57
-9821.41
-9823.24
-9825.08
-9826.91
-9828.75
-9830.58
-9832.42
-9834.25
-9836.08
-9837.92
-9839.75
-9841.58
-9843.42
-9845.25
-9847.08
-9848.91
-9850.75
-9852.58
-9854.41
-9856.24
-9858.07
-9859.9
-9861.74
-9863.57
-9865.4
-9867.23
-9869.06
-9870.89
-9872.72
-9874.55
-9876.38
-9878.2
-9880.03
-9881.86
-9883.69
-9885.52
-9887.35
-9889.17
-9891
-9892.83
-9894.66
-9896.48
-9898.31
-9900.14
-9901.96
-9903.79
-9905.62
-9907.44
-9909.27
-9911.09
-9912.92
-9914.74
-9916.57
-9918.39
-9920.21
-9922.04
-9923.86
-9925.69
-9927.51
-9929.33
-9931.16
-9932.98
-9934.8
-9936.62
-9938.45
-9940.27
-9942.09
-9943.91
-9945.73
-9947.55
-9949.37
-9951.19
-9953.02
-9954.84
-9956.66
-9958.48
-9960.29
-9962.11
-9963.93
-9965.75
-9967.57
-9969.39
-9971.21
-9973.03
-9974.84
-9976.66
-9978.48
-9980.3
-9982.11
-9983.93
-9985.75
-9987.56
-9989.38
-9991.2
-9993.01
-9994.83
-9996.64
-9998.46
-10000.3
-10002.1
-10003.9
-10005.7
-10007.5
-10009.3
-10011.2
-10013
-10014.8
-10016.6
-10018.4
-10020.2
-10022
-10023.8
-10025.7
-10027.5
-10029.3
-10031.1
-10032.9
-10034.7
-10036.5
-10038.3
-10040.1
-10042
-10043.8
-10045.6
-10047.4
-10049.2
-10051
-10052.8
-10054.6
-10056.4
-10058.2
-10060
-10061.8
-10063.7
-10065.5
-10067.3
-10069.1
-10070.9
-10072.7
-10074.5
-10076.3
-10078.1
-10079.9
-10081.7
-10083.5
-10085.3
-10087.1
-10088.9
-10090.7
-10092.5
-10094.3
-10096.2
-10098
-10099.8
-10101.6
-10103.4
-10105.2
-10107
-10108.8
-10110.6
-10112.4
-10114.2
-10116
-10117.8
-10119.6
-10121.4
-10123.2
-10125
-10126.8
-10128.6
-10130.4
-10132.2
-10134
-10135.8
-10137.6
-10139.4
-10141.2
-10143
-10144.8
-10146.6
-10148.4
-10150.1
-10151.9
-10153.7
-10155.5
-10157.3
-10159.1
-10160.9
-10162.7
-10164.5
-10166.3
-10168.1
-10169.9
-10171.7
-10173.5
-10175.3
-10177.1
-10178.9
-10180.7
-10182.4
-10184.2
-10186
-10187.8
-10189.6
-10191.4
-10193.2
-10195
-10196.8
-10198.6
-10200.4
-10202.2
-10203.9
-10205.7
-10207.5
-10209.3
-10211.1
-10212.9
-10214.7
-10216.5
-10218.3
-10220
-10221.8
-10223.6
-10225.4
-10227.2
-10229
-10230.8
-10232.5
-10234.3
-10236.1
-10237.9
-10239.7
-10241.5
-10243.3
-10245
-10246.8
-10248.6
-10250.4
-10252.2
-10254
-10255.7
-10257.5
-10259.3
-10261.1
-10262.9
-10264.7
-10266.4
-10268.2
-10270
-10271.8
-10273.6
-10275.3
-10277.1
-10278.9
-10280.7
-10282.5
-10284.2
-10286
-10287.8
-10289.6
-10291.4
-10293.1
-10294.9
-10296.7
-10298.5
-10300.3
-10302
-10303.8
-10305.6
-10307.4
-10309.1
-10310.9
-10312.7
-10314.5
-10316.2
-10318
-10319.8
-10321.6
-10323.3
-10325.1
-10326.9
-10328.7
-10330.4
-10332.2
-10334
-10335.7
-10337.5
-10339.3
-10341.1
-10342.8
-10344.6
-10346.4
-10348.1
-10349.9
-10351.7
-10353.5
-10355.2
-10357
-10358.8
-10360.5
-10362.3
-10364.1
-10365.8
-10367.6
-10369.4
-10371.1
-10372.9
-10374.7
-10376.5
-10378.2
-10380
-10381.8
-10383.5
-10385.3
-10387
-10388.8
-10390.6
-10392.3
-10394.1
-10395.9
-10397.6
-10399.4
-10401.2
-10402.9
-10404.7
-10406.5
-10408.2
-10410
-10411.7
-10413.5
-10415.3
-10417
-10418.8
-10420.5
-10422.3
-10424.1
-10425.8
-10427.6
-10429.4
-10431.1
-10432.9
-10434.6
-10436.4
-10438.1
-10439.9
-10441.7
-10443.4
-10445.2
-10446.9
-10448.7
-10450.4
-10452.2
-10454
-10455.7
-10457.5
-10459.2
-10461
-10462.7
-10464.5
-10466.2
-10468
-10469.8
-10471.5
-10473.3
-10475
-10476.8
-10478.5
-10480.3
-10482
-10483.8
-10485.5
-10487.3
-10489
-10490.8
-10492.5
-10494.3
-10496
-10497.8
-10499.5
-10501.3
-10503
-10504.8
-10506.5
-10508.3
-10510
-10511.8
-10513.5
-10515.3
-10517
-10518.8
-10520.5
-10522.3
-10524
-10525.8
-10527.5
-10529.2
-10531
-10532.7
-10534.5
-10536.2
-10538
-10539.7
-10541.5
-10543.2
-10544.9
-10546.7
-10548.4
-10550.2
-10551.9
-10553.7
-10555.4
-10557.1
-10558.9
-10560.6
-10562.4
-10564.1
-10565.8
-10567.6
-10569.3
-10571.1
-10572.8
-10574.5
-10576.3
-10578
-10579.8
-10581.5
-10583.2
-10585
-10586.7
-10588.4
-10590.2
-10591.9
-10593.6
-10595.4
-10597.1
-10598.9
-10600.6
-10602.3
-10604.1
-10605.8
-10607.5
-10609.3
-10611
-10612.7
-10614.5
-10616.2
-10617.9
-10619.7
-10621.4
-10623.1
-10624.8
-10626.6
-10628.3
-10630
-10631.8
-10633.5
-10635.2
-10637
-10638.7
-10640.4
-10642.1
-10643.9
-10645.6
-10647.3
-10649.1
-10650.8
-10652.5
-10654.2
-10656
-10657.7
-10659.4
-10661.1
-10662.9
-10664.6
-10666.3
-10668
-10669.8
-10671.5
-10673.2
-10674.9
-10676.7
-10678.4
-10680.1
-10681.8
-10683.5
-10685.3
-10687
-10688.7
-10690.4
-10692.2
-10693.9
-10695.6
-10697.3
-10699
-10700.8
-10702.5
-10704.2
-10705.9
-10707.6
-10709.3
-10711.1
-10712.8
-10714.5
-10716.2
-10717.9
-10719.6
-10721.4
-10723.1
-10724.8
-10726.5
-10728.2
-10729.9
-10731.7
-10733.4
-10735.1
-10736.8
-10738.5
-10740.2
-10741.9
-10743.6
-10745.4
-10747.1
-10748.8
-10750.5
-10752.2
-10753.9
-10755.6
-10757.3
-10759
-10760.8
-10762.5
-10764.2
-10765.9
-10767.6
-10769.3
-10771
-10772.7
-10774.4
-10776.1
-10777.8
-10779.5
-10781.3
-10783
-10784.7
-10786.4
-10788.1
-10789.8
-10791.5
-10793.2
-10794.9
-10796.6
-10798.3
-10800
-10801.7
-10803.4
-10805.1
-10806.8
-10808.5
-10810.2
-10811.9
-10813.6
-10815.3
-10817
-10818.7
-10820.4
-10822.1
-10823.8
-10825.5
-10827.2
-10828.9
-10830.6
-10832.3
-10834
-10835.7
-10837.4
-10839.1
-10840.8
-10842.5
-10844.2
-10845.9
-10847.6
-10849.3
-10851
-10852.7
-10854.4
-10856
-10857.7
-10859.4
-10861.1
-10862.8
-10864.5
-10866.2
-10867.9
-10869.6
-10871.3
-10873
-10874.7
-10876.3
-10878
-10879.7
-10881.4
-10883.1
-10884.8
-10886.5
-10888.2
-10889.9
-10891.5
-10893.2
-10894.9
-10896.6
-10898.3
-10900
-10901.7
-10903.3
-10905
-10906.7
-10908.4
-10910.1
-10911.8
-10913.5
-10915.1
-10916.8
-10918.5
-10920.2
-10921.9
-10923.6
-10925.2
-10926.9
-10928.6
-10930.3
-10932
-10933.6
-10935.3
-10937
-10938.7
-10940.4
-10942
-10943.7
-10945.4
-10947.1
-10948.7
-10950.4
-10952.1
-10953.8
-10955.4
-10957.1
-10958.8
-10960.5
-10962.1
-10963.8
-10965.5
-10967.2
-10968.8
-10970.5
-10972.2
-10973.9
-10975.5
-10977.2
-10978.9
-10980.6
-10982.2
-10983.9
-10985.6
-10987.2
-10988.9
-10990.6
-10992.2
-10993.9
-10995.6
-10997.2
-10998.9
-11000.6
-11002.3
-11003.9
-11005.6
-11007.3
-11008.9
-11010.6
-11012.2
-11013.9
-11015.6
-11017.2
-11018.9
-11020.6
-11022.2
-11023.9
-11025.6
-11027.2
-11028.9
-11030.5
-11032.2
-11033.9
-11035.5
-11037.2
-11038.9
-11040.5
-11042.2
-11043.8
-11045.5
-11047.2
-11048.8
-11050.5
-11052.1
-11053.8
-11055.4
-11057.1
-11058.8
-11060.4
-11062.1
-11063.7
-11065.4
-11067
-11068.7
-11070.3
-11072
-11073.6
-11075.3
-11077
-11078.6
-11080.3
-11081.9
-11083.6
-11085.2
-11086.9
-11088.5
-11090.2
-11091.8
-11093.5
-11095.1
-11096.8
-11098.4
-11100.1
-11101.7
-11103.4
-11105
-11106.7
-11108.3
-11109.9
-11111.6
-11113.2
-11114.9
-11116.5
-11118.2
-11119.8
-11121.5
-11123.1
-11124.7
-11126.4
-11128
-11129.7
-11131.3
-11133
-11134.6
-11136.2
-11137.9
-11139.5
-11141.2
-11142.8
-11144.4
-11146.1
-11147.7
-11149.4
-11151
-11152.6
-11154.3
-11155.9
-11157.5
-11159.2
-11160.8
-11162.5
-11164.1
-11165.7
-11167.4
-11169
-11170.6
-11172.3
-11173.9
-11175.5
-11177.2
-11178.8
-11180.4
-11182.1
-11183.7
-11185.3
-11186.9
-11188.6
-11190.2
-11191.8
-11193.5
-11195.1
-11196.7
-11198.4
-11200
-11201.6
-11203.2
-11204.9
-11206.5
-11208.1
-11209.7
-11211.4
-11213
-11214.6
-11216.2
-11217.9
-11219.5
-11221.1
-11222.7
-11224.4
-11226
-11227.6
-11229.2
-11230.8
-11232.5
-11234.1
-11235.7
-11237.3
-11238.9
-11240.6
-11242.2
-11243.8
-11245.4
-11247
-11248.6
-11250.3
-11251.9
-11253.5
-11255.1
-11256.7
-11258.3
-11260
-11261.6
-11263.2
-11264.8
-11266.4
-11268
-11269.6
-11271.2
-11272.9
-11274.5
-11276.1
-11277.7
-11279.3
-11280.9
-11282.5
-11284.1
-11285.7
-11287.3
-11288.9
-11290.6
-11292.2
-11293.8
-11295.4
-11297
-11298.6
-11300.2
-11301.8
-11303.4
-11305
-11306.6
-11308.2
-11309.8
-11311.4
-11313
-11314.6
-11316.2
-11317.8
-11319.4
-11321
-11322.6
-11324.2
-11325.8
-11327.4
-11329
-11330.6
-11332.2
-11333.8
-11335.4
-11337
-11338.6
-11340.2
-11341.8
-11343.4
-11345
-11346.6
-11348.2
-11349.8
-11351.4
-11352.9
-11354.5
-11356.1
-11357.7
-11359.3
-11360.9
-11362.5
-11364.1
-11365.7
-11367.3
-11368.8
-11370.4
-11372
-11373.6
-11375.2
-11376.8
-11378.4
-11380
-11381.5
-11383.1
-11384.7
-11386.3
-11387.9
-11389.5
-11391
-11392.6
-11394.2
-11395.8
-11397.4
-11399
-11400.5
-11402.1
-11403.7
-11405.3
-11406.9
-11408.4
-11410
-11411.6
-11413.2
-11414.7
-11416.3
-11417.9
-11419.5
-11421
-11422.6
-11424.2
-11425.8
-11427.3
-11428.9
-11430.5
-11432.1
-11433.6
-11435.2
-11436.8
-11438.3
-11439.9
-11441.5
-11443.1
-11444.6
-11446.2
-11447.8
-11449.3
-11450.9
-11452.5
-11454
-11455.6
-11457.2
-11458.7
-11460.3
-11461.9
-11463.4
-11465
-11466.5
-11468.1
-11469.7
-11471.2
-11472.8
-11474.3
-11475.9
-11477.5
-11479
-11480.6
-11482.1
-11483.7
-11485.3
-11486.8
-11488.4
-11489.9
-11491.5
-11493
-11494.6
-11496.2
-11497.7
-11499.3
-11500.8
-11502.4
-11503.9
-11505.5
-11507
-11508.6
-11510.1
-11511.7
-11513.2
-11514.8
-11516.3
-11517.9
-11519.4
-11521
-11522.5
-11524.1
-11525.6
-11527.2
-11528.7
-11530.2
-11531.8
-11533.3
-11534.9
-11536.4
-11538
-11539.5
-11541
-11542.6
-11544.1
-11545.7
-11547.2
-11548.7
-11550.3
-11551.8
-11553.4
-11554.9
-11556.4
-11558
-11559.5
-11561
-11562.6
-11564.1
-11565.6
-11567.2
-11568.7
-11570.2
-11571.8
-11573.3
-11574.8
-11576.4
-11577.9
-11579.4
-11581
-11582.5
-11584
-11585.5
-11587.1
-11588.6
-11590.1
-11591.7
-11593.2
-11594.7
-11596.2
-11597.8
-11599.3
-11600.8
-11602.3
-11603.8
-11605.4
-11606.9
-11608.4
-11609.9
-11611.4
-11613
-11614.5
-11616
-11617.5
-11619
-11620.6
-11622.1
-11623.6
-11625.1
-11626.6
-11628.1
-11629.6
-11631.2
-11632.7
-11634.2
-11635.7
-11637.2
-11638.7
-11640.2
-11641.7
-11643.2
-11644.8
-11646.3
-11647.8
-11649.3
-11650.8
-11652.3
-11653.8
-11655.3
-11656.8
-11658.3
-11659.8
-11661.3
-11662.8
-11664.3
-11665.8
-11667.3
-11668.8
-11670.3
-11671.8
-11673.3
-11674.8
-11676.3
-11677.8
-11679.3
-11680.8
-11682.3
-11683.8
-11685.3
-11686.8
-11688.3
-11689.8
-11691.3
-11692.7
-11694.2
-11695.7
-11697.2
-11698.7
-11700.2
-11701.7
-11703.2
-11704.7
-11706.1
-11707.6
-11709.1
-11710.6
-11712.1
-11713.6
-11715.1
-11716.5
-11718
-11719.5
-11721
-11722.5
-11723.9
-11725.4
-11726.9
-11728.4
-11729.9
-11731.3
-11732.8
-11734.3
-11735.8
-11737.2
-11738.7
-11740.2
-11741.7
-11743.1
-11744.6
-11746.1
-11747.5
-11749
-11750.5
-11751.9
-11753.4
-11754.9
-11756.3
-11757.8
-11759.3
-11760.7
-11762.2
-11763.7
-11765.1
-11766.6
-11768.1
-11769.5
-11771
-11772.4
-11773.9
-11775.4
-11776.8
-11778.3
-11779.7
-11781.2
-11782.7
-11784.1
-11785.6
-11787
-11788.5
-11789.9
-11791.4
-11792.8
-11794.3
-11795.7
-11797.2
-11798.6
-11800.1
-11801.5
-11803
-11804.4
-11805.9
-11807.3
-11808.8
-11810.2
-11811.6
-11813.1
-11814.5
-11816
-11817.4
-11818.8
-11820.3
-11821.7
-11823.2
-11824.6
-11826
-11827.5
-11828.9
-11830.3
-11831.8
-11833.2
-11834.6
-11836.1
-11837.5
-11838.9
-11840.4
-11841.8
-11843.2
-11844.7
-11846.1
-11847.5
-11848.9
-11850.4
-11851.8
-11853.2
-11854.6
-11856.1
-11857.5
-11858.9
-11860.3
-11861.7
-11863.2
-11864.6
-11866
-11867.4
-11868.8
-11870.3
-11871.7
-11873.1
-11874.5
-11875.9
-11877.3
-11878.7
-11880.1
-11881.6
-11883
-11884.4
-11885.8
-11887.2
-11888.6
-11890
-11891.4
-11892.8
-11894.2
-11895.6
-11897
-11898.4
-11899.8
-11901.2
-11902.6
-11904
-11905.4
-11906.8
-11908.2
-11909.6
-11911
-11912.4
-11913.8
-11915.2
-11916.6
-11918
-11919.4
-11920.7
-11922.1
-11923.5
-11924.9
-11926.3
-11927.7
-11929.1
-11930.4
-11931.8
-11933.2
-11934.6
-11936
-11937.4
-11938.7
-11940.1
-11941.5
-11942.9
-11944.2
-11945.6
-11947
-11948.4
-11949.7
-11951.1
-11952.5
-11953.9
-11955.2
-11956.6
-11958
-11959.3
-11960.7
-11962.1
-11963.4
-11964.8
-11966.1
-11967.5
-11968.9
-11970.2
-11971.6
-11972.9
-11974.3
-11975.7
-11977
-11978.4
-11979.7
-11981.1
-11982.4
-11983.8
-11985.1
-11986.5
-11987.8
-11989.2
-11990.5
-11991.9
-11993.2
-11994.6
-11995.9
-11997.3
-11998.6
-11999.9
-12001.3
-12002.6
-12004
-12005.3
-12006.6
-12008
-12009.3
-12010.6
-12012
-12013.3
-12014.6
-12016
-12017.3
-12018.6
-12019.9
-12021.3
-12022.6
-12023.9
-12025.2
-12026.6
-12027.9
-12029.2
-12030.5
-12031.9
-12033.2
-12034.5
-12035.8
-12037.1
-12038.4
-12039.7
-12041.1
-12042.4
-12043.7
-12045
-12046.3
-12047.6
-12048.9
-12050.2
-12051.5
-12052.8
-12054.1
-12055.4
-12056.7
-12058
-12059.3
-12060.6
-12061.9
-12063.2
-12064.5
-12065.8
-12067.1
-12068.4
-12069.7
-12071
-12072.2
-12073.5
-12074.8
-12076.1
-12077.4
-12078.7
-12079.9
-12081.2
-12082.5
-12083.8
-12085.1
-12086.3
-12087.6
-12088.9
-12090.2
-12091.4
-12092.7
-12094
-12095.2
-12096.5
-12097.8
-12099
-12100.3
-12101.6
-12102.8
-12104.1
-12105.3
-12106.6
-12107.8
-12109.1
-12110.4
-12111.6
-12112.9
-12114.1
-12115.4
-12116.6
-12117.9
-12119.1
-12120.3
-12121.6
-12122.8
-12124.1
-12125.3
-12126.6
-12127.8
-12129
-12130.3
-12131.5
-12132.7
-12134
-12135.2
-12136.4
-12137.6
-12138.9
-12140.1
-12141.3
-12142.5
-12143.8
-12145
-12146.2
-12147.4
-12148.6
-12149.9
-12151.1
-12152.3
-12153.5
-12154.7
-12155.9
-12157.1
-12158.3
-12159.5
-12160.7
-12161.9
-12163.1
-12164.3
-12165.5
-12166.7
-12167.9
-12169.1
-12170.3
-12171.5
-12172.7
-12173.9
-12175.1
-12176.2
-12177.4
-12178.6
-12179.8
-12181
-12182.1
-12183.3
-12184.5
-12185.7
-12186.8
-12188
-12189.2
-12190.4
-12191.5
-12192.7
-12193.8
-12195
-12196.2
-12197.3
-12198.5
-12199.6
-12200.8
-12202
-12203.1
-12204.3
-12205.4
-12206.5
-12207.7
-12208.8
-12210
-12211.1
-12212.3
-12213.4
-12214.5
-12215.7
-12216.8
-12217.9
-12219.1
-12220.2
-12221.3
-12222.4
-12223.6
-12224.7
-12225.8
-12226.9
-12228
-12229.1
-12230.3
-12231.4
-12232.5
-12233.6
-12234.7
-12235.8
-12236.9
-12238
-12239.1
-12240.2
-12241.3
-12242.4
-12243.5
-12244.6
-12245.7
-12246.7
-12247.8
-12248.9
-12250
-12251.1
-12252.1
-12253.2
-12254.3
-12255.4
-12256.4
-12257.5
-12258.6
-12259.6
-12260.7
-12261.8
-12262.8
-12263.9
-12264.9
-12266
-12267
-12268.1
-12269.1
-12270.2
-12271.2
-12272.3
-12273.3
-12274.3
-12275.4
-12276.4
-12277.4
-12278.5
-12279.5
-12280.5
-12281.5
-12282.6
-12283.6
-12284.6
-12285.6
-12286.6
-12287.6
-12288.6
-12289.6
-12290.6
-12291.6
-12292.6
-12293.6
-12294.6
-12295.6
-12296.6
-12297.6
-12298.6
-12299.6
-12300.6
-12301.5
-12302.5
-12303.5
-12304.5
-12305.4
-12306.4
-12307.4
-12308.3
-12309.3
-12310.2
-12311.2
-12312.2
-12313.1
-12314.1
-12315
-12315.9
-12316.9
-12317.8
-12318.8
-12319.7
-12320.6
-12321.5
-12322.5
-12323.4
-12324.3
-12325.2
-12326.2
-12327.1
-12328
-12328.9
-12329.8
-12330.7
-12331.6
-12332.5
-12333.4
-12334.3
-12335.2
-12336
-12336.9
-12337.8
-12338.7
-12339.6
-12340.4
-12341.3
-12342.2
-12343
-12343.9
-12344.7
-12345.6
-12346.5
-12347.3
-12348.1
-12349
-12349.8
-12350.7
-12351.5
-12352.3
-12353.2
-12354
-12354.8
-12355.6
-12356.4
-12357.2
-12358.1
-12358.9
-12359.7
-12360.5
-12361.3
-12362.1
-12362.8
-12363.6
-12364.4
-12365.2
-12366
-12366.7
-12367.5
-12368.3
-12369
-12369.8
-12370.5
-12371.3
-12372
-12372.8
-12373.5
-12374.3
-12375
-12375.7
-12376.4
-12377.2
-12377.9
-12378.6
-12379.3
-12380
-12380.7
-12381.4
-12382.1
-12382.8
-12383.5
-12384.2
-12384.8
-12385.5
-12386.2
-12386.9
-12387.5
-12388.2
-12388.8
-12389.5
-12390.1
-12390.8
-12391.4
-12392
-12392.7
-12393.3
-12393.9
-12394.5
-12395.1
-12395.7
-12396.3
-12396.9
-12397.5
-12398.1
-12398.7
-12399.3
-12399.8
-12400.4
-12401
-12401.5
-12402.1
-12402.6
-12403.2
-12403.7
-12404.2
-12404.8
-12405.3
-12405.8
-12406.3
-12406.8
-12407.3
-12407.8
-12408.3
-12408.8
-12409.3
-12409.8
-12410.2
-12410.7
-12411.1
-12411.6
-12412
-12412.5
-12412.9
-12413.3
-12413.8
-12414.2
-12414.6
-12415
-12415.4
-12415.8
-12416.1
-12416.5
-12416.9
-12417.3
-12417.6
-12418
-12418.3
-12418.6
-12419
-12419.3
-12419.6
-12419.9
-12420.2
-12420.5
-12420.8
-12421.1
-12421.3
-12421.6
-12421.9
-12422.1
-12422.4
-12422.6
-12422.8
-12423
-12423.2
-12423.4
-12423.6
-12423.8
-12424
-12424.1
-12424.3
-12424.4
-12424.6
-12424.7
-12424.8
-12424.9
-12425
-12425.1
-12425.2
-12425.3
-12425.4
-12425.4
-12425.4
-12425.5
-12425.5
-12425.5
-12425.5
-12425.5
-12425.5
-12425.4
-12425.4
-12425.3
-12425.3
-12425.2
-12425.1
-12425
-12424.9
-12424.8
-12424.6
-12424.5
-12424.3
-12424.1
-12423.9
-12423.7
-12423.5
-12423.3
-12423
-12422.7
-12422.5
-12422.2
-12421.8
-12421.5
-12421.2
-12420.8
-12420.4
-12420.1
-12419.6
-12419.2
-12418.8
-12418.3
-12417.8
-12417.3
-12416.8
-12416.3
-12415.7
-12415.1
-12414.5
-12413.9
-12413.3
-12412.6
-12411.9
-12411.2
-12410.5
-12409.7
-12409
-12408.2
-12407.3
-12406.5
-12405.6
-12404.7
-12403.7
-12402.8
-12401.8
-12400.7
-12399.7
-12398.6
-12397.4
-12396.3
-12395.1
-12393.8
-12392.6
-12391.3
-12389.9
-12388.5
-12387.1
-12385.6
-12384.1
-12382.5
-12380.9
-12379.3
-12377.5
-12375.8
-12373.9
-12372.1
-12370.1
-12368.1
-12366
-12363.9
-12361.7
-12359.4
-12357
-12354.6
-12352.1
-12349.4
-12346.7
-12343.9
-12341
-12338
-12334.8
-12331.5
-12328.1
-12324.5
-12320.8
-12316.9
-12312.8
-12308.6
-12304.1
-12299.4
-12294.4
-12289.1
-12283.5
-12277.5
-12271.1
-12264.3
-12256.8
-12248.7
-12239.8
-12229.9
-12218.7
-12205.6
-12189.8
-12169.2
-12136.2
