14.0189
13.8158
13.6127
13.4096
13.2064
13.0032
12.8
12.5967
12.3935
12.1901
11.9868
11.7834
11.58
11.3766
11.1731
10.9696
10.7661
10.5626
10.359
10.1554
9.95174
9.74807
9.54437
9.34064
9.13689
8.9331
8.72928
8.52544
8.32156
8.11766
7.91373
7.70976
7.50577
7.30175
7.0977
6.89362
6.68951
6.48537
6.2812
6.077
5.87277
5.66852
5.46423
5.25991
5.05557
4.85119
4.64679
4.44236
4.23789
4.0334
3.82888
3.62433
3.41975
3.21514
3.0105
2.80583
2.60113
2.3964
2.19164
1.98686
1.78204
1.57719
1.37232
1.16741
0.962479
0.757516
0.552523
0.347501
0.142449
-0.0626324
-0.267743
-0.472883
-0.678053
-0.883252
-1.08848
-1.29374
-1.49903
-1.70434
-1.90969
-2.11506
-2.32047
-2.5259
-2.73137
-2.93686
-3.14238
-3.34793
-3.55352
-3.75913
-3.96477
-4.17044
-4.37614
-4.58187
-4.78762
-4.99341
-5.19923
-5.40507
-5.61095
-5.81686
-6.02279
-6.22875
-6.43475
-6.64077
-6.84682
-7.05291
-7.25902
-7.46516
-7.67133
-7.87753
-8.08376
-8.29001
-8.4963
-8.70262
-8.90897
-9.11534
-9.32175
-9.52818
-9.73465
-9.94114
-10.1477
-10.3542
-10.5608
-10.7674
-10.9741
-11.1807
-11.3874
-11.5942
-11.8009
-12.0077
-12.2145
-12.4214
-12.6282
-12.8351
-13.0421
-13.249
-13.456
-13.6631
-13.8701
-14.0772
-14.2843
-14.4915
-14.6986
-14.9058
-15.1131
-15.3203
-15.5276
-15.7349
-15.9423
-16.1496
-16.357
-16.5645
-16.7719
-16.9794
-17.187
-17.3945
-17.6021
-17.8097
-18.0174
-18.225
-18.4327
-18.6405
-18.8482
-19.056
-19.2638
-19.4717
-19.6795
-19.8875
-20.0954
-20.3034
-20.5113
-20.7194
-20.9274
-21.1355
-21.3436
-21.5518
-21.7599
-21.9681
-22.1764
-22.3846
-22.5929
-22.8012
-23.0096
-23.218
-23.4264
-23.6348
-23.8433
-24.0518
-24.2603
-24.4688
-24.6774
-24.886
-25.0947
-25.3033
-25.512
-25.7208
-25.9295
-26.1383
-26.3471
-26.556
-26.7649
-26.9738
-27.1827
-27.3917
-27.6007
-27.8097
-28.0187
-28.2278
-28.4369
-28.6461
-28.8553
-29.0645
-29.2737
-29.4829
-29.6922
-29.9016
-30.1109
-30.3203
-30.5297
-30.7391
-30.9486
-31.1581
-31.3676
-31.5772
-31.7867
-31.9964
-32.206
-32.4157
-32.6254
-32.8351
-33.0449
-33.2546
-33.4645
-33.6743
-33.8842
-34.0941
-34.304
-34.514
-34.724
-34.934
-35.1441
-35.3542
-35.5643
-35.7744
-35.9846
-36.1948
-36.405
-36.6153
-36.8256
-37.0359
-37.2462
-37.4566
-37.667
-37.8775
-38.0879
-38.2984
-38.5089
-38.7195
-38.9301
-39.1407
-39.3513
-39.562
-39.7727
-39.9834
-40.1942
-40.405
-40.6158
-40.8267
-41.0375
-41.2484
-41.4594
-41.6703
-41.8813
-42.0924
-42.3034
-42.5145
-42.7256
-42.9368
-43.1479
-43.3591
-43.5704
-43.7816
-43.9929
-44.2042
-44.4156
-44.627
-44.8384
-45.0498
-45.2613
-45.4728
-45.6843
-45.8958
-46.1074
-46.319
-46.5307
-46.7423
-46.9541
-47.1658
-47.3775
-47.5893
-47.8012
-48.013
-48.2249
-48.4368
-48.6487
-48.8607
-49.0727
-49.2847
-49.4968
-49.7088
-49.921
-50.1331
-50.3453
-50.5575
-50.7697
-50.982
-51.1943
-51.4066
-51.6189
-51.8313
-52.0437
-52.2561
-52.4686
-52.6811
-52.8936
-53.1062
-53.3188
-53.5314
-53.744
-53.9567
-54.1694
-54.3821
-54.5949
-54.8077
-55.0205
-55.2333
-55.4462
-55.6591
-55.8721
-56.085
-56.298
-56.5111
-56.7241
-56.9372
-57.1503
-57.3634
-57.5766
-57.7898
-58.0031
-58.2163
-58.4296
-58.6429
-58.8563
-59.0696
-59.2831
-59.4965
-59.71
-59.9235
-60.137
-60.3505
-60.5641
-60.7777
-60.9914
-61.205
-61.4187
-61.6325
-61.8462
-62.06
-62.2738
-62.4877
-62.7016
-62.9155
-63.1294
-63.3434
-63.5574
-63.7714
-63.9855
-64.1995
-64.4136
-64.6278
-64.842
-65.0562
-65.2704
-65.4847
-65.6989
-65.9133
-66.1276
-66.342
-66.5564
-66.7708
-66.9853
-67.1998
-67.4143
-67.6289
-67.8435
-68.0581
-68.2727
-68.4874
-68.7021
-68.9168
-69.1316
-69.3464
-69.5612
-69.776
-69.9909
-70.2058
-70.4208
-70.6357
-70.8507
-71.0657
-71.2808
-71.4959
-71.711
-71.9261
-72.1413
-72.3565
-72.5717
-72.787
-73.0023
-73.2176
-73.433
-73.6483
-73.8637
-74.0792
-74.2946
-74.5101
-74.7257
-74.9412
-75.1568
-75.3724
-75.5881
-75.8037
-76.0194
-76.2352
-76.4509
-76.6667
-76.8825
-77.0984
-77.3142
-77.5302
-77.7461
-77.9621
-78.178
-78.3941
-78.6101
-78.8262
-79.0423
-79.2585
-79.4746
-79.6908
-79.9071
-80.1233
-80.3396
-80.5559
-80.7723
-80.9887
-81.2051
-81.4215
-81.638
-81.8545
-82.071
-82.2875
-82.5041
-82.7207
-82.9374
-83.154
-83.3707
-83.5875
-83.8042
-84.021
-84.2378
-84.4547
-84.6716
-84.8885
-85.1054
-85.3224
-85.5394
-85.7564
-85.9735
-86.1905
-86.4076
-86.6248
-86.842
-87.0592
-87.2764
-87.4936
-87.7109
-87.9283
-88.1456
-88.363
-88.5804
-88.7978
-89.0153
-89.2328
-89.4503
-89.6679
-89.8854
-90.1031
-90.3207
-90.5384
-90.7561
-90.9738
-91.1916
-91.4093
-91.6272
-91.845
-92.0629
-92.2808
-92.4987
-92.7167
-92.9347
-93.1527
-93.3708
-93.5888
-93.807
-94.0251
-94.2433
-94.4615
-94.6797
-94.898
-95.1162
-95.3346
-95.5529
-95.7713
-95.9897
-96.2081
-96.4266
-96.6451
-96.8636
-97.0822
-97.3007
-97.5194
-97.738
-97.9567
-98.1754
-98.3941
-98.6128
-98.8316
-99.0505
-99.2693
-99.4882
-99.7071
-99.926
-100.145
-100.364
-100.583
-100.802
-101.021
-101.24
-101.459
-101.679
-101.898
-102.117
-102.336
-102.556
-102.775
-102.994
-103.214
-103.433
-103.652
-103.872
-104.091
-104.311
-104.53
-104.75
-104.97
-105.189
-105.409
-105.629
-105.848
-106.068
-106.288
-106.508
-106.728
-106.947
-107.167
-107.387
-107.607
-107.827
-108.047
-108.267
-108.487
-108.708
-108.928
-109.148
-109.368
-109.588
-109.809
-110.029
-110.249
-110.469
-110.69
-110.91
-111.131
-111.351
-111.572
-111.792
-112.013
-112.233
-112.454
-112.675
-112.895
-113.116
-113.337
-113.557
-113.778
-113.999
-114.22
-114.441
-114.662
-114.883
-115.104
-115.324
-115.546
-115.767
-115.988
-116.209
-116.43
-116.651
-116.872
-117.093
-117.315
-117.536
-117.757
-117.979
-118.2
-118.421
-118.643
-118.864
-119.086
-119.307
-119.529
-119.751
-119.972
-120.194
-120.415
-120.637
-120.859
-121.081
-121.302
-121.524
-121.746
-121.968
-122.19
-122.412
-122.634
-122.856
-123.078
-123.3
-123.522
-123.744
-123.966
-124.188
-124.41
-124.633
-124.855
-125.077
-125.3
-125.522
-125.744
-125.967
-126.189
-126.412
-126.634
-126.857
-127.079
-127.302
-127.524
-127.747
-127.97
-128.192
-128.415
-128.638
-128.861
-129.083
-129.306
-129.529
-129.752
-129.975
-130.198
-130.421
-130.644
-130.867
-131.09
-131.313
-131.536
-131.759
-131.983
-132.206
-132.429
-132.652
-132.876
-133.099
-133.322
-133.546
-133.769
-133.993
-134.216
-134.44
-134.663
-134.887
-135.11
-135.334
-135.558
-135.781
-136.005
-136.229
-136.453
-136.677
-136.9
-137.124
-137.348
-137.572
-137.796
-138.02
-138.244
-138.468
-138.692
-138.916
-139.14
-139.365
-139.589
-139.813
-140.037
-140.262
-140.486
-140.71
-140.935
-141.159
-141.383
-141.608
-141.832
-142.057
-142.281
-142.506
-142.731
-142.955
-143.18
-143.405
-143.629
-143.854
-144.079
-144.304
-144.529
-144.753
-144.978
-145.203
-145.428
-145.653
-145.878
-146.103
-146.328
-146.553
-146.779
-147.004
-147.229
-147.454
-147.679
-147.905
-148.13
-148.355
-148.581
-148.806
-149.032
-149.257
-149.482
-149.708
-149.934
-150.159
-150.385
-150.61
-150.836
-151.062
-151.287
-151.513
-151.739
-151.965
-152.191
-152.416
-152.642
-152.868
-153.094
-153.32
-153.546
-153.772
-153.998
-154.225
-154.451
-154.677
-154.903
-155.129
-155.355
-155.582
-155.808
-156.034
-156.261
-156.487
-156.714
-156.94
-157.167
-157.393
-157.62
-157.846
-158.073
-158.299
-158.526
-158.753
-158.979
-159.206
-159.433
-159.66
-159.887
-160.114
-160.34
-160.567
-160.794
-161.021
-161.248
-161.475
-161.702
-161.93
-162.157
-162.384
-162.611
-162.838
-163.065
-163.293
-163.52
-163.747
-163.975
-164.202
-164.43
-164.657
-164.885
-165.112
-165.34
-165.567
-165.795
-166.022
-166.25
-166.478
-166.705
-166.933
-167.161
-167.389
-167.617
-167.845
-168.072
-168.3
-168.528
-168.756
-168.984
-169.212
-169.44
-169.669
-169.897
-170.125
-170.353
-170.581
-170.809
-171.038
-171.266
-171.494
-171.723
-171.951
-172.18
-172.408
-172.636
-172.865
-173.094
-173.322
-173.551
-173.779
-174.008
-174.237
-174.465
-174.694
-174.923
-175.152
-175.381
-175.609
-175.838
-176.067
-176.296
-176.525
-176.754
-176.983
-177.212
-177.441
-177.671
-177.9
-178.129
-178.358
-178.587
-178.817
-179.046
-179.275
-179.505
-179.734
-179.963
-180.193
-180.422
-180.652
-180.881
-181.111
-181.341
-181.57
-181.8
-182.03
-182.259
-182.489
-182.719
-182.949
-183.178
-183.408
-183.638
-183.868
-184.098
-184.328
-184.558
-184.788
-185.018
-185.248
-185.478
-185.709
-185.939
-186.169
-186.399
-186.63
-186.86
-187.09
-187.321
-187.551
-187.781
-188.012
-188.242
-188.473
-188.703
-188.934
-189.164
-189.395
-189.626
-189.856
-190.087
-190.318
-190.549
-190.779
-191.01
-191.241
-191.472
-191.703
-191.934
-192.165
-192.396
-192.627
-192.858
-193.089
-193.32
-193.551
-193.783
-194.014
-194.245
-194.476
-194.708
-194.939
-195.17
-195.402
-195.633
-195.865
-196.096
-196.328
-196.559
-196.791
-197.022
-197.254
-197.486
-197.717
-197.949
-198.181
-198.412
-198.644
-198.876
-199.108
-199.34
-199.572
-199.804
-200.036
-200.268
-200.5
-200.732
-200.964
-201.196
-201.428
-201.66
-201.893
-202.125
-202.357
-202.589
-202.822
-203.054
-203.286
-203.519
-203.751
-203.984
-204.216
-204.449
-204.681
-204.914
-205.147
-205.379
-205.612
-205.845
-206.077
-206.31
-206.543
-206.776
-207.009
-207.241
-207.474
-207.707
-207.94
-208.173
-208.406
-208.639
-208.873
-209.106
-209.339
-209.572
-209.805
-210.038
-210.272
-210.505
-210.738
-210.972
-211.205
-211.438
-211.672
-211.905
-212.139
-212.372
-212.606
-212.84
-213.073
-213.307
-213.541
-213.774
-214.008
-214.242
-214.476
-214.709
-214.943
-215.177
-215.411
-215.645
-215.879
-216.113
-216.347
-216.581
-216.815
-217.049
-217.283
-217.518
-217.752
-217.986
-218.22
-218.455
-218.689
-218.923
-219.158
-219.392
-219.626
-219.861
-220.095
-220.33
-220.565
-220.799
-221.034
-221.268
-221.503
-221.738
-221.973
-222.207
-222.442
-222.677
-222.912
-223.147
-223.382
-223.617
-223.851
-224.086
-224.322
-224.557
-224.792
-225.027
-225.262
-225.497
-225.732
-225.968
-226.203
-226.438
-226.673
-226.909
-227.144
-227.38
-227.615
-227.85
-228.086
-228.321
-228.557
-228.793
-229.028
-229.264
-229.5
-229.735
-229.971
-230.207
-230.443
-230.678
-230.914
-231.15
-231.386
-231.622
-231.858
-232.094
-232.33
-232.566
-232.802
-233.038
-233.274
-233.511
-233.747
-233.983
-234.219
-234.456
-234.692
-234.928
-235.165
-235.401
-235.637
-235.874
-236.11
-236.347
-236.583
-236.82
-237.057
-237.293
-237.53
-237.767
-238.003
-238.24
-238.477
-238.714
-238.951
-239.187
-239.424
-239.661
-239.898
-240.135
-240.372
-240.609
-240.846
-241.084
-241.321
-241.558
-241.795
-242.032
-242.27
-242.507
-242.744
-242.982
-243.219
-243.456
-243.694
-243.931
-244.169
-244.406
-244.644
-244.881
-245.119
-245.357
-245.594
-245.832
-246.07
-246.307
-246.545
-246.783
-247.021
-247.259
-247.497
-247.735
-247.973
-248.211
-248.449
-248.687
-248.925
-249.163
-249.401
-249.639
-249.877
-250.116
-250.354
-250.592
-250.83
-251.069
-251.307
-251.546
-251.784
-252.022
-252.261
-252.499
-252.738
-252.977
-253.215
-253.454
-253.692
-253.931
-254.17
-254.409
-254.647
-254.886
-255.125
-255.364
-255.603
-255.842
-256.081
-256.32
-256.559
-256.798
-257.037
-257.276
-257.515
-257.754
-257.994
-258.233
-258.472
-258.711
-258.951
-259.19
-259.429
-259.669
-259.908
-260.148
-260.387
-260.627
-260.866
-261.106
-261.345
-261.585
-261.825
-262.064
-262.304
-262.544
-262.784
-263.023
-263.263
-263.503
-263.743
-263.983
-264.223
-264.463
-264.703
-264.943
-265.183
-265.423
-265.663
-265.903
-266.144
-266.384
-266.624
-266.864
-267.105
-267.345
-267.585
-267.826
-268.066
-268.307
-268.547
-268.788
-269.028
-269.269
-269.509
-269.75
-269.991
-270.231
-270.472
-270.713
-270.954
-271.194
-271.435
-271.676
-271.917
-272.158
-272.399
-272.64
-272.881
-273.122
-273.363
-273.604
-273.845
-274.086
-274.328
-274.569
-274.81
-275.051
-275.293
-275.534
-275.775
-276.017
-276.258
-276.5
-276.741
-276.983
-277.224
-277.466
-277.707
-277.949
-278.191
-278.432
-278.674
-278.916
-279.157
-279.399
-279.641
-279.883
-280.125
-280.367
-280.609
-280.851
-281.093
-281.335
-281.577
-281.819
-282.061
-282.303
-282.545
-282.788
-283.03
-283.272
-283.514
-283.757
-283.999
-284.242
-284.484
-284.726
-284.969
-285.211
-285.454
-285.696
-285.939
-286.182
-286.424
-286.667
-286.91
-287.152
-287.395
-287.638
-287.881
-288.124
-288.367
-288.61
-288.853
-289.095
-289.338
-289.582
-289.825
-290.068
-290.311
-290.554
-290.797
-291.04
-291.284
-291.527
-291.77
-292.013
-292.257
-292.5
-292.744
-292.987
-293.231
-293.474
-293.718
-293.961
-294.205
-294.448
-294.692
-294.936
-295.179
-295.423
-295.667
-295.911
-296.155
-296.398
-296.642
-296.886
-297.13
-297.374
-297.618
-297.862
-298.106
-298.35
-298.594
-298.839
-299.083
-299.327
-299.571
-299.815
-300.06
-300.304
-300.548
-300.793
-301.037
-301.282
-301.526
-301.771
-302.015
-302.26
-302.504
-302.749
-302.994
-303.238
-303.483
-303.728
-303.972
-304.217
-304.462
-304.707
-304.952
-305.197
-305.442
-305.687
-305.932
-306.177
-306.422
-306.667
-306.912
-307.157
-307.402
-307.647
-307.893
-308.138
-308.383
-308.629
-308.874
-309.119
-309.365
-309.61
-309.856
-310.101
-310.347
-310.592
-310.838
-311.083
-311.329
-311.575
-311.82
-312.066
-312.312
-312.558
-312.804
-313.049
-313.295
-313.541
-313.787
-314.033
-314.279
-314.525
-314.771
-315.017
-315.263
-315.509
-315.756
-316.002
-316.248
-316.494
-316.741
-316.987
-317.233
-317.48
-317.726
-317.973
-318.219
-318.465
-318.712
-318.959
-319.205
-319.452
-319.698
-319.945
-320.192
-320.438
-320.685
-320.932
-321.179
-321.426
-321.673
-321.919
-322.166
-322.413
-322.66
-322.907
-323.154
-323.401
-323.649
-323.896
-324.143
-324.39
-324.637
-324.885
-325.132
-325.379
-325.627
-325.874
-326.121
-326.369
-326.616
-326.864
-327.111
-327.359
-327.606
-327.854
-328.102
-328.349
-328.597
-328.845
-329.092
-329.34
-329.588
-329.836
-330.084
-330.332
-330.58
-330.827
-331.075
-331.323
-331.572
-331.82
-332.068
-332.316
-332.564
-332.812
-333.06
-333.309
-333.557
-333.805
-334.054
-334.302
-334.55
-334.799
-335.047
-335.296
-335.544
-335.793
-336.041
-336.29
-336.539
-336.787
-337.036
-337.285
-337.533
-337.782
-338.031
-338.28
-338.529
-338.778
-339.027
-339.275
-339.524
-339.773
-340.023
-340.272
-340.521
-340.77
-341.019
-341.268
-341.517
-341.767
-342.016
-342.265
-342.515
-342.764
-343.013
-343.263
-343.512
-343.762
-344.011
-344.261
-344.51
-344.76
-345.01
-345.259
-345.509
-345.759
-346.008
-346.258
-346.508
-346.758
-347.008
-347.257
-347.507
-347.757
-348.007
-348.257
-348.507
-348.757
-349.008
-349.258
-349.508
-349.758
-350.008
-350.258
-350.509
-350.759
-351.009
-351.26
-351.51
-351.761
-352.011
-352.261
-352.512
-352.762
-353.013
-353.264
-353.514
-353.765
-354.016
-354.266
-354.517
-354.768
-355.019
-355.269
-355.52
-355.771
-356.022
-356.273
-356.524
-356.775
-357.026
-357.277
-357.528
-357.779
-358.03
-358.282
-358.533
-358.784
-359.035
-359.287
-359.538
-359.789
-360.041
-360.292
-360.544
-360.795
-361.047
-361.298
-361.55
-361.801
-362.053
-362.305
-362.556
-362.808
-363.06
-363.311
-363.563
-363.815
-364.067
-364.319
-364.571
-364.823
-365.075
-365.327
-365.579
-365.831
-366.083
-366.335
-366.587
-366.839
-367.091
-367.344
-367.596
-367.848
-368.1
-368.353
-368.605
-368.858
-369.11
-369.363
-369.615
-369.868
-370.12
-370.373
-370.625
-370.878
-371.131
-371.383
-371.636
-371.889
-372.142
-372.394
-372.647
-372.9
-373.153
-373.406
-373.659
-373.912
-374.165
-374.418
-374.671
-374.924
-375.177
-375.431
-375.684
-375.937
-376.19
-376.444
-376.697
-376.95
-377.204
-377.457
-377.71
-377.964
-378.217
-378.471
-378.724
-378.978
-379.232
-379.485
-379.739
-379.993
-380.246
-380.5
-380.754
-381.008
-381.262
-381.515
-381.769
-382.023
-382.277
-382.531
-382.785
-383.039
-383.293
-383.547
-383.802
-384.056
-384.31
-384.564
-384.818
-385.073
-385.327
-385.581
-385.836
-386.09
-386.345
-386.599
-386.853
-387.108
-387.363
-387.617
-387.872
-388.126
-388.381
-388.636
-388.89
-389.145
-389.4
-389.655
-389.91
-390.164
-390.419
-390.674
-390.929
-391.184
-391.439
-391.694
-391.949
-392.204
-392.46
-392.715
-392.97
-393.225
-393.48
-393.736
-393.991
-394.246
-394.502
-394.757
-395.012
-395.268
-395.523
-395.779
-396.034
-396.29
-396.546
-396.801
-397.057
-397.313
-397.568
-397.824
-398.08
-398.336
-398.591
-398.847
-399.103
-399.359
-399.615
-399.871
-400.127
-400.383
-400.639
-400.895
-401.151
-401.408
-401.664
-401.92
-402.176
-402.432
-402.689
-402.945
-403.201
-403.458
-403.714
-403.971
-404.227
-404.484
-404.74
-404.997
-405.253
-405.51
-405.767
-406.023
-406.28
-406.537
-406.794
-407.05
-407.307
-407.564
-407.821
-408.078
-408.335
-408.592
-408.849
-409.106
-409.363
-409.62
-409.877
-410.134
-410.391
-410.649
-410.906
-411.163
-411.42
-411.678
-411.935
-412.192
-412.45
-412.707
-412.965
-413.222
-413.48
-413.737
-413.995
-414.253
-414.51
-414.768
-415.026
-415.283
-415.541
-415.799
-416.057
-416.315
-416.572
-416.83
-417.088
-417.346
-417.604
-417.862
-418.12
-418.378
-418.637
-418.895
-419.153
-419.411
-419.669
-419.928
-420.186
-420.444
-420.702
-420.961
-421.219
-421.478
-421.736
-421.995
-422.253
-422.512
-422.77
-423.029
-423.288
-423.546
-423.805
-424.064
-424.322
-424.581
-424.84
-425.099
-425.358
-425.617
-425.876
-426.135
-426.394
-426.653
-426.912
-427.171
-427.43
-427.689
-427.948
-428.207
-428.467
-428.726
-428.985
-429.244
-429.504
-429.763
-430.022
-430.282
-430.541
-430.801
-431.06
-431.32
-431.58
-431.839
-432.099
-432.358
-432.618
-432.878
-433.138
-433.397
-433.657
-433.917
-434.177
-434.437
-434.697
-434.957
-435.217
-435.477
-435.737
-435.997
-436.257
-436.517
-436.777
-437.037
-437.298
-437.558
-437.818
-438.078
-438.339
-438.599
-438.86
-439.12
-439.38
-439.641
-439.901
-440.162
-440.422
-440.683
-440.944
-441.204
-441.465
-441.726
-441.987
-442.247
-442.508
-442.769
-443.03
-443.291
-443.552
-443.813
-444.074
-444.335
-444.596
-444.857
-445.118
-445.379
-445.64
-445.901
-446.162
-446.424
-446.685
-446.946
-447.208
-447.469
-447.73
-447.992
-448.253
-448.515
-448.776
-449.038
-449.299
-449.561
-449.822
-450.084
-450.346
-450.608
-450.869
-451.131
-451.393
-451.655
-451.916
-452.178
-452.44
-452.702
-452.964
-453.226
-453.488
-453.75
-454.012
-454.275
-454.537
-454.799
-455.061
-455.323
-455.586
-455.848
-456.11
-456.373
-456.635
-456.897
-457.16
-457.422
-457.685
-457.947
-458.21
-458.472
-458.735
-458.998
-459.26
-459.523
-459.786
-460.049
-460.311
-460.574
-460.837
-461.1
-461.363
-461.626
-461.889
-462.152
-462.415
-462.678
-462.941
-463.204
-463.467
-463.73
-463.993
-464.257
-464.52
-464.783
-465.047
-465.31
-465.573
-465.837
-466.1
-466.364
-466.627
-466.891
-467.154
-467.418
-467.681
-467.945
-468.209
-468.472
-468.736
-469
-469.264
-469.527
-469.791
-470.055
-470.319
-470.583
-470.847
-471.111
-471.375
-471.639
-471.903
-472.167
-472.431
-472.695
-472.96
-473.224
-473.488
-473.752
-474.017
-474.281
-474.545
-474.81
-475.074
-475.339
-475.603
-475.868
-476.132
-476.397
-476.661
-476.926
-477.191
-477.455
-477.72
-477.985
-478.25
-478.514
-478.779
-479.044
-479.309
-479.574
-479.839
-480.104
-480.369
-480.634
-480.899
-481.164
-481.429
-481.694
-481.96
-482.225
-482.49
-482.755
-483.021
-483.286
-483.551
-483.817
-484.082
-484.348
-484.613
-484.879
-485.144
-485.41
-485.675
-485.941
-486.207
-486.472
-486.738
-487.004
-487.269
-487.535
-487.801
-488.067
-488.333
-488.599
-488.865
-489.131
-489.397
-489.663
-489.929
-490.195
-490.461
-490.727
-490.993
-491.259
-491.526
-491.792
-492.058
-492.325
-492.591
-492.857
-493.124
-493.39
-493.657
-493.923
-494.19
-494.456
-494.723
-494.989
-495.256
-495.523
-495.789
-496.056
-496.323
-496.59
-496.857
-497.123
-497.39
-497.657
-497.924
-498.191
-498.458
-498.725
-498.992
-499.259
-499.526
-499.794
-500.061
-500.328
-500.595
-500.862
-501.13
-501.397
-501.664
-501.932
-502.199
-502.467
-502.734
-503.002
-503.269
-503.537
-503.804
-504.072
-504.339
-504.607
-504.875
-505.143
-505.41
-505.678
-505.946
-506.214
-506.482
-506.75
-507.017
-507.285
-507.553
-507.821
-508.089
-508.358
-508.626
-508.894
-509.162
-509.43
-509.698
-509.967
-510.235
-510.503
-510.772
-511.04
-511.308
-511.577
-511.845
-512.114
-512.382
-512.651
-512.919
-513.188
-513.457
-513.725
-513.994
-514.263
-514.531
-514.8
-515.069
-515.338
-515.607
-515.876
-516.144
-516.413
-516.682
-516.951
-517.22
-517.49
-517.759
-518.028
-518.297
-518.566
-518.835
-519.105
-519.374
-519.643
-519.912
-520.182
-520.451
-520.721
-520.99
-521.26
-521.529
-521.799
-522.068
-522.338
-522.607
-522.877
-523.147
-523.416
-523.686
-523.956
-524.226
-524.496
-524.765
-525.035
-525.305
-525.575
-525.845
-526.115
-526.385
-526.655
-526.925
-527.195
-527.466
-527.736
-528.006
-528.276
-528.546
-528.817
-529.087
-529.357
-529.628
-529.898
-530.169
-530.439
-530.71
-530.98
-531.251
-531.521
-531.792
-532.063
-532.333
-532.604
-532.875
-533.145
-533.416
-533.687
-533.958
-534.229
-534.5
-534.771
-535.042
-535.313
-535.584
-535.855
-536.126
-536.397
-536.668
-536.939
-537.21
-537.482
-537.753
-538.024
-538.295
-538.567
-538.838
-539.11
-539.381
-539.652
-539.924
-540.195
-540.467
-540.739
-541.01
-541.282
-541.554
-541.825
-542.097
-542.369
-542.64
-542.912
-543.184
-543.456
-543.728
-544
-544.272
-544.544
-544.816
-545.088
-545.36
-545.632
-545.904
-546.176
-546.449
-546.721
-546.993
-547.265
-547.538
-547.81
-548.082
-548.355
-548.627
-548.9
-549.172
-549.445
-549.717
-549.99
-550.262
-550.535
-550.808
-551.08
-551.353
-551.626
-551.898
-552.171
-552.444
-552.717
-552.99
-553.263
-553.536
-553.809
-554.082
-554.355
-554.628
-554.901
-555.174
-555.447
-555.72
-555.994
-556.267
-556.54
-556.813
-557.087
-557.36
-557.633
-557.907
-558.18
-558.454
-558.727
-559.001
-559.274
-559.548
-559.822
-560.095
-560.369
-560.643
-560.916
-561.19
-561.464
-561.738
-562.012
-562.285
-562.559
-562.833
-563.107
-563.381
-563.655
-563.929
-564.203
-564.478
-564.752
-565.026
-565.3
-565.574
-565.849
-566.123
-566.397
-566.672
-566.946
-567.22
-567.495
-567.769
-568.044
-568.318
-568.593
-568.867
-569.142
-569.417
-569.691
-569.966
-570.241
-570.515
-570.79
-571.065
-571.34
-571.615
-571.89
-572.165
-572.44
-572.715
-572.99
-573.265
-573.54
-573.815
-574.09
-574.365
-574.64
-574.916
-575.191
-575.466
-575.741
-576.017
-576.292
-576.567
-576.843
-577.118
-577.394
-577.669
-577.945
-578.22
-578.496
-578.772
-579.047
-579.323
-579.599
-579.875
-580.15
-580.426
-580.702
-580.978
-581.254
-581.53
-581.806
-582.082
-582.358
-582.634
-582.91
-583.186
-583.462
-583.738
-584.014
-584.29
-584.567
-584.843
-585.119
-585.396
-585.672
-585.948
-586.225
-586.501
-586.778
-587.054
-587.331
-587.607
-587.884
-588.16
-588.437
-588.714
-588.991
-589.267
-589.544
-589.821
-590.098
-590.375
-590.651
-590.928
-591.205
-591.482
-591.759
-592.036
-592.313
-592.59
-592.868
-593.145
-593.422
-593.699
-593.976
-594.254
-594.531
-594.808
-595.086
-595.363
-595.64
-595.918
-596.195
-596.473
-596.75
-597.028
-597.305
-597.583
-597.861
-598.138
-598.416
-598.694
-598.971
-599.249
-599.527
-599.805
-600.083
-600.361
-600.639
-600.917
-601.195
-601.473
-601.751
-602.029
-602.307
-602.585
-602.863
-603.141
-603.42
-603.698
-603.976
-604.254
-604.533
-604.811
-605.089
-605.368
-605.646
-605.925
-606.203
-606.482
-606.76
-607.039
-607.318
-607.596
-607.875
-608.154
-608.433
-608.711
-608.99
-609.269
-609.548
-609.827
-610.106
-610.385
-610.664
-610.943
-611.222
-611.501
-611.78
-612.059
-612.338
-612.617
-612.896
-613.176
-613.455
-613.734
-614.014
-614.293
-614.572
-614.852
-615.131
-615.411
-615.69
-615.97
-616.249
-616.529
-616.809
-617.088
-617.368
-617.648
-617.927
-618.207
-618.487
-618.767
-619.047
-619.326
-619.606
-619.886
-620.166
-620.446
-620.726
-621.006
-621.286
-621.567
-621.847
-622.127
-622.407
-622.687
-622.968
-623.248
-623.528
-623.809
-624.089
-624.369
-624.65
-624.93
-625.211
-625.491
-625.772
-626.052
-626.333
-626.614
-626.894
-627.175
-627.456
-627.736
-628.017
-628.298
-628.579
-628.86
-629.141
-629.422
-629.703
-629.984
-630.265
-630.546
-630.827
-631.108
-631.389
-631.67
-631.951
-632.233
-632.514
-632.795
-633.076
-633.358
-633.639
-633.92
-634.202
-634.483
-634.765
-635.046
-635.328
-635.609
-635.891
-636.173
-636.454
-636.736
-637.018
-637.3
-637.581
-637.863
-638.145
-638.427
-638.709
-638.991
-639.273
-639.555
-639.837
-640.119
-640.401
-640.683
-640.965
-641.247
-641.529
-641.811
-642.094
-642.376
-642.658
-642.941
-643.223
-643.505
-643.788
-644.07
-644.353
-644.635
-644.918
-645.2
-645.483
-645.765
-646.048
-646.331
-646.613
-646.896
-647.179
-647.462
-647.745
-648.027
-648.31
-648.593
-648.876
-649.159
-649.442
-649.725
-650.008
-650.291
-650.574
-650.858
-651.141
-651.424
-651.707
-651.99
-652.274
-652.557
-652.84
-653.124
-653.407
-653.691
-653.974
-654.258
-654.541
-654.825
-655.108
-655.392
-655.675
-655.959
-656.243
-656.527
-656.81
-657.094
-657.378
-657.662
-657.946
-658.229
-658.513
-658.797
-659.081
-659.365
-659.649
-659.933
-660.218
-660.502
-660.786
-661.07
-661.354
-661.639
-661.923
-662.207
-662.491
-662.776
-663.06
-663.345
-663.629
-663.914
-664.198
-664.483
-664.767
-665.052
-665.336
-665.621
-665.906
-666.19
-666.475
-666.76
-667.045
-667.33
-667.614
-667.899
-668.184
-668.469
-668.754
-669.039
-669.324
-669.609
-669.894
-670.179
-670.465
-670.75
-671.035
-671.32
-671.606
-671.891
-672.176
-672.461
-672.747
-673.032
-673.318
-673.603
-673.889
-674.174
-674.46
-674.745
-675.031
-675.317
-675.602
-675.888
-676.174
-676.459
-676.745
-677.031
-677.317
-677.603
-677.889
-678.175
-678.461
-678.747
-679.033
-679.319
-679.605
-679.891
-680.177
-680.463
-680.749
-681.036
-681.322
-681.608
-681.894
-682.181
-682.467
-682.754
-683.04
-683.326
-683.613
-683.899
-684.186
-684.473
-684.759
-685.046
-685.332
-685.619
-685.906
-686.193
-686.479
-686.766
-687.053
-687.34
-687.627
-687.914
-688.201
-688.488
-688.775
-689.062
-689.349
-689.636
-689.923
-690.21
-690.497
-690.785
-691.072
-691.359
-691.646
-691.934
-692.221
-692.508
-692.796
-693.083
-693.371
-693.658
-693.946
-694.233
-694.521
-694.809
-695.096
-695.384
-695.672
-695.959
-696.247
-696.535
-696.823
-697.111
-697.398
-697.686
-697.974
-698.262
-698.55
-698.838
-699.126
-699.414
-699.703
-699.991
-700.279
-700.567
-700.855
-701.144
-701.432
-701.72
-702.009
-702.297
-702.585
-702.874
-703.162
-703.451
-703.739
-704.028
-704.316
-704.605
-704.894
-705.182
-705.471
-705.76
-706.048
-706.337
-706.626
-706.915
-707.204
-707.493
-707.782
-708.07
-708.359
-708.648
-708.938
-709.227
-709.516
-709.805
-710.094
-710.383
-710.672
-710.962
-711.251
-711.54
-711.83
-712.119
-712.408
-712.698
-712.987
-713.277
-713.566
-713.856
-714.145
-714.435
-714.725
-715.014
-715.304
-715.594
-715.883
-716.173
-716.463
-716.753
-717.043
-717.332
-717.622
-717.912
-718.202
-718.492
-718.782
-719.072
-719.362
-719.653
-719.943
-720.233
-720.523
-720.813
-721.104
-721.394
-721.684
-721.975
-722.265
-722.555
-722.846
-723.136
-723.427
-723.717
-724.008
-724.298
-724.589
-724.88
-725.17
-725.461
-725.752
-726.042
-726.333
-726.624
-726.915
-727.206
-727.497
-727.788
-728.079
-728.37
-728.661
-728.952
-729.243
-729.534
-729.825
-730.116
-730.407
-730.699
-730.99
-731.281
-731.572
-731.864
-732.155
-732.446
-732.738
-733.029
-733.321
-733.612
-733.904
-734.195
-734.487
-734.779
-735.07
-735.362
-735.654
-735.945
-736.237
-736.529
-736.821
-737.113
-737.405
-737.697
-737.989
-738.28
-738.572
-738.865
-739.157
-739.449
-739.741
-740.033
-740.325
-740.617
-740.91
-741.202
-741.494
-741.786
-742.079
-742.371
-742.664
-742.956
-743.248
-743.541
-743.834
-744.126
-744.419
-744.711
-745.004
-745.297
-745.589
-745.882
-746.175
-746.468
-746.76
-747.053
-747.346
-747.639
-747.932
-748.225
-748.518
-748.811
-749.104
-749.397
-749.69
-749.983
-750.276
-750.57
-750.863
-751.156
-751.449
-751.743
-752.036
-752.329
-752.623
-752.916
-753.21
-753.503
-753.797
-754.09
-754.384
-754.677
-754.971
-755.265
-755.558
-755.852
-756.146
-756.44
-756.733
-757.027
-757.321
-757.615
-757.909
-758.203
-758.497
-758.791
-759.085
-759.379
-759.673
-759.967
-760.261
-760.556
-760.85
-761.144
-761.438
-761.733
-762.027
-762.321
-762.616
-762.91
-763.204
-763.499
-763.793
-764.088
-764.382
-764.677
-764.972
-765.266
-765.561
-765.856
-766.15
-766.445
-766.74
-767.035
-767.33
-767.625
-767.919
-768.214
-768.509
-768.804
-769.099
-769.394
-769.689
-769.985
-770.28
-770.575
-770.87
-771.165
-771.461
-771.756
-772.051
-772.346
-772.642
-772.937
-773.233
-773.528
-773.824
-774.119
-774.415
-774.71
-775.006
-775.301
-775.597
-775.893
-776.189
-776.484
-776.78
-777.076
-777.372
-777.668
-777.963
-778.259
-778.555
-778.851
-779.147
-779.443
-779.739
-780.036
-780.332
-780.628
-780.924
-781.22
-781.516
-781.813
-782.109
-782.405
-782.702
-782.998
-783.294
-783.591
-783.887
-784.184
-784.48
-784.777
-785.074
-785.37
-785.667
-785.963
-786.26
-786.557
-786.854
-787.15
-787.447
-787.744
-788.041
-788.338
-788.635
-788.932
-789.229
-789.526
-789.823
-790.12
-790.417
-790.714
-791.011
-791.309
-791.606
-791.903
-792.2
-792.498
-792.795
-793.092
-793.39
-793.687
-793.985
-794.282
-794.58
-794.877
-795.175
-795.472
-795.77
-796.068
-796.365
-796.663
-796.961
-797.259
-797.556
-797.854
-798.152
-798.45
-798.748
-799.046
-799.344
-799.642
-799.94
-800.238
-800.536
-800.834
-801.132
-801.43
-801.729
-802.027
-802.325
-802.623
-802.922
-803.22
-803.518
-803.817
-804.115
-804.414
-804.712
-805.011
-805.309
-805.608
-805.907
-806.205
-806.504
-806.803
-807.101
-807.4
-807.699
-807.998
-808.297
-808.595
-808.894
-809.193
-809.492
-809.791
-810.09
-810.389
-810.688
-810.987
-811.287
-811.586
-811.885
-812.184
-812.483
-812.783
-813.082
-813.381
-813.681
-813.98
-814.28
-814.579
-814.878
-815.178
-815.478
-815.777
-816.077
-816.376
-816.676
-816.976
-817.275
-817.575
-817.875
-818.175
-818.475
-818.774
-819.074
-819.374
-819.674
-819.974
-820.274
-820.574
-820.874
-821.174
-821.474
-821.775
-822.075
-822.375
-822.675
-822.975
-823.276
-823.576
-823.876
-824.177
-824.477
-824.778
-825.078
-825.379
-825.679
-825.98
-826.28
-826.581
-826.882
-827.182
-827.483
-827.784
-828.084
-828.385
-828.686
-828.987
-829.288
-829.589
-829.89
-830.19
-830.491
-830.792
-831.094
-831.395
-831.696
-831.997
-832.298
-832.599
-832.9
-833.202
-833.503
-833.804
-834.106
-834.407
-834.708
-835.01
-835.311
-835.613
-835.914
-836.216
-836.517
-836.819
-837.121
-837.422
-837.724
-838.026
-838.327
-838.629
-838.931
-839.233
-839.535
-839.836
-840.138
-840.44
-840.742
-841.044
-841.346
-841.648
-841.95
-842.253
-842.555
-842.857
-843.159
-843.461
-843.764
-844.066
-844.368
-844.671
-844.973
-845.275
-845.578
-845.88
-846.183
-846.485
-846.788
-847.09
-847.393
-847.696
-847.998
-848.301
-848.604
-848.906
-849.209
-849.512
-849.815
-850.118
-850.421
-850.724
-851.027
-851.329
-851.633
-851.936
-852.239
-852.542
-852.845
-853.148
-853.451
-853.754
-854.058
-854.361
-854.664
-854.968
-855.271
-855.574
-855.878
-856.181
-856.485
-856.788
-857.092
-857.395
-857.699
-858.002
-858.306
-858.61
-858.913
-859.217
-859.521
-859.825
-860.129
-860.432
-860.736
-861.04
-861.344
-861.648
-861.952
-862.256
-862.56
-862.864
-863.168
-863.473
-863.777
-864.081
-864.385
-864.689
-864.994
-865.298
-865.602
-865.907
-866.211
-866.516
-866.82
-867.124
-867.429
-867.734
-868.038
-868.343
-868.647
-868.952
-869.257
-869.561
-869.866
-870.171
-870.476
-870.781
-871.085
-871.39
-871.695
-872
-872.305
-872.61
-872.915
-873.22
-873.525
-873.831
-874.136
-874.441
-874.746
-875.051
-875.357
-875.662
-875.967
-876.273
-876.578
-876.883
-877.189
-877.494
-877.8
-878.105
-878.411
-878.716
-879.022
-879.328
-879.633
-879.939
-880.245
-880.551
-880.856
-881.162
-881.468
-881.774
-882.08
-882.386
-882.692
-882.998
-883.304
-883.61
-883.916
-884.222
-884.528
-884.834
-885.14
-885.447
-885.753
-886.059
-886.365
-886.672
-886.978
-887.285
-887.591
-887.897
-888.204
-888.51
-888.817
-889.123
-889.43
-889.737
-890.043
-890.35
-890.657
-890.963
-891.27
-891.577
-891.884
-892.191
-892.498
-892.805
-893.111
-893.418
-893.725
-894.032
-894.34
-894.647
-894.954
-895.261
-895.568
-895.875
-896.183
-896.49
-896.797
-897.104
-897.412
-897.719
-898.026
-898.334
-898.641
-898.949
-899.256
-899.564
-899.872
-900.179
-900.487
-900.794
-901.102
-901.41
-901.718
-902.025
-902.333
-902.641
-902.949
-903.257
-903.565
-903.873
-904.181
-904.489
-904.797
-905.105
-905.413
-905.721
-906.029
-906.337
-906.646
-906.954
-907.262
-907.57
-907.879
-908.187
-908.495
-908.804
-909.112
-909.421
-909.729
-910.038
-910.346
-910.655
-910.964
-911.272
-911.581
-911.89
-912.198
-912.507
-912.816
-913.125
-913.434
-913.742
-914.051
-914.36
-914.669
-914.978
-915.287
-915.596
-915.905
-916.214
-916.524
-916.833
-917.142
-917.451
-917.76
-918.07
-918.379
-918.688
-918.998
-919.307
-919.617
-919.926
-920.235
-920.545
-920.855
-921.164
-921.474
-921.783
-922.093
-922.403
-922.712
-923.022
-923.332
-923.642
-923.951
-924.261
-924.571
-924.881
-925.191
-925.501
-925.811
-926.121
-926.431
-926.741
-927.051
-927.362
-927.672
-927.982
-928.292
-928.602
-928.913
-929.223
-929.533
-929.844
-930.154
-930.465
-930.775
-931.086
-931.396
-931.707
-932.017
-932.328
-932.638
-932.949
-933.26
-933.57
-933.881
-934.192
-934.503
-934.814
-935.125
-935.435
-935.746
-936.057
-936.368
-936.679
-936.99
-937.301
-937.612
-937.924
-938.235
-938.546
-938.857
-939.168
-939.48
-939.791
-940.102
-940.414
-940.725
-941.036
-941.348
-941.659
-941.971
-942.282
-942.594
-942.906
-943.217
-943.529
-943.84
-944.152
-944.464
-944.776
-945.087
-945.399
-945.711
-946.023
-946.335
-946.647
-946.959
-947.271
-947.583
-947.895
-948.207
-948.519
-948.831
-949.143
-949.456
-949.768
-950.08
-950.392
-950.705
-951.017
-951.329
-951.642
-951.954
-952.267
-952.579
-952.892
-953.204
-953.517
-953.829
-954.142
-954.455
-954.767
-955.08
-955.393
-955.705
-956.018
-956.331
-956.644
-956.957
-957.27
-957.583
-957.896
-958.209
-958.522
-958.835
-959.148
-959.461
-959.774
-960.087
-960.4
-960.714
-961.027
-961.34
-961.653
-961.967
-962.28
-962.594
-962.907
-963.221
-963.534
-963.848
-964.161
-964.475
-964.788
-965.102
-965.416
-965.729
-966.043
-966.357
-966.67
-966.984
-967.298
-967.612
-967.926
-968.24
-968.554
-968.868
-969.182
-969.496
-969.81
-970.124
-970.438
-970.752
-971.066
-971.381
-971.695
-972.009
-972.323
-972.638
-972.952
-973.266
-973.581
-973.895
-974.21
-974.524
-974.839
-975.153
-975.468
-975.783
-976.097
-976.412
-976.727
-977.041
-977.356
-977.671
-977.986
-978.3
-978.615
-978.93
-979.245
-979.56
-979.875
-980.19
-980.505
-980.82
-981.135
-981.45
-981.766
-982.081
-982.396
-982.711
-983.027
-983.342
-983.657
-983.972
-984.288
-984.603
-984.919
-985.234
-985.55
-985.865
-986.181
-986.496
-986.812
-987.128
-987.443
-987.759
-988.075
-988.391
-988.706
-989.022
-989.338
-989.654
-989.97
-990.286
-990.602
-990.918
-991.234
-991.55
-991.866
-992.182
-992.498
-992.814
-993.13
-993.447
-993.763
-994.079
-994.396
-994.712
-995.028
-995.345
-995.661
-995.977
-996.294
-996.61
-996.927
-997.244
-997.56
-997.877
-998.193
-998.51
-998.827
-999.144
-999.46
-999.777
-1000.09
-1000.41
-1000.73
-1001.04
-1001.36
-1001.68
-1002
-1002.31
-1002.63
-1002.95
-1003.26
-1003.58
-1003.9
-1004.22
-1004.53
-1004.85
-1005.17
-1005.48
-1005.8
-1006.12
-1006.44
-1006.75
-1007.07
-1007.39
-1007.71
-1008.02
-1008.34
-1008.66
-1008.98
-1009.29
-1009.61
-1009.93
-1010.25
-1010.57
-1010.88
-1011.2
-1011.52
-1011.84
-1012.15
-1012.47
-1012.79
-1013.11
-1013.43
-1013.74
-1014.06
-1014.38
-1014.7
-1015.02
-1015.34
-1015.65
-1015.97
-1016.29
-1016.61
-1016.93
-1017.25
-1017.56
-1017.88
-1018.2
-1018.52
-1018.84
-1019.16
-1019.47
-1019.79
-1020.11
-1020.43
-1020.75
-1021.07
-1021.39
-1021.71
-1022.02
-1022.34
-1022.66
-1022.98
-1023.3
-1023.62
-1023.94
-1024.26
-1024.58
-1024.9
-1025.21
-1025.53
-1025.85
-1026.17
-1026.49
-1026.81
-1027.13
-1027.45
-1027.77
-1028.09
-1028.41
-1028.73
-1029.05
-1029.36
-1029.68
-1030
-1030.32
-1030.64
-1030.96
-1031.28
-1031.6
-1031.92
-1032.24
-1032.56
-1032.88
-1033.2
-1033.52
-1033.84
-1034.16
-1034.48
-1034.8
-1035.12
-1035.44
-1035.76
-1036.08
-1036.4
-1036.72
-1037.04
-1037.36
-1037.68
-1038
-1038.32
-1038.64
-1038.96
-1039.28
-1039.6
-1039.92
-1040.24
-1040.56
-1040.89
-1041.21
-1041.53
-1041.85
-1042.17
-1042.49
-1042.81
-1043.13
-1043.45
-1043.77
-1044.09
-1044.41
-1044.73
-1045.05
-1045.38
-1045.7
-1046.02
-1046.34
-1046.66
-1046.98
-1047.3
-1047.62
-1047.94
-1048.26
-1048.59
-1048.91
-1049.23
-1049.55
-1049.87
-1050.19
-1050.51
-1050.83
-1051.16
-1051.48
-1051.8
-1052.12
-1052.44
-1052.76
-1053.09
-1053.41
-1053.73
-1054.05
-1054.37
-1054.69
-1055.02
-1055.34
-1055.66
-1055.98
-1056.3
-1056.62
-1056.95
-1057.27
-1057.59
-1057.91
-1058.23
-1058.56
-1058.88
-1059.2
-1059.52
-1059.85
-1060.17
-1060.49
-1060.81
-1061.13
-1061.46
-1061.78
-1062.1
-1062.42
-1062.75
-1063.07
-1063.39
-1063.71
-1064.04
-1064.36
-1064.68
-1065
-1065.33
-1065.65
-1065.97
-1066.3
-1066.62
-1066.94
-1067.26
-1067.59
-1067.91
-1068.23
-1068.56
-1068.88
-1069.2
-1069.52
-1069.85
-1070.17
-1070.49
-1070.82
-1071.14
-1071.46
-1071.79
-1072.11
-1072.43
-1072.76
-1073.08
-1073.4
-1073.73
-1074.05
-1074.37
-1074.7
-1075.02
-1075.34
-1075.67
-1075.99
-1076.32
-1076.64
-1076.96
-1077.29
-1077.61
-1077.93
-1078.26
-1078.58
-1078.91
-1079.23
-1079.55
-1079.88
-1080.2
-1080.53
-1080.85
-1081.17
-1081.5
-1081.82
-1082.15
-1082.47
-1082.79
-1083.12
-1083.44
-1083.77
-1084.09
-1084.42
-1084.74
-1085.07
-1085.39
-1085.71
-1086.04
-1086.36
-1086.69
-1087.01
-1087.34
-1087.66
-1087.99
-1088.31
-1088.64
-1088.96
-1089.29
-1089.61
-1089.94
-1090.26
-1090.59
-1090.91
-1091.23
-1091.56
-1091.89
-1092.21
-1092.54
-1092.86
-1093.19
-1093.51
-1093.84
-1094.16
-1094.49
-1094.81
-1095.14
-1095.46
-1095.79
-1096.11
-1096.44
-1096.76
-1097.09
-1097.42
-1097.74
-1098.07
-1098.39
-1098.72
-1099.04
-1099.37
-1099.69
-1100.02
-1100.35
-1100.67
-1101
-1101.32
-1101.65
-1101.98
-1102.3
-1102.63
-1102.95
-1103.28
-1103.61
-1103.93
-1104.26
-1104.58
-1104.91
-1105.24
-1105.56
-1105.89
-1106.21
-1106.54
-1106.87
-1107.19
-1107.52
-1107.85
-1108.17
-1108.5
-1108.83
-1109.15
-1109.48
-1109.81
-1110.13
-1110.46
-1110.79
-1111.11
-1111.44
-1111.77
-1112.09
-1112.42
-1112.75
-1113.07
-1113.4
-1113.73
-1114.05
-1114.38
-1114.71
-1115.04
-1115.36
-1115.69
-1116.02
-1116.34
-1116.67
-1117
-1117.33
-1117.65
-1117.98
-1118.31
-1118.64
-1118.96
-1119.29
-1119.62
-1119.95
-1120.27
-1120.6
-1120.93
-1121.26
-1121.58
-1121.91
-1122.24
-1122.57
-1122.89
-1123.22
-1123.55
-1123.88
-1124.21
-1124.53
-1124.86
-1125.19
-1125.52
-1125.84
-1126.17
-1126.5
-1126.83
-1127.16
-1127.49
-1127.81
-1128.14
-1128.47
-1128.8
-1129.13
-1129.45
-1129.78
-1130.11
-1130.44
-1130.77
-1131.1
-1131.43
-1131.75
-1132.08
-1132.41
-1132.74
-1133.07
-1133.4
-1133.73
-1134.05
-1134.38
-1134.71
-1135.04
-1135.37
-1135.7
-1136.03
-1136.36
-1136.69
-1137.01
-1137.34
-1137.67
-1138
-1138.33
-1138.66
-1138.99
-1139.32
-1139.65
-1139.98
-1140.31
-1140.64
-1140.96
-1141.29
-1141.62
-1141.95
-1142.28
-1142.61
-1142.94
-1143.27
-1143.6
-1143.93
-1144.26
-1144.59
-1144.92
-1145.25
-1145.58
-1145.91
-1146.24
-1146.57
-1146.9
-1147.23
-1147.56
-1147.89
-1148.22
-1148.55
-1148.88
-1149.21
-1149.54
-1149.87
-1150.2
-1150.53
-1150.86
-1151.19
-1151.52
-1151.85
-1152.18
-1152.51
-1152.84
-1153.17
-1153.5
-1153.83
-1154.16
-1154.49
-1154.82
-1155.15
-1155.48
-1155.81
-1156.14
-1156.47
-1156.81
-1157.14
-1157.47
-1157.8
-1158.13
-1158.46
-1158.79
-1159.12
-1159.45
-1159.78
-1160.11
-1160.45
-1160.78
-1161.11
-1161.44
-1161.77
-1162.1
-1162.43
-1162.76
-1163.09
-1163.43
-1163.76
-1164.09
-1164.42
-1164.75
-1165.08
-1165.41
-1165.75
-1166.08
-1166.41
-1166.74
-1167.07
-1167.4
-1167.73
-1168.07
-1168.4
-1168.73
-1169.06
-1169.39
-1169.73
-1170.06
-1170.39
-1170.72
-1171.05
-1171.38
-1171.72
-1172.05
-1172.38
-1172.71
-1173.04
-1173.38
-1173.71
-1174.04
-1174.37
-1174.71
-1175.04
-1175.37
-1175.7
-1176.03
-1176.37
-1176.7
-1177.03
-1177.36
-1177.7
-1178.03
-1178.36
-1178.69
-1179.03
-1179.36
-1179.69
-1180.03
-1180.36
-1180.69
-1181.02
-1181.36
-1181.69
-1182.02
-1182.35
-1182.69
-1183.02
-1183.35
-1183.69
-1184.02
-1184.35
-1184.69
-1185.02
-1185.35
-1185.69
-1186.02
-1186.35
-1186.69
-1187.02
-1187.35
-1187.69
-1188.02
-1188.35
-1188.69
-1189.02
-1189.35
-1189.69
-1190.02
-1190.35
-1190.69
-1191.02
-1191.35
-1191.69
-1192.02
-1192.36
-1192.69
-1193.02
-1193.36
-1193.69
-1194.02
-1194.36
-1194.69
-1195.03
-1195.36
-1195.69
-1196.03
-1196.36
-1196.7
-1197.03
-1197.36
-1197.7
-1198.03
-1198.37
-1198.7
-1199.04
-1199.37
-1199.7
-1200.04
-1200.37
-1200.71
-1201.04
-1201.38
-1201.71
-1202.05
-1202.38
-1202.72
-1203.05
-1203.38
-1203.72
-1204.05
-1204.39
-1204.72
-1205.06
-1205.39
-1205.73
-1206.06
-1206.4
-1206.73
-1207.07
-1207.4
-1207.74
-1208.07
-1208.41
-1208.74
-1209.08
-1209.41
-1209.75
-1210.08
-1210.42
-1210.76
-1211.09
-1211.43
-1211.76
-1212.1
-1212.43
-1212.77
-1213.1
-1213.44
-1213.77
-1214.11
-1214.45
-1214.78
-1215.12
-1215.45
-1215.79
-1216.12
-1216.46
-1216.8
-1217.13
-1217.47
-1217.8
-1218.14
-1218.48
-1218.81
-1219.15
-1219.48
-1219.82
-1220.16
-1220.49
-1220.83
-1221.16
-1221.5
-1221.84
-1222.17
-1222.51
-1222.85
-1223.18
-1223.52
-1223.85
-1224.19
-1224.53
-1224.86
-1225.2
-1225.54
-1225.87
-1226.21
-1226.55
-1226.88
-1227.22
-1227.56
-1227.89
-1228.23
-1228.57
-1228.9
-1229.24
-1229.58
-1229.92
-1230.25
-1230.59
-1230.93
-1231.26
-1231.6
-1231.94
-1232.27
-1232.61
-1232.95
-1233.29
-1233.62
-1233.96
-1234.3
-1234.64
-1234.97
-1235.31
-1235.65
-1235.98
-1236.32
-1236.66
-1237
-1237.33
-1237.67
-1238.01
-1238.35
-1238.69
-1239.02
-1239.36
-1239.7
-1240.04
-1240.37
-1240.71
-1241.05
-1241.39
-1241.73
-1242.06
-1242.4
-1242.74
-1243.08
-1243.42
-1243.75
-1244.09
-1244.43
-1244.77
-1245.11
-1245.44
-1245.78
-1246.12
-1246.46
-1246.8
-1247.14
-1247.48
-1247.81
-1248.15
-1248.49
-1248.83
-1249.17
-1249.51
-1249.84
-1250.18
-1250.52
-1250.86
-1251.2
-1251.54
-1251.88
-1252.22
-1252.55
-1252.89
-1253.23
-1253.57
-1253.91
-1254.25
-1254.59
-1254.93
-1255.27
-1255.61
-1255.94
-1256.28
-1256.62
-1256.96
-1257.3
-1257.64
-1257.98
-1258.32
-1258.66
-1259
-1259.34
-1259.68
-1260.02
-1260.36
-1260.7
-1261.03
-1261.37
-1261.71
-1262.05
-1262.39
-1262.73
-1263.07
-1263.41
-1263.75
-1264.09
-1264.43
-1264.77
-1265.11
-1265.45
-1265.79
-1266.13
-1266.47
-1266.81
-1267.15
-1267.49
-1267.83
-1268.17
-1268.51
-1268.85
-1269.19
-1269.53
-1269.87
-1270.21
-1270.55
-1270.89
-1271.23
-1271.58
-1271.92
-1272.26
-1272.6
-1272.94
-1273.28
-1273.62
-1273.96
-1274.3
-1274.64
-1274.98
-1275.32
-1275.66
-1276
-1276.34
-1276.69
-1277.03
-1277.37
-1277.71
-1278.05
-1278.39
-1278.73
-1279.07
-1279.41
-1279.75
-1280.1
-1280.44
-1280.78
-1281.12
-1281.46
-1281.8
-1282.14
-1282.48
-1282.83
-1283.17
-1283.51
-1283.85
-1284.19
-1284.53
-1284.87
-1285.22
-1285.56
-1285.9
-1286.24
-1286.58
-1286.92
-1287.27
-1287.61
-1287.95
-1288.29
-1288.63
-1288.97
-1289.32
-1289.66
-1290
-1290.34
-1290.68
-1291.03
-1291.37
-1291.71
-1292.05
-1292.4
-1292.74
-1293.08
-1293.42
-1293.76
-1294.11
-1294.45
-1294.79
-1295.13
-1295.48
-1295.82
-1296.16
-1296.5
-1296.85
-1297.19
-1297.53
-1297.87
-1298.22
-1298.56
-1298.9
-1299.24
-1299.59
-1299.93
-1300.27
-1300.62
-1300.96
-1301.3
-1301.64
-1301.99
-1302.33
-1302.67
-1303.02
-1303.36
-1303.7
-1304.05
-1304.39
-1304.73
-1305.07
-1305.42
-1305.76
-1306.1
-1306.45
-1306.79
-1307.13
-1307.48
-1307.82
-1308.17
-1308.51
-1308.85
-1309.2
-1309.54
-1309.88
-1310.23
-1310.57
-1310.91
-1311.26
-1311.6
-1311.95
-1312.29
-1312.63
-1312.98
-1313.32
-1313.66
-1314.01
-1314.35
-1314.7
-1315.04
-1315.38
-1315.73
-1316.07
-1316.42
-1316.76
-1317.11
-1317.45
-1317.79
-1318.14
-1318.48
-1318.83
-1319.17
-1319.52
-1319.86
-1320.2
-1320.55
-1320.89
-1321.24
-1321.58
-1321.93
-1322.27
-1322.62
-1322.96
-1323.31
-1323.65
-1324
-1324.34
-1324.68
-1325.03
-1325.37
-1325.72
-1326.06
-1326.41
-1326.75
-1327.1
-1327.44
-1327.79
-1328.13
-1328.48
-1328.82
-1329.17
-1329.52
-1329.86
-1330.21
-1330.55
-1330.9
-1331.24
-1331.59
-1331.93
-1332.28
-1332.62
-1332.97
-1333.31
-1333.66
-1334.01
-1334.35
-1334.7
-1335.04
-1335.39
-1335.73
-1336.08
-1336.43
-1336.77
-1337.12
-1337.46
-1337.81
-1338.15
-1338.5
-1338.85
-1339.19
-1339.54
-1339.88
-1340.23
-1340.58
-1340.92
-1341.27
-1341.62
-1341.96
-1342.31
-1342.65
-1343
-1343.35
-1343.69
-1344.04
-1344.39
-1344.73
-1345.08
-1345.43
-1345.77
-1346.12
-1346.47
-1346.81
-1347.16
-1347.51
-1347.85
-1348.2
-1348.55
-1348.89
-1349.24
-1349.59
-1349.93
-1350.28
-1350.63
-1350.97
-1351.32
-1351.67
-1352.01
-1352.36
-1352.71
-1353.06
-1353.4
-1353.75
-1354.1
-1354.45
-1354.79
-1355.14
-1355.49
-1355.83
-1356.18
-1356.53
-1356.88
-1357.22
-1357.57
-1357.92
-1358.27
-1358.61
-1358.96
-1359.31
-1359.66
-1360.01
-1360.35
-1360.7
-1361.05
-1361.4
-1361.74
-1362.09
-1362.44
-1362.79
-1363.14
-1363.48
-1363.83
-1364.18
-1364.53
-1364.88
-1365.22
-1365.57
-1365.92
-1366.27
-1366.62
-1366.96
-1367.31
-1367.66
-1368.01
-1368.36
-1368.71
-1369.06
-1369.4
-1369.75
-1370.1
-1370.45
-1370.8
-1371.15
-1371.5
-1371.84
-1372.19
-1372.54
-1372.89
-1373.24
-1373.59
-1373.94
-1374.29
-1374.63
-1374.98
-1375.33
-1375.68
-1376.03
-1376.38
-1376.73
-1377.08
-1377.43
-1377.78
-1378.12
-1378.47
-1378.82
-1379.17
-1379.52
-1379.87
-1380.22
-1380.57
-1380.92
-1381.27
-1381.62
-1381.97
-1382.32
-1382.67
-1383.02
-1383.37
-1383.72
-1384.06
-1384.41
-1384.76
-1385.11
-1385.46
-1385.81
-1386.16
-1386.51
-1386.86
-1387.21
-1387.56
-1387.91
-1388.26
-1388.61
-1388.96
-1389.31
-1389.66
-1390.01
-1390.36
-1390.71
-1391.06
-1391.41
-1391.76
-1392.11
-1392.46
-1392.82
-1393.17
-1393.52
-1393.87
-1394.22
-1394.57
-1394.92
-1395.27
-1395.62
-1395.97
-1396.32
-1396.67
-1397.02
-1397.37
-1397.72
-1398.07
-1398.42
-1398.78
-1399.13
-1399.48
-1399.83
-1400.18
-1400.53
-1400.88
-1401.23
-1401.58
-1401.93
-1402.29
-1402.64
-1402.99
-1403.34
-1403.69
-1404.04
-1404.39
-1404.74
-1405.1
-1405.45
-1405.8
-1406.15
-1406.5
-1406.85
-1407.2
-1407.56
-1407.91
-1408.26
-1408.61
-1408.96
-1409.31
-1409.67
-1410.02
-1410.37
-1410.72
-1411.07
-1411.42
-1411.78
-1412.13
-1412.48
-1412.83
-1413.18
-1413.54
-1413.89
-1414.24
-1414.59
-1414.94
-1415.3
-1415.65
-1416
-1416.35
-1416.71
-1417.06
-1417.41
-1417.76
-1418.11
-1418.47
-1418.82
-1419.17
-1419.52
-1419.88
-1420.23
-1420.58
-1420.93
-1421.29
-1421.64
-1421.99
-1422.35
-1422.7
-1423.05
-1423.4
-1423.76
-1424.11
-1424.46
-1424.81
-1425.17
-1425.52
-1425.87
-1426.23
-1426.58
-1426.93
-1427.29
-1427.64
-1427.99
-1428.35
-1428.7
-1429.05
-1429.41
-1429.76
-1430.11
-1430.47
-1430.82
-1431.17
-1431.53
-1431.88
-1432.23
-1432.59
-1432.94
-1433.29
-1433.65
-1434
-1434.35
-1434.71
-1435.06
-1435.42
-1435.77
-1436.12
-1436.48
-1436.83
-1437.18
-1437.54
-1437.89
-1438.25
-1438.6
-1438.95
-1439.31
-1439.66
-1440.02
-1440.37
-1440.73
-1441.08
-1441.43
-1441.79
-1442.14
-1442.5
-1442.85
-1443.21
-1443.56
-1443.91
-1444.27
-1444.62
-1444.98
-1445.33
-1445.69
-1446.04
-1446.4
-1446.75
-1447.1
-1447.46
-1447.81
-1448.17
-1448.52
-1448.88
-1449.23
-1449.59
-1449.94
-1450.3
-1450.65
-1451.01
-1451.36
-1451.72
-1452.07
-1452.43
-1452.78
-1453.14
-1453.49
-1453.85
-1454.2
-1454.56
-1454.92
-1455.27
-1455.63
-1455.98
-1456.34
-1456.69
-1457.05
-1457.4
-1457.76
-1458.11
-1458.47
-1458.83
-1459.18
-1459.54
-1459.89
-1460.25
-1460.6
-1460.96
-1461.32
-1461.67
-1462.03
-1462.38
-1462.74
-1463.09
-1463.45
-1463.81
-1464.16
-1464.52
-1464.87
-1465.23
-1465.59
-1465.94
-1466.3
-1466.66
-1467.01
-1467.37
-1467.72
-1468.08
-1468.44
-1468.79
-1469.15
-1469.51
-1469.86
-1470.22
-1470.58
-1470.93
-1471.29
-1471.65
-1472
-1472.36
-1472.72
-1473.07
-1473.43
-1473.79
-1474.14
-1474.5
-1474.86
-1475.21
-1475.57
-1475.93
-1476.28
-1476.64
-1477
-1477.36
-1477.71
-1478.07
-1478.43
-1478.78
-1479.14
-1479.5
-1479.86
-1480.21
-1480.57
-1480.93
-1481.28
-1481.64
-1482
-1482.36
-1482.71
-1483.07
-1483.43
-1483.79
-1484.14
-1484.5
-1484.86
-1485.22
-1485.58
-1485.93
-1486.29
-1486.65
-1487.01
-1487.36
-1487.72
-1488.08
-1488.44
-1488.8
-1489.15
-1489.51
-1489.87
-1490.23
-1490.59
-1490.94
-1491.3
-1491.66
-1492.02
-1492.38
-1492.74
-1493.09
-1493.45
-1493.81
-1494.17
-1494.53
-1494.89
-1495.24
-1495.6
-1495.96
-1496.32
-1496.68
-1497.04
-1497.4
-1497.75
-1498.11
-1498.47
-1498.83
-1499.19
-1499.55
-1499.91
-1500.27
-1500.62
-1500.98
-1501.34
-1501.7
-1502.06
-1502.42
-1502.78
-1503.14
-1503.5
-1503.86
-1504.21
-1504.57
-1504.93
-1505.29
-1505.65
-1506.01
-1506.37
-1506.73
-1507.09
-1507.45
-1507.81
-1508.17
-1508.53
-1508.89
-1509.25
-1509.61
-1509.96
-1510.32
-1510.68
-1511.04
-1511.4
-1511.76
-1512.12
-1512.48
-1512.84
-1513.2
-1513.56
-1513.92
-1514.28
-1514.64
-1515
-1515.36
-1515.72
-1516.08
-1516.44
-1516.8
-1517.16
-1517.52
-1517.88
-1518.24
-1518.6
-1518.96
-1519.32
-1519.68
-1520.05
-1520.41
-1520.77
-1521.13
-1521.49
-1521.85
-1522.21
-1522.57
-1522.93
-1523.29
-1523.65
-1524.01
-1524.37
-1524.73
-1525.09
-1525.45
-1525.82
-1526.18
-1526.54
-1526.9
-1527.26
-1527.62
-1527.98
-1528.34
-1528.7
-1529.06
-1529.42
-1529.79
-1530.15
-1530.51
-1530.87
-1531.23
-1531.59
-1531.95
-1532.31
-1532.68
-1533.04
-1533.4
-1533.76
-1534.12
-1534.48
-1534.84
-1535.21
-1535.57
-1535.93
-1536.29
-1536.65
-1537.01
-1537.38
-1537.74
-1538.1
-1538.46
-1538.82
-1539.19
-1539.55
-1539.91
-1540.27
-1540.63
-1541
-1541.36
-1541.72
-1542.08
-1542.44
-1542.81
-1543.17
-1543.53
-1543.89
-1544.25
-1544.62
-1544.98
-1545.34
-1545.7
-1546.07
-1546.43
-1546.79
-1547.15
-1547.52
-1547.88
-1548.24
-1548.6
-1548.97
-1549.33
-1549.69
-1550.05
-1550.42
-1550.78
-1551.14
-1551.51
-1551.87
-1552.23
-1552.59
-1552.96
-1553.32
-1553.68
-1554.05
-1554.41
-1554.77
-1555.13
-1555.5
-1555.86
-1556.22
-1556.59
-1556.95
-1557.31
-1557.68
-1558.04
-1558.4
-1558.77
-1559.13
-1559.49
-1559.86
-1560.22
-1560.58
-1560.95
-1561.31
-1561.68
-1562.04
-1562.4
-1562.77
-1563.13
-1563.49
-1563.86
-1564.22
-1564.58
-1564.95
-1565.31
-1565.68
-1566.04
-1566.4
-1566.77
-1567.13
-1567.5
-1567.86
-1568.22
-1568.59
-1568.95
-1569.32
-1569.68
-1570.05
-1570.41
-1570.77
-1571.14
-1571.5
-1571.87
-1572.23
-1572.6
-1572.96
-1573.32
-1573.69
-1574.05
-1574.42
-1574.78
-1575.15
-1575.51
-1575.88
-1576.24
-1576.61
-1576.97
-1577.34
-1577.7
-1578.07
-1578.43
-1578.8
-1579.16
-1579.52
-1579.89
-1580.25
-1580.62
-1580.99
-1581.35
-1581.72
-1582.08
-1582.45
-1582.81
-1583.18
-1583.54
-1583.91
-1584.27
-1584.64
-1585
-1585.37
-1585.73
-1586.1
-1586.46
-1586.83
-1587.2
-1587.56
-1587.93
-1588.29
-1588.66
-1589.02
-1589.39
-1589.75
-1590.12
-1590.49
-1590.85
-1591.22
-1591.58
-1591.95
-1592.32
-1592.68
-1593.05
-1593.41
-1593.78
-1594.15
-1594.51
-1594.88
-1595.24
-1595.61
-1595.98
-1596.34
-1596.71
-1597.08
-1597.44
-1597.81
-1598.17
-1598.54
-1598.91
-1599.27
-1599.64
-1600.01
-1600.37
-1600.74
-1601.11
-1601.47
-1601.84
-1602.21
-1602.57
-1602.94
-1603.31
-1603.67
-1604.04
-1604.41
-1604.77
-1605.14
-1605.51
-1605.87
-1606.24
-1606.61
-1606.98
-1607.34
-1607.71
-1608.08
-1608.44
-1608.81
-1609.18
-1609.54
-1609.91
-1610.28
-1610.65
-1611.01
-1611.38
-1611.75
-1612.12
-1612.48
-1612.85
-1613.22
-1613.59
-1613.95
-1614.32
-1614.69
-1615.06
-1615.42
-1615.79
-1616.16
-1616.53
-1616.9
-1617.26
-1617.63
-1618
-1618.37
-1618.73
-1619.1
-1619.47
-1619.84
-1620.21
-1620.57
-1620.94
-1621.31
-1621.68
-1622.05
-1622.42
-1622.78
-1623.15
-1623.52
-1623.89
-1624.26
-1624.62
-1624.99
-1625.36
-1625.73
-1626.1
-1626.47
-1626.84
-1627.2
-1627.57
-1627.94
-1628.31
-1628.68
-1629.05
-1629.42
-1629.78
-1630.15
-1630.52
-1630.89
-1631.26
-1631.63
-1632
-1632.37
-1632.74
-1633.1
-1633.47
-1633.84
-1634.21
-1634.58
-1634.95
-1635.32
-1635.69
-1636.06
-1636.43
-1636.8
-1637.17
-1637.53
-1637.9
-1638.27
-1638.64
-1639.01
-1639.38
-1639.75
-1640.12
-1640.49
-1640.86
-1641.23
-1641.6
-1641.97
-1642.34
-1642.71
-1643.08
-1643.45
-1643.82
-1644.19
-1644.56
-1644.93
-1645.3
-1645.67
-1646.04
-1646.41
-1646.78
-1647.15
-1647.52
-1647.89
-1648.26
-1648.63
-1649
-1649.37
-1649.74
-1650.11
-1650.48
-1650.85
-1651.22
-1651.59
-1651.96
-1652.33
-1652.7
-1653.07
-1653.44
-1653.81
-1654.18
-1654.55
-1654.92
-1655.29
-1655.66
-1656.04
-1656.41
-1656.78
-1657.15
-1657.52
-1657.89
-1658.26
-1658.63
-1659
-1659.37
-1659.74
-1660.12
-1660.49
-1660.86
-1661.23
-1661.6
-1661.97
-1662.34
-1662.71
-1663.08
-1663.46
-1663.83
-1664.2
-1664.57
-1664.94
-1665.31
-1665.68
-1666.05
-1666.43
-1666.8
-1667.17
-1667.54
-1667.91
-1668.28
-1668.66
-1669.03
-1669.4
-1669.77
-1670.14
-1670.51
-1670.89
-1671.26
-1671.63
-1672
-1672.37
-1672.75
-1673.12
-1673.49
-1673.86
-1674.23
-1674.61
-1674.98
-1675.35
-1675.72
-1676.09
-1676.47
-1676.84
-1677.21
-1677.58
-1677.96
-1678.33
-1678.7
-1679.07
-1679.45
-1679.82
-1680.19
-1680.56
-1680.94
-1681.31
-1681.68
-1682.05
-1682.43
-1682.8
-1683.17
-1683.54
-1683.92
-1684.29
-1684.66
-1685.03
-1685.41
-1685.78
-1686.15
-1686.53
-1686.9
-1687.27
-1687.65
-1688.02
-1688.39
-1688.76
-1689.14
-1689.51
-1689.88
-1690.26
-1690.63
-1691
-1691.38
-1691.75
-1692.12
-1692.5
-1692.87
-1693.24
-1693.62
-1693.99
-1694.36
-1694.74
-1695.11
-1695.49
-1695.86
-1696.23
-1696.61
-1696.98
-1697.35
-1697.73
-1698.1
-1698.48
-1698.85
-1699.22
-1699.6
-1699.97
-1700.35
-1700.72
-1701.09
-1701.47
-1701.84
-1702.22
-1702.59
-1702.96
-1703.34
-1703.71
-1704.09
-1704.46
-1704.83
-1705.21
-1705.58
-1705.96
-1706.33
-1706.71
-1707.08
-1707.46
-1707.83
-1708.2
-1708.58
-1708.95
-1709.33
-1709.7
-1710.08
-1710.45
-1710.83
-1711.2
-1711.58
-1711.95
-1712.33
-1712.7
-1713.08
-1713.45
-1713.83
-1714.2
-1714.58
-1714.95
-1715.33
-1715.7
-1716.08
-1716.45
-1716.83
-1717.2
-1717.58
-1717.95
-1718.33
-1718.7
-1719.08
-1719.45
-1719.83
-1720.2
-1720.58
-1720.96
-1721.33
-1721.71
-1722.08
-1722.46
-1722.83
-1723.21
-1723.58
-1723.96
-1724.34
-1724.71
-1725.09
-1725.46
-1725.84
-1726.22
-1726.59
-1726.97
-1727.34
-1727.72
-1728.09
-1728.47
-1728.85
-1729.22
-1729.6
-1729.98
-1730.35
-1730.73
-1731.1
-1731.48
-1731.86
-1732.23
-1732.61
-1732.99
-1733.36
-1733.74
-1734.11
-1734.49
-1734.87
-1735.24
-1735.62
-1736
-1736.37
-1736.75
-1737.13
-1737.5
-1737.88
-1738.26
-1738.63
-1739.01
-1739.39
-1739.76
-1740.14
-1740.52
-1740.9
-1741.27
-1741.65
-1742.03
-1742.4
-1742.78
-1743.16
-1743.53
-1743.91
-1744.29
-1744.67
-1745.04
-1745.42
-1745.8
-1746.17
-1746.55
-1746.93
-1747.31
-1747.68
-1748.06
-1748.44
-1748.82
-1749.19
-1749.57
-1749.95
-1750.33
-1750.7
-1751.08
-1751.46
-1751.84
-1752.22
-1752.59
-1752.97
-1753.35
-1753.73
-1754.1
-1754.48
-1754.86
-1755.24
-1755.62
-1755.99
-1756.37
-1756.75
-1757.13
-1757.51
-1757.89
-1758.26
-1758.64
-1759.02
-1759.4
-1759.78
-1760.15
-1760.53
-1760.91
-1761.29
-1761.67
-1762.05
-1762.43
-1762.8
-1763.18
-1763.56
-1763.94
-1764.32
-1764.7
-1765.08
-1765.45
-1765.83
-1766.21
-1766.59
-1766.97
-1767.35
-1767.73
-1768.11
-1768.48
-1768.86
-1769.24
-1769.62
-1770
-1770.38
-1770.76
-1771.14
-1771.52
-1771.9
-1772.28
-1772.65
-1773.03
-1773.41
-1773.79
-1774.17
-1774.55
-1774.93
-1775.31
-1775.69
-1776.07
-1776.45
-1776.83
-1777.21
-1777.59
-1777.97
-1778.35
-1778.73
-1779.11
-1779.48
-1779.86
-1780.24
-1780.62
-1781
-1781.38
-1781.76
-1782.14
-1782.52
-1782.9
-1783.28
-1783.66
-1784.04
-1784.42
-1784.8
-1785.18
-1785.56
-1785.94
-1786.32
-1786.7
-1787.08
-1787.47
-1787.85
-1788.23
-1788.61
-1788.99
-1789.37
-1789.75
-1790.13
-1790.51
-1790.89
-1791.27
-1791.65
-1792.03
-1792.41
-1792.79
-1793.17
-1793.55
-1793.93
-1794.31
-1794.7
-1795.08
-1795.46
-1795.84
-1796.22
-1796.6
-1796.98
-1797.36
-1797.74
-1798.12
-1798.5
-1798.89
-1799.27
-1799.65
-1800.03
-1800.41
-1800.79
-1801.17
-1801.55
-1801.94
-1802.32
-1802.7
-1803.08
-1803.46
-1803.84
-1804.22
-1804.61
-1804.99
-1805.37
-1805.75
-1806.13
-1806.51
-1806.9
-1807.28
-1807.66
-1808.04
-1808.42
-1808.8
-1809.19
-1809.57
-1809.95
-1810.33
-1810.71
-1811.1
-1811.48
-1811.86
-1812.24
-1812.62
-1813.01
-1813.39
-1813.77
-1814.15
-1814.53
-1814.92
-1815.3
-1815.68
-1816.06
-1816.45
-1816.83
-1817.21
-1817.59
-1817.98
-1818.36
-1818.74
-1819.12
-1819.51
-1819.89
-1820.27
-1820.65
-1821.04
-1821.42
-1821.8
-1822.18
-1822.57
-1822.95
-1823.33
-1823.72
-1824.1
-1824.48
-1824.86
-1825.25
-1825.63
-1826.01
-1826.4
-1826.78
-1827.16
-1827.55
-1827.93
-1828.31
-1828.69
-1829.08
-1829.46
-1829.84
-1830.23
-1830.61
-1830.99
-1831.38
-1831.76
-1832.15
-1832.53
-1832.91
-1833.3
-1833.68
-1834.06
-1834.45
-1834.83
-1835.21
-1835.6
-1835.98
-1836.36
-1836.75
-1837.13
-1837.52
-1837.9
-1838.28
-1838.67
-1839.05
-1839.44
-1839.82
-1840.2
-1840.59
-1840.97
-1841.36
-1841.74
-1842.12
-1842.51
-1842.89
-1843.28
-1843.66
-1844.05
-1844.43
-1844.81
-1845.2
-1845.58
-1845.97
-1846.35
-1846.74
-1847.12
-1847.51
-1847.89
-1848.27
-1848.66
-1849.04
-1849.43
-1849.81
-1850.2
-1850.58
-1850.97
-1851.35
-1851.74
-1852.12
-1852.51
-1852.89
-1853.28
-1853.66
-1854.05
-1854.43
-1854.82
-1855.2
-1855.59
-1855.97
-1856.36
-1856.74
-1857.13
-1857.51
-1857.9
-1858.28
-1858.67
-1859.05
-1859.44
-1859.82
-1860.21
-1860.6
-1860.98
-1861.37
-1861.75
-1862.14
-1862.52
-1862.91
-1863.29
-1863.68
-1864.07
-1864.45
-1864.84
-1865.22
-1865.61
-1866
-1866.38
-1866.77
-1867.15
-1867.54
-1867.92
-1868.31
-1868.7
-1869.08
-1869.47
-1869.86
-1870.24
-1870.63
-1871.01
-1871.4
-1871.79
-1872.17
-1872.56
-1872.95
-1873.33
-1873.72
-1874.1
-1874.49
-1874.88
-1875.26
-1875.65
-1876.04
-1876.42
-1876.81
-1877.2
-1877.58
-1877.97
-1878.36
-1878.74
-1879.13
-1879.52
-1879.9
-1880.29
-1880.68
-1881.06
-1881.45
-1881.84
-1882.23
-1882.61
-1883
-1883.39
-1883.77
-1884.16
-1884.55
-1884.94
-1885.32
-1885.71
