141.744
139.282
136.82
134.357
131.895
129.433
126.97
124.508
122.045
119.582
117.119
114.656
112.193
109.73
107.267
104.804
102.34
99.8766
97.413
94.9493
92.4855
90.0216
87.5576
85.0935
82.6293
80.165
77.7006
75.2361
72.7716
70.3069
67.8422
65.3773
62.9124
60.4473
57.9822
55.517
53.0517
50.5863
48.1208
45.6552
43.1895
40.7237
38.2578
35.7918
33.3257
30.8596
28.3933
25.927
23.4605
20.994
18.5273
16.0606
13.5938
11.1269
8.65984
6.19273
3.72553
1.25824
-1.20915
-3.67663
-6.14421
-8.61188
-11.0796
-13.5475
-16.0155
-18.4835
-20.9517
-23.4199
-25.8882
-28.3566
-30.8252
-33.2938
-35.7625
-38.2313
-40.7002
-43.1692
-45.6382
-48.1074
-50.5767
-53.0461
-55.5155
-57.9851
-60.4547
-62.9245
-65.3943
-67.8642
-70.3342
-72.8044
-75.2746
-77.7449
-80.2153
-82.6858
-85.1563
-87.627
-90.0978
-92.5687
-95.0396
-97.5107
-99.9818
-102.453
-104.924
-107.396
-109.867
-112.339
-114.811
-117.283
-119.754
-122.226
-124.698
-127.171
-129.643
-132.115
-134.588
-137.06
-139.533
-142.006
-144.479
-146.952
-149.425
-151.898
-154.371
-156.844
-159.318
-161.791
-164.265
-166.738
-169.212
-171.686
-174.16
-176.634
-179.108
-181.582
-184.057
-186.531
-189.006
-191.48
-193.955
-196.43
-198.905
-201.38
-203.855
-206.33
-208.805
-211.281
-213.756
-216.232
-218.707
-221.183
-223.659
-226.135
-228.611
-231.087
-233.563
-236.04
-238.516
-240.993
-243.469
-245.946
-248.423
-250.9
-253.376
-255.854
-258.331
-260.808
-263.285
-265.763
-268.24
-270.718
-273.196
-275.673
-278.151
-280.629
-283.107
-285.586
-288.064
-290.542
-293.021
-295.499
-297.978
-300.457
-302.936
-305.414
-307.894
-310.373
-312.852
-315.331
-317.811
-320.29
-322.77
-325.249
-327.729
-330.209
-332.689
-335.169
-337.649
-340.129
-342.61
-345.09
-347.571
-350.051
-352.532
-355.013
-357.494
-359.975
-362.456
-364.937
-367.418
-369.9
-372.381
-374.863
-377.344
-379.826
-382.308
-384.79
-387.272
-389.754
-392.236
-394.719
-397.201
-399.684
-402.166
-404.649
-407.132
-409.614
-412.097
-414.58
-417.064
-419.547
-422.03
-424.514
-426.997
-429.481
-431.964
-434.448
-436.932
-439.416
-441.9
-444.384
-446.869
-449.353
-451.838
-454.322
-456.807
-459.291
-461.776
-464.261
-466.746
-469.231
-471.717
-474.202
-476.687
-479.173
-481.658
-484.144
-486.63
-489.116
-491.602
-494.088
-496.574
-499.06
-501.546
-504.033
-506.519
-509.006
-511.493
-513.979
-516.466
-518.953
-521.44
-523.928
-526.415
-528.902
-531.39
-533.877
-536.365
-538.852
-541.34
-543.828
-546.316
-548.804
-551.293
-553.781
-556.269
-558.758
-561.246
-563.735
-566.224
-568.713
-571.202
-573.691
-576.18
-578.669
-581.158
-583.648
-586.137
-588.627
-591.116
-593.606
-596.096
-598.586
-601.076
-603.566
-606.057
-608.547
-611.037
-613.528
-616.018
-618.509
-621
-623.491
-625.982
-628.473
-630.964
-633.455
-635.947
-638.438
-640.93
-643.422
-645.913
-648.405
-650.897
-653.389
-655.881
-658.373
-660.866
-663.358
-665.851
-668.343
-670.836
-673.329
-675.821
-678.314
-680.807
-683.301
-685.794
-688.287
-690.781
-693.274
-695.768
-698.261
-700.755
-703.249
-705.743
-708.237
-710.731
-713.226
-715.72
-718.214
-720.709
-723.204
-725.698
-728.193
-730.688
-733.183
-735.678
-738.173
-740.669
-743.164
-745.66
-748.155
-750.651
-753.147
-755.642
-758.138
-760.634
-763.13
-765.627
-768.123
-770.619
-773.116
-775.613
-778.109
-780.606
-783.103
-785.6
-788.097
-790.594
-793.091
-795.589
-798.086
-800.584
-803.081
-805.579
-808.077
-810.575
-813.073
-815.571
-818.069
-820.567
-823.065
-825.564
-828.062
-830.561
-833.06
-835.559
-838.058
-840.557
-843.056
-845.555
-848.054
-850.554
-853.053
-855.553
-858.052
-860.552
-863.052
-865.552
-868.052
-870.552
-873.052
-875.553
-878.053
-880.553
-883.054
-885.555
-888.056
-890.556
-893.057
-895.558
-898.06
-900.561
-903.062
-905.564
-908.065
-910.567
-913.068
-915.57
-918.072
-920.574
-923.076
-925.578
-928.081
-930.583
-933.086
-935.588
-938.091
-940.593
-943.096
-945.599
-948.102
-950.605
-953.109
-955.612
-958.115
-960.619
-963.122
-965.626
-968.13
-970.634
-973.137
-975.641
-978.146
-980.65
-983.154
-985.659
-988.163
-990.668
-993.172
-995.677
-998.182
-1000.69
-1003.19
-1005.7
-1008.2
-1010.71
-1013.21
-1015.72
-1018.22
-1020.73
-1023.24
-1025.74
-1028.25
-1030.75
-1033.26
-1035.77
-1038.27
-1040.78
-1043.29
-1045.79
-1048.3
-1050.81
-1053.31
-1055.82
-1058.33
-1060.83
-1063.34
-1065.85
-1068.36
-1070.86
-1073.37
-1075.88
-1078.39
-1080.89
-1083.4
-1085.91
-1088.42
-1090.93
-1093.44
-1095.94
-1098.45
-1100.96
-1103.47
-1105.98
-1108.49
-1111
-1113.51
-1116.02
-1118.53
-1121.03
-1123.54
-1126.05
-1128.56
-1131.07
-1133.58
-1136.09
-1138.6
-1141.11
-1143.62
-1146.13
-1148.64
-1151.15
-1153.67
-1156.18
-1158.69
-1161.2
-1163.71
-1166.22
-1168.73
-1171.24
-1173.75
-1176.27
-1178.78
-1181.29
-1183.8
-1186.31
-1188.82
-1191.34
-1193.85
-1196.36
-1198.87
-1201.39
-1203.9
-1206.41
-1208.92
-1211.44
-1213.95
-1216.46
-1218.97
-1221.49
-1224
-1226.51
-1229.03
-1231.54
-1234.05
-1236.57
-1239.08
-1241.6
-1244.11
-1246.62
-1249.14
-1251.65
-1254.17
-1256.68
-1259.2
-1261.71
-1264.22
-1266.74
-1269.25
-1271.77
-1274.28
-1276.8
-1279.32
-1281.83
-1284.35
-1286.86
-1289.38
-1291.89
-1294.41
-1296.92
-1299.44
-1301.96
-1304.47
-1306.99
-1309.51
-1312.02
-1314.54
-1317.06
-1319.57
-1322.09
-1324.61
-1327.12
-1329.64
-1332.16
-1334.67
-1337.19
-1339.71
-1342.23
-1344.74
-1347.26
-1349.78
-1352.3
-1354.82
-1357.33
-1359.85
-1362.37
-1364.89
-1367.41
-1369.93
-1372.44
-1374.96
-1377.48
-1380
-1382.52
-1385.04
-1387.56
-1390.08
-1392.6
-1395.12
-1397.64
-1400.16
-1402.68
-1405.2
-1407.72
-1410.24
-1412.76
-1415.28
-1417.8
-1420.32
-1422.84
-1425.36
-1427.88
-1430.4
-1432.92
-1435.44
-1437.96
-1440.48
-1443.01
-1445.53
-1448.05
-1450.57
-1453.09
-1455.61
-1458.14
-1460.66
-1463.18
-1465.7
-1468.22
-1470.75
-1473.27
-1475.79
-1478.31
-1480.84
-1483.36
-1485.88
-1488.4
-1490.93
-1493.45
-1495.97
-1498.5
-1501.02
-1503.54
-1506.07
-1508.59
-1511.12
-1513.64
-1516.16
-1518.69
-1521.21
-1523.74
-1526.26
-1528.78
-1531.31
-1533.83
-1536.36
-1538.88
-1541.41
-1543.93
-1546.46
-1548.98
-1551.51
-1554.03
-1556.56
-1559.08
-1561.61
-1564.14
-1566.66
-1569.19
-1571.71
-1574.24
-1576.77
-1579.29
-1581.82
-1584.35
-1586.87
-1589.4
-1591.93
-1594.45
-1596.98
-1599.51
-1602.03
-1604.56
-1607.09
-1609.61
-1612.14
-1614.67
-1617.2
-1619.73
-1622.25
-1624.78
-1627.31
-1629.84
-1632.37
-1634.89
-1637.42
-1639.95
-1642.48
-1645.01
-1647.54
-1650.07
-1652.59
-1655.12
-1657.65
-1660.18
-1662.71
-1665.24
-1667.77
-1670.3
-1672.83
-1675.36
-1677.89
-1680.42
-1682.95
-1685.48
-1688.01
-1690.54
-1693.07
-1695.6
-1698.13
-1700.66
-1703.19
-1705.72
-1708.25
-1710.79
-1713.32
-1715.85
-1718.38
-1720.91
-1723.44
-1725.97
-1728.51
-1731.04
-1733.57
-1736.1
-1738.63
-1741.17
-1743.7
-1746.23
-1748.76
-1751.3
-1753.83
-1756.36
-1758.89
-1761.43
-1763.96
-1766.49
-1769.03
-1771.56
-1774.09
-1776.63
-1779.16
-1781.69
-1784.23
-1786.76
-1789.29
-1791.83
-1794.36
-1796.9
-1799.43
-1801.97
-1804.5
-1807.03
-1809.57
-1812.1
-1814.64
-1817.17
-1819.71
-1822.24
-1824.78
-1827.31
-1829.85
-1832.39
-1834.92
-1837.46
-1839.99
-1842.53
-1845.06
-1847.6
-1850.14
-1852.67
-1855.21
-1857.75
-1860.28
-1862.82
-1865.36
-1867.89
-1870.43
-1872.97
-1875.5
-1878.04
-1880.58
-1883.12
-1885.65
-1888.19
-1890.73
-1893.27
-1895.8
-1898.34
-1900.88
-1903.42
-1905.96
-1908.49
-1911.03
-1913.57
-1916.11
-1918.65
-1921.19
-1923.73
-1926.26
-1928.8
-1931.34
-1933.88
-1936.42
-1938.96
-1941.5
-1944.04
-1946.58
-1949.12
-1951.66
-1954.2
-1956.74
-1959.28
-1961.82
-1964.36
-1966.9
-1969.44
-1971.98
-1974.52
-1977.06
-1979.6
-1982.14
-1984.68
-1987.23
-1989.77
-1992.31
-1994.85
-1997.39
-1999.93
-2002.47
-2005.02
-2007.56
-2010.1
-2012.64
-2015.18
-2017.73
-2020.27
-2022.81
-2025.35
-2027.9
-2030.44
-2032.98
-2035.52
-2038.07
-2040.61
-2043.15
-2045.7
-2048.24
-2050.78
-2053.33
-2055.87
-2058.41
-2060.96
-2063.5
-2066.05
-2068.59
-2071.13
-2073.68
-2076.22
-2078.77
-2081.31
-2083.86
-2086.4
-2088.95
-2091.49
-2094.04
-2096.58
-2099.13
-2101.67
-2104.22
-2106.76
-2109.31
-2111.85
-2114.4
-2116.94
-2119.49
-2122.04
-2124.58
-2127.13
-2129.68
-2132.22
-2134.77
-2137.31
-2139.86
-2142.41
-2144.95
-2147.5
-2150.05
-2152.6
-2155.14
-2157.69
-2160.24
-2162.78
-2165.33
-2167.88
-2170.43
-2172.98
-2175.52
-2178.07
-2180.62
-2183.17
-2185.72
-2188.26
-2190.81
-2193.36
-2195.91
-2198.46
-2201.01
-2203.56
-2206.11
-2208.66
-2211.2
-2213.75
-2216.3
-2218.85
-2221.4
-2223.95
-2226.5
-2229.05
-2231.6
-2234.15
-2236.7
-2239.25
-2241.8
-2244.35
-2246.9
-2249.45
-2252
-2254.55
-2257.11
-2259.66
-2262.21
-2264.76
-2267.31
-2269.86
-2272.41
-2274.96
-2277.52
-2280.07
-2282.62
-2285.17
-2287.72
-2290.28
-2292.83
-2295.38
-2297.93
-2300.48
-2303.04
-2305.59
-2308.14
-2310.7
-2313.25
-2315.8
-2318.35
-2320.91
-2323.46
-2326.01
-2328.57
-2331.12
-2333.67
-2336.23
-2338.78
-2341.34
-2343.89
-2346.44
-2349
-2351.55
-2354.11
-2356.66
-2359.22
-2361.77
-2364.33
-2366.88
-2369.43
-2371.99
-2374.54
-2377.1
-2379.66
-2382.21
-2384.77
-2387.32
-2389.88
-2392.43
-2394.99
-2397.54
-2400.1
-2402.66
-2405.21
-2407.77
-2410.33
-2412.88
-2415.44
-2418
-2420.55
-2423.11
-2425.67
-2428.22
-2430.78
-2433.34
-2435.89
-2438.45
-2441.01
-2443.57
-2446.12
-2448.68
-2451.24
-2453.8
-2456.36
-2458.91
-2461.47
-2464.03
-2466.59
-2469.15
-2471.71
-2474.27
-2476.82
-2479.38
-2481.94
-2484.5
-2487.06
-2489.62
-2492.18
-2494.74
-2497.3
-2499.86
-2502.42
-2504.98
-2507.54
-2510.1
-2512.66
-2515.22
-2517.78
-2520.34
-2522.9
-2525.46
-2528.02
-2530.58
-2533.14
-2535.7
-2538.26
-2540.82
-2543.38
-2545.95
-2548.51
-2551.07
-2553.63
-2556.19
-2558.75
-2561.31
-2563.88
-2566.44
-2569
-2571.56
-2574.12
-2576.69
-2579.25
-2581.81
-2584.37
-2586.94
-2589.5
-2592.06
-2594.63
-2597.19
-2599.75
-2602.32
-2604.88
-2607.44
-2610.01
-2612.57
-2615.13
-2617.7
-2620.26
-2622.82
-2625.39
-2627.95
-2630.52
-2633.08
-2635.65
-2638.21
-2640.78
-2643.34
-2645.9
-2648.47
-2651.03
-2653.6
-2656.16
-2658.73
-2661.3
-2663.86
-2666.43
-2668.99
-2671.56
-2674.12
-2676.69
-2679.26
-2681.82
-2684.39
-2686.95
-2689.52
-2692.09
-2694.65
-2697.22
-2699.79
-2702.35
-2704.92
-2707.49
-2710.05
-2712.62
-2715.19
-2717.76
-2720.32
-2722.89
-2725.46
-2728.03
-2730.59
-2733.16
-2735.73
-2738.3
-2740.87
-2743.44
-2746
-2748.57
-2751.14
-2753.71
-2756.28
-2758.85
-2761.42
-2763.99
-2766.55
-2769.12
-2771.69
-2774.26
-2776.83
-2779.4
-2781.97
-2784.54
-2787.11
-2789.68
-2792.25
-2794.82
-2797.39
-2799.96
-2802.53
-2805.1
-2807.67
-2810.24
-2812.81
-2815.38
-2817.96
-2820.53
-2823.1
-2825.67
-2828.24
-2830.81
-2833.38
-2835.96
-2838.53
-2841.1
-2843.67
-2846.24
-2848.81
-2851.39
-2853.96
-2856.53
-2859.1
-2861.68
-2864.25
-2866.82
-2869.39
-2871.97
-2874.54
-2877.11
-2879.69
-2882.26
-2884.83
-2887.41
-2889.98
-2892.55
-2895.13
-2897.7
-2900.27
-2902.85
-2905.42
-2908
-2910.57
-2913.15
-2915.72
-2918.29
-2920.87
-2923.44
-2926.02
-2928.59
-2931.17
-2933.74
-2936.32
-2938.89
-2941.47
-2944.04
-2946.62
-2949.2
-2951.77
-2954.35
-2956.92
-2959.5
-2962.07
-2964.65
-2967.23
-2969.8
-2972.38
-2974.96
-2977.53
-2980.11
-2982.69
-2985.26
-2987.84
-2990.42
-2992.99
-2995.57
-2998.15
-3000.73
-3003.3
-3005.88
-3008.46
-3011.04
-3013.62
-3016.19
-3018.77
-3021.35
-3023.93
-3026.51
-3029.08
-3031.66
-3034.24
-3036.82
-3039.4
-3041.98
-3044.56
-3047.14
-3049.72
-3052.3
-3054.87
-3057.45
-3060.03
-3062.61
-3065.19
-3067.77
-3070.35
-3072.93
-3075.51
-3078.09
-3080.67
-3083.25
-3085.83
-3088.41
-3091
-3093.58
-3096.16
-3098.74
-3101.32
-3103.9
-3106.48
-3109.06
-3111.64
-3114.23
-3116.81
-3119.39
-3121.97
-3124.55
-3127.13
-3129.72
-3132.3
-3134.88
-3137.46
-3140.04
-3142.63
-3145.21
-3147.79
-3150.38
-3152.96
-3155.54
-3158.12
-3160.71
-3163.29
-3165.87
-3168.46
-3171.04
-3173.62
-3176.21
-3178.79
-3181.38
-3183.96
-3186.54
-3189.13
-3191.71
-3194.3
-3196.88
-3199.46
-3202.05
-3204.63
-3207.22
-3209.8
-3212.39
-3214.97
-3217.56
-3220.14
-3222.73
-3225.31
-3227.9
-3230.49
-3233.07
-3235.66
-3238.24
-3240.83
-3243.41
-3246
-3248.59
-3251.17
-3253.76
-3256.35
-3258.93
-3261.52
-3264.11
-3266.69
-3269.28
-3271.87
-3274.45
-3277.04
-3279.63
-3282.22
-3284.8
-3287.39
-3289.98
-3292.57
-3295.15
-3297.74
-3300.33
-3302.92
-3305.51
-3308.1
-3310.68
-3313.27
-3315.86
-3318.45
-3321.04
-3323.63
-3326.22
-3328.81
-3331.39
-3333.98
-3336.57
-3339.16
-3341.75
-3344.34
-3346.93
-3349.52
-3352.11
-3354.7
-3357.29
-3359.88
-3362.47
-3365.06
-3367.65
-3370.24
-3372.83
-3375.42
-3378.01
-3380.61
-3383.2
-3385.79
-3388.38
-3390.97
-3393.56
-3396.15
-3398.74
-3401.34
-3403.93
-3406.52
-3409.11
-3411.7
-3414.3
-3416.89
-3419.48
-3422.07
-3424.66
-3427.26
-3429.85
-3432.44
-3435.03
-3437.63
-3440.22
-3442.81
-3445.41
-3448
-3450.59
-3453.19
-3455.78
-3458.37
-3460.97
-3463.56
-3466.16
-3468.75
-3471.34
-3473.94
-3476.53
-3479.13
-3481.72
-3484.32
-3486.91
-3489.5
-3492.1
-3494.69
-3497.29
-3499.88
-3502.48
-3505.07
-3507.67
-3510.27
-3512.86
-3515.46
-3518.05
-3520.65
-3523.24
-3525.84
-3528.44
-3531.03
-3533.63
-3536.22
-3538.82
-3541.42
-3544.01
-3546.61
-3549.21
-3551.8
-3554.4
-3557
-3559.6
-3562.19
-3564.79
-3567.39
-3569.99
-3572.58
-3575.18
-3577.78
-3580.38
-3582.97
-3585.57
-3588.17
-3590.77
-3593.37
-3595.97
-3598.56
-3601.16
-3603.76
-3606.36
-3608.96
-3611.56
-3614.16
-3616.76
-3619.36
-3621.96
-3624.56
-3627.15
-3629.75
-3632.35
-3634.95
-3637.55
-3640.15
-3642.75
-3645.35
-3647.95
-3650.55
-3653.16
-3655.76
-3658.36
-3660.96
-3663.56
-3666.16
-3668.76
-3671.36
-3673.96
-3676.56
-3679.16
-3681.77
-3684.37
-3686.97
-3689.57
-3692.17
-3694.77
-3697.38
-3699.98
-3702.58
-3705.18
-3707.79
-3710.39
-3712.99
-3715.59
-3718.2
-3720.8
-3723.4
-3726
-3728.61
-3731.21
-3733.81
-3736.42
-3739.02
-3741.62
-3744.23
-3746.83
-3749.44
-3752.04
-3754.64
-3757.25
-3759.85
-3762.46
-3765.06
-3767.67
-3770.27
-3772.87
-3775.48
-3778.08
-3780.69
-3783.29
-3785.9
-3788.5
-3791.11
-3793.71
-3796.32
-3798.93
-3801.53
-3804.14
-3806.74
-3809.35
-3811.96
-3814.56
-3817.17
-3819.77
-3822.38
-3824.99
-3827.59
-3830.2
-3832.81
-3835.41
-3838.02
-3840.63
-3843.23
-3845.84
-3848.45
-3851.06
-3853.66
-3856.27
-3858.88
-3861.49
-3864.09
-3866.7
-3869.31
-3871.92
-3874.53
-3877.14
-3879.74
-3882.35
-3884.96
-3887.57
-3890.18
-3892.79
-3895.4
-3898
-3900.61
-3903.22
-3905.83
-3908.44
-3911.05
-3913.66
-3916.27
-3918.88
-3921.49
-3924.1
-3926.71
-3929.32
-3931.93
-3934.54
-3937.15
-3939.76
-3942.37
-3944.98
-3947.59
-3950.2
-3952.82
-3955.43
-3958.04
-3960.65
-3963.26
-3965.87
-3968.48
-3971.09
-3973.71
-3976.32
-3978.93
-3981.54
-3984.15
-3986.77
-3989.38
-3991.99
-3994.6
-3997.22
-3999.83
-4002.44
-4005.05
-4007.67
-4010.28
-4012.89
-4015.51
-4018.12
-4020.73
-4023.35
-4025.96
-4028.57
-4031.19
-4033.8
-4036.41
-4039.03
-4041.64
-4044.26
-4046.87
-4049.48
-4052.1
-4054.71
-4057.33
-4059.94
-4062.56
-4065.17
-4067.79
-4070.4
-4073.02
-4075.63
-4078.25
-4080.86
-4083.48
-4086.09
-4088.71
-4091.33
-4093.94
-4096.56
-4099.17
-4101.79
-4104.41
-4107.02
-4109.64
-4112.25
-4114.87
-4117.49
-4120.1
-4122.72
-4125.34
-4127.96
-4130.57
-4133.19
-4135.81
-4138.42
-4141.04
-4143.66
-4146.28
-4148.9
-4151.51
-4154.13
-4156.75
-4159.37
-4161.99
-4164.6
-4167.22
-4169.84
-4172.46
-4175.08
-4177.7
-4180.32
-4182.93
-4185.55
-4188.17
-4190.79
-4193.41
-4196.03
-4198.65
-4201.27
-4203.89
-4206.51
-4209.13
-4211.75
-4214.37
-4216.99
-4219.61
-4222.23
-4224.85
-4227.47
-4230.09
-4232.71
-4235.33
-4237.95
-4240.57
-4243.2
-4245.82
-4248.44
-4251.06
-4253.68
-4256.3
-4258.92
-4261.55
-4264.17
-4266.79
-4269.41
-4272.03
-4274.66
-4277.28
-4279.9
-4282.52
-4285.14
-4287.77
-4290.39
-4293.01
-4295.64
-4298.26
-4300.88
-4303.51
-4306.13
-4308.75
-4311.37
-4314
-4316.62
-4319.25
-4321.87
-4324.49
-4327.12
-4329.74
-4332.37
-4334.99
-4337.61
-4340.24
-4342.86
-4345.49
-4348.11
-4350.74
-4353.36
-4355.99
-4358.61
-4361.24
-4363.86
-4366.49
-4369.11
-4371.74
-4374.36
-4376.99
-4379.62
-4382.24
-4384.87
-4387.49
-4390.12
-4392.75
-4395.37
-4398
-4400.63
-4403.25
-4405.88
-4408.51
-4411.13
-4413.76
-4416.39
-4419.01
-4421.64
-4424.27
-4426.9
-4429.52
-4432.15
-4434.78
-4437.41
-4440.03
-4442.66
-4445.29
-4447.92
-4450.55
-4453.17
-4455.8
-4458.43
-4461.06
-4463.69
-4466.32
-4468.95
-4471.58
-4474.2
-4476.83
-4479.46
-4482.09
-4484.72
-4487.35
-4489.98
-4492.61
-4495.24
-4497.87
-4500.5
-4503.13
-4505.76
-4508.39
-4511.02
-4513.65
-4516.28
-4518.91
-4521.54
-4524.17
-4526.81
-4529.44
-4532.07
-4534.7
-4537.33
-4539.96
-4542.59
-4545.22
-4547.86
-4550.49
-4553.12
-4555.75
-4558.38
-4561.01
-4563.65
-4566.28
-4568.91
-4571.54
-4574.18
-4576.81
-4579.44
-4582.07
-4584.71
-4587.34
-4589.97
-4592.61
-4595.24
-4597.87
-4600.51
-4603.14
-4605.77
-4608.41
-4611.04
-4613.68
-4616.31
-4618.94
-4621.58
-4624.21
-4626.85
-4629.48
-4632.12
-4634.75
-4637.38
-4640.02
-4642.65
-4645.29
-4647.92
-4650.56
-4653.19
-4655.83
-4658.47
-4661.1
-4663.74
-4666.37
-4669.01
-4671.64
-4674.28
-4676.92
-4679.55
-4682.19
-4684.82
-4687.46
-4690.1
-4692.73
-4695.37
-4698.01
-4700.64
-4703.28
-4705.92
-4708.56
-4711.19
-4713.83
-4716.47
-4719.11
-4721.74
-4724.38
-4727.02
-4729.66
-4732.29
-4734.93
-4737.57
-4740.21
-4742.85
-4745.49
-4748.12
-4750.76
-4753.4
-4756.04
-4758.68
-4761.32
-4763.96
-4766.6
-4769.24
-4771.88
-4774.51
-4777.15
-4779.79
-4782.43
-4785.07
-4787.71
-4790.35
-4792.99
-4795.63
-4798.27
-4800.91
-4803.55
-4806.2
-4808.84
-4811.48
-4814.12
-4816.76
-4819.4
-4822.04
-4824.68
-4827.32
-4829.96
-4832.61
-4835.25
-4837.89
-4840.53
-4843.17
-4845.81
-4848.46
-4851.1
-4853.74
-4856.38
-4859.02
-4861.67
-4864.31
-4866.95
-4869.6
-4872.24
-4874.88
-4877.52
-4880.17
-4882.81
-4885.45
-4888.1
-4890.74
-4893.38
-4896.03
-4898.67
-4901.32
-4903.96
-4906.6
-4909.25
-4911.89
-4914.54
-4917.18
-4919.82
-4922.47
-4925.11
-4927.76
-4930.4
-4933.05
-4935.69
-4938.34
-4940.98
-4943.63
-4946.27
-4948.92
-4951.56
-4954.21
-4956.86
-4959.5
-4962.15
-4964.79
-4967.44
-4970.09
-4972.73
-4975.38
-4978.03
-4980.67
-4983.32
-4985.97
-4988.61
-4991.26
-4993.91
-4996.55
-4999.2
-5001.85
-5004.49
-5007.14
-5009.79
-5012.44
-5015.09
-5017.73
-5020.38
-5023.03
-5025.68
-5028.33
-5030.97
-5033.62
-5036.27
-5038.92
-5041.57
-5044.22
-5046.87
-5049.51
-5052.16
-5054.81
-5057.46
-5060.11
-5062.76
-5065.41
-5068.06
-5070.71
-5073.36
-5076.01
-5078.66
-5081.31
-5083.96
-5086.61
-5089.26
-5091.91
-5094.56
-5097.21
-5099.86
-5102.51
-5105.16
-5107.81
-5110.46
-5113.12
-5115.77
-5118.42
-5121.07
-5123.72
-5126.37
-5129.02
-5131.68
-5134.33
-5136.98
-5139.63
-5142.28
-5144.94
-5147.59
-5150.24
-5152.89
-5155.55
-5158.2
-5160.85
-5163.5
-5166.16
-5168.81
-5171.46
-5174.12
-5176.77
-5179.42
-5182.08
-5184.73
-5187.38
-5190.04
-5192.69
-5195.34
-5198
-5200.65
-5203.31
-5205.96
-5208.62
-5211.27
-5213.92
-5216.58
-5219.23
-5221.89
-5224.54
-5227.2
-5229.85
-5232.51
-5235.16
-5237.82
-5240.48
-5243.13
-5245.79
-5248.44
-5251.1
-5253.75
-5256.41
-5259.07
-5261.72
-5264.38
-5267.03
-5269.69
-5272.35
-5275
-5277.66
-5280.32
-5282.98
-5285.63
-5288.29
-5290.95
-5293.6
-5296.26
-5298.92
-5301.58
-5304.23
-5306.89
-5309.55
-5312.21
-5314.87
-5317.52
-5320.18
-5322.84
-5325.5
-5328.16
-5330.82
-5333.47
-5336.13
-5338.79
-5341.45
-5344.11
-5346.77
-5349.43
-5352.09
-5354.75
-5357.41
-5360.07
-5362.73
-5365.39
-5368.05
-5370.7
-5373.36
-5376.03
-5378.69
-5381.35
-5384.01
-5386.67
-5389.33
-5391.99
-5394.65
-5397.31
-5399.97
-5402.63
-5405.29
-5407.95
-5410.61
-5413.28
-5415.94
-5418.6
-5421.26
-5423.92
-5426.58
-5429.25
-5431.91
-5434.57
-5437.23
-5439.9
-5442.56
-5445.22
-5447.88
-5450.55
-5453.21
-5455.87
-5458.53
-5461.2
-5463.86
-5466.52
-5469.19
-5471.85
-5474.51
-5477.18
-5479.84
-5482.5
-5485.17
-5487.83
-5490.5
-5493.16
-5495.82
-5498.49
-5501.15
-5503.82
-5506.48
-5509.15
-5511.81
-5514.48
-5517.14
-5519.81
-5522.47
-5525.14
-5527.8
-5530.47
-5533.13
-5535.8
-5538.46
-5541.13
-5543.8
-5546.46
-5549.13
-5551.79
-5554.46
-5557.13
-5559.79
-5562.46
-5565.13
-5567.79
-5570.46
-5573.13
-5575.79
-5578.46
-5581.13
-5583.8
-5586.46
-5589.13
-5591.8
-5594.47
-5597.13
-5599.8
-5602.47
-5605.14
-5607.8
-5610.47
-5613.14
-5615.81
-5618.48
-5621.15
-5623.81
-5626.48
-5629.15
-5631.82
-5634.49
-5637.16
-5639.83
-5642.5
-5645.17
-5647.84
-5650.51
-5653.18
-5655.85
-5658.52
-5661.18
-5663.85
-5666.52
-5669.2
-5671.87
-5674.54
-5677.21
-5679.88
-5682.55
-5685.22
-5687.89
-5690.56
-5693.23
-5695.9
-5698.57
-5701.24
-5703.92
-5706.59
-5709.26
-5711.93
-5714.6
-5717.27
-5719.95
-5722.62
-5725.29
-5727.96
-5730.63
-5733.31
-5735.98
-5738.65
-5741.32
-5744
-5746.67
-5749.34
-5752.02
-5754.69
-5757.36
-5760.03
-5762.71
-5765.38
-5768.05
-5770.73
-5773.4
-5776.08
-5778.75
-5781.42
-5784.1
-5786.77
-5789.45
-5792.12
-5794.8
-5797.47
-5800.14
-5802.82
-5805.49
-5808.17
-5810.84
-5813.52
-5816.19
-5818.87
-5821.54
-5824.22
-5826.9
-5829.57
-5832.25
-5834.92
-5837.6
-5840.27
-5842.95
-5845.63
-5848.3
-5850.98
-5853.66
-5856.33
-5859.01
-5861.69
-5864.36
-5867.04
-5869.72
-5872.39
-5875.07
-5877.75
-5880.43
-5883.1
-5885.78
-5888.46
-5891.14
-5893.81
-5896.49
-5899.17
-5901.85
-5904.53
-5907.2
-5909.88
-5912.56
-5915.24
-5917.92
-5920.6
-5923.28
-5925.95
-5928.63
-5931.31
-5933.99
-5936.67
-5939.35
-5942.03
-5944.71
-5947.39
-5950.07
-5952.75
-5955.43
-5958.11
-5960.79
-5963.47
-5966.15
-5968.83
-5971.51
-5974.19
-5976.87
-5979.55
-5982.23
-5984.91
-5987.6
-5990.28
-5992.96
-5995.64
-5998.32
-6001
-6003.68
-6006.36
-6009.05
-6011.73
-6014.41
-6017.09
-6019.77
-6022.46
-6025.14
-6027.82
-6030.5
-6033.19
-6035.87
-6038.55
-6041.23
-6043.92
-6046.6
-6049.28
-6051.97
-6054.65
-6057.33
-6060.02
-6062.7
-6065.38
-6068.07
-6070.75
-6073.44
-6076.12
-6078.8
-6081.49
-6084.17
-6086.86
-6089.54
-6092.23
-6094.91
-6097.6
-6100.28
-6102.97
-6105.65
-6108.34
-6111.02
-6113.71
-6116.39
-6119.08
-6121.76
-6124.45
-6127.13
-6129.82
-6132.51
-6135.19
-6137.88
-6140.56
-6143.25
-6145.94
-6148.62
-6151.31
-6154
-6156.68
-6159.37
-6162.06
-6164.74
-6167.43
-6170.12
-6172.81
-6175.49
-6178.18
-6180.87
-6183.56
-6186.24
-6188.93
-6191.62
-6194.31
-6197
-6199.68
-6202.37
-6205.06
-6207.75
-6210.44
-6213.13
-6215.82
-6218.51
-6221.19
-6223.88
-6226.57
-6229.26
-6231.95
-6234.64
-6237.33
-6240.02
-6242.71
-6245.4
-6248.09
-6250.78
-6253.47
-6256.16
-6258.85
-6261.54
-6264.23
-6266.92
-6269.61
-6272.3
-6274.99
-6277.68
-6280.37
-6283.07
-6285.76
-6288.45
-6291.14
-6293.83
-6296.52
-6299.21
-6301.91
-6304.6
-6307.29
-6309.98
-6312.67
-6315.37
-6318.06
-6320.75
-6323.44
-6326.14
-6328.83
-6331.52
-6334.21
-6336.91
-6339.6
-6342.29
-6344.99
-6347.68
-6350.37
-6353.07
-6355.76
-6358.45
-6361.15
-6363.84
-6366.53
-6369.23
-6371.92
-6374.62
-6377.31
-6380.01
-6382.7
-6385.39
-6388.09
-6390.78
-6393.48
-6396.17
-6398.87
-6401.56
-6404.26
-6406.95
-6409.65
-6412.35
-6415.04
-6417.74
-6420.43
-6423.13
-6425.82
-6428.52
-6431.22
-6433.91
-6436.61
-6439.31
-6442
-6444.7
-6447.4
-6450.09
-6452.79
-6455.49
-6458.18
-6460.88
-6463.58
-6466.27
-6468.97
-6471.67
-6474.37
-6477.06
-6479.76
-6482.46
-6485.16
-6487.86
-6490.55
-6493.25
-6495.95
-6498.65
-6501.35
-6504.05
-6506.75
-6509.44
-6512.14
-6514.84
-6517.54
-6520.24
-6522.94
-6525.64
-6528.34
-6531.04
-6533.74
-6536.44
-6539.14
-6541.84
-6544.54
-6547.24
-6549.94
-6552.64
-6555.34
-6558.04
-6560.74
-6563.44
-6566.14
-6568.84
-6571.54
-6574.24
-6576.94
-6579.64
-6582.35
-6585.05
-6587.75
-6590.45
-6593.15
-6595.85
-6598.56
-6601.26
-6603.96
-6606.66
-6609.36
-6612.07
-6614.77
-6617.47
-6620.17
-6622.88
-6625.58
-6628.28
-6630.98
-6633.69
-6636.39
-6639.09
-6641.8
-6644.5
-6647.2
-6649.91
-6652.61
-6655.31
-6658.02
-6660.72
-6663.43
-6666.13
-6668.83
-6671.54
-6674.24
-6676.95
-6679.65
-6682.36
-6685.06
-6687.77
-6690.47
-6693.18
-6695.88
-6698.59
-6701.29
-6704
-6706.7
-6709.41
-6712.11
-6714.82
-6717.53
-6720.23
-6722.94
-6725.64
-6728.35
-6731.06
-6733.76
-6736.47
-6739.18
-6741.88
-6744.59
-6747.3
-6750
-6752.71
-6755.42
-6758.13
-6760.83
-6763.54
-6766.25
-6768.95
-6771.66
-6774.37
-6777.08
-6779.79
-6782.49
-6785.2
-6787.91
-6790.62
-6793.33
-6796.04
-6798.74
-6801.45
-6804.16
-6806.87
-6809.58
-6812.29
-6815
-6817.71
-6820.42
-6823.13
-6825.84
-6828.55
-6831.26
-6833.97
-6836.67
-6839.38
-6842.1
-6844.81
-6847.52
-6850.23
-6852.94
-6855.65
-6858.36
-6861.07
-6863.78
-6866.49
-6869.2
-6871.91
-6874.62
-6877.33
-6880.05
-6882.76
-6885.47
-6888.18
-6890.89
-6893.6
-6896.32
-6899.03
-6901.74
-6904.45
-6907.16
-6909.88
-6912.59
-6915.3
-6918.01
-6920.73
-6923.44
-6926.15
-6928.87
-6931.58
-6934.29
-6937.01
-6939.72
-6942.43
-6945.15
-6947.86
-6950.57
-6953.29
-6956
-6958.72
-6961.43
-6964.14
-6966.86
-6969.57
-6972.29
-6975
-6977.72
-6980.43
-6983.15
-6985.86
-6988.58
-6991.29
-6994.01
-6996.72
-6999.44
-7002.15
-7004.87
-7007.58
-7010.3
-7013.02
-7015.73
-7018.45
-7021.16
-7023.88
-7026.6
-7029.31
-7032.03
-7034.75
-7037.46
-7040.18
-7042.9
-7045.61
-7048.33
-7051.05
-7053.77
-7056.48
-7059.2
-7061.92
-7064.64
-7067.35
-7070.07
-7072.79
-7075.51
-7078.23
-7080.94
-7083.66
-7086.38
-7089.1
-7091.82
-7094.54
-7097.25
-7099.97
-7102.69
-7105.41
-7108.13
-7110.85
-7113.57
-7116.29
-7119.01
-7121.73
-7124.45
-7127.17
-7129.89
-7132.61
-7135.33
-7138.05
-7140.77
-7143.49
-7146.21
-7148.93
-7151.65
-7154.37
-7157.09
-7159.81
-7162.53
-7165.25
-7167.98
-7170.7
-7173.42
-7176.14
-7178.86
-7181.58
-7184.3
-7187.03
-7189.75
-7192.47
-7195.19
-7197.91
-7200.64
-7203.36
-7206.08
-7208.8
-7211.53
-7214.25
-7216.97
-7219.69
-7222.42
-7225.14
-7227.86
-7230.59
-7233.31
-7236.03
-7238.76
-7241.48
-7244.21
-7246.93
-7249.65
-7252.38
-7255.1
-7257.83
-7260.55
-7263.27
-7266
-7268.72
-7271.45
-7274.17
-7276.9
-7279.62
-7282.35
-7285.07
-7287.8
-7290.52
-7293.25
-7295.97
-7298.7
-7301.43
-7304.15
-7306.88
-7309.6
-7312.33
-7315.06
-7317.78
-7320.51
-7323.23
-7325.96
-7328.69
-7331.41
-7334.14
-7336.87
-7339.59
-7342.32
-7345.05
-7347.78
-7350.5
-7353.23
-7355.96
-7358.69
-7361.41
-7364.14
-7366.87
-7369.6
-7372.33
-7375.05
-7377.78
-7380.51
-7383.24
-7385.97
-7388.7
-7391.42
-7394.15
-7396.88
-7399.61
-7402.34
-7405.07
-7407.8
-7410.53
-7413.26
-7415.99
-7418.72
-7421.45
-7424.18
-7426.91
-7429.64
-7432.37
-7435.1
-7437.83
-7440.56
-7443.29
-7446.02
-7448.75
-7451.48
-7454.21
-7456.94
-7459.67
-7462.41
-7465.14
-7467.87
-7470.6
-7473.33
-7476.06
-7478.79
-7481.53
-7484.26
-7486.99
-7489.72
-7492.45
-7495.19
-7497.92
-7500.65
-7503.38
-7506.12
-7508.85
-7511.58
-7514.31
-7517.05
-7519.78
-7522.51
-7525.25
-7527.98
-7530.71
-7533.45
-7536.18
-7538.92
-7541.65
-7544.38
-7547.12
-7549.85
-7552.59
-7555.32
-7558.05
-7560.79
-7563.52
-7566.26
-7568.99
-7571.73
-7574.46
-7577.2
-7579.93
-7582.67
-7585.4
-7588.14
-7590.87
-7593.61
-7596.35
-7599.08
-7601.82
-7604.55
-7607.29
-7610.03
-7612.76
-7615.5
-7618.23
-7620.97
-7623.71
-7626.44
-7629.18
-7631.92
-7634.66
-7637.39
-7640.13
-7642.87
-7645.6
-7648.34
-7651.08
-7653.82
-7656.56
-7659.29
-7662.03
-7664.77
-7667.51
-7670.25
-7672.98
-7675.72
-7678.46
-7681.2
-7683.94
-7686.68
-7689.42
-7692.15
-7694.89
-7697.63
-7700.37
-7703.11
-7705.85
-7708.59
-7711.33
-7714.07
-7716.81
-7719.55
-7722.29
-7725.03
-7727.77
-7730.51
-7733.25
-7735.99
-7738.73
-7741.47
-7744.21
-7746.95
-7749.69
-7752.44
-7755.18
-7757.92
-7760.66
-7763.4
-7766.14
-7768.88
-7771.63
-7774.37
-7777.11
-7779.85
-7782.59
-7785.34
-7788.08
-7790.82
-7793.56
-7796.3
-7799.05
-7801.79
-7804.53
-7807.28
-7810.02
-7812.76
-7815.5
-7818.25
-7820.99
-7823.74
-7826.48
-7829.22
-7831.97
-7834.71
-7837.45
-7840.2
-7842.94
-7845.69
-7848.43
-7851.17
-7853.92
-7856.66
-7859.41
-7862.15
-7864.9
-7867.64
-7870.39
-7873.13
-7875.88
-7878.62
-7881.37
-7884.11
-7886.86
-7889.61
-7892.35
-7895.1
-7897.84
-7900.59
-7903.34
-7906.08
-7908.83
-7911.57
-7914.32
-7917.07
-7919.81
-7922.56
-7925.31
-7928.06
-7930.8
-7933.55
-7936.3
-7939.04
-7941.79
-7944.54
-7947.29
-7950.03
-7952.78
-7955.53
-7958.28
-7961.03
-7963.78
-7966.52
-7969.27
-7972.02
-7974.77
-7977.52
-7980.27
-7983.02
-7985.76
-7988.51
-7991.26
-7994.01
-7996.76
-7999.51
-8002.26
-8005.01
-8007.76
-8010.51
-8013.26
-8016.01
-8018.76
-8021.51
-8024.26
-8027.01
-8029.76
-8032.51
-8035.26
-8038.01
-8040.76
-8043.51
-8046.27
-8049.02
-8051.77
-8054.52
-8057.27
-8060.02
-8062.77
-8065.53
-8068.28
-8071.03
-8073.78
-8076.53
-8079.29
-8082.04
-8084.79
-8087.54
-8090.29
-8093.05
-8095.8
-8098.55
-8101.31
-8104.06
-8106.81
-8109.57
-8112.32
-8115.07
-8117.83
-8120.58
-8123.33
-8126.09
-8128.84
-8131.59
-8134.35
-8137.1
-8139.86
-8142.61
-8145.37
-8148.12
-8150.87
-8153.63
-8156.38
-8159.14
-8161.89
-8164.65
-8167.4
-8170.16
-8172.91
-8175.67
-8178.43
-8181.18
-8183.94
-8186.69
-8189.45
-8192.2
-8194.96
-8197.72
-8200.47
-8203.23
-8205.99
-8208.74
-8211.5
-8214.26
-8217.01
-8219.77
-8222.53
-8225.28
-8228.04
-8230.8
-8233.56
-8236.31
-8239.07
-8241.83
-8244.59
-8247.35
-8250.1
-8252.86
-8255.62
-8258.38
-8261.14
-8263.89
-8266.65
-8269.41
-8272.17
-8274.93
-8277.69
-8280.45
-8283.21
-8285.97
-8288.72
-8291.48
-8294.24
-8297
-8299.76
-8302.52
-8305.28
-8308.04
-8310.8
-8313.56
-8316.32
-8319.08
-8321.84
-8324.6
-8327.37
-8330.13
-8332.89
-8335.65
-8338.41
-8341.17
-8343.93
-8346.69
-8349.45
-8352.22
-8354.98
-8357.74
-8360.5
-8363.26
-8366.02
-8368.79
-8371.55
-8374.31
-8377.07
-8379.84
-8382.6
-8385.36
-8388.12
-8390.89
-8393.65
-8396.41
-8399.18
-8401.94
-8404.7
-8407.46
-8410.23
-8412.99
-8415.76
-8418.52
-8421.28
-8424.05
-8426.81
-8429.58
-8432.34
-8435.1
-8437.87
-8440.63
-8443.4
-8446.16
-8448.93
-8451.69
-8454.46
-8457.22
-8459.99
-8462.75
-8465.52
-8468.28
-8471.05
-8473.81
-8476.58
-8479.35
-8482.11
-8484.88
-8487.64
-8490.41
-8493.18
-8495.94
-8498.71
-8501.48
-8504.24
-8507.01
-8509.78
-8512.54
-8515.31
-8518.08
-8520.85
-8523.61
-8526.38
-8529.15
-8531.92
-8534.68
-8537.45
-8540.22
-8542.99
-8545.75
-8548.52
-8551.29
-8554.06
-8556.83
-8559.6
-8562.37
-8565.13
-8567.9
-8570.67
-8573.44
-8576.21
-8578.98
-8581.75
-8584.52
-8587.29
-8590.06
-8592.83
-8595.6
-8598.37
-8601.14
-8603.91
-8606.68
-8609.45
-8612.22
-8614.99
-8617.76
-8620.53
-8623.3
-8626.07
-8628.84
-8631.61
-8634.38
-8637.16
-8639.93
-8642.7
-8645.47
-8648.24
-8651.01
-8653.79
-8656.56
-8659.33
-8662.1
-8664.87
-8667.65
-8670.42
-8673.19
-8675.96
-8678.74
-8681.51
-8684.28
-8687.05
-8689.83
-8692.6
-8695.37
-8698.15
-8700.92
-8703.69
-8706.47
-8709.24
-8712.02
-8714.79
-8717.56
-8720.34
-8723.11
-8725.89
-8728.66
-8731.44
-8734.21
-8736.98
-8739.76
-8742.53
-8745.31
-8748.08
-8750.86
-8753.63
-8756.41
-8759.19
-8761.96
-8764.74
-8767.51
-8770.29
-8773.06
-8775.84
-8778.62
-8781.39
-8784.17
-8786.95
-8789.72
-8792.5
-8795.28
-8798.05
-8800.83
-8803.61
-8806.38
-8809.16
-8811.94
-8814.71
-8817.49
-8820.27
-8823.05
-8825.83
-8828.6
-8831.38
-8834.16
-8836.94
-8839.72
-8842.49
-8845.27
-8848.05
-8850.83
-8853.61
-8856.39
-8859.17
-8861.94
-8864.72
-8867.5
-8870.28
-8873.06
-8875.84
-8878.62
-8881.4
-8884.18
-8886.96
-8889.74
-8892.52
-8895.3
-8898.08
-8900.86
-8903.64
-8906.42
-8909.2
-8911.98
-8914.76
-8917.54
-8920.33
-8923.11
-8925.89
-8928.67
-8931.45
-8934.23
-8937.01
-8939.8
-8942.58
-8945.36
-8948.14
-8950.92
-8953.71
-8956.49
-8959.27
-8962.05
-8964.83
-8967.62
-8970.4
-8973.18
-8975.97
-8978.75
-8981.53
-8984.32
-8987.1
-8989.88
-8992.67
-8995.45
-8998.23
-9001.02
-9003.8
-9006.58
-9009.37
-9012.15
-9014.94
-9017.72
-9020.51
-9023.29
-9026.07
-9028.86
-9031.64
-9034.43
-9037.21
-9040
-9042.78
-9045.57
-9048.36
-9051.14
-9053.93
-9056.71
-9059.5
-9062.28
-9065.07
-9067.86
-9070.64
-9073.43
-9076.22
-9079
-9081.79
-9084.58
-9087.36
-9090.15
-9092.94
-9095.72
-9098.51
-9101.3
-9104.08
-9106.87
-9109.66
-9112.45
-9115.23
-9118.02
-9120.81
-9123.6
-9126.39
-9129.18
-9131.96
-9134.75
-9137.54
-9140.33
-9143.12
-9145.91
-9148.7
-9151.48
-9154.27
-9157.06
-9159.85
-9162.64
-9165.43
-9168.22
-9171.01
-9173.8
-9176.59
-9179.38
-9182.17
-9184.96
-9187.75
-9190.54
-9193.33
-9196.12
-9198.91
-9201.7
-9204.49
-9207.28
-9210.08
-9212.87
-9215.66
-9218.45
-9221.24
-9224.03
-9226.82
-9229.62
-9232.41
-9235.2
-9237.99
-9240.78
-9243.58
-9246.37
-9249.16
-9251.95
-9254.75
-9257.54
-9260.33
-9263.12
-9265.92
-9268.71
-9271.5
-9274.3
-9277.09
-9279.88
-9282.68
-9285.47
-9288.26
-9291.06
-9293.85
-9296.65
-9299.44
-9302.23
-9305.03
-9307.82
-9310.62
-9313.41
-9316.21
-9319
-9321.8
-9324.59
-9327.39
-9330.18
-9332.98
-9335.77
-9338.57
-9341.36
-9344.16
-9346.96
-9349.75
-9352.55
-9355.34
-9358.14
-9360.94
-9363.73
-9366.53
-9369.33
-9372.12
-9374.92
-9377.72
-9380.51
-9383.31
-9386.11
-9388.9
-9391.7
-9394.5
-9397.3
-9400.09
-9402.89
-9405.69
-9408.49
-9411.29
-9414.08
-9416.88
-9419.68
-9422.48
-9425.28
-9428.08
-9430.87
-9433.67
-9436.47
-9439.27
-9442.07
-9444.87
-9447.67
-9450.47
-9453.27
-9456.07
-9458.87
-9461.67
-9464.47
-9467.27
-9470.07
-9472.87
-9475.67
-9478.47
-9481.27
-9484.07
-9486.87
-9489.67
-9492.47
-9495.27
-9498.07
-9500.87
-9503.68
-9506.48
-9509.28
-9512.08
-9514.88
-9517.68
-9520.49
-9523.29
-9526.09
-9528.89
-9531.69
-9534.5
-9537.3
-9540.1
-9542.9
-9545.71
-9548.51
-9551.31
-9554.12
-9556.92
-9559.72
-9562.53
-9565.33
-9568.13
-9570.94
-9573.74
-9576.54
-9579.35
-9582.15
-9584.96
-9587.76
-9590.56
-9593.37
-9596.17
-9598.98
-9601.78
-9604.59
-9607.39
-9610.2
-9613
-9615.81
-9618.61
-9621.42
-9624.22
-9627.03
-9629.83
-9632.64
-9635.45
-9638.25
-9641.06
-9643.86
-9646.67
-9649.48
-9652.28
-9655.09
-9657.9
-9660.7
-9663.51
-9666.32
-9669.12
-9671.93
-9674.74
-9677.55
-9680.35
-9683.16
-9685.97
-9688.78
-9691.58
-9694.39
-9697.2
-9700.01
-9702.82
-9705.63
-9708.43
-9711.24
-9714.05
-9716.86
-9719.67
-9722.48
-9725.29
-9728.1
-9730.9
-9733.71
-9736.52
-9739.33
-9742.14
-9744.95
-9747.76
-9750.57
-9753.38
-9756.19
-9759
-9761.81
-9764.62
-9767.43
-9770.24
-9773.06
-9775.87
-9778.68
-9781.49
-9784.3
-9787.11
-9789.92
-9792.73
-9795.54
-9798.36
-9801.17
-9803.98
-9806.79
-9809.6
-9812.42
-9815.23
-9818.04
-9820.85
-9823.67
-9826.48
-9829.29
-9832.1
-9834.92
-9837.73
-9840.54
-9843.36
-9846.17
-9848.98
-9851.8
-9854.61
-9857.42
-9860.24
-9863.05
-9865.86
-9868.68
-9871.49
-9874.31
-9877.12
-9879.94
-9882.75
-9885.57
-9888.38
-9891.2
-9894.01
-9896.83
-9899.64
-9902.46
-9905.27
-9908.09
-9910.9
-9913.72
-9916.53
-9919.35
-9922.17
-9924.98
-9927.8
-9930.61
-9933.43
-9936.25
-9939.06
-9941.88
-9944.7
-9947.51
-9950.33
-9953.15
-9955.97
-9958.78
-9961.6
-9964.42
-9967.24
-9970.05
-9972.87
-9975.69
-9978.51
-9981.32
-9984.14
-9986.96
-9989.78
-9992.6
-9995.42
-9998.24
-10001.1
-10003.9
-10006.7
-10009.5
-10012.3
-10015.1
-10018
-10020.8
-10023.6
-10026.4
-10029.2
-10032.1
-10034.9
-10037.7
-10040.5
-10043.3
-10046.2
-10049
-10051.8
-10054.6
-10057.5
-10060.3
-10063.1
-10065.9
-10068.7
-10071.6
-10074.4
-10077.2
-10080
-10082.8
-10085.7
-10088.5
-10091.3
-10094.1
-10097
-10099.8
-10102.6
-10105.4
-10108.2
-10111.1
-10113.9
-10116.7
-10119.5
-10122.4
-10125.2
-10128
-10130.8
-10133.7
-10136.5
-10139.3
-10142.1
-10144.9
-10147.8
-10150.6
-10153.4
-10156.2
-10159.1
-10161.9
-10164.7
-10167.5
-10170.4
-10173.2
-10176
-10178.8
-10181.7
-10184.5
-10187.3
-10190.1
-10193
-10195.8
-10198.6
-10201.4
-10204.3
-10207.1
-10209.9
-10212.7
-10215.6
-10218.4
-10221.2
-10224.1
-10226.9
-10229.7
-10232.5
-10235.4
-10238.2
-10241
-10243.8
-10246.7
-10249.5
-10252.3
-10255.2
-10258
-10260.8
-10263.6
-10266.5
-10269.3
-10272.1
-10275
-10277.8
-10280.6
-10283.4
-10286.3
-10289.1
-10291.9
-10294.8
-10297.6
-10300.4
-10303.2
-10306.1
-10308.9
-10311.7
-10314.6
-10317.4
-10320.2
-10323.1
-10325.9
-10328.7
-10331.5
-10334.4
-10337.2
-10340
-10342.9
-10345.7
-10348.5
-10351.4
-10354.2
-10357
-10359.9
-10362.7
-10365.5
-10368.4
-10371.2
-10374
-10376.9
-10379.7
-10382.5
-10385.3
-10388.2
-10391
-10393.8
-10396.7
-10399.5
-10402.3
-10405.2
-10408
-10410.8
-10413.7
-10416.5
-10419.3
-10422.2
-10425
-10427.8
-10430.7
-10433.5
-10436.4
-10439.2
-10442
-10444.9
-10447.7
-10450.5
-10453.4
-10456.2
-10459
-10461.9
-10464.7
-10467.5
-10470.4
-10473.2
-10476
-10478.9
-10481.7
-10484.6
-10487.4
-10490.2
-10493.1
-10495.9
-10498.7
-10501.6
-10504.4
-10507.2
-10510.1
-10512.9
-10515.8
-10518.6
-10521.4
-10524.3
-10527.1
-10529.9
-10532.8
-10535.6
-10538.5
-10541.3
-10544.1
-10547
-10549.8
-10552.6
-10555.5
-10558.3
-10561.2
-10564
-10566.8
-10569.7
-10572.5
-10575.4
-10578.2
-10581
-10583.9
-10586.7
-10589.6
-10592.4
-10595.2
-10598.1
-10600.9
-10603.8
-10606.6
-10609.4
-10612.3
-10615.1
-10618
-10620.8
-10623.6
-10626.5
-10629.3
-10632.2
-10635
-10637.9
-10640.7
-10643.5
-10646.4
-10649.2
-10652.1
-10654.9
-10657.7
-10660.6
-10663.4
-10666.3
-10669.1
-10672
-10674.8
-10677.6
-10680.5
-10683.3
-10686.2
-10689
-10691.9
-10694.7
-10697.6
-10700.4
-10703.2
-10706.1
-10708.9
-10711.8
-10714.6
-10717.5
-10720.3
-10723.2
-10726
-10728.8
-10731.7
-10734.5
-10737.4
-10740.2
-10743.1
-10745.9
-10748.8
-10751.6
-10754.5
-10757.3
-10760.1
-10763
-10765.8
-10768.7
-10771.5
-10774.4
-10777.2
-10780.1
-10782.9
-10785.8
-10788.6
-10791.5
-10794.3
-10797.2
-10800
-10802.9
-10805.7
-10808.5
-10811.4
-10814.2
-10817.1
-10819.9
-10822.8
-10825.6
-10828.5
-10831.3
-10834.2
-10837
-10839.9
-10842.7
-10845.6
-10848.4
-10851.3
-10854.1
-10857
-10859.8
-10862.7
-10865.5
-10868.4
-10871.2
-10874.1
-10876.9
-10879.8
-10882.6
-10885.5
-10888.3
-10891.2
-10894
-10896.9
-10899.7
-10902.6
-10905.4
-10908.3
-10911.1
-10914
-10916.8
-10919.7
-10922.6
-10925.4
-10928.3
-10931.1
-10934
-10936.8
-10939.7
-10942.5
-10945.4
-10948.2
-10951.1
-10953.9
-10956.8
-10959.6
-10962.5
-10965.3
-10968.2
-10971.1
-10973.9
-10976.8
-10979.6
-10982.5
-10985.3
-10988.2
-10991
-10993.9
-10996.7
-10999.6
-11002.5
-11005.3
-11008.2
-11011
-11013.9
-11016.7
-11019.6
-11022.4
-11025.3
-11028.2
-11031
-11033.9
-11036.7
-11039.6
-11042.4
-11045.3
-11048.1
-11051
-11053.9
-11056.7
-11059.6
-11062.4
-11065.3
-11068.1
-11071
-11073.9
-11076.7
-11079.6
-11082.4
-11085.3
-11088.2
-11091
-11093.9
-11096.7
-11099.6
-11102.4
-11105.3
-11108.2
-11111
-11113.9
-11116.7
-11119.6
-11122.5
-11125.3
-11128.2
-11131
-11133.9
-11136.8
-11139.6
-11142.5
-11145.3
-11148.2
-11151.1
-11153.9
-11156.8
-11159.6
-11162.5
-11165.4
-11168.2
-11171.1
-11174
-11176.8
-11179.7
-11182.5
-11185.4
-11188.3
-11191.1
-11194
-11196.8
-11199.7
-11202.6
-11205.4
-11208.3
-11211.2
-11214
-11216.9
-11219.8
-11222.6
-11225.5
-11228.3
-11231.2
-11234.1
-11236.9
-11239.8
-11242.7
-11245.5
-11248.4
-11251.3
-11254.1
-11257
-11259.8
-11262.7
-11265.6
-11268.4
-11271.3
-11274.2
-11277
-11279.9
-11282.8
-11285.6
-11288.5
-11291.4
-11294.2
-11297.1
-11300
-11302.8
-11305.7
-11308.6
-11311.4
-11314.3
-11317.2
-11320
-11322.9
-11325.8
-11328.6
-11331.5
-11334.4
-11337.2
-11340.1
-11343
-11345.8
-11348.7
-11351.6
-11354.4
-11357.3
-11360.2
-11363.1
-11365.9
-11368.8
-11371.7
-11374.5
-11377.4
-11380.3
-11383.1
-11386
-11388.9
-11391.7
-11394.6
-11397.5
-11400.4
-11403.2
-11406.1
-11409
-11411.8
-11414.7
-11417.6
-11420.4
-11423.3
-11426.2
-11429.1
-11431.9
-11434.8
-11437.7
-11440.5
-11443.4
-11446.3
-11449.2
-11452
-11454.9
-11457.8
-11460.7
-11463.5
-11466.4
-11469.3
-11472.1
-11475
-11477.9
-11480.8
-11483.6
-11486.5
-11489.4
-11492.3
-11495.1
-11498
-11500.9
-11503.7
-11506.6
-11509.5
-11512.4
-11515.2
-11518.1
-11521
-11523.9
-11526.7
-11529.6
-11532.5
-11535.4
-11538.2
-11541.1
-11544
-11546.9
-11549.7
-11552.6
-11555.5
-11558.4
-11561.3
-11564.1
-11567
-11569.9
-11572.8
-11575.6
-11578.5
-11581.4
-11584.3
-11587.1
-11590
-11592.9
-11595.8
-11598.7
-11601.5
-11604.4
-11607.3
-11610.2
-11613
-11615.9
-11618.8
-11621.7
-11624.6
-11627.4
-11630.3
-11633.2
-11636.1
-11639
-11641.8
-11644.7
-11647.6
-11650.5
-11653.3
-11656.2
-11659.1
-11662
-11664.9
-11667.7
-11670.6
-11673.5
-11676.4
-11679.3
-11682.2
-11685
-11687.9
-11690.8
-11693.7
-11696.6
-11699.4
-11702.3
-11705.2
-11708.1
-11711
-11713.8
-11716.7
-11719.6
-11722.5
-11725.4
-11728.3
-11731.1
-11734
-11736.9
-11739.8
-11742.7
-11745.6
-11748.4
-11751.3
-11754.2
-11757.1
-11760
-11762.9
-11765.7
-11768.6
-11771.5
-11774.4
-11777.3
-11780.2
-11783.1
-11785.9
-11788.8
-11791.7
-11794.6
-11797.5
-11800.4
-11803.3
-11806.1
-11809
-11811.9
-11814.8
-11817.7
-11820.6
-11823.5
-11826.3
-11829.2
-11832.1
-11835
-11837.9
-11840.8
-11843.7
-11846.5
-11849.4
-11852.3
-11855.2
-11858.1
-11861
-11863.9
-11866.8
-11869.7
-11872.5
-11875.4
-11878.3
-11881.2
-11884.1
-11887
-11889.9
-11892.8
-11895.6
-11898.5
-11901.4
-11904.3
-11907.2
-11910.1
-11913
-11915.9
-11918.8
-11921.7
-11924.5
-11927.4
-11930.3
-11933.2
-11936.1
-11939
-11941.9
-11944.8
-11947.7
-11950.6
-11953.5
-11956.3
-11959.2
-11962.1
-11965
-11967.9
-11970.8
-11973.7
-11976.6
-11979.5
-11982.4
-11985.3
-11988.2
-11991.1
-11994
-11996.8
-11999.7
-12002.6
-12005.5
-12008.4
-12011.3
-12014.2
-12017.1
-12020
-12022.9
-12025.8
-12028.7
-12031.6
-12034.5
-12037.4
-12040.3
-12043.2
-12046
-12048.9
-12051.8
-12054.7
-12057.6
-12060.5
-12063.4
-12066.3
-12069.2
-12072.1
-12075
-12077.9
-12080.8
-12083.7
-12086.6
-12089.5
-12092.4
-12095.3
-12098.2
-12101.1
-12104
-12106.9
-12109.8
-12112.7
-12115.6
-12118.5
-12121.4
-12124.3
-12127.2
-12130.1
-12133
-12135.9
-12138.8
-12141.7
-12144.6
-12147.5
-12150.3
-12153.2
-12156.1
-12159
-12161.9
-12164.8
-12167.7
-12170.6
-12173.5
-12176.4
-12179.3
-12182.3
-12185.2
-12188.1
-12191
-12193.9
-12196.8
-12199.7
-12202.6
-12205.5
-12208.4
-12211.3
-12214.2
-12217.1
-12220
-12222.9
-12225.8
-12228.7
-12231.6
-12234.5
-12237.4
-12240.3
-12243.2
-12246.1
-12249
-12251.9
-12254.8
-12257.7
-12260.6
-12263.5
-12266.4
-12269.3
-12272.2
-12275.1
-12278
-12280.9
-12283.8
-12286.8
-12289.7
-12292.6
-12295.5
-12298.4
-12301.3
-12304.2
-12307.1
-12310
-12312.9
-12315.8
-12318.7
-12321.6
-12324.5
-12327.4
-12330.3
-12333.2
-12336.2
-12339.1
-12342
-12344.9
-12347.8
-12350.7
-12353.6
-12356.5
-12359.4
-12362.3
-12365.2
-12368.1
-12371
-12374
-12376.9
-12379.8
-12382.7
-12385.6
-12388.5
-12391.4
-12394.3
-12397.2
-12400.1
-12403
-12406
-12408.9
-12411.8
-12414.7
-12417.6
-12420.5
-12423.4
-12426.3
-12429.2
-12432.1
-12435.1
-12438
-12440.9
-12443.8
-12446.7
-12449.6
-12452.5
-12455.4
-12458.4
-12461.3
-12464.2
-12467.1
-12470
-12472.9
-12475.8
-12478.7
-12481.7
-12484.6
-12487.5
-12490.4
-12493.3
-12496.2
-12499.1
-12502
-12505
-12507.9
-12510.8
-12513.7
-12516.6
-12519.5
-12522.4
-12525.4
-12528.3
-12531.2
-12534.1
-12537
-12539.9
-12542.8
-12545.8
-12548.7
-12551.6
-12554.5
-12557.4
-12560.3
-12563.3
-12566.2
-12569.1
-12572
-12574.9
-12577.8
-12580.8
-12583.7
-12586.6
-12589.5
-12592.4
-12595.3
-12598.3
-12601.2
-12604.1
-12607
-12609.9
-12612.9
-12615.8
-12618.7
-12621.6
-12624.5
-12627.4
-12630.4
-12633.3
-12636.2
-12639.1
-12642
-12645
-12647.9
-12650.8
-12653.7
-12656.6
-12659.6
-12662.5
-12665.4
-12668.3
-12671.2
-12674.2
-12677.1
-12680
-12682.9
-12685.9
-12688.8
-12691.7
-12694.6
-12697.5
-12700.5
-12703.4
-12706.3
-12709.2
-12712.2
-12715.1
-12718
-12720.9
-12723.8
-12726.8
-12729.7
-12732.6
-12735.5
-12738.5
-12741.4
-12744.3
-12747.2
-12750.2
-12753.1
-12756
-12758.9
-12761.9
-12764.8
-12767.7
-12770.6
-12773.6
-12776.5
-12779.4
-12782.3
-12785.3
-12788.2
-12791.1
-12794
-12797
-12799.9
-12802.8
-12805.7
-12808.7
-12811.6
-12814.5
-12817.5
-12820.4
-12823.3
-12826.2
-12829.2
-12832.1
-12835
-12837.9
-12840.9
-12843.8
-12846.7
-12849.7
-12852.6
-12855.5
-12858.4
-12861.4
-12864.3
-12867.2
-12870.2
-12873.1
-12876
-12878.9
-12881.9
-12884.8
-12887.7
-12890.7
-12893.6
-12896.5
-12899.5
-12902.4
-12905.3
-12908.3
-12911.2
-12914.1
-12917
-12920
-12922.9
-12925.8
-12928.8
-12931.7
-12934.6
-12937.6
-12940.5
-12943.4
-12946.4
-12949.3
-12952.2
-12955.2
-12958.1
-12961
-12964
-12966.9
-12969.8
-12972.8
-12975.7
-12978.6
-12981.6
-12984.5
-12987.4
-12990.4
-12993.3
-12996.2
-12999.2
-13002.1
-13005
-13008
-13010.9
-13013.9
-13016.8
-13019.7
-13022.7
-13025.6
-13028.5
-13031.5
-13034.4
-13037.3
-13040.3
-13043.2
-13046.2
-13049.1
-13052
-13055
-13057.9
-13060.8
-13063.8
-13066.7
-13069.7
-13072.6
-13075.5
-13078.5
-13081.4
-13084.4
-13087.3
-13090.2
-13093.2
-13096.1
-13099
-13102
-13104.9
-13107.9
-13110.8
-13113.7
-13116.7
-13119.6
-13122.6
-13125.5
-13128.4
-13131.4
-13134.3
-13137.3
-13140.2
-13143.2
-13146.1
-13149
-13152
-13154.9
-13157.9
-13160.8
-13163.7
-13166.7
-13169.6
-13172.6
-13175.5
-13178.5
-13181.4
-13184.3
-13187.3
-13190.2
-13193.2
-13196.1
-13199.1
-13202
-13205
-13207.9
-13210.8
-13213.8
-13216.7
-13219.7
-13222.6
-13225.6
-13228.5
-13231.5
-13234.4
-13237.3
-13240.3
-13243.2
-13246.2
-13249.1
-13252.1
-13255
-13258
-13260.9
-13263.9
-13266.8
-13269.8
-13272.7
-13275.7
-13278.6
-13281.5
-13284.5
-13287.4
-13290.4
-13293.3
-13296.3
-13299.2
-13302.2
-13305.1
-13308.1
-13311
-13314
-13316.9
-13319.9
-13322.8
-13325.8
-13328.7
-13331.7
-13334.6
-13337.6
-13340.5
-13343.5
-13346.4
-13349.4
-13352.3
-13355.3
-13358.2
-13361.2
-13364.1
-13367.1
-13370
-13373
-13375.9
-13378.9
-13381.9
-13384.8
-13387.8
-13390.7
-13393.7
-13396.6
-13399.6
-13402.5
-13405.5
-13408.4
-13411.4
-13414.3
-13417.3
-13420.2
-13423.2
-13426.2
-13429.1
-13432.1
-13435
-13438
-13440.9
-13443.9
-13446.8
-13449.8
-13452.7
-13455.7
-13458.7
-13461.6
-13464.6
-13467.5
-13470.5
-13473.4
-13476.4
-13479.4
-13482.3
-13485.3
-13488.2
-13491.2
-13494.1
-13497.1
-13500.1
-13503
-13506
-13508.9
-13511.9
-13514.9
-13517.8
-13520.8
-13523.7
-13526.7
-13529.6
-13532.6
-13535.6
-13538.5
-13541.5
-13544.4
-13547.4
-13550.4
-13553.3
-13556.3
-13559.2
-13562.2
-13565.2
-13568.1
-13571.1
-13574.1
-13577
-13580
-13582.9
-13585.9
-13588.9
-13591.8
-13594.8
-13597.7
-13600.7
-13603.7
-13606.6
-13609.6
-13612.6
-13615.5
-13618.5
-13621.5
-13624.4
-13627.4
-13630.3
-13633.3
-13636.3
-13639.2
-13642.2
-13645.2
-13648.1
-13651.1
-13654.1
-13657
-13660
-13663
-13665.9
-13668.9
-13671.9
-13674.8
-13677.8
-13680.8
-13683.7
-13686.7
-13689.7
-13692.6
-13695.6
-13698.6
-13701.5
-13704.5
-13707.5
-13710.4
-13713.4
-13716.4
-13719.3
-13722.3
-13725.3
-13728.2
-13731.2
-13734.2
-13737.2
-13740.1
-13743.1
-13746.1
-13749
-13752
-13755
-13757.9
-13760.9
-13763.9
-13766.9
-13769.8
-13772.8
-13775.8
-13778.7
-13781.7
-13784.7
-13787.7
-13790.6
-13793.6
-13796.6
-13799.5
-13802.5
-13805.5
-13808.5
-13811.4
-13814.4
-13817.4
-13820.4
-13823.3
-13826.3
-13829.3
-13832.3
-13835.2
-13838.2
-13841.2
-13844.1
-13847.1
-13850.1
-13853.1
-13856
-13859
-13862
-13865
-13868
-13870.9
-13873.9
-13876.9
-13879.9
-13882.8
-13885.8
-13888.8
-13891.8
-13894.7
-13897.7
-13900.7
-13903.7
-13906.7
-13909.6
-13912.6
-13915.6
-13918.6
-13921.5
-13924.5
-13927.5
-13930.5
-13933.5
-13936.4
-13939.4
-13942.4
-13945.4
-13948.4
-13951.3
-13954.3
-13957.3
-13960.3
-13963.3
-13966.2
-13969.2
-13972.2
-13975.2
-13978.2
-13981.2
-13984.1
-13987.1
-13990.1
-13993.1
-13996.1
-13999
-14002
-14005
-14008
-14011
-14014
-14016.9
-14019.9
-14022.9
-14025.9
-14028.9
-14031.9
-14034.9
-14037.8
-14040.8
-14043.8
-14046.8
-14049.8
-14052.8
-14055.8
-14058.7
-14061.7
-14064.7
-14067.7
-14070.7
-14073.7
-14076.7
-14079.6
-14082.6
-14085.6
-14088.6
-14091.6
-14094.6
-14097.6
-14100.6
-14103.5
-14106.5
-14109.5
-14112.5
-14115.5
-14118.5
-14121.5
-14124.5
-14127.5
-14130.4
-14133.4
-14136.4
-14139.4
-14142.4
-14145.4
-14148.4
-14151.4
-14154.4
-14157.4
-14160.4
-14163.3
-14166.3
-14169.3
-14172.3
-14175.3
-14178.3
-14181.3
-14184.3
-14187.3
-14190.3
-14193.3
-14196.3
-14199.3
-14202.3
-14205.2
-14208.2
-14211.2
-14214.2
-14217.2
-14220.2
-14223.2
-14226.2
-14229.2
-14232.2
-14235.2
-14238.2
-14241.2
-14244.2
-14247.2
-14250.2
-14253.2
-14256.2
-14259.2
-14262.2
-14265.2
-14268.2
-14271.2
-14274.2
-14277.2
-14280.2
-14283.2
-14286.1
-14289.1
-14292.1
-14295.1
-14298.1
-14301.1
-14304.1
-14307.1
-14310.1
-14313.1
-14316.1
-14319.1
-14322.1
-14325.1
-14328.1
-14331.1
-14334.1
-14337.2
-14340.2
-14343.2
-14346.2
-14349.2
-14352.2
-14355.2
-14358.2
-14361.2
-14364.2
-14367.2
-14370.2
-14373.2
-14376.2
-14379.2
-14382.2
-14385.2
-14388.2
-14391.2
-14394.2
-14397.2
-14400.2
-14403.2
-14406.2
-14409.2
-14412.2
-14415.3
-14418.3
-14421.3
-14424.3
-14427.3
-14430.3
-14433.3
-14436.3
-14439.3
-14442.3
-14445.3
-14448.3
-14451.3
-14454.3
-14457.4
-14460.4
-14463.4
-14466.4
-14469.4
-14472.4
-14475.4
-14478.4
-14481.4
-14484.4
-14487.5
-14490.5
-14493.5
-14496.5
-14499.5
-14502.5
-14505.5
-14508.5
-14511.5
-14514.6
-14517.6
-14520.6
-14523.6
-14526.6
-14529.6
-14532.6
-14535.6
-14538.7
-14541.7
-14544.7
-14547.7
-14550.7
-14553.7
-14556.7
-14559.8
-14562.8
-14565.8
-14568.8
-14571.8
-14574.8
-14577.8
-14580.9
-14583.9
-14586.9
-14589.9
-14592.9
-14595.9
-14599
-14602
-14605
-14608
-14611
-14614.1
-14617.1
-14620.1
-14623.1
-14626.1
-14629.2
-14632.2
-14635.2
-14638.2
-14641.2
-14644.3
-14647.3
-14650.3
-14653.3
-14656.3
-14659.4
-14662.4
-14665.4
-14668.4
-14671.4
-14674.5
-14677.5
-14680.5
-14683.5
-14686.6
-14689.6
-14692.6
-14695.6
-14698.7
-14701.7
-14704.7
-14707.7
-14710.7
-14713.8
-14716.8
-14719.8
-14722.8
-14725.9
-14728.9
-14731.9
-14735
-14738
-14741
-14744
-14747.1
-14750.1
-14753.1
-14756.1
-14759.2
-14762.2
-14765.2
-14768.3
-14771.3
-14774.3
-14777.3
-14780.4
-14783.4
-14786.4
-14789.5
-14792.5
-14795.5
-14798.6
-14801.6
-14804.6
-14807.6
-14810.7
-14813.7
-14816.7
-14819.8
-14822.8
-14825.8
-14828.9
-14831.9
-14834.9
-14838
-14841
-14844
-14847.1
-14850.1
-14853.1
-14856.2
-14859.2
-14862.2
-14865.3
-14868.3
-14871.4
-14874.4
-14877.4
-14880.5
-14883.5
-14886.5
-14889.6
-14892.6
-14895.6
-14898.7
-14901.7
-14904.8
-14907.8
-14910.8
-14913.9
-14916.9
-14920
-14923
-14926
-14929.1
-14932.1
-14935.2
-14938.2
-14941.2
-14944.3
-14947.3
-14950.4
-14953.4
-14956.4
-14959.5
-14962.5
-14965.6
-14968.6
-14971.7
-14974.7
-14977.7
-14980.8
-14983.8
-14986.9
-14989.9
-14993
-14996
-14999.1
-15002.1
-15005.2
-15008.2
-15011.2
-15014.3
-15017.3
-15020.4
-15023.4
-15026.5
-15029.5
-15032.6
-15035.6
-15038.7
-15041.7
-15044.8
-15047.8
-15050.9
-15053.9
-15057
-15060
-15063.1
-15066.1
-15069.2
-15072.2
-15075.3
-15078.3
-15081.4
-15084.4
-15087.5
-15090.5
-15093.6
-15096.6
-15099.7
-15102.7
-15105.8
-15108.8
-15111.9
-15115
-15118
-15121.1
-15124.1
-15127.2
-15130.2
-15133.3
-15136.3
-15139.4
-15142.5
-15145.5
-15148.6
-15151.6
-15154.7
-15157.7
-15160.8
-15163.9
-15166.9
-15170
-15173
-15176.1
-15179.2
-15182.2
-15185.3
-15188.3
-15191.4
-15194.5
-15197.5
-15200.6
-15203.7
-15206.7
-15209.8
-15212.8
-15215.9
-15219
-15222
-15225.1
-15228.2
-15231.2
-15234.3
-15237.4
-15240.4
-15243.5
-15246.5
-15249.6
-15252.7
-15255.7
-15258.8
-15261.9
-15264.9
-15268
-15271.1
-15274.2
-15277.2
-15280.3
-15283.4
-15286.4
-15289.5
-15292.6
-15295.6
-15298.7
-15301.8
-15304.8
-15307.9
-15311
-15314.1
-15317.1
-15320.2
-15323.3
-15326.4
-15329.4
-15332.5
-15335.6
-15338.6
-15341.7
-15344.8
-15347.9
-15350.9
-15354
-15357.1
-15360.2
-15363.3
-15366.3
-15369.4
-15372.5
-15375.6
-15378.6
-15381.7
-15384.8
-15387.9
-15391
-15394
-15397.1
-15400.2
-15403.3
-15406.4
-15409.4
-15412.5
-15415.6
-15418.7
-15421.8
-15424.8
-15427.9
-15431
-15434.1
-15437.2
-15440.3
-15443.4
-15446.4
-15449.5
-15452.6
-15455.7
-15458.8
-15461.9
-15465
-15468
-15471.1
-15474.2
-15477.3
-15480.4
-15483.5
-15486.6
-15489.7
-15492.7
-15495.8
-15498.9
-15502
-15505.1
-15508.2
-15511.3
-15514.4
-15517.5
-15520.6
-15523.7
-15526.8
-15529.8
-15532.9
-15536
-15539.1
-15542.2
-15545.3
-15548.4
-15551.5
-15554.6
-15557.7
-15560.8
-15563.9
-15567
-15570.1
-15573.2
-15576.3
-15579.4
-15582.5
-15585.6
-15588.7
-15591.8
-15594.9
-15598
-15601.1
-15604.2
-15607.3
-15610.4
-15613.5
-15616.6
-15619.7
-15622.8
-15625.9
-15629
-15632.1
-15635.2
-15638.3
-15641.4
-15644.6
-15647.7
-15650.8
-15653.9
-15657
-15660.1
-15663.2
-15666.3
-15669.4
-15672.5
-15675.6
-15678.8
-15681.9
-15685
-15688.1
-15691.2
-15694.3
-15697.4
-15700.5
-15703.7
-15706.8
-15709.9
-15713
-15716.1
-15719.2
-15722.3
-15725.5
-15728.6
-15731.7
-15734.8
-15737.9
-15741
-15744.2
-15747.3
-15750.4
-15753.5
-15756.6
-15759.8
-15762.9
-15766
-15769.1
-15772.3
-15775.4
-15778.5
-15781.6
-15784.8
-15787.9
-15791
-15794.1
-15797.3
-15800.4
-15803.5
-15806.6
-15809.8
-15812.9
-15816
-15819.1
-15822.3
-15825.4
-15828.5
-15831.7
-15834.8
-15837.9
-15841.1
-15844.2
-15847.3
-15850.5
-15853.6
-15856.7
-15859.9
-15863
-15866.1
-15869.3
-15872.4
-15875.5
-15878.7
-15881.8
-15885
-15888.1
-15891.2
-15894.4
-15897.5
-15900.7
-15903.8
-15906.9
-15910.1
-15913.2
-15916.4
-15919.5
-15922.7
-15925.8
-15928.9
-15932.1
-15935.2
-15938.4
-15941.5
-15944.7
-15947.8
-15951
-15954.1
-15957.3
-15960.4
-15963.6
-15966.7
-15969.9
-15973
-15976.2
-15979.3
-15982.5
-15985.6
-15988.8
-15991.9
-15995.1
-15998.3
-16001.4
-16004.6
-16007.7
-16010.9
-16014
-16017.2
-16020.4
-16023.5
-16026.7
-16029.8
-16033
-16036.2
-16039.3
-16042.5
-16045.7
-16048.8
-16052
-16055.2
-16058.3
-16061.5
-16064.7
-16067.8
-16071
-16074.2
-16077.3
-16080.5
-16083.7
-16086.8
-16090
-16093.2
-16096.4
-16099.5
-16102.7
-16105.9
-16109.1
-16112.2
-16115.4
-16118.6
-16121.8
-16124.9
-16128.1
-16131.3
-16134.5
-16137.7
-16140.8
-16144
-16147.2
-16150.4
-16153.6
-16156.8
-16159.9
-16163.1
-16166.3
-16169.5
-16172.7
-16175.9
-16179.1
-16182.3
-16185.4
-16188.6
-16191.8
-16195
-16198.2
-16201.4
-16204.6
-16207.8
-16211
-16214.2
-16217.4
-16220.6
-16223.8
-16227
-16230.2
-16233.4
-16236.6
-16239.8
-16243
-16246.2
-16249.4
-16252.6
-16255.8
-16259
-16262.2
-16265.4
-16268.6
-16271.8
-16275
-16278.2
-16281.4
-16284.7
-16287.9
-16291.1
-16294.3
-16297.5
-16300.7
-16303.9
-16307.1
-16310.4
-16313.6
-16316.8
-16320
-16323.2
-16326.5
-16329.7
-16332.9
-16336.1
-16339.3
-16342.6
-16345.8
-16349
-16352.2
-16355.5
-16358.7
-16361.9
-16365.2
-16368.4
-16371.6
-16374.9
-16378.1
-16381.3
-16384.6
-16387.8
-16391
-16394.3
-16397.5
-16400.7
-16404
-16407.2
-16410.5
-16413.7
-16416.9
-16420.2
-16423.4
-16426.7
-16429.9
-16433.2
-16436.4
-16439.7
-16442.9
-16446.2
-16449.4
-16452.7
-16455.9
-16459.2
-16462.4
-16465.7
-16468.9
-16472.2
-16475.5
-16478.7
-16482
-16485.2
-16488.5
-16491.8
-16495
-16498.3
-16501.6
-16504.8
-16508.1
-16511.4
-16514.6
-16517.9
-16521.2
-16524.4
-16527.7
-16531
-16534.3
-16537.5
-16540.8
-16544.1
-16547.4
-16550.7
-16553.9
-16557.2
-16560.5
-16563.8
-16567.1
-16570.4
-16573.6
-16576.9
-16580.2
-16583.5
-16586.8
-16590.1
-16593.4
-16596.7
-16600
-16603.3
-16606.6
-16609.9
-16613.2
-16616.5
-16619.8
-16623.1
-16626.4
-16629.7
-16633
-16636.3
-16639.6
-16642.9
-16646.2
-16649.6
-16652.9
-16656.2
-16659.5
-16662.8
-16666.1
-16669.5
-16672.8
-16676.1
-16679.4
-16682.8
-16686.1
-16689.4
-16692.7
-16696.1
-16699.4
-16702.7
-16706.1
-16709.4
-16712.7
-16716.1
-16719.4
-16722.8
-16726.1
-16729.4
-16732.8
-16736.1
-16739.5
-16742.8
-16746.2
-16749.5
-16752.9
-16756.2
-16759.6
-16762.9
-16766.3
-16769.7
-16773
-16776.4
-16779.7
-16783.1
-16786.5
-16789.8
-16793.2
-16796.6
-16800
-16803.3
-16806.7
-16810.1
-16813.5
-16816.8
-16820.2
-16823.6
-16827
-16830.4
-16833.8
-16837.2
-16840.5
-16843.9
-16847.3
-16850.7
-16854.1
-16857.5
-16860.9
-16864.3
-16867.7
-16871.1
-16874.5
-16877.9
-16881.4
-16884.8
-16888.2
-16891.6
-16895
-16898.4
-16901.9
-16905.3
-16908.7
-16912.1
-16915.6
-16919
-16922.4
-16925.9
-16929.3
-16932.7
-16936.2
-16939.6
-16943.1
-16946.5
-16949.9
-16953.4
-16956.8
-16960.3
-16963.8
-16967.2
-16970.7
-16974.1
-16977.6
-16981.1
-16984.5
-16988
-16991.5
-16994.9
-16998.4
-17001.9
-17005.4
-17008.9
-17012.3
-17015.8
-17019.3
-17022.8
-17026.3
-17029.8
-17033.3
-17036.8
-17040.3
-17043.8
-17047.3
-17050.8
-17054.3
-17057.9
-17061.4
-17064.9
-17068.4
-17071.9
-17075.5
-17079
-17082.5
-17086.1
-17089.6
-17093.1
-17096.7
-17100.2
-17103.8
-17107.3
-17110.9
-17114.4
-17118
-17121.5
-17125.1
-17128.7
-17132.3
-17135.8
-17139.4
-17143
-17146.6
-17150.1
-17153.7
-17157.3
-17160.9
-17164.5
-17168.1
-17171.7
-17175.3
-17178.9
-17182.5
-17186.2
-17189.8
-17193.4
-17197
-17200.7
-17204.3
-17207.9
-17211.6
-17215.2
-17218.9
-17222.5
-17226.2
-17229.8
-17233.5
-17237.1
-17240.8
-17244.5
-17248.2
-17251.8
-17255.5
-17259.2
-17262.9
-17266.6
-17270.3
-17274
-17277.7
-17281.4
-17285.1
-17288.9
-17292.6
-17296.3
-17300.1
-17303.8
-17307.5
-17311.3
-17315
-17318.8
-17322.6
-17326.3
-17330.1
-17333.9
-17337.7
-17341.4
-17345.2
-17349
-17352.8
-17356.6
-17360.5
-17364.3
-17368.1
-17371.9
-17375.8
-17379.6
-17383.5
-17387.3
-17391.2
-17395
-17398.9
-17402.8
-17406.7
-17410.5
-17414.4
-17418.3
-17422.3
-17426.2
-17430.1
-17434
-17438
-17441.9
-17445.9
-17449.8
-17453.8
-17457.8
-17461.7
-17465.7
-17469.7
-17473.7
-17477.7
-17481.8
-17485.8
-17489.8
-17493.9
-17497.9
-17502
-17506.1
-17510.2
-17514.3
-17518.4
-17522.5
-17526.6
-17530.7
-17534.9
-17539
-17543.2
-17547.4
-17551.6
-17555.8
-17560
-17564.2
-17568.5
-17572.7
-17577
-17581.3
-17585.6
-17589.9
-17594.2
-17598.5
-17602.9
-17607.2
-17611.6
-17616
-17620.4
-17624.8
-17629.3
-17633.7
-17638.2
-17642.7
-17647.2
-17651.8
-17656.3
-17660.9
-17665.5
-17670.2
-17674.8
-17679.5
-17684.2
-17688.9
-17693.6
-17698.4
-17703.2
-17708
-17712.9
-17717.8
-17722.7
-17727.7
-17732.7
-17737.7
-17742.7
-17747.9
-17753
-17758.2
-17763.4
-17768.7
-17774
-17779.4
-17784.8
-17790.3
-17795.9
-17801.5
-17807.2
-17812.9
-17818.8
-17824.7
-17830.7
-17836.8
-17843
-17849.3
-17855.8
-17862.3
-17869
-17875.9
-17882.9
-17890.2
-17897.7
-17905.4
-17913.4
-17921.7
-17930.5
-17939.8
-17949.6
-17960.3
-17972.1
-17985.6
-18001.9
-18025.9
