150.817
148.399
145.981
143.563
141.145
138.727
136.308
133.89
131.471
129.053
126.634
124.215
121.796
119.377
116.958
114.539
112.119
109.7
107.28
104.861
102.441
100.021
97.6015
95.1816
92.7615
90.3414
87.9211
85.5008
83.0804
80.6598
78.2392
75.8185
73.3977
70.9768
68.5558
66.1348
63.7136
61.2923
58.871
56.4495
54.028
51.6064
49.1847
46.7628
44.3409
41.9189
39.4968
37.0746
34.6524
32.23
29.8075
27.385
24.9623
22.5396
20.1168
17.6938
15.2708
12.8477
10.4245
8.00121
5.57782
3.15434
0.730768
-1.6929
-4.11665
-6.5405
-8.96445
-11.3885
-13.8126
-16.2368
-18.6611
-21.0855
-23.51
-25.9346
-28.3593
-30.7841
-33.2089
-35.6339
-38.059
-40.4841
-42.9093
-45.3347
-47.7601
-50.1856
-52.6112
-55.0369
-57.4627
-59.8886
-62.3145
-64.7406
-67.1668
-69.593
-72.0194
-74.4458
-76.8723
-79.299
-81.7257
-84.1525
-86.5794
-89.0064
-91.4334
-93.8606
-96.2879
-98.7152
-101.143
-103.57
-105.998
-108.426
-110.853
-113.281
-115.709
-118.137
-120.566
-122.994
-125.422
-127.851
-130.279
-132.708
-135.137
-137.566
-139.994
-142.423
-144.853
-147.282
-149.711
-152.14
-154.57
-157
-159.429
-161.859
-164.289
-166.719
-169.149
-171.579
-174.009
-176.439
-178.87
-181.3
-183.731
-186.162
-188.592
-191.023
-193.454
-195.885
-198.316
-200.748
-203.179
-205.61
-208.042
-210.474
-212.905
-215.337
-217.769
-220.201
-222.633
-225.065
-227.497
-229.93
-232.362
-234.795
-237.227
-239.66
-242.093
-244.526
-246.959
-249.392
-251.825
-254.258
-256.691
-259.125
-261.558
-263.992
-266.426
-268.86
-271.294
-273.728
-276.162
-278.596
-281.03
-283.464
-285.899
-288.333
-290.768
-293.203
-295.638
-298.073
-300.508
-302.943
-305.378
-307.813
-310.249
-312.684
-315.12
-317.555
-319.991
-322.427
-324.863
-327.299
-329.735
-332.171
-334.607
-337.044
-339.48
-341.917
-344.353
-346.79
-349.227
-351.664
-354.101
-356.538
-358.975
-361.413
-363.85
-366.288
-368.725
-371.163
-373.601
-376.039
-378.476
-380.915
-383.353
-385.791
-388.229
-390.668
-393.106
-395.545
-397.983
-400.422
-402.861
-405.3
-407.739
-410.178
-412.618
-415.057
-417.496
-419.936
-422.375
-424.815
-427.255
-429.695
-432.135
-434.575
-437.015
-439.455
-441.896
-444.336
-446.777
-449.217
-451.658
-454.099
-456.54
-458.981
-461.422
-463.863
-466.304
-468.745
-471.187
-473.628
-476.07
-478.512
-480.954
-483.396
-485.837
-488.28
-490.722
-493.164
-495.606
-498.049
-500.491
-502.934
-505.377
-507.82
-510.263
-512.706
-515.149
-517.592
-520.035
-522.479
-524.922
-527.366
-529.809
-532.253
-534.697
-537.141
-539.585
-542.029
-544.473
-546.917
-549.362
-551.806
-554.251
-556.695
-559.14
-561.585
-564.03
-566.475
-568.92
-571.365
-573.811
-576.256
-578.701
-581.147
-583.593
-586.038
-588.484
-590.93
-593.376
-595.822
-598.269
-600.715
-603.161
-605.608
-608.054
-610.501
-612.948
-615.395
-617.842
-620.289
-622.736
-625.183
-627.63
-630.078
-632.525
-634.973
-637.421
-639.868
-642.316
-644.764
-647.212
-649.661
-652.109
-654.557
-657.005
-659.454
-661.903
-664.351
-666.8
-669.249
-671.698
-674.147
-676.596
-679.045
-681.495
-683.944
-686.394
-688.843
-691.293
-693.743
-696.193
-698.643
-701.093
-703.543
-705.993
-708.444
-710.894
-713.344
-715.795
-718.246
-720.697
-723.148
-725.599
-728.05
-730.501
-732.952
-735.403
-737.855
-740.306
-742.758
-745.21
-747.662
-750.113
-752.565
-755.017
-757.47
-759.922
-762.374
-764.827
-767.279
-769.732
-772.185
-774.637
-777.09
-779.543
-781.996
-784.45
-786.903
-789.356
-791.81
-794.263
-796.717
-799.171
-801.625
-804.078
-806.532
-808.987
-811.441
-813.895
-816.349
-818.804
-821.258
-823.713
-826.168
-828.623
-831.078
-833.533
-835.988
-838.443
-840.898
-843.354
-845.809
-848.265
-850.72
-853.176
-855.632
-858.088
-860.544
-863
-865.456
-867.912
-870.369
-872.825
-875.282
-877.738
-880.195
-882.652
-885.109
-887.566
-890.023
-892.48
-894.938
-897.395
-899.853
-902.31
-904.768
-907.226
-909.683
-912.141
-914.599
-917.057
-919.516
-921.974
-924.432
-926.891
-929.349
-931.808
-934.267
-936.726
-939.185
-941.644
-944.103
-946.562
-949.021
-951.481
-953.94
-956.4
-958.86
-961.319
-963.779
-966.239
-968.699
-971.159
-973.62
-976.08
-978.54
-981.001
-983.461
-985.922
-988.383
-990.844
-993.305
-995.766
-998.227
-1000.69
-1003.15
-1005.61
-1008.07
-1010.53
-1013
-1015.46
-1017.92
-1020.38
-1022.84
-1025.31
-1027.77
-1030.23
-1032.69
-1035.15
-1037.62
-1040.08
-1042.54
-1045.01
-1047.47
-1049.93
-1052.39
-1054.86
-1057.32
-1059.78
-1062.25
-1064.71
-1067.18
-1069.64
-1072.1
-1074.57
-1077.03
-1079.5
-1081.96
-1084.42
-1086.89
-1089.35
-1091.82
-1094.28
-1096.75
-1099.21
-1101.68
-1104.14
-1106.61
-1109.07
-1111.54
-1114
-1116.47
-1118.93
-1121.4
-1123.87
-1126.33
-1128.8
-1131.26
-1133.73
-1136.2
-1138.66
-1141.13
-1143.6
-1146.06
-1148.53
-1151
-1153.46
-1155.93
-1158.4
-1160.86
-1163.33
-1165.8
-1168.27
-1170.73
-1173.2
-1175.67
-1178.14
-1180.6
-1183.07
-1185.54
-1188.01
-1190.48
-1192.95
-1195.41
-1197.88
-1200.35
-1202.82
-1205.29
-1207.76
-1210.23
-1212.7
-1215.16
-1217.63
-1220.1
-1222.57
-1225.04
-1227.51
-1229.98
-1232.45
-1234.92
-1237.39
-1239.86
-1242.33
-1244.8
-1247.27
-1249.74
-1252.21
-1254.68
-1257.15
-1259.62
-1262.1
-1264.57
-1267.04
-1269.51
-1271.98
-1274.45
-1276.92
-1279.39
-1281.87
-1284.34
-1286.81
-1289.28
-1291.75
-1294.23
-1296.7
-1299.17
-1301.64
-1304.12
-1306.59
-1309.06
-1311.53
-1314.01
-1316.48
-1318.95
-1321.42
-1323.9
-1326.37
-1328.84
-1331.32
-1333.79
-1336.27
-1338.74
-1341.21
-1343.69
-1346.16
-1348.63
-1351.11
-1353.58
-1356.06
-1358.53
-1361.01
-1363.48
-1365.96
-1368.43
-1370.91
-1373.38
-1375.86
-1378.33
-1380.81
-1383.28
-1385.76
-1388.23
-1390.71
-1393.18
-1395.66
-1398.14
-1400.61
-1403.09
-1405.56
-1408.04
-1410.52
-1412.99
-1415.47
-1417.95
-1420.42
-1422.9
-1425.38
-1427.85
-1430.33
-1432.81
-1435.28
-1437.76
-1440.24
-1442.72
-1445.19
-1447.67
-1450.15
-1452.63
-1455.11
-1457.58
-1460.06
-1462.54
-1465.02
-1467.5
-1469.98
-1472.45
-1474.93
-1477.41
-1479.89
-1482.37
-1484.85
-1487.33
-1489.81
-1492.29
-1494.77
-1497.25
-1499.73
-1502.21
-1504.69
-1507.17
-1509.65
-1512.13
-1514.61
-1517.09
-1519.57
-1522.05
-1524.53
-1527.01
-1529.49
-1531.97
-1534.45
-1536.93
-1539.41
-1541.89
-1544.37
-1546.86
-1549.34
-1551.82
-1554.3
-1556.78
-1559.26
-1561.75
-1564.23
-1566.71
-1569.19
-1571.67
-1574.16
-1576.64
-1579.12
-1581.6
-1584.09
-1586.57
-1589.05
-1591.54
-1594.02
-1596.5
-1598.99
-1601.47
-1603.95
-1606.44
-1608.92
-1611.4
-1613.89
-1616.37
-1618.85
-1621.34
-1623.82
-1626.31
-1628.79
-1631.28
-1633.76
-1636.25
-1638.73
-1641.21
-1643.7
-1646.18
-1648.67
-1651.16
-1653.64
-1656.13
-1658.61
-1661.1
-1663.58
-1666.07
-1668.55
-1671.04
-1673.53
-1676.01
-1678.5
-1680.98
-1683.47
-1685.96
-1688.44
-1690.93
-1693.42
-1695.9
-1698.39
-1700.88
-1703.36
-1705.85
-1708.34
-1710.83
-1713.31
-1715.8
-1718.29
-1720.78
-1723.26
-1725.75
-1728.24
-1730.73
-1733.22
-1735.7
-1738.19
-1740.68
-1743.17
-1745.66
-1748.15
-1750.64
-1753.13
-1755.61
-1758.1
-1760.59
-1763.08
-1765.57
-1768.06
-1770.55
-1773.04
-1775.53
-1778.02
-1780.51
-1783
-1785.49
-1787.98
-1790.47
-1792.96
-1795.45
-1797.94
-1800.43
-1802.92
-1805.41
-1807.9
-1810.39
-1812.89
-1815.38
-1817.87
-1820.36
-1822.85
-1825.34
-1827.83
-1830.33
-1832.82
-1835.31
-1837.8
-1840.29
-1842.79
-1845.28
-1847.77
-1850.26
-1852.76
-1855.25
-1857.74
-1860.23
-1862.73
-1865.22
-1867.71
-1870.21
-1872.7
-1875.19
-1877.69
-1880.18
-1882.67
-1885.17
-1887.66
-1890.15
-1892.65
-1895.14
-1897.64
-1900.13
-1902.62
-1905.12
-1907.61
-1910.11
-1912.6
-1915.1
-1917.59
-1920.09
-1922.58
-1925.08
-1927.57
-1930.07
-1932.56
-1935.06
-1937.55
-1940.05
-1942.55
-1945.04
-1947.54
-1950.03
-1952.53
-1955.03
-1957.52
-1960.02
-1962.52
-1965.01
-1967.51
-1970.01
-1972.5
-1975
-1977.5
-1979.99
-1982.49
-1984.99
-1987.49
-1989.98
-1992.48
-1994.98
-1997.48
-1999.97
-2002.47
-2004.97
-2007.47
-2009.97
-2012.47
-2014.96
-2017.46
-2019.96
-2022.46
-2024.96
-2027.46
-2029.96
-2032.45
-2034.95
-2037.45
-2039.95
-2042.45
-2044.95
-2047.45
-2049.95
-2052.45
-2054.95
-2057.45
-2059.95
-2062.45
-2064.95
-2067.45
-2069.95
-2072.45
-2074.95
-2077.45
-2079.95
-2082.45
-2084.96
-2087.46
-2089.96
-2092.46
-2094.96
-2097.46
-2099.96
-2102.46
-2104.97
-2107.47
-2109.97
-2112.47
-2114.97
-2117.48
-2119.98
-2122.48
-2124.98
-2127.49
-2129.99
-2132.49
-2134.99
-2137.5
-2140
-2142.5
-2145.01
-2147.51
-2150.01
-2152.52
-2155.02
-2157.52
-2160.03
-2162.53
-2165.03
-2167.54
-2170.04
-2172.55
-2175.05
-2177.55
-2180.06
-2182.56
-2185.07
-2187.57
-2190.08
-2192.58
-2195.09
-2197.59
-2200.1
-2202.6
-2205.11
-2207.61
-2210.12
-2212.62
-2215.13
-2217.63
-2220.14
-2222.65
-2225.15
-2227.66
-2230.16
-2232.67
-2235.18
-2237.68
-2240.19
-2242.7
-2245.2
-2247.71
-2250.22
-2252.72
-2255.23
-2257.74
-2260.25
-2262.75
-2265.26
-2267.77
-2270.28
-2272.78
-2275.29
-2277.8
-2280.31
-2282.82
-2285.32
-2287.83
-2290.34
-2292.85
-2295.36
-2297.87
-2300.37
-2302.88
-2305.39
-2307.9
-2310.41
-2312.92
-2315.43
-2317.94
-2320.45
-2322.96
-2325.47
-2327.98
-2330.49
-2333
-2335.51
-2338.02
-2340.53
-2343.04
-2345.55
-2348.06
-2350.57
-2353.08
-2355.59
-2358.1
-2360.61
-2363.12
-2365.63
-2368.14
-2370.66
-2373.17
-2375.68
-2378.19
-2380.7
-2383.21
-2385.72
-2388.24
-2390.75
-2393.26
-2395.77
-2398.29
-2400.8
-2403.31
-2405.82
-2408.33
-2410.85
-2413.36
-2415.87
-2418.39
-2420.9
-2423.41
-2425.93
-2428.44
-2430.95
-2433.47
-2435.98
-2438.49
-2441.01
-2443.52
-2446.03
-2448.55
-2451.06
-2453.58
-2456.09
-2458.61
-2461.12
-2463.63
-2466.15
-2468.66
-2471.18
-2473.69
-2476.21
-2478.72
-2481.24
-2483.75
-2486.27
-2488.79
-2491.3
-2493.82
-2496.33
-2498.85
-2501.36
-2503.88
-2506.4
-2508.91
-2511.43
-2513.95
-2516.46
-2518.98
-2521.5
-2524.01
-2526.53
-2529.05
-2531.56
-2534.08
-2536.6
-2539.11
-2541.63
-2544.15
-2546.67
-2549.18
-2551.7
-2554.22
-2556.74
-2559.26
-2561.77
-2564.29
-2566.81
-2569.33
-2571.85
-2574.37
-2576.88
-2579.4
-2581.92
-2584.44
-2586.96
-2589.48
-2592
-2594.52
-2597.04
-2599.56
-2602.08
-2604.6
-2607.12
-2609.64
-2612.16
-2614.68
-2617.2
-2619.72
-2622.24
-2624.76
-2627.28
-2629.8
-2632.32
-2634.84
-2637.36
-2639.88
-2642.4
-2644.92
-2647.44
-2649.96
-2652.49
-2655.01
-2657.53
-2660.05
-2662.57
-2665.09
-2667.62
-2670.14
-2672.66
-2675.18
-2677.7
-2680.23
-2682.75
-2685.27
-2687.79
-2690.32
-2692.84
-2695.36
-2697.89
-2700.41
-2702.93
-2705.46
-2707.98
-2710.5
-2713.03
-2715.55
-2718.07
-2720.6
-2723.12
-2725.64
-2728.17
-2730.69
-2733.22
-2735.74
-2738.27
-2740.79
-2743.31
-2745.84
-2748.36
-2750.89
-2753.41
-2755.94
-2758.46
-2760.99
-2763.51
-2766.04
-2768.57
-2771.09
-2773.62
-2776.14
-2778.67
-2781.19
-2783.72
-2786.25
-2788.77
-2791.3
-2793.83
-2796.35
-2798.88
-2801.41
-2803.93
-2806.46
-2808.99
-2811.51
-2814.04
-2816.57
-2819.09
-2821.62
-2824.15
-2826.68
-2829.2
-2831.73
-2834.26
-2836.79
-2839.32
-2841.84
-2844.37
-2846.9
-2849.43
-2851.96
-2854.49
-2857.01
-2859.54
-2862.07
-2864.6
-2867.13
-2869.66
-2872.19
-2874.72
-2877.25
-2879.78
-2882.31
-2884.84
-2887.37
-2889.9
-2892.43
-2894.96
-2897.49
-2900.02
-2902.55
-2905.08
-2907.61
-2910.14
-2912.67
-2915.2
-2917.73
-2920.26
-2922.79
-2925.32
-2927.85
-2930.39
-2932.92
-2935.45
-2937.98
-2940.51
-2943.04
-2945.57
-2948.11
-2950.64
-2953.17
-2955.7
-2958.23
-2960.77
-2963.3
-2965.83
-2968.36
-2970.9
-2973.43
-2975.96
-2978.5
-2981.03
-2983.56
-2986.1
-2988.63
-2991.16
-2993.7
-2996.23
-2998.76
-3001.3
-3003.83
-3006.36
-3008.9
-3011.43
-3013.97
-3016.5
-3019.04
-3021.57
-3024.11
-3026.64
-3029.17
-3031.71
-3034.24
-3036.78
-3039.31
-3041.85
-3044.39
-3046.92
-3049.46
-3051.99
-3054.53
-3057.06
-3059.6
-3062.13
-3064.67
-3067.21
-3069.74
-3072.28
-3074.82
-3077.35
-3079.89
-3082.43
-3084.96
-3087.5
-3090.04
-3092.57
-3095.11
-3097.65
-3100.18
-3102.72
-3105.26
-3107.8
-3110.33
-3112.87
-3115.41
-3117.95
-3120.49
-3123.02
-3125.56
-3128.1
-3130.64
-3133.18
-3135.72
-3138.26
-3140.79
-3143.33
-3145.87
-3148.41
-3150.95
-3153.49
-3156.03
-3158.57
-3161.11
-3163.65
-3166.19
-3168.73
-3171.27
-3173.81
-3176.35
-3178.89
-3181.43
-3183.97
-3186.51
-3189.05
-3191.59
-3194.13
-3196.67
-3199.21
-3201.75
-3204.29
-3206.83
-3209.37
-3211.91
-3214.46
-3217
-3219.54
-3222.08
-3224.62
-3227.16
-3229.71
-3232.25
-3234.79
-3237.33
-3239.87
-3242.42
-3244.96
-3247.5
-3250.04
-3252.59
-3255.13
-3257.67
-3260.22
-3262.76
-3265.3
-3267.85
-3270.39
-3272.93
-3275.48
-3278.02
-3280.56
-3283.11
-3285.65
-3288.19
-3290.74
-3293.28
-3295.83
-3298.37
-3300.92
-3303.46
-3306
-3308.55
-3311.09
-3313.64
-3316.18
-3318.73
-3321.27
-3323.82
-3326.36
-3328.91
-3331.46
-3334
-3336.55
-3339.09
-3341.64
-3344.18
-3346.73
-3349.28
-3351.82
-3354.37
-3356.92
-3359.46
-3362.01
-3364.55
-3367.1
-3369.65
-3372.2
-3374.74
-3377.29
-3379.84
-3382.38
-3384.93
-3387.48
-3390.03
-3392.57
-3395.12
-3397.67
-3400.22
-3402.77
-3405.31
-3407.86
-3410.41
-3412.96
-3415.51
-3418.06
-3420.6
-3423.15
-3425.7
-3428.25
-3430.8
-3433.35
-3435.9
-3438.45
-3441
-3443.55
-3446.1
-3448.64
-3451.19
-3453.74
-3456.29
-3458.84
-3461.39
-3463.94
-3466.49
-3469.05
-3471.6
-3474.15
-3476.7
-3479.25
-3481.8
-3484.35
-3486.9
-3489.45
-3492
-3494.55
-3497.1
-3499.66
-3502.21
-3504.76
-3507.31
-3509.86
-3512.41
-3514.97
-3517.52
-3520.07
-3522.62
-3525.18
-3527.73
-3530.28
-3532.83
-3535.39
-3537.94
-3540.49
-3543.04
-3545.6
-3548.15
-3550.7
-3553.26
-3555.81
-3558.36
-3560.92
-3563.47
-3566.02
-3568.58
-3571.13
-3573.69
-3576.24
-3578.79
-3581.35
-3583.9
-3586.46
-3589.01
-3591.57
-3594.12
-3596.68
-3599.23
-3601.79
-3604.34
-3606.9
-3609.45
-3612.01
-3614.56
-3617.12
-3619.67
-3622.23
-3624.79
-3627.34
-3629.9
-3632.45
-3635.01
-3637.57
-3640.12
-3642.68
-3645.24
-3647.79
-3650.35
-3652.91
-3655.46
-3658.02
-3660.58
-3663.13
-3665.69
-3668.25
-3670.81
-3673.36
-3675.92
-3678.48
-3681.04
-3683.59
-3686.15
-3688.71
-3691.27
-3693.83
-3696.39
-3698.94
-3701.5
-3704.06
-3706.62
-3709.18
-3711.74
-3714.3
-3716.86
-3719.41
-3721.97
-3724.53
-3727.09
-3729.65
-3732.21
-3734.77
-3737.33
-3739.89
-3742.45
-3745.01
-3747.57
-3750.13
-3752.69
-3755.25
-3757.81
-3760.37
-3762.93
-3765.49
-3768.06
-3770.62
-3773.18
-3775.74
-3778.3
-3780.86
-3783.42
-3785.98
-3788.55
-3791.11
-3793.67
-3796.23
-3798.79
-3801.35
-3803.92
-3806.48
-3809.04
-3811.6
-3814.17
-3816.73
-3819.29
-3821.85
-3824.42
-3826.98
-3829.54
-3832.11
-3834.67
-3837.23
-3839.8
-3842.36
-3844.92
-3847.49
-3850.05
-3852.61
-3855.18
-3857.74
-3860.31
-3862.87
-3865.43
-3868
-3870.56
-3873.13
-3875.69
-3878.26
-3880.82
-3883.39
-3885.95
-3888.52
-3891.08
-3893.65
-3896.21
-3898.78
-3901.34
-3903.91
-3906.47
-3909.04
-3911.61
-3914.17
-3916.74
-3919.3
-3921.87
-3924.44
-3927
-3929.57
-3932.14
-3934.7
-3937.27
-3939.84
-3942.4
-3944.97
-3947.54
-3950.11
-3952.67
-3955.24
-3957.81
-3960.38
-3962.94
-3965.51
-3968.08
-3970.65
-3973.21
-3975.78
-3978.35
-3980.92
-3983.49
-3986.06
-3988.62
-3991.19
-3993.76
-3996.33
-3998.9
-4001.47
-4004.04
-4006.61
-4009.18
-4011.75
-4014.32
-4016.88
-4019.45
-4022.02
-4024.59
-4027.16
-4029.73
-4032.3
-4034.87
-4037.44
-4040.01
-4042.59
-4045.16
-4047.73
-4050.3
-4052.87
-4055.44
-4058.01
-4060.58
-4063.15
-4065.72
-4068.29
-4070.87
-4073.44
-4076.01
-4078.58
-4081.15
-4083.73
-4086.3
-4088.87
-4091.44
-4094.01
-4096.59
-4099.16
-4101.73
-4104.3
-4106.88
-4109.45
-4112.02
-4114.59
-4117.17
-4119.74
-4122.31
-4124.89
-4127.46
-4130.03
-4132.61
-4135.18
-4137.76
-4140.33
-4142.9
-4145.48
-4148.05
-4150.63
-4153.2
-4155.77
-4158.35
-4160.92
-4163.5
-4166.07
-4168.65
-4171.22
-4173.8
-4176.37
-4178.95
-4181.52
-4184.1
-4186.67
-4189.25
-4191.83
-4194.4
-4196.98
-4199.55
-4202.13
-4204.71
-4207.28
-4209.86
-4212.43
-4215.01
-4217.59
-4220.16
-4222.74
-4225.32
-4227.89
-4230.47
-4233.05
-4235.63
-4238.2
-4240.78
-4243.36
-4245.94
-4248.51
-4251.09
-4253.67
-4256.25
-4258.83
-4261.4
-4263.98
-4266.56
-4269.14
-4271.72
-4274.3
-4276.87
-4279.45
-4282.03
-4284.61
-4287.19
-4289.77
-4292.35
-4294.93
-4297.51
-4300.09
-4302.67
-4305.24
-4307.82
-4310.4
-4312.98
-4315.56
-4318.14
-4320.72
-4323.3
-4325.88
-4328.47
-4331.05
-4333.63
-4336.21
-4338.79
-4341.37
-4343.95
-4346.53
-4349.11
-4351.69
-4354.27
-4356.86
-4359.44
-4362.02
-4364.6
-4367.18
-4369.76
-4372.35
-4374.93
-4377.51
-4380.09
-4382.68
-4385.26
-4387.84
-4390.42
-4393.01
-4395.59
-4398.17
-4400.75
-4403.34
-4405.92
-4408.5
-4411.09
-4413.67
-4416.25
-4418.84
-4421.42
-4424
-4426.59
-4429.17
-4431.76
-4434.34
-4436.92
-4439.51
-4442.09
-4444.68
-4447.26
-4449.85
-4452.43
-4455.02
-4457.6
-4460.19
-4462.77
-4465.36
-4467.94
-4470.53
-4473.11
-4475.7
-4478.28
-4480.87
-4483.46
-4486.04
-4488.63
-4491.21
-4493.8
-4496.39
-4498.97
-4501.56
-4504.15
-4506.73
-4509.32
-4511.91
-4514.49
-4517.08
-4519.67
-4522.25
-4524.84
-4527.43
-4530.02
-4532.6
-4535.19
-4537.78
-4540.37
-4542.95
-4545.54
-4548.13
-4550.72
-4553.31
-4555.9
-4558.48
-4561.07
-4563.66
-4566.25
-4568.84
-4571.43
-4574.02
-4576.61
-4579.19
-4581.78
-4584.37
-4586.96
-4589.55
-4592.14
-4594.73
-4597.32
-4599.91
-4602.5
-4605.09
-4607.68
-4610.27
-4612.86
-4615.45
-4618.04
-4620.63
-4623.22
-4625.81
-4628.41
-4631
-4633.59
-4636.18
-4638.77
-4641.36
-4643.95
-4646.54
-4649.14
-4651.73
-4654.32
-4656.91
-4659.5
-4662.1
-4664.69
-4667.28
-4669.87
-4672.46
-4675.06
-4677.65
-4680.24
-4682.83
-4685.43
-4688.02
-4690.61
-4693.21
-4695.8
-4698.39
-4700.99
-4703.58
-4706.17
-4708.77
-4711.36
-4713.95
-4716.55
-4719.14
-4721.74
-4724.33
-4726.92
-4729.52
-4732.11
-4734.71
-4737.3
-4739.9
-4742.49
-4745.09
-4747.68
-4750.28
-4752.87
-4755.47
-4758.06
-4760.66
-4763.25
-4765.85
-4768.45
-4771.04
-4773.64
-4776.23
-4778.83
-4781.43
-4784.02
-4786.62
-4789.21
-4791.81
-4794.41
-4797
-4799.6
-4802.2
-4804.8
-4807.39
-4809.99
-4812.59
-4815.18
-4817.78
-4820.38
-4822.98
-4825.57
-4828.17
-4830.77
-4833.37
-4835.97
-4838.56
-4841.16
-4843.76
-4846.36
-4848.96
-4851.56
-4854.15
-4856.75
-4859.35
-4861.95
-4864.55
-4867.15
-4869.75
-4872.35
-4874.95
-4877.55
-4880.15
-4882.75
-4885.35
-4887.95
-4890.55
-4893.15
-4895.75
-4898.35
-4900.95
-4903.55
-4906.15
-4908.75
-4911.35
-4913.95
-4916.55
-4919.15
-4921.75
-4924.35
-4926.95
-4929.56
-4932.16
-4934.76
-4937.36
-4939.96
-4942.56
-4945.17
-4947.77
-4950.37
-4952.97
-4955.57
-4958.18
-4960.78
-4963.38
-4965.98
-4968.59
-4971.19
-4973.79
-4976.39
-4979
-4981.6
-4984.2
-4986.81
-4989.41
-4992.01
-4994.62
-4997.22
-4999.82
-5002.43
-5005.03
-5007.64
-5010.24
-5012.84
-5015.45
-5018.05
-5020.66
-5023.26
-5025.87
-5028.47
-5031.08
-5033.68
-5036.29
-5038.89
-5041.5
-5044.1
-5046.71
-5049.31
-5051.92
-5054.52
-5057.13
-5059.73
-5062.34
-5064.95
-5067.55
-5070.16
-5072.76
-5075.37
-5077.98
-5080.58
-5083.19
-5085.8
-5088.4
-5091.01
-5093.62
-5096.23
-5098.83
-5101.44
-5104.05
-5106.65
-5109.26
-5111.87
-5114.48
-5117.08
-5119.69
-5122.3
-5124.91
-5127.52
-5130.12
-5132.73
-5135.34
-5137.95
-5140.56
-5143.17
-5145.78
-5148.38
-5150.99
-5153.6
-5156.21
-5158.82
-5161.43
-5164.04
-5166.65
-5169.26
-5171.87
-5174.48
-5177.09
-5179.7
-5182.31
-5184.92
-5187.53
-5190.14
-5192.75
-5195.36
-5197.97
-5200.58
-5203.19
-5205.8
-5208.41
-5211.02
-5213.64
-5216.25
-5218.86
-5221.47
-5224.08
-5226.69
-5229.3
-5231.92
-5234.53
-5237.14
-5239.75
-5242.36
-5244.98
-5247.59
-5250.2
-5252.81
-5255.43
-5258.04
-5260.65
-5263.26
-5265.88
-5268.49
-5271.1
-5273.72
-5276.33
-5278.94
-5281.56
-5284.17
-5286.78
-5289.4
-5292.01
-5294.62
-5297.24
-5299.85
-5302.47
-5305.08
-5307.69
-5310.31
-5312.92
-5315.54
-5318.15
-5320.77
-5323.38
-5326
-5328.61
-5331.23
-5333.84
-5336.46
-5339.07
-5341.69
-5344.31
-5346.92
-5349.54
-5352.15
-5354.77
-5357.38
-5360
-5362.62
-5365.23
-5367.85
-5370.47
-5373.08
-5375.7
-5378.32
-5380.93
-5383.55
-5386.17
-5388.78
-5391.4
-5394.02
-5396.64
-5399.25
-5401.87
-5404.49
-5407.11
-5409.72
-5412.34
-5414.96
-5417.58
-5420.2
-5422.82
-5425.43
-5428.05
-5430.67
-5433.29
-5435.91
-5438.53
-5441.15
-5443.76
-5446.38
-5449
-5451.62
-5454.24
-5456.86
-5459.48
-5462.1
-5464.72
-5467.34
-5469.96
-5472.58
-5475.2
-5477.82
-5480.44
-5483.06
-5485.68
-5488.3
-5490.92
-5493.54
-5496.16
-5498.79
-5501.41
-5504.03
-5506.65
-5509.27
-5511.89
-5514.51
-5517.13
-5519.76
-5522.38
-5525
-5527.62
-5530.24
-5532.87
-5535.49
-5538.11
-5540.73
-5543.35
-5545.98
-5548.6
-5551.22
-5553.85
-5556.47
-5559.09
-5561.71
-5564.34
-5566.96
-5569.58
-5572.21
-5574.83
-5577.46
-5580.08
-5582.7
-5585.33
-5587.95
-5590.57
-5593.2
-5595.82
-5598.45
-5601.07
-5603.7
-5606.32
-5608.95
-5611.57
-5614.2
-5616.82
-5619.45
-5622.07
-5624.7
-5627.32
-5629.95
-5632.57
-5635.2
-5637.82
-5640.45
-5643.08
-5645.7
-5648.33
-5650.95
-5653.58
-5656.21
-5658.83
-5661.46
-5664.09
-5666.71
-5669.34
-5671.97
-5674.59
-5677.22
-5679.85
-5682.47
-5685.1
-5687.73
-5690.36
-5692.98
-5695.61
-5698.24
-5700.87
-5703.5
-5706.12
-5708.75
-5711.38
-5714.01
-5716.64
-5719.27
-5721.89
-5724.52
-5727.15
-5729.78
-5732.41
-5735.04
-5737.67
-5740.3
-5742.93
-5745.56
-5748.18
-5750.81
-5753.44
-5756.07
-5758.7
-5761.33
-5763.96
-5766.59
-5769.22
-5771.85
-5774.48
-5777.12
-5779.75
-5782.38
-5785.01
-5787.64
-5790.27
-5792.9
-5795.53
-5798.16
-5800.79
-5803.42
-5806.06
-5808.69
-5811.32
-5813.95
-5816.58
-5819.22
-5821.85
-5824.48
-5827.11
-5829.74
-5832.38
-5835.01
-5837.64
-5840.27
-5842.91
-5845.54
-5848.17
-5850.81
-5853.44
-5856.07
-5858.71
-5861.34
-5863.97
-5866.61
-5869.24
-5871.87
-5874.51
-5877.14
-5879.77
-5882.41
-5885.04
-5887.68
-5890.31
-5892.95
-5895.58
-5898.22
-5900.85
-5903.49
-5906.12
-5908.75
-5911.39
-5914.03
-5916.66
-5919.3
-5921.93
-5924.57
-5927.2
-5929.84
-5932.47
-5935.11
-5937.75
-5940.38
-5943.02
-5945.65
-5948.29
-5950.93
-5953.56
-5956.2
-5958.84
-5961.47
-5964.11
-5966.75
-5969.39
-5972.02
-5974.66
-5977.3
-5979.93
-5982.57
-5985.21
-5987.85
-5990.49
-5993.12
-5995.76
-5998.4
-6001.04
-6003.68
-6006.31
-6008.95
-6011.59
-6014.23
-6016.87
-6019.51
-6022.15
-6024.79
-6027.42
-6030.06
-6032.7
-6035.34
-6037.98
-6040.62
-6043.26
-6045.9
-6048.54
-6051.18
-6053.82
-6056.46
-6059.1
-6061.74
-6064.38
-6067.02
-6069.66
-6072.3
-6074.94
-6077.58
-6080.23
-6082.87
-6085.51
-6088.15
-6090.79
-6093.43
-6096.07
-6098.71
-6101.36
-6104
-6106.64
-6109.28
-6111.92
-6114.57
-6117.21
-6119.85
-6122.49
-6125.13
-6127.78
-6130.42
-6133.06
-6135.7
-6138.35
-6140.99
-6143.63
-6146.28
-6148.92
-6151.56
-6154.21
-6156.85
-6159.49
-6162.14
-6164.78
-6167.43
-6170.07
-6172.71
-6175.36
-6178
-6180.65
-6183.29
-6185.94
-6188.58
-6191.22
-6193.87
-6196.51
-6199.16
-6201.8
-6204.45
-6207.09
-6209.74
-6212.39
-6215.03
-6217.68
-6220.32
-6222.97
-6225.61
-6228.26
-6230.91
-6233.55
-6236.2
-6238.85
-6241.49
-6244.14
-6246.78
-6249.43
-6252.08
-6254.73
-6257.37
-6260.02
-6262.67
-6265.31
-6267.96
-6270.61
-6273.26
-6275.9
-6278.55
-6281.2
-6283.85
-6286.49
-6289.14
-6291.79
-6294.44
-6297.09
-6299.74
-6302.38
-6305.03
-6307.68
-6310.33
-6312.98
-6315.63
-6318.28
-6320.93
-6323.58
-6326.23
-6328.87
-6331.52
-6334.17
-6336.82
-6339.47
-6342.12
-6344.77
-6347.42
-6350.07
-6352.72
-6355.37
-6358.02
-6360.68
-6363.33
-6365.98
-6368.63
-6371.28
-6373.93
-6376.58
-6379.23
-6381.88
-6384.53
-6387.19
-6389.84
-6392.49
-6395.14
-6397.79
-6400.44
-6403.1
-6405.75
-6408.4
-6411.05
-6413.7
-6416.36
-6419.01
-6421.66
-6424.31
-6426.97
-6429.62
-6432.27
-6434.93
-6437.58
-6440.23
-6442.89
-6445.54
-6448.19
-6450.85
-6453.5
-6456.15
-6458.81
-6461.46
-6464.12
-6466.77
-6469.42
-6472.08
-6474.73
-6477.39
-6480.04
-6482.7
-6485.35
-6488.01
-6490.66
-6493.32
-6495.97
-6498.63
-6501.28
-6503.94
-6506.59
-6509.25
-6511.91
-6514.56
-6517.22
-6519.87
-6522.53
-6525.18
-6527.84
-6530.5
-6533.15
-6535.81
-6538.47
-6541.12
-6543.78
-6546.44
-6549.09
-6551.75
-6554.41
-6557.07
-6559.72
-6562.38
-6565.04
-6567.7
-6570.35
-6573.01
-6575.67
-6578.33
-6580.99
-6583.64
-6586.3
-6588.96
-6591.62
-6594.28
-6596.94
-6599.59
-6602.25
-6604.91
-6607.57
-6610.23
-6612.89
-6615.55
-6618.21
-6620.87
-6623.53
-6626.19
-6628.85
-6631.51
-6634.17
-6636.83
-6639.49
-6642.15
-6644.81
-6647.47
-6650.13
-6652.79
-6655.45
-6658.11
-6660.77
-6663.43
-6666.09
-6668.75
-6671.41
-6674.08
-6676.74
-6679.4
-6682.06
-6684.72
-6687.38
-6690.05
-6692.71
-6695.37
-6698.03
-6700.69
-6703.36
-6706.02
-6708.68
-6711.34
-6714.01
-6716.67
-6719.33
-6721.99
-6724.66
-6727.32
-6729.98
-6732.65
-6735.31
-6737.97
-6740.64
-6743.3
-6745.96
-6748.63
-6751.29
-6753.96
-6756.62
-6759.28
-6761.95
-6764.61
-6767.28
-6769.94
-6772.61
-6775.27
-6777.94
-6780.6
-6783.27
-6785.93
-6788.6
-6791.26
-6793.93
-6796.59
-6799.26
-6801.92
-6804.59
-6807.26
-6809.92
-6812.59
-6815.25
-6817.92
-6820.59
-6823.25
-6825.92
-6828.59
-6831.25
-6833.92
-6836.59
-6839.25
-6841.92
-6844.59
-6847.25
-6849.92
-6852.59
-6855.26
-6857.92
-6860.59
-6863.26
-6865.93
-6868.59
-6871.26
-6873.93
-6876.6
-6879.27
-6881.94
-6884.6
-6887.27
-6889.94
-6892.61
-6895.28
-6897.95
-6900.62
-6903.29
-6905.96
-6908.62
-6911.29
-6913.96
-6916.63
-6919.3
-6921.97
-6924.64
-6927.31
-6929.98
-6932.65
-6935.32
-6937.99
-6940.66
-6943.33
-6946
-6948.68
-6951.35
-6954.02
-6956.69
-6959.36
-6962.03
-6964.7
-6967.37
-6970.04
-6972.72
-6975.39
-6978.06
-6980.73
-6983.4
-6986.07
-6988.75
-6991.42
-6994.09
-6996.76
-6999.44
-7002.11
-7004.78
-7007.45
-7010.13
-7012.8
-7015.47
-7018.15
-7020.82
-7023.49
-7026.17
-7028.84
-7031.51
-7034.19
-7036.86
-7039.53
-7042.21
-7044.88
-7047.56
-7050.23
-7052.9
-7055.58
-7058.25
-7060.93
-7063.6
-7066.28
-7068.95
-7071.63
-7074.3
-7076.98
-7079.65
-7082.33
-7085
-7087.68
-7090.35
-7093.03
-7095.7
-7098.38
-7101.06
-7103.73
-7106.41
-7109.08
-7111.76
-7114.44
-7117.11
-7119.79
-7122.47
-7125.14
-7127.82
-7130.5
-7133.17
-7135.85
-7138.53
-7141.21
-7143.88
-7146.56
-7149.24
-7151.92
-7154.59
-7157.27
-7159.95
-7162.63
-7165.31
-7167.98
-7170.66
-7173.34
-7176.02
-7178.7
-7181.38
-7184.06
-7186.73
-7189.41
-7192.09
-7194.77
-7197.45
-7200.13
-7202.81
-7205.49
-7208.17
-7210.85
-7213.53
-7216.21
-7218.89
-7221.57
-7224.25
-7226.93
-7229.61
-7232.29
-7234.97
-7237.65
-7240.33
-7243.01
-7245.69
-7248.37
-7251.05
-7253.74
-7256.42
-7259.1
-7261.78
-7264.46
-7267.14
-7269.82
-7272.51
-7275.19
-7277.87
-7280.55
-7283.23
-7285.92
-7288.6
-7291.28
-7293.96
-7296.65
-7299.33
-7302.01
-7304.7
-7307.38
-7310.06
-7312.74
-7315.43
-7318.11
-7320.79
-7323.48
-7326.16
-7328.85
-7331.53
-7334.21
-7336.9
-7339.58
-7342.27
-7344.95
-7347.63
-7350.32
-7353
-7355.69
-7358.37
-7361.06
-7363.74
-7366.43
-7369.11
-7371.8
-7374.48
-7377.17
-7379.85
-7382.54
-7385.23
-7387.91
-7390.6
-7393.28
-7395.97
-7398.66
-7401.34
-7404.03
-7406.71
-7409.4
-7412.09
-7414.77
-7417.46
-7420.15
-7422.84
-7425.52
-7428.21
-7430.9
-7433.58
-7436.27
-7438.96
-7441.65
-7444.33
-7447.02
-7449.71
-7452.4
-7455.09
-7457.77
-7460.46
-7463.15
-7465.84
-7468.53
-7471.22
-7473.91
-7476.59
-7479.28
-7481.97
-7484.66
-7487.35
-7490.04
-7492.73
-7495.42
-7498.11
-7500.8
-7503.49
-7506.18
-7508.87
-7511.56
-7514.25
-7516.94
-7519.63
-7522.32
-7525.01
-7527.7
-7530.39
-7533.08
-7535.77
-7538.46
-7541.15
-7543.84
-7546.54
-7549.23
-7551.92
-7554.61
-7557.3
-7559.99
-7562.69
-7565.38
-7568.07
-7570.76
-7573.45
-7576.15
-7578.84
-7581.53
-7584.22
-7586.92
-7589.61
-7592.3
-7594.99
-7597.69
-7600.38
-7603.07
-7605.77
-7608.46
-7611.15
-7613.85
-7616.54
-7619.23
-7621.93
-7624.62
-7627.32
-7630.01
-7632.7
-7635.4
-7638.09
-7640.79
-7643.48
-7646.18
-7648.87
-7651.57
-7654.26
-7656.96
-7659.65
-7662.35
-7665.04
-7667.74
-7670.43
-7673.13
-7675.82
-7678.52
-7681.22
-7683.91
-7686.61
-7689.3
-7692
-7694.7
-7697.39
-7700.09
-7702.79
-7705.48
-7708.18
-7710.88
-7713.57
-7716.27
-7718.97
-7721.67
-7724.36
-7727.06
-7729.76
-7732.46
-7735.15
-7737.85
-7740.55
-7743.25
-7745.95
-7748.64
-7751.34
-7754.04
-7756.74
-7759.44
-7762.14
-7764.83
-7767.53
-7770.23
-7772.93
-7775.63
-7778.33
-7781.03
-7783.73
-7786.43
-7789.13
-7791.83
-7794.53
-7797.23
-7799.93
-7802.63
-7805.33
-7808.03
-7810.73
-7813.43
-7816.13
-7818.83
-7821.53
-7824.23
-7826.93
-7829.63
-7832.33
-7835.04
-7837.74
-7840.44
-7843.14
-7845.84
-7848.54
-7851.24
-7853.95
-7856.65
-7859.35
-7862.05
-7864.75
-7867.46
-7870.16
-7872.86
-7875.56
-7878.27
-7880.97
-7883.67
-7886.38
-7889.08
-7891.78
-7894.49
-7897.19
-7899.89
-7902.6
-7905.3
-7908
-7910.71
-7913.41
-7916.11
-7918.82
-7921.52
-7924.23
-7926.93
-7929.64
-7932.34
-7935.04
-7937.75
-7940.45
-7943.16
-7945.86
-7948.57
-7951.27
-7953.98
-7956.69
-7959.39
-7962.1
-7964.8
-7967.51
-7970.21
-7972.92
-7975.63
-7978.33
-7981.04
-7983.74
-7986.45
-7989.16
-7991.86
-7994.57
-7997.28
-7999.98
-8002.69
-8005.4
-8008.11
-8010.81
-8013.52
-8016.23
-8018.94
-8021.64
-8024.35
-8027.06
-8029.77
-8032.47
-8035.18
-8037.89
-8040.6
-8043.31
-8046.02
-8048.72
-8051.43
-8054.14
-8056.85
-8059.56
-8062.27
-8064.98
-8067.69
-8070.4
-8073.11
-8075.82
-8078.53
-8081.23
-8083.94
-8086.65
-8089.36
-8092.07
-8094.78
-8097.5
-8100.21
-8102.92
-8105.63
-8108.34
-8111.05
-8113.76
-8116.47
-8119.18
-8121.89
-8124.6
-8127.31
-8130.03
-8132.74
-8135.45
-8138.16
-8140.87
-8143.58
-8146.3
-8149.01
-8151.72
-8154.43
-8157.15
-8159.86
-8162.57
-8165.28
-8168
-8170.71
-8173.42
-8176.13
-8178.85
-8181.56
-8184.27
-8186.99
-8189.7
-8192.41
-8195.13
-8197.84
-8200.56
-8203.27
-8205.98
-8208.7
-8211.41
-8214.13
-8216.84
-8219.55
-8222.27
-8224.98
-8227.7
-8230.41
-8233.13
-8235.84
-8238.56
-8241.27
-8243.99
-8246.71
-8249.42
-8252.14
-8254.85
-8257.57
-8260.28
-8263
-8265.72
-8268.43
-8271.15
-8273.86
-8276.58
-8279.3
-8282.01
-8284.73
-8287.45
-8290.17
-8292.88
-8295.6
-8298.32
-8301.03
-8303.75
-8306.47
-8309.19
-8311.9
-8314.62
-8317.34
-8320.06
-8322.78
-8325.49
-8328.21
-8330.93
-8333.65
-8336.37
-8339.09
-8341.81
-8344.52
-8347.24
-8349.96
-8352.68
-8355.4
-8358.12
-8360.84
-8363.56
-8366.28
-8369
-8371.72
-8374.44
-8377.16
-8379.88
-8382.6
-8385.32
-8388.04
-8390.76
-8393.48
-8396.2
-8398.92
-8401.64
-8404.36
-8407.08
-8409.81
-8412.53
-8415.25
-8417.97
-8420.69
-8423.41
-8426.13
-8428.86
-8431.58
-8434.3
-8437.02
-8439.74
-8442.47
-8445.19
-8447.91
-8450.63
-8453.36
-8456.08
-8458.8
-8461.52
-8464.25
-8466.97
-8469.69
-8472.42
-8475.14
-8477.86
-8480.59
-8483.31
-8486.04
-8488.76
-8491.48
-8494.21
-8496.93
-8499.66
-8502.38
-8505.1
-8507.83
-8510.55
-8513.28
-8516
-8518.73
-8521.45
-8524.18
-8526.9
-8529.63
-8532.35
-8535.08
-8537.81
-8540.53
-8543.26
-8545.98
-8548.71
-8551.44
-8554.16
-8556.89
-8559.61
-8562.34
-8565.07
-8567.79
-8570.52
-8573.25
-8575.97
-8578.7
-8581.43
-8584.16
-8586.88
-8589.61
-8592.34
-8595.07
-8597.79
-8600.52
-8603.25
-8605.98
-8608.7
-8611.43
-8614.16
-8616.89
-8619.62
-8622.35
-8625.08
-8627.8
-8630.53
-8633.26
-8635.99
-8638.72
-8641.45
-8644.18
-8646.91
-8649.64
-8652.37
-8655.1
-8657.83
-8660.56
-8663.29
-8666.02
-8668.75
-8671.48
-8674.21
-8676.94
-8679.67
-8682.4
-8685.13
-8687.86
-8690.59
-8693.32
-8696.05
-8698.79
-8701.52
-8704.25
-8706.98
-8709.71
-8712.44
-8715.17
-8717.91
-8720.64
-8723.37
-8726.1
-8728.83
-8731.57
-8734.3
-8737.03
-8739.77
-8742.5
-8745.23
-8747.96
-8750.7
-8753.43
-8756.16
-8758.9
-8761.63
-8764.36
-8767.1
-8769.83
-8772.56
-8775.3
-8778.03
-8780.77
-8783.5
-8786.24
-8788.97
-8791.7
-8794.44
-8797.17
-8799.91
-8802.64
-8805.38
-8808.11
-8810.85
-8813.58
-8816.32
-8819.05
-8821.79
-8824.53
-8827.26
-8830
-8832.73
-8835.47
-8838.21
-8840.94
-8843.68
-8846.41
-8849.15
-8851.89
-8854.62
-8857.36
-8860.1
-8862.83
-8865.57
-8868.31
-8871.05
-8873.78
-8876.52
-8879.26
-8882
-8884.73
-8887.47
-8890.21
-8892.95
-8895.69
-8898.42
-8901.16
-8903.9
-8906.64
-8909.38
-8912.12
-8914.86
-8917.6
-8920.33
-8923.07
-8925.81
-8928.55
-8931.29
-8934.03
-8936.77
-8939.51
-8942.25
-8944.99
-8947.73
-8950.47
-8953.21
-8955.95
-8958.69
-8961.43
-8964.17
-8966.91
-8969.65
-8972.39
-8975.14
-8977.88
-8980.62
-8983.36
-8986.1
-8988.84
-8991.58
-8994.32
-8997.07
-8999.81
-9002.55
-9005.29
-9008.03
-9010.78
-9013.52
-9016.26
-9019
-9021.75
-9024.49
-9027.23
-9029.97
-9032.72
-9035.46
-9038.2
-9040.95
-9043.69
-9046.43
-9049.18
-9051.92
-9054.67
-9057.41
-9060.15
-9062.9
-9065.64
-9068.39
-9071.13
-9073.87
-9076.62
-9079.36
-9082.11
-9084.85
-9087.6
-9090.34
-9093.09
-9095.83
-9098.58
-9101.32
-9104.07
-9106.82
-9109.56
-9112.31
-9115.05
-9117.8
-9120.55
-9123.29
-9126.04
-9128.78
-9131.53
-9134.28
-9137.02
-9139.77
-9142.52
-9145.26
-9148.01
-9150.76
-9153.51
-9156.25
-9159
-9161.75
-9164.5
-9167.24
-9169.99
-9172.74
-9175.49
-9178.24
-9180.98
-9183.73
-9186.48
-9189.23
-9191.98
-9194.73
-9197.48
-9200.22
-9202.97
-9205.72
-9208.47
-9211.22
-9213.97
-9216.72
-9219.47
-9222.22
-9224.97
-9227.72
-9230.47
-9233.22
-9235.97
-9238.72
-9241.47
-9244.22
-9246.97
-9249.72
-9252.47
-9255.22
-9257.98
-9260.73
-9263.48
-9266.23
-9268.98
-9271.73
-9274.48
-9277.23
-9279.99
-9282.74
-9285.49
-9288.24
-9290.99
-9293.75
-9296.5
-9299.25
-9302
-9304.76
-9307.51
-9310.26
-9313.02
-9315.77
-9318.52
-9321.28
-9324.03
-9326.78
-9329.54
-9332.29
-9335.04
-9337.8
-9340.55
-9343.3
-9346.06
-9348.81
-9351.57
-9354.32
-9357.08
-9359.83
-9362.59
-9365.34
-9368.1
-9370.85
-9373.61
-9376.36
-9379.12
-9381.87
-9384.63
-9387.38
-9390.14
-9392.89
-9395.65
-9398.41
-9401.16
-9403.92
-9406.67
-9409.43
-9412.19
-9414.94
-9417.7
-9420.46
-9423.21
-9425.97
-9428.73
-9431.49
-9434.24
-9437
-9439.76
-9442.52
-9445.27
-9448.03
-9450.79
-9453.55
-9456.31
-9459.06
-9461.82
-9464.58
-9467.34
-9470.1
-9472.86
-9475.61
-9478.37
-9481.13
-9483.89
-9486.65
-9489.41
-9492.17
-9494.93
-9497.69
-9500.45
-9503.21
-9505.97
-9508.73
-9511.49
-9514.25
-9517.01
-9519.77
-9522.53
-9525.29
-9528.05
-9530.81
-9533.57
-9536.33
-9539.09
-9541.85
-9544.62
-9547.38
-9550.14
-9552.9
-9555.66
-9558.42
-9561.19
-9563.95
-9566.71
-9569.47
-9572.23
-9575
-9577.76
-9580.52
-9583.28
-9586.05
-9588.81
-9591.57
-9594.34
-9597.1
-9599.86
-9602.63
-9605.39
-9608.15
-9610.92
-9613.68
-9616.44
-9619.21
-9621.97
-9624.74
-9627.5
-9630.26
-9633.03
-9635.79
-9638.56
-9641.32
-9644.09
-9646.85
-9649.62
-9652.38
-9655.15
-9657.91
-9660.68
-9663.44
-9666.21
-9668.98
-9671.74
-9674.51
-9677.27
-9680.04
-9682.81
-9685.57
-9688.34
-9691.11
-9693.87
-9696.64
-9699.41
-9702.17
-9704.94
-9707.71
-9710.47
-9713.24
-9716.01
-9718.78
-9721.54
-9724.31
-9727.08
-9729.85
-9732.62
-9735.38
-9738.15
-9740.92
-9743.69
-9746.46
-9749.23
-9751.99
-9754.76
-9757.53
-9760.3
-9763.07
-9765.84
-9768.61
-9771.38
-9774.15
-9776.92
-9779.69
-9782.46
-9785.23
-9788
-9790.77
-9793.54
-9796.31
-9799.08
-9801.85
-9804.62
-9807.39
-9810.16
-9812.93
-9815.7
-9818.47
-9821.25
-9824.02
-9826.79
-9829.56
-9832.33
-9835.1
-9837.88
-9840.65
-9843.42
-9846.19
-9848.96
-9851.74
-9854.51
-9857.28
-9860.05
-9862.83
-9865.6
-9868.37
-9871.15
-9873.92
-9876.69
-9879.47
-9882.24
-9885.01
-9887.79
-9890.56
-9893.33
-9896.11
-9898.88
-9901.66
-9904.43
-9907.21
-9909.98
-9912.75
-9915.53
-9918.3
-9921.08
-9923.85
-9926.63
-9929.4
-9932.18
-9934.95
-9937.73
-9940.51
-9943.28
-9946.06
-9948.83
-9951.61
-9954.39
-9957.16
-9959.94
-9962.71
-9965.49
-9968.27
-9971.04
-9973.82
-9976.6
-9979.38
-9982.15
-9984.93
-9987.71
-9990.48
-9993.26
-9996.04
-9998.82
-10001.6
-10004.4
-10007.2
-10009.9
-10012.7
-10015.5
-10018.3
-10021
-10023.8
-10026.6
-10029.4
-10032.2
-10034.9
-10037.7
-10040.5
-10043.3
-10046.1
-10048.8
-10051.6
-10054.4
-10057.2
-10060
-10062.7
-10065.5
-10068.3
-10071.1
-10073.9
-10076.6
-10079.4
-10082.2
-10085
-10087.8
-10090.5
-10093.3
-10096.1
-10098.9
-10101.7
-10104.4
-10107.2
-10110
-10112.8
-10115.6
-10118.4
-10121.1
-10123.9
-10126.7
-10129.5
-10132.3
-10135.1
-10137.8
-10140.6
-10143.4
-10146.2
-10149
-10151.8
-10154.5
-10157.3
-10160.1
-10162.9
-10165.7
-10168.5
-10171.2
-10174
-10176.8
-10179.6
-10182.4
-10185.2
-10187.9
-10190.7
-10193.5
-10196.3
-10199.1
-10201.9
-10204.7
-10207.4
-10210.2
-10213
-10215.8
-10218.6
-10221.4
-10224.2
-10226.9
-10229.7
-10232.5
-10235.3
-10238.1
-10240.9
-10243.7
-10246.4
-10249.2
-10252
-10254.8
-10257.6
-10260.4
-10263.2
-10266
-10268.7
-10271.5
-10274.3
-10277.1
-10279.9
-10282.7
-10285.5
-10288.3
-10291.1
-10293.8
-10296.6
-10299.4
-10302.2
-10305
-10307.8
-10310.6
-10313.4
-10316.2
-10318.9
-10321.7
-10324.5
-10327.3
-10330.1
-10332.9
-10335.7
-10338.5
-10341.3
-10344.1
-10346.8
-10349.6
-10352.4
-10355.2
-10358
-10360.8
-10363.6
-10366.4
-10369.2
-10372
-10374.8
-10377.5
-10380.3
-10383.1
-10385.9
-10388.7
-10391.5
-10394.3
-10397.1
-10399.9
-10402.7
-10405.5
-10408.3
-10411.1
-10413.8
-10416.6
-10419.4
-10422.2
-10425
-10427.8
-10430.6
-10433.4
-10436.2
-10439
-10441.8
-10444.6
-10447.4
-10450.2
-10453
-10455.8
-10458.6
-10461.3
-10464.1
-10466.9
-10469.7
-10472.5
-10475.3
-10478.1
-10480.9
-10483.7
-10486.5
-10489.3
-10492.1
-10494.9
-10497.7
-10500.5
-10503.3
-10506.1
-10508.9
-10511.7
-10514.5
-10517.3
-10520.1
-10522.9
-10525.7
-10528.5
-10531.3
-10534.1
-10536.9
-10539.6
-10542.4
-10545.2
-10548
-10550.8
-10553.6
-10556.4
-10559.2
-10562
-10564.8
-10567.6
-10570.4
-10573.2
-10576
-10578.8
-10581.6
-10584.4
-10587.2
-10590
-10592.8
-10595.6
-10598.4
-10601.2
-10604
-10606.8
-10609.6
-10612.4
-10615.2
-10618
-10620.8
-10623.6
-10626.4
-10629.2
-10632
-10634.8
-10637.6
-10640.4
-10643.2
-10646
-10648.8
-10651.6
-10654.5
-10657.3
-10660.1
-10662.9
-10665.7
-10668.5
-10671.3
-10674.1
-10676.9
-10679.7
-10682.5
-10685.3
-10688.1
-10690.9
-10693.7
-10696.5
-10699.3
-10702.1
-10704.9
-10707.7
-10710.5
-10713.3
-10716.1
-10718.9
-10721.7
-10724.5
-10727.3
-10730.2
-10733
-10735.8
-10738.6
-10741.4
-10744.2
-10747
-10749.8
-10752.6
-10755.4
-10758.2
-10761
-10763.8
-10766.6
-10769.4
-10772.2
-10775
-10777.9
-10780.7
-10783.5
-10786.3
-10789.1
-10791.9
-10794.7
-10797.5
-10800.3
-10803.1
-10805.9
-10808.7
-10811.5
-10814.4
-10817.2
-10820
-10822.8
-10825.6
-10828.4
-10831.2
-10834
-10836.8
-10839.6
-10842.4
-10845.3
-10848.1
-10850.9
-10853.7
-10856.5
-10859.3
-10862.1
-10864.9
-10867.7
-10870.5
-10873.4
-10876.2
-10879
-10881.8
-10884.6
-10887.4
-10890.2
-10893
-10895.8
-10898.7
-10901.5
-10904.3
-10907.1
-10909.9
-10912.7
-10915.5
-10918.3
-10921.1
-10924
-10926.8
-10929.6
-10932.4
-10935.2
-10938
-10940.8
-10943.7
-10946.5
-10949.3
-10952.1
-10954.9
-10957.7
-10960.5
-10963.3
-10966.2
-10969
-10971.8
-10974.6
-10977.4
-10980.2
-10983
-10985.9
-10988.7
-10991.5
-10994.3
-10997.1
-10999.9
-11002.8
-11005.6
-11008.4
-11011.2
-11014
-11016.8
-11019.6
-11022.5
-11025.3
-11028.1
-11030.9
-11033.7
-11036.5
-11039.4
-11042.2
-11045
-11047.8
-11050.6
-11053.5
-11056.3
-11059.1
-11061.9
-11064.7
-11067.5
-11070.4
-11073.2
-11076
-11078.8
-11081.6
-11084.5
-11087.3
-11090.1
-11092.9
-11095.7
-11098.5
-11101.4
-11104.2
-11107
-11109.8
-11112.6
-11115.5
-11118.3
-11121.1
-11123.9
-11126.7
-11129.6
-11132.4
-11135.2
-11138
-11140.9
-11143.7
-11146.5
-11149.3
-11152.1
-11155
-11157.8
-11160.6
-11163.4
-11166.2
-11169.1
-11171.9
-11174.7
-11177.5
-11180.4
-11183.2
-11186
-11188.8
-11191.6
-11194.5
-11197.3
-11200.1
-11202.9
-11205.8
-11208.6
-11211.4
-11214.2
-11217.1
-11219.9
-11222.7
-11225.5
-11228.4
-11231.2
-11234
-11236.8
-11239.7
-11242.5
-11245.3
-11248.1
-11251
-11253.8
-11256.6
-11259.4
-11262.3
-11265.1
-11267.9
-11270.7
-11273.6
-11276.4
-11279.2
-11282
-11284.9
-11287.7
-11290.5
-11293.3
-11296.2
-11299
-11301.8
-11304.7
-11307.5
-11310.3
-11313.1
-11316
-11318.8
-11321.6
-11324.5
-11327.3
-11330.1
-11332.9
-11335.8
-11338.6
-11341.4
-11344.3
-11347.1
-11349.9
-11352.7
-11355.6
-11358.4
-11361.2
-11364.1
-11366.9
-11369.7
-11372.5
-11375.4
-11378.2
-11381
-11383.9
-11386.7
-11389.5
-11392.4
-11395.2
-11398
-11400.9
-11403.7
-11406.5
-11409.3
-11412.2
-11415
-11417.8
-11420.7
-11423.5
-11426.3
-11429.2
-11432
-11434.8
-11437.7
-11440.5
-11443.3
-11446.2
-11449
-11451.8
-11454.7
-11457.5
-11460.3
-11463.2
-11466
-11468.8
-11471.7
-11474.5
-11477.3
-11480.2
-11483
-11485.8
-11488.7
-11491.5
-11494.3
-11497.2
-11500
-11502.9
-11505.7
-11508.5
-11511.4
-11514.2
-11517
-11519.9
-11522.7
-11525.5
-11528.4
-11531.2
-11534
-11536.9
-11539.7
-11542.6
-11545.4
-11548.2
-11551.1
-11553.9
-11556.7
-11559.6
-11562.4
-11565.3
-11568.1
-11570.9
-11573.8
-11576.6
-11579.5
-11582.3
-11585.1
-11588
-11590.8
-11593.6
-11596.5
-11599.3
-11602.2
-11605
-11607.8
-11610.7
-11613.5
-11616.4
-11619.2
-11622
-11624.9
-11627.7
-11630.6
-11633.4
-11636.2
-11639.1
-11641.9
-11644.8
-11647.6
-11650.4
-11653.3
-11656.1
-11659
-11661.8
-11664.7
-11667.5
-11670.3
-11673.2
-11676
-11678.9
-11681.7
-11684.6
-11687.4
-11690.2
-11693.1
-11695.9
-11698.8
-11701.6
-11704.5
-11707.3
-11710.1
-11713
-11715.8
-11718.7
-11721.5
-11724.4
-11727.2
-11730.1
-11732.9
-11735.7
-11738.6
-11741.4
-11744.3
-11747.1
-11750
-11752.8
-11755.7
-11758.5
-11761.4
-11764.2
-11767
-11769.9
-11772.7
-11775.6
-11778.4
-11781.3
-11784.1
-11787
-11789.8
-11792.7
-11795.5
-11798.4
-11801.2
-11804.1
-11806.9
-11809.7
-11812.6
-11815.4
-11818.3
-11821.1
-11824
-11826.8
-11829.7
-11832.5
-11835.4
-11838.2
-11841.1
-11843.9
-11846.8
-11849.6
-11852.5
-11855.3
-11858.2
-11861
-11863.9
-11866.7
-11869.6
-11872.4
-11875.3
-11878.1
-11881
-11883.8
-11886.7
-11889.5
-11892.4
-11895.2
-11898.1
-11900.9
-11903.8
-11906.6
-11909.5
-11912.4
-11915.2
-11918.1
-11920.9
-11923.8
-11926.6
-11929.5
-11932.3
-11935.2
-11938
-11940.9
-11943.7
-11946.6
-11949.4
-11952.3
-11955.1
-11958
-11960.9
-11963.7
-11966.6
-11969.4
-11972.3
-11975.1
-11978
-11980.8
-11983.7
-11986.5
-11989.4
-11992.3
-11995.1
-11998
-12000.8
-12003.7
-12006.5
-12009.4
-12012.3
-12015.1
-12018
-12020.8
-12023.7
-12026.5
-12029.4
-12032.2
-12035.1
-12038
-12040.8
-12043.7
-12046.5
-12049.4
-12052.3
-12055.1
-12058
-12060.8
-12063.7
-12066.5
-12069.4
-12072.3
-12075.1
-12078
-12080.8
-12083.7
-12086.6
-12089.4
-12092.3
-12095.1
-12098
-12100.9
-12103.7
-12106.6
-12109.4
-12112.3
-12115.2
-12118
-12120.9
-12123.7
-12126.6
-12129.5
-12132.3
-12135.2
-12138.1
-12140.9
-12143.8
-12146.6
-12149.5
-12152.4
-12155.2
-12158.1
-12160.9
-12163.8
-12166.7
-12169.5
-12172.4
-12175.3
-12178.1
-12181
-12183.9
-12186.7
-12189.6
-12192.4
-12195.3
-12198.2
-12201
-12203.9
-12206.8
-12209.6
-12212.5
-12215.4
-12218.2
-12221.1
-12224
-12226.8
-12229.7
-12232.6
-12235.4
-12238.3
-12241.2
-12244
-12246.9
-12249.8
-12252.6
-12255.5
-12258.4
-12261.2
-12264.1
-12267
-12269.8
-12272.7
-12275.6
-12278.4
-12281.3
-12284.2
-12287
-12289.9
-12292.8
-12295.6
-12298.5
-12301.4
-12304.2
-12307.1
-12310
-12312.8
-12315.7
-12318.6
-12321.5
-12324.3
-12327.2
-12330.1
-12332.9
-12335.8
-12338.7
-12341.5
-12344.4
-12347.3
-12350.2
-12353
-12355.9
-12358.8
-12361.6
-12364.5
-12367.4
-12370.3
-12373.1
-12376
-12378.9
-12381.7
-12384.6
-12387.5
-12390.4
-12393.2
-12396.1
-12399
-12401.9
-12404.7
-12407.6
-12410.5
-12413.4
-12416.2
-12419.1
-12422
-12424.8
-12427.7
-12430.6
-12433.5
-12436.3
-12439.2
-12442.1
-12445
-12447.8
-12450.7
-12453.6
-12456.5
-12459.3
-12462.2
-12465.1
-12468
-12470.9
-12473.7
-12476.6
-12479.5
-12482.4
-12485.2
-12488.1
-12491
-12493.9
-12496.7
-12499.6
-12502.5
-12505.4
-12508.3
-12511.1
-12514
-12516.9
-12519.8
-12522.6
-12525.5
-12528.4
-12531.3
-12534.2
-12537
-12539.9
-12542.8
-12545.7
-12548.6
-12551.4
-12554.3
-12557.2
-12560.1
-12563
-12565.8
-12568.7
-12571.6
-12574.5
-12577.4
-12580.2
-12583.1
-12586
-12588.9
-12591.8
-12594.7
-12597.5
-12600.4
-12603.3
-12606.2
-12609.1
-12611.9
-12614.8
-12617.7
-12620.6
-12623.5
-12626.4
-12629.2
-12632.1
-12635
-12637.9
-12640.8
-12643.7
-12646.5
-12649.4
-12652.3
-12655.2
-12658.1
-12661
-12663.9
-12666.7
-12669.6
-12672.5
-12675.4
-12678.3
-12681.2
-12684.1
-12686.9
-12689.8
-12692.7
-12695.6
-12698.5
-12701.4
-12704.3
-12707.1
-12710
-12712.9
-12715.8
-12718.7
-12721.6
-12724.5
-12727.4
-12730.2
-12733.1
-12736
-12738.9
-12741.8
-12744.7
-12747.6
-12750.5
-12753.4
-12756.2
-12759.1
-12762
-12764.9
-12767.8
-12770.7
-12773.6
-12776.5
-12779.4
-12782.2
-12785.1
-12788
-12790.9
-12793.8
-12796.7
-12799.6
-12802.5
-12805.4
-12808.3
-12811.2
-12814.1
-12816.9
-12819.8
-12822.7
-12825.6
-12828.5
-12831.4
-12834.3
-12837.2
-12840.1
-12843
-12845.9
-12848.8
-12851.7
-12854.6
-12857.4
-12860.3
-12863.2
-12866.1
-12869
-12871.9
-12874.8
-12877.7
-12880.6
-12883.5
-12886.4
-12889.3
-12892.2
-12895.1
-12898
-12900.9
-12903.8
-12906.7
-12909.6
-12912.5
-12915.4
-12918.2
-12921.1
-12924
-12926.9
-12929.8
-12932.7
-12935.6
-12938.5
-12941.4
-12944.3
-12947.2
-12950.1
-12953
-12955.9
-12958.8
-12961.7
-12964.6
-12967.5
-12970.4
-12973.3
-12976.2
-12979.1
-12982
-12984.9
-12987.8
-12990.7
-12993.6
-12996.5
-12999.4
-13002.3
-13005.2
-13008.1
-13011
-13013.9
-13016.8
-13019.7
-13022.6
-13025.5
-13028.4
-13031.3
-13034.2
-13037.1
-13040
-13042.9
-13045.8
-13048.7
-13051.6
-13054.6
-13057.5
-13060.4
-13063.3
-13066.2
-13069.1
-13072
-13074.9
-13077.8
-13080.7
-13083.6
-13086.5
-13089.4
-13092.3
-13095.2
-13098.1
-13101
-13103.9
-13106.8
-13109.7
-13112.6
-13115.6
-13118.5
-13121.4
-13124.3
-13127.2
-13130.1
-13133
-13135.9
-13138.8
-13141.7
-13144.6
-13147.5
-13150.4
-13153.3
-13156.3
-13159.2
-13162.1
-13165
-13167.9
-13170.8
-13173.7
-13176.6
-13179.5
-13182.4
-13185.3
-13188.3
-13191.2
-13194.1
-13197
-13199.9
-13202.8
-13205.7
-13208.6
-13211.5
-13214.4
-13217.4
-13220.3
-13223.2
-13226.1
-13229
-13231.9
-13234.8
-13237.7
-13240.7
-13243.6
-13246.5
-13249.4
-13252.3
-13255.2
-13258.1
-13261
-13264
-13266.9
-13269.8
-13272.7
-13275.6
-13278.5
-13281.4
-13284.4
-13287.3
-13290.2
-13293.1
-13296
-13298.9
-13301.8
-13304.8
-13307.7
-13310.6
-13313.5
-13316.4
-13319.3
-13322.3
-13325.2
-13328.1
-13331
-13333.9
-13336.8
-13339.8
-13342.7
-13345.6
-13348.5
-13351.4
-13354.4
-13357.3
-13360.2
-13363.1
-13366
-13368.9
-13371.9
-13374.8
-13377.7
-13380.6
-13383.5
-13386.5
-13389.4
-13392.3
-13395.2
-13398.1
-13401.1
-13404
-13406.9
-13409.8
-13412.7
-13415.7
-13418.6
-13421.5
-13424.4
-13427.4
-13430.3
-13433.2
-13436.1
-13439
-13442
-13444.9
-13447.8
-13450.7
-13453.7
-13456.6
-13459.5
-13462.4
-13465.4
-13468.3
-13471.2
-13474.1
-13477.1
-13480
-13482.9
-13485.8
-13488.8
-13491.7
-13494.6
-13497.5
-13500.5
-13503.4
-13506.3
-13509.2
-13512.2
-13515.1
-13518
-13520.9
-13523.9
-13526.8
-13529.7
-13532.6
-13535.6
-13538.5
-13541.4
-13544.4
-13547.3
-13550.2
-13553.1
-13556.1
-13559
-13561.9
-13564.9
-13567.8
-13570.7
-13573.6
-13576.6
-13579.5
-13582.4
-13585.4
-13588.3
-13591.2
-13594.2
-13597.1
-13600
-13603
-13605.9
-13608.8
-13611.7
-13614.7
-13617.6
-13620.5
-13623.5
-13626.4
-13629.3
-13632.3
-13635.2
-13638.1
-13641.1
-13644
-13646.9
-13649.9
-13652.8
-13655.7
-13658.7
-13661.6
-13664.5
-13667.5
-13670.4
-13673.4
-13676.3
-13679.2
-13682.2
-13685.1
-13688
-13691
-13693.9
-13696.8
-13699.8
-13702.7
-13705.6
-13708.6
-13711.5
-13714.5
-13717.4
-13720.3
-13723.3
-13726.2
-13729.1
-13732.1
-13735
-13738
-13740.9
-13743.8
-13746.8
-13749.7
-13752.7
-13755.6
-13758.5
-13761.5
-13764.4
-13767.4
-13770.3
-13773.2
-13776.2
-13779.1
-13782.1
-13785
-13787.9
-13790.9
-13793.8
-13796.8
-13799.7
-13802.7
-13805.6
-13808.5
-13811.5
-13814.4
-13817.4
-13820.3
-13823.3
-13826.2
-13829.1
-13832.1
-13835
-13838
-13840.9
-13843.9
-13846.8
-13849.8
-13852.7
-13855.6
-13858.6
-13861.5
-13864.5
-13867.4
-13870.4
-13873.3
-13876.3
-13879.2
-13882.2
-13885.1
-13888.1
-13891
-13894
-13896.9
-13899.8
-13902.8
-13905.7
-13908.7
-13911.6
-13914.6
-13917.5
-13920.5
-13923.4
-13926.4
-13929.3
-13932.3
-13935.2
-13938.2
-13941.1
-13944.1
-13947
-13950
-13952.9
-13955.9
-13958.8
-13961.8
-13964.7
-13967.7
-13970.6
-13973.6
-13976.6
-13979.5
-13982.5
-13985.4
-13988.4
-13991.3
-13994.3
-13997.2
-14000.2
-14003.1
-14006.1
-14009
-14012
-14015
-14017.9
-14020.9
-14023.8
-14026.8
-14029.7
-14032.7
-14035.6
-14038.6
-14041.6
-14044.5
-14047.5
-14050.4
-14053.4
-14056.3
-14059.3
-14062.3
-14065.2
-14068.2
-14071.1
-14074.1
-14077
-14080
-14083
-14085.9
-14088.9
-14091.8
-14094.8
-14097.8
-14100.7
-14103.7
-14106.6
-14109.6
-14112.6
-14115.5
-14118.5
-14121.4
-14124.4
-14127.4
-14130.3
-14133.3
-14136.3
-14139.2
-14142.2
-14145.1
-14148.1
-14151.1
-14154
-14157
-14160
-14162.9
-14165.9
-14168.9
-14171.8
-14174.8
-14177.7
-14180.7
-14183.7
-14186.6
-14189.6
-14192.6
-14195.5
-14198.5
-14201.5
-14204.4
-14207.4
-14210.4
-14213.3
-14216.3
-14219.3
-14222.2
-14225.2
-14228.2
-14231.1
-14234.1
-14237.1
-14240.1
-14243
-14246
-14249
-14251.9
-14254.9
-14257.9
-14260.8
-14263.8
-14266.8
-14269.8
-14272.7
-14275.7
-14278.7
-14281.6
-14284.6
-14287.6
-14290.6
-14293.5
-14296.5
-14299.5
-14302.4
-14305.4
-14308.4
-14311.4
-14314.3
-14317.3
-14320.3
-14323.3
-14326.2
-14329.2
-14332.2
-14335.2
-14338.1
-14341.1
-14344.1
-14347.1
-14350
-14353
-14356
-14359
-14362
-14364.9
-14367.9
-14370.9
-14373.9
-14376.8
-14379.8
-14382.8
-14385.8
-14388.8
-14391.7
-14394.7
-14397.7
-14400.7
-14403.7
-14406.6
-14409.6
-14412.6
-14415.6
-14418.6
-14421.5
-14424.5
-14427.5
-14430.5
-14433.5
-14436.4
-14439.4
-14442.4
-14445.4
-14448.4
-14451.4
-14454.3
-14457.3
-14460.3
-14463.3
-14466.3
-14469.3
-14472.3
-14475.2
-14478.2
-14481.2
-14484.2
-14487.2
-14490.2
-14493.2
-14496.1
-14499.1
-14502.1
-14505.1
-14508.1
-14511.1
-14514.1
-14517.1
-14520
-14523
-14526
-14529
-14532
-14535
-14538
-14541
-14544
-14546.9
-14549.9
-14552.9
-14555.9
-14558.9
-14561.9
-14564.9
-14567.9
-14570.9
-14573.9
-14576.9
-14579.9
-14582.9
-14585.8
-14588.8
-14591.8
-14594.8
-14597.8
-14600.8
-14603.8
-14606.8
-14609.8
-14612.8
-14615.8
-14618.8
-14621.8
-14624.8
-14627.8
-14630.8
-14633.8
-14636.8
-14639.8
-14642.8
-14645.8
-14648.8
-14651.8
-14654.8
-14657.8
-14660.8
-14663.8
-14666.8
-14669.8
-14672.8
-14675.8
-14678.8
-14681.8
-14684.8
-14687.8
-14690.8
-14693.8
-14696.8
-14699.8
-14702.8
-14705.8
-14708.8
-14711.8
-14714.8
-14717.8
-14720.8
-14723.8
-14726.8
-14729.8
-14732.8
-14735.8
-14738.8
-14741.8
-14744.8
-14747.8
-14750.8
-14753.9
-14756.9
-14759.9
-14762.9
-14765.9
-14768.9
-14771.9
-14774.9
-14777.9
-14780.9
-14783.9
-14786.9
-14790
-14793
-14796
-14799
-14802
-14805
-14808
-14811
-14814
-14817.1
-14820.1
-14823.1
-14826.1
-14829.1
-14832.1
-14835.1
-14838.2
-14841.2
-14844.2
-14847.2
-14850.2
-14853.2
-14856.2
-14859.3
-14862.3
-14865.3
-14868.3
-14871.3
-14874.3
-14877.4
-14880.4
-14883.4
-14886.4
-14889.4
-14892.4
-14895.5
-14898.5
-14901.5
-14904.5
-14907.5
-14910.6
-14913.6
-14916.6
-14919.6
-14922.7
-14925.7
-14928.7
-14931.7
-14934.7
-14937.8
-14940.8
-14943.8
-14946.8
-14949.9
-14952.9
-14955.9
-14958.9
-14962
-14965
-14968
-14971
-14974.1
-14977.1
-14980.1
-14983.1
-14986.2
-14989.2
-14992.2
-14995.3
-14998.3
-15001.3
-15004.3
-15007.4
-15010.4
-15013.4
-15016.5
-15019.5
-15022.5
-15025.6
-15028.6
-15031.6
-15034.7
-15037.7
-15040.7
-15043.8
-15046.8
-15049.8
-15052.9
-15055.9
-15058.9
-15062
-15065
-15068
-15071.1
-15074.1
-15077.1
-15080.2
-15083.2
-15086.3
-15089.3
-15092.3
-15095.4
-15098.4
-15101.5
-15104.5
-15107.5
-15110.6
-15113.6
-15116.7
-15119.7
-15122.7
-15125.8
-15128.8
-15131.9
-15134.9
-15138
-15141
-15144
-15147.1
-15150.1
-15153.2
-15156.2
-15159.3
-15162.3
-15165.4
-15168.4
-15171.4
-15174.5
-15177.5
-15180.6
-15183.6
-15186.7
-15189.7
-15192.8
-15195.8
-15198.9
-15201.9
-15205
-15208
-15211.1
-15214.1
-15217.2
-15220.2
-15223.3
-15226.4
-15229.4
-15232.5
-15235.5
-15238.6
-15241.6
-15244.7
-15247.7
-15250.8
-15253.8
-15256.9
-15260
-15263
-15266.1
-15269.1
-15272.2
-15275.2
-15278.3
-15281.4
-15284.4
-15287.5
-15290.5
-15293.6
-15296.7
-15299.7
-15302.8
-15305.9
-15308.9
-15312
-15315
-15318.1
-15321.2
-15324.2
-15327.3
-15330.4
-15333.4
-15336.5
-15339.6
-15342.6
-15345.7
-15348.8
-15351.8
-15354.9
-15358
-15361
-15364.1
-15367.2
-15370.3
-15373.3
-15376.4
-15379.5
-15382.5
-15385.6
-15388.7
-15391.8
-15394.8
-15397.9
-15401
-15404.1
-15407.1
-15410.2
-15413.3
-15416.4
-15419.4
-15422.5
-15425.6
-15428.7
-15431.8
-15434.8
-15437.9
-15441
-15444.1
-15447.2
-15450.2
-15453.3
-15456.4
-15459.5
-15462.6
-15465.6
-15468.7
-15471.8
-15474.9
-15478
-15481.1
-15484.2
-15487.2
-15490.3
-15493.4
-15496.5
-15499.6
-15502.7
-15505.8
-15508.9
-15511.9
-15515
-15518.1
-15521.2
-15524.3
-15527.4
-15530.5
-15533.6
-15536.7
-15539.8
-15542.9
-15546
-15549.1
-15552.2
-15555.3
-15558.4
-15561.5
-15564.5
-15567.6
-15570.7
-15573.8
-15576.9
-15580
-15583.1
-15586.2
-15589.3
-15592.5
-15595.6
-15598.7
-15601.8
-15604.9
-15608
-15611.1
-15614.2
-15617.3
-15620.4
-15623.5
-15626.6
-15629.7
-15632.8
-15635.9
-15639
-15642.2
-15645.3
-15648.4
-15651.5
-15654.6
-15657.7
-15660.8
-15663.9
-15667.1
-15670.2
-15673.3
-15676.4
-15679.5
-15682.6
-15685.8
-15688.9
-15692
-15695.1
-15698.2
-15701.3
-15704.5
-15707.6
-15710.7
-15713.8
-15717
-15720.1
-15723.2
-15726.3
-15729.5
-15732.6
-15735.7
-15738.8
-15742
-15745.1
-15748.2
-15751.3
-15754.5
-15757.6
-15760.7
-15763.9
-15767
-15770.1
-15773.3
-15776.4
-15779.5
-15782.7
-15785.8
-15788.9
-15792.1
-15795.2
-15798.4
-15801.5
-15804.6
-15807.8
-15810.9
-15814.1
-15817.2
-15820.3
-15823.5
-15826.6
-15829.8
-15832.9
-15836.1
-15839.2
-15842.3
-15845.5
-15848.6
-15851.8
-15854.9
-15858.1
-15861.2
-15864.4
-15867.5
-15870.7
-15873.9
-15877
-15880.2
-15883.3
-15886.5
-15889.6
-15892.8
-15895.9
-15899.1
-15902.3
-15905.4
-15908.6
-15911.7
-15914.9
-15918.1
-15921.2
-15924.4
-15927.6
-15930.7
-15933.9
-15937.1
-15940.2
-15943.4
-15946.6
-15949.7
-15952.9
-15956.1
-15959.2
-15962.4
-15965.6
-15968.8
-15971.9
-15975.1
-15978.3
-15981.5
-15984.6
-15987.8
-15991
-15994.2
-15997.4
-16000.5
-16003.7
-16006.9
-16010.1
-16013.3
-16016.5
-16019.7
-16022.8
-16026
-16029.2
-16032.4
-16035.6
-16038.8
-16042
-16045.2
-16048.4
-16051.6
-16054.8
-16058
-16061.1
-16064.3
-16067.5
-16070.7
-16073.9
-16077.1
-16080.3
-16083.5
-16086.8
-16090
-16093.2
-16096.4
-16099.6
-16102.8
-16106
-16109.2
-16112.4
-16115.6
-16118.8
-16122
-16125.3
-16128.5
-16131.7
-16134.9
-16138.1
-16141.3
-16144.6
-16147.8
-16151
-16154.2
-16157.4
-16160.7
-16163.9
-16167.1
-16170.4
-16173.6
-16176.8
-16180
-16183.3
-16186.5
-16189.7
-16193
-16196.2
-16199.4
-16202.7
-16205.9
-16209.2
-16212.4
-16215.6
-16218.9
-16222.1
-16225.4
-16228.6
-16231.8
-16235.1
-16238.3
-16241.6
-16244.8
-16248.1
-16251.3
-16254.6
-16257.9
-16261.1
-16264.4
-16267.6
-16270.9
-16274.1
-16277.4
-16280.7
-16283.9
-16287.2
-16290.5
-16293.7
-16297
-16300.3
-16303.5
-16306.8
-16310.1
-16313.3
-16316.6
-16319.9
-16323.2
-16326.5
-16329.7
-16333
-16336.3
-16339.6
-16342.9
-16346.1
-16349.4
-16352.7
-16356
-16359.3
-16362.6
-16365.9
-16369.2
-16372.5
-16375.8
-16379.1
-16382.4
-16385.7
-16389
-16392.3
-16395.6
-16398.9
-16402.2
-16405.5
-16408.8
-16412.1
-16415.4
-16418.7
-16422.1
-16425.4
-16428.7
-16432
-16435.3
-16438.7
-16442
-16445.3
-16448.6
-16452
-16455.3
-16458.6
-16462
-16465.3
-16468.6
-16472
-16475.3
-16478.6
-16482
-16485.3
-16488.7
-16492
-16495.4
-16498.7
-16502.1
-16505.4
-16508.8
-16512.1
-16515.5
-16518.8
-16522.2
-16525.6
-16528.9
-16532.3
-16535.6
-16539
-16542.4
-16545.8
-16549.1
-16552.5
-16555.9
-16559.3
-16562.6
-16566
-16569.4
-16572.8
-16576.2
-16579.6
-16583
-16586.4
-16589.8
-16593.1
-16596.5
-16599.9
-16603.3
-16606.8
-16610.2
-16613.6
-16617
-16620.4
-16623.8
-16627.2
-16630.6
-16634.1
-16637.5
-16640.9
-16644.3
-16647.7
-16651.2
-16654.6
-16658
-16661.5
-16664.9
-16668.4
-16671.8
-16675.2
-16678.7
-16682.1
-16685.6
-16689
-16692.5
-16696
-16699.4
-16702.9
-16706.3
-16709.8
-16713.3
-16716.7
-16720.2
-16723.7
-16727.2
-16730.7
-16734.1
-16737.6
-16741.1
-16744.6
-16748.1
-16751.6
-16755.1
-16758.6
-16762.1
-16765.6
-16769.1
-16772.6
-16776.1
-16779.6
-16783.2
-16786.7
-16790.2
-16793.7
-16797.3
-16800.8
-16804.3
-16807.9
-16811.4
-16815
-16818.5
-16822.1
-16825.6
-16829.2
-16832.7
-16836.3
-16839.8
-16843.4
-16847
-16850.6
-16854.1
-16857.7
-16861.3
-16864.9
-16868.5
-16872.1
-16875.7
-16879.3
-16882.9
-16886.5
-16890.1
-16893.7
-16897.3
-16900.9
-16904.6
-16908.2
-16911.8
-16915.4
-16919.1
-16922.7
-16926.4
-16930
-16933.7
-16937.3
-16941
-16944.7
-16948.3
-16952
-16955.7
-16959.4
-16963
-16966.7
-16970.4
-16974.1
-16977.8
-16981.5
-16985.3
-16989
-16992.7
-16996.4
-17000.1
-17003.9
-17007.6
-17011.4
-17015.1
-17018.9
-17022.6
-17026.4
-17030.2
-17033.9
-17037.7
-17041.5
-17045.3
-17049.1
-17052.9
-17056.7
-17060.5
-17064.3
-17068.1
-17072
-17075.8
-17079.6
-17083.5
-17087.3
-17091.2
-17095
-17098.9
-17102.8
-17106.7
-17110.6
-17114.5
-17118.4
-17122.3
-17126.2
-17130.1
-17134
-17138
-17141.9
-17145.9
-17149.8
-17153.8
-17157.8
-17161.8
-17165.8
-17169.8
-17173.8
-17177.8
-17181.8
-17185.8
-17189.9
-17193.9
-17198
-17202.1
-17206.1
-17210.2
-17214.3
-17218.4
-17222.6
-17226.7
-17230.8
-17235
-17239.1
-17243.3
-17247.5
-17251.7
-17255.9
-17260.1
-17264.3
-17268.6
-17272.8
-17277.1
-17281.4
-17285.7
-17290
-17294.3
-17298.6
-17303
-17307.4
-17311.7
-17316.1
-17320.6
-17325
-17329.4
-17333.9
-17338.4
-17342.9
-17347.4
-17351.9
-17356.5
-17361.1
-17365.7
-17370.3
-17374.9
-17379.6
-17384.3
-17389
-17393.7
-17398.5
-17403.3
-17408.1
-17413
-17417.8
-17422.7
-17427.7
-17432.6
-17437.6
-17442.7
-17447.7
-17452.8
-17458
-17463.2
-17468.4
-17473.7
-17479
-17484.4
-17489.8
-17495.3
-17500.8
-17506.4
-17512.1
-17517.8
-17523.6
-17529.4
-17535.4
-17541.4
-17547.5
-17553.7
-17560
-17566.4
-17573
-17579.6
-17586.5
-17593.4
-17600.6
-17607.9
-17615.5
-17623.3
-17631.3
-17639.7
-17648.4
-17657.6
-17667.4
-17677.8
-17689
-17701.5
-17715.8
-17733.2
-17758.9
