-6.66526
-6.86064
-7.056
-7.25132
-7.44662
-7.64188
-7.83712
-8.03232
-8.2275
-8.42265
-8.61776
-8.81285
-9.00791
-9.20294
-9.39794
-9.59291
-9.78785
-9.98276
-10.1776
-10.3725
-10.5673
-10.7621
-10.9569
-11.1516
-11.3463
-11.541
-11.7356
-11.9303
-12.1249
-12.3194
-12.5139
-12.7084
-12.9029
-13.0974
-13.2918
-13.4862
-13.6805
-13.8748
-14.0691
-14.2634
-14.4576
-14.6518
-14.846
-15.0402
-15.2343
-15.4284
-15.6224
-15.8165
-16.0105
-16.2044
-16.3984
-16.5923
-16.7862
-16.98
-17.1738
-17.3676
-17.5614
-17.7551
-17.9488
-18.1425
-18.3362
-18.5298
-18.7234
-18.9169
-19.1105
-19.304
-19.4974
-19.6909
-19.8843
-20.0777
-20.271
-20.4643
-20.6576
-20.8509
-21.0441
-21.2374
-21.4305
-21.6237
-21.8168
-22.0099
-22.2029
-22.396
-22.589
-22.7819
-22.9749
-23.1678
-23.3607
-23.5535
-23.7464
-23.9392
-24.1319
-24.3247
-24.5174
-24.71
-24.9027
-25.0953
-25.2879
-25.4805
-25.673
-25.8655
-26.058
-26.2504
-26.4428
-26.6352
-26.8276
-27.0199
-27.2122
-27.4044
-27.5967
-27.7889
-27.9811
-28.1732
-28.3653
-28.5574
-28.7495
-28.9415
-29.1335
-29.3255
-29.5174
-29.7093
-29.9012
-30.0931
-30.2849
-30.4767
-30.6685
-30.8602
-31.0519
-31.2436
-31.4352
-31.6268
-31.8184
-32.01
-32.2015
-32.393
-32.5845
-32.7759
-32.9674
-33.1587
-33.3501
-33.5414
-33.7327
-33.924
-34.1152
-34.3064
-34.4976
-34.6887
-34.8799
-35.071
-35.262
-35.453
-35.644
-35.835
-36.026
-36.2169
-36.4078
-36.5986
-36.7894
-36.9802
-37.171
-37.3617
-37.5524
-37.7431
-37.9338
-38.1244
-38.315
-38.5055
-38.6961
-38.8866
-39.077
-39.2675
-39.4579
-39.6483
-39.8386
-40.029
-40.2193
-40.4095
-40.5998
-40.79
-40.9801
-41.1703
-41.3604
-41.5505
-41.7406
-41.9306
-42.1206
-42.3106
-42.5005
-42.6904
-42.8803
-43.0702
-43.26
-43.4498
-43.6395
-43.8293
-44.019
-44.2087
-44.3983
-44.5879
-44.7775
-44.9671
-45.1566
-45.3461
-45.5356
-45.725
-45.9144
-46.1038
-46.2932
-46.4825
-46.6718
-46.8611
-47.0503
-47.2395
-47.4287
-47.6178
-47.807
-47.9961
-48.1851
-48.3741
-48.5631
-48.7521
-48.9411
-49.13
-49.3189
-49.5077
-49.6965
-49.8853
-50.0741
-50.2628
-50.4515
-50.6402
-50.8289
-51.0175
-51.2061
-51.3946
-51.5832
-51.7717
-51.9601
-52.1486
-52.337
-52.5254
-52.7137
-52.9021
-53.0904
-53.2786
-53.4669
-53.6551
-53.8433
-54.0314
-54.2195
-54.4076
-54.5957
-54.7837
-54.9717
-55.1597
-55.3476
-55.5355
-55.7234
-55.9113
-56.0991
-56.2869
-56.4747
-56.6624
-56.8501
-57.0378
-57.2254
-57.413
-57.6006
-57.7882
-57.9757
-58.1632
-58.3507
-58.5381
-58.7256
-58.9129
-59.1003
-59.2876
-59.4749
-59.6622
-59.8494
-60.0366
-60.2238
-60.411
-60.5981
-60.7852
-60.9722
-61.1593
-61.3463
-61.5332
-61.7202
-61.9071
-62.094
-62.2808
-62.4676
-62.6544
-62.8412
-63.0279
-63.2147
-63.4013
-63.588
-63.7746
-63.9612
-64.1478
-64.3343
-64.5208
-64.7073
-64.8937
-65.0801
-65.2665
-65.4529
-65.6392
-65.8255
-66.0117
-66.198
-66.3842
-66.5704
-66.7565
-66.9426
-67.1287
-67.3148
-67.5008
-67.6868
-67.8728
-68.0587
-68.2446
-68.4305
-68.6164
-68.8022
-68.988
-69.1738
-69.3595
-69.5452
-69.7309
-69.9165
-70.1022
-70.2877
-70.4733
-70.6588
-70.8443
-71.0298
-71.2153
-71.4007
-71.5861
-71.7714
-71.9567
-72.142
-72.3273
-72.5125
-72.6977
-72.8829
-73.0681
-73.2532
-73.4383
-73.6233
-73.8084
-73.9934
-74.1783
-74.3633
-74.5482
-74.7331
-74.9179
-75.1028
-75.2876
-75.4723
-75.6571
-75.8418
-76.0264
-76.2111
-76.3957
-76.5803
-76.7649
-76.9494
-77.1339
-77.3184
-77.5028
-77.6872
-77.8716
-78.056
-78.2403
-78.4246
-78.6088
-78.7931
-78.9773
-79.1615
-79.3456
-79.5297
-79.7138
-79.8979
-80.0819
-80.2659
-80.4499
-80.6338
-80.8177
-81.0016
-81.1855
-81.3693
-81.5531
-81.7369
-81.9206
-82.1043
-82.288
-82.4716
-82.6553
-82.8389
-83.0224
-83.2059
-83.3894
-83.5729
-83.7564
-83.9398
-84.1232
-84.3065
-84.4898
-84.6731
-84.8564
-85.0396
-85.2228
-85.406
-85.5892
-85.7723
-85.9554
-86.1384
-86.3215
-86.5045
-86.6874
-86.8704
-87.0533
-87.2362
-87.419
-87.6019
-87.7847
-87.9674
-88.1502
-88.3329
-88.5155
-88.6982
-88.8808
-89.0634
-89.246
-89.4285
-89.611
-89.7935
-89.9759
-90.1583
-90.3407
-90.5231
-90.7054
-90.8877
-91.0699
-91.2522
-91.4344
-91.6166
-91.7987
-91.9808
-92.1629
-92.345
-92.527
-92.709
-92.891
-93.0729
-93.2548
-93.4367
-93.6186
-93.8004
-93.9822
-94.164
-94.3457
-94.5274
-94.7091
-94.8907
-95.0723
-95.2539
-95.4355
-95.617
-95.7985
-95.98
-96.1614
-96.3429
-96.5242
-96.7056
-96.8869
-97.0682
-97.2495
-97.4307
-97.6119
-97.7931
-97.9742
-98.1554
-98.3365
-98.5175
-98.6985
-98.8795
-99.0605
-99.2415
-99.4224
-99.6033
-99.7841
-99.9649
-100.146
-100.326
-100.507
-100.688
-100.869
-101.049
-101.23
-101.41
-101.591
-101.772
-101.952
-102.133
-102.313
-102.493
-102.674
-102.854
-103.034
-103.215
-103.395
-103.575
-103.755
-103.936
-104.116
-104.296
-104.476
-104.656
-104.836
-105.016
-105.196
-105.376
-105.556
-105.736
-105.916
-106.095
-106.275
-106.455
-106.635
-106.814
-106.994
-107.174
-107.353
-107.533
-107.713
-107.892
-108.072
-108.251
-108.43
-108.61
-108.789
-108.969
-109.148
-109.327
-109.507
-109.686
-109.865
-110.044
-110.223
-110.402
-110.581
-110.761
-110.94
-111.119
-111.298
-111.476
-111.655
-111.834
-112.013
-112.192
-112.371
-112.55
-112.728
-112.907
-113.086
-113.264
-113.443
-113.621
-113.8
-113.979
-114.157
-114.336
-114.514
-114.692
-114.871
-115.049
-115.227
-115.406
-115.584
-115.762
-115.94
-116.119
-116.297
-116.475
-116.653
-116.831
-117.009
-117.187
-117.365
-117.543
-117.721
-117.899
-118.077
-118.254
-118.432
-118.61
-118.788
-118.965
-119.143
-119.321
-119.498
-119.676
-119.854
-120.031
-120.209
-120.386
-120.563
-120.741
-120.918
-121.096
-121.273
-121.45
-121.628
-121.805
-121.982
-122.159
-122.336
-122.513
-122.69
-122.868
-123.045
-123.222
-123.399
-123.575
-123.752
-123.929
-124.106
-124.283
-124.46
-124.637
-124.813
-124.99
-125.167
-125.343
-125.52
-125.696
-125.873
-126.05
-126.226
-126.403
-126.579
-126.755
-126.932
-127.108
-127.284
-127.461
-127.637
-127.813
-127.989
-128.166
-128.342
-128.518
-128.694
-128.87
-129.046
-129.222
-129.398
-129.574
-129.75
-129.926
-130.102
-130.277
-130.453
-130.629
-130.805
-130.98
-131.156
-131.332
-131.507
-131.683
-131.859
-132.034
-132.21
-132.385
-132.56
-132.736
-132.911
-133.087
-133.262
-133.437
-133.612
-133.788
-133.963
-134.138
-134.313
-134.488
-134.663
-134.838
-135.014
-135.189
-135.363
-135.538
-135.713
-135.888
-136.063
-136.238
-136.413
-136.587
-136.762
-136.937
-137.112
-137.286
-137.461
-137.635
-137.81
-137.984
-138.159
-138.333
-138.508
-138.682
-138.857
-139.031
-139.205
-139.38
-139.554
-139.728
-139.902
-140.077
-140.251
-140.425
-140.599
-140.773
-140.947
-141.121
-141.295
-141.469
-141.643
-141.817
-141.991
-142.164
-142.338
-142.512
-142.686
-142.859
-143.033
-143.207
-143.38
-143.554
-143.727
-143.901
-144.074
-144.248
-144.421
-144.595
-144.768
-144.941
-145.115
-145.288
-145.461
-145.635
-145.808
-145.981
-146.154
-146.327
-146.5
-146.673
-146.846
-147.019
-147.192
-147.365
-147.538
-147.711
-147.884
-148.057
-148.23
-148.402
-148.575
-148.748
-148.92
-149.093
-149.266
-149.438
-149.611
-149.783
-149.956
-150.128
-150.301
-150.473
-150.646
-150.818
-150.99
-151.163
-151.335
-151.507
-151.679
-151.851
-152.024
-152.196
-152.368
-152.54
-152.712
-152.884
-153.056
-153.228
-153.4
-153.572
-153.743
-153.915
-154.087
-154.259
-154.43
-154.602
-154.774
-154.945
-155.117
-155.289
-155.46
-155.632
-155.803
-155.975
-156.146
-156.318
-156.489
-156.66
-156.832
-157.003
-157.174
-157.345
-157.517
-157.688
-157.859
-158.03
-158.201
-158.372
-158.543
-158.714
-158.885
-159.056
-159.227
-159.398
-159.569
-159.74
-159.91
-160.081
-160.252
-160.423
-160.593
-160.764
-160.934
-161.105
-161.276
-161.446
-161.617
-161.787
-161.958
-162.128
-162.298
-162.469
-162.639
-162.809
-162.98
-163.15
-163.32
-163.49
-163.66
-163.83
-164.001
-164.171
-164.341
-164.511
-164.681
-164.85
-165.02
-165.19
-165.36
-165.53
-165.7
-165.869
-166.039
-166.209
-166.379
-166.548
-166.718
-166.887
-167.057
-167.227
-167.396
-167.565
-167.735
-167.904
-168.074
-168.243
-168.412
-168.582
-168.751
-168.92
-169.089
-169.259
-169.428
-169.597
-169.766
-169.935
-170.104
-170.273
-170.442
-170.611
-170.78
-170.949
-171.117
-171.286
-171.455
-171.624
-171.793
-171.961
-172.13
-172.299
-172.467
-172.636
-172.804
-172.973
-173.141
-173.31
-173.478
-173.647
-173.815
-173.983
-174.152
-174.32
-174.488
-174.656
-174.825
-174.993
-175.161
-175.329
-175.497
-175.665
-175.833
-176.001
-176.169
-176.337
-176.505
-176.673
-176.841
-177.009
-177.176
-177.344
-177.512
-177.68
-177.847
-178.015
-178.183
-178.35
-178.518
-178.685
-178.853
-179.02
-179.188
-179.355
-179.522
-179.69
-179.857
-180.024
-180.192
-180.359
-180.526
-180.693
-180.86
-181.027
-181.195
-181.362
-181.529
-181.696
-181.863
-182.029
-182.196
-182.363
-182.53
-182.697
-182.864
-183.03
-183.197
-183.364
-183.531
-183.697
-183.864
-184.03
-184.197
-184.363
-184.53
-184.696
-184.863
-185.029
-185.196
-185.362
-185.528
-185.695
-185.861
-186.027
-186.193
-186.359
-186.526
-186.692
-186.858
-187.024
-187.19
-187.356
-187.522
-187.688
-187.854
-188.02
-188.185
-188.351
-188.517
-188.683
-188.848
-189.014
-189.18
-189.345
-189.511
-189.677
-189.842
-190.008
-190.173
-190.339
-190.504
-190.67
-190.835
-191
-191.166
-191.331
-191.496
-191.661
-191.827
-191.992
-192.157
-192.322
-192.487
-192.652
-192.817
-192.982
-193.147
-193.312
-193.477
-193.642
-193.807
-193.971
-194.136
-194.301
-194.466
-194.63
-194.795
-194.96
-195.124
-195.289
-195.453
-195.618
-195.782
-195.947
-196.111
-196.276
-196.44
-196.605
-196.769
-196.933
-197.097
-197.262
-197.426
-197.59
-197.754
-197.918
-198.082
-198.246
-198.41
-198.574
-198.738
-198.902
-199.066
-199.23
-199.394
-199.558
-199.721
-199.885
-200.049
-200.213
-200.376
-200.54
-200.704
-200.867
-201.031
-201.194
-201.358
-201.521
-201.685
-201.848
-202.011
-202.175
-202.338
-202.501
-202.665
-202.828
-202.991
-203.154
-203.317
-203.48
-203.644
-203.807
-203.97
-204.133
-204.296
-204.458
-204.621
-204.784
-204.947
-205.11
-205.273
-205.435
-205.598
-205.761
-205.924
-206.086
-206.249
-206.411
-206.574
-206.736
-206.899
-207.061
-207.224
-207.386
-207.549
-207.711
-207.873
-208.036
-208.198
-208.36
-208.522
-208.684
-208.847
-209.009
-209.171
-209.333
-209.495
-209.657
-209.819
-209.981
-210.143
-210.304
-210.466
-210.628
-210.79
-210.952
-211.113
-211.275
-211.437
-211.598
-211.76
-211.922
-212.083
-212.245
-212.406
-212.568
-212.729
-212.89
-213.052
-213.213
-213.374
-213.536
-213.697
-213.858
-214.019
-214.181
-214.342
-214.503
-214.664
-214.825
-214.986
-215.147
-215.308
-215.469
-215.63
-215.791
-215.951
-216.112
-216.273
-216.434
-216.595
-216.755
-216.916
-217.077
-217.237
-217.398
-217.558
-217.719
-217.879
-218.04
-218.2
-218.361
-218.521
-218.681
-218.842
-219.002
-219.162
-219.322
-219.483
-219.643
-219.803
-219.963
-220.123
-220.283
-220.443
-220.603
-220.763
-220.923
-221.083
-221.243
-221.403
-221.562
-221.722
-221.882
-222.042
-222.201
-222.361
-222.521
-222.68
-222.84
-222.999
-223.159
-223.318
-223.478
-223.637
-223.797
-223.956
-224.115
-224.275
-224.434
-224.593
-224.752
-224.912
-225.071
-225.23
-225.389
-225.548
-225.707
-225.866
-226.025
-226.184
-226.343
-226.502
-226.661
-226.82
-226.978
-227.137
-227.296
-227.455
-227.613
-227.772
-227.931
-228.089
-228.248
-228.406
-228.565
-228.723
-228.882
-229.04
-229.199
-229.357
-229.515
-229.674
-229.832
-229.99
-230.149
-230.307
-230.465
-230.623
-230.781
-230.939
-231.097
-231.255
-231.413
-231.571
-231.729
-231.887
-232.045
-232.203
-232.361
-232.518
-232.676
-232.834
-232.992
-233.149
-233.307
-233.464
-233.622
-233.78
-233.937
-234.095
-234.252
-234.409
-234.567
-234.724
-234.882
-235.039
-235.196
-235.353
-235.511
-235.668
-235.825
-235.982
-236.139
-236.296
-236.453
-236.61
-236.767
-236.924
-237.081
-237.238
-237.395
-237.552
-237.709
-237.865
-238.022
-238.179
-238.336
-238.492
-238.649
-238.805
-238.962
-239.119
-239.275
-239.432
-239.588
-239.744
-239.901
-240.057
-240.214
-240.37
-240.526
-240.682
-240.839
-240.995
-241.151
-241.307
-241.463
-241.619
-241.775
-241.931
-242.087
-242.243
-242.399
-242.555
-242.711
-242.867
-243.023
-243.178
-243.334
-243.49
-243.646
-243.801
-243.957
-244.112
-244.268
-244.424
-244.579
-244.735
-244.89
-245.045
-245.201
-245.356
-245.512
-245.667
-245.822
-245.977
-246.133
-246.288
-246.443
-246.598
-246.753
-246.908
-247.063
-247.218
-247.373
-247.528
-247.683
-247.838
-247.993
-248.148
-248.303
-248.457
-248.612
-248.767
-248.922
-249.076
-249.231
-249.385
-249.54
-249.695
-249.849
-250.004
-250.158
-250.312
-250.467
-250.621
-250.776
-250.93
-251.084
-251.238
-251.393
-251.547
-251.701
-251.855
-252.009
-252.163
-252.317
-252.471
-252.625
-252.779
-252.933
-253.087
-253.241
-253.395
-253.549
-253.702
-253.856
-254.01
-254.164
-254.317
-254.471
-254.624
-254.778
-254.932
-255.085
-255.239
-255.392
-255.545
-255.699
-255.852
-256.005
-256.159
-256.312
-256.465
-256.619
-256.772
-256.925
-257.078
-257.231
-257.384
-257.537
-257.69
-257.843
-257.996
-258.149
-258.302
-258.455
-258.608
-258.76
-258.913
-259.066
-259.219
-259.371
-259.524
-259.677
-259.829
-259.982
-260.134
-260.287
-260.439
-260.592
-260.744
-260.897
-261.049
-261.201
-261.354
-261.506
-261.658
-261.81
-261.963
-262.115
-262.267
-262.419
-262.571
-262.723
-262.875
-263.027
-263.179
-263.331
-263.483
-263.635
-263.787
-263.938
-264.09
-264.242
-264.394
-264.545
-264.697
-264.849
-265
-265.152
-265.303
-265.455
-265.606
-265.758
-265.909
-266.061
-266.212
-266.363
-266.515
-266.666
-266.817
-266.968
-267.12
-267.271
-267.422
-267.573
-267.724
-267.875
-268.026
-268.177
-268.328
-268.479
-268.63
-268.781
-268.931
-269.082
-269.233
-269.384
-269.535
-269.685
-269.836
-269.986
-270.137
-270.288
-270.438
-270.589
-270.739
-270.89
-271.04
-271.19
-271.341
-271.491
-271.641
-271.792
-271.942
-272.092
-272.242
-272.393
-272.543
-272.693
-272.843
-272.993
-273.143
-273.293
-273.443
-273.593
-273.743
-273.892
-274.042
-274.192
-274.342
-274.492
-274.641
-274.791
-274.941
-275.09
-275.24
-275.389
-275.539
-275.689
-275.838
-275.987
-276.137
-276.286
-276.436
-276.585
-276.734
-276.884
-277.033
-277.182
-277.331
-277.48
-277.629
-277.779
-277.928
-278.077
-278.226
-278.375
-278.524
-278.673
-278.821
-278.97
-279.119
-279.268
-279.417
-279.565
-279.714
-279.863
-280.011
-280.16
-280.309
-280.457
-280.606
-280.754
-280.903
-281.051
-281.2
-281.348
-281.496
-281.645
-281.793
-281.941
-282.09
-282.238
-282.386
-282.534
-282.682
-282.83
-282.978
-283.126
-283.274
-283.422
-283.57
-283.718
-283.866
-284.014
-284.162
-284.31
-284.457
-284.605
-284.753
-284.901
-285.048
-285.196
-285.343
-285.491
-285.639
-285.786
-285.934
-286.081
-286.228
-286.376
-286.523
-286.671
-286.818
-286.965
-287.112
-287.26
-287.407
-287.554
-287.701
-287.848
-287.995
-288.142
-288.289
-288.436
-288.583
-288.73
-288.877
-289.024
-289.171
-289.317
-289.464
-289.611
-289.758
-289.904
-290.051
-290.198
-290.344
-290.491
-290.637
-290.784
-290.93
-291.077
-291.223
-291.37
-291.516
-291.662
-291.809
-291.955
-292.101
-292.247
-292.393
-292.54
-292.686
-292.832
-292.978
-293.124
-293.27
-293.416
-293.562
-293.708
-293.854
-294
-294.145
-294.291
-294.437
-294.583
-294.728
-294.874
-295.02
-295.165
-295.311
-295.456
-295.602
-295.748
-295.893
-296.038
-296.184
-296.329
-296.475
-296.62
-296.765
-296.911
-297.056
-297.201
-297.346
-297.491
-297.636
-297.782
-297.927
-298.072
-298.217
-298.362
-298.507
-298.651
-298.796
-298.941
-299.086
-299.231
-299.376
-299.52
-299.665
-299.81
-299.954
-300.099
-300.244
-300.388
-300.533
-300.677
-300.822
-300.966
-301.111
-301.255
-301.399
-301.544
-301.688
-301.832
-301.976
-302.121
-302.265
-302.409
-302.553
-302.697
-302.841
-302.985
-303.129
-303.273
-303.417
-303.561
-303.705
-303.849
-303.993
-304.136
-304.28
-304.424
-304.568
-304.711
-304.855
-304.999
-305.142
-305.286
-305.429
-305.573
-305.716
-305.86
-306.003
-306.147
-306.29
-306.433
-306.577
-306.72
-306.863
-307.006
-307.149
-307.293
-307.436
-307.579
-307.722
-307.865
-308.008
-308.151
-308.294
-308.437
-308.58
-308.723
-308.865
-309.008
-309.151
-309.294
-309.436
-309.579
-309.722
-309.864
-310.007
-310.149
-310.292
-310.434
-310.577
-310.719
-310.862
-311.004
-311.147
-311.289
-311.431
-311.573
-311.716
-311.858
-312
-312.142
-312.284
-312.426
-312.568
-312.711
-312.853
-312.994
-313.136
-313.278
-313.42
-313.562
-313.704
-313.846
-313.987
-314.129
-314.271
-314.413
-314.554
-314.696
-314.837
-314.979
-315.121
-315.262
-315.404
-315.545
-315.686
-315.828
-315.969
-316.11
-316.252
-316.393
-316.534
-316.675
-316.817
-316.958
-317.099
-317.24
-317.381
-317.522
-317.663
-317.804
-317.945
-318.086
-318.227
-318.368
-318.508
-318.649
-318.79
-318.931
-319.071
-319.212
-319.353
-319.493
-319.634
-319.775
-319.915
-320.056
-320.196
-320.337
-320.477
-320.617
-320.758
-320.898
-321.038
-321.179
-321.319
-321.459
-321.599
-321.739
-321.879
-322.02
-322.16
-322.3
-322.44
-322.58
-322.72
-322.859
-322.999
-323.139
-323.279
-323.419
-323.559
-323.698
-323.838
-323.978
-324.117
-324.257
-324.397
-324.536
-324.676
-324.815
-324.955
-325.094
-325.233
-325.373
-325.512
-325.652
-325.791
-325.93
-326.069
-326.209
-326.348
-326.487
-326.626
-326.765
-326.904
-327.043
-327.182
-327.321
-327.46
-327.599
-327.738
-327.877
-328.016
-328.154
-328.293
-328.432
-328.571
-328.709
-328.848
-328.986
-329.125
-329.264
-329.402
-329.541
-329.679
-329.818
-329.956
-330.094
-330.233
-330.371
-330.509
-330.648
-330.786
-330.924
-331.062
-331.2
-331.338
-331.477
-331.615
-331.753
-331.891
-332.029
-332.167
-332.304
-332.442
-332.58
-332.718
-332.856
-332.994
-333.131
-333.269
-333.407
-333.544
-333.682
-333.82
-333.957
-334.095
-334.232
-334.37
-334.507
-334.644
-334.782
-334.919
-335.056
-335.194
-335.331
-335.468
-335.605
-335.743
-335.88
-336.017
-336.154
-336.291
-336.428
-336.565
-336.702
-336.839
-336.976
-337.113
-337.25
-337.386
-337.523
-337.66
-337.797
-337.933
-338.07
-338.207
-338.343
-338.48
-338.617
-338.753
-338.89
-339.026
-339.162
-339.299
-339.435
-339.572
-339.708
-339.844
-339.98
-340.117
-340.253
-340.389
-340.525
-340.661
-340.797
-340.933
-341.07
-341.206
-341.341
-341.477
-341.613
-341.749
-341.885
-342.021
-342.157
-342.292
-342.428
-342.564
-342.7
-342.835
-342.971
-343.106
-343.242
-343.377
-343.513
-343.648
-343.784
-343.919
-344.055
-344.19
-344.325
-344.461
-344.596
-344.731
-344.866
-345.001
-345.137
-345.272
-345.407
-345.542
-345.677
-345.812
-345.947
-346.082
-346.217
-346.352
-346.486
-346.621
-346.756
-346.891
-347.026
-347.16
-347.295
-347.43
-347.564
-347.699
-347.833
-347.968
-348.102
-348.237
-348.371
-348.506
-348.64
-348.774
-348.909
-349.043
-349.177
-349.311
-349.446
-349.58
-349.714
-349.848
-349.982
-350.116
-350.25
-350.384
-350.518
-350.652
-350.786
-350.92
-351.054
-351.188
-351.321
-351.455
-351.589
-351.723
-351.856
-351.99
-352.124
-352.257
-352.391
-352.524
-352.658
-352.791
-352.925
-353.058
-353.191
-353.325
-353.458
-353.591
-353.725
-353.858
-353.991
-354.124
-354.257
-354.39
-354.524
-354.657
-354.79
-354.923
-355.056
-355.189
-355.321
-355.454
-355.587
-355.72
-355.853
-355.986
-356.118
-356.251
-356.384
-356.516
-356.649
-356.781
-356.914
-357.047
-357.179
-357.311
-357.444
-357.576
-357.709
-357.841
-357.973
-358.106
-358.238
-358.37
-358.502
-358.635
-358.767
-358.899
-359.031
-359.163
-359.295
-359.427
-359.559
-359.691
-359.823
-359.955
-360.086
-360.218
-360.35
-360.482
-360.614
-360.745
-360.877
-361.009
-361.14
-361.272
-361.403
-361.535
-361.666
-361.798
-361.929
-362.061
-362.192
-362.323
-362.455
-362.586
-362.717
-362.848
-362.98
-363.111
-363.242
-363.373
-363.504
-363.635
-363.766
-363.897
-364.028
-364.159
-364.29
-364.421
-364.552
-364.683
-364.813
-364.944
-365.075
-365.206
-365.336
-365.467
-365.597
-365.728
-365.859
-365.989
-366.12
-366.25
-366.38
-366.511
-366.641
-366.772
-366.902
-367.032
-367.162
-367.293
-367.423
-367.553
-367.683
-367.813
-367.943
-368.073
-368.203
-368.333
-368.463
-368.593
-368.723
-368.853
-368.983
-369.113
-369.243
-369.372
-369.502
-369.632
-369.761
-369.891
-370.021
-370.15
-370.28
-370.409
-370.539
-370.668
-370.798
-370.927
-371.057
-371.186
-371.315
-371.444
-371.574
-371.703
-371.832
-371.961
-372.09
-372.22
-372.349
-372.478
-372.607
-372.736
-372.865
-372.994
-373.123
-373.251
-373.38
-373.509
-373.638
-373.767
-373.895
-374.024
-374.153
-374.281
-374.41
-374.539
-374.667
-374.796
-374.924
-375.053
-375.181
-375.309
-375.438
-375.566
-375.694
-375.823
-375.951
-376.079
-376.207
-376.336
-376.464
-376.592
-376.72
-376.848
-376.976
-377.104
-377.232
-377.36
-377.488
-377.616
-377.743
-377.871
-377.999
-378.127
-378.255
-378.382
-378.51
-378.638
-378.765
-378.893
-379.02
-379.148
-379.275
-379.403
-379.53
-379.658
-379.785
-379.912
-380.04
-380.167
-380.294
-380.421
-380.549
-380.676
-380.803
-380.93
-381.057
-381.184
-381.311
-381.438
-381.565
-381.692
-381.819
-381.946
-382.073
-382.199
-382.326
-382.453
-382.58
-382.706
-382.833
-382.96
-383.086
-383.213
-383.339
-383.466
-383.592
-383.719
-383.845
-383.972
-384.098
-384.224
-384.351
-384.477
-384.603
-384.73
-384.856
-384.982
-385.108
-385.234
-385.36
-385.486
-385.612
-385.738
-385.864
-385.99
-386.116
-386.242
-386.368
-386.494
-386.619
-386.745
-386.871
-386.997
-387.122
-387.248
-387.373
-387.499
-387.625
-387.75
-387.876
-388.001
-388.126
-388.252
-388.377
-388.503
-388.628
-388.753
-388.878
-389.004
-389.129
-389.254
-389.379
-389.504
-389.629
-389.754
-389.879
-390.004
-390.129
-390.254
-390.379
-390.504
-390.629
-390.754
-390.879
-391.003
-391.128
-391.253
-391.377
-391.502
-391.627
-391.751
-391.876
-392
-392.125
-392.249
-392.374
-392.498
-392.622
-392.747
-392.871
-392.995
-393.12
-393.244
-393.368
-393.492
-393.616
-393.74
-393.864
-393.989
-394.113
-394.237
-394.36
-394.484
-394.608
-394.732
-394.856
-394.98
-395.104
-395.227
-395.351
-395.475
-395.598
-395.722
-395.846
-395.969
-396.093
-396.216
-396.34
-396.463
-396.587
-396.71
-396.833
-396.957
-397.08
-397.203
-397.327
-397.45
-397.573
-397.696
-397.819
-397.943
-398.066
-398.189
-398.312
-398.435
-398.558
-398.681
-398.803
-398.926
-399.049
-399.172
-399.295
-399.417
-399.54
-399.663
-399.786
-399.908
-400.031
-400.153
-400.276
-400.398
-400.521
-400.643
-400.766
-400.888
-401.011
-401.133
-401.255
-401.378
-401.5
-401.622
-401.744
-401.866
-401.988
-402.111
-402.233
-402.355
-402.477
-402.599
-402.721
-402.843
-402.965
-403.086
-403.208
-403.33
-403.452
-403.574
-403.695
-403.817
-403.939
-404.06
-404.182
-404.303
-404.425
-404.547
-404.668
-404.789
-404.911
-405.032
-405.154
-405.275
-405.396
-405.518
-405.639
-405.76
-405.881
-406.002
-406.124
-406.245
-406.366
-406.487
-406.608
-406.729
-406.85
-406.971
-407.092
-407.212
-407.333
-407.454
-407.575
-407.696
-407.816
-407.937
-408.058
-408.178
-408.299
-408.42
-408.54
-408.661
-408.781
-408.902
-409.022
-409.142
-409.263
-409.383
-409.503
-409.624
-409.744
-409.864
-409.984
-410.104
-410.225
-410.345
-410.465
-410.585
-410.705
-410.825
-410.945
-411.065
-411.185
-411.304
-411.424
-411.544
-411.664
-411.784
-411.903
-412.023
-412.143
-412.262
-412.382
-412.502
-412.621
-412.741
-412.86
-412.98
-413.099
-413.218
-413.338
-413.457
-413.576
-413.696
-413.815
-413.934
-414.053
-414.173
-414.292
-414.411
-414.53
-414.649
-414.768
-414.887
-415.006
-415.125
-415.244
-415.363
-415.481
-415.6
-415.719
-415.838
-415.956
-416.075
-416.194
-416.312
-416.431
-416.55
-416.668
-416.787
-416.905
-417.024
-417.142
-417.26
-417.379
-417.497
-417.615
-417.734
-417.852
-417.97
-418.088
-418.207
-418.325
-418.443
-418.561
-418.679
-418.797
-418.915
-419.033
-419.151
-419.269
-419.387
-419.504
-419.622
-419.74
-419.858
-419.975
-420.093
-420.211
-420.328
-420.446
-420.564
-420.681
-420.799
-420.916
-421.034
-421.151
-421.268
-421.386
-421.503
-421.62
-421.738
-421.855
-421.972
-422.089
-422.207
-422.324
-422.441
-422.558
-422.675
-422.792
-422.909
-423.026
-423.143
-423.26
-423.377
-423.493
-423.61
-423.727
-423.844
-423.96
-424.077
-424.194
-424.31
-424.427
-424.544
-424.66
-424.777
-424.893
-425.01
-425.126
-425.242
-425.359
-425.475
-425.591
-425.708
-425.824
-425.94
-426.056
-426.173
-426.289
-426.405
-426.521
-426.637
-426.753
-426.869
-426.985
-427.101
-427.217
-427.333
-427.448
-427.564
-427.68
-427.796
-427.911
-428.027
-428.143
-428.258
-428.374
-428.49
-428.605
-428.721
-428.836
-428.952
-429.067
-429.182
-429.298
-429.413
-429.528
-429.644
-429.759
-429.874
-429.989
-430.104
-430.22
-430.335
-430.45
-430.565
-430.68
-430.795
-430.91
-431.025
-431.14
-431.254
-431.369
-431.484
-431.599
-431.714
-431.828
-431.943
-432.058
-432.172
-432.287
-432.402
-432.516
-432.631
-432.745
-432.86
-432.974
-433.088
-433.203
-433.317
-433.431
-433.546
-433.66
-433.774
-433.888
-434.002
-434.117
-434.231
-434.345
-434.459
-434.573
-434.687
-434.801
-434.915
-435.029
-435.142
-435.256
-435.37
-435.484
-435.598
-435.711
-435.825
-435.939
-436.052
-436.166
-436.279
-436.393
-436.507
-436.62
-436.733
-436.847
-436.96
-437.074
-437.187
-437.3
-437.414
-437.527
-437.64
-437.753
-437.866
-437.98
-438.093
-438.206
-438.319
-438.432
-438.545
-438.658
-438.771
-438.884
-438.996
-439.109
-439.222
-439.335
-439.448
-439.56
-439.673
-439.786
-439.898
-440.011
-440.123
-440.236
-440.349
-440.461
-440.573
-440.686
-440.798
-440.911
-441.023
-441.135
-441.248
-441.36
-441.472
-441.584
-441.696
-441.809
-441.921
-442.033
-442.145
-442.257
-442.369
-442.481
-442.593
-442.704
-442.816
-442.928
-443.04
-443.152
-443.264
-443.375
-443.487
-443.599
-443.71
-443.822
-443.933
-444.045
-444.156
-444.268
-444.379
-444.491
-444.602
-444.714
-444.825
-444.936
-445.048
-445.159
-445.27
-445.381
-445.492
-445.603
-445.715
-445.826
-445.937
-446.048
-446.159
-446.27
-446.381
-446.491
-446.602
-446.713
-446.824
-446.935
-447.045
-447.156
-447.267
-447.378
-447.488
-447.599
-447.709
-447.82
-447.93
-448.041
-448.151
-448.262
-448.372
-448.483
-448.593
-448.703
-448.813
-448.924
-449.034
-449.144
-449.254
-449.364
-449.474
-449.585
-449.695
-449.805
-449.915
-450.025
-450.134
-450.244
-450.354
-450.464
-450.574
-450.684
-450.793
-450.903
-451.013
-451.122
-451.232
-451.342
-451.451
-451.561
-451.67
-451.78
-451.889
-451.999
-452.108
-452.217
-452.327
-452.436
-452.545
-452.655
-452.764
-452.873
-452.982
-453.091
-453.2
-453.309
-453.419
-453.528
-453.637
-453.745
-453.854
-453.963
-454.072
-454.181
-454.29
-454.399
-454.507
-454.616
-454.725
-454.833
-454.942
-455.051
-455.159
-455.268
-455.376
-455.485
-455.593
-455.702
-455.81
-455.918
-456.027
-456.135
-456.243
-456.352
-456.46
-456.568
-456.676
-456.784
-456.892
-457
-457.108
-457.216
-457.324
-457.432
-457.54
-457.648
-457.756
-457.864
-457.972
-458.08
-458.187
-458.295
-458.403
-458.51
-458.618
-458.726
-458.833
-458.941
-459.048
-459.156
-459.263
-459.371
-459.478
-459.585
-459.693
-459.8
-459.907
-460.015
-460.122
-460.229
-460.336
-460.443
-460.55
-460.657
-460.764
-460.871
-460.978
-461.085
-461.192
-461.299
-461.406
-461.513
-461.62
-461.726
-461.833
-461.94
-462.047
-462.153
-462.26
-462.367
-462.473
-462.58
-462.686
-462.793
-462.899
-463.006
-463.112
-463.218
-463.325
-463.431
-463.537
-463.643
-463.75
-463.856
-463.962
-464.068
-464.174
-464.28
-464.386
-464.492
-464.598
-464.704
-464.81
-464.916
-465.022
-465.128
-465.234
-465.339
-465.445
-465.551
-465.657
-465.762
-465.868
-465.973
-466.079
-466.185
-466.29
-466.396
-466.501
-466.606
-466.712
-466.817
-466.923
-467.028
-467.133
-467.238
-467.344
-467.449
-467.554
-467.659
-467.764
-467.869
-467.974
-468.079
-468.184
-468.289
-468.394
-468.499
-468.604
-468.709
-468.814
-468.918
-469.023
-469.128
-469.233
-469.337
-469.442
-469.546
-469.651
-469.756
-469.86
-469.965
-470.069
-470.173
-470.278
-470.382
-470.486
-470.591
-470.695
-470.799
-470.904
-471.008
-471.112
-471.216
-471.32
-471.424
-471.528
-471.632
-471.736
-471.84
-471.944
-472.048
-472.152
-472.256
-472.36
-472.463
-472.567
-472.671
-472.774
-472.878
-472.982
-473.085
-473.189
-473.292
-473.396
-473.499
-473.603
-473.706
-473.81
-473.913
-474.016
-474.12
-474.223
-474.326
-474.43
-474.533
-474.636
-474.739
-474.842
-474.945
-475.048
-475.151
-475.254
-475.357
-475.46
-475.563
-475.666
-475.769
-475.871
-475.974
-476.077
-476.18
-476.282
-476.385
-476.488
-476.59
-476.693
-476.795
-476.898
-477
-477.103
-477.205
-477.308
-477.41
-477.512
-477.615
-477.717
-477.819
-477.921
-478.024
-478.126
-478.228
-478.33
-478.432
-478.534
-478.636
-478.738
-478.84
-478.942
-479.044
-479.146
-479.248
-479.349
-479.451
-479.553
-479.655
-479.756
-479.858
-479.96
-480.061
-480.163
-480.264
-480.366
-480.467
-480.569
-480.67
-480.772
-480.873
-480.974
-481.076
-481.177
-481.278
-481.379
-481.481
-481.582
-481.683
-481.784
-481.885
-481.986
-482.087
-482.188
-482.289
-482.39
-482.491
-482.592
-482.693
-482.793
-482.894
-482.995
-483.096
-483.196
-483.297
-483.398
-483.498
-483.599
-483.699
-483.8
-483.9
-484.001
-484.101
-484.202
-484.302
-484.402
-484.503
-484.603
-484.703
-484.803
-484.904
-485.004
-485.104
-485.204
-485.304
-485.404
-485.504
-485.604
-485.704
-485.804
-485.904
-486.004
-486.104
-486.203
-486.303
-486.403
-486.503
-486.602
-486.702
-486.802
-486.901
-487.001
-487.1
-487.2
-487.299
-487.399
-487.498
-487.598
-487.697
-487.796
-487.896
-487.995
-488.094
-488.193
-488.293
-488.392
-488.491
-488.59
-488.689
-488.788
-488.887
-488.986
-489.085
-489.184
-489.283
-489.382
-489.481
-489.579
-489.678
-489.777
-489.876
-489.974
-490.073
-490.172
-490.27
-490.369
-490.467
-490.566
-490.664
-490.763
-490.861
-490.96
-491.058
-491.156
-491.255
-491.353
-491.451
-491.549
-491.648
-491.746
-491.844
-491.942
-492.04
-492.138
-492.236
-492.334
-492.432
-492.53
-492.628
-492.726
-492.824
-492.921
-493.019
-493.117
-493.215
-493.312
-493.41
-493.508
-493.605
-493.703
-493.8
-493.898
-493.995
-494.093
-494.19
-494.288
-494.385
-494.482
-494.58
-494.677
-494.774
-494.871
-494.969
-495.066
-495.163
-495.26
-495.357
-495.454
-495.551
-495.648
-495.745
-495.842
-495.939
-496.036
-496.133
-496.23
-496.326
-496.423
-496.52
-496.616
-496.713
-496.81
-496.906
-497.003
-497.099
-497.196
-497.293
-497.389
-497.485
-497.582
-497.678
-497.774
-497.871
-497.967
-498.063
-498.16
-498.256
-498.352
-498.448
-498.544
-498.64
-498.736
-498.832
-498.928
-499.024
-499.12
-499.216
-499.312
-499.408
-499.504
-499.599
-499.695
-499.791
-499.887
-499.982
-500.078
-500.173
-500.269
-500.365
-500.46
-500.556
-500.651
-500.746
-500.842
-500.937
-501.033
-501.128
-501.223
-501.318
-501.414
-501.509
-501.604
-501.699
-501.794
-501.889
-501.984
-502.079
-502.174
-502.269
-502.364
-502.459
-502.554
-502.649
-502.744
-502.838
-502.933
-503.028
-503.123
-503.217
-503.312
-503.407
-503.501
-503.596
-503.69
-503.785
-503.879
-503.974
-504.068
-504.162
-504.257
-504.351
-504.445
-504.54
-504.634
-504.728
-504.822
-504.916
-505.01
-505.104
-505.198
-505.293
-505.387
-505.48
-505.574
-505.668
-505.762
-505.856
-505.95
-506.044
-506.137
-506.231
-506.325
-506.418
-506.512
-506.606
-506.699
-506.793
-506.886
-506.98
-507.073
-507.167
-507.26
-507.353
-507.447
-507.54
-507.633
-507.727
-507.82
-507.913
-508.006
-508.099
-508.193
-508.286
-508.379
-508.472
-508.565
-508.658
-508.751
-508.843
-508.936
-509.029
-509.122
-509.215
-509.308
-509.4
-509.493
-509.586
-509.678
-509.771
-509.863
-509.956
-510.049
-510.141
-510.233
-510.326
-510.418
-510.511
-510.603
-510.695
-510.788
-510.88
-510.972
-511.064
-511.156
-511.249
-511.341
-511.433
-511.525
-511.617
-511.709
-511.801
-511.893
-511.985
-512.077
-512.168
-512.26
-512.352
-512.444
-512.535
-512.627
-512.719
-512.81
-512.902
-512.994
-513.085
-513.177
-513.268
-513.36
-513.451
-513.542
-513.634
-513.725
-513.817
-513.908
-513.999
-514.09
-514.181
-514.273
-514.364
-514.455
-514.546
-514.637
-514.728
-514.819
-514.91
-515.001
-515.092
-515.183
-515.274
-515.364
-515.455
-515.546
-515.637
-515.727
-515.818
-515.909
-515.999
-516.09
-516.18
-516.271
-516.361
-516.452
-516.542
-516.633
-516.723
-516.813
-516.904
-516.994
-517.084
-517.175
-517.265
-517.355
-517.445
-517.535
-517.625
-517.715
-517.805
-517.895
-517.985
-518.075
-518.165
-518.255
-518.345
-518.435
-518.524
-518.614
-518.704
-518.794
-518.883
-518.973
-519.063
-519.152
-519.242
-519.331
-519.421
-519.51
-519.6
-519.689
-519.778
-519.868
-519.957
-520.046
-520.136
-520.225
-520.314
-520.403
-520.492
-520.581
-520.671
-520.76
-520.849
-520.938
-521.027
-521.116
-521.204
-521.293
-521.382
-521.471
-521.56
-521.649
-521.737
-521.826
-521.915
-522.003
-522.092
-522.18
-522.269
-522.358
-522.446
-522.534
-522.623
-522.711
-522.8
-522.888
-522.976
-523.065
-523.153
-523.241
-523.329
-523.418
-523.506
-523.594
-523.682
-523.77
-523.858
-523.946
-524.034
-524.122
-524.21
-524.298
-524.385
-524.473
-524.561
-524.649
-524.737
-524.824
-524.912
-525
-525.087
-525.175
-525.262
-525.35
-525.437
-525.525
-525.612
-525.7
-525.787
-525.874
-525.962
-526.049
-526.136
-526.224
-526.311
-526.398
-526.485
-526.572
-526.659
-526.746
-526.833
-526.92
-527.007
-527.094
-527.181
-527.268
-527.355
-527.442
-527.528
-527.615
-527.702
-527.789
-527.875
-527.962
-528.049
-528.135
-528.222
-528.308
-528.395
-528.481
-528.568
-528.654
-528.74
-528.827
-528.913
-528.999
-529.086
-529.172
-529.258
-529.344
-529.43
-529.517
-529.603
-529.689
-529.775
-529.861
-529.947
-530.033
-530.119
-530.204
-530.29
-530.376
-530.462
-530.548
-530.633
-530.719
-530.805
-530.89
-530.976
-531.062
-531.147
-531.233
-531.318
-531.404
-531.489
-531.575
-531.66
-531.745
-531.831
-531.916
-532.001
-532.086
-532.172
-532.257
-532.342
-532.427
-532.512
-532.597
-532.682
-532.767
-532.852
-532.937
-533.022
-533.107
-533.192
-533.277
-533.361
-533.446
-533.531
-533.616
-533.7
-533.785
-533.87
-533.954
-534.039
-534.123
-534.208
-534.292
-534.377
-534.461
-534.545
-534.63
-534.714
-534.798
-534.883
-534.967
-535.051
-535.135
-535.219
-535.304
-535.388
-535.472
-535.556
-535.64
-535.724
-535.808
-535.892
-535.976
-536.059
-536.143
-536.227
-536.311
-536.394
-536.478
-536.562
-536.646
-536.729
-536.813
-536.896
-536.98
-537.063
-537.147
-537.23
-537.314
-537.397
-537.48
-537.564
-537.647
-537.73
-537.814
-537.897
-537.98
-538.063
-538.146
-538.229
-538.312
-538.395
-538.478
-538.561
-538.644
-538.727
-538.81
-538.893
-538.976
-539.059
-539.141
-539.224
-539.307
-539.39
-539.472
-539.555
-539.637
-539.72
-539.802
-539.885
-539.967
-540.05
-540.132
-540.215
-540.297
-540.379
-540.462
-540.544
-540.626
-540.708
-540.791
-540.873
-540.955
-541.037
-541.119
-541.201
-541.283
-541.365
-541.447
-541.529
-541.611
-541.693
-541.774
-541.856
-541.938
-542.02
-542.102
-542.183
-542.265
-542.346
-542.428
-542.51
-542.591
-542.673
-542.754
-542.836
-542.917
-542.998
-543.08
-543.161
-543.242
-543.324
-543.405
-543.486
-543.567
-543.648
-543.73
-543.811
-543.892
-543.973
-544.054
-544.135
-544.216
-544.297
-544.378
-544.458
-544.539
-544.62
-544.701
-544.782
-544.862
-544.943
-545.024
-545.104
-545.185
-545.265
-545.346
-545.426
-545.507
-545.587
-545.668
-545.748
-545.829
-545.909
-545.989
-546.069
-546.15
-546.23
-546.31
-546.39
-546.47
-546.55
-546.631
-546.711
-546.791
-546.871
-546.951
-547.03
-547.11
-547.19
-547.27
-547.35
-547.43
-547.509
-547.589
-547.669
-547.748
-547.828
-547.908
-547.987
-548.067
-548.146
-548.226
-548.305
-548.385
-548.464
-548.543
-548.623
-548.702
-548.781
-548.861
-548.94
-549.019
-549.098
-549.177
-549.256
-549.335
-549.414
-549.493
-549.572
-549.651
-549.73
-549.809
-549.888
-549.967
-550.046
-550.124
-550.203
-550.282
-550.361
-550.439
-550.518
-550.597
-550.675
-550.754
-550.832
-550.911
-550.989
-551.068
-551.146
-551.224
-551.303
-551.381
-551.459
-551.537
-551.616
-551.694
-551.772
-551.85
-551.928
-552.006
-552.084
-552.162
-552.24
-552.318
-552.396
-552.474
-552.552
-552.63
-552.708
-552.785
-552.863
-552.941
-553.019
-553.096
-553.174
-553.252
-553.329
-553.407
-553.484
-553.562
-553.639
-553.717
-553.794
-553.871
-553.949
-554.026
-554.103
-554.18
-554.258
-554.335
-554.412
-554.489
-554.566
-554.643
-554.72
-554.797
-554.874
-554.951
-555.028
-555.105
-555.182
-555.259
-555.336
-555.413
-555.489
-555.566
-555.643
-555.719
-555.796
-555.873
-555.949
-556.026
-556.102
-556.179
-556.255
-556.332
-556.408
-556.484
-556.561
-556.637
-556.713
-556.79
-556.866
-556.942
-557.018
-557.094
-557.17
-557.246
-557.323
-557.399
-557.475
-557.55
-557.626
-557.702
-557.778
-557.854
-557.93
-558.006
-558.081
-558.157
-558.233
-558.308
-558.384
-558.46
-558.535
-558.611
-558.686
-558.762
-558.837
-558.913
-558.988
-559.064
-559.139
-559.214
-559.289
-559.365
-559.44
-559.515
-559.59
-559.665
-559.741
-559.816
-559.891
-559.966
-560.041
-560.116
-560.191
-560.266
-560.34
-560.415
-560.49
-560.565
-560.64
-560.714
-560.789
-560.864
-560.938
-561.013
-561.088
-561.162
-561.237
-561.311
-561.386
-561.46
-561.534
-561.609
-561.683
-561.757
-561.832
-561.906
-561.98
-562.054
-562.129
-562.203
-562.277
-562.351
-562.425
-562.499
-562.573
-562.647
-562.721
-562.795
-562.869
-562.943
-563.016
-563.09
-563.164
-563.238
-563.311
-563.385
-563.459
-563.532
-563.606
-563.679
-563.753
-563.826
-563.9
-563.973
-564.047
-564.12
-564.193
-564.267
-564.34
-564.413
-564.487
-564.56
-564.633
-564.706
-564.779
-564.852
-564.925
-564.998
-565.071
-565.144
-565.217
-565.29
-565.363
-565.436
-565.509
-565.582
-565.654
-565.727
-565.8
-565.872
-565.945
-566.018
-566.09
-566.163
-566.235
-566.308
-566.38
-566.453
-566.525
-566.598
-566.67
-566.742
-566.815
-566.887
-566.959
-567.031
-567.103
-567.176
-567.248
-567.32
-567.392
-567.464
-567.536
-567.608
-567.68
-567.752
-567.824
-567.895
-567.967
-568.039
-568.111
-568.183
-568.254
-568.326
-568.398
-568.469
-568.541
-568.612
-568.684
-568.755
-568.827
-568.898
-568.97
-569.041
-569.112
-569.184
-569.255
-569.326
-569.398
-569.469
-569.54
-569.611
-569.682
-569.753
-569.824
-569.895
-569.966
-570.037
-570.108
-570.179
-570.25
-570.321
-570.392
-570.463
-570.533
-570.604
-570.675
-570.746
-570.816
-570.887
-570.957
-571.028
-571.099
-571.169
-571.24
-571.31
-571.38
-571.451
-571.521
-571.591
-571.662
-571.732
-571.802
-571.872
-571.943
-572.013
-572.083
-572.153
-572.223
-572.293
-572.363
-572.433
-572.503
-572.573
-572.643
-572.713
-572.783
-572.852
-572.922
-572.992
-573.062
-573.131
-573.201
-573.271
-573.34
-573.41
-573.479
-573.549
-573.618
-573.688
-573.757
-573.827
-573.896
-573.965
-574.035
-574.104
-574.173
-574.242
-574.311
-574.381
-574.45
-574.519
-574.588
-574.657
-574.726
-574.795
-574.864
-574.933
-575.002
-575.071
-575.139
-575.208
-575.277
-575.346
-575.414
-575.483
-575.552
-575.62
-575.689
-575.758
-575.826
-575.895
-575.963
-576.032
-576.1
-576.168
-576.237
-576.305
-576.373
-576.442
-576.51
-576.578
-576.646
-576.714
-576.783
-576.851
-576.919
-576.987
-577.055
-577.123
-577.191
-577.259
-577.327
-577.394
-577.462
-577.53
-577.598
-577.666
-577.733
-577.801
-577.869
-577.936
-578.004
-578.072
-578.139
-578.207
-578.274
-578.342
-578.409
-578.476
-578.544
-578.611
-578.678
-578.746
-578.813
-578.88
-578.947
-579.015
-579.082
-579.149
-579.216
-579.283
-579.35
-579.417
-579.484
-579.551
-579.618
-579.685
-579.751
-579.818
-579.885
-579.952
-580.018
-580.085
-580.152
-580.218
-580.285
-580.352
-580.418
-580.485
-580.551
-580.618
-580.684
-580.75
-580.817
-580.883
-580.95
-581.016
-581.082
-581.148
-581.214
-581.281
-581.347
-581.413
-581.479
-581.545
-581.611
-581.677
-581.743
-581.809
-581.875
-581.941
-582.007
-582.072
-582.138
-582.204
-582.27
-582.335
-582.401
-582.467
-582.532
-582.598
-582.663
-582.729
-582.794
-582.86
-582.925
-582.991
-583.056
-583.121
-583.187
-583.252
-583.317
-583.383
-583.448
-583.513
-583.578
-583.643
-583.708
-583.773
-583.838
-583.903
-583.968
-584.033
-584.098
-584.163
-584.228
-584.293
-584.357
-584.422
-584.487
-584.552
-584.616
-584.681
-584.746
-584.81
-584.875
-584.939
-585.004
-585.068
-585.133
-585.197
-585.261
-585.326
-585.39
-585.454
-585.519
-585.583
-585.647
-585.711
-585.775
-585.84
-585.904
-585.968
-586.032
-586.096
-586.16
-586.224
-586.288
-586.351
-586.415
-586.479
-586.543
-586.607
-586.67
-586.734
-586.798
-586.861
-586.925
-586.989
-587.052
-587.116
-587.179
-587.243
-587.306
-587.37
-587.433
-587.496
-587.56
-587.623
-587.686
-587.749
-587.813
-587.876
-587.939
-588.002
-588.065
-588.128
-588.191
-588.254
-588.317
-588.38
-588.443
-588.506
-588.569
-588.632
-588.695
-588.757
-588.82
-588.883
-588.945
-589.008
-589.071
-589.133
-589.196
-589.258
-589.321
-589.383
-589.446
-589.508
-589.571
-589.633
-589.695
-589.758
-589.82
-589.882
-589.944
-590.007
-590.069
-590.131
-590.193
-590.255
-590.317
-590.379
-590.441
-590.503
-590.565
-590.627
-590.689
-590.751
-590.812
-590.874
-590.936
-590.998
-591.059
-591.121
-591.183
-591.244
-591.306
-591.367
-591.429
-591.49
-591.552
-591.613
-591.674
-591.736
-591.797
-591.858
-591.92
-591.981
-592.042
-592.103
-592.165
-592.226
-592.287
-592.348
-592.409
-592.47
-592.531
-592.592
-592.653
-592.714
-592.775
-592.835
-592.896
-592.957
-593.018
-593.078
-593.139
-593.2
-593.26
-593.321
-593.382
-593.442
-593.503
-593.563
-593.624
-593.684
-593.744
-593.805
-593.865
-593.925
-593.986
-594.046
-594.106
-594.166
-594.227
-594.287
-594.347
-594.407
-594.467
-594.527
-594.587
-594.647
-594.707
-594.767
-594.827
-594.886
-594.946
-595.006
-595.066
-595.126
-595.185
-595.245
-595.305
-595.364
-595.424
-595.483
-595.543
-595.602
-595.662
-595.721
-595.781
-595.84
-595.899
-595.959
-596.018
-596.077
-596.136
-596.196
-596.255
-596.314
-596.373
-596.432
-596.491
-596.55
-596.609
-596.668
-596.727
-596.786
-596.845
-596.904
-596.962
-597.021
-597.08
-597.139
-597.197
-597.256
-597.315
-597.373
-597.432
-597.491
-597.549
-597.608
-597.666
-597.724
-597.783
-597.841
-597.9
-597.958
-598.016
-598.074
-598.133
-598.191
-598.249
-598.307
-598.365
-598.423
-598.481
-598.539
-598.597
-598.655
-598.713
-598.771
-598.829
-598.887
-598.945
-599.003
-599.06
-599.118
-599.176
-599.234
-599.291
-599.349
-599.406
-599.464
-599.521
-599.579
-599.636
-599.694
-599.751
-599.809
-599.866
-599.923
-599.981
-600.038
-600.095
-600.152
-600.21
-600.267
-600.324
-600.381
-600.438
-600.495
-600.552
-600.609
-600.666
-600.723
-600.78
-600.837
-600.893
-600.95
-601.007
-601.064
-601.12
-601.177
-601.234
-601.29
-601.347
-601.404
-601.46
-601.517
-601.573
-601.63
-601.686
-601.742
-601.799
-601.855
-601.911
-601.968
-602.024
-602.08
-602.136
-602.192
-602.249
-602.305
-602.361
-602.417
-602.473
-602.529
-602.585
-602.641
-602.696
-602.752
-602.808
-602.864
-602.92
-602.975
-603.031
-603.087
-603.143
-603.198
-603.254
-603.309
-603.365
-603.42
-603.476
-603.531
-603.587
-603.642
-603.698
-603.753
-603.808
-603.863
-603.919
-603.974
-604.029
-604.084
-604.139
-604.194
-604.25
-604.305
-604.36
-604.415
-604.47
-604.524
-604.579
-604.634
-604.689
-604.744
-604.799
-604.853
-604.908
-604.963
-605.018
-605.072
-605.127
-605.181
-605.236
-605.29
-605.345
-605.399
-605.454
-605.508
-605.563
-605.617
-605.671
-605.725
-605.78
-605.834
-605.888
-605.942
-605.996
-606.051
-606.105
-606.159
-606.213
-606.267
-606.321
-606.375
-606.428
-606.482
-606.536
-606.59
-606.644
-606.698
-606.751
-606.805
-606.859
-606.912
-606.966
-607.019
-607.073
-607.127
-607.18
-607.234
-607.287
-607.34
-607.394
-607.447
-607.5
-607.554
-607.607
-607.66
-607.713
-607.767
-607.82
-607.873
-607.926
-607.979
-608.032
-608.085
-608.138
-608.191
-608.244
-608.297
-608.35
-608.402
-608.455
-608.508
-608.561
-608.613
-608.666
-608.719
-608.771
-608.824
-608.876
-608.929
-608.981
-609.034
-609.086
-609.139
-609.191
-609.243
-609.296
-609.348
-609.4
-609.453
-609.505
-609.557
-609.609
-609.661
-609.713
-609.765
-609.817
-609.869
-609.921
-609.973
-610.025
-610.077
-610.129
-610.181
-610.233
-610.284
-610.336
-610.388
-610.44
-610.491
-610.543
-610.594
-610.646
-610.698
-610.749
-610.801
-610.852
-610.903
-610.955
-611.006
-611.057
-611.109
-611.16
-611.211
-611.262
-611.314
-611.365
-611.416
-611.467
-611.518
-611.569
-611.62
-611.671
-611.722
-611.773
-611.824
-611.875
-611.926
-611.976
-612.027
-612.078
-612.129
-612.179
-612.23
-612.281
-612.331
-612.382
-612.432
-612.483
-612.533
-612.584
-612.634
-612.685
-612.735
-612.785
-612.836
-612.886
-612.936
-612.986
-613.037
-613.087
-613.137
-613.187
-613.237
-613.287
-613.337
-613.387
-613.437
-613.487
-613.537
-613.587
-613.637
-613.686
-613.736
-613.786
-613.836
-613.885
-613.935
-613.985
-614.034
-614.084
-614.133
-614.183
-614.232
-614.282
-614.331
-614.381
-614.43
-614.479
-614.529
-614.578
-614.627
-614.676
-614.726
-614.775
-614.824
-614.873
-614.922
-614.971
-615.02
-615.069
-615.118
-615.167
-615.216
-615.265
-615.314
-615.363
-615.411
-615.46
-615.509
-615.558
-615.606
-615.655
-615.703
-615.752
-615.801
-615.849
-615.898
-615.946
-615.994
-616.043
-616.091
-616.14
-616.188
-616.236
-616.285
-616.333
-616.381
-616.429
-616.477
-616.525
-616.573
-616.622
-616.67
-616.718
-616.766
-616.813
-616.861
-616.909
-616.957
-617.005
-617.053
-617.1
-617.148
-617.196
-617.244
-617.291
-617.339
-617.386
-617.434
-617.482
-617.529
-617.577
-617.624
-617.671
-617.719
-617.766
-617.813
-617.861
-617.908
-617.955
-618.002
-618.05
-618.097
-618.144
-618.191
-618.238
-618.285
-618.332
-618.379
-618.426
-618.473
-618.52
-618.567
-618.614
-618.66
-618.707
-618.754
-618.801
-618.847
-618.894
-618.941
-618.987
-619.034
-619.08
-619.127
-619.173
-619.22
-619.266
-619.313
-619.359
-619.405
-619.452
-619.498
-619.544
-619.59
-619.636
-619.683
-619.729
-619.775
-619.821
-619.867
-619.913
-619.959
-620.005
-620.051
-620.097
-620.143
-620.188
-620.234
-620.28
-620.326
-620.372
-620.417
-620.463
-620.509
-620.554
-620.6
-620.645
-620.691
-620.736
-620.782
-620.827
-620.873
-620.918
-620.963
-621.009
-621.054
-621.099
-621.144
-621.19
-621.235
-621.28
-621.325
-621.37
-621.415
-621.46
-621.505
-621.55
-621.595
-621.64
-621.685
-621.73
-621.774
-621.819
-621.864
-621.909
-621.953
-621.998
-622.043
-622.087
-622.132
-622.176
-622.221
-622.265
-622.31
-622.354
-622.399
-622.443
-622.488
-622.532
-622.576
-622.62
-622.665
-622.709
-622.753
-622.797
-622.841
-622.885
-622.929
-622.973
-623.017
-623.061
-623.105
-623.149
-623.193
-623.237
-623.281
-623.325
-623.368
-623.412
-623.456
-623.5
-623.543
-623.587
-623.63
-623.674
-623.717
-623.761
-623.804
-623.848
-623.891
-623.935
-623.978
-624.021
-624.065
-624.108
-624.151
-624.194
-624.238
-624.281
-624.324
-624.367
-624.41
-624.453
-624.496
-624.539
-624.582
-624.625
-624.668
-624.711
-624.753
-624.796
-624.839
-624.882
-624.925
-624.967
-625.01
-625.053
-625.095
-625.138
-625.18
-625.223
-625.265
-625.308
-625.35
-625.392
-625.435
-625.477
-625.519
-625.562
-625.604
-625.646
-625.688
-625.731
-625.773
-625.815
-625.857
-625.899
-625.941
-625.983
-626.025
-626.067
-626.109
-626.151
-626.192
-626.234
-626.276
-626.318
-626.36
-626.401
-626.443
-626.485
-626.526
-626.568
-626.609
-626.651
-626.692
-626.734
-626.775
-626.817
-626.858
-626.899
-626.941
-626.982
-627.023
-627.064
-627.106
-627.147
-627.188
-627.229
-627.27
-627.311
-627.352
-627.393
-627.434
-627.475
-627.516
-627.557
-627.598
-627.638
-627.679
-627.72
-627.761
-627.801
-627.842
-627.883
-627.923
-627.964
-628.005
-628.045
-628.086
-628.126
-628.166
-628.207
-628.247
-628.288
-628.328
-628.368
-628.409
-628.449
-628.489
-628.529
-628.569
-628.609
-628.65
-628.69
-628.73
-628.77
-628.81
-628.85
-628.889
-628.929
-628.969
-629.009
-629.049
-629.089
-629.128
-629.168
-629.208
-629.247
-629.287
-629.327
-629.366
-629.406
-629.445
-629.485
-629.524
-629.564
-629.603
-629.642
-629.682
-629.721
-629.76
-629.799
-629.839
-629.878
-629.917
-629.956
-629.995
-630.034
-630.073
-630.112
-630.151
-630.19
-630.229
-630.268
-630.307
-630.346
-630.385
-630.423
-630.462
-630.501
-630.54
-630.578
-630.617
-630.655
-630.694
-630.733
-630.771
-630.81
-630.848
-630.886
-630.925
-630.963
-631.002
-631.04
-631.078
-631.116
-631.155
-631.193
-631.231
-631.269
-631.307
-631.345
-631.383
-631.421
-631.459
-631.497
-631.535
-631.573
-631.611
-631.649
-631.687
-631.725
-631.762
-631.8
-631.838
-631.875
-631.913
-631.951
-631.988
-632.026
-632.063
-632.101
-632.138
-632.176
-632.213
-632.251
-632.288
-632.325
-632.363
-632.4
-632.437
-632.474
-632.511
-632.549
-632.586
-632.623
-632.66
-632.697
-632.734
-632.771
-632.808
-632.845
-632.882
-632.918
-632.955
-632.992
-633.029
-633.066
-633.102
-633.139
-633.176
-633.212
-633.249
-633.285
-633.322
-633.358
-633.395
-633.431
-633.468
-633.504
-633.54
-633.577
-633.613
-633.649
-633.686
-633.722
-633.758
-633.794
-633.83
-633.866
-633.902
-633.939
-633.975
-634.011
-634.046
-634.082
-634.118
-634.154
-634.19
-634.226
-634.262
-634.297
-634.333
-634.369
-634.404
-634.44
-634.476
-634.511
-634.547
-634.582
-634.618
-634.653
-634.689
-634.724
-634.759
-634.795
-634.83
-634.865
-634.901
-634.936
-634.971
-635.006
-635.041
-635.076
-635.112
-635.147
-635.182
-635.217
-635.252
-635.286
-635.321
-635.356
-635.391
-635.426
-635.461
-635.495
-635.53
-635.565
-635.6
-635.634
-635.669
-635.703
-635.738
-635.772
-635.807
-635.841
-635.876
-635.91
-635.945
-635.979
-636.013
-636.048
-636.082
-636.116
-636.15
-636.185
-636.219
-636.253
-636.287
-636.321
-636.355
-636.389
-636.423
-636.457
-636.491
-636.525
-636.559
-636.592
-636.626
-636.66
-636.694
-636.727
-636.761
-636.795
-636.828
-636.862
-636.896
-636.929
-636.963
-636.996
-637.029
-637.063
-637.096
-637.13
-637.163
-637.196
-637.23
-637.263
-637.296
-637.329
-637.362
-637.395
-637.429
-637.462
-637.495
-637.528
-637.561
-637.594
-637.627
-637.659
-637.692
-637.725
-637.758
-637.791
-637.824
-637.856
-637.889
-637.922
-637.954
-637.987
-638.019
-638.052
-638.084
-638.117
-638.149
-638.182
-638.214
-638.247
-638.279
-638.311
-638.344
-638.376
-638.408
-638.44
-638.472
-638.505
-638.537
-638.569
-638.601
-638.633
-638.665
-638.697
-638.729
-638.761
-638.792
-638.824
-638.856
-638.888
-638.92
-638.951
-638.983
-639.015
-639.046
-639.078
-639.11
-639.141
-639.173
-639.204
-639.236
-639.267
-639.299
-639.33
-639.361
-639.393
-639.424
-639.455
-639.486
-639.518
-639.549
-639.58
-639.611
-639.642
-639.673
-639.704
-639.735
-639.766
-639.797
-639.828
-639.859
-639.89
-639.921
-639.951
-639.982
-640.013
-640.044
-640.074
-640.105
-640.136
-640.166
-640.197
-640.227
-640.258
-640.288
-640.319
-640.349
-640.38
-640.41
-640.44
-640.471
-640.501
-640.531
-640.561
-640.592
-640.622
-640.652
-640.682
-640.712
-640.742
-640.772
-640.802
-640.832
-640.862
-640.892
-640.922
-640.952
-640.981
-641.011
-641.041
-641.071
-641.1
-641.13
-641.16
-641.189
-641.219
-641.248
-641.278
-641.307
-641.337
-641.366
-641.396
-641.425
-641.454
-641.484
-641.513
-641.542
-641.572
-641.601
-641.63
-641.659
-641.688
-641.717
-641.746
-641.775
-641.804
-641.833
-641.862
-641.891
-641.92
-641.949
-641.978
-642.006
-642.035
-642.064
-642.093
-642.121
-642.15
-642.179
-642.207
-642.236
-642.264
-642.293
-642.321
-642.35
-642.378
-642.407
-642.435
-642.463
-642.492
-642.52
-642.548
-642.576
-642.604
-642.633
-642.661
-642.689
-642.717
-642.745
-642.773
-642.801
-642.829
-642.857
-642.885
-642.913
-642.94
-642.968
-642.996
-643.024
-643.051
-643.079
-643.107
-643.134
-643.162
-643.19
-643.217
-643.245
-643.272
-643.3
-643.327
-643.354
-643.382
-643.409
-643.436
-643.464
-643.491
-643.518
-643.545
-643.573
-643.6
-643.627
-643.654
-643.681
-643.708
-643.735
-643.762
-643.789
-643.816
-643.843
-643.869
-643.896
-643.923
-643.95
-643.977
-644.003
-644.03
-644.057
-644.083
-644.11
-644.136
-644.163
-644.189
-644.216
-644.242
-644.269
-644.295
-644.321
-644.348
-644.374
-644.4
-644.427
-644.453
-644.479
-644.505
-644.531
-644.557
-644.583
-644.609
-644.635
-644.661
-644.687
-644.713
-644.739
-644.765
-644.791
-644.817
-644.842
-644.868
-644.894
-644.92
-644.945
-644.971
-644.996
-645.022
-645.047
-645.073
-645.098
-645.124
-645.149
-645.175
-645.2
-645.225
-645.251
-645.276
-645.301
-645.327
-645.352
-645.377
-645.402
-645.427
-645.452
-645.477
-645.502
-645.527
-645.552
-645.577
-645.602
-645.627
-645.652
-645.677
-645.701
-645.726
-645.751
-645.775
-645.8
-645.825
-645.849
-645.874
-645.899
-645.923
-645.948
-645.972
-645.996
-646.021
-646.045
-646.07
-646.094
-646.118
-646.142
-646.167
-646.191
-646.215
-646.239
-646.263
-646.287
-646.311
-646.336
-646.36
-646.383
-646.407
-646.431
-646.455
-646.479
-646.503
-646.527
-646.55
-646.574
-646.598
-646.622
-646.645
-646.669
-646.692
-646.716
-646.74
-646.763
-646.787
-646.81
-646.833
-646.857
-646.88
-646.903
-646.927
-646.95
-646.973
-646.997
-647.02
-647.043
-647.066
-647.089
-647.112
-647.135
-647.158
-647.181
-647.204
-647.227
-647.25
-647.273
-647.296
-647.319
-647.341
-647.364
-647.387
-647.409
-647.432
-647.455
-647.477
-647.5
-647.522
-647.545
-647.567
-647.59
-647.612
-647.635
-647.657
-647.68
-647.702
-647.724
-647.746
-647.769
-647.791
-647.813
-647.835
-647.857
-647.879
-647.901
-647.923
-647.945
-647.967
-647.989
-648.011
-648.033
-648.055
-648.077
-648.099
-648.12
-648.142
-648.164
-648.185
-648.207
-648.229
-648.25
-648.272
-648.293
-648.315
-648.336
-648.358
-648.379
-648.401
-648.422
-648.443
-648.465
-648.486
-648.507
-648.528
-648.549
-648.571
-648.592
-648.613
-648.634
-648.655
-648.676
-648.697
-648.718
-648.739
-648.76
-648.781
-648.801
-648.822
-648.843
-648.864
-648.884
-648.905
-648.926
-648.946
-648.967
-648.988
-649.008
-649.029
-649.049
-649.07
-649.09
-649.11
-649.131
-649.151
-649.172
-649.192
-649.212
-649.232
-649.252
-649.273
-649.293
-649.313
-649.333
-649.353
-649.373
-649.393
-649.413
-649.433
-649.453
-649.473
-649.493
-649.512
-649.532
-649.552
-649.572
-649.591
-649.611
-649.631
-649.65
-649.67
-649.689
-649.709
-649.728
-649.748
-649.767
-649.787
-649.806
-649.826
-649.845
-649.864
-649.883
-649.903
-649.922
-649.941
-649.96
-649.979
-649.998
-650.018
-650.037
-650.056
-650.075
-650.093
-650.112
-650.131
-650.15
-650.169
-650.188
-650.207
-650.225
-650.244
-650.263
-650.281
-650.3
-650.319
-650.337
-650.356
-650.374
-650.393
-650.411
-650.43
-650.448
-650.466
-650.485
-650.503
-650.521
-650.54
-650.558
-650.576
-650.594
-650.612
-650.63
-650.648
-650.667
-650.685
-650.703
-650.72
-650.738
-650.756
-650.774
-650.792
-650.81
-650.828
-650.845
-650.863
-650.881
-650.899
-650.916
-650.934
-650.951
-650.969
-650.986
-651.004
-651.021
-651.039
-651.056
-651.074
-651.091
-651.108
-651.126
-651.143
-651.16
-651.177
-651.194
-651.212
-651.229
-651.246
-651.263
-651.28
-651.297
-651.314
-651.331
-651.348
-651.365
-651.382
-651.398
-651.415
-651.432
-651.449
-651.465
-651.482
-651.499
-651.515
-651.532
-651.549
-651.565
-651.582
-651.598
-651.615
-651.631
-651.647
-651.664
-651.68
-651.696
-651.713
-651.729
-651.745
-651.761
-651.777
-651.794
-651.81
-651.826
-651.842
-651.858
-651.874
-651.89
-651.906
-651.922
-651.938
-651.953
-651.969
-651.985
-652.001
-652.016
-652.032
-652.048
-652.063
-652.079
-652.095
-652.11
-652.126
-652.141
-652.157
-652.172
-652.188
-652.203
-652.218
-652.234
-652.249
-652.264
-652.279
-652.295
-652.31
-652.325
-652.34
-652.355
-652.37
-652.385
-652.4
-652.415
-652.43
-652.445
-652.46
-652.475
-652.49
-652.504
-652.519
-652.534
-652.549
-652.563
-652.578
-652.593
-652.607
-652.622
-652.636
-652.651
-652.665
-652.68
-652.694
-652.709
-652.723
-652.737
-652.752
-652.766
-652.78
-652.794
-652.808
-652.823
-652.837
-652.851
-652.865
-652.879
-652.893
-652.907
-652.921
-652.935
-652.949
-652.963
-652.976
-652.99
-653.004
-653.018
-653.031
-653.045
-653.059
-653.072
-653.086
-653.1
-653.113
-653.127
-653.14
-653.154
-653.167
-653.181
-653.194
-653.207
-653.221
-653.234
-653.247
-653.26
-653.274
-653.287
-653.3
-653.313
-653.326
-653.339
-653.352
-653.365
-653.378
-653.391
-653.404
-653.417
-653.43
-653.442
-653.455
-653.468
-653.481
-653.493
-653.506
-653.519
-653.531
-653.544
-653.557
-653.569
-653.582
-653.594
-653.606
-653.619
-653.631
-653.644
-653.656
-653.668
-653.681
-653.693
-653.705
-653.717
-653.729
-653.741
-653.754
-653.766
-653.778
-653.79
-653.802
-653.814
-653.825
-653.837
-653.849
-653.861
-653.873
-653.885
-653.896
-653.908
-653.92
-653.931
-653.943
-653.955
-653.966
-653.978
-653.989
-654.001
-654.012
-654.024
-654.035
-654.046
-654.058
-654.069
-654.08
-654.091
-654.103
-654.114
-654.125
-654.136
-654.147
-654.158
-654.169
-654.18
-654.191
-654.202
-654.213
-654.224
-654.235
-654.246
-654.257
-654.267
-654.278
-654.289
-654.3
-654.31
-654.321
-654.331
-654.342
-654.353
-654.363
-654.374
-654.384
-654.394
-654.405
-654.415
-654.426
-654.436
-654.446
-654.456
-654.467
-654.477
-654.487
-654.497
-654.507
-654.517
-654.527
-654.537
-654.547
-654.557
-654.567
-654.577
-654.587
-654.597
-654.606
-654.616
-654.626
-654.636
-654.645
-654.655
-654.665
-654.674
-654.684
-654.693
-654.703
-654.712
-654.722
-654.731
-654.741
-654.75
-654.759
-654.769
-654.778
-654.787
-654.796
-654.805
-654.815
-654.824
-654.833
-654.842
-654.851
-654.86
-654.869
-654.878
-654.887
-654.895
-654.904
-654.913
-654.922
-654.931
-654.939
-654.948
-654.957
-654.965
-654.974
-654.982
-654.991
-654.999
-655.008
-655.016
-655.025
-655.033
-655.041
-655.05
-655.058
-655.066
-655.074
-655.083
-655.091
-655.099
-655.107
-655.115
-655.123
-655.131
-655.139
-655.147
-655.155
-655.163
-655.17
-655.178
-655.186
-655.193
-655.201
-655.209
-655.216
-655.224
-655.231
-655.239
-655.246
-655.253
-655.26
-655.268
-655.275
-655.282
-655.289
-655.295
-655.302
-655.308
