-15.3211
-15.5338
-15.7465
-15.9592
-16.1719
-16.3845
-16.5971
-16.8096
-17.0221
-17.2346
-17.4471
-17.6595
-17.8719
-18.0843
-18.2966
-18.5089
-18.7212
-18.9335
-19.1457
-19.3579
-19.57
-19.7822
-19.9943
-20.2064
-20.4184
-20.6304
-20.8424
-21.0543
-21.2663
-21.4782
-21.69
-21.9018
-22.1136
-22.3254
-22.5372
-22.7489
-22.9605
-23.1722
-23.3838
-23.5954
-23.807
-24.0185
-24.23
-24.4415
-24.6529
-24.8643
-25.0757
-25.2871
-25.4984
-25.7097
-25.9209
-26.1322
-26.3434
-26.5545
-26.7657
-26.9768
-27.1879
-27.3989
-27.6099
-27.8209
-28.0319
-28.2428
-28.4537
-28.6646
-28.8754
-29.0862
-29.297
-29.5077
-29.7185
-29.9292
-30.1398
-30.3504
-30.561
-30.7716
-30.9822
-31.1927
-31.4031
-31.6136
-31.824
-32.0344
-32.2448
-32.4551
-32.6654
-32.8756
-33.0859
-33.2961
-33.5063
-33.7164
-33.9265
-34.1366
-34.3467
-34.5567
-34.7667
-34.9767
-35.1866
-35.3965
-35.6064
-35.8163
-36.0261
-36.2359
-36.4456
-36.6553
-36.865
-37.0747
-37.2843
-37.494
-37.7035
-37.9131
-38.1226
-38.3321
-38.5415
-38.751
-38.9604
-39.1697
-39.3791
-39.5884
-39.7977
-40.0069
-40.2161
-40.4253
-40.6345
-40.8436
-41.0527
-41.2618
-41.4708
-41.6798
-41.8888
-42.0977
-42.3066
-42.5155
-42.7244
-42.9332
-43.142
-43.3508
-43.5595
-43.7682
-43.9769
-44.1855
-44.3941
-44.6027
-44.8113
-45.0198
-45.2283
-45.4368
-45.6452
-45.8536
-46.062
-46.2703
-46.4786
-46.6869
-46.8952
-47.1034
-47.3116
-47.5198
-47.7279
-47.936
-48.1441
-48.3521
-48.5601
-48.7681
-48.9761
-49.184
-49.3919
-49.5998
-49.8076
-50.0154
-50.2232
-50.4309
-50.6386
-50.8463
-51.054
-51.2616
-51.4692
-51.6768
-51.8843
-52.0918
-52.2993
-52.5067
-52.7141
-52.9215
-53.1289
-53.3362
-53.5435
-53.7508
-53.958
-54.1652
-54.3724
-54.5795
-54.7866
-54.9937
-55.2008
-55.4078
-55.6148
-55.8217
-56.0287
-56.2356
-56.4424
-56.6493
-56.8561
-57.0629
-57.2696
-57.4764
-57.683
-57.8897
-58.0963
-58.3029
-58.5095
-58.7161
-58.9226
-59.1291
-59.3355
-59.5419
-59.7483
-59.9547
-60.161
-60.3673
-60.5736
-60.7798
-60.986
-61.1922
-61.3984
-61.6045
-61.8106
-62.0166
-62.2227
-62.4287
-62.6347
-62.8406
-63.0465
-63.2524
-63.4582
-63.6641
-63.8698
-64.0756
-64.2813
-64.487
-64.6927
-64.8984
-65.104
-65.3095
-65.5151
-65.7206
-65.9261
-66.1316
-66.337
-66.5424
-66.7478
-66.9531
-67.1584
-67.3637
-67.5689
-67.7742
-67.9794
-68.1845
-68.3896
-68.5947
-68.7998
-69.0048
-69.2099
-69.4148
-69.6198
-69.8247
-70.0296
-70.2345
-70.4393
-70.6441
-70.8489
-71.0536
-71.2583
-71.463
-71.6676
-71.8722
-72.0768
-72.2814
-72.4859
-72.6904
-72.8949
-73.0993
-73.3037
-73.5081
-73.7125
-73.9168
-74.1211
-74.3253
-74.5296
-74.7337
-74.9379
-75.1421
-75.3462
-75.5502
-75.7543
-75.9583
-76.1623
-76.3663
-76.5702
-76.7741
-76.9779
-77.1818
-77.3856
-77.5894
-77.7931
-77.9968
-78.2005
-78.4042
-78.6078
-78.8114
-79.015
-79.2185
-79.422
-79.6255
-79.8289
-80.0323
-80.2357
-80.4391
-80.6424
-80.8457
-81.049
-81.2522
-81.4554
-81.6586
-81.8617
-82.0649
-82.2679
-82.471
-82.674
-82.877
-83.08
-83.2829
-83.4858
-83.6887
-83.8915
-84.0944
-84.2971
-84.4999
-84.7026
-84.9053
-85.108
-85.3106
-85.5132
-85.7158
-85.9183
-86.1209
-86.3233
-86.5258
-86.7282
-86.9306
-87.133
-87.3353
-87.5376
-87.7399
-87.9421
-88.1443
-88.3465
-88.5487
-88.7508
-88.9529
-89.155
-89.357
-89.559
-89.761
-89.9629
-90.1648
-90.3667
-90.5686
-90.7704
-90.9722
-91.1739
-91.3757
-91.5774
-91.7791
-91.9807
-92.1823
-92.3839
-92.5854
-92.787
-92.9885
-93.1899
-93.3914
-93.5928
-93.7941
-93.9955
-94.1968
-94.3981
-94.5993
-94.8005
-95.0017
-95.2029
-95.404
-95.6051
-95.8062
-96.0072
-96.2082
-96.4092
-96.6102
-96.8111
-97.012
-97.2129
-97.4137
-97.6145
-97.8153
-98.016
-98.2167
-98.4174
-98.618
-98.8187
-99.0193
-99.2198
-99.4203
-99.6208
-99.8213
-100.022
-100.222
-100.423
-100.623
-100.823
-101.024
-101.224
-101.424
-101.624
-101.824
-102.025
-102.225
-102.425
-102.625
-102.825
-103.025
-103.225
-103.425
-103.625
-103.824
-104.024
-104.224
-104.424
-104.624
-104.823
-105.023
-105.223
-105.422
-105.622
-105.821
-106.021
-106.22
-106.42
-106.619
-106.819
-107.018
-107.218
-107.417
-107.616
-107.815
-108.015
-108.214
-108.413
-108.612
-108.811
-109.01
-109.21
-109.409
-109.608
-109.806
-110.005
-110.204
-110.403
-110.602
-110.801
-111
-111.198
-111.397
-111.596
-111.795
-111.993
-112.192
-112.39
-112.589
-112.787
-112.986
-113.184
-113.383
-113.581
-113.78
-113.978
-114.176
-114.374
-114.573
-114.771
-114.969
-115.167
-115.365
-115.563
-115.762
-115.96
-116.158
-116.356
-116.553
-116.751
-116.949
-117.147
-117.345
-117.543
-117.741
-117.938
-118.136
-118.334
-118.531
-118.729
-118.926
-119.124
-119.322
-119.519
-119.717
-119.914
-120.111
-120.309
-120.506
-120.703
-120.901
-121.098
-121.295
-121.492
-121.689
-121.887
-122.084
-122.281
-122.478
-122.675
-122.872
-123.069
-123.266
-123.463
-123.659
-123.856
-124.053
-124.25
-124.447
-124.643
-124.84
-125.037
-125.233
-125.43
-125.626
-125.823
-126.019
-126.216
-126.412
-126.609
-126.805
-127.002
-127.198
-127.394
-127.59
-127.787
-127.983
-128.179
-128.375
-128.571
-128.767
-128.963
-129.159
-129.355
-129.551
-129.747
-129.943
-130.139
-130.335
-130.531
-130.726
-130.922
-131.118
-131.314
-131.509
-131.705
-131.901
-132.096
-132.292
-132.487
-132.683
-132.878
-133.074
-133.269
-133.464
-133.66
-133.855
-134.05
-134.245
-134.441
-134.636
-134.831
-135.026
-135.221
-135.416
-135.611
-135.806
-136.001
-136.196
-136.391
-136.586
-136.781
-136.976
-137.17
-137.365
-137.56
-137.755
-137.949
-138.144
-138.338
-138.533
-138.728
-138.922
-139.117
-139.311
-139.505
-139.7
-139.894
-140.089
-140.283
-140.477
-140.671
-140.866
-141.06
-141.254
-141.448
-141.642
-141.836
-142.03
-142.224
-142.418
-142.612
-142.806
-143
-143.194
-143.388
-143.581
-143.775
-143.969
-144.163
-144.356
-144.55
-144.744
-144.937
-145.131
-145.324
-145.518
-145.711
-145.905
-146.098
-146.291
-146.485
-146.678
-146.871
-147.065
-147.258
-147.451
-147.644
-147.837
-148.03
-148.224
-148.417
-148.61
-148.803
-148.996
-149.188
-149.381
-149.574
-149.767
-149.96
-150.153
-150.345
-150.538
-150.731
-150.923
-151.116
-151.309
-151.501
-151.694
-151.886
-152.079
-152.271
-152.464
-152.656
-152.848
-153.041
-153.233
-153.425
-153.617
-153.81
-154.002
-154.194
-154.386
-154.578
-154.77
-154.962
-155.154
-155.346
-155.538
-155.73
-155.922
-156.114
-156.305
-156.497
-156.689
-156.881
-157.072
-157.264
-157.456
-157.647
-157.839
-158.03
-158.222
-158.413
-158.605
-158.796
-158.988
-159.179
-159.37
-159.562
-159.753
-159.944
-160.135
-160.327
-160.518
-160.709
-160.9
-161.091
-161.282
-161.473
-161.664
-161.855
-162.046
-162.237
-162.428
-162.618
-162.809
-163
-163.191
-163.381
-163.572
-163.763
-163.953
-164.144
-164.334
-164.525
-164.715
-164.906
-165.096
-165.287
-165.477
-165.667
-165.858
-166.048
-166.238
-166.428
-166.619
-166.809
-166.999
-167.189
-167.379
-167.569
-167.759
-167.949
-168.139
-168.329
-168.519
-168.709
-168.898
-169.088
-169.278
-169.468
-169.657
-169.847
-170.037
-170.226
-170.416
-170.606
-170.795
-170.985
-171.174
-171.363
-171.553
-171.742
-171.932
-172.121
-172.31
-172.499
-172.689
-172.878
-173.067
-173.256
-173.445
-173.634
-173.823
-174.012
-174.201
-174.39
-174.579
-174.768
-174.957
-175.146
-175.335
-175.523
-175.712
-175.901
-176.09
-176.278
-176.467
-176.655
-176.844
-177.032
-177.221
-177.409
-177.598
-177.786
-177.975
-178.163
-178.351
-178.54
-178.728
-178.916
-179.104
-179.293
-179.481
-179.669
-179.857
-180.045
-180.233
-180.421
-180.609
-180.797
-180.985
-181.173
-181.36
-181.548
-181.736
-181.924
-182.111
-182.299
-182.487
-182.674
-182.862
-183.05
-183.237
-183.425
-183.612
-183.8
-183.987
-184.174
-184.362
-184.549
-184.736
-184.924
-185.111
-185.298
-185.485
-185.672
-185.86
-186.047
-186.234
-186.421
-186.608
-186.795
-186.982
-187.169
-187.355
-187.542
-187.729
-187.916
-188.103
-188.289
-188.476
-188.663
-188.849
-189.036
-189.223
-189.409
-189.596
-189.782
-189.969
-190.155
-190.341
-190.528
-190.714
-190.9
-191.087
-191.273
-191.459
-191.645
-191.831
-192.018
-192.204
-192.39
-192.576
-192.762
-192.948
-193.134
-193.32
-193.506
-193.691
-193.877
-194.063
-194.249
-194.434
-194.62
-194.806
-194.992
-195.177
-195.363
-195.548
-195.734
-195.919
-196.105
-196.29
-196.476
-196.661
-196.846
-197.032
-197.217
-197.402
-197.587
-197.773
-197.958
-198.143
-198.328
-198.513
-198.698
-198.883
-199.068
-199.253
-199.438
-199.623
-199.808
-199.993
-200.177
-200.362
-200.547
-200.732
-200.916
-201.101
-201.286
-201.47
-201.655
-201.839
-202.024
-202.208
-202.393
-202.577
-202.761
-202.946
-203.13
-203.314
-203.499
-203.683
-203.867
-204.051
-204.235
-204.419
-204.604
-204.788
-204.972
-205.156
-205.34
-205.524
-205.707
-205.891
-206.075
-206.259
-206.443
-206.626
-206.81
-206.994
-207.178
-207.361
-207.545
-207.728
-207.912
-208.095
-208.279
-208.462
-208.646
-208.829
-209.012
-209.196
-209.379
-209.562
-209.746
-209.929
-210.112
-210.295
-210.478
-210.661
-210.844
-211.027
-211.21
-211.393
-211.576
-211.759
-211.942
-212.125
-212.308
-212.491
-212.673
-212.856
-213.039
-213.221
-213.404
-213.587
-213.769
-213.952
-214.134
-214.317
-214.499
-214.682
-214.864
-215.046
-215.229
-215.411
-215.593
-215.776
-215.958
-216.14
-216.322
-216.504
-216.686
-216.868
-217.05
-217.232
-217.414
-217.596
-217.778
-217.96
-218.142
-218.324
-218.506
-218.687
-218.869
-219.051
-219.232
-219.414
-219.596
-219.777
-219.959
-220.14
-220.322
-220.503
-220.685
-220.866
-221.048
-221.229
-221.41
-221.591
-221.773
-221.954
-222.135
-222.316
-222.497
-222.679
-222.86
-223.041
-223.222
-223.403
-223.584
-223.765
-223.945
-224.126
-224.307
-224.488
-224.669
-224.849
-225.03
-225.211
-225.391
-225.572
-225.753
-225.933
-226.114
-226.294
-226.475
-226.655
-226.836
-227.016
-227.196
-227.377
-227.557
-227.737
-227.917
-228.098
-228.278
-228.458
-228.638
-228.818
-228.998
-229.178
-229.358
-229.538
-229.718
-229.898
-230.078
-230.258
-230.437
-230.617
-230.797
-230.977
-231.156
-231.336
-231.516
-231.695
-231.875
-232.054
-232.234
-232.413
-232.593
-232.772
-232.952
-233.131
-233.31
-233.49
-233.669
-233.848
-234.027
-234.206
-234.386
-234.565
-234.744
-234.923
-235.102
-235.281
-235.46
-235.639
-235.818
-235.997
-236.175
-236.354
-236.533
-236.712
-236.891
-237.069
-237.248
-237.427
-237.605
-237.784
-237.962
-238.141
-238.319
-238.498
-238.676
-238.855
-239.033
-239.211
-239.39
-239.568
-239.746
-239.924
-240.102
-240.281
-240.459
-240.637
-240.815
-240.993
-241.171
-241.349
-241.527
-241.705
-241.883
-242.06
-242.238
-242.416
-242.594
-242.772
-242.949
-243.127
-243.305
-243.482
-243.66
-243.837
-244.015
-244.192
-244.37
-244.547
-244.725
-244.902
-245.079
-245.257
-245.434
-245.611
-245.788
-245.966
-246.143
-246.32
-246.497
-246.674
-246.851
-247.028
-247.205
-247.382
-247.559
-247.736
-247.913
-248.09
-248.266
-248.443
-248.62
-248.797
-248.973
-249.15
-249.326
-249.503
-249.68
-249.856
-250.033
-250.209
-250.386
-250.562
-250.738
-250.915
-251.091
-251.267
-251.444
-251.62
-251.796
-251.972
-252.148
-252.324
-252.5
-252.677
-252.853
-253.029
-253.204
-253.38
-253.556
-253.732
-253.908
-254.084
-254.26
-254.435
-254.611
-254.787
-254.962
-255.138
-255.314
-255.489
-255.665
-255.84
-256.016
-256.191
-256.367
-256.542
-256.717
-256.893
-257.068
-257.243
-257.418
-257.594
-257.769
-257.944
-258.119
-258.294
-258.469
-258.644
-258.819
-258.994
-259.169
-259.344
-259.519
-259.694
-259.869
-260.043
-260.218
-260.393
-260.567
-260.742
-260.917
-261.091
-261.266
-261.44
-261.615
-261.789
-261.964
-262.138
-262.313
-262.487
-262.661
-262.836
-263.01
-263.184
-263.358
-263.533
-263.707
-263.881
-264.055
-264.229
-264.403
-264.577
-264.751
-264.925
-265.099
-265.273
-265.447
-265.62
-265.794
-265.968
-266.142
-266.315
-266.489
-266.663
-266.836
-267.01
-267.184
-267.357
-267.531
-267.704
-267.877
-268.051
-268.224
-268.398
-268.571
-268.744
-268.917
-269.091
-269.264
-269.437
-269.61
-269.783
-269.956
-270.129
-270.302
-270.475
-270.648
-270.821
-270.994
-271.167
-271.34
-271.512
-271.685
-271.858
-272.031
-272.203
-272.376
-272.549
-272.721
-272.894
-273.066
-273.239
-273.411
-273.584
-273.756
-273.928
-274.101
-274.273
-274.445
-274.618
-274.79
-274.962
-275.134
-275.306
-275.478
-275.651
-275.823
-275.995
-276.167
-276.339
-276.51
-276.682
-276.854
-277.026
-277.198
-277.37
-277.541
-277.713
-277.885
-278.056
-278.228
-278.4
-278.571
-278.743
-278.914
-279.086
-279.257
-279.429
-279.6
-279.771
-279.943
-280.114
-280.285
-280.456
-280.628
-280.799
-280.97
-281.141
-281.312
-281.483
-281.654
-281.825
-281.996
-282.167
-282.338
-282.509
-282.68
-282.851
-283.021
-283.192
-283.363
-283.533
-283.704
-283.875
-284.045
-284.216
-284.386
-284.557
-284.727
-284.898
-285.068
-285.239
-285.409
-285.579
-285.75
-285.92
-286.09
-286.26
-286.431
-286.601
-286.771
-286.941
-287.111
-287.281
-287.451
-287.621
-287.791
-287.961
-288.131
-288.301
-288.47
-288.64
-288.81
-288.98
-289.149
-289.319
-289.489
-289.658
-289.828
-289.997
-290.167
-290.336
-290.506
-290.675
-290.845
-291.014
-291.183
-291.353
-291.522
-291.691
-291.86
-292.03
-292.199
-292.368
-292.537
-292.706
-292.875
-293.044
-293.213
-293.382
-293.551
-293.72
-293.889
-294.058
-294.226
-294.395
-294.564
-294.733
-294.901
-295.07
-295.238
-295.407
-295.576
-295.744
-295.913
-296.081
-296.25
-296.418
-296.586
-296.755
-296.923
-297.091
-297.259
-297.428
-297.596
-297.764
-297.932
-298.1
-298.268
-298.436
-298.604
-298.772
-298.94
-299.108
-299.276
-299.444
-299.612
-299.78
-299.947
-300.115
-300.283
-300.451
-300.618
-300.786
-300.953
-301.121
-301.289
-301.456
-301.623
-301.791
-301.958
-302.126
-302.293
-302.46
-302.628
-302.795
-302.962
-303.129
-303.297
-303.464
-303.631
-303.798
-303.965
-304.132
-304.299
-304.466
-304.633
-304.8
-304.967
-305.133
-305.3
-305.467
-305.634
-305.8
-305.967
-306.134
-306.3
-306.467
-306.634
-306.8
-306.967
-307.133
-307.3
-307.466
-307.632
-307.799
-307.965
-308.131
-308.298
-308.464
-308.63
-308.796
-308.962
-309.129
-309.295
-309.461
-309.627
-309.793
-309.959
-310.125
-310.29
-310.456
-310.622
-310.788
-310.954
-311.12
-311.285
-311.451
-311.617
-311.782
-311.948
-312.113
-312.279
-312.445
-312.61
-312.775
-312.941
-313.106
-313.272
-313.437
-313.602
-313.768
-313.933
-314.098
-314.263
-314.428
-314.593
-314.759
-314.924
-315.089
-315.254
-315.419
-315.584
-315.748
-315.913
-316.078
-316.243
-316.408
-316.573
-316.737
-316.902
-317.067
-317.231
-317.396
-317.561
-317.725
-317.89
-318.054
-318.219
-318.383
-318.547
-318.712
-318.876
-319.04
-319.205
-319.369
-319.533
-319.697
-319.861
-320.026
-320.19
-320.354
-320.518
-320.682
-320.846
-321.01
-321.174
-321.338
-321.501
-321.665
-321.829
-321.993
-322.157
-322.32
-322.484
-322.648
-322.811
-322.975
-323.138
-323.302
-323.465
-323.629
-323.792
-323.956
-324.119
-324.282
-324.446
-324.609
-324.772
-324.936
-325.099
-325.262
-325.425
-325.588
-325.751
-325.914
-326.077
-326.24
-326.403
-326.566
-326.729
-326.892
-327.055
-327.218
-327.38
-327.543
-327.706
-327.868
-328.031
-328.194
-328.356
-328.519
-328.681
-328.844
-329.006
-329.169
-329.331
-329.494
-329.656
-329.818
-329.981
-330.143
-330.305
-330.467
-330.63
-330.792
-330.954
-331.116
-331.278
-331.44
-331.602
-331.764
-331.926
-332.088
-332.25
-332.411
-332.573
-332.735
-332.897
-333.058
-333.22
-333.382
-333.543
-333.705
-333.867
-334.028
-334.19
-334.351
-334.513
-334.674
-334.835
-334.997
-335.158
-335.319
-335.481
-335.642
-335.803
-335.964
-336.125
-336.287
-336.448
-336.609
-336.77
-336.931
-337.092
-337.253
-337.414
-337.574
-337.735
-337.896
-338.057
-338.218
-338.378
-338.539
-338.7
-338.86
-339.021
-339.182
-339.342
-339.503
-339.663
-339.824
-339.984
-340.144
-340.305
-340.465
-340.625
-340.786
-340.946
-341.106
-341.266
-341.427
-341.587
-341.747
-341.907
-342.067
-342.227
-342.387
-342.547
-342.707
-342.867
-343.026
-343.186
-343.346
-343.506
-343.666
-343.825
-343.985
-344.145
-344.304
-344.464
-344.623
-344.783
-344.942
-345.102
-345.261
-345.421
-345.58
-345.739
-345.899
-346.058
-346.217
-346.376
-346.536
-346.695
-346.854
-347.013
-347.172
-347.331
-347.49
-347.649
-347.808
-347.967
-348.126
-348.285
-348.444
-348.602
-348.761
-348.92
-349.079
-349.237
-349.396
-349.555
-349.713
-349.872
-350.03
-350.189
-350.347
-350.506
-350.664
-350.823
-350.981
-351.139
-351.297
-351.456
-351.614
-351.772
-351.93
-352.088
-352.247
-352.405
-352.563
-352.721
-352.879
-353.037
-353.195
-353.353
-353.51
-353.668
-353.826
-353.984
-354.142
-354.299
-354.457
-354.615
-354.772
-354.93
-355.087
-355.245
-355.402
-355.56
-355.717
-355.875
-356.032
-356.19
-356.347
-356.504
-356.661
-356.819
-356.976
-357.133
-357.29
-357.447
-357.604
-357.761
-357.919
-358.076
-358.232
-358.389
-358.546
-358.703
-358.86
-359.017
-359.174
-359.33
-359.487
-359.644
-359.8
-359.957
-360.114
-360.27
-360.427
-360.583
-360.74
-360.896
-361.053
-361.209
-361.365
-361.522
-361.678
-361.834
-361.991
-362.147
-362.303
-362.459
-362.615
-362.771
-362.927
-363.084
-363.24
-363.395
-363.551
-363.707
-363.863
-364.019
-364.175
-364.331
-364.486
-364.642
-364.798
-364.954
-365.109
-365.265
-365.42
-365.576
-365.731
-365.887
-366.042
-366.198
-366.353
-366.509
-366.664
-366.819
-366.975
-367.13
-367.285
-367.44
-367.595
-367.751
-367.906
-368.061
-368.216
-368.371
-368.526
-368.681
-368.836
-368.99
-369.145
-369.3
-369.455
-369.61
-369.764
-369.919
-370.074
-370.228
-370.383
-370.538
-370.692
-370.847
-371.001
-371.156
-371.31
-371.465
-371.619
-371.773
-371.928
-372.082
-372.236
-372.39
-372.545
-372.699
-372.853
-373.007
-373.161
-373.315
-373.469
-373.623
-373.777
-373.931
-374.085
-374.239
-374.393
-374.546
-374.7
-374.854
-375.008
-375.161
-375.315
-375.469
-375.622
-375.776
-375.929
-376.083
-376.236
-376.39
-376.543
-376.697
-376.85
-377.003
-377.157
-377.31
-377.463
-377.616
-377.769
-377.923
-378.076
-378.229
-378.382
-378.535
-378.688
-378.841
-378.994
-379.147
-379.299
-379.452
-379.605
-379.758
-379.911
-380.063
-380.216
-380.369
-380.521
-380.674
-380.827
-380.979
-381.132
-381.284
-381.437
-381.589
-381.741
-381.894
-382.046
-382.198
-382.351
-382.503
-382.655
-382.807
-382.959
-383.112
-383.264
-383.416
-383.568
-383.72
-383.872
-384.024
-384.176
-384.327
-384.479
-384.631
-384.783
-384.935
-385.086
-385.238
-385.39
-385.541
-385.693
-385.845
-385.996
-386.148
-386.299
-386.451
-386.602
-386.753
-386.905
-387.056
-387.207
-387.359
-387.51
-387.661
-387.812
-387.963
-388.115
-388.266
-388.417
-388.568
-388.719
-388.87
-389.021
-389.172
-389.323
-389.473
-389.624
-389.775
-389.926
-390.076
-390.227
-390.378
-390.529
-390.679
-390.83
-390.98
-391.131
-391.281
-391.432
-391.582
-391.733
-391.883
-392.033
-392.184
-392.334
-392.484
-392.634
-392.785
-392.935
-393.085
-393.235
-393.385
-393.535
-393.685
-393.835
-393.985
-394.135
-394.285
-394.435
-394.585
-394.734
-394.884
-395.034
-395.184
-395.333
-395.483
-395.633
-395.782
-395.932
-396.081
-396.231
-396.38
-396.53
-396.679
-396.828
-396.978
-397.127
-397.276
-397.426
-397.575
-397.724
-397.873
-398.022
-398.171
-398.321
-398.47
-398.619
-398.768
-398.917
-399.066
-399.214
-399.363
-399.512
-399.661
-399.81
-399.958
-400.107
-400.256
-400.405
-400.553
-400.702
-400.85
-400.999
-401.147
-401.296
-401.444
-401.593
-401.741
-401.889
-402.038
-402.186
-402.334
-402.483
-402.631
-402.779
-402.927
-403.075
-403.223
-403.371
-403.519
-403.667
-403.815
-403.963
-404.111
-404.259
-404.407
-404.555
-404.703
-404.85
-404.998
-405.146
-405.293
-405.441
-405.589
-405.736
-405.884
-406.031
-406.179
-406.326
-406.474
-406.621
-406.768
-406.916
-407.063
-407.21
-407.358
-407.505
-407.652
-407.799
-407.946
-408.093
-408.24
-408.387
-408.534
-408.681
-408.828
-408.975
-409.122
-409.269
-409.416
-409.563
-409.709
-409.856
-410.003
-410.149
-410.296
-410.443
-410.589
-410.736
-410.882
-411.029
-411.175
-411.322
-411.468
-411.614
-411.761
-411.907
-412.053
-412.2
-412.346
-412.492
-412.638
-412.784
-412.93
-413.077
-413.223
-413.369
-413.515
-413.661
-413.806
-413.952
-414.098
-414.244
-414.39
-414.536
-414.681
-414.827
-414.973
-415.118
-415.264
-415.41
-415.555
-415.701
-415.846
-415.992
-416.137
-416.282
-416.428
-416.573
-416.719
-416.864
-417.009
-417.154
-417.299
-417.445
-417.59
-417.735
-417.88
-418.025
-418.17
-418.315
-418.46
-418.605
-418.75
-418.895
-419.039
-419.184
-419.329
-419.474
-419.619
-419.763
-419.908
-420.052
-420.197
-420.342
-420.486
-420.631
-420.775
-420.92
-421.064
-421.208
-421.353
-421.497
-421.641
-421.786
-421.93
-422.074
-422.218
-422.362
-422.507
-422.651
-422.795
-422.939
-423.083
-423.227
-423.371
-423.514
-423.658
-423.802
-423.946
-424.09
-424.234
-424.377
-424.521
-424.665
-424.808
-424.952
-425.095
-425.239
-425.382
-425.526
-425.669
-425.813
-425.956
-426.1
-426.243
-426.386
-426.529
-426.673
-426.816
-426.959
-427.102
-427.245
-427.388
-427.531
-427.675
-427.818
-427.96
-428.103
-428.246
-428.389
-428.532
-428.675
-428.818
-428.96
-429.103
-429.246
-429.389
-429.531
-429.674
-429.816
-429.959
-430.101
-430.244
-430.386
-430.529
-430.671
-430.814
-430.956
-431.098
-431.24
-431.383
-431.525
-431.667
-431.809
-431.951
-432.094
-432.236
-432.378
-432.52
-432.662
-432.804
-432.945
-433.087
-433.229
-433.371
-433.513
-433.655
-433.796
-433.938
-434.08
-434.221
-434.363
-434.505
-434.646
-434.788
-434.929
-435.071
-435.212
-435.353
-435.495
-435.636
-435.777
-435.919
-436.06
-436.201
-436.342
-436.484
-436.625
-436.766
-436.907
-437.048
-437.189
-437.33
-437.471
-437.612
-437.753
-437.894
-438.034
-438.175
-438.316
-438.457
-438.597
-438.738
-438.879
-439.019
-439.16
-439.3
-439.441
-439.582
-439.722
-439.862
-440.003
-440.143
-440.284
-440.424
-440.564
-440.704
-440.845
-440.985
-441.125
-441.265
-441.405
-441.545
-441.685
-441.825
-441.965
-442.105
-442.245
-442.385
-442.525
-442.665
-442.805
-442.945
-443.084
-443.224
-443.364
-443.503
-443.643
-443.783
-443.922
-444.062
-444.201
-444.341
-444.48
-444.62
-444.759
-444.898
-445.038
-445.177
-445.316
-445.455
-445.595
-445.734
-445.873
-446.012
-446.151
-446.29
-446.429
-446.568
-446.707
-446.846
-446.985
-447.124
-447.263
-447.402
-447.54
-447.679
-447.818
-447.956
-448.095
-448.234
-448.372
-448.511
-448.65
-448.788
-448.927
-449.065
-449.203
-449.342
-449.48
-449.618
-449.757
-449.895
-450.033
-450.172
-450.31
-450.448
-450.586
-450.724
-450.862
-451
-451.138
-451.276
-451.414
-451.552
-451.69
-451.828
-451.966
-452.103
-452.241
-452.379
-452.517
-452.654
-452.792
-452.929
-453.067
-453.205
-453.342
-453.48
-453.617
-453.754
-453.892
-454.029
-454.167
-454.304
-454.441
-454.578
-454.716
-454.853
-454.99
-455.127
-455.264
-455.401
-455.538
-455.675
-455.812
-455.949
-456.086
-456.223
-456.36
-456.497
-456.634
-456.77
-456.907
-457.044
-457.18
-457.317
-457.454
-457.59
-457.727
-457.863
-458
-458.136
-458.273
-458.409
-458.546
-458.682
-458.818
-458.955
-459.091
-459.227
-459.363
-459.499
-459.636
-459.772
-459.908
-460.044
-460.18
-460.316
-460.452
-460.588
-460.724
-460.859
-460.995
-461.131
-461.267
-461.403
-461.538
-461.674
-461.81
-461.945
-462.081
-462.216
-462.352
-462.487
-462.623
-462.758
-462.894
-463.029
-463.165
-463.3
-463.435
-463.57
-463.706
-463.841
-463.976
-464.111
-464.246
-464.381
-464.516
-464.651
-464.786
-464.921
-465.056
-465.191
-465.326
-465.461
-465.596
-465.73
-465.865
-466
-466.135
-466.269
-466.404
-466.539
-466.673
-466.808
-466.942
-467.077
-467.211
-467.346
-467.48
-467.614
-467.749
-467.883
-468.017
-468.151
-468.286
-468.42
-468.554
-468.688
-468.822
-468.956
-469.09
-469.224
-469.358
-469.492
-469.626
-469.76
-469.894
-470.028
-470.161
-470.295
-470.429
-470.563
-470.696
-470.83
-470.964
-471.097
-471.231
-471.364
-471.498
-471.631
-471.765
-471.898
-472.031
-472.165
-472.298
-472.431
-472.564
-472.698
-472.831
-472.964
-473.097
-473.23
-473.363
-473.496
-473.629
-473.762
-473.895
-474.028
-474.161
-474.294
-474.427
-474.56
-474.692
-474.825
-474.958
-475.09
-475.223
-475.356
-475.488
-475.621
-475.753
-475.886
-476.018
-476.151
-476.283
-476.416
-476.548
-476.68
-476.812
-476.945
-477.077
-477.209
-477.341
-477.473
-477.606
-477.738
-477.87
-478.002
-478.134
-478.266
-478.397
-478.529
-478.661
-478.793
-478.925
-479.057
-479.188
-479.32
-479.452
-479.583
-479.715
-479.847
-479.978
-480.11
-480.241
-480.373
-480.504
-480.636
-480.767
-480.898
-481.03
-481.161
-481.292
-481.423
-481.555
-481.686
-481.817
-481.948
-482.079
-482.21
-482.341
-482.472
-482.603
-482.734
-482.865
-482.996
-483.127
-483.257
-483.388
-483.519
-483.65
-483.78
-483.911
-484.042
-484.172
-484.303
-484.433
-484.564
-484.694
-484.825
-484.955
-485.086
-485.216
-485.346
-485.477
-485.607
-485.737
-485.867
-485.997
-486.128
-486.258
-486.388
-486.518
-486.648
-486.778
-486.908
-487.038
-487.168
-487.298
-487.427
-487.557
-487.687
-487.817
-487.947
-488.076
-488.206
-488.336
-488.465
-488.595
-488.724
-488.854
-488.983
-489.113
-489.242
-489.372
-489.501
-489.63
-489.76
-489.889
-490.018
-490.147
-490.276
-490.406
-490.535
-490.664
-490.793
-490.922
-491.051
-491.18
-491.309
-491.438
-491.567
-491.695
-491.824
-491.953
-492.082
-492.211
-492.339
-492.468
-492.597
-492.725
-492.854
-492.982
-493.111
-493.239
-493.368
-493.496
-493.625
-493.753
-493.881
-494.01
-494.138
-494.266
-494.394
-494.523
-494.651
-494.779
-494.907
-495.035
-495.163
-495.291
-495.419
-495.547
-495.675
-495.803
-495.931
-496.059
-496.186
-496.314
-496.442
-496.57
-496.697
-496.825
-496.952
-497.08
-497.208
-497.335
-497.463
-497.59
-497.718
-497.845
-497.972
-498.1
-498.227
-498.354
-498.482
-498.609
-498.736
-498.863
-498.99
-499.117
-499.244
-499.371
-499.499
-499.625
-499.752
-499.879
-500.006
-500.133
-500.26
-500.387
-500.514
-500.64
-500.767
-500.894
-501.02
-501.147
-501.274
-501.4
-501.527
-501.653
-501.78
-501.906
-502.033
-502.159
-502.285
-502.412
-502.538
-502.664
-502.79
-502.917
-503.043
-503.169
-503.295
-503.421
-503.547
-503.673
-503.799
-503.925
-504.051
-504.177
-504.303
-504.429
-504.554
-504.68
-504.806
-504.932
-505.057
-505.183
-505.309
-505.434
-505.56
-505.685
-505.811
-505.936
-506.062
-506.187
-506.313
-506.438
-506.563
-506.689
-506.814
-506.939
-507.064
-507.19
-507.315
-507.44
-507.565
-507.69
-507.815
-507.94
-508.065
-508.19
-508.315
-508.44
-508.565
-508.689
-508.814
-508.939
-509.064
-509.188
-509.313
-509.438
-509.562
-509.687
-509.811
-509.936
-510.06
-510.185
-510.309
-510.434
-510.558
-510.682
-510.807
-510.931
-511.055
-511.179
-511.304
-511.428
-511.552
-511.676
-511.8
-511.924
-512.048
-512.172
-512.296
-512.42
-512.544
-512.668
-512.792
-512.915
-513.039
-513.163
-513.287
-513.41
-513.534
-513.657
-513.781
-513.905
-514.028
-514.152
-514.275
-514.399
-514.522
-514.645
-514.769
-514.892
-515.015
-515.139
-515.262
-515.385
-515.508
-515.631
-515.754
-515.877
-516
-516.123
-516.246
-516.369
-516.492
-516.615
-516.738
-516.861
-516.984
-517.106
-517.229
-517.352
-517.475
-517.597
-517.72
-517.842
-517.965
-518.088
-518.21
-518.333
-518.455
-518.577
-518.7
-518.822
-518.944
-519.067
-519.189
-519.311
-519.433
-519.556
-519.678
-519.8
-519.922
-520.044
-520.166
-520.288
-520.41
-520.532
-520.654
-520.776
-520.898
-521.019
-521.141
-521.263
-521.385
-521.506
-521.628
-521.75
-521.871
-521.993
-522.114
-522.236
-522.357
-522.479
-522.6
-522.721
-522.843
-522.964
-523.085
-523.207
-523.328
-523.449
-523.57
-523.692
-523.813
-523.934
-524.055
-524.176
-524.297
-524.418
-524.539
-524.66
-524.78
-524.901
-525.022
-525.143
-525.264
-525.384
-525.505
-525.626
-525.746
-525.867
-525.988
-526.108
-526.229
-526.349
-526.47
-526.59
-526.71
-526.831
-526.951
-527.071
-527.192
-527.312
-527.432
-527.552
-527.672
-527.793
-527.913
-528.033
-528.153
-528.273
-528.393
-528.513
-528.633
-528.753
-528.872
-528.992
-529.112
-529.232
-529.351
-529.471
-529.591
-529.711
-529.83
-529.95
-530.069
-530.189
-530.308
-530.428
-530.547
-530.667
-530.786
-530.905
-531.025
-531.144
-531.263
-531.382
-531.502
-531.621
-531.74
-531.859
-531.978
-532.097
-532.216
-532.335
-532.454
-532.573
-532.692
-532.811
-532.929
-533.048
-533.167
-533.286
-533.405
-533.523
-533.642
-533.76
-533.879
-533.998
-534.116
-534.235
-534.353
-534.472
-534.59
-534.708
-534.827
-534.945
-535.063
-535.182
-535.3
-535.418
-535.536
-535.654
-535.772
-535.89
-536.009
-536.127
-536.245
-536.362
-536.48
-536.598
-536.716
-536.834
-536.952
-537.07
-537.187
-537.305
-537.423
-537.54
-537.658
-537.776
-537.893
-538.011
-538.128
-538.246
-538.363
-538.481
-538.598
-538.715
-538.833
-538.95
-539.067
-539.184
-539.302
-539.419
-539.536
-539.653
-539.77
-539.887
-540.004
-540.121
-540.238
-540.355
-540.472
-540.589
-540.706
-540.823
-540.939
-541.056
-541.173
-541.29
-541.406
-541.523
-541.639
-541.756
-541.873
-541.989
-542.106
-542.222
-542.338
-542.455
-542.571
-542.687
-542.804
-542.92
-543.036
-543.153
-543.269
-543.385
-543.501
-543.617
-543.733
-543.849
-543.965
-544.081
-544.197
-544.313
-544.429
-544.545
-544.661
-544.776
-544.892
-545.008
-545.124
-545.239
-545.355
-545.47
-545.586
-545.702
-545.817
-545.933
-546.048
-546.163
-546.279
-546.394
-546.51
-546.625
-546.74
-546.855
-546.971
-547.086
-547.201
-547.316
-547.431
-547.546
-547.661
-547.776
-547.891
-548.006
-548.121
-548.236
-548.351
-548.466
-548.581
-548.695
-548.81
-548.925
-549.039
-549.154
-549.269
-549.383
-549.498
-549.612
-549.727
-549.841
-549.956
-550.07
-550.185
-550.299
-550.413
-550.528
-550.642
-550.756
-550.87
-550.984
-551.099
-551.213
-551.327
-551.441
-551.555
-551.669
-551.783
-551.897
-552.011
-552.124
-552.238
-552.352
-552.466
-552.58
-552.693
-552.807
-552.921
-553.034
-553.148
-553.261
-553.375
-553.488
-553.602
-553.715
-553.829
-553.942
-554.055
-554.169
-554.282
-554.395
-554.509
-554.622
-554.735
-554.848
-554.961
-555.074
-555.187
-555.3
-555.413
-555.526
-555.639
-555.752
-555.865
-555.978
-556.091
-556.203
-556.316
-556.429
-556.542
-556.654
-556.767
-556.88
-556.992
-557.105
-557.217
-557.33
-557.442
-557.555
-557.667
-557.779
-557.892
-558.004
-558.116
-558.228
-558.341
-558.453
-558.565
-558.677
-558.789
-558.901
-559.013
-559.125
-559.237
-559.349
-559.461
-559.573
-559.685
-559.797
-559.908
-560.02
-560.132
-560.244
-560.355
-560.467
-560.579
-560.69
-560.802
-560.913
-561.025
-561.136
-561.248
-561.359
-561.47
-561.582
-561.693
-561.804
-561.915
-562.027
-562.138
-562.249
-562.36
-562.471
-562.582
-562.693
-562.804
-562.915
-563.026
-563.137
-563.248
-563.359
-563.47
-563.581
-563.691
-563.802
-563.913
-564.023
-564.134
-564.245
-564.355
-564.466
-564.576
-564.687
-564.797
-564.908
-565.018
-565.129
-565.239
-565.349
-565.46
-565.57
-565.68
-565.79
-565.9
-566.011
-566.121
-566.231
-566.341
-566.451
-566.561
-566.671
-566.781
-566.891
-567
-567.11
-567.22
-567.33
-567.44
-567.549
-567.659
-567.769
-567.878
-567.988
-568.097
-568.207
-568.316
-568.426
-568.535
-568.645
-568.754
-568.863
-568.973
-569.082
-569.191
-569.301
-569.41
-569.519
-569.628
-569.737
-569.846
-569.955
-570.064
-570.173
-570.282
-570.391
-570.5
-570.609
-570.718
-570.827
-570.935
-571.044
-571.153
-571.262
-571.37
-571.479
-571.587
-571.696
-571.805
-571.913
-572.022
-572.13
-572.238
-572.347
-572.455
-572.564
-572.672
-572.78
-572.888
-572.997
-573.105
-573.213
-573.321
-573.429
-573.537
-573.645
-573.753
-573.861
-573.969
-574.077
-574.185
-574.293
-574.401
-574.508
-574.616
-574.724
-574.832
-574.939
-575.047
-575.154
-575.262
-575.37
-575.477
-575.585
-575.692
-575.799
-575.907
-576.014
-576.122
-576.229
-576.336
-576.443
-576.551
-576.658
-576.765
-576.872
-576.979
-577.086
-577.193
-577.3
-577.407
-577.514
-577.621
-577.728
-577.835
-577.942
-578.048
-578.155
-578.262
-578.369
-578.475
-578.582
-578.689
-578.795
-578.902
-579.008
-579.115
-579.221
-579.328
-579.434
-579.54
-579.647
-579.753
-579.859
-579.966
-580.072
-580.178
-580.284
-580.39
-580.496
-580.603
-580.709
-580.815
-580.921
-581.027
-581.132
-581.238
-581.344
-581.45
-581.556
-581.662
-581.767
-581.873
-581.979
-582.084
-582.19
-582.296
-582.401
-582.507
-582.612
-582.718
-582.823
-582.929
-583.034
-583.139
-583.245
-583.35
-583.455
-583.56
-583.666
-583.771
-583.876
-583.981
-584.086
-584.191
-584.296
-584.401
-584.506
-584.611
-584.716
-584.821
-584.926
-585.03
-585.135
-585.24
-585.345
-585.449
-585.554
-585.659
-585.763
-585.868
-585.972
-586.077
-586.181
-586.286
-586.39
-586.495
-586.599
-586.703
-586.808
-586.912
-587.016
-587.12
-587.225
-587.329
-587.433
-587.537
-587.641
-587.745
-587.849
-587.953
-588.057
-588.161
-588.265
-588.368
-588.472
-588.576
-588.68
-588.784
-588.887
-588.991
-589.095
-589.198
-589.302
-589.405
-589.509
-589.612
-589.716
-589.819
-589.923
-590.026
-590.129
-590.233
-590.336
-590.439
-590.542
-590.646
-590.749
-590.852
-590.955
-591.058
-591.161
-591.264
-591.367
-591.47
-591.573
-591.676
-591.779
-591.881
-591.984
-592.087
-592.19
-592.292
-592.395
-592.498
-592.6
-592.703
-592.805
-592.908
-593.011
-593.113
-593.215
-593.318
-593.42
-593.523
-593.625
-593.727
-593.829
-593.932
-594.034
-594.136
-594.238
-594.34
-594.442
-594.544
-594.646
-594.748
-594.85
-594.952
-595.054
-595.156
-595.258
-595.36
-595.461
-595.563
-595.665
-595.766
-595.868
-595.97
-596.071
-596.173
-596.274
-596.376
-596.477
-596.579
-596.68
-596.782
-596.883
-596.984
-597.086
-597.187
-597.288
-597.389
-597.49
-597.592
-597.693
-597.794
-597.895
-597.996
-598.097
-598.198
-598.299
-598.4
-598.501
-598.601
-598.702
-598.803
-598.904
-599.004
-599.105
-599.206
-599.306
-599.407
-599.508
-599.608
-599.709
-599.809
-599.91
-600.01
-600.11
-600.211
-600.311
-600.411
-600.512
-600.612
-600.712
-600.812
-600.912
-601.013
-601.113
-601.213
-601.313
-601.413
-601.513
-601.613
-601.713
-601.812
-601.912
-602.012
-602.112
-602.212
-602.311
-602.411
-602.511
-602.61
-602.71
-602.81
-602.909
-603.009
-603.108
-603.208
-603.307
-603.406
-603.506
-603.605
-603.704
-603.804
-603.903
-604.002
-604.101
-604.2
-604.3
-604.399
-604.498
-604.597
-604.696
-604.795
-604.894
-604.993
-605.091
-605.19
-605.289
-605.388
-605.487
-605.585
-605.684
-605.783
-605.881
-605.98
-606.079
-606.177
-606.276
-606.374
-606.473
-606.571
-606.67
-606.768
-606.866
-606.965
-607.063
-607.161
-607.259
-607.358
-607.456
-607.554
-607.652
-607.75
-607.848
-607.946
-608.044
-608.142
-608.24
-608.338
-608.436
-608.534
-608.631
-608.729
-608.827
-608.925
-609.022
-609.12
-609.218
-609.315
-609.413
-609.51
-609.608
-609.705
-609.803
-609.9
-609.997
-610.095
-610.192
-610.289
-610.387
-610.484
-610.581
-610.678
-610.775
-610.872
-610.97
-611.067
-611.164
-611.261
-611.358
-611.455
-611.551
-611.648
-611.745
-611.842
-611.939
-612.035
-612.132
-612.229
-612.326
-612.422
-612.519
-612.615
-612.712
-612.808
-612.905
-613.001
-613.098
-613.194
-613.291
-613.387
-613.483
-613.579
-613.676
-613.772
-613.868
-613.964
-614.06
-614.156
-614.252
-614.348
-614.444
-614.54
-614.636
-614.732
-614.828
-614.924
-615.02
-615.116
-615.211
-615.307
-615.403
-615.498
-615.594
-615.69
-615.785
-615.881
-615.976
-616.072
-616.167
-616.263
-616.358
-616.454
-616.549
-616.644
-616.739
-616.835
-616.93
-617.025
-617.12
-617.215
-617.31
-617.406
-617.501
-617.596
-617.691
-617.785
-617.88
-617.975
-618.07
-618.165
-618.26
-618.355
-618.449
-618.544
-618.639
-618.733
-618.828
-618.923
-619.017
-619.112
-619.206
-619.301
-619.395
-619.489
-619.584
-619.678
-619.772
-619.867
-619.961
-620.055
-620.149
-620.244
-620.338
-620.432
-620.526
-620.62
-620.714
-620.808
-620.902
-620.996
-621.09
-621.184
-621.277
-621.371
-621.465
-621.559
-621.652
-621.746
-621.84
-621.933
-622.027
-622.121
-622.214
-622.308
-622.401
-622.494
-622.588
-622.681
-622.775
-622.868
-622.961
-623.055
-623.148
-623.241
-623.334
-623.427
-623.52
-623.613
-623.707
-623.8
-623.893
-623.986
-624.078
-624.171
-624.264
-624.357
-624.45
-624.543
-624.635
-624.728
-624.821
-624.913
-625.006
-625.099
-625.191
-625.284
-625.376
-625.469
-625.561
-625.654
-625.746
-625.838
-625.931
-626.023
-626.115
-626.208
-626.3
-626.392
-626.484
-626.576
-626.668
-626.76
-626.852
-626.944
-627.036
-627.128
-627.22
-627.312
-627.404
-627.496
-627.588
-627.679
-627.771
-627.863
-627.954
-628.046
-628.138
-628.229
-628.321
-628.412
-628.504
-628.595
-628.687
-628.778
-628.87
-628.961
-629.052
-629.143
-629.235
-629.326
-629.417
-629.508
-629.599
-629.69
-629.782
-629.873
-629.964
-630.055
-630.146
-630.236
-630.327
-630.418
-630.509
-630.6
-630.691
-630.781
-630.872
-630.963
-631.053
-631.144
-631.235
-631.325
-631.416
-631.506
-631.597
-631.687
-631.777
-631.868
-631.958
-632.048
-632.139
-632.229
-632.319
-632.409
-632.5
-632.59
-632.68
-632.77
-632.86
-632.95
-633.04
-633.13
-633.22
-633.31
-633.4
-633.489
-633.579
-633.669
-633.759
-633.849
-633.938
-634.028
-634.117
-634.207
-634.297
-634.386
-634.476
-634.565
-634.655
-634.744
-634.833
-634.923
-635.012
-635.101
-635.191
-635.28
-635.369
-635.458
-635.547
-635.637
-635.726
-635.815
-635.904
-635.993
-636.082
-636.171
-636.26
-636.348
-636.437
-636.526
-636.615
-636.704
-636.792
-636.881
-636.97
-637.058
-637.147
-637.235
-637.324
-637.413
-637.501
-637.589
-637.678
-637.766
-637.855
-637.943
-638.031
-638.12
-638.208
-638.296
-638.384
-638.472
-638.56
-638.649
-638.737
-638.825
-638.913
-639.001
-639.089
-639.176
-639.264
-639.352
-639.44
-639.528
-639.616
-639.703
-639.791
-639.879
-639.966
-640.054
-640.142
-640.229
-640.317
-640.404
-640.492
-640.579
-640.666
-640.754
-640.841
-640.928
-641.016
-641.103
-641.19
-641.277
-641.365
-641.452
-641.539
-641.626
-641.713
-641.8
-641.887
-641.974
-642.061
-642.148
-642.235
-642.321
-642.408
-642.495
-642.582
-642.668
-642.755
-642.842
-642.928
-643.015
-643.101
-643.188
-643.275
-643.361
-643.447
-643.534
-643.62
-643.707
-643.793
-643.879
-643.965
-644.052
-644.138
-644.224
-644.31
-644.396
-644.482
-644.568
-644.654
-644.74
-644.826
-644.912
-644.998
-645.084
-645.17
-645.256
-645.342
-645.427
-645.513
-645.599
-645.684
-645.77
-645.856
-645.941
-646.027
-646.112
-646.198
-646.283
-646.369
-646.454
-646.539
-646.625
-646.71
-646.795
-646.88
-646.966
-647.051
-647.136
-647.221
-647.306
-647.391
-647.476
-647.561
-647.646
-647.731
-647.816
-647.901
-647.986
-648.071
-648.155
-648.24
-648.325
-648.41
-648.494
-648.579
-648.663
-648.748
-648.833
-648.917
-649.002
-649.086
-649.17
-649.255
-649.339
-649.424
-649.508
-649.592
-649.676
-649.761
-649.845
-649.929
-650.013
-650.097
-650.181
-650.265
-650.349
-650.433
-650.517
-650.601
-650.685
-650.769
-650.853
-650.937
-651.02
-651.104
-651.188
-651.271
-651.355
-651.439
-651.522
-651.606
-651.689
-651.773
-651.856
-651.94
-652.023
-652.107
-652.19
-652.273
-652.356
-652.44
-652.523
-652.606
-652.689
-652.772
-652.856
-652.939
-653.022
-653.105
-653.188
-653.271
-653.354
-653.436
-653.519
-653.602
-653.685
-653.768
-653.85
-653.933
-654.016
-654.099
-654.181
-654.264
-654.346
-654.429
-654.511
-654.594
-654.676
-654.759
-654.841
-654.923
-655.006
-655.088
-655.17
-655.253
-655.335
-655.417
-655.499
-655.581
-655.663
-655.745
-655.827
-655.909
-655.991
-656.073
-656.155
-656.237
-656.319
-656.401
-656.482
-656.564
-656.646
-656.728
-656.809
-656.891
-656.973
-657.054
-657.136
-657.217
-657.299
-657.38
-657.462
-657.543
-657.624
-657.706
-657.787
-657.868
-657.949
-658.031
-658.112
-658.193
-658.274
-658.355
-658.436
-658.517
-658.598
-658.679
-658.76
-658.841
-658.922
-659.003
-659.084
-659.164
-659.245
-659.326
-659.407
-659.487
-659.568
-659.649
-659.729
-659.81
-659.89
-659.971
-660.051
-660.132
-660.212
-660.292
-660.373
-660.453
-660.533
-660.614
-660.694
-660.774
-660.854
-660.934
-661.014
-661.094
-661.175
-661.255
-661.335
-661.414
-661.494
-661.574
-661.654
-661.734
-661.814
-661.894
-661.973
-662.053
-662.133
-662.212
-662.292
-662.372
-662.451
-662.531
-662.61
-662.69
-662.769
-662.848
-662.928
-663.007
-663.087
-663.166
-663.245
-663.324
-663.403
-663.483
-663.562
-663.641
-663.72
-663.799
-663.878
-663.957
-664.036
-664.115
-664.194
-664.273
-664.352
-664.43
-664.509
-664.588
-664.667
-664.745
-664.824
-664.903
-664.981
-665.06
-665.138
-665.217
-665.295
-665.374
-665.452
-665.531
-665.609
-665.687
-665.766
-665.844
-665.922
-666
-666.078
-666.157
-666.235
-666.313
-666.391
-666.469
-666.547
-666.625
-666.703
-666.781
-666.859
-666.936
-667.014
-667.092
-667.17
-667.248
-667.325
-667.403
-667.481
-667.558
-667.636
-667.713
-667.791
-667.868
-667.946
-668.023
-668.101
-668.178
-668.255
-668.333
-668.41
-668.487
-668.564
-668.642
-668.719
-668.796
-668.873
-668.95
-669.027
-669.104
-669.181
-669.258
-669.335
-669.412
-669.489
-669.565
-669.642
-669.719
-669.796
-669.872
-669.949
-670.026
-670.102
-670.179
-670.256
-670.332
-670.409
-670.485
-670.561
-670.638
-670.714
-670.791
-670.867
-670.943
-671.019
-671.096
-671.172
-671.248
-671.324
-671.4
-671.476
-671.552
-671.628
-671.704
-671.78
-671.856
-671.932
-672.008
-672.084
-672.16
-672.236
-672.311
-672.387
-672.463
-672.538
-672.614
-672.69
-672.765
-672.841
-672.916
-672.992
-673.067
-673.143
-673.218
-673.293
-673.369
-673.444
-673.519
-673.594
-673.67
-673.745
-673.82
-673.895
-673.97
-674.045
-674.12
-674.195
-674.27
-674.345
-674.42
-674.495
-674.57
-674.645
-674.719
-674.794
-674.869
-674.944
-675.018
-675.093
-675.167
-675.242
-675.317
-675.391
-675.466
-675.54
-675.614
-675.689
-675.763
-675.838
-675.912
-675.986
-676.06
-676.135
-676.209
-676.283
-676.357
-676.431
-676.505
-676.579
-676.653
-676.727
-676.801
-676.875
-676.949
-677.023
-677.097
-677.17
-677.244
-677.318
-677.392
-677.465
-677.539
-677.613
-677.686
-677.76
-677.833
-677.907
-677.98
-678.054
-678.127
-678.2
-678.274
-678.347
-678.42
-678.494
-678.567
-678.64
-678.713
-678.786
-678.859
-678.933
-679.006
-679.079
-679.152
-679.225
-679.297
-679.37
-679.443
-679.516
-679.589
-679.662
-679.734
-679.807
-679.88
-679.952
-680.025
-680.098
-680.17
-680.243
-680.315
-680.388
-680.46
-680.533
-680.605
-680.677
-680.75
-680.822
-680.894
-680.966
-681.039
-681.111
-681.183
-681.255
-681.327
-681.399
-681.471
-681.543
-681.615
-681.687
-681.759
-681.831
-681.903
-681.975
-682.046
-682.118
-682.19
-682.262
-682.333
-682.405
-682.476
-682.548
-682.62
-682.691
-682.763
-682.834
-682.905
-682.977
-683.048
-683.12
-683.191
-683.262
-683.333
-683.405
-683.476
-683.547
-683.618
-683.689
-683.76
-683.831
-683.902
-683.973
-684.044
-684.115
-684.186
-684.257
-684.328
-684.398
-684.469
-684.54
-684.611
-684.681
-684.752
-684.823
-684.893
-684.964
-685.034
-685.105
-685.175
-685.246
-685.316
-685.386
-685.457
-685.527
-685.597
-685.668
-685.738
-685.808
-685.878
-685.948
-686.018
-686.089
-686.159
-686.229
-686.299
-686.369
-686.438
-686.508
-686.578
-686.648
-686.718
-686.788
-686.857
-686.927
-686.997
-687.066
-687.136
-687.206
-687.275
-687.345
-687.414
-687.484
-687.553
-687.623
-687.692
-687.761
-687.831
-687.9
-687.969
-688.038
-688.108
-688.177
-688.246
-688.315
-688.384
-688.453
-688.522
-688.591
-688.66
-688.729
-688.798
-688.867
-688.936
-689.005
-689.073
-689.142
-689.211
-689.28
-689.348
-689.417
-689.485
-689.554
-689.623
-689.691
-689.76
-689.828
-689.896
-689.965
-690.033
-690.102
-690.17
-690.238
-690.306
-690.375
-690.443
-690.511
-690.579
-690.647
-690.715
-690.783
-690.851
-690.919
-690.987
-691.055
-691.123
-691.191
-691.259
-691.326
-691.394
-691.462
-691.53
-691.597
-691.665
-691.733
-691.8
-691.868
-691.935
-692.003
-692.07
-692.138
-692.205
-692.272
-692.34
-692.407
-692.474
-692.542
-692.609
-692.676
-692.743
-692.81
-692.877
-692.944
-693.012
-693.079
-693.146
-693.212
-693.279
-693.346
-693.413
-693.48
-693.547
-693.614
-693.68
-693.747
-693.814
-693.88
-693.947
-694.014
-694.08
-694.147
-694.213
-694.28
-694.346
-694.413
-694.479
-694.545
-694.612
-694.678
-694.744
-694.81
-694.877
-694.943
-695.009
-695.075
-695.141
-695.207
-695.273
-695.339
-695.405
-695.471
-695.537
-695.603
-695.669
-695.734
-695.8
-695.866
-695.932
-695.997
-696.063
-696.129
-696.194
-696.26
-696.325
-696.391
-696.456
-696.522
-696.587
-696.653
-696.718
-696.783
-696.849
-696.914
-696.979
-697.044
-697.11
-697.175
-697.24
-697.305
-697.37
-697.435
-697.5
-697.565
-697.63
-697.695
-697.76
-697.825
-697.89
-697.954
-698.019
-698.084
-698.149
-698.213
-698.278
-698.342
-698.407
-698.472
-698.536
-698.601
-698.665
-698.73
-698.794
-698.858
-698.923
-698.987
-699.051
-699.116
-699.18
-699.244
-699.308
-699.372
-699.436
-699.5
-699.564
-699.628
-699.692
-699.756
-699.82
-699.884
-699.948
-700.012
-700.076
-700.14
-700.203
-700.267
-700.331
-700.394
-700.458
-700.522
-700.585
-700.649
-700.712
-700.776
-700.839
-700.902
-700.966
-701.029
-701.093
-701.156
-701.219
-701.282
-701.346
-701.409
-701.472
-701.535
-701.598
-701.661
-701.724
-701.787
-701.85
-701.913
-701.976
-702.039
-702.102
-702.164
-702.227
-702.29
-702.353
-702.415
-702.478
-702.541
-702.603
-702.666
-702.728
-702.791
-702.853
-702.916
-702.978
-703.041
-703.103
-703.165
-703.228
-703.29
-703.352
-703.414
-703.477
-703.539
-703.601
-703.663
-703.725
-703.787
-703.849
-703.911
-703.973
-704.035
-704.097
-704.159
-704.221
-704.282
-704.344
-704.406
-704.468
-704.529
-704.591
-704.652
-704.714
-704.776
-704.837
-704.899
-704.96
-705.022
-705.083
-705.144
-705.206
-705.267
-705.328
-705.39
-705.451
-705.512
-705.573
-705.634
-705.695
-705.756
-705.818
-705.879
-705.94
-706
-706.061
-706.122
-706.183
-706.244
-706.305
-706.366
-706.426
-706.487
-706.548
-706.608
-706.669
-706.73
-706.79
-706.851
-706.911
-706.972
-707.032
-707.093
-707.153
-707.213
-707.274
-707.334
-707.394
-707.454
-707.515
-707.575
-707.635
-707.695
-707.755
-707.815
-707.875
-707.935
-707.995
-708.055
-708.115
-708.175
-708.235
-708.295
-708.354
-708.414
-708.474
-708.534
-708.593
-708.653
-708.712
-708.772
-708.832
-708.891
-708.951
-709.01
-709.069
-709.129
-709.188
-709.248
-709.307
-709.366
-709.425
-709.485
-709.544
-709.603
-709.662
-709.721
-709.78
-709.839
-709.898
-709.957
-710.016
-710.075
-710.134
-710.193
-710.252
-710.311
-710.369
-710.428
-710.487
-710.545
-710.604
-710.663
-710.721
-710.78
-710.838
-710.897
-710.955
-711.014
-711.072
-711.131
-711.189
-711.247
-711.306
-711.364
-711.422
-711.48
-711.538
-711.597
-711.655
-711.713
-711.771
-711.829
-711.887
-711.945
-712.003
-712.061
-712.118
-712.176
-712.234
-712.292
-712.35
-712.407
-712.465
-712.523
-712.58
-712.638
-712.695
-712.753
-712.811
-712.868
-712.925
-712.983
-713.04
-713.098
-713.155
-713.212
-713.27
-713.327
-713.384
-713.441
-713.498
-713.555
-713.613
-713.67
-713.727
-713.784
-713.841
-713.898
-713.954
-714.011
-714.068
-714.125
-714.182
-714.239
-714.295
-714.352
-714.409
-714.465
-714.522
-714.578
-714.635
-714.692
-714.748
-714.804
-714.861
-714.917
-714.974
-715.03
-715.086
-715.143
-715.199
-715.255
-715.311
-715.367
-715.424
-715.48
-715.536
-715.592
-715.648
-715.704
-715.76
-715.816
-715.872
-715.927
-715.983
-716.039
-716.095
-716.151
-716.206
-716.262
-716.318
-716.373
-716.429
-716.484
-716.54
-716.595
-716.651
-716.706
-716.762
-716.817
-716.872
-716.928
-716.983
-717.038
-717.094
-717.149
-717.204
-717.259
-717.314
-717.369
-717.424
-717.479
-717.534
-717.589
-717.644
-717.699
-717.754
-717.809
-717.864
-717.918
-717.973
-718.028
-718.083
-718.137
-718.192
-718.247
-718.301
-718.356
-718.41
-718.465
-718.519
-718.574
-718.628
-718.682
-718.737
-718.791
-718.845
-718.899
-718.954
-719.008
-719.062
-719.116
-719.17
-719.224
-719.278
-719.332
-719.386
-719.44
-719.494
-719.548
-719.602
-719.656
-719.71
-719.763
-719.817
-719.871
-719.924
-719.978
-720.032
-720.085
-720.139
-720.192
-720.246
-720.299
-720.353
-720.406
-720.459
-720.513
-720.566
-720.619
-720.673
-720.726
-720.779
-720.832
-720.885
-720.939
-720.992
-721.045
-721.098
-721.151
-721.204
-721.257
-721.309
-721.362
-721.415
-721.468
-721.521
-721.573
-721.626
-721.679
-721.732
-721.784
-721.837
-721.889
-721.942
-721.994
-722.047
-722.099
-722.152
-722.204
-722.256
-722.309
-722.361
-722.413
-722.466
-722.518
-722.57
-722.622
-722.674
-722.726
-722.778
-722.83
-722.882
-722.934
-722.986
-723.038
-723.09
-723.142
-723.194
-723.246
-723.297
-723.349
-723.401
-723.452
-723.504
-723.556
-723.607
-723.659
-723.71
-723.762
-723.813
-723.865
-723.916
-723.967
-724.019
-724.07
-724.121
-724.173
-724.224
-724.275
-724.326
-724.377
-724.428
-724.479
-724.531
-724.582
-724.632
-724.683
-724.734
-724.785
-724.836
-724.887
-724.938
-724.989
-725.039
-725.09
-725.141
-725.191
-725.242
-725.293
-725.343
-725.394
-725.444
-725.495
-725.545
-725.595
-725.646
-725.696
-725.746
-725.797
-725.847
-725.897
-725.947
-725.998
-726.048
-726.098
-726.148
-726.198
-726.248
-726.298
-726.348
-726.398
-726.448
-726.498
-726.548
-726.597
-726.647
-726.697
-726.747
-726.796
-726.846
-726.896
-726.945
-726.995
-727.044
-727.094
-727.143
-727.193
-727.242
-727.292
-727.341
-727.39
-727.44
-727.489
-727.538
-727.587
-727.636
-727.686
-727.735
-727.784
-727.833
-727.882
-727.931
-727.98
-728.029
-728.078
-728.127
-728.176
-728.224
-728.273
-728.322
-728.371
-728.419
-728.468
-728.517
-728.565
-728.614
-728.662
-728.711
-728.759
-728.808
-728.856
-728.905
-728.953
-729.001
-729.05
-729.098
-729.146
-729.195
-729.243
-729.291
-729.339
-729.387
-729.435
-729.483
-729.531
-729.579
-729.627
-729.675
-729.723
-729.771
-729.819
-729.867
-729.914
-729.962
-730.01
-730.057
-730.105
-730.153
-730.2
-730.248
-730.295
-730.343
-730.39
-730.438
-730.485
-730.533
-730.58
-730.627
-730.675
-730.722
-730.769
-730.816
-730.864
-730.911
-730.958
-731.005
-731.052
-731.099
-731.146
-731.193
-731.24
-731.287
-731.334
-731.381
-731.427
-731.474
-731.521
-731.568
-731.614
-731.661
-731.708
-731.754
-731.801
-731.847
-731.894
-731.94
-731.987
-732.033
-732.08
-732.126
-732.172
-732.219
-732.265
-732.311
-732.357
-732.404
-732.45
-732.496
-732.542
-732.588
-732.634
-732.68
-732.726
-732.772
-732.818
-732.864
-732.91
-732.956
-733.001
-733.047
-733.093
-733.139
-733.184
-733.23
-733.276
-733.321
-733.367
-733.412
-733.458
-733.503
-733.549
-733.594
-733.64
-733.685
-733.73
-733.775
-733.821
-733.866
-733.911
-733.956
-734.001
-734.047
-734.092
-734.137
-734.182
-734.227
-734.272
-734.317
-734.362
-734.406
-734.451
-734.496
-734.541
-734.586
-734.63
-734.675
-734.72
-734.764
-734.809
-734.854
-734.898
-734.943
-734.987
-735.032
-735.076
-735.12
-735.165
-735.209
-735.253
-735.298
-735.342
-735.386
-735.43
-735.474
-735.519
-735.563
-735.607
-735.651
-735.695
-735.739
-735.783
-735.827
-735.87
-735.914
-735.958
-736.002
-736.046
-736.089
-736.133
-736.177
-736.22
-736.264
-736.308
-736.351
-736.395
-736.438
-736.482
-736.525
-736.569
-736.612
-736.655
-736.699
-736.742
-736.785
-736.828
-736.872
-736.915
-736.958
-737.001
-737.044
-737.087
-737.13
-737.173
-737.216
-737.259
-737.302
-737.345
-737.388
-737.43
-737.473
-737.516
-737.559
-737.601
-737.644
-737.687
-737.729
-737.772
-737.814
-737.857
-737.899
-737.942
-737.984
-738.027
-738.069
-738.111
-738.154
-738.196
-738.238
-738.28
-738.323
-738.365
-738.407
-738.449
-738.491
-738.533
-738.575
-738.617
-738.659
-738.701
-738.743
-738.785
-738.826
-738.868
-738.91
-738.952
-738.993
-739.035
-739.077
-739.118
-739.16
-739.201
-739.243
-739.284
-739.326
-739.367
-739.409
-739.45
-739.491
-739.533
-739.574
-739.615
-739.657
-739.698
-739.739
-739.78
-739.821
-739.862
-739.903
-739.944
-739.985
-740.026
-740.067
-740.108
-740.149
-740.19
-740.231
-740.271
-740.312
-740.353
-740.393
-740.434
-740.475
-740.515
-740.556
-740.596
-740.637
-740.677
-740.718
-740.758
-740.799
-740.839
-740.879
-740.92
-740.96
-741
-741.04
-741.081
-741.121
-741.161
-741.201
-741.241
-741.281
-741.321
-741.361
-741.401
-741.441
-741.481
-741.52
-741.56
-741.6
-741.64
-741.68
-741.719
-741.759
-741.799
-741.838
-741.878
-741.917
-741.957
-741.996
-742.036
-742.075
-742.115
-742.154
-742.193
-742.233
-742.272
-742.311
-742.35
-742.39
-742.429
-742.468
-742.507
-742.546
-742.585
-742.624
-742.663
-742.702
-742.741
-742.78
-742.819
-742.858
-742.896
-742.935
-742.974
-743.013
-743.051
-743.09
-743.128
-743.167
-743.206
-743.244
-743.283
-743.321
-743.36
-743.398
-743.436
-743.475
-743.513
-743.551
-743.59
-743.628
-743.666
-743.704
-743.742
-743.78
-743.819
-743.857
-743.895
-743.933
-743.971
-744.009
-744.046
-744.084
-744.122
-744.16
-744.198
-744.235
-744.273
-744.311
-744.349
-744.386
-744.424
-744.461
-744.499
-744.536
-744.574
-744.611
-744.649
-744.686
-744.724
-744.761
-744.798
-744.835
-744.873
-744.91
-744.947
-744.984
-745.021
-745.058
-745.096
-745.133
-745.17
-745.207
-745.244
-745.28
-745.317
-745.354
-745.391
-745.428
-745.465
-745.501
-745.538
-745.575
-745.611
-745.648
-745.685
-745.721
-745.758
-745.794
-745.831
-745.867
-745.903
-745.94
-745.976
-746.012
-746.049
-746.085
-746.121
-746.157
-746.194
-746.23
-746.266
-746.302
-746.338
-746.374
-746.41
-746.446
-746.482
-746.518
-746.554
-746.589
-746.625
-746.661
-746.697
-746.733
-746.768
-746.804
-746.84
-746.875
-746.911
-746.946
-746.982
-747.017
-747.053
-747.088
-747.123
-747.159
-747.194
-747.229
-747.265
-747.3
-747.335
-747.37
-747.406
-747.441
-747.476
-747.511
-747.546
-747.581
-747.616
-747.651
-747.686
-747.721
-747.755
-747.79
-747.825
-747.86
-747.894
-747.929
-747.964
-747.999
-748.033
-748.068
-748.102
-748.137
-748.171
-748.206
-748.24
-748.275
-748.309
-748.343
-748.378
-748.412
-748.446
-748.48
-748.515
-748.549
-748.583
-748.617
-748.651
-748.685
-748.719
-748.753
-748.787
-748.821
-748.855
-748.889
-748.923
-748.956
-748.99
-749.024
-749.058
-749.091
-749.125
-749.159
-749.192
-749.226
-749.259
-749.293
-749.326
-749.36
-749.393
-749.426
-749.46
-749.493
-749.526
-749.56
-749.593
-749.626
-749.659
-749.692
-749.726
-749.759
-749.792
-749.825
-749.858
-749.891
-749.924
-749.957
-749.989
-750.022
-750.055
-750.088
-750.121
-750.153
-750.186
-750.219
-750.251
-750.284
-750.317
-750.349
-750.382
-750.414
-750.447
-750.479
-750.511
-750.544
-750.576
-750.608
-750.641
-750.673
-750.705
-750.737
-750.769
-750.802
-750.834
-750.866
-750.898
-750.93
-750.962
-750.994
-751.026
-751.057
-751.089
-751.121
-751.153
-751.185
-751.216
-751.248
-751.28
-751.311
-751.343
-751.375
-751.406
-751.438
-751.469
-751.501
-751.532
-751.564
-751.595
-751.626
-751.658
-751.689
-751.72
-751.751
-751.783
-751.814
-751.845
-751.876
-751.907
-751.938
-751.969
-752
-752.031
-752.062
-752.093
-752.124
-752.155
-752.185
-752.216
-752.247
-752.278
-752.308
-752.339
-752.37
-752.4
-752.431
-752.461
-752.492
-752.522
-752.553
-752.583
-752.614
-752.644
-752.674
-752.705
-752.735
-752.765
-752.795
-752.825
-752.856
-752.886
-752.916
-752.946
-752.976
-753.006
-753.036
-753.066
-753.096
-753.126
-753.155
-753.185
-753.215
-753.245
-753.275
-753.304
-753.334
-753.364
-753.393
-753.423
-753.452
-753.482
-753.511
-753.541
-753.57
-753.6
-753.629
-753.658
-753.688
-753.717
-753.746
-753.775
-753.805
-753.834
-753.863
-753.892
-753.921
-753.95
-753.979
-754.008
-754.037
-754.066
-754.095
-754.124
-754.152
-754.181
-754.21
-754.239
-754.267
-754.296
-754.325
-754.353
-754.382
-754.411
-754.439
-754.468
-754.496
-754.524
-754.553
-754.581
-754.61
-754.638
-754.666
-754.694
-754.723
-754.751
-754.779
-754.807
-754.835
-754.863
-754.891
-754.919
-754.947
-754.975
-755.003
-755.031
-755.059
-755.087
-755.115
-755.142
-755.17
-755.198
-755.226
-755.253
-755.281
-755.308
-755.336
-755.364
-755.391
-755.419
-755.446
-755.473
-755.501
-755.528
-755.555
-755.583
-755.61
-755.637
-755.664
-755.692
-755.719
-755.746
-755.773
-755.8
-755.827
-755.854
-755.881
-755.908
-755.935
-755.962
-755.988
-756.015
-756.042
-756.069
-756.096
-756.122
-756.149
-756.176
-756.202
-756.229
-756.255
-756.282
-756.308
-756.335
-756.361
-756.387
-756.414
-756.44
-756.466
-756.493
-756.519
-756.545
-756.571
-756.597
-756.624
-756.65
-756.676
-756.702
-756.728
-756.754
-756.78
-756.806
-756.831
-756.857
-756.883
-756.909
-756.935
-756.96
-756.986
-757.012
-757.037
-757.063
-757.088
-757.114
-757.139
-757.165
-757.19
-757.216
-757.241
-757.267
-757.292
-757.317
-757.342
-757.368
-757.393
-757.418
-757.443
-757.468
-757.493
-757.518
-757.543
-757.568
-757.593
-757.618
-757.643
-757.668
-757.693
-757.718
-757.743
-757.767
-757.792
-757.817
-757.841
-757.866
-757.891
-757.915
-757.94
-757.964
-757.989
-758.013
-758.038
-758.062
-758.086
-758.111
-758.135
-758.159
-758.183
-758.208
-758.232
-758.256
-758.28
-758.304
-758.328
-758.352
-758.376
-758.4
-758.424
-758.448
-758.472
-758.495
-758.519
-758.543
-758.567
-758.591
-758.614
-758.638
-758.661
-758.685
-758.709
-758.732
-758.756
-758.779
-758.802
-758.826
-758.849
-758.873
-758.896
-758.919
-758.942
-758.966
-758.989
-759.012
-759.035
-759.058
-759.081
-759.104
-759.127
-759.15
-759.173
-759.196
-759.219
-759.242
-759.264
-759.287
-759.31
-759.333
-759.355
-759.378
-759.401
-759.423
-759.446
-759.468
-759.491
-759.513
-759.536
-759.558
-759.58
-759.603
-759.625
-759.647
-759.669
-759.692
-759.714
-759.736
-759.758
-759.78
-759.802
-759.824
-759.846
-759.868
-759.89
-759.912
-759.934
-759.956
-759.977
-759.999
-760.021
-760.042
-760.064
-760.086
-760.107
-760.129
-760.15
-760.172
-760.193
-760.215
-760.236
-760.257
-760.279
-760.3
-760.321
-760.342
-760.363
-760.385
-760.406
-760.427
-760.448
-760.469
-760.49
-760.51
-760.531
-760.552
-760.573
-760.594
-760.614
-760.635
-760.656
-760.676
-760.697
-760.717
-760.738
-760.758
-760.779
-760.799
-760.819
-760.839
-760.86
-760.88
-760.9
-760.92
-760.94
-760.96
-760.979
-760.999
-761.019
-761.038
-761.058
-761.077
-761.097
-761.116
-761.135
-761.153
-761.172
-761.19
-761.206
