-147.918
-149.031
-150.144
-151.256
-152.369
-153.482
-154.594
-155.707
-156.819
-157.932
-159.044
-160.157
-161.269
-162.381
-163.494
-164.606
-165.718
-166.831
-167.943
-169.055
-170.167
-171.279
-172.391
-173.503
-174.615
-175.727
-176.839
-177.951
-179.063
-180.175
-181.287
-182.398
-183.51
-184.622
-185.734
-186.845
-187.957
-189.069
-190.18
-191.292
-192.403
-193.515
-194.626
-195.738
-196.849
-197.96
-199.072
-200.183
-201.294
-202.405
-203.517
-204.628
-205.739
-206.85
-207.961
-209.072
-210.183
-211.294
-212.405
-213.516
-214.627
-215.738
-216.849
-217.96
-219.07
-220.181
-221.292
-222.402
-223.513
-224.624
-225.734
-226.845
-227.955
-229.066
-230.176
-231.287
-232.397
-233.507
-234.618
-235.728
-236.838
-237.949
-239.059
-240.169
-241.279
-242.389
-243.499
-244.609
-245.719
-246.829
-247.939
-249.049
-250.159
-251.269
-252.379
-253.489
-254.599
-255.708
-256.818
-257.928
-259.037
-260.147
-261.257
-262.366
-263.476
-264.585
-265.695
-266.804
-267.913
-269.023
-270.132
-271.241
-272.351
-273.46
-274.569
-275.678
-276.788
-277.897
-279.006
-280.115
-281.224
-282.333
-283.442
-284.551
-285.66
-286.769
-287.877
-288.986
-290.095
-291.204
-292.312
-293.421
-294.53
-295.638
-296.747
-297.856
-298.964
-300.073
-301.181
-302.29
-303.398
-304.506
-305.615
-306.723
-307.831
-308.94
-310.048
-311.156
-312.264
-313.372
-314.48
-315.588
-316.696
-317.804
-318.912
-320.02
-321.128
-322.236
-323.344
-324.452
-325.56
-326.667
-327.775
-328.883
-329.99
-331.098
-332.206
-333.313
-334.421
-335.528
-336.636
-337.743
-338.851
-339.958
-341.065
-342.173
-343.28
-344.387
-345.495
-346.602
-347.709
-348.816
-349.923
-351.03
-352.137
-353.244
-354.351
-355.458
-356.565
-357.672
-358.779
-359.886
-360.992
-362.099
-363.206
-364.313
-365.419
-366.526
-367.633
-368.739
-369.846
-370.952
-372.059
-373.165
-374.272
-375.378
-376.484
-377.591
-378.697
-379.803
-380.909
-382.016
-383.122
-384.228
-385.334
-386.44
-387.546
-388.652
-389.758
-390.864
-391.97
-393.076
-394.182
-395.288
-396.393
-397.499
-398.605
-399.711
-400.816
-401.922
-403.027
-404.133
-405.239
-406.344
-407.45
-408.555
-409.66
-410.766
-411.871
-412.977
-414.082
-415.187
-416.292
-417.398
-418.503
-419.608
-420.713
-421.818
-422.923
-424.028
-425.133
-426.238
-427.343
-428.448
-429.553
-430.658
-431.762
-432.867
-433.972
-435.077
-436.181
-437.286
-438.39
-439.495
-440.6
-441.704
-442.809
-443.913
-445.018
-446.122
-447.226
-448.331
-449.435
-450.539
-451.643
-452.748
-453.852
-454.956
-456.06
-457.164
-458.268
-459.372
-460.476
-461.58
-462.684
-463.788
-464.892
-465.996
-467.099
-468.203
-469.307
-470.411
-471.514
-472.618
-473.722
-474.825
-475.929
-477.032
-478.136
-479.239
-480.343
-481.446
-482.549
-483.653
-484.756
-485.859
-486.963
-488.066
-489.169
-490.272
-491.375
-492.478
-493.581
-494.684
-495.787
-496.89
-497.993
-499.096
-500.199
-501.302
-502.405
-503.507
-504.61
-505.713
-506.816
-507.918
-509.021
-510.123
-511.226
-512.328
-513.431
-514.533
-515.636
-516.738
-517.841
-518.943
-520.045
-521.147
-522.25
-523.352
-524.454
-525.556
-526.658
-527.76
-528.863
-529.965
-531.067
-532.168
-533.27
-534.372
-535.474
-536.576
-537.678
-538.78
-539.881
-540.983
-542.085
-543.186
-544.288
-545.39
-546.491
-547.593
-548.694
-549.796
-550.897
-551.998
-553.1
-554.201
-555.302
-556.404
-557.505
-558.606
-559.707
-560.808
-561.91
-563.011
-564.112
-565.213
-566.314
-567.415
-568.516
-569.617
-570.717
-571.818
-572.919
-574.02
-575.121
-576.221
-577.322
-578.423
-579.523
-580.624
-581.724
-582.825
-583.925
-585.026
-586.126
-587.227
-588.327
-589.427
-590.528
-591.628
-592.728
-593.828
-594.929
-596.029
-597.129
-598.229
-599.329
-600.429
-601.529
-602.629
-603.729
-604.829
-605.929
-607.028
-608.128
-609.228
-610.328
-611.427
-612.527
-613.627
-614.726
-615.826
-616.926
-618.025
-619.125
-620.224
-621.323
-622.423
-623.522
-624.622
-625.721
-626.82
-627.919
-629.019
-630.118
-631.217
-632.316
-633.415
-634.514
-635.613
-636.712
-637.811
-638.91
-640.009
-641.108
-642.207
-643.305
-644.404
-645.503
-646.602
-647.7
-648.799
-649.898
-650.996
-652.095
-653.193
-654.292
-655.39
-656.489
-657.587
-658.685
-659.784
-660.882
-661.98
-663.079
-664.177
-665.275
-666.373
-667.471
-668.569
-669.667
-670.765
-671.863
-672.961
-674.059
-675.157
-676.255
-677.353
-678.451
-679.548
-680.646
-681.744
-682.841
-683.939
-685.037
-686.134
-687.232
-688.329
-689.427
-690.524
-691.622
-692.719
-693.817
-694.914
-696.011
-697.108
-698.206
-699.303
-700.4
-701.497
-702.594
-703.691
-704.788
-705.885
-706.982
-708.079
-709.176
-710.273
-711.37
-712.467
-713.564
-714.66
-715.757
-716.854
-717.951
-719.047
-720.144
-721.24
-722.337
-723.433
-724.53
-725.626
-726.723
-727.819
-728.916
-730.012
-731.108
-732.204
-733.301
-734.397
-735.493
-736.589
-737.685
-738.781
-739.877
-740.973
-742.069
-743.165
-744.261
-745.357
-746.453
-747.549
-748.645
-749.74
-750.836
-751.932
-753.028
-754.123
-755.219
-756.314
-757.41
-758.505
-759.601
-760.696
-761.792
-762.887
-763.983
-765.078
-766.173
-767.268
-768.364
-769.459
-770.554
-771.649
-772.744
-773.839
-774.934
-776.029
-777.124
-778.219
-779.314
-780.409
-781.504
-782.599
-783.694
-784.788
-785.883
-786.978
-788.072
-789.167
-790.262
-791.356
-792.451
-793.545
-794.64
-795.734
-796.829
-797.923
-799.017
-800.112
-801.206
-802.3
-803.394
-804.489
-805.583
-806.677
-807.771
-808.865
-809.959
-811.053
-812.147
-813.241
-814.335
-815.429
-816.523
-817.617
-818.71
-819.804
-820.898
-821.991
-823.085
-824.179
-825.272
-826.366
-827.459
-828.553
-829.646
-830.74
-831.833
-832.927
-834.02
-835.113
-836.207
-837.3
-838.393
-839.486
-840.579
-841.673
-842.766
-843.859
-844.952
-846.045
-847.138
-848.231
-849.324
-850.416
-851.509
-852.602
-853.695
-854.788
-855.88
-856.973
-858.066
-859.158
-860.251
-861.344
-862.436
-863.529
-864.621
-865.713
-866.806
-867.898
-868.991
-870.083
-871.175
-872.267
-873.36
-874.452
-875.544
-876.636
-877.728
-878.82
-879.912
-881.004
-882.096
-883.188
-884.28
-885.372
-886.464
-887.556
-888.647
-889.739
-890.831
-891.922
-893.014
-894.106
-895.197
-896.289
-897.38
-898.472
-899.563
-900.655
-901.746
-902.838
-903.929
-905.02
-906.111
-907.203
-908.294
-909.385
-910.476
-911.567
-912.658
-913.749
-914.841
-915.932
-917.022
-918.113
-919.204
-920.295
-921.386
-922.477
-923.568
-924.658
-925.749
-926.84
-927.93
-929.021
-930.112
-931.202
-932.293
-933.383
-934.474
-935.564
-936.654
-937.745
-938.835
-939.925
-941.016
-942.106
-943.196
-944.286
-945.376
-946.466
-947.557
-948.647
-949.737
-950.827
-951.916
-953.006
-954.096
-955.186
-956.276
-957.366
-958.456
-959.545
-960.635
-961.725
-962.814
-963.904
-964.993
-966.083
-967.173
-968.262
-969.351
-970.441
-971.53
-972.62
-973.709
-974.798
-975.887
-976.977
-978.066
-979.155
-980.244
-981.333
-982.422
-983.511
-984.6
-985.689
-986.778
-987.867
-988.956
-990.045
-991.134
-992.223
-993.311
-994.4
-995.489
-996.577
-997.666
-998.755
-999.843
-1000.93
-1002.02
-1003.11
-1004.2
-1005.29
-1006.37
-1007.46
-1008.55
-1009.64
-1010.73
-1011.82
-1012.9
-1013.99
-1015.08
-1016.17
-1017.26
-1018.34
-1019.43
-1020.52
-1021.61
-1022.7
-1023.78
-1024.87
-1025.96
-1027.05
-1028.13
-1029.22
-1030.31
-1031.4
-1032.49
-1033.57
-1034.66
-1035.75
-1036.84
-1037.92
-1039.01
-1040.1
-1041.19
-1042.27
-1043.36
-1044.45
-1045.53
-1046.62
-1047.71
-1048.8
-1049.88
-1050.97
-1052.06
-1053.14
-1054.23
-1055.32
-1056.41
-1057.49
-1058.58
-1059.67
-1060.75
-1061.84
-1062.93
-1064.01
-1065.1
-1066.19
-1067.27
-1068.36
-1069.45
-1070.53
-1071.62
-1072.71
-1073.79
-1074.88
-1075.96
-1077.05
-1078.14
-1079.22
-1080.31
-1081.4
-1082.48
-1083.57
-1084.65
-1085.74
-1086.83
-1087.91
-1089
-1090.08
-1091.17
-1092.26
-1093.34
-1094.43
-1095.51
-1096.6
-1097.68
-1098.77
-1099.86
-1100.94
-1102.03
-1103.11
-1104.2
-1105.28
-1106.37
-1107.45
-1108.54
-1109.63
-1110.71
-1111.8
-1112.88
-1113.97
-1115.05
-1116.14
-1117.22
-1118.31
-1119.39
-1120.48
-1121.56
-1122.65
-1123.73
-1124.82
-1125.9
-1126.99
-1128.07
-1129.16
-1130.24
-1131.33
-1132.41
-1133.5
-1134.58
-1135.67
-1136.75
-1137.83
-1138.92
-1140
-1141.09
-1142.17
-1143.26
-1144.34
-1145.43
-1146.51
-1147.59
-1148.68
-1149.76
-1150.85
-1151.93
-1153.01
-1154.1
-1155.18
-1156.27
-1157.35
-1158.44
-1159.52
-1160.6
-1161.69
-1162.77
-1163.85
-1164.94
-1166.02
-1167.11
-1168.19
-1169.27
-1170.36
-1171.44
-1172.52
-1173.61
-1174.69
-1175.77
-1176.86
-1177.94
-1179.02
-1180.11
-1181.19
-1182.27
-1183.36
-1184.44
-1185.52
-1186.61
-1187.69
-1188.77
-1189.86
-1190.94
-1192.02
-1193.1
-1194.19
-1195.27
-1196.35
-1197.44
-1198.52
-1199.6
-1200.68
-1201.77
-1202.85
-1203.93
-1205.02
-1206.1
-1207.18
-1208.26
-1209.35
-1210.43
-1211.51
-1212.59
-1213.67
-1214.76
-1215.84
-1216.92
-1218
-1219.09
-1220.17
-1221.25
-1222.33
-1223.41
-1224.5
-1225.58
-1226.66
-1227.74
-1228.82
-1229.91
-1230.99
-1232.07
-1233.15
-1234.23
-1235.31
-1236.4
-1237.48
-1238.56
-1239.64
-1240.72
-1241.8
-1242.89
-1243.97
-1245.05
-1246.13
-1247.21
-1248.29
-1249.37
-1250.46
-1251.54
-1252.62
-1253.7
-1254.78
-1255.86
-1256.94
-1258.02
-1259.1
-1260.19
-1261.27
-1262.35
-1263.43
-1264.51
-1265.59
-1266.67
-1267.75
-1268.83
-1269.91
-1270.99
-1272.07
-1273.15
-1274.24
-1275.32
-1276.4
-1277.48
-1278.56
-1279.64
-1280.72
-1281.8
-1282.88
-1283.96
-1285.04
-1286.12
-1287.2
-1288.28
-1289.36
-1290.44
-1291.52
-1292.6
-1293.68
-1294.76
-1295.84
-1296.92
-1298
-1299.08
-1300.16
-1301.24
-1302.32
-1303.4
-1304.48
-1305.56
-1306.64
-1307.72
-1308.8
-1309.88
-1310.96
-1312.04
-1313.11
-1314.19
-1315.27
-1316.35
-1317.43
-1318.51
-1319.59
-1320.67
-1321.75
-1322.83
-1323.91
-1324.99
-1326.07
-1327.14
-1328.22
-1329.3
-1330.38
-1331.46
-1332.54
-1333.62
-1334.7
-1335.78
-1336.85
-1337.93
-1339.01
-1340.09
-1341.17
-1342.25
-1343.33
-1344.4
-1345.48
-1346.56
-1347.64
-1348.72
-1349.8
-1350.87
-1351.95
-1353.03
-1354.11
-1355.19
-1356.27
-1357.34
-1358.42
-1359.5
-1360.58
-1361.66
-1362.73
-1363.81
-1364.89
-1365.97
-1367.05
-1368.12
-1369.2
-1370.28
-1371.36
-1372.43
-1373.51
-1374.59
-1375.67
-1376.74
-1377.82
-1378.9
-1379.98
-1381.05
-1382.13
-1383.21
-1384.29
-1385.36
-1386.44
-1387.52
-1388.6
-1389.67
-1390.75
-1391.83
-1392.9
-1393.98
-1395.06
-1396.14
-1397.21
-1398.29
-1399.37
-1400.44
-1401.52
-1402.6
-1403.67
-1404.75
-1405.83
-1406.9
-1407.98
-1409.06
-1410.13
-1411.21
-1412.29
-1413.36
-1414.44
-1415.52
-1416.59
-1417.67
-1418.74
-1419.82
-1420.9
-1421.97
-1423.05
-1424.13
-1425.2
-1426.28
-1427.35
-1428.43
-1429.51
-1430.58
-1431.66
-1432.73
-1433.81
-1434.89
-1435.96
-1437.04
-1438.11
-1439.19
-1440.26
-1441.34
-1442.42
-1443.49
-1444.57
-1445.64
-1446.72
-1447.79
-1448.87
-1449.94
-1451.02
-1452.09
-1453.17
-1454.24
-1455.32
-1456.4
-1457.47
-1458.55
-1459.62
-1460.7
-1461.77
-1462.85
-1463.92
-1465
-1466.07
-1467.15
-1468.22
-1469.3
-1470.37
-1471.44
-1472.52
-1473.59
-1474.67
-1475.74
-1476.82
-1477.89
-1478.97
-1480.04
-1481.12
-1482.19
-1483.27
-1484.34
-1485.41
-1486.49
-1487.56
-1488.64
-1489.71
-1490.79
-1491.86
-1492.93
-1494.01
-1495.08
-1496.16
-1497.23
-1498.3
-1499.38
-1500.45
-1501.53
-1502.6
-1503.67
-1504.75
-1505.82
-1506.89
-1507.97
-1509.04
-1510.11
-1511.19
-1512.26
-1513.34
-1514.41
-1515.48
-1516.56
-1517.63
-1518.7
-1519.78
-1520.85
-1521.92
-1523
-1524.07
-1525.14
-1526.22
-1527.29
-1528.36
-1529.43
-1530.51
-1531.58
-1532.65
-1533.73
-1534.8
-1535.87
-1536.94
-1538.02
-1539.09
-1540.16
-1541.24
-1542.31
-1543.38
-1544.45
-1545.53
-1546.6
-1547.67
-1548.74
-1549.82
-1550.89
-1551.96
-1553.03
-1554.11
-1555.18
-1556.25
-1557.32
-1558.39
-1559.47
-1560.54
-1561.61
-1562.68
-1563.75
-1564.83
-1565.9
-1566.97
-1568.04
-1569.11
-1570.19
-1571.26
-1572.33
-1573.4
-1574.47
-1575.54
-1576.62
-1577.69
-1578.76
-1579.83
-1580.9
-1581.97
-1583.05
-1584.12
-1585.19
-1586.26
-1587.33
-1588.4
-1589.47
-1590.54
-1591.62
-1592.69
-1593.76
-1594.83
-1595.9
-1596.97
-1598.04
-1599.11
-1600.18
-1601.25
-1602.33
-1603.4
-1604.47
-1605.54
-1606.61
-1607.68
-1608.75
-1609.82
-1610.89
-1611.96
-1613.03
-1614.1
-1615.17
-1616.24
-1617.31
-1618.38
-1619.46
-1620.53
-1621.6
-1622.67
-1623.74
-1624.81
-1625.88
-1626.95
-1628.02
-1629.09
-1630.16
-1631.23
-1632.3
-1633.37
-1634.44
-1635.51
-1636.58
-1637.65
-1638.72
-1639.79
-1640.86
-1641.93
-1642.99
-1644.06
-1645.13
-1646.2
-1647.27
-1648.34
-1649.41
-1650.48
-1651.55
-1652.62
-1653.69
-1654.76
-1655.83
-1656.9
-1657.97
-1659.04
-1660.11
-1661.17
-1662.24
-1663.31
-1664.38
-1665.45
-1666.52
-1667.59
-1668.66
-1669.73
-1670.79
-1671.86
-1672.93
-1674
-1675.07
-1676.14
-1677.21
-1678.28
-1679.34
-1680.41
-1681.48
-1682.55
-1683.62
-1684.69
-1685.75
-1686.82
-1687.89
-1688.96
-1690.03
-1691.1
-1692.16
-1693.23
-1694.3
-1695.37
-1696.44
-1697.5
-1698.57
-1699.64
-1700.71
-1701.78
-1702.84
-1703.91
-1704.98
-1706.05
-1707.12
-1708.18
-1709.25
-1710.32
-1711.39
-1712.45
-1713.52
-1714.59
-1715.66
-1716.72
-1717.79
-1718.86
-1719.93
-1720.99
-1722.06
-1723.13
-1724.19
-1725.26
-1726.33
-1727.4
-1728.46
-1729.53
-1730.6
-1731.66
-1732.73
-1733.8
-1734.87
-1735.93
-1737
-1738.07
-1739.13
-1740.2
-1741.27
-1742.33
-1743.4
-1744.47
-1745.53
-1746.6
-1747.67
-1748.73
-1749.8
-1750.86
-1751.93
-1753
-1754.06
-1755.13
-1756.2
-1757.26
-1758.33
-1759.4
-1760.46
-1761.53
-1762.59
-1763.66
-1764.73
-1765.79
-1766.86
-1767.92
-1768.99
-1770.05
-1771.12
-1772.19
-1773.25
-1774.32
-1775.38
-1776.45
-1777.51
-1778.58
-1779.65
-1780.71
-1781.78
-1782.84
-1783.91
-1784.97
-1786.04
-1787.1
-1788.17
-1789.23
-1790.3
-1791.37
-1792.43
-1793.5
-1794.56
-1795.63
-1796.69
-1797.76
-1798.82
-1799.89
-1800.95
-1802.02
-1803.08
-1804.14
-1805.21
-1806.27
-1807.34
-1808.4
-1809.47
-1810.53
-1811.6
-1812.66
-1813.73
-1814.79
-1815.86
-1816.92
-1817.98
-1819.05
-1820.11
-1821.18
-1822.24
-1823.31
-1824.37
-1825.43
-1826.5
-1827.56
-1828.63
-1829.69
-1830.75
-1831.82
-1832.88
-1833.95
-1835.01
-1836.07
-1837.14
-1838.2
-1839.27
-1840.33
-1841.39
-1842.46
-1843.52
-1844.58
-1845.65
-1846.71
-1847.77
-1848.84
-1849.9
-1850.97
-1852.03
-1853.09
-1854.16
-1855.22
-1856.28
-1857.34
-1858.41
-1859.47
-1860.53
-1861.6
-1862.66
-1863.72
-1864.79
-1865.85
-1866.91
-1867.98
-1869.04
-1870.1
-1871.16
-1872.23
-1873.29
-1874.35
-1875.41
-1876.48
-1877.54
-1878.6
-1879.66
-1880.73
-1881.79
-1882.85
-1883.91
-1884.98
-1886.04
-1887.1
-1888.16
-1889.23
-1890.29
-1891.35
-1892.41
-1893.47
-1894.54
-1895.6
-1896.66
-1897.72
-1898.78
-1899.85
-1900.91
-1901.97
-1903.03
-1904.09
-1905.16
-1906.22
-1907.28
-1908.34
-1909.4
-1910.46
-1911.53
-1912.59
-1913.65
-1914.71
-1915.77
-1916.83
-1917.89
-1918.96
-1920.02
-1921.08
-1922.14
-1923.2
-1924.26
-1925.32
-1926.38
-1927.45
-1928.51
-1929.57
-1930.63
-1931.69
-1932.75
-1933.81
-1934.87
-1935.93
-1936.99
-1938.05
-1939.12
-1940.18
-1941.24
-1942.3
-1943.36
-1944.42
-1945.48
-1946.54
-1947.6
-1948.66
-1949.72
-1950.78
-1951.84
-1952.9
-1953.96
-1955.02
-1956.08
-1957.14
-1958.2
-1959.26
-1960.32
-1961.38
-1962.44
-1963.5
-1964.56
-1965.62
-1966.68
-1967.74
-1968.8
-1969.86
-1970.92
-1971.98
-1973.04
-1974.1
-1975.16
-1976.22
-1977.28
-1978.34
-1979.4
-1980.46
-1981.52
-1982.58
-1983.64
-1984.7
-1985.76
-1986.81
-1987.87
-1988.93
-1989.99
-1991.05
-1992.11
-1993.17
-1994.23
-1995.29
-1996.35
-1997.41
-1998.46
-1999.52
-2000.58
-2001.64
-2002.7
-2003.76
-2004.82
-2005.88
-2006.94
-2007.99
-2009.05
-2010.11
-2011.17
-2012.23
-2013.29
-2014.35
-2015.4
-2016.46
-2017.52
-2018.58
-2019.64
-2020.7
-2021.75
-2022.81
-2023.87
-2024.93
-2025.99
-2027.04
-2028.1
-2029.16
-2030.22
-2031.28
-2032.33
-2033.39
-2034.45
-2035.51
-2036.56
-2037.62
-2038.68
-2039.74
-2040.8
-2041.85
-2042.91
-2043.97
-2045.03
-2046.08
-2047.14
-2048.2
-2049.26
-2050.31
-2051.37
-2052.43
-2053.48
-2054.54
-2055.6
-2056.66
-2057.71
-2058.77
-2059.83
-2060.88
-2061.94
-2063
-2064.06
-2065.11
-2066.17
-2067.23
-2068.28
-2069.34
-2070.4
-2071.45
-2072.51
-2073.57
-2074.62
-2075.68
-2076.74
-2077.79
-2078.85
-2079.91
-2080.96
-2082.02
-2083.07
-2084.13
-2085.19
-2086.24
-2087.3
-2088.36
-2089.41
-2090.47
-2091.52
-2092.58
-2093.64
-2094.69
-2095.75
-2096.8
-2097.86
-2098.92
-2099.97
-2101.03
-2102.08
-2103.14
-2104.19
-2105.25
-2106.31
-2107.36
-2108.42
-2109.47
-2110.53
-2111.58
-2112.64
-2113.69
-2114.75
-2115.81
-2116.86
-2117.92
-2118.97
-2120.03
-2121.08
-2122.14
-2123.19
-2124.25
-2125.3
-2126.36
-2127.41
-2128.47
-2129.52
-2130.58
-2131.63
-2132.69
-2133.74
-2134.8
-2135.85
-2136.91
-2137.96
-2139.01
-2140.07
-2141.12
-2142.18
-2143.23
-2144.29
-2145.34
-2146.4
-2147.45
-2148.51
-2149.56
-2150.61
-2151.67
-2152.72
-2153.78
-2154.83
-2155.88
-2156.94
-2157.99
-2159.05
-2160.1
-2161.15
-2162.21
-2163.26
-2164.32
-2165.37
-2166.42
-2167.48
-2168.53
-2169.59
-2170.64
-2171.69
-2172.75
-2173.8
-2174.85
-2175.91
-2176.96
-2178.01
-2179.07
-2180.12
-2181.17
-2182.23
-2183.28
-2184.33
-2185.39
-2186.44
-2187.49
-2188.55
-2189.6
-2190.65
-2191.71
-2192.76
-2193.81
-2194.86
-2195.92
-2196.97
-2198.02
-2199.08
-2200.13
-2201.18
-2202.23
-2203.29
-2204.34
-2205.39
-2206.44
-2207.5
-2208.55
-2209.6
-2210.65
-2211.71
-2212.76
-2213.81
-2214.86
-2215.92
-2216.97
-2218.02
-2219.07
-2220.12
-2221.18
-2222.23
-2223.28
-2224.33
-2225.38
-2226.44
-2227.49
-2228.54
-2229.59
-2230.64
-2231.7
-2232.75
-2233.8
-2234.85
-2235.9
-2236.95
-2238.01
-2239.06
-2240.11
-2241.16
-2242.21
-2243.26
-2244.31
-2245.37
-2246.42
-2247.47
-2248.52
-2249.57
-2250.62
-2251.67
-2252.72
-2253.78
-2254.83
-2255.88
-2256.93
-2257.98
-2259.03
-2260.08
-2261.13
-2262.18
-2263.23
-2264.28
-2265.34
-2266.39
-2267.44
-2268.49
-2269.54
-2270.59
-2271.64
-2272.69
-2273.74
-2274.79
-2275.84
-2276.89
-2277.94
-2278.99
-2280.04
-2281.09
-2282.14
-2283.19
-2284.24
-2285.29
-2286.34
-2287.39
-2288.44
-2289.49
-2290.54
-2291.59
-2292.64
-2293.69
-2294.74
-2295.79
-2296.84
-2297.89
-2298.94
-2299.99
-2301.04
-2302.09
-2303.14
-2304.19
-2305.24
-2306.29
-2307.34
-2308.39
-2309.44
-2310.49
-2311.54
-2312.59
-2313.63
-2314.68
-2315.73
-2316.78
-2317.83
-2318.88
-2319.93
-2320.98
-2322.03
-2323.08
-2324.13
-2325.17
-2326.22
-2327.27
-2328.32
-2329.37
-2330.42
-2331.47
-2332.52
-2333.56
-2334.61
-2335.66
-2336.71
-2337.76
-2338.81
-2339.86
-2340.9
-2341.95
-2343
-2344.05
-2345.1
-2346.15
-2347.19
-2348.24
-2349.29
-2350.34
-2351.39
-2352.43
-2353.48
-2354.53
-2355.58
-2356.63
-2357.67
-2358.72
-2359.77
-2360.82
-2361.87
-2362.91
-2363.96
-2365.01
-2366.06
-2367.1
-2368.15
-2369.2
-2370.25
-2371.29
-2372.34
-2373.39
-2374.44
-2375.48
-2376.53
-2377.58
-2378.62
-2379.67
-2380.72
-2381.77
-2382.81
-2383.86
-2384.91
-2385.95
-2387
-2388.05
-2389.1
-2390.14
-2391.19
-2392.24
-2393.28
-2394.33
-2395.38
-2396.42
-2397.47
-2398.52
-2399.56
-2400.61
-2401.66
-2402.7
-2403.75
-2404.79
-2405.84
-2406.89
-2407.93
-2408.98
-2410.03
-2411.07
-2412.12
-2413.17
-2414.21
-2415.26
-2416.3
-2417.35
-2418.4
-2419.44
-2420.49
-2421.53
-2422.58
-2423.62
-2424.67
-2425.72
-2426.76
-2427.81
-2428.85
-2429.9
-2430.94
-2431.99
-2433.04
-2434.08
-2435.13
-2436.17
-2437.22
-2438.26
-2439.31
-2440.35
-2441.4
-2442.44
-2443.49
-2444.53
-2445.58
-2446.62
-2447.67
-2448.72
-2449.76
-2450.81
-2451.85
-2452.89
-2453.94
-2454.98
-2456.03
-2457.07
-2458.12
-2459.16
-2460.21
-2461.25
-2462.3
-2463.34
-2464.39
-2465.43
-2466.48
-2467.52
-2468.56
-2469.61
-2470.65
-2471.7
-2472.74
-2473.79
-2474.83
-2475.87
-2476.92
-2477.96
-2479.01
-2480.05
-2481.1
-2482.14
-2483.18
-2484.23
-2485.27
-2486.32
-2487.36
-2488.4
-2489.45
-2490.49
-2491.53
-2492.58
-2493.62
-2494.66
-2495.71
-2496.75
-2497.8
-2498.84
-2499.88
-2500.93
-2501.97
-2503.01
-2504.06
-2505.1
-2506.14
-2507.19
-2508.23
-2509.27
-2510.32
-2511.36
-2512.4
-2513.44
-2514.49
-2515.53
-2516.57
-2517.62
-2518.66
-2519.7
-2520.74
-2521.79
-2522.83
-2523.87
-2524.92
-2525.96
-2527
-2528.04
-2529.09
-2530.13
-2531.17
-2532.21
-2533.26
-2534.3
-2535.34
-2536.38
-2537.42
-2538.47
-2539.51
-2540.55
-2541.59
-2542.64
-2543.68
-2544.72
-2545.76
-2546.8
-2547.85
-2548.89
-2549.93
-2550.97
-2552.01
-2553.05
-2554.1
-2555.14
-2556.18
-2557.22
-2558.26
-2559.3
-2560.35
-2561.39
-2562.43
-2563.47
-2564.51
-2565.55
-2566.59
-2567.64
-2568.68
-2569.72
-2570.76
-2571.8
-2572.84
-2573.88
-2574.92
-2575.97
-2577.01
-2578.05
-2579.09
-2580.13
-2581.17
-2582.21
-2583.25
-2584.29
-2585.33
-2586.37
-2587.42
-2588.46
-2589.5
-2590.54
-2591.58
-2592.62
-2593.66
-2594.7
-2595.74
-2596.78
-2597.82
-2598.86
-2599.9
-2600.94
-2601.98
-2603.02
-2604.06
-2605.1
-2606.14
-2607.18
-2608.22
-2609.26
-2610.3
-2611.34
-2612.38
-2613.42
-2614.46
-2615.5
-2616.54
-2617.58
-2618.62
-2619.66
-2620.7
-2621.74
-2622.78
-2623.82
-2624.86
-2625.9
-2626.94
-2627.98
-2629.02
-2630.06
-2631.09
-2632.13
-2633.17
-2634.21
-2635.25
-2636.29
-2637.33
-2638.37
-2639.41
-2640.45
-2641.49
-2642.53
-2643.56
-2644.6
-2645.64
-2646.68
-2647.72
-2648.76
-2649.8
-2650.84
-2651.87
-2652.91
-2653.95
-2654.99
-2656.03
-2657.07
-2658.11
-2659.14
-2660.18
-2661.22
-2662.26
-2663.3
-2664.34
-2665.37
-2666.41
-2667.45
-2668.49
-2669.53
-2670.56
-2671.6
-2672.64
-2673.68
-2674.72
-2675.75
-2676.79
-2677.83
-2678.87
-2679.91
-2680.94
-2681.98
-2683.02
-2684.06
-2685.09
-2686.13
-2687.17
-2688.21
-2689.24
-2690.28
-2691.32
-2692.36
-2693.39
-2694.43
-2695.47
-2696.51
-2697.54
-2698.58
-2699.62
-2700.65
-2701.69
-2702.73
-2703.77
-2704.8
-2705.84
-2706.88
-2707.91
-2708.95
-2709.99
-2711.02
-2712.06
-2713.1
-2714.13
-2715.17
-2716.21
-2717.24
-2718.28
-2719.32
-2720.35
-2721.39
-2722.43
-2723.46
-2724.5
-2725.54
-2726.57
-2727.61
-2728.64
-2729.68
-2730.72
-2731.75
-2732.79
-2733.83
-2734.86
-2735.9
-2736.93
-2737.97
-2739.01
-2740.04
-2741.08
-2742.11
-2743.15
-2744.18
-2745.22
-2746.26
-2747.29
-2748.33
-2749.36
-2750.4
-2751.43
-2752.47
-2753.5
-2754.54
-2755.58
-2756.61
-2757.65
-2758.68
-2759.72
-2760.75
-2761.79
-2762.82
-2763.86
-2764.89
-2765.93
-2766.96
-2768
-2769.03
-2770.07
-2771.1
-2772.14
-2773.17
-2774.21
-2775.24
-2776.28
-2777.31
-2778.34
-2779.38
-2780.41
-2781.45
-2782.48
-2783.52
-2784.55
-2785.59
-2786.62
-2787.66
-2788.69
-2789.72
-2790.76
-2791.79
-2792.83
-2793.86
-2794.89
-2795.93
-2796.96
-2798
-2799.03
-2800.07
-2801.1
-2802.13
-2803.17
-2804.2
-2805.23
-2806.27
-2807.3
-2808.34
-2809.37
-2810.4
-2811.44
-2812.47
-2813.5
-2814.54
-2815.57
-2816.6
-2817.64
-2818.67
-2819.7
-2820.74
-2821.77
-2822.8
-2823.84
-2824.87
-2825.9
-2826.94
-2827.97
-2829
-2830.04
-2831.07
-2832.1
-2833.13
-2834.17
-2835.2
-2836.23
-2837.27
-2838.3
-2839.33
-2840.36
-2841.4
-2842.43
-2843.46
-2844.49
-2845.53
-2846.56
-2847.59
-2848.62
-2849.66
-2850.69
-2851.72
-2852.75
-2853.79
-2854.82
-2855.85
-2856.88
-2857.91
-2858.95
-2859.98
-2861.01
-2862.04
-2863.07
-2864.11
-2865.14
-2866.17
-2867.2
-2868.23
-2869.27
-2870.3
-2871.33
-2872.36
-2873.39
-2874.42
-2875.45
-2876.49
-2877.52
-2878.55
-2879.58
-2880.61
-2881.64
-2882.67
-2883.71
-2884.74
-2885.77
-2886.8
-2887.83
-2888.86
-2889.89
-2890.92
-2891.96
-2892.99
-2894.02
-2895.05
-2896.08
-2897.11
-2898.14
-2899.17
-2900.2
-2901.23
-2902.26
-2903.29
-2904.32
-2905.36
-2906.39
-2907.42
-2908.45
-2909.48
-2910.51
-2911.54
-2912.57
-2913.6
-2914.63
-2915.66
-2916.69
-2917.72
-2918.75
-2919.78
-2920.81
-2921.84
-2922.87
-2923.9
-2924.93
-2925.96
-2926.99
-2928.02
-2929.05
-2930.08
-2931.11
-2932.14
-2933.17
-2934.2
-2935.23
-2936.26
-2937.29
-2938.32
-2939.35
-2940.38
-2941.41
-2942.43
-2943.46
-2944.49
-2945.52
-2946.55
-2947.58
-2948.61
-2949.64
-2950.67
-2951.7
-2952.73
-2953.76
-2954.78
-2955.81
-2956.84
-2957.87
-2958.9
-2959.93
-2960.96
-2961.99
-2963.02
-2964.04
-2965.07
-2966.1
-2967.13
-2968.16
-2969.19
-2970.22
-2971.24
-2972.27
-2973.3
-2974.33
-2975.36
-2976.39
-2977.41
-2978.44
-2979.47
-2980.5
-2981.53
-2982.56
-2983.58
-2984.61
-2985.64
-2986.67
-2987.7
-2988.72
-2989.75
-2990.78
-2991.81
-2992.83
-2993.86
-2994.89
-2995.92
-2996.95
-2997.97
-2999
-3000.03
-3001.06
-3002.08
-3003.11
-3004.14
-3005.17
-3006.19
-3007.22
-3008.25
-3009.27
-3010.3
-3011.33
-3012.36
-3013.38
-3014.41
-3015.44
-3016.46
-3017.49
-3018.52
-3019.55
-3020.57
-3021.6
-3022.63
-3023.65
-3024.68
-3025.71
-3026.73
-3027.76
-3028.79
-3029.81
-3030.84
-3031.87
-3032.89
-3033.92
-3034.94
-3035.97
-3037
-3038.02
-3039.05
-3040.08
-3041.1
-3042.13
-3043.15
-3044.18
-3045.21
-3046.23
-3047.26
-3048.29
-3049.31
-3050.34
-3051.36
-3052.39
-3053.41
-3054.44
-3055.47
-3056.49
-3057.52
-3058.54
-3059.57
-3060.59
-3061.62
-3062.65
-3063.67
-3064.7
-3065.72
-3066.75
-3067.77
-3068.8
-3069.82
-3070.85
-3071.87
-3072.9
-3073.92
-3074.95
-3075.97
-3077
-3078.02
-3079.05
-3080.07
-3081.1
-3082.12
-3083.15
-3084.17
-3085.2
-3086.22
-3087.25
-3088.27
-3089.3
-3090.32
-3091.35
-3092.37
-3093.4
-3094.42
-3095.44
-3096.47
-3097.49
-3098.52
-3099.54
-3100.57
-3101.59
-3102.61
-3103.64
-3104.66
-3105.69
-3106.71
-3107.74
-3108.76
-3109.78
-3110.81
-3111.83
-3112.85
-3113.88
-3114.9
-3115.93
-3116.95
-3117.97
-3119
-3120.02
-3121.04
-3122.07
-3123.09
-3124.12
-3125.14
-3126.16
-3127.19
-3128.21
-3129.23
-3130.26
-3131.28
-3132.3
-3133.33
-3134.35
-3135.37
-3136.39
-3137.42
-3138.44
-3139.46
-3140.49
-3141.51
-3142.53
-3143.56
-3144.58
-3145.6
-3146.62
-3147.65
-3148.67
-3149.69
-3150.72
-3151.74
-3152.76
-3153.78
-3154.81
-3155.83
-3156.85
-3157.87
-3158.89
-3159.92
-3160.94
-3161.96
-3162.98
-3164.01
-3165.03
-3166.05
-3167.07
-3168.09
-3169.12
-3170.14
-3171.16
-3172.18
-3173.2
-3174.23
-3175.25
-3176.27
-3177.29
-3178.31
-3179.34
-3180.36
-3181.38
-3182.4
-3183.42
-3184.44
-3185.47
-3186.49
-3187.51
-3188.53
-3189.55
-3190.57
-3191.59
-3192.61
-3193.64
-3194.66
-3195.68
-3196.7
-3197.72
-3198.74
-3199.76
-3200.78
-3201.8
-3202.83
-3203.85
-3204.87
-3205.89
-3206.91
-3207.93
-3208.95
-3209.97
-3210.99
-3212.01
-3213.03
-3214.05
-3215.07
-3216.1
-3217.12
-3218.14
-3219.16
-3220.18
-3221.2
-3222.22
-3223.24
-3224.26
-3225.28
-3226.3
-3227.32
-3228.34
-3229.36
-3230.38
-3231.4
-3232.42
-3233.44
-3234.46
-3235.48
-3236.5
-3237.52
-3238.54
-3239.56
-3240.58
-3241.6
-3242.62
-3243.64
-3244.66
-3245.68
-3246.69
-3247.71
-3248.73
-3249.75
-3250.77
-3251.79
-3252.81
-3253.83
-3254.85
-3255.87
-3256.89
-3257.91
-3258.93
-3259.95
-3260.96
-3261.98
-3263
-3264.02
-3265.04
-3266.06
-3267.08
-3268.1
-3269.12
-3270.13
-3271.15
-3272.17
-3273.19
-3274.21
-3275.23
-3276.25
-3277.26
-3278.28
-3279.3
-3280.32
-3281.34
-3282.36
-3283.37
-3284.39
-3285.41
-3286.43
-3287.45
-3288.47
-3289.48
-3290.5
-3291.52
-3292.54
-3293.56
-3294.57
-3295.59
-3296.61
-3297.63
-3298.65
-3299.66
-3300.68
-3301.7
-3302.72
-3303.73
-3304.75
-3305.77
-3306.79
-3307.8
-3308.82
-3309.84
-3310.86
-3311.87
-3312.89
-3313.91
-3314.93
-3315.94
-3316.96
-3317.98
-3318.99
-3320.01
-3321.03
-3322.05
-3323.06
-3324.08
-3325.1
-3326.11
-3327.13
-3328.15
-3329.16
-3330.18
-3331.2
-3332.21
-3333.23
-3334.25
-3335.26
-3336.28
-3337.3
-3338.31
-3339.33
-3340.35
-3341.36
-3342.38
-3343.4
-3344.41
-3345.43
-3346.44
-3347.46
-3348.48
-3349.49
-3350.51
-3351.52
-3352.54
-3353.56
-3354.57
-3355.59
-3356.6
-3357.62
-3358.64
-3359.65
-3360.67
-3361.68
-3362.7
-3363.71
-3364.73
-3365.75
-3366.76
-3367.78
-3368.79
-3369.81
-3370.82
-3371.84
-3372.85
-3373.87
-3374.88
-3375.9
-3376.92
-3377.93
-3378.95
-3379.96
-3380.98
-3381.99
-3383.01
-3384.02
-3385.04
-3386.05
-3387.07
-3388.08
-3389.09
-3390.11
-3391.12
-3392.14
-3393.15
-3394.17
-3395.18
-3396.2
-3397.21
-3398.23
-3399.24
-3400.26
-3401.27
-3402.28
-3403.3
-3404.31
-3405.33
-3406.34
-3407.36
-3408.37
-3409.38
-3410.4
-3411.41
-3412.43
-3413.44
-3414.45
-3415.47
-3416.48
-3417.5
-3418.51
-3419.52
-3420.54
-3421.55
-3422.56
-3423.58
-3424.59
-3425.61
-3426.62
-3427.63
-3428.65
-3429.66
-3430.67
-3431.69
-3432.7
-3433.71
-3434.73
-3435.74
-3436.75
-3437.77
-3438.78
-3439.79
-3440.81
-3441.82
-3442.83
-3443.84
-3444.86
-3445.87
-3446.88
-3447.9
-3448.91
-3449.92
-3450.93
-3451.95
-3452.96
-3453.97
-3454.99
-3456
-3457.01
-3458.02
-3459.04
-3460.05
-3461.06
-3462.07
-3463.08
-3464.1
-3465.11
-3466.12
-3467.13
-3468.15
-3469.16
-3470.17
-3471.18
-3472.19
-3473.21
-3474.22
-3475.23
-3476.24
-3477.25
-3478.27
-3479.28
-3480.29
-3481.3
-3482.31
-3483.32
-3484.34
-3485.35
-3486.36
-3487.37
-3488.38
-3489.39
-3490.41
-3491.42
-3492.43
-3493.44
-3494.45
-3495.46
-3496.47
-3497.48
-3498.5
-3499.51
-3500.52
-3501.53
-3502.54
-3503.55
-3504.56
-3505.57
-3506.58
-3507.59
-3508.61
-3509.62
-3510.63
-3511.64
-3512.65
-3513.66
-3514.67
-3515.68
-3516.69
-3517.7
-3518.71
-3519.72
-3520.73
-3521.74
-3522.75
-3523.76
-3524.77
-3525.78
-3526.79
-3527.8
-3528.82
-3529.83
-3530.84
-3531.85
-3532.86
-3533.87
-3534.88
-3535.89
-3536.9
-3537.9
-3538.91
-3539.92
-3540.93
-3541.94
-3542.95
-3543.96
-3544.97
-3545.98
-3546.99
-3548
-3549.01
-3550.02
-3551.03
-3552.04
-3553.05
-3554.06
-3555.07
-3556.08
-3557.09
-3558.09
-3559.1
-3560.11
-3561.12
-3562.13
-3563.14
-3564.15
-3565.16
-3566.17
-3567.18
-3568.18
-3569.19
-3570.2
-3571.21
-3572.22
-3573.23
-3574.24
-3575.25
-3576.25
-3577.26
-3578.27
-3579.28
-3580.29
-3581.3
-3582.3
-3583.31
-3584.32
-3585.33
-3586.34
-3587.35
-3588.35
-3589.36
-3590.37
-3591.38
-3592.39
-3593.39
-3594.4
-3595.41
-3596.42
-3597.43
-3598.43
-3599.44
-3600.45
-3601.46
-3602.46
-3603.47
-3604.48
-3605.49
-3606.5
-3607.5
-3608.51
-3609.52
-3610.52
-3611.53
-3612.54
-3613.55
-3614.55
-3615.56
-3616.57
-3617.58
-3618.58
-3619.59
-3620.6
-3621.6
-3622.61
-3623.62
-3624.62
-3625.63
-3626.64
-3627.65
-3628.65
-3629.66
-3630.67
-3631.67
-3632.68
-3633.69
-3634.69
-3635.7
-3636.71
-3637.71
-3638.72
-3639.72
-3640.73
-3641.74
-3642.74
-3643.75
-3644.76
-3645.76
-3646.77
-3647.78
-3648.78
-3649.79
-3650.79
-3651.8
-3652.81
-3653.81
-3654.82
-3655.82
-3656.83
-3657.83
-3658.84
-3659.85
-3660.85
-3661.86
-3662.86
-3663.87
-3664.87
-3665.88
-3666.89
-3667.89
-3668.9
-3669.9
-3670.91
-3671.91
-3672.92
-3673.92
-3674.93
-3675.93
-3676.94
-3677.94
-3678.95
-3679.95
-3680.96
-3681.96
-3682.97
-3683.97
-3684.98
-3685.98
-3686.99
-3687.99
-3689
-3690
-3691.01
-3692.01
-3693.02
-3694.02
-3695.03
-3696.03
-3697.03
-3698.04
-3699.04
-3700.05
-3701.05
-3702.06
-3703.06
-3704.07
-3705.07
-3706.07
-3707.08
-3708.08
-3709.09
-3710.09
-3711.09
-3712.1
-3713.1
-3714.11
-3715.11
-3716.11
-3717.12
-3718.12
-3719.12
-3720.13
-3721.13
-3722.14
-3723.14
-3724.14
-3725.15
-3726.15
-3727.15
-3728.16
-3729.16
-3730.16
-3731.17
-3732.17
-3733.17
-3734.18
-3735.18
-3736.18
-3737.19
-3738.19
-3739.19
-3740.2
-3741.2
-3742.2
-3743.2
-3744.21
-3745.21
-3746.21
-3747.22
-3748.22
-3749.22
-3750.22
-3751.23
-3752.23
-3753.23
-3754.23
-3755.24
-3756.24
-3757.24
-3758.24
-3759.25
-3760.25
-3761.25
-3762.25
-3763.26
-3764.26
-3765.26
-3766.26
-3767.26
-3768.27
-3769.27
-3770.27
-3771.27
-3772.27
-3773.28
-3774.28
-3775.28
-3776.28
-3777.28
-3778.28
-3779.29
-3780.29
-3781.29
-3782.29
-3783.29
-3784.29
-3785.3
-3786.3
-3787.3
-3788.3
-3789.3
-3790.3
-3791.3
-3792.3
-3793.31
-3794.31
-3795.31
-3796.31
-3797.31
-3798.31
-3799.31
-3800.31
-3801.31
-3802.32
-3803.32
-3804.32
-3805.32
-3806.32
-3807.32
-3808.32
-3809.32
-3810.32
-3811.32
-3812.32
-3813.32
-3814.32
-3815.32
-3816.32
-3817.32
-3818.32
-3819.33
-3820.33
-3821.33
-3822.33
-3823.33
-3824.33
-3825.33
-3826.33
-3827.33
-3828.33
-3829.33
-3830.33
-3831.33
-3832.33
-3833.33
-3834.33
-3835.33
-3836.33
-3837.33
-3838.32
-3839.32
-3840.32
-3841.32
-3842.32
-3843.32
-3844.32
-3845.32
-3846.32
-3847.32
-3848.32
-3849.32
-3850.32
-3851.32
-3852.32
-3853.32
-3854.31
-3855.31
-3856.31
-3857.31
-3858.31
-3859.31
-3860.31
-3861.31
-3862.31
-3863.31
-3864.3
-3865.3
-3866.3
-3867.3
-3868.3
-3869.3
-3870.3
-3871.29
-3872.29
-3873.29
-3874.29
-3875.29
-3876.29
-3877.28
-3878.28
-3879.28
-3880.28
-3881.28
-3882.28
-3883.27
-3884.27
-3885.27
-3886.27
-3887.27
-3888.26
-3889.26
-3890.26
-3891.26
-3892.26
-3893.25
-3894.25
-3895.25
-3896.25
-3897.24
-3898.24
-3899.24
-3900.24
-3901.23
-3902.23
-3903.23
-3904.23
-3905.22
-3906.22
-3907.22
-3908.22
-3909.21
-3910.21
-3911.21
-3912.2
-3913.2
-3914.2
-3915.2
-3916.19
-3917.19
-3918.19
-3919.18
-3920.18
-3921.18
-3922.17
-3923.17
-3924.17
-3925.16
-3926.16
-3927.16
-3928.15
-3929.15
-3930.15
-3931.14
-3932.14
-3933.14
-3934.13
-3935.13
-3936.13
-3937.12
-3938.12
-3939.11
-3940.11
-3941.11
-3942.1
-3943.1
-3944.09
-3945.09
-3946.09
-3947.08
-3948.08
-3949.07
-3950.07
-3951.07
-3952.06
-3953.06
-3954.05
-3955.05
-3956.04
-3957.04
-3958.04
-3959.03
-3960.03
-3961.02
-3962.02
-3963.01
-3964.01
-3965
-3966
-3966.99
-3967.99
-3968.98
-3969.98
-3970.97
-3971.97
-3972.96
-3973.96
-3974.95
-3975.95
-3976.94
-3977.94
-3978.93
-3979.93
-3980.92
-3981.92
-3982.91
-3983.91
-3984.9
-3985.9
-3986.89
-3987.89
-3988.88
-3989.87
-3990.87
-3991.86
-3992.86
-3993.85
-3994.85
-3995.84
-3996.83
-3997.83
-3998.82
-3999.82
-4000.81
-4001.8
-4002.8
-4003.79
-4004.79
-4005.78
-4006.77
-4007.77
-4008.76
-4009.76
-4010.75
-4011.74
-4012.74
-4013.73
-4014.72
-4015.72
-4016.71
-4017.7
-4018.7
-4019.69
-4020.68
-4021.68
-4022.67
-4023.66
-4024.66
-4025.65
-4026.64
-4027.64
-4028.63
-4029.62
-4030.62
-4031.61
-4032.6
-4033.6
-4034.59
-4035.58
-4036.57
-4037.57
-4038.56
-4039.55
-4040.54
-4041.54
-4042.53
-4043.52
-4044.51
-4045.51
-4046.5
-4047.49
-4048.48
-4049.48
-4050.47
-4051.46
-4052.45
-4053.45
-4054.44
-4055.43
-4056.42
-4057.41
-4058.41
-4059.4
-4060.39
-4061.38
-4062.37
-4063.37
-4064.36
-4065.35
-4066.34
-4067.33
-4068.33
-4069.32
-4070.31
-4071.3
-4072.29
-4073.28
-4074.27
-4075.27
-4076.26
-4077.25
-4078.24
-4079.23
-4080.22
-4081.21
-4082.21
-4083.2
-4084.19
-4085.18
-4086.17
-4087.16
-4088.15
-4089.14
-4090.13
-4091.13
-4092.12
-4093.11
-4094.1
-4095.09
-4096.08
-4097.07
-4098.06
-4099.05
-4100.04
-4101.03
-4102.02
-4103.01
-4104
-4104.99
-4105.98
-4106.97
-4107.97
-4108.96
-4109.95
-4110.94
-4111.93
-4112.92
-4113.91
-4114.9
-4115.89
-4116.88
-4117.87
-4118.86
-4119.85
-4120.84
-4121.83
-4122.82
-4123.81
-4124.8
-4125.78
-4126.77
-4127.76
-4128.75
-4129.74
-4130.73
-4131.72
-4132.71
-4133.7
-4134.69
-4135.68
-4136.67
-4137.66
-4138.65
-4139.64
-4140.63
-4141.62
-4142.6
-4143.59
-4144.58
-4145.57
-4146.56
-4147.55
-4148.54
-4149.53
-4150.52
-4151.5
-4152.49
-4153.48
-4154.47
-4155.46
-4156.45
-4157.44
-4158.43
-4159.41
-4160.4
-4161.39
-4162.38
-4163.37
-4164.36
-4165.34
-4166.33
-4167.32
-4168.31
-4169.3
-4170.29
-4171.27
-4172.26
-4173.25
-4174.24
-4175.23
-4176.21
-4177.2
-4178.19
-4179.18
-4180.16
-4181.15
-4182.14
-4183.13
-4184.12
-4185.1
-4186.09
-4187.08
-4188.07
-4189.05
-4190.04
-4191.03
-4192.02
-4193
-4193.99
-4194.98
-4195.96
-4196.95
-4197.94
-4198.93
-4199.91
-4200.9
-4201.89
-4202.87
-4203.86
-4204.85
-4205.83
-4206.82
-4207.81
-4208.8
-4209.78
-4210.77
-4211.76
-4212.74
-4213.73
-4214.71
-4215.7
-4216.69
-4217.67
-4218.66
-4219.65
-4220.63
-4221.62
-4222.61
-4223.59
-4224.58
-4225.56
-4226.55
-4227.54
-4228.52
-4229.51
-4230.5
-4231.48
-4232.47
-4233.45
-4234.44
-4235.42
-4236.41
-4237.4
-4238.38
-4239.37
-4240.35
-4241.34
-4242.32
-4243.31
-4244.3
-4245.28
-4246.27
-4247.25
-4248.24
-4249.22
-4250.21
-4251.19
-4252.18
-4253.16
-4254.15
-4255.13
-4256.12
-4257.1
-4258.09
-4259.07
-4260.06
-4261.04
-4262.03
-4263.01
-4264
-4264.98
-4265.97
-4266.95
-4267.94
-4268.92
-4269.91
-4270.89
-4271.88
-4272.86
-4273.84
-4274.83
-4275.81
-4276.8
-4277.78
-4278.77
-4279.75
-4280.74
-4281.72
-4282.7
-4283.69
-4284.67
-4285.66
-4286.64
-4287.62
-4288.61
-4289.59
-4290.58
-4291.56
-4292.54
-4293.53
-4294.51
-4295.49
-4296.48
-4297.46
-4298.45
-4299.43
-4300.41
-4301.4
-4302.38
-4303.36
-4304.35
-4305.33
-4306.31
-4307.3
-4308.28
-4309.26
-4310.25
-4311.23
-4312.21
-4313.19
-4314.18
-4315.16
-4316.14
-4317.13
-4318.11
-4319.09
-4320.08
-4321.06
-4322.04
-4323.02
-4324.01
-4324.99
-4325.97
-4326.95
-4327.94
-4328.92
-4329.9
-4330.88
-4331.87
-4332.85
-4333.83
-4334.81
-4335.8
-4336.78
-4337.76
-4338.74
-4339.72
-4340.71
-4341.69
-4342.67
-4343.65
-4344.63
-4345.62
-4346.6
-4347.58
-4348.56
-4349.54
-4350.53
-4351.51
-4352.49
-4353.47
-4354.45
-4355.43
-4356.41
-4357.4
-4358.38
-4359.36
-4360.34
-4361.32
-4362.3
-4363.28
-4364.27
-4365.25
-4366.23
-4367.21
-4368.19
-4369.17
-4370.15
-4371.13
-4372.11
-4373.1
-4374.08
-4375.06
-4376.04
-4377.02
-4378
-4378.98
-4379.96
-4380.94
-4381.92
-4382.9
-4383.88
-4384.86
-4385.84
-4386.82
-4387.8
-4388.79
-4389.77
-4390.75
-4391.73
-4392.71
-4393.69
-4394.67
-4395.65
-4396.63
-4397.61
-4398.59
-4399.57
-4400.55
-4401.53
-4402.51
-4403.49
-4404.47
-4405.45
-4406.43
-4407.41
-4408.39
-4409.36
-4410.34
-4411.32
-4412.3
-4413.28
-4414.26
-4415.24
-4416.22
-4417.2
-4418.18
-4419.16
-4420.14
-4421.12
-4422.1
-4423.08
-4424.05
-4425.03
-4426.01
-4426.99
-4427.97
-4428.95
-4429.93
-4430.91
-4431.89
-4432.87
-4433.84
-4434.82
-4435.8
-4436.78
-4437.76
-4438.74
-4439.72
-4440.69
-4441.67
-4442.65
-4443.63
-4444.61
-4445.59
-4446.56
-4447.54
-4448.52
-4449.5
-4450.48
-4451.46
-4452.43
-4453.41
-4454.39
-4455.37
-4456.35
-4457.32
-4458.3
-4459.28
-4460.26
-4461.23
-4462.21
-4463.19
-4464.17
-4465.14
-4466.12
-4467.1
-4468.08
-4469.05
-4470.03
-4471.01
-4471.99
-4472.96
-4473.94
-4474.92
-4475.9
-4476.87
-4477.85
-4478.83
-4479.8
-4480.78
-4481.76
-4482.74
-4483.71
-4484.69
-4485.67
-4486.64
-4487.62
-4488.6
-4489.57
-4490.55
-4491.53
-4492.5
-4493.48
-4494.46
-4495.43
-4496.41
-4497.39
-4498.36
-4499.34
-4500.32
-4501.29
-4502.27
-4503.24
-4504.22
-4505.2
-4506.17
-4507.15
-4508.12
-4509.1
-4510.08
-4511.05
-4512.03
-4513
-4513.98
-4514.96
-4515.93
-4516.91
-4517.88
-4518.86
-4519.83
-4520.81
-4521.79
-4522.76
-4523.74
-4524.71
-4525.69
-4526.66
-4527.64
-4528.61
-4529.59
-4530.56
-4531.54
-4532.51
-4533.49
-4534.46
-4535.44
-4536.41
-4537.39
-4538.36
-4539.34
-4540.31
-4541.29
-4542.26
-4543.24
-4544.21
-4545.19
-4546.16
-4547.14
-4548.11
-4549.09
-4550.06
-4551.04
-4552.01
-4552.98
-4553.96
-4554.93
-4555.91
-4556.88
-4557.86
-4558.83
-4559.8
-4560.78
-4561.75
-4562.73
-4563.7
-4564.68
-4565.65
-4566.62
-4567.6
-4568.57
-4569.54
-4570.52
-4571.49
-4572.47
-4573.44
-4574.41
-4575.39
-4576.36
-4577.33
-4578.31
-4579.28
-4580.25
-4581.23
-4582.2
-4583.17
-4584.15
-4585.12
-4586.09
-4587.07
-4588.04
-4589.01
-4589.99
-4590.96
-4591.93
-4592.91
-4593.88
-4594.85
-4595.82
-4596.8
-4597.77
-4598.74
-4599.72
-4600.69
-4601.66
-4602.63
-4603.61
-4604.58
-4605.55
-4606.52
-4607.5
-4608.47
-4609.44
-4610.41
-4611.38
-4612.36
-4613.33
-4614.3
-4615.27
-4616.25
-4617.22
-4618.19
-4619.16
-4620.13
-4621.11
-4622.08
-4623.05
-4624.02
-4624.99
-4625.97
-4626.94
-4627.91
-4628.88
-4629.85
-4630.82
-4631.79
-4632.77
-4633.74
-4634.71
-4635.68
-4636.65
-4637.62
-4638.59
-4639.57
-4640.54
-4641.51
-4642.48
-4643.45
-4644.42
-4645.39
-4646.36
-4647.33
-4648.31
-4649.28
-4650.25
-4651.22
-4652.19
-4653.16
-4654.13
-4655.1
-4656.07
-4657.04
-4658.01
-4658.98
-4659.95
-4660.92
-4661.89
-4662.87
-4663.84
-4664.81
-4665.78
-4666.75
-4667.72
-4668.69
-4669.66
-4670.63
-4671.6
-4672.57
-4673.54
-4674.51
-4675.48
-4676.45
-4677.42
-4678.39
-4679.36
-4680.33
-4681.3
-4682.27
-4683.24
-4684.2
-4685.17
-4686.14
-4687.11
-4688.08
-4689.05
-4690.02
-4690.99
-4691.96
-4692.93
-4693.9
-4694.87
-4695.84
-4696.81
-4697.78
-4698.74
-4699.71
-4700.68
-4701.65
-4702.62
-4703.59
-4704.56
-4705.53
-4706.5
-4707.46
-4708.43
-4709.4
-4710.37
-4711.34
-4712.31
-4713.28
-4714.25
-4715.21
-4716.18
-4717.15
-4718.12
-4719.09
-4720.06
-4721.02
-4721.99
-4722.96
-4723.93
-4724.9
-4725.86
-4726.83
-4727.8
-4728.77
-4729.74
-4730.7
-4731.67
-4732.64
-4733.61
-4734.58
-4735.54
-4736.51
-4737.48
-4738.45
-4739.41
-4740.38
-4741.35
-4742.32
-4743.28
-4744.25
-4745.22
-4746.19
-4747.15
-4748.12
-4749.09
-4750.05
-4751.02
-4751.99
-4752.96
-4753.92
-4754.89
-4755.86
-4756.82
-4757.79
-4758.76
-4759.72
-4760.69
-4761.66
-4762.62
-4763.59
-4764.56
-4765.52
-4766.49
-4767.46
-4768.42
-4769.39
-4770.36
-4771.32
-4772.29
-4773.26
-4774.22
-4775.19
-4776.15
-4777.12
-4778.09
-4779.05
-4780.02
-4780.99
-4781.95
-4782.92
-4783.88
-4784.85
-4785.81
-4786.78
-4787.75
-4788.71
-4789.68
-4790.64
-4791.61
-4792.57
-4793.54
-4794.51
-4795.47
-4796.44
-4797.4
-4798.37
-4799.33
-4800.3
-4801.26
-4802.23
-4803.19
-4804.16
-4805.12
-4806.09
-4807.05
-4808.02
-4808.98
-4809.95
-4810.91
-4811.88
-4812.84
-4813.81
-4814.77
-4815.74
-4816.7
-4817.67
-4818.63
-4819.6
-4820.56
-4821.53
-4822.49
-4823.45
-4824.42
-4825.38
-4826.35
-4827.31
-4828.28
-4829.24
-4830.2
-4831.17
-4832.13
-4833.1
-4834.06
-4835.02
-4835.99
-4836.95
-4837.92
-4838.88
-4839.84
-4840.81
-4841.77
-4842.74
-4843.7
-4844.66
-4845.63
-4846.59
-4847.55
-4848.52
-4849.48
-4850.44
-4851.41
-4852.37
-4853.33
-4854.3
-4855.26
-4856.22
-4857.19
-4858.15
-4859.11
-4860.08
-4861.04
-4862
-4862.97
-4863.93
-4864.89
-4865.85
-4866.82
-4867.78
-4868.74
-4869.7
-4870.67
-4871.63
-4872.59
-4873.56
-4874.52
-4875.48
-4876.44
-4877.41
-4878.37
-4879.33
-4880.29
-4881.25
-4882.22
-4883.18
-4884.14
-4885.1
-4886.07
-4887.03
-4887.99
-4888.95
-4889.91
-4890.88
-4891.84
-4892.8
-4893.76
-4894.72
-4895.68
-4896.65
-4897.61
-4898.57
-4899.53
-4900.49
-4901.45
-4902.42
-4903.38
-4904.34
-4905.3
-4906.26
-4907.22
-4908.18
-4909.14
-4910.11
-4911.07
-4912.03
-4912.99
-4913.95
-4914.91
-4915.87
-4916.83
-4917.79
-4918.75
-4919.72
-4920.68
-4921.64
-4922.6
-4923.56
-4924.52
-4925.48
-4926.44
-4927.4
-4928.36
-4929.32
-4930.28
-4931.24
-4932.2
-4933.16
-4934.12
-4935.08
-4936.04
-4937
-4937.96
-4938.92
-4939.88
-4940.84
-4941.8
-4942.76
-4943.72
-4944.68
-4945.64
-4946.6
-4947.56
-4948.52
-4949.48
-4950.44
-4951.4
-4952.36
-4953.32
-4954.28
-4955.24
-4956.2
-4957.16
-4958.12
-4959.08
-4960.04
-4961
-4961.96
-4962.92
-4963.87
-4964.83
-4965.79
-4966.75
-4967.71
-4968.67
-4969.63
-4970.59
-4971.55
-4972.5
-4973.46
-4974.42
-4975.38
-4976.34
-4977.3
-4978.26
-4979.22
-4980.17
-4981.13
-4982.09
-4983.05
-4984.01
-4984.97
-4985.92
-4986.88
-4987.84
-4988.8
-4989.76
-4990.72
-4991.67
-4992.63
-4993.59
-4994.55
-4995.51
-4996.46
-4997.42
-4998.38
-4999.34
-5000.29
-5001.25
-5002.21
-5003.17
-5004.13
-5005.08
-5006.04
-5007
-5007.96
-5008.91
-5009.87
-5010.83
-5011.79
-5012.74
-5013.7
-5014.66
-5015.61
-5016.57
-5017.53
-5018.49
-5019.44
-5020.4
-5021.36
-5022.31
-5023.27
-5024.23
-5025.18
-5026.14
-5027.1
-5028.05
-5029.01
-5029.97
-5030.92
-5031.88
-5032.84
-5033.79
-5034.75
-5035.71
-5036.66
-5037.62
-5038.58
-5039.53
-5040.49
-5041.44
-5042.4
-5043.36
-5044.31
-5045.27
-5046.22
-5047.18
-5048.14
-5049.09
-5050.05
-5051
-5051.96
-5052.92
-5053.87
-5054.83
-5055.78
-5056.74
-5057.69
-5058.65
-5059.6
-5060.56
-5061.52
-5062.47
-5063.43
-5064.38
-5065.34
-5066.29
-5067.25
-5068.2
-5069.16
-5070.11
-5071.07
-5072.02
-5072.98
-5073.93
-5074.89
-5075.84
-5076.8
-5077.75
-5078.71
-5079.66
-5080.62
-5081.57
-5082.53
-5083.48
-5084.43
-5085.39
-5086.34
-5087.3
-5088.25
-5089.21
-5090.16
-5091.12
-5092.07
-5093.02
-5093.98
-5094.93
-5095.89
-5096.84
-5097.79
-5098.75
-5099.7
-5100.66
-5101.61
-5102.56
-5103.52
-5104.47
-5105.43
-5106.38
-5107.33
-5108.29
-5109.24
-5110.19
-5111.15
-5112.1
-5113.05
-5114.01
-5114.96
-5115.91
-5116.87
-5117.82
-5118.77
-5119.73
-5120.68
-5121.63
-5122.59
-5123.54
-5124.49
-5125.45
-5126.4
-5127.35
-5128.3
-5129.26
-5130.21
-5131.16
-5132.12
-5133.07
-5134.02
-5134.97
-5135.93
-5136.88
-5137.83
-5138.78
-5139.74
-5140.69
-5141.64
-5142.59
-5143.54
-5144.5
-5145.45
-5146.4
-5147.35
-5148.31
-5149.26
-5150.21
-5151.16
-5152.11
-5153.07
-5154.02
-5154.97
-5155.92
-5156.87
-5157.82
-5158.78
-5159.73
-5160.68
-5161.63
-5162.58
-5163.53
-5164.49
-5165.44
-5166.39
-5167.34
-5168.29
-5169.24
-5170.19
-5171.14
-5172.1
-5173.05
-5174
-5174.95
-5175.9
-5176.85
-5177.8
-5178.75
-5179.7
-5180.65
-5181.61
-5182.56
-5183.51
-5184.46
-5185.41
-5186.36
-5187.31
-5188.26
-5189.21
-5190.16
-5191.11
-5192.06
-5193.01
-5193.96
-5194.91
-5195.86
-5196.81
-5197.76
-5198.71
-5199.66
-5200.61
-5201.56
-5202.51
-5203.46
-5204.41
-5205.36
-5206.31
-5207.26
-5208.21
-5209.16
-5210.11
-5211.06
-5212.01
-5212.96
-5213.91
-5214.86
-5215.81
-5216.76
-5217.71
-5218.66
-5219.61
-5220.56
-5221.51
-5222.45
-5223.4
-5224.35
-5225.3
-5226.25
-5227.2
-5228.15
-5229.1
-5230.05
-5231
-5231.94
-5232.89
-5233.84
-5234.79
-5235.74
-5236.69
-5237.64
-5238.59
-5239.53
-5240.48
-5241.43
-5242.38
-5243.33
-5244.28
-5245.22
-5246.17
-5247.12
-5248.07
-5249.02
-5249.97
-5250.91
-5251.86
-5252.81
-5253.76
-5254.71
-5255.65
-5256.6
-5257.55
-5258.5
-5259.44
-5260.39
-5261.34
-5262.29
-5263.23
-5264.18
-5265.13
-5266.08
-5267.03
-5267.97
-5268.92
-5269.87
-5270.81
-5271.76
-5272.71
-5273.66
-5274.6
-5275.55
-5276.5
-5277.44
-5278.39
-5279.34
-5280.29
-5281.23
-5282.18
-5283.13
-5284.07
-5285.02
-5285.97
-5286.91
-5287.86
-5288.81
-5289.75
-5290.7
-5291.65
-5292.59
-5293.54
-5294.49
-5295.43
-5296.38
-5297.32
-5298.27
-5299.22
-5300.16
-5301.11
-5302.05
-5303
-5303.95
-5304.89
-5305.84
-5306.78
-5307.73
-5308.68
-5309.62
-5310.57
-5311.51
-5312.46
-5313.4
-5314.35
-5315.3
-5316.24
-5317.19
-5318.13
-5319.08
-5320.02
-5320.97
-5321.91
-5322.86
-5323.8
-5324.75
-5325.69
-5326.64
-5327.58
-5328.53
-5329.47
-5330.42
-5331.36
-5332.31
-5333.25
-5334.2
-5335.14
-5336.09
-5337.03
-5337.98
-5338.92
-5339.87
-5340.81
-5341.76
-5342.7
-5343.65
-5344.59
-5345.53
-5346.48
-5347.42
-5348.37
-5349.31
-5350.26
-5351.2
-5352.14
-5353.09
-5354.03
-5354.98
-5355.92
-5356.86
-5357.81
-5358.75
-5359.7
-5360.64
-5361.58
-5362.53
-5363.47
-5364.41
-5365.36
-5366.3
-5367.24
-5368.19
-5369.13
-5370.07
-5371.02
-5371.96
-5372.9
-5373.85
-5374.79
-5375.73
-5376.68
-5377.62
-5378.56
-5379.51
-5380.45
-5381.39
-5382.34
-5383.28
-5384.22
-5385.16
-5386.11
-5387.05
-5387.99
-5388.93
-5389.88
-5390.82
-5391.76
-5392.7
-5393.65
-5394.59
-5395.53
-5396.47
-5397.42
-5398.36
-5399.3
-5400.24
-5401.19
-5402.13
-5403.07
-5404.01
-5404.95
-5405.9
-5406.84
-5407.78
-5408.72
-5409.66
-5410.6
-5411.55
-5412.49
-5413.43
-5414.37
-5415.31
-5416.25
-5417.2
-5418.14
-5419.08
-5420.02
-5420.96
-5421.9
-5422.84
-5423.79
-5424.73
-5425.67
-5426.61
-5427.55
-5428.49
-5429.43
-5430.37
-5431.31
-5432.26
-5433.2
-5434.14
-5435.08
-5436.02
-5436.96
-5437.9
-5438.84
-5439.78
-5440.72
-5441.66
-5442.6
-5443.54
-5444.48
-5445.42
-5446.36
-5447.3
-5448.25
-5449.19
-5450.13
-5451.07
-5452.01
-5452.95
-5453.89
-5454.83
-5455.77
-5456.71
-5457.65
-5458.59
-5459.53
-5460.47
-5461.41
-5462.34
-5463.28
-5464.22
-5465.16
-5466.1
-5467.04
-5467.98
-5468.92
-5469.86
-5470.8
-5471.74
-5472.68
-5473.62
-5474.56
-5475.5
-5476.44
-5477.38
-5478.31
-5479.25
-5480.19
-5481.13
-5482.07
-5483.01
-5483.95
-5484.89
-5485.83
-5486.76
-5487.7
-5488.64
-5489.58
-5490.52
-5491.46
-5492.4
-5493.33
-5494.27
-5495.21
-5496.15
-5497.09
-5498.03
-5498.96
-5499.9
-5500.84
-5501.78
-5502.72
-5503.65
-5504.59
-5505.53
-5506.47
-5507.41
-5508.34
-5509.28
-5510.22
-5511.16
-5512.1
-5513.03
-5513.97
-5514.91
-5515.85
-5516.78
-5517.72
-5518.66
-5519.6
-5520.53
-5521.47
-5522.41
-5523.35
-5524.28
-5525.22
-5526.16
-5527.09
-5528.03
-5528.97
-5529.9
-5530.84
-5531.78
-5532.72
-5533.65
-5534.59
-5535.53
-5536.46
-5537.4
-5538.34
-5539.27
-5540.21
-5541.15
-5542.08
-5543.02
-5543.96
-5544.89
-5545.83
-5546.76
-5547.7
-5548.64
-5549.57
-5550.51
-5551.45
-5552.38
-5553.32
-5554.25
-5555.19
-5556.13
-5557.06
-5558
-5558.93
-5559.87
-5560.8
-5561.74
-5562.68
-5563.61
-5564.55
-5565.48
-5566.42
-5567.35
-5568.29
-5569.22
-5570.16
-5571.09
-5572.03
-5572.97
-5573.9
-5574.84
-5575.77
-5576.71
-5577.64
-5578.58
-5579.51
-5580.45
-5581.38
-5582.32
-5583.25
-5584.19
-5585.12
-5586.05
-5586.99
-5587.92
-5588.86
-5589.79
-5590.73
-5591.66
-5592.6
-5593.53
-5594.47
-5595.4
-5596.33
-5597.27
-5598.2
-5599.14
-5600.07
-5601
-5601.94
-5602.87
-5603.81
-5604.74
-5605.67
-5606.61
-5607.54
-5608.48
-5609.41
-5610.34
-5611.28
-5612.21
-5613.14
-5614.08
-5615.01
-5615.95
-5616.88
-5617.81
-5618.75
-5619.68
-5620.61
-5621.55
-5622.48
-5623.41
-5624.34
-5625.28
-5626.21
-5627.14
-5628.08
-5629.01
-5629.94
-5630.88
-5631.81
-5632.74
-5633.67
-5634.61
-5635.54
-5636.47
-5637.4
-5638.34
-5639.27
-5640.2
-5641.13
-5642.07
-5643
-5643.93
-5644.86
-5645.8
-5646.73
-5647.66
-5648.59
-5649.53
-5650.46
-5651.39
-5652.32
-5653.25
-5654.19
-5655.12
-5656.05
-5656.98
-5657.91
-5658.84
-5659.78
-5660.71
-5661.64
-5662.57
-5663.5
-5664.43
-5665.37
-5666.3
-5667.23
-5668.16
-5669.09
-5670.02
-5670.95
-5671.88
-5672.82
-5673.75
-5674.68
-5675.61
-5676.54
-5677.47
-5678.4
-5679.33
-5680.26
-5681.19
-5682.13
-5683.06
-5683.99
-5684.92
-5685.85
-5686.78
-5687.71
-5688.64
-5689.57
-5690.5
-5691.43
-5692.36
-5693.29
-5694.22
-5695.15
-5696.08
-5697.01
-5697.94
-5698.87
-5699.8
-5700.73
-5701.66
-5702.59
-5703.52
-5704.45
-5705.38
-5706.31
-5707.24
-5708.17
-5709.1
-5710.03
-5710.96
-5711.89
-5712.82
-5713.75
-5714.68
-5715.61
-5716.54
-5717.47
-5718.4
-5719.32
-5720.25
-5721.18
-5722.11
-5723.04
-5723.97
-5724.9
-5725.83
-5726.76
-5727.69
-5728.61
-5729.54
-5730.47
-5731.4
-5732.33
-5733.26
-5734.19
-5735.12
-5736.04
-5736.97
-5737.9
-5738.83
-5739.76
-5740.69
-5741.61
-5742.54
-5743.47
-5744.4
-5745.33
-5746.26
-5747.18
-5748.11
-5749.04
-5749.97
-5750.9
-5751.82
-5752.75
-5753.68
-5754.61
-5755.53
-5756.46
-5757.39
-5758.32
-5759.25
-5760.17
-5761.1
-5762.03
-5762.96
-5763.88
-5764.81
-5765.74
-5766.66
-5767.59
-5768.52
-5769.45
-5770.37
-5771.3
-5772.23
-5773.15
-5774.08
-5775.01
-5775.93
-5776.86
-5777.79
-5778.72
-5779.64
-5780.57
-5781.5
-5782.42
-5783.35
-5784.28
-5785.2
-5786.13
-5787.05
-5787.98
-5788.91
-5789.83
-5790.76
-5791.69
-5792.61
-5793.54
-5794.46
-5795.39
-5796.32
-5797.24
-5798.17
-5799.09
-5800.02
-5800.95
-5801.87
-5802.8
-5803.72
-5804.65
-5805.57
-5806.5
-5807.43
-5808.35
-5809.28
-5810.2
-5811.13
-5812.05
-5812.98
-5813.9
-5814.83
-5815.75
-5816.68
-5817.6
-5818.53
-5819.45
-5820.38
-5821.3
-5822.23
-5823.15
-5824.08
-5825
-5825.93
-5826.85
-5827.78
-5828.7
-5829.63
-5830.55
-5831.48
-5832.4
-5833.33
-5834.25
-5835.17
-5836.1
-5837.02
-5837.95
-5838.87
-5839.8
-5840.72
-5841.64
-5842.57
-5843.49
-5844.42
-5845.34
-5846.26
-5847.19
-5848.11
-5849.04
-5849.96
-5850.88
-5851.81
-5852.73
-5853.65
-5854.58
-5855.5
-5856.43
-5857.35
-5858.27
-5859.2
-5860.12
-5861.04
-5861.97
-5862.89
-5863.81
-5864.73
-5865.66
-5866.58
-5867.5
-5868.43
-5869.35
-5870.27
-5871.2
-5872.12
-5873.04
-5873.96
-5874.89
-5875.81
-5876.73
-5877.65
-5878.58
-5879.5
-5880.42
-5881.34
-5882.27
-5883.19
-5884.11
-5885.03
-5885.96
-5886.88
-5887.8
-5888.72
-5889.65
-5890.57
-5891.49
-5892.41
-5893.33
-5894.26
-5895.18
-5896.1
-5897.02
-5897.94
-5898.86
-5899.79
-5900.71
-5901.63
-5902.55
-5903.47
-5904.39
-5905.31
-5906.24
-5907.16
-5908.08
-5909
-5909.92
-5910.84
-5911.76
-5912.68
-5913.61
-5914.53
-5915.45
-5916.37
-5917.29
-5918.21
-5919.13
-5920.05
-5920.97
-5921.89
-5922.81
-5923.74
-5924.66
-5925.58
-5926.5
-5927.42
-5928.34
-5929.26
-5930.18
-5931.1
-5932.02
-5932.94
-5933.86
-5934.78
-5935.7
-5936.62
-5937.54
-5938.46
-5939.38
-5940.3
-5941.22
-5942.14
-5943.06
-5943.98
-5944.9
-5945.82
-5946.74
-5947.66
-5948.58
-5949.5
-5950.42
-5951.34
-5952.26
-5953.18
-5954.09
-5955.01
-5955.93
-5956.85
-5957.77
-5958.69
-5959.61
-5960.53
-5961.45
-5962.37
-5963.29
-5964.21
-5965.12
-5966.04
-5966.96
-5967.88
-5968.8
-5969.72
-5970.64
-5971.56
-5972.47
-5973.39
-5974.31
-5975.23
-5976.15
-5977.07
-5977.98
-5978.9
-5979.82
-5980.74
-5981.66
-5982.58
-5983.49
-5984.41
-5985.33
-5986.25
-5987.17
-5988.08
-5989
-5989.92
-5990.84
-5991.75
-5992.67
-5993.59
-5994.51
-5995.42
-5996.34
-5997.26
-5998.18
-5999.09
-6000.01
-6000.93
-6001.85
-6002.76
-6003.68
-6004.6
-6005.52
-6006.43
-6007.35
-6008.27
-6009.18
-6010.1
-6011.02
-6011.93
-6012.85
-6013.77
-6014.69
-6015.6
-6016.52
-6017.44
-6018.35
-6019.27
-6020.18
-6021.1
-6022.02
-6022.93
-6023.85
-6024.77
-6025.68
-6026.6
-6027.52
-6028.43
-6029.35
-6030.26
-6031.18
-6032.1
-6033.01
-6033.93
-6034.84
-6035.76
-6036.68
-6037.59
-6038.51
-6039.42
-6040.34
-6041.25
-6042.17
-6043.08
-6044
-6044.92
-6045.83
-6046.75
-6047.66
-6048.58
-6049.49
-6050.41
-6051.32
-6052.24
-6053.15
-6054.07
-6054.98
-6055.9
-6056.81
-6057.73
-6058.64
-6059.56
-6060.47
-6061.39
-6062.3
-6063.22
-6064.13
-6065.05
-6065.96
-6066.87
-6067.79
-6068.7
-6069.62
-6070.53
-6071.45
-6072.36
-6073.27
-6074.19
-6075.1
-6076.02
-6076.93
-6077.85
-6078.76
-6079.67
-6080.59
-6081.5
-6082.41
-6083.33
-6084.24
-6085.16
-6086.07
-6086.98
-6087.9
-6088.81
-6089.72
-6090.64
-6091.55
-6092.46
-6093.38
-6094.29
-6095.2
-6096.12
-6097.03
-6097.94
-6098.86
-6099.77
-6100.68
-6101.6
-6102.51
-6103.42
-6104.33
-6105.25
-6106.16
-6107.07
-6107.99
-6108.9
-6109.81
-6110.72
-6111.64
-6112.55
-6113.46
-6114.37
-6115.29
-6116.2
-6117.11
-6118.02
-6118.93
-6119.85
-6120.76
-6121.67
-6122.58
-6123.5
-6124.41
-6125.32
-6126.23
-6127.14
-6128.05
-6128.97
-6129.88
-6130.79
-6131.7
-6132.61
-6133.52
-6134.44
-6135.35
-6136.26
-6137.17
-6138.08
-6138.99
-6139.9
-6140.82
-6141.73
-6142.64
-6143.55
-6144.46
-6145.37
-6146.28
-6147.19
-6148.1
-6149.02
-6149.93
-6150.84
-6151.75
-6152.66
-6153.57
-6154.48
-6155.39
-6156.3
-6157.21
-6158.12
-6159.03
-6159.94
-6160.85
-6161.76
-6162.67
-6163.58
-6164.49
-6165.41
-6166.32
-6167.23
-6168.14
-6169.05
-6169.96
-6170.87
-6171.78
-6172.69
-6173.59
-6174.5
-6175.41
-6176.32
-6177.23
-6178.14
-6179.05
-6179.96
-6180.87
-6181.78
-6182.69
-6183.6
-6184.51
-6185.42
-6186.33
-6187.24
-6188.15
-6189.06
-6189.96
-6190.87
-6191.78
-6192.69
-6193.6
-6194.51
-6195.42
-6196.33
-6197.24
-6198.14
-6199.05
-6199.96
-6200.87
-6201.78
-6202.69
-6203.6
-6204.5
-6205.41
-6206.32
-6207.23
-6208.14
-6209.05
-6209.95
-6210.86
-6211.77
-6212.68
-6213.59
-6214.5
-6215.4
-6216.31
-6217.22
-6218.13
-6219.03
-6219.94
-6220.85
-6221.76
-6222.67
-6223.57
-6224.48
-6225.39
-6226.3
-6227.2
-6228.11
-6229.02
-6229.93
-6230.83
-6231.74
-6232.65
-6233.55
-6234.46
-6235.37
-6236.28
-6237.18
-6238.09
-6239
-6239.9
-6240.81
-6241.72
-6242.62
-6243.53
-6244.44
-6245.34
-6246.25
-6247.16
-6248.06
-6248.97
-6249.88
-6250.78
-6251.69
-6252.6
-6253.5
-6254.41
-6255.31
-6256.22
-6257.13
-6258.03
-6258.94
-6259.84
-6260.75
-6261.66
-6262.56
-6263.47
-6264.37
-6265.28
-6266.18
-6267.09
-6268
-6268.9
-6269.81
-6270.71
-6271.62
-6272.52
-6273.43
-6274.33
-6275.24
-6276.15
-6277.05
-6277.96
-6278.86
-6279.77
-6280.67
-6281.58
-6282.48
-6283.39
-6284.29
-6285.2
-6286.1
-6287
-6287.91
-6288.81
-6289.72
-6290.62
-6291.53
-6292.43
-6293.34
-6294.24
-6295.15
-6296.05
-6296.95
-6297.86
-6298.76
-6299.67
-6300.57
-6301.48
-6302.38
-6303.28
-6304.19
-6305.09
-6306
-6306.9
-6307.8
-6308.71
-6309.61
-6310.51
-6311.42
-6312.32
-6313.23
-6314.13
-6315.03
-6315.94
-6316.84
-6317.74
-6318.65
-6319.55
-6320.45
-6321.36
-6322.26
-6323.16
-6324.07
-6324.97
-6325.87
-6326.77
-6327.68
-6328.58
-6329.48
-6330.39
-6331.29
-6332.19
-6333.09
-6334
-6334.9
-6335.8
-6336.7
-6337.61
-6338.51
-6339.41
-6340.31
-6341.22
-6342.12
-6343.02
-6343.92
-6344.83
-6345.73
-6346.63
-6347.53
-6348.43
-6349.34
-6350.24
-6351.14
-6352.04
-6352.94
-6353.85
-6354.75
-6355.65
-6356.55
-6357.45
-6358.35
-6359.25
-6360.16
-6361.06
-6361.96
-6362.86
-6363.76
-6364.66
-6365.56
-6366.47
-6367.37
-6368.27
-6369.17
-6370.07
-6370.97
-6371.87
-6372.77
-6373.67
-6374.57
-6375.47
-6376.38
-6377.28
-6378.18
-6379.08
-6379.98
-6380.88
-6381.78
-6382.68
-6383.58
-6384.48
-6385.38
-6386.28
-6387.18
-6388.08
-6388.98
-6389.88
-6390.78
-6391.68
-6392.58
-6393.48
-6394.38
-6395.28
-6396.18
-6397.08
-6397.98
-6398.88
-6399.78
-6400.68
-6401.58
-6402.48
-6403.38
-6404.28
-6405.18
-6406.08
-6406.98
-6407.88
-6408.77
-6409.67
-6410.57
-6411.47
-6412.37
-6413.27
-6414.17
-6415.07
-6415.97
-6416.87
-6417.76
-6418.66
-6419.56
-6420.46
-6421.36
-6422.26
-6423.16
-6424.06
-6424.95
-6425.85
-6426.75
-6427.65
-6428.55
-6429.45
-6430.34
-6431.24
-6432.14
-6433.04
-6433.94
-6434.83
-6435.73
-6436.63
-6437.53
-6438.43
-6439.32
-6440.22
-6441.12
-6442.02
-6442.92
-6443.81
-6444.71
-6445.61
-6446.51
-6447.4
-6448.3
-6449.2
-6450.1
-6450.99
-6451.89
-6452.79
-6453.68
-6454.58
-6455.48
-6456.38
-6457.27
-6458.17
-6459.07
-6459.96
-6460.86
-6461.76
-6462.65
-6463.55
-6464.45
-6465.34
-6466.24
-6467.14
-6468.03
-6468.93
-6469.83
-6470.72
-6471.62
-6472.52
-6473.41
-6474.31
-6475.2
-6476.1
-6477
-6477.89
-6478.79
-6479.68
-6480.58
-6481.48
-6482.37
-6483.27
-6484.16
-6485.06
-6485.96
-6486.85
-6487.75
-6488.64
-6489.54
-6490.43
-6491.33
-6492.22
-6493.12
-6494.02
-6494.91
-6495.81
-6496.7
-6497.6
-6498.49
-6499.39
-6500.28
-6501.18
-6502.07
-6502.97
-6503.86
-6504.76
-6505.65
-6506.55
-6507.44
-6508.33
-6509.23
-6510.12
-6511.02
-6511.91
-6512.81
-6513.7
-6514.6
-6515.49
-6516.38
-6517.28
-6518.17
-6519.07
-6519.96
-6520.86
-6521.75
-6522.64
-6523.54
-6524.43
-6525.33
-6526.22
-6527.11
-6528.01
-6528.9
-6529.79
-6530.69
-6531.58
-6532.47
-6533.37
-6534.26
-6535.15
-6536.05
-6536.94
-6537.83
-6538.73
-6539.62
-6540.51
-6541.41
-6542.3
-6543.19
-6544.09
-6544.98
-6545.87
-6546.77
-6547.66
-6548.55
-6549.44
-6550.34
-6551.23
-6552.12
-6553.01
-6553.91
-6554.8
-6555.69
-6556.58
-6557.48
-6558.37
-6559.26
-6560.15
-6561.05
-6561.94
-6562.83
-6563.72
-6564.61
-6565.51
-6566.4
-6567.29
-6568.18
-6569.07
-6569.97
-6570.86
-6571.75
-6572.64
-6573.53
-6574.42
-6575.32
-6576.21
-6577.1
-6577.99
-6578.88
-6579.77
-6580.66
-6581.55
-6582.45
-6583.34
-6584.23
-6585.12
-6586.01
-6586.9
-6587.79
-6588.68
-6589.57
-6590.46
-6591.36
-6592.25
-6593.14
-6594.03
-6594.92
-6595.81
-6596.7
-6597.59
-6598.48
-6599.37
-6600.26
-6601.15
-6602.04
-6602.93
