-1176
-2352
-3528
-4704
-5880
-7056
-8232
-9408
-10584
-11760
-12936
-14112
-15288
-16464
-17640
-18816
-19992
-21168
-22344
-23520
-24696
-25872
-27048
-28224
-29400
-30575.9
-31751.8
-32927.6
-34103.2
-35278.5
-36453.3
-37627
-38799.1
-39968.3
-41132.9
-42289.9
-43434.9
-44561.3
-45659.6
-46717
-47717
-48640.6
-49468.6
-50185.4
-50782.8
-51262.1
-51633.5
-51913
-52118.5
-52267.3
-52373.9
-52449.8
-52503.6
-52541.9
-52569.2
-52588.6
-52602.5
-52612.6
-52619.8
-52625.1
-52628.9
-52631.7
-52633.8
-52635.3
-52636.5
-52637.3
-52637.9
-52638.4
-52638.8
-52639.1
-52639.3
-52639.4
-52639.6
-52639.7
-52639.7
-52639.8
-52639.8
-52639.9
-52639.9
-52639.9
-52639.9
-52639.9
-52640
-52640
-52640
-52640
-52640
-52640
-52640
-52640
-52640
-52640
-52640
-52640
-52640
-52640
-52640
-52640
-52640
-52640
-52640
-52640
-52640
-52640
-52640
-52640
-52640
-52640
-52640
-52640
-52640
-52640
-52640
-52640
-52640
-52640
-52640
-52640
-52640
-52640
-52640
-52640
-52640
-52640
-52640
-52640
-52640
-52640
-52640
-52640
-52640
-52640
-52640
-52640
-52640
-52640
-52640
-52640
-52640
-52640
-52640
-52640
-52640
-52640
-52640
-52640
-52640
-52640
-52640
-52640
-52640
-52640
-52640
-52640
-52640
-52640
-52640
-52640
-52640
-52640
-52640
-52640
-52640
-52640
-52640
-52640
-52640
-52640
-52640
-52640
-52640
-52640
-52640
-52640
-52640
-52640
-52640
-52640
-52640
-52640
-52640
-52640
-52640
-52640
-52640
-52640
-52640
-52640
-52640
-52640
-52640
-52640
-52640
-52640
-52640
-52640
-52640
-52640
-52640
-52640
