3.99535e-005
7.76699e-005
0.000114037
0.000149687
0.000185087
0.000220585
0.000256447
0.000292881
0.00033005
0.000368086
0.000407094
0.000447162
0.000488362
0.000530752
0.000574384
0.0006193
0.000665536
0.000713123
0.000762088
0.000812454
0.000864241
0.000917467
0.000972146
0.00102829
0.00108591
0.00114501
0.00120559
0.00126765
0.00133118
0.00139617
0.00146263
0.00153057
0.00159997
0.00167084
0.0017432
0.00181706
0.00189242
0.00196926
0.00204759
0.00212743
0.00220881
0.00229175
0.00237622
0.00246218
0.00254962
0.00263856
0.00272906
0.00282117
0.00291492
0.0030103
0.00310727
0.00320579
0.00330581
0.00340736
0.00351045
0.00361514
0.00372145
0.00382942
0.00393906
0.00405038
0.00416337
0.00427803
0.00439433
0.00451223
0.00463172
0.00475277
0.00487539
0.00499959
0.00512538
0.00525279
0.00538184
0.00551253
0.00564488
0.00577889
0.00591456
0.0060519
0.0061909
0.00633157
0.00647389
0.00661786
0.00676349
0.00691076
0.00705966
0.00721019
0.00736233
0.00751607
0.0076714
0.0078283
0.00798675
0.00814676
0.00830831
0.00847142
0.0086361
0.00880236
0.00897022
0.00913971
0.00931083
0.00948362
0.00965807
0.00983421
0.010012
0.0101915
0.0103728
0.0105557
0.0107403
0.0109266
0.0111146
0.0113044
0.0114958
0.0116889
0.0118837
0.0120802
0.0122784
0.0124783
0.0126798
0.0128831
0.013088
0.0132946
0.0135029
0.0137128
0.0139244
0.0141377
0.0143527
0.0145694
0.0147877
0.0150077
0.0152294
0.0154527
0.0156777
0.0159044
0.0161328
0.0163628
0.0165945
0.0168279
0.017063
0.0172997
0.0175381
0.0177782
0.0180199
0.0182634
0.0185085
0.0187552
0.0190037
0.0192538
0.0195056
0.0197591
0.0200143
0.0202711
0.0205296
0.0207898
0.0210517
0.0213153
0.0215805
0.0218474
0.0221159
0.0223862
0.0226581
0.0229317
0.023207
0.0234839
0.0237625
0.0240428
0.0243247
0.0246083
0.0248936
0.0251805
0.0254691
0.0257594
0.0260512
0.0263448
0.02664
0.0269368
0.0272353
0.0275354
0.0278371
0.0281405
0.0284455
0.0287521
0.0290604
0.0293703
0.0296819
0.029995
0.0303099
0.0306263
0.0309445
0.0312642
0.0315857
0.0319088
0.0322336
0.0325601
0.0328883
0.0332182
0.0335498
0.0338831
0.0342181
0.0345548
0.0348932
0.0352333
0.0355752
0.0359187
0.036264
