-675.006
-1237.52
-1713.5
-2121.48
-2475.08
-2784.48
-3057.5
-3300.18
-3517.32
-3712.76
-3889.59
-4050.35
-4197.14
-4331.71
-4455.52
-4569.8
-4675.63
-4773.9
-4865.37
-4950.71
-5030.46
-5105.03
-5174.71
-5239.58
-5299.53
-5354.19
-5403.09
-5445.7
-5481.6
-5510.39
-5531.82
-5545.85
-5552.67
-5552.61
-5546.05
-5533.36
-5514.95
-5491.3
-5462.96
-5430.49
-5394.31
-5354.72
-5311.99
-5266.46
-5218.61
-5169.02
-5118.23
-5066.57
-5014.14
-4960.97
-4907.09
-4852.61
-4797.78
-4742.91
-4688.38
-4634.49
-4581.44
-4529.31
-4478.08
-4427.67
-4377.93
-4328.74
-4279.98
-4231.6
-4183.57
-4135.96
-4088.86
-4042.39
-3996.64
-3951.71
-3907.65
-3864.51
-3822.28
-3780.98
-3740.58
-3701.08
-3662.44
-3624.63
-3587.64
-3551.43
-3515.97
-3481.22
-3447.16
-3413.73
-3380.9
-3348.64
-3316.91
-3285.66
-3254.86
-3224.5
-3194.56
-3165.02
-3135.9
-3107.19
-3078.91
-3051.06
-3023.65
-2996.67
-2970.13
-2944.02
-2918.34
-2893.07
-2868.22
-2843.77
-2819.71
-2796.04
-2772.75
-2749.83
-2727.27
-2705.07
-2683.22
-2661.71
-2640.53
-2619.69
-2599.17
-2578.96
-2559.06
-2539.47
-2520.18
-2501.17
-2482.45
-2464.02
-2445.85
-2427.95
-2410.31
-2392.93
-2375.81
-2358.92
-2342.28
-2325.88
-2309.7
-2293.75
-2278.02
-2262.51
-2247.21
-2232.12
-2217.23
-2202.55
-2188.06
-2173.76
-2159.65
-2145.72
-2131.97
-2118.4
-2105.01
-2091.78
-2078.73
-2065.83
-2053.1
-2040.52
-2028.1
-2015.83
-2003.71
-1991.74
-1979.91
-1968.22
-1956.66
-1945.24
-1933.96
-1922.8
-1911.78
-1900.87
-1890.09
-1879.43
-1868.89
-1858.46
-1848.15
-1837.94
-1827.85
-1817.86
-1807.97
-1798.19
-1788.5
-1778.91
-1769.42
-1760.02
-1750.71
-1741.5
-1732.37
-1723.33
-1714.37
-1705.51
-1696.72
-1688.02
-1679.4
-1670.87
-1662.42
-1654.04
-1645.75
-1637.54
-1629.41
-1621.35
-1613.37
-1605.47
-1597.64
-1589.89
-1582.22
-1574.61
-1567.08
-1559.62
-1552.23
