-1596
-3192
-4788
-6384
-7980
-9576
-11172
-12768
-14364
-15960
-17556
-19152
-20748
-22344
-23940
-25536
-27132
-28728
-30324
-31920
-33516
-35112
-36708
-38304
-39900
-41496
-43092
-44688
-46283.9
-47879.9
-49475.8
-51071.6
-52667.3
-54262.7
-55857.8
-57452.3
-59045.7
-60637.6
-62226.9
-63812.5
-65392.1
-66962.8
-68520.3
-70058.6
-71569.3
-73041.2
-74460.3
-75809.4
-77069.5
-78221.3
-79248.3
-80139.3
-80890.8
-81507.6
-82001.5
-82388.8
-82687.3
-82914.5
-83085.9
-83214.4
-83310.4
-83382.1
-83435.6
-83475.6
-83505.6
-83528.1
-83545
-83557.8
-83567.6
-83574.9
-83580.6
-83584.9
-83588.2
-83590.8
-83592.7
-83594.3
-83595.5
-83596.4
-83597.2
-83597.7
-83598.2
-83598.5
-83598.8
-83599.1
-83599.2
-83599.4
-83599.5
-83599.6
-83599.7
-83599.7
-83599.8
-83599.8
-83599.8
-83599.9
-83599.9
-83599.9
-83599.9
-83599.9
-83600
-83600
-83600
-83600
-83600
-83600
-83600
-83600
-83600
-83600
-83600
-83600
-83600
-83600
-83600
-83600
-83600
-83600
-83600
-83600
-83600
-83600
-83600
-83600
-83600
-83600
-83600
-83600
-83600
-83600
-83600
-83600
-83600
-83600
-83600
-83600
-83600
-83600
-83600
-83600
-83600
-83600
-83600
-83600
-83600
-83600
-83600
-83600
-83600
-83600
-83600
-83600
-83600
-83600
-83600
-83600
-83600
-83600
-83600
-83600
-83600
-83600
-83600
-83600
-83600
-83600
-83600
-83600
-83600
-83600
-83600
-83600
-83600
-83600
-83600
-83600
-83600
-83600
-83600
-83600
-83600
-83600
-83600
-83600
-83600
-83600
-83600
-83600
-83600
-83600
-83600
-83600
-83600
-83600
-83600
-83600
-83600
-83600
-83600
-83600
-83600
-83600
-83600
