4.33193e-005
8.66386e-005
0.000129958
0.000173277
0.000216597
0.000259916
0.000303235
0.000346554
0.000389874
0.000433193
0.000476512
0.000519832
0.000563151
0.00060647
0.00064979
0.000693109
0.000736428
0.000779748
0.000823067
0.000866386
0.000909705
0.000953025
0.000996344
0.00103966
0.00108298
0.0011263
0.00116962
0.00121294
0.00125626
0.00129958
0.0013429
0.00138622
0.00142954
0.00147286
0.00151618
0.0015595
0.00160281
0.00164613
0.00168945
0.00173277
0.00177609
0.00181941
0.00186273
0.00190605
0.00194937
0.00199269
0.00203601
0.00207933
0.00212265
0.00216597
0.00220928
0.0022526
0.00229592
0.00233924
0.00238256
0.00242588
0.0024692
0.00251252
0.00255584
0.00259916
0.00264248
0.0026858
0.00272912
0.00277244
0.00281576
0.00285907
0.00290239
0.00294571
0.00298903
0.00303235
0.00307567
0.00311899
0.00316231
0.00320563
0.00324895
0.00329227
0.00333559
0.00337891
0.00342223
0.00346554
0.00350886
0.00355218
0.0035955
0.00363882
0.00368214
0.00372546
0.00376878
0.0038121
0.00385542
0.00389874
0.00394206
0.00398538
0.0040287
0.00407202
0.00411533
0.00415865
0.00420197
0.00424529
0.00428861
0.00433193
0.00437525
0.00441857
0.00446189
0.00450521
0.00454853
0.00459185
0.00463517
0.00467849
0.0047218
0.00476512
0.00480844
0.00485176
0.00489508
0.0049384
0.00498172
0.00502504
0.00506836
0.00511168
0.005155
0.00519832
0.00524164
0.00528496
0.00532827
0.00537159
0.00541491
0.00545823
0.00550155
0.00554487
0.00558819
0.00563151
0.00567483
0.00571815
0.00576147
0.00580479
0.00584811
0.00589143
0.00593475
0.00597806
0.00602138
0.0060647
0.00610802
0.00615134
0.00619466
0.00623798
0.0062813
0.00632462
0.00636794
0.00641126
0.00645458
0.0064979
0.00654122
0.00658453
0.00662785
0.00667117
0.00671449
0.00675781
0.00680113
0.00684445
0.00688777
0.00693109
0.00697441
0.00701773
0.00706105
0.00710437
0.00714769
0.00719101
0.00723432
0.00727764
0.00732096
0.00736428
0.0074076
0.00745092
0.00749424
0.00753756
0.00758088
0.0076242
0.00766752
0.00771084
0.00775416
0.00779748
0.00784079
0.00788411
0.00792743
0.00797075
0.00801407
0.00805739
0.00810071
0.00814403
0.00818735
0.00823067
0.00827399
0.00831731
0.00836063
0.00840395
0.00844727
0.00849058
0.0085339
0.00857722
0.00862054
0.00866386
0.00870718
