-1443.75
-2887.5
-4331.25
-5775
-7218.75
-8662.5
-10106.2
-11550
-12993.7
-14437.5
-15881.2
-17325
-18768.7
-20212.5
-21656.2
-23100
-24543.7
-25987.5
-27431.2
-28875
-30318.7
-31762.5
-33206.2
-34650
-36093.7
-37537.5
-38981.2
-40425
-41868.7
-43312.5
-44756.2
-46200
-47643.7
-49087.5
-50531.2
-51975
-53418.7
-54862.4
-56306.1
-57749.7
-59193.3
-60636.9
-62080.3
-63523.5
-64966.4
-66408.9
-67850.8
-69291.9
-70731.8
-72170
-73605.8
-75038.3
-76466.1
-77887.6
-79300.5
-80701.8
-82087.6
-83453.1
-84792.1
-86097.3
-87360
-88570.4
-89718
-90792.4
-91783.7
-92684.1
-93488.3
-94194.7
-94804.7
-95323.5
-95758.4
-96118.5
-96413.6
-96653.4
-96846.9
-97002.3
-97126.8
-97226.1
-97305.4
-97368.5
-97418.9
-97459.1
-97491.2
-97516.9
-97537.4
-97554
-97567.2
-97577.9
-97586.6
-97593.5
-97599.2
-97603.8
-97607.5
-97610.6
-97613.1
-97615.1
-97616.8
-97618.2
-97619.3
-97620.3
-97621
-97621.7
-97622.2
-97622.7
-97623
-97623.3
-97623.6
-97623.8
-97624
-97624.1
-97624.3
-97624.4
-97624.5
-97624.6
-97624.6
-97624.7
-97624.7
-97624.8
-97624.8
-97624.8
-97624.8
-97624.9
-97624.9
-97624.9
-97624.9
-97624.9
-97624.9
-97624.9
-97625
-97625
-97625
-97625
-97625
-97625
-97625
-97625
-97625
-97625
-97625
-97625
-97625
-97625
-97625
-97625
-97625
-97625
-97625
-97625
-97625
-97625
-97625
-97625
-97625
-97625
-97625
-97625
-97625
-97625
-97625
-97625
-97625
-97625
-97625
-97625
-97625
-97625
-97625
-97625
-97625
-97625
-97625
-97625
-97625
-97625
-97625
-97625
-97625
-97625
-97625
-97625
-97625
-97625
-97625
-97625
-97625
-97625
-97625
-97625
-97625
-97625
-97625
-97625
-97625
-97625
-97625
-97625
-97625
-97625
-97625
-97625
-97625
