3.90512e-005
7.81025e-005
0.000117154
0.000156205
0.000195256
0.000234307
0.000273359
0.00031241
0.000351461
0.000390512
0.000429564
0.000468615
0.000507666
0.000546717
0.000585769
0.00062482
0.000663871
0.000702922
0.000741974
0.000781025
0.000820076
0.000859127
0.000898179
0.00093723
0.000976281
0.00101533
0.00105438
0.00109343
0.00113249
0.00117154
0.00121059
0.00124964
0.00128869
0.00132774
0.00136679
0.00140584
0.0014449
0.00148395
0.001523
0.00156205
0.0016011
0.00164015
0.0016792
0.00171825
0.00175731
0.00179636
0.00183541
0.00187446
0.00191351
0.00195256
0.00199161
0.00203066
0.00206972
0.00210877
0.00214782
0.00218687
0.00222592
0.00226497
0.00230402
0.00234307
0.00238213
0.00242118
0.00246023
0.00249928
0.00253833
0.00257738
0.00261643
0.00265548
0.00269454
0.00273359
0.00277264
0.00281169
0.00285074
0.00288979
0.00292884
0.00296789
0.00300695
0.003046
0.00308505
0.0031241
0.00316315
0.0032022
0.00324125
0.0032803
0.00331936
0.00335841
0.00339746
0.00343651
0.00347556
0.00351461
0.00355366
0.00359271
0.00363177
0.00367082
0.00370987
0.00374892
0.00378797
0.00382702
0.00386607
0.00390512
0.00394418
0.00398323
0.00402228
0.00406133
0.00410038
0.00413943
0.00417848
0.00421753
0.00425659
0.00429564
0.00433469
0.00437374
0.00441279
0.00445184
0.00449089
0.00452994
0.004569
0.00460805
0.0046471
0.00468615
0.0047252
0.00476425
0.0048033
0.00484235
0.00488141
0.00492046
0.00495951
0.00499856
0.00503761
0.00507666
0.00511571
0.00515476
0.00519382
0.00523287
0.00527192
0.00531097
0.00535002
0.00538907
0.00542812
0.00546717
0.00550623
0.00554528
0.00558433
0.00562338
0.00566243
0.00570148
0.00574053
0.00577958
0.00581864
0.00585769
0.00589674
0.00593579
0.00597484
0.00601389
0.00605294
0.00609199
0.00613105
0.0061701
0.00620915
0.0062482
0.00628725
0.0063263
0.00636535
0.0064044
0.00644346
0.00648251
0.00652156
0.00656061
0.00659966
0.00663871
0.00667776
0.00671681
0.00675587
0.00679492
0.00683397
0.00687302
0.00691207
0.00695112
0.00699017
0.00702922
0.00706828
0.00710733
0.00714638
0.00718543
0.00722448
0.00726353
0.00730258
0.00734163
0.00738069
0.00741974
0.00745879
0.00749784
0.00753689
0.00757594
0.00761499
0.00765404
0.0076931
0.00773215
0.0077712
0.00781025
