-1493.01 1082.62
-2978.65 1078.25
-4464.26 1074.13
-5950 1069.3
-7435.77 1064.62
-8921.28 1060.55
-10407.1 1055.46
-11892.8 1050.85
-13378.5 1046.28
-14864 1042.25
-16349.8 1037.39
-17835.5 1032.64
-19321.1 1028.32
-20806.9 1023.34
-22292.5 1018.87
-23778.2 1014.12
-25263.9 1009.51
-26749.5 1004.9
-28235.2 1000.29
-29720.8 995.692
-31206.5 991.092
-32692.1 986.492
-34177.8 981.888
-35663.4 977.267
-37149.1 972.623
-38634.7 967.985
-40120.6 962.126
-41606.1 958.119
-43091.7 953.425
-44577.2 949.486
-46062.8 944.973
-47548.4 940.275
-49034 935.598
-50519.6 931.021
-52004.7 929.384
