-1493.01 0.000548435
-2978.65 0.000568435
-4464.26 0.000588435
-5950 0.000608435
-7435.77 0.000628435
-8921.28 0.000648435
-10407.1 0.000668435
-11892.8 0.000688435
-13378.5 0.000708435
-14864 0.000728435
-16349.8 0.000748435
-17835.5 0.000768435
-19321.1 0.000788435
-20806.9 0.000808435
-22292.5 0.000828435
-23778.2 0.000848435
-25263.9 0.000868435
-26749.5 0.000888435
-28235.2 0.000908435
-29720.8 0.000928435
-31206.5 0.000948435
-32692.1 0.000968435
-34177.8 0.000988435
-35663.4 0.00100843
-37149.1 0.00102843
-38634.7 0.00104843
-40120.6 0.00106843
-41606.1 0.00108843
-43091.7 0.00110843
-44577.2 0.00112843
-46062.8 0.00114843
-47548.4 0.00116843
-49034 0.00118843
-50519.6 0.00120843
-52004.7 0.00122843
