-1493.01 73889.5
-2978.65 73889.5
-4464.26 73889.5
-5950 73889.5
-7435.77 73889.5
-8921.28 73889.5
-10407.1 73889.5
-11892.8 73889.5
-13378.5 73889.5
-14864 73889.5
-16349.8 73889.5
-17835.5 73889.5
-19321.1 73889.5
-20806.9 73889.5
-22292.5 73889.5
-23778.2 73889.5
-25263.9 73889.5
-26749.5 73889.5
-28235.2 73889.5
-29720.8 73889.5
-31206.5 73889.5
-32692.1 73889.5
-34177.8 73889.5
-35663.4 73889.5
-37149.1 73889.5
-38634.7 73889.5
-40120.6 73889.5
-41606.1 73889.5
-43091.7 73889.5
-44577.2 73889.5
-46062.8 73889.5
-47548.4 73889.5
-49034 73889.5
-50519.6 73889.5
-52004.7 73889.5
