-1493.01 2253.65
-2978.65 2236.97
-4464.26 2220.29
-5950 2203.61
-7435.77 2186.92
-8921.28 2170.25
-10407.1 2153.56
-11892.8 2136.88
-13378.5 2120.2
-14864 2103.53
-16349.8 2086.84
-17835.5 2070.16
-19321.1 2053.49
-20806.9 2036.8
-22292.5 2020.12
-23778.2 2003.44
-25263.9 1986.76
-26749.5 1970.08
-28235.2 1953.4
-29720.8 1936.72
-31206.5 1920.04
-32692.1 1903.36
-34177.8 1886.68
-35663.4 1870
-37149.1 1853.32
-38634.7 1836.65
-40120.6 1819.96
-41606.1 1803.28
-43091.7 1786.61
-44577.2 1769.94
-46062.8 1753.26
-47548.4 1736.58
-49034 1719.91
-50519.6 1703.23
-52004.7 1686.59
