4.01941e-005
8.03881e-005
0.000120582
0.000160776
0.00020097
0.000241164
0.000281358
0.000321552
0.000361747
0.000401941
0.000442135
0.000482329
0.000522523
0.000562717
0.000602911
0.000643105
0.000683299
0.000723493
0.000763687
0.000803881
0.000844075
0.000884269
0.000924463
0.000964657
0.00100485
0.00104505
0.00108524
0.00112543
0.00116563
0.00120582
0.00124602
0.00128621
0.0013264
0.0013666
0.00140679
0.00144699
0.00148718
0.00152737
0.00156757
0.00160776
0.00164796
0.00168815
0.00172834
0.00176854
0.00180873
0.00184893
0.00188912
0.00192931
0.00196951
0.0020097
0.0020499
0.00209009
0.00213029
0.00217048
0.00221067
0.00225087
0.00229106
0.00233126
0.00237145
0.00241164
0.00245184
0.00249203
0.00253223
0.00257242
0.00261261
0.00265281
0.002693
0.0027332
0.00277339
0.00281358
0.00285378
0.00289397
0.00293417
0.00297436
0.00301455
0.00305475
0.00309494
0.00313514
0.00317533
0.00321552
0.00325572
0.00329591
0.00333611
0.0033763
0.0034165
0.00345669
0.00349688
0.00353708
0.00357727
0.00361747
0.00365766
0.00369785
0.00373805
0.00377824
0.00381844
0.00385863
0.00389882
0.00393902
0.00397921
0.00401941
0.0040596
0.00409979
0.00413999
0.00418018
0.00422038
0.00426057
0.00430076
0.00434096
0.00438115
0.00442135
0.00446154
0.00450173
0.00454193
0.00458212
0.00462232
0.00466251
0.00470271
0.0047429
0.00478309
0.00482329
0.00486348
0.00490368
0.00494387
0.00498406
0.00502426
0.00506445
0.00510465
0.00514484
0.00518503
0.00522523
0.00526542
0.00530562
0.00534581
0.005386
0.0054262
0.00546639
0.00550659
0.00554678
0.00558697
0.00562717
0.00566736
0.00570756
0.00574775
0.00578794
0.00582814
0.00586833
0.00590853
0.00594872
0.00598892
0.00602911
0.0060693
0.0061095
0.00614969
0.00618989
0.00623008
0.00627027
0.00631047
0.00635066
0.00639086
0.00643105
0.00647124
0.00651144
0.00655163
0.00659183
0.00663202
0.00667221
0.00671241
0.0067526
0.0067928
0.00683299
0.00687318
0.00691338
0.00695357
0.00699377
0.00703396
0.00707415
0.00711435
0.00715454
0.00719474
0.00723493
0.00727512
0.00731532
0.00735551
0.00739571
0.0074359
0.0074761
0.00751629
0.00755648
0.00759668
0.00763687
0.00767707
0.00771726
0.00775745
0.00779765
0.00783784
0.00787804
0.00791823
0.00795842
0.00799862
0.00803881
