0.000100712
0.000189405
0.000269253
0.000342522
0.000410874
0.000475558
0.000537526
0.00059752
0.000656125
0.000713808
0.000770943
0.000827824
0.000884661
0.000941558
0.00099845
0.00105505
0.00111106
0.00116674
0.001223
0.00128054
0.00133972
0.00140074
0.0014637
0.00152869
0.00159576
0.00166493
0.00173623
0.00180962
0.00188505
0.00196245
0.00204166
0.00212243
0.00220433
0.00228682
0.00236933
0.00245173
0.00253452
0.00261836
0.00270358
0.00279016
0.00287807
0.00296748
0.00305867
0.00315178
0.00324685
0.00334379
0.00344243
0.00354257
0.00364406
0.00374698
0.00385153
0.00395789
0.00406618
0.00417646
0.00428872
0.00440297
0.00451915
0.00463718
0.00475692
0.00487814
0.00500062
0.00512429
0.00524935
0.00537603
0.00550452
0.00563491
0.00576722
0.00590149
0.00603769
0.00617584
0.00631592
0.00645792
0.00660184
0.00674766
0.00689536
0.00704491
0.00719627
0.0073494
0.00750421
0.00766063
0.00781855
0.0079779
0.00813864
0.00830077
0.00846438
0.00862957
0.00879645
0.00896509
0.00913554
0.00930784
0.009482
0.00965804
0.00983595
0.0100157
0.0101974
0.010381
0.0105664
0.0107537
0.0109429
0.0111339
0.0113268
0.0115216
0.0117182
0.0119168
0.0121171
0.0123193
0.0125234
0.0127293
0.0129371
0.0131467
0.0133582
0.0135715
0.0137866
0.0140035
0.0142223
0.0144428
0.0146652
0.0148893
0.0151152
0.0153428
0.0155721
0.0158031
0.0160358
0.0162701
0.016506
0.0167435
0.0169825
0.017223
0.0174651
0.0177086
0.0179537
0.0182004
0.0184488
0.0186989
0.0189508
0.0192045
0.0194599
0.0197172
0.0199762
0.0202371
0.0204998
0.0207643
0.0210306
0.0212988
0.0215688
0.0218407
0.0221143
0.0223898
0.0226672
0.0229464
0.0232274
0.0235102
0.0237949
0.0240815
0.0243698
0.02466
0.0249521
0.025246
0.0255417
0.0258393
0.0261387
0.0264399
0.026743
0.027048
0.0273547
0.0276634
0.0279738
0.0282862
0.0286003
0.0289163
0.0292342
0.0295539
0.0298754
0.0301988
0.0305241
0.0308515
0.0311809
0.0315122
0.0318453
0.0321803
0.0325172
0.032856
0.0331966
0.0335391
0.0338835
0.0342297
0.0345779
0.0349278
0.0352797
0.0356335
0.0359891
0.0363466
0.036706
0.0370672
0.0374303
0.0377953
0.0381622
0.038531
0.0389017
0.0392742
