-2240.02
-4106.73
-5686.27
-7040.19
-8213.61
-9240.37
-10146.4
-10951.7
-11672.3
-12320.7
-12907.1
-13438.9
-13920.6
-14351.6
-14721.6
-15005.8
-15172.1
-15219.5
-15186.9
-15109
-15003.2
-14877.8
-14738.3
-14588.1
-14430
-14266.8
-14099.2
-13928.5
-13756.6
-13583.4
-13407.7
-13229.7
-13049.3
-12864.6
-12673.8
-12476.8
-12277.3
-12078.9
-11883.8
-11692.2
-11504.2
-11320.3
-11141.3
-10967.5
-10798.9
-10635.1
-10475.6
-10319.9
-10167.7
-10018.9
-9873.68
-9732.34
-9594.89
-9461.28
-9331.39
-9205.07
-9082.14
-8962.41
-8845.59
-8731.35
-8619.39
-8509.57
-8401.98
-8296.79
-8194.07
-8093.83
-7996.02
-7900.56
-7807.37
-7716.38
-7627.52
-7540.7
-7455.86
-7372.93
-7291.82
-7212.49
-7134.84
-7058.81
-6984.32
-6911.29
-6839.62
-6769.25
-6700.13
-6632.21
-6565.51
-6500.01
-6435.74
-6372.67
-6310.8
-6250.11
-6190.57
-6132.15
-6074.82
-6018.56
-5963.33
-5909.11
-5855.87
-5803.59
-5752.23
-5701.78
-5652.21
-5603.5
-5555.63
-5508.57
-5462.31
-5416.82
-5372.08
-5328.08
-5284.8
-5242.22
-5200.32
-5159.09
-5118.5
-5078.55
-5039.22
-5000.49
-4962.35
-4924.79
-4887.78
-4851.32
-4815.38
-4779.96
-4745.05
-4710.62
-4676.66
-4643.17
-4610.12
-4577.51
-4545.33
-4513.56
-4482.15
-4451.26
-4420.69
-4390.52
-4360.74
-4331.35
-4302.34
-4273.71
-4245.45
-4217.56
-4190.04
-4162.87
-4136.05
-4109.57
-4083.44
-4057.63
-4032.15
-4006.99
-3982.15
-3957.61
-3933.37
-3909.43
-3885.79
-3862.43
-3839.35
-3816.54
-3794.01
-3771.74
-3749.74
-3727.99
-3706.5
-3685.25
-3664.25
-3643.49
-3622.96
-3602.67
-3582.6
-3562.76
-3543.13
-3523.73
-3504.53
-3485.55
-3466.76
-3448.19
-3429.73
-3411.61
-3393.6
-3375.77
-3358.14
-3340.68
-3323.4
-3306.3
-3289.38
-3272.62
-3256.04
-3239.63
-3223.38
-3207.29
-3191.36
-3175.59
-3159.97
-3144.51
-3129.2
-3114.03
-3099.02
-3084.14
-3069.41
-3054.82
-3040.37
-3026.05
