4.75984e-005
9.20294e-005
0.000134424
0.00017559
0.00021612
0.000256458
0.000296943
0.000337842
0.000379361
0.000421668
0.000464899
0.000509163
0.000554553
0.000601144
0.000649001
0.000698177
0.000748719
0.000800666
0.000854052
0.000908905
0.00096525
0.00102311
0.00108249
0.00114341
0.00120588
0.0012699
0.00133547
0.00140258
0.00147123
0.00154141
0.00161313
0.00168638
0.00176119
0.00183756
0.00191548
0.00199496
0.00207603
0.00215869
0.00224292
0.00232873
0.00241614
0.00250519
0.00259591
0.00268829
0.0027823
0.00287793
0.00297522
0.00307422
0.00317499
0.00327754
0.00338187
0.00348791
0.00359563
0.00370499
0.00381597
0.00392862
0.00404297
0.00415909
0.00427703
0.00439682
0.00451848
0.004642
0.00476735
0.00489451
0.00502344
0.00515409
0.00528642
0.00542042
0.00555605
0.00569333
0.00583229
0.00597294
0.00611532
0.00625945
0.00640535
0.00655303
0.0067025
0.00685377
0.00700684
0.00716172
0.0073184
0.00747688
0.00763718
0.00779927
0.00796317
0.00812887
0.00829636
0.00846564
0.0086367
0.00880954
0.00898414
0.00916048
0.00933857
0.00951837
0.0096999
0.00988312
0.0100681
0.0102547
0.0104431
0.0106332
0.010825
0.0110186
0.011214
0.0114111
0.0116101
0.0118108
0.0120133
0.0122176
0.0124238
0.0126317
0.0128415
0.013053
0.0132664
0.0134815
0.0136985
0.0139173
0.0141379
0.0143603
0.0145845
0.0148105
0.0150383
0.0152679
0.0154993
0.0157325
0.0159676
0.0162044
0.016443
0.0166835
0.0169257
0.0171698
0.0174156
0.0176633
0.0179128
0.0181641
0.0184172
0.0186721
0.0189288
0.0191873
0.0194476
0.0197097
0.0199737
0.0202394
0.020507
0.0207764
0.0210476
0.0213206
0.0215954
0.021872
0.0221504
0.0224307
0.0227127
0.0229966
0.0232823
0.0235698
0.0238591
0.0241503
0.0244432
0.024738
0.0250346
0.025333
0.0256332
0.0259353
0.0262391
0.0265448
0.0268523
0.0271616
0.0274727
0.0277857
0.0281004
0.028417
0.0287354
0.0290556
0.0293776
0.0297014
0.030027
0.0303544
0.0306837
0.0310147
0.0313476
0.0316822
0.0320187
0.0323569
0.0326969
0.0330388
0.0333824
0.0337278
0.034075
0.0344239
0.0347747
0.0351272
0.0354815
0.0358376
0.0361955
0.0365552
0.0369166
0.0372799
0.0376449
0.0380117
0.0383804
0.0387508
