-940.739
-1724.7
-2388.06
-2956.66
-3449.46
-3880.67
-4261.16
-4599.38
-4902.01
-5174.38
-5420.83
-5644.88
-5849.46
-6037
-6209.54
-6368.81
-6516.26
-6653.13
-6780.42
-6898.91
-7009.11
-7111.17
-7204.84
-7289.52
-7364.49
-7429.03
-7482.37
-7523.91
-7553.55
-7571.56
-7578.21
-7574.04
-7559.98
-7536.81
-7504.95
-7465.1
-7418.42
-7365.95
-7308.11
-7245.08
-7177.54
-7106.67
-7033.6
-6958.97
-6882.9
-6805.36
-6726.58
-6647.08
-6567.45
-6488.23
-6409.71
-6332.03
-6255.13
-6178.93
-6103.43
-6028.73
-5955
-5882.41
-5811.04
-5740.95
-5672.12
-5604.53
-5538.15
-5472.97
-5408.93
-5345.99
-5284.11
-5223.25
-5163.38
-5104.53
-5046.74
-4990.03
-4934.46
-4880.03
-4826.76
-4774.64
-4723.64
-4673.75
-4624.93
-4577.16
-4530.39
-4484.6
-4439.74
-4395.79
-4352.69
-4310.42
-4268.94
-4228.21
-4188.19
-4148.84
-4110.14
-4072.05
-4034.54
-3997.59
-3961.19
-3925.32
-3889.98
-3855.16
-3820.87
-3787.1
-3753.85
-3721.13
-3688.93
-3657.25
-3626.08
-3595.42
-3565.26
-3535.58
-3506.39
-3477.67
-3449.42
-3421.61
-3394.25
-3367.32
-3340.81
-3314.72
-3289.04
-3263.75
-3238.84
-3214.32
-3190.17
-3166.38
-3142.94
-3119.85
-3097.1
-3074.68
-3052.59
-3030.82
-3009.35
-2988.19
-2967.33
-2946.76
-2926.48
-2906.47
-2886.75
-2867.29
-2848.09
-2829.15
-2810.46
-2792.02
-2773.83
-2755.87
-2738.14
-2720.65
-2703.38
-2686.33
-2669.49
-2652.87
-2636.46
-2620.24
-2604.23
-2588.42
-2572.8
-2557.37
-2542.12
-2527.06
-2512.17
-2497.46
-2482.93
-2468.56
-2454.36
-2440.33
-2426.45
-2412.73
-2399.17
-2385.76
-2372.5
-2359.39
-2346.42
-2333.59
-2320.9
-2308.35
-2295.94
-2283.65
-2271.5
-2259.47
-2247.57
-2235.79
-2224.13
-2212.58
-2201.16
-2189.85
-2178.65
-2167.56
-2156.57
-2145.7
-2134.92
-2124.25
-2113.68
-2103.21
-2092.84
-2082.56
-2072.37
-2062.28
-2052.28
-2042.37
-2032.55
-2022.82
-2013.17
-2003.62
