-1443.75
-2887.5
-4331.25
-5775
-7218.75
-8662.5
-10106.2
-11550
-12993.7
-14437.5
-15881.2
-17325
-18768.7
-20212.5
-21656.2
-23100
-24543.7
-25987.5
-27431.2
-28875
-30318.7
-31762.5
-33206.2
-34650
-36093.7
-37537.4
-38981
-40424.5
-41867.8
-43310.7
-44752.9
-46193.9
-47632.8
-49068.3
-50498
-51918.4
-53324
-54706.9
-56055.3
-57353.4
-58581.1
-59715
-60731.5
-61611.5
-62344.9
-62933.4
-63389.4
-63732.5
-63984.8
-64167.5
-64298.3
-64391.4
-64457.6
-64504.6
-64538
-64561.9
-64579
-64591.3
-64600.2
-64606.7
-64611.4
-64614.8
-64617.4
-64619.2
-64620.6
-64621.7
-64622.5
-64623.1
-64623.5
-64623.9
-64624.1
-64624.3
-64624.5
-64624.6
-64624.7
-64624.7
-64624.8
-64624.8
-64624.9
-64624.9
-64624.9
-64624.9
-64624.9
-64625
-64625
-64625
-64625
-64625
-64625
-64625
-64625
-64625
-64625
-64625
-64625
-64625
-64625
-64625
-64625
-64625
-64625
-64625
-64625
-64625
-64625
-64625
-64625
-64625
-64625
-64625
-64625
-64625
-64625
-64625
-64625
-64625
-64625
-64625
-64625
-64625
-64625
-64625
-64625
-64625
-64625
-64625
-64625
-64625
-64625
-64625
-64625
-64625
-64625
-64625
-64625
-64625
-64625
-64625
-64625
-64625
-64625
-64625
-64625
-64625
-64625
-64625
-64625
-64625
-64625
-64625
-64625
-64625
-64625
-64625
-64625
-64625
-64625
-64625
-64625
-64625
-64625
-64625
-64625
-64625
-64625
-64625
-64625
-64625
-64625
-64625
-64625
-64625
-64625
-64625
-64625
-64625
-64625
-64625
-64625
-64625
-64625
-64625
-64625
-64625
-64625
-64625
-64625
-64625
-64625
-64625
-64625
-64625
-64625
-64625
-64625
-64625
-64625
-64625
-64625
-64625
-64625
