9.79799e-005
0.000184396
0.000262317
0.000333935
0.000400856
0.000464288
0.000525151
0.000584163
0.000641889
0.000698784
0.000755213
0.000811476
0.000867822
0.000924457
0.000981554
0.00103926
0.0010977
0.00115698
0.00121719
0.00127841
0.0013407
0.00140412
0.0014687
0.00153448
0.00160145
0.00166964
0.00173904
0.00180967
0.00188164
0.00195508
0.00203018
0.00210707
0.00218585
0.00226657
0.00234927
0.00243395
0.00252065
0.00260934
0.00270002
0.00279266
0.00288719
0.00298354
0.00308157
0.00318111
0.00328197
0.00338389
0.00348658
0.00358984
0.00369365
0.00379821
0.00390376
0.00401053
0.00411863
0.00422819
0.00433934
0.00445223
0.00456697
0.00468358
0.00480204
0.00492229
0.00504423
0.00516778
0.0052929
0.00541962
0.00554802
0.00567817
0.00581015
0.00594401
0.00607974
0.00621736
0.00635683
0.00649813
0.00664118
0.00678594
0.00693233
0.00708029
0.0072298
0.00738087
0.00753357
0.00768795
0.00784408
0.00800202
0.00816179
0.00832343
0.00848694
0.00865234
0.00881963
0.00898881
0.00915987
0.00933281
0.00950761
0.00968428
0.00986278
0.0100431
0.0102252
0.010409
0.0105944
0.0107815
0.0109701
0.0111602
0.0113519
0.011545
0.0117398
0.0119362
0.0121343
0.0123342
0.0125359
0.0127394
0.0129448
0.013152
0.0133611
0.013572
0.0137848
0.0139994
0.014216
0.0144343
0.0146546
0.0148767
0.0151007
0.0153265
0.0155542
0.0157837
0.0160152
0.0162484
0.0164836
0.0167206
0.0169594
0.0172001
0.0174427
0.0176871
0.0179333
0.0181814
0.0184313
0.0186831
0.0189366
0.019192
0.0194492
0.0197082
0.0199689
0.0202314
0.0204956
0.0207615
0.0210292
0.0212984
0.0215694
0.0218419
0.022116
0.0223917
0.022669
0.0229479
0.0232284
0.0235107
0.0237946
0.0240803
0.0243678
0.024657
0.024948
0.0252408
0.0255355
0.0258319
0.0261302
0.0264303
0.0267323
0.0270361
0.0273418
0.0276493
0.0279586
0.0282698
0.0285829
0.0288978
0.0292146
0.0295332
0.0298537
0.030176
0.0305002
0.0308263
0.0311542
0.031484
0.0318157
0.0321492
0.0324845
0.0328218
0.0331609
0.0335018
0.0338447
0.0341894
0.0345359
0.0348844
0.0352347
0.0355868
0.0359409
0.0362968
0.0366546
0.0370142
0.0373758
0.0377392
0.0381045
0.0384716
0.0388407
0.0392116
