-2658.97
-4874.81
-6749.78
-8356.92
-9749.8
-10968.6
-12044
-13000
-13855.4
-14625.2
-15321.8
-15955.1
-16533.3
-17063.4
-17551.1
-18001.2
-18418
-18804.9
-19164.7
-19499.9
-19812.1
-20102.3
-20370.2
-20613.9
-20829.6
-21009.9
-21145.2
-21224.8
-21244.3
-21209.6
-21134.3
-21031.8
-20910.7
-20776.4
-20632.3
-20480.3
-20321.6
-20157.7
-19989.7
-19817.5
-19641.2
-19461.4
-19278.3
-19091.1
-18898.5
-18699.1
-18492.6
-18279.2
-18060.1
-17837.6
-17613.9
-17390.8
-17169.2
-16949.9
-16733.7
-16521.3
-16313.2
-16109.4
-15910
-15714.6
-15523
-15335
-15150.3
-14968.9
-14791.2
-14617.1
-14446.8
-14280.3
-14117.6
-13958.5
-13802.9
-13650.7
-13501.6
-13355.5
-13212
-13071.2
-12932.8
-12796.8
-12663.2
-12532.1
-12403.5
-12277.3
-12153.7
-12032.6
-11913.8
-11797.4
-11683.2
-11571.3
-11461.6
-11353.9
-11248.3
-11144.6
-11042.8
-10942.9
-10844.6
-10748.1
-10653.1
-10559.5
-10467.5
-10376.7
-10287.3
-10199.2
-10112.4
-10026.9
-9942.8
-9860.06
-9778.63
-9698.52
-9619.7
-9542.15
-9465.83
-9390.88
-9316.99
-9244.27
-9172.68
-9102.21
-9032.81
-8964.48
-8897.18
-8830.9
-8765.6
-8701.27
-8637.89
-8575.43
-8513.87
-8453.19
-8393.38
-8334.41
-8276.27
-8218.93
-8162.39
-8106.62
-8051.6
-7997.32
-7943.76
-7890.91
-7838.76
-7787.27
-7736.44
-7686.26
-7636.71
-7587.77
-7539.43
-7491.67
-7444.49
-7397.86
-7351.77
-7306.22
-7261.05
-7216.68
-7172.65
-7129.12
-7086.08
-7043.52
-7001.45
-6959.86
-6918.75
-6878.1
-6837.92
-6798.21
-6758.95
-6720.13
-6681.76
-6643.82
-6606.31
-6569.23
-6532.55
-6496.29
-6460.43
-6424.96
-6389.88
-6355.18
-6320.87
-6286.92
-6253.33
-6220.11
-6187.23
-6154.71
-6122.52
-6090.68
-6059.16
-6027.97
-5997.11
-5966.56
-5936.32
-5906.38
-5876.75
-5847.42
-5818.38
-5789.63
-5761.16
-5732.97
-5705.06
-5677.43
-5650.06
-5622.95
-5596.1
-5569.52
-5543.18
-5517.09
