-1443.75
-2887.5
-4331.25
-5775
-7218.75
-8662.5
-10106.2
-11550
-12993.7
-14437.5
-15881.2
-17325
-18768.7
-20212.5
-21656.2
-23100
-24543.7
-25987.5
-27431.2
-28875
-30318.7
-31762.5
-33206.2
-34650
-36093.7
-37537.5
-38981.2
-40425
-41868.7
-43312.4
-44756.1
-46199.6
-47643.1
-49086.4
-50529.3
-51971.6
-53413.1
-54853.1
-56290.8
-57725.1
-59154
-60574.9
-61983.9
-63375.4
-64742
-66073.5
-67357.2
-68577.6
-69717.4
-70759.4
-71688.4
-72494.4
-73174.2
-73732.2
-74179
-74529.3
-74799.4
-75004.9
-75159.9
-75276.2
-75363.1
-75427.9
-75476.3
-75512.5
-75539.6
-75560
-75575.3
-75586.9
-75595.6
-75602.3
-75607.4
-75611.3
-75614.3
-75616.6
-75618.4
-75619.8
-75620.9
-75621.8
-75622.4
-75622.9
-75623.4
-75623.7
-75623.9
-75624.1
-75624.3
-75624.4
-75624.5
-75624.6
-75624.7
-75624.8
-75624.8
-75624.8
-75624.9
-75624.9
-75624.9
-75624.9
-75624.9
-75624.9
-75625
-75625
-75625
-75625
-75625
-75625
-75625
-75625
-75625
-75625
-75625
-75625
-75625
-75625
-75625
-75625
-75625
-75625
-75625
-75625
-75625
-75625
-75625
-75625
-75625
-75625
-75625
-75625
-75625
-75625
-75625
-75625
-75625
-75625
-75625
-75625
-75625
-75625
-75625
-75625
-75625
-75625
-75625
-75625
-75625
-75625
-75625
-75625
-75625
-75625
-75625
-75625
-75625
-75625
-75625
-75625
-75625
-75625
-75625
-75625
-75625
-75625
-75625
-75625
-75625
-75625
-75625
-75625
-75625
-75625
-75625
-75625
-75625
-75625
-75625
-75625
-75625
-75625
-75625
-75625
-75625
-75625
-75625
-75625
-75625
-75625
-75625
-75625
-75625
-75625
-75625
-75625
-75625
-75625
-75625
-75625
-75625
-75625
-75625
-75625
-75625
-75625
-75625
