4.75984e-005
9.20294e-005
0.000134424
0.00017559
0.00021612
0.000256458
0.000296943
0.000337842
0.000379361
0.000421668
0.000464899
0.000509163
0.000554553
0.000601144
0.000649001
0.000698177
0.00074872
0.000800668
0.000854056
0.000908913
0.000965265
0.00102313
0.00108254
0.0011435
0.00120603
0.00127014
0.00133584
0.00140315
0.00147206
0.00154257
0.00161469
0.00168841
0.00176372
0.00184062
0.00191911
0.0019992
0.00208088
0.00216417
0.00224906
0.00233555
0.00242365
0.00251336
0.0026047
0.00269767
0.00279225
0.00288843
0.00298624
0.0030857
0.00318686
0.00328972
0.00339425
0.00350044
0.00360826
0.00371773
0.0038289
0.00394182
0.00405653
0.00417304
0.00429132
0.00441135
0.00453308
0.00465647
0.00478152
0.00490823
0.00503663
0.00516675
0.00529864
0.00543231
0.0055678
0.00570512
0.00584426
0.00598524
0.00612803
0.00627262
0.00641898
0.00656708
0.0067169
0.00686842
0.00702163
0.00717654
0.00733314
0.00749147
0.00765153
0.00781335
0.00797693
0.00814229
0.00830943
0.00847837
0.00864909
0.00882161
0.00899593
0.00917204
0.00934994
0.00952964
0.00971113
0.00989441
0.0100795
0.0102663
0.0104549
0.0106453
0.0108375
0.0110314
0.0112271
0.0114245
0.0116236
0.0118245
0.012027
0.0122313
0.0124373
0.012645
0.0128544
0.0130656
0.0132784
0.0134931
0.0137095
0.0139277
0.0141476
0.0143694
0.014593
0.0148183
0.0150455
0.0152746
0.0155054
0.0157381
0.0159726
0.0162089
0.0164471
0.0166871
0.0169289
0.0171726
0.017418
0.0176653
0.0179145
0.0181654
0.0184182
0.0186728
0.0189292
0.0191874
0.0194475
0.0197093
0.019973
0.0202385
0.0205059
0.020775
0.021046
0.0213187
0.0215933
0.0218698
0.022148
0.022428
0.0227099
0.0229936
0.0232791
0.0235665
0.0238556
0.0241466
0.0244394
0.024734
0.0250305
0.0253287
0.0256288
0.0259307
0.0262345
0.0265401
0.0268475
0.0271567
0.0274677
0.0277806
0.0280953
0.0284119
0.0287302
0.0290504
0.0293725
0.0296963
0.030022
0.0303496
0.0306789
0.0310101
0.0313432
0.0316781
0.0320148
0.0323533
0.0326937
0.0330359
0.03338
0.0337259
0.0340736
0.0344232
0.0347746
0.0351278
0.0354829
0.0358398
0.0361986
0.0365592
0.0369216
0.0372859
0.037652
0.0380199
0.0383897
0.0387613
