-940.739
-1724.7
-2388.06
-2956.66
-3449.46
-3880.67
-4261.16
-4599.38
-4902.01
-5174.38
-5420.83
-5644.88
-5849.46
-6037
-6209.54
-6368.83
-6516.32
-6653.28
-6780.8
-6899.81
-7011.11
-7115.38
-7213.18
-7304.91
-7390.85
-7471.04
-7545.3
-7613.25
-7674.39
-7728.16
-7774.03
-7811.47
-7840.14
-7859.99
-7871.16
-7873.85
-7868.34
-7855.13
-7834.78
-7807.74
-7774.36
-7735.12
-7690.65
-7641.6
-7588.41
-7531.37
-7470.84
-7407.36
-7341.55
-7273.97
-7205.01
-7134.91
-7063.84
-6992.04
-6919.83
-6847.48
-6775.22
-6703.21
-6631.55
-6560.3
-6489.5
-6419.19
-6349.45
-6280.42
-6212.23
-6145.04
-6078.95
-6014.01
-5950.21
-5887.51
-5825.86
-5765.16
-5705.36
-5646.4
-5588.22
-5530.8
-5474.12
-5418.19
-5363.02
-5308.66
-5255.13
-5202.48
-5150.74
-5099.93
-5050.05
-5001.13
-4953.13
-4906.06
-4859.9
-4814.62
-4770.21
-4726.64
-4683.89
-4641.94
-4600.75
-4560.31
-4520.59
-4481.56
-4443.2
-4405.48
-4368.37
-4331.85
-4295.89
-4260.46
-4225.54
-4191.1
-4157.13
-4123.61
-4090.53
-4057.88
-4025.66
-3993.86
-3962.49
-3931.54
-3901.02
-3870.92
-3841.25
-3811.99
-3783.15
-3754.72
-3726.69
-3699.07
-3671.83
-3644.98
-3618.51
-3592.41
-3566.67
-3541.3
-3516.27
-3491.59
-3467.25
-3443.24
-3419.56
-3396.2
-3373.15
-3350.42
-3327.98
-3305.84
-3284
-3262.44
-3241.16
-3220.16
-3199.44
-3178.97
-3158.77
-3138.82
-3119.13
-3099.68
-3080.48
-3061.51
-3042.78
-3024.28
-3006
-2987.95
-2970.11
-2952.48
-2935.07
-2917.86
-2900.85
-2884.04
-2867.43
-2851.01
-2834.78
-2818.74
-2802.87
-2787.19
-2771.68
-2756.35
-2741.18
-2726.19
-2711.36
-2696.69
-2682.18
-2667.82
-2653.62
-2639.58
-2625.68
-2611.93
-2598.32
-2584.85
-2571.53
-2558.34
-2545.29
-2532.37
-2519.59
-2506.93
-2494.4
-2481.99
-2469.71
-2457.55
-2445.5
-2433.58
-2421.77
-2410.07
-2398.49
-2387.01
-2375.65
-2364.39
-2353.24
-2342.19
