5.64584e-005
0.000108273
0.000156915
0.000203436
0.000248607
0.000293006
0.000337075
0.000381159
0.000425528
0.000470401
0.000515953
0.000562327
0.000609644
0.000658001
0.000707483
0.000758159
0.00081009
0.000863327
0.000917912
0.000973883
0.00103127
0.0010901
0.00115038
0.00121214
0.00127539
0.00134012
0.00140635
0.00147407
0.00154326
0.00161393
0.00168608
0.00175972
0.00183486
0.0019115
0.00198966
0.00206935
0.00215058
0.00223336
0.00231771
0.00240363
0.00249113
0.0025802
0.00267089
0.00276319
0.00285713
0.00295271
0.00304994
0.00314883
0.0032494
0.00335169
0.00345569
0.00356142
0.00366887
0.00377802
0.00388889
0.00400145
0.00411574
0.00423175
0.00434953
0.00446907
0.00459039
0.00471349
0.00483836
0.004965
0.0050934
0.00522354
0.00535542
0.00548903
0.00562439
0.00576149
0.00590033
0.00604094
0.0061833
0.00632743
0.00647334
0.00662103
0.00677049
0.00692172
0.00707473
0.0072295
0.00738603
0.00754432
0.00770436
0.00786616
0.0080297
0.008195
0.00836205
0.00853086
0.00870143
0.00887377
0.00904788
0.00922377
0.00940143
0.00958088
0.0097621
0.00994512
0.0101299
0.0103165
0.0105049
0.0106952
0.0108872
0.011081
0.0112766
0.011474
0.0116733
0.0118743
0.0120771
0.0122818
0.0124882
0.0126964
0.0129064
0.0131181
0.0133317
0.013547
0.0137641
0.0139829
0.0142036
0.014426
0.0146502
0.0148761
0.0151038
0.0153333
0.0155646
0.0157976
0.0160323
0.0162689
0.0165071
0.0167472
0.016989
0.0172326
0.0174779
0.017725
0.0179738
0.0182245
0.0184769
0.0187311
0.0189871
0.0192448
0.0195044
0.0197657
0.0200288
0.0202938
0.0205605
0.020829
0.0210993
0.0213713
0.0216452
0.0219209
0.0221983
0.0224776
0.0227586
0.0230415
0.0233261
0.0236126
0.0239008
0.0241909
0.0244828
0.0247765
0.025072
0.0253693
0.0256685
0.0259694
0.0262722
0.0265769
0.0268833
0.0271916
0.0275018
0.0278137
0.0281275
0.0284431
0.0287606
0.0290799
0.029401
0.029724
0.0300489
0.0303755
0.030704
0.0310344
0.0313666
0.0317006
0.0320365
0.0323742
0.0327138
0.0330553
0.0333985
0.0337437
0.0340906
0.0344395
0.0347902
0.0351427
0.0354971
0.0358533
0.0362114
0.0365713
0.0369331
0.0372968
0.0376623
0.0380296
0.0383988
0.0387699
