-1738.92
-3188.04
-4414.23
-5465.27
-6376.19
-7173.26
-7876.58
-8501.77
-9061.17
-9564.64
-10020.2
-10434.3
-10812.5
-11159.1
-11478.1
-11772.5
-12045
-12298
-12533.3
-12752.4
-12956.2
-13145.1
-13318.8
-13476.4
-13616.9
-13739.2
-13842.1
-13924.8
-13986.6
-14027.7
-14048.6
-14050.2
-14033.7
-14000.3
-13951.3
-13888.1
-13812.1
-13724.6
-13626.8
-13520
-13405.4
-13284.1
-13156.8
-13024.8
-12889.2
-12751
-12610.9
-12469.4
-12327.1
-12184.4
-12041.8
-11899.7
-11758.6
-11618.6
-11480
-11343
-11207.8
-11074.5
-10943.1
-10813.7
-10686.3
-10561
-10437.6
-10316.3
-10196.9
-10079.6
-9964.2
-9850.89
-9739.65
-9630.49
-9523.42
-9418.45
-9315.55
-9214.7
-9115.87
-9019
-8924.03
-8830.91
-8739.56
-8649.92
-8561.94
-8475.55
-8390.7
-8307.35
-8225.45
-8144.97
-8065.87
-7988.14
-7911.74
-7836.65
-7762.85
-7690.31
-7619.02
-7548.95
-7480.08
-7412.38
-7345.84
-7280.43
-7216.13
-7152.93
-7090.8
-7029.72
-6969.67
-6910.61
-6852.53
-6795.41
-6739.21
-6683.92
-6629.52
-6575.98
-6523.28
-6471.41
-6420.33
-6370.05
-6320.52
-6271.75
-6223.72
-6176.4
-6129.77
-6083.84
-6038.57
-5993.96
-5949.98
-5906.62
-5863.88
-5821.73
-5780.16
-5739.16
-5698.72
-5658.83
-5619.47
-5580.64
-5542.33
-5504.53
-5467.23
-5430.43
-5394.1
-5358.25
-5322.87
-5287.94
-5253.46
-5219.43
-5185.82
-5152.64
-5119.88
-5087.52
-5055.56
-5023.99
-4992.81
-4962
-4931.57
-4901.5
-4871.79
-4842.44
-4813.43
-4784.76
-4756.44
-4728.44
-4700.77
-4673.42
-4646.39
-4619.66
-4593.25
-4567.13
-4541.31
-4515.78
-4490.54
-4465.58
-4440.89
-4416.48
-4392.33
-4368.45
-4344.83
-4321.47
-4298.35
-4275.48
-4252.86
-4230.47
-4208.32
-4186.4
-4164.71
-4143.24
-4122
-4100.97
-4080.15
-4059.55
-4039.16
-4018.96
-3998.97
-3979.18
-3959.59
-3940.18
-3920.97
-3901.94
-3883.1
-3864.43
-3845.95
-3827.64
-3809.5
-3791.54
