1112.29 0.000482022
2224.55 0.000964044
3336.81 0.00144607
4449.07 0.00192809
5561.31 0.00241011
6673.55 0.00289213
7785.77 0.00337416
8897.99 0.00385618
10010.2 0.0043382
11122.4 0.00482023
12234.6 0.00530225
13346.8 0.00578428
14458.9 0.0062663
15571.1 0.00674832
16683.3 0.00723035
17795.4 0.00771237
18907.5 0.0081944
20019.7 0.00867642
21131.8 0.00915845
22243.9 0.00964048
23356 0.0101225
24468.1 0.0106045
25580.2 0.0110866
26692.3 0.0115686
27804.3 0.0120506
28916.4 0.0125326
30028.4 0.0130147
31140.5 0.0134967
32252.5 0.0139787
33364.5 0.0144607
34476.5 0.0149428
35588.5 0.0154248
36700.5 0.0159068
37812.5 0.0163889
38924.5 0.0168709
40036.5 0.0173529
41148.4 0.0178349
42260.4 0.018317
43372.3 0.018799
44484.3 0.019281
45596.2 0.0197631
46708.1 0.0202451
47820 0.0207271
48931.9 0.0212092
50043.8 0.0216912
51155.7 0.0221732
52267.5 0.0226553
53379.4 0.0231373
54491.2 0.0236193
55603.1 0.0241013
56714.9 0.0245834
57826.8 0.0250654
58938.6 0.0255474
60050.4 0.0260295
61162.2 0.0265115
62274 0.0269935
63385.7 0.0274756
64497.5 0.0279576
65609.3 0.0284396
66721 0.0289217
67832.8 0.0294037
68944.2 0.0298858
70052.9 0.0303678
71161.7 0.0308498
72270.4 0.0313319
73379 0.0318139
74486.8 0.032296
75592.9 0.0327781
76698.9 0.0332602
77805 0.0337424
78911 0.0342245
80017.1 0.0347066
81123.1 0.0351888
82229.1 0.0356709
83335.1 0.036153
84441.1 0.0366352
85547.1 0.0371173
86653.1 0.0375994
87758.9 0.0380816
88862.8 0.0385637
89962.7 0.0390459
91056.4 0.0395281
92148.5 0.0400103
93236.7 0.0404924
94319.9 0.0409746
95402.9 0.0414568
96485.9 0.041939
97567.6 0.0424212
98649.3 0.0429034
99730.4 0.0433856
100809 0.0438678
101886 0.0443501
102964 0.0448323
104041 0.0453145
105114 0.0457967
106182 0.046279
107244 0.0467612
108304 0.0472435
109362 0.0477257
110419 0.048208
111475 0.0486903
112529 0.0491725
113580 0.049655
114628 0.0501375
115676 0.0506199
116724 0.0511024
117768 0.0515849
118809 0.0520674
119846 0.0525499
120882 0.0530324
121918 0.0535149
122953 0.0539974
123988 0.0544799
125020 0.0549625
126050 0.055445
127079 0.0559276
128106 0.0564101
129131 0.0568926
130154 0.0573752
131173 0.0578578
132191 0.0583403
133209 0.0588229
134226 0.0593054
135241 0.059788
136254 0.0602706
137260 0.0607532
138263 0.0612358
139260 0.0617185
140251 0.0622013
141239 0.062684
142226 0.0631667
143205 0.0636494
144175 0.0641321
145140 0.0646148
146105 0.0650975
147066 0.0655803
148024 0.0660631
148983 0.0665458
149939 0.0670286
150892 0.0675114
151842 0.0679943
152791 0.0684771
153739 0.0689599
154686 0.0694428
155631 0.0699257
156570 0.0704085
157509 0.0708914
158445 0.0713743
159377 0.0718572
160308 0.0723402
161237 0.0728231
162165 0.073306
163090 0.073789
164013 0.0742719
164935 0.0747549
165852 0.0752379
166767 0.0757209
167681 0.0762039
168590 0.0766869
169498 0.0771699
170404 0.0776529
171303 0.0781359
172201 0.078619
173096 0.079102
173990 0.0795851
174883 0.0800681
175776 0.0805512
176668 0.0810343
177559 0.0815174
178450 0.0820005
179339 0.0824836
180228 0.0829667
181117 0.0834498
182004 0.0839329
182891 0.084416
183777 0.0848992
184664 0.0853823
185550 0.0858654
186436 0.0863486
187320 0.0868317
188201 0.0873148
189080 0.087798
189956 0.0882812
190833 0.0887643
191706 0.0892475
192578 0.0897306
193448 0.0902138
194316 0.090697
195183 0.0911802
196047 0.0916635
196909 0.0921467
197770 0.09263
198630 0.0931132
199489 0.0935965
200349 0.0940797
201208 0.094563
202067 0.0950463
202924 0.0955295
203778 0.0960128
204630 0.0964961
205482 0.0969794
206334 0.0974627
207186 0.097946
208034 0.0984293
208881 0.0989125
209708 0.0993959
210494 0.0998794
211189 0.100364
211824 0.100848
212424 0.101333
212888 0.101818
213267 0.102304
213634 0.10279
214000 0.103276
214367 0.103762
214733 0.104247
215075 0.104733
215412 0.105219
215749 0.105705
216059 0.106192
216336 0.106678
216607 0.107165
216818 0.107652
216997 0.108139
217176 0.108626
217355 0.109114
217526 0.109601
217673 0.110089
217819 0.110576
217937 0.111064
218052 0.111551
218166 0.112039
218281 0.112527
218396 0.113015
218510 0.113503
218622 0.11399
218730 0.114478
218829 0.114966
218924 0.115454
219015 0.115942
219070 0.11643
219114 0.116918
219158 0.117406
219203 0.117895
219247 0.118383
219291 0.118871
219332 0.119359
219369 0.119848
219406 0.120336
219459 0.120824
219553 0.121312
219652 0.1218
219772 0.122288
219892 0.122776
220031 0.123264
220215 0.123752
220317 0.12424
220307 0.124728
220241 0.125217
220174 0.125706
