-25.0472
-50.0955
-75.1466
-100.2
-125.255
-150.313
-175.373
-200.435
-225.499
-250.565
-275.634
-300.704
-325.777
-350.852
-375.929
-401.009
-426.09
-451.174
-476.259
-501.347
-526.437
-551.53
-576.624
-601.721
-626.819
-651.92
-677.023
-702.128
-727.235
-752.344
-777.456
-802.569
-827.685
-852.802
-877.922
-903.044
-928.168
-953.294
-978.422
-1003.55
-1028.69
-1053.82
-1078.96
-1104.09
-1129.24
-1154.38
-1179.52
-1204.67
-1229.82
-1254.97
-1280.12
-1305.28
-1330.44
-1355.6
-1380.76
-1405.92
-1431.09
-1456.25
-1481.42
-1506.59
-1531.77
-1556.94
-1582.12
-1607.3
-1632.48
-1657.66
-1682.85
-1708.06
-1733.28
-1758.49
-1783.71
-1808.93
-1834.15
-1859.37
-1884.59
-1909.82
-1935.04
-1960.27
-1985.5
-2010.75
-2035.99
-2061.25
-2086.51
-2111.76
-2136.99
-2162.23
-2187.46
-2212.7
-2237.94
-2263.18
-2288.44
-2313.7
-2338.97
-2364.24
-2389.5
-2414.74
-2440
-2465.27
-2490.54
-2515.79
-2541.06
-2566.33
-2591.64
-2616.96
-2642.29
-2667.62
-2692.95
-2718.28
-2743.6
-2768.92
-2794.25
-2819.58
-2844.91
-2870.26
-2895.61
-2920.97
-2946.31
-2971.66
-2997
-3022.34
-3047.68
-3073.01
-3098.34
-3123.68
-3149.04
-3174.41
-3199.79
-3225.19
-3250.62
-3276.05
-3301.47
-3326.8
-3352.14
-3377.48
-3402.83
-3428.19
-3453.56
-3478.94
-3504.32
-3529.72
-3555.12
-3580.52
-3605.93
-3631.34
-3656.75
-3682.17
-3707.59
-3733.02
-3758.45
-3783.88
-3809.32
-3834.74
-3860.18
-3885.63
-3911.08
-3936.54
-3962.01
-3987.48
-4012.92
-4038.36
-4063.8
-4089.24
-4114.68
-4140.13
-4165.6
-4191.06
-4216.52
-4241.99
-4267.46
-4292.94
-4318.42
-4343.9
-4369.39
-4394.88
-4420.37
-4445.86
-4471.36
-4496.85
-4522.35
-4547.85
-4573.34
-4598.84
-4624.31
-4649.79
-4675.28
-4700.78
-4726.28
-4751.78
-4777.29
-4802.81
-4828.33
-4853.86
-4879.39
-4904.92
-4930.46
-4955.99
-4981.52
-5007.03
-5032.56
-5058.09
-5083.62
-5109.16
-5134.69
-5160.21
-5185.73
-5211.2
-5236.79
-5262.72
-5288.85
-5314.86
-5340.91
-5366.99
-5393.12
-5419.24
-5445.36
-5471.48
-5497.7
-5523.94
-5550.18
-5576.54
-5603.04
-5629.55
-5656.27
-5683.13
-5709.98
-5736.83
-5763.65
-5790.37
-5817.08
-5843.91
-5870.75
-5897.59
-5924.42
-5951.25
-5978.07
-6004.9
-6031.74
-6058.58
-6085.39
-6112.23
-6139.17
-6166.14
-6193.11
-6220.07
-6247.03
-6273.98
-6300.95
-6327.91
-6354.88
-6381.86
-6408.83
-6435.78
-6462.65
-6489.52
-6516.36
-6543.21
-6570.3
-6597.6
-6624.65
-6651.69
