-47.403
-94.8245
-142.267
-189.729
-237.21
-284.712
-332.234
-379.776
-427.337
-474.919
-522.52
-570.141
-617.783
-665.444
-713.125
-760.826
-808.547
-856.288
-904.049
-951.829
-999.63
-1047.45
-1095.29
-1143.15
-1191.03
-1238.93
-1286.85
-1334.79
-1382.75
-1430.73
-1478.73
-1526.75
-1574.79
-1622.86
-1670.94
-1719.04
-1767.16
-1815.3
-1863.46
-1911.64
-1959.84
-2008.06
-2056.3
-2104.56
-2152.84
-2201.14
-2249.46
-2297.8
-2346.16
-2394.54
-2442.94
-2491.36
-2539.8
-2588.26
-2636.74
-2685.24
-2733.76
-2782.3
-2830.86
-2879.44
-2928.04
-2976.66
-3025.28
-3073.93
-3122.6
-3171.29
-3219.97
-3268.65
-3317.34
-3366.05
-3414.78
-3463.53
-3512.3
-3561.1
-3609.91
-3658.74
-3707.59
-3756.46
-3805.35
-3854.28
-3903.21
-3952.17
-4001.16
-4050.09
-4098.98
-4147.89
-4196.82
-4245.76
-4294.72
-4343.71
-4392.73
-4441.78
-4490.85
-4539.94
-4589.02
-4638.06
-4687.12
-4736.21
-4785.32
-4834.4
-4883.51
-4932.64
-4981.71
-5030.77
-5079.86
-5128.97
-5178.09
-5227.21
-5276.3
-5325.42
-5374.56
-5423.72
-5472.9
-5522.12
-5571.37
-5620.64
-5669.88
-5719.15
-5768.4
-5817.65
-5866.89
-5916.14
-5965.42
-6014.72
-6064.05
-6113.44
-6162.84
-6212.3
-6261.82
-6311.35
-6360.83
-6410.08
-6459.32
-6508.57
-6557.83
-6607.15
-6656.49
-6705.85
-6755.24
-6804.68
-6854.14
-6903.62
-6953.1
-7002.6
-7052.13
-7101.67
-7151.2
-7200.78
-7250.37
-7299.96
-7349.59
-7399.19
-7448.82
-7498.49
-7548.18
-7597.89
-7647.64
-7697.4
-7747.08
-7796.8
-7846.52
-7896.21
-7945.92
-7995.67
-8045.45
-8095.25
-8145.06
-8194.91
-8244.77
-8294.66
-8344.57
-8394.51
-8444.46
-8494.44
-8544.44
-8594.46
-8644.5
-8694.56
-8744.63
-8794.72
-8844.8
-8894.9
-8944.97
-8995.05
-9045.17
-9095.31
-9145.47
-9195.65
-9245.86
-9296.1
-9346.36
-9396.64
-9446.94
-9497.27
-9547.62
-9597.98
-9648.35
-9698.68
-9749.06
-9799.46
-9849.88
-9900.32
-9950.77
-10001.2
-10051.6
-10101.9
-10152.2
-10203.2
-10254.4
-10305.1
-10355.1
-10404.8
-10454.6
-10504.5
-10554.3
-10604.2
-10654.2
-10704.3
-10754.4
-10804.7
-10855.3
-10905.8
-10956.8
-11007.9
-11059.1
-11110.3
-11161.3
-11211.7
-11262.1
-11312.7
-11363.4
-11414
-11464.7
-11515.4
-11566.1
-11616.9
-11667.6
-11718.4
-11769
-11819.8
-11870.6
-11921.5
-11972.5
-12023.4
-12074.4
-12125.3
-12176.3
-12227.3
-12278.4
-12329.6
-12380.9
-12432.3
-12483.5
-12534.8
-12586
-12637.7
-12689.7
-12741.7
-12792.6
-12843.5
