-49.4053
-98.7958
-148.173
-197.535
-246.884
-296.219
-345.539
-394.845
-444.138
-493.416
-542.68
-591.93
-641.167
-690.389
-739.597
-788.79
-837.97
-887.136
-936.288
-985.425
-1034.55
-1083.66
-1132.75
-1181.84
-1230.9
-1279.96
-1328.99
-1378.02
-1427.03
-1476.03
-1525.01
-1573.98
-1622.93
-1671.88
-1720.8
-1769.71
-1818.61
-1867.5
-1916.37
-1965.22
-2014.07
-2062.89
-2111.71
-2160.51
-2209.3
-2258.07
-2306.83
-2355.57
-2404.3
-2453.02
-2501.72
-2550.4
-2599.08
-2647.74
-2696.38
-2745.02
-2793.63
-2842.24
-2890.83
-2939.4
-2987.96
-3036.51
-3085.01
-3133.49
-3181.97
-3230.42
-3278.7
-3326.67
-3374.62
-3422.56
-3470.48
-3518.39
-3566.29
-3614.17
-3662.04
-3709.89
-3757.74
-3805.56
-3853.38
-3901.18
-3948.74
-3996.1
-4043.45
-4090.37
-4136.94
-4183.49
-4230.03
-4276.34
-4322.62
-4368.89
-4415.14
-4461.38
-4507.6
-4553.81
-4599.97
-4645.64
-4691.17
-4736.68
-4782.09
-4827.3
-4872.49
-4917.67
-4962.13
-5006.4
-5050.65
-5094.9
-5139.05
-5183.03
-5226.77
-5270.49
-5314.21
-5357.91
-5401.6
-5445.27
-5488.91
-5532.55
-5575.86
-5619.13
-5662.15
-5704.86
-5747.23
-5789.59
-5831.85
-5874.05
-5916.24
-5958.32
-6000.3
-6042.22
-6084.12
-6125.84
-6167.24
-6207.35
-6247.38
-6287.62
-6327.85
-6368.06
-6408.25
-6448.43
-6488.61
-6528.68
-6568.49
-6608.29
-6647.86
-6687.42
-6726.92
-6767.48
-6808.93
-6850.36
-6891.36
-6932.15
-6972.94
-7013.06
-7053.14
-7093.21
-7133.27
-7173.15
-7213.01
-7252.8
-7291.9
-7330.98
-7369.89
-7408.35
-7446.8
-7485.24
-7523.67
-7562.09
-7600.49
-7638.9
-7677.29
-7715.67
-7754.05
-7792.42
-7830.78
-7869.13
-7907.48
-7945.81
-7984.14
-8022.46
-8060.76
-8098.95
-8136.99
-8174.93
-8212.65
-8250.36
-8288.03
-8325.61
-8363.17
-8400.69
-8438.15
-8475.57
-8512.97
-8550.36
-8587.74
-8625.11
-8662.47
-8699.82
-8737.12
-8774.07
-8811
-8847.92
-8884.83
-8921.73
-8958.62
-8995.04
-9031.42
-9063.92
-9094.4
-9124.51
-9154.38
-9178.45
-9189.2
-9193.44
-9197.68
-9201.91
-9206.13
-9210.33
-9214.52
-9218.7
-9222.86
-9227.02
-9231.15
-9235.29
-9239.46
-9243.61
-9247.74
-9251.87
-9254.32
-9251.44
-9248.55
-9245.64
-9242.72
-9239.79
-9236.84
-9233.88
-9230.9
-9227.91
-9224.9
-9221.12
-9216.79
-9212.45
-9206.85
-9201.21
-9195.55
-9189.88
-9184.19
-9178.48
-9172.76
-9167.02
-9161.26
-9157.6
-9157.71
-9157.81
-9157.87
-9157.67
-9157.9
-9162.78
-9167.67
-9166.51
-9154.23
-9141.89
