-97.5777
-195.151
-292.722
-390.29
-487.855
-585.417
-682.975
-780.53
-878.082
-975.631
-1073.18
-1170.72
-1268.26
-1365.8
-1463.33
-1560.86
-1658.39
-1755.91
-1853.43
-1950.95
-2048.46
-2145.97
-2243.48
-2340.98
-2438.49
-2535.98
-2633.48
-2730.97
-2828.46
-2925.95
-3023.43
-3120.91
-3218.39
-3315.86
-3413.33
-3510.8
-3608.26
-3705.72
-3803.18
-3900.63
-3998.08
-4095.53
-4192.98
-4290.42
-4387.86
-4485.29
-4582.72
-4680.15
-4777.58
-4875
-4972.42
-5069.84
-5167.25
-5264.66
-5362.07
-5459.47
-5556.87
-5654.27
-5751.66
-5849.06
-5946.44
-6043.82
-6141.06
-6238.31
-6335.55
-6432.79
-6529.72
-6626.09
-6722.45
-6818.82
-6915.18
-7011.54
-7107.89
-7204.25
-7300.6
-7396.94
-7493.28
-7589.62
-7685.96
-7782.29
-7878.12
-7973.56
-8068.96
-8163.57
-8257.52
-8351.48
-8445.43
-8538.92
-8632.38
-8725.83
-8819.29
-8912.73
-9006.17
-9099.61
-9192.84
-9285.07
-9376.97
-9468.86
-9560.58
-9651.94
-9743.29
-9834.65
-9924.67
-10014.4
-10104.1
-10193.8
-10283.2
-10372.2
-10460.6
-10549
-10637.4
-10725.8
-10814.2
-10902.6
-10990.9
-11079.2
-11167
-11254.7
-11342
-11428.8
-11515.1
-11601.5
-11687.6
-11773.7
-11859.7
-11945.5
-12031
-12116.5
-12201.9
-12286.9
-12371.3
-12453.2
-12534.4
-12615.5
-12696.6
-12777.6
-12858.6
-12939.6
-13020.6
-13101.4
-13181.7
-13262
-13341.8
-13421.6
-13501.3
-13580.5
-13659.6
-13738.6
-13816.9
-13894.8
-13972.8
-14049.9
-14127.1
-14204.2
-14281.3
-14358.1
-14434.8
-14511.4
-14586.6
-14661.7
-14736.4
-14810.5
-14884.5
-14958.5
-15032.5
-15106.5
-15180.5
-15254.5
-15328.4
-15402.4
-15476.4
-15550.4
-15624.3
-15698.3
-15772.2
-15846.2
-15920.1
-15994.1
-16068
-16141.7
-16214.9
-16287.9
-16360.3
-16432.7
-16505
-16577.1
-16649.2
-16721.2
-16793
-16864.7
-16936.3
-17007.9
-17079.5
-17151.1
-17222.7
-17294.2
-17365.7
-17436.7
-17507.7
-17578.7
-17649.6
-17720.5
-17791.4
-17861.7
-17931.9
-17994.3
-18052.7
-18110.4
-18167.2
-18213.2
-18233.4
-18240.2
-18246.9
-18253.6
-18260.2
-18266.9
-18273.5
-18280.1
-18286.7
-18293.3
-18299.8
-18306.3
-18312.5
-18318.7
-18324.9
-18331.1
-18334.2
-18327.5
-18320.9
-18314.2
-18307.4
-18300.7
-18293.9
-18287.1
-18280.2
-18273.4
-18266.5
-18258
-18248.6
-18239.1
-18227.1
-18215.1
-18203
-18190.9
-18178.7
-18166.5
-18154.3
-18142.1
-18129.8
-18121.7
-18120.9
-18120.2
-18119.5
-18118.4
-18118.3
-18126.9
-18134.7
-18131
-18106.2
-18081.4
