-97.2004
-194.415
-291.646
-388.891
-486.151
-583.426
-680.716
-778.021
-875.342
-972.677
-1070.03
-1167.39
-1264.77
-1362.17
-1459.58
-1557
-1654.44
-1751.9
-1849.37
-1946.85
-2044.35
-2141.87
-2239.4
-2336.94
-2434.5
-2532.07
-2629.66
-2727.27
-2824.89
-2922.52
-3020.17
-3117.84
-3215.52
-3313.21
-3410.92
-3508.64
-3606.38
-3704.14
-3801.91
-3899.69
-3997.49
-4095.31
-4193.13
-4290.98
-4388.84
-4486.71
-4584.6
-4682.5
-4780.42
-4878.36
-4976.31
-5074.27
-5172.25
-5270.24
-5368.25
-5466.28
-5564.31
-5662.37
-5760.44
-5858.52
-5956.62
-6054.72
-6152.71
-6250.71
-6348.73
-6446.76
-6544.51
-6641.77
-6739.04
-6836.32
-6933.62
-7030.94
-7128.26
-7225.61
-7322.96
-7420.34
-7517.72
-7615.12
-7712.54
-7809.97
-7906.9
-8003.43
-8099.95
-8195.71
-8290.85
-8386.01
-8481.18
-8575.88
-8670.56
-8765.25
-8859.97
-8954.68
-9049.41
-9144.16
-9238.71
-9332.13
-9425.21
-9518.3
-9611.26
-9703.9
-9796.56
-9889.24
-9980.7
-10071.9
-10163.1
-10254.3
-10345
-10435.1
-10524.4
-10613.6
-10702.9
-10792.3
-10881.6
-10970.9
-11060.2
-11149.5
-11238.4
-11327.3
-11415.9
-11504.4
-11592.8
-11681.2
-11769.3
-11857.5
-11945.6
-12033.4
-12121.1
-12208.6
-12296.1
-12383.3
-12469.8
-12553.7
-12636
-12716.9
-12797.8
-12878.7
-12959.6
-13040.5
-13121.4
-13202.1
-13282.2
-13362.4
-13442.1
-13521.8
-13601.5
-13679
-13755.2
-13831.4
-13907.9
-13984.5
-14061
-14137.9
-14214.7
-14291.6
-14368.5
-14445
-14521.6
-14597.9
-14672.5
-14747
-14821.2
-14894.9
-14968.6
-15042.2
-15115.9
-15189.6
-15263.3
-15337
-15410.7
-15484.5
-15558.2
-15632
-15705.7
-15779.5
-15853.2
-15927
-16000.8
-16074.6
-16148.4
-16221.9
-16294.4
-16366.9
-16438.4
-16509.8
-16581.2
-16652.3
-16723.3
-16794.2
-16864.9
-16935.3
-17005.6
-17075.9
-17146.3
-17216.6
-17287
-17357.4
-17427.7
-17497.9
-17568
-17638.1
-17708.3
-17778.4
-17848.6
-17918.6
-17988.6
-18050.1
-18107.5
-18164.6
-18221
-18266.6
-18285.7
-18290.3
-18294.8
-18299.3
-18303.8
-18308.2
-18312.6
-18317
-18321.4
-18325.8
-18330.2
-18334.5
-18338.6
-18342.7
-18346.8
-18350.9
-18352
-18343.8
-18335.5
-18327.3
-18319
-18310.7
-18302.4
-18294
-18285.6
-18277.2
-18268.8
-18258.8
-18247.7
-18236.7
-18223.1
-18209.4
-18195.7
-18181.9
-18168.1
-18154.3
-18140.5
-18126.6
-18112.7
-18103.2
-18101.5
-18099.8
-18098.3
-18096.1
-18094.9
-18102.2
-18108.9
-18104.1
-18078.1
-18052.1
