-98.4604
-196.917
-295.369
-393.818
-492.264
-590.705
-689.143
-787.578
-886.008
-984.435
-1082.86
-1181.28
-1279.69
-1378.11
-1476.51
-1574.92
-1673.32
-1771.72
-1870.11
-1968.5
-2066.89
-2165.27
-2263.65
-2362.02
-2460.39
-2558.76
-2657.13
-2755.49
-2853.84
-2952.2
-3050.55
-3148.89
-3247.23
-3345.57
-3443.91
-3542.24
-3640.56
-3738.89
-3837.21
-3935.52
-4033.84
-4132.14
-4230.45
-4328.75
-4427.05
-4525.34
-4623.63
-4721.92
-4820.2
-4918.48
-5016.75
-5115.03
-5213.29
-5311.56
-5409.82
-5508.08
-5606.33
-5704.58
-5802.82
-5901.07
-5999.3
-6097.45
-6194.74
-6292.03
-6389.31
-6486.59
-6583.85
-6681.08
-6778.31
-6875.53
-6972.75
-7069.97
-7167.19
-7264.4
-7361.6
-7458.81
-7556.01
-7653.2
-7750.39
-7847.49
-7943.72
-8039.04
-8133.86
-8228.57
-8323.26
-8417.93
-8512.61
-8607.24
-8701.86
-8796.49
-8891.1
-8985.25
-9079.4
-9173.54
-9266.36
-9358.17
-9448.87
-9539.39
-9629.88
-9720.36
-9810.84
-9901.32
-9991.75
-10082.2
-10172.6
-10263
-10353
-10442.6
-10531.7
-10620.8
-10709.9
-10799
-10888.1
-10976.9
-11065.4
-11153.9
-11242
-11329.8
-11416.9
-11504
-11590.9
-11677.9
-11764.9
-11851.9
-11938.5
-12023.8
-12108.7
-12192.1
-12275.1
-12358.1
-12441
-12523.8
-12606.1
-12688.4
-12770.6
-12852.1
-12933.2
-13014.3
-13095.4
-13176.5
-13257.5
-13338.5
-13419.4
-13500.4
-13581.1
-13661.3
-13741.5
-13820.5
-13898.8
-13976.5
-14053.9
-14131.2
-14208.4
-14285.5
-14362.6
-14438.8
-14514.7
-14590.6
-14666.5
-14742.3
-14817.8
-14892.8
-14967.8
-15042.1
-15116.3
-15190.5
-15264.7
-15338.9
-15413.1
-15487.3
-15561.5
-15635.7
-15709.9
-15784.1
-15858.3
-15932.5
-16006.7
-16080.8
-16154.8
-16228.6
-16302.1
-16375.3
-16448.4
-16521.6
-16594.1
-16666.7
-16739.1
-16811.3
-16883.3
-16955.2
-17026.7
-17097.9
-17169.1
-17240.4
-17311.6
-17382.8
-17454
-17525.2
-17596
-17666.4
-17736.9
-17807.4
-17877.8
-17947.5
-18017.2
-18086.5
-18155.2
-18213.8
-18248.9
-18281.3
-18312.7
-18323.5
-18330.1
-18336.7
-18343.2
-18349.8
-18356.3
-18362.9
-18369.4
-18375.9
-18382.5
-18386.3
-18380.3
-18374.2
-18368.1
-18362
-18356
-18349.9
-18343.9
-18337.6
-18331.4
-18325.1
-18318.8
-18312.5
-18306.2
-18299.9
-18293.6
-18285
-18276.2
-18267.5
-18258
-18246.8
-18235.6
-18224.5
-18213.2
-18202
-18190.8
-18179.6
-18168.3
-18157
-18145.7
-18135.7
-18135.6
-18138.3
-18147.5
-18157
-18133.7
-18108.6
-18084
-18059.3
