-97.4349
-194.884
-292.347
-389.825
-487.317
-584.824
-682.345
-779.88
-877.429
-974.993
-1072.57
-1170.16
-1267.77
-1365.39
-1463.03
-1560.68
-1658.34
-1756.02
-1853.71
-1951.42
-2049.14
-2146.88
-2244.63
-2342.39
-2440.17
-2537.96
-2635.77
-2733.59
-2831.43
-2929.28
-3027.14
-3125.02
-3222.92
-3320.82
-3418.75
-3516.68
-3614.63
-3712.6
-3810.58
-3908.57
-4006.58
-4104.6
-4202.64
-4300.69
-4398.75
-4496.83
-4594.93
-4693.03
-4791.16
-4889.29
-4987.45
-5085.61
-5183.79
-5281.98
-5380.19
-5478.42
-5576.65
-5674.9
-5773.17
-5871.45
-5969.74
-6067.97
-6165.41
-6262.86
-6360.33
-6457.82
-6555.3
-6652.75
-6750.23
-6847.71
-6945.21
-7042.73
-7140.25
-7237.8
-7335.35
-7432.92
-7530.51
-7628.11
-7725.71
-7823.25
-7919.96
-8015.79
-8111.11
-8206.34
-8301.57
-8396.8
-8492.05
-8587.28
-8682.52
-8777.79
-8873.05
-8967.84
-9062.65
-9157.47
-9251.06
-9343.64
-9435.1
-9526.41
-9617.7
-9709
-9800.31
-9891.64
-9982.9
-10074.2
-10165.4
-10256.7
-10347.3
-10437.3
-10526.7
-10616
-10705.4
-10794.8
-10884.2
-10973.5
-11062.4
-11151.4
-11240.3
-11328.9
-11417.4
-11505.8
-11594.3
-11682.7
-11771.2
-11859.6
-11947.8
-12034.6
-12121.1
-12206.1
-12290.8
-12375.4
-12460
-12544.1
-12626.5
-12708.2
-12789.9
-12870.7
-12951.2
-13031.6
-13112.1
-13192.6
-13273.1
-13353.5
-13434
-13514.4
-13594
-13671
-13747.9
-13824.9
-13901.4
-13977.9
-14054.6
-14131.2
-14207.6
-14284.1
-14360.5
-14436.3
-14511.8
-14587.4
-14662.9
-14738.5
-14813.6
-14888
-14962.5
-15036.1
-15109.6
-15183.1
-15256.6
-15330.2
-15403.7
-15477.3
-15550.9
-15624.4
-15698
-15771.6
-15845.3
-15918.9
-15992.5
-16066.1
-16139.7
-16213.1
-16285.9
-16358.2
-16430.5
-16502.7
-16574
-16645.3
-16716.3
-16787.2
-16857.7
-16928
-16998
-17068
-17138
-17208
-17278
-17348.1
-17418.1
-17488.1
-17558.1
-17627.9
-17697.8
-17767.7
-17837.6
-17907.5
-17977.4
-18047.2
-18116.4
-18176.1
-18211.4
-18243.9
-18276.1
-18286.3
-18291.8
-18297.4
-18303
-18308.5
-18314.1
-18319.6
-18325.1
-18330.7
-18336.2
-18339.2
-18332.6
-18326.1
-18319.5
-18312.9
-18306.4
-18300
-18293.7
-18287.1
-18280.6
-18274
-18267.5
-18260.9
-18254.3
-18247.7
-18241.1
-18232.2
-18223.2
-18214.2
-18204.5
-18193
-18181.6
-18170.1
-18158.7
-18147.2
-18135.7
-18124.2
-18112.7
-18101
-18089.1
-18078.6
-18078.6
-18081.4
-18090.6
-18099.9
-18076.1
-18050.9
-18026.6
-18002.3
