-49.8051
-99.5954
-149.372
-199.134
-248.882
-298.615
-348.334
-398.039
-447.73
-497.407
-547.069
-596.717
-646.351
-695.97
-745.575
-795.166
-844.743
-894.306
-943.854
-993.388
-1042.91
-1092.41
-1141.9
-1191.38
-1240.84
-1290.29
-1339.73
-1389.15
-1438.55
-1487.94
-1537.32
-1586.68
-1636.03
-1685.37
-1734.69
-1783.99
-1833.28
-1882.56
-1931.83
-1981.07
-2030.31
-2079.53
-2128.74
-2177.93
-2227.11
-2276.27
-2325.42
-2374.55
-2423.67
-2472.78
-2521.87
-2570.95
-2620.02
-2669.06
-2718.1
-2767.12
-2816.13
-2865.12
-2914.1
-2963.06
-3012.01
-3060.9
-3109.32
-3157.72
-3206.11
-3254.48
-3302.84
-3351.17
-3399.49
-3447.8
-3496.09
-3544.37
-3592.63
-3640.88
-3689.12
-3737.34
-3785.55
-3833.74
-3881.92
-3930.06
-3977.74
-4024.95
-4071.9
-4118.81
-4165.7
-4212.57
-4259.43
-4306.25
-4353.06
-4399.86
-4446.64
-4493.19
-4539.72
-4586.24
-4632.03
-4677.3
-4722.01
-4766.63
-4811.23
-4855.81
-4900.39
-4944.95
-4989.48
-5034.01
-5078.52
-5123.02
-5167.37
-5211.57
-5255.55
-5299.52
-5343.48
-5387.42
-5431.35
-5475.15
-5518.73
-5562.29
-5605.62
-5648.75
-5691.48
-5734.09
-5776.68
-5819.25
-5861.81
-5904.35
-5946.72
-5988.41
-6029.92
-6070.66
-6111.26
-6151.81
-6192.36
-6232.86
-6273.48
-6314.21
-6354.94
-6395.29
-6435.44
-6475.57
-6515.7
-6555.81
-6595.88
-6635.94
-6675.98
-6716.01
-6756.41
-6798.37
-6840.32
-6881.54
-6922.41
-6962.81
-7002.95
-7043.05
-7083.02
-7122.99
-7162.93
-7202.35
-7241.6
-7280.85
-7320.06
-7359.26
-7398.29
-7437.09
-7475.87
-7514.34
-7552.78
-7591.2
-7629.62
-7668.03
-7706.43
-7744.83
-7783.23
-7821.61
-7859.98
-7898.36
-7936.72
-7975.08
-8013.42
-8051.76
-8089.97
-8128.06
-8166.03
-8203.94
-8241.83
-8279.7
-8317.39
-8355.06
-8392.64
-8430.18
-8467.63
-8505.04
-8542.18
-8579.17
-8616.14
-8653.11
-8690.07
-8727.02
-8763.96
-8800.9
-8837.49
-8873.91
-8910.31
-8946.71
-8983.05
-9018.85
-9054.63
-9090.14
-9125.4
-9155.44
-9173.52
-9190.13
-9206.31
-9212.16
-9215.89
-9219.61
-9223.33
-9227.04
-9230.76
-9234.47
-9238.17
-9241.88
-9245.58
-9247.83
-9244.67
-9241.5
-9238.33
-9235.16
-9231.98
-9228.79
-9225.61
-9222.51
-9219.42
-9216.32
-9213.21
-9210.1
-9206.99
-9203.88
-9200.76
-9196.46
-9192.08
-9187.7
-9182.93
-9177.32
-9171.69
-9166.07
-9160.43
-9154.79
-9149.15
-9143.5
-9137.84
-9132.16
-9126.42
-9121.38
-9121.36
-9122.79
-9127.75
-9132.73
-9120.5
-9107.69
-9095.02
-9082.33
