-49.3283
-98.6426
-147.944
-197.231
-246.506
-295.767
-345.014
-394.248
-443.468
-492.675
-541.869
-591.049
-640.216
-689.369
-738.509
-787.636
-836.749
-885.848
-934.934
-984.007
-1033.07
-1082.11
-1131.14
-1180.16
-1229.17
-1278.16
-1327.14
-1376.1
-1425.06
-1473.99
-1522.92
-1571.83
-1620.73
-1669.61
-1718.49
-1767.34
-1816.19
-1865.02
-1913.84
-1962.64
-2011.43
-2060.21
-2108.97
-2157.72
-2206.46
-2255.18
-2303.89
-2352.59
-2401.27
-2449.94
-2498.6
-2547.24
-2595.87
-2644.49
-2693.09
-2741.68
-2790.25
-2838.81
-2887.36
-2935.9
-2984.42
-3032.93
-3081.4
-3129.86
-3178.31
-3226.75
-3275.16
-3323.54
-3371.91
-3420.27
-3468.61
-3516.94
-3565.25
-3613.56
-3661.84
-3710.12
-3758.38
-3806.63
-3854.83
-3902.65
-3950.31
-3997.68
-4045.02
-4092.05
-4138.76
-4185.45
-4232.12
-4278.77
-4325.41
-4372.04
-4418.62
-4465.17
-4511.71
-4558.24
-4604.72
-4651.18
-4697.18
-4742.85
-4788.28
-4833.68
-4879.05
-4924.39
-4969.68
-5014.95
-5060.2
-5105.43
-5150.63
-5195.65
-5240.54
-5285.26
-5329.96
-5374.65
-5419.31
-5463.92
-5508.22
-5552.51
-5596.7
-5640.56
-5684.12
-5727.45
-5770.76
-5814.07
-5857.35
-5900.61
-5943.44
-5985.89
-6028.09
-6069.78
-6110.78
-6151.58
-6192.36
-6233.14
-6274.02
-6315.01
-6356
-6396.62
-6437.17
-6477.7
-6518.2
-6558.65
-6599.06
-6639.28
-6679.36
-6719.42
-6760.05
-6802.24
-6844.33
-6885.85
-6927.35
-6968.33
-7009.1
-7049.74
-7090.28
-7130.46
-7170.64
-7210.26
-7249.75
-7289.22
-7328.67
-7368.08
-7407.36
-7446.4
-7485.41
-7524.21
-7562.86
-7601.5
-7640.14
-7678.76
-7717.38
-7755.99
-7794.58
-7833.16
-7871.74
-7910.3
-7948.85
-7987.4
-8025.93
-8064.36
-8102.66
-8140.87
-8179.05
-8217.16
-8255.27
-8293.36
-8331.35
-8369.17
-8406.94
-8444.63
-8482.27
-8519.89
-8557.21
-8594.41
-8631.6
-8668.78
-8705.95
-8743.11
-8780.26
-8817.41
-8854.12
-8890.74
-8927.34
-8963.94
-9000.2
-9036.2
-9072.2
-9108.19
-9138.12
-9155.14
-9171.83
-9188.38
-9192.23
-9195.89
-9199.53
-9203.16
-9206.8
-9210.43
-9214.12
-9217.81
-9221.51
-9225.23
-9228.99
-9232.74
-9236.49
-9240.27
-9244.04
-9247.82
-9251.59
-9255.36
-9259.12
-9256.68
-9253.66
-9250.64
-9247.62
-9244.59
-9241.56
-9237.92
-9233.63
-9229.33
-9225.03
-9220.75
-9216.36
-9210.93
-9205.49
-9200.04
-9194.6
-9189.15
-9183.7
-9178.25
-9172.8
-9168.26
-9168.46
-9168.67
-9168.7
-9168.67
-9168.64
-9173.43
-9178.13
-9166.01
-9153.39
-9140.75
