-97.9225
-195.842
-293.759
-391.673
-489.584
-587.493
-685.399
-783.303
-881.203
-979.101
-1077
-1174.89
-1272.78
-1370.67
-1468.55
-1566.43
-1664.31
-1762.19
-1860.06
-1957.93
-2055.8
-2153.67
-2251.53
-2349.39
-2447.25
-2545.1
-2642.96
-2740.81
-2838.65
-2936.5
-3034.34
-3132.18
-3230.01
-3327.85
-3425.68
-3523.51
-3621.33
-3719.15
-3816.97
-3914.79
-4012.61
-4110.42
-4208.23
-4306.03
-4403.84
-4501.64
-4599.44
-4697.23
-4795.03
-4892.82
-4990.6
-5088.39
-5186.17
-5283.95
-5381.73
-5479.5
-5577.27
-5675.04
-5772.81
-5870.57
-5968.33
-6066.09
-6163.78
-6261.48
-6359.17
-6456.86
-6554.53
-6652.17
-6749.8
-6847.42
-6945.05
-7042.67
-7140.29
-7237.91
-7335.52
-7433.13
-7530.74
-7628.35
-7725.88
-7822.7
-7919.24
-8015.2
-8111.14
-8206.56
-8301.32
-8396.05
-8490.77
-8585.49
-8680.2
-8774.9
-8869.49
-8964.03
-9058.58
-9153.12
-9247.59
-9342.01
-9435.55
-9528.46
-9620.89
-9713.26
-9805.59
-9897.88
-9990.06
-10082.2
-10174.3
-10266.5
-10358.5
-10450.1
-10541.3
-10632.2
-10723.1
-10813.9
-10904.8
-10995.5
-11085.7
-11175.9
-11265.9
-11355.4
-11444.5
-11533.3
-11622
-11710.8
-11799.5
-11888.1
-11976
-12063.1
-12149.7
-12235.3
-12319.7
-12403.7
-12487.7
-12571.6
-12655.1
-12738.4
-12821.7
-12904.2
-12986.6
-13069
-13151.3
-13233.5
-13315.6
-13397.3
-13478.7
-13560.2
-13641.5
-13722.5
-13803.4
-13883.4
-13963.3
-14042.7
-14121.8
-14200.7
-14279.4
-14357.3
-14435.3
-14512.4
-14589.2
-14666
-14742.8
-14819.4
-14895.9
-14971.8
-15047.6
-15122.9
-15198
-15273
-15348.1
-15423.1
-15498.2
-15573.2
-15648.2
-15723.2
-15798.2
-15873.1
-15948
-16023
-16097.9
-16172.7
-16247.3
-16321.7
-16396
-16470
-16544
-16618
-16691.7
-16764.9
-16838
-16910.9
-16983.7
-17056.4
-17128.6
-17200.7
-17272.8
-17344.9
-17416.9
-17489
-17561
-17633
-17704.4
-17775.7
-17847
-17918.3
-17989.1
-18059.7
-18130.2
-18200.7
-18259.7
-18293.7
-18327.4
-18360.9
-18368.8
-18376.7
-18384.6
-18392.4
-18400.3
-18408.1
-18415.8
-18423.4
-18431.1
-18438.6
-18445.9
-18453.3
-18460.4
-18467.3
-18474.3
-18481.2
-18488.1
-18495
-18501.9
-18497.4
-18491.9
-18486.4
-18480.8
-18475.3
-18469.8
-18463
-18455.1
-18447.1
-18439.2
-18431.2
-18422.6
-18412
-18401.5
-18390.9
-18380.3
-18369.7
-18359.1
-18348.4
-18337.8
-18328.9
-18329.4
-18329.9
-18329.9
-18329.6
-18329.4
-18338.1
-18347.1
-18324.1
-18300.2
-18276.2
