-96.855
-193.725
-290.609
-387.508
-484.423
-581.352
-678.295
-775.254
-872.228
-969.216
-1066.22
-1163.24
-1260.27
-1357.32
-1454.38
-1551.46
-1648.55
-1745.66
-1842.78
-1939.91
-2037.07
-2134.23
-2231.41
-2328.61
-2425.82
-2523.05
-2620.29
-2717.54
-2814.81
-2912.1
-3009.4
-3106.71
-3204.04
-3301.38
-3398.74
-3496.12
-3593.51
-3690.91
-3788.33
-3885.76
-3983.21
-4080.67
-4178.15
-4275.64
-4373.15
-4470.67
-4568.21
-4665.76
-4763.32
-4860.91
-4958.5
-5056.11
-5153.74
-5251.38
-5349.04
-5446.71
-5544.39
-5642.09
-5739.81
-5837.53
-5935.28
-6033.03
-6130.73
-6228.45
-6326.18
-6423.93
-6521.67
-6619.39
-6717.13
-6814.88
-6912.65
-7010.43
-7108.22
-7206.03
-7303.86
-7401.69
-7499.55
-7597.42
-7695.23
-7792.37
-7889.25
-7985.6
-8081.95
-8177.81
-8272.99
-8368.16
-8463.34
-8558.52
-8653.72
-8748.92
-8844.03
-8939.13
-9034.24
-9129.36
-9224.4
-9319.4
-9413.56
-9507.03
-9599.98
-9692.89
-9785.77
-9878.62
-9971.38
-10064.1
-10156.9
-10249.6
-10342.2
-10434
-10525.4
-10616.3
-10707.2
-10798.1
-10889
-10979.8
-11070.2
-11160.7
-11251.1
-11341.2
-11431.3
-11521.2
-11611.1
-11701.1
-11791
-11880.9
-11970
-12058.4
-12146.3
-12233.4
-12319.2
-12404.6
-12490.1
-12575.5
-12658.9
-12741.4
-12823.8
-12905.6
-12987.1
-13068.7
-13150.2
-13231.5
-13312.8
-13393.8
-13474.5
-13555.1
-13635
-13712.5
-13790.1
-13868.1
-13946
-14024.1
-14102.4
-14180.4
-14258.3
-14335.4
-14412.5
-14488.9
-14565.2
-14641.4
-14717.7
-14793.8
-14869.8
-14944.9
-15020
-15094.5
-15168.7
-15242.9
-15317
-15391.2
-15465.4
-15539.6
-15613.8
-15688
-15762.1
-15836.3
-15910.5
-15984.7
-16058.9
-16133
-16207
-16280.9
-16354.5
-16427.4
-16500.3
-16573.2
-16645.6
-16717.3
-16788.8
-16860
-16930.9
-17001.8
-17072.5
-17143.2
-17213.9
-17284.5
-17355.2
-17425.8
-17496.5
-17567.1
-17637.7
-17708.2
-17778.7
-17849.2
-17919.7
-17990.3
-18060.9
-18131.4
-18190.5
-18224.1
-18258
-18291.7
-18297.7
-18304.2
-18310.8
-18317.4
-18324
-18330.6
-18337.1
-18343.5
-18350
-18356.3
-18362.5
-18368.8
-18375
-18381.1
-18387.2
-18393.3
-18399.4
-18405.5
-18411.6
-18406.6
-18400.7
-18394.7
-18388.8
-18382.8
-18376.9
-18369.7
-18361.3
-18353
-18344.6
-18336.3
-18327.4
-18316.4
-18305.5
-18294.6
-18283.6
-18272.6
-18261.7
-18250.7
-18239.7
-18230.5
-18231.4
-18232.1
-18232.1
-18231.8
-18231.3
-18239.7
-18249.1
-18226.3
-18202.6
-18178.8
