-46.7789
-93.5441
-140.296
-187.035
-233.76
-280.472
-327.171
-373.857
-420.529
-467.188
-513.834
-560.466
-607.085
-653.691
-700.283
-746.862
-793.428
-839.981
-886.52
-933.046
-979.558
-1026.06
-1072.54
-1119.02
-1165.48
-1211.92
-1258.35
-1304.77
-1351.18
-1397.57
-1443.95
-1490.32
-1536.67
-1583.01
-1629.34
-1675.65
-1721.95
-1768.24
-1814.51
-1860.77
-1907.02
-1953.25
-1999.47
-2045.68
-2091.87
-2138.05
-2184.22
-2230.37
-2276.51
-2322.64
-2368.76
-2414.86
-2460.94
-2507.02
-2553.08
-2599.13
-2645.16
-2691.18
-2737.19
-2783.18
-2829.16
-2875.13
-2921.05
-2966.97
-3012.86
-3058.75
-3104.61
-3150.44
-3196.26
-3242.06
-3287.85
-3333.63
-3379.39
-3425.14
-3470.88
-3516.6
-3562.31
-3608.01
-3653.7
-3699.37
-3745.05
-3790.38
-3835.65
-3880.87
-3925.72
-3970.55
-4015.37
-4060.17
-4104.97
-4149.65
-4193.89
-4238.11
-4282.31
-4326.5
-4370.63
-4414.74
-4458.83
-4502.9
-4546.95
-4590.99
-4634.81
-4678.4
-4721.84
-4765.15
-4808.33
-4851.4
-4894.37
-4937.32
-4980.27
-5023.2
-5066.12
-5109.03
-5151.79
-5194.4
-5236.85
-5279.29
-5321.71
-5364.13
-5406.53
-5448.66
-5490.73
-5532.79
-5574.64
-5616.31
-5657.89
-5699.08
-5740.25
-5781.35
-5821.98
-5862.59
-5903.19
-5943.79
-5983.91
-6023.6
-6063.23
-6102.77
-6142.17
-6181.56
-6220.79
-6259.74
-6298.85
-6337.95
-6377.03
-6416.1
-6454.89
-6493.57
-6532.24
-6570.77
-6609.28
-6647.78
-6686.27
-6724.7
-6763.97
-6804.31
-6844.64
-6884.49
-6924.22
-6963.35
-7002.39
-7041.33
-7080.19
-7118.53
-7156.87
-7195.18
-7233.33
-7271.46
-7309.59
-7347.42
-7385.22
-7422.87
-7460.36
-7497.78
-7535.19
-7572.3
-7609.38
-7646.46
-7683.52
-7720.58
-7757.62
-7794.66
-7831.69
-7868.71
-7905.72
-7942.72
-7979.72
-8016.69
-8053.66
-8090.55
-8127.3
-8163.89
-8200.47
-8237.04
-8273.55
-8309.93
-8346.31
-8382.68
-8419.04
-8455.28
-8491.13
-8526.9
-8562.65
-8598.4
-8634.13
-8669.86
-8705.58
-8741.32
-8776.73
-8811.29
-8845.99
-8880.73
-8914.95
-8949.34
-8983.51
-9017.39
-9051.26
-9085.13
-9113.76
-9141.34
-9168.91
-9191.16
-9207.12
-9223.08
-9232.41
-9235.8
-9239.2
-9242.59
-9245.98
-9249.37
-9252.77
-9256.11
-9259.45
-9262.79
-9266.13
-9269.47
-9272.81
-9276.14
-9279.47
-9282.81
-9286.14
-9288.48
-9284.88
-9281.28
-9277.68
-9274.09
-9270.5
-9266.91
-9262.68
-9257.8
-9252.93
-9248.06
-9243.21
-9238.36
-9233.16
-9227.03
-9220.91
-9214.78
-9208.63
-9202.54
-9196.46
-9190.37
