-91.6089
-183.213
-274.814
-366.41
-458.002
-549.59
-641.174
-732.754
-824.329
-915.901
-1007.47
-1099.03
-1190.59
-1282.15
-1373.7
-1465.24
-1556.78
-1648.32
-1739.86
-1831.39
-1922.91
-2014.43
-2105.95
-2197.47
-2288.98
-2380.48
-2471.98
-2563.48
-2654.97
-2746.46
-2837.94
-2929.42
-3020.9
-3112.37
-3203.84
-3295.3
-3386.76
-3478.22
-3569.67
-3661.12
-3752.56
-3844
-3935.44
-4026.87
-4118.29
-4209.71
-4301.13
-4392.55
-4483.96
-4575.36
-4666.76
-4758.16
-4849.56
-4940.94
-5032.33
-5123.71
-5215.09
-5306.46
-5397.83
-5489.19
-5580.55
-5671.9
-5763.2
-5854.48
-5945.77
-6037.05
-6128.3
-6219.51
-6310.72
-6401.93
-6493.13
-6584.33
-6675.52
-6766.71
-6857.89
-6949.07
-7040.25
-7131.42
-7222.59
-7313.77
-7404.97
-7495.52
-7585.99
-7676.37
-7766.04
-7855.71
-7945.37
-8035.03
-8124.68
-8214.14
-8302.8
-8391.43
-8480.06
-8568.68
-8657.22
-8745.71
-8834.21
-8922.68
-9011.15
-9099.61
-9187.69
-9275.3
-9362.64
-9449.75
-9536.57
-9623.21
-9709.67
-9796.12
-9882.58
-9969.04
-10055.5
-10141.9
-10228
-10313.6
-10398.9
-10484.2
-10569.5
-10654.8
-10740.1
-10824.9
-10909.7
-10994.4
-11078.8
-11163
-11247
-11330.5
-11414
-11497.3
-11579.8
-11662.2
-11744.6
-11827
-11908.6
-11989.3
-12069.9
-12150.3
-12230.5
-12310.7
-12390.3
-12469.2
-12547.9
-12626.6
-12705.3
-12784
-12862.1
-12940.1
-13018
-13095.6
-13173.3
-13250.9
-13328.6
-13406.1
-13483.2
-13560.1
-13637.1
-13713.2
-13789.2
-13864.4
-13939.6
-14014.6
-14089.5
-14163.5
-14237.5
-14311.4
-14385.1
-14458.8
-14532.5
-14605.6
-14678.6
-14751.3
-14823.6
-14895.9
-14968.1
-15039.6
-15111.1
-15182.6
-15254.1
-15325.6
-15397.1
-15468.6
-15540
-15611.5
-15683
-15754.4
-15825.9
-15897.3
-15968.7
-16040
-16111.1
-16181.7
-16252.2
-16322.7
-16393.1
-16463.1
-16533
-16603
-16672.9
-16742.7
-16811.8
-16880.7
-16949.5
-17018.3
-17087.1
-17155.9
-17224.7
-17293.5
-17361.9
-17429.2
-17496.8
-17564.5
-17631.5
-17698.9
-17766
-17832.7
-17899.4
-17966.2
-18023.3
-18078.6
-18133.9
-18178.6
-18210.9
-18243.2
-18262.1
-18269.2
-18276.2
-18283.3
-18290.4
-18297.4
-18304.5
-18311.5
-18318.5
-18325.5
-18332.5
-18339.5
-18346.5
-18353.6
-18360.6
-18367.6
-18374.6
-18379.9
-18374.2
-18368.6
-18363
-18357.4
-18351.8
-18346.2
-18339.3
-18331.3
-18323.2
-18315.1
-18307
-18298.8
-18290
-18279.4
-18268.8
-18258.1
-18247.3
-18237
-18226.7
-18216.3
