-91.0122
-182.036
-273.073
-364.121
-455.182
-546.255
-637.34
-728.437
-819.546
-910.668
-1001.8
-1092.95
-1184.1
-1275.27
-1366.46
-1457.65
-1548.86
-1640.08
-1731.31
-1822.55
-1913.8
-2005.07
-2096.35
-2187.64
-2278.95
-2370.26
-2461.59
-2552.93
-2644.28
-2735.65
-2827.02
-2918.41
-3009.81
-3101.22
-3192.65
-3284.09
-3375.53
-3467
-3558.47
-3649.95
-3741.45
-3832.96
-3924.48
-4016.02
-4107.56
-4199.12
-4290.69
-4382.27
-4473.87
-4565.48
-4657.1
-4748.73
-4840.37
-4932.02
-5023.69
-5115.37
-5207.06
-5298.77
-5390.48
-5482.21
-5573.95
-5665.7
-5757.4
-5849.11
-5940.83
-6032.57
-6124.29
-6216
-6307.71
-6399.44
-6491.18
-6582.93
-6674.69
-6766.46
-6858.25
-6950.05
-7041.86
-7133.68
-7225.52
-7317.39
-7409.29
-7500.59
-7591.81
-7682.95
-7773.44
-7863.94
-7954.44
-8044.96
-8135.49
-8225.83
-8315.36
-8404.88
-8494.41
-8583.96
-8673.42
-8762.86
-8852.32
-8941.8
-9031.28
-9120.78
-9209.95
-9298.63
-9387.01
-9475.15
-9562.99
-9650.64
-9738.1
-9825.59
-9913.1
-10000.6
-10088.2
-10175.7
-10262.5
-10348.8
-10434.5
-10520.3
-10606.1
-10692
-10777.8
-10863.3
-10948.8
-11034.3
-11119.6
-11204.9
-11290.1
-11375.2
-11460.3
-11545.3
-11629.5
-11713.6
-11797.8
-11881.9
-11965.3
-12047.8
-12130.2
-12212.5
-12294.6
-12376.6
-12457.6
-12537.1
-12615.5
-12693.9
-12772.3
-12850.7
-12928.5
-13006.1
-13083.7
-13161.1
-13238.5
-13315.9
-13393.3
-13470.6
-13546.3
-13620.3
-13694.4
-13768.8
-13843.3
-13918.1
-13992.9
-14067.5
-14142.1
-14216
-14289.9
-14363.9
-14437.6
-14511.3
-14585
-14658.1
-14731.1
-14803.6
-14875.7
-14947.7
-15019.7
-15090.8
-15161.9
-15233
-15304.1
-15375.2
-15446.4
-15517.5
-15588.6
-15659.8
-15731
-15802.1
-15873.3
-15944.5
-16015.7
-16086.8
-16157.8
-16227.9
-16297.8
-16367.7
-16437.4
-16506.4
-16575.4
-16644.4
-16713.4
-16782.2
-16850.6
-16918.6
-16986.5
-17054.3
-17122.2
-17190.1
-17258
-17325.9
-17393.9
-17461.7
-17529.9
-17598.2
-17666.5
-17735.2
-17804
-17872.7
-17941.5
-18010.3
-18070.1
-18128.1
-18186.1
-18232.9
-18266.5
-18300.1
-18319.2
-18325.3
-18331.4
-18337.5
-18343.6
-18349.7
-18355.8
-18362
-18368.2
-18374.4
-18380.7
-18386.9
-18393.2
-18399.4
-18405.7
-18412
-18418.3
-18422.9
-18416.9
-18411.1
-18405.2
-18399.3
-18393.5
-18387.6
-18380.5
-18372.2
-18363.8
-18355.5
-18346.7
-18338
-18328.6
-18317.4
-18306.1
-18294.6
-18283
-18272.6
-18262.2
-18251.7
