-46.185
-92.365
-138.541
-184.713
-230.88
-277.043
-323.202
-369.356
-415.506
-461.652
-507.793
-553.93
-600.062
-646.191
-692.314
-738.434
-784.549
-830.66
-876.766
-922.868
-968.966
-1015.06
-1061.15
-1107.23
-1153.31
-1199.39
-1245.46
-1291.53
-1337.59
-1383.65
-1429.7
-1475.75
-1521.79
-1567.83
-1613.87
-1659.9
-1705.93
-1751.95
-1797.97
-1843.98
-1889.99
-1936
-1982
-2028
-2073.99
-2119.97
-2165.96
-2211.94
-2257.91
-2303.88
-2349.84
-2395.8
-2441.76
-2487.71
-2533.66
-2579.6
-2625.54
-2671.47
-2717.4
-2763.33
-2809.25
-2855.16
-2901.04
-2946.91
-2992.78
-3038.64
-3084.49
-3130.31
-3176.13
-3221.95
-3267.76
-3313.56
-3359.37
-3405.16
-3450.96
-3496.74
-3542.53
-3588.31
-3634.08
-3679.86
-3725.65
-3771.47
-3817.29
-3863.09
-3908.9
-3954.71
-4000.51
-4046.31
-4092.1
-4137.88
-4183.58
-4229.28
-4274.96
-4320.65
-4366.27
-4411.88
-4457.49
-4503.11
-4548.72
-4594.32
-4639.93
-4685.55
-4731.12
-4776.67
-4822.22
-4867.77
-4913.31
-4958.86
-5004.4
-5049.95
-5095.5
-5141.03
-5186.57
-5232.12
-5277.67
-5323.22
-5368.78
-5414.33
-5459.88
-5505.44
-5551
-5596.56
-5642.12
-5687.67
-5733.24
-5778.82
-5824.4
-5870
-5915.6
-5961.19
-6006.77
-6052.36
-6097.97
-6143.58
-6189.19
-6234.79
-6280.39
-6325.98
-6371.52
-6416.93
-6462.33
-6507.73
-6553.13
-6598.52
-6643.92
-6689.33
-6734.73
-6780.13
-6825.53
-6870.93
-6916.33
-6961.73
-7007.11
-7052.5
-7097.87
-7143.26
-7188.65
-7234.04
-7279.43
-7324.81
-7370.15
-7415.27
-7460.33
-7505.25
-7550.08
-7594.9
-7639.72
-7684.52
-7729.32
-7774.11
-7818.78
-7863.45
-7908.11
-7952.76
-7997.29
-8041.82
-8086.35
-8130.87
-8175.39
-8219.9
-8264.42
-8308.94
-8353.46
-8397.82
-8442.17
-8486.52
-8530.74
-8574.81
-8618.83
-8662.85
-8706.88
-8750.9
-8794.93
-8838.96
-8882.98
-8927
-8971.02
-9015.03
-9059.05
-9103.06
-9147.06
-9191.06
-9235.05
-9279.05
-9323.04
-9367.07
-9411.13
-9455.33
-9499.77
-9544.29
-9588.93
-9633.84
-9678.72
-9723.51
-9768.3
-9813.09
-9857.78
-9902.44
-9947.1
-9991.63
-10036
-10080.4
-10124.6
-10168.8
-10212.9
-10257
-10301.1
-10345.2
-10389.3
-10433.4
-10477.5
-10521.6
-10565.6
-10609.7
-10653.8
-10697.9
-10742
-10786.1
-10830.3
-10874.3
-10918.1
-10961.7
-11005.3
-11049
-11092.6
-11136.2
-11179.8
-11223.4
-11267
-11310.6
-11354.1
-11397.6
-11441
-11484.4
-11527.7
-11571
-11614.5
-11658
-11701.5
-11745.1
