-30.2597
-60.5047
-90.7358
-120.953
-151.155
-181.344
-211.518
-241.679
-271.825
-301.956
-332.074
-362.178
-392.267
-422.342
-452.403
-482.45
-512.483
-542.501
-572.506
-602.496
-632.472
-662.434
-692.382
-722.315
-752.235
-782.14
-812.031
-841.909
-871.772
-901.62
-931.455
-961.276
-991.082
-1020.87
-1050.65
-1080.42
-1110.17
-1139.9
-1169.62
-1199.33
-1229.03
-1258.71
-1288.37
-1318.02
-1347.66
-1377.28
-1406.89
-1436.49
-1466.07
-1495.63
-1525.19
-1554.72
-1584.25
-1613.76
-1643.26
-1672.74
-1702.21
-1731.66
-1761.1
-1790.53
-1819.94
-1849.33
-1878.69
-1908.04
-1937.37
-1966.69
-1995.99
-2025.26
-2054.52
-2083.76
-2112.99
-2142.21
-2171.41
-2200.6
-2229.77
-2258.93
-2288.08
-2317.21
-2346.33
-2375.44
-2404.54
-2433.65
-2462.75
-2491.82
-2520.89
-2549.94
-2578.98
-2608
-2637.01
-2666
-2694.94
-2723.86
-2752.78
-2781.67
-2810.53
-2839.35
-2868.18
-2896.99
-2925.78
-2954.57
-2983.34
-3012.09
-3040.81
-3069.5
-3098.17
-3126.82
-3155.46
-3184.09
-3212.7
-3241.31
-3269.9
-3298.48
-3327.04
-3355.59
-3384.13
-3412.65
-3441.17
-3469.67
-3498.16
-3526.65
-3555.12
-3583.57
-3612.01
-3640.44
-3668.86
-3697.28
-3725.68
-3754.09
-3782.48
-3810.86
-3839.22
-3867.57
-3895.92
-3924.25
-3952.56
-3980.86
-4009.13
-4037.39
-4065.62
-4093.78
-4121.93
-4150.06
-4178.18
-4206.29
-4234.37
-4262.45
-4290.51
-4318.56
-4346.59
-4374.62
-4402.64
-4430.63
-4458.61
-4486.57
-4514.51
-4542.44
-4570.36
-4598.26
-4626.15
-4654.03
-4681.86
-4709.55
-4737.2
-4764.74
-4792.22
-4819.69
-4847.14
-4874.55
-4901.94
-4929.31
-4956.6
-4983.87
-5011.13
-5038.35
-5065.49
-5092.62
-5119.74
-5146.84
-5173.93
-5201.01
-5228.08
-5255.15
-5282.19
-5309.14
-5336.07
-5362.99
-5389.82
-5416.55
-5443.24
-5469.91
-5496.56
-5523.21
-5549.85
-5576.47
-5603.08
-5629.67
-5656.26
-5682.82
-5709.37
-5735.9
-5762.42
-5788.92
-5815.4
-5841.88
-5868.35
-5894.82
-5921.32
-5947.89
-5974.6
-6001.34
-6028.16
-6055.14
-6082.08
-6108.97
-6135.84
-6162.69
-6189.36
-6215.98
-6242.58
-6268.86
-6294.74
-6320.61
-6346.11
-6371.25
-6396.39
-6421.51
-6446.62
-6471.71
-6496.8
-6521.89
-6546.97
-6572.03
-6597.09
-6622.14
-6647.17
-6672.2
-6697.22
-6722.25
-6747.27
-6772.24
-6796.91
-6821.52
-6846.11
-6870.69
-6895.26
-6919.82
-6944.33
-6968.82
-6993.29
-7017.74
-7042.14
-7066.52
-7090.82
-7115.04
-7139.22
-7163.36
-7187.64
-7211.95
-7236.28
-7260.6
