-1112.2845000000002
-2224.5505999999996
-3336.8143999999998
-4449.066
-5561.31
-6673.547
-7785.772000000001
-8897.992
-10010.199000000002
-11122.400000000001
-12234.603
-13346.775
-14458.938
-15571.128000000002
-16683.275
-17795.413
-18907.549
-20019.694
-21131.806
-22243.905999999995
-23356.013000000003
-24468.104000000007
-25580.176
-26692.256
-27804.334000000003
-28916.369999999995
-30028.433999999994
-31140.477
-32252.497000000003
-33364.534
-34476.531
-35588.534999999996
-36700.527
-37812.51200000001
-38924.522000000004
-40036.47400000001
-41148.418000000005
-42260.394
-43372.342000000004
-44484.23
-45596.19999999999
-46708.09999999999
-47820.020000000004
-48931.909999999996
-50043.81
-51155.65
-52267.54
-53379.39
-54491.24999999999
-55603.09999999999
-56714.93000000001
-57826.75
-58938.58000000001
-60050.37
-61162.19000000001
-62273.99
-63385.740000000005
-64497.51000000001
-65609.28
-66721.03000000001
-67832.76
-68944.23999999999
-70052.94
-71161.65
-72270.34999999999
-73379.05
-74486.78000000001
-75592.85999999999
-76698.93999999999
-77804.98999999999
-78911.04000000001
-80017.1
-81123.1
-82229.15000000001
-83335.14000000001
-84441.13000000002
-85547.14
-86653.10999999999
-87758.90999999999
-88862.82
-89962.67999999998
-91056.37999999999
-92148.49999999999
-93236.73999999998
-94319.86999999998
-95402.91000000002
-96485.90999999999
-97567.62000000001
-98649.24
-99730.35999999999
-100809.06999999999
-101886.44
-102963.82
-104041.18999999999
-105114.27
-106181.88000000002
-107243.76999999999
-108303.57
-109361.62999999998
-110418.6
-111474.57999999999
-112529.3
-113579.51999999999
-114628.30999999998
-115676.20000000001
-116723.68000000001
-117768.20000000001
-118809.01999999997
-119845.90999999999
-120881.60999999999
-121917.58
-122953.31999999998
-123987.86999999998
-125020.43
-126049.69
-127079.21999999999
-128106.33
-129131.48
-130153.62000000001
-131172.84
-132190.79
-133208.88
-134225.44
-135241.43000000002
-136254.18
-137260.15
-138263.47
-139260.19
-140250.76
-141239.07
-142225.74
-143204.75
-144175.04
-145140.21999999997
-146104.93
-147065.43
-148024.00000000003
-148982.42000000004
-149938.9
-150891.88999999998
-151842.1
-152791.39
-153738.66999999998
-154685.9
-155630.44000000003
-156570.28
-157509.25000000003
-158444.61
-159377.44
-160307.75999999998
-161237.53999999998
-162164.84000000003
-163090.12999999998
-164012.66
-164935.32000000004
-165851.88
-166767.03999999998
-167680.60000000003
-168590.1
-169498.44999999998
-170404.35999999996
-171303.03999999998
-172201.48
-173096.36
-173989.68999999997
-174882.84999999998
-175775.98
-176667.68
-177559.01
-178449.58
-179338.89
-180228.0
-181116.78
-182003.82
-182890.52000000002
-183777.41
-184664.05999999997
-185550.37999999998
-186436.01
-187320.02000000002
-188200.80000000002
-189079.56999999998
-189956.3
-190832.44000000003
-191705.97999999998
-192577.52999999997
-193447.82000000004
-194316.43999999997
-195182.96999999997
-196047.06000000003
-196908.66
-197769.59000000003
-198630.24
-199489.55
-200348.74000000002
-201207.97000000003
-202066.83000000002
-202924.12000000002
-203778.08
-204630.28
-205482.41
-206334.33999999997
-207185.41
-208033.59000000003
-208881.45000000004
-209708.16000000003
-210493.89
-211189.12000000005
-211823.93999999997
-212423.58000000002
-212888.19
-213266.9
-213634.13
-214000.49000000002
-214366.71999999997
-214732.99000000002
-215074.99999999997
-215412.18
-215749.41
-216059.12
-216336.41999999998
-216606.99999999997
-216817.51
-216996.85999999993
-217176.08000000002
-217355.28
-217526.64
-217672.74
-217819.12999999995
-217936.54
-218051.57
-218166.26
-218281.01000000004
-218395.53000000003
-218510.1
-218621.65
-218730.02000000002
-218828.75
-218924.4
-219015.74999999997
-219069.6
-219114.0
-219158.52999999997
-219202.84
-219246.91
-219290.73000000004
-219331.56999999998
-219369.09999999998
-219406.4
-219458.78
-219553.47
-219651.51999999996
-219771.66
-219892.32
-220031.38000000003
-220215.49
-220316.97
-220306.60000000003
-220240.73000000004
-220174.33000000002
