9.79799e-005
0.000184396
0.000262317
0.000333935
0.000400856
0.000464288
0.000525151
0.000584163
0.000641889
0.000698784
0.000755212
0.000811474
0.000867816
0.00092444
0.00098151
0.00103915
0.00109744
0.0011564
0.00121598
0.00127607
0.00133659
0.00139773
0.00145996
0.00152366
0.0015891
0.00165641
0.00172567
0.00179694
0.00187025
0.00194562
0.00202304
0.0021025
0.00218395
0.00226732
0.00235244
0.00243911
0.00252702
0.00261582
0.00270511
0.00279465
0.00288457
0.00297526
0.00306704
0.00316005
0.00325439
0.00335024
0.00344782
0.00354727
0.00364863
0.00375183
0.00385676
0.00396327
0.00407126
0.00418077
0.00429193
0.00440489
0.00451975
0.00463657
0.00475535
0.00487607
0.00499869
0.00512315
0.00524932
0.0053771
0.00550637
0.00563707
0.00576925
0.005903
0.00603844
0.00617568
0.00631478
0.00645578
0.00659869
0.00674353
0.0068903
0.00703898
0.00718959
0.0073421
0.00749651
0.00765278
0.0078109
0.00797082
0.00813249
0.00829585
0.0084608
0.00862727
0.00879516
0.00896446
0.00913517
0.00930738
0.00948116
0.00965663
0.00983385
0.0100129
0.0101938
0.0103765
0.0105611
0.0107476
0.0109359
0.0111262
0.0113183
0.0115123
0.0117082
0.0119059
0.0121055
0.012307
0.0125104
0.0127156
0.0129227
0.0131317
0.0133425
0.0135552
0.0137697
0.0139861
0.0142043
0.0144244
0.0146463
0.01487
0.0150956
0.015323
0.0155522
0.0157832
0.0160159
0.0162505
0.0164868
0.0167248
0.0169645
0.0172059
0.017449
0.0176936
0.0179399
0.0181877
0.018437
0.0186878
0.0189402
0.019194
0.0194496
0.0197068
0.0199658
0.0202264
0.0204889
0.0207531
0.0210191
0.021287
0.0215566
0.0218281
0.0221014
0.0223765
0.0226535
0.0229323
0.0232129
0.0234954
0.0237797
0.0240658
0.0243538
0.0246437
0.0249353
0.0252289
0.0255242
0.0258214
0.0261205
0.0264214
0.0267242
0.0270287
0.0273352
0.0276435
0.0279536
0.0282656
0.0285794
0.0288951
0.0292126
0.029532
0.0298533
0.0301764
0.0305013
0.0308281
0.0311567
0.0314872
0.0318196
0.0321538
0.0324899
0.0328278
0.0331676
0.0335092
0.0338527
0.0341981
0.0345453
0.0348944
0.0352453
0.0355982
0.0359528
0.0363094
0.036668
0.0370287
0.0373914
0.037756
0.0381225
0.0384908
0.038861
0.0392332
