-2658.97
-4874.81
-6749.78
-8356.92
-9749.8
-10968.6
-12044
-13000
-13855.4
-14625.2
-15321.8
-15955
-16533
-17062.3
-17548
-17993.1
-18397.8
-18757.8
-19061.3
-19287.9
-19416.4
-19445.3
-19399.8
-19308.2
-19187.6
-19047.3
-18892.1
-18725.8
-18551
-18369
-18181.8
-17991.2
-17797
-17598.9
-17398
-17194.5
-16986.5
-16772
-16549.4
-16319.2
-16084.3
-15848.3
-15613.9
-15382.2
-15153.9
-14929.9
-14711.2
-14498.2
-14290.7
-14088.6
-13891.3
-13698.1
-13508.8
-13323.4
-13142
-12965
-12792.5
-12624.4
-12460.6
-12300.9
-12145.2
-11993.1
-11844.6
-11699.2
-11556.8
-11417.2
-11280.4
-11146.4
-11015.3
-10887.1
-10761.7
-10639.2
-10519.4
-10402.3
-10287.8
-10175.8
-10066.2
-9959.04
-9854.1
-9751.36
-9650.73
-9552.12
-9455.46
-9360.65
-9267.59
-9176.2
-9086.39
-8998.09
-8911.28
-8825.94
-8742.08
-8659.71
-8578.82
-8499.39
-8421.4
-8344.82
-8269.61
-8195.75
-8123.2
-8051.92
-7981.89
-7913.07
-7845.43
-7778.94
-7713.57
-7649.3
-7586.09
-7523.93
-7462.78
-7402.62
-7343.43
-7285.18
-7227.85
-7171.41
-7115.86
-7061.16
-7007.3
-6954.25
-6902.01
-6850.54
-6799.83
-6749.86
-6700.62
-6652.08
-6604.23
-6557.06
-6510.54
-6464.66
-6419.4
-6374.74
-6330.67
-6287.17
-6244.23
-6201.83
-6159.98
-6118.63
-6077.81
-6037.48
-5997.64
-5958.3
-5919.45
-5881.08
-5843.2
-5805.8
-5768.87
-5732.4
-5696.39
-5660.82
-5625.7
-5591.01
-5556.75
-5522.91
-5489.48
-5456.45
-5423.82
-5391.58
-5359.72
-5328.24
-5297.13
-5266.39
-5236
-5205.96
-5176.26
-5146.91
-5117.89
-5089.19
-5060.82
-5032.77
-5005.02
-4977.59
-4950.45
-4923.61
-4897.06
-4870.8
-4844.82
-4819.12
-4793.69
-4768.53
-4743.64
-4719
-4694.63
-4670.5
-4646.62
-4622.99
-4599.6
-4576.45
-4553.53
-4530.83
-4508.36
-4486.13
-4464.1
-4442.22
-4420.69
-4399.21
-4378.07
-4357.06
-4336.25
-4315.64
-4295.22
-4274.99
