5.88502e-005
0.000112188
0.000161647
0.000208392
0.00025328
0.00029695
0.000339895
0.000382495
0.000425052
0.000467806
0.000510954
0.000554654
0.000599038
0.000644217
0.000690282
0.000737313
0.000785375
0.000834526
0.000884814
0.000936283
0.000988969
0.0010429
0.00109812
0.00115463
0.00121246
0.00127162
0.00133213
0.00139399
0.00145723
0.00152183
0.0015878
0.00165514
0.00172383
0.00179389
0.0018653
0.00193807
0.0020122
0.0020877
0.00216459
0.00224286
0.00232252
0.00240357
0.00248604
0.00256993
0.00265525
0.002742
0.00283018
0.0029198
0.00301086
0.00310339
0.0031974
0.00329289
0.00338988
0.00348835
0.00358833
0.00368983
0.00379285
0.00389743
0.00400356
0.00411125
0.00422051
0.00433132
0.00444368
0.00455758
0.00467303
0.00479003
0.0049086
0.00502875
0.00515049
0.00527384
0.00539879
0.00552534
0.0056535
0.00578326
0.0059146
0.00604753
0.00618204
0.00631813
0.00645579
0.00659504
0.00673586
0.00687827
0.00702226
0.00716785
0.00731504
0.00746383
0.00761422
0.00776622
0.00791982
0.00807503
0.00823183
0.00839023
0.00855022
0.0087118
0.00887497
0.00903972
0.00920606
0.00937398
0.00954349
0.00971458
0.00988726
0.0100615
0.0102374
0.0104149
0.0105939
0.0107746
0.0109569
0.0111408
0.0113263
0.0115135
0.0117022
0.0118926
0.0120846
0.0122782
0.0124735
0.0126704
0.012869
0.0130692
0.013271
0.0134745
0.0136796
0.0138863
0.0140947
0.0143047
0.0145163
0.0147295
0.0149444
0.0151609
0.015379
0.0155987
0.01582
0.016043
0.0162675
0.0164937
0.0167215
0.0169509
0.0171819
0.0174145
0.0176487
0.0178845
0.0181219
0.018361
0.0186016
0.0188438
0.0190877
0.0193331
0.0195801
0.0198287
0.020079
0.0203308
0.0205843
0.0208393
0.021096
0.0213543
0.0216142
0.0218757
0.0221388
0.0224036
0.02267
0.022938
0.0232076
0.0234789
0.0237518
0.0240263
0.0243025
0.0245803
0.0248597
0.0251408
0.0254235
0.0257078
0.0259938
0.0262814
0.0265706
0.0268615
0.027154
0.0274482
0.027744
0.0280414
0.0283405
0.0286413
0.0289437
0.0292478
0.0295535
0.0298609
0.03017
0.0304807
0.0307931
0.0311072
0.0314229
0.0317403
0.0320594
0.0323802
0.0327026
0.0330267
0.0333525
0.03368
0.0340091
0.0343399
0.0346725
0.0350067
0.0353425
