-2139.92
-3923.2
-5432.16
-6725.57
-7846.55
-8827.43
-9692.93
-10462.3
-11150.7
-11770.3
-12330.9
-12840.5
-13305.9
-13732.5
-14125
-14487.3
-14822.8
-15134.3
-15424.4
-15695.1
-15948.2
-16185.2
-16407.4
-16615.7
-16810.4
-16991.7
-17159
-17311.5
-17448.5
-17569.1
-17672.3
-17757.3
-17823.4
-17870.4
-17898.6
-17908.4
-17900.4
-17875.7
-17835.3
-17780.1
-17711.2
-17629.7
-17536.8
-17433.4
-17320.6
-17199.4
-17070.8
-16935.6
-16794.6
-16648.6
-16498.5
-16345.1
-16189.3
-16031.8
-15873.1
-15713.5
-15553.5
-15393.5
-15233.7
-15074.5
-14916.2
-14759
-14603.2
-14449
-14296.4
-14145.7
-13996.9
-13850
-13705.3
-13562.6
-13421.9
-13283.2
-13146.6
-13011.8
-12879.1
-12748.3
-12619.4
-12492.5
-12367.7
-12244.8
-12124
-12005.2
-11888.4
-11773.7
-11661
-11550.3
-11441.6
-11334.7
-11229.7
-11126.6
-11025.1
-10925.4
-10827.3
-10730.8
-10635.8
-10542.3
-10450.3
-10359.7
-10270.5
-10182.6
-10096.1
-10010.9
-9927.01
-9844.37
-9762.98
-9682.82
-9603.86
-9526.09
-9449.5
-9374.05
-9299.73
-9226.52
-9154.42
-9083.38
-9013.41
-8944.48
-8876.57
-8809.66
-8743.74
-8678.77
-8614.75
-8551.64
-8489.44
-8428.12
-8367.66
-8308.04
-8249.25
-8191.28
-8134.09
-8077.68
-8022.03
-7967.12
-7912.95
-7859.49
-7806.74
-7754.68
-7703.29
-7652.57
-7602.49
-7553.05
-7504.23
-7456.03
-7408.42
-7361.4
-7314.95
-7269.07
-7223.74
-7178.95
-7134.7
-7090.98
-7047.77
-7005.07
-6962.87
-6921.16
-6879.94
-6839.2
-6798.93
-6759.12
-6719.77
-6680.86
-6642.4
-6604.37
-6566.77
-6529.59
-6492.83
-6456.46
-6420.5
-6384.93
-6349.74
-6314.94
-6280.5
-6246.44
-6212.73
-6179.39
-6146.39
-6113.74
-6081.43
-6049.45
-6017.81
-5986.5
-5955.5
-5924.83
-5894.47
-5864.41
-5834.66
-5805.22
-5776.06
-5747.2
-5718.63
-5690.34
-5662.33
-5634.59
-5607.13
-5579.93
-5553
-5526.33
-5499.91
-5473.75
-5447.83
-5422.16
-5396.73
