1198.72 0.000480973
2397.45 0.000961947
3596.18 0.00144292
4794.91 0.0019239
5993.64 0.00240487
7192.38 0.00288585
8391.11 0.00336682
9589.85 0.0038478
10788.6 0.00432878
11987.3 0.00480975
13186.1 0.00529073
14384.8 0.00577171
15583.6 0.00625269
16782.3 0.00673367
17981.1 0.00721464
19179.8 0.00769562
20378.6 0.0081766
21577.3 0.00865758
22776.1 0.00913857
23974.9 0.00961955
25173.6 0.0101005
26372.4 0.0105815
27571.2 0.0110625
28769.9 0.0115435
29968.7 0.0120245
31167.5 0.0125054
32366.3 0.0129864
33565 0.0134674
34763.8 0.0139484
35962.6 0.0144294
37161.4 0.0149104
38360.2 0.0153914
39559 0.0158723
40757.8 0.0163533
41956.6 0.0168343
43155.3 0.0173153
44354.1 0.0177963
45552.9 0.0182773
46751.7 0.0187583
47950.6 0.0192393
49149.4 0.0197202
50348.2 0.0202012
51547 0.0206822
52745.8 0.0211632
53944.6 0.0216442
55143.4 0.0221252
56342.2 0.0226062
57541.1 0.0230872
58739.9 0.0235682
59938.7 0.0240492
61137.6 0.0245302
62336.4 0.0250112
63535.2 0.0254922
64734.1 0.0259732
65932.9 0.0264541
67131.7 0.0269351
68330.6 0.0274161
69529.4 0.0278971
70728.3 0.0283781
71927.1 0.0288591
73126 0.0293401
74324.8 0.0298211
75523.7 0.0303021
76722.5 0.0307831
77921.4 0.0312641
79120.3 0.0317451
80319.1 0.0322261
81518 0.0327071
82716.9 0.0331881
83915.7 0.0336691
85114.6 0.0341501
86313.5 0.0346311
87512.4 0.0351121
88711.3 0.0355931
89910.1 0.0360741
91109 0.0365551
92307.9 0.0370361
93506.8 0.0375172
94705.7 0.0379982
95904.6 0.0384792
97103.5 0.0389602
98302.4 0.0394412
99501.3 0.0399222
100700 0.0404032
101899 0.0408842
103098 0.0413652
104297 0.0418462
105496 0.0423272
106695 0.0428082
107894 0.0432892
109093 0.0437703
110292 0.0442513
111491 0.0447323
112689 0.0452133
113888 0.0456943
115087 0.0461753
116286 0.0466563
117485 0.0471373
118684 0.0476183
119883 0.0480994
121082 0.0485804
122281 0.0490614
123480 0.0495424
124679 0.0500234
125878 0.0505044
127077 0.0509854
128276 0.0514665
129475 0.0519475
130674 0.0524285
131873 0.0529095
133072 0.0533905
134271 0.0538716
135470 0.0543526
136669 0.0548336
137868 0.0553146
139067 0.0557956
140266 0.0562767
141465 0.0567577
142664 0.0572387
143863 0.0577197
145062 0.0582007
146261 0.0586818
147460 0.0591628
148659 0.0596438
149858 0.0601248
151057 0.0606059
152256 0.0610869
153455 0.0615679
154654 0.0620489
155853 0.06253
157052 0.063011
158251 0.063492
159450 0.063973
160649 0.0644541
161848 0.0649351
163047 0.0654161
164246 0.0658971
165445 0.0663782
166644 0.0668592
167843 0.0673402
169042 0.0678213
170241 0.0683023
171440 0.0687833
172640 0.0692644
173839 0.0697454
175038 0.0702264
176237 0.0707074
177436 0.0711885
178635 0.0716695
179834 0.0721505
181033 0.0726316
182232 0.0731126
183431 0.0735937
184630 0.0740747
185830 0.0745557
187029 0.0750368
188228 0.0755178
189427 0.0759988
190626 0.0764799
191825 0.0769609
193024 0.0774419
194223 0.077923
195422 0.078404
196622 0.0788851
197821 0.0793661
199020 0.0798471
200219 0.0803282
201418 0.0808092
202617 0.0812903
203816 0.0817713
205016 0.0822523
206215 0.0827334
207414 0.0832144
208613 0.0836955
209812 0.0841765
211011 0.0846576
212211 0.0851386
213410 0.0856196
214609 0.0861007
215808 0.0865817
217007 0.0870628
218206 0.0875438
219406 0.0880249
220605 0.0885059
221804 0.088987
223003 0.089468
224202 0.0899491
225402 0.0904301
226601 0.0909112
227800 0.0913922
228999 0.0918733
230199 0.0923543
231398 0.0928354
232597 0.0933164
233796 0.0937975
234995 0.0942785
236195 0.0947596
237394 0.0952406
238593 0.0957217
239792 0.0962027
240992 0.0966838
242191 0.0971648
243390 0.0976459
244589 0.0981269
245789 0.098608
246988 0.0990891
248187 0.0995701
249386 0.100051
250586 0.100532
251785 0.101013
252984 0.101494
254184 0.101975
255383 0.102456
256582 0.102938
257782 0.103419
258981 0.1039
260180 0.104381
261379 0.104862
262579 0.105343
263778 0.105824
264977 0.106305
266177 0.106786
267376 0.107267
268575 0.107748
269775 0.108229
270974 0.10871
272173 0.109191
273373 0.109672
274572 0.110153
275771 0.110635
276971 0.111116
278170 0.111597
279369 0.112078
280569 0.112559
281768 0.11304
282968 0.113521
284167 0.114002
285366 0.114483
286566 0.114964
287765 0.115445
288964 0.115926
290164 0.116407
291363 0.116888
292563 0.117369
293762 0.117851
294961 0.118332
296161 0.118813
297360 0.119294
298560 0.119775
299759 0.120256
300959 0.120737
302158 0.121218
303357 0.121699
304557 0.12218
305756 0.122661
306956 0.123142
308155 0.123623
309355 0.124104
310554 0.124586
311754 0.125067
