-41.3814
-82.7823
-124.203
-165.643
-207.102
-248.581
-290.08
-331.597
-373.135
-414.692
-456.269
-497.865
-539.48
-581.116
-622.77
-664.445
-706.139
-747.852
-789.585
-831.338
-873.11
-914.901
-956.713
-998.544
-1040.39
-1082.26
-1124.15
-1166.06
-1207.99
-1249.94
-1291.91
-1333.9
-1375.9
-1417.93
-1459.98
-1502.04
-1544.13
-1586.23
-1628.36
-1670.5
-1712.67
-1754.85
-1797.06
-1839.28
-1881.52
-1923.78
-1966.07
-2008.37
-2050.69
-2093.03
-2135.39
-2177.77
-2220.17
-2262.59
-2305.03
-2347.49
-2389.97
-2432.47
-2474.99
-2517.53
-2560.09
-2602.66
-2645.26
-2687.88
-2730.52
-2773.17
-2815.85
-2858.55
-2901.26
-2944
-2986.75
-3029.53
-3072.32
-3115.14
-3157.97
-3200.83
-3243.7
-3286.59
-3329.51
-3372.44
-3415.39
-3458.37
-3501.36
-3544.37
-3587.41
-3630.46
-3673.53
-3716.62
-3759.73
-3802.87
-3846.02
-3889.19
-3932.38
-3975.59
-4018.82
-4062.07
-4105.34
-4148.63
-4191.94
-4235.27
-4278.62
-4321.99
-4365.38
-4408.79
-4452.22
-4495.67
-4539.14
-4582.63
-4626.14
-4669.67
-4713.22
-4756.78
-4800.37
-4843.98
-4887.61
-4931.26
-4974.93
-5018.62
-5062.32
-5106.05
-5149.8
-5193.57
-5237.36
-5281.16
-5324.99
-5368.84
-5412.71
-5456.6
-5500.5
-5544.43
-5588.38
-5632.35
-5676.34
-5720.34
-5764.37
-5808.42
-5852.49
-5896.58
-5940.68
-5984.81
-6028.96
-6073.13
-6117.31
-6161.52
-6205.75
-6250
-6294.27
-6338.55
-6382.86
-6427.19
-6471.54
-6515.91
-6560.3
-6604.71
-6649.13
-6693.58
-6738.05
-6782.54
-6827.05
-6871.58
-6916.13
-6960.7
-7005.29
-7049.89
-7094.52
-7139.17
-7183.84
-7228.53
-7273.24
-7317.97
-7362.72
-7407.49
-7452.29
-7497.1
-7541.93
-7586.78
-7631.65
-7676.54
-7721.45
-7766.38
-7811.34
-7856.31
-7901.3
-7946.31
-7991.34
-8036.4
-8081.47
-8126.56
-8171.68
-8216.81
-8261.96
-8307.14
-8352.33
-8397.55
-8442.78
-8488.04
-8533.31
-8578.61
-8623.92
-8669.26
-8714.61
-8759.99
-8805.39
-8850.8
-8896.24
-8941.7
-8987.18
-9032.67
-9078.19
-9123.73
-9169.29
-9214.87
-9260.47
-9306.09
-9351.73
-9397.39
-9443.07
-9488.77
-9534.49
-9580.23
-9625.99
-9671.78
-9717.58
-9763.4
-9809.24
-9855.11
-9900.99
-9946.9
-9992.82
-10038.8
-10084.7
-10130.7
-10176.7
-10222.7
-10268.8
-10314.9
-10361
-10407.1
-10453.2
-10499.3
-10545.5
-10591.7
-10637.9
-10684.1
-10730.4
-10776.7
-10822.9
-10869.3
-10915.6
-10961.9
-11008.3
-11054.7
-11101.1
-11147.6
-11194
-11240.5
-11287
-11333.5
-11380
-11426.6
