-33.7524
-67.5126
-101.281
-135.057
-168.84
-202.632
-236.431
-270.239
-304.054
-337.877
-371.707
-405.546
-439.392
-473.247
-507.109
-540.979
-574.857
-608.742
-642.635
-676.537
-710.446
-744.363
-778.287
-812.22
-846.16
-880.108
-914.064
-948.028
-981.999
-1015.98
-1049.97
-1083.96
-1117.96
-1151.97
-1185.99
-1220.02
-1254.05
-1288.09
-1322.14
-1356.2
-1390.26
-1424.34
-1458.42
-1492.51
-1526.6
-1560.71
-1594.82
-1628.94
-1663.06
-1697.2
-1731.34
-1765.49
-1799.65
-1833.82
-1867.99
-1902.17
-1936.36
-1970.56
-2004.76
-2038.97
-2073.19
-2107.42
-2141.66
-2175.9
-2210.15
-2244.41
-2278.68
-2312.95
-2347.23
-2381.52
-2415.82
-2450.13
-2484.44
-2518.76
-2553.09
-2587.42
-2621.77
-2656.12
-2690.48
-2724.85
-2759.22
-2793.6
-2827.99
-2862.39
-2896.8
-2931.21
-2965.63
-3000.06
-3034.49
-3068.94
-3103.39
-3137.85
-3172.32
-3206.79
-3241.27
-3275.76
-3310.26
-3344.77
-3379.28
-3413.8
-3448.33
-3482.86
-3517.41
-3551.96
-3586.52
-3621.08
-3655.66
-3690.24
-3724.83
-3759.43
-3794.03
-3828.65
-3863.27
-3897.89
-3932.53
-3967.17
-4001.82
-4036.48
-4071.15
-4105.82
-4140.5
-4175.19
-4209.89
-4244.59
-4279.3
-4314.02
-4348.75
-4383.49
-4418.23
-4452.98
-4487.73
-4522.5
-4557.27
-4592.05
-4626.84
-4661.64
-4696.44
-4731.25
-4766.07
-4800.9
-4835.73
-4870.57
-4905.42
-4940.27
-4975.14
-5010.01
-5044.89
-5079.78
-5114.67
-5149.57
-5184.48
-5219.4
-5254.32
-5289.25
-5324.19
-5359.14
-5394.1
-5429.06
-5464.03
-5499.01
-5533.99
-5568.98
-5603.98
-5638.99
-5674.01
-5709.03
-5744.06
-5779.1
-5814.14
-5849.2
-5884.26
-5919.32
-5954.4
-5989.48
-6024.57
-6059.67
-6094.78
-6129.89
-6165.01
-6200.14
-6235.28
-6270.42
-6305.57
-6340.73
-6375.89
-6411.07
-6446.25
-6481.44
-6516.63
-6551.84
-6587.05
-6622.26
-6657.49
-6692.72
-6727.96
-6763.21
-6798.47
-6833.73
-6869
-6904.28
-6939.57
-6974.86
-7010.16
-7045.47
-7080.78
-7116.11
-7151.44
-7186.78
-7222.12
-7257.47
-7292.83
-7328.2
-7363.58
-7398.96
-7434.35
-7469.75
-7505.15
-7540.57
-7575.99
-7611.41
-7646.85
-7682.29
-7717.74
-7753.2
-7788.66
-7824.13
-7859.61
-7895.1
-7930.6
-7966.1
-8001.61
-8037.12
-8072.65
-8108.18
-8143.72
-8179.26
-8214.82
-8250.38
-8285.95
-8321.52
-8357.11
-8392.7
-8428.3
-8463.9
-8499.51
-8535.13
-8570.76
-8606.4
-8642.04
-8677.69
-8713.35
-8749.01
-8784.68
-8820.36
-8856.05
-8891.74
-8927.44
-8963.15
-8998.87
-9034.59
