-81.9046
-163.822
-245.754
-327.698
-409.656
-491.627
-573.612
-655.609
-737.62
-819.645
-901.683
-983.734
-1065.8
-1147.88
-1229.97
-1312.07
-1394.19
-1476.32
-1558.46
-1640.62
-1722.79
-1804.98
-1887.17
-1969.38
-2051.61
-2133.85
-2216.1
-2298.36
-2380.64
-2462.93
-2545.23
-2627.55
-2709.88
-2792.23
-2874.58
-2956.95
-3039.34
-3121.74
-3204.15
-3286.57
-3369.01
-3451.46
-3533.92
-3616.4
-3698.89
-3781.39
-3863.91
-3946.44
-4028.99
-4111.54
-4194.11
-4276.7
-4359.29
-4441.91
-4524.53
-4607.17
-4689.82
-4772.48
-4855.16
-4937.85
-5020.55
-5103.27
-5186
-5268.74
-5351.5
-5434.27
-5517.06
-5599.85
-5682.66
-5765.49
-5848.33
-5931.18
-6014.04
-6096.92
-6179.81
-6262.71
-6345.63
-6428.56
-6511.5
-6594.46
-6677.43
-6760.42
-6843.41
-6926.42
-7009.45
-7092.48
-7175.54
-7258.6
-7341.68
-7424.77
-7507.87
-7590.99
-7674.12
-7757.26
-7840.42
-7923.59
-8006.78
-8089.97
-8173.18
-8256.41
-8339.65
-8422.9
-8506.16
-8589.44
-8672.73
-8756.03
-8839.35
-8922.68
-9006.03
-9089.38
-9172.75
-9256.14
-9339.54
-9422.95
-9506.37
-9589.81
-9673.26
-9756.72
-9840.2
-9923.69
-10007.2
-10090.7
-10174.2
-10257.8
-10341.3
-10424.9
-10508.5
-10592.1
-10675.7
-10759.3
-10843
-10926.6
-11010.3
-11094
-11177.7
-11261.4
-11345.1
-11428.8
-11512.6
-11596.3
-11680.1
-11763.9
-11847.7
-11931.5
-12015.3
-12099.1
-12183
-12266.9
-12350.7
-12434.6
-12518.5
-12602.5
-12686.4
-12770.3
-12854.3
-12938.3
-13022.3
-13106.3
-13190.3
-13274.3
-13358.3
-13442.4
-13526.4
-13610.5
-13694.6
-13778.7
-13862.8
-13947
-14031.1
-14115.3
-14199.5
-14283.6
-14367.8
-14452
-14536.3
-14620.5
-14704.8
-14789
-14873.3
-14957.6
-15041.9
-15126.2
-15210.6
-15294.9
-15379.3
-15463.6
-15548
-15632.4
-15716.8
-15801.3
-15885.7
-15970.2
-16054.6
-16139.1
-16223.6
-16308.1
-16392.6
-16477.2
-16561.7
-16646.3
-16730.8
-16815.4
-16900
-16984.6
-17069.3
-17153.9
-17238.6
-17323.2
-17407.9
-17492.6
-17577.3
-17662
-17746.8
-17831.5
-17916.3
-18001.1
-18085.8
-18170.6
-18255.5
-18340.3
-18425.1
-18510
-18594.9
-18679.7
-18764.6
-18849.5
-18934.5
-19019.4
-19104.3
-19189.3
-19274.3
-19359.3
-19444.3
-19529.3
-19614.3
-19699.4
-19784.4
-19869.5
-19954.6
-20039.7
-20124.8
-20209.9
-20295
-20380.2
-20465.3
-20550.5
-20635.7
-20720.9
-20806.1
-20891.4
-20976.6
-21061.9
-21147.1
-21232.4
-21317.7
-21403
-21488.3
-21573.7
-21659
-21744.4
