-100.439
-200.878
-301.317
-401.755
-502.194
-602.632
-703.071
-803.509
-903.947
-1004.39
-1104.82
-1205.26
-1305.7
-1406.14
-1506.57
-1607.01
-1707.45
-1807.89
-1908.32
-2008.76
-2109.2
-2209.64
-2310.07
-2410.51
-2510.95
-2611.38
-2711.82
-2812.26
-2912.69
-3013.13
-3113.57
-3214
-3314.44
-3414.88
-3515.31
-3615.75
-3716.18
-3816.62
-3917.06
-4017.49
-4117.93
-4218.36
-4318.8
-4419.23
-4519.67
-4620.11
-4720.54
-4820.98
-4921.41
-5021.85
-5122.28
-5222.72
-5323.15
-5423.59
-5524.02
-5624.46
-5724.89
-5825.32
-5925.76
-6026.19
-6126.63
-6227.06
-6327.5
-6427.93
-6528.36
-6628.8
-6729.23
-6829.67
-6930.1
-7030.53
-7130.97
-7231.4
-7331.84
-7432.27
-7532.7
-7633.14
-7733.57
-7834
-7934.44
-8034.87
-8135.3
-8235.74
-8336.17
-8436.6
-8537.04
-8637.47
-8737.9
-8838.33
-8938.77
-9039.2
-9139.63
-9240.06
-9340.5
-9440.93
-9541.36
-9641.8
-9742.23
-9842.66
-9943.09
-10043.5
-10144
-10244.4
-10344.8
-10445.3
-10545.7
-10646.1
-10746.5
-10847
-10947.4
-11047.8
-11148.3
-11248.7
-11349.1
-11449.6
-11550
-11650.4
-11750.9
-11851.3
-11951.7
-12052.2
-12152.6
-12253
-12353.5
-12453.9
-12554.3
-12654.7
-12755.2
-12855.6
-12956
-13056.5
-13156.9
-13257.3
-13357.8
-13458.2
-13558.6
-13659.1
-13759.5
-13859.9
-13960.4
-14060.8
-14161.2
-14261.6
-14362.1
-14462.5
-14562.9
-14663.4
-14763.8
-14864.2
-14964.7
-15065.1
-15165.5
-15266
-15366.4
-15466.8
-15567.2
-15667.7
-15768.1
-15868.5
-15969
-16069.4
-16169.8
-16270.3
-16370.7
-16471.1
-16571.5
-16672
-16772.4
-16872.8
-16973.3
-17073.7
-17174.1
-17274.6
-17375
-17475.4
-17575.8
-17676.3
-17776.7
-17877.1
-17977.6
-18078
-18178.4
-18278.9
-18379.3
-18479.7
-18580.1
-18680.6
-18781
-18881.4
-18981.9
-19082.3
-19182.7
-19283.2
-19383.6
-19484
-19584.4
-19684.9
-19785.3
-19885.7
-19986.2
-20086.6
-20187
-20287.5
-20387.9
-20488.3
-20588.7
-20689.2
-20789.6
-20890
-20990.5
-21090.9
-21191.3
-21291.8
-21392.2
-21492.6
-21593
-21693.5
-21793.9
-21894.3
-21994.8
-22095.2
-22195.6
-22296.1
-22396.5
-22496.9
-22597.3
-22697.8
-22798.2
-22898.6
-22999.1
-23099.5
-23199.9
-23300.4
-23400.8
-23501.2
-23601.6
-23702.1
-23802.5
-23902.9
-24003.4
-24103.8
-24204.2
-24304.7
-24405.1
-24505.5
-24606
-24706.4
-24806.8
-24907.2
-25007.7
-25108.1
-25208.5
-25309
-25409.4
-25509.8
-25610.3
-25710.7
-25811.1
-25911.5
-26012
-26112.4
