-81.7595
-163.506
-245.238
-326.958
-408.664
-490.356
-572.035
-653.701
-735.353
-816.992
-898.617
-980.229
-1061.83
-1143.41
-1224.99
-1306.54
-1388.09
-1469.62
-1551.14
-1632.64
-1714.13
-1795.61
-1877.08
-1958.53
-2039.97
-2121.39
-2202.8
-2284.2
-2365.58
-2446.95
-2528.31
-2609.66
-2690.99
-2772.3
-2853.61
-2934.9
-3016.17
-3097.44
-3178.69
-3259.92
-3341.15
-3422.36
-3503.55
-3584.74
-3665.91
-3747.06
-3828.21
-3909.34
-3990.45
-4071.56
-4152.65
-4233.72
-4314.78
-4395.83
-4476.87
-4557.89
-4638.9
-4719.9
-4800.88
-4881.85
-4962.8
-5043.75
-5124.67
-5205.59
-5286.49
-5367.38
-5448.26
-5529.12
-5609.97
-5690.8
-5771.62
-5852.43
-5933.23
-6014.01
-6094.78
-6175.53
-6256.27
-6337
-6417.72
-6498.42
-6579.1
-6659.78
-6740.44
-6821.09
-6901.72
-6982.34
-7062.95
-7143.55
-7224.13
-7304.69
-7385.25
-7465.79
-7546.32
-7626.83
-7707.33
-7787.82
-7868.29
-7948.75
-8029.2
-8109.63
-8190.05
-8270.46
-8350.86
-8431.24
-8511.6
-8591.96
-8672.3
-8752.62
-8832.94
-8913.24
-8993.52
-9073.8
-9154.06
-9234.3
-9314.54
-9394.76
-9474.96
-9555.16
-9635.34
-9715.5
-9795.66
-9875.8
-9955.92
-10036
-10116.1
-10196.2
-10276.3
-10356.4
-10436.4
-10516.4
-10596.5
-10676.5
-10756.5
-10836.4
-10916.4
-10996.4
-11076.3
-11156.2
-11236.1
-11316
-11395.9
-11475.8
-11555.6
-11635.5
-11715.3
-11795.1
-11875
-11954.7
-12034.5
-12114.3
-12194
-12273.8
-12353.5
-12433.2
-12512.9
-12592.6
-12672.3
-12751.9
-12831.6
-12911.2
-12990.8
-13070.4
-13150
-13229.6
-13309.2
-13388.7
-13468.3
-13547.8
-13627.3
-13706.8
-13786.3
-13865.8
-13945.2
-14024.7
-14104.1
-14183.5
-14262.9
-14342.3
-14421.7
-14501.1
-14580.4
-14659.7
-14739.1
-14818.4
-14897.7
-14977
-15056.2
-15135.5
-15214.7
-15294
-15373.2
-15452.4
-15531.6
-15610.8
-15689.9
-15769.1
-15848.2
-15927.4
-16006.5
-16085.6
-16164.7
-16243.7
-16322.8
-16401.8
-16480.9
-16559.9
-16638.9
-16717.9
-16796.9
-16875.8
-16954.8
-17033.7
-17112.6
-17191.6
-17270.5
-17349.3
-17428.2
-17507.1
-17585.9
-17664.8
-17743.6
-17822.4
-17901.2
-17979.9
-18058.7
-18137.5
-18216.2
-18294.9
-18373.6
-18452.3
-18531
-18609.7
-18688.4
-18767
-18845.6
-18924.3
-19002.9
-19081.5
-19160
-19238.6
-19317.2
-19395.7
-19474.2
-19552.7
-19631.2
-19709.7
-19788.2
-19866.7
-19945.1
-20023.5
-20102
-20180.4
-20258.8
-20337.1
-20415.5
-20493.9
-20572.2
-20650.5
-20728.8
-20807.1
