-101.649
-203.297
-304.943
-406.589
-508.234
-609.878
-711.521
-813.162
-914.803
-1016.44
-1118.08
-1219.72
-1321.36
-1422.99
-1524.63
-1626.26
-1727.89
-1829.53
-1931.16
-2032.79
-2134.42
-2236.04
-2337.67
-2439.3
-2540.92
-2642.55
-2744.17
-2845.79
-2947.41
-3049.03
-3150.65
-3252.27
-3353.89
-3455.5
-3557.12
-3658.73
-3760.35
-3861.96
-3963.57
-4065.18
-4166.79
-4268.4
-4370.01
-4471.61
-4573.22
-4674.82
-4776.42
-4878.03
-4979.63
-5081.23
-5182.83
-5284.43
-5386.03
-5487.62
-5589.22
-5690.81
-5792.41
-5894
-5995.59
-6097.18
-6198.77
-6300.36
-6401.95
-6503.53
-6605.12
-6706.71
-6808.29
-6909.87
-7011.45
-7113.04
-7214.62
-7316.19
-7417.77
-7519.35
-7620.93
-7722.5
-7824.08
-7925.65
-8027.22
-8128.79
-8230.36
-8331.93
-8433.5
-8535.07
-8636.64
-8738.2
-8839.77
-8941.33
-9042.89
-9144.45
-9246.01
-9347.57
-9449.13
-9550.69
-9652.25
-9753.8
-9855.36
-9956.91
-10058.5
-10160
-10261.6
-10363.1
-10464.7
-10566.2
-10667.8
-10769.3
-10870.9
-10972.4
-11073.9
-11175.5
-11277
-11378.6
-11480.1
-11581.6
-11683.2
-11784.7
-11886.3
-11987.8
-12089.3
-12190.9
-12292.4
-12393.9
-12495.5
-12597
-12698.5
-12800
-12901.6
-13003.1
-13104.6
-13206.1
-13307.7
-13409.2
-13510.7
-13612.2
-13713.7
-13815.3
-13916.8
-14018.3
-14119.8
-14221.3
-14322.8
-14424.3
-14525.9
-14627.4
-14728.9
-14830.4
-14931.9
-15033.4
-15134.9
-15236.4
-15337.9
-15439.4
-15540.9
-15642.4
-15743.9
-15845.4
-15946.9
-16048.4
-16149.9
-16251.4
-16352.9
-16454.4
-16555.9
-16657.4
-16758.9
-16860.4
-16961.8
-17063.3
-17164.8
-17266.3
-17367.8
-17469.3
-17570.8
-17672.2
-17773.7
-17875.2
-17976.7
-18078.2
-18179.6
-18281.1
-18382.6
-18484.1
-18585.5
-18687
-18788.5
-18889.9
-18991.4
-19092.9
-19194.4
-19295.8
-19397.3
-19498.8
-19600.2
-19701.7
-19803.1
-19904.6
-20006.1
-20107.5
-20209
-20310.4
-20411.9
-20513.4
-20614.8
-20716.3
-20817.7
-20919.2
-21020.6
-21122.1
-21223.5
-21325
-21426.4
-21527.9
-21629.3
-21730.8
-21832.2
-21933.6
-22035.1
-22136.5
-22238
-22339.4
-22440.8
-22542.3
-22643.7
-22745.2
-22846.6
-22948
-23049.5
-23150.9
-23252.3
-23353.7
-23455.2
-23556.6
-23658
-23759.5
-23860.9
-23962.3
-24063.7
-24165.2
-24266.6
-24368
-24469.4
-24570.8
-24672.3
-24773.7
-24875.1
-24976.5
-25077.9
-25179.3
-25280.7
-25382.2
-25483.6
-25585
-25686.4
-25787.8
-25889.2
-25990.6
-26092
-26193.4
-26294.8
-26396.2
