-82.0232
-164.059
-246.107
-328.168
-410.241
-492.327
-574.426
-656.537
-738.66
-820.797
-902.945
-985.106
-1067.28
-1149.47
-1231.67
-1313.88
-1396.1
-1478.34
-1560.59
-1642.85
-1725.12
-1807.41
-1889.71
-1972.02
-2054.34
-2136.68
-2219.03
-2301.39
-2383.77
-2466.16
-2548.55
-2630.97
-2713.39
-2795.83
-2878.28
-2960.74
-3043.22
-3125.7
-3208.2
-3290.72
-3373.24
-3455.78
-3538.33
-3620.89
-3703.47
-3786.06
-3868.66
-3951.27
-4033.9
-4116.53
-4199.19
-4281.85
-4364.52
-4447.21
-4529.91
-4612.63
-4695.35
-4778.09
-4860.84
-4943.61
-5026.38
-5109.17
-5191.97
-5274.79
-5357.62
-5440.45
-5523.31
-5606.17
-5689.05
-5771.94
-5854.84
-5937.75
-6020.68
-6103.62
-6186.57
-6269.54
-6352.51
-6435.5
-6518.51
-6601.52
-6684.55
-6767.59
-6850.64
-6933.71
-7016.79
-7099.88
-7182.98
-7266.09
-7349.22
-7432.36
-7515.52
-7598.68
-7681.86
-7765.05
-7848.25
-7931.47
-8014.7
-8097.94
-8181.19
-8264.46
-8347.74
-8431.03
-8514.33
-8597.65
-8680.98
-8764.32
-8847.67
-8931.04
-9014.42
-9097.81
-9181.22
-9264.63
-9348.06
-9431.51
-9514.96
-9598.43
-9681.91
-9765.4
-9848.9
-9932.42
-10016
-10099.5
-10183.1
-10266.6
-10350.2
-10433.8
-10517.4
-10601
-10684.6
-10768.3
-10851.9
-10935.6
-11019.3
-11103
-11186.7
-11270.4
-11354.1
-11437.9
-11521.6
-11605.4
-11689.2
-11773
-11856.8
-11940.6
-12024.4
-12108.3
-12192.1
-12276
-12359.9
-12443.8
-12527.7
-12611.6
-12695.5
-12779.5
-12863.5
-12947.4
-13031.4
-13115.4
-13199.4
-13283.4
-13367.5
-13451.5
-13535.6
-13619.6
-13703.7
-13787.8
-13871.9
-13956
-14040.2
-14124.3
-14208.5
-14292.6
-14376.8
-14461
-14545.2
-14629.5
-14713.7
-14797.9
-14882.2
-14966.5
-15050.8
-15135.1
-15219.4
-15303.7
-15388
-15472.4
-15556.7
-15641.1
-15725.5
-15809.9
-15894.3
-15978.7
-16063.1
-16147.6
-16232.1
-16316.5
-16401
-16485.5
-16570
-16654.5
-16739.1
-16823.6
-16908.2
-16992.8
-17077.3
-17161.9
-17246.6
-17331.2
-17415.8
-17500.5
-17585.1
-17669.8
-17754.5
-17839.2
-17923.9
-18008.6
-18093.4
-18178.1
-18262.9
-18347.6
-18432.4
-18517.2
-18602
-18686.9
-18771.7
-18856.6
-18941.4
-19026.3
-19111.2
-19196.1
-19281
-19365.9
-19450.9
-19535.8
-19620.8
-19705.8
-19790.7
-19875.7
-19960.8
-20045.8
-20130.8
-20215.9
-20300.9
-20386
-20471.1
-20556.2
-20641.3
-20726.4
-20811.6
-20896.7
-20981.9
-21067.1
-21152.3
-21237.5
-21322.7
-21407.9
-21493.2
-21578.4
-21663.7
-21748.9
