-82.489
-164.964
-247.425
-329.872
-412.306
-494.725
-577.13
-659.522
-741.899
-824.263
-906.613
-988.948
-1071.27
-1153.58
-1235.87
-1318.15
-1400.42
-1482.67
-1564.91
-1647.13
-1729.34
-1811.54
-1893.72
-1975.89
-2058.04
-2140.18
-2222.31
-2304.42
-2386.52
-2468.61
-2550.68
-2632.74
-2714.78
-2796.81
-2878.82
-2960.82
-3042.81
-3124.79
-3206.75
-3288.69
-3370.62
-3452.54
-3534.44
-3616.33
-3698.21
-3780.07
-3861.92
-3943.75
-4025.57
-4107.38
-4189.17
-4270.95
-4352.72
-4434.47
-4516.2
-4597.93
-4679.64
-4761.33
-4843.01
-4924.68
-5006.33
-5087.97
-5169.6
-5251.21
-5332.81
-5414.39
-5495.96
-5577.52
-5659.06
-5740.59
-5822.1
-5903.6
-5985.09
-6066.56
-6148.02
-6229.46
-6310.89
-6392.31
-6473.71
-6555.1
-6636.48
-6717.84
-6799.19
-6880.52
-6961.84
-7043.15
-7124.44
-7205.72
-7286.98
-7368.23
-7449.47
-7530.69
-7611.9
-7693.09
-7774.27
-7855.44
-7936.59
-8017.73
-8098.85
-8179.97
-8261.06
-8342.15
-8423.21
-8504.27
-8585.31
-8666.34
-8747.35
-8828.35
-8909.34
-8990.31
-9071.27
-9152.21
-9233.14
-9314.06
-9394.96
-9475.85
-9556.73
-9637.59
-9718.44
-9799.27
-9880.09
-9960.89
-10041.7
-10122.5
-10203.2
-10284
-10364.7
-10445.4
-10526.1
-10606.8
-10687.5
-10768.2
-10848.8
-10929.5
-11010.1
-11090.7
-11171.3
-11251.9
-11332.5
-11413
-11493.6
-11574.1
-11654.6
-11735.1
-11815.6
-11896.1
-11976.5
-12057
-12137.4
-12217.8
-12298.2
-12378.6
-12459
-12539.3
-12619.7
-12700
-12780.3
-12860.6
-12940.9
-13021.2
-13101.5
-13181.7
-13262
-13342.2
-13422.4
-13502.6
-13582.8
-13662.9
-13743.1
-13823.2
-13903.4
-13983.5
-14063.6
-14143.7
-14223.7
-14303.8
-14383.8
-14463.9
-14543.9
-14623.9
-14703.9
-14783.8
-14863.8
-14943.7
-15023.7
-15103.6
-15183.5
-15263.4
-15343.3
-15423.1
-15503
-15582.8
-15662.6
-15742.4
-15822.2
-15902
-15981.8
-16061.5
-16141.3
-16221
-16300.7
-16380.4
-16460.1
-16539.7
-16619.4
-16699
-16778.7
-16858.3
-16937.9
-17017.5
-17097
-17176.6
-17256.1
-17335.7
-17415.2
-17494.7
-17574.2
-17653.6
-17733.1
-17812.5
-17892
-17971.4
-18050.8
-18130.2
-18209.6
-18288.9
-18368.3
-18447.6
-18526.9
-18606.3
-18685.6
-18764.8
-18844.1
-18923.4
-19002.6
-19081.8
-19161
-19240.2
-19319.4
-19398.6
-19477.7
-19556.9
-19636
-19715.1
-19794.2
-19873.3
-19952.4
-20031.4
-20110.5
-20189.5
-20268.5
-20347.5
-20426.5
-20505.5
-20584.5
-20663.4
-20742.4
-20821.3
-20900.2
-20979.1
