-81.3776
-162.743
-244.095
-325.434
-406.761
-488.075
-569.376
-650.665
-731.941
-813.204
-894.454
-975.692
-1056.92
-1138.13
-1219.33
-1300.52
-1381.69
-1462.85
-1544
-1625.13
-1706.26
-1787.37
-1868.47
-1949.55
-2030.62
-2111.68
-2192.73
-2273.76
-2354.79
-2435.79
-2516.79
-2597.77
-2678.74
-2759.7
-2840.65
-2921.58
-3002.5
-3083.41
-3164.3
-3245.18
-3326.05
-3406.91
-3487.75
-3568.58
-3649.4
-3730.2
-3811
-3891.77
-3972.54
-4053.3
-4134.04
-4214.77
-4295.48
-4376.19
-4456.88
-4537.56
-4618.22
-4698.87
-4779.51
-4860.14
-4940.75
-5021.36
-5101.95
-5182.52
-5263.09
-5343.64
-5424.17
-5504.7
-5585.21
-5665.71
-5746.2
-5826.67
-5907.14
-5987.59
-6068.02
-6148.45
-6228.86
-6309.26
-6389.64
-6470.01
-6550.37
-6630.72
-6711.06
-6791.38
-6871.69
-6951.98
-7032.27
-7112.54
-7192.8
-7273.04
-7353.28
-7433.5
-7513.71
-7593.9
-7674.08
-7754.25
-7834.41
-7914.55
-7994.69
-8074.8
-8154.91
-8235
-8315.08
-8395.15
-8475.21
-8555.25
-8635.28
-8715.3
-8795.3
-8875.29
-8955.27
-9035.24
-9115.19
-9195.13
-9275.06
-9354.98
-9434.88
-9514.77
-9594.65
-9674.51
-9754.36
-9834.2
-9914.03
-9993.84
-10073.6
-10153.4
-10233.2
-10313
-10392.7
-10472.5
-10552.2
-10631.9
-10711.6
-10791.3
-10871
-10950.6
-11030.3
-11109.9
-11189.5
-11269.1
-11348.7
-11428.3
-11507.9
-11587.5
-11667
-11746.5
-11826.1
-11905.6
-11985.1
-12064.6
-12144
-12223.5
-12302.9
-12382.4
-12461.8
-12541.2
-12620.6
-12700
-12779.3
-12858.7
-12938
-13017.4
-13096.7
-13176
-13255.3
-13334.6
-13413.8
-13493.1
-13572.3
-13651.6
-13730.8
-13810
-13889.2
-13968.4
-14047.5
-14126.7
-14205.8
-14284.9
-14364.1
-14443.2
-14522.3
-14601.3
-14680.4
-14759.5
-14838.5
-14917.5
-14996.5
-15075.5
-15154.5
-15233.5
-15312.5
-15391.4
-15470.4
-15549.3
-15628.2
-15707.1
-15786
-15864.9
-15943.7
-16022.6
-16101.4
-16180.2
-16259
-16337.8
-16416.6
-16495.4
-16574.2
-16652.9
-16731.6
-16810.4
-16889.1
-16967.8
-17046.5
-17125.1
-17203.8
-17282.4
-17361.1
-17439.7
-17518.3
-17596.9
-17675.5
-17754
-17832.6
-17911.1
-17989.7
-18068.2
-18146.7
-18225.2
-18303.7
-18382.2
-18460.6
-18539.1
-18617.5
-18695.9
-18774.3
-18852.7
-18931.1
-19009.5
-19087.8
-19166.1
-19244.5
-19322.8
-19401.1
-19479.4
-19557.7
-19635.9
-19714.2
-19792.4
-19870.7
-19948.9
-20027.1
-20105.3
-20183.4
-20261.6
-20339.8
-20417.9
-20496
-20574.1
-20652.2
-20730.3
