-100.863
-201.726
-302.589
-403.453
-504.317
-605.181
-706.045
-806.909
-907.774
-1008.64
-1109.5
-1210.37
-1311.23
-1412.1
-1512.97
-1613.83
-1714.7
-1815.57
-1916.43
-2017.3
-2118.17
-2219.03
-2319.9
-2420.77
-2521.64
-2622.51
-2723.38
-2824.24
-2925.11
-3025.98
-3126.85
-3227.72
-3328.59
-3429.46
-3530.33
-3631.2
-3732.07
-3832.95
-3933.82
-4034.69
-4135.56
-4236.43
-4337.3
-4438.18
-4539.05
-4639.92
-4740.8
-4841.67
-4942.54
-5043.42
-5144.29
-5245.17
-5346.04
-5446.92
-5547.79
-5648.67
-5749.54
-5850.42
-5951.29
-6052.17
-6153.05
-6253.92
-6354.8
-6455.68
-6556.55
-6657.43
-6758.31
-6859.19
-6960.07
-7060.94
-7161.82
-7262.7
-7363.58
-7464.46
-7565.34
-7666.22
-7767.1
-7867.98
-7968.86
-8069.74
-8170.63
-8271.51
-8372.39
-8473.27
-8574.15
-8675.04
-8775.92
-8876.8
-8977.68
-9078.57
-9179.45
-9280.34
-9381.22
-9482.1
-9582.99
-9683.87
-9784.76
-9885.64
-9986.53
-10087.4
-10188.3
-10289.2
-10390.1
-10491
-10591.8
-10692.7
-10793.6
-10894.5
-10995.4
-11096.3
-11197.2
-11298.1
-11399
-11499.8
-11600.7
-11701.6
-11802.5
-11903.4
-12004.3
-12105.2
-12206.1
-12307
-12407.9
-12508.8
-12609.6
-12710.5
-12811.4
-12912.3
-13013.2
-13114.1
-13215
-13315.9
-13416.8
-13517.7
-13618.6
-13719.5
-13820.4
-13921.3
-14022.2
-14123.1
-14224
-14324.8
-14425.7
-14526.6
-14627.5
-14728.4
-14829.3
-14930.2
-15031.1
-15132
-15232.9
-15333.8
-15434.7
-15535.6
-15636.5
-15737.4
-15838.3
-15939.2
-16040.1
-16141
-16241.9
-16342.8
-16443.7
-16544.6
-16645.5
-16746.4
-16847.3
-16948.3
-17049.2
-17150.1
-17251
-17351.9
-17452.8
-17553.7
-17654.6
-17755.5
-17856.4
-17957.3
-18058.2
-18159.1
-18260
-18360.9
-18461.8
-18562.7
-18663.6
-18764.6
-18865.5
-18966.4
-19067.3
-19168.2
-19269.1
-19370
-19470.9
-19571.8
-19672.7
-19773.7
-19874.6
-19975.5
-20076.4
-20177.3
-20278.2
-20379.1
-20480
-20581
-20681.9
-20782.8
-20883.7
-20984.6
-21085.5
-21186.4
-21287.4
-21388.3
-21489.2
-21590.1
-21691
-21791.9
-21892.8
-21993.8
-22094.7
-22195.6
-22296.5
-22397.4
-22498.4
-22599.3
-22700.2
-22801.1
-22902
-23002.9
-23103.9
-23204.8
-23305.7
-23406.6
-23507.6
-23608.5
-23709.4
-23810.3
-23911.2
-24012.2
-24113.1
-24214
-24314.9
-24415.9
-24516.8
-24617.7
-24718.6
-24819.6
-24920.5
-25021.4
-25122.3
-25223.3
-25324.2
-25425.1
-25526
-25627
-25727.9
-25828.8
-25929.7
-26030.7
-26131.6
-26232.5
