-81.4553
-162.924
-244.405
-325.899
-407.407
-488.927
-570.461
-652.007
-733.567
-815.14
-896.725
-978.324
-1059.94
-1141.56
-1223.2
-1304.85
-1386.51
-1468.19
-1549.88
-1631.58
-1713.3
-1795.03
-1876.77
-1958.53
-2040.3
-2122.08
-2203.87
-2285.68
-2367.5
-2449.33
-2531.18
-2613.04
-2694.91
-2776.8
-2858.7
-2940.61
-3022.53
-3104.47
-3186.42
-3268.39
-3350.36
-3432.35
-3514.36
-3596.37
-3678.4
-3760.45
-3842.5
-3924.57
-4006.65
-4088.75
-4170.85
-4252.98
-4335.11
-4417.26
-4499.42
-4581.59
-4663.78
-4745.97
-4828.19
-4910.41
-4992.65
-5074.9
-5157.17
-5239.44
-5321.73
-5404.04
-5486.36
-5568.68
-5651.03
-5733.38
-5815.75
-5898.13
-5980.53
-6062.94
-6145.36
-6227.79
-6310.24
-6392.7
-6475.18
-6557.66
-6640.16
-6722.67
-6805.2
-6887.74
-6970.29
-7052.86
-7135.43
-7218.03
-7300.63
-7383.25
-7465.88
-7548.52
-7631.18
-7713.85
-7796.53
-7879.23
-7961.93
-8044.66
-8127.39
-8210.14
-8292.9
-8375.67
-8458.46
-8541.26
-8624.08
-8706.9
-8789.74
-8872.59
-8955.46
-9038.34
-9121.23
-9204.14
-9287.05
-9369.98
-9452.93
-9535.89
-9618.86
-9701.84
-9784.84
-9867.85
-9950.87
-10033.9
-10117
-10200
-10283.1
-10366.2
-10449.3
-10532.4
-10615.5
-10698.7
-10781.8
-10865
-10948.2
-11031.4
-11114.6
-11197.8
-11281
-11364.3
-11447.5
-11530.8
-11614.1
-11697.4
-11780.7
-11864
-11947.3
-12030.7
-12114.1
-12197.4
-12280.8
-12364.2
-12447.6
-12531.1
-12614.5
-12698
-12781.4
-12864.9
-12948.4
-13031.9
-13115.4
-13199
-13282.5
-13366.1
-13449.6
-13533.2
-13616.8
-13700.4
-13784.1
-13867.7
-13951.3
-14035
-14118.7
-14202.4
-14286.1
-14369.8
-14453.5
-14537.3
-14621
-14704.8
-14788.6
-14872.4
-14956.2
-15040
-15123.8
-15207.7
-15291.5
-15375.4
-15459.3
-15543.2
-15627.1
-15711
-15795
-15878.9
-15962.9
-16046.9
-16130.9
-16214.9
-16298.9
-16382.9
-16467
-16551
-16635.1
-16719.2
-16803.3
-16887.4
-16971.5
-17055.6
-17139.8
-17224
-17308.1
-17392.3
-17476.5
-17560.7
-17645
-17729.2
-17813.5
-17897.7
-17982
-18066.3
-18150.6
-18234.9
-18319.2
-18403.6
-18488
-18572.3
-18656.7
-18741.1
-18825.5
-18909.9
-18994.4
-19078.8
-19163.3
-19247.8
-19332.3
-19416.8
-19501.3
-19585.8
-19670.3
-19754.9
-19839.5
-19924.1
-20008.6
-20093.3
-20177.9
-20262.5
-20347.2
-20431.8
-20516.5
-20601.2
-20685.9
-20770.6
-20855.3
-20940.1
-21024.8
-21109.6
-21194.4
-21279.1
-21363.9
-21448.8
-21533.6
-21618.4
