-93.8975
-187.793
-281.687
-375.58
-469.47
-563.359
-657.246
-751.132
-845.015
-938.897
-1032.78
-1126.66
-1220.53
-1314.41
-1408.28
-1502.15
-1596.02
-1689.89
-1783.76
-1877.62
-1971.48
-2065.34
-2159.2
-2253.06
-2346.92
-2440.77
-2534.62
-2628.47
-2722.32
-2816.17
-2910.01
-3003.86
-3097.7
-3191.54
-3285.38
-3379.22
-3473.05
-3566.88
-3660.72
-3754.55
-3848.37
-3942.2
-4036.02
-4129.85
-4223.67
-4317.49
-4411.31
-4505.12
-4598.94
-4692.75
-4786.56
-4880.37
-4974.18
-5067.98
-5161.78
-5255.59
-5349.39
-5443.19
-5536.98
-5630.78
-5724.57
-5818.36
-5912.15
-6005.94
-6099.73
-6193.51
-6287.3
-6381.08
-6474.86
-6568.64
-6662.41
-6756.19
-6849.96
-6943.73
-7037.5
-7131.27
-7225.03
-7318.8
-7412.56
-7506.32
-7600.08
-7693.84
-7787.59
-7881.35
-7975.1
-8068.85
-8162.6
-8256.34
-8350.09
-8443.83
-8537.57
-8631.31
-8725.05
-8818.79
-8912.52
-9006.26
-9099.99
-9193.72
-9287.45
-9381.17
-9474.9
-9568.62
-9662.34
-9756.06
-9849.78
-9943.5
-10037.2
-10130.9
-10224.6
-10318.3
-10412.1
-10505.8
-10599.5
-10693.2
-10786.9
-10880.6
-10974.3
-11068
-11161.6
-11255.3
-11349
-11442.7
-11536.4
-11630.1
-11723.8
-11817.5
-11911.1
-12004.8
-12098.5
-12192.2
-12285.8
-12379.5
-12473.2
-12566.9
-12660.5
-12754.2
-12847.8
-12941.5
-13035.2
-13128.8
-13222.5
-13316.1
-13409.8
-13503.4
-13597.1
-13690.7
-13784.4
-13878
-13971.7
-14065.3
-14158.9
-14252.6
-14346.2
-14439.9
-14533.5
-14627.1
-14720.7
-14814.4
-14908
-15001.6
-15095.2
-15188.9
-15282.5
-15376.1
-15469.7
-15563.3
-15656.9
-15750.6
-15844.2
-15937.8
-16031.4
-16125
-16218.6
-16312.2
-16405.8
-16499.4
-16593
-16686.6
-16780.2
-16873.7
-16967.3
-17060.9
-17154.5
-17248.1
-17341.7
-17435.3
-17528.8
-17622.4
-17716
-17809.6
-17903.1
-17996.7
-18090.3
-18183.8
-18277.4
-18371
-18464.5
-18558.1
-18651.6
-18745.2
-18838.7
-18932.3
-19025.8
-19119.4
-19212.9
-19306.5
-19400
-19493.6
-19587.1
-19680.7
-19774.2
-19867.7
-19961.3
-20054.8
-20148.3
-20241.9
-20335.4
-20428.9
-20522.4
-20616
-20709.5
-20803
-20896.5
-20990
-21083.5
-21177.1
-21270.6
-21364.1
-21457.6
-21551.1
-21644.6
-21738.1
-21831.6
-21925.1
-22018.6
-22112.1
-22205.6
-22299.1
-22392.6
-22486.1
-22579.5
-22673
-22766.5
-22860
-22953.5
-23047
-23140.4
-23233.9
-23327.4
-23420.8
-23514.3
-23607.8
-23701.3
-23794.7
-23888.2
-23981.6
-24075.1
-24168.6
-24262
-24355.5
