-75.9774
-151.965
-227.964
-303.973
-379.992
-456.022
-532.063
-608.114
-684.175
-760.247
-836.33
-912.423
-988.527
-1064.64
-1140.77
-1216.9
-1293.05
-1369.2
-1445.37
-1521.55
-1597.74
-1673.93
-1750.14
-1826.36
-1902.59
-1978.83
-2055.08
-2131.35
-2207.62
-2283.9
-2360.19
-2436.5
-2512.81
-2589.14
-2665.47
-2741.82
-2818.17
-2894.54
-2970.92
-3047.31
-3123.7
-3200.11
-3276.53
-3352.96
-3429.4
-3505.85
-3582.32
-3658.79
-3735.27
-3811.76
-3888.27
-3964.78
-4041.31
-4117.84
-4194.39
-4270.94
-4347.51
-4424.09
-4500.68
-4577.27
-4653.88
-4730.5
-4807.13
-4883.77
-4960.42
-5037.09
-5113.76
-5190.44
-5267.13
-5343.84
-5420.55
-5497.28
-5574.01
-5650.76
-5727.51
-5804.28
-5881.06
-5957.85
-6034.64
-6111.45
-6188.27
-6265.1
-6341.94
-6418.79
-6495.66
-6572.53
-6649.41
-6726.3
-6803.21
-6880.12
-6957.05
-7033.98
-7110.93
-7187.88
-7264.85
-7341.83
-7418.82
-7495.82
-7572.82
-7649.84
-7726.87
-7803.91
-7880.97
-7958.03
-8035.1
-8112.18
-8189.28
-8266.38
-8343.49
-8420.62
-8497.75
-8574.9
-8652.06
-8729.22
-8806.4
-8883.59
-8960.79
-9038
-9115.22
-9192.45
-9269.69
-9346.94
-9424.2
-9501.47
-9578.75
-9656.05
-9733.35
-9810.67
-9887.99
-9965.33
-10042.7
-10120
-10197.4
-10274.8
-10352.2
-10429.6
-10507
-10584.4
-10661.8
-10739.3
-10816.7
-10894.2
-10971.6
-11049.1
-11126.6
-11204.1
-11281.6
-11359.2
-11436.7
-11514.2
-11591.8
-11669.4
-11746.9
-11824.5
-11902.1
-11979.7
-12057.4
-12135
-12212.6
-12290.3
-12367.9
-12445.6
-12523.3
-12601
-12678.7
-12756.4
-12834.1
-12911.9
-12989.6
-13067.4
-13145.1
-13222.9
-13300.7
-13378.5
-13456.3
-13534.1
-13612
-13689.8
-13767.7
-13845.5
-13923.4
-14001.3
-14079.2
-14157.1
-14235
-14312.9
-14390.8
-14468.8
-14546.8
-14624.7
-14702.7
-14780.7
-14858.7
-14936.7
-15014.7
-15092.7
-15170.8
-15248.8
-15326.9
-15405
-15483.1
-15561.1
-15639.3
-15717.4
-15795.5
-15873.6
-15951.8
-16029.9
-16108.1
-16186.3
-16264.5
-16342.7
-16420.9
-16499.1
-16577.3
-16655.6
-16733.8
-16812.1
-16890.3
-16968.6
-17046.9
-17125.2
-17203.5
-17281.9
-17360.2
-17438.6
-17516.9
-17595.3
-17673.7
-17752
-17830.4
-17908.8
-17987.3
-18065.7
-18144.1
-18222.6
-18301.1
-18379.5
-18458
-18536.5
-18615
-18693.5
-18772
-18850.6
-18929.1
-19007.7
-19086.3
-19164.8
-19243.4
-19322
-19400.6
-19479.3
-19557.9
-19636.5
-19715.2
-19793.8
-19872.5
-19951.2
-20029.9
-20108.6
