-77.3208
-154.629
-231.923
-309.205
-386.474
-463.73
-540.973
-618.202
-695.419
-772.623
-849.814
-926.991
-1004.16
-1081.31
-1158.45
-1235.57
-1312.69
-1389.78
-1466.87
-1543.95
-1621.01
-1698.05
-1775.09
-1852.11
-1929.12
-2006.11
-2083.1
-2160.07
-2237.02
-2313.97
-2390.9
-2467.82
-2544.72
-2621.61
-2698.49
-2775.36
-2852.21
-2929.05
-3005.88
-3082.69
-3159.49
-3236.28
-3313.05
-3389.82
-3466.57
-3543.3
-3620.02
-3696.73
-3773.43
-3850.12
-3926.79
-4003.44
-4080.09
-4156.72
-4233.34
-4309.95
-4386.54
-4463.12
-4539.69
-4616.24
-4692.78
-4769.31
-4845.82
-4922.33
-4998.82
-5075.29
-5151.76
-5228.21
-5304.64
-5381.07
-5457.48
-5533.88
-5610.26
-5686.64
-5762.99
-5839.34
-5915.67
-5992
-6068.3
-6144.6
-6220.88
-6297.15
-6373.4
-6449.65
-6525.88
-6602.09
-6678.3
-6754.49
-6830.67
-6906.83
-6982.98
-7059.12
-7135.25
-7211.36
-7287.46
-7363.55
-7439.62
-7515.68
-7591.73
-7667.77
-7743.79
-7819.8
-7895.79
-7971.78
-8047.75
-8123.71
-8199.65
-8275.58
-8351.5
-8427.41
-8503.3
-8579.18
-8655.04
-8730.9
-8806.74
-8882.57
-8958.38
-9034.18
-9109.97
-9185.75
-9261.51
-9337.26
-9413
-9488.72
-9564.44
-9640.13
-9715.82
-9791.49
-9867.15
-9942.8
-10018.4
-10094.1
-10169.7
-10245.3
-10320.8
-10396.4
-10472
-10547.5
-10623
-10698.6
-10774.1
-10849.5
-10925
-11000.5
-11075.9
-11151.4
-11226.8
-11302.2
-11377.6
-11453
-11528.4
-11603.7
-11679.1
-11754.4
-11829.8
-11905.1
-11980.4
-12055.6
-12130.9
-12206.2
-12281.4
-12356.7
-12431.9
-12507.1
-12582.3
-12657.5
-12732.6
-12807.8
-12882.9
-12958
-13033.2
-13108.3
-13183.4
-13258.4
-13333.5
-13408.5
-13483.6
-13558.6
-13633.6
-13708.6
-13783.6
-13858.6
-13933.5
-14008.5
-14083.4
-14158.4
-14233.3
-14308.2
-14383
-14457.9
-14532.8
-14607.6
-14682.4
-14757.3
-14832.1
-14906.9
-14981.6
-15056.4
-15131.2
-15205.9
-15280.6
-15355.3
-15430.1
-15504.7
-15579.4
-15654.1
-15728.7
-15803.4
-15878
-15952.6
-16027.2
-16101.8
-16176.4
-16250.9
-16325.5
-16400
-16474.5
-16549
-16623.5
-16698
-16772.5
-16846.9
-16921.4
-16995.8
-17070.2
-17144.6
-17219
-17293.4
-17367.8
-17442.1
-17516.5
-17590.8
-17665.1
-17739.4
-17813.7
-17888
-17962.3
-18036.5
-18110.7
-18185
-18259.2
-18333.4
-18407.6
-18481.7
-18555.9
-18630
-18704.2
-18778.3
-18852.4
-18926.5
-19000.6
-19074.7
-19148.7
-19222.8
-19296.8
-19370.8
-19444.8
-19518.8
-19592.8
-19666.8
