-38.2926
-76.5819
-114.868
-153.151
-191.43
-229.706
-267.979
-306.248
-344.515
-382.777
-421.037
-459.293
-497.546
-535.796
-574.042
-612.286
-650.525
-688.762
-726.995
-765.225
-803.451
-841.674
-879.894
-918.111
-956.324
-994.534
-1032.74
-1070.94
-1109.14
-1147.34
-1185.53
-1223.72
-1261.91
-1300.09
-1338.27
-1376.45
-1414.62
-1452.79
-1490.96
-1529.12
-1567.28
-1605.44
-1643.59
-1681.74
-1719.89
-1758.03
-1796.17
-1834.31
-1872.44
-1910.57
-1948.7
-1986.82
-2024.94
-2063.06
-2101.17
-2139.28
-2177.39
-2215.49
-2253.59
-2291.69
-2329.78
-2367.87
-2405.96
-2444.04
-2482.12
-2520.2
-2558.27
-2596.34
-2634.4
-2672.47
-2710.53
-2748.58
-2786.63
-2824.68
-2862.73
-2900.77
-2938.81
-2976.85
-3014.88
-3052.91
-3090.93
-3128.96
-3166.97
-3204.99
-3243
-3281.01
-3319.02
-3357.02
-3395.02
-3433.01
-3471
-3508.99
-3546.98
-3584.96
-3622.94
-3660.91
-3698.88
-3736.85
-3774.82
-3812.78
-3850.73
-3888.69
-3926.64
-3964.59
-4002.53
-4040.47
-4078.41
-4116.34
-4154.27
-4192.2
-4230.12
-4268.04
-4305.96
-4343.88
-4381.79
-4419.69
-4457.59
-4495.49
-4533.39
-4571.28
-4609.17
-4647.06
-4684.94
-4722.82
-4760.7
-4798.57
-4836.44
-4874.3
-4912.17
-4950.02
-4987.88
-5025.73
-5063.58
-5101.42
-5139.27
-5177.1
-5214.94
-5252.77
-5290.6
-5328.42
-5366.24
-5404.06
-5441.87
-5479.68
-5517.49
-5555.29
-5593.09
-5630.89
-5668.68
-5706.47
-5744.26
-5782.04
-5819.82
-5857.6
-5895.37
-5933.14
-5970.91
-6008.67
-6046.43
-6084.18
-6121.93
-6159.68
-6197.43
-6235.17
-6272.91
-6310.64
-6348.37
-6386.1
-6423.82
-6461.54
-6499.26
-6536.97
-6574.68
-6612.39
-6650.09
-6687.79
-6725.49
-6763.18
-6800.87
-6838.55
-6876.24
-6913.92
-6951.59
-6989.26
-7026.93
-7064.59
-7102.26
-7139.91
-7177.57
-7215.22
-7252.87
-7290.51
-7328.15
-7365.79
-7403.42
-7441.05
-7478.68
-7516.3
-7553.92
-7591.53
-7629.14
-7666.75
-7704.36
-7741.96
-7779.56
-7817.15
-7854.74
-7892.33
-7929.92
-7967.5
-8005.07
-8042.65
-8080.22
-8117.78
-8155.35
-8192.9
-8230.46
-8268.01
-8305.56
-8343.11
-8380.65
-8418.19
-8455.72
-8493.25
-8530.78
-8568.3
-8605.83
-8643.34
-8680.86
-8718.37
-8755.87
-8793.37
-8830.87
-8868.37
-8905.86
-8943.35
-8980.84
-9018.32
-9055.8
-9093.27
-9130.74
-9168.21
-9205.67
-9243.13
-9280.59
-9318.04
-9355.49
-9392.94
-9430.38
-9467.82
-9505.25
-9542.69
-9580.11
-9617.54
-9654.96
-9692.38
-9729.79
-9767.2
-9804.61
-9842.01
