-44.1429
-88.27
-132.381
-176.476
-220.556
-264.619
-308.667
-352.699
-396.715
-440.715
-484.699
-528.667
-572.62
-616.556
-660.477
-704.382
-748.271
-792.145
-836.002
-879.844
-923.669
-967.479
-1011.27
-1055.05
-1098.81
-1142.56
-1186.29
-1230.01
-1273.71
-1317.39
-1361.06
-1404.71
-1448.34
-1491.96
-1535.57
-1579.16
-1622.73
-1666.29
-1709.83
-1753.35
-1796.86
-1840.36
-1883.84
-1927.3
-1970.74
-2014.18
-2057.59
-2100.99
-2144.37
-2187.74
-2231.09
-2274.43
-2317.75
-2361.05
-2404.34
-2447.62
-2490.87
-2534.12
-2577.34
-2620.55
-2663.75
-2706.93
-2750.09
-2793.24
-2836.37
-2879.48
-2922.59
-2965.67
-3008.74
-3051.79
-3094.83
-3137.85
-3180.86
-3223.85
-3266.82
-3309.78
-3352.72
-3395.65
-3438.56
-3481.46
-3524.34
-3567.21
-3610.06
-3652.89
-3695.71
-3738.51
-3781.3
-3824.07
-3866.82
-3909.56
-3952.29
-3994.99
-4037.69
-4080.36
-4123.03
-4165.67
-4208.3
-4250.92
-4293.51
-4336.1
-4378.67
-4421.22
-4463.75
-4506.28
-4548.78
-4591.27
-4633.74
-4676.2
-4718.65
-4761.07
-4803.48
-4845.88
-4888.26
-4930.63
-4972.97
-5015.31
-5057.63
-5099.93
-5142.22
-5184.49
-5226.74
-5268.98
-5311.21
-5353.42
-5395.61
-5437.79
-5479.95
-5522.1
-5564.23
-5606.34
-5648.45
-5690.53
-5732.6
-5774.65
-5816.69
-5858.71
-5900.72
-5942.71
-5984.69
-6026.65
-6068.59
-6110.52
-6152.44
-6194.33
-6236.22
-6278.09
-6319.94
-6361.77
-6403.59
-6445.4
-6487.19
-6528.96
-6570.72
-6612.47
-6654.19
-6695.91
-6737.6
-6779.29
-6820.95
-6862.6
-6904.24
-6945.86
-6987.46
-7029.05
-7070.62
-7112.18
-7153.72
-7195.25
-7236.76
-7278.26
-7319.74
-7361.2
-7402.65
-7444.09
-7485.51
-7526.91
-7568.3
-7609.67
-7651.03
-7692.37
-7733.7
-7775.01
-7816.3
-7857.58
-7898.85
-7940.1
-7981.33
-8022.55
-8063.75
-8104.94
-8146.11
-8187.27
-8228.41
-8269.54
-8310.65
-8351.75
-8392.83
-8433.89
-8474.94
-8515.97
-8556.99
-8598
-8638.98
-8679.96
-8720.91
-8761.86
-8802.78
-8843.69
-8884.59
-8925.47
-8966.34
-9007.19
-9048.02
-9088.84
-9129.64
-9170.43
-9211.21
-9251.96
-9292.71
-9333.43
-9374.15
-9414.84
-9455.52
-9496.19
-9536.84
-9577.48
-9618.1
-9658.7
-9699.29
-9739.87
-9780.42
-9820.97
-9861.5
-9902.01
-9942.51
-9982.99
-10023.5
-10063.9
-10104.3
-10144.8
-10185.2
-10225.6
-10265.9
-10306.3
-10346.6
-10387
-10427.3
-10467.6
-10507.9
-10548.1
-10588.4
-10628.6
-10668.9
-10709.1
-10749.3
-10789.4
-10829.6
-10869.8
-10909.9
-10950
