-1198.7252
-2397.4527999999996
-3596.1799999999994
-4794.910999999999
-5993.644000000001
-7192.3769999999995
-8391.116
-9589.851999999999
-10788.591999999999
-11987.339000000002
-13186.073000000002
-14384.827999999998
-15583.585000000001
-16782.335
-17981.098
-19179.822
-20378.592
-21577.351
-22776.106999999996
-23974.863999999998
-25173.636
-26372.387
-27571.154000000002
-28769.935
-29968.703999999998
-31167.47200000001
-32366.254
-33565.028
-34763.809
-35962.6
-37161.38
-38360.189999999995
-39558.950000000004
-40757.74999999999
-41956.549999999996
-43155.350000000006
-44354.130000000005
-45552.950000000004
-46751.77
-47950.55
-49149.340000000004
-50348.17
-51546.969999999994
-52745.78999999999
-53944.61
-55143.41999999999
-56342.259999999995
-57541.07
-58739.880000000005
-59938.73
-61137.54999999999
-62336.39000000001
-63535.21000000001
-64734.06
-65932.87999999999
-67131.74999999999
-68330.58
-69529.42
-70728.26
-71927.11000000002
-73125.95000000001
-74324.81
-75523.68000000001
-76722.53000000001
-77921.39999999997
-79120.25999999998
-80319.15999999999
-81518.01
-82716.85999999999
-83915.74999999999
-85114.62
-86313.49
-87512.38
-88711.27999999998
-89910.14
-91109.03
-92307.90999999999
-93506.82
-94705.71
-95904.60000000002
-97103.49
-98302.43000000001
-99501.31
-100700.23
-101899.17000000003
-103098.05999999998
-104296.99000000003
-105495.89000000001
-106694.81000000001
-107893.71999999997
-109092.65999999997
-110291.56999999999
-111490.54000000001
-112689.43000000001
-113888.37000000002
-115087.31999999999
-116286.26000000001
-117485.2
-118684.17
-119883.04
-121082.11999999998
-122281.0
-123479.98
-124678.99999999999
-125877.89000000001
-127076.78
-128275.77
-129474.75
-130673.67
-131872.67
-133071.76
-134270.78999999998
-135469.69999999998
-136668.63
-137867.66
-139066.61000000002
-140265.74000000002
-141464.67999999996
-142663.54
-143862.67999999996
-145061.69
-146260.59
-147459.84999999998
-148658.72
-149857.49000000002
-151056.6
-152255.72000000003
-153454.74999999997
-154653.57000000004
-155852.8
-157051.84
-158250.91
-159450.09
-160649.16
-161848.06999999998
-163047.27000000002
-164246.19
-165445.20999999996
-166644.24000000002
-167843.28
-169042.42
-170241.28
-171440.43999999997
-172639.49999999997
-173838.4
-175037.59
-176236.78999999998
-177435.79
-178634.90000000002
-179833.93
-181032.87
-182232.31000000003
-183431.16
-184630.33
-185829.47999999998
-187028.57000000004
-188227.76
-189426.76
-190625.86
-191825.07
-193023.99
-194223.41999999998
-195422.45999999996
-196621.5
-197820.66
-199019.82
-200218.79
-201418.18
-202617.26000000004
-203816.47
-205015.78
-206214.88
-207414.02000000002
-208613.06000000003
-209812.09999999998
-211011.45
-212210.61999999997
-213409.68
-214609.06000000003
-215808.14
-217007.36
-218206.46000000002
-219405.66
-220604.88
-221804.01
-223003.36
-224202.30999999997
-225401.66
-226600.93000000002
-227800.11000000002
-228999.39
-230198.58000000002
-231397.68
-232596.99999999997
-233796.11000000004
-234995.55000000002
-236194.68999999997
-237393.93
-238593.28000000003
-239792.44
-240991.61000000002
-242190.8
-243390.18999999997
-244589.38999999998
-245788.59
-246987.91999999998
-248187.34000000003
-249386.57
-250585.72000000006
-251785.16999999998
-252984.33000000002
-254183.71
-255383.08999999997
-256582.27
-257781.56999999995
-258980.77
-260180.09
-261379.31
-262578.75
-263777.98
-264977.24000000005
-266176.60000000003
-267376.06
-268575.23999999993
-269774.5200000001
-270974.02
-272173.32999999996
-273372.54000000004
-274572.07
-275771.34
-276970.7
-278170.05999999994
-279369.62
-280568.86000000004
-281768.08999999997
-282967.69999999995
-284166.96
-285366.4000000001
-286565.74999999994
-287765.19
-288964.35000000003
-290164.01
-291363.17
-292562.52999999997
-293762.00000000006
-294961.47
-296160.85
-297360.13999999996
-298559.72000000003
-299759.00999999995
-300958.5
-302158.2
-303357.39
-304556.89999999997
-305756.51
-306955.51999999996
-308155.0299999999
-309354.64999999997
-310553.98000000004
-311753.39999999997
