0.000105823
0.000198431
0.000281246
0.00035671
0.000426615
0.000492305
0.000554809
0.000614924
0.000673278
0.000730367
0.000786561
0.00084208
0.000896903
0.000950626
0.0010026
0.001053
0.00110314
0.0011541
0.00120641
0.00126032
0.001316
0.00137355
0.00143305
0.00149454
0.00155804
0.00162356
0.0016911
0.00176061
0.001832
0.00190511
0.00197975
0.00205557
0.00213206
0.00220854
0.0022846
0.0023606
0.00243734
0.00251531
0.00259455
0.00267494
0.00275653
0.00283962
0.00292446
0.00301116
0.0030997
0.00318996
0.00328172
0.00337473
0.0034689
0.00356436
0.00366137
0.00376011
0.0038607
0.00396317
0.00406751
0.00417371
0.00428174
0.00439149
0.0045028
0.00461545
0.00472921
0.00484405
0.00496014
0.00507772
0.00519697
0.00531798
0.00544079
0.00556542
0.00569186
0.00582012
0.00595018
0.00608204
0.00621568
0.00635111
0.00648829
0.00662721
0.00676784
0.00691012
0.00705402
0.00719944
0.00734631
0.00749453
0.00764404
0.00779482
0.00794689
0.00810036
0.00825531
0.00841185
0.00857004
0.00872992
0.00889152
0.00905486
0.00921994
0.00938677
0.00955535
0.00972568
0.00989775
0.0100716
0.0102471
0.0104245
0.0106035
0.0107843
0.0109668
0.0111511
0.0113371
0.0115248
0.0117143
0.0119054
0.0120983
0.0122929
0.0124893
0.0126873
0.0128871
0.0130885
0.0132917
0.0134966
0.0137031
0.0139113
0.0141212
0.0143327
0.0145459
0.0147607
0.014977
0.015195
0.0154145
0.0156356
0.0158581
0.0160821
0.0163076
0.0165344
0.0167627
0.0169923
0.0172234
0.0174558
0.0176898
0.0179253
0.0181624
0.0184012
0.0186416
0.0188837
0.0191274
0.0193728
0.0196199
0.0198687
0.0201192
0.0203714
0.0206253
0.0208809
0.0211382
0.0213972
0.0216579
0.0219203
0.0221844
0.0224503
0.0227178
0.0229871
0.023258
0.0235307
0.0238051
0.0240811
0.0243589
0.0246385
0.0249197
0.0252026
0.0254872
0.0257736
0.0260617
0.0263515
0.026643
0.0269362
0.0272314
0.0275284
0.0278271
0.0281276
0.0284299
0.0287338
0.0290395
0.029347
0.0296561
0.0299671
0.0302797
0.0305941
0.0309102
0.0312281
0.0315477
0.031869
0.0321921
0.0325169
0.0328435
0.0331718
0.0335019
0.0338337
0.0341672
0.0345025
0.0348395
0.0351783
0.0355189
0.0358611
0.0362052
0.0365509
0.0368985
