-2602.13
-4770.59
-6605.47
-8178.25
-9541.35
-10734.1
-11786.5
-12722
-13558.9
-14311.5
-14989.6
-15597.2
-16125.7
-16544.7
-16805.1
-16896.4
-16875.1
-16792.6
-16673.2
-16528.5
-16365.9
-16189.9
-16005.1
-15813.5
-15617.5
-15419.9
-15220.6
-15019.9
-14819.6
-14620.4
-14420.6
-14218.1
-14011.8
-13800.6
-13584
-13364.9
-13147.4
-12934
-12725
-12520.1
-12319.3
-12123.6
-11933.5
-11749.1
-11570.2
-11396.3
-11226.9
-11061.3
-10899.3
-10740.8
-10586.3
-10436
-10289.8
-10147.7
-10009.5
-9875.08
-9744.28
-9616.81
-9492.42
-9370.76
-9251.5
-9134.42
-9019.66
-8907.41
-8797.77
-8690.74
-8586.3
-8484.35
-8384.82
-8287.62
-8192.69
-8099.93
-8009.28
-7920.66
-7833.99
-7749.21
-7666.23
-7584.98
-7505.39
-7427.35
-7350.8
-7275.63
-7201.79
-7129.21
-7057.88
-6987.81
-6918.99
-6851.45
-6785.16
-6720.12
-6656.3
-6593.67
-6532.22
-6471.89
-6412.68
-6354.54
-6297.45
-6241.38
-6186.3
-6132.2
-6079.03
-6026.79
-5975.44
-5924.96
-5875.33
-5826.53
-5778.54
-5731.34
-5684.9
-5639.22
-5594.27
-5550.03
-5506.48
-5463.62
-5421.42
-5379.87
-5338.95
-5298.65
-5258.94
-5219.83
-5181.28
-5143.3
-5105.85
-5068.94
-5032.54
-4996.64
-4961.23
-4926.29
-4891.81
-4857.78
-4824.18
-4791.02
-4758.26
-4725.74
-4694.01
-4662.48
-4631.35
-4600.61
-4570.26
-4540.29
-4510.71
-4481.51
-4452.68
-4424.22
-4396.12
-4368.38
-4340.98
-4313.92
-4287.21
-4260.82
-4234.76
-4209.01
-4183.58
-4158.46
-4133.64
-4109.12
-4084.88
-4060.94
-4037.27
-4013.88
-3990.77
-3967.92
-3945.33
-3923
-3900.92
-3879.09
-3857.51
-3836.17
-3815.06
-3794.13
-3773.51
-3753.08
-3732.85
-3712.84
-3693.04
-3673.45
-3654.07
-3634.89
-3615.91
-3597.13
-3578.55
-3560.15
-3541.94
-3523.92
-3506.08
-3488.42
-3470.94
-3453.63
-3436.5
-3419.53
-3402.73
-3386.09
-3369.62
-3353.31
-3337.15
-3321.15
-3305.3
-3289.6
-3274.05
-3258.64
-3243.38
