4.8573e-005
9.34725e-005
0.000135917
0.000176778
0.000216693
0.000256142
0.00029549
0.000335022
0.000374965
0.000415496
0.000456763
0.000498884
0.000541957
0.000586066
0.000631278
0.000677653
0.000725238
0.000774074
0.000824197
0.000875631
0.000928397
0.000982512
0.00103799
0.00109484
0.00115306
0.00121265
0.00127359
0.0013359
0.00139957
0.00146461
0.00153103
0.00159885
0.00166806
0.00173867
0.00181071
0.0018842
0.00195912
0.00203546
0.00211325
0.00219255
0.00227339
0.00235576
0.00243963
0.00252502
0.00261195
0.00270048
0.00279064
0.00288242
0.00297581
0.00307076
0.00316724
0.00326523
0.00336478
0.00346594
0.00356877
0.00367332
0.0037796
0.0038876
0.00399731
0.00410871
0.00422174
0.00433639
0.00445259
0.00457032
0.00468954
0.00481026
0.0049325
0.00505627
0.00518163
0.00530861
0.00543722
0.0055675
0.00569946
0.0058331
0.00596844
0.00610548
0.00624422
0.00638468
0.00652684
0.00667072
0.00681631
0.00696361
0.00711261
0.00726331
0.00741569
0.00756975
0.00772545
0.00788279
0.00804173
0.00820227
0.00836437
0.00852803
0.00869324
0.00886
0.00902832
0.00919821
0.00936968
0.00954274
0.00971743
0.00989374
0.0100717
0.0102513
0.0104326
0.0106155
0.0108001
0.0109863
0.0111743
0.0113639
0.0115551
0.0117481
0.0119427
0.012139
0.012337
0.0125366
0.0127379
0.0129409
0.0131456
0.013352
0.01356
0.0137697
0.013981
0.0141941
0.0144088
0.0146252
0.0148433
0.015063
0.0152845
0.0155076
0.0157323
0.0159588
0.0161869
0.0164167
0.0166482
0.0168814
0.0171162
0.0173527
0.0175909
0.0178308
0.0180724
0.0183156
0.0185605
0.0188071
0.0190554
0.0193053
0.019557
0.0198103
0.0200653
0.020322
0.0205803
0.0208404
0.0211021
0.0213655
0.0216306
0.0218974
0.0221659
0.022436
0.0227078
0.0229813
0.0232565
0.0235334
0.023812
0.0240922
0.0243741
0.0246577
0.0249429
0.0252299
0.0255185
0.0258088
0.0261007
0.0263943
0.0266896
0.0269866
0.0272852
0.0275855
0.0278874
0.028191
0.0284962
0.0288031
0.0291116
0.0294218
0.0297336
0.030047
0.0303621
0.0306788
0.0309971
0.0313171
0.0316387
0.031962
0.0322869
0.0326135
0.0329417
0.0332716
0.0336031
0.0339364
0.0342713
0.0346079
0.0349462
0.0352862
0.0356279
0.0359713
0.0363164
