-1092.75
-2003.39
-2773.94
-3434.42
-4006.85
-4507.74
-4949.71
-5342.59
-5694.12
-6010.51
-6296.77
-6557.03
-6794.66
-7012.49
-7212.89
-7397.83
-7568.93
-7727.47
-7874.33
-8009.83
-8133.69
-8245.1
-8343.14
-8426.94
-8495.63
-8548.57
-8585.81
-8607.72
-8614.84
-8608.15
-8588.89
-8557.91
-8515.97
-8464.49
-8405.03
-8338.4
-8264.85
-8185.12
-8100.83
-8013.67
-7924.5
-7833.37
-7740.09
-7644.94
-7548.81
-7452.79
-7357.71
-7263.97
-7171.55
-7080.21
-6989.65
-6899.73
-6810.55
-6722.35
-6635.43
-6550.01
-6466.27
-6384.28
-6304.09
-6225.66
-6148.94
-6073.82
-6000.19
-5927.91
-5856.91
-5787.15
-5718.62
-5651.39
-5585.5
-5520.99
-5457.88
-5396.16
-5335.83
-5276.83
-5219.14
-5162.71
-5107.49
-5053.44
-5000.5
-4948.63
-4897.78
-4847.9
-4798.97
-4750.92
-4703.74
-4657.38
-4611.82
-4567.03
-4522.99
-4479.67
-4437.05
-4395.12
-4353.86
-4313.26
-4273.33
-4234.04
-4195.4
-4157.41
-4120.06
-4083.34
-4047.25
-4011.78
-3976.91
-3942.63
-3908.94
-3875.81
-3843.25
-3811.22
-3779.73
-3748.75
-3718.28
-3688.3
-3658.81
-3629.79
-3601.23
-3573.12
-3545.45
-3518.2
-3491.38
-3464.96
-3438.95
-3413.33
-3388.09
-3363.22
-3338.72
-3314.58
-3290.79
-3267.34
-3244.23
-3221.44
-3198.98
-3176.83
-3154.99
-3133.45
-3112.2
-3091.25
-3070.57
-3050.18
-3030.06
-3010.2
-2990.61
-2971.27
-2952.18
-2933.34
-2914.74
-2896.38
-2878.25
-2860.35
-2842.68
-2825.22
-2807.97
-2790.94
-2774.12
-2757.5
-2741.08
-2724.85
-2708.82
-2692.97
-2677.32
-2661.84
-2646.54
-2631.42
-2616.47
-2601.69
-2587.07
-2572.62
-2558.32
-2544.19
-2530.2
-2516.37
-2502.69
-2489.15
-2475.75
-2462.49
-2449.37
-2436.39
-2423.53
-2410.8
-2398.2
-2385.73
-2373.38
-2361.14
-2349.02
-2337.02
-2325.13
-2313.36
-2301.69
-2290.14
-2278.69
-2267.35
-2256.11
-2244.98
-2233.95
-2223.03
-2212.21
-2201.49
-2190.87
-2180.35
-2169.92
-2159.6
-2149.37
