-1386
-2772
-4158
-5544
-6930
-8316
-9702
-11088
-12474
-13860
-15246
-16632
-18018
-19404
-20790
-22176
-23562
-24948
-26334
-27720
-29106
-30492
-31878
-33264
-34650
-36036
-37422
-38808
-40193.9
-41579.9
-42965.8
-44351.7
-45737.4
-47122.9
-48508.1
-49892.8
-51276.5
-52659
-54039.2
-55416.1
-56787.9
-58151.9
-59504.5
-60840.4
-62152.3
-63430.5
-64662.9
-65834.5
-66928.7
-67929
-68820.9
-69594.6
-70247.3
-70782.9
-71211.9
-71548.2
-71807.4
-72004.7
-72153.5
-72265.1
-72348.5
-72410.8
-72457.3
-72492
-72518
-72537.6
-72552.3
-72563.4
-72571.8
-72578.2
-72583.1
-72586.9
-72589.8
-72592
-72593.7
-72595
-72596.1
-72596.9
-72597.5
-72598
-72598.4
-72598.7
-72599
-72599.2
-72599.3
-72599.5
-72599.6
-72599.6
-72599.7
-72599.8
-72599.8
-72599.8
-72599.9
-72599.9
-72599.9
-72599.9
-72599.9
-72599.9
-72600
-72600
-72600
-72600
-72600
-72600
-72600
-72600
-72600
-72600
-72600
-72600
-72600
-72600
-72600
-72600
-72600
-72600
-72600
-72600
-72600
-72600
-72600
-72600
-72600
-72600
-72600
-72600
-72600
-72600
-72600
-72600
-72600
-72600
-72600
-72600
-72600
-72600
-72600
-72600
-72600
-72600
-72600
-72600
-72600
-72600
-72600
-72600
-72600
-72600
-72600
-72600
-72600
-72600
-72600
-72600
-72600
-72600
-72600
-72600
-72600
-72600
-72600
-72600
-72600
-72600
-72600
-72600
-72600
-72600
-72600
-72600
-72600
-72600
-72600
-72600
-72600
-72600
-72600
-72600
-72600
-72600
-72600
-72600
-72600
-72600
-72600
-72600
-72600
-72600
-72600
-72600
-72600
-72600
-72600
-72600
-72600
-72600
-72600
-72600
-72600
-72600
-72600
