-6856.28
-7873.49
-7425.08
-6976.67
-6528.26
-6079.86
-5631.45
-5183.04
-4799.89
-4717.31
-4634.73
-4552.15
-4469.57
-4386.99
-4304.41
-4221.83
-4139.25
-4056.67
-3974.09
-3891.5
-3808.92
-3726.34
-3643.76
-3561.18
-3478.6
-3396.02
-3313.44
-3230.86
-3148.28
-3065.7
-2983.12
-2900.54
-2817.96
-2735.38
-2652.8
-2570.22
-2487.64
-2405.06
-2322.48
-2239.9
-2157.32
-2074.74
-1992.16
-1909.58
-1827
-1744.42
-1661.84
-1579.25
-1496.67
-1414.09
-1331.51
-1248.93
-1166.35
-1083.77
-1001.19
-918.612
-836.032
-753.451
-670.871
-588.291
-505.71
-423.13
-340.55
-257.969
-175.389
-92.8087
-10.2283
72.352
154.932
237.513
320.093
402.673
485.254
567.834
650.414
732.995
815.575
898.155
980.736
1063.32
1145.9
1228.48
1311.06
1393.64
1476.22
1558.8
1641.38
1723.96
1806.54
1889.12
1971.7
2054.28
2136.86
2219.44
2302.02
2384.6
2467.18
2549.76
2632.34
2714.92
2797.5
2880.08
2962.66
3045.24
3127.82
3210.41
3292.99
3375.57
3458.15
3540.73
3623.31
3705.89
3788.47
3871.05
3953.63
4036.21
4118.79
4201.37
4283.95
4366.53
4449.11
4531.69
4614.27
4696.85
4779.43
4862.01
4944.59
5027.17
5109.75
5192.33
5274.91
5357.49
5440.07
5522.65
5605.24
5687.82
5770.4
5852.98
5935.56
6018.14
6100.72
6183.3
6265.88
6348.46
6431.04
6513.62
6596.2
6678.78
6761.36
6843.94
6926.52
7009.1
7091.68
7174.26
7256.84
7339.42
7422
7504.58
7587.16
7669.74
7752.32
7834.9
7917.49
8000.07
8082.65
8165.23
8247.81
8330.39
8412.97
8495.55
8578.13
8660.71
8743.29
8825.87
8908.45
8991.03
9073.61
9156.19
9238.77
9321.35
9403.93
9486.51
9569.09
9651.67
9734.25
9816.83
9899.41
9981.99
10064.6
10147.2
10229.7
10312.3
10394.9
10477.5
10560.1
10642.6
10725.2
10807.8
10890.4
10973
11055.5
11138.1
11220.7
11303.3
11385.9
11468.4
11551
11633.6
11716.2
11798.8
11881.3
11963.9
12046.5
12129.1
12211.7
12294.2
12376.8
12459.4
12542
12624.6
12707.1
12789.7
12872.3
12954.9
13037.5
13120
13202.6
13285.2
13367.8
13450.4
13532.9
13615.5
13698.1
13780.7
13863.3
13945.9
14028.4
14111
14193.6
14276.2
14358.8
14441.3
14523.9
14606.5
14689.1
14771.7
14854.2
14936.8
15019.4
15102
15184.6
15267.1
15349.7
15432.3
15514.9
15597.5
15680
15762.6
15845.2
15927.8
16010.4
16092.9
16175.5
16258.1
16340.7
16423.3
16505.8
16588.4
16671
16753.6
16836.2
16918.7
17001.3
17083.9
17166.5
17249.1
17331.6
17414.2
17496.8
17579.4
17662
17744.5
17827.1
17909.7
17992.3
18074.9
18157.4
18240
18322.6
18405.2
18487.8
18570.3
18652.9
18735.5
18818.1
18900.7
18983.3
19065.8
19148.4
19231
19313.6
19396.2
19478.7
19561.3
19643.9
19726.5
19809.1
19891.6
19974.2
20056.8
20139.4
20222
20304.5
20387.1
20469.7
20552.3
20634.9
20717.4
20800
20882.6
20965.2
21047.8
21130.3
21212.9
21295.5
21378.1
21460.7
21543.2
21625.8
21708.4
21791
21873.6
21956.1
22038.7
22121.3
22203.9
22286.5
22369
22451.6
22534.2
22616.8
22699.4
22781.9
22864.5
22947.1
23029.7
23112.3
23194.8
23277.4
23360
23442.6
23525.2
23607.8
23690.3
23772.9
23855.5
23938.1
24020.7
24103.2
24185.8
24268.4
24351
24433.6
24516.1
24598.7
24681.3
24763.9
24846.5
24929
25011.6
25094.2
25176.8
25259.4
25341.9
25424.5
25507.1
25589.7
25672.3
25754.8
25837.4
25920
26002.6
26085.2
26167.7
26250.3
26332.9
26415.5
26498.1
26580.6
26663.2
26745.8
26828.4
26911
26993.5
27076.1
27158.7
27241.3
27323.9
27406.4
27489
