11.3087 0.05
22.6167 0.1
33.924 0.15
45.2306 0.2
56.5364 0.25
67.8415 0.3
79.1459 0.35
90.4496 0.4
101.753 0.45
113.055 0.5
124.356 0.55
135.657 0.6
146.957 0.65
158.256 0.7
169.555 0.75
180.853 0.8
192.15 0.85
203.446 0.9
214.742 0.95
226.037 1
237.331 1.05
248.624 1.1
259.917 1.15
271.209 1.2
282.5 1.25
293.79 1.3
305.08 1.35
316.369 1.4
327.657 1.45
338.944 1.5
350.231 1.55
361.517 1.6
372.802 1.65
384.086 1.7
395.37 1.75
406.653 1.8
417.935 1.85
429.216 1.9
440.497 1.95
451.777 2
463.056 2.05
474.334 2.1
485.612 2.15
496.888 2.2
508.164 2.25
519.44 2.3
530.714 2.35
541.988 2.4
553.261 2.45
564.533 2.5
575.804 2.55
587.075 2.6
598.344 2.65
609.613 2.7
620.882 2.75
632.149 2.8
643.416 2.85
654.682 2.9
665.947 2.95
677.211 3
688.474 3.05
699.737 3.1
710.999 3.15
722.26 3.2
733.521 3.25
744.78 3.3
756.039 3.35
767.297 3.4
778.554 3.45
789.81 3.5
801.066 3.55
812.321 3.6
823.574 3.65
834.828 3.7
846.08 3.75
857.331 3.8
868.582 3.85
879.832 3.9
891.081 3.95
902.329 4
913.577 4.05
924.823 4.1
936.069 4.15
947.314 4.2
958.559 4.25
969.802 4.3
981.044 4.35
992.286 4.4
1003.53 4.45
1014.77 4.5
1026.01 4.55
1037.24 4.6
1048.48 4.65
1059.72 4.7
1070.96 4.75
1082.19 4.8
1093.42 4.85
1104.66 4.9
1115.89 4.95
1127.12 5
1138.35 5.05
1149.58 5.1
1160.81 5.15
1172.04 5.2
1183.27 5.25
1194.5 5.3
1205.72 5.35
1216.95 5.4
1228.17 5.45
1239.39 5.5
1250.62 5.55
1261.84 5.6
1273.06 5.65
1284.28 5.7
1295.5 5.75
1306.72 5.8
1317.93 5.85
1329.15 5.9
1340.36 5.95
1351.58 6
1362.79 6.05
1374.01 6.1
1385.22 6.15
1396.43 6.2
1407.64 6.25
1418.85 6.3
1430.06 6.35
1441.27 6.4
1452.47 6.45
1463.68 6.5
1474.88 6.55
1486.09 6.6
1497.29 6.65
1508.49 6.7
1519.7 6.75
1530.9 6.8
1542.1 6.85
1553.3 6.9
1564.49 6.95
1575.69 7
1586.89 7.05
1598.08 7.1
1609.28 7.15
1620.47 7.2
1631.66 7.25
1642.86 7.3
1654.05 7.35
1665.24 7.4
1676.43 7.45
1687.61 7.5
1698.8 7.55
1709.99 7.6
1721.17 7.65
1732.36 7.7
1743.54 7.75
1754.72 7.8
1765.91 7.85
1777.09 7.9
1788.27 7.95
1799.45 8
1810.62 8.05
1821.8 8.1
1832.98 8.15
1844.15 8.2
1855.33 8.25
1866.5 8.3
1877.67 8.35
1888.85 8.4
1900.02 8.45
1911.19 8.5
1922.36 8.55
1933.52 8.6
1944.69 8.65
1955.86 8.7
1967.02 8.75
1978.19 8.8
1989.35 8.85
2000.51 8.9
2011.67 8.95
2022.84 9
2033.99 9.05
2045.15 9.1
2056.31 9.15
2067.47 9.2
2078.62 9.25
2089.78 9.3
2100.93 9.35
2112.09 9.4
2123.24 9.45
2134.39 9.5
2145.54 9.55
2156.69 9.6
2167.84 9.65
2178.98 9.7
2190.13 9.75
2201.28 9.8
2212.42 9.85
2223.56 9.9
2234.71 9.95
2245.85 10
2256.99 10.05
2268.13 10.1
2279.27 10.15
2290.4 10.2
2301.54 10.25
2312.68 10.3
2323.81 10.35
2334.94 10.4
2346.08 10.45
2357.21 10.5
2368.34 10.55
2379.47 10.6
2390.6 10.65
2401.73 10.7
2412.85 10.75
2423.98 10.8
2435.1 10.85
2446.23 10.9
2457.35 10.95
2468.47 11
2479.59 11.05
2490.71 11.1
2501.83 11.15
2512.95 11.2
2524.07 11.25
2535.18 11.3
2546.3 11.35
2557.41 11.4
2568.52 11.45
2579.64 11.5
2590.75 11.55
2601.86 11.6
2612.96 11.65
2624.07 11.7
2635.18 11.75
2646.29 11.8
2657.39 11.85
2668.49 11.9
2679.6 11.95
2690.7 12
2701.8 12.05
2712.9 12.1
2724 12.15
2735.1 12.2
2746.19 12.25
2757.29 12.3
2768.38 12.35
2779.48 12.4
2790.57 12.45
2801.66 12.5
2812.75 12.55
2823.84 12.6
2834.93 12.65
2846.01 12.7
2857.1 12.75
2868.19 12.8
2879.27 12.85
2890.35 12.9
2901.44 12.95
2912.52 13
2923.6 13.05
2934.68 13.1
2945.75 13.15
2956.83 13.2
2967.91 13.25
2978.98 13.3
2990.05 13.35
3001.13 13.4
3012.2 13.45
3023.27 13.5
3034.34 13.55
3045.41 13.6
3056.47 13.65
3067.54 13.7
3078.61 13.75
3089.67 13.8
3100.73 13.85
3111.8 13.9
3122.86 13.95
3133.92 14
3144.98 14.05
3156.03 14.1
3167.09 14.15
3178.15 14.2
3189.2 14.25
3200.25 14.3
3211.31 14.35
3222.36 14.4
3233.41 14.45
3244.46 14.5
3255.5 14.55
3266.55 14.6
3277.6 14.65
3288.64 14.7
3299.69 14.75
3310.73 14.8
3321.77 14.85
3332.81 14.9
3343.85 14.95
3354.89 15
3365.92 15.05
3376.96 15.1
3388 15.15
3399.03 15.2
3410.06 15.25
3421.09 15.3
3432.12 15.35
3443.15 15.4
3454.18 15.45
3465.21 15.5
3476.23 15.55
3487.26 15.6
3498.28 15.65
3509.31 15.7
3520.33 15.75
3531.35 15.8
3542.37 15.85
3553.39 15.9
3564.4 15.95
3575.42 16
3586.43 16.05
3597.45 16.1
3608.46 16.15
3619.47 16.2
3630.48 16.25
3641.49 16.3
3652.5 16.35
3663.51 16.4
3674.51 16.45
3685.52 16.5
3696.52 16.55
3707.52 16.6
3718.52 16.65
3729.52 16.7
3740.52 16.75
3751.52 16.8
3762.52 16.85
3773.51 16.9
3784.51 16.95
3795.5 17
3806.49 17.05
3817.48 17.1
3828.47 17.15
3839.46 17.2
3850.45 17.25
3861.44 17.3
3872.42 17.35
3883.41 17.4
3894.39 17.45
3905.37 17.5
3916.35 17.55
3927.33 17.6
3938.31 17.65
3949.29 17.7
3960.26 17.75
3971.24 17.8
3982.21 17.85
3993.18 17.9
4004.16 17.95
4015.13 18
4026.09 18.05
4037.06 18.1
4048.03 18.15
4058.99 18.2
4069.96 18.25
4080.92 18.3
4091.88 18.35
4102.84 18.4
4113.8 18.45
4124.76 18.5
4135.72 18.55
4146.68 18.6
4157.63 18.65
4168.58 18.7
4179.54 18.75
4190.49 18.8
4201.44 18.85
4212.39 18.9
4223.33 18.95
4234.28 19
4245.23 19.05
4256.17 19.1
4267.11 19.15
4278.05 19.2
4289 19.25
4299.93 19.3
4310.87 19.35
4321.81 19.4
4332.75 19.45
4343.68 19.5
4354.61 19.55
4365.55 19.6
4376.48 19.65
4387.41 19.7
4398.33 19.75
4409.26 19.8
4420.19 19.85
4431.11 19.9
4442.04 19.95
4452.96 20
4463.88 20.05
4474.8 20.1
4485.72 20.15
4496.64 20.2
4507.55 20.25
4518.47 20.3
4529.38 20.35
4540.29 20.4
4551.21 20.45
4562.12 20.5
4573.02 20.55
4583.93 20.6
4594.84 20.65
4605.74 20.7
4616.65 20.75
4627.55 20.8
4638.45 20.85
4649.35 20.9
4660.25 20.95
4671.15 21
4682.05 21.05
4692.94 21.1
4703.84 21.15
4714.73 21.2
4725.62 21.25
4736.51 21.3
4747.4 21.35
4758.29 21.4
4769.18 21.45
4780.06 21.5
4790.94 21.55
4801.83 21.6
4812.71 21.65
4823.59 21.7
4834.47 21.75
4845.35 21.8
4856.22 21.85
4867.1 21.9
4877.97 21.95
4888.85 22
4899.72 22.05
4910.59 22.1
4921.46 22.15
4932.33 22.2
4943.19 22.25
4954.06 22.3
4964.92 22.35
4975.79 22.4
4986.65 22.45
4997.51 22.5
5008.37 22.55
5019.22 22.6
5030.08 22.65
5040.94 22.7
5051.79 22.75
5062.64 22.8
5073.49 22.85
5084.34 22.9
5095.19 22.95
5106.04 23
5116.89 23.05
5127.73 23.1
5138.58 23.15
5149.42 23.2
5160.26 23.25
5171.1 23.3
5181.94 23.35
5192.78 23.4
5203.61 23.45
5214.45 23.5
5225.28 23.55
5236.11 23.6
5246.94 23.65
5257.77 23.7
5268.6 23.75
5279.43 23.8
5290.26 23.85
5301.08 23.9
5311.9 23.95
5322.72 24
5333.55 24.05
5344.36 24.1
5355.18 24.15
5366 24.2
5376.82 24.25
5387.63 24.3
5398.44 24.35
5409.25 24.4
5420.06 24.45
5430.87 24.5
5441.68 24.55
5452.49 24.6
5463.29 24.65
5474.1 24.7
5484.9 24.75
5495.7 24.8
5506.5 24.85
5517.3 24.9
5528.1 24.95
5538.89 25
5549.69 25.05
5560.48 25.1
5571.27 25.15
5582.06 25.2
5592.85 25.25
5603.64 25.3
5614.43 25.35
5625.21 25.4
5636 25.45
5646.78 25.5
5657.56 25.55
5668.34 25.6
5679.12 25.65
5689.9 25.7
5700.67 25.75
5711.45 25.8
5722.22 25.85
5732.99 25.9
5743.77 25.95
5754.54 26
5765.3 26.05
5776.07 26.1
5786.84 26.15
5797.6 26.2
5808.36 26.25
5819.13 26.3
5829.89 26.35
5840.64 26.4
5851.4 26.45
5862.16 26.5
5872.91 26.55
5883.67 26.6
5894.42 26.65
5905.17 26.7
5915.92 26.75
5926.67 26.8
5937.42 26.85
5948.16 26.9
5958.91 26.95
5969.65 27
5980.39 27.05
5991.13 27.1
6001.87 27.15
6012.61 27.2
6023.34 27.25
6034.08 27.3
6044.81 27.35
6055.55 27.4
6066.28 27.45
6077.01 27.5
6087.73 27.55
6098.46 27.6
6109.19 27.65
6119.91 27.7
6130.63 27.75
6141.36 27.8
6152.08 27.85
6162.79 27.9
6173.51 27.95
6184.23 28
6194.94 28.05
6205.66 28.1
6216.37 28.15
6227.08 28.2
6237.79 28.25
6248.5 28.3
6259.2 28.35
6269.91 28.4
6280.61 28.45
6291.32 28.5
6302.02 28.55
6312.72 28.6
6323.42 28.65
6334.11 28.7
6344.81 28.75
6355.5 28.8
6366.2 28.85
6376.89 28.9
6387.58 28.95
6398.27 29
6408.96 29.05
6419.64 29.1
6430.33 29.15
6441.01 29.2
6451.69 29.25
6462.38 29.3
6473.05 29.35
6483.73 29.4
6494.41 29.45
6505.09 29.5
6515.76 29.55
6526.43 29.6
6537.1 29.65
6547.77 29.7
6558.44 29.75
6569.11 29.8
6579.78 29.85
6590.44 29.9
6601.1 29.95
6611.77 30
6622.43 30.05
6633.09 30.1
6643.74 30.15
6654.4 30.2
6665.06 30.25
6675.71 30.3
6686.36 30.35
6697.01 30.4
6707.66 30.45
6718.31 30.5
6728.96 30.55
6739.6 30.6
6750.25 30.65
6760.89 30.7
6771.53 30.75
6782.17 30.8
6792.81 30.85
6803.45 30.9
6814.08 30.95
6824.72 31
6835.35 31.05
6845.98 31.1
6856.61 31.15
6867.24 31.2
6877.87 31.25
6888.5 31.3
6899.12 31.35
6909.74 31.4
6920.37 31.45
6930.99 31.5
6941.61 31.55
6952.23 31.6
6962.84 31.65
6973.46 31.7
6984.07 31.75
6994.68 31.8
7005.3 31.85
7015.9 31.9
7026.51 31.95
7037.12 32
7047.73 32.05
7058.33 32.1
7068.93 32.15
7079.54 32.2
7090.14 32.25
7100.73 32.3
7111.33 32.35
7121.93 32.4
7132.52 32.45
7143.12 32.5
7153.71 32.55
7164.3 32.6
7174.89 32.65
7185.48 32.7
7196.06 32.75
7206.65 32.8
7217.23 32.85
7227.81 32.9
7238.39 32.95
7248.97 33
7259.55 33.05
7270.13 33.1
7280.7 33.15
7291.28 33.2
7301.85 33.25
7312.42 33.3
7322.99 33.35
7333.56 33.4
7344.13 33.45
7354.69 33.5
7365.26 33.55
7375.82 33.6
7386.38 33.65
7396.94 33.7
7407.5 33.75
7418.06 33.8
7428.61 33.85
7439.17 33.9
7449.72 33.95
7460.27 34
7470.82 34.05
7481.37 34.1
7491.92 34.15
7502.47 34.2
7513.01 34.25
7523.56 34.3
7534.1 34.35
7544.64 34.4
7555.18 34.45
7565.72 34.5
7576.25 34.55
7586.79 34.6
7597.32 34.65
7607.86 34.7
7618.39 34.75
7628.92 34.8
7639.45 34.85
7649.97 34.9
7660.5 34.95
7671.02 35
7681.55 35.05
7692.07 35.1
7702.59 35.15
7713.11 35.2
7723.62 35.25
7734.14 35.3
7744.65 35.35
7755.17 35.4
7765.68 35.45
7776.19 35.5
7786.7 35.55
7797.21 35.6
7807.71 35.65
7818.22 35.7
7828.72 35.75
7839.23 35.8
7849.73 35.85
7860.23 35.9
7870.72 35.95
7881.22 36
7891.72 36.05
7902.21 36.1
7912.7 36.15
7923.19 36.2
7933.68 36.25
7944.17 36.3
7954.66 36.35
7965.15 36.4
7975.63 36.45
7986.11 36.5
7996.59 36.55
8007.07 36.6
8017.55 36.65
8028.03 36.7
8038.51 36.75
8048.98 36.8
8059.46 36.85
8069.93 36.9
8080.4 36.95
8090.87 37
8101.34 37.05
8111.8 37.1
8122.27 37.15
8132.73 37.2
8143.19 37.25
8153.65 37.3
8164.11 37.35
8174.57 37.4
8185.03 37.45
8195.48 37.5
8205.94 37.55
8216.39 37.6
8226.84 37.65
8237.29 37.7
8247.74 37.75
8258.19 37.8
8268.64 37.85
8279.08 37.9
8289.52 37.95
8299.96 38
8310.41 38.05
8320.84 38.1
8331.28 38.15
8341.72 38.2
8352.15 38.25
8362.59 38.3
8373.02 38.35
8383.45 38.4
8393.88 38.45
8404.31 38.5
8414.74 38.55
8425.16 38.6
8435.58 38.65
8446.01 38.7
8456.43 38.75
8466.85 38.8
8477.27 38.85
8487.68 38.9
8498.1 38.95
8508.52 39
8518.93 39.05
8529.34 39.1
8539.75 39.15
8550.16 39.2
8560.57 39.25
8570.97 39.3
8581.38 39.35
8591.78 39.4
8602.18 39.45
8612.59 39.5
8622.99 39.55
8633.38 39.6
8643.78 39.65
8654.18 39.7
8664.57 39.75
8674.96 39.8
8685.35 39.85
8695.74 39.9
8706.13 39.95
8716.52 40
8726.91 40.05
8737.29 40.1
8747.67 40.15
8758.06 40.2
8768.44 40.25
8778.82 40.3
8789.19 40.35
8799.57 40.4
8809.95 40.45
8820.32 40.5
8830.69 40.55
8841.06 40.6
8851.43 40.65
8861.8 40.7
8872.17 40.75
8882.54 40.8
8892.9 40.85
8903.26 40.9
8913.62 40.95
8923.98 41
8934.34 41.05
8944.7 41.1
8955.06 41.15
8965.41 41.2
8975.77 41.25
8986.12 41.3
8996.47 41.35
9006.82 41.4
9017.17 41.45
9027.51 41.5
9037.86 41.55
9048.2 41.6
9058.55 41.65
9068.89 41.7
9079.23 41.75
9089.57 41.8
9099.91 41.85
9110.24 41.9
9120.58 41.95
9130.91 42
9141.24 42.05
9151.57 42.1
9161.9 42.15
9172.23 42.2
9182.56 42.25
9192.88 42.3
9203.21 42.35
9213.53 42.4
9223.85 42.45
9234.17 42.5
9244.49 42.55
9254.81 42.6
9265.13 42.65
9275.44 42.7
9285.75 42.75
9296.07 42.8
9306.38 42.85
9316.69 42.9
9327 42.95
9337.3 43
9347.61 43.05
9357.91 43.1
9368.21 43.15
9378.52 43.2
9388.82 43.25
9399.12 43.3
9409.41 43.35
9419.71 43.4
9430 43.45
9440.3 43.5
9450.59 43.55
9460.88 43.6
9471.17 43.65
9481.46 43.7
9491.75 43.75
9502.03 43.8
9512.32 43.85
9522.6 43.9
9532.88 43.95
9543.16 44
9553.44 44.05
9563.72 44.1
9574 44.15
9584.27 44.2
9594.55 44.25
9604.82 44.3
9615.09 44.35
9625.36 44.4
9635.63 44.45
9645.89 44.5
9656.16 44.55
9666.43 44.6
9676.69 44.65
9686.95 44.7
9697.21 44.75
9707.47 44.8
9717.73 44.85
9727.99 44.9
9738.24 44.95
9748.5 45
9758.75 45.05
9769 45.1
9779.25 45.15
9789.5 45.2
9799.75 45.25
9809.99 45.3
9820.24 45.35
9830.48 45.4
9840.72 45.45
9850.97 45.5
9861.21 45.55
9871.44 45.6
9881.68 45.65
9891.92 45.7
9902.15 45.75
9912.38 45.8
9922.62 45.85
9932.85 45.9
9943.08 45.95
9953.31 46
9963.53 46.05
9973.76 46.1
9983.98 46.15
9994.2 46.2
10004.4 46.25
10014.6 46.3
10024.9 46.35
10035.1 46.4
10045.3 46.45
10055.5 46.5
10065.7 46.55
10075.9 46.6
10086.2 46.65
10096.4 46.7
10106.6 46.75
10116.8 46.8
10127 46.85
10137.2 46.9
10147.4 46.95
10157.6 47
10167.8 47.05
10178 47.1
10188.2 47.15
10198.4 47.2
10208.6 47.25
10218.8 47.3
10229 47.35
10239.2 47.4
10249.4 47.45
10259.5 47.5
10269.7 47.55
10279.9 47.6
10290.1 47.65
10300.3 47.7
10310.5 47.75
10320.7 47.8
10330.8 47.85
10341 47.9
10351.2 47.95
10361.4 48
10371.5 48.05
10381.7 48.1
10391.9 48.15
10402.1 48.2
10412.2 48.25
10422.4 48.3
10432.6 48.35
10442.7 48.4
10452.9 48.45
10463.1 48.5
10473.2 48.55
10483.4 48.6
10493.5 48.65
10503.7 48.7
10513.9 48.75
10524 48.8
10534.2 48.85
10544.3 48.9
10554.5 48.95
10564.6 49
10574.8 49.05
10584.9 49.1
10595.1 49.15
10605.2 49.2
10615.3 49.25
10625.5 49.3
10635.6 49.35
10645.8 49.4
10655.9 49.45
10666 49.5
10676.2 49.55
10686.3 49.6
10696.5 49.65
10706.6 49.7
10716.7 49.75
10726.8 49.8
10737 49.85
10747.1 49.9
10757.2 49.95
10767.4 50
10777.5 50.05
10787.6 50.1
10797.7 50.15
10807.8 50.2
10818 50.25
10828.1 50.3
10838.2 50.35
10848.3 50.4
10858.4 50.45
10868.5 50.5
10878.6 50.55
10888.7 50.6
10898.8 50.65
10909 50.7
10919.1 50.75
10929.2 50.8
10939.3 50.85
10949.4 50.9
10959.5 50.95
10969.6 51
10979.7 51.05
10989.8 51.1
10999.8 51.15
11009.9 51.2
11020 51.25
11030.1 51.3
11040.2 51.35
11050.3 51.4
11060.4 51.45
11070.5 51.5
11080.6 51.55
11090.6 51.6
11100.7 51.65
11110.8 51.7
11120.9 51.75
11131 51.8
11141 51.85
11151.1 51.9
11161.2 51.95
11171.2 52
11181.3 52.05
11191.4 52.1
11201.5 52.15
11211.5 52.2
11221.6 52.25
11231.6 52.3
11241.7 52.35
11251.8 52.4
11261.8 52.45
11271.9 52.5
11281.9 52.55
11292 52.6
11302.1 52.65
11312.1 52.7
11322.2 52.75
11332.2 52.8
11342.3 52.85
11352.3 52.9
11362.3 52.95
11372.4 53
11382.4 53.05
11392.5 53.1
11402.5 53.15
11412.6 53.2
11422.6 53.25
11432.6 53.3
11442.7 53.35
11452.7 53.4
11462.7 53.45
11472.8 53.5
11482.8 53.55
11492.8 53.6
11502.8 53.65
11512.9 53.7
11522.9 53.75
11532.9 53.8
11542.9 53.85
11553 53.9
11563 53.95
11573 54
11583 54.05
11593 54.1
11603 54.15
11613 54.2
11623.1 54.25
11633.1 54.3
11643.1 54.35
11653.1 54.4
11663.1 54.45
11673.1 54.5
11683.1 54.55
11693.1 54.6
11703.1 54.65
11713.1 54.7
11723.1 54.75
11733.1 54.8
11743.1 54.85
11753.1 54.9
11763 54.95
11773 55
11783 55.05
11793 55.1
11803 55.15
11813 55.2
11823 55.25
11832.9 55.3
11842.9 55.35
11852.9 55.4
11862.9 55.45
11872.8 55.5
11882.8 55.55
11892.8 55.6
11902.8 55.65
11912.7 55.7
11922.7 55.75
11932.7 55.8
11942.6 55.85
11952.6 55.9
11962.5 55.95
11972.5 56
11982.5 56.05
11992.4 56.1
12002.4 56.15
12012.3 56.2
12022.3 56.25
12032.2 56.3
12042.2 56.35
12052.1 56.4
12062.1 56.45
12072 56.5
12082 56.55
12091.9 56.6
12101.8 56.65
12111.8 56.7
12121.7 56.75
12131.7 56.8
12141.6 56.85
12151.5 56.9
12161.5 56.95
12171.4 57
12181.3 57.05
12191.2 57.1
12201.2 57.15
12211.1 57.2
12221 57.25
12230.9 57.3
12240.8 57.35
12250.8 57.4
12260.7 57.45
12270.6 57.5
12280.5 57.55
12290.4 57.6
12300.3 57.65
12310.2 57.7
12320.1 57.75
12330 57.8
12339.9 57.85
12349.8 57.9
12359.7 57.95
12369.6 58
12379.5 58.05
12389.4 58.1
12399.3 58.15
12409.2 58.2
12419.1 58.25
12429 58.3
12438.9 58.35
12448.7 58.4
12458.6 58.45
12468.5 58.5
12478.4 58.55
12488.2 58.6
12498.1 58.65
12508 58.7
12517.9 58.75
12527.7 58.8
12537.6 58.85
12547.4 58.9
12557.3 58.95
12567.2 59
12577 59.05
12586.9 59.1
12596.7 59.15
12606.6 59.2
12616.4 59.25
12626.2 59.3
12636.1 59.35
12645.9 59.4
12655.8 59.45
12665.6 59.5
12675.4 59.55
12685.2 59.6
12695.1 59.65
12704.9 59.7
12714.7 59.75
12724.5 59.8
12734.3 59.85
12744.1 59.9
12753.9 59.95
12763.7 60
12773.5 60.05
12783.3 60.1
12793 60.15
12802.8 60.2
12812.6 60.25
12822.3 60.3
12832.1 60.35
12841.9 60.4
12851.6 60.45
12861.4 60.5
12871.1 60.55
12880.8 60.6
12890.5 60.65
12900.3 60.7
12910 60.75
12919.7 60.8
12929.4 60.85
12939.1 60.9
12948.8 60.95
12958.4 61
12968.1 61.05
12977.8 61.1
12987.4 61.15
12997.1 61.2
13006.8 61.25
13016.4 61.3
13026 61.35
13035.7 61.4
13045.3 61.45
13054.9 61.5
13064.6 61.55
13074.2 61.6
13083.8 61.65
13093.4 61.7
13103 61.75
13112.6 61.8
13122.2 61.85
13131.8 61.9
13141.4 61.95
13151 62
13160.5 62.05
13170.1 62.1
13179.7 62.15
13189.2 62.2
13198.8 62.25
13208.4 62.3
13217.9 62.35
13227.5 62.4
13237 62.45
13246.6 62.5
13256.1 62.55
13265.7 62.6
13275.2 62.65
13284.7 62.7
13294.3 62.75
13303.8 62.8
13313.3 62.85
13322.8 62.9
13332.3 62.95
13341.9 63
13351.4 63.05
13360.9 63.1
13370.4 63.15
13379.9 63.2
13389.4 63.25
13398.9 63.3
13408.4 63.35
13417.9 63.4
13427.4 63.45
13436.9 63.5
13446.4 63.55
13455.9 63.6
13465.4 63.65
13474.9 63.7
13484.4 63.75
13493.9 63.8
13503.4 63.85
13512.9 63.9
13522.4 63.95
13531.9 64
13541.3 64.05
13550.8 64.1
13560.3 64.15
13569.8 64.2
13579.3 64.25
13588.7 64.3
13598.2 64.35
13607.7 64.4
13617.1 64.45
13626.6 64.5
13636.1 64.55
13645.5 64.6
13655 64.65
13664.4 64.7
13673.9 64.75
13683.3 64.8
13692.8 64.85
13702.2 64.9
13711.7 64.95
13721.1 65
13730.6 65.05
13740 65.1
13749.4 65.15
13758.9 65.2
13768.3 65.25
13777.7 65.3
13787.2 65.35
13796.6 65.4
13806 65.45
13815.4 65.5
13824.9 65.55
13834.3 65.6
13843.7 65.65
13853.1 65.7
13862.6 65.75
13872 65.8
13881.4 65.85
13890.8 65.9
13900.3 65.95
13909.7 66
13919.1 66.05
13928.5 66.1
13937.9 66.15
13947.4 66.2
13956.8 66.25
13966.2 66.3
13975.6 66.35
13985 66.4
13994.4 66.45
14003.9 66.5
14013.3 66.55
14022.7 66.6
14032.1 66.65
14041.5 66.7
14050.9 66.75
14060.4 66.8
14069.8 66.85
14079.2 66.9
14088.6 66.95
14098 67
14107.4 67.05
14116.9 67.1
14126.3 67.15
14135.7 67.2
14145.1 67.25
14154.5 67.3
14163.9 67.35
14173.3 67.4
14182.8 67.45
14192.2 67.5
14201.6 67.55
14211 67.6
14220.4 67.65
14229.8 67.7
14239.2 67.75
14248.6 67.8
14258 67.85
14267.5 67.9
14276.9 67.95
14286.3 68
14295.7 68.05
14305.1 68.1
14314.5 68.15
14323.9 68.2
14333.3 68.25
14342.7 68.3
14352.1 68.35
14361.5 68.4
14370.9 68.45
14380.4 68.5
14389.8 68.55
14399.2 68.6
14408.6 68.65
14418 68.7
14427.4 68.75
14436.8 68.8
14446.2 68.85
14455.6 68.9
14465 68.95
14474.4 69
14483.8 69.05
14493.2 69.1
14502.6 69.15
14512 69.2
14521.4 69.25
14530.8 69.3
14540.2 69.35
14549.6 69.4
14559 69.45
14568.4 69.5
14577.8 69.55
14587.2 69.6
14596.6 69.65
14606 69.7
14615.4 69.75
14624.8 69.8
14634.2 69.85
14643.6 69.9
14653 69.95
14662.4 70
14671.7 70.05
14681.1 70.1
14690.5 70.15
14699.9 70.2
14709.3 70.25
14718.7 70.3
14728.1 70.35
14737.5 70.4
14746.9 70.45
14756.3 70.5
14765.6 70.55
14775 70.6
14784.4 70.65
14793.8 70.7
14803.2 70.75
14812.6 70.8
14822 70.85
14831.3 70.9
14840.7 70.95
14850.1 71
14859.5 71.05
14868.9 71.1
14878.3 71.15
14887.6 71.2
14897 71.25
14906.4 71.3
14915.8 71.35
14925.2 71.4
14934.5 71.45
14943.9 71.5
14953.3 71.55
14962.7 71.6
14972 71.65
14981.4 71.7
14990.8 71.75
15000.2 71.8
15009.5 71.85
15018.9 71.9
15028.3 71.95
15037.6 72
15047 72.05
15056.4 72.1
15065.8 72.15
15075.1 72.2
15084.5 72.25
15093.9 72.3
15103.2 72.35
15112.6 72.4
15121.9 72.45
15131.3 72.5
15140.7 72.55
15150 72.6
15159.4 72.65
15168.8 72.7
15178.1 72.75
15187.5 72.8
15196.8 72.85
15206.2 72.9
15215.6 72.95
15224.9 73
15234.3 73.05
15243.6 73.1
15253 73.15
15262.3 73.2
15271.7 73.25
15281 73.3
15290.4 73.35
15299.7 73.4
15309.1 73.45
15318.4 73.5
15327.8 73.55
15337.1 73.6
15346.5 73.65
15355.8 73.7
15365.2 73.75
15374.5 73.8
15383.9 73.85
15393.2 73.9
15402.5 73.95
15411.9 74
15421.2 74.05
15430.6 74.1
15439.9 74.15
15449.2 74.2
15458.6 74.25
15467.9 74.3
15477.3 74.35
15486.6 74.4
15495.9 74.45
15505.3 74.5
15514.6 74.55
15523.9 74.6
15533.3 74.65
15542.6 74.7
15551.9 74.75
15561.3 74.8
15570.6 74.85
15579.9 74.9
15589.2 74.95
15598.6 75
15607.9 75.05
15617.2 75.1
15626.5 75.15
15635.9 75.2
15645.2 75.25
15654.5 75.3
15663.8 75.35
15673.2 75.4
15682.5 75.45
15691.8 75.5
15701.1 75.55
15710.4 75.6
15719.7 75.65
15729.1 75.7
15738.4 75.75
15747.7 75.8
15757 75.85
15766.3 75.9
15775.6 75.95
15784.9 76
15794.2 76.05
15803.5 76.1
15812.9 76.15
15822.2 76.2
15831.5 76.25
15840.8 76.3
15850.1 76.35
15859.4 76.4
15868.7 76.45
15878 76.5
15887.3 76.55
15896.6 76.6
15905.9 76.65
15915.2 76.7
15924.5 76.75
15933.8 76.8
15943.1 76.85
15952.4 76.9
15961.7 76.95
15971 77
15980.2 77.05
15989.5 77.1
15998.8 77.15
16008.1 77.2
16017.4 77.25
16026.7 77.3
16036 77.35
16045.3 77.4
16054.6 77.45
16063.8 77.5
16073.1 77.55
16082.4 77.6
16091.7 77.65
16101 77.7
16110.2 77.75
16119.5 77.8
16128.8 77.85
16138.1 77.9
16147.3 77.95
16156.6 78
16165.9 78.05
16175.2 78.1
16184.4 78.15
16193.7 78.2
16203 78.25
16212.2 78.3
16221.5 78.35
16230.8 78.4
16240.1 78.45
16249.3 78.5
16258.6 78.55
16267.8 78.6
16277.1 78.65
16286.4 78.7
16295.6 78.75
16304.9 78.8
16314.1 78.85
16323.4 78.9
16332.7 78.95
16341.9 79
16351.2 79.05
16360.4 79.1
16369.7 79.15
16378.9 79.2
16388.2 79.25
16397.4 79.3
16406.7 79.35
16415.9 79.4
16425.2 79.45
16434.4 79.5
16443.7 79.55
16452.9 79.6
16462.2 79.65
16471.4 79.7
16480.7 79.75
16489.9 79.8
16499.1 79.85
16508.4 79.9
16517.6 79.95
16526.9 80
16536.1 80.05
16545.3 80.1
16554.6 80.15
16563.8 80.2
16573 80.25
16582.3 80.3
16591.5 80.35
16600.7 80.4
16610 80.45
16619.2 80.5
16628.4 80.55
16637.7 80.6
16646.9 80.65
16656.1 80.7
16665.4 80.75
16674.6 80.8
16683.8 80.85
16693 80.9
16702.3 80.95
16711.5 81
16720.7 81.05
16729.9 81.1
16739.1 81.15
16748.4 81.2
16757.6 81.25
16766.8 81.3
16776 81.35
16785.2 81.4
16794.5 81.45
16803.7 81.5
16812.9 81.55
16822.1 81.6
16831.3 81.65
16840.5 81.7
16849.8 81.75
16859 81.8
16868.2 81.85
16877.4 81.9
16886.6 81.95
16895.8 82
16905 82.05
16914.2 82.1
16923.4 82.15
16932.6 82.2
16941.8 82.25
16951.1 82.3
16960.3 82.35
16969.5 82.4
16978.7 82.45
16987.9 82.5
16997.1 82.55
17006.3 82.6
17015.5 82.65
17024.7 82.7
17033.9 82.75
17043.1 82.8
17052.3 82.85
17061.5 82.9
17070.7 82.95
17079.8 83
17089 83.05
17098.2 83.1
17107.4 83.15
17116.6 83.2
17125.8 83.25
17135 83.3
17144.2 83.35
17153.4 83.4
17162.6 83.45
17171.8 83.5
17180.9 83.55
17190.1 83.6
17199.3 83.65
17208.5 83.7
17217.7 83.75
17226.9 83.8
17236 83.85
17245.2 83.9
17254.4 83.95
17263.6 84
17272.8 84.05
17281.9 84.1
17291.1 84.15
17300.3 84.2
17309.5 84.25
17318.7 84.3
17327.8 84.35
17337 84.4
17346.2 84.45
17355.3 84.5
17364.5 84.55
17373.7 84.6
17382.9 84.65
17392 84.7
17401.2 84.75
17410.4 84.8
17419.5 84.85
17428.7 84.9
17437.9 84.95
17447 85
17456.2 85.05
17465.4 85.1
17474.5 85.15
17483.7 85.2
17492.8 85.25
17502 85.3
17511.2 85.35
17520.3 85.4
17529.5 85.45
17538.6 85.5
17547.8 85.55
17556.9 85.6
17566.1 85.65
17575.3 85.7
17584.4 85.75
17593.6 85.8
17602.7 85.85
17611.9 85.9
17621 85.95
17630.2 86
17639.3 86.05
17648.5 86.1
17657.6 86.15
17666.8 86.2
17675.9 86.25
17685 86.3
17694.2 86.35
17703.3 86.4
17712.5 86.45
17721.6 86.5
17730.8 86.55
17739.9 86.6
17749 86.65
17758.2 86.7
17767.3 86.75
17776.4 86.8
17785.6 86.85
17794.7 86.9
17803.9 86.95
17813 87
17822.1 87.05
17831.3 87.1
17840.4 87.15
17849.5 87.2
17858.6 87.25
17867.8 87.3
17876.9 87.35
17886 87.4
17895.2 87.45
17904.3 87.5
17913.4 87.55
17922.5 87.6
17931.7 87.65
17940.8 87.7
17949.9 87.75
17959 87.8
17968.1 87.85
17977.3 87.9
17986.4 87.95
17995.5 88
18004.6 88.05
18013.7 88.1
18022.8 88.15
18031.9 88.2
18041.1 88.25
18050.2 88.3
18059.3 88.35
18068.4 88.4
18077.5 88.45
18086.6 88.5
18095.7 88.55
18104.8 88.6
18113.9 88.65
18123 88.7
18132.1 88.75
18141.2 88.8
18150.3 88.85
18159.4 88.9
18168.5 88.95
18177.6 89
18186.7 89.05
18195.8 89.1
18204.9 89.15
18214 89.2
18223.1 89.25
18232.2 89.3
18241.3 89.35
18250.4 89.4
18259.5 89.45
18268.6 89.5
18277.6 89.55
18286.7 89.6
18295.8 89.65
18304.9 89.7
18314 89.75
18323.1 89.8
18332.1 89.85
18341.2 89.9
18350.3 89.95
18359.4 90
18368.5 90.05
18377.5 90.1
18386.6 90.15
18395.7 90.2
18404.7 90.25
18413.8 90.3
18422.9 90.35
18431.9 90.4
18441 90.45
18450.1 90.5
18459.1 90.55
18468.2 90.6
18477.3 90.65
18486.3 90.7
18495.4 90.75
18504.4 90.8
18513.5 90.85
18522.6 90.9
18531.6 90.95
18540.7 91
18549.7 91.05
18558.8 91.1
18567.8 91.15
18576.9 91.2
18585.9 91.25
18594.9 91.3
18604 91.35
18613 91.4
18622.1 91.45
18631.1 91.5
18640.1 91.55
18649.2 91.6
18658.2 91.65
18667.2 91.7
18676.3 91.75
18685.3 91.8
18694.3 91.85
18703.4 91.9
18712.4 91.95
18721.4 92
18730.4 92.05
18739.5 92.1
18748.5 92.15
18757.5 92.2
18766.5 92.25
18775.5 92.3
18784.5 92.35
18793.6 92.4
18802.6 92.45
18811.6 92.5
18820.6 92.55
18829.6 92.6
18838.6 92.65
18847.6 92.7
18856.6 92.75
18865.6 92.8
18874.6 92.85
18883.6 92.9
18892.6 92.95
18901.6 93
18910.6 93.05
18919.5 93.1
18928.5 93.15
18937.5 93.2
18946.5 93.25
18955.5 93.3
18964.5 93.35
18973.4 93.4
18982.4 93.45
18991.4 93.5
19000.4 93.55
19009.3 93.6
19018.3 93.65
19027.3 93.7
19036.2 93.75
19045.2 93.8
19054.2 93.85
19063.1 93.9
19072.1 93.95
19081 94
19090 94.05
19098.9 94.1
19107.9 94.15
19116.8 94.2
19125.8 94.25
19134.7 94.3
19143.6 94.35
19152.6 94.4
19161.5 94.45
19170.4 94.5
19179.4 94.55
19188.3 94.6
19197.2 94.65
19206.2 94.7
19215.1 94.75
19224 94.8
19232.9 94.85
19241.8 94.9
19250.7 94.95
19259.6 95
19268.5 95.05
19277.5 95.1
19286.4 95.15
19295.2 95.2
19304.1 95.25
19313 95.3
19321.9 95.35
19330.8 95.4
19339.7 95.45
19348.6 95.5
19357.5 95.55
19366.3 95.6
19375.2 95.65
19384.1 95.7
19392.9 95.75
19401.8 95.8
19410.7 95.85
19419.5 95.9
19428.4 95.95
19437.2 96
19446.1 96.05
19454.9 96.1
19463.8 96.15
19472.6 96.2
19481.4 96.25
19490.3 96.3
19499.1 96.35
19507.9 96.4
19516.7 96.45
19525.5 96.5
19534.3 96.55
19543.2 96.6
19552 96.65
19560.8 96.7
19569.6 96.75
19578.3 96.8
19587.1 96.85
19595.9 96.9
19604.7 96.95
19613.5 97
19622.2 97.05
19631 97.1
19639.8 97.15
19648.5 97.2
19657.3 97.25
19666 97.3
19674.8 97.35
19683.5 97.4
19692.2 97.45
19701 97.5
19709.7 97.55
19718.4 97.6
19727.1 97.65
19735.8 97.7
19744.5 97.75
19753.2 97.8
19761.9 97.85
19770.6 97.9
19779.3 97.95
19788 98
19796.6 98.05
19805.3 98.1
19814 98.15
19822.6 98.2
19831.3 98.25
19839.9 98.3
19848.5 98.35
19857.1 98.4
19865.8 98.45
19874.4 98.5
19883 98.55
19891.6 98.6
19900.2 98.65
19908.7 98.7
19917.3 98.75
19925.9 98.8
19934.4 98.85
19943 98.9
19951.5 98.95
19960.1 99
19968.6 99.05
19977.1 99.1
19985.6 99.15
19994.1 99.2
20002.6 99.25
20011.1 99.3
20019.5 99.35
20028 99.4
20036.4 99.45
20044.9 99.5
20053.3 99.55
20061.7 99.6
20070.1 99.65
20078.5 99.7
20086.9 99.75
20095.3 99.8
20103.6 99.85
20112 99.9
20120.3 99.95
20128.6 100
20136.9 100.05
20145.2 100.1
20153.5 100.15
20161.8 100.2
20170 100.25
20178.2 100.3
20186.4 100.35
20194.6 100.4
20202.8 100.45
20211 100.5
20219.1 100.55
20227.3 100.6
20235.4 100.65
20243.5 100.7
20251.5 100.75
20259.6 100.8
20267.6 100.85
20275.6 100.9
20283.6 100.95
20291.5 101
20299.5 101.05
20307.4 101.1
20315.3 101.15
20323.1 101.2
20330.9 101.25
20338.7 101.3
20346.5 101.35
20354.2 101.4
20361.9 101.45
20369.6 101.5
20377.2 101.55
20384.8 101.6
20392.4 101.65
20399.9 101.7
20407.4 101.75
20414.8 101.8
20422.2 101.85
20429.5 101.9
20436.8 101.95
20444.1 102
20451.3 102.05
20458.4 102.1
20465.5 102.15
20472.5 102.2
20479.5 102.25
20486.4 102.3
20493.3 102.35
20500 102.4
20506.7 102.45
20513.4 102.5
20519.9 102.55
20526.4 102.6
20532.9 102.65
20539.2 102.7
20545.4 102.75
20551.6 102.8
20557.7 102.85
20563.7 102.9
20569.6 102.95
20575.4 103
20581.2 103.05
20586.8 103.1
20592.4 103.15
20597.8 103.2
20603.2 103.25
20608.5 103.3
20613.7 103.35
20618.8 103.4
20623.8 103.45
20628.7 103.5
20633.5 103.55
20638.2 103.6
20642.9 103.65
20647.4 103.7
20651.9 103.75
20656.3 103.8
20660.5 103.85
20664.7 103.9
20668.8 103.95
20672.9 104
20676.8 104.05
20680.7 104.1
20684.4 104.15
20688.1 104.2
20691.7 104.25
20695.2 104.3
20698.6 104.35
20701.9 104.4
20705.1 104.45
20708.2 104.5
20711.2 104.55
20714.1 104.6
20716.9 104.65
20719.6 104.7
20722.2 104.75
20724.7 104.8
20727.2 104.85
20729.6 104.9
20731.9 104.95
20734.1 105
20736.3 105.05
20738.4 105.1
20740.5 105.15
20742.4 105.2
20744.3 105.25
20746.1 105.3
20747.8 105.35
20749.4 105.4
20750.9 105.45
20752.3 105.5
20753.7 105.55
20754.9 105.6
20756.1 105.65
20757.3 105.7
20758.4 105.75
20759.4 105.8
20760.4 105.85
20761.3 105.9
20762.2 105.95
20763.1 106
20763.9 106.05
20764.6 106.1
20765.4 106.15
20766.1 106.2
20766.7 106.25
20767.4 106.3
20768.1 106.35
20768.7 106.4
20769.4 106.45
20770 106.5
20770.7 106.55
20771.3 106.6
20772 106.65
20772.7 106.7
20773.3 106.75
20774 106.8
20774.6 106.85
20775.3 106.9
20775.9 106.95
20776.6 107
20777.2 107.05
20777.8 107.1
20778.4 107.15
20779 107.2
20779.6 107.25
20780.2 107.3
20780.8 107.35
20781.3 107.4
20781.9 107.45
20782.5 107.5
20783.1 107.55
20783.7 107.6
20784.3 107.65
20784.9 107.7
20785.5 107.75
20786.2 107.8
20786.8 107.85
20787.5 107.9
20788.3 107.95
20789 108
20789.8 108.05
20790.6 108.1
20791.5 108.15
20792.3 108.2
20793.2 108.25
20794.2 108.3
20795.1 108.35
20796.1 108.4
20797.1 108.45
20798.2 108.5
20799.2 108.55
20800.3 108.6
20801.5 108.65
20802.6 108.7
20803.8 108.75
20805 108.8
20806.3 108.85
20807.6 108.9
20808.9 108.95
20810.2 109
20811.6 109.05
20812.9 109.1
20814.4 109.15
20815.8 109.2
20817.2 109.25
20818.7 109.3
20820.2 109.35
20821.7 109.4
20823.2 109.45
20824.8 109.5
20826.3 109.55
20827.9 109.6
20829.5 109.65
20831.1 109.7
20832.7 109.75
20834.3 109.8
20836 109.85
20837.7 109.9
20839.3 109.95
20841.1 110
20842.8 110.05
20844.5 110.1
20846.3 110.15
20848 110.2
20849.8 110.25
20851.6 110.3
20853.4 110.35
20855.3 110.4
20857.1 110.45
20859 110.5
20860.9 110.55
20862.8 110.6
20864.7 110.65
20866.6 110.7
20868.6 110.75
20870.5 110.8
20872.5 110.85
20874.5 110.9
20876.5 110.95
20878.5 111
20880.5 111.05
20882.6 111.1
20884.6 111.15
20886.7 111.2
20888.8 111.25
20890.8 111.3
20892.9 111.35
20895 111.4
20897.1 111.45
20899.3 111.5
20901.4 111.55
20903.5 111.6
20905.7 111.65
20907.8 111.7
20910 111.75
20912.2 111.8
20914.4 111.85
20916.5 111.9
20918.7 111.95
20920.9 112
20923.1 112.05
20925.4 112.1
20927.6 112.15
20929.8 112.2
20932 112.25
20934.3 112.3
20936.5 112.35
20938.8 112.4
20941 112.45
20943.3 112.5
20945.5 112.55
20947.8 112.6
20950.1 112.65
20952.3 112.7
20954.6 112.75
20956.9 112.8
20959.2 112.85
20961.5 112.9
20963.8 112.95
20966 113
20968.3 113.05
20970.6 113.1
20973 113.15
20975.3 113.2
20977.6 113.25
20979.9 113.3
20982.2 113.35
20984.5 113.4
20986.8 113.45
20989.2 113.5
20991.5 113.55
20993.8 113.6
20996.1 113.65
20998.5 113.7
21000.8 113.75
21003.1 113.8
21005.5 113.85
21007.8 113.9
21010.2 113.95
21012.5 114
21014.8 114.05
21017.2 114.1
21019.5 114.15
21021.9 114.2
21024.2 114.25
21026.6 114.3
21029 114.35
21031.3 114.4
21033.7 114.45
21036 114.5
21038.4 114.55
21040.8 114.6
21043.1 114.65
21045.5 114.7
21047.9 114.75
21050.2 114.8
21052.6 114.85
21055 114.9
21057.4 114.95
21059.8 115
21062.1 115.05
21064.5 115.1
21066.9 115.15
21069.3 115.2
21071.7 115.25
21074.1 115.3
21076.5 115.35
21078.8 115.4
21081.2 115.45
21083.6 115.5
21086 115.55
21088.4 115.6
21090.8 115.65
21093.2 115.7
21095.6 115.75
21098 115.8
21100.4 115.85
21102.8 115.9
21105.2 115.95
21107.6 116
21110 116.05
21112.4 116.1
21114.8 116.15
21117.2 116.2
21119.6 116.25
21122 116.3
21124.4 116.35
21126.8 116.4
21129.2 116.45
21131.6 116.5
21134 116.55
21136.4 116.6
21138.8 116.65
21141.2 116.7
21143.6 116.75
21146 116.8
21148.4 116.85
21150.8 116.9
21153.2 116.95
21155.6 117
21158 117.05
21160.4 117.1
21162.8 117.15
21165.2 117.2
21167.6 117.25
21170 117.3
21172.4 117.35
21174.8 117.4
21177.2 117.45
21179.5 117.5
21181.9 117.55
21184.3 117.6
21186.7 117.65
21189.1 117.7
21191.4 117.75
21193.8 117.8
21196.2 117.85
21198.5 117.9
21200.9 117.95
21203.3 118
21205.6 118.05
21208 118.1
21210.3 118.15
21212.7 118.2
21215 118.25
21217.3 118.3
21219.7 118.35
21222 118.4
21224.3 118.45
21226.6 118.5
21229 118.55
21231.3 118.6
21233.6 118.65
21235.9 118.7
21238.2 118.75
21240.5 118.8
21242.7 118.85
21245 118.9
21247.3 118.95
21249.5 119
21251.8 119.05
21254 119.1
21256.3 119.15
21258.5 119.2
21260.7 119.25
21262.9 119.3
21265.1 119.35
21267.3 119.4
21269.5 119.45
21271.7 119.5
21273.9 119.55
21276.1 119.6
21278.2 119.65
21280.3 119.7
21282.5 119.75
21284.6 119.8
21286.7 119.85
21288.8 119.9
21290.9 119.95
21293 120
21295.1 120.05
21297.1 120.1
21299.2 120.15
21301.2 120.2
21303.2 120.25
21305.2 120.3
21307.2 120.35
21309.2 120.4
21311.2 120.45
21313.1 120.5
21315.1 120.55
21317 120.6
21318.9 120.65
21320.8 120.7
21322.7 120.75
21324.6 120.8
21326.5 120.85
21328.3 120.9
21330.2 120.95
21332 121
21333.8 121.05
21335.6 121.1
21337.4 121.15
21339.1 121.2
21340.9 121.25
21342.6 121.3
21344.3 121.35
21346 121.4
21347.7 121.45
21349.3 121.5
21351 121.55
21352.6 121.6
21354.2 121.65
21355.8 121.7
21357.3 121.75
21358.8 121.8
21360.4 121.85
21361.9 121.9
21363.3 121.95
21364.8 122
21366.2 122.05
21367.6 122.1
21369 122.15
21370.4 122.2
21371.8 122.25
21373.1 122.3
21374.4 122.35
21375.7 122.4
21377 122.45
21378.3 122.5
21379.5 122.55
21380.7 122.6
21381.9 122.65
21383.1 122.7
21384.3 122.75
21385.5 122.8
21386.6 122.85
21387.8 122.9
21388.9 122.95
21390 123
21391.1 123.05
21392.2 123.1
21393.2 123.15
21394.2 123.2
21395.2 123.25
21396.2 123.3
21397.2 123.35
21398.2 123.4
21399.1 123.45
21400 123.5
21400.9 123.55
21401.8 123.6
21402.6 123.65
21403.4 123.7
21404.2 123.75
21405 123.8
21405.8 123.85
21406.5 123.9
21407.2 123.95
21407.8 124
21408.5 124.05
21409.1 124.1
21409.6 124.15
21410.1 124.2
21410.6 124.25
21411 124.3
21411.4 124.35
21411.7 124.4
21411.9 124.45
21412.2 124.5
21412.3 124.55
21412.4 124.6
21412.5 124.65
21412.6 124.7
21412.6 124.75
21412.7 124.8
21412.7 124.85
21412.6 124.9
21412.6 124.95
21412.5 125
21412.5 125.05
21412.4 125.1
21412.3 125.15
21412.2 125.2
21412.1 125.25
21412 125.3
21411.9 125.35
21411.9 125.4
21411.8 125.45
21411.7 125.5
21411.6 125.55
21411.5 125.6
21411.5 125.65
21411.4 125.7
21411.3 125.75
21411.2 125.8
21411.1 125.85
21411 125.9
21410.9 125.95
21410.8 126
21410.6 126.05
21410.5 126.1
21410.3 126.15
21410.2 126.2
21410 126.25
21409.9 126.3
21409.7 126.35
21409.5 126.4
21409.4 126.45
21409.3 126.5
21409.1 126.55
21409 126.6
21408.9 126.65
21408.8 126.7
21408.7 126.75
21408.7 126.8
21408.6 126.85
21408.6 126.9
21408.6 126.95
21408.6 127
21408.6 127.05
21408.7 127.1
21408.7 127.15
21408.8 127.2
21408.9 127.25
21409 127.3
21409.1 127.35
21409.3 127.4
21409.4 127.45
21409.6 127.5
21409.8 127.55
21410 127.6
21410.2 127.65
21410.5 127.7
21410.7 127.75
21411 127.8
21411.2 127.85
21411.5 127.9
21411.8 127.95
21412.1 128
21412.5 128.05
21412.8 128.1
21413.1 128.15
21413.5 128.2
21413.9 128.25
21414.2 128.3
21414.6 128.35
21415 128.4
21415.4 128.45
21415.8 128.5
21416.2 128.55
21416.6 128.6
21417.1 128.65
21417.5 128.7
21418 128.75
21418.4 128.8
21418.9 128.85
21419.4 128.9
21419.9 128.95
21420.4 129
21420.9 129.05
21421.4 129.1
21422 129.15
21422.5 129.2
21423.1 129.25
21423.6 129.3
21424.2 129.35
21424.8 129.4
21425.4 129.45
21425.9 129.5
21426.6 129.55
21427.2 129.6
21427.8 129.65
21428.4 129.7
21429 129.75
21429.7 129.8
21430.3 129.85
21431 129.9
21431.6 129.95
21432.3 130
21433 130.05
