0.00218596 -5.91748e-012 0.00316456 8.19893e-005 -0.00277998 0.00301509 -0.000148292 -0.00294361 0.00300109 -0.000166716 -0.00295411 0.00293875 -0.00023208 -0.00298123 0.00186403 -0.00191723
0.00437027 -1.27554e-011 0.00632627 0.000163745 -0.00555727 0.00602741 -0.000296646 -0.00588435 0.00599941 -0.000333479 -0.00590532 0.00587478 -0.000464155 -0.00595954 0.00372648 -0.00383278
0.00655294 -2.12142e-011 0.00948512 0.000245267 -0.00833185 0.00903695 -0.000445062 -0.00882221 0.00899496 -0.000500291 -0.00885365 0.00880809 -0.000696223 -0.00893494 0.00558736 -0.00574665
0.00873397 -2.9087e-011 0.0126411 0.000326555 -0.0111037 0.0120437 -0.00059354 -0.0117572 0.0119877 -0.00066715 -0.0117991 0.0117387 -0.000928286 -0.0119074 0.00744667 -0.00765885
0.0109134 -3.86953e-011 0.0157943 0.000407611 -0.0138729 0.0150477 -0.000742079 -0.0146893 0.0149778 -0.000834057 -0.0147417 0.0146666 -0.00116034 -0.014877 0.00930441 -0.00956937
0.0130911 -4.83985e-011 0.0189446 0.000488434 -0.0166395 0.0180489 -0.00089068 -0.0176186 0.017965 -0.00100101 -0.0176814 0.0175917 -0.00139239 -0.0178437 0.0111606 -0.0114782
0.0152673 -5.99625e-011 0.022092 0.000569025 -0.0194033 0.0210474 -0.00103934 -0.020545 0.0209496 -0.00116801 -0.0206182 0.0205142 -0.00162444 -0.0208075 0.0130152 -0.0133854
0.0174417 -7.03946e-011 0.0252367 0.000649384 -0.0221644 0.0240431 -0.00118807 -0.0234685 0.0239313 -0.00133506 -0.0235522 0.023434 -0.00185647 -0.0237684 0.0148682 -0.0152909
0.0196146 -8.44297e-011 0.0283784 0.000729511 -0.0249229 0.0270361 -0.00133685 -0.0263892 0.0269103 -0.00150216 -0.0264832 0.026351 -0.0020885 -0.0267264 0.0167197 -0.0171948
0.0217858 -9.80487e-011 0.0315174 0.000809407 -0.0276787 0.0300263 -0.0014857 -0.0293071 0.0298866 -0.0016693 -0.0294115 0.0292654 -0.00232053 -0.0296815 0.0185696 -0.019097
0.0239555 -1.13598e-010 0.0346535 0.000889071 -0.0304318 0.0330137 -0.0016346 -0.0322221 0.0328601 -0.00183649 -0.0323368 0.0321771 -0.00255255 -0.0326337 0.0204179 -0.0209975
0.0261234 -1.28687e-010 0.0377868 0.000968505 -0.0331823 0.0359984 -0.00178357 -0.0351342 0.0358309 -0.00200373 -0.0352594 0.0350861 -0.00278456 -0.035583 0.0222647 -0.0228964
0.0282898 -1.44163e-010 0.0409173 0.00104771 -0.0359301 0.0389804 -0.0019326 -0.0380435 0.038799 -0.00217102 -0.038179 0.0379923 -0.00301656 -0.0385295 0.0241099 -0.0247936
0.0304545 -1.53873e-010 0.044045 0.00112668 -0.0386752 0.0419596 -0.00208169 -0.04095 0.0417643 -0.00233835 -0.0410959 0.040896 -0.00324856 -0.0414731 0.0259536 -0.0266892
0.0326177 -1.70583e-010 0.0471698 0.00120543 -0.0414177 0.0449361 -0.00223084 -0.0438536 0.0447269 -0.00250572 -0.0440098 0.0437969 -0.00348056 -0.0444138 0.0277957 -0.0285831
0.0347792 -1.90033e-010 0.0502918 0.00128394 -0.0441575 0.0479098 -0.00238005 -0.0467544 0.0476868 -0.00267315 -0.046921 0.0466951 -0.00371254 -0.0473516 0.0296363 -0.0304753
0.0369391 -2.13069e-010 0.0534111 0.00136222 -0.0468947 0.0508808 -0.00252931 -0.0496524 0.0506439 -0.00284062 -0.0498293 0.0495907 -0.00394452 -0.0502866 0.0314753 -0.0323659
0.0390973 -2.28604e-010 0.0565275 0.00144028 -0.0496292 0.0538491 -0.00267864 -0.0525476 0.0535983 -0.00300814 -0.0527347 0.0524836 -0.00417649 -0.0532187 0.0333128 -0.0342549
0.041254 -2.4835e-010 0.0596411 0.00151811 -0.0523611 0.0568147 -0.00282803 -0.0554399 0.05655 -0.0031757 -0.0556373 0.0553739 -0.00440846 -0.056148 0.0351487 -0.0361422
0.043409 -2.74053e-010 0.0627519 0.00159571 -0.0550903 0.0597775 -0.00297748 -0.0583294 0.059499 -0.00334331 -0.0585371 0.0582614 -0.00464041 -0.0590744 0.0369831 -0.0380279
0.0455625 -2.92454e-010 0.0658599 0.00167308 -0.0578169 0.0627376 -0.00312699 -0.0612161 0.0624453 -0.00351096 -0.0614341 0.0611464 -0.00487237 -0.0619979 0.0388159 -0.0399119
0.0477143 -3.19629e-010 0.0689652 0.00175022 -0.0605408 0.065695 -0.00327656 -0.0641 0.0653889 -0.00367866 -0.0643283 0.0640286 -0.00510431 -0.0649186 0.0406472 -0.0417943
0.0498645 -3.34743e-010 0.0720676 0.00182714 -0.0632622 0.0686497 -0.00342618 -0.0669811 0.0683298 -0.00384641 -0.0672196 0.0669082 -0.00533625 -0.0678365 0.042477 -0.0436751
0.0520132 -3.55764e-010 0.0751672 0.00190382 -0.0659808 0.0716017 -0.00357587 -0.0698594 0.071268 -0.0040142 -0.0701081 0.0697851 -0.00556818 -0.0707515 0.0443052 -0.0455542
0.0541602 -3.82337e-010 0.0782641 0.00198029 -0.0686969 0.074551 -0.00372562 -0.0727348 0.0742035 -0.00418203 -0.0729938 0.0726594 -0.0058001 -0.0736637 0.0461319 -0.0474317
0.0563056 -4.0451e-010 0.0813582 0.00205652 -0.0714103 0.0774976 -0.00387542 -0.0756075 0.0771362 -0.00434992 -0.0758768 0.0755311 -0.00603202 -0.076573 0.0479571 -0.0493075
0.0584495 -4.38496e-010 0.0844495 0.00213253 -0.0741212 0.0804414 -0.00402528 -0.0784774 0.0800663 -0.00451784 -0.0787569 0.0784001 -0.00626392 -0.0794796 0.0497807 -0.0511818
0.0605917 -4.68359e-010 0.087538 0.00220831 -0.0768294 0.0833826 -0.00417521 -0.0813445 0.0829938 -0.00468582 -0.0816341 0.0812665 -0.00649583 -0.0823832 0.0516028 -0.0530544
0.0627323 -4.84261e-010 0.0906238 0.00228387 -0.0795349 0.0863211 -0.00432519 -0.0842088 0.0859185 -0.00485383 -0.0845086 0.0841302 -0.00672772 -0.0852841 0.0534233 -0.0549253
0.0648714 -5.1308e-010 0.0937068 0.00235921 -0.0822379 0.0892569 -0.00447522 -0.0870704 0.0888405 -0.00502189 -0.0873804 0.0869913 -0.00695961 -0.0881821 0.0552424 -0.0567947
0.0670088 -5.50465e-010 0.0967871 0.00243431 -0.0849383 0.09219 -0.00462532 -0.0899291 0.0917599 -0.00519 -0.0902493 0.0898497 -0.00719148 -0.0910774 0.0570599 -0.0586624
0.0691447 -5.703e-010 0.0998645 0.0025092 -0.087636 0.0951204 -0.00477548 -0.0927851 0.0946766 -0.00535815 -0.0931154 0.0927056 -0.00742336 -0.0939698 0.0588759 -0.0605285
0.071279 -6.08584e-010 0.102939 0.00258386 -0.0903312 0.0980482 -0.00492569 -0.0956383 0.0975906 -0.00552635 -0.0959787 0.0955588 -0.00765522 -0.0968594 0.0606903 -0.062393
0.0734116 -6.39823e-010 0.106011 0.00265829 -0.0930237 0.100973 -0.00507596 -0.0984887 0.100502 -0.00569459 -0.0988393 0.0984094 -0.00788708 -0.0997462 0.0625033 -0.0642559
0.0755428 -6.60992e-010 0.10908 0.0027325 -0.0957137 0.103896 -0.00522629 -0.101336 0.103411 -0.00586287 -0.101697 0.101257 -0.00811893 -0.10263 0.0643147 -0.0661171
0.0776723 -6.93128e-010 0.112147 0.00280649 -0.098401 0.106815 -0.00537668 -0.104181 0.106317 -0.0060312 -0.104552 0.104103 -0.00835077 -0.105511 0.0661246 -0.0679768
0.0798002 -7.2704e-010 0.115211 0.00288025 -0.101086 0.109732 -0.00552712 -0.107023 0.10922 -0.00619957 -0.107404 0.106945 -0.0085826 -0.10839 0.067933 -0.0698348
0.0819266 -7.65587e-010 0.118272 0.0029538 -0.103768 0.112647 -0.00567763 -0.109863 0.112121 -0.00636799 -0.110254 0.109786 -0.00881443 -0.111265 0.0697399 -0.0716913
0.0840514 -8.01533e-010 0.12133 0.00302711 -0.106448 0.115559 -0.00582818 -0.112699 0.115019 -0.00653645 -0.1131 0.112623 -0.00904624 -0.114138 0.0715453 -0.0735461
0.0861746 -8.26807e-010 0.124385 0.00310021 -0.109125 0.118468 -0.0059788 -0.115533 0.117914 -0.00670496 -0.115944 0.115458 -0.00927805 -0.117008 0.0733491 -0.0753993
0.0882962 -8.78415e-010 0.127438 0.00317309 -0.111799 0.121374 -0.00612947 -0.118364 0.120807 -0.0068735 -0.118786 0.11829 -0.00950985 -0.119875 0.0751515 -0.0772509
0.0904163 -9.07346e-010 0.130488 0.00324574 -0.114471 0.124278 -0.0062802 -0.121193 0.123697 -0.0070421 -0.121624 0.12112 -0.00974165 -0.12274 0.0769524 -0.0791009
0.0925348 -9.40248e-010 0.133536 0.00331817 -0.11714 0.127179 -0.00643099 -0.124018 0.126585 -0.00721073 -0.12446 0.123947 -0.00997343 -0.125601 0.0787517 -0.0809493
0.0946517 -9.75719e-010 0.13658 0.00339038 -0.119807 0.130077 -0.00658184 -0.126841 0.129469 -0.00737941 -0.127293 0.126772 -0.0102052 -0.12846 0.0805496 -0.0827962
0.0967671 -1.02508e-009 0.139622 0.00346237 -0.122471 0.132973 -0.00673274 -0.129661 0.132352 -0.00754813 -0.130123 0.129594 -0.010437 -0.131316 0.0823459 -0.0846414
0.0988809 -1.04404e-009 0.142661 0.00353414 -0.125133 0.135866 -0.00688369 -0.132479 0.135231 -0.00771689 -0.13295 0.132413 -0.0106687 -0.13417 0.0841407 -0.086485
0.100993 -1.09876e-009 0.145698 0.00360569 -0.127792 0.138757 -0.00703471 -0.135294 0.138108 -0.0078857 -0.135775 0.13523 -0.0109005 -0.13702 0.0859341 -0.088327
0.103104 -1.12492e-009 0.148731 0.00367702 -0.130448 0.141645 -0.00718578 -0.138106 0.140982 -0.00805455 -0.138597 0.138044 -0.0111322 -0.139868 0.0877259 -0.0901675
0.105213 -1.1815e-009 0.151762 0.00374814 -0.133102 0.14453 -0.0073369 -0.140915 0.143854 -0.00822344 -0.141416 0.140856 -0.011364 -0.142713 0.0895163 -0.0920063
0.10732 -1.21302e-009 0.154791 0.00381903 -0.135754 0.147413 -0.00748808 -0.143721 0.146723 -0.00839238 -0.144233 0.143665 -0.0115957 -0.145556 0.0913052 -0.0938436
