-1968.75
-3937.5
-5906.25
-7875
-9843.75
-11812.5
-13781.2
-15750
-17718.7
-19687.5
-21656.2
-23625
-25593.7
-27562.5
-29531.2
-31500
-33468.7
-35437.5
-37406.2
-39375
-41343.7
-43312.5
-45281.2
-47250
-49218.7
-51187.5
-53156.2
-55125
-57093.7
-59062.4
-61031
-62999.5
-64967.9
-66935.9
-68903.6
-70870.4
-72836
-74799.6
-76760.2
-78716
-80664.6
-82602.1
-84523.4
-86421
-88284.5
-90100.2
-91850.7
-93514.9
-95069.2
-96490.1
-97756.9
-98856
-99783
-100544
-101153
-101631
-101999
-102279
-102491
-102649
-102768
-102856
-102922
-102972
-103009
-103036
-103057
-103073
-103085
-103094
-103101
-103106
-103110
-103114
-103116
-103118
-103119
-103121
-103121
-103122
-103123
-103123
-103124
-103124
-103124
-103124
-103124
-103124
-103125
-103125
-103125
-103125
-103125
-103125
-103125
-103125
-103125
-103125
-103125
-103125
-103125
-103125
-103125
-103125
-103125
-103125
-103125
-103125
-103125
-103125
-103125
-103125
-103125
-103125
-103125
-103125
-103125
-103125
-103125
-103125
-103125
-103125
-103125
-103125
-103125
-103125
-103125
-103125
-103125
-103125
-103125
-103125
-103125
-103125
-103125
-103125
-103125
-103125
-103125
-103125
-103125
-103125
-103125
-103125
-103125
-103125
-103125
-103125
-103125
-103125
-103125
-103125
-103125
-103125
-103125
-103125
-103125
-103125
-103125
-103125
-103125
-103125
-103125
-103125
-103125
-103125
-103125
-103125
-103125
-103125
-103125
-103125
-103125
-103125
-103125
-103125
-103125
-103125
-103125
-103125
-103125
-103125
-103125
-103125
-103125
-103125
-103125
-103125
-103125
-103125
-103125
-103125
-103125
-103125
-103125
-103125
-103125
-103125
-103125
-103125
-103125
