9.79799e-005
0.000184396
0.000262317
0.000333935
0.000400856
0.000464288
0.000525151
0.000584162
0.000641889
0.000698782
0.000755204
0.000811446
0.000867726
0.000924178
0.000980813
0.00103747
0.00109384
0.00114991
0.00120631
0.00126381
0.00132287
0.0013837
0.00144644
0.00151118
0.00157798
0.00164686
0.00171783
0.00179091
0.00186602
0.00194308
0.00202196
0.00210245
0.00218417
0.00226661
0.00234922
0.00243182
0.00251476
0.00259863
0.00268369
0.00277002
0.00285774
0.00294711
0.00303837
0.00313159
0.00322672
0.00332361
0.00342206
0.0035219
0.00362314
0.00372596
0.00383057
0.00393709
0.00404557
0.00415602
0.00426843
0.00438273
0.00449883
0.0046166
0.00473588
0.00485655
0.00497858
0.00510207
0.00522718
0.00535406
0.00548279
0.00561343
0.005746
0.0058805
0.00601693
0.0061553
0.00629559
0.00643779
0.00658188
0.00672785
0.00687565
0.00702525
0.00717659
0.00732957
0.0074841
0.00764009
0.00779746
0.0079562
0.00811637
0.00827807
0.00844142
0.0086065
0.00877338
0.0089421
0.00911268
0.00928514
0.00945947
0.00963568
0.00981378
0.00999376
0.0101756
0.0103593
0.0105449
0.0107324
0.0109218
0.011113
0.0113061
0.011501
0.0116978
0.0118965
0.012097
0.0122994
0.0125036
0.0127096
0.0129175
0.0131272
0.0133388
0.0135522
0.0137673
0.0139843
0.0142031
0.0144236
0.0146458
0.0148698
0.0150955
0.0153229
0.0155519
0.0157825
0.0160147
0.0162484
0.0164836
0.0167203
0.0169585
0.0171982
0.0174396
0.0176826
0.0179273
0.0181738
0.0184221
0.0186721
0.018924
0.0191776
0.0194331
0.0196903
0.0199494
0.0202104
0.0204731
0.0207377
0.0210041
0.0212724
0.0215425
0.0218144
0.0220881
0.0223637
0.0226412
0.0229204
0.0232015
0.0234844
0.0237692
0.0240558
0.0243443
0.0246346
0.0249267
0.0252206
0.0255165
0.0258141
0.0261136
0.0264149
0.0267181
0.0270231
0.0273299
0.0276386
0.0279492
0.0282615
0.0285758
0.0288918
0.0292098
0.0295296
0.0298514
0.0301752
0.030501
0.0308287
0.0311582
0.0314896
0.0318228
0.032158
0.032495
0.0328338
0.0331746
0.0335172
0.0338617
0.034208
0.0345562
0.0349063
0.0352583
0.0356121
0.0359679
0.0363255
0.0366849
0.0370463
0.0374095
0.0377746
0.0381416
0.0385105
0.0388812
0.0392538
