-2658.97
-4874.81
-6749.78
-8356.92
-9749.8
-10968.6
-12044
-13000
-13855.4
-14625.1
-15321.3
-15953.2
-16527.1
-17044.6
-17499
-17869.2
-18119.6
-18228.2
-18223.1
-18150.3
-18037.8
-17898.9
-17740.8
-17568.9
-17385.8
-17195.3
-16999.5
-16798.7
-16595.1
-16390.1
-16182.5
-15970.9
-15755.2
-15534.6
-15307.2
-15072.8
-14834.7
-14597
-14361.9
-14130.2
-13902.7
-13680.6
-13464.6
-13254.9
-13051.3
-12853.2
-12659.8
-12470.8
-12286
-12105.6
-11929.9
-11759.1
-11593.1
-11431.7
-11274.8
-11122.1
-10973.3
-10828.2
-10686.3
-10547.4
-10411.4
-10278.4
-10148.2
-10021.2
-9897.18
-9776.18
-9658.1
-9542.86
-9430.36
-9320.51
-9213.22
-9108.4
-9005.96
-8905.8
-8807.84
-8711.98
-8618.12
-8526.15
-8435.98
-8347.48
-8260.58
-8175.21
-8091.38
-8009.07
-7928.3
-7849.07
-7771.36
-7695.16
-7620.43
-7547.13
-7475.23
-7404.69
-7335.47
-7267.54
-7200.86
-7135.39
-7071.12
-7007.99
-6945.99
-6885.08
-6825.23
-6766.42
-6708.62
-6651.81
-6595.95
-6541.02
-6487.01
-6433.89
-6381.63
-6330.21
-6279.62
-6229.83
-6180.82
-6132.58
-6085.07
-6038.3
-5992.22
-5946.84
-5902.12
-5858.04
-5814.6
-5771.78
-5729.54
-5687.89
-5646.79
-5606.25
-5566.23
-5526.63
-5487.79
-5449.32
-5411.35
-5373.89
-5336.91
-5300.44
-5264.44
-5228.93
-5193.89
-5159.31
-5125.19
-5091.52
-5058.29
-5025.49
-4993.12
-4961.16
-4929.61
-4898.47
-4867.71
-4837.35
-4807.36
-4777.74
-4748.49
-4719.6
-4691.06
-4662.86
-4635
-4607.48
-4580.29
-4553.41
-4526.86
-4500.61
-4474.67
-4449.02
-4423.67
-4398.62
-4373.84
-4349.35
-4325.13
-4301.18
-4277.49
-4254.06
-4230.91
-4207.95
-4185.3
-4162.78
-4140.64
-4118.66
-4096.91
-4075.38
-4054.09
-4033.01
-4012.15
-3991.51
-3971.08
-3950.85
-3930.83
-3911.01
-3891.4
-3871.97
-3852.74
-3833.71
-3814.85
-3796.19
-3777.7
-3759.39
-3741.26
-3723.31
-3705.52
-3687.91
-3670.46
-3653.18
